***STARTING GEOMETRY:***
xShift: 6.43411
crossingAngle: -43.4417
axialRotation: 6.15087
zShift: 3.67608

Number of MCCycles: 100
PrevSequence	CurrSequence	PrevEnergy	CurrEnergy	PrevEntropy	CurrEntropy	CurrentTemp
LLLLLLGTLLGTLLTTLLILI	LLLLLLGTLLGFLLTTLLILI	-16.4543	-16.81	1.14683	0.0921195	999.684
LLLLLLGTLLGFLLTTLLILI	LLLLLLGTLLGTLLTTLLILI	-16.81	-19.3027	0.0921195	1.14683	999.328
LLLLLLGTLLGTLLTTLLILI	LLLLLLGVLLGTLLTTLLILI	-19.1732	-18.2509	1.27634	0.0728516	998.928
LLLLLLGVLLGTLLTTLLILI	LLLLLLGTLLGTLLTTLLILI	-18.2509	-19.1732	0.0728516	1.27634	998.476
LLLLLLGTLLGTLLTTLLILI	LLLLLLGVLLGTLLTTLLILI	-19.1732	-18.2509	1.27634	0.0728516	997.967
LLLLLLGVLLGTLLTTLLILI	LLLLLLGVLLGWLLTTLLILI	-17.8377	-15.1217	0.48602	0.343253	997.394
LLLLLLGVLLGWLLTTLLILI	LLLYLLGVLLGWLLTTLLILI	-15.152	-18.2001	0.312976	0.526939	996.749
LLLYLLGVLLGWLLTTLLILI	LLLYLLGVLLGWLLTYLLILI	-18.3983	-16.9585	0.328724	0.505042	996.023
LLLYLLGVLLGWLLTYLLILI	LLLYLLGVLLGWLLTTLLILI	-16.9585	-19.711	0.505042	0.328724	995.205
LLLYLLGVLLGWLLTTLLILI	LLLYLLGVLLGWLLGTLLILI	-19.6728	-13.3014	0.366931	0.457192	994.285
LLLYLLGVLLGWLLGTLLILI	LLLYLLGVLLGTLLGTLLILI	-13.2976	-17.4295	0.460972	0.363705	993.249
LLLYLLGVLLGTLLGTLLILI	LLLYLLGTLLGTLLGTLLILI	-17.698	-18.8749	0.0952708	1.12845	992.084
LLLYLLGTLLGTLLGTLLILI	LLLFLLGTLLGTLLGTLLILI	-19.3529	-17.4789	0.650378	0.240035	990.773
LLLFLLGTLLGTLLGTLLILI	LLLFLLGTLLGTLLGYLLILI	-17.0253	-14.0779	0.693609	0.219549	989.3
LLLFLLGTLLGTLLGYLLILI	LLLYLLGTLLGTLLGYLLILI	-14.1654	-15.6291	0.132101	0.952787	987.644
LLLYLLGTLLGTLLGYLLILI	LLLYLLGVLLGTLLGYLLILI	-15.651	-13.086	0.930859	0.137712	985.783
LLLYLLGVLLGTLLGYLLILI	LLLYLLGTLLGTLLGYLLILI	-13.086	-14.5096	0.137712	0.930859	983.694
LLLYLLGTLLGTLLGYLLILI	LLLYLLGTLLGTLLGTLLILI	-15.0612	-18.4189	0.379341	0.443059	981.348
LLLYLLGTLLGTLLGTLLILI	LLLYLLGVLLGTLLGTLLILI	-17.7335	-17.698	1.12845	0.0952708	978.717
LLLYLLGVLLGTLLGTLLILI	LLLYLLGVLLGWLLGTLLILI	-17.4295	-14.6856	0.363705	0.460972	975.768
LLLYLLGVLLGWLLGTLLILI	LLLYLLGVLLGWLLGYLLILI	-14.9597	-12.5765	0.186892	0.773553	972.463
LLLYLLGVLLGWLLGYLLILI	LLLYLLGVLLGWLLGTLLILI	-12.5765	-13.5717	0.773553	0.186892	968.764
LLLYLLGVLLGWLLGTLLILI	LLLYLLGVLLGTLLGTLLILI	-13.2976	-17.4295	0.460972	0.363705	964.627
LLLYLLGVLLGTLLGTLLILI	LLLYLLGTLLGTLLGTLLILI	-17.698	-18.8749	0.0952708	1.12845	960.005
LLLYLLGTLLGTLLGTLLILI	LLLYLLGVLLGTLLGTLLILI	-18.8749	-17.698	1.12845	0.0952708	954.846
LLLYLLGVLLGTLLGTLLILI	LLLYLLGTLLGTLLGTLLILI	-17.698	-18.8749	0.0952708	1.12845	949.095
LLLYLLGTLLGTLLGTLLILI	LLLYLLGILLGTLLGTLLILI	-18.8952	-16.7684	1.10811	0.098896	927.683
LLLYLLGILLGTLLGTLLILI	LLLFLLGILLGTLLGTLLILI	-16.2169	-14.8465	0.650378	0.240035	918.939
LLLFLLGILLGTLLGTLLILI	LLLYLLGILLGTLLGTLLILI	-14.8465	-16.2169	0.240035	0.650378	909.276
LLLYLLGILLGTLLGTLLILI	LLLYLLGTLLGTLLGTLLILI	-16.7684	-17.7262	0.098896	1.10811	898.621
LLLYLLGTLLGTLLGTLLILI	LLLYLLGTLLGVLLGTLLILI	-17.7058	-16.1986	1.12845	0.0952708	886.903
LLLYLLGTLLGVLLGTLLILI	LLLFLLGTLLGVLLGTLLILI	-15.6435	-13.7686	0.650378	0.240035	859.999
LLLFLLGTLLGVLLGTLLILI	LLLFLLGTLLGTLLGTLLILI	-13.9134	-16.5905	0.0952708	1.12845	844.686
LLLFLLGTLLGTLLGTLLILI	LLLFLLGTLLGWLLGTLLILI	-17.2329	-14.8769	0.48602	0.343253	828.061
LLLFLLGTLLGWLLGTLLILI	LLLFLLGILLGWLLGTLLILI	-14.3082	-12.2312	0.911943	0.142768	810.083
LLLFLLGILLGWLLGTLLILI	LLLFLLGTLLGWLLGTLLILI	-12.2312	-14.3644	0.142768	0.911943	769.974
LLLFLLGTLLGWLLGTLLILI	LLLFLLGTLLGTLLGTLLILI	-14.9331	-17.2329	0.343253	0.48602	747.845
LLLFLLGTLLGTLLGTLLILI	LLLFLLGTLLGWLLGTLLILI	-17.2329	-15.0483	0.48602	0.343253	724.369
LLLFLLGTLLGWLLGTLLILI	LLLFLLGTLLGTLLGTLLILI	-15.0483	-17.2329	0.343253	0.48602	699.602
LLLFLLGTLLGTLLGTLLILI	LLLYLLGTLLGTLLGTLLILI	-17.4789	-18.2116	0.240035	0.650378	646.557
LLLYLLGTLLGTLLGTLLILI	LLLYLLGVLLGTLLGTLLILI	-17.7335	-17.698	1.12845	0.0952708	618.524
LLLYLLGVLLGTLLGTLLILI	LLLFLLGVLLGTLLGTLLILI	-17.1429	-15.0821	0.650378	0.240035	589.688
LLLFLLGVLLGTLLGTLLILI	LLLYLLGVLLGTLLGTLLILI	-15.0821	-17.1429	0.240035	0.650378	560.23
LLLYLLGVLLGTLLGTLLILI	LLLYLLGTLLGTLLGTLLILI	-17.698	-18.8749	0.0952708	1.12845	530.348
Time: 74s
