MCAccept 0 xShift: 6.9002 crossingAngle: -37.0847 axialRotation: -80.1206 zShift: 2.19257 energy: 57.5943
MCReject   xShift: 6.9002 crossingAngle: -37.0847 axialRotation: -80.1206 zShift: 2.18983 energy: 58.2591
MCAccept 1 xShift: 6.9002 crossingAngle: -37.3504 axialRotation: -80.1206 zShift: 2.19257 energy: 57.5943
MCReject   xShift: 6.9002 crossingAngle: -37.3504 axialRotation: -80.1206 zShift: 2.18692 energy: 58.939
MCReject   xShift: 6.90236 crossingAngle: -37.3504 axialRotation: -80.1206 zShift: 2.19257 energy: 58.7852
MCAccept 2 xShift: 6.9002 crossingAngle: -37.3504 axialRotation: -80.1206 zShift: 2.19904 energy: 56.0078
MCAccept 3 xShift: 6.9002 crossingAngle: -37.2226 axialRotation: -80.1206 zShift: 2.19904 energy: 56.0078
MCReject   xShift: 6.9002 crossingAngle: -37.2226 axialRotation: -80.126 zShift: 2.19904 energy: 56.0411
MCAccept 4 xShift: 6.9002 crossingAngle: -37.2226 axialRotation: -80.188 zShift: 2.19904 energy: 56.0078
MCAccept 5 xShift: 6.89824 crossingAngle: -37.2226 axialRotation: -80.188 zShift: 2.19904 energy: 56.0078
MCReject   xShift: 6.89824 crossingAngle: -37.2234 axialRotation: -80.188 zShift: 2.19904 energy: 57.2372
MCAccept 6 xShift: 6.89824 crossingAngle: -37.2226 axialRotation: -80.188 zShift: 2.19811 energy: 56.2298
MCAccept 7 xShift: 6.89824 crossingAngle: -37.2226 axialRotation: -80.2826 zShift: 2.19811 energy: 56.2298
MCReject   xShift: 6.9064 crossingAngle: -37.2226 axialRotation: -80.2826 zShift: 2.19811 energy: 57.4299
MCReject   xShift: 6.89824 crossingAngle: -37.2226 axialRotation: -80.1338 zShift: 2.19811 energy: 57.4255
MCAccept 8 xShift: 6.89824 crossingAngle: -37.2226 axialRotation: -80.2826 zShift: 2.219 energy: 52.3113
MCAccept 9 xShift: 6.88996 crossingAngle: -37.2226 axialRotation: -80.2826 zShift: 2.219 energy: 52.2815
MCAccept 10 xShift: 6.88996 crossingAngle: -37.2226 axialRotation: -80.2242 zShift: 2.219 energy: 52.2815
MCAccept 11 xShift: 6.88996 crossingAngle: -37.013 axialRotation: -80.2242 zShift: 2.219 energy: 52.2815
MCReject   xShift: 6.88436 crossingAngle: -37.013 axialRotation: -80.2242 zShift: 2.219 energy: 54.8738
MCReject   xShift: 6.88996 crossingAngle: -37.013 axialRotation: -80.2242 zShift: 2.21292 energy: 52.7927
MCAccept 12 xShift: 6.88996 crossingAngle: -37.0261 axialRotation: -80.2242 zShift: 2.219 energy: 52.2815
MCAccept 13 xShift: 6.8953 crossingAngle: -37.0261 axialRotation: -80.2242 zShift: 2.219 energy: 51.1747
MCAccept 14 xShift: 6.8953 crossingAngle: -37.0261 axialRotation: -80.2242 zShift: 2.22727 energy: 50.2362
MCAccept 15 xShift: 6.8953 crossingAngle: -37.0261 axialRotation: -80.2242 zShift: 2.22804 energy: 49.0455
MCReject   xShift: 6.89956 crossingAngle: -37.0261 axialRotation: -80.2242 zShift: 2.22804 energy: 52.6867
MCAccept 16 xShift: 6.8953 crossingAngle: -36.9958 axialRotation: -80.2242 zShift: 2.22804 energy: 49.0455
MCReject   xShift: 6.8916 crossingAngle: -36.9958 axialRotation: -80.2242 zShift: 2.22804 energy: 50.0617
MCAccept 17 xShift: 6.8953 crossingAngle: -37.0826 axialRotation: -80.2242 zShift: 2.22804 energy: 49.0455
MCReject   xShift: 6.8953 crossingAngle: -36.9456 axialRotation: -80.2242 zShift: 2.22804 energy: 50.0315
MCAccept 18 xShift: 6.8953 crossingAngle: -37.0826 axialRotation: -80.2242 zShift: 2.26004 energy: 43.5554
MCAccept 19 xShift: 6.8953 crossingAngle: -37.0826 axialRotation: -80.2242 zShift: 2.26978 energy: 40.5775
MCAccept 20 xShift: 6.8953 crossingAngle: -37.0826 axialRotation: -80.453 zShift: 2.26978 energy: 40.5453
MCAccept 21 xShift: 6.8953 crossingAngle: -37.188 axialRotation: -80.453 zShift: 2.26978 energy: 40.5453
MCAccept 22 xShift: 6.8953 crossingAngle: -37.188 axialRotation: -80.5321 zShift: 2.26978 energy: 39.9979
MCReject   xShift: 6.8953 crossingAngle: -37.188 axialRotation: -80.5321 zShift: 2.24449 energy: 46.1388
MCAccept 23 xShift: 6.8953 crossingAngle: -37.0922 axialRotation: -80.5321 zShift: 2.26978 energy: 40.5453
MCAccept 24 xShift: 6.8953 crossingAngle: -37.0922 axialRotation: -80.5824 zShift: 2.26978 energy: 40.5429
MCAccept 25 xShift: 6.8953 crossingAngle: -37.0922 axialRotation: -80.5824 zShift: 2.27757 energy: 38.92
MCAccept 26 xShift: 6.88681 crossingAngle: -37.0922 axialRotation: -80.5824 zShift: 2.27757 energy: 38.92
MCReject   xShift: 6.89374 crossingAngle: -37.0922 axialRotation: -80.5824 zShift: 2.27757 energy: 41.7499
MCAccept 27 xShift: 6.88681 crossingAngle: -37.0922 axialRotation: -80.5549 zShift: 2.27757 energy: 38.92
MCReject   xShift: 6.88681 crossingAngle: -37.0487 axialRotation: -80.5549 zShift: 2.27757 energy: 42.5702
MCReject   xShift: 6.88681 crossingAngle: -37.0268 axialRotation: -80.5549 zShift: 2.27757 energy: 38.9546
MCAccept 28 xShift: 6.87723 crossingAngle: -37.0922 axialRotation: -80.5549 zShift: 2.27757 energy: 38.92
MCAccept 29 xShift: 6.87604 crossingAngle: -37.0922 axialRotation: -80.5549 zShift: 2.27757 energy: 38.92
MCAccept 30 xShift: 6.88164 crossingAngle: -37.0922 axialRotation: -80.5549 zShift: 2.27757 energy: 38.92
MCAccept 31 xShift: 6.89259 crossingAngle: -37.0922 axialRotation: -80.5549 zShift: 2.27757 energy: 38.9524
MCAccept 32 xShift: 6.89259 crossingAngle: -37.0922 axialRotation: -80.3625 zShift: 2.27757 energy: 38.9178
MCReject   xShift: 6.87807 crossingAngle: -37.0922 axialRotation: -80.3625 zShift: 2.27757 energy: 39.6773
MCAccept 33 xShift: 6.90166 crossingAngle: -37.0922 axialRotation: -80.3625 zShift: 2.27757 energy: 38.4028
MCReject   xShift: 6.90166 crossingAngle: -37.0922 axialRotation: -80.5044 zShift: 2.27757 energy: 38.92
MCReject   xShift: 6.90166 crossingAngle: -37.0206 axialRotation: -80.3625 zShift: 2.27757 energy: 38.9546
MCReject   xShift: 6.90166 crossingAngle: -37.0922 axialRotation: -80.3625 zShift: 2.28252 energy: 41.4757
MCReject   xShift: 6.90166 crossingAngle: -37.0922 axialRotation: -80.3625 zShift: 2.27637 energy: 38.6412
MCReject   xShift: 6.92238 crossingAngle: -37.0922 axialRotation: -80.3625 zShift: 2.27757 energy: 38.92
MCReject   xShift: 6.9168 crossingAngle: -37.0922 axialRotation: -80.3625 zShift: 2.27757 energy: 38.9178
MCReject   xShift: 6.89956 crossingAngle: -37.0922 axialRotation: -80.3625 zShift: 2.27757 energy: 38.92
MCReject   xShift: 6.90166 crossingAngle: -37.047 axialRotation: -80.3625 zShift: 2.27757 energy: 38.4375
MCReject   xShift: 6.90166 crossingAngle: -37.0922 axialRotation: -80.3509 zShift: 2.27757 energy: 38.9178
MCReject   xShift: 6.90166 crossingAngle: -37.2926 axialRotation: -80.3625 zShift: 2.27757 energy: 41.8131
MCReject   xShift: 6.90166 crossingAngle: -37.2031 axialRotation: -80.3625 zShift: 2.27757 energy: 38.9178
MCAccept 34 xShift: 6.90166 crossingAngle: -37.0922 axialRotation: -80.3625 zShift: 2.28688 energy: 37.7538
MCAccept 35 xShift: 6.8917 crossingAngle: -37.0922 axialRotation: -80.3625 zShift: 2.28688 energy: 37.0626
MCReject   xShift: 6.8917 crossingAngle: -37.0826 axialRotation: -80.3625 zShift: 2.28688 energy: 40.5768
MCReject   xShift: 6.90712 crossingAngle: -37.0922 axialRotation: -80.3625 zShift: 2.28688 energy: 39.8823
MCReject   xShift: 6.8917 crossingAngle: -37.0791 axialRotation: -80.3625 zShift: 2.28688 energy: 37.7189
MCAccept 36 xShift: 6.8917 crossingAngle: -37.0922 axialRotation: -80.3625 zShift: 2.2954 energy: 35.374
MCReject   xShift: 6.8917 crossingAngle: -37.0922 axialRotation: -80.2475 zShift: 2.2954 energy: 38.8526
MCAccept 37 xShift: 6.8917 crossingAngle: -37.0922 axialRotation: -80.2299 zShift: 2.2954 energy: 35.3756
MCAccept 38 xShift: 6.8917 crossingAngle: -37.3659 axialRotation: -80.2299 zShift: 2.2954 energy: 35.339
MCAccept 39 xShift: 6.8917 crossingAngle: -37.3659 axialRotation: -80.089 zShift: 2.2954 energy: 35.3406
MCReject   xShift: 6.8917 crossingAngle: -37.3659 axialRotation: -80.089 zShift: 2.29639 energy: 35.7707
MCAccept 40 xShift: 6.8917 crossingAngle: -37.3659 axialRotation: -80.2078 zShift: 2.2954 energy: 35.3756
MCAccept 41 xShift: 6.8917 crossingAngle: -37.3659 axialRotation: -80.2307 zShift: 2.2954 energy: 35.3756
MCAccept 42 xShift: 6.88577 crossingAngle: -37.3659 axialRotation: -80.2307 zShift: 2.2954 energy: 35.3406
MCReject   xShift: 6.884 crossingAngle: -37.3659 axialRotation: -80.2307 zShift: 2.2954 energy: 35.9722
MCReject   xShift: 6.88577 crossingAngle: -37.3659 axialRotation: -80.2307 zShift: 2.28436 energy: 37.5352
MCReject   xShift: 6.88577 crossingAngle: -37.3659 axialRotation: -80.2307 zShift: 2.29846 energy: 37.6292
MCAccept 43 xShift: 6.88577 crossingAngle: -37.3659 axialRotation: -80.2307 zShift: 2.30715 energy: 33.6313
MCAccept 44 xShift: 6.87945 crossingAngle: -37.3659 axialRotation: -80.2307 zShift: 2.30715 energy: 32.8016
MCReject   xShift: 6.87945 crossingAngle: -37.3659 axialRotation: -80.2307 zShift: 2.30204 energy: 34.0549
MCAccept 45 xShift: 6.87945 crossingAngle: -37.367 axialRotation: -80.2307 zShift: 2.30715 energy: 32.7935
MCReject   xShift: 6.85421 crossingAngle: -37.367 axialRotation: -80.2307 zShift: 2.30715 energy: 35.9907
MCReject   xShift: 6.87945 crossingAngle: -37.367 axialRotation: -80.3327 zShift: 2.30715 energy: 36.5437
MCReject   xShift: 6.87945 crossingAngle: -37.367 axialRotation: -80.2307 zShift: 2.2912 energy: 36.2022
MCReject   xShift: 6.87945 crossingAngle: -37.367 axialRotation: -80.3376 zShift: 2.30715 energy: 33.6666
MCAccept 46 xShift: 6.87945 crossingAngle: -37.367 axialRotation: -80.2307 zShift: 2.3122 energy: 31.8844
MCReject   xShift: 6.86949 crossingAngle: -37.367 axialRotation: -80.2307 zShift: 2.3122 energy: 32.134
MCReject   xShift: 6.87945 crossingAngle: -37.196 axialRotation: -80.2307 zShift: 2.3122 energy: 32.1705
MCAccept 47 xShift: 6.87945 crossingAngle: -37.367 axialRotation: -80.2307 zShift: 2.31844 energy: 30.9838
MCAccept 48 xShift: 6.87945 crossingAngle: -37.3918 axialRotation: -80.2307 zShift: 2.31844 energy: 30.9829
MCReject   xShift: 6.87001 crossingAngle: -37.3918 axialRotation: -80.2307 zShift: 2.31844 energy: 31.4564
MCAccept 49 xShift: 6.87945 crossingAngle: -37.3918 axialRotation: -80.2307 zShift: 2.32327 energy: 29.9816
MCReject   xShift: 6.87156 crossingAngle: -37.3918 axialRotation: -80.2307 zShift: 2.32327 energy: 30.5473
MCAccept 50 xShift: 6.86429 crossingAngle: -37.3918 axialRotation: -80.2307 zShift: 2.32327 energy: 29.9379
MCReject   xShift: 6.84932 crossingAngle: -37.3918 axialRotation: -80.2307 zShift: 2.32327 energy: 30.1079
MCReject   xShift: 6.85498 crossingAngle: -37.3918 axialRotation: -80.2307 zShift: 2.32327 energy: 29.9816
MCReject   xShift: 6.86429 crossingAngle: -37.3918 axialRotation: -80.3334 zShift: 2.32327 energy: 33.506
MCReject   xShift: 6.86429 crossingAngle: -37.3918 axialRotation: -80.2307 zShift: 2.32775 energy: 32.6886
MCReject   xShift: 6.85719 crossingAngle: -37.3918 axialRotation: -80.2307 zShift: 2.32327 energy: 33.5415
MCReject   xShift: 6.86429 crossingAngle: -37.3918 axialRotation: -80.414 zShift: 2.32327 energy: 30.1426
MCReject   xShift: 6.86429 crossingAngle: -37.4796 axialRotation: -80.2307 zShift: 2.32327 energy: 30.5829
MCReject   xShift: 6.86574 crossingAngle: -37.3918 axialRotation: -80.2307 zShift: 2.32327 energy: 30.1434
MCReject   xShift: 6.86429 crossingAngle: -37.3918 axialRotation: -80.3222 zShift: 2.32327 energy: 33.0643
MCReject   xShift: 6.85167 crossingAngle: -37.3918 axialRotation: -80.2307 zShift: 2.32327 energy: 30.1079
MCAccept 51 xShift: 6.86429 crossingAngle: -37.3918 axialRotation: -80.2446 zShift: 2.32327 energy: 29.9735
MCReject   xShift: 6.86429 crossingAngle: -37.3918 axialRotation: -80.2446 zShift: 2.31791 energy: 31.0813
MCReject   xShift: 6.86429 crossingAngle: -37.3918 axialRotation: -80.3132 zShift: 2.32327 energy: 30.5829
MCReject   xShift: 6.86429 crossingAngle: -37.3918 axialRotation: -80.2604 zShift: 2.32327 energy: 30.1079
MCReject   xShift: 6.86429 crossingAngle: -37.3675 axialRotation: -80.2446 zShift: 2.32327 energy: 30.1434
MCAccept 52 xShift: 6.86429 crossingAngle: -37.3918 axialRotation: -80.2446 zShift: 2.33039 energy: 28.8757
MCReject   xShift: 6.86429 crossingAngle: -37.3918 axialRotation: -80.2441 zShift: 2.33039 energy: 31.8189
MCAccept 53 xShift: 6.86429 crossingAngle: -37.4008 axialRotation: -80.2446 zShift: 2.33039 energy: 28.8407
MCAccept 54 xShift: 6.86429 crossingAngle: -37.4602 axialRotation: -80.2446 zShift: 2.33039 energy: 28.8407
MCReject   xShift: 6.86942 crossingAngle: -37.4602 axialRotation: -80.2446 zShift: 2.33039 energy: 28.8757
MCAccept 55 xShift: 6.87997 crossingAngle: -37.4602 axialRotation: -80.2446 zShift: 2.33039 energy: 28.8763
MCAccept 56 xShift: 6.8621 crossingAngle: -37.4602 axialRotation: -80.2446 zShift: 2.33039 energy: 28.8757
MCReject   xShift: 6.8621 crossingAngle: -37.3328 axialRotation: -80.2446 zShift: 2.33039 energy: 29.267
MCReject   xShift: 6.8621 crossingAngle: -37.4602 axialRotation: -80.2446 zShift: 2.32234 energy: 30.1075
MCReject   xShift: 6.8621 crossingAngle: -37.4602 axialRotation: -80.1123 zShift: 2.33039 energy: 29.267
MCAccept 57 xShift: 6.85036 crossingAngle: -37.4602 axialRotation: -80.2446 zShift: 2.33039 energy: 28.8757
MCAccept 58 xShift: 6.85036 crossingAngle: -37.4602 axialRotation: -80.235 zShift: 2.33039 energy: 28.8763
MCReject   xShift: 6.84587 crossingAngle: -37.4602 axialRotation: -80.235 zShift: 2.33039 energy: 29.2313
MCReject   xShift: 6.85494 crossingAngle: -37.4602 axialRotation: -80.235 zShift: 2.33039 energy: 29.2313
MCReject   xShift: 6.84411 crossingAngle: -37.4602 axialRotation: -80.235 zShift: 2.33039 energy: 35.218
MCReject   xShift: 6.85036 crossingAngle: -37.4602 axialRotation: -80.235 zShift: 2.31433 energy: 32.2769
MCAccept 59 xShift: 6.85036 crossingAngle: -37.4291 axialRotation: -80.235 zShift: 2.33039 energy: 28.8401
MCReject   xShift: 6.85036 crossingAngle: -37.612 axialRotation: -80.235 zShift: 2.33039 energy: 28.8763
MCReject   xShift: 6.85036 crossingAngle: -37.4291 axialRotation: -80.235 zShift: 2.31685 energy: 31.2748
MCAccept 60 xShift: 6.85036 crossingAngle: -37.5625 axialRotation: -80.235 zShift: 2.33039 energy: 28.7666
MCReject   xShift: 6.85036 crossingAngle: -37.5625 axialRotation: -80.3983 zShift: 2.33039 energy: 28.8763
MCReject   xShift: 6.85036 crossingAngle: -37.5625 axialRotation: -80.235 zShift: 2.33061 energy: 28.8002
MCReject   xShift: 6.8324 crossingAngle: -37.5625 axialRotation: -80.235 zShift: 2.33039 energy: 29.267
MCReject   xShift: 6.82431 crossingAngle: -37.5625 axialRotation: -80.235 zShift: 2.33039 energy: 28.8763
MCReject   xShift: 6.85036 crossingAngle: -37.5625 axialRotation: -80.1455 zShift: 2.33039 energy: 28.8757
MCAccept 61 xShift: 6.86422 crossingAngle: -37.5625 axialRotation: -80.235 zShift: 2.33039 energy: 28.7666
MCReject   xShift: 6.86422 crossingAngle: -37.5625 axialRotation: -80.235 zShift: 2.32662 energy: 32.5394
MCReject   xShift: 6.83388 crossingAngle: -37.5625 axialRotation: -80.235 zShift: 2.33039 energy: 28.8401
MCReject   xShift: 6.86107 crossingAngle: -37.5625 axialRotation: -80.235 zShift: 2.33039 energy: 28.8401
MCReject   xShift: 6.86422 crossingAngle: -37.5625 axialRotation: -80.1607 zShift: 2.33039 energy: 32.2116
MCReject   xShift: 6.86259 crossingAngle: -37.5625 axialRotation: -80.235 zShift: 2.33039 energy: 28.8757
MCReject   xShift: 6.86422 crossingAngle: -37.5625 axialRotation: -80.135 zShift: 2.33039 energy: 32.2116
MCAccept 62 xShift: 6.88023 crossingAngle: -37.5625 axialRotation: -80.235 zShift: 2.33039 energy: 28.7228
MCReject   xShift: 6.88023 crossingAngle: -37.5625 axialRotation: -80.235 zShift: 2.32199 energy: 30.3749
MCAccept 63 xShift: 6.88023 crossingAngle: -37.5625 axialRotation: -80.235 zShift: 2.33537 energy: 28.0048
MCAccept 64 xShift: 6.90432 crossingAngle: -37.5625 axialRotation: -80.235 zShift: 2.33537 energy: 27.9691
MCReject   xShift: 6.90918 crossingAngle: -37.5625 axialRotation: -80.235 zShift: 2.33537 energy: 30.9989
MCReject   xShift: 6.88465 crossingAngle: -37.5625 axialRotation: -80.235 zShift: 2.33537 energy: 28.3612
MCAccept 65 xShift: 6.90432 crossingAngle: -37.5625 axialRotation: -80.047 zShift: 2.33537 energy: 27.9691
MCAccept 66 xShift: 6.90432 crossingAngle: -37.5002 axialRotation: -80.047 zShift: 2.33537 energy: 27.9691
MCReject   xShift: 6.90085 crossingAngle: -37.5002 axialRotation: -80.047 zShift: 2.33537 energy: 28.0048
MCReject   xShift: 6.90432 crossingAngle: -37.3528 axialRotation: -80.047 zShift: 2.33537 energy: 28.0048
MCAccept 67 xShift: 6.90432 crossingAngle: -37.5002 axialRotation: -80.047 zShift: 2.33579 energy: 27.9311
MCAccept 68 xShift: 6.90877 crossingAngle: -37.5002 axialRotation: -80.047 zShift: 2.33579 energy: 27.9311
MCReject   xShift: 6.9261 crossingAngle: -37.5002 axialRotation: -80.047 zShift: 2.33579 energy: 31.2722
MCReject   xShift: 6.90877 crossingAngle: -37.5002 axialRotation: -80.2309 zShift: 2.33579 energy: 30.9548
MCAccept 69 xShift: 6.90877 crossingAngle: -37.6647 axialRotation: -80.047 zShift: 2.33579 energy: 27.8953
MCReject   xShift: 6.89391 crossingAngle: -37.6647 axialRotation: -80.047 zShift: 2.33579 energy: 27.9311
MCReject   xShift: 6.90695 crossingAngle: -37.6647 axialRotation: -80.047 zShift: 2.33579 energy: 28.2488
MCReject   xShift: 6.90877 crossingAngle: -37.6647 axialRotation: -80.047 zShift: 2.33837 energy: 30.8271
MCReject   xShift: 6.90877 crossingAngle: -37.6647 axialRotation: -80.113 zShift: 2.33579 energy: 27.9311
MCReject   xShift: 6.90255 crossingAngle: -37.6647 axialRotation: -80.047 zShift: 2.33579 energy: 31.2818
MCAccept 70 xShift: 6.90877 crossingAngle: -37.6035 axialRotation: -80.047 zShift: 2.33579 energy: 27.8528
MCReject   xShift: 6.92771 crossingAngle: -37.6035 axialRotation: -80.047 zShift: 2.33579 energy: 28.2488
MCReject   xShift: 6.90877 crossingAngle: -37.5497 axialRotation: -80.047 zShift: 2.33579 energy: 27.8953
MCAccept 71 xShift: 6.90347 crossingAngle: -37.6035 axialRotation: -80.047 zShift: 2.33579 energy: 27.8528
MCReject   xShift: 6.90347 crossingAngle: -37.6035 axialRotation: -80.047 zShift: 2.32793 energy: 29.3107
MCReject   xShift: 6.90347 crossingAngle: -37.6035 axialRotation: -80.047 zShift: 2.32027 energy: 30.6848
MCReject   xShift: 6.90347 crossingAngle: -37.6035 axialRotation: -80.0441 zShift: 2.33579 energy: 28.2846
MCReject   xShift: 6.90347 crossingAngle: -37.6035 axialRotation: -79.977 zShift: 2.33579 energy: 30.9265
MCReject   xShift: 6.90347 crossingAngle: -37.6414 axialRotation: -80.047 zShift: 2.33579 energy: 28.2846
MCReject   xShift: 6.90647 crossingAngle: -37.6035 axialRotation: -80.047 zShift: 2.33579 energy: 27.8953
MCReject   xShift: 6.90356 crossingAngle: -37.6035 axialRotation: -80.047 zShift: 2.33579 energy: 27.9311
MCReject   xShift: 6.90137 crossingAngle: -37.6035 axialRotation: -80.047 zShift: 2.33579 energy: 28.2488
MCReject   xShift: 6.91029 crossingAngle: -37.6035 axialRotation: -80.047 zShift: 2.33579 energy: 27.9311
MCReject   xShift: 6.90347 crossingAngle: -37.6035 axialRotation: -80.187 zShift: 2.33579 energy: 27.9311
MCAccept 72 xShift: 6.90347 crossingAngle: -37.6035 axialRotation: -80.047 zShift: 2.33831 energy: 27.495
MCReject   xShift: 6.90216 crossingAngle: -37.6035 axialRotation: -80.047 zShift: 2.33831 energy: 30.801
MCReject   xShift: 6.89989 crossingAngle: -37.6035 axialRotation: -80.047 zShift: 2.33831 energy: 27.8315
MCReject   xShift: 6.90347 crossingAngle: -37.6035 axialRotation: -80.047 zShift: 2.32487 energy: 29.8211
MCAccept 73 xShift: 6.90347 crossingAngle: -37.6093 axialRotation: -80.047 zShift: 2.33831 energy: 27.4596
MCAccept 74 xShift: 6.90347 crossingAngle: -37.6093 axialRotation: -80.047 zShift: 2.34868 energy: 25.9666
MCAccept 75 xShift: 6.90347 crossingAngle: -37.6093 axialRotation: -79.9574 zShift: 2.34868 energy: 25.755
MCAccept 76 xShift: 6.90347 crossingAngle: -37.6093 axialRotation: -79.9373 zShift: 2.34868 energy: 25.7381
MCAccept 77 xShift: 6.90347 crossingAngle: -37.6093 axialRotation: -79.9955 zShift: 2.34868 energy: 25.7021
MCReject   xShift: 6.90347 crossingAngle: -37.6093 axialRotation: -79.9955 zShift: 2.33958 energy: 30.6137
MCReject   xShift: 6.90001 crossingAngle: -37.6093 axialRotation: -79.9955 zShift: 2.34868 energy: 25.9666
MCReject   xShift: 6.90347 crossingAngle: -37.6093 axialRotation: -79.972 zShift: 2.34868 energy: 25.7381
MCAccept 78 xShift: 6.90347 crossingAngle: -37.6093 axialRotation: -80.1084 zShift: 2.34868 energy: 25.7021
MCReject   xShift: 6.90347 crossingAngle: -37.6093 axialRotation: -80.2025 zShift: 2.34868 energy: 29.0423
MCReject   xShift: 6.90735 crossingAngle: -37.6093 axialRotation: -80.1084 zShift: 2.34868 energy: 25.9666
MCAccept 79 xShift: 6.90347 crossingAngle: -37.6093 axialRotation: -80.1084 zShift: 2.35422 energy: 24.7866
MCReject   xShift: 6.90347 crossingAngle: -37.6093 axialRotation: -80.1084 zShift: 2.348 energy: 25.8516
MCReject   xShift: 6.90347 crossingAngle: -37.6093 axialRotation: -80.1084 zShift: 2.34684 energy: 29.0421
MCReject   xShift: 6.89372 crossingAngle: -37.6093 axialRotation: -80.1084 zShift: 2.35422 energy: 25.0128
MCReject   xShift: 6.89376 crossingAngle: -37.6093 axialRotation: -80.1084 zShift: 2.35422 energy: 28.0716
MCAccept 80 xShift: 6.90347 crossingAngle: -37.6093 axialRotation: -80.1362 zShift: 2.35422 energy: 24.7866
MCReject   xShift: 6.90347 crossingAngle: -37.6093 axialRotation: -80.1362 zShift: 2.34622 energy: 26.4315
MCAccept 81 xShift: 6.90347 crossingAngle: -37.6093 axialRotation: -80.1299 zShift: 2.35422 energy: 24.7866
MCAccept 82 xShift: 6.90347 crossingAngle: -37.6093 axialRotation: -80.0135 zShift: 2.35422 energy: 24.7868
MCReject   xShift: 6.91928 crossingAngle: -37.6093 axialRotation: -80.0135 zShift: 2.35422 energy: 27.8803
MCReject   xShift: 6.9173 crossingAngle: -37.6093 axialRotation: -80.0135 zShift: 2.35422 energy: 27.8724
MCAccept 83 xShift: 6.90347 crossingAngle: -37.6093 axialRotation: -79.8805 zShift: 2.35422 energy: 24.7868
MCReject   xShift: 6.90347 crossingAngle: -37.4828 axialRotation: -79.8805 zShift: 2.35422 energy: 27.8442
MCReject   xShift: 6.90347 crossingAngle: -37.6048 axialRotation: -79.8805 zShift: 2.35422 energy: 24.8446
MCReject   xShift: 6.90347 crossingAngle: -37.6093 axialRotation: -80.0399 zShift: 2.35422 energy: 25.0489
MCReject   xShift: 6.90347 crossingAngle: -37.6093 axialRotation: -79.8805 zShift: 2.34707 energy: 25.9711
MCReject   xShift: 6.90873 crossingAngle: -37.6093 axialRotation: -79.8805 zShift: 2.35422 energy: 24.8229
MCReject   xShift: 6.90347 crossingAngle: -37.6093 axialRotation: -79.9671 zShift: 2.35422 energy: 25.0128
MCReject   xShift: 6.90347 crossingAngle: -37.6093 axialRotation: -79.8805 zShift: 2.34589 energy: 29.4841
MCReject   xShift: 6.90347 crossingAngle: -37.6093 axialRotation: -79.6817 zShift: 2.35422 energy: 24.8229
MCReject   xShift: 6.89912 crossingAngle: -37.6093 axialRotation: -79.8805 zShift: 2.35422 energy: 27.8803
MCReject   xShift: 6.90347 crossingAngle: -37.6093 axialRotation: -79.8805 zShift: 2.35056 energy: 25.4199
MCReject   xShift: 6.90347 crossingAngle: -37.6093 axialRotation: -79.8853 zShift: 2.35422 energy: 25.0489
MCReject   xShift: 6.91153 crossingAngle: -37.6093 axialRotation: -79.8805 zShift: 2.35422 energy: 25.0489
MCReject   xShift: 6.90347 crossingAngle: -37.6093 axialRotation: -79.8805 zShift: 2.364 energy: 26.4573
MCReject   xShift: 6.90347 crossingAngle: -37.6093 axialRotation: -79.9524 zShift: 2.35422 energy: 25.0489
MCAccept 84 xShift: 6.91777 crossingAngle: -37.6093 axialRotation: -79.8805 zShift: 2.35422 energy: 24.7866
MCReject   xShift: 6.91777 crossingAngle: -37.7201 axialRotation: -79.8805 zShift: 2.35422 energy: 24.8228
MCReject   xShift: 6.91777 crossingAngle: -37.5551 axialRotation: -79.8805 zShift: 2.35422 energy: 24.8228
MCReject   xShift: 6.91777 crossingAngle: -37.5775 axialRotation: -79.8805 zShift: 2.35422 energy: 24.8528
MCReject   xShift: 6.91777 crossingAngle: -37.6093 axialRotation: -79.8805 zShift: 2.34464 energy: 29.7353
MCReject   xShift: 6.91777 crossingAngle: -37.6093 axialRotation: -79.832 zShift: 2.35422 energy: 24.8446
MCReject   xShift: 6.91272 crossingAngle: -37.6093 axialRotation: -79.8805 zShift: 2.35422 energy: 28.0716
MCReject   xShift: 6.91777 crossingAngle: -37.7465 axialRotation: -79.8805 zShift: 2.35422 energy: 25.0128
MCReject   xShift: 6.90807 crossingAngle: -37.6093 axialRotation: -79.8805 zShift: 2.35422 energy: 28.0716
MCReject   xShift: 6.91777 crossingAngle: -37.4657 axialRotation: -79.8805 zShift: 2.35422 energy: 25.0128
MCAccept 85 xShift: 6.91777 crossingAngle: -37.6209 axialRotation: -79.8805 zShift: 2.35422 energy: 24.7868
MCAccept 86 xShift: 6.91777 crossingAngle: -37.7914 axialRotation: -79.8805 zShift: 2.35422 energy: 24.7866
MCReject   xShift: 6.91777 crossingAngle: -37.7914 axialRotation: -79.8805 zShift: 2.33295 energy: 28.3
MCAccept 87 xShift: 6.91777 crossingAngle: -37.7629 axialRotation: -79.8805 zShift: 2.35422 energy: 24.7866
MCReject   xShift: 6.91777 crossingAngle: -37.7629 axialRotation: -79.8805 zShift: 2.34846 energy: 25.7398
MCReject   xShift: 6.91777 crossingAngle: -37.7629 axialRotation: -79.8805 zShift: 2.35428 energy: 24.8119
MCReject   xShift: 6.92373 crossingAngle: -37.7629 axialRotation: -79.8805 zShift: 2.35422 energy: 28.0716
MCReject   xShift: 6.91476 crossingAngle: -37.7629 axialRotation: -79.8805 zShift: 2.35422 energy: 28.1077
MCAccept 88 xShift: 6.91777 crossingAngle: -37.9406 axialRotation: -79.8805 zShift: 2.35422 energy: 24.7868
MCReject   xShift: 6.90299 crossingAngle: -37.9406 axialRotation: -79.8805 zShift: 2.35422 energy: 24.8228
MCAccept 89 xShift: 6.91777 crossingAngle: -37.9322 axialRotation: -79.8805 zShift: 2.35422 energy: 24.7868
MCReject   xShift: 6.91777 crossingAngle: -38.0542 axialRotation: -79.8805 zShift: 2.35422 energy: 28.0716
MCReject   xShift: 6.91777 crossingAngle: -37.9398 axialRotation: -79.8805 zShift: 2.35422 energy: 25.0128
MCReject   xShift: 6.94073 crossingAngle: -37.9322 axialRotation: -79.8805 zShift: 2.35422 energy: 25.0128
MCReject   xShift: 6.91777 crossingAngle: -37.8574 axialRotation: -79.8805 zShift: 2.35422 energy: 25.0489
MCReject   xShift: 6.91777 crossingAngle: -37.9322 axialRotation: -79.8805 zShift: 2.36488 energy: 26.3148
MCReject   xShift: 6.91777 crossingAngle: -37.9322 axialRotation: -79.8805 zShift: 2.33544 energy: 28.3122
MCReject   xShift: 6.9176 crossingAngle: -37.9322 axialRotation: -79.8805 zShift: 2.35422 energy: 24.8807
MCReject   xShift: 6.91777 crossingAngle: -37.9322 axialRotation: -79.8805 zShift: 2.35571 energy: 24.794
MCReject   xShift: 6.92303 crossingAngle: -37.9322 axialRotation: -79.8805 zShift: 2.35422 energy: 24.8446
MCAccept 90 xShift: 6.90787 crossingAngle: -37.9322 axialRotation: -79.8805 zShift: 2.35422 energy: 24.7866
MCReject   xShift: 6.91114 crossingAngle: -37.9322 axialRotation: -79.8805 zShift: 2.35422 energy: 25.0489
MCReject   xShift: 6.90787 crossingAngle: -37.9188 axialRotation: -79.8805 zShift: 2.35422 energy: 24.8228
MCReject   xShift: 6.90787 crossingAngle: -37.9322 axialRotation: -79.8805 zShift: 2.34606 energy: 26.4241
MCReject   xShift: 6.90787 crossingAngle: -37.9322 axialRotation: -79.8805 zShift: 2.35808 energy: 27.4287
MCReject   xShift: 6.90787 crossingAngle: -37.9673 axialRotation: -79.8805 zShift: 2.35422 energy: 25.0489
MCReject   xShift: 6.90787 crossingAngle: -37.9322 axialRotation: -79.8805 zShift: 2.35376 energy: 25.0899
Energy #2: 24.8632
***GEOMETRY SHIFT***
xShift;        Before: 6.93865; After: 6.90787
crossingAngle; Before: -37.0847; After: -37.9322
axialRotation; Before: -80.1206; After: -79.8805
zShift;        Before: 2.19257; After: 2.35422
Energy;        Before: 1.13129e+12; After: 24.7866

Completed all cycles. Accepted 91/255
Monte Carlo repack complete. Time: 44.3833min

