***STARTING GEOMETRY:***
xShift: 7.02
crossingAngle: -36.96
axialRotation: -80.14
zShift: 1.82

Number of MCCycles: 200
PrevSequence	CurrSequence	PrevEnergy	CurrEnergy	PrevEntropy	CurrEntropy	CurrentTemp
LLLTFLLGTLLGTLLGTLILI	LLLTFLLGTLLGTLLGYLILI	212.766	212.238	0.816184	0.171816	999.847
LLLTFLLGTLLGTLLGYLILI	LLLTFLLGTLLGTLLGTLILI	212.238	212.458	0.171816	0.816184	999.684
LLLTFLLGTLLGTLLGTLILI	LLLTFLLGILLGTLLGTLILI	212.554	214.583	0.911943	0.142768	999.512
LLLTFLLGILLGTLLGTLILI	LLLTFLLGILLGTLLGYLILI	215.134	215.074	0.693609	0.219549	999.328
LLLTFLLGILLGTLLGYLILI	LLLTWLLGILLGTLLGYLILI	215.004	215.695	0.148778	0.890414	999.134
LLLTWLLGILLGTLLGYLILI	LLLTWLLGTLLGTLLGYLILI	214.989	213.026	0.183612	0.782479	998.928
LLLTWLLGTLLGTLLGYLILI	LLLTFLLGTLLGTLLGYLILI	213.133	212.215	0.890414	0.148778	998.708
LLLTFLLGTLLGTLLGYLILI	LLLTWLLGTLLGTLLGYLILI	212.215	213.274	0.148778	0.890414	998.476
LLLTWLLGTLLGTLLGYLILI	LLLTWLLGILLGTLLGYLILI	213.166	214.989	0.782479	0.183612	998.229
LLLTWLLGILLGTLLGYLILI	LLLTWLLGTLLGTLLGYLILI	214.989	213.193	0.183612	0.782479	997.967
LLLTWLLGTLLGTLLGYLILI	LLLTFLLGTLLGTLLGYLILI	213.301	212.215	0.890414	0.148778	997.689
LLLTFLLGTLLGTLLGYLILI	LLLTFLLGTLLGTLLGTLILI	212.238	212.458	0.171816	0.816184	997.394
LLLTFLLGTLLGTLLGTLILI	LLLYFLLGTLLGTLLGTLILI	212.458	212.747	0.816184	0.171816	997.081
LLLYFLLGTLLGTLLGTLILI	LLLYFLLGTLLGTLLGYLILI	213.018	213.379	0.443059	0.379341	996.749
LLLYFLLGTLLGTLLGYLILI	LLLYYLLGTLLGTLLGYLILI	213.091	211.109	0.0912572	1.15198	996.397
LLLYYLLGTLLGTLLGYLILI	LLLYYLLGTLLGFLLGYLILI	210.774	215.3	0.816184	0.171816	996.023
LLLYYLLGTLLGFLLGYLILI	LLLYYLLGTLLGTLLGYLILI	215.3	211.586	0.171816	0.816184	995.626
LLLYYLLGTLLGTLLGYLILI	LLLYFLLGTLLGTLLGYLILI	211.921	213.091	1.15198	0.0912572	995.205
LLLYFLLGTLLGTLLGYLILI	LLLYYLLGTLLGTLLGYLILI	213.091	211.897	0.0912572	1.15198	994.758
LLLYYLLGTLLGTLLGYLILI	LLLYYLLGYLLGTLLGYLILI	210.932	212.02	0.186892	0.773553	994.285
LLLYYLLGYLLGTLLGYLILI	LLLYYLLGTLLGTLLGYLILI	212.02	210.93	0.773553	0.186892	993.782
LLLYYLLGTLLGTLLGYLILI	LLLSYLLGTLLGTLLGYLILI	211.749	210.055	1.00591	0.119534	993.249
LLLSYLLGTLLGTLLGYLILI	LLLSYLLGTLLGTLLGTLILI	210.315	209.981	0.379341	0.443059	992.683
LLLSYLLGTLLGTLLGTLILI	LLLSYLLGTLLGTLLGYLILI	209.981	210.342	0.443059	0.379341	992.084
LLLSYLLGTLLGTLLGYLILI	LLLSYLLGTLLGTLLGTLILI	210.342	209.954	0.379341	0.443059	991.448
LLLSYLLGTLLGTLLGTLILI	LLLYYLLGTLLGTLLGTLILI	209.683	210.351	0.171321	0.817658	990.773
LLLYYLLGTLLGTLLGTLILI	LLLSYLLGTLLGTLLGTLILI	210.351	209.709	0.817658	0.171321	990.058
LLLSYLLGTLLGTLLGTLILI	LLLSYLLGTLLGTLLGYLILI	209.981	210.315	0.443059	0.379341	989.3
LLLSYLLGTLLGTLLGYLILI	LLLYYLLGTLLGTLLGYLILI	210.055	210.963	0.119534	1.00591	988.496
LLLYYLLGTLLGTLLGYLILI	LLLSYLLGTLLGTLLGYLILI	210.963	212.299	1.00591	0.119534	987.644
LLLSYLLGTLLGTLLGYLILI	LLLYYLLGTLLGTLLGYLILI	212.299	210.99	0.119534	1.00591	986.74
LLLYYLLGTLLGTLLGYLILI	LLLYYLLGTLLGTLLGTLILI	210.489	210.343	0.505042	0.328724	985.783
LLLYYLLGTLLGTLLGTLILI	LLLSYLLGTLLGTLLGTLILI	210.832	209.709	0.817658	0.171321	983.694
LLLSYLLGTLLGTLLGTLILI	LLLSYLLGYLLGTLLGTLILI	209.981	212.102	0.443059	0.379341	982.555
LLLSYLLGYLLGTLLGTLILI	LLLSYLLGFLLGTLLGTLILI	212.676	211.578	0.952787	0.132101	981.348
LLLSYLLGFLLGTLLGTLILI	LLLYYLLGFLLGTLLGTLILI	211.617	212.656	0.171321	0.817658	980.071
LLLYYLLGFLLGTLLGTLILI	LLLSYLLGFLLGTLLGTLILI	212.656	211.59	0.817658	0.171321	975.768
LLLSYLLGFLLGTLLGTLILI	LLLSYLLGTLLGTLLGTLILI	211.539	210.542	0.119894	1.0043	974.162
LLLSYLLGTLLGTLLGTLILI	LLLYYLLGTLLGTLLGTLILI	209.709	210.351	0.171321	0.817658	972.463
LLLYYLLGTLLGTLLGTLILI	LLLYYLLGTLLGTLLGFLILI	210.537	211.065	1.0043	0.119894	970.666
LLLYYLLGTLLGTLLGFLILI	LLLYFLLGTLLGTLLGFLILI	211.595	214.2	0.650378	0.240035	968.764
LLLYFLLGTLLGTLLGFLILI	LLLTFLLGTLLGTLLGFLILI	214.179	213.747	0.219549	0.693609	966.754
LLLTFLLGTLLGTLLGFLILI	LLLTWLLGTLLGTLLGFLILI	213.321	213.97	0.267575	0.598868	964.627
LLLTWLLGTLLGTLLGFLILI	LLLTFLLGTLLGTLLGFLILI	213.97	213.321	0.598868	0.267575	962.38
LLLTFLLGTLLGTLLGFLILI	LLLTFLLGTLLGTLLGYLILI	213.464	212.477	0.410343	0.410343	960.005
LLLTFLLGTLLGTLLGYLILI	LLLWFLLGTLLGTLLGYLILI	212.552	213.303	0.48602	0.343253	957.496
LLLWFLLGTLLGTLLGYLILI	LLLTFLLGTLLGTLLGYLILI	213.303	212.552	0.343253	0.48602	954.846
LLLTFLLGTLLGTLLGYLILI	LLLTWLLGTLLGTLLGYLILI	212.215	213.133	0.148778	0.890414	952.048
LLLTWLLGTLLGTLLGYLILI	LLLTFLLGTLLGTLLGYLILI	213.133	212.215	0.890414	0.148778	949.095
LLLTFLLGTLLGTLLGYLILI	LLLTFLLGTLLGTLLGTLILI	212.238	212.458	0.171816	0.816184	945.979
LLLTFLLGTLLGTLLGTLILI	LLLTFLLGTLLGTLLGYLILI	212.458	212.238	0.816184	0.171816	942.693
LLLTFLLGTLLGTLLGYLILI	LLLWFLLGTLLGTLLGYLILI	212.552	213.276	0.48602	0.343253	935.578
LLLWFLLGTLLGTLLGYLILI	LLLWFLLGTLLGTLLGTLILI	213.153	213.202	0.219549	0.693609	931.732
LLLWFLLGTLLGTLLGTLILI	LLLWFLLGTLLGTLLGYLILI	213.202	213.179	0.693609	0.219549	927.683
LLLWFLLGTLLGTLLGYLILI	LLLWFLLGTLLGTLLGTLILI	213.179	213.229	0.219549	0.693609	923.422
LLLWFLLGTLLGTLLGTLILI	LLLWYLLGTLLGTLLGTLILI	212.775	213.913	0.240035	0.650378	918.939
LLLWYLLGTLLGTLLGTLILI	LLLWYLLGYLLGTLLGTLILI	213.705	213.552	0.443059	0.379341	914.227
LLLWYLLGYLLGTLLGTLILI	LLLYYLLGYLLGTLLGTLILI	213.445	211.391	0.272043	0.591129	904.077
LLLYYLLGYLLGTLLGTLILI	LLLYYLLGYLLGTLLGYLILI	210.987	212.208	0.186892	0.773553	898.621
LLLYYLLGYLLGTLLGYLILI	LLLYYLLGYLLGTLLGTLILI	212.208	210.987	0.773553	0.186892	892.899
LLLYYLLGYLLGTLLGTLILI	LLLYYLLGTLLGTLLGTLILI	211.305	209.862	0.505042	0.328724	886.903
LLLYYLLGTLLGTLLGTLILI	LLLYYLLGTLLGVLLGTLILI	210.661	213.532	1.12845	0.0952708	880.623
LLLYYLLGTLLGVLLGTLILI	LLLYYLLGTLLGTLLGTLILI	213.532	211.473	0.0952708	1.12845	874.051
LLLYYLLGTLLGTLLGTLILI	LLLYYLLGTLLGTLLGYLILI	210.674	211.248	0.328724	0.505042	867.179
LLLYYLLGTLLGTLLGYLILI	LLLYYLLGYLLGTLLGYLILI	210.93	212.02	0.186892	0.773553	859.999
LLLYYLLGYLLGTLLGYLILI	LLLYYLLGYLLGTLLGTLILI	212.02	210.987	0.773553	0.186892	852.504
LLLYYLLGYLLGTLLGTLILI	LLLSYLLGYLLGTLLGTLILI	211.806	211.816	1.00591	0.119534	844.686
LLLSYLLGYLLGTLLGTLILI	LLLSYLLGYLLGLLLGTLILI	212.545	215.17	0.849143	0.161118	836.541
LLLSYLLGYLLGLLLGTLILI	LLLSYLLGFLLGLLLGTLILI	215.961	215.98	0.952787	0.132101	819.243
LLLSYLLGFLLGLLLGTLILI	LLLSYLLGFLLGLLLGYLILI	216.035	216.989	0.186892	0.773553	810.083
LLLSYLLGFLLGLLLGYLILI	LLLSYLLGFLLGTLLGYLILI	216.503	212.411	0.287636	0.565318	800.577
LLLSYLLGFLLGTLLGYLILI	LLLSYLLGTLLGTLLGYLILI	212.018	212.995	0.171816	0.816184	790.724
LLLSYLLGTLLGTLLGYLILI	LLLYYLLGTLLGTLLGYLILI	212.299	210.963	0.119534	1.00591	780.523
LLLYYLLGTLLGTLLGYLILI	LLLYYLLGTLLGTLLGTLILI	210.463	209.862	0.505042	0.328724	769.974
LLLYYLLGTLLGTLLGTLILI	LLLSYLLGTLLGTLLGTLILI	210.351	209.683	0.817658	0.171321	759.081
LLLSYLLGTLLGTLLGTLILI	LLLSYLLGYLLGTLLGTLILI	209.954	210.821	0.443059	0.379341	747.845
LLLSYLLGYLLGTLLGTLILI	LLLYYLLGYLLGTLLGTLILI	210.561	211.996	0.119534	1.00591	724.369
LLLYYLLGYLLGTLLGTLILI	LLLYYLLGYLLGTLLGYLILI	211.177	212.208	0.186892	0.773553	712.142
LLLYYLLGYLLGTLLGYLILI	LLLYYLLGTLLGTLLGYLILI	212.208	210.144	0.773553	0.186892	699.602
LLLYYLLGTLLGTLLGYLILI	LLLYYLLGTLLGTLLGTLILI	210.463	209.888	0.505042	0.328724	686.76
LLLYYLLGTLLGTLLGTLILI	LLLYYLLGTLLGVLLGTLILI	210.688	213.105	1.12845	0.0952708	673.628
LLLYYLLGTLLGVLLGTLILI	LLLYFLLGTLLGVLLGTLILI	213.962	216.158	0.952787	0.132101	660.222
LLLYFLLGTLLGVLLGTLILI	LLLYYLLGTLLGVLLGTLILI	216.158	213.936	0.132101	0.952787	646.557
LLLYYLLGTLLGVLLGTLILI	LLLYFLLGTLLGVLLGTLILI	213.936	216.158	0.952787	0.132101	632.651
LLLYFLLGTLLGVLLGTLILI	LLLYYLLGTLLGVLLGTLILI	216.158	213.936	0.132101	0.952787	618.524
LLLYYLLGTLLGVLLGTLILI	LLLYYLLGTLLGTLLGTLILI	213.078	210.661	0.0952708	1.12845	604.196
LLLYYLLGTLLGTLLGTLILI	LLLSYLLGTLLGTLLGTLILI	210.351	209.683	0.817658	0.171321	589.688
LLLSYLLGTLLGTLLGTLILI	LLLSYLLGTLLGTLLGYLILI	209.954	210.315	0.443059	0.379341	560.23
LLLSYLLGTLLGTLLGYLILI	LLLSYLLGFLLGTLLGYLILI	210.752	212.044	0.816184	0.171816	545.329
LLLSYLLGFLLGTLLGYLILI	LLLSYLLGFLLGTLLGTLILI	212.377	211.774	0.505042	0.328724	515.312
LLLSYLLGFLLGTLLGTLILI	LLLSYLLGFLLGFLLGTLILI	211.985	215.924	0.538845	0.30482	500.25
LLLSYLLGFLLGFLLGTLILI	LLLSYLLGTLLGFLLGTLILI	215.924	215.742	0.30482	0.538845	485.188
LLLSYLLGTLLGFLLGTLILI	LLLSYLLGFLLGFLLGTLILI	215.742	215.924	0.538845	0.30482	455.171
LLLSYLLGFLLGFLLGTLILI	LLLSYLLGFLLGTLLGTLILI	215.924	211.958	0.30482	0.538845	425.475
LLLSYLLGFLLGTLLGTLILI	LLLSYLLGTLLGTLLGTLILI	211.539	210.516	0.119894	1.0043	410.812
LLLSYLLGTLLGTLLGTLILI	LLLSYLLGTLLGTLLGYLILI	209.954	210.342	0.443059	0.379341	396.304
LLLSYLLGTLLGTLLGYLILI	LLLYYLLGTLLGTLLGYLILI	210.082	212.481	0.119534	1.00591	381.976
LLLYYLLGTLLGTLLGYLILI	LLLYYLLGTLLGTLLGTLILI	211.981	209.862	0.505042	0.328724	367.849
LLLYYLLGTLLGTLLGTLILI	LLLYYLLGTLLGTLLGYLILI	209.862	210.463	0.328724	0.505042	353.943
LLLYYLLGTLLGTLLGYLILI	LLLYYLLGTLLGTLLGFLILI	211.109	211.063	1.15198	0.0912572	326.872
LLLYYLLGTLLGTLLGFLILI	LLLYYLLGTLLGTLLGYLILI	211.063	211.109	0.0912572	1.15198	288.358
LLLYYLLGTLLGTLLGYLILI	LLLYYLLGTLLGTLLGTLILI	210.463	209.862	0.505042	0.328724	276.131
LLLYYLLGTLLGTLLGTLILI	LLLYYLLGTLLGTLLGFLILI	210.537	211.091	1.0043	0.119894	252.655
LLLYYLLGTLLGTLLGFLILI	LLLYYLLGTLLGTLLGTLILI	211.091	210.537	0.119894	1.0043	241.419
LLLYYLLGTLLGTLLGTLILI	LLLYYLLGTLLGTLLGYLILI	209.862	210.463	0.328724	0.505042	230.526
LLLYYLLGTLLGTLLGYLILI	LLLSYLLGTLLGTLLGYLILI	210.963	210.055	1.00591	0.119534	219.977
LLLSYLLGTLLGTLLGYLILI	LLLSYLLGTLLGTLLGTLILI	210.315	209.954	0.379341	0.443059	209.776
LLLSYLLGTLLGTLLGTLILI	LLLSYLLGTLLGTLLGYLILI	209.954	210.315	0.443059	0.379341	199.923
LLLSYLLGTLLGTLLGYLILI	LLLYYLLGTLLGTLLGYLILI	210.055	210.963	0.119534	1.00591	155.814
LLLYYLLGTLLGTLLGYLILI	LLLYYLLGTLLGTLLGTLILI	210.463	209.888	0.505042	0.328724	147.996
LLLYYLLGTLLGTLLGTLILI	LLLSYLLGTLLGTLLGTLILI	210.377	209.709	0.817658	0.171321	140.501
LLLSYLLGTLLGTLLGTLILI	LLLSYLLGTLLGTLLGYLILI	209.981	210.315	0.443059	0.379341	113.597
LLLSYLLGTLLGTLLGYLILI	LLLSYLLGTLLGTLLGTLILI	210.315	209.981	0.379341	0.443059	107.601
Time: 258s
