***STARTING GEOMETRY:***
xShift: 8.39907
crossingAngle: -44.1454
axialRotation: -99.057
zShift: 1.05005

Number of MCCycles: 200
PrevSequence	CurrSequence	PrevEnergy	CurrEnergy	PrevEntropy	CurrEntropy	CurrentTemp
LLLTYLLTTLLGTLLTTLILI	LLLTYLLTTLLGTLLTWLILI	-11.8177	-13.9516	0.749274	0.196163	999.847
LLLTYLLTTLLGTLLTWLILI	LLLTVLLTTLLGTLLTWLILI	-13.3942	-13.2992	0.753596	0.194474	999.512
LLLTVLLTTLLGTLLTWLILI	LLLYVLLTTLLGTLLTWLILI	-12.576	-14.7101	0.917682	0.141213	999.328
LLLYVLLTTLLGTLLTWLILI	LLLYVLLTVLLGTLLTWLILI	-13.9205	-10.4258	0.930859	0.137712	999.134
LLLYVLLTVLLGTLLTWLILI	LLLYVLLAVLLGTLLTWLILI	-9.37066	-8.06327	1.19282	0.0847157	998.928
LLLYVLLAVLLGTLLTWLILI	LLLYYLLAVLLGTLLTWLILI	-7.95351	-8.33616	0.194474	0.753596	998.708
LLLYYLLAVLLGTLLTWLILI	LLLYVLLAVLLGTLLTWLILI	-8.33616	-7.83963	0.753596	0.194474	998.476
LLLYVLLAVLLGTLLTWLILI	LLLYVLLAVLLGTLLTTLILI	-7.69085	-8.66201	0.343253	0.48602	998.229
LLLYVLLAVLLGTLLTTLILI	LLLYVLLAVLLGILLTTLILI	-8.36555	-3.26666	0.782479	0.183612	997.967
LLLYVLLAVLLGILLTTLILI	LLLYVLLAVLLGTLLTTLILI	-3.26666	-8.18441	0.183612	0.782479	997.689
LLLYVLLAVLLGTLLTTLILI	LLLYVLLAVLLGTLLSTLILI	-8.10089	0.341101	0.865998	0.155943	997.394
LLLYVLLAVLLGTLLSTLILI	LLLYVLLATLLGTLLSTLILI	0.362471	-2.95643	0.177314	0.800152	997.081
LLLYVLLATLLGTLLSTLILI	LLLYVLLATLLGTLLTTLILI	-3.63595	-11.9053	0.120637	1.001	996.749
LLLYVLLATLLGTLLTTLILI	LLLYVLLATLLGTLLTWLILI	-12.319	-11.9667	0.58734	0.274265	996.397
LLLYVLLATLLGTLLTWLILI	LLLYVLLATLLGTLLTTLILI	-11.9667	-12.8068	0.274265	0.58734	996.023
LLLYVLLATLLGTLLTTLILI	LLLYVLLATLLGTLLTWLILI	-12.8068	-11.9669	0.58734	0.274265	995.626
LLLYVLLATLLGTLLTWLILI	LLLYYLLATLLGTLLTWLILI	-12.136	-11.0973	0.105187	1.07465	995.205
LLLYYLLATLLGTLLTWLILI	LLLYYLLATLLGFLLTWLILI	-11.1677	-7.20214	1.0043	0.119894	994.285
LLLYYLLATLLGFLLTWLILI	LLLYYLLATLLGFLLTTLILI	-6.97878	-8.25066	0.343253	0.48602	993.782
LLLYYLLATLLGFLLTTLILI	LLLYYLLATLLGTLLTTLILI	-8.64456	-11.6684	0.0921195	1.14683	993.249
LLLYYLLATLLGTLLTTLILI	LLLYWLLATLLGTLLTTLILI	-12.364	-11.6152	0.451187	0.372136	992.683
LLLYWLLATLLGTLLTTLILI	LLLTWLLATLLGTLLTTLILI	-11.8461	-8.94625	0.141213	0.917682	992.084
LLLTWLLATLLGTLLTTLILI	LLLYWLLATLLGTLLTTLILI	-8.94625	-12.0009	0.917682	0.141213	991.448
LLLYWLLATLLGTLLTTLILI	LLLYWLLATLLGTLLTYLILI	-11.6032	-10.3782	0.538845	0.30482	990.058
LLLYWLLATLLGTLLTYLILI	LLLTWLLATLLGTLLTYLILI	-10.3782	-7.97762	0.30482	0.538845	989.3
LLLTWLLATLLGTLLTYLILI	LLLTWLLGTLLGTLLTYLILI	-8.36242	-6.8573	0.154044	0.872342	988.496
LLLTWLLGTLLGTLLTYLILI	LLLTWLLATLLGTLLTYLILI	-6.8573	-8.45564	0.872342	0.154044	987.644
LLLTWLLATLLGTLLTYLILI	LLLTWLLATLLGTLLTTLILI	-8.46847	-8.96611	0.141213	0.917682	986.74
LLLTWLLATLLGTLLTTLILI	LLLYWLLATLLGTLLTTLILI	-8.96611	-11.935	0.917682	0.141213	985.783
LLLYWLLATLLGTLLTTLILI	LLLYWLLAYLLGTLLTTLILI	-11.5373	-8.4183	0.538845	0.30482	984.769
LLLYWLLAYLLGTLLTTLILI	LLLYYLLAYLLGTLLTTLILI	-8.45107	-10.0991	0.272043	0.591129	983.694
LLLYYLLAYLLGTLLTTLILI	LLLYYLLAYLLGTLLTWLILI	-10.2042	-8.36807	0.48602	0.343253	982.555
LLLYYLLAYLLGTLLTWLILI	LLLYYLLAYLLGTLLTYLILI	-8.49648	-8.73961	0.21484	0.704234	981.348
LLLYYLLAYLLGTLLTYLILI	LLLYYLLATLLGTLLTYLILI	-8.83517	-11.8568	0.608671	0.262045	980.071
LLLYYLLATLLGTLLTYLILI	LLLWYLLATLLGTLLTYLILI	-11.5277	-9.24114	0.591129	0.272043	978.717
LLLWYLLATLLGTLLTYLILI	LLLWYLLGTLLGTLLTYLILI	-9.35913	-8.51623	0.154044	0.872342	977.285
LLLWYLLGTLLGTLLTYLILI	LLLWVLLGTLLGTLLTYLILI	-8.31392	-9.17329	1.07465	0.105187	975.768
LLLWVLLGTLLGTLLTYLILI	LLLWVLLGTLLGTLLTWLILI	-9.1297	-7.96937	0.148778	0.890414	974.162
LLLWVLLGTLLGTLLTWLILI	LLLWVLLGTLLGTLLTTLILI	-8.39882	-9.76022	0.460972	0.363705	972.463
LLLWVLLGTLLGTLLTTLILI	LLLWVLLATLLGTLLTTLILI	-9.25158	-10.8244	0.872342	0.154044	970.666
LLLWVLLATLLGTLLTTLILI	LLLWVLLATLLGTLLSTLILI	-9.97741	-1.29324	1.001	0.120637	968.764
LLLWVLLATLLGTLLSTLILI	LLLYVLLATLLGTLLSTLILI	-0.815008	-3.45681	0.598868	0.267575	966.754
LLLYVLLATLLGTLLSTLILI	LLLYVLLATLLGTLLTTLILI	-3.60375	-12.3931	0.120637	1.001	964.627
LLLYVLLATLLGTLLTTLILI	LLLYYLLATLLGTLLTTLILI	-13.2889	-11.8571	0.105187	1.07465	962.38
LLLYYLLATLLGTLLTTLILI	LLLYYLLATLLGTLLATLILI	-11.9407	-4.44866	0.990994	0.122923	960.005
LLLYYLLATLLGTLLATLILI	LLLYYLLATLLGTLLTTLILI	-4.44866	-10.7649	0.122923	0.990994	957.496
LLLYYLLATLLGTLLTTLILI	LLLYYLLATLLGTLLTWLILI	-11.1685	-12.7242	0.58734	0.274265	954.846
LLLYYLLATLLGTLLTWLILI	LLLYVLLATLLGTLLTWLILI	-11.9238	-11.6696	1.07465	0.105187	952.048
LLLYVLLATLLGTLLTWLILI	LLLYVLLAVLLGTLLTWLILI	-10.9746	-7.75981	0.800152	0.177314	949.095
LLLYVLLAVLLGTLLTWLILI	LLLYVLLAVLLGTLLTTLILI	-7.59387	-8.40931	0.343253	0.48602	945.979
LLLYVLLAVLLGTLLTTLILI	LLLYGLLAVLLGTLLTTLILI	-8.59011	-8.19169	0.305221	0.53825	942.693
LLLYGLLAVLLGTLLTTLILI	LLLTGLLAVLLGTLLTTLILI	-8.55813	-5.77241	0.171816	0.816184	939.229
LLLTGLLAVLLGTLLTTLILI	LLLTGLLAVLLGTLLTYLILI	-5.77241	-5.09363	0.816184	0.171816	935.578
LLLTGLLAVLLGTLLTYLILI	LLLTGLLATLLGTLLTYLILI	-5.19259	-7.74019	0.0728516	1.27634	931.732
LLLTGLLATLLGTLLTYLILI	LLLTGLLATLLGTLLTTLILI	-8.87532	-9.56033	0.141213	0.917682	927.683
LLLTGLLATLLGTLLTTLILI	LLLTGLLAVLLGTLLTTLILI	-9.08344	-6.52944	1.39457	0.0589809	923.422
LLLTGLLAVLLGTLLTTLILI	LLLTGLLAVLLGTLLTWLILI	-6.00108	-5.16753	0.58734	0.274265	918.939
LLLTGLLAVLLGTLLTWLILI	LLLTGLLAVLLGTLLTTLILI	-5.16753	-6.00108	0.274265	0.58734	914.227
LLLTGLLAVLLGTLLTTLILI	LLLTGLLAYLLGTLLTTLILI	-6.39395	-5.71766	0.194474	0.753596	909.276
LLLTGLLAYLLGTLLTTLILI	LLLTGLLATLLGTLLTTLILI	-6.33004	-9.56016	0.141213	0.917682	904.077
LLLTGLLATLLGTLLTTLILI	LLLTGLLGTLLGTLLTTLILI	-10.3708	-8.4636	0.107014	1.06535	898.621
LLLTGLLGTLLGTLLTTLILI	LLLTGLLGTLLGTLLTYLILI	-8.61126	-8.18172	0.917682	0.141213	892.899
LLLTGLLGTLLGTLLTYLILI	LLLYGLLGTLLGTLLTYLILI	-7.78409	-9.61883	0.538845	0.30482	886.903
LLLYGLLGTLLGTLLTYLILI	LLLYGLLATLLGTLLTYLILI	-8.8583	-11.309	1.06535	0.107014	880.623
LLLYGLLATLLGTLLTYLILI	LLLYGLLATLLGTLLTTLILI	-11.1111	-11.8251	0.30482	0.538845	874.051
LLLYGLLATLLGTLLTTLILI	LLLTGLLATLLGTLLTTLILI	-12.2228	-9.56016	0.141213	0.917682	867.179
LLLTGLLATLLGTLLTTLILI	LLLTGLLGTLLGTLLTTLILI	-10.3708	-8.1924	0.107014	1.06535	852.504
LLLTGLLGTLLGTLLTTLILI	LLLTYLLGTLLGTLLTTLILI	-8.66332	-10.3319	0.594419	0.270132	844.686
LLLTYLLGTLLGTLLTTLILI	LLLTVLLGTLLGTLLTTLILI	-9.84844	-9.43668	0.753596	0.194474	836.541
LLLTVLLGTLLGTLLTTLILI	LLLTVLLATLLGTLLTTLILI	-8.75881	-10.7528	0.872342	0.154044	828.061
LLLTVLLATLLGTLLTTLILI	LLLWVLLATLLGTLLTTLILI	-10.2331	-10.5984	0.673827	0.22865	819.243
LLLWVLLATLLGTLLTTLILI	LLLYVLLATLLGTLLTTLILI	-10.2281	-12.8964	0.598868	0.267575	810.083
LLLYVLLATLLGTLLTTLILI	LLLYYLLATLLGTLLTTLILI	-13.0588	-13.1763	0.105187	1.07465	790.724
LLLYYLLATLLGTLLTTLILI	LLLYYLLATLLGVLLTTLILI	-12.9746	-10.1506	1.27634	0.0728516	780.523
LLLYYLLATLLGVLLTTLILI	LLLYYLLATLLGTLLTTLILI	-10.1506	-13.1801	0.0728516	1.27634	759.081
LLLYYLLATLLGTLLTTLILI	LLLYYLLAYLLGTLLTTLILI	-14.0491	-10.2833	0.407346	0.413356	747.845
LLLYYLLAYLLGTLLTTLILI	LLLYGLLAYLLGTLLTTLILI	-9.93798	-8.21532	0.758648	0.192521	736.272
LLLYGLLAYLLGTLLTTLILI	LLLYGLLATLLGTLLTTLILI	-8.10302	-11.6052	0.30482	0.538845	724.369
LLLYGLLATLLGTLLTTLILI	LLLYGLLATLLGYLLTTLILI	-11.6052	-9.04511	0.538845	0.30482	712.142
LLLYGLLATLLGYLLTTLILI	LLLYGLLATLLGTLLTTLILI	-9.04511	-11.8233	0.30482	0.538845	699.602
LLLYGLLATLLGTLLTTLILI	LLLYGLLATLLGTLLTYLILI	-11.8233	-10.8529	0.538845	0.30482	686.76
LLLYGLLATLLGTLLTYLILI	LLLYGLLGTLLGTLLTYLILI	-11.0507	-8.73184	0.107014	1.06535	660.222
LLLYGLLGTLLGTLLTYLILI	LLLYYLLGTLLGTLLTYLILI	-9.52771	-10.2671	0.269472	0.595564	646.557
LLLYYLLGTLLGTLLTYLILI	LLLYYLLGTLLGTLLTTLILI	-10.4493	-11.5025	0.413356	0.407346	632.651
LLLYYLLGTLLGTLLTTLILI	LLLYYLLGTLLGVLLTTLILI	-10.6335	-8.57257	1.27634	0.0728516	618.524
LLLYYLLGTLLGVLLTTLILI	LLLYYLLGTLLGTLLTTLILI	-8.57257	-10.7637	0.0728516	1.27634	604.196
LLLYYLLGTLLGTLLTTLILI	LLLYYLLATLLGTLLTTLILI	-11.1677	-13.1709	0.872342	0.154044	589.688
LLLYYLLATLLGTLLTTLILI	LLLYYLLSTLLGTLLTTLILI	-13.0808	-13.405	0.244161	0.642213	575.025
LLLYYLLSTLLGTLLTTLILI	LLLYYLLSTLLGTLLTWLILI	-13.4598	-9.24813	0.58734	0.274265	560.23
LLLYYLLSTLLGTLLTWLILI	LLLYYLLGTLLGTLLTWLILI	-9.25078	-9.9747	0.271616	0.591862	545.329
LLLYYLLGTLLGTLLTWLILI	LLLYVLLGTLLGTLLTWLILI	-9.49191	-10.6492	1.07465	0.105187	530.348
LLLYVLLGTLLGTLLTWLILI	LLLYVLLGTLLGTLLTTLILI	-10.4801	-11.3197	0.274265	0.58734	515.312
LLLYVLLGTLLGTLLTTLILI	LLLYVLLGTLLGTLLTWLILI	-11.3197	-10.1766	0.58734	0.274265	500.25
LLLYVLLGTLLGTLLTWLILI	LLLYVLLGTLLGTLLTTLILI	-10.1766	-11.0163	0.274265	0.58734	485.188
LLLYVLLGTLLGTLLTTLILI	LLLYVLLATLLGTLLTTLILI	-10.7313	-12.7523	0.872342	0.154044	470.152
LLLYVLLATLLGTLLTTLILI	LLLYVLLATLLGTLLTWLILI	-12.319	-11.7343	0.58734	0.274265	425.475
LLLYVLLATLLGTLLTWLILI	LLLYVLLATLLGTLLTTLILI	-11.7343	-12.807	0.274265	0.58734	410.812
LLLYVLLATLLGTLLTTLILI	LLLYVLLATLLGYLLTTLILI	-12.8555	-9.6508	0.538845	0.30482	396.304
LLLYVLLATLLGYLLTTLILI	LLLYVLLSTLLGYLLTTLILI	-9.71146	-10.9875	0.244161	0.642213	381.976
LLLYVLLSTLLGYLLTTLILI	LLLYVLLSTLLGTLLTTLILI	-11.3249	-14.3804	0.30482	0.538845	367.849
LLLYVLLSTLLGTLLTTLILI	LLLYVLLATLLGTLLTTLILI	-14.277	-12.8769	0.642213	0.244161	276.131
LLLYVLLATLLGTLLTTLILI	LLLYVLLATLLGTLLTWLILI	-12.5337	-11.9669	0.58734	0.274265	264.228
LLLYVLLATLLGTLLTWLILI	LLLYVLLATLLGTLLTTLILI	-11.9669	-12.8068	0.274265	0.58734	252.655
LLLYVLLATLLGTLLTTLILI	LLLYYLLATLLGTLLTTLILI	-13.2889	-13.1763	0.105187	1.07465	219.977
LLLYYLLATLLGTLLTTLILI	LLLYVLLATLLGTLLTTLILI	-13.1763	-13.0494	1.07465	0.105187	209.776
LLLYVLLATLLGTLLTTLILI	LLLYVLLATLLGTLLTWLILI	-12.5672	-11.7343	0.58734	0.274265	199.923
LLLYVLLATLLGTLLTWLILI	LLLYYLLATLLGTLLTWLILI	-11.9034	-12.023	0.105187	1.07465	190.417
LLLYYLLATLLGTLLTWLILI	LLLYYLLATLLGTLLTTLILI	-12.8234	-12.7376	0.274265	0.58734	163.959
LLLYYLLATLLGTLLTTLILI	LLLYVLLATLLGTLLTTLILI	-12.2503	-12.5742	1.07465	0.105187	155.814
LLLYVLLATLLGTLLTTLILI	LLLYVLLATLLGTLLTWLILI	-12.0921	-11.9669	0.58734	0.274265	113.597
LLLYVLLATLLGTLLTWLILI	LLLYVLLATLLGTLLTTLILI	-11.9669	-12.2809	0.274265	0.58734	107.601
LLLYVLLATLLGTLLTTLILI	LLLYYLLATLLGTLLTTLILI	-12.7631	-13.1229	0.105187	1.07465	64.9219
LLLYYLLATLLGTLLTTLILI	LLLYVLLATLLGTLLTTLILI	-13.1229	-13.2889	1.07465	0.105187	61.271
LLLYVLLATLLGTLLTTLILI	LLLYYLLATLLGTLLTTLILI	-13.2889	-13.3818	0.105187	1.07465	40.495
Time: 196s
