***STARTING GEOMETRY:***
xShift: 8.44
crossingAngle: -44.57
axialRotation: -99.03
zShift: 0.95

Number of MCCycles: 200
PrevSequence	CurrSequence	PrevEnergy	CurrEnergy	PrevEntropy	CurrEntropy	CurrentTemp
LLLTYLLTTLLGTLLTTLILI	LLLTYLLTTLLGTLLTYLILI	-10.2932	-11.2441	0.693609	0.219549	999.847
LLLTYLLTTLLGTLLTYLILI	LLLTYLLATLLGTLLTYLILI	-10.0009	-8.48545	1.46278	0.0522692	999.684
LLLTYLLATLLGTLLTYLILI	LLLTYLLATLLGTLLTWLILI	-8.08653	-7.93324	0.451187	0.372136	999.512
LLLTYLLATLLGTLLTWLILI	LLLTYLLAFLLGTLLTWLILI	-7.15855	-3.76188	1.14683	0.0921195	999.328
LLLTYLLAFLLGTLLTWLILI	LLLTYLLAFLLGTLLTTLILI	-3.57974	-4.38314	0.274265	0.58734	999.134
LLLTYLLAFLLGTLLTTLILI	LLLTALLAFLLGTLLTTLILI	-4.43778	-1.31267	0.532699	0.308996	998.928
LLLTALLAFLLGTLLTTLILI	LLLTALLATLLGTLLTTLILI	-1.54686	-4.63862	0.0748068	1.26162	998.708
LLLTALLATLLGTLLTTLILI	LLLTVLLATLLGTLLTTLILI	-5.29875	-8.18198	0.601496	0.266078	998.476
LLLTVLLATLLGTLLTTLILI	LLLTYLLATLLGTLLTTLILI	-8.25358	-8.7389	0.194474	0.753596	998.229
LLLTYLLATLLGTLLTTLILI	LLLTVLLATLLGTLLTTLILI	-8.7389	-8.50514	0.753596	0.194474	997.967
LLLTVLLATLLGTLLTTLILI	LLLTVLLGTLLGTLLTTLILI	-8.54557	-7.33486	0.154044	0.872342	997.689
LLLTVLLGTLLGTLLTTLILI	LLLYVLLGTLLGTLLTTLILI	-7.28952	-9.4875	0.917682	0.141213	997.394
LLLYVLLGTLLGTLLTTLILI	LLLYVLLGTLLGTLLTYLILI	-9.08987	-8.45178	0.538845	0.30482	997.081
LLLYVLLGTLLGTLLTYLILI	LLLYFLLGTLLGTLLTYLILI	-8.41598	-7.05347	0.340616	0.489394	996.749
LLLYFLLGTLLGTLLTYLILI	LLLYVLLGTLLGTLLTYLILI	-7.05347	-8.12262	0.489394	0.340616	996.397
LLLYVLLGTLLGTLLTYLILI	LLLYVLLGTLLGTLLTWLILI	-8.01205	-8.43859	0.451187	0.372136	996.023
LLLYVLLGTLLGTLLTWLILI	LLLYFLLGTLLGTLLTWLILI	-8.47011	-7.10765	0.340616	0.489394	995.626
LLLYFLLGTLLGTLLTWLILI	LLLYFLLATLLGTLLTWLILI	-6.7247	-8.18817	0.872342	0.154044	995.205
LLLYFLLATLLGTLLTWLILI	LLLYFLLATLLGTLLTTLILI	-8.06795	-8.57166	0.274265	0.58734	994.758
LLLYFLLATLLGTLLTTLILI	LLLYFLLATLLGYLLTTLILI	-8.62016	-6.12716	0.538845	0.30482	994.285
LLLYFLLATLLGYLLTTLILI	LLLTFLLATLLGYLLTTLILI	-6.12716	-4.04078	0.30482	0.538845	993.782
LLLTFLLATLLGYLLTTLILI	LLLTFLLATLLGTLLTTLILI	-4.43841	-6.55174	0.141213	0.917682	993.249
LLLTFLLATLLGTLLTTLILI	LLLTFLLATLLGTLLTYLILI	-6.55174	-6.2447	0.917682	0.141213	992.683
LLLTFLLATLLGTLLTYLILI	LLLTFLLATLLGTLLTTLILI	-6.2447	-6.54136	0.141213	0.917682	992.084
LLLTFLLATLLGTLLTTLILI	LLLTFLLATLLGTLLTWLILI	-6.78521	-6.11068	0.673827	0.22865	991.448
LLLTFLLATLLGTLLTWLILI	LLLTVLLATLLGTLLTWLILI	-5.84994	-7.20804	0.489394	0.340616	990.773
LLLTVLLATLLGTLLTWLILI	LLLYVLLATLLGTLLTWLILI	-6.73247	-9.37562	0.816184	0.171816	990.058
LLLYVLLATLLGTLLTWLILI	LLLYVLLATLLGTLLTTLILI	-9.27317	-10.1112	0.274265	0.58734	989.3
LLLYVLLATLLGTLLTTLILI	LLLYYLLATLLGTLLTTLILI	-10.5934	-11.1146	0.105187	1.07465	988.496
LLLYYLLATLLGTLLTTLILI	LLLYYLLGTLLGTLLTTLILI	-12.0352	-8.92261	0.154044	0.872342	987.644
LLLYYLLGTLLGTLLTTLILI	LLLYYLLGTLLGFLLTTLILI	-8.64812	-6.60086	1.14683	0.0921195	986.74
LLLYYLLGTLLGFLLTTLILI	LLLYYLLATLLGFLLTTLILI	-5.82064	-7.36047	0.872342	0.154044	985.783
LLLYYLLATLLGFLLTTLILI	LLLYYLLATLLGFLLTWLILI	-7.02849	-6.08394	0.48602	0.343253	983.694
LLLYYLLATLLGFLLTWLILI	LLLYVLLATLLGFLLTWLILI	-5.35254	-4.75701	1.07465	0.105187	982.555
LLLYVLLATLLGFLLTWLILI	LLLYVLLATLLGFLLTTLILI	-4.51894	-5.75992	0.343253	0.48602	981.348
LLLYVLLATLLGFLLTTLILI	LLLYVLLGTLLGFLLTTLILI	-6.0919	-4.22295	0.154044	0.872342	980.071
LLLYVLLGTLLGFLLTTLILI	LLLYVLLATLLGFLLTTLILI	-4.22295	-5.82083	0.872342	0.154044	978.717
LLLYVLLATLLGFLLTTLILI	LLLYVLLATLLGTLLTTLILI	-5.88276	-9.55156	0.0921195	1.14683	977.285
LLLYVLLATLLGTLLTTLILI	LLLWVLLATLLGTLLTTLILI	-10.4308	-7.52844	0.267575	0.598868	975.768
LLLWVLLATLLGTLLTTLILI	LLLYVLLATLLGTLLTTLILI	-7.52844	-10.4308	0.598868	0.267575	974.162
LLLYVLLATLLGTLLTTLILI	LLLYVLLATLLGTLLTYLILI	-10.1595	-9.06185	0.538845	0.30482	972.463
LLLYVLLATLLGTLLTYLILI	LLLYVLLATLLGTLLTTLILI	-9.06185	-10.3849	0.30482	0.538845	970.666
LLLYVLLATLLGTLLTTLILI	LLLWVLLATLLGTLLTTLILI	-10.6562	-8.38632	0.267575	0.598868	964.627
LLLWVLLATLLGTLLTTLILI	LLLYVLLATLLGTLLTTLILI	-8.38632	-10.3881	0.598868	0.267575	962.38
LLLYVLLATLLGTLLTTLILI	LLLYYLLATLLGTLLTTLILI	-10.5504	-10.6335	0.105187	1.07465	960.005
LLLYYLLATLLGTLLTTLILI	LLLYYLLGTLLGTLLTTLILI	-11.5542	-10.4534	0.154044	0.872342	957.496
LLLYYLLGTLLGTLLTTLILI	LLLTYLLGTLLGTLLTTLILI	-11.0706	-8.72751	0.255144	0.62127	952.048
LLLTYLLGTLLGTLLTTLILI	LLLTYLLGTLLGYLLTTLILI	-8.72751	-4.52117	0.62127	0.255144	949.095
LLLTYLLGTLLGYLLTTLILI	LLLTGLLGTLLGYLLTTLILI	-4.32138	-4.29221	0.454934	0.368877	945.979
LLLTGLLGTLLGYLLTTLILI	LLLTGLLGTLLGTLLTTLILI	-4.51987	-7.04296	0.141213	0.917682	942.693
LLLTGLLGTLLGTLLTTLILI	LLLTGLLGTLLGYLLTTLILI	-7.04296	-4.51937	0.917682	0.141213	939.229
LLLTGLLGTLLGYLLTTLILI	LLLTGLLGTLLGYLLTWLILI	-4.07324	-2.79693	0.58734	0.274265	935.578
LLLTGLLGTLLGYLLTWLILI	LLLTGLLGTLLGYLLTTLILI	-2.79693	-4.32015	0.274265	0.58734	931.732
LLLTGLLGTLLGYLLTTLILI	LLLTGLLGTLLGTLLTTLILI	-4.76628	-6.41634	0.141213	0.917682	927.683
LLLTGLLGTLLGTLLTTLILI	LLLTVLLGTLLGTLLTTLILI	-6.33053	-8.08713	1.00348	0.120077	923.422
LLLTVLLGTLLGTLLTTLILI	LLLYVLLGTLLGTLLTTLILI	-7.28952	-9.52101	0.917682	0.141213	918.939
LLLYVLLGTLLGTLLTTLILI	LLLYVLLGTLLGTLLTWLILI	-9.07488	-8.53646	0.58734	0.274265	914.227
LLLYVLLGTLLGTLLTWLILI	LLLYVLLGTLLGTLLTTLILI	-8.53646	-9.37393	0.274265	0.58734	909.276
LLLYVLLGTLLGTLLTTLILI	LLLYYLLGTLLGTLLTTLILI	-9.85609	-9.63781	0.105187	1.07465	904.077
LLLYYLLGTLLGTLLTTLILI	LLLYYLLATLLGTLLTTLILI	-9.84012	-10.6352	0.872342	0.154044	892.899
LLLYYLLATLLGTLLTTLILI	LLLYVLLATLLGTLLTTLILI	-9.71458	-10.5504	1.07465	0.105187	886.903
LLLYVLLATLLGTLLTTLILI	LLLWVLLATLLGTLLTTLILI	-10.3881	-7.52844	0.267575	0.598868	880.623
LLLWVLLATLLGTLLTTLILI	LLLWVLLATLLGTLLTYLILI	-7.31112	-7.60859	0.816184	0.171816	874.051
LLLWVLLATLLGTLLTYLILI	LLLWVLLATLLGTLLTTLILI	-7.60859	-7.6797	0.171816	0.816184	867.179
LLLWVLLATLLGTLLTTLILI	LLLWVLLATLLGTLLTWLILI	-8.13218	-7.04472	0.363705	0.460972	859.999
LLLWVLLATLLGTLLTWLILI	LLLWVLLATLLGTLLTTLILI	-7.04472	-8.62149	0.460972	0.363705	852.504
LLLWVLLATLLGTLLTTLILI	LLLWGLLATLLGTLLTTLILI	-8.81312	-7.49134	0.172067	0.81544	844.686
LLLWGLLATLLGTLLTTLILI	LLLWGLLSTLLGTLLTTLILI	-8.06262	-4.80271	0.244161	0.642213	836.541
LLLWGLLSTLLGTLLTTLILI	LLLWGLLATLLGTLLTTLILI	-4.80271	-7.71726	0.642213	0.244161	828.061
LLLWGLLATLLGTLLTTLILI	LLLWGLLATLLGTLLTWLILI	-7.59772	-6.69441	0.363705	0.460972	819.243
LLLWGLLATLLGTLLTWLILI	LLLWGLLAVLLGTLLTWLILI	-6.02693	-2.69427	1.12845	0.0952708	810.083
LLLWGLLAVLLGTLLTWLILI	LLLYGLLAVLLGTLLTWLILI	-1.89913	-4.90403	0.890414	0.148778	800.577
LLLYGLLAVLLGTLLTWLILI	LLLYGLLGVLLGTLLTWLILI	-4.9458	-3.29599	0.107014	1.06535	790.724
LLLYGLLGVLLGTLLTWLILI	LLLYGLLGVLLGTLLTFLILI	-3.47092	-3.15988	0.890414	0.148778	780.523
LLLYGLLGVLLGTLLTFLILI	LLLYGLLGVLLGTLLTTLILI	-3.18876	-4.69422	0.119894	1.0043	769.974
LLLYGLLGVLLGTLLTTLILI	LLLYGLLGTLLGTLLTTLILI	-5.62567	-7.88926	0.0728516	1.27634	759.081
LLLYGLLGTLLGTLLTTLILI	LLLYVLLGTLLGTLLTTLILI	-8.16212	-9.49991	1.00348	0.120077	747.845
LLLYVLLGTLLGTLLTTLILI	LLLYVLLGTLLGTLLTWLILI	-9.03265	-8.53629	0.58734	0.274265	736.272
LLLYVLLGTLLGTLLTWLILI	LLLYVLLATLLGTLLTWLILI	-7.93821	-9.34799	0.872342	0.154044	724.369
LLLYVLLATLLGTLLTWLILI	LLLYVLLGTLLGTLLTWLILI	-9.34799	-7.64485	0.154044	0.872342	712.142
LLLYVLLGTLLGTLLTWLILI	LLLYVLLGTLLGTLLTTLILI	-8.24293	-9.03265	0.274265	0.58734	699.602
LLLYVLLGTLLGTLLTTLILI	LLLYVLLATLLGTLLTTLILI	-8.74764	-10.2419	0.872342	0.154044	686.76
LLLYVLLATLLGTLLTTLILI	LLLYVLLATLLGVLLTTLILI	-9.46509	-6.759	0.930859	0.137712	660.222
LLLYVLLATLLGVLLTTLILI	LLLYYLLATLLGVLLTTLILI	-6.70224	-7.40821	0.194474	0.753596	646.557
LLLYYLLATLLGVLLTTLILI	LLLYYLLATLLGTLLTTLILI	-8.08896	-7.94153	0.0728516	1.27634	632.651
LLLYYLLATLLGTLLTTLILI	LLLYVLLATLLGTLLTTLILI	-8.14322	-10.2906	1.07465	0.105187	618.524
LLLYVLLATLLGTLLTTLILI	LLLYYLLATLLGTLLTTLILI	-10.2906	-10.8511	0.105187	1.07465	604.196
LLLYYLLATLLGTLLTTLILI	LLLYVLLATLLGTLLTTLILI	-10.8511	-10.3182	1.07465	0.105187	589.688
LLLYVLLATLLGTLLTTLILI	LLLYGLLATLLGTLLTTLILI	-10.2514	-9.48412	0.172067	0.81544	575.025
LLLYGLLATLLGTLLTTLILI	LLLYVLLATLLGTLLTTLILI	-9.48412	-10.5265	0.81544	0.172067	560.23
LLLYVLLATLLGTLLTTLILI	LLLYVLLATLLGTLLTWLILI	-10.1112	-9.27301	0.58734	0.274265	545.329
LLLYVLLATLLGTLLTWLILI	LLLYVLLATLLGTLLTTLILI	-9.27301	-9.58219	0.274265	0.58734	530.348
LLLYVLLATLLGTLLTTLILI	LLLYYLLATLLGTLLTTLILI	-10.0643	-10.6756	0.105187	1.07465	515.312
LLLYYLLATLLGTLLTTLILI	LLLYVLLATLLGTLLTTLILI	-10.6756	-10.8187	1.07465	0.105187	440.27
LLLYVLLATLLGTLLTTLILI	LLLYVLLATLLGTLLTWLILI	-10.3366	-9.27317	0.58734	0.274265	381.976
LLLYVLLATLLGTLLTWLILI	LLLYVLLATLLGTLLTTLILI	-9.27317	-10.3366	0.274265	0.58734	353.943
LLLYVLLATLLGTLLTTLILI	LLLYYLLATLLGTLLTTLILI	-10.8187	-11.2061	0.105187	1.07465	313.74
LLLYYLLATLLGTLLTTLILI	LLLYGLLATLLGTLLTTLILI	-11.6852	-9.80147	0.595564	0.269472	264.228
LLLYGLLATLLGTLLTTLILI	LLLYGLLSTLLGTLLTTLILI	-9.82678	-11.7239	0.244161	0.642213	252.655
LLLYGLLSTLLGTLLTTLILI	LLLYWLLSTLLGTLLTTLILI	-12.0665	-11.9457	0.299616	0.546658	241.419
LLLYWLLSTLLGTLLTTLILI	LLLYTLLSTLLGTLLTTLILI	-12.2637	-11.1527	0.22865	0.673827	190.417
LLLYTLLSTLLGTLLTTLILI	LLLYFLLSTLLGTLLTTLILI	-10.5649	-11.6084	1.26162	0.0748068	181.257
LLLYFLLSTLLGTLLTTLILI	LLLYYLLSTLLGTLLTTLILI	-11.5511	-12.8097	0.132101	0.952787	147.996
LLLYYLLSTLLGTLLTTLILI	LLLYVLLSTLLGTLLTTLILI	-12.6879	-13.5377	1.07465	0.105187	24.7321
Time: 212s
