***STARTING GEOMETRY:***
xShift: 8.75513
crossingAngle: -40.3932
axialRotation: 51.271
zShift: 4.00659

Number of MCCycles: 100
PrevSequence	CurrSequence	PrevEnergy	CurrEnergy	PrevEntropy	CurrEntropy	CurrentTemp
LLLYLLTTLLGTLLTYLLILI	LLLYLLTTLLGTLLTTLLILI	-24.1534	-23.8568	0.255144	0.62127	999.684
LLLYLLTTLLGTLLTTLLILI	LLLYLLTTLLGTLLTYLLILI	-23.8568	-24.4269	0.62127	0.255144	998.928
LLLYLLTTLLGTLLTYLLILI	LLLYLLTTLLGTLLTTLLILI	-24.4269	-23.8568	0.255144	0.62127	998.476
LLLYLLTTLLGTLLTTLLILI	LLLALLTTLLGTLLTTLLILI	-23.6696	-17.8641	0.80848	0.174433	997.967
LLLALLTTLLGTLLTTLLILI	LLLALLTTLLGILLTTLLILI	-17.0204	-13.9977	1.01811	0.116837	997.394
LLLALLTTLLGILLTTLLILI	LLLALLYTLLGILLTTLLILI	-13.2983	-10.3095	0.816184	0.171816	996.749
LLLALLYTLLGILLTTLLILI	LLLALLYTLLGTLLTTLLILI	-10.3386	-13.4461	0.142768	0.911943	996.023
LLLALLYTLLGTLLTTLLILI	LLLALLYTLLGTLLTYLLILI	-13.8191	-14.2605	0.538845	0.30482	995.205
LLLALLYTLLGTLLTYLLILI	LLLGLLYTLLGTLLTYLLILI	-14.4113	-13.0554	0.154044	0.872342	994.285
LLLGLLYTLLGTLLTYLLILI	LLLGLLYTLLGILLTYLLILI	-13.1453	-7.33844	0.782479	0.183612	993.249
LLLGLLYTLLGILLTYLLILI	LLLGLLYTLLGTLLTYLLILI	-7.33844	-13.1453	0.183612	0.782479	992.084
LLLGLLYTLLGTLLTYLLILI	LLLGLLTTLLGTLLTYLLILI	-13.6229	-17.5244	0.30482	0.538845	990.773
LLLGLLTTLLGTLLTYLLILI	LLLGLLTTLLGTLLTTLLILI	-17.922	-16.9385	0.141213	0.917682	989.3
LLLGLLTTLLGTLLTTLLILI	LLLALLTTLLGTLLTTLLILI	-16.9839	-17.8845	0.872342	0.154044	985.783
LLLALLTTLLGTLLTTLLILI	LLLALLTTLLGTLLTYLLILI	-17.1209	-18.1044	0.917682	0.141213	983.694
LLLALLTTLLGTLLTYLLILI	LLLGLLTTLLGTLLTYLLILI	-18.0915	-17.1909	0.154044	0.872342	981.348
LLLGLLTTLLGTLLTYLLILI	LLLGLLTSLLGTLLTYLLILI	-17.0622	-12.6396	1.001	0.120637	978.717
LLLGLLTSLLGTLLTYLLILI	LLLGLLTSLLTTLLTYLLILI	-12.5661	-21.9416	0.194196	0.754313	975.768
LLLGLLTSLLTTLLTYLLILI	LLLALLTSLLTTLLTYLLILI	-22.1118	-22.6141	0.584123	0.276169	972.463
LLLALLTSLLTTLLTYLLILI	LLLALLYSLLTTLLTYLLILI	-22.3514	-20.6917	0.538845	0.30482	968.764
LLLALLYSLLTTLLTYLLILI	LLLGLLYSLLTTLLTYLLILI	-20.7204	-19.9498	0.276169	0.584123	964.627
LLLGLLYSLLTTLLTYLLILI	LLLALLYSLLTTLLTYLLILI	-19.9498	-20.7204	0.584123	0.276169	960.005
LLLALLYSLLTTLLTYLLILI	LLLALLTSLLTTLLTYLLILI	-20.6917	-22.3514	0.30482	0.538845	954.846
LLLALLTSLLTTLLTYLLILI	LLLALLYSLLTTLLTYLLILI	-22.3514	-20.6917	0.538845	0.30482	949.095
LLLALLYSLLTTLLTYLLILI	LLLALLTSLLTTLLTYLLILI	-20.6917	-22.3514	0.30482	0.538845	942.693
LLLALLTSLLTTLLTYLLILI	LLLALLTALLTTLLTYLLILI	-22.4861	-21.302	0.404229	0.416521	935.578
LLLALLTALLTTLLTYLLILI	LLLALLTALLTTLLTTLLILI	-21.5773	-20.5616	0.141213	0.917682	927.683
LLLALLTALLTTLLTTLLILI	LLLGLLTALLTTLLTTLLILI	-21.0156	-20.9139	0.463748	0.36136	918.939
LLLGLLTALLTTLLTTLLILI	LLLALLTALLTTLLTTLLILI	-20.9139	-21.0156	0.36136	0.463748	909.276
LLLALLTALLTTLLTTLLILI	LLLGLLTALLTTLLTTLLILI	-21.0156	-20.9139	0.463748	0.36136	898.621
LLLGLLTALLTTLLTTLLILI	LLLGLLTSLLTTLLTTLLILI	-21.0311	-21.8105	0.244161	0.642213	886.903
LLLGLLTSLLTTLLTTLLILI	LLLGLLTSLLTTLLTYLLILI	-21.5351	-22.5547	0.917682	0.141213	874.051
LLLGLLTSLLTTLLTYLLILI	LLLALLTSLLTTLLTYLLILI	-22.1118	-22.6141	0.584123	0.276169	859.999
LLLALLTSLLTTLLTYLLILI	LLLALLTSLLTTLLTTLLILI	-22.7491	-21.7294	0.141213	0.917682	844.686
LLLALLTSLLTTLLTTLLILI	LLLGLLTSLLTTLLTTLLILI	-22.3709	-21.8686	0.276169	0.584123	828.061
LLLGLLTSLLTTLLTTLLILI	LLLGLLTSLLTTLLTYLLILI	-21.5351	-22.5547	0.917682	0.141213	810.083
LLLGLLTSLLTTLLTYLLILI	LLLGLLTALLTTLLTYLLILI	-22.0537	-21.2704	0.642213	0.244161	790.724
LLLGLLTALLTTLLTYLLILI	LLLGLLYALLTTLLTYLLILI	-20.9757	-19.1632	0.538845	0.30482	769.974
LLLGLLYALLTTLLTYLLILI	LLLGLLYSLLTTLLTYLLILI	-19.2239	-19.8917	0.244161	0.642213	747.845
LLLGLLYSLLTTLLTYLLILI	LLLALLYSLLTTLLTYLLILI	-19.9498	-20.7204	0.584123	0.276169	724.369
LLLALLYSLLTTLLTYLLILI	LLLALLYSLLTTLLTFLLILI	-20.0438	-19.4479	0.952787	0.132101	699.602
LLLALLYSLLTTLLTFLLILI	LLLALLYSLLTTLLTYLLILI	-19.4479	-20.0438	0.132101	0.952787	673.628
LLLALLYSLLTTLLTYLLILI	LLLALLTSLLTTLLTYLLILI	-20.6917	-22.3514	0.30482	0.538845	646.557
LLLALLTSLLTTLLTYLLILI	LLLALLTSLLTTLLTTLLILI	-22.7491	-21.7294	0.141213	0.917682	618.524
LLLALLTSLLTTLLTTLLILI	LLLGLLTSLLTTLLTTLLILI	-22.3709	-21.8686	0.276169	0.584123	589.688
LLLGLLTSLLTTLLTTLLILI	LLLGLLTALLTTLLTTLLILI	-21.8105	-21.0311	0.642213	0.244161	560.23
LLLGLLTALLTTLLTTLLILI	LLLGLLTSLLTTLLTTLLILI	-21.0311	-21.8105	0.244161	0.642213	530.348
LLLGLLTSLLTTLLTTLLILI	LLLGLLTSLLTTLLTYLLILI	-21.5351	-22.5547	0.917682	0.141213	500.25
LLLGLLTSLLTTLLTYLLILI	LLLALLTSLLTTLLTYLLILI	-22.1118	-22.6141	0.584123	0.276169	470.152
LLLALLTSLLTTLLTYLLILI	LLLGLLTSLLTTLLTYLLILI	-22.6141	-22.1118	0.276169	0.584123	440.27
LLLGLLTSLLTTLLTYLLILI	LLLGLLTALLTTLLTYLLILI	-22.0537	-21.2704	0.642213	0.244161	410.812
LLLGLLTALLTTLLTYLLILI	LLLGLLTSLLTTLLTYLLILI	-21.2704	-22.0537	0.244161	0.642213	381.976
LLLGLLTSLLTTLLTYLLILI	LLLALLTSLLTTLLTYLLILI	-22.1118	-22.6141	0.584123	0.276169	353.943
LLLALLTSLLTTLLTYLLILI	LLLALLFSLLTTLLTYLLILI	-21.7435	-20.2722	1.14683	0.0921195	300.898
LLLALLFSLLTTLLTYLLILI	LLLALLFSLLTTLLTTLLILI	-20.1925	-19.3051	0.171816	0.816184	276.131
LLLALLFSLLTTLLTTLLILI	LLLGLLFSLLTTLLTTLLILI	-19.8451	-19.0335	0.276169	0.584123	252.655
LLLGLLFSLLTTLLTTLLILI	LLLALLFSLLTTLLTTLLILI	-19.0335	-19.8451	0.584123	0.276169	230.526
LLLALLFSLLTTLLTTLLILI	LLLALLFSLLTTLLTYLLILI	-19.3051	-20.1925	0.816184	0.171816	190.417
LLLALLFSLLTTLLTYLLILI	LLLALLTSLLTTLLTYLLILI	-20.2722	-21.7435	0.0921195	1.14683	172.439
Time: 113s
