***STARTING GEOMETRY:***
xShift: 8.26938
crossingAngle: -45.8445
axialRotation: 51.0769
zShift: 5.24152

Number of MCCycles: 100
PrevSequence	CurrSequence	PrevEnergy	CurrEnergy	PrevEntropy	CurrEntropy	CurrentTemp
LLLGLLYGLLTTLLTTLLILI	LLLGLLTGLLTTLLTTLLILI	-18.4377	-25.4604	0.141213	0.917682	999.684
LLLGLLTGLLTTLLTTLLILI	LLLGLLTGLLTTLLTYLLILI	-25.4604	-24.7708	0.917682	0.141213	999.328
LLLGLLTGLLTTLLTYLLILI	LLLGLLTGLLTTLLTTLLILI	-24.7708	-25.4604	0.141213	0.917682	998.928
LLLGLLTGLLTTLLTTLLILI	LLLGLLTGLLYTLLTTLLILI	-25.4604	-26.4874	0.917682	0.141213	998.476
LLLGLLTGLLYTLLTTLLILI	LLLGLLTGLLTTLLTTLLILI	-26.4874	-25.8811	0.141213	0.917682	997.967
LLLGLLTGLLTTLLTTLLILI	LLLGLLTGLLTTLLVTLLILI	-25.4043	-23.0092	1.39457	0.0589809	997.394
LLLGLLTGLLTTLLVTLLILI	LLLGLLTALLTTLLVTLLILI	-22.1959	-17.6436	0.872342	0.154044	996.749
LLLGLLTALLTTLLVTLLILI	LLLGLLTGLLTTLLVTLLILI	-17.6436	-22.1959	0.154044	0.872342	996.023
LLLGLLTGLLTTLLVTLLILI	LLLGLLTGLLTTLLTTLLILI	-23.0092	-25.4038	0.0589809	1.39457	995.205
LLLGLLTGLLTTLLTTLLILI	LLLGLLVGLLTTLLTTLLILI	-25.4038	-23.0234	1.39457	0.0589809	994.285
LLLGLLVGLLTTLLTTLLILI	LLLGLLTGLLTTLLTTLLILI	-23.0234	-25.4038	0.0589809	1.39457	993.249
LLLGLLTGLLTTLLTTLLILI	LLLGLLYGLLTTLLTTLLILI	-25.8807	-23.4534	0.917682	0.141213	992.084
LLLGLLYGLLTTLLTTLLILI	LLLGLLYGLLTTLLTYLLILI	-23.0558	-22.4785	0.538845	0.30482	990.773
LLLGLLYGLLTTLLTYLLILI	LLLGLLYGLLYTLLTYLLILI	-22.4546	-21.9867	0.328724	0.505042	989.3
LLLGLLYGLLYTLLTYLLILI	LLLGLLTGLLYTLLTYLLILI	-21.9867	-25.2991	0.505042	0.328724	987.644
LLLGLLTGLLYTLLTYLLILI	LLLGLLTGLLTTLLTYLLILI	-25.323	-25.2638	0.30482	0.538845	985.783
LLLGLLTGLLTTLLTYLLILI	LLLGLLTGLLTTLLTTLLILI	-25.6614	-25.8811	0.141213	0.917682	983.694
LLLGLLTGLLTTLLTTLLILI	LLLGLLTGLLYTLLTTLLILI	-25.8811	-26.4636	0.917682	0.141213	981.348
LLLGLLTGLLYTLLTTLLILI	LLLGLLTGLLTTLLTTLLILI	-26.4636	-25.8811	0.141213	0.917682	978.717
LLLGLLTGLLTTLLTTLLILI	LLLGLLTGLLTTLLTYLLILI	-25.8811	-25.6614	0.917682	0.141213	975.768
LLLGLLTGLLTTLLTYLLILI	LLLGLLTGLLTTLLTTLLILI	-25.6614	-25.8811	0.141213	0.917682	972.463
LLLGLLTGLLTTLLTTLLILI	LLLGLLTGLLYTLLTTLLILI	-25.8811	-26.5723	0.917682	0.141213	968.764
LLLGLLTGLLYTLLTTLLILI	LLLGLLLGLLYTLLTTLLILI	-25.5291	-22.7338	1.18439	0.0860236	964.627
LLLGLLLGLLYTLLTTLLILI	LLLGLLLGLLYTLLVTLLILI	-21.6913	-18.2808	1.12845	0.0952708	960.005
LLLGLLLGLLYTLLVTLLILI	LLLGLLTGLLYTLLVTLLILI	-18.264	-20.8048	0.112128	1.04019	954.846
LLLGLLTGLLYTLLVTLLILI	LLLGLLTGLLYILLVTLLILI	-20.7369	-19.4259	1.10811	0.098896	949.095
LLLGLLTGLLYILLVTLLILI	LLLGLLTGLLYTLLVTLLILI	-19.4259	-20.2784	0.098896	1.10811	942.693
LLLGLLTGLLYTLLVTLLILI	LLLGLLTGLLYTLLTTLLILI	-21.3137	-26.9005	0.0728516	1.27634	935.578
LLLGLLTGLLYTLLTTLLILI	LLLGLLTGLLYTLLVTLLILI	-26.9005	-24.3158	1.27634	0.0728516	927.683
LLLGLLTGLLYTLLVTLLILI	LLLGLLTGLLYILLVTLLILI	-23.2805	-19.3994	1.10811	0.098896	918.939
LLLGLLTGLLYILLVTLLILI	LLLGLLTGLLYILLTTLLILI	-19.403	-22.3303	0.0952708	1.12845	909.276
LLLGLLTGLLYILLTTLLILI	LLLGLLTGLLYTLLTTLLILI	-23.3831	-26.922	0.0756774	1.2552	898.621
LLLGLLTGLLYTLLTTLLILI	LLLGLLTGLLTTLLTTLLILI	-28.036	-25.8811	0.141213	0.917682	886.903
LLLGLLTGLLTTLLTTLLILI	LLLGLLTGLLTTLLTYLLILI	-25.8811	-25.6614	0.917682	0.141213	874.051
LLLGLLTGLLTTLLTYLLILI	LLLGLLTGLLTTLLTTLLILI	-25.6614	-25.8811	0.141213	0.917682	859.999
LLLGLLTGLLTTLLTTLLILI	LLLGLLTGLLYTLLTTLLILI	-25.8811	-26.4874	0.917682	0.141213	844.686
LLLGLLTGLLYTLLTTLLILI	LLLGLLTGLLYTLLTFLLILI	-25.4818	-24.1683	1.14683	0.0921195	828.061
LLLGLLTGLLYTLLTFLLILI	LLLGLLTGLLYTLLTYLLILI	-24.1283	-25.2273	0.132101	0.952787	810.083
LLLGLLTGLLYTLLTYLLILI	LLLGLLTGLLYTLLTTLLILI	-25.8753	-26.527	0.30482	0.538845	790.724
LLLGLLTGLLYTLLTTLLILI	LLLGLLTGLLYTLLTYLLILI	-26.527	-25.323	0.538845	0.30482	747.845
LLLGLLTGLLYTLLTYLLILI	LLLGLLTGLLYTLLTFLLILI	-24.6751	-25.5941	0.952787	0.132101	724.369
LLLGLLTGLLYTLLTFLLILI	LLLGLLTGLLYTLLTTLLILI	-25.6341	-25.5896	0.0921195	1.14683	699.602
LLLGLLTGLLYTLLTTLLILI	LLLGLLTGLLTTLLTTLLILI	-26.5952	-25.8811	0.141213	0.917682	673.628
LLLGLLTGLLTTLLTTLLILI	LLLGLLTGLLTTLLTYLLILI	-25.8811	-25.6614	0.917682	0.141213	646.557
LLLGLLTGLLTTLLTYLLILI	LLLGLLTGLLYTLLTYLLILI	-25.2638	-25.4225	0.538845	0.30482	618.524
LLLGLLTGLLYTLLTYLLILI	LLLGLLTGLLTTLLTYLLILI	-25.4225	-25.2638	0.30482	0.538845	589.688
LLLGLLTGLLTTLLTYLLILI	LLLGLLTGLLYTLLTYLLILI	-25.2638	-26.8743	0.538845	0.30482	560.23
LLLGLLTGLLYTLLTYLLILI	LLLGLLTGLLTTLLTYLLILI	-26.8743	-25.2638	0.30482	0.538845	530.348
LLLGLLTGLLTTLLTYLLILI	LLLGLLTGLLTTLLTTLLILI	-25.6614	-25.8811	0.141213	0.917682	500.25
LLLGLLTGLLTTLLTTLLILI	LLLGLLTGLLTTLLTYLLILI	-25.8811	-25.6614	0.917682	0.141213	470.152
LLLGLLTGLLTTLLTYLLILI	LLLGLLTGLLTTLLTTLLILI	-25.6614	-25.8811	0.141213	0.917682	440.27
LLLGLLTGLLTTLLTTLLILI	LLLGLLTGLLTTLLTYLLILI	-25.8811	-25.6614	0.917682	0.141213	381.976
LLLGLLTGLLTTLLTYLLILI	LLLGLLTGLLTTLLTTLLILI	-25.6614	-25.8811	0.141213	0.917682	326.872
LLLGLLTGLLTTLLTTLLILI	LLLGLLTGLLTTLLVTLLILI	-25.4043	-23.0092	1.39457	0.0589809	300.898
LLLGLLTGLLTTLLVTLLILI	LLLGLLTGLLYTLLVTLLILI	-22.252	-22.7795	0.816184	0.171816	276.131
LLLGLLTGLLYTLLVTLLILI	LLLGLLTGLLTTLLVTLLILI	-22.7795	-22.2516	0.171816	0.816184	252.655
LLLGLLTGLLTTLLVTLLILI	LLLGLLTGLLYTLLVTLLILI	-22.2516	-22.6717	0.816184	0.171816	230.526
LLLGLLTGLLYTLLVTLLILI	LLLGLLTGLLYTLLTTLLILI	-22.7707	-25.4601	0.0728516	1.27634	209.776
LLLGLLTGLLYTLLTTLLILI	LLLGLLTGLLYTLLTYLLILI	-26.1976	-25.29	0.538845	0.30482	172.439
LLLGLLTGLLYTLLTYLLILI	LLLGLLTGLLTTLLTYLLILI	-25.29	-25.2638	0.30482	0.538845	155.814
LLLGLLTGLLTTLLTYLLILI	LLLGLLTGLLYTLLTYLLILI	-25.2638	-25.7757	0.538845	0.30482	140.501
LLLGLLTGLLYTLLTYLLILI	LLLGLLTGLLYTLLTTLLILI	-25.7757	-27.6384	0.30482	0.538845	126.449
Time: 178s
