MCAccept 0 xShift: 8.29 crossingAngle: -44.63 axialRotation: -2.79203 zShift: 2.4 energy: 3.56067
MCReject   xShift: 8.29569 crossingAngle: -44.63 axialRotation: -2.79203 zShift: 2.4 energy: 4.02283
MCReject   xShift: 8.29 crossingAngle: -44.4398 axialRotation: -2.79203 zShift: 2.4 energy: 4.02283
MCReject   xShift: 8.29 crossingAngle: -44.63 axialRotation: -2.79203 zShift: 2.39626 energy: 4.00978
MCAccept 1 xShift: 8.29 crossingAngle: -44.63 axialRotation: -2.97424 zShift: 2.4 energy: 3.56067
MCAccept 2 xShift: 8.28171 crossingAngle: -44.63 axialRotation: -2.97424 zShift: 2.4 energy: 3.56067
MCAccept 3 xShift: 8.28171 crossingAngle: -44.58 axialRotation: -2.97424 zShift: 2.4 energy: 3.56134
MCAccept 4 xShift: 8.28171 crossingAngle: -44.58 axialRotation: -2.97424 zShift: 2.38729 energy: 3.51358
MCAccept 5 xShift: 8.28171 crossingAngle: -44.58 axialRotation: -2.93694 zShift: 2.38729 energy: 3.51358
MCAccept 6 xShift: 8.28592 crossingAngle: -44.58 axialRotation: -2.93694 zShift: 2.38729 energy: 3.51358
MCReject   xShift: 8.28592 crossingAngle: -44.58 axialRotation: -2.93694 zShift: 2.39081 energy: 3.52723
MCAccept 7 xShift: 8.28592 crossingAngle: -44.58 axialRotation: -2.78992 zShift: 2.38729 energy: 3.51358
MCAccept 8 xShift: 8.28089 crossingAngle: -44.58 axialRotation: -2.78992 zShift: 2.38729 energy: 3.51358
MCAccept 9 xShift: 8.28089 crossingAngle: -44.5832 axialRotation: -2.78992 zShift: 2.38729 energy: 3.51358
MCAccept 10 xShift: 8.28089 crossingAngle: -44.5832 axialRotation: -2.78992 zShift: 2.38948 energy: 3.52233
MCAccept 11 xShift: 8.28089 crossingAngle: -44.4371 axialRotation: -2.78992 zShift: 2.38948 energy: 3.52166
MCAccept 12 xShift: 8.30446 crossingAngle: -44.4371 axialRotation: -2.78992 zShift: 2.38948 energy: 3.52233
MCReject   xShift: 8.30446 crossingAngle: -44.4958 axialRotation: -2.78992 zShift: 2.38948 energy: 3.9863
MCReject   xShift: 8.29884 crossingAngle: -44.4371 axialRotation: -2.78992 zShift: 2.38948 energy: 3.9863
MCAccept 13 xShift: 8.30446 crossingAngle: -44.4371 axialRotation: -2.78992 zShift: 2.41004 energy: 3.5983
MCAccept 14 xShift: 8.30446 crossingAngle: -44.2673 axialRotation: -2.78992 zShift: 2.41004 energy: 3.5983
MCAccept 15 xShift: 8.30446 crossingAngle: -44.2673 axialRotation: -2.82854 zShift: 2.41004 energy: 3.5983
MCAccept 16 xShift: 8.30446 crossingAngle: -44.2673 axialRotation: -2.8542 zShift: 2.41004 energy: 3.59897
MCReject   xShift: 8.30446 crossingAngle: -44.2673 axialRotation: -2.8542 zShift: 2.41523 energy: 4.07722
MCReject   xShift: 8.30446 crossingAngle: -44.2673 axialRotation: -2.8542 zShift: 2.40731 energy: 4.0485
MCAccept 17 xShift: 8.30446 crossingAngle: -44.2673 axialRotation: -2.8542 zShift: 2.42048 energy: 3.63854
MCReject   xShift: 8.30539 crossingAngle: -44.2673 axialRotation: -2.8542 zShift: 2.42048 energy: 4.09595
MCReject   xShift: 8.30446 crossingAngle: -44.2673 axialRotation: -2.87267 zShift: 2.42048 energy: 4.09595
MCAccept 18 xShift: 8.29771 crossingAngle: -44.2673 axialRotation: -2.8542 zShift: 2.42048 energy: 3.63854
MCAccept 19 xShift: 8.29771 crossingAngle: -44.2673 axialRotation: -2.90709 zShift: 2.42048 energy: 3.63854
MCAccept 20 xShift: 8.29771 crossingAngle: -44.2673 axialRotation: -2.90709 zShift: 2.42084 energy: 3.63923
MCAccept 21 xShift: 8.29771 crossingAngle: -44.2673 axialRotation: -2.79508 zShift: 2.42084 energy: 3.63991
MCReject   xShift: 8.29771 crossingAngle: -44.353 axialRotation: -2.79508 zShift: 2.42084 energy: 4.09724
MCAccept 22 xShift: 8.29771 crossingAngle: -44.2673 axialRotation: -2.79508 zShift: 2.42627 energy: 3.66067
MCAccept 23 xShift: 8.29771 crossingAngle: -44.2673 axialRotation: -2.79508 zShift: 2.41087 energy: 3.60212
MCAccept 24 xShift: 8.29771 crossingAngle: -44.2673 axialRotation: -2.79508 zShift: 2.41454 energy: 3.6153
MCAccept 25 xShift: 8.29847 crossingAngle: -44.2673 axialRotation: -2.79508 zShift: 2.41454 energy: 3.6153
MCAccept 26 xShift: 8.29847 crossingAngle: -44.1081 axialRotation: -2.79508 zShift: 2.41454 energy: 3.6153
MCAccept 27 xShift: 8.30653 crossingAngle: -44.1081 axialRotation: -2.79508 zShift: 2.41454 energy: 3.6153
MCAccept 28 xShift: 8.28893 crossingAngle: -44.1081 axialRotation: -2.79508 zShift: 2.41454 energy: 3.61598
MCAccept 29 xShift: 8.28893 crossingAngle: -44.1081 axialRotation: -2.79508 zShift: 2.42952 energy: 3.67245
MCReject   xShift: 8.30873 crossingAngle: -44.1081 axialRotation: -2.79508 zShift: 2.42952 energy: 4.12782
MCAccept 30 xShift: 8.28893 crossingAngle: -44.1081 axialRotation: -2.97122 zShift: 2.42952 energy: 3.67245
MCAccept 31 xShift: 8.28893 crossingAngle: -44.1081 axialRotation: -2.97122 zShift: 2.4342 energy: 3.69046
MCAccept 32 xShift: 8.28893 crossingAngle: -44.1358 axialRotation: -2.97122 zShift: 2.4342 energy: 4.14478
MCAccept 33 xShift: 8.28893 crossingAngle: -44.1358 axialRotation: -2.97122 zShift: 2.43881 energy: 3.70831
MCAccept 34 xShift: 8.28893 crossingAngle: -44.1358 axialRotation: -3.04117 zShift: 2.43881 energy: 3.70899
MCAccept 35 xShift: 8.28893 crossingAngle: -44.1358 axialRotation: -3.04117 zShift: 2.43054 energy: 3.67637
MCAccept 36 xShift: 8.27861 crossingAngle: -44.1358 axialRotation: -3.04117 zShift: 2.43054 energy: 3.67705
MCAccept 37 xShift: 8.27861 crossingAngle: -44.1358 axialRotation: -3.13409 zShift: 2.43054 energy: 3.67705
MCAccept 38 xShift: 8.27861 crossingAngle: -44.1358 axialRotation: -3.15897 zShift: 2.43054 energy: 3.67705
MCAccept 39 xShift: 8.27861 crossingAngle: -44.2081 axialRotation: -3.15897 zShift: 2.43054 energy: 3.67705
MCAccept 40 xShift: 8.27861 crossingAngle: -44.0972 axialRotation: -3.15897 zShift: 2.43054 energy: 3.67637
MCAccept 41 xShift: 8.27861 crossingAngle: -44.0995 axialRotation: -3.15897 zShift: 2.43054 energy: 3.67705
MCAccept 42 xShift: 8.27861 crossingAngle: -44.0995 axialRotation: -3.10775 zShift: 2.43054 energy: 3.67637
MCAccept 43 xShift: 8.27861 crossingAngle: -43.9639 axialRotation: -3.10775 zShift: 2.43054 energy: 3.67637
MCAccept 44 xShift: 8.27861 crossingAngle: -43.9541 axialRotation: -3.10775 zShift: 2.43054 energy: 3.67705
MCReject   xShift: 8.27861 crossingAngle: -43.9935 axialRotation: -3.10775 zShift: 2.43054 energy: 4.13151
MCAccept 45 xShift: 8.27445 crossingAngle: -43.9541 axialRotation: -3.10775 zShift: 2.43054 energy: 3.67705
MCAccept 46 xShift: 8.27261 crossingAngle: -43.9541 axialRotation: -3.10775 zShift: 2.43054 energy: 3.67705
MCReject   xShift: 8.25263 crossingAngle: -43.9541 axialRotation: -3.10775 zShift: 2.43054 energy: 4.13219
MCReject   xShift: 8.27261 crossingAngle: -43.9541 axialRotation: -3.10775 zShift: 2.45676 energy: 3.77918
MCAccept 47 xShift: 8.27261 crossingAngle: -43.9541 axialRotation: -3.06648 zShift: 2.43054 energy: 3.67637
MCReject   xShift: 8.27261 crossingAngle: -43.9541 axialRotation: -3.06648 zShift: 2.45214 energy: 4.21067
MCAccept 48 xShift: 8.27261 crossingAngle: -44.0731 axialRotation: -3.06648 zShift: 2.43054 energy: 3.67637
MCReject   xShift: 8.27261 crossingAngle: -44.0731 axialRotation: -3.06648 zShift: 2.43722 energy: 4.15577
MCAccept 49 xShift: 8.27261 crossingAngle: -44.0687 axialRotation: -3.06648 zShift: 2.43054 energy: 3.67705
MCReject   xShift: 8.27261 crossingAngle: -44.0687 axialRotation: -3.06648 zShift: 2.4208 energy: 4.09641
MCAccept 50 xShift: 8.26675 crossingAngle: -44.0687 axialRotation: -3.06648 zShift: 2.43054 energy: 3.67705
MCAccept 51 xShift: 8.26675 crossingAngle: -44.0922 axialRotation: -3.06648 zShift: 2.43054 energy: 3.67637
MCAccept 52 xShift: 8.26675 crossingAngle: -44.0922 axialRotation: -3.07069 zShift: 2.43054 energy: 3.67705
MCAccept 53 xShift: 8.27868 crossingAngle: -44.0922 axialRotation: -3.07069 zShift: 2.43054 energy: 3.67705
MCAccept 54 xShift: 8.27868 crossingAngle: -44.0922 axialRotation: -3.05425 zShift: 2.43054 energy: 3.67705
MCAccept 55 xShift: 8.27868 crossingAngle: -44.0922 axialRotation: -3.30906 zShift: 2.43054 energy: 3.67705
Energy #0: 3.67705
***GEOMETRY SHIFT***
xShift;        Before: 8.29; After: 8.27868
crossingAngle; Before: -44.63; After: -44.0922
axialRotation; Before: -2.53; After: -3.30906
zShift;        Before: 2.4; After: 2.43054
Energy;        Before: 8.82069e+07; After: 3.67705

Reached 51 cycles without improvement of 0.001. Accepted 56/74
Monte Carlo repack complete. Time: 20.8min

