MCAccept 0 xShift: 8.26196 crossingAngle: -44.0922 axialRotation: -3.30906 zShift: 2.43054 energy: -2.87376
MCAccept 1 xShift: 8.26196 crossingAngle: -44.0922 axialRotation: -3.30078 zShift: 2.43054 energy: -2.78688
MCAccept 2 xShift: 8.26196 crossingAngle: -44.0922 axialRotation: -3.24198 zShift: 2.43054 energy: -3.3289
MCReject   xShift: 8.24275 crossingAngle: -44.0922 axialRotation: -3.24198 zShift: 2.43054 energy: -2.87376
MCAccept 3 xShift: 8.26196 crossingAngle: -44.0922 axialRotation: -3.24198 zShift: 2.44319 energy: -3.37926
MCReject   xShift: 8.25741 crossingAngle: -44.0922 axialRotation: -3.24198 zShift: 2.44319 energy: -2.92693
MCAccept 4 xShift: 8.26196 crossingAngle: -44.1333 axialRotation: -3.24198 zShift: 2.44319 energy: -3.37926
MCAccept 5 xShift: 8.25747 crossingAngle: -44.1333 axialRotation: -3.24198 zShift: 2.44319 energy: -3.37926
MCAccept 6 xShift: 8.25747 crossingAngle: -44.1333 axialRotation: -3.32163 zShift: 2.44319 energy: -3.37926
MCAccept 7 xShift: 8.25747 crossingAngle: -43.981 axialRotation: -3.32163 zShift: 2.44319 energy: -3.37926
MCAccept 8 xShift: 8.25747 crossingAngle: -43.981 axialRotation: -3.32163 zShift: 2.45163 energy: -3.41181
MCAccept 9 xShift: 8.25747 crossingAngle: -43.981 axialRotation: -3.32163 zShift: 2.46815 energy: -3.47336
MCAccept 10 xShift: 8.25747 crossingAngle: -43.981 axialRotation: -3.32226 zShift: 2.46815 energy: -3.47336
MCAccept 11 xShift: 8.25747 crossingAngle: -43.981 axialRotation: -3.30224 zShift: 2.46815 energy: -3.47336
MCAccept 12 xShift: 8.25747 crossingAngle: -43.981 axialRotation: -3.43214 zShift: 2.46815 energy: -3.47336
MCAccept 13 xShift: 8.26166 crossingAngle: -43.981 axialRotation: -3.43214 zShift: 2.46815 energy: -3.0264
MCAccept 14 xShift: 8.26166 crossingAngle: -44.0116 axialRotation: -3.43214 zShift: 2.46815 energy: -3.47336
MCAccept 15 xShift: 8.26166 crossingAngle: -44.0116 axialRotation: -3.59277 zShift: 2.46815 energy: -3.47336
MCAccept 16 xShift: 8.26166 crossingAngle: -44.1857 axialRotation: -3.59277 zShift: 2.46815 energy: -3.47336
MCReject   xShift: 8.26166 crossingAngle: -44.1857 axialRotation: -3.58306 zShift: 2.46815 energy: -3.0264
MCAccept 17 xShift: 8.26166 crossingAngle: -44.1857 axialRotation: -3.59277 zShift: 2.48376 energy: -3.52895
MCAccept 18 xShift: 8.2625 crossingAngle: -44.1857 axialRotation: -3.59277 zShift: 2.48376 energy: -3.52895
MCAccept 19 xShift: 8.2625 crossingAngle: -44.3412 axialRotation: -3.59277 zShift: 2.48376 energy: -3.52895
MCAccept 20 xShift: 8.2625 crossingAngle: -44.3412 axialRotation: -3.59277 zShift: 2.47362 energy: -3.49312
MCAccept 21 xShift: 8.2625 crossingAngle: -44.3412 axialRotation: -3.50454 zShift: 2.47362 energy: -3.49312
MCAccept 22 xShift: 8.2625 crossingAngle: -44.3412 axialRotation: -3.50454 zShift: 2.46781 energy: -3.47212
MCAccept 23 xShift: 8.2625 crossingAngle: -44.3412 axialRotation: -3.5453 zShift: 2.46781 energy: -3.47212
MCReject   xShift: 8.26999 crossingAngle: -44.3412 axialRotation: -3.5453 zShift: 2.46781 energy: -3.02509
MCReject   xShift: 8.2625 crossingAngle: -44.3412 axialRotation: -3.5453 zShift: 2.45701 energy: -2.89521
MCAccept 24 xShift: 8.2625 crossingAngle: -44.3412 axialRotation: -3.65241 zShift: 2.46781 energy: -3.47212
MCAccept 25 xShift: 8.2625 crossingAngle: -44.3156 axialRotation: -3.65241 zShift: 2.46781 energy: -3.47212
MCAccept 26 xShift: 8.26332 crossingAngle: -44.3156 axialRotation: -3.65241 zShift: 2.46781 energy: -3.02509
MCAccept 27 xShift: 8.26332 crossingAngle: -44.3156 axialRotation: -3.69017 zShift: 2.46781 energy: -3.02509
MCAccept 28 xShift: 8.26332 crossingAngle: -44.3156 axialRotation: -3.56994 zShift: 2.46781 energy: -3.47212
MCAccept 29 xShift: 8.26332 crossingAngle: -44.3156 axialRotation: -3.63515 zShift: 2.46781 energy: -3.47212
MCAccept 30 xShift: 8.26332 crossingAngle: -44.3156 axialRotation: -3.63515 zShift: 2.47128 energy: -3.4847
MCAccept 31 xShift: 8.25755 crossingAngle: -44.3156 axialRotation: -3.63515 zShift: 2.47128 energy: -3.4847
MCAccept 32 xShift: 8.25755 crossingAngle: -44.3156 axialRotation: -3.41782 zShift: 2.47128 energy: -3.4847
MCAccept 33 xShift: 8.25755 crossingAngle: -44.2182 axialRotation: -3.41782 zShift: 2.47128 energy: -3.4847
MCAccept 34 xShift: 8.25755 crossingAngle: -44.2653 axialRotation: -3.41782 zShift: 2.47128 energy: -3.4847
MCAccept 35 xShift: 8.26637 crossingAngle: -44.2653 axialRotation: -3.41782 zShift: 2.47128 energy: -3.4847
MCReject   xShift: 8.26261 crossingAngle: -44.2653 axialRotation: -3.41782 zShift: 2.47128 energy: -3.0384
MCAccept 36 xShift: 8.26138 crossingAngle: -44.2653 axialRotation: -3.41782 zShift: 2.47128 energy: -3.4847
MCAccept 37 xShift: 8.26138 crossingAngle: -44.2653 axialRotation: -3.41782 zShift: 2.46909 energy: -3.47675
MCAccept 38 xShift: 8.26138 crossingAngle: -44.2653 axialRotation: -3.41782 zShift: 2.47444 energy: -3.49604
MCAccept 39 xShift: 8.26138 crossingAngle: -44.2653 axialRotation: -3.41782 zShift: 2.45631 energy: -3.42954
MCReject   xShift: 8.26138 crossingAngle: -44.0785 axialRotation: -3.41782 zShift: 2.45631 energy: -2.98007
MCAccept 40 xShift: 8.26138 crossingAngle: -44.3005 axialRotation: -3.41782 zShift: 2.45631 energy: -3.42954
MCAccept 41 xShift: 8.26138 crossingAngle: -44.3005 axialRotation: -3.35133 zShift: 2.45631 energy: -3.42954
MCAccept 42 xShift: 8.24915 crossingAngle: -44.3005 axialRotation: -3.35133 zShift: 2.45631 energy: -3.42954
MCAccept 43 xShift: 8.24915 crossingAngle: -44.3005 axialRotation: -3.43712 zShift: 2.45631 energy: -3.42954
MCReject   xShift: 8.24915 crossingAngle: -44.3005 axialRotation: -3.43712 zShift: 2.44777 energy: -2.94569
MCAccept 44 xShift: 8.24915 crossingAngle: -44.2043 axialRotation: -3.43712 zShift: 2.45631 energy: -3.42954
MCAccept 45 xShift: 8.2467 crossingAngle: -44.2043 axialRotation: -3.43712 zShift: 2.45631 energy: -3.42954
MCAccept 46 xShift: 8.2467 crossingAngle: -44.2948 axialRotation: -3.43712 zShift: 2.45631 energy: -3.42954
MCAccept 47 xShift: 8.25975 crossingAngle: -44.2948 axialRotation: -3.43712 zShift: 2.45631 energy: -3.42954
MCReject   xShift: 8.25975 crossingAngle: -44.2948 axialRotation: -3.43712 zShift: 2.44473 energy: -2.93328
MCReject   xShift: 8.25975 crossingAngle: -44.146 axialRotation: -3.43712 zShift: 2.45631 energy: -2.98007
MCReject   xShift: 8.25975 crossingAngle: -44.3515 axialRotation: -3.43712 zShift: 2.45631 energy: -2.98007
MCAccept 48 xShift: 8.24425 crossingAngle: -44.2948 axialRotation: -3.43712 zShift: 2.45631 energy: -3.42954
MCAccept 49 xShift: 8.24425 crossingAngle: -44.2948 axialRotation: -3.60515 zShift: 2.45631 energy: -3.42954
MCAccept 50 xShift: 8.24425 crossingAngle: -44.2948 axialRotation: -3.60515 zShift: 2.46076 energy: -3.44619
MCAccept 51 xShift: 8.24425 crossingAngle: -44.2948 axialRotation: -3.45626 zShift: 2.46076 energy: -3.44619
MCReject   xShift: 8.24425 crossingAngle: -44.2948 axialRotation: -3.19289 zShift: 2.46076 energy: -2.99766
MCAccept 52 xShift: 8.24425 crossingAngle: -44.2948 axialRotation: -3.34386 zShift: 2.46076 energy: -3.44619
MCReject   xShift: 8.24182 crossingAngle: -44.2948 axialRotation: -3.34386 zShift: 2.46076 energy: -2.99766
MCAccept 53 xShift: 8.24425 crossingAngle: -44.3399 axialRotation: -3.34386 zShift: 2.46076 energy: -3.44619
MCReject   xShift: 8.24425 crossingAngle: -44.3399 axialRotation: -3.27408 zShift: 2.46076 energy: -2.44361
MCAccept 54 xShift: 8.24425 crossingAngle: -44.3399 axialRotation: -3.34386 zShift: 2.46334 energy: -3.45572
MCAccept 55 xShift: 8.24425 crossingAngle: -44.2268 axialRotation: -3.34386 zShift: 2.46334 energy: -3.45572
MCAccept 56 xShift: 8.24425 crossingAngle: -44.2268 axialRotation: -3.34347 zShift: 2.46334 energy: -3.45572
MCAccept 57 xShift: 8.2471 crossingAngle: -44.2268 axialRotation: -3.34347 zShift: 2.46334 energy: -3.45572
MCAccept 58 xShift: 8.2471 crossingAngle: -44.0718 axialRotation: -3.34347 zShift: 2.46334 energy: -3.45572
MCAccept 59 xShift: 8.2471 crossingAngle: -44.0718 axialRotation: -3.42612 zShift: 2.46334 energy: -3.45572
MCAccept 60 xShift: 8.2471 crossingAngle: -44.0718 axialRotation: -3.42612 zShift: 2.47062 energy: -3.48232
MCAccept 61 xShift: 8.2471 crossingAngle: -44.1785 axialRotation: -3.42612 zShift: 2.47062 energy: -3.48232
MCAccept 62 xShift: 8.2471 crossingAngle: -44.1785 axialRotation: -3.42612 zShift: 2.46817 energy: -3.47342
MCAccept 63 xShift: 8.2471 crossingAngle: -44.1804 axialRotation: -3.42612 zShift: 2.46817 energy: -3.47342
MCAccept 64 xShift: 8.2471 crossingAngle: -44.1804 axialRotation: -3.28544 zShift: 2.46817 energy: -3.47342
MCReject   xShift: 8.2471 crossingAngle: -44.1804 axialRotation: -3.28544 zShift: 2.47496 energy: -3.05236
MCAccept 65 xShift: 8.2471 crossingAngle: -44.1804 axialRotation: -3.28544 zShift: 2.48856 energy: -3.54555
MCReject   xShift: 8.2471 crossingAngle: -44.1557 axialRotation: -3.28544 zShift: 2.48856 energy: -3.01421
MCReject   xShift: 8.2471 crossingAngle: -44.3711 axialRotation: -3.28544 zShift: 2.48856 energy: -3.10279
MCAccept 66 xShift: 8.2471 crossingAngle: -44.1804 axialRotation: -3.36439 zShift: 2.48856 energy: -3.54555
MCReject   xShift: 8.24347 crossingAngle: -44.1804 axialRotation: -3.36439 zShift: 2.48856 energy: -3.10279
MCAccept 67 xShift: 8.2471 crossingAngle: -44.4248 axialRotation: -3.36439 zShift: 2.48856 energy: -3.54555
MCReject   xShift: 8.2471 crossingAngle: -44.4073 axialRotation: -3.36439 zShift: 2.48856 energy: -3.10279
MCReject   xShift: 8.2471 crossingAngle: -44.4409 axialRotation: -3.36439 zShift: 2.48856 energy: -3.10279
MCAccept 68 xShift: 8.2471 crossingAngle: -44.4248 axialRotation: -3.33011 zShift: 2.48856 energy: -3.54555
MCAccept 69 xShift: 8.2471 crossingAngle: -44.4248 axialRotation: -3.19831 zShift: 2.48856 energy: -3.54555
MCAccept 70 xShift: 8.27193 crossingAngle: -44.4248 axialRotation: -3.19831 zShift: 2.48856 energy: -3.54555
MCReject   xShift: 8.27879 crossingAngle: -44.4248 axialRotation: -3.19831 zShift: 2.48856 energy: -3.10279
MCAccept 71 xShift: 8.27193 crossingAngle: -44.4248 axialRotation: -3.14658 zShift: 2.48856 energy: -3.54555
MCAccept 72 xShift: 8.27193 crossingAngle: -44.4248 axialRotation: -3.14658 zShift: 2.50139 energy: -3.58895
MCReject   xShift: 8.27193 crossingAngle: -44.4248 axialRotation: -3.13999 zShift: 2.50139 energy: -3.05979
MCAccept 73 xShift: 8.27193 crossingAngle: -44.4034 axialRotation: -3.14658 zShift: 2.50139 energy: -3.58895
MCReject   xShift: 8.27193 crossingAngle: -44.4034 axialRotation: -3.14658 zShift: 2.48684 energy: -3.53963
MCAccept 74 xShift: 8.25698 crossingAngle: -44.4034 axialRotation: -3.14658 zShift: 2.50139 energy: -3.58895
MCAccept 75 xShift: 8.25698 crossingAngle: -44.4034 axialRotation: -3.14658 zShift: 2.49943 energy: -3.58241
MCReject   xShift: 8.24836 crossingAngle: -44.4034 axialRotation: -3.14658 zShift: 2.49943 energy: -3.14181
MCReject   xShift: 8.25698 crossingAngle: -44.4034 axialRotation: -3.05486 zShift: 2.49943 energy: -3.14181
MCAccept 76 xShift: 8.27152 crossingAngle: -44.4034 axialRotation: -3.14658 zShift: 2.49943 energy: -3.58241
MCAccept 77 xShift: 8.2611 crossingAngle: -44.4034 axialRotation: -3.14658 zShift: 2.49943 energy: -3.58241
MCReject   xShift: 8.2611 crossingAngle: -44.4034 axialRotation: -3.14658 zShift: 2.49439 energy: -3.12387
MCReject   xShift: 8.26119 crossingAngle: -44.4034 axialRotation: -3.14658 zShift: 2.49943 energy: -3.14181
MCReject   xShift: 8.27517 crossingAngle: -44.4034 axialRotation: -3.14658 zShift: 2.49943 energy: -3.14181
MCAccept 78 xShift: 8.2611 crossingAngle: -44.4034 axialRotation: -3.14658 zShift: 2.49984 energy: -3.58378
MCReject   xShift: 8.2611 crossingAngle: -44.4034 axialRotation: -3.14658 zShift: 2.49806 energy: -3.13696
MCAccept 79 xShift: 8.25802 crossingAngle: -44.4034 axialRotation: -3.14658 zShift: 2.49984 energy: -3.58378
MCReject   xShift: 8.25802 crossingAngle: -44.4034 axialRotation: -3.11498 zShift: 2.49984 energy: -3.14326
MCAccept 80 xShift: 8.25802 crossingAngle: -44.4034 axialRotation: -3.0447 zShift: 2.49984 energy: -3.58378
MCAccept 81 xShift: 8.25802 crossingAngle: -44.4034 axialRotation: -3.23216 zShift: 2.49984 energy: -3.58378
MCAccept 82 xShift: 8.27099 crossingAngle: -44.4034 axialRotation: -3.23216 zShift: 2.49984 energy: -3.58378
MCAccept 83 xShift: 8.27099 crossingAngle: -44.4034 axialRotation: -3.22693 zShift: 2.49984 energy: -3.58378
MCAccept 84 xShift: 8.27099 crossingAngle: -44.4602 axialRotation: -3.22693 zShift: 2.49984 energy: -3.58378
MCAccept 85 xShift: 8.27655 crossingAngle: -44.4602 axialRotation: -3.22693 zShift: 2.49984 energy: -3.58378
MCReject   xShift: 8.26713 crossingAngle: -44.4602 axialRotation: -3.22693 zShift: 2.49984 energy: -3.14326
MCAccept 86 xShift: 8.26701 crossingAngle: -44.4602 axialRotation: -3.22693 zShift: 2.49984 energy: -3.58378
MCReject   xShift: 8.26911 crossingAngle: -44.4602 axialRotation: -3.22693 zShift: 2.49984 energy: -3.05435
MCAccept 87 xShift: 8.26701 crossingAngle: -44.4602 axialRotation: -3.25848 zShift: 2.49984 energy: -3.58378
MCAccept 88 xShift: 8.26701 crossingAngle: -44.4602 axialRotation: -3.23336 zShift: 2.49984 energy: -3.58378
MCReject   xShift: 8.26701 crossingAngle: -44.4602 axialRotation: -3.23336 zShift: 2.51309 energy: -3.18932
MCReject   xShift: 8.26701 crossingAngle: -44.4602 axialRotation: -3.32864 zShift: 2.49984 energy: -3.14326
MCReject   xShift: 8.26701 crossingAngle: -44.4602 axialRotation: -3.23336 zShift: 2.49043 energy: -3.55199
MCAccept 89 xShift: 8.26701 crossingAngle: -44.4602 axialRotation: -3.23336 zShift: 2.51085 energy: -3.62006
MCAccept 90 xShift: 8.26701 crossingAngle: -44.4602 axialRotation: -3.23336 zShift: 2.52591 energy: -3.66801
MCAccept 91 xShift: 8.26701 crossingAngle: -44.4602 axialRotation: -3.1225 zShift: 2.52591 energy: -3.66801
MCAccept 92 xShift: 8.26701 crossingAngle: -44.4602 axialRotation: -3.1225 zShift: 2.53246 energy: -3.68835
MCAccept 93 xShift: 8.26701 crossingAngle: -44.3421 axialRotation: -3.1225 zShift: 2.53246 energy: -3.68835
MCAccept 94 xShift: 8.26221 crossingAngle: -44.3421 axialRotation: -3.1225 zShift: 2.53246 energy: -3.68835
MCAccept 95 xShift: 8.26221 crossingAngle: -44.2282 axialRotation: -3.1225 zShift: 2.53246 energy: -3.68835
MCAccept 96 xShift: 8.26221 crossingAngle: -44.2282 axialRotation: -3.12901 zShift: 2.53246 energy: -3.68835
MCReject   xShift: 8.26221 crossingAngle: -44.1777 axialRotation: -3.12901 zShift: 2.53246 energy: -3.25398
MCAccept 97 xShift: 8.26221 crossingAngle: -44.2282 axialRotation: -3.18045 zShift: 2.53246 energy: -3.68835
MCAccept 98 xShift: 8.27001 crossingAngle: -44.2282 axialRotation: -3.18045 zShift: 2.53246 energy: -3.68835
MCAccept 99 xShift: 8.27001 crossingAngle: -44.2282 axialRotation: -3.18045 zShift: 2.54382 energy: -3.72287
Energy #1: -3.72287
***GEOMETRY SHIFT***
xShift;        Before: 8.27868; After: 8.27001
crossingAngle; Before: -44.0922; After: -44.2282
axialRotation; Before: -3.30906; After: -3.18045
zShift;        Before: 2.43054; After: 2.54382
Energy;        Before: 8.46856e+07; After: -3.72287

Completed all cycles. Accepted 100/136
Monte Carlo repack complete. Time: 45.0333min

