***STARTING GEOMETRY:***
xShift: 8.61039
crossingAngle: -44.3232
axialRotation: 50.9666
zShift: 4.15887

Number of MCCycles: 100
PrevSequence	CurrSequence	PrevEnergy	CurrEnergy	PrevEntropy	CurrEntropy	CurrentTemp
LLLALLTALLTTLLTYLLILI	LLLALLTGLLTTLLTYLLILI	-25.3835	-28.0508	0.463748	0.36136	999.684
LLLALLTGLLTTLLTYLLILI	LLLALLTGLLTTLLTTLLILI	-28.271	-27.0007	0.141213	0.917682	999.328
LLLALLTGLLTTLLTTLLILI	LLLALLTGLLTVLLTTLLILI	-26.5238	-24.71	1.39457	0.0589809	998.928
LLLALLTGLLTVLLTTLLILI	LLLALLTGLLTTLLTTLLILI	-24.71	-26.5238	0.0589809	1.39457	998.476
LLLALLTGLLTTLLTTLLILI	LLLALLTGLLTTLLTYLLILI	-27.0007	-28.271	0.917682	0.141213	997.967
LLLALLTGLLTTLLTYLLILI	LLLALLTALLTTLLTYLLILI	-28.0508	-29.2134	0.36136	0.463748	997.394
LLLALLTALLTTLLTYLLILI	LLLALLTALLTTLLTTLLILI	-29.5359	-28.2637	0.141213	0.917682	996.749
LLLALLTALLTTLLTTLLILI	LLLALLTALLTTLLVTLLILI	-27.7868	-25.0658	1.39457	0.0589809	996.023
LLLALLTALLTTLLVTLLILI	LLLALLFALLTTLLVTLLILI	-23.978	-22.1065	1.14683	0.0921195	995.205
LLLALLFALLTTLLVTLLILI	LLLALLFALLTTLLTTLLILI	-22.1257	-24.9811	0.0728516	1.27634	994.285
LLLALLFALLTTLLTTLLILI	LLLALLFALLTTLLTYLLILI	-25.4412	-26.5817	0.816184	0.171816	993.249
LLLALLFALLTTLLTYLLILI	LLLALLFSLLTTLLTYLLILI	-26.337	-25.1855	0.416521	0.404229	992.084
LLLALLFSLLTTLLTYLLILI	LLLALLFSLLTTLLSYLLILI	-25.0107	-17.83	0.578967	0.279255	990.773
LLLALLFSLLTTLLSYLLILI	LLLALLFALLTTLLSYLLILI	-17.467	-19.6115	0.642213	0.244161	989.3
LLLALLFALLTTLLSYLLILI	LLLALLFALLTTLLTYLLILI	-19.6997	-25.8875	0.155943	0.865998	987.644
LLLALLFALLTTLLTYLLILI	LLLALLFALLTTLLTTLLILI	-26.5817	-25.4412	0.171816	0.816184	985.783
LLLALLFALLTTLLTTLLILI	LLLALLFALLTTLLTYLLILI	-25.4412	-26.5817	0.816184	0.171816	983.694
LLLALLFALLTTLLTYLLILI	LLLTLLFALLTTLLTYLLILI	-26.6306	-24.2803	0.122923	0.990994	981.348
LLLTLLFALLTTLLTYLLILI	LLLTLLFALLTTLLTTLLILI	-25.1301	-24.7494	0.141213	0.917682	978.717
LLLTLLFALLTTLLTTLLILI	LLLTLLFALLTTLLVTLLILI	-24.2725	-21.5506	1.39457	0.0589809	975.768
LLLTLLFALLTTLLVTLLILI	LLLTLLFALLTTLLVVLLILI	-20.6787	-17.8424	0.930859	0.137712	972.463
LLLTLLFALLTTLLVVLLILI	LLLTLLYALLTTLLVVLLILI	-17.7401	-17.9794	0.240035	0.650378	968.764
LLLTLLYALLTTLLVVLLILI	LLLTLLYALLTTLLTVLLILI	-18.4921	-21.7527	0.137712	0.930859	964.627
LLLTLLYALLTTLLTVLLILI	LLLTLLVALLTTLLTVLLILI	-22.1942	-22.1455	0.489394	0.340616	960.005
LLLTLLVALLTTLLTVLLILI	LLLTLLVSLLTTLLTVLLILI	-22.2419	-20.7363	0.244161	0.642213	954.846
LLLTLLVSLLTTLLTVLLILI	LLLTLLVSLLTTLLTYLLILI	-21.0379	-25.0213	0.340616	0.489394	949.095
LLLTLLVSLLTTLLTYLLILI	LLLTLLFSLLTTLLTYLLILI	-25.1701	-25.6502	0.340616	0.489394	942.693
LLLTLLFSLLTTLLTYLLILI	LLLTLLFALLTTLLTYLLILI	-25.4974	-25.9271	0.642213	0.244161	935.578
LLLTLLFALLTTLLTYLLILI	LLLTLLFALLTTLLTTLLILI	-26.03	-24.758	0.141213	0.917682	927.683
LLLTLLFALLTTLLTTLLILI	LLLTLLFALLTTLLTFLLILI	-24.758	-24.7666	0.917682	0.141213	918.939
LLLTLLFALLTTLLTFLLILI	LLLTLLVALLTTLLTFLLILI	-24.1543	-25.1566	0.753596	0.194474	898.621
LLLTLLVALLTTLLTFLLILI	LLLTLLVALLTTLLTYLLILI	-25.111	-25.9637	0.240035	0.650378	874.051
LLLTLLVALLTTLLTYLLILI	LLLTLLYALLTTLLTYLLILI	-26.5089	-25.7238	0.105187	1.07465	859.999
LLLTLLYALLTTLLTYLLILI	LLLTLLYSLLTTLLTYLLILI	-26.5543	-25.0364	0.244161	0.642213	844.686
LLLTLLYSLLTTLLTYLLILI	LLLTLLYALLTTLLTYLLILI	-25.0364	-26.4942	0.642213	0.244161	828.061
LLLTLLYALLTTLLTYLLILI	LLLTLLVALLTTLLTYLLILI	-25.6637	-26.5089	1.07465	0.105187	810.083
LLLTLLVALLTTLLTYLLILI	LLLTLLVALLTTLLTTLLILI	-26.4729	-25.188	0.141213	0.917682	790.724
LLLTLLVALLTTLLTTLLILI	LLLTLLYALLTTLLTTLLILI	-25.9112	-25.5631	0.194474	0.753596	769.974
LLLTLLYALLTTLLTTLLILI	LLLTLLYALLTTLLTFLLILI	-25.0551	-25.4738	1.26162	0.0748068	747.845
LLLTLLYALLTTLLTFLLILI	LLLTLLVALLTTLLTFLLILI	-24.795	-25.1566	0.753596	0.194474	724.369
LLLTLLVALLTTLLTFLLILI	LLLTLLYALLTTLLTFLLILI	-25.1566	-24.795	0.194474	0.753596	699.602
LLLTLLYALLTTLLTFLLILI	LLLTLLVALLTTLLTFLLILI	-24.795	-25.1566	0.753596	0.194474	673.628
LLLTLLVALLTTLLTFLLILI	LLLTLLVSLLTTLLTFLLILI	-25.1069	-23.6039	0.244161	0.642213	646.557
LLLTLLVSLLTTLLTFLLILI	LLLTLLVSLLTTLLTYLLILI	-24.0061	-24.8603	0.240035	0.650378	618.524
LLLTLLVSLLTTLLTYLLILI	LLLTLLVSLLTTLLTTLLILI	-25.3695	-24.0937	0.141213	0.917682	589.688
LLLTLLVSLLTTLLTTLLILI	LLLTLLVALLTTLLTTLLILI	-24.3692	-25.8749	0.642213	0.244161	560.23
LLLTLLVALLTTLLTTLLILI	LLLTLLYALLTTLLTTLLILI	-25.9246	-25.5498	0.194474	0.753596	530.348
LLLTLLYALLTTLLTTLLILI	LLLTLLYALLTVLLTTLLILI	-24.9089	-23.0776	1.39457	0.0589809	500.25
LLLTLLYALLTVLLTTLLILI	LLLTLLFALLTVLLTTLLILI	-22.4862	-23.1493	0.650378	0.240035	470.152
LLLTLLFALLTVLLTTLLILI	LLLTLLVALLTVLLTTLLILI	-23.0954	-22.389	0.293891	0.555456	440.27
LLLTLLVALLTVLLTTLLILI	LLLTLLVALLTTLLTTLLILI	-22.8318	-25.0812	0.112614	1.03786	410.812
LLLTLLVALLTTLLTTLLILI	LLLTLLVALLTTLLTYLLILI	-25.2014	-26.4729	0.917682	0.141213	381.976
LLLTLLVALLTTLLTYLLILI	LLLTLLVSLLTTLLTYLLILI	-26.3699	-24.8685	0.244161	0.642213	353.943
LLLTLLVSLLTTLLTYLLILI	LLLTLLVALLTTLLTYLLILI	-24.8685	-26.3699	0.642213	0.244161	326.872
LLLTLLVALLTTLLTYLLILI	LLLTLLYALLTTLLTYLLILI	-26.5089	-25.7238	0.105187	1.07465	172.439
LLLTLLYALLTTLLTYLLILI	LLLTLLVALLTTLLTYLLILI	-25.7238	-26.5089	1.07465	0.105187	155.814
LLLTLLVALLTTLLTYLLILI	LLLTLLFALLTTLLTYLLILI	-26.2735	-26.588	0.340616	0.489394	81.5606
LLLTLLFALLTTLLTYLLILI	LLLTLLVALLTTLLTYLLILI	-26.588	-26.2601	0.489394	0.340616	72.8169
LLLTLLVALLTTLLTYLLILI	LLLTLLFALLTTLLTYLLILI	-26.2601	-26.5749	0.340616	0.489394	3.10559
Time: 137s
