***STARTING GEOMETRY:***
xShift: 7.17455
crossingAngle: -36.2289
axialRotation: 5.35008
zShift: 5.14522

Number of MCCycles: 100
PrevSequence	CurrSequence	PrevEnergy	CurrEnergy	PrevEntropy	CurrEntropy	CurrentTemp
LLLLLLGTLLGTLLGTLLILI	LLLYLLGTLLGTLLGTLLILI	-18.3471	-28.3637	0.312976	0.526939	999.684
LLLYLLGTLLGTLLGTLLILI	LLLYLLGTLLGYLLGTLLILI	-28.4476	-29.617	0.443059	0.379341	999.328
LLLYLLGTLLGYLLGTLLILI	LLLYLLGTLLGYLLATLLILI	-28.931	-27.7681	1.06535	0.107014	998.928
LLLYLLGTLLGYLLATLLILI	LLLYLLGTLLGYLLGTLLILI	-27.7681	-28.931	0.107014	1.06535	998.476
LLLYLLGTLLGYLLGTLLILI	LLLYLLGLLLGYLLGTLLILI	-29.3206	-23.61	0.67574	0.227751	997.967
LLLYLLGLLLGYLLGTLLILI	LLLYLLGLLLGFLLGTLLILI	-22.885	-23.9278	0.952787	0.132101	997.394
LLLYLLGLLLGFLLGTLLILI	LLLYLLGLLLGFLLATLLILI	-22.9945	-22.8099	1.06535	0.107014	996.749
LLLYLLGLLLGFLLATLLILI	LLLYLLGLLLGFLLGTLLILI	-22.8099	-22.9945	0.107014	1.06535	996.023
LLLYLLGLLLGFLLGTLLILI	LLLFLLGLLLGFLLGTLLILI	-23.6495	-22.3091	0.410343	0.410343	995.205
LLLFLLGLLLGFLLGTLLILI	LLLFLLGLLLGFLLGVLLILI	-22.0873	-18.5068	0.632162	0.249358	994.285
LLLFLLGLLLGFLLGVLLILI	LLLFLLGTLLGFLLGVLLILI	-18.3644	-22.1879	0.391819	0.429465	993.249
LLLFLLGTLLGFLLGVLLILI	LLLYLLGTLLGFLLGVLLILI	-22.207	-24.0878	0.410343	0.410343	992.084
LLLYLLGTLLGFLLGVLLILI	LLLYLLGTLLGTLLGVLLILI	-24.3263	-24.3411	0.171816	0.816184	990.773
LLLYLLGTLLGTLLGVLLILI	LLLYLLGVLLGTLLGVLLILI	-24.5251	-23.2035	0.632162	0.249358	989.3
LLLYLLGVLLGTLLGVLLILI	LLLYLLGVLLGTLLAVLLILI	-22.3876	-22.2117	1.06535	0.107014	987.644
LLLYLLGVLLGTLLAVLLILI	LLLYLLGVLLGTLLATLLILI	-22.0694	-24.5174	0.249358	0.632162	985.783
LLLYLLGVLLGTLLATLLILI	LLLYLLGVLLGTLLGTLLILI	-25.0425	-27.0304	0.107014	1.06535	983.694
LLLYLLGVLLGTLLGTLLILI	LLLYLLGTLLGTLLGTLLILI	-28.0005	-29.6729	0.0952708	1.12845	978.717
LLLYLLGTLLGTLLGTLLILI	LLLYLLGVLLGTLLGTLLILI	-29.6729	-27.1224	1.12845	0.0952708	975.768
LLLYLLGVLLGTLLGTLLILI	LLLYLLGVLLGTLLATLLILI	-26.1523	-25.945	1.06535	0.107014	972.463
LLLYLLGVLLGTLLATLLILI	LLLYLLGVLLGTLLGTLLILI	-25.945	-26.1523	0.107014	1.06535	968.764
LLLYLLGVLLGTLLGTLLILI	LLLYLLGTLLGTLLGTLLILI	-27.1224	-28.7306	0.0952708	1.12845	964.627
LLLYLLGTLLGTLLGTLLILI	LLLYLLGVLLGTLLGTLLILI	-28.7306	-27.0946	1.12845	0.0952708	960.005
LLLYLLGVLLGTLLGTLLILI	LLLYLLGTLLGTLLGTLLILI	-27.0946	-27.7622	0.0952708	1.12845	954.846
LLLYLLGTLLGTLLGTLLILI	LLLFLLGTLLGTLLGTLLILI	-28.2403	-27.7526	0.650378	0.240035	949.095
LLLFLLGTLLGTLLGTLLILI	LLLFLLGTLLGYLLGTLLILI	-27.299	-27.8652	0.693609	0.219549	942.693
LLLFLLGTLLGYLLGTLLILI	LLLFLLGTLLGTLLGTLLILI	-27.8652	-27.299	0.219549	0.693609	935.578
LLLFLLGTLLGTLLGTLLILI	LLLFLLGTLLGTLLGYLLILI	-27.299	-24.218	0.693609	0.219549	927.683
LLLFLLGTLLGTLLGYLLILI	LLLFLLGTLLGTLLAYLLILI	-23.3722	-23.1949	1.06535	0.107014	918.939
LLLFLLGTLLGTLLAYLLILI	LLLFLLGTLLGTLLGYLLILI	-23.1949	-23.3722	0.107014	1.06535	909.276
LLLFLLGTLLGTLLGYLLILI	LLLFLLGTLLGYLLGYLLILI	-24.1088	-23.005	0.328724	0.505042	898.621
LLLFLLGTLLGYLLGYLLILI	LLLFLLGTLLGYLLGTLLILI	-23.005	-27.756	0.505042	0.328724	886.903
LLLFLLGTLLGYLLGTLLILI	LLLFLLGTLLGYLLATLLILI	-27.0194	-26.7713	1.06535	0.107014	874.051
LLLFLLGTLLGYLLATLLILI	LLLFLLGTLLGYLLGTLLILI	-26.7713	-27.0194	0.107014	1.06535	859.999
LLLFLLGTLLGYLLGTLLILI	LLLFLLGTLLGYLLATLLILI	-27.0194	-26.7713	1.06535	0.107014	844.686
LLLFLLGTLLGYLLATLLILI	LLLFLLGTLLGYLLGTLLILI	-26.7713	-27.0194	0.107014	1.06535	828.061
LLLFLLGTLLGYLLGTLLILI	LLLYLLGTLLGYLLGTLLILI	-27.9526	-29.0435	0.132101	0.952787	790.724
LLLYLLGTLLGYLLGTLLILI	LLLFLLGTLLGYLLGTLLILI	-29.0435	-27.9526	0.952787	0.132101	769.974
LLLFLLGTLLGYLLGTLLILI	LLLYLLGTLLGYLLGTLLILI	-27.9526	-28.1288	0.132101	0.952787	747.845
LLLYLLGTLLGYLLGTLLILI	LLLFLLGTLLGYLLGTLLILI	-28.1288	-27.9526	0.952787	0.132101	724.369
LLLFLLGTLLGYLLGTLLILI	LLLYLLGTLLGYLLGTLLILI	-27.9526	-29.0435	0.132101	0.952787	699.602
LLLYLLGTLLGYLLGTLLILI	LLLYLLGTLLGTLLGTLLILI	-29.617	-29.416	0.379341	0.443059	673.628
LLLYLLGTLLGTLLGTLLILI	LLLYLLGTLLGYLLGTLLILI	-29.416	-29.644	0.443059	0.379341	646.557
LLLYLLGTLLGYLLGTLLILI	LLLYLLGTLLGYLLATLLILI	-28.9579	-28.71	1.06535	0.107014	618.524
LLLYLLGTLLGYLLATLLILI	LLLFLLGTLLGYLLATLLILI	-27.8642	-26.7462	0.952787	0.132101	589.688
LLLFLLGTLLGYLLATLLILI	LLLFLLGTLLGYLLGTLLILI	-26.7713	-27.0194	0.107014	1.06535	560.23
LLLFLLGTLLGYLLGTLLILI	LLLYLLGTLLGYLLGTLLILI	-27.9526	-29.0705	0.132101	0.952787	530.348
LLLYLLGTLLGYLLGTLLILI	LLLYLLGTLLGYLLATLLILI	-28.9579	-28.71	1.06535	0.107014	500.25
LLLYLLGTLLGYLLATLLILI	LLLFLLGTLLGYLLATLLILI	-27.8642	-26.7462	0.952787	0.132101	470.152
LLLFLLGTLLGYLLATLLILI	LLLFLLGTLLGYLLGTLLILI	-26.7713	-27.0194	0.107014	1.06535	440.27
LLLFLLGTLLGYLLGTLLILI	LLLFLLGTLLGYLLATLLILI	-27.0194	-26.7713	1.06535	0.107014	410.812
LLLFLLGTLLGYLLATLLILI	LLLFLLGTLLGYLLGTLLILI	-26.7713	-27.0194	0.107014	1.06535	381.976
LLLFLLGTLLGYLLGTLLILI	LLLYLLGTLLGYLLGTLLILI	-27.9526	-29.0705	0.132101	0.952787	326.872
LLLYLLGTLLGYLLGTLLILI	LLLYLLGTLLGFLLGTLLILI	-29.0705	-29.2651	0.952787	0.132101	276.131
LLLYLLGTLLGFLLGTLLILI	LLLYLLGTLLGTLLGTLLILI	-29.2773	-28.8547	0.119894	1.0043	252.655
LLLYLLGTLLGTLLGTLLILI	LLLYLLGTLLGYLLGTLLILI	-29.416	-29.617	0.443059	0.379341	209.776
LLLYLLGTLLGYLLGTLLILI	LLLYLLGTLLGFLLGTLLILI	-29.0435	-29.2651	0.952787	0.132101	172.439
LLLYLLGTLLGFLLGTLLILI	LLLYLLGTLLGYLLGTLLILI	-29.2651	-29.0705	0.132101	0.952787	140.501
LLLYLLGTLLGYLLGTLLILI	LLLYLLGTLLGTLLGTLLILI	-29.644	-29.389	0.379341	0.443059	126.449
LLLYLLGTLLGTLLGTLLILI	LLLYLLGTLLGTLLATLLILI	-28.7667	-29.5237	1.06535	0.107014	113.597
LLLYLLGTLLGTLLATLLILI	LLLYLLGTLLGYLLATLLILI	-29.1876	-29.3534	0.443059	0.379341	40.495
LLLYLLGTLLGYLLATLLILI	LLLYLLGTLLGYLLGTLLILI	-29.6257	-29.8736	0.107014	1.06535	8.41632
Time: 103s
