***STARTING GEOMETRY:***
xShift: 8.76199
crossingAngle: -39.7884
axialRotation: 34.0177
zShift: 4.14482

Number of MCCycles: 100
PrevSequence	CurrSequence	PrevEnergy	CurrEnergy	PrevEntropy	CurrEntropy	CurrentTemp
LLLILLATLLSTLLTTLLILI	LLLILLFTLLSTLLTTLLILI	-12.4007	-16.6981	0.308996	0.532699	999.684
LLLILLFTLLSTLLTTLLILI	LLLILLATLLSTLLTTLLILI	-16.6981	-17.7928	0.532699	0.308996	999.328
LLLILLATLLSTLLTTLLILI	LLLTLLATLLSTLLTTLLILI	-17.985	-14.9155	0.116837	1.01811	998.928
LLLTLLATLLSTLLTTLLILI	LLLTLLATLLATLLTTLLILI	-15.5294	-14.3234	0.404229	0.416521	998.476
LLLTLLATLLATLLTTLLILI	LLLTLLATLLSTLLTTLLILI	-14.3234	-15.5019	0.416521	0.404229	997.967
LLLTLLATLLSTLLTTLLILI	LLLILLATLLSTLLTTLLILI	-14.888	-17.9582	1.01811	0.116837	997.394
LLLILLATLLSTLLTTLLILI	LLLILLATLLSTLLTYLLILI	-17.2588	-15.1328	0.816184	0.171816	996.749
LLLILLATLLSTLLTYLLILI	LLLILLFTLLSTLLTYLLILI	-14.9956	-13.7564	0.308996	0.532699	996.023
LLLILLFTLLSTLLTYLLILI	LLLILLFTLLSTLLTTLLILI	-14.1173	-16.2521	0.171816	0.816184	995.205
LLLILLFTLLSTLLTTLLILI	LLLYLLFTLLSTLLTTLLILI	-16.7171	-16.4781	0.351222	0.47603	994.285
LLLYLLFTLLSTLLTTLLILI	LLLYLLFTLLSTLLTVLLILI	-15.6778	-13.1536	1.27634	0.0728516	993.249
LLLYLLFTLLSTLLTVLLILI	LLLILLFTLLSTLLTVLLILI	-12.7505	-12.9607	0.47603	0.351222	992.084
LLLILLFTLLSTLLTVLLILI	LLLILLFTLLSTLLTTLLILI	-13.2391	-15.7919	0.0728516	1.27634	990.773
LLLILLFTLLSTLLTTLLILI	LLLILLATLLSTLLTTLLILI	-16.5356	-17.766	0.532699	0.308996	989.3
LLLILLATLLSTLLTTLLILI	LLLILLATLLATLLTTLLILI	-17.6708	-16.491	0.404229	0.416521	987.644
LLLILLATLLATLLTTLLILI	LLLTLLATLLATLLTTLLILI	-16.7907	-13.7218	0.116837	1.01811	985.783
LLLTLLATLLATLLTTLLILI	LLLILLATLLATLLTTLLILI	-13.7218	-16.7907	1.01811	0.116837	983.694
LLLILLATLLATLLTTLLILI	LLLILLFTLLATLLTTLLILI	-16.3965	-15.856	0.510988	0.324348	981.348
LLLILLFTLLATLLTTLLILI	LLLILLFTLLSTLLTTLLILI	-15.9362	-16.4261	0.244161	0.642213	978.717
LLLILLFTLLSTLLTTLLILI	LLLILLATLLSTLLTTLLILI	-16.5356	-17.766	0.532699	0.308996	975.768
LLLILLATLLSTLLTTLLILI	LLLILLATLLSTLLTYLLILI	-17.2588	-15.1328	0.816184	0.171816	972.463
LLLILLATLLSTLLTYLLILI	LLLILLATLLATLLTYLLILI	-14.9004	-13.6889	0.404229	0.416521	968.764
LLLILLATLLATLLTYLLILI	LLLILLATLLSTLLTYLLILI	-13.6889	-14.9004	0.416521	0.404229	964.627
LLLILLATLLSTLLTYLLILI	LLLILLATLLSTLLTTLLILI	-15.1328	-17.2588	0.171816	0.816184	960.005
LLLILLATLLSTLLTTLLILI	LLLILLFTLLSTLLTTLLILI	-17.766	-16.5356	0.308996	0.532699	954.846
LLLILLFTLLSTLLTTLLILI	LLLILLATLLSTLLTTLLILI	-16.5356	-17.766	0.532699	0.308996	949.095
LLLILLATLLSTLLTTLLILI	LLLILLATLLSVLLTTLLILI	-16.7987	-14.7397	1.27634	0.0728516	942.693
LLLILLATLLSVLLTTLLILI	LLLILLFTLLSVLLTTLLILI	-14.5035	-13.2309	0.308996	0.532699	935.578
LLLILLFTLLSVLLTTLLILI	LLLILLFTLLSTLLTTLLILI	-13.6908	-15.7919	0.0728516	1.27634	927.683
LLLILLFTLLSTLLTTLLILI	LLLILLFTLLATLLTTLLILI	-16.4261	-15.9362	0.642213	0.244161	918.939
LLLILLFTLLATLLTTLLILI	LLLILLATLLATLLTTLLILI	-15.856	-16.3965	0.324348	0.510988	909.276
LLLILLATLLATLLTTLLILI	LLLILLATLLSTLLTTLLILI	-16.491	-17.6708	0.416521	0.404229	898.621
LLLILLATLLSTLLTTLLILI	LLLILLATLLATLLTTLLILI	-17.6708	-16.491	0.404229	0.416521	874.051
LLLILLATLLATLLTTLLILI	LLLILLFTLLATLLTTLLILI	-16.3965	-15.856	0.510988	0.324348	859.999
LLLILLFTLLATLLTTLLILI	LLLILLFTLLSTLLTTLLILI	-15.9362	-16.4261	0.244161	0.642213	844.686
LLLILLFTLLSTLLTTLLILI	LLLILLFTLLATLLTTLLILI	-16.4261	-15.9362	0.642213	0.244161	828.061
LLLILLFTLLATLLTTLLILI	LLLILLATLLATLLTTLLILI	-15.856	-16.3626	0.324348	0.510988	810.083
LLLILLATLLATLLTTLLILI	LLLILLATLLATLLTYLLILI	-16.0574	-13.9686	0.816184	0.171816	790.724
LLLILLATLLATLLTYLLILI	LLLILLATLLATLLTTLLILI	-13.9686	-16.0913	0.171816	0.816184	769.974
LLLILLATLLATLLTTLLILI	LLLILLATLLATLLTYLLILI	-16.0913	-13.9686	0.816184	0.171816	747.845
LLLILLATLLATLLTYLLILI	LLLTLLATLLATLLTYLLILI	-13.9977	-11.0624	0.142768	0.911943	724.369
LLLTLLATLLATLLTYLLILI	LLLTLLTTLLATLLTYLLILI	-11.874	-12.5012	0.100296	1.10047	699.602
LLLTLLTTLLATLLTYLLILI	LLLTLLTTLLSTLLTYLLILI	-13.3575	-14.1078	0.244161	0.642213	673.628
LLLTLLTTLLSTLLTYLLILI	LLLALLTTLLSTLLTYLLILI	-13.2872	-19.9151	1.46278	0.0522692	646.557
LLLALLTTLLSTLLTYLLILI	LLLALLTTLLSTLLTTLLILI	-19.8262	-21.8916	0.141213	0.917682	618.524
LLLALLTTLLSTLLTTLLILI	LLLALLTTLLATLLTTLLILI	-22.405	-21.2346	0.404229	0.416521	589.688
LLLALLTTLLATLLTTLLILI	LLLALLTTLLSTLLTTLLILI	-21.2346	-22.3994	0.416521	0.404229	560.23
LLLALLTTLLSTLLTTLLILI	LLLALLTTLLATLLTTLLILI	-22.3994	-21.2008	0.404229	0.416521	530.348
LLLALLTTLLATLLTTLLILI	LLLALLTTLLSTLLTTLLILI	-21.2008	-22.405	0.416521	0.404229	500.25
LLLALLTTLLSTLLTTLLILI	LLLGLLTTLLSTLLTTLLILI	-22.5331	-21.29	0.276169	0.584123	440.27
LLLGLLTTLLSTLLTTLLILI	LLLALLTTLLSTLLTTLLILI	-21.29	-22.5273	0.584123	0.276169	381.976
LLLALLTTLLSTLLTTLLILI	LLLGLLTTLLSTLLTTLLILI	-22.5273	-21.29	0.276169	0.584123	353.943
LLLGLLTTLLSTLLTTLLILI	LLLALLTTLLSTLLTTLLILI	-21.29	-22.5216	0.584123	0.276169	326.872
LLLALLTTLLSTLLTTLLILI	LLLALLTTLLSVLLTTLLILI	-21.4032	-19.4399	1.39457	0.0589809	300.898
LLLALLTTLLSVLLTTLLILI	LLLALLTTLLSTLLTTLLILI	-19.4399	-21.4089	0.0589809	1.39457	252.655
LLLALLTTLLSTLLTTLLILI	LLLALLTTLLATLLTTLLILI	-22.3992	-21.2383	0.404229	0.416521	190.417
LLLALLTTLLATLLTTLLILI	LLLALLTTLLSTLLTTLLILI	-21.2383	-22.3994	0.416521	0.404229	172.439
Time: 83s
