***STARTING GEOMETRY:***
xShift: 8.74853
crossingAngle: -45.7268
axialRotation: 34.282
zShift: 3.07027

Number of MCCycles: 100
PrevSequence	CurrSequence	PrevEnergy	CurrEnergy	PrevEntropy	CurrEntropy	CurrentTemp
LLLLLLTTLLTTLLTTLLILI	LLLYLLTTLLTTLLTTLLILI	-23.8306	-27.6202	0.312976	0.526939	999.684
LLLYLLTTLLTTLLTTLLILI	LLLYLLYTLLTTLLTTLLILI	-27.4535	-28.4039	0.693609	0.219549	999.328
LLLYLLYTLLTTLLTTLLILI	LLLYLLYTLLATLLTTLLILI	-27.1607	-26.5646	1.46278	0.0522692	998.928
LLLYLLYTLLATLLTTLLILI	LLLYLLYTLLATLLTYLLILI	-26.2095	-23.42	0.407346	0.413356	998.476
LLLYLLYTLLATLLTYLLILI	LLLYLLYTLLTTLLTYLLILI	-23.7687	-24.8423	0.064646	1.34306	997.967
LLLYLLYTLLTTLLTYLLILI	LLLYLLYGLLTTLLTYLLILI	-25.1099	-24.7462	1.07549	0.105025	997.394
LLLYLLYGLLTTLLTYLLILI	LLLYLLYGLLVTLLTYLLILI	-23.7228	-22.2003	1.12845	0.0952708	996.749
LLLYLLYGLLVTLLTYLLILI	LLLYLLYGLLVTLLTTLLILI	-21.7905	-24.7133	0.505042	0.328724	996.023
LLLYLLYGLLVTLLTTLLILI	LLLFLLYGLLVTLLTTLLILI	-24.0893	-24.4101	0.952787	0.132101	995.205
LLLFLLYGLLVTLLTTLLILI	LLLYLLYGLLVTLLTTLLILI	-24.4101	-24.4705	0.132101	0.952787	994.285
LLLYLLYGLLVTLLTTLLILI	LLLYLLYGLLTTLLTTLLILI	-25.3504	-26.3352	0.0728516	1.27634	993.249
LLLYLLYGLLTTLLTTLLILI	LLLYLLYGLLVTLLTTLLILI	-26.3352	-25.3504	1.27634	0.0728516	992.084
LLLYLLYGLLVTLLTTLLILI	LLLYLLYGLLTTLLTTLLILI	-25.3504	-26.3352	0.0728516	1.27634	990.773
LLLYLLYGLLTTLLTTLLILI	LLLYLLTGLLTTLLTTLLILI	-27.3564	-25.8853	0.255144	0.62127	989.3
LLLYLLTGLLTTLLTTLLILI	LLLYLLYGLLTTLLTTLLILI	-25.8853	-26.8866	0.62127	0.255144	987.644
LLLYLLYGLLTTLLTTLLILI	LLLWLLYGLLTTLLTTLLILI	-26.6905	-26.2368	0.451187	0.372136	985.783
LLLWLLYGLLTTLLTTLLILI	LLLWLLYGLLVTLLTTLLILI	-25.3326	-24.3359	1.27634	0.0728516	983.694
LLLWLLYGLLVTLLTTLLILI	LLLWLLYGLLTTLLTTLLILI	-24.3359	-25.3326	0.0728516	1.27634	981.348
LLLWLLYGLLTTLLTTLLILI	LLLWLLYTLLTTLLTTLLILI	-26.5235	-27.9979	0.0854581	1.18802	978.717
LLLWLLYTLLTTLLTTLLILI	LLLWLLTTLLTTLLTTLLILI	-29.066	-28.298	0.119894	1.0043	975.768
LLLWLLTTLLTTLLTTLLILI	LLLYLLTTLLTTLLTTLLILI	-28.7034	-31.9667	0.598868	0.267575	972.463
LLLYLLTTLLTTLLTTLLILI	LLLYLLTTLLTTLLTYLLILI	-31.5406	-29.2673	0.693609	0.219549	968.764
LLLYLLTTLLTTLLTYLLILI	LLLYLLTTLLTTLLTTLLILI	-29.2673	-31.5406	0.219549	0.693609	964.627
LLLYLLTTLLTTLLTTLLILI	LLLWLLTTLLTTLLTTLLILI	-31.9667	-28.7034	0.267575	0.598868	960.005
LLLWLLTTLLTTLLTTLLILI	LLLYLLTTLLTTLLTTLLILI	-28.7034	-31.6887	0.598868	0.267575	954.846
LLLYLLTTLLTTLLTTLLILI	LLLYLLTTLLTTLLTYLLILI	-31.2626	-29.2673	0.693609	0.219549	949.095
LLLYLLTTLLTTLLTYLLILI	LLLYLLTTLLTSLLTYLLILI	-28.376	-24.3962	1.11086	0.0983968	942.693
LLLYLLTTLLTSLLTYLLILI	LLLYLLTTLLTTLLTYLLILI	-24.3962	-28.376	0.0983968	1.11086	935.578
LLLYLLTTLLTTLLTYLLILI	LLLWLLTTLLTTLLTYLLILI	-29.0356	-26.1827	0.451187	0.372136	927.683
LLLWLLTTLLTTLLTYLLILI	LLLWLLTTLLTTLLTTLLILI	-26.4349	-28.298	0.119894	1.0043	918.939
LLLWLLTTLLTTLLTTLLILI	LLLYLLTTLLTTLLTTLLILI	-28.7034	-31.9667	0.598868	0.267575	909.276
LLLYLLTTLLTTLLTTLLILI	LLLYLLYTLLTTLLTTLLILI	-31.5406	-28.7135	0.693609	0.219549	898.621
LLLYLLYTLLTTLLTTLLILI	LLLYLLYTLLATLLTTLLILI	-27.4703	-26.3482	1.46278	0.0522692	886.903
LLLYLLYTLLATLLTTLLILI	LLLYLLYTLLATLLTYLLILI	-25.9931	-23.42	0.407346	0.413356	874.051
LLLYLLYTLLATLLTYLLILI	LLLYLLYTLLATLLTTLLILI	-23.42	-26.2095	0.413356	0.407346	859.999
LLLYLLYTLLATLLTTLLILI	LLLYLLYTLLTTLLTTLLILI	-26.5646	-27.4703	0.0522692	1.46278	844.686
LLLYLLYTLLTTLLTTLLILI	LLLYLLYTLLTTLLTYLLILI	-28.4563	-25.8347	0.476739	0.350648	828.061
LLLYLLYTLLTTLLTYLLILI	LLLYLLYTLLTTLLTTLLILI	-25.8347	-28.4563	0.350648	0.476739	810.083
LLLYLLYTLLTTLLTTLLILI	LLLYLLTTLLTTLLTTLLILI	-28.7135	-31.2626	0.219549	0.693609	790.724
LLLYLLTTLLTTLLTTLLILI	LLLYLLTTLLTSLLTTLLILI	-30.7527	-27.8621	1.20349	0.0830916	769.974
LLLYLLTTLLTSLLTTLLILI	LLLYLLTTLLTTLLTTLLILI	-27.8621	-31.0307	0.0830916	1.20349	747.845
LLLYLLTTLLTTLLTTLLILI	LLLYLLTTLLTTLLTYLLILI	-31.5406	-29.2673	0.693609	0.219549	673.628
LLLYLLTTLLTTLLTYLLILI	LLLYLLTTLLTTLLTTLLILI	-29.2673	-31.5406	0.219549	0.693609	646.557
LLLYLLTTLLTTLLTTLLILI	LLLWLLTTLLTTLLTTLLILI	-31.9667	-30.3556	0.267575	0.598868	589.688
LLLWLLTTLLTTLLTTLLILI	LLLYLLTTLLTTLLTTLLILI	-30.3556	-31.9667	0.598868	0.267575	530.348
LLLYLLTTLLTTLLTTLLILI	LLLYLLTTLLATLLTTLLILI	-30.6719	-29.5408	1.56232	0.0438719	500.25
LLLYLLTTLLATLLTTLLILI	LLLWLLTTLLATLLTTLLILI	-29.3171	-28.0488	0.267575	0.598868	470.152
LLLWLLTTLLATLLTTLLILI	LLLYLLTTLLATLLTTLLILI	-28.0488	-29.5949	0.598868	0.267575	440.27
LLLYLLTTLLATLLTTLLILI	LLLYLLTTLLTTLLTTLLILI	-29.8186	-30.6719	0.0438719	1.56232	410.812
LLLYLLTTLLTTLLTTLLILI	LLLYLLTTLLATLLTTLLILI	-30.6719	-29.8186	1.56232	0.0438719	381.976
LLLYLLTTLLATLLTTLLILI	LLLYLLTTLLTTLLTTLLILI	-29.8186	-30.6719	0.0438719	1.56232	353.943
LLLYLLTTLLTTLLTTLLILI	LLLYLLTTLLATLLTTLLILI	-30.6719	-29.5408	1.56232	0.0438719	326.872
LLLYLLTTLLATLLTTLLILI	LLLYLLTTLLTTLLTTLLILI	-29.5408	-30.2784	0.0438719	1.56232	300.898
LLLYLLTTLLTTLLTTLLILI	LLLYLLTTLLATLLTTLLILI	-30.2784	-29.8186	1.56232	0.0438719	155.814
LLLYLLTTLLATLLTTLLILI	LLLYLLTTLLTTLLTTLLILI	-29.8186	-30.6719	0.0438719	1.56232	140.501
LLLYLLTTLLTTLLTTLLILI	LLLYLLTTLLATLLTTLLILI	-30.6719	-29.8186	1.56232	0.0438719	126.449
LLLYLLTTLLATLLTTLLILI	LLLYLLTTLLTTLLTTLLILI	-29.8186	-30.6719	0.0438719	1.56232	101.879
Time: 120s
