***STARTING GEOMETRY:***
xShift: 8.54576
crossingAngle: -45.8445
axialRotation: 17.4903
zShift: 5.24152

Number of MCCycles: 100
PrevSequence	CurrSequence	PrevEnergy	CurrEnergy	PrevEntropy	CurrEntropy	CurrentTemp
LLLALLTALLTTLLTTLLILI	LLLGLLTALLTTLLTTLLILI	-24.815	-23.9752	0.463748	0.36136	999.684
LLLGLLTALLTTLLTTLLILI	LLLGLLYALLTTLLTTLLILI	-23.4189	-23.4933	0.917682	0.141213	999.328
LLLGLLYALLTTLLTTLLILI	LLLGLLYTLLTTLLTTLLILI	-23.5823	-25.098	0.0522692	1.46278	998.928
LLLGLLYTLLTTLLTTLLILI	LLLGLLYTLLTTLLWTLLILI	-25.887	-23.9199	0.673827	0.22865	998.476
LLLGLLYTLLTTLLWTLLILI	LLLGLLWTLLTTLLWTLLILI	-23.9998	-24.5912	0.148778	0.890414	997.967
LLLGLLWTLLTTLLWTLLILI	LLLGLLWGLLTTLLWTLLILI	-24.7273	-20.0757	0.754313	0.194196	997.394
LLLGLLWGLLTTLLWTLLILI	LLLGLLFGLLTTLLWTLLILI	-19.0388	-15.9694	1.23103	0.0790506	996.023
LLLGLLFGLLTTLLWTLLILI	LLLGLLFGLLTTLLTTLLILI	-15.7742	-17.7573	0.274265	0.58734	994.285
LLLGLLFGLLTTLLTTLLILI	LLLGLLFTLLTTLLTTLLILI	-18.1845	-25.6861	0.160122	0.85234	993.249
LLLGLLFTLLTTLLTTLLILI	LLLGLLWTLLTTLLTTLLILI	-26.3896	-26.9703	0.148778	0.890414	992.084
LLLGLLWTLLTTLLTTLLILI	LLLGLLWTLLTTLLWTLLILI	-27.4327	-25.0885	0.428016	0.393183	990.773
LLLGLLWTLLTTLLWTLLILI	LLLGLLFTLLTTLLWTLLILI	-24.2506	-24.0887	1.23103	0.0790506	989.3
LLLGLLFTLLTTLLWTLLILI	LLLGLLYTLLTTLLWTLLILI	-23.9277	-24.5307	0.240035	0.650378	987.644
LLLGLLYTLLTTLLWTLLILI	LLLGLLWTLLTTLLWTLLILI	-25.0323	-24.5912	0.148778	0.890414	985.783
LLLGLLWTLLTTLLWTLLILI	LLLGLLYTLLTTLLWTLLILI	-24.5912	-25.0323	0.890414	0.148778	983.694
LLLGLLYTLLTTLLWTLLILI	LLLGLLWTLLTTLLWTLLILI	-25.0323	-24.5912	0.148778	0.890414	981.348
LLLGLLWTLLTTLLWTLLILI	LLLGLLYTLLTTLLWTLLILI	-24.5912	-24.0434	0.890414	0.148778	978.717
LLLGLLYTLLTTLLWTLLILI	LLLGLLWTLLTTLLWTLLILI	-24.0434	-24.5912	0.148778	0.890414	975.768
LLLGLLWTLLTTLLWTLLILI	LLLGLLWTLLTTLLTTLLILI	-25.0885	-27.4327	0.393183	0.428016	968.764
LLLGLLWTLLTTLLTTLLILI	LLLGLLYTLLTTLLTTLLILI	-27.2618	-27.2823	0.598868	0.267575	964.627
LLLGLLYTLLTTLLTTLLILI	LLLGLLWTLLTTLLTTLLILI	-27.2823	-27.2618	0.267575	0.598868	960.005
LLLGLLWTLLTTLLTTLLILI	LLLGLLYTLLTTLLTTLLILI	-27.2618	-27.2823	0.598868	0.267575	954.846
LLLGLLYTLLTTLLTTLLILI	LLLGLLYTLLTTLLTYLLILI	-26.9286	-23.9058	0.62127	0.255144	949.095
LLLGLLYTLLTTLLTYLLILI	LLLGLLYTLLTTLLTTLLILI	-23.9058	-25.896	0.255144	0.62127	935.578
LLLGLLYTLLTTLLTTLLILI	LLLGLLWTLLTTLLTTLLILI	-26.2496	-27.2618	0.267575	0.598868	918.939
LLLGLLWTLLTTLLTTLLILI	LLLGLLFTLLTTLLTTLLILI	-26.9703	-26.3896	0.890414	0.148778	898.621
LLLGLLFTLLTTLLTTLLILI	LLLGLLFTLLTYLLTTLLILI	-25.6207	-24.4836	0.917682	0.141213	886.903
LLLGLLFTLLTYLLTTLLILI	LLLGLLFTLLTYLLVTLLILI	-23.3485	-19.991	1.27634	0.0728516	859.999
LLLGLLFTLLTYLLVTLLILI	LLLGLLWTLLTYLLVTLLILI	-19.9151	-20.4734	0.148778	0.890414	844.686
LLLGLLWTLLTYLLVTLLILI	LLLGLLWTLLTTLLVTLLILI	-21.192	-22.5992	0.171816	0.816184	828.061
LLLGLLWTLLTTLLVTLLILI	LLLGLLWTLLTTLLTTLLILI	-23.3564	-26.4661	0.0589809	1.39457	810.083
LLLGLLWTLLTTLLTTLLILI	LLLGLLWTLLTYLLTTLLILI	-26.943	-25.7871	0.917682	0.141213	790.724
LLLGLLWTLLTYLLTTLLILI	LLLGLLFTLLTYLLTTLLILI	-25.0379	-24.4761	0.890414	0.148778	769.974
LLLGLLFTLLTYLLTTLLILI	LLLGLLFTLLTYLLTVLLILI	-23.3485	-20.7711	1.27634	0.0728516	747.845
LLLGLLFTLLTYLLTVLLILI	LLLGLLWTLLTYLLTVLLILI	-20.6952	-21.2569	0.148778	0.890414	724.369
LLLGLLWTLLTYLLTVLLILI	LLLGLLWTLLTYLLTTLLILI	-22.0745	-24.652	0.0728516	1.27634	699.602
LLLGLLWTLLTYLLTTLLILI	LLLGLLYTLLTYLLTTLLILI	-25.5562	-25.1806	0.372136	0.451187	673.628
LLLGLLYTLLTYLLTTLLILI	LLLGLLYTLLTTLLTTLLILI	-25.3766	-26.9286	0.255144	0.62127	646.557
LLLGLLYTLLTTLLTTLLILI	LLLGLLYTLLTFLLTTLLILI	-26.2882	-25.3471	1.26162	0.0748068	618.524
LLLGLLYTLLTFLLTTLLILI	LLLGLLWTLLTFLLTTLLILI	-25.1543	-25.1337	0.267575	0.598868	589.688
LLLGLLWTLLTFLLTTLLILI	LLLGLLWTLLTTLLTTLLILI	-25.6578	-26.5991	0.0748068	1.26162	560.23
LLLGLLWTLLTTLLTTLLILI	LLLGLLYTLLTTLLTTLLILI	-27.2618	-27.2823	0.598868	0.267575	530.348
LLLGLLYTLLTTLLTTLLILI	LLLGLLWTLLTTLLTTLLILI	-27.2823	-27.2618	0.267575	0.598868	500.25
LLLGLLWTLLTTLLTTLLILI	LLLGLLYTLLTTLLTTLLILI	-27.2618	-27.2823	0.598868	0.267575	470.152
LLLGLLYTLLTTLLTTLLILI	LLLGLLWTLLTTLLTTLLILI	-27.2823	-27.2618	0.267575	0.598868	440.27
LLLGLLWTLLTTLLTTLLILI	LLLGLLWTLLTYLLTTLLILI	-26.943	-25.7871	0.917682	0.141213	410.812
LLLGLLWTLLTYLLTTLLILI	LLLGLLWTLLTTLLTTLLILI	-25.7871	-26.943	0.141213	0.917682	381.976
LLLGLLWTLLTTLLTTLLILI	LLLGLLYTLLTTLLTTLLILI	-27.2618	-27.2823	0.598868	0.267575	326.872
LLLGLLYTLLTTLLTTLLILI	LLLGLLWTLLTTLLTTLLILI	-27.2823	-27.2618	0.267575	0.598868	276.131
LLLGLLWTLLTTLLTTLLILI	LLLGLLFTLLTTLLTTLLILI	-26.9703	-26.3896	0.890414	0.148778	230.526
LLLGLLFTLLTTLLTTLLILI	LLLGLLFTLLTYLLTTLLILI	-25.6207	-24.4836	0.917682	0.141213	209.776
LLLGLLFTLLTYLLTTLLILI	LLLGLLWTLLTYLLTTLLILI	-24.4761	-25.0379	0.148778	0.890414	190.417
LLLGLLWTLLTYLLTTLLILI	LLLGLLWTLLTTLLTTLLILI	-25.7871	-26.943	0.141213	0.917682	172.439
LLLGLLWTLLTTLLTTLLILI	LLLGLLYTLLTTLLTTLLILI	-27.2618	-27.2823	0.598868	0.267575	126.449
LLLGLLYTLLTTLLTTLLILI	LLLGLLWTLLTTLLTTLLILI	-27.2823	-27.2618	0.267575	0.598868	101.879
LLLGLLWTLLTTLLTTLLILI	LLLGLLYTLLTTLLTTLLILI	-27.2618	-27.2823	0.598868	0.267575	91.2238
LLLGLLYTLLTTLLTTLLILI	LLLGLLWTLLTTLLTTLLILI	-27.2823	-27.2618	0.267575	0.598868	81.5606
LLLGLLWTLLTTLLTTLLILI	LLLGLLYTLLTTLLTTLLILI	-27.2618	-27.2823	0.598868	0.267575	64.9219
LLLGLLYTLLTTLLTTLLILI	LLLGLLWTLLTTLLTTLLILI	-27.2823	-27.2618	0.267575	0.598868	51.4049
LLLGLLWTLLTTLLTTLLILI	LLLGLLYTLLTTLLTTLLILI	-27.2618	-27.2823	0.598868	0.267575	40.495
LLLGLLYTLLTTLLTTLLILI	LLLGLLWTLLTTLLTTLLILI	-27.2823	-27.2618	0.267575	0.598868	31.7355
LLLGLLWTLLTTLLTTLLILI	LLLGLLYTLLTTLLTTLLILI	-27.2618	-27.2823	0.598868	0.267575	21.7826
LLLGLLYTLLTTLLTTLLILI	LLLGLLWTLLTTLLTTLLILI	-27.2823	-27.2618	0.267575	0.598868	19.1517
LLLGLLWTLLTTLLTTLLILI	LLLGLLYTLLTTLLTTLLILI	-27.2618	-27.2823	0.598868	0.267575	16.8064
LLLGLLYTLLTTLLTTLLILI	LLLGLLWTLLTTLLTTLLILI	-27.2823	-27.2618	0.267575	0.598868	12.8564
LLLGLLWTLLTTLLTTLLILI	LLLGLLYTLLTTLLTTLLILI	-27.2618	-27.2823	0.598868	0.267575	6.21537
LLLGLLYTLLTTLLTTLLILI	LLLGLLWTLLTTLLTTLLILI	-27.2823	-27.2618	0.267575	0.598868	4.47717
LLLGLLWTLLTTLLTTLLILI	LLLGLLYTLLTTLLTTLLILI	-27.2618	-27.2823	0.598868	0.267575	3.75076
Time: 189s
