MCAccept 0 xShift: 6.88 crossingAngle: -35.8632 axialRotation: -33.68 zShift: 2.11 energy: 109.063
MCAccept 1 xShift: 6.89373 crossingAngle: -35.8632 axialRotation: -33.68 zShift: 2.11 energy: 109.063
MCAccept 2 xShift: 6.89373 crossingAngle: -35.8632 axialRotation: -33.6612 zShift: 2.11 energy: 109.063
MCAccept 3 xShift: 6.89373 crossingAngle: -35.9051 axialRotation: -33.6612 zShift: 2.11 energy: 109.063
MCAccept 4 xShift: 6.89373 crossingAngle: -35.9051 axialRotation: -33.6966 zShift: 2.11 energy: 109.063
MCAccept 5 xShift: 6.90768 crossingAngle: -35.9051 axialRotation: -33.6966 zShift: 2.11 energy: 109.063
MCAccept 6 xShift: 6.91419 crossingAngle: -35.9051 axialRotation: -33.6966 zShift: 2.11 energy: 109.063
MCAccept 7 xShift: 6.91622 crossingAngle: -35.9051 axialRotation: -33.6966 zShift: 2.11 energy: 109.063
MCAccept 8 xShift: 6.91573 crossingAngle: -35.9051 axialRotation: -33.6966 zShift: 2.11 energy: 109.063
MCAccept 9 xShift: 6.91573 crossingAngle: -35.995 axialRotation: -33.6966 zShift: 2.11 energy: 109.063
MCAccept 10 xShift: 6.91573 crossingAngle: -36.0276 axialRotation: -33.6966 zShift: 2.11 energy: 109.063
MCAccept 11 xShift: 6.92388 crossingAngle: -36.0276 axialRotation: -33.6966 zShift: 2.11 energy: 109.063
MCAccept 12 xShift: 6.91878 crossingAngle: -36.0276 axialRotation: -33.6966 zShift: 2.11 energy: 109.063
MCAccept 13 xShift: 6.91878 crossingAngle: -36.0966 axialRotation: -33.6966 zShift: 2.11 energy: 109.063
MCAccept 14 xShift: 6.91878 crossingAngle: -36.0966 axialRotation: -33.6805 zShift: 2.11 energy: 109.063
MCAccept 15 xShift: 6.93138 crossingAngle: -36.0966 axialRotation: -33.6805 zShift: 2.11 energy: 109.063
MCReject   xShift: 6.93138 crossingAngle: -36.0966 axialRotation: -33.6805 zShift: 2.11828 energy: 109.907
MCAccept 16 xShift: 6.93138 crossingAngle: -36.1654 axialRotation: -33.6805 zShift: 2.11 energy: 109.063
MCAccept 17 xShift: 6.93138 crossingAngle: -36.1096 axialRotation: -33.6805 zShift: 2.11 energy: 109.063
MCAccept 18 xShift: 6.93138 crossingAngle: -36.1096 axialRotation: -33.6805 zShift: 2.10769 energy: 108.832
MCAccept 19 xShift: 6.93138 crossingAngle: -36.1096 axialRotation: -33.6805 zShift: 2.11257 energy: 109.322
MCAccept 20 xShift: 6.91949 crossingAngle: -36.1096 axialRotation: -33.6805 zShift: 2.11257 energy: 109.322
MCAccept 21 xShift: 6.91949 crossingAngle: -36.0606 axialRotation: -33.6805 zShift: 2.11257 energy: 109.322
MCAccept 22 xShift: 6.91949 crossingAngle: -36.0606 axialRotation: -33.6805 zShift: 2.10005 energy: 108.078
MCAccept 23 xShift: 6.91949 crossingAngle: -36.0606 axialRotation: -33.6483 zShift: 2.10005 energy: 108.078
MCAccept 24 xShift: 6.91609 crossingAngle: -36.0606 axialRotation: -33.6483 zShift: 2.10005 energy: 108.078
MCAccept 25 xShift: 6.91609 crossingAngle: -36.0606 axialRotation: -33.6385 zShift: 2.10005 energy: 108.078
MCAccept 26 xShift: 6.91609 crossingAngle: -36.0606 axialRotation: -33.7268 zShift: 2.10005 energy: 108.078
MCAccept 27 xShift: 6.91609 crossingAngle: -36.3071 axialRotation: -33.7268 zShift: 2.10005 energy: 108.078
MCAccept 28 xShift: 6.91609 crossingAngle: -36.3815 axialRotation: -33.7268 zShift: 2.10005 energy: 108.078
MCAccept 29 xShift: 6.91609 crossingAngle: -36.2398 axialRotation: -33.7268 zShift: 2.10005 energy: 108.078
MCAccept 30 xShift: 6.91609 crossingAngle: -36.2398 axialRotation: -33.7268 zShift: 2.0951 energy: 107.599
MCReject   xShift: 6.91609 crossingAngle: -36.2398 axialRotation: -33.7268 zShift: 2.12977 energy: 111.116
MCAccept 31 xShift: 6.91609 crossingAngle: -36.2398 axialRotation: -33.7268 zShift: 2.0929 energy: 107.389
MCAccept 32 xShift: 6.91609 crossingAngle: -36.2328 axialRotation: -33.7268 zShift: 2.0929 energy: 107.389
MCAccept 33 xShift: 6.91609 crossingAngle: -36.2328 axialRotation: -33.7726 zShift: 2.0929 energy: 107.389
MCAccept 34 xShift: 6.90412 crossingAngle: -36.2328 axialRotation: -33.7726 zShift: 2.0929 energy: 107.389
MCAccept 35 xShift: 6.88888 crossingAngle: -36.2328 axialRotation: -33.7726 zShift: 2.0929 energy: 107.389
MCAccept 36 xShift: 6.88888 crossingAngle: -36.2328 axialRotation: -33.768 zShift: 2.0929 energy: 107.389
MCAccept 37 xShift: 6.88888 crossingAngle: -36.2328 axialRotation: -33.768 zShift: 2.08588 energy: 106.728
MCAccept 38 xShift: 6.88888 crossingAngle: -36.1694 axialRotation: -33.768 zShift: 2.08588 energy: 106.728
MCReject   xShift: 6.88888 crossingAngle: -36.1694 axialRotation: -33.768 zShift: 2.09995 energy: 108.068
MCReject   xShift: 6.88888 crossingAngle: -36.1694 axialRotation: -33.768 zShift: 2.09312 energy: 107.41
MCAccept 39 xShift: 6.88888 crossingAngle: -36.1694 axialRotation: -33.768 zShift: 2.08155 energy: 106.328
MCAccept 40 xShift: 6.88888 crossingAngle: -35.9992 axialRotation: -33.768 zShift: 2.08155 energy: 106.328
MCAccept 41 xShift: 6.88289 crossingAngle: -35.9992 axialRotation: -33.768 zShift: 2.08155 energy: 106.328
MCAccept 42 xShift: 6.8893 crossingAngle: -35.9992 axialRotation: -33.768 zShift: 2.08155 energy: 106.328
MCAccept 43 xShift: 6.8893 crossingAngle: -35.8962 axialRotation: -33.768 zShift: 2.08155 energy: 106.328
MCAccept 44 xShift: 6.8949 crossingAngle: -35.8962 axialRotation: -33.768 zShift: 2.08155 energy: 106.328
MCAccept 45 xShift: 6.8949 crossingAngle: -35.8604 axialRotation: -33.768 zShift: 2.08155 energy: 106.328
MCAccept 46 xShift: 6.8949 crossingAngle: -35.8604 axialRotation: -33.768 zShift: 2.08264 energy: 106.428
MCAccept 47 xShift: 6.8949 crossingAngle: -35.8604 axialRotation: -33.6305 zShift: 2.08264 energy: 106.428
MCAccept 48 xShift: 6.8949 crossingAngle: -35.8604 axialRotation: -33.6305 zShift: 2.07532 energy: 105.761
MCAccept 49 xShift: 6.89888 crossingAngle: -35.8604 axialRotation: -33.6305 zShift: 2.07532 energy: 105.761
MCAccept 50 xShift: 6.90025 crossingAngle: -35.8604 axialRotation: -33.6305 zShift: 2.07532 energy: 105.761
MCAccept 51 xShift: 6.90025 crossingAngle: -35.8334 axialRotation: -33.6305 zShift: 2.07532 energy: 105.761
MCAccept 52 xShift: 6.90025 crossingAngle: -35.8334 axialRotation: -33.5047 zShift: 2.07532 energy: 105.761
MCReject   xShift: 6.90025 crossingAngle: -35.8334 axialRotation: -33.5047 zShift: 2.08533 energy: 106.676
MCReject   xShift: 6.90025 crossingAngle: -35.8334 axialRotation: -33.5047 zShift: 2.08645 energy: 106.781
MCAccept 53 xShift: 6.91084 crossingAngle: -35.8334 axialRotation: -33.5047 zShift: 2.07532 energy: 105.761
MCAccept 54 xShift: 6.89308 crossingAngle: -35.8334 axialRotation: -33.5047 zShift: 2.07532 energy: 105.761
MCAccept 55 xShift: 6.89308 crossingAngle: -35.808 axialRotation: -33.5047 zShift: 2.07532 energy: 105.761
MCAccept 56 xShift: 6.89308 crossingAngle: -35.9475 axialRotation: -33.5047 zShift: 2.07532 energy: 105.761
MCAccept 57 xShift: 6.89308 crossingAngle: -36.0052 axialRotation: -33.5047 zShift: 2.07532 energy: 105.761
MCAccept 58 xShift: 6.8859 crossingAngle: -36.0052 axialRotation: -33.5047 zShift: 2.07532 energy: 105.761
MCAccept 59 xShift: 6.8859 crossingAngle: -36.1106 axialRotation: -33.5047 zShift: 2.07532 energy: 105.761
MCAccept 60 xShift: 6.8859 crossingAngle: -36.4883 axialRotation: -33.5047 zShift: 2.07532 energy: 105.761
MCAccept 61 xShift: 6.8859 crossingAngle: -36.4917 axialRotation: -33.5047 zShift: 2.07532 energy: 105.761
MCAccept 62 xShift: 6.8859 crossingAngle: -36.4917 axialRotation: -33.5047 zShift: 2.06692 energy: 105.016
MCAccept 63 xShift: 6.8859 crossingAngle: -36.5139 axialRotation: -33.5047 zShift: 2.06692 energy: 105.016
MCAccept 64 xShift: 6.87621 crossingAngle: -36.5139 axialRotation: -33.5047 zShift: 2.06692 energy: 105.016
MCAccept 65 xShift: 6.87621 crossingAngle: -36.6248 axialRotation: -33.5047 zShift: 2.06692 energy: 105.016
MCAccept 66 xShift: 6.87621 crossingAngle: -36.6477 axialRotation: -33.5047 zShift: 2.06692 energy: 105.016
MCAccept 67 xShift: 6.87453 crossingAngle: -36.6477 axialRotation: -33.5047 zShift: 2.06692 energy: 105.016
MCAccept 68 xShift: 6.87453 crossingAngle: -36.6477 axialRotation: -33.5047 zShift: 2.05495 energy: 103.989
MCAccept 69 xShift: 6.87453 crossingAngle: -36.5529 axialRotation: -33.5047 zShift: 2.05495 energy: 103.989
MCReject   xShift: 6.87453 crossingAngle: -36.5529 axialRotation: -33.5047 zShift: 2.05582 energy: 104.062
MCAccept 70 xShift: 6.86397 crossingAngle: -36.5529 axialRotation: -33.5047 zShift: 2.05495 energy: 103.989
MCAccept 71 xShift: 6.86397 crossingAngle: -36.3778 axialRotation: -33.5047 zShift: 2.05495 energy: 103.989
MCAccept 72 xShift: 6.86397 crossingAngle: -36.3616 axialRotation: -33.5047 zShift: 2.05495 energy: 103.989
MCAccept 73 xShift: 6.86397 crossingAngle: -36.2781 axialRotation: -33.5047 zShift: 2.05495 energy: 103.989
MCAccept 74 xShift: 6.85595 crossingAngle: -36.2781 axialRotation: -33.5047 zShift: 2.05495 energy: 103.989
MCAccept 75 xShift: 6.85824 crossingAngle: -36.2781 axialRotation: -33.5047 zShift: 2.05495 energy: 103.989
MCAccept 76 xShift: 6.85824 crossingAngle: -36.2781 axialRotation: -33.5564 zShift: 2.05495 energy: 103.989
MCAccept 77 xShift: 6.85824 crossingAngle: -36.1089 axialRotation: -33.5564 zShift: 2.05495 energy: 103.989
MCAccept 78 xShift: 6.85824 crossingAngle: -36.1089 axialRotation: -33.823 zShift: 2.05495 energy: 103.989
MCAccept 79 xShift: 6.85824 crossingAngle: -36.1089 axialRotation: -33.8181 zShift: 2.05495 energy: 103.989
MCAccept 80 xShift: 6.86431 crossingAngle: -36.1089 axialRotation: -33.8181 zShift: 2.05495 energy: 103.989
MCAccept 81 xShift: 6.86906 crossingAngle: -36.1089 axialRotation: -33.8181 zShift: 2.05495 energy: 103.989
MCAccept 82 xShift: 6.8856 crossingAngle: -36.1089 axialRotation: -33.8181 zShift: 2.05495 energy: 103.989
MCAccept 83 xShift: 6.89057 crossingAngle: -36.1089 axialRotation: -33.8181 zShift: 2.05495 energy: 103.989
MCAccept 84 xShift: 6.89057 crossingAngle: -36.1089 axialRotation: -33.8268 zShift: 2.05495 energy: 103.989
MCAccept 85 xShift: 6.90327 crossingAngle: -36.1089 axialRotation: -33.8268 zShift: 2.05495 energy: 103.989
MCAccept 86 xShift: 6.90327 crossingAngle: -36.1089 axialRotation: -33.8268 zShift: 2.04562 energy: 103.217
MCAccept 87 xShift: 6.90327 crossingAngle: -36.1089 axialRotation: -33.9426 zShift: 2.04562 energy: 103.217
MCAccept 88 xShift: 6.90327 crossingAngle: -35.8493 axialRotation: -33.9426 zShift: 2.04562 energy: 103.217
MCAccept 89 xShift: 6.90374 crossingAngle: -35.8493 axialRotation: -33.9426 zShift: 2.04562 energy: 103.217
MCAccept 90 xShift: 6.9176 crossingAngle: -35.8493 axialRotation: -33.9426 zShift: 2.04562 energy: 103.217
MCAccept 91 xShift: 6.90234 crossingAngle: -35.8493 axialRotation: -33.9426 zShift: 2.04562 energy: 103.217
MCAccept 92 xShift: 6.90407 crossingAngle: -35.8493 axialRotation: -33.9426 zShift: 2.04562 energy: 103.217
MCAccept 93 xShift: 6.90407 crossingAngle: -35.7121 axialRotation: -33.9426 zShift: 2.04562 energy: 103.217
MCAccept 94 xShift: 6.91591 crossingAngle: -35.7121 axialRotation: -33.9426 zShift: 2.04562 energy: 103.217
MCAccept 95 xShift: 6.91591 crossingAngle: -35.5099 axialRotation: -33.9426 zShift: 2.04562 energy: 103.217
MCAccept 96 xShift: 6.91591 crossingAngle: -35.5099 axialRotation: -33.9426 zShift: 2.04178 energy: 102.905
MCAccept 97 xShift: 6.91331 crossingAngle: -35.5099 axialRotation: -33.9426 zShift: 2.04178 energy: 102.905
MCAccept 98 xShift: 6.92088 crossingAngle: -35.5099 axialRotation: -33.9426 zShift: 2.04178 energy: 102.905
MCAccept 99 xShift: 6.92088 crossingAngle: -35.5099 axialRotation: -33.9426 zShift: 2.03635 energy: 102.473
Energy #0: 102.473
***GEOMETRY SHIFT***
xShift;        Before: 6.88; After: 6.92088
crossingAngle; Before: -35.81; After: -35.5099
axialRotation; Before: -33.68; After: -33.9426
zShift;        Before: 2.11; After: 2.03635
Energy;        Before: 889.909; After: 102.473

Completed all cycles. Accepted 100/107
Monte Carlo repack complete. Time: 13.6min

Final energy is 102.473 after repack, indicating clashes. Choose a different geometry
