***STARTING GEOMETRY:***
xShift: 6.92088
crossingAngle: -35.5099
axialRotation: -33.9426
zShift: 2.03635

Number of MCCycles: 200
PrevSequence	CurrSequence	PrevEnergy	CurrEnergy	PrevEntropy	CurrEntropy	CurrentTemp
LLLTGLLTSLLFGLLFALILI	LLLGGLLTSLLFGLLFALILI	148.608	148.442	0.366931	0.457192	999.847
LLLGGLLTSLLFGLLFALILI	LLLGALLTSLLFGLLFALILI	148.731	148.327	0.745602	0.197612	999.684
LLLGALLTSLLFGLLFALILI	LLLGALLTSLLFGLLFGLILI	148.327	149.522	0.197612	0.745602	999.512
LLLGALLTSLLFGLLFGLILI	LLLGALLTSLLFGLLFALILI	149.522	148.327	0.745602	0.197612	999.328
LLLGALLTSLLFGLLFALILI	LLLGALLTSLLFGLLYALILI	148.539	149.893	0.410343	0.410343	998.928
LLLGALLTSLLFGLLYALILI	LLLTALLTSLLFGLLYALILI	149.823	149.809	0.34018	0.489954	998.708
LLLTALLTSLLFGLLYALILI	LLLTALLTSLLFGLLFALILI	149.73	148.376	0.410343	0.410343	998.476
LLLTALLTSLLFGLLFALILI	LLLTALLTALLFGLLFALILI	148.263	143.944	0.297523	0.549849	998.229
LLLTALLTALLFGLLFALILI	LLLGALLTALLFGLLFALILI	143.884	143.897	0.489954	0.34018	997.967
LLLGALLTALLFGLLFALILI	LLLGALLYALLFGLLFALILI	143.885	146.898	0.328724	0.505042	997.689
LLLGALLYALLFGLLFALILI	LLLGALLYALLYGLLFALILI	146.633	150.052	0.240035	0.650378	997.394
LLLGALLYALLYGLLFALILI	LLLGALLTALLYGLLFALILI	150.175	146.222	0.773553	0.186892	997.081
LLLGALLTALLYGLLFALILI	LLLTALLTALLYGLLFALILI	146.376	146.36	0.34018	0.489954	996.749
LLLTALLTALLYGLLFALILI	LLLTGLLTALLYGLLFALILI	146.247	146.228	0.377357	0.445276	996.397
LLLTGLLTALLYGLLFALILI	LLLTGLLTALLFGLLFALILI	146.193	143.64	0.410343	0.410343	996.023
LLLTGLLTALLFGLLFALILI	LLLTGLLLALLFGLLFALILI	143.905	147.346	0.67574	0.227751	995.626
LLLTGLLLALLFGLLFALILI	LLLTGLLLALLFGLLFGLILI	147.316	148.511	0.197612	0.745602	995.205
LLLTGLLLALLFGLLFGLILI	LLLGGLLLALLFGLLFGLILI	147.93	148.317	0.165241	0.836153	994.758
LLLGGLLLALLFGLLFGLILI	LLLGGLLLALLFALLFGLILI	148.353	152.356	0.872342	0.154044	994.285
LLLGGLLLALLFALLFGLILI	LLLGALLLALLFALLFGLILI	152.786	152.68	0.584123	0.276169	993.782
LLLGALLLALLFALLFGLILI	LLLGALLLALLFALLGGLILI	152.674	142.926	0.270132	0.594419	993.249
LLLGALLLALLFALLGGLILI	LLLGGLLLALLFALLGGLILI	142.55	142.827	0.21825	0.696512	992.683
LLLGGLLLALLFALLGGLILI	LLLGGLLLALLFALLGALILI	142.827	141.879	0.696512	0.21825	992.084
LLLGGLLLALLFALLGALILI	LLLGGLLLALLFALLAALILI	142.144	141.901	0.483158	0.345511	991.448
LLLGGLLLALLFALLAALILI	LLLGGLLLALLFSLLAALILI	142.214	120.169	0.658601	0.235967	990.773
LLLGGLLLALLFSLLAALILI	LLLGGLLTALLFSLLAALILI	120.325	116.96	0.391819	0.429465	990.058
LLLGGLLTALLFSLLAALILI	LLLGALLTALLFSLLAALILI	116.892	117.125	0.36136	0.463748	989.3
LLLGALLTALLFSLLAALILI	LLLGGLLTALLFSLLAALILI	117.125	116.892	0.463748	0.36136	988.496
LLLGGLLTALLFSLLAALILI	LLLGGLLTALLGSLLAALILI	116.681	116.08	0.150342	0.884972	987.644
LLLGGLLTALLGSLLAALILI	LLLGGLLTSLLGSLLAALILI	115.532	118.843	0.336591	0.494608	986.74
LLLGGLLTSLLGSLLAALILI	LLLGALLTSLLGSLLAALILI	118.933	118.703	0.584123	0.276169	985.783
LLLGALLTSLLGSLLAALILI	LLLGALLTALLGSLLAALILI	118.831	115.676	0.404229	0.416521	984.769
LLLGALLTALLGSLLAALILI	LLLGALLYALLGSLLAALILI	115.588	117.832	0.328724	0.505042	983.694
LLLGALLYALLGSLLAALILI	LLLGGLLYALLGSLLAALILI	117.673	117.48	0.345511	0.483158	982.555
LLLGGLLYALLGSLLAALILI	LLLGGLLTALLGSLLAALILI	117.502	115.524	0.505042	0.328724	981.348
LLLGGLLTALLGSLLAALILI	LLLGGLLTALLGSLLAGLILI	115.414	116.645	0.21825	0.696512	980.071
LLLGGLLTALLGSLLAGLILI	LLLGALLTALLGSLLAGLILI	116.645	116.23	0.696512	0.21825	978.717
LLLGALLTALLGSLLAGLILI	LLLGGLLTALLGSLLAGLILI	116.23	116.645	0.21825	0.696512	977.285
LLLGGLLTALLGSLLAGLILI	LLLGGLLTALLFSLLAGLILI	116.969	117.399	1.02112	0.116183	975.768
LLLGGLLTALLFSLLAGLILI	LLLGGLLTALLGSLLAGLILI	117.399	116.969	0.116183	1.02112	974.162
LLLGGLLTALLGSLLAGLILI	LLLGGLLTALLGSLLGGLILI	116.074	115.012	0.126277	0.976675	972.463
LLLGGLLTALLGSLLGGLILI	LLLGGLLTALLFSLLGGLILI	115.167	114.998	1.13174	0.0946991	970.666
LLLGGLLTALLFSLLGGLILI	LLLGGLLTALLFSLLGALILI	115.775	114.59	0.872342	0.154044	968.764
LLLGGLLTALLFSLLGALILI	LLLGGLLTALLGSLLGALILI	114.553	114.59	0.116183	1.02112	966.754
LLLGGLLTALLGSLLGALILI	LLLGGLLYALLGSLLGALILI	113.897	115.869	0.328724	0.505042	964.627
LLLGGLLYALLGSLLGALILI	LLLGALLYALLGSLLGALILI	116.061	115.913	0.696512	0.21825	962.38
LLLGALLYALLGSLLGALILI	LLLGGLLYALLGSLLGALILI	115.913	116.061	0.21825	0.696512	960.005
LLLGGLLYALLGSLLGALILI	LLLGALLYALLGSLLGALILI	116.061	115.913	0.696512	0.21825	957.496
LLLGALLYALLGSLLGALILI	LLLGGLLYALLGSLLGALILI	115.913	116.061	0.21825	0.696512	954.846
LLLGGLLYALLGSLLGALILI	LLLGGLLYALLFSLLGALILI	116.385	117.127	1.02112	0.116183	952.048
LLLGGLLYALLFSLLGALILI	LLLGALLYALLFSLLGALILI	117.595	117.684	0.584123	0.276169	949.095
LLLGALLYALLFSLLGALILI	LLLYALLYALLFSLLGALILI	117.678	118.27	0.269472	0.595564	945.979
LLLYALLYALLFSLLGALILI	LLLYALLYALLGSLLGALILI	117.887	116.642	0.213262	0.707856	942.693
LLLYALLYALLGSLLGALILI	LLLGALLYALLGSLLGALILI	116.389	116.063	0.454934	0.368877	939.229
LLLGALLYALLGSLLGALILI	LLLGALLYALLGSLLGGLILI	115.913	116.856	0.21825	0.696512	935.578
LLLGALLYALLGSLLGGLILI	LLLGALLTALLGSLLGGLILI	116.664	114.428	0.505042	0.328724	931.732
LLLGALLTALLGSLLGGLILI	LLLTALLTALLGSLLGGLILI	114.655	114.225	0.55485	0.29428	927.683
LLLTALLTALLGSLLGGLILI	LLLTGLLTALLGSLLGGLILI	114.085	114.704	0.154044	0.872342	923.422
LLLTGLLTALLGSLLGGLILI	LLLTALLTALLGSLLGGLILI	114.704	114.085	0.872342	0.154044	918.939
LLLTALLTALLGSLLGGLILI	LLLGALLTALLGSLLGGLILI	114.225	114.655	0.29428	0.55485	914.227
LLLGALLTALLGSLLGGLILI	LLLGALLTALLGSLLAGLILI	114.796	116.23	0.696512	0.21825	909.276
LLLGALLTALLGSLLAGLILI	LLLGALLTALLGSLLGGLILI	116.23	114.796	0.21825	0.696512	904.077
LLLGALLTALLGSLLGGLILI	LLLGALLTALLGSLLGALILI	114.796	113.851	0.696512	0.21825	898.621
LLLGALLTALLGSLLGALILI	LLLTALLTALLGSLLGALILI	114.09	113.831	0.457192	0.366931	892.899
LLLTALLTALLGSLLGALILI	LLLGALLTALLGSLLGALILI	113.831	114.09	0.366931	0.457192	886.903
LLLGALLTALLGSLLGALILI	LLLGALLTALLFSLLGALILI	114.517	114.717	0.884972	0.150342	880.623
LLLGALLTALLFSLLGALILI	LLLGALLTALLFSLLAALILI	114.928	117.125	0.36136	0.463748	867.179
LLLGALLTALLFSLLAALILI	LLLGGLLTALLFSLLAALILI	117.125	116.892	0.463748	0.36136	859.999
LLLGGLLTALLFSLLAALILI	LLLGGLLTALLGSLLAALILI	116.681	116.08	0.150342	0.884972	852.504
LLLGGLLTALLGSLLAALILI	LLLGALLTALLGSLLAALILI	115.679	115.605	0.483158	0.345511	844.686
LLLGALLTALLGSLLAALILI	LLLTALLTALLGSLLAALILI	115.6	115.581	0.34018	0.489954	836.541
LLLTALLTALLGSLLAALILI	LLLTALLTALLGSLLGALILI	115.554	113.825	0.463748	0.36136	828.061
LLLTALLTALLGSLLGALILI	LLLTALLYALLGSLLGALILI	114.002	118.373	0.538845	0.30482	819.243
LLLTALLYALLGSLLGALILI	LLLTALLYALLGSLLGGLILI	118.345	119.117	0.276169	0.584123	810.083
LLLTALLYALLGSLLGGLILI	LLLGALLYALLGSLLGGLILI	118.698	116.995	0.165241	0.836153	800.577
LLLGALLYALLGSLLGGLILI	LLLGALLYALLGSLLGALILI	116.856	115.913	0.696512	0.21825	790.724
LLLGALLYALLGSLLGALILI	LLLYALLYALLGSLLGALILI	116.063	116.386	0.368877	0.454934	780.523
LLLYALLYALLGSLLGALILI	LLLGALLYALLGSLLGALILI	116.386	116.063	0.454934	0.368877	769.974
LLLGALLYALLGSLLGALILI	LLLGALLTALLGSLLGALILI	116.199	113.961	0.505042	0.328724	759.081
LLLGALLTALLGSLLGALILI	LLLTALLTALLGSLLGALILI	114.09	113.831	0.457192	0.366931	747.845
LLLTALLTALLGSLLGALILI	LLLTALLTALLFSLLGALILI	114.171	114.617	0.707856	0.213262	736.272
LLLTALLTALLFSLLGALILI	LLLTGLLTALLFSLLGALILI	114.781	114.684	0.377357	0.445276	724.369
LLLTGLLTALLFSLLGALILI	LLLTGLLTALLGSLLGALILI	114.389	114.25	0.150342	0.884972	712.142
LLLTGLLTALLGSLLGALILI	LLLTALLTALLGSLLGALILI	113.949	113.74	0.584123	0.276169	699.602
LLLTALLTALLGSLLGALILI	LLLTALLTALLFSLLGALILI	114.171	114.617	0.707856	0.213262	686.76
LLLTALLTALLFSLLGALILI	LLLGALLTALLFSLLGALILI	114.894	114.907	0.489954	0.34018	673.628
LLLGALLTALLFSLLGALILI	LLLTALLTALLFSLLGALILI	114.907	114.894	0.34018	0.489954	660.222
LLLTALLTALLFSLLGALILI	LLLGALLTALLFSLLGALILI	114.894	114.907	0.489954	0.34018	646.557
LLLGALLTALLFSLLGALILI	LLLTALLTALLFSLLGALILI	114.907	114.894	0.34018	0.489954	632.651
LLLTALLTALLFSLLGALILI	LLLTALLTALLGSLLGALILI	114.617	114.171	0.213262	0.707856	618.524
LLLTALLTALLGSLLGALILI	LLLTGLLTALLGSLLGALILI	113.74	113.949	0.276169	0.584123	604.196
LLLTGLLTALLGSLLGALILI	LLLTGLLTALLFSLLGALILI	114.25	114.389	0.884972	0.150342	589.688
LLLTGLLTALLFSLLGALILI	LLLTGLLTALLFSLLGGLILI	114.437	115.451	0.197612	0.745602	575.025
LLLTGLLTALLFSLLGGLILI	LLLTGLLTALLGSLLGGLILI	114.822	114.853	0.116183	1.02112	560.23
LLLTGLLTALLGSLLGGLILI	LLLTALLTALLGSLLGGLILI	114.704	114.085	0.872342	0.154044	545.329
LLLTALLTALLGSLLGGLILI	LLLTALLTALLFSLLGGLILI	114.816	115.021	0.884972	0.150342	530.348
LLLTALLTALLFSLLGGLILI	LLLTGLLTALLFSLLGGLILI	115.068	115.451	0.197612	0.745602	515.312
LLLTGLLTALLFSLLGGLILI	LLLTGLLTALLGSLLGGLILI	114.822	114.853	0.116183	1.02112	500.25
LLLTGLLTALLGSLLGGLILI	LLLTALLTALLGSLLGGLILI	114.704	114.085	0.872342	0.154044	485.188
LLLTALLTALLGSLLGGLILI	LLLTALLTALLGSLLAGLILI	114.515	116.119	0.584123	0.276169	470.152
LLLTALLTALLGSLLAGLILI	LLLGALLTALLGSLLAGLILI	116.21	116.469	0.366931	0.457192	455.171
LLLGALLTALLGSLLAGLILI	LLLGALLTALLGSLLGGLILI	116.23	114.796	0.21825	0.696512	440.27
LLLGALLTALLGSLLGGLILI	LLLGALLTALLFSLLGGLILI	115.121	115.149	1.02112	0.116183	425.475
LLLGALLTALLFSLLGGLILI	LLLGALLTALLFSLLGALILI	115.617	114.843	0.584123	0.276169	410.812
LLLGALLTALLFSLLGALILI	LLLTALLTALLFSLLGALILI	114.907	114.894	0.34018	0.489954	381.976
LLLTALLTALLFSLLGALILI	LLLTALLTALLGSLLGALILI	114.617	114.171	0.213262	0.707856	367.849
LLLTALLTALLGSLLGALILI	LLLGALLTALLGSLLGALILI	113.831	114.09	0.366931	0.457192	353.943
LLLGALLTALLGSLLGALILI	LLLGALLTALLGSLLAALILI	114.116	115.605	0.483158	0.345511	340.278
LLLGALLTALLGSLLAALILI	LLLTALLTALLGSLLAALILI	115.6	115.581	0.34018	0.489954	326.872
LLLTALLTALLGSLLAALILI	LLLTALLTALLFSLLAALILI	115.545	116.868	0.453966	0.369715	313.74
LLLTALLTALLFSLLAALILI	LLLTALLTALLFSLLGALILI	117.219	114.612	0.720566	0.207834	300.898
LLLTALLTALLFSLLGALILI	LLLTGLLTALLFSLLGALILI	114.781	114.684	0.377357	0.445276	288.358
LLLTGLLTALLFSLLGALILI	LLLTALLTALLFSLLGALILI	114.684	114.781	0.445276	0.377357	276.131
LLLTALLTALLFSLLGALILI	LLLTALLTALLGSLLGALILI	114.617	114.171	0.213262	0.707856	264.228
LLLTALLTALLGSLLGALILI	LLLTALLTALLFSLLGALILI	114.171	114.617	0.707856	0.213262	241.419
LLLTALLTALLFSLLGALILI	LLLTALLTALLGSLLGALILI	114.617	114.171	0.213262	0.707856	230.526
LLLTALLTALLGSLLGALILI	LLLTGLLTALLGSLLGALILI	113.74	113.949	0.276169	0.584123	219.977
LLLTGLLTALLGSLLGALILI	LLLTALLTALLGSLLGALILI	113.949	113.74	0.584123	0.276169	209.776
LLLTALLTALLGSLLGALILI	LLLGALLTALLGSLLGALILI	113.831	114.09	0.366931	0.457192	172.439
LLLGALLTALLGSLLGALILI	LLLTALLTALLGSLLGALILI	114.09	113.831	0.457192	0.366931	163.959
LLLTALLTALLGSLLGALILI	LLLGALLTALLGSLLGALILI	113.831	114.09	0.366931	0.457192	155.814
LLLGALLTALLGSLLGALILI	LLLTALLTALLGSLLGALILI	114.09	113.831	0.457192	0.366931	147.996
LLLTALLTALLGSLLGALILI	LLLTGLLTALLGSLLGALILI	113.74	113.949	0.276169	0.584123	140.501
LLLTGLLTALLGSLLGALILI	LLLTGLLTALLFSLLGALILI	114.25	114.389	0.884972	0.150342	133.321
LLLTGLLTALLFSLLGALILI	LLLGGLLTALLFSLLGALILI	114.606	114.894	0.366931	0.457192	126.449
LLLGGLLTALLFSLLGALILI	LLLTGLLTALLFSLLGALILI	114.894	114.606	0.457192	0.366931	119.877
LLLTGLLTALLFSLLGALILI	LLLTGLLTALLGSLLGALILI	114.389	114.25	0.150342	0.884972	107.601
LLLTGLLTALLGSLLGALILI	LLLYGLLTALLGSLLGALILI	113.904	114.079	0.538845	0.30482	101.879
LLLYGLLTALLGSLLGALILI	LLLTGLLTALLGSLLGALILI	114.079	113.904	0.30482	0.538845	91.2238
LLLTGLLTALLGSLLGALILI	LLLTALLTALLGSLLGALILI	113.949	113.74	0.584123	0.276169	86.2728
LLLTALLTALLGSLLGALILI	LLLGALLTALLGSLLGALILI	113.831	114.09	0.366931	0.457192	77.0783
LLLGALLTALLGSLLGALILI	LLLGALLTALLFSLLGALILI	114.517	114.717	0.884972	0.150342	68.7677
LLLGALLTALLFSLLGALILI	LLLGALLTALLGSLLGALILI	114.717	114.517	0.150342	0.884972	61.271
LLLGALLTALLGSLLGALILI	LLLTALLTALLGSLLGALILI	114.09	113.831	0.457192	0.366931	51.4049
LLLTALLTALLGSLLGALILI	LLLTALLTALLFSLLGALILI	114.171	114.617	0.707856	0.213262	40.495
LLLTALLTALLFSLLGALILI	LLLTGLLTALLFSLLGALILI	114.781	114.684	0.377357	0.445276	38.12
LLLTGLLTALLFSLLGALILI	LLLTGLLTALLGSLLGALILI	114.389	114.25	0.150342	0.884972	35.8726
LLLTGLLTALLGSLLGALILI	LLLTALLTALLGSLLGALILI	113.949	113.74	0.584123	0.276169	33.7464
Time: 138s
