***STARTING GEOMETRY:***
xShift: 8.26938
crossingAngle: -40.3047
axialRotation: 34.2836
zShift: 4.10698

Number of MCCycles: 100
PrevSequence	CurrSequence	PrevEnergy	CurrEnergy	PrevEntropy	CurrEntropy	CurrentTemp
LLLLLLGTLLATLLTTLLILI	LLLILLGTLLATLLTTLLILI	-17.4054	-19.963	0.367442	0.456598	999.684
LLLILLGTLLATLLTTLLILI	LLLLLLGTLLATLLTTLLILI	-19.963	-20.7201	0.456598	0.367442	999.328
LLLLLLGTLLATLLTTLLILI	LLLLLLGTLLATLLTYLLILI	-20.2714	-18.6254	0.816184	0.171816	998.928
LLLLLLGTLLATLLTYLLILI	LLLLLLGTLLATLLTTLLILI	-18.6254	-20.2714	0.171816	0.816184	998.476
LLLLLLGTLLATLLTTLLILI	LLLILLGTLLATLLTTLLILI	-20.7201	-19.963	0.367442	0.456598	997.394
LLLILLGTLLATLLTTLLILI	LLLILLGTLLGTLLTTLLILI	-20.2656	-17.5611	0.154044	0.872342	996.749
LLLILLGTLLGTLLTTLLILI	LLLILLGTLLATLLTTLLILI	-17.5611	-20.2656	0.872342	0.154044	996.023
LLLILLGTLLATLLTTLLILI	LLLILLATLLATLLTTLLILI	-20.0583	-16.4213	0.36136	0.463748	995.205
LLLILLATLLATLLTTLLILI	LLLILLGTLLATLLTTLLILI	-16.4213	-20.0583	0.463748	0.36136	994.285
LLLILLGTLLATLLTTLLILI	LLLILLGTLLATLLTYLLILI	-19.6034	-17.9214	0.816184	0.171816	993.249
LLLILLGTLLATLLTYLLILI	LLLILLGTLLATLLTTLLILI	-17.9214	-19.6034	0.171816	0.816184	992.084
LLLILLGTLLATLLTTLLILI	LLLILLGTLLATLLTYLLILI	-19.6034	-17.9663	0.816184	0.171816	990.773
LLLILLGTLLATLLTYLLILI	LLLILLGTLLATLLTTLLILI	-17.9663	-19.6034	0.171816	0.816184	989.3
LLLILLGTLLATLLTTLLILI	LLLILLGTLLATLLTYLLILI	-19.6034	-17.9663	0.816184	0.171816	985.783
LLLILLGTLLATLLTYLLILI	LLLILLGTLLGTLLTYLLILI	-17.9841	-15.2663	0.154044	0.872342	983.694
LLLILLGTLLGTLLTYLLILI	LLLLLLGTLLGTLLTYLLILI	-15.682	-16.4089	0.456598	0.367442	981.348
LLLLLLGTLLGTLLTYLLILI	LLLLLLGVLLGTLLTYLLILI	-15.6479	-13.7602	1.12845	0.0952708	978.717
LLLLLLGVLLGTLLTYLLILI	LLLLLLGVLLGTLLTTLLILI	-13.6359	-15.433	0.219549	0.693609	975.768
LLLLLLGVLLGTLLTTLLILI	LLLLLLGVLLGTLLTYLLILI	-15.433	-13.591	0.693609	0.219549	972.463
LLLLLLGVLLGTLLTYLLILI	LLLLLLGTLLGTLLTYLLILI	-13.7152	-15.6479	0.0952708	1.12845	968.764
LLLLLLGTLLGTLLTYLLILI	LLLLLLGTLLGWLLTYLLILI	-16.2904	-15.5256	0.48602	0.343253	964.627
LLLLLLGTLLGWLLTYLLILI	LLLILLGTLLGWLLTYLLILI	-15.5014	-14.6843	0.367442	0.456598	960.005
LLLILLGTLLGWLLTYLLILI	LLLILLGTLLGTLLTYLLILI	-14.7977	-15.6526	0.343253	0.48602	954.846
LLLILLGTLLGTLLTYLLILI	LLLILLGTLLGWLLTYLLILI	-15.6526	-14.7977	0.48602	0.343253	949.095
LLLILLGTLLGWLLTYLLILI	LLLILLGTLLGWLLTTLLILI	-14.9214	-17.4777	0.219549	0.693609	942.693
LLLILLGTLLGWLLTTLLILI	LLLILLATLLGWLLTTLLILI	-17.2989	-14.4516	0.872342	0.154044	935.578
LLLILLATLLGWLLTTLLILI	LLLILLATLLGWLLVTLLILI	-13.4772	-5.96714	1.12845	0.0952708	927.683
LLLILLATLLGWLLVTLLILI	LLLILLGTLLGWLLVTLLILI	-5.90836	-8.7548	0.154044	0.872342	918.939
LLLILLGTLLGWLLVTLLILI	LLLVLLGTLLGWLLVTLLILI	-9.2047	-8.27853	0.42245	0.398479	909.276
LLLVLLGTLLGWLLVTLLILI	LLLVLLGTLLGTLLVTLLILI	-8.33375	-8.45594	0.343253	0.48602	898.621
LLLVLLGTLLGTLLVTLLILI	LLLVLLATLLGTLLVTLLILI	-8.06962	-4.12495	0.872342	0.154044	886.903
LLLVLLATLLGTLLVTLLILI	LLLALLATLLGTLLVTLLILI	-3.83001	-6.32689	0.44899	0.374065	874.051
LLLALLATLLGTLLVTLLILI	LLLALLATLLGTLLTTLLILI	-6.6281	-13.9638	0.0728516	1.27634	859.999
LLLALLATLLGTLLTTLLILI	LLLILLATLLGTLLTTLLILI	-14.8772	-14.3794	0.362958	0.461854	844.686
LLLILLATLLGTLLTTLLILI	LLLILLATLLGTLLTYLLILI	-14.0251	-12.4132	0.816184	0.171816	828.061
LLLILLATLLGTLLTYLLILI	LLLILLATLLATLLTYLLILI	-12.2236	-14.1349	0.36136	0.463748	810.083
LLLILLATLLATLLTYLLILI	LLLILLATLLATLLTTLLILI	-14.4268	-16.0689	0.171816	0.816184	790.724
LLLILLATLLATLLTTLLILI	LLLALLATLLATLLTTLLILI	-16.5411	-16.7148	0.34397	0.485109	769.974
LLLALLATLLATLLTTLLILI	LLLALLTTLLATLLTTLLILI	-17.0552	-23.9934	0.144716	0.904854	747.845
LLLALLTTLLATLLTTLLILI	LLLGLLTTLLATLLTTLLILI	-24.4346	-24.1738	0.463748	0.36136	724.369
LLLGLLTTLLATLLTTLLILI	LLLGLLTTLLATLLYTLLILI	-23.6175	-22.2874	0.917682	0.141213	699.602
LLLGLLTTLLATLLYTLLILI	LLLGLLTTLLAYLLYTLLILI	-21.8898	-22.3026	0.538845	0.30482	673.628
LLLGLLTTLLAYLLYTLLILI	LLLALLTTLLAYLLYTLLILI	-22.2461	-22.4593	0.36136	0.463748	646.557
LLLALLTTLLAYLLYTLLILI	LLLALLTTLLATLLYTLLILI	-22.6182	-22.2529	0.30482	0.538845	618.524
LLLALLTTLLATLLYTLLILI	LLLGLLTTLLATLLYTLLILI	-22.328	-22.0673	0.463748	0.36136	589.688
LLLGLLTTLLATLLYTLLILI	LLLGLLTTLLGTLLYTLLILI	-22.2746	-19.9608	0.154044	0.872342	560.23
LLLGLLTTLLGTLLYTLLILI	LLLALLTTLLGTLLYTLLILI	-19.9608	-21.0308	0.872342	0.154044	530.348
LLLALLTTLLGTLLYTLLILI	LLLALLTTLLGTLLTTLLILI	-21.0436	-22.0198	0.141213	0.917682	500.25
LLLALLTTLLGTLLTTLLILI	LLLALLTTLLGWLLTTLLILI	-22.2637	-22.4425	0.673827	0.22865	470.152
LLLALLTTLLGWLLTTLLILI	LLLALLTTLLGTLLTTLLILI	-22.4425	-22.2551	0.22865	0.673827	440.27
LLLALLTTLLGTLLTTLLILI	LLLALLTTLLGTLLTYLLILI	-22.0113	-20.4858	0.917682	0.141213	410.812
LLLALLTTLLGTLLTYLLILI	LLLALLTTLLATLLTYLLILI	-20.2657	-22.1293	0.36136	0.463748	381.976
LLLALLTTLLATLLTYLLILI	LLLALLTTLLATLLTTLLILI	-22.4519	-23.9806	0.141213	0.917682	353.943
LLLALLTTLLATLLTTLLILI	LLLALLTTLLATLLYTLLILI	-23.9806	-22.6505	0.917682	0.141213	300.898
LLLALLTTLLATLLYTLLILI	LLLALLTTLLATLLTTLLILI	-22.6505	-23.9763	0.141213	0.917682	276.131
LLLALLTTLLATLLTTLLILI	LLLGLLTTLLATLLTTLLILI	-24.4302	-24.1738	0.463748	0.36136	252.655
LLLGLLTTLLATLLTTLLILI	LLLALLTTLLATLLTTLLILI	-24.1738	-24.4346	0.36136	0.463748	230.526
LLLALLTTLLATLLTTLLILI	LLLGLLTTLLATLLTTLLILI	-24.4346	-24.1738	0.463748	0.36136	209.776
LLLGLLTTLLATLLTTLLILI	LLLALLTTLLATLLTTLLILI	-24.1738	-24.4217	0.36136	0.463748	172.439
LLLALLTTLLATLLTTLLILI	LLLGLLTTLLATLLTTLLILI	-24.4217	-24.1738	0.463748	0.36136	155.814
LLLGLLTTLLATLLTTLLILI	LLLALLTTLLATLLTTLLILI	-24.1738	-24.4302	0.36136	0.463748	140.501
LLLALLTTLLATLLTTLLILI	LLLGLLTTLLATLLTTLLILI	-24.4302	-24.1738	0.463748	0.36136	126.449
LLLGLLTTLLATLLTTLLILI	LLLALLTTLLATLLTTLLILI	-24.1738	-24.3911	0.36136	0.463748	113.597
LLLALLTTLLATLLTTLLILI	LLLGLLTTLLATLLTTLLILI	-24.3911	-24.1738	0.463748	0.36136	91.2238
LLLGLLTTLLATLLTTLLILI	LLLALLTTLLATLLTTLLILI	-24.1738	-24.4346	0.36136	0.463748	81.5606
LLLALLTTLLATLLTTLLILI	LLLGLLTTLLATLLTTLLILI	-24.4346	-24.1738	0.463748	0.36136	35.8726
LLLGLLTTLLATLLTTLLILI	LLLALLTTLLATLLTTLLILI	-24.1738	-24.4346	0.36136	0.463748	31.7355
Time: 48s
