***STARTING GEOMETRY:***
xShift: 6.43411
crossingAngle: -50.171
axialRotation: 40.1487
zShift: 3.67608

Number of MCCycles: 100
PrevSequence	CurrSequence	PrevEnergy	CurrEnergy	PrevEntropy	CurrEntropy	CurrentTemp
LLLGLLWALLGGLLTTLLILI	LLLGLLGALLGGLLTTLLILI	2892.33	2892.92	0.334305	0.497607	999.684
LLLGLLGALLGGLLTTLLILI	LLLGLLWALLGGLLTTLLILI	2892.92	2891.85	0.497607	0.334305	999.328
LLLGLLWALLGGLLTTLLILI	LLLGLLWALLGGLLTWLLILI	2891.72	2893.92	0.209355	0.716965	998.928
LLLGLLWALLGGLLTWLLILI	LLLGLLWALLGGLLTTLLILI	2893.92	2891.72	0.716965	0.209355	997.967
LLLGLLWALLGGLLTTLLILI	LLLGLLWALLGGLLTWLLILI	2891.72	2893.92	0.209355	0.716965	996.749
LLLGLLWALLGGLLTWLLILI	LLLGLLGALLGGLLTWLLILI	2893.75	2894.43	0.546658	0.299616	996.023
LLLGLLGALLGGLLTWLLILI	LLLVLLGALLGGLLTWLLILI	2895.27	2890.04	1.14598	0.0922632	995.205
LLLVLLGALLGGLLTWLLILI	LLLVLLGALLGGLLTTLLILI	2890.41	2887.16	0.460972	0.363705	994.285
LLLVLLGALLGGLLTTLLILI	LLLVLLGALLGGLLTWLLILI	2887.16	2888.95	0.363705	0.460972	993.249
LLLVLLGALLGGLLTWLLILI	LLLTLLGALLGGLLTWLLILI	2888.62	2891.06	0.137712	0.930859	992.084
LLLTLLGALLGGLLTWLLILI	LLLVLLGALLGGLLTWLLILI	2891.06	2888.62	0.930859	0.137712	990.773
LLLVLLGALLGGLLTWLLILI	LLLVLLGALLGGLLTTLLILI	2888.95	2887.16	0.460972	0.363705	989.3
LLLVLLGALLGGLLTTLLILI	LLLVLLGALLGGLLTVLLILI	2887.43	2890.3	0.632162	0.249358	987.644
LLLVLLGALLGGLLTVLLILI	LLLVLLGALLGGLLTTLLILI	2890.3	2887.43	0.249358	0.632162	985.783
LLLVLLGALLGGLLTTLLILI	LLLWLLGALLGGLLTTLLILI	2886.92	2889.32	0.118797	1.00921	983.694
LLLWLLGALLGGLLTTLLILI	LLLWLLGALLGGLLFTLLILI	2889.13	2891.9	0.816184	0.171816	981.348
LLLWLLGALLGGLLFTLLILI	LLLVLLGALLGGLLFTLLILI	2892.74	2890.33	1.00921	0.118797	978.717
LLLVLLGALLGGLLFTLLILI	LLLVLLGALLGALLFTLLILI	2890.96	2889.75	0.745602	0.197612	975.768
LLLVLLGALLGALLFTLLILI	LLLWLLGALLGALLFTLLILI	2889.67	2892.08	0.118797	1.00921	972.463
LLLWLLGALLGALLFTLLILI	LLLWLLGALLGALLTTLLILI	2891.24	2893.27	0.171816	0.816184	968.764
LLLWLLGALLGALLTTLLILI	LLLWLLGALLGALLFTLLILI	2893.27	2891.24	0.816184	0.171816	964.627
LLLWLLGALLGALLFTLLILI	LLLWLLGALLGALLTTLLILI	2891.24	2893.27	0.171816	0.816184	960.005
LLLWLLGALLGALLTTLLILI	LLLWLLGALLGALLTVLLILI	2893.38	2895.85	0.930859	0.137712	954.846
LLLWLLGALLGALLTVLLILI	LLLWLLGALLGALLFVLLILI	2896.25	2894.75	0.538845	0.30482	949.095
LLLWLLGALLGALLFVLLILI	LLLTLLGALLGALLFVLLILI	2895.16	2894.78	0.716965	0.209355	942.693
LLLTLLGALLGALLFVLLILI	LLLVLLGALLGALLFVLLILI	2894.97	2893.35	0.396733	0.424273	935.578
LLLVLLGALLGALLFVLLILI	LLLVLLGALLGALLFTLLILI	2893.35	2889.95	0.424273	0.396733	927.683
LLLVLLGALLGALLFTLLILI	LLLVLLGALLGALLTTLLILI	2889.72	2891.75	0.171816	0.816184	909.276
LLLVLLGALLGALLTTLLILI	LLLVLLGALLGALLFTLLILI	2891.75	2889.72	0.816184	0.171816	898.621
LLLVLLGALLGALLFTLLILI	LLLWLLGALLGALLFTLLILI	2889.67	2892.08	0.118797	1.00921	874.051
LLLWLLGALLGALLFTLLILI	LLLWLLGALLGALLFVLLILI	2891.7	2894.69	0.632162	0.249358	844.686
LLLWLLGALLGALLFVLLILI	LLLWLLGALLGALLTVLLILI	2894.75	2896.25	0.30482	0.538845	828.061
LLLWLLGALLGALLTVLLILI	LLLVLLGALLGALLTVLLILI	2896.41	2894.41	0.697764	0.217693	810.083
LLLVLLGALLGALLTVLLILI	LLLWLLGALLGALLTVLLILI	2894.41	2896.41	0.217693	0.697764	790.724
LLLWLLGALLGALLTVLLILI	LLLWLLGALLGGLLTVLLILI	2895.91	2892.31	0.197612	0.745602	769.974
LLLWLLGALLGGLLTVLLILI	LLLWLLGALLGGLLTTLLILI	2891.7	2889.24	0.137712	0.930859	747.845
LLLWLLGALLGGLLTTLLILI	LLLWLLGALLGGLLTWLLILI	2888.52	2890.72	0.209355	0.716965	699.602
LLLWLLGALLGGLLTWLLILI	LLLWLLGALLGGLLTTLLILI	2890.72	2888.52	0.716965	0.209355	673.628
LLLWLLGALLGGLLTTLLILI	LLLVLLGALLGGLLTTLLILI	2889.32	2886.92	1.00921	0.118797	646.557
LLLVLLGALLGGLLTTLLILI	LLLVLLGALLGGLLTWLLILI	2887.16	2888.95	0.363705	0.460972	589.688
LLLVLLGALLGGLLTWLLILI	LLLVLLGALLGGLLTTLLILI	2888.95	2887.16	0.460972	0.363705	500.25
Time: 55s
