***STARTING GEOMETRY:***
xShift: 8.33
crossingAngle: -39.54
axialRotation: -6.97
zShift: 1.78

Number of MCCycles: 200
PrevSequence	CurrSequence	PrevEnergy	CurrEnergy	PrevEntropy	CurrEntropy	CurrentTemp
LLLGYLLTGLLTGLLTTLILI	LLLGYLLTGLLYGLLTTLILI	-6.49142	-5.17832	0.538845	0.30482	999.847
LLLGYLLTGLLYGLLTTLILI	LLLGYLLTGLLTGLLTTLILI	-5.17832	-6.49142	0.30482	0.538845	999.684
LLLGYLLTGLLTGLLTTLILI	LLLGYLLTGLLYGLLTTLILI	-6.49142	-5.17832	0.538845	0.30482	999.512
LLLGYLLTGLLYGLLTTLILI	LLLGYLLTGLLTGLLTTLILI	-5.17832	-6.49142	0.30482	0.538845	999.328
LLLGYLLTGLLTGLLTTLILI	LLLGYLLTGLLYGLLTTLILI	-6.49142	-5.17832	0.538845	0.30482	999.134
LLLGYLLTGLLYGLLTTLILI	LLLGYLLTGLLYGLLTSLILI	-4.61714	-1.44139	0.865998	0.155943	998.928
LLLGYLLTGLLYGLLTSLILI	LLLYYLLTGLLYGLLTSLILI	-1.32786	-1.33756	0.269472	0.595564	998.708
LLLYYLLTGLLYGLLTSLILI	LLLYYLLTGLLTGLLTSLILI	-1.42809	-3.15462	0.505042	0.328724	998.476
LLLYYLLTGLLTGLLTSLILI	LLLGYLLTGLLTGLLTSLILI	-3.02841	-2.78291	0.454934	0.368877	998.229
LLLGYLLTGLLTGLLTSLILI	LLLTYLLTGLLTGLLTSLILI	-2.88011	-2.31926	0.271676	0.591758	997.394
LLLTYLLTGLLTGLLTSLILI	LLLTYLLTGLLTGLLTTLILI	-2.81263	-2.49909	0.0983968	1.11086	997.081
LLLTYLLTGLLTGLLTTLILI	LLLTYLLTGLLTGLLYTLILI	-2.98868	-0.156486	0.62127	0.255144	996.749
LLLTYLLTGLLTGLLYTLILI	LLLTYLLTGLLTGLLYSLILI	0.589369	-1.29821	1.001	0.120637	996.397
LLLTYLLTGLLTGLLYSLILI	LLLTYLLTGLLTGLLTSLILI	-1.11403	-2.37218	0.30482	0.538845	996.023
LLLTYLLTGLLTGLLTSLILI	LLLTYLLVGLLTGLLTSLILI	-1.63468	1.1173	1.27634	0.0728516	995.626
LLLTYLLVGLLTGLLTSLILI	LLLTYLLTGLLTGLLTSLILI	1.1173	-1.63468	0.0728516	1.27634	995.205
LLLTYLLTGLLTGLLTSLILI	LLLYYLLTGLLTGLLTSLILI	-2.37218	-3.17852	0.538845	0.30482	994.758
LLLYYLLTGLLTGLLTSLILI	LLLYYLLTGLLYGLLTSLILI	-3.15462	-0.41744	0.328724	0.505042	994.285
LLLYYLLTGLLYGLLTSLILI	LLLYYLLTGLLYGLLTTLILI	-0.766539	-2.72357	0.155943	0.865998	993.782
LLLYYLLTGLLYGLLTTLILI	LLLYYLLTGLLTGLLTTLILI	-3.17622	-3.43999	0.413356	0.407346	993.249
LLLYYLLTGLLTGLLTTLILI	LLLGYLLTGLLTGLLTTLILI	-3.39241	-4.43648	0.454934	0.368877	992.683
LLLGYLLTGLLTGLLTTLILI	LLLGYLLTGLLTGLLTSLILI	-3.80435	-3.03115	1.001	0.120637	992.084
LLLGYLLTGLLTGLLTSLILI	LLLGYLLTGLLTGLLTTLILI	-3.03115	-3.80435	0.120637	1.001	991.448
LLLGYLLTGLLTGLLTTLILI	LLLGYLLTGLLTGLLFTLILI	-3.65852	-1.33379	1.14683	0.0921195	990.773
LLLGYLLTGLLTGLLFTLILI	LLLGYLLTGLLTGLLTTLILI	-1.33379	-3.65852	0.0921195	1.14683	990.058
LLLGYLLTGLLTGLLTTLILI	LLLYYLLTGLLTGLLTTLILI	-4.43648	-4.68198	0.368877	0.454934	989.3
LLLYYLLTGLLTGLLTTLILI	LLLYYLLVGLLTGLLTTLILI	-3.86057	-1.06325	1.27634	0.0728516	988.496
LLLYYLLVGLLTGLLTTLILI	LLLYYLLVGLLTGLLFTLILI	-0.131802	2.35945	1.0043	0.119894	987.644
LLLYYLLVGLLTGLLFTLILI	LLLGYLLVGLLTGLLFTLILI	2.69449	2.75593	0.454934	0.368877	986.74
LLLGYLLVGLLTGLLFTLILI	LLLYYLLVGLLTGLLFTLILI	2.75593	2.69638	0.368877	0.454934	985.783
LLLYYLLVGLLTGLLFTLILI	LLLYYLLTGLLTGLLFTLILI	2.33671	-0.625972	0.0952708	1.12845	984.769
LLLYYLLTGLLTGLLFTLILI	LLLYYLLTGLLTGLLTTLILI	-1.6623	-3.9882	0.0921195	1.14683	983.694
LLLYYLLTGLLTGLLTTLILI	LLLYYLLTGLLTGLLTSLILI	-4.13403	-3.36271	1.001	0.120637	982.555
LLLYYLLTGLLTGLLTSLILI	LLLYYLLTGLLTGLLTTLILI	-3.36271	-4.13591	0.120637	1.001	981.348
LLLYYLLTGLLTGLLTTLILI	LLLGYLLTGLLTGLLTTLILI	-4.68198	-4.43648	0.454934	0.368877	980.071
LLLGYLLTGLLTGLLTTLILI	LLLGYLLTGLLYGLLTTLILI	-4.26651	-2.94707	0.538845	0.30482	977.285
LLLGYLLTGLLYGLLTTLILI	LLLGYLLTGLLTGLLTTLILI	-2.94707	-3.011	0.30482	0.538845	975.768
LLLGYLLTGLLTGLLTTLILI	LLLTYLLTGLLTGLLTTLILI	-3.32343	-3.88599	0.226415	0.678597	974.162
LLLTYLLTGLLTGLLTTLILI	LLLYYLLTGLLTGLLTTLILI	-3.94332	-4.88177	0.62127	0.255144	972.463
LLLYYLLTGLLTGLLTTLILI	LLLYYLLYGLLTGLLTTLILI	-4.72957	-1.29653	0.407346	0.413356	970.666
LLLYYLLYGLLTGLLTTLILI	LLLYYLLYGLLYGLLTTLILI	-1.44784	1.44406	0.262045	0.608671	966.754
LLLYYLLYGLLYGLLTTLILI	LLLGYLLYGLLYGLLTTLILI	1.5445	1.56914	0.709116	0.212717	962.38
LLLGYLLYGLLYGLLTTLILI	LLLYYLLYGLLYGLLTTLILI	1.56914	1.5445	0.212717	0.709116	960.005
LLLYYLLYGLLYGLLTTLILI	LLLGYLLYGLLYGLLTTLILI	1.5445	1.56914	0.709116	0.212717	957.496
LLLGYLLYGLLYGLLTTLILI	LLLGYLLYGLLTGLLTTLILI	1.86147	-0.868129	0.505042	0.328724	954.846
LLLGYLLYGLLTGLLTTLILI	LLLGYLLTGLLTGLLTTLILI	-0.892033	-4.26651	0.30482	0.538845	952.048
LLLGYLLTGLLTGLLTTLILI	LLLGYLLTGLLYGLLTTLILI	-4.26651	-2.94707	0.538845	0.30482	949.095
LLLGYLLTGLLYGLLTTLILI	LLLYYLLTGLLYGLLTTLILI	-2.98242	-2.99401	0.269472	0.595564	945.979
LLLYYLLTGLLYGLLTTLILI	LLLYYLLTGLLYGLLFTLILI	-2.58527	0.423786	1.0043	0.119894	942.693
LLLYYLLTGLLYGLLFTLILI	LLLYYLLTGLLYGLLFSLILI	0.994715	2.14527	0.690823	0.220804	939.229
LLLYYLLTGLLYGLLFSLILI	LLLYYLLTGLLYGLLTSLILI	2.09628	-0.106298	0.171816	0.816184	935.578
LLLYYLLTGLLYGLLTSLILI	LLLYYLLTGLLTGLLTSLILI	-0.41744	-3.15462	0.505042	0.328724	931.732
LLLYYLLTGLLTGLLTSLILI	LLLYYLLTGLLTGLLTTLILI	-3.36271	-4.13591	0.120637	1.001	927.683
LLLYYLLTGLLTGLLTTLILI	LLLYYLLYGLLTGLLTTLILI	-4.72957	-1.29842	0.407346	0.413356	923.422
LLLYYLLYGLLTGLLTTLILI	LLLGYLLYGLLTGLLTTLILI	-1.11621	-0.927382	0.595564	0.269472	918.939
LLLGYLLYGLLTGLLTTLILI	LLLGYLLTGLLTGLLTTLILI	-0.892033	-3.46841	0.30482	0.538845	914.227
LLLGYLLTGLLTGLLTTLILI	LLLGYLLTGLLTGLLTSLILI	-3.00625	-3.03115	1.001	0.120637	909.276
LLLGYLLTGLLTGLLTSLILI	LLLGYLLTGLLTGLLTTLILI	-3.03115	-3.80247	0.120637	1.001	904.077
LLLGYLLTGLLTGLLTTLILI	LLLYYLLTGLLTGLLTTLILI	-4.43459	-4.68198	0.368877	0.454934	898.621
LLLYYLLTGLLTGLLTTLILI	LLLYYLLTGLLTGLLTSLILI	-4.13591	-3.36271	1.001	0.120637	892.899
LLLYYLLTGLLTGLLTSLILI	LLLGYLLTGLLTGLLTSLILI	-3.02841	-2.78291	0.454934	0.368877	886.903
LLLGYLLTGLLTGLLTSLILI	LLLGYLLTGLLTGLLTTLILI	-3.03115	-3.80435	0.120637	1.001	880.623
LLLGYLLTGLLTGLLTTLILI	LLLGYLLVGLLTGLLTTLILI	-3.52901	-0.917052	1.27634	0.0728516	867.179
LLLGYLLVGLLTGLLTTLILI	LLLGYLLTGLLTGLLTTLILI	-0.917052	-3.52713	0.0728516	1.27634	859.999
LLLGYLLTGLLTGLLTTLILI	LLLGYLLTGLLTGLLTSLILI	-3.80247	-3.03115	1.001	0.120637	852.504
LLLGYLLTGLLTGLLTSLILI	LLLTYLLTGLLTGLLTSLILI	-2.88011	-2.31926	0.271676	0.591758	844.686
LLLTYLLTGLLTGLLTSLILI	LLLYYLLTGLLTGLLTSLILI	-2.37218	-3.17852	0.538845	0.30482	836.541
LLLYYLLTGLLTGLLTSLILI	LLLYYLLTGLLTGLLTTLILI	-3.36271	-4.13591	0.120637	1.001	828.061
LLLYYLLTGLLTGLLTTLILI	LLLGYLLTGLLTGLLTTLILI	-4.68198	-4.43459	0.454934	0.368877	819.243
LLLGYLLTGLLTGLLTTLILI	LLLGYLLTGLLTGLLTSLILI	-3.80247	-3.03115	1.001	0.120637	810.083
LLLGYLLTGLLTGLLTSLILI	LLLGYLLTGLLYGLLTSLILI	-2.70873	-1.21799	0.443059	0.379341	800.577
LLLGYLLTGLLYGLLTSLILI	LLLGYLLTGLLYGLLTTLILI	-1.44139	-1.60186	0.155943	0.865998	790.724
LLLGYLLTGLLYGLLTTLILI	LLLGYLLTGLLYGLLTSLILI	-1.60186	-1.44139	0.865998	0.155943	780.523
LLLGYLLTGLLYGLLTSLILI	LLLYYLLTGLLYGLLTSLILI	-1.32786	-1.33756	0.269472	0.595564	769.974
LLLYYLLTGLLYGLLTSLILI	LLLYYLLTGLLTGLLTSLILI	-1.42809	-3.15462	0.505042	0.328724	759.081
LLLYYLLTGLLTGLLTSLILI	LLLGYLLTGLLTGLLTSLILI	-3.02841	-2.78291	0.454934	0.368877	724.369
LLLGYLLTGLLTGLLTSLILI	LLLGYLLTGLLYGLLTSLILI	-2.70873	-1.21799	0.443059	0.379341	712.142
LLLGYLLTGLLYGLLTSLILI	LLLYYLLTGLLYGLLTSLILI	-1.32786	-1.33756	0.269472	0.595564	686.76
LLLYYLLTGLLYGLLTSLILI	LLLYYLLTGLLTGLLTSLILI	-1.42809	-3.15462	0.505042	0.328724	673.628
LLLYYLLTGLLTGLLTSLILI	LLLYYLLTGLLTGLLTTLILI	-3.36271	-4.13591	0.120637	1.001	660.222
LLLYYLLTGLLTGLLTTLILI	LLLGYLLTGLLTGLLTTLILI	-4.68198	-4.43459	0.454934	0.368877	646.557
LLLGYLLTGLLTGLLTTLILI	LLLGYLLTGLLYGLLTTLILI	-4.26462	-2.94707	0.538845	0.30482	632.651
LLLGYLLTGLLYGLLTTLILI	LLLYYLLTGLLYGLLTTLILI	-2.98242	-2.99401	0.269472	0.595564	618.524
LLLYYLLTGLLYGLLTTLILI	LLLYYLLTGLLTGLLTTLILI	-3.17622	-3.8152	0.413356	0.407346	604.196
LLLYYLLTGLLTGLLTTLILI	LLLGYLLTGLLTGLLTTLILI	-3.76761	-4.43648	0.454934	0.368877	589.688
LLLGYLLTGLLTGLLTTLILI	LLLGYLLTGLLTGLLYTLILI	-4.26651	-2.41528	0.538845	0.30482	575.025
LLLGYLLTGLLTGLLYTLILI	LLLTYLLTGLLTGLLYTLILI	-2.44842	-3.73961	0.271676	0.591758	560.23
LLLTYLLTGLLTGLLYTLILI	LLLYYLLTGLLTGLLYTLILI	-3.92403	-4.48865	0.407346	0.413356	470.152
LLLYYLLTGLLTGLLYTLILI	LLLYYLLTGLLTGLLTTLILI	-4.48865	-4.72957	0.413356	0.407346	455.171
LLLYYLLTGLLTGLLTTLILI	LLLYYLLTGLLTGLLTSLILI	-4.13591	-3.36271	1.001	0.120637	440.27
LLLYYLLTGLLTGLLTSLILI	LLLYYLLTGLLTGLLTTLILI	-3.36271	-4.13591	0.120637	1.001	410.812
LLLYYLLTGLLTGLLTTLILI	LLLYYLLTGLLTGLLTSLILI	-4.13591	-3.36271	1.001	0.120637	367.849
LLLYYLLTGLLTGLLTSLILI	LLLGYLLTGLLTGLLTSLILI	-3.02841	-2.78291	0.454934	0.368877	353.943
LLLGYLLTGLLTGLLTSLILI	LLLGYLLTGLLTGLLTTLILI	-3.03115	-3.80247	0.120637	1.001	340.278
LLLGYLLTGLLTGLLTTLILI	LLLGYLLTGLLTGLLTSLILI	-3.80247	-3.03115	1.001	0.120637	326.872
LLLGYLLTGLLTGLLTSLILI	LLLGYLLTGLLTGLLTTLILI	-3.03115	-3.80247	0.120637	1.001	313.74
LLLGYLLTGLLTGLLTTLILI	LLLGYLLTGLLTGLLTSLILI	-3.80247	-3.03115	1.001	0.120637	300.898
LLLGYLLTGLLTGLLTSLILI	LLLYYLLTGLLTGLLTSLILI	-2.78291	-3.02841	0.368877	0.454934	288.358
LLLYYLLTGLLTGLLTSLILI	LLLGYLLTGLLTGLLTSLILI	-3.02841	-2.78291	0.454934	0.368877	276.131
LLLGYLLTGLLTGLLTSLILI	LLLGYLLTGLLTGLLTTLILI	-3.03115	-3.80247	0.120637	1.001	264.228
LLLGYLLTGLLTGLLTTLILI	LLLYYLLTGLLTGLLTTLILI	-4.43459	-4.68198	0.368877	0.454934	252.655
LLLYYLLTGLLTGLLTTLILI	LLLYYLLTGLLTGLLTSLILI	-4.13591	-3.36271	1.001	0.120637	241.419
LLLYYLLTGLLTGLLTSLILI	LLLGYLLTGLLTGLLTSLILI	-3.02841	-2.78291	0.454934	0.368877	230.526
LLLGYLLTGLLTGLLTSLILI	LLLGYLLTGLLTGLLTTLILI	-3.03115	-3.80435	0.120637	1.001	219.977
LLLGYLLTGLLTGLLTTLILI	LLLTYLLTGLLTGLLTTLILI	-4.57894	-3.88411	0.226415	0.678597	209.776
LLLTYLLTGLLTGLLTTLILI	LLLYYLLTGLLTGLLTTLILI	-3.94144	-4.88177	0.62127	0.255144	199.923
LLLYYLLTGLLTGLLTTLILI	LLLYYLLTGLLTGLLTSLILI	-4.13591	-3.36271	1.001	0.120637	190.417
LLLYYLLTGLLTGLLTSLILI	LLLYYLLTGLLTGLLTTLILI	-3.36271	-4.13591	0.120637	1.001	181.257
LLLYYLLTGLLTGLLTTLILI	LLLGYLLTGLLTGLLTTLILI	-4.68198	-4.43648	0.454934	0.368877	163.959
LLLGYLLTGLLTGLLTTLILI	LLLYYLLTGLLTGLLTTLILI	-4.43648	-4.68198	0.368877	0.454934	147.996
LLLYYLLTGLLTGLLTTLILI	LLLGYLLTGLLTGLLTTLILI	-4.68198	-4.43648	0.454934	0.368877	126.449
LLLGYLLTGLLTGLLTTLILI	LLLYYLLTGLLTGLLTTLILI	-4.43648	-4.68198	0.368877	0.454934	113.597
LLLYYLLTGLLTGLLTTLILI	LLLGYLLTGLLTGLLTTLILI	-4.68198	-4.43648	0.454934	0.368877	101.879
LLLGYLLTGLLTGLLTTLILI	LLLYYLLTGLLTGLLTTLILI	-4.43648	-4.68198	0.368877	0.454934	96.4228
Time: 221s
