***STARTING GEOMETRY:***
xShift: 8.3398
crossingAngle: -39.4505
axialRotation: -6.76805
zShift: 1.93641

Number of MCCycles: 200
PrevSequence	CurrSequence	PrevEnergy	CurrEnergy	PrevEntropy	CurrEntropy	CurrentTemp
LLLGYLLTGLLTGLLTTLILI	LLLGYLLTGLLYGLLTTLILI	-7.04512	-5.74896	0.538845	0.30482	999.684
LLLGYLLTGLLYGLLTTLILI	LLLYYLLTGLLYGLLTTLILI	-5.78431	-6.25472	0.269472	0.595564	999.512
LLLYYLLTGLLYGLLTTLILI	LLLYYLLTGLLTGLLTTLILI	-6.43693	-7.96839	0.413356	0.407346	999.328
LLLYYLLTGLLTGLLTTLILI	LLLYYLLTGLLTGLLYTLILI	-7.96839	-6.36397	0.407346	0.413356	998.928
LLLYYLLTGLLTGLLYTLILI	LLLYYLLTGLLTGLLTTLILI	-6.36397	-7.96839	0.413356	0.407346	998.708
LLLYYLLTGLLTGLLTTLILI	LLLYYLLTGLLTGLLFTLILI	-7.2289	-4.87742	1.14683	0.0921195	998.476
LLLYYLLTGLLTGLLFTLILI	LLLYYLLTGLLTGLLTTLILI	-4.87742	-7.2289	0.0921195	1.14683	998.229
LLLYYLLTGLLTGLLTTLILI	LLLGYLLTGLLTGLLTTLILI	-7.9208	-7.21509	0.454934	0.368877	997.967
LLLGYLLTGLLTGLLTTLILI	LLLGYLLTGLLTGLLYTLILI	-7.04512	-5.04486	0.538845	0.30482	997.689
LLLGYLLTGLLTGLLYTLILI	LLLYYLLTGLLTGLLYTLILI	-5.08021	-6.18176	0.269472	0.595564	997.394
LLLYYLLTGLLTGLLYTLILI	LLLYYLLTGLLTGLLYSLILI	-5.91133	-4.06914	0.865998	0.155943	997.081
LLLYYLLTGLLTGLLYSLILI	LLLGYLLTGLLTGLLYSLILI	-3.62952	-1.97205	0.595564	0.269472	996.749
LLLGYLLTGLLTGLLYSLILI	LLLGYLLTGLLTGLLTSLILI	-1.86218	-3.45791	0.379341	0.443059	996.397
LLLGYLLTGLLTGLLTSLILI	LLLYYLLTGLLTGLLTSLILI	-3.5321	-4.2378	0.368877	0.454934	996.023
LLLYYLLTGLLTGLLTSLILI	LLLGYLLTGLLTGLLTSLILI	-4.2378	-3.5321	0.454934	0.368877	995.205
LLLGYLLTGLLTGLLTSLILI	LLLGYLLVGLLTGLLTSLILI	-2.77252	0.00478289	1.12845	0.0952708	994.758
LLLGYLLVGLLTGLLTSLILI	LLLGYLLTGLLTGLLTSLILI	0.00478289	-2.77252	0.0952708	1.12845	994.285
LLLGYLLTGLLTGLLTSLILI	LLLGYLLTGLLTGLLTTLILI	-3.78034	-5.00551	0.120637	1.001	993.782
LLLGYLLTGLLTGLLTTLILI	LLLYYLLTGLLTGLLTTLILI	-5.63764	-6.34653	0.368877	0.454934	993.249
LLLYYLLTGLLTGLLTTLILI	LLLYYLLTGLLTGLLTSLILI	-5.80046	-4.5721	1.001	0.120637	992.683
LLLYYLLTGLLTGLLTSLILI	LLLYGLLTGLLTGLLTSLILI	-4.2378	1.94471	0.454934	0.368877	992.084
LLLYGLLTGLLTGLLTSLILI	LLLYGLLTGLLTGLLYSLILI	2.01889	3.6133	0.443059	0.379341	991.448
LLLYGLLTGLLTGLLYSLILI	LLLYGLLTGLLTGLLYTLILI	3.3899	0.765757	0.155943	0.865998	990.773
LLLYGLLTGLLTGLLYTLILI	LLLYGLLTGLLTGLLTTLILI	0.204579	0.00595535	0.30482	0.538845	990.058
LLLYGLLTGLLTGLLTTLILI	LLLYGLLTGLLTGLLTSLILI	0.46811	1.69647	1.001	0.120637	989.3
LLLYGLLTGLLTGLLTSLILI	LLLYGLLTGLLYGLLTSLILI	2.01889	3.5325	0.443059	0.379341	988.496
LLLYGLLTGLLYGLLTSLILI	LLLGGLLTGLLYGLLTSLILI	3.52287	4.68549	0.369715	0.453966	987.644
LLLGGLLTGLLYGLLTSLILI	LLLGYLLTGLLYGLLTSLILI	4.68549	-1.99374	0.453966	0.369715	986.74
LLLGYLLTGLLYGLLTSLILI	LLLGYLLTGLLTGLLTSLILI	-1.98412	-3.45791	0.379341	0.443059	985.783
LLLGYLLTGLLTGLLTSLILI	LLLGGLLTGLLTGLLTSLILI	-3.68771	3.35681	0.213262	0.707856	984.769
LLLGGLLTGLLTGLLTSLILI	LLLGGLLTGLLTGLLTTLILI	2.76959	1.54123	0.120637	1.001	983.694
LLLGGLLTGLLTGLLTTLILI	LLLYGLLTGLLTGLLTTLILI	1.24808	-0.319628	0.707856	0.213262	982.555
LLLYGLLTGLLTGLLTTLILI	LLLYGLLTGLLTGLLFTLILI	0.613941	3.1002	1.14683	0.0921195	981.348
LLLYGLLTGLLTGLLFTLILI	LLLYGLLTGLLYGLLFTLILI	3.45114	5.55464	0.443059	0.379341	980.071
LLLYGLLTGLLYGLLFTLILI	LLLGGLLTGLLYGLLFTLILI	5.54501	6.70651	0.369715	0.453966	978.717
LLLGGLLTGLLYGLLFTLILI	LLLGGLLTGLLYGLLTTLILI	6.37244	3.12741	0.119894	1.0043	977.285
LLLGGLLTGLLYGLLTTLILI	LLLGYLLTGLLYGLLTTLILI	2.57708	-4.10534	0.453966	0.369715	975.768
LLLGYLLTGLLYGLLTTLILI	LLLGYLLTGLLTGLLTTLILI	-4.17023	-4.41821	0.30482	0.538845	972.463
LLLGYLLTGLLTGLLTTLILI	LLLGYLLTGLLTGLLTSLILI	-3.95606	-3.78034	1.001	0.120637	970.666
LLLGYLLTGLLTGLLTSLILI	LLLGYLLTGLLTGLLFSLILI	-2.89667	-0.280721	1.0043	0.119894	968.764
LLLGYLLTGLLTGLLFSLILI	LLLGYLLVGLLTGLLFSLILI	0.530243	3.76151	0.930859	0.137712	966.754
LLLGYLLVGLLTGLLFSLILI	LLLYYLLVGLLTGLLFSLILI	3.99267	3.25675	0.368877	0.454934	964.627
LLLYYLLVGLLTGLLFSLILI	LLLYYLLVGLLTGLLTSLILI	2.97363	0.120654	0.171816	0.816184	962.38
LLLYYLLVGLLTGLLTSLILI	LLLGYLLVGLLTGLLTSLILI	-0.240597	0.278389	0.454934	0.368877	960.005
LLLGYLLVGLLTGLLTSLILI	LLLYYLLVGLLTGLLTSLILI	0.278389	-0.240597	0.368877	0.454934	954.846
LLLYYLLVGLLTGLLTSLILI	LLLYYLLVGLLVGLLTSLILI	-0.0633689	3.15447	0.632162	0.249358	952.048
LLLYYLLVGLLVGLLTSLILI	LLLYYLLVGLLVGLLTTLILI	3.12591	1.48695	0.220804	0.690823	949.095
LLLYYLLVGLLVGLLTTLILI	LLLYYLLVGLLTGLLTTLILI	0.973444	-2.00411	0.177314	0.800152	945.979
LLLYYLLVGLLTGLLTTLILI	LLLYYLLVGLLTGLLFTLILI	-1.79997	0.859415	1.0043	0.119894	942.693
LLLYYLLVGLLTGLLFTLILI	LLLTYLLVGLLTGLLFTLILI	1.11886	1.96339	0.379341	0.443059	939.229
LLLTYLLVGLLTGLLFTLILI	LLLYYLLVGLLTGLLFTLILI	1.96339	1.11886	0.443059	0.379341	935.578
LLLYYLLVGLLTGLLFTLILI	LLLYYLLVGLLTGLLTTLILI	0.859415	-1.79678	0.119894	1.0043	931.732
LLLYYLLVGLLTGLLTTLILI	LLLYYLLVGLLTGLLFTLILI	-1.79678	0.859415	1.0043	0.119894	927.683
LLLYYLLVGLLTGLLFTLILI	LLLYYLLVGLLTGLLTTLILI	0.859415	-1.79997	0.119894	1.0043	923.422
LLLYYLLVGLLTGLLTTLILI	LLLYYLLVGLLVGLLTTLILI	-2.00411	2.12065	0.800152	0.177314	918.939
LLLYYLLVGLLVGLLTTLILI	LLLGYLLVGLLVGLLTTLILI	2.39827	1.76908	0.454934	0.368877	914.227
LLLGYLLVGLLVGLLTTLILI	LLLYYLLVGLLVGLLTTLILI	1.76908	1.25106	0.368877	0.454934	909.276
LLLYYLLVGLLVGLLTTLILI	LLLYYLLVGLLTGLLTTLILI	0.973444	-2.00411	0.177314	0.800152	904.077
LLLYYLLVGLLTGLLTTLILI	LLLGYLLVGLLTGLLTTLILI	-2.34933	-1.83034	0.454934	0.368877	898.621
LLLGYLLVGLLTGLLTTLILI	LLLYYLLVGLLTGLLTTLILI	-1.83034	-2.34615	0.368877	0.454934	892.899
LLLYYLLVGLLTGLLTTLILI	LLLYYLLVGLLTGLLTSLILI	-1.93508	-0.539587	0.865998	0.155943	886.903
LLLYYLLVGLLTGLLTSLILI	LLLYYLLVGLLTGLLVSLILI	-0.0633689	3.04661	0.632162	0.249358	880.623
LLLYYLLVGLLTGLLVSLILI	LLLYYLLVGLLTGLLTSLILI	3.04661	-0.0633689	0.249358	0.632162	874.051
LLLYYLLVGLLTGLLTSLILI	LLLGYLLVGLLTGLLTSLILI	-0.240597	0.278389	0.454934	0.368877	867.179
LLLGYLLVGLLTGLLTSLILI	LLLGYLLTGLLTGLLTSLILI	0.00478289	-2.77252	0.0952708	1.12845	859.999
LLLGYLLTGLLTGLLTSLILI	LLLGYLLTGLLTGLLYSLILI	-3.45791	-1.86218	0.443059	0.379341	852.504
LLLGYLLTGLLTGLLYSLILI	LLLGYLLTGLLTGLLTSLILI	-1.86218	-3.45791	0.379341	0.443059	844.686
LLLGYLLTGLLTGLLTSLILI	LLLGYLLTGLLTGLLTTLILI	-3.78034	-5.0087	0.120637	1.001	836.541
LLLGYLLTGLLTGLLTTLILI	LLLGYLLVGLLTGLLTTLILI	-4.73336	-2.12319	1.27634	0.0728516	828.061
LLLGYLLVGLLTGLLTTLILI	LLLGYLLVGLLTGLLTALILI	-1.00321	1.00678	1.19282	0.0847157	819.243
LLLGYLLVGLLTGLLTALILI	LLLGYLLVGLLTGLLTTLILI	1.00678	-1.0064	0.0847157	1.19282	810.083
LLLGYLLVGLLTGLLTTLILI	LLLTYLLVGLLTGLLTTLILI	-1.92754	-1.4256	0.271676	0.591758	800.577
LLLTYLLVGLLTGLLTTLILI	LLLYYLLVGLLTGLLTTLILI	-1.47851	-2.49944	0.538845	0.30482	790.724
LLLYYLLVGLLTGLLTTLILI	LLLYYLLVGLLTGLLTSLILI	-1.93827	-0.539587	0.865998	0.155943	780.523
LLLYYLLVGLLTGLLTSLILI	LLLGYLLVGLLTGLLTSLILI	-0.240597	1.19354	0.454934	0.368877	769.974
LLLGYLLVGLLTGLLTSLILI	LLLGYLLTGLLTGLLTSLILI	0.91993	-1.84023	0.0952708	1.12845	759.081
LLLGYLLTGLLTGLLTSLILI	LLLGYLLVGLLTGLLTSLILI	-1.84023	0.00478289	1.12845	0.0952708	747.845
LLLGYLLVGLLTGLLTSLILI	LLLGYLLTGLLTGLLTSLILI	0.00478289	-2.77252	0.0952708	1.12845	736.272
LLLGYLLTGLLTGLLTSLILI	LLLGYLLTGLLTGLLTTLILI	-3.78034	-5.00551	0.120637	1.001	724.369
LLLGYLLTGLLTGLLTTLILI	LLLYYLLTGLLTGLLTTLILI	-5.63764	-6.34653	0.368877	0.454934	712.142
LLLYYLLTGLLTGLLTTLILI	LLLTYLLTGLLTGLLTTLILI	-6.54632	-5.3515	0.255144	0.62127	686.76
LLLTYLLTGLLTGLLTTLILI	LLLGYLLTGLLTGLLTTLILI	-5.29418	-5.78328	0.678597	0.226415	673.628
LLLGYLLTGLLTGLLTTLILI	LLLGYLLYGLLTGLLTTLILI	-5.47085	-1.97447	0.538845	0.30482	660.222
LLLGYLLYGLLTGLLTTLILI	LLLYYLLYGLLTGLLTTLILI	-2.00981	-2.69194	0.269472	0.595564	646.557
LLLYYLLYGLLTGLLTTLILI	LLLYYLLYGLLTGLLTSLILI	-2.42151	-1.02574	0.865998	0.155943	632.651
LLLYYLLYGLLTGLLTSLILI	LLLYYLLYGLLTGLLVSLILI	-0.250822	2.44906	0.930859	0.137712	618.524
LLLYYLLYGLLTGLLVSLILI	LLLYYLLYGLLTGLLVTLILI	2.53215	1.22925	0.220804	0.690823	604.196
LLLYYLLYGLLTGLLVTLILI	LLLYYLLYGLLTGLLVALILI	1.52942	3.39653	0.990994	0.122923	589.688
LLLYYLLYGLLTGLLVALILI	LLLYYLLTGLLTGLLVALILI	3.928	3.62921e-05	0.654392	0.238039	575.025
LLLYYLLTGLLTGLLVALILI	LLLYYLLTGLLTGLLVSLILI	0.00615837	-0.55811	0.244161	0.642213	560.23
LLLYYLLTGLLTGLLVSLILI	LLLYYLLTGLLTGLLTSLILI	-1.10505	-3.56429	0.0952708	1.12845	545.329
LLLYYLLTGLLTGLLTSLILI	LLLYYLLYGLLTGLLTSLILI	-4.36401	-0.676639	0.328724	0.505042	530.348
LLLYYLLYGLLTGLLTSLILI	LLLYYLLTGLLTGLLTSLILI	-0.676639	-3.31896	0.505042	0.328724	515.312
LLLYYLLTGLLTGLLTSLILI	LLLYYLLTGLLTGLLTTLILI	-3.52705	-5.80046	0.120637	1.001	500.25
LLLYYLLTGLLTGLLTTLILI	LLLYYLLTGLLYGLLTTLILI	-6.39412	-4.85502	0.407346	0.413356	470.152
LLLYYLLTGLLYGLLTTLILI	LLLGYLLTGLLYGLLTTLILI	-4.67281	-4.20558	0.595564	0.269472	455.171
LLLGYLLTGLLYGLLTTLILI	LLLGYLLTGLLTGLLTTLILI	-4.17023	-5.47085	0.30482	0.538845	440.27
LLLGYLLTGLLTGLLTTLILI	LLLYYLLTGLLTGLLTTLILI	-5.64082	-6.34653	0.368877	0.454934	425.475
LLLYYLLTGLLTGLLTTLILI	LLLYYLLTGLLTGLLTSLILI	-5.80046	-4.5721	1.001	0.120637	410.812
LLLYYLLTGLLTGLLTSLILI	LLLYYLLTGLLYGLLTSLILI	-4.36401	-2.65492	0.328724	0.505042	381.976
LLLYYLLTGLLYGLLTSLILI	LLLYYLLTGLLYGLLTTLILI	-3.00402	-4.40556	0.155943	0.865998	367.849
LLLYYLLTGLLYGLLTTLILI	LLLYYLLTGLLTGLLTTLILI	-4.8582	-5.23002	0.413356	0.407346	353.943
LLLYYLLTGLLTGLLTTLILI	LLLGYLLTGLLTGLLTTLILI	-5.18244	-5.64082	0.454934	0.368877	340.278
LLLGYLLTGLLTGLLTTLILI	LLLGYLLTGLLTGLLYTLILI	-5.47085	-5.26958	0.538845	0.30482	326.872
LLLGYLLTGLLTGLLYTLILI	LLLGYLLTGLLTGLLTTLILI	-5.26958	-5.47085	0.30482	0.538845	313.74
LLLGYLLTGLLTGLLTTLILI	LLLGYLLTGLLTGLLTSLILI	-5.0087	-3.78034	1.001	0.120637	300.898
LLLGYLLTGLLTGLLTSLILI	LLLGYLLTGLLYGLLTSLILI	-3.45791	-1.98412	0.443059	0.379341	288.358
LLLGYLLTGLLYGLLTSLILI	LLLYYLLTGLLYGLLTSLILI	-2.09399	-2.5644	0.269472	0.595564	276.131
LLLYYLLTGLLYGLLTSLILI	LLLYYLLTGLLTGLLTSLILI	-2.65492	-3.01447	0.505042	0.328724	264.228
LLLYYLLTGLLTGLLTSLILI	LLLGYLLTGLLTGLLTSLILI	-2.88826	-3.5321	0.454934	0.368877	252.655
LLLGYLLTGLLTGLLTSLILI	LLLYYLLTGLLTGLLTSLILI	-3.5321	-4.2378	0.368877	0.454934	241.419
LLLYYLLTGLLTGLLTSLILI	LLLYYLLTGLLTGLLTTLILI	-4.5721	-5.79728	0.120637	1.001	219.977
LLLYYLLTGLLTGLLTTLILI	LLLGYLLTGLLTGLLTTLILI	-6.34334	-5.64082	0.454934	0.368877	181.257
LLLGYLLTGLLTGLLTTLILI	LLLYYLLTGLLTGLLTTLILI	-5.64082	-6.34653	0.368877	0.454934	172.439
LLLYYLLTGLLTGLLTTLILI	LLLGYLLTGLLTGLLTTLILI	-6.34653	-5.64082	0.454934	0.368877	107.601
LLLGYLLTGLLTGLLTTLILI	LLLYYLLTGLLTGLLTTLILI	-5.64082	-6.34334	0.368877	0.454934	101.879
Time: 469s
