***STARTING GEOMETRY:***
xShift: 8.02
crossingAngle: -39.9
axialRotation: -56.72
zShift: 1.94

Number of MCCycles: 200
PrevSequence	CurrSequence	PrevEnergy	CurrEnergy	PrevEntropy	CurrEntropy	CurrentTemp
LLLTYLLTTLLATLLGTLILI	LLLTYLLTTLLATLLGYLILI	6025.11	6022.88	0.62127	0.255144	999.847
LLLTYLLTTLLATLLGYLILI	LLLTYLLTVLLATLLGYLILI	6023.9	6026.56	1.27634	0.0728516	999.684
LLLTYLLTVLLATLLGYLILI	LLLTYLLTFLLATLLGYLILI	6026.83	6026.88	0.340616	0.489394	998.928
LLLTYLLTFLLATLLGYLILI	LLLTYLLTFLLGTLLGYLILI	6026.54	6028.16	0.154044	0.872342	998.476
LLLTYLLTFLLGTLLGYLILI	LLLTYLLTFLLGTLLGTLILI	6027.59	6028.11	0.30482	0.538845	998.229
LLLTYLLTFLLGTLLGTLILI	LLLTFLLTFLLGTLLGTLILI	6027.98	6031.15	0.410343	0.410343	997.967
LLLTFLLTFLLGTLLGTLILI	LLLTWLLTFLLGTLLGTLILI	6031.01	6032.72	0.267575	0.598868	997.394
LLLTWLLTFLLGTLLGTLILI	LLLTYLLTFLLGTLLGTLILI	6032.72	6033.39	0.598868	0.267575	997.081
LLLTYLLTFLLGTLLGTLILI	LLLGYLLTFLLGTLLGTLILI	6033.72	6025.23	0.591758	0.271676	996.749
LLLGYLLTFLLGTLLGTLILI	LLLGYLLTFLLATLLGTLILI	6026.02	6026.63	1.06535	0.107014	996.397
LLLGYLLTFLLATLLGTLILI	LLLGYLLVFLLATLLGTLILI	6027.65	6029.01	1.12845	0.0952708	995.626
LLLGYLLVFLLATLLGTLILI	LLLGYLLVFLLATLLGYLILI	6029.24	6029.22	0.328724	0.505042	994.758
LLLGYLLVFLLATLLGYLILI	LLLGYLLTFLLATLLGYLILI	6028.85	6027.25	0.137712	0.930859	994.285
LLLGYLLTFLLATLLGYLILI	LLLTYLLTFLLATLLGYLILI	6026.56	6028.19	0.246959	0.636769	992.084
LLLTYLLTFLLATLLGYLILI	LLLTYLLVFLLATLLGYLILI	6028.68	6031.67	1.12845	0.0952708	991.448
LLLTYLLVFLLATLLGYLILI	LLLTFLLVFLLATLLGYLILI	6032.22	6034.05	0.650378	0.240035	990.773
LLLTFLLVFLLATLLGYLILI	LLLTWLLVFLLATLLGYLILI	6034.07	6036.96	0.267575	0.598868	989.3
LLLTWLLVFLLATLLGYLILI	LLLTFLLVFLLATLLGYLILI	6036.96	6034.07	0.598868	0.267575	988.496
LLLTFLLVFLLATLLGYLILI	LLLTFLLVFLLATLLGTLILI	6034.03	6034.71	0.219549	0.693609	987.644
LLLTFLLVFLLATLLGTLILI	LLLTYLLVFLLATLLGTLILI	6034.42	6031.44	0.410343	0.410343	986.74
LLLTYLLVFLLATLLGTLILI	LLLTYLLVFLLATLLGFLILI	6031.72	6032.67	0.693609	0.219549	985.783
LLLTYLLVFLLATLLGFLILI	LLLGYLLVFLLATLLGFLILI	6032.95	6029.93	0.489954	0.34018	982.555
LLLGYLLVFLLATLLGFLILI	LLLGYLLVFLLATLLGTLILI	6029.9	6029.46	0.30482	0.538845	981.348
LLLGYLLVFLLATLLGTLILI	LLLGYLLVFLLATLLGFLILI	6029.46	6029.9	0.538845	0.30482	980.071
LLLGYLLVFLLATLLGFLILI	LLLGYLLVFLLATLLGTLILI	6029.9	6029.45	0.30482	0.538845	978.717
LLLGYLLVFLLATLLGTLILI	LLLGYLLFFLLATLLGTLILI	6029.11	6031.18	0.194474	0.753596	975.768
LLLGYLLFFLLATLLGTLILI	LLLGYLLFFLLATLLGYLILI	6030.75	6030.72	0.328724	0.505042	974.162
LLLGYLLFFLLATLLGYLILI	LLLGYLLFVLLATLLGYLILI	6030.97	6033.54	0.753596	0.194474	972.463
LLLGYLLFVLLATLLGYLILI	LLLGYLLFVLLATLLGFLILI	6033.99	6032.01	0.650378	0.240035	970.666
LLLGYLLFVLLATLLGFLILI	LLLGYLLTVLLATLLGFLILI	6032.07	6027.55	0.30482	0.538845	966.754
LLLGYLLTVLLATLLGFLILI	LLLGYLLTVLLATLLGYLILI	6027.14	6027.11	0.132101	0.952787	962.38
LLLGYLLTVLLATLLGYLILI	LLLGYLLTVLLAFLLGYLILI	6026.97	6026.26	0.816184	0.171816	957.496
LLLGYLLTVLLAFLLGYLILI	LLLGYLLTVLLALLLGYLILI	6026.41	6029.85	0.320259	0.516639	952.048
LLLGYLLTVLLALLLGYLILI	LLLGYLLTVLLATLLGYLILI	6029.56	6026.83	0.227751	0.67574	949.095
LLLGYLLTVLLATLLGYLILI	LLLGYLLTVLLAFLLGYLILI	6026.97	6026.26	0.816184	0.171816	945.979
LLLGYLLTVLLAFLLGYLILI	LLLAYLLTVLLAFLLGYLILI	6026.67	6032.99	0.584123	0.276169	939.229
LLLAYLLTVLLAFLLGYLILI	LLLAFLLTVLLAFLLGYLILI	6033.36	6035.54	0.650378	0.240035	931.732
LLLAFLLTVLLAFLLGYLILI	LLLYFLLTVLLAFLLGYLILI	6035.47	6032.55	0.174433	0.80848	927.683
LLLYFLLTVLLAFLLGYLILI	LLLYILLTVLLAFLLGYLILI	6032.48	6034.08	0.736435	0.201285	923.422
LLLYILLTVLLAFLLGYLILI	LLLYWLLTVLLAFLLGYLILI	6034	6034.58	0.123228	0.989671	918.939
LLLYWLLTVLLAFLLGYLILI	LLLYWLLTVLLGFLLGYLILI	6033.74	6032.74	0.154044	0.872342	914.227
LLLYWLLTVLLGFLLGYLILI	LLLYWLLTVLLGTLLGYLILI	6032.03	6032.46	0.171816	0.816184	909.276
LLLYWLLTVLLGTLLGYLILI	LLLTWLLTVLLGTLLGYLILI	6032.03	6032.05	0.379341	0.443059	904.077
LLLTWLLTVLLGTLLGYLILI	LLLTWLLTVLLGFLLGYLILI	6032.61	6031.76	1.0043	0.119894	892.899
LLLTWLLTVLLGFLLGYLILI	LLLTFLLTVLLGFLLGYLILI	6032.24	6030.19	0.598868	0.267575	886.903
LLLTFLLTVLLGFLLGYLILI	LLLTFLLTTLLGFLLGYLILI	6030.02	6027.33	0.0952708	1.12845	859.999
LLLTFLLTTLLGFLLGYLILI	LLLTFLLTTLLGFLLGTLILI	6026.37	6027.92	0.171816	0.816184	852.504
LLLTFLLTTLLGFLLGTLILI	LLLTFLLTTLLGTLLGTLILI	6027.25	6027.87	0.141213	0.917682	844.686
LLLTFLLTTLLGTLLGTLILI	LLLTYLLTTLLGTLLGTLILI	6027.19	6024.27	0.240035	0.650378	836.541
LLLTYLLTTLLGTLLGTLILI	LLLTYLLTTLLGYLLGTLILI	6024.24	6023.15	0.62127	0.255144	828.061
LLLTYLLTTLLGYLLGTLILI	LLLTYLLTTLLAYLLGTLILI	6023.77	6024.66	0.872342	0.154044	819.243
LLLTYLLTTLLAYLLGTLILI	LLLTYLLTTLLALLLGTLILI	6025.31	6026.22	0.801241	0.176934	790.724
LLLTYLLTTLLALLLGTLILI	LLLTYLLTTLLAFLLGTLILI	6026.56	6022.38	0.516639	0.320259	769.974
LLLTYLLTTLLAFLLGTLILI	LLLTYLLTTLLAFLLGSLILI	6023.06	6028.13	1.001	0.120637	759.081
LLLTYLLTTLLAFLLGSLILI	LLLGYLLTTLLAFLLGSLILI	6028.65	6027.02	0.636769	0.246959	747.845
LLLGYLLTTLLAFLLGSLILI	LLLTYLLTTLLAFLLGSLILI	6027.02	6028.69	0.246959	0.636769	736.272
LLLTYLLTTLLAFLLGSLILI	LLLTVLLTTLLAFLLGSLILI	6028.81	6033.36	0.753596	0.194474	724.369
LLLTVLLTTLLAFLLGSLILI	LLLTYLLTTLLAFLLGSLILI	6033.36	6028.77	0.194474	0.753596	712.142
LLLTYLLTTLLAFLLGSLILI	LLLTYLLTTLLAFLLGFLILI	6028.32	6023.12	0.304028	0.540023	699.602
LLLTYLLTTLLAFLLGFLILI	LLLTYLLTTLLATLLGFLILI	6022.75	6024.81	0.171816	0.816184	660.222
LLLTYLLTTLLATLLGFLILI	LLLTYLLTTLLATLLGYLILI	6024.12	6024.09	0.132101	0.952787	646.557
LLLTYLLTTLLATLLGYLILI	LLLGYLLTTLLATLLGYLILI	6023.89	6021.29	0.754313	0.194196	589.688
LLLGYLLTTLLATLLGYLILI	LLLGYLLTTLLATLLGFLILI	6022.05	6022.08	0.952787	0.132101	515.312
LLLGYLLTTLLATLLGFLILI	LLLGYLLTTLLATLLGTLILI	6022.04	6022.35	0.0921195	1.14683	500.25
LLLGYLLTTLLATLLGTLILI	LLLGYLLTTLLAFLLGTLILI	6022.35	6020.91	1.14683	0.0921195	485.188
LLLGYLLTTLLAFLLGTLILI	LLLGYLLTTLLAFLLGYLILI	6021.26	6020.26	0.443059	0.379341	396.304
LLLGYLLTTLLAFLLGYLILI	LLLGYLLTTLLAFLLGFLILI	6020.53	6020.44	0.650378	0.240035	276.131
LLLGYLLTTLLAFLLGFLILI	LLLGYLLTTLLAFLLGYLILI	6020.44	6020.53	0.240035	0.650378	155.814
LLLGYLLTTLLAFLLGYLILI	LLLGYLLTTLLAFLLGFLILI	6020.53	6020.44	0.650378	0.240035	126.449
LLLGYLLTTLLAFLLGFLILI	LLLGYLLTTLLAFLLGYLILI	6020.44	6020.53	0.240035	0.650378	96.4228
LLLGYLLTTLLAFLLGYLILI	LLLGYLLTTLLAFLLGFLILI	6020.53	6020.44	0.650378	0.240035	64.9219
Time: 290s
