***STARTING GEOMETRY:***
xShift: 7.25953
crossingAngle: -43.7538
axialRotation: 6.5972
zShift: 5.03202

Number of MCCycles: 100
PrevSequence	CurrSequence	PrevEnergy	CurrEnergy	PrevEntropy	CurrEntropy	CurrentTemp
LLLLLLGTLLGYLLSTLLILI	LLLLLLGTLLGFLLSTLLILI	-21.5724	-20.6692	0.650378	0.240035	999.684
LLLLLLGTLLGFLLSTLLILI	LLLLLLGTLLGYLLSTLLILI	-20.6692	-21.6658	0.240035	0.650378	999.328
LLLLLLGTLLGYLLSTLLILI	LLLLLLGTLLGFLLSTLLILI	-21.6658	-20.6692	0.650378	0.240035	998.928
LLLLLLGTLLGFLLSTLLILI	LLLLLLGTLLGYLLSTLLILI	-20.6692	-21.6658	0.240035	0.650378	998.476
LLLLLLGTLLGYLLSTLLILI	LLLLLLGLLLGYLLSTLLILI	-21.7509	-19.884	0.565318	0.287636	997.967
LLLLLLGLLLGYLLSTLLILI	LLLYLLGLLLGYLLSTLLILI	-19.9458	-22.6544	0.225838	0.679837	997.394
LLLYLLGLLLGYLLSTLLILI	LLLYLLGLLLGYLLGTLLILI	-23.1401	-19.0016	0.19415	0.754431	996.749
LLLYLLGLLLGYLLGTLLILI	LLLYLLGLLLGYLLSTLLILI	-19.0016	-23.1401	0.754431	0.19415	996.023
LLLYLLGLLLGYLLSTLLILI	LLLYLLGLLLGFLLSTLLILI	-22.3814	-21.6642	0.952787	0.132101	995.205
LLLYLLGLLLGFLLSTLLILI	LLLYLLGTLLGFLLSTLLILI	-21.5686	-20.7215	0.227751	0.67574	992.084
LLLYLLGTLLGFLLSTLLILI	LLLYLLGTLLGYLLSTLLILI	-21.2651	-21.8519	0.132101	0.952787	990.773
LLLYLLGTLLGYLLSTLLILI	LLLWLLGTLLGYLLSTLLILI	-22.3535	-22.7143	0.451187	0.372136	989.3
LLLWLLGTLLGYLLSTLLILI	LLLYLLGTLLGYLLSTLLILI	-22.7143	-24.0974	0.372136	0.451187	987.644
LLLYLLGTLLGYLLSTLLILI	LLLWLLGTLLGYLLSTLLILI	-24.0974	-25.6989	0.451187	0.372136	985.783
LLLWLLGTLLGYLLSTLLILI	LLLYLLGTLLGYLLSTLLILI	-25.6989	-26.1396	0.372136	0.451187	983.694
LLLYLLGTLLGYLLSTLLILI	LLLWLLGTLLGYLLSTLLILI	-26.1396	-25.6873	0.451187	0.372136	981.348
LLLWLLGTLLGYLLSTLLILI	LLLWLLGTLLGYLLATLLILI	-25.4173	-24.6641	0.642213	0.244161	978.717
LLLWLLGTLLGYLLATLLILI	LLLWLLGTLLGYLLGTLLILI	-24.8012	-23.2858	0.107014	1.06535	975.768
LLLWLLGTLLGYLLGTLLILI	LLLYLLGTLLGYLLGTLLILI	-23.979	-24.4193	0.372136	0.451187	972.463
LLLYLLGTLLGYLLGTLLILI	LLLYLLGTLLGYLLSTLLILI	-24.1161	-24.3544	0.754431	0.19415	968.764
LLLYLLGTLLGYLLSTLLILI	LLLLLLGTLLGYLLSTLLILI	-23.7473	-22.1393	0.801241	0.176934	964.627
LLLLLLGTLLGYLLSTLLILI	LLLLLLGTLLGYLLSVLLILI	-21.3853	-18.3604	0.930859	0.137712	960.005
LLLLLLGTLLGYLLSVLLILI	LLLLLLGTLLGFLLSVLLILI	-17.8477	-16.6761	0.650378	0.240035	954.846
LLLLLLGTLLGFLLSVLLILI	LLLYLLGTLLGFLLSVLLILI	-16.6032	-18.8723	0.312976	0.526939	949.095
LLLYLLGTLLGFLLSVLLILI	LLLYLLGTLLGYLLSVLLILI	-19.2671	-21.8167	0.132101	0.952787	942.693
LLLYLLGTLLGYLLSVLLILI	LLLYLLGTLLGYLLGVLLILI	-22.5754	-18.5421	0.19415	0.754431	935.578
LLLYLLGTLLGYLLGVLLILI	LLLYLLGTLLGYLLAVLLILI	-18.2311	-19.7562	1.06535	0.107014	927.683
LLLYLLGTLLGYLLAVLLILI	LLLYLLGTLLGYLLATLLILI	-19.7255	-20.7249	0.137712	0.930859	918.939
LLLYLLGTLLGYLLATLLILI	LLLYLLGTLLGYLLGTLLILI	-21.5488	-22.0331	0.107014	1.06535	909.276
LLLYLLGTLLGYLLGTLLILI	LLLYLLGTLLGYLLSTLLILI	-22.344	-24.6221	0.754431	0.19415	898.621
LLLYLLGTLLGYLLSTLLILI	LLLYLLGTLLGYLLATLLILI	-24.1741	-25.1952	0.642213	0.244161	886.903
LLLYLLGTLLGYLLATLLILI	LLLWLLGTLLGYLLATLLILI	-24.9881	-24.5477	0.451187	0.372136	874.051
LLLWLLGTLLGYLLATLLILI	LLLYLLGTLLGYLLATLLILI	-24.5477	-22.9472	0.372136	0.451187	844.686
LLLYLLGTLLGYLLATLLILI	LLLWLLGTLLGYLLATLLILI	-22.9472	-24.5477	0.451187	0.372136	828.061
LLLWLLGTLLGYLLATLLILI	LLLWLLGTLLGYLLSTLLILI	-24.6757	-25.4173	0.244161	0.642213	810.083
LLLWLLGTLLGYLLSTLLILI	LLLWLLGTLLGYLLSYLLILI	-25.7308	-20.9101	0.328724	0.505042	769.974
LLLWLLGTLLGYLLSYLLILI	LLLWLLGTLLGYLLAYLLILI	-20.773	-19.947	0.642213	0.244161	747.845
LLLWLLGTLLGYLLAYLLILI	LLLWLLGTLLGYLLSYLLILI	-19.947	-20.773	0.244161	0.642213	724.369
LLLWLLGTLLGYLLSYLLILI	LLLWLLGTLLGYLLSTLLILI	-20.9101	-25.7423	0.505042	0.328724	699.602
LLLWLLGTLLGYLLSTLLILI	LLLWLLGTLLGYLLSVLLILI	-25.1402	-22.1009	0.930859	0.137712	673.628
LLLWLLGTLLGYLLSVLLILI	LLLWLLGTLLGFLLSVLLILI	-21.5883	-17.1425	0.650378	0.240035	589.688
LLLWLLGTLLGFLLSVLLILI	LLLWLLGTLLGFLLAVLLILI	-16.7403	-19.3216	0.642213	0.244161	560.23
LLLWLLGTLLGFLLAVLLILI	LLLWLLGTLLGYLLAVLLILI	-19.3257	-17.4832	0.240035	0.650378	530.348
LLLWLLGTLLGYLLAVLLILI	LLLWLLGTLLGYLLGVLLILI	-18.0266	-19.4827	0.107014	1.06535	500.25
LLLWLLGTLLGYLLGVLLILI	LLLWLLGTLLGYLLGTLLILI	-20.4103	-23.4087	0.137712	0.930859	470.152
LLLWLLGTLLGYLLGTLLILI	LLLWLLGTLLGYLLSTLLILI	-23.5851	-25.8769	0.754431	0.19415	410.812
LLLWLLGTLLGYLLSTLLILI	LLLWLLGTLLGYLLGTLLILI	-25.8769	-23.5967	0.19415	0.754431	353.943
LLLWLLGTLLGYLLGTLLILI	LLLWLLGTLLGYLLATLLILI	-23.2858	-24.8128	1.06535	0.107014	300.898
LLLWLLGTLLGYLLATLLILI	LLLWLLGTLLGYLLSTLLILI	-24.6757	-25.4173	0.244161	0.642213	276.131
LLLWLLGTLLGYLLSTLLILI	LLLWLLGTLLGYLLATLLILI	-25.4173	-24.6757	0.642213	0.244161	252.655
LLLWLLGTLLGYLLATLLILI	LLLWLLGTLLGYLLSTLLILI	-24.6757	-25.4288	0.244161	0.642213	155.814
LLLWLLGTLLGYLLSTLLILI	LLLYLLGTLLGYLLSTLLILI	-25.6989	-26.1396	0.372136	0.451187	12.8564
Time: 103s
