***STARTING GEOMETRY:***
xShift: 9.17168
crossingAngle: 21.7662
axialRotation: 50.3764
zShift: 4.25564

Number of MCCycles: 100
PrevSequence	CurrSequence	PrevEnergy	CurrEnergy	PrevEntropy	CurrEntropy	CurrentTemp
LLLTVLLSLLTTLTTLLLILI	LLLWVLLSLLTTLTTLLLILI	-11.9116	-19.0547	0.673827	0.22865	999.684
LLLWVLLSLLTTLTTLLLILI	LLLWVLLSLLYTLTTLLLILI	-18.4672	-23.0222	0.816184	0.171816	999.328
LLLWVLLSLLYTLTTLLLILI	LLLWTLLSLLYTLTTLLLILI	-23.1211	-20.8349	0.0728516	1.27634	998.928
LLLWTLLSLLYTLTTLLLILI	LLLWTLLSLLYTLYTLLLILI	-21.5724	-18.0821	0.538845	0.30482	998.476
LLLWTLLSLLYTLYTLLLILI	LLLWTLLSLLYTLTTLLLILI	-18.0821	-21.5724	0.30482	0.538845	997.967
LLLWTLLSLLYTLTTLLLILI	LLLWTLLSLLFTLTTLLLILI	-21.4608	-19.3612	0.650378	0.240035	997.394
LLLWTLLSLLFTLTTLLLILI	LLLWVLLSLLFTLTTLLLILI	-18.3249	-20.9739	1.27634	0.0728516	996.749
LLLWVLLSLLFTLTTLLLILI	LLLWVLLSLLFTLTWLLLILI	-20.7552	-20.7654	0.291546	0.559121	996.023
LLLWVLLSLLFTLTWLLLILI	LLLYVLLSLLFTLTWLLLILI	-20.4341	-18.4132	0.890414	0.148778	995.205
LLLYVLLSLLFTLTWLLLILI	LLLWVLLSLLFTLTWLLLILI	-18.4132	-20.4228	0.148778	0.890414	994.285
LLLWVLLSLLFTLTWLLLILI	LLLWVLLALLFTLTWLLLILI	-20.671	-19.439	0.642213	0.244161	993.249
LLLWVLLALLFTLTWLLLILI	LLLWVLLALLFTLTTLLLILI	-19.1241	-18.9492	0.559121	0.291546	992.084
LLLWVLLALLFTLTTLLLILI	LLLWVLLALLYTLTTLLLILI	-19.0007	-21.0316	0.240035	0.650378	990.773
LLLWVLLALLYTLTTLLLILI	LLLWVLLALLYTLYTLLLILI	-21.2389	-17.5852	0.443059	0.379341	989.3
LLLWVLLALLYTLYTLLLILI	LLLWVLLALLYLLYTLLLILI	-17.2888	-13.6473	0.67574	0.227751	985.783
LLLWVLLALLYLLYTLLLILI	LLLWVLLALLYLLTTLLLILI	-13.37	-17.1831	0.505042	0.328724	983.694
LLLWVLLALLYLLTTLLLILI	LLLWVLLSLLYLLTTLLLILI	-17.2676	-18.5346	0.244161	0.642213	981.348
LLLWVLLSLLYLLTTLLLILI	LLLYVLLSLLYLLTTLLLILI	-18.8047	-15.5768	0.372136	0.451187	978.717
LLLYVLLSLLYLLTTLLLILI	LLLYVLLSLLYTLTTLLLILI	-15.8669	-19.4017	0.161118	0.849143	975.768
LLLYVLLSLLYTLTTLLLILI	LLLYVLLSLLFTLTTLLLILI	-19.2981	-17.9913	0.952787	0.132101	972.463
LLLYVLLSLLFTLTTLLLILI	LLLWVLLSLLFTLTTLLLILI	-17.8558	-20.2955	0.267575	0.598868	968.764
LLLWVLLSLLFTLTTLLLILI	LLLWVLLSLLYTLTTLLLILI	-20.6543	-22.7075	0.240035	0.650378	964.627
LLLWVLLSLLYTLTTLLLILI	LLLWVLLSLLYTLTFLLLILI	-22.3536	-21.308	1.0043	0.119894	960.005
LLLWVLLSLLYTLTFLLLILI	LLLWVLLSLLYTLTTLLLILI	-21.308	-22.3536	0.119894	1.0043	942.693
LLLWVLLSLLYTLTTLLLILI	LLLWVLLSLLFTLTTLLLILI	-22.7075	-20.6459	0.650378	0.240035	935.578
LLLWVLLSLLFTLTTLLLILI	LLLWVLLSLLFTLTWLLLILI	-20.5944	-20.7654	0.291546	0.559121	927.683
LLLWVLLSLLFTLTWLLLILI	LLLWVLLSLLFTLTTLLLILI	-20.7654	-20.5944	0.559121	0.291546	918.939
LLLWVLLSLLFTLTTLLLILI	LLLYVLLSLLFTLTTLLLILI	-20.287	-17.8643	0.598868	0.267575	909.276
LLLYVLLSLLFTLTTLLLILI	LLLYVLLSLLYTLTTLLLILI	-17.9998	-19.3065	0.132101	0.952787	898.621
LLLYVLLSLLYTLTTLLLILI	LLLYVLLGLLYTLTTLLLILI	-19.8022	-19.8627	0.457104	0.367007	886.903
LLLYVLLGLLYTLTTLLLILI	LLLYVLLGLLYTLVTLLLILI	-19.4296	-16.187	0.800152	0.177314	874.051
LLLYVLLGLLYTLVTLLLILI	LLLYVLLGLLYTLVALLLILI	-15.3734	-14.5951	0.990994	0.122923	859.999
LLLYVLLGLLYTLVALLLILI	LLLYVLLSLLYTLVALLLILI	-14.351	-14.1831	0.367007	0.457104	844.686
LLLYVLLSLLYTLVALLLILI	LLLYVLLGLLYTLVALLLILI	-14.1831	-14.351	0.457104	0.367007	828.061
LLLYVLLGLLYTLVALLLILI	LLLWVLLGLLYTLVALLLILI	-14.2668	-16.9036	0.451187	0.372136	810.083
LLLWVLLGLLYTLVALLLILI	LLLWVLLGLLYTLTALLLILI	-17.0264	-20.1822	0.249358	0.632162	790.724
LLLWVLLGLLYTLTALLLILI	LLLWVLLGLLYTLTTLLLILI	-20.7296	-21.5946	0.0847157	1.19282	769.974
LLLWVLLGLLYTLTTLLLILI	LLLYVLLGLLYTLTTLLLILI	-22.4153	-19.7785	0.372136	0.451187	747.845
LLLYVLLGLLYTLTTLLLILI	LLLYVLLGLLFTLTTLLLILI	-19.2769	-16.4775	0.952787	0.132101	724.369
LLLYVLLGLLFTLTTLLLILI	LLLYVLLSLLFTLTTLLLILI	-16.2426	-17.6748	0.367007	0.457104	699.602
LLLYVLLSLLFTLTTLLLILI	LLLWVLLSLLFTLTTLLLILI	-17.8643	-20.2955	0.267575	0.598868	673.628
LLLWVLLSLLFTLTTLLLILI	LLLWVLLSLLFTLTYLLLILI	-20.2008	-20.8299	0.693609	0.219549	646.557
LLLWVLLSLLFTLTYLLLILI	LLLWVLLALLFTLTYLLLILI	-20.4072	-19.1563	0.642213	0.244161	589.688
LLLWVLLALLFTLTYLLLILI	LLLWVLLALLFTLTTLLLILI	-19.1809	-18.5556	0.219549	0.693609	560.23
LLLWVLLALLFTLTTLLLILI	LLLWTLLALLFTLTTLLLILI	-19.1763	-16.674	0.0728516	1.27634	530.348
LLLWTLLALLFTLTTLLLILI	LLLYTLLALLFTLTTLLLILI	-17.3515	-14.2116	0.598868	0.267575	500.25
LLLYTLLALLFTLTTLLLILI	LLLYTLLALLYTLTTLLLILI	-14.3471	-15.638	0.132101	0.952787	470.152
LLLYTLLALLYTLTTLLLILI	LLLWTLLALLYTLTTLLLILI	-16.1396	-20.3219	0.451187	0.372136	440.27
LLLWTLLALLYTLTTLLLILI	LLLWVLLALLYTLTTLLLILI	-19.4177	-21.6091	1.27634	0.0728516	410.812
LLLWVLLALLYTLTTLLLILI	LLLWVLLSLLYTLTTLLLILI	-21.4378	-22.7157	0.244161	0.642213	353.943
LLLWVLLSLLYTLTTLLLILI	LLLWVLLSLLYTLTYLLLILI	-22.9148	-22.4191	0.443059	0.379341	326.872
LLLWVLLSLLYTLTYLLLILI	LLLWVLLSLLYTLTTLLLILI	-22.4191	-22.9148	0.379341	0.443059	230.526
LLLWVLLSLLYTLTTLLLILI	LLLWVLLSLLYTLTALLLILI	-22.1651	-21.3051	1.19282	0.0847157	209.776
LLLWVLLSLLYTLTALLLILI	LLLWVLLSLLYTLTTLLLILI	-21.3051	-22.1566	0.0847157	1.19282	190.417
LLLWVLLSLLYTLTTLLLILI	LLLWVLLGLLYTLTTLLLILI	-22.8923	-22.412	0.457104	0.367007	155.814
LLLWVLLGLLYTLTTLLLILI	LLLWVLLSLLYTLTTLLLILI	-22.412	-22.9008	0.367007	0.457104	140.501
LLLWVLLSLLYTLTTLLLILI	LLLWVLLGLLYTLTTLLLILI	-22.9008	-22.4204	0.457104	0.367007	126.449
LLLWVLLGLLYTLTTLLLILI	LLLWVLLGLLYTLTYLLLILI	-22.3444	-21.8493	0.443059	0.379341	101.879
LLLWVLLGLLYTLTYLLLILI	LLLWVLLGLLYTLTTLLLILI	-21.8493	-22.3444	0.379341	0.443059	91.2238
LLLWVLLGLLYTLTTLLLILI	LLLWVLLSLLYTLTTLLLILI	-22.4204	-22.9008	0.367007	0.457104	81.5606
Time: 103s
