***STARTING GEOMETRY:***
xShift: 8.87983
crossingAngle: -34.0585
axialRotation: 15.0578
zShift: 5.431

Number of MCCycles: 100
PrevSequence	CurrSequence	PrevEnergy	CurrEnergy	PrevEntropy	CurrEntropy	CurrentTemp
LLLVLLATLLGTLLTTLLILI	LLLVLLATLLGYLLTTLLILI	-17.8641	-18.0138	0.816184	0.171816	999.684
LLLVLLATLLGYLLTTLLILI	LLLVLLATLLGTLLTTLLILI	-18.0138	-17.9331	0.171816	0.816184	999.328
LLLVLLATLLGTLLTTLLILI	LLLVLLATLLGYLLTTLLILI	-17.9331	-18.0138	0.816184	0.171816	998.928
LLLVLLATLLGYLLTTLLILI	LLLVLLGTLLGYLLTTLLILI	-18.0316	-17.5988	0.154044	0.872342	998.476
LLLVLLGTLLGYLLTTLLILI	LLLVLLATLLGYLLTTLLILI	-17.5988	-18.0316	0.872342	0.154044	997.967
LLLVLLATLLGYLLTTLLILI	LLLVLLGTLLGYLLTTLLILI	-18.0316	-17.5988	0.154044	0.872342	997.394
LLLVLLGTLLGYLLTTLLILI	LLLVLLATLLGYLLTTLLILI	-17.5988	-18.0316	0.872342	0.154044	996.749
LLLVLLATLLGYLLTTLLILI	LLLILLATLLGYLLTTLLILI	-17.9534	-15.7673	0.232152	0.666466	996.023
LLLILLATLLGYLLTTLLILI	LLLILLATLLGTLLTTLLILI	-16.262	-16.1991	0.171816	0.816184	994.285
LLLILLATLLGTLLTTLLILI	LLLILLATLLGYLLTTLLILI	-16.1991	-16.262	0.816184	0.171816	993.249
LLLILLATLLGYLLTTLLILI	LLLILLSTLLGYLLTTLLILI	-16.1896	-13.6554	0.244161	0.642213	992.084
LLLILLSTLLGYLLTTLLILI	LLLILLSTLLTYLLTTLLILI	-14.1926	-12.3882	0.105025	1.07549	990.773
LLLILLSTLLTYLLTTLLILI	LLLILLSTLLAYLLTTLLILI	-12.1206	-9.23028	1.34306	0.064646	989.3
LLLILLSTLLAYLLTTLLILI	LLLILLSTLLATLLTTLLILI	-9.12311	-9.27645	0.171816	0.816184	987.644
LLLILLSTLLATLLTTLLILI	LLLVLLSTLLATLLTTLLILI	-9.42617	-11.565	0.666466	0.232152	985.783
LLLVLLSTLLATLLTTLLILI	LLLVLLSTLLTTLLTTLLILI	-11.7449	-15.6286	0.0522692	1.46278	983.694
LLLVLLSTLLTTLLTTLLILI	LLLVLLSTLLTWLLTTLLILI	-16.4176	-16.6806	0.673827	0.22865	978.717
LLLVLLSTLLTWLLTTLLILI	LLLVLLSTLLTWLLSTLLILI	-16.2184	-15.5041	0.690823	0.220804	975.768
LLLVLLSTLLTWLLSTLLILI	LLLVLLSTLLTWLLATLLILI	-14.7819	-14.4667	0.942975	0.13458	972.463
LLLVLLSTLLTWLLATLLILI	LLLVLLSTLLTWLLAYLLILI	-13.9077	-10.6723	0.693609	0.219549	968.764
LLLVLLSTLLTWLLAYLLILI	LLLVLLSTLLTWLLATLLILI	-10.6723	-13.9077	0.219549	0.693609	964.627
LLLVLLSTLLTWLLATLLILI	LLLVLLGTLLTWLLATLLILI	-14.1442	-16.7681	0.457104	0.367007	960.005
LLLVLLGTLLTWLLATLLILI	LLLWLLGTLLTWLLATLLILI	-17.0727	-20.51	0.0623734	1.36313	949.095
LLLWLLGTLLTWLLATLLILI	LLLWLLGTLLTTLLATLLILI	-21.4121	-20.5292	0.460972	0.363705	942.693
LLLWLLGTLLTTLLATLLILI	LLLWLLGVLLTTLLATLLILI	-19.6166	-16.6043	1.27634	0.0728516	935.578
LLLWLLGVLLTTLLATLLILI	LLLWLLGVLLTTLLSTLLILI	-16.433	-16.4516	0.244161	0.642213	927.683
LLLWLLGVLLTTLLSTLLILI	LLLWLLGTLLTTLLSTLLILI	-17.0209	-20.0302	0.0728516	1.27634	918.939
LLLWLLGTLLTTLLSTLLILI	LLLWLLGTLLTWLLSTLLILI	-20.9428	-22.5358	0.363705	0.460972	909.276
LLLWLLGTLLTWLLSTLLILI	LLLWLLGTLLTWLLATLLILI	-22.3546	-21.629	0.642213	0.244161	898.621
LLLWLLGTLLTWLLATLLILI	LLLFLLGTLLTWLLATLLILI	-20.6421	-19.8376	1.23103	0.0790506	886.903
LLLFLLGTLLTWLLATLLILI	LLLFLLGTLLTTLLATLLILI	-19.6424	-18.3968	0.274265	0.58734	874.051
LLLFLLGTLLTTLLATLLILI	LLLWLLGTLLTTLLATLLILI	-18.8354	-20.0025	0.148778	0.890414	859.999
LLLWLLGTLLTTLLATLLILI	LLLWLLGTLLTTLLSTLLILI	-20.6487	-20.6643	0.244161	0.642213	844.686
LLLWLLGTLLTTLLSTLLILI	LLLWLLGTLLTWLLSTLLILI	-20.9428	-22.5358	0.363705	0.460972	810.083
LLLWLLGTLLTWLLSTLLILI	LLLFLLGTLLTWLLSTLLILI	-21.7658	-20.9613	1.23103	0.0790506	769.974
LLLFLLGTLLTWLLSTLLILI	LLLFLLGTLLTTLLSTLLILI	-20.7661	-18.8104	0.274265	0.58734	747.845
LLLFLLGTLLTTLLSTLLILI	LLLFLLGTLLTWLLSTLLILI	-18.8104	-20.7661	0.58734	0.274265	724.369
LLLFLLGTLLTWLLSTLLILI	LLLWLLGTLLTWLLSTLLILI	-20.9613	-21.7658	0.0790506	1.23103	699.602
LLLWLLGTLLTWLLSTLLILI	LLLWLLGTLLTWLLSYLLILI	-22.3032	-19.2495	0.693609	0.219549	673.628
LLLWLLGTLLTWLLSYLLILI	LLLWLLGTLLTWLLAYLLILI	-18.8269	-17.9188	0.642213	0.244161	589.688
LLLWLLGTLLTWLLAYLLILI	LLLWLLGTLLTWLLSYLLILI	-17.9188	-18.8269	0.244161	0.642213	560.23
LLLWLLGTLLTWLLSYLLILI	LLLFLLGTLLTWLLSYLLILI	-18.2381	-17.4336	1.23103	0.0790506	530.348
LLLFLLGTLLTWLLSYLLILI	LLLWLLGTLLTWLLSYLLILI	-17.4336	-18.2381	0.0790506	1.23103	500.25
LLLWLLGTLLTWLLSYLLILI	LLLFLLGTLLTWLLSYLLILI	-18.2381	-17.4336	1.23103	0.0790506	470.152
LLLFLLGTLLTWLLSYLLILI	LLLFLLGTLLTWLLSTLLILI	-17.2931	-20.3468	0.219549	0.693609	440.27
LLLFLLGTLLTWLLSTLLILI	LLLFLLGTLLTWLLATLLILI	-20.3981	-19.6725	0.642213	0.244161	410.812
LLLFLLGTLLTWLLATLLILI	LLLFLLGTLLTWLLSTLLILI	-19.6725	-20.3981	0.244161	0.642213	353.943
LLLFLLGTLLTWLLSTLLILI	LLLWLLGTLLTWLLSTLLILI	-20.9613	-21.7658	0.0790506	1.23103	300.898
LLLWLLGTLLTWLLSTLLILI	LLLFLLGTLLTWLLSTLLILI	-21.7658	-20.9613	1.23103	0.0790506	209.776
LLLFLLGTLLTWLLSTLLILI	LLLFLLGTLLTWLLATLLILI	-20.3981	-19.6725	0.642213	0.244161	190.417
LLLFLLGTLLTWLLATLLILI	LLLFLLGTLLTWLLSTLLILI	-19.6725	-20.3981	0.244161	0.642213	172.439
LLLFLLGTLLTWLLSTLLILI	LLLWLLGTLLTWLLSTLLILI	-20.9613	-21.7658	0.0790506	1.23103	155.814
Time: 110s
