***STARTING GEOMETRY:***
xShift: 8.84
crossingAngle: -38.99
axialRotation: -98.72
zShift: 5.18

Number of MCCycles: 200
PrevSequence	CurrSequence	PrevEnergy	CurrEnergy	PrevEntropy	CurrEntropy	CurrentTemp
LLLTVLLTTLLSTLLTTLILI	LLLTVLLTTLLSTLLTWLILI	-2.35194	-3.92981	0.749274	0.196163	999.847
LLLTVLLTTLLSTLLTWLILI	LLLTVLLTTLLSTLLSWLILI	-3.34111	-1.53713	0.784867	0.182746	999.684
LLLTVLLTTLLSTLLSWLILI	LLLTVLLTTLLSTLLSTLILI	-1.49122	-2.05529	0.22865	0.673827	999.512
LLLTVLLTTLLSTLLSTLILI	LLLTVLLTTLLGTLLSTLILI	-2.01718	-1.65697	0.71194	0.2115	999.328
LLLTVLLTTLLGTLLSTLILI	LLLYVLLTTLLGTLLSTLILI	-0.950791	-1.75248	0.917682	0.141213	999.134
LLLYVLLTTLLGTLLSTLILI	LLLYVLLTTLLGTLLTTLILI	-1.79529	-3.31031	0.0983968	1.11086	998.928
LLLYVLLTTLLGTLLTTLILI	LLLYWLLTTLLGTLLTTLILI	-4.30237	-5.50818	0.118797	1.00921	998.708
LLLYWLLTTLLGTLLTTLILI	LLLYYLLTTLLGTLLTTLILI	-6.14525	-5.93424	0.372136	0.451187	998.476
LLLYYLLTTLLGTLLTTLILI	LLLYYLLTYLLGTLLTTLILI	-5.90869	-4.8072	0.476739	0.350648	998.229
LLLYYLLTYLLGTLLTTLILI	LLLWYLLTYLLGTLLTTLILI	-4.56672	-2.50164	0.591129	0.272043	997.394
LLLWYLLTYLLGTLLTTLILI	LLLWYLLTTLLGTLLTTLILI	-2.51854	-5.00234	0.255144	0.62127	997.081
LLLWYLLTTLLGTLLTTLILI	LLLWYLLTTLLGTLLSTLILI	-4.51275	-4.39244	1.11086	0.0983968	996.749
LLLWYLLTTLLGTLLSTLILI	LLLWFLLTTLLGTLLSTLILI	-3.84045	-4.12345	0.650378	0.240035	996.397
LLLWFLLTTLLGTLLSTLILI	LLLWFLLTTLLGTLLTTLILI	-4.26509	-5.7801	0.0983968	1.11086	996.023
LLLWFLLTTLLGTLLTTLILI	LLLWFLLTTLLGYLLTTLILI	-5.97328	-3.73318	0.917682	0.141213	995.205
LLLWFLLTTLLGYLLTTLILI	LLLYFLLTTLLGYLLTTLILI	-3.50226	-1.91986	0.372136	0.451187	994.758
LLLYFLLTTLLGYLLTTLILI	LLLYFLLTTLLGYLLSTLILI	-1.37004	-0.361442	1.001	0.120637	994.285
LLLYFLLTTLLGYLLSTLILI	LLLYFLLTTLLGTLLSTLILI	-0.177259	-2.3219	0.30482	0.538845	993.782
LLLYFLLTTLLGTLLSTLILI	LLLYYLLTTLLGTLLSTLILI	-2.72864	-2.98592	0.132101	0.952787	993.249
LLLYYLLTTLLGTLLSTLILI	LLLYFLLTTLLGTLLSTLILI	-2.98592	-2.72864	0.952787	0.132101	992.683
LLLYFLLTTLLGTLLSTLILI	LLLYFLLTTLLGYLLSTLILI	-2.3219	-0.177259	0.538845	0.30482	992.084
LLLYFLLTTLLGYLLSTLILI	LLLYFLLTTLLGYLLTTLILI	-0.361442	-1.37036	0.120637	1.001	991.448
LLLYFLLTTLLGYLLTTLILI	LLLWFLLTTLLGYLLTTLILI	-1.92018	-2.43644	0.451187	0.372136	990.773
LLLWFLLTTLLGYLLTTLILI	LLLWWLLTTLLGYLLTTLILI	-2.72952	-1.75863	0.0790506	1.23103	990.058
LLLWWLLTTLLGYLLTTLILI	LLLWWLLGTLLGYLLTTLILI	-2.23534	5.7801	0.754313	0.194196	989.3
LLLWWLLGTLLGYLLTTLILI	LLLWWLLGTLLGTLLTTLILI	5.75772	3.99534	0.171816	0.816184	988.496
LLLWWLLGTLLGTLLTTLILI	LLLWFLLGTLLGTLLTTLILI	4.41018	1.73195	1.23103	0.0790506	987.644
LLLWFLLGTLLGTLLTTLILI	LLLWFLLGTLLGTLLTWLILI	2.0166	3.27618	0.363705	0.460972	986.74
LLLWFLLGTLLGTLLTWLILI	LLLWFLLGTLLGTLLTTLILI	3.27618	2.0166	0.460972	0.363705	985.783
LLLWFLLGTLLGTLLTTLILI	LLLWFLLGTLLGTLLTYLILI	2.46908	3.10674	0.816184	0.171816	984.769
LLLWFLLGTLLGTLLTYLILI	LLLWYLLGTLLGTLLTYLILI	3.06703	4.05653	0.132101	0.952787	983.694
LLLWYLLGTLLGTLLTYLILI	LLLWYLLGTLLGTLLTTLILI	3.40857	2.35989	0.30482	0.538845	982.555
LLLWYLLGTLLGTLLTTLILI	LLLYYLLGTLLGTLLTTLILI	2.19318	1.40361	0.372136	0.451187	981.348
LLLYYLLGTLLGTLLTTLILI	LLLYYLLGTLLGTLLTYLILI	1.35977	2.64937	0.407346	0.413356	980.071
LLLYYLLGTLLGTLLTYLILI	LLLWYLLGTLLGTLLTYLILI	2.82714	4.92773	0.591129	0.272043	978.717
LLLWYLLGTLLGTLLTYLILI	LLLWFLLGTLLGTLLTYLILI	5.60847	3.06703	0.952787	0.132101	977.285
LLLWFLLGTLLGTLLTYLILI	LLLWFLLGTLLGTLLSYLILI	3.80092	5.63803	0.865998	0.155943	975.768
LLLWFLLGTLLGTLLSYLILI	LLLWFLLGTLLGTLLSTLILI	5.70164	5.59541	0.219549	0.693609	974.162
LLLWFLLGTLLGTLLSTLILI	LLLWFLLGTLLGTLLSYLILI	5.59541	5.70164	0.693609	0.219549	972.463
LLLWFLLGTLLGTLLSYLILI	LLLWFLLGVLLGTLLSYLILI	6.41295	9.79406	0.930859	0.137712	970.666
LLLWFLLGVLLGTLLSYLILI	LLLWYLLGVLLGTLLSYLILI	9.78845	10.3629	0.132101	0.952787	968.764
LLLWYLLGVLLGTLLSYLILI	LLLWYLLGTLLGTLLSYLILI	9.54784	6.40027	0.137712	0.930859	966.754
LLLWYLLGTLLGTLLSYLILI	LLLWYLLGTLLGTLLTYLILI	5.62536	3.78794	0.155943	0.865998	964.627
LLLWYLLGTLLGTLLTYLILI	LLLWYLLGTLLGTLLTWLILI	3.18951	3.58191	0.267575	0.598868	962.38
LLLWYLLGTLLGTLLTWLILI	LLLWYLLGTLLGTLLTYLILI	3.58191	3.18951	0.598868	0.267575	960.005
LLLWYLLGTLLGTLLTYLILI	LLLYYLLGTLLGTLLTYLILI	3.19398	3.74425	0.272043	0.591129	957.496
LLLYYLLGTLLGTLLTYLILI	LLLYFLLGTLLGTLLTYLILI	4.30509	4.02606	1.15198	0.0912572	954.846
LLLYFLLGTLLGTLLTYLILI	LLLYFLLGTLLGTLLSYLILI	4.8008	6.63822	0.865998	0.155943	952.048
LLLYFLLGTLLGTLLSYLILI	LLLYFLLGTLLGTLLSTLILI	6.86162	5.62389	0.379341	0.443059	949.095
LLLYFLLGTLLGTLLSTLILI	LLLWFLLGTLLGTLLSTLILI	5.44841	4.77951	0.267575	0.598868	945.979
LLLWFLLGTLLGTLLSTLILI	LLLWFLLGTLLGTLLTTLILI	4.30127	3.37506	0.120637	1.001	942.693
LLLWFLLGTLLGTLLTTLILI	LLLWFLLGTLLGYLLTTLILI	3.19025	4.85146	0.816184	0.171816	939.229
LLLWFLLGTLLGYLLTTLILI	LLLWFLLGTLLGYLLATLILI	5.87247	7.56677	1.19282	0.0847157	935.578
LLLWFLLGTLLGYLLATLILI	LLLYFLLGTLLGYLLATLILI	7.85419	8.93373	0.372136	0.451187	931.732
LLLYFLLGTLLGYLLATLILI	LLLYFLLGTLLGTLLATLILI	8.86188	6.28088	0.379341	0.443059	927.683
LLLYFLLGTLLGTLLATLILI	LLLYFLLGFLLGTLLATLILI	6.53143	8.8572	0.693609	0.219549	923.422
LLLYFLLGFLLGTLLATLILI	LLLYYLLGFLLGTLLATLILI	8.87769	7.69613	0.240035	0.650378	918.939
LLLYYLLGFLLGTLLATLILI	LLLYYLLGTLLGTLLATLILI	7.16565	5.0725	0.119894	1.0043	914.227
LLLYYLLGTLLGTLLATLILI	LLLYYLLGTLLGTLLTTLILI	4.13284	2.22653	0.064646	1.34306	909.276
LLLYYLLGTLLGTLLTTLILI	LLLYYLLGTLLGTLLSTLILI	1.88447	3.53185	1.001	0.120637	904.077
LLLYYLLGTLLGTLLSTLILI	LLLYYLLGTLLGTLLTTLILI	3.53185	2.00371	0.120637	1.001	898.621
LLLYYLLGTLLGTLLTTLILI	LLLYFLLGTLLGTLLTTLILI	1.9555	2.78551	0.952787	0.132101	892.899
LLLYFLLGTLLGTLLTTLILI	LLLYFLLGTLLGYLLTTLILI	3.19225	5.98464	0.538845	0.30482	886.903
LLLYFLLGTLLGYLLTTLILI	LLLYYLLGTLLGYLLTTLILI	5.77107	5.75322	0.0912572	1.15198	880.623
LLLYYLLGTLLGYLLTTLILI	LLLYYLLGTLLGTLLTTLILI	5.0146	1.35945	0.413356	0.407346	874.051
LLLYYLLGTLLGTLLTTLILI	LLLWYLLGTLLGTLLTTLILI	1.40329	3.27801	0.451187	0.372136	867.179
LLLWYLLGTLLGTLLTTLILI	LLLYYLLGTLLGTLLTTLILI	3.27801	2.24112	0.372136	0.451187	859.999
LLLYYLLGTLLGTLLTTLILI	LLLWYLLGTLLGTLLTTLILI	2.24112	2.19318	0.451187	0.372136	852.504
LLLWYLLGTLLGTLLTTLILI	LLLWYLLGTLLGTLLTYLILI	2.35989	3.22676	0.538845	0.30482	844.686
LLLWYLLGTLLGTLLTYLILI	LLLWYLLGTLLGTLLTTLILI	3.22676	2.17789	0.30482	0.538845	836.541
LLLWYLLGTLLGTLLTTLILI	LLLYYLLGTLLGTLLTTLILI	2.01118	1.33498	0.372136	0.451187	828.061
LLLYYLLGTLLGTLLTTLILI	LLLYYLLGTLLGTLLSTLILI	1.88479	3.60048	1.001	0.120637	819.243
LLLYYLLGTLLGTLLSTLILI	LLLYYLLGTLLGTLLSWLILI	3.96586	4.89277	0.48602	0.343253	810.083
LLLYYLLGTLLGTLLSWLILI	LLLYFLLGTLLGTLLSWLILI	5.50231	6.332	0.952787	0.132101	800.577
LLLYFLLGTLLGTLLSWLILI	LLLYFLLGTLLGTLLTWLILI	6.35584	4.6814	0.155943	0.865998	790.724
LLLYFLLGTLLGTLLTWLILI	LLLYYLLGTLLGTLLTWLILI	3.94751	2.99889	0.132101	0.952787	780.523
LLLYYLLGTLLGTLLTWLILI	LLLYYLLGTLLGTLLSWLILI	2.9121	4.65485	0.865998	0.155943	769.974
LLLYYLLGTLLGTLLSWLILI	LLLYYLLGTLLGTLLTWLILI	4.65485	4.16355	0.155943	0.865998	759.081
LLLYYLLGTLLGTLLTWLILI	LLLWYLLGTLLGTLLTWLILI	3.56513	4.46246	0.267575	0.598868	747.845
LLLWYLLGTLLGTLLTWLILI	LLLWYLLGTLLGTLLTTLILI	4.32457	3.06499	0.460972	0.363705	736.272
LLLWYLLGTLLGTLLTTLILI	LLLWYLLGTLLGTLLTWLILI	3.06499	3.26233	0.363705	0.460972	724.369
LLLWYLLGTLLGTLLTWLILI	LLLWFLLGTLLGTLLTWLILI	3.45173	3.05525	0.650378	0.240035	712.142
LLLWFLLGTLLGTLLTWLILI	LLLWYLLGTLLGTLLTWLILI	3.05525	3.45205	0.240035	0.650378	699.602
LLLWYLLGTLLGTLLTWLILI	LLLWYLLGTLLGTLLTTLILI	3.26264	2.00306	0.460972	0.363705	686.76
LLLWYLLGTLLGTLLTTLILI	LLLYYLLGTLLGTLLTTLILI	2.0115	1.33466	0.372136	0.451187	673.628
LLLYYLLGTLLGTLLTTLILI	LLLYFLLGTLLGTLLTTLILI	1.83626	2.78519	0.952787	0.132101	660.222
LLLYFLLGTLLGTLLTTLILI	LLLWFLLGTLLGTLLTTLILI	2.92067	2.97325	0.267575	0.598868	646.557
LLLWFLLGTLLGTLLTTLILI	LLLWFLLGTLLGYLLTTLILI	3.19056	4.85115	0.816184	0.171816	632.651
LLLWFLLGTLLGYLLTTLILI	LLLWYLLGTLLGYLLTTLILI	4.81143	5.62531	0.132101	0.952787	604.196
LLLWYLLGTLLGYLLTTLILI	LLLYYLLGTLLGYLLTTLILI	4.94457	4.55294	0.272043	0.591129	589.688
LLLYYLLGTLLGYLLTTLILI	LLLYWLLGTLLGYLLTTLILI	4.55294	5.1705	0.591129	0.272043	575.025
LLLYWLLGTLLGYLLTTLILI	LLLYWLLGTLLGTLLTTLILI	5.20327	4.0073	0.30482	0.538845	545.329
LLLYWLLGTLLGTLLTTLILI	LLLYYLLGTLLGTLLTTLILI	3.84059	2.22311	0.372136	0.451187	530.348
LLLYYLLGTLLGTLLTTLILI	LLLWYLLGTLLGTLLTTLILI	2.22311	2.01118	0.451187	0.372136	515.312
LLLWYLLGTLLGTLLTTLILI	LLLYYLLGTLLGTLLTTLILI	2.01118	2.04301	0.372136	0.451187	485.188
LLLYYLLGTLLGTLLTTLILI	LLLYYLLGTLLGTLLATLILI	2.93489	4.20148	1.34306	0.064646	470.152
LLLYYLLGTLLGTLLATLILI	LLLYFLLGTLLGTLLATLILI	5.08962	5.96992	0.952787	0.132101	455.171
LLLYFLLGTLLGTLLATLILI	LLLYYLLGTLLGTLLATLILI	5.96992	5.02099	0.132101	0.952787	440.27
LLLYYLLGTLLGTLLATLILI	LLLYFLLGTLLGTLLATLILI	5.02099	5.96992	0.952787	0.132101	425.475
LLLYFLLGTLLGTLLATLILI	LLLYYLLGTLLGTLLATLILI	5.96992	5.92744	0.132101	0.952787	410.812
LLLYYLLGTLLGTLLATLILI	LLLYFLLGTLLGTLLATLILI	5.92744	5.96992	0.952787	0.132101	396.304
LLLYFLLGTLLGTLLATLILI	LLLYFLLGTLLGTLLTTLILI	5.90246	3.99615	0.064646	1.34306	381.976
LLLYFLLGTLLGTLLTTLILI	LLLWFLLGTLLGTLLTTLILI	2.92067	2.97325	0.267575	0.598868	367.849
LLLWFLLGTLLGTLLTTLILI	LLLWFLLGTLLGTLLTYLILI	3.19056	3.10674	0.816184	0.171816	353.943
LLLWFLLGTLLGTLLTYLILI	LLLWFLLGTLLGTLLTTLILI	3.10674	2.4694	0.171816	0.816184	326.872
LLLWFLLGTLLGTLLTTLILI	LLLWFLLGTLLGTLLSTLILI	2.65421	4.30127	1.001	0.120637	288.358
LLLWFLLGTLLGTLLSTLILI	LLLWFLLGTLLGTLLTTLILI	4.30127	3.37538	0.120637	1.001	276.131
LLLWFLLGTLLGTLLTTLILI	LLLWYLLGTLLGTLLTTLILI	2.61442	3.35134	0.240035	0.650378	264.228
LLLWYLLGTLLGTLLTTLILI	LLLYYLLGTLLGTLLTTLILI	3.0731	1.4539	0.372136	0.451187	252.655
LLLYYLLGTLLGTLLTTLILI	LLLWYLLGTLLGTLLTTLILI	1.4539	3.07342	0.451187	0.372136	209.776
LLLWYLLGTLLGTLLTTLILI	LLLWYLLGTLLGTLLTYLILI	3.24013	3.22676	0.538845	0.30482	199.923
LLLWYLLGTLLGTLLTYLILI	LLLWYLLGTLLGTLLTTLILI	3.22676	3.23981	0.30482	0.538845	190.417
LLLWYLLGTLLGTLLTTLILI	LLLWYLLGTLLGTLLTWLILI	3.06467	3.26233	0.363705	0.460972	181.257
LLLWYLLGTLLGTLLTWLILI	LLLWTLLGTLLGTLLTWLILI	2.97317	1.68543	0.171816	0.816184	172.439
LLLWTLLGTLLGTLLTWLILI	LLLWTLLGTLLGTLLTTLILI	1.26243	0.134637	0.393183	0.428016	48.4519
Time: 399s
