***STARTING GEOMETRY:***
xShift: 8.80598
crossingAngle: -38.9275
axialRotation: -98.5165
zShift: 5.22232

Number of MCCycles: 200
PrevSequence	CurrSequence	PrevEnergy	CurrEnergy	PrevEntropy	CurrEntropy	CurrentTemp
LLLTVLLTTLLSTLLTTLILI	LLLTVLLTTLLSTLLTWLILI	-2.66524	-4.2508	0.749274	0.196163	999.847
LLLTVLLTTLLSTLLTWLILI	LLLYVLLTTLLSTLLTWLILI	-3.52929	-4.33845	0.917682	0.141213	999.684
LLLYVLLTTLLSTLLTWLILI	LLLYVLLTTLLGTLLTWLILI	-4.02256	-3.10022	0.457104	0.367007	999.512
LLLYVLLTTLLGTLLTWLILI	LLLTVLLTTLLGTLLTWLILI	-3.32602	-2.40314	0.141213	0.917682	999.328
LLLTVLLTTLLGTLLTWLILI	LLLYVLLTTLLGTLLTWLILI	-2.40314	-3.32569	0.917682	0.141213	999.134
LLLYVLLTTLLGTLLTWLILI	LLLYYLLTTLLGTLLTWLILI	-3.36171	-5.14129	0.105187	1.07465	998.928
LLLYYLLTTLLGTLLTWLILI	LLLWYLLTTLLGTLLTWLILI	-5.94837	-5.41974	0.267575	0.598868	998.708
LLLWYLLTTLLGTLLTWLILI	LLLWFLLTTLLGTLLTWLILI	-5.36823	-5.69868	0.650378	0.240035	998.229
LLLWFLLTTLLGTLLTWLILI	LLLWFLLTTLLGYLLTWLILI	-5.12253	-2.0322	0.816184	0.171816	997.967
LLLWFLLTTLLGYLLTWLILI	LLLYFLLTTLLGYLLTWLILI	-1.60515	-0.359397	0.598868	0.267575	997.689
LLLYFLLTTLLGYLLTWLILI	LLLYFLLTTLLGYLLTTLILI	-0.352708	-1.37052	0.274265	0.58734	997.394
LLLYFLLTTLLGYLLTTLILI	LLLYFLLTTLLGTLLTTLILI	-1.70272	-4.90374	0.255144	0.62127	997.081
LLLYFLLTTLLGTLLTTLILI	LLLYFLLTTLLGTLLTWLILI	-4.85118	-4.13331	0.673827	0.22865	996.749
LLLYFLLTTLLGTLLTWLILI	LLLYFLLTYLLGTLLTWLILI	-3.82312	-1.8429	0.538845	0.30482	996.397
LLLYFLLTYLLGTLLTWLILI	LLLYFLLTTLLGTLLTWLILI	-1.8429	-3.82312	0.30482	0.538845	996.023
LLLYFLLTTLLGTLLTWLILI	LLLWFLLTTLLGTLLTWLILI	-4.21318	-3.97093	0.148778	0.890414	995.205
LLLWFLLTTLLGTLLTWLILI	LLLWFLLTVLLGTLLTWLILI	-3.585	-1.72683	1.27634	0.0728516	994.758
LLLWFLLTVLLGTLLTWLILI	LLLWFLLTVLLGTLLTTLILI	-1.33871	-1.51266	0.460972	0.363705	994.285
LLLWFLLTVLLGTLLTTLILI	LLLYFLLTVLLGTLLTTLILI	-1.2775	-1.11029	0.598868	0.267575	993.249
LLLYFLLTVLLGTLLTTLILI	LLLYYLLTVLLGTLLTTLILI	-1.24576	-2.51089	0.132101	0.952787	992.683
LLLYYLLTVLLGTLLTTLILI	LLLWYLLTVLLGTLLTTLILI	-3.01249	-2.89623	0.451187	0.372136	992.084
LLLWYLLTVLLGTLLTTLILI	LLLWYLLTVLLGTLLTYLILI	-2.72952	-1.20248	0.538845	0.30482	991.448
LLLWYLLTVLLGTLLTYLILI	LLLYYLLTVLLGTLLTYLILI	-1.23525	-0.856101	0.272043	0.591129	990.773
LLLYYLLTVLLGTLLTYLILI	LLLWYLLTVLLGTLLTYLILI	-0.856101	-1.72564	0.591129	0.272043	990.058
LLLWYLLTVLLGTLLTYLILI	LLLWYLLTVLLGTLLTTLILI	-1.69286	-2.72952	0.30482	0.538845	989.3
LLLWYLLTVLLGTLLTTLILI	LLLWTLLTVLLGTLLTTLILI	-3.12716	-3.70084	0.141213	0.917682	988.496
LLLWTLLTVLLGTLLTTLILI	LLLWFLLTVLLGTLLTTLILI	-3.3569	-2.87893	1.26162	0.0748068	987.644
LLLWFLLTVLLGTLLTTLILI	LLLWYLLTVLLGTLLTTLILI	-2.7137	-2.61799	0.240035	0.650378	986.74
LLLWYLLTVLLGTLLTTLILI	LLLYYLLTVLLGTLLTTLILI	-2.89623	-3.01249	0.372136	0.451187	985.783
LLLYYLLTVLLGTLLTTLILI	LLLYYLLTVLLGTLLTYLILI	-3.05634	-1.5906	0.407346	0.413356	984.769
LLLYYLLTVLLGTLLTYLILI	LLLWYLLTVLLGTLLTYLILI	-1.41283	-1.72531	0.591129	0.272043	983.694
LLLWYLLTVLLGTLLTYLILI	LLLWFLLTVLLGTLLTYLILI	-1.04457	-1.55181	0.952787	0.132101	982.555
LLLWFLLTVLLGTLLTYLILI	LLLWYLLTVLLGTLLTYLILI	-1.55181	1.17909	0.132101	0.952787	981.348
LLLWYLLTVLLGTLLTYLILI	LLLWFLLTVLLGTLLTYLILI	1.17909	-0.474438	0.952787	0.132101	980.071
LLLWFLLTVLLGTLLTYLILI	LLLWFLLTTLLGTLLTYLILI	-0.533688	-3.46599	0.0728516	1.27634	978.717
LLLWFLLTTLLGTLLTYLILI	LLLWYLLTTLLGTLLTYLILI	-4.61023	-3.63719	0.132101	0.952787	977.285
LLLWYLLTTLLGTLLTYLILI	LLLWYLLTTLLGTLLTTLILI	-4.33484	-3.89699	0.255144	0.62127	975.768
LLLWYLLTTLLGTLLTTLILI	LLLWYLLTTLLGYLLTTLILI	-3.89699	-3.90236	0.62127	0.255144	974.162
LLLWYLLTTLLGYLLTTLILI	LLLWYLLTTLLGTLLTTLILI	-3.90236	-3.89732	0.255144	0.62127	972.463
LLLWYLLTTLLGTLLTTLILI	LLLWYLLTTLLGFLLTTLILI	-3.25697	-2.14605	1.26162	0.0748068	970.666
LLLWYLLTTLLGFLLTTLILI	LLLYYLLTTLLGFLLTTLILI	-1.84872	-1.63394	0.372136	0.451187	968.764
LLLYYLLTTLLGFLLTTLILI	LLLYWLLTTLLGFLLTTLILI	-1.63394	-1.72751	0.451187	0.372136	966.754
LLLYWLLTTLLGFLLTTLILI	LLLYWLLTTLLGTLLTTLILI	-2.02484	-3.4334	0.0748068	1.26162	964.627
LLLYWLLTTLLGTLLTTLILI	LLLYYLLTTLLGTLLTTLILI	-4.32289	-6.82346	0.372136	0.451187	962.38
LLLYYLLTTLLGTLLTTLILI	LLLYYLLTYLLGTLLTTLILI	-6.7979	-4.88572	0.476739	0.350648	960.005
LLLYYLLTYLLGTLLTTLILI	LLLYYLLTTLLGTLLTTLILI	-4.88572	-6.90225	0.350648	0.476739	957.496
LLLYYLLTTLLGTLLTTLILI	LLLYYLLTFLLGTLLTTLILI	-6.11737	-5.041	1.26162	0.0748068	954.846
LLLYYLLTFLLGTLLTTLILI	LLLYYLLTTLLGTLLTTLILI	-5.041	-5.28171	0.0748068	1.26162	952.048
LLLYYLLTTLLGTLLTTLILI	LLLYYLLTTLLGTLLSTLILI	-5.43247	-4.57905	1.11086	0.0983968	949.095
LLLYYLLTTLLGTLLSTLILI	LLLYYLLTTLLGTLLTTLILI	-4.57905	-5.55517	0.0983968	1.11086	945.979
LLLYYLLTTLLGTLLTTLILI	LLLYFLLTTLLGTLLTTLILI	-5.71325	-5.39324	0.952787	0.132101	942.693
LLLYFLLTTLLGTLLTTLILI	LLLYFLLTTLLGTLLSTLILI	-4.41448	-2.91285	1.11086	0.0983968	939.229
LLLYFLLTTLLGTLLSTLILI	LLLYFLLTTLLGTLLSYLILI	-2.4724	-1.40461	0.538845	0.30482	935.578
LLLYFLLTTLLGTLLSYLILI	LLLYFLLTFLLGTLLSYLILI	-1.01582	1.81436	0.693609	0.219549	931.732
LLLYFLLTFLLGTLLSYLILI	LLLYYLLTFLLGTLLSYLILI	1.76512	-0.0759216	0.170308	0.820686	927.683
LLLYYLLTFLLGTLLSYLILI	LLLYYLLTFLLGFLLSYLILI	-0.357763	2.86088	0.538845	0.30482	923.422
LLLYYLLTFLLGFLLSYLILI	LLLYYLLTTLLGFLLSYLILI	2.86088	2.01379	0.30482	0.538845	918.939
LLLYYLLTTLLGFLLSYLILI	LLLYYLLTFLLGFLLSYLILI	2.01379	2.75522	0.538845	0.30482	914.227
LLLYYLLTFLLGFLLSYLILI	LLLYYLLTFLLGTLLSYLILI	2.75522	1.94856	0.30482	0.538845	909.276
LLLYYLLTFLLGTLLSYLILI	LLLYYLLTFLLGTLLTYLILI	1.56566	-2.5551	0.155943	0.865998	904.077
LLLYYLLTFLLGTLLTYLILI	LLLYYLLTFLLGTLLTWLILI	-2.82997	-3.66144	0.591129	0.272043	898.621
LLLYYLLTFLLGTLLTWLILI	LLLYYLLTFLLGFLLTWLILI	-3.23987	0.901418	0.693609	0.219549	892.899
LLLYYLLTFLLGFLLTWLILI	LLLYYLLTTLLGFLLTWLILI	0.901418	-0.0612007	0.219549	0.693609	886.903
LLLYYLLTTLLGFLLTWLILI	LLLYYLLTTLLGFLLTTLILI	-0.480546	-1.59012	0.274265	0.58734	880.623
LLLYYLLTTLLGFLLTTLILI	LLLYYLLTFLLGFLLTTLILI	-1.36128	-0.388203	0.816184	0.171816	874.051
LLLYYLLTFLLGFLLTTLILI	LLLYYLLTTLLGFLLTTLILI	-0.388203	-2.10484	0.171816	0.816184	867.179
LLLYYLLTTLLGFLLTTLILI	LLLYYLLTTLLGTLLTTLILI	-2.84621	-6.11737	0.0748068	1.26162	859.999
LLLYYLLTTLLGTLLTTLILI	LLLYYLLTFLLGTLLTTLILI	-6.11737	-5.04132	1.26162	0.0748068	852.504
LLLYYLLTFLLGTLLTTLILI	LLLWYLLTFLLGTLLTTLILI	-4.66494	-2.33675	0.451187	0.372136	844.686
LLLWYLLTFLLGTLLTTLILI	LLLYYLLTFLLGTLLTTLILI	-2.33675	-3.94413	0.372136	0.451187	836.541
LLLYYLLTFLLGTLLTTLILI	LLLYYLLTFLLGTLLTWLILI	-3.80798	-3.46952	0.58734	0.274265	828.061
LLLYYLLTFLLGTLLTWLILI	LLLYYLLTTLLGTLLTWLILI	-3.65167	-5.01171	0.0921195	1.14683	819.243
LLLYYLLTTLLGTLLTWLILI	LLLWYLLTTLLGTLLTWLILI	-5.89097	-3.71447	0.267575	0.598868	810.083
LLLWYLLTTLLGTLLTWLILI	LLLYYLLTTLLGTLLTWLILI	-3.71447	-4.97863	0.598868	0.267575	800.577
LLLYYLLTTLLGTLLTWLILI	LLLWYLLTTLLGTLLTWLILI	-4.97863	-5.41974	0.267575	0.598868	790.724
LLLWYLLTTLLGTLLTWLILI	LLLYYLLTTLLGTLLTWLILI	-5.41974	-5.20439	0.598868	0.267575	780.523
LLLYYLLTTLLGTLLTWLILI	LLLYFLLTTLLGTLLTWLILI	-4.51918	-4.23019	0.952787	0.132101	769.974
LLLYFLLTTLLGTLLTWLILI	LLLYYLLTTLLGTLLTWLILI	-4.23019	-5.26348	0.132101	0.952787	759.081
LLLYYLLTTLLGTLLTWLILI	LLLYYLLTFLLGTLLTWLILI	-5.06944	-3.04296	1.14683	0.0921195	747.845
LLLYYLLTFLLGTLLTWLILI	LLLYFLLTFLLGTLLTWLILI	-2.4847	-1.89625	0.650378	0.240035	736.272
LLLYFLLTFLLGTLLTWLILI	LLLYFLLTFLLGTLLTYLILI	-1.76415	-2.41566	0.372136	0.451187	724.369
LLLYFLLTFLLGTLLTYLILI	LLLWFLLTFLLGTLLTYLILI	-2.41566	-0.414778	0.451187	0.372136	712.142
LLLWFLLTFLLGTLLTYLILI	LLLWYLLTFLLGTLLTYLILI	-0.546879	-0.616062	0.240035	0.650378	699.602
LLLWYLLTFLLGTLLTYLILI	LLLWYLLTTLLGTLLTYLILI	-1.17432	-3.44315	0.0921195	1.14683	686.76
LLLWYLLTTLLGTLLTYLILI	LLLWYLLTTLLGTLLTTLILI	-4.33484	-5.25208	0.255144	0.62127	673.628
LLLWYLLTTLLGTLLTTLILI	LLLWYLLTTLLGTLLTWLILI	-5.44534	-5.62542	0.428016	0.393183	660.222
LLLWYLLTTLLGTLLTWLILI	LLLWYLLTTLLGTLLTTLILI	-5.62542	-5.44566	0.393183	0.428016	646.557
LLLWYLLTTLLGTLLTTLILI	LLLWFLLTTLLGTLLTTLILI	-5.2233	-6.8614	0.650378	0.240035	632.651
LLLWFLLTTLLGTLLTTLILI	LLLYFLLTTLLGTLLTTLILI	-6.50257	-5.25776	0.598868	0.267575	618.524
LLLYFLLTTLLGTLLTTLILI	LLLWFLLTTLLGTLLTTLILI	-5.25776	-6.5029	0.267575	0.598868	604.196
LLLWFLLTTLLGTLLTTLILI	LLLYFLLTTLLGTLLTTLILI	-6.5029	-5.25744	0.598868	0.267575	575.025
LLLYFLLTTLLGTLLTTLILI	LLLWFLLTTLLGTLLTTLILI	-5.25744	-6.50257	0.267575	0.598868	560.23
LLLWFLLTTLLGTLLTTLILI	LLLWYLLTTLLGTLLTTLILI	-6.8614	-6.53127	0.240035	0.650378	545.329
LLLWYLLTTLLGTLLTTLILI	LLLWFLLTTLLGTLLTTLILI	-6.53127	-6.86173	0.650378	0.240035	530.348
LLLWFLLTTLLGTLLTTLILI	LLLWYLLTTLLGTLLTTLILI	-6.86173	-6.53127	0.240035	0.650378	396.304
LLLWYLLTTLLGTLLTTLILI	LLLWYLLTTLLGTLLLTLILI	-5.88139	-3.79835	1.30026	0.0697899	367.849
LLLWYLLTTLLGTLLLTLILI	LLLWFLLTTLLGTLLLTLILI	-3.21776	-3.54821	0.650378	0.240035	353.943
LLLWFLLTTLLGTLLLTLILI	LLLWFLLTTLLGTLLTTLILI	-3.71846	-5.80151	0.0697899	1.30026	326.872
LLLWFLLTTLLGTLLTTLILI	LLLWFLLTTLLGTLLTYLILI	-6.18408	-5.67817	0.917682	0.141213	313.74
LLLWFLLTTLLGTLLTYLILI	LLLWFLLTTLLGTLLTTLILI	-5.67817	-6.18408	0.141213	0.917682	300.898
LLLWFLLTTLLGTLLTTLILI	LLLWFLLTTLLGTLLTYLILI	-6.18408	-5.67817	0.917682	0.141213	288.358
LLLWFLLTTLLGTLLTYLILI	LLLWFLLTTLLGTLLTTLILI	-5.67817	-6.18408	0.141213	0.917682	252.655
LLLWFLLTTLLGTLLTTLILI	LLLWYLLTTLLGTLLTTLILI	-6.86173	-6.53127	0.240035	0.650378	230.526
LLLWYLLTTLLGTLLTTLILI	LLLYYLLTTLLGTLLTTLILI	-6.80952	-6.74002	0.372136	0.451187	219.977
LLLYYLLTTLLGTLLTTLILI	LLLWYLLTTLLGTLLTTLILI	-6.74002	-6.80919	0.451187	0.372136	147.996
LLLWYLLTTLLGTLLTTLILI	LLLWFLLTTLLGTLLTTLILI	-6.53095	-6.86173	0.650378	0.240035	140.501
LLLWFLLTTLLGTLLTTLILI	LLLWTLLTTLLGTLLTTLILI	-7.03879	-7.21702	0.0629772	1.35772	15.7315
Time: 492s
