***STARTING GEOMETRY:***
xShift: 8.70835
crossingAngle: 27.1485
axialRotation: 75.6751
zShift: 4.14386

Number of MCCycles: 100
PrevSequence	CurrSequence	PrevEnergy	CurrEnergy	PrevEntropy	CurrEntropy	CurrentTemp
LLLYVLLGLLGTLTGLLLILI	LLLYVLLGLLTTLTGLLLILI	4.27476	1.48519	0.34018	0.489954	999.684
LLLYVLLGLLTTLTGLLLILI	LLLYVLLGLLTFLTGLLLILI	1.99954	1.4303	1.0043	0.119894	998.928
LLLYVLLGLLTFLTGLLLILI	LLLFVLLGLLTFLTGLLLILI	1.72075	3.54286	0.410343	0.410343	997.967
LLLFVLLGLLTFLTGLLLILI	LLLFVLLGLLTTLTGLLLILI	3.35207	3.50427	0.219549	0.693609	997.394
LLLFVLLGLLTTLTGLLLILI	LLLFVLLGLLTTLTALLLILI	3.683	6.64042	0.872342	0.154044	996.749
LLLFVLLGLLTTLTALLLILI	LLLFVLLGLLTYLTALLLILI	7.17999	6.75195	0.693609	0.219549	996.023
LLLFVLLGLLTYLTALLLILI	LLLFVLLGLLWYLTALLLILI	6.89611	7.45641	0.363705	0.460972	995.205
LLLFVLLGLLWYLTALLLILI	LLLFVLLGLLWYLTGLLLILI	7.14949	3.7089	0.154044	0.872342	994.285
LLLFVLLGLLWYLTGLLLILI	LLLYVLLGLLWYLTGLLLILI	2.96866	1.74509	0.132101	0.952787	993.249
LLLYVLLGLLWYLTGLLLILI	LLLYVLLGLLWFLTGLLLILI	1.74509	0.675217	0.952787	0.132101	992.084
LLLYVLLGLLWFLTGLLLILI	LLLLVLLGLLWFLTGLLLILI	1.07006	3.06902	0.526939	0.312976	990.773
LLLLVLLGLLWFLTGLLLILI	LLLLVLLGLLWYLTGLLLILI	2.99608	3.75932	0.240035	0.650378	989.3
LLLLVLLGLLWYLTGLLLILI	LLLLVLLGLLWFLTGLLLILI	3.75932	2.99608	0.650378	0.240035	987.644
LLLLVLLGLLWFLTGLLLILI	LLLYVLLGLLWFLTGLLLILI	3.06902	1.07006	0.312976	0.526939	985.783
LLLYVLLGLLWFLTGLLLILI	LLLYVLLGLLTFLTGLLLILI	1.00409	1.67411	0.460972	0.363705	981.348
LLLYVLLGLLTFLTGLLLILI	LLLYVLLGLLTTLTGLLLILI	1.4303	1.99954	0.119894	1.0043	978.717
LLLYVLLGLLTTLTGLLLILI	LLLYVLLGLLTFLTGLLLILI	1.99954	1.4303	1.0043	0.119894	975.768
LLLYVLLGLLTFLTGLLLILI	LLLYVLLGLLTTLTGLLLILI	1.4303	1.99954	0.119894	1.0043	972.463
LLLYVLLGLLTTLTGLLLILI	LLLYVLLGLLTFLTGLLLILI	1.99954	1.4303	1.0043	0.119894	964.627
LLLYVLLGLLTFLTGLLLILI	LLLYVLLGLLTTLTGLLLILI	1.4303	1.99954	0.119894	1.0043	960.005
LLLYVLLGLLTTLTGLLLILI	LLLYVLLGLLTFLTGLLLILI	1.99954	1.4303	1.0043	0.119894	954.846
LLLYVLLGLLTFLTGLLLILI	LLLYVLLGLLTTLTGLLLILI	1.4303	1.99954	0.119894	1.0043	949.095
LLLYVLLGLLTTLTGLLLILI	LLLYVLLGLLTFLTGLLLILI	1.99954	1.4303	1.0043	0.119894	942.693
LLLYVLLGLLTFLTGLLLILI	LLLFVLLGLLTFLTGLLLILI	1.72075	3.54286	0.410343	0.410343	935.578
LLLFVLLGLLTFLTGLLLILI	LLLFVLLGLLTFLTALLLILI	4.00486	6.92736	0.872342	0.154044	927.683
LLLFVLLGLLTFLTALLLILI	LLLFVLLGLLTYLTALLLILI	7.18366	6.94275	0.410343	0.410343	918.939
LLLFVLLGLLTYLTALLLILI	LLLFVLLGLLWYLTALLLILI	6.89611	7.5066	0.363705	0.460972	909.276
LLLFVLLGLLWYLTALLLILI	LLLFVLLGLLWFLTALLLILI	7.45597	7.58981	0.410343	0.410343	898.621
LLLFVLLGLLWFLTALLLILI	LLLFVLLGLLTFLTALLLILI	7.64044	7.13702	0.460972	0.363705	886.903
LLLFVLLGLLTFLTALLLILI	LLLFVLLGLLTFLTGLLLILI	6.92736	4.00486	0.154044	0.872342	874.051
LLLFVLLGLLTFLTGLLLILI	LLLFVLLGLLWFLTGLLLILI	3.49622	3.04849	0.363705	0.460972	859.999
LLLFVLLGLLWFLTGLLLILI	LLLYVLLGLLWFLTGLLLILI	2.99786	1.3265	0.410343	0.410343	844.686
LLLYVLLGLLWFLTGLLLILI	LLLYWLLGLLWFLTGLLLILI	0.978535	2.76837	0.0623734	1.36313	828.061
LLLYWLLGLLWFLTGLLLILI	LLLYVLLGLLWFLTGLLLILI	2.76837	0.605489	1.36313	0.0623734	790.724
LLLYVLLGLLWFLTGLLLILI	LLLYVLLGLLWFLVGLLLILI	0.939849	4.52779	0.396733	0.424273	769.974
LLLYVLLGLLWFLVGLLLILI	LLLFVLLGLLWFLVGLLLILI	4.51386	6.45145	0.410343	0.410343	747.845
LLLFVLLGLLWFLVGLLLILI	LLLYVLLGLLWFLVGLLLILI	6.45145	4.6207	0.410343	0.410343	724.369
LLLYVLLGLLWFLVGLLLILI	LLLYVLLGLLTFLVGLLLILI	4.92733	4.90821	0.716965	0.209355	699.602
LLLYVLLGLLTFLVGLLLILI	LLLYVLLGLLWFLVGLLLILI	4.90821	5.22347	0.209355	0.716965	673.628
LLLYVLLGLLWFLVGLLLILI	LLLYVLLGLLWYLVGLLLILI	4.6386	5.25651	0.132101	0.952787	646.557
LLLYVLLGLLWYLVGLLLILI	LLLYVLLGLLTYLVGLLLILI	5.02069	4.88602	0.716965	0.209355	618.524
LLLYVLLGLLTYLVGLLLILI	LLLYVLLGLLWYLVGLLLILI	4.88602	5.02069	0.209355	0.716965	589.688
LLLYVLLGLLWYLVGLLLILI	LLLYVLLGLLWYLTGLLLILI	4.728	1.54625	0.424273	0.396733	560.23
LLLYVLLGLLWYLTGLLLILI	LLLYVLLGLLTYLTGLLLILI	1.61049	1.63575	0.460972	0.363705	530.348
LLLYVLLGLLTYLTGLLLILI	LLLFVLLGLLTYLTGLLLILI	2.22483	3.22611	0.952787	0.132101	500.25
LLLFVLLGLLTYLTGLLLILI	LLLFVLLGLLWYLTGLLLILI	3.45771	3.39948	0.363705	0.460972	470.152
LLLFVLLGLLWYLTGLLLILI	LLLFVLLGLLTYLTGLLLILI	3.39948	3.45771	0.460972	0.363705	440.27
LLLFVLLGLLTYLTGLLLILI	LLLYVLLGLLTYLTGLLLILI	3.22611	2.22483	0.132101	0.952787	410.812
LLLYVLLGLLTYLTGLLLILI	LLLYVLLGLLWYLTGLLLILI	1.63575	1.55307	0.363705	0.460972	381.976
LLLYVLLGLLWYLTGLLLILI	LLLYVLLGLLWFLTGLLLILI	2.04489	0.791107	0.952787	0.132101	353.943
LLLYVLLGLLWFLTGLLLILI	LLLYVLLGLLTFLTGLLLILI	1.11998	1.67411	0.460972	0.363705	326.872
LLLYVLLGLLTFLTGLLLILI	LLLYVLLGLLTTLTGLLLILI	1.4303	1.99954	0.119894	1.0043	300.898
LLLYVLLGLLTTLTGLLLILI	LLLYVLLGLLYTLTGLLLILI	1.4383	2.7104	0.443059	0.379341	252.655
LLLYVLLGLLYTLTGLLLILI	LLLYVLLGLLYFLTGLLLILI	3.14725	1.93671	0.816184	0.171816	230.526
LLLYVLLGLLYFLTGLLLILI	LLLYVLLGLLWFLTGLLLILI	2.21608	0.915252	0.451187	0.372136	190.417
LLLYVLLGLLWFLTGLLLILI	LLLYVLLGLLTFLTGLLLILI	1.00409	1.67411	0.460972	0.363705	172.439
LLLYVLLGLLTFLTGLLLILI	LLLYVLLGLLTTLTGLLLILI	1.4303	1.99954	0.119894	1.0043	126.449
LLLYVLLGLLTTLTGLLLILI	LLLYVLLGLLTFLTGLLLILI	1.99954	1.4303	1.0043	0.119894	113.597
LLLYVLLGLLTFLTGLLLILI	LLLYVLLGLLWFLTGLLLILI	1.67411	1.00409	0.363705	0.460972	101.879
Time: 140s
