***STARTING GEOMETRY:***
xShift: 8.67597
crossingAngle: 26.19
axialRotation: 75.6518
zShift: 4.2

Number of MCCycles: 100
PrevSequence	CurrSequence	PrevEnergy	CurrEnergy	PrevEntropy	CurrEntropy	CurrentTemp
LLLYVLLGLLGTLTGLLLILI	LLLYVLLGLLTTLTGLLLILI	5.31762	1.78278	0.34018	0.489954	999.684
LLLYVLLGLLTTLTGLLLILI	LLLYVLLGLLTFLTGLLLILI	2.29713	2.19429	1.0043	0.119894	999.328
LLLYVLLGLLTFLTGLLLILI	LLLYVLLGLLTTLTGLLLILI	2.19429	2.29713	0.119894	1.0043	998.928
LLLYVLLGLLTTLTGLLLILI	LLLYVLLGLLTFLTGLLLILI	2.29713	2.19429	1.0043	0.119894	998.476
LLLYVLLGLLTFLTGLLLILI	LLLYVLLGLLTTLTGLLLILI	2.19429	2.29713	0.119894	1.0043	997.967
LLLYVLLGLLTTLTGLLLILI	LLLYVLLGLLTFLTGLLLILI	2.29713	2.19429	1.0043	0.119894	997.394
LLLYVLLGLLTFLTGLLLILI	LLLYVLLGLLTTLTGLLLILI	2.19429	2.29713	0.119894	1.0043	996.749
LLLYVLLGLLTTLTGLLLILI	LLLYVLLGLLTFLTGLLLILI	2.29713	2.19429	1.0043	0.119894	996.023
LLLYVLLGLLTFLTGLLLILI	LLLYVLLGLLTTLTGLLLILI	2.19429	2.29713	0.119894	1.0043	995.205
LLLYVLLGLLTTLTGLLLILI	LLLYVLLGLLYTLTGLLLILI	1.73589	3.49728	0.443059	0.379341	994.285
LLLYVLLGLLYTLTGLLLILI	LLLYVLLGLLTTLTGLLLILI	3.49728	1.73589	0.379341	0.443059	993.249
LLLYVLLGLLTTLTGLLLILI	LLLYVLLGLLTTLVGLLLILI	2.09298	4.78688	0.800152	0.177314	992.084
LLLYVLLGLLTTLVGLLLILI	LLLYVLLGLLYTLVGLLLILI	4.93829	7.13163	0.328724	0.505042	990.773
LLLYVLLGLLYTLVGLLLILI	LLLYWLLGLLYTLVGLLLILI	6.84428	8.75856	0.217693	0.697764	989.3
LLLYWLLGLLYTLVGLLLILI	LLLYWLLGLLTTLVGLLLILI	8.56584	7.16794	0.505042	0.328724	987.644
LLLYWLLGLLTTLVGLLLILI	LLLYVLLGLLTTLVGLLLILI	7.53698	4.82726	0.697764	0.217693	985.783
LLLYVLLGLLTTLVGLLLILI	LLLYVLLGLLTFLVGLLLILI	5.42575	5.63433	0.816184	0.171816	983.694
LLLYVLLGLLTFLVGLLLILI	LLLYVLLGLLWFLVGLLLILI	5.67187	5.46608	0.209355	0.716965	981.348
LLLYVLLGLLWFLVGLLLILI	LLLYVLLGLLWFLTGLLLILI	5.17339	1.80864	0.424273	0.396733	978.717
LLLYVLLGLLWFLTGLLLILI	LLLYVLLGLLWYLTGLLLILI	1.544	2.47082	0.132101	0.952787	975.768
LLLYVLLGLLWYLTGLLLILI	LLLYVLLGLLTYLTGLLLILI	1.97901	2.37816	0.460972	0.363705	972.463
LLLYVLLGLLTYLTGLLLILI	LLLYVLLGLLTTLTGLLLILI	2.3938	1.73589	0.379341	0.443059	968.764
LLLYVLLGLLTTLTGLLLILI	LLLYVLLGLLTFLTGLLLILI	2.29713	2.19429	1.0043	0.119894	964.627
LLLYVLLGLLTFLTGLLLILI	LLLYVLLGLLWFLTGLLLILI	2.4381	1.75687	0.363705	0.460972	960.005
LLLYVLLGLLWFLTGLLLILI	LLLYVLLGLLTFLTGLLLILI	1.75687	2.4381	0.460972	0.363705	954.846
LLLYVLLGLLTFLTGLLLILI	LLLFVLLGLLTFLTGLLLILI	2.48474	4.21229	0.410343	0.410343	942.693
LLLFVLLGLLTFLTGLLLILI	LLLYVLLGLLTFLTGLLLILI	4.21229	2.48474	0.410343	0.410343	935.578
LLLYVLLGLLTFLTGLLLILI	LLLFVLLGLLTFLTGLLLILI	2.48474	4.21229	0.410343	0.410343	927.683
LLLFVLLGLLTFLTGLLLILI	LLLFVLLGLLTTLTGLLLILI	4.0215	3.70729	0.219549	0.693609	918.939
LLLFVLLGLLTTLTGLLLILI	LLLFVLLGLLYTLTGLLLILI	3.70729	5.09023	0.693609	0.219549	909.276
LLLFVLLGLLYTLTGLLLILI	LLLFVLLGLLYFLTGLLLILI	5.40953	4.59481	0.538845	0.30482	898.621
LLLFVLLGLLYFLTGLLLILI	LLLFVLLGLLYFLVGLLLILI	4.68673	8.29434	0.396733	0.424273	886.903
LLLFVLLGLLYFLVGLLLILI	LLLFVLLGLLYFLTGLLLILI	8.29434	4.68673	0.424273	0.396733	874.051
LLLFVLLGLLYFLTGLLLILI	LLLFVLLGLLYFLVGLLLILI	4.68673	8.29434	0.396733	0.424273	859.999
LLLFVLLGLLYFLVGLLLILI	LLLFVLLGLLYYLVGLLLILI	8.1101	8.48529	0.240035	0.650378	844.686
LLLFVLLGLLYYLVGLLLILI	LLLFVLLGLLYFLVGLLLILI	8.48529	8.1101	0.650378	0.240035	828.061
LLLFVLLGLLYFLVGLLLILI	LLLFVLLGLLYFLTGLLLILI	8.29434	4.68673	0.424273	0.396733	810.083
LLLFVLLGLLYFLTGLLLILI	LLLFVLLGLLYFLVGLLLILI	4.68673	8.29434	0.396733	0.424273	790.724
LLLFVLLGLLYFLVGLLLILI	LLLYVLLGLLYFLVGLLLILI	8.1101	6.76096	0.240035	0.650378	769.974
LLLYVLLGLLYFLVGLLLILI	LLLYVLLGLLYFLTGLLLILI	6.53486	2.92729	0.424273	0.396733	747.845
LLLYVLLGLLYFLTGLLLILI	LLLYVLLGLLYFLTALLLILI	3.4029	6.2047	0.872342	0.154044	724.369
LLLYVLLGLLYFLTALLLILI	LLLYWLLGLLYFLTALLLILI	6.16945	8.66511	0.118797	1.00921	699.602
LLLYWLLGLLYFLTALLLILI	LLLWWLLGLLYFLTALLLILI	7.92347	8.584	0.267575	0.598868	673.628
LLLWWLLGLLYFLTALLLILI	LLLWYLLGLLYFLTALLLILI	8.584	8.39562	0.598868	0.267575	646.557
LLLWYLLGLLYFLTALLLILI	LLLWWLLGLLYFLTALLLILI	8.39562	8.584	0.267575	0.598868	618.524
LLLWWLLGLLYFLTALLLILI	LLLYWLLGLLYFLTALLLILI	8.584	7.92347	0.598868	0.267575	589.688
LLLYWLLGLLYFLTALLLILI	LLLYWLLGLLWFLTALLLILI	7.92347	7.48062	0.267575	0.598868	560.23
LLLYWLLGLLWFLTALLLILI	LLLYWLLGLLWFLTGLLLILI	7.0358	3.1309	0.154044	0.872342	530.348
LLLYWLLGLLWFLTGLLLILI	LLLYVLLGLLWFLTGLLLILI	3.62168	1.35828	1.36313	0.0623734	500.25
LLLYVLLGLLWFLTGLLLILI	LLLYVLLGLLTFLTGLLLILI	1.75687	2.4381	0.460972	0.363705	470.152
LLLYVLLGLLTFLTGLLLILI	LLLYVLLGLLTTLTGLLLILI	2.19429	2.29713	0.119894	1.0043	440.27
LLLYVLLGLLTTLTGLLLILI	LLLFVLLGLLTTLTGLLLILI	1.94321	3.25372	0.650378	0.240035	410.812
LLLFVLLGLLTTLTGLLLILI	LLLYVLLGLLTTLTGLLLILI	3.25372	1.94321	0.240035	0.650378	381.976
LLLYVLLGLLTTLTGLLLILI	LLLFVLLGLLTTLTGLLLILI	1.94321	3.25372	0.650378	0.240035	353.943
LLLFVLLGLLTTLTGLLLILI	LLLYVLLGLLTTLTGLLLILI	3.25372	1.94321	0.240035	0.650378	326.872
LLLYVLLGLLTTLTGLLLILI	LLLYVLLGLLTFLTGLLLILI	2.29713	2.19429	1.0043	0.119894	300.898
LLLYVLLGLLTFLTGLLLILI	LLLYVLLGLLWFLTGLLLILI	2.4381	1.87287	0.363705	0.460972	276.131
LLLYVLLGLLWFLTGLLLILI	LLLYVLLGLLWYLTGLLLILI	1.544	2.47082	0.132101	0.952787	190.417
LLLYVLLGLLWYLTGLLLILI	LLLYVLLGLLWFLTGLLLILI	2.47082	1.544	0.952787	0.132101	172.439
LLLYVLLGLLWFLTGLLLILI	LLLYVLLGLLTFLTGLLLILI	1.87287	2.4381	0.460972	0.363705	113.597
LLLYVLLGLLTFLTGLLLILI	LLLYVLLGLLTTLTGLLLILI	2.19429	2.29713	0.119894	1.0043	101.879
LLLYVLLGLLTTLTGLLLILI	LLLYVLLGLLTFLTGLLLILI	2.29713	2.19429	1.0043	0.119894	81.5606
LLLYVLLGLLTFLTGLLLILI	LLLYVLLGLLWFLTGLLLILI	2.4381	2.14199	0.363705	0.460972	72.8169
Time: 126s
