***STARTING GEOMETRY:***
xShift: 8.2
crossingAngle: 31
axialRotation: 75.6518
zShift: 2.2

Number of MCCycles: 100
PrevSequence	CurrSequence	PrevEnergy	CurrEnergy	PrevEntropy	CurrEntropy	CurrentTemp
LLLYTLLGLLGTLTGLLLILI	LLLFTLLGLLGTLTGLLLILI	-7.27652	-6.23404	0.650378	0.240035	999.684
LLLFTLLGLLGTLTGLLLILI	LLLYTLLGLLGTLTGLLLILI	-6.23404	-7.27652	0.240035	0.650378	999.328
LLLYTLLGLLGTLTGLLLILI	LLLFTLLGLLGTLTGLLLILI	-7.27652	-6.23404	0.650378	0.240035	998.928
LLLFTLLGLLGTLTGLLLILI	LLLFTLLGLLGTLVGLLLILI	-5.34562	-3.23351	1.12845	0.0952708	998.476
LLLFTLLGLLGTLVGLLLILI	LLLFTLLGLLGTLTGLLLILI	-3.23351	-5.34562	0.0952708	1.12845	997.967
LLLFTLLGLLGTLTGLLLILI	LLLFTLLGLLFTLTGLLLILI	-5.87965	-1.27526	0.594419	0.270132	997.394
LLLFTLLGLLFTLTGLLLILI	LLLFTLLGLLFYLTGLLLILI	-0.851785	-6.4227	0.693609	0.219549	996.749
LLLFTLLGLLFYLTGLLLILI	LLLFTLLGLLYYLTGLLLILI	-6.40222	-7.89062	0.240035	0.650378	996.023
LLLFTLLGLLYYLTGLLLILI	LLLYTLLGLLYYLTGLLLILI	-8.44974	-8.6653	0.0912572	1.15198	995.205
LLLYTLLGLLYYLTGLLLILI	LLLFTLLGLLYYLTGLLLILI	-8.6653	-8.44974	1.15198	0.0912572	994.285
LLLFTLLGLLYYLTGLLLILI	LLLFTLLGLLYWLTGLLLILI	-8.08981	-8.25465	0.451187	0.372136	993.249
LLLFTLLGLLYWLTGLLLILI	LLLYTLLGLLYWLTGLLLILI	-8.49469	-9.14813	0.132101	0.952787	992.084
LLLYTLLGLLYWLTGLLLILI	LLLFTLLGLLYWLTGLLLILI	-9.14813	-8.49722	0.952787	0.132101	990.773
LLLFTLLGLLYWLTGLLLILI	LLLFTLLGLLYFLTGLLLILI	-8.03045	-5.81489	0.598868	0.267575	989.3
LLLFTLLGLLYFLTGLLLILI	LLLFTLLGLLYWLTGLLLILI	-5.81489	-8.02792	0.267575	0.598868	987.644
LLLFTLLGLLYWLTGLLLILI	LLLFTLLGLLYYLTGLLLILI	-8.25465	-8.08981	0.372136	0.451187	985.783
LLLFTLLGLLYYLTGLLLILI	LLLYTLLGLLYYLTGLLLILI	-8.44974	-8.86751	0.0912572	1.15198	981.348
LLLYTLLGLLYYLTGLLLILI	LLLYTLLGLLYWLTGLLLILI	-9.42836	-9.62666	0.591129	0.272043	978.717
LLLYTLLGLLYWLTGLLLILI	LLLYTLLGLLYYLTGLLLILI	-9.62666	-9.42836	0.272043	0.591129	972.463
LLLYTLLGLLYYLTGLLLILI	LLLYTLLGLLYWLTGLLLILI	-9.42836	-9.62666	0.591129	0.272043	964.627
LLLYTLLGLLYWLTGLLLILI	LLLYTLLGLLYYLTGLLLILI	-9.62666	-9.42836	0.272043	0.591129	960.005
LLLYTLLGLLYYLTGLLLILI	LLLYTLLGLLYWLTGLLLILI	-9.42836	-9.82888	0.591129	0.272043	954.846
LLLYTLLGLLYWLTGLLLILI	LLLYTLLGLLYYLTGLLLILI	-9.82888	-9.42836	0.272043	0.591129	949.095
LLLYTLLGLLYYLTGLLLILI	LLLYTLLGLLYYLVGLLLILI	-9.08863	-6.37272	0.930859	0.137712	942.693
LLLYTLLGLLYYLVGLLLILI	LLLFTLLGLLYYLVGLLLILI	-5.35845	-4.9381	1.15198	0.0912572	935.578
LLLFTLLGLLYYLVGLLLILI	LLLFTLLGLLYWLVGLLLILI	-4.57817	-4.5263	0.451187	0.372136	927.683
LLLFTLLGLLYWLVGLLLILI	LLLFTLLGLLYYLVGLLLILI	-4.5263	-4.5807	0.372136	0.451187	918.939
LLLFTLLGLLYYLVGLLLILI	LLLYTLLGLLYYLVGLLLILI	-4.94063	-5.15624	0.0912572	1.15198	909.276
LLLYTLLGLLYYLVGLLLILI	LLLFTLLGLLYYLVGLLLILI	-5.15624	-4.9381	1.15198	0.0912572	898.621
LLLFTLLGLLYYLVGLLLILI	LLLFYLLGLLYYLVGLLLILI	-4.89846	-1.90538	0.130904	0.9576	886.903
LLLFYLLGLLYYLVGLLLILI	LLLFTLLGLLYYLVGLLLILI	-1.90538	-4.89846	0.9576	0.130904	874.051
LLLFTLLGLLYYLVGLLLILI	LLLFTLLGLLYYLTGLLLILI	-4.89165	-7.61014	0.137712	0.930859	859.999
LLLFTLLGLLYYLTGLLLILI	LLLFTLLGLLFYLTGLLLILI	-7.89062	-6.40222	0.650378	0.240035	844.686
LLLFTLLGLLFYLTGLLLILI	LLLFTLLGLLYYLTGLLLILI	-6.40222	-7.89062	0.240035	0.650378	828.061
LLLFTLLGLLYYLTGLLLILI	LLLFTLLGLLYWLTGLLLILI	-8.08981	-8.25718	0.451187	0.372136	810.083
LLLFTLLGLLYWLTGLLLILI	LLLYTLLGLLYWLTGLLLILI	-8.49722	-8.94592	0.132101	0.952787	790.724
LLLYTLLGLLYWLTGLLLILI	LLLYTLLGLLYYLTGLLLILI	-9.62666	-9.42836	0.272043	0.591129	769.974
LLLYTLLGLLYYLTGLLLILI	LLLFTLLGLLYYLTGLLLILI	-8.86751	-8.24478	1.15198	0.0912572	747.845
LLLFTLLGLLYYLTGLLLILI	LLLFTLLGLLYWLTGLLLILI	-7.88485	-8.25465	0.451187	0.372136	724.369
LLLFTLLGLLYWLTGLLLILI	LLLYTLLGLLYWLTGLLLILI	-8.49469	-9.14536	0.132101	0.952787	699.602
LLLYTLLGLLYWLTGLLLILI	LLLFTLLGLLYWLTGLLLILI	-9.14536	-8.49722	0.952787	0.132101	673.628
LLLFTLLGLLYWLTGLLLILI	LLLYTLLGLLYWLTGLLLILI	-8.49722	-9.14813	0.132101	0.952787	646.557
LLLYTLLGLLYWLTGLLLILI	LLLYTLLGLLYYLTGLLLILI	-9.82888	-9.42836	0.272043	0.591129	589.688
LLLYTLLGLLYYLTGLLLILI	LLLFTLLGLLYYLTGLLLILI	-8.86751	-8.44721	1.15198	0.0912572	560.23
LLLFTLLGLLYYLTGLLLILI	LLLFTLLGLLYWLTGLLLILI	-8.08728	-8.05222	0.451187	0.372136	530.348
LLLFTLLGLLYWLTGLLLILI	LLLFTLLGLLYYLTGLLLILI	-8.05222	-8.08728	0.372136	0.451187	500.25
LLLFTLLGLLYYLTGLLLILI	LLLFTLLGLLYWLTGLLLILI	-8.08728	-8.05222	0.451187	0.372136	470.152
LLLFTLLGLLYWLTGLLLILI	LLLYTLLGLLYWLTGLLLILI	-8.29226	-8.94057	0.132101	0.952787	353.943
LLLYTLLGLLYWLTGLLLILI	LLLYTLLGLLYYLTGLLLILI	-9.62132	-9.42836	0.272043	0.591129	326.872
LLLYTLLGLLYYLTGLLLILI	LLLYTLLGLLYWLTGLLLILI	-9.42836	-9.62666	0.591129	0.272043	300.898
LLLYTLLGLLYWLTGLLLILI	LLLYTLLGLLYYLTGLLLILI	-9.62666	-9.42836	0.272043	0.591129	276.131
LLLYTLLGLLYYLTGLLLILI	LLLYTLLGLLFYLTGLLLILI	-8.86751	-8.02703	1.15198	0.0912572	230.526
LLLYTLLGLLFYLTGLLLILI	LLLYTLLGLLYYLTGLLLILI	-8.02703	-8.86474	0.0912572	1.15198	172.439
LLLYTLLGLLYYLTGLLLILI	LLLFTLLGLLYYLTGLLLILI	-8.86474	-8.44974	1.15198	0.0912572	155.814
LLLFTLLGLLYYLTGLLLILI	LLLFTLLGLLYWLTGLLLILI	-8.08981	-8.25718	0.451187	0.372136	140.501
LLLFTLLGLLYWLTGLLLILI	LLLYTLLGLLYWLTGLLLILI	-8.49722	-9.14536	0.132101	0.952787	126.449
Time: 269s
