***STARTING GEOMETRY:***
xShift: 8.25555
crossingAngle: 31.2907
axialRotation: 75.4148
zShift: 2.27948

Number of MCCycles: 100
PrevSequence	CurrSequence	PrevEnergy	CurrEnergy	PrevEntropy	CurrEntropy	CurrentTemp
LLLYTLLGLLGTLTGLLLILI	LLLYTLLGLLGVLTGLLLILI	-7.04426	-4.7457	1.12845	0.0952708	999.684
LLLYTLLGLLGVLTGLLLILI	LLLYTLLGLLGTLTGLLLILI	-4.7457	-7.04426	0.0952708	1.12845	999.328
LLLYTLLGLLGTLTGLLLILI	LLLYTLLGLLFTLTGLLLILI	-7.28774	-3.9162	0.884972	0.150342	998.928
LLLYTLLGLLFTLTGLLLILI	LLLYTLLGLLFTLVGLLLILI	-2.93809	-0.45328	1.12845	0.0952708	998.476
LLLYTLLGLLFTLVGLLLILI	LLLYYLLGLLFTLVGLLLILI	-0.219826	2.1949	0.328724	0.505042	997.967
LLLYYLLGLLFTLVGLLLILI	LLLYTLLGLLFTLVGLLLILI	2.1949	-0.219826	0.505042	0.328724	997.394
LLLYTLLGLLFTLVGLLLILI	LLLYYLLGLLFTLVGLLLILI	-0.219826	2.21086	0.328724	0.505042	996.749
LLLYYLLGLLFTLVGLLLILI	LLLWYLLGLLFTLVGLLLILI	2.157	2.38382	0.451187	0.372136	996.023
LLLWYLLGLLFTLVGLLLILI	LLLWTLLGLLFTLVGLLLILI	2.3165	3.10261	0.30482	0.538845	995.205
LLLWTLLGLLFTLVGLLLILI	LLLYTLLGLLFTLVGLLLILI	3.16264	-0.0840413	0.598868	0.267575	994.285
LLLYTLLGLLFTLVGLLLILI	LLLYTLLGLLFTLTGLLLILI	-0.256346	-2.9363	0.0952708	1.12845	993.249
LLLYTLLGLLFTLTGLLLILI	LLLYTLLGLLFYLTGLLLILI	-3.6217	-8.49193	0.443059	0.379341	992.084
LLLYTLLGLLFYLTGLLLILI	LLLYTLLGLLYYLTGLLLILI	-8.78001	-9.6338	0.0912572	1.15198	990.773
LLLYTLLGLLYYLTGLLLILI	LLLFTLLGLLYYLTGLLLILI	-9.6338	-9.29291	1.15198	0.0912572	989.3
LLLFTLLGLLYYLTGLLLILI	LLLFYLLGLLYYLTGLLLILI	-9.14613	-6.64868	0.238039	0.654392	987.644
LLLFYLLGLLYYLTGLLLILI	LLLFTLLGLLYYLTGLLLILI	-6.64868	-9.14815	0.654392	0.238039	985.783
LLLFTLLGLLYYLTGLLLILI	LLLFTLLGLLYWLTGLLLILI	-8.93501	-9.18276	0.451187	0.372136	983.694
LLLFTLLGLLYWLTGLLLILI	LLLFYLLGLLYWLTGLLLILI	-9.22617	-7.08293	0.328724	0.505042	981.348
LLLFYLLGLLYWLTGLLLILI	LLLWYLLGLLYWLTGLLLILI	-7.50892	-8.87184	0.0790506	1.23103	978.717
LLLWYLLGLLYWLTGLLLILI	LLLYYLLGLLYWLTGLLLILI	-9.64514	-8.57151	0.457728	0.366471	975.768
LLLYYLLGLLYWLTGLLLILI	LLLYYLLGLLFWLTGLLLILI	-7.786	-7.56821	1.15198	0.0912572	972.463
LLLYYLLGLLFWLTGLLLILI	LLLFYLLGLLFWLTGLLLILI	-7.00909	-5.89617	0.650378	0.240035	968.764
LLLFYLLGLLFWLTGLLLILI	LLLGYLLGLLFWLTGLLLILI	-5.86607	-3.94909	0.270132	0.594419	964.627
LLLGYLLGLLFWLTGLLLILI	LLLGYLLGLLYWLTGLLLILI	-4.41141	-4.50719	0.132101	0.952787	960.005
LLLGYLLGLLYWLTGLLLILI	LLLGTLLGLLYWLTGLLLILI	-4.95494	-6.82713	0.505042	0.328724	954.846
LLLGTLLGLLYWLTGLLLILI	LLLGTLLGLLYWLVGLLLILI	-6.22499	-3.49496	0.930859	0.137712	949.095
LLLGTLLGLLYWLVGLLLILI	LLLGFLLGLLYWLVGLLLILI	-3.09382	-2.54516	0.538845	0.30482	942.693
LLLGFLLGLLYWLVGLLLILI	LLLGTLLGLLYWLVGLLLILI	-2.54516	-3.09382	0.30482	0.538845	935.578
LLLGTLLGLLYWLVGLLLILI	LLLGTLLGLLYYLVGLLLILI	-3.26053	-2.84012	0.372136	0.451187	927.683
LLLGTLLGLLYYLVGLLLILI	LLLGTLLGLLYYLTGLLLILI	-3.1536	-5.86935	0.137712	0.930859	918.939
LLLGTLLGLLYYLTGLLLILI	LLLGTLLGLLWYLTGLLLILI	-6.34903	-4.93698	0.451187	0.372136	909.276
LLLGTLLGLLWYLTGLLLILI	LLLGFLLGLLWYLTGLLLILI	-4.49293	-4.78967	0.816184	0.171816	898.621
LLLGFLLGLLWYLTGLLLILI	LLLGFLLGLLYYLTGLLLILI	-4.58935	-5.69206	0.372136	0.451187	886.903
LLLGFLLGLLYYLTGLLLILI	LLLYFLLGLLYYLTGLLLILI	-5.87377	-6.83871	0.269472	0.595564	874.051
LLLYFLLGLLYYLTGLLLILI	LLLYTLLGLLYYLTGLLLILI	-7.26245	-9.97139	0.171816	0.816184	859.999
LLLYTLLGLLYYLTGLLLILI	LLLYYLLGLLYYLTGLLLILI	-10.6007	-7.88643	0.186892	0.773553	844.686
LLLYYLLGLLYYLTGLLLILI	LLLYTLLGLLYYLTGLLLILI	-7.88643	-10.5989	0.773553	0.186892	828.061
LLLYTLLGLLYYLTGLLLILI	LLLYTLLGLLYWLTGLLLILI	-10.1947	-10.8716	0.591129	0.272043	810.083
LLLYTLLGLLYWLTGLLLILI	LLLYYLLGLLYWLTGLLLILI	-10.9056	-8.28359	0.238039	0.654392	769.974
LLLYYLLGLLYWLTGLLLILI	LLLYYLLGLLFWLTGLLLILI	-7.786	-5.87597	1.15198	0.0912572	747.845
LLLYYLLGLLFWLTGLLLILI	LLLYTLLGLLFWLTGLLLILI	-5.46218	-7.89161	0.505042	0.328724	724.369
LLLYTLLGLLFWLTGLLLILI	LLLYTLLGLLFWLVGLLLILI	-7.28948	-4.57821	0.930859	0.137712	699.602
LLLYTLLGLLFWLVGLLLILI	LLLYTLLGLLFWLTGLLLILI	-4.57821	-7.29143	0.137712	0.930859	673.628
LLLYTLLGLLFWLTGLLLILI	LLLYTLLGLLYWLTGLLLILI	-8.09019	-10.1891	0.132101	0.952787	646.557
LLLYTLLGLLYWLTGLLLILI	LLLYTLLGLLYYLTGLLLILI	-10.8698	-10.1964	0.272043	0.591129	618.524
LLLYTLLGLLYYLTGLLLILI	LLLFTLLGLLYYLTGLLLILI	-9.63559	-9.29494	1.15198	0.0912572	589.688
LLLFTLLGLLYYLTGLLLILI	LLLFTLLGLLYWLTGLLLILI	-8.93501	-9.37704	0.451187	0.372136	560.23
LLLFTLLGLLYWLTGLLLILI	LLLFTLLGLLYYLTGLLLILI	-9.37704	-8.93501	0.372136	0.451187	530.348
LLLFTLLGLLYYLTGLLLILI	LLLFTLLGLLYWLTGLLLILI	-8.93501	-9.37501	0.451187	0.372136	500.25
LLLFTLLGLLYWLTGLLLILI	LLLYTLLGLLYWLTGLLLILI	-9.61505	-10.1909	0.132101	0.952787	470.152
LLLYTLLGLLYWLTGLLLILI	LLLYTLLGLLYWLVGLLLILI	-10.2128	-7.28352	0.930859	0.137712	410.812
LLLYTLLGLLYWLVGLLLILI	LLLFTLLGLLYWLVGLLLILI	-6.46844	-6.08951	0.952787	0.132101	381.976
LLLFTLLGLLYWLVGLLLILI	LLLFTLLGLLYYLVGLLLILI	-5.84948	-5.42402	0.372136	0.451187	353.943
LLLFTLLGLLYYLVGLLLILI	LLLYTLLGLLYYLVGLLLILI	-5.78395	-5.92974	0.0912572	1.15198	326.872
LLLYTLLGLLYYLVGLLLILI	LLLYTLLGLLYWLVGLLLILI	-6.49059	-7.34612	0.591129	0.272043	300.898
LLLYTLLGLLYWLVGLLLILI	LLLYTLLGLLYYLVGLLLILI	-7.34612	-6.68753	0.272043	0.591129	276.131
LLLYTLLGLLYYLVGLLLILI	LLLFTLLGLLYYLVGLLLILI	-6.12668	-5.78598	1.15198	0.0912572	252.655
LLLFTLLGLLYYLVGLLLILI	LLLFTLLGLLYWLVGLLLILI	-5.42605	-5.84948	0.451187	0.372136	230.526
LLLFTLLGLLYWLVGLLLILI	LLLYTLLGLLYWLVGLLLILI	-6.08951	-6.66538	0.132101	0.952787	209.776
LLLYTLLGLLYWLVGLLLILI	LLLYTLLGLLYYLVGLLLILI	-7.34612	-6.68574	0.272043	0.591129	190.417
LLLYTLLGLLYYLVGLLLILI	LLLYTLLGLLYWLVGLLLILI	-6.68574	-7.34612	0.591129	0.272043	155.814
LLLYTLLGLLYWLVGLLLILI	LLLYTLLGLLYWLTGLLLILI	-7.48045	-10.211	0.137712	0.930859	126.449
Time: 192s
