MCAccept 0 xShift: 8.71252 crossingAngle: -36.33 axialRotation: -27.3 zShift: 4.35 energy: -3.93028
MCAccept 1 xShift: 8.71252 crossingAngle: -36.33 axialRotation: -27.2492 zShift: 4.35 energy: -3.92488
MCAccept 2 xShift: 8.71566 crossingAngle: -36.33 axialRotation: -27.2492 zShift: 4.35 energy: -3.93028
MCAccept 3 xShift: 8.71566 crossingAngle: -36.33 axialRotation: -27.2492 zShift: 4.35885 energy: -4.00444
MCAccept 4 xShift: 8.71566 crossingAngle: -36.33 axialRotation: -27.3859 zShift: 4.35885 energy: -4.00444
MCAccept 5 xShift: 8.73522 crossingAngle: -36.33 axialRotation: -27.3859 zShift: 4.35885 energy: -4.00446
MCAccept 6 xShift: 8.73522 crossingAngle: -36.5571 axialRotation: -27.3859 zShift: 4.35885 energy: -3.99911
MCAccept 7 xShift: 8.73522 crossingAngle: -36.5571 axialRotation: -27.3859 zShift: 4.35802 energy: -3.99754
MCAccept 8 xShift: 8.73522 crossingAngle: -36.4787 axialRotation: -27.3859 zShift: 4.35802 energy: -3.99756
MCAccept 9 xShift: 8.73522 crossingAngle: -36.3839 axialRotation: -27.3859 zShift: 4.35802 energy: -3.99756
MCAccept 10 xShift: 8.73522 crossingAngle: -36.3839 axialRotation: -27.2183 zShift: 4.35802 energy: -3.99754
MCAccept 11 xShift: 8.74263 crossingAngle: -36.3839 axialRotation: -27.2183 zShift: 4.35802 energy: -3.99756
MCAccept 12 xShift: 8.74263 crossingAngle: -36.3886 axialRotation: -27.2183 zShift: 4.35802 energy: -3.99756
MCAccept 13 xShift: 8.74263 crossingAngle: -36.3886 axialRotation: -27.0989 zShift: 4.35802 energy: -3.99754
MCAccept 14 xShift: 8.72878 crossingAngle: -36.3886 axialRotation: -27.0989 zShift: 4.35802 energy: -3.99754
MCAccept 15 xShift: 8.72878 crossingAngle: -36.5175 axialRotation: -27.0989 zShift: 4.35802 energy: -3.99756
MCAccept 16 xShift: 8.72878 crossingAngle: -36.2538 axialRotation: -27.0989 zShift: 4.35802 energy: -3.99754
MCAccept 17 xShift: 8.72878 crossingAngle: -36.2487 axialRotation: -27.0989 zShift: 4.35802 energy: -3.99754
MCAccept 18 xShift: 8.74594 crossingAngle: -36.2487 axialRotation: -27.0989 zShift: 4.35802 energy: -3.99754
MCAccept 19 xShift: 8.74594 crossingAngle: -36.2487 axialRotation: -27.1703 zShift: 4.35802 energy: -3.99756
MCAccept 20 xShift: 8.74594 crossingAngle: -36.2487 axialRotation: -27.1703 zShift: 4.36012 energy: -4.01486
MCAccept 21 xShift: 8.75689 crossingAngle: -36.2487 axialRotation: -27.1703 zShift: 4.36012 energy: -4.01486
MCAccept 22 xShift: 8.75689 crossingAngle: -36.1075 axialRotation: -27.1703 zShift: 4.36012 energy: -4.01484
MCAccept 23 xShift: 8.75689 crossingAngle: -35.9082 axialRotation: -27.1703 zShift: 4.36012 energy: -4.01486
MCAccept 24 xShift: 8.75689 crossingAngle: -35.9405 axialRotation: -27.1703 zShift: 4.36012 energy: -4.01486
MCAccept 25 xShift: 8.75689 crossingAngle: -35.9405 axialRotation: -27.1703 zShift: 4.36487 energy: -4.05361
MCAccept 26 xShift: 8.75689 crossingAngle: -35.9405 axialRotation: -27.0628 zShift: 4.36487 energy: -4.05361
MCAccept 27 xShift: 8.75689 crossingAngle: -35.9919 axialRotation: -27.0628 zShift: 4.36487 energy: -4.05359
MCAccept 28 xShift: 8.75689 crossingAngle: -35.9919 axialRotation: -27.0628 zShift: 4.3675 energy: -4.07482
MCAccept 29 xShift: 8.75689 crossingAngle: -35.7885 axialRotation: -27.0628 zShift: 4.3675 energy: -4.07482
MCAccept 30 xShift: 8.75689 crossingAngle: -35.6968 axialRotation: -27.0628 zShift: 4.3675 energy: -4.07482
MCAccept 31 xShift: 8.76057 crossingAngle: -35.6968 axialRotation: -27.0628 zShift: 4.3675 energy: -4.07479
MCAccept 32 xShift: 8.73749 crossingAngle: -35.6968 axialRotation: -27.0628 zShift: 4.3675 energy: -4.07479
MCAccept 33 xShift: 8.73749 crossingAngle: -35.6968 axialRotation: -27.0628 zShift: 4.36288 energy: -4.03748
MCAccept 34 xShift: 8.73749 crossingAngle: -35.6968 axialRotation: -27.0628 zShift: 4.36451 energy: -4.0507
MCAccept 35 xShift: 8.73749 crossingAngle: -35.6968 axialRotation: -27.0628 zShift: 4.37917 energy: -4.16119
MCAccept 36 xShift: 8.73749 crossingAngle: -35.6968 axialRotation: -27.0107 zShift: 4.37917 energy: -4.16644
MCAccept 37 xShift: 8.73749 crossingAngle: -35.6968 axialRotation: -27.0107 zShift: 4.37895 energy: -4.16473
MCAccept 38 xShift: 8.73749 crossingAngle: -35.6968 axialRotation: -27.0759 zShift: 4.37895 energy: -4.16473
MCAccept 39 xShift: 8.73749 crossingAngle: -35.5995 axialRotation: -27.0759 zShift: 4.37895 energy: -4.16475
MCAccept 40 xShift: 8.73749 crossingAngle: -35.5995 axialRotation: -27.1008 zShift: 4.37895 energy: -4.15948
MCReject   xShift: 8.73749 crossingAngle: -35.5995 axialRotation: -27.1008 zShift: 4.37266 energy: -4.11576
MCAccept 41 xShift: 8.73749 crossingAngle: -35.5995 axialRotation: -27.1008 zShift: 4.38311 energy: -4.19662
MCAccept 42 xShift: 8.73749 crossingAngle: -35.6901 axialRotation: -27.1008 zShift: 4.38311 energy: -4.1966
MCAccept 43 xShift: 8.73749 crossingAngle: -35.6901 axialRotation: -27.1008 zShift: 4.37834 energy: -4.16005
MCAccept 44 xShift: 8.72491 crossingAngle: -35.6901 axialRotation: -27.1008 zShift: 4.37834 energy: -4.16005
MCAccept 45 xShift: 8.72491 crossingAngle: -35.5432 axialRotation: -27.1008 zShift: 4.37834 energy: -4.16005
MCAccept 46 xShift: 8.71513 crossingAngle: -35.5432 axialRotation: -27.1008 zShift: 4.37834 energy: -4.15482
MCAccept 47 xShift: 8.70293 crossingAngle: -35.5432 axialRotation: -27.1008 zShift: 4.37834 energy: -4.16005
MCReject   xShift: 8.70293 crossingAngle: -35.5432 axialRotation: -27.1008 zShift: 4.36857 energy: -4.08333
MCAccept 48 xShift: 8.70293 crossingAngle: -35.3585 axialRotation: -27.1008 zShift: 4.37834 energy: -4.16005
MCAccept 49 xShift: 8.70293 crossingAngle: -35.3585 axialRotation: -27.2225 zShift: 4.37834 energy: -4.16007
MCAccept 50 xShift: 8.70293 crossingAngle: -35.3585 axialRotation: -27.3597 zShift: 4.37834 energy: -4.16007
MCAccept 51 xShift: 8.70293 crossingAngle: -35.3585 axialRotation: -27.3597 zShift: 4.39253 energy: -4.26692
MCAccept 52 xShift: 8.70812 crossingAngle: -35.3585 axialRotation: -27.3597 zShift: 4.39253 energy: -4.26689
MCAccept 53 xShift: 8.70812 crossingAngle: -35.4676 axialRotation: -27.3597 zShift: 4.39253 energy: -4.26692
MCAccept 54 xShift: 8.70812 crossingAngle: -35.4676 axialRotation: -27.3004 zShift: 4.39253 energy: -4.26692
MCAccept 55 xShift: 8.70812 crossingAngle: -35.4676 axialRotation: -27.1926 zShift: 4.39253 energy: -4.26692
MCAccept 56 xShift: 8.70812 crossingAngle: -35.5603 axialRotation: -27.1926 zShift: 4.39253 energy: -4.26689
MCReject   xShift: 8.70812 crossingAngle: -35.6817 axialRotation: -27.1926 zShift: 4.39253 energy: -4.26174
MCAccept 57 xShift: 8.70812 crossingAngle: -35.5603 axialRotation: -27.1926 zShift: 4.39735 energy: -4.30202
MCAccept 58 xShift: 8.72654 crossingAngle: -35.5603 axialRotation: -27.1926 zShift: 4.39735 energy: -4.30202
MCAccept 59 xShift: 8.72654 crossingAngle: -35.636 axialRotation: -27.1926 zShift: 4.39735 energy: -4.30204
MCReject   xShift: 8.72654 crossingAngle: -35.636 axialRotation: -27.1507 zShift: 4.39735 energy: -4.29689
MCAccept 60 xShift: 8.72654 crossingAngle: -35.636 axialRotation: -27.1926 zShift: 4.39813 energy: -4.30252
MCAccept 61 xShift: 8.72654 crossingAngle: -35.5759 axialRotation: -27.1926 zShift: 4.39813 energy: -4.30765
MCAccept 62 xShift: 8.72654 crossingAngle: -35.5759 axialRotation: -27.1399 zShift: 4.39813 energy: -4.30767
MCAccept 63 xShift: 8.72654 crossingAngle: -35.5759 axialRotation: -27.1399 zShift: 4.40452 energy: -4.34801
MCAccept 64 xShift: 8.73894 crossingAngle: -35.5759 axialRotation: -27.1399 zShift: 4.40452 energy: -4.3531
MCAccept 65 xShift: 8.73894 crossingAngle: -35.5759 axialRotation: -27.2204 zShift: 4.40452 energy: -4.35313
MCAccept 66 xShift: 8.73894 crossingAngle: -35.489 axialRotation: -27.2204 zShift: 4.40452 energy: -4.3531
MCAccept 67 xShift: 8.73894 crossingAngle: -35.489 axialRotation: -27.2204 zShift: 4.41006 energy: -4.39171
MCAccept 68 xShift: 8.73426 crossingAngle: -35.489 axialRotation: -27.2204 zShift: 4.41006 energy: -4.39171
MCAccept 69 xShift: 8.73426 crossingAngle: -35.489 axialRotation: -27.2719 zShift: 4.41006 energy: -4.39169
MCAccept 70 xShift: 8.73426 crossingAngle: -35.489 axialRotation: -27.4063 zShift: 4.41006 energy: -4.39169
MCReject   xShift: 8.73426 crossingAngle: -35.489 axialRotation: -27.4063 zShift: 4.3999 energy: -4.32034
MCAccept 71 xShift: 8.73426 crossingAngle: -35.7367 axialRotation: -27.4063 zShift: 4.41006 energy: -4.39169
MCAccept 72 xShift: 8.7348 crossingAngle: -35.7367 axialRotation: -27.4063 zShift: 4.41006 energy: -4.39171
MCAccept 73 xShift: 8.73509 crossingAngle: -35.7367 axialRotation: -27.4063 zShift: 4.41006 energy: -4.39169
MCAccept 74 xShift: 8.72874 crossingAngle: -35.7367 axialRotation: -27.4063 zShift: 4.41006 energy: -4.39169
MCAccept 75 xShift: 8.72874 crossingAngle: -35.7367 axialRotation: -27.2156 zShift: 4.41006 energy: -4.39171
MCAccept 76 xShift: 8.72874 crossingAngle: -35.7367 axialRotation: -27.2277 zShift: 4.41006 energy: -4.39171
MCAccept 77 xShift: 8.72874 crossingAngle: -35.7367 axialRotation: -27.2277 zShift: 4.41345 energy: -4.41501
MCAccept 78 xShift: 8.72874 crossingAngle: -35.6898 axialRotation: -27.2277 zShift: 4.41345 energy: -4.41501
MCAccept 79 xShift: 8.72874 crossingAngle: -35.6898 axialRotation: -27.2833 zShift: 4.41345 energy: -4.40994
MCAccept 80 xShift: 8.72874 crossingAngle: -35.6898 axialRotation: -27.2833 zShift: 4.424 energy: -4.4854
MCReject   xShift: 8.73251 crossingAngle: -35.6898 axialRotation: -27.2833 zShift: 4.424 energy: -4.48039
MCAccept 81 xShift: 8.72918 crossingAngle: -35.6898 axialRotation: -27.2833 zShift: 4.424 energy: -4.4854
MCAccept 82 xShift: 8.72918 crossingAngle: -35.6898 axialRotation: -27.1626 zShift: 4.424 energy: -4.4854
MCAccept 83 xShift: 8.72918 crossingAngle: -35.6898 axialRotation: -27.2148 zShift: 4.424 energy: -4.4854
MCReject   xShift: 8.72918 crossingAngle: -35.6898 axialRotation: -27.2148 zShift: 4.42326 energy: -4.48056
MCReject   xShift: 8.72918 crossingAngle: -35.66 axialRotation: -27.2148 zShift: 4.424 energy: -4.48039
MCAccept 84 xShift: 8.72918 crossingAngle: -35.6898 axialRotation: -27.1253 zShift: 4.424 energy: -4.4854
MCReject   xShift: 8.72918 crossingAngle: -35.5487 axialRotation: -27.1253 zShift: 4.424 energy: -4.48538
MCReject   xShift: 8.72918 crossingAngle: -35.6898 axialRotation: -27.1253 zShift: 4.42311 energy: -4.47957
MCAccept 85 xShift: 8.72918 crossingAngle: -35.4507 axialRotation: -27.1253 zShift: 4.424 energy: -4.4854
MCAccept 86 xShift: 8.72918 crossingAngle: -35.4507 axialRotation: -27.0256 zShift: 4.424 energy: -4.4854
MCAccept 87 xShift: 8.72918 crossingAngle: -35.4507 axialRotation: -26.9752 zShift: 4.424 energy: -4.48538
MCAccept 88 xShift: 8.72918 crossingAngle: -35.2607 axialRotation: -26.9752 zShift: 4.424 energy: -4.48538
MCAccept 89 xShift: 8.72918 crossingAngle: -35.2179 axialRotation: -26.9752 zShift: 4.424 energy: -4.48538
MCAccept 90 xShift: 8.72918 crossingAngle: -35.27 axialRotation: -26.9752 zShift: 4.424 energy: -4.48538
MCAccept 91 xShift: 8.72918 crossingAngle: -35.27 axialRotation: -26.9752 zShift: 4.42912 energy: -4.51368
MCAccept 92 xShift: 8.72918 crossingAngle: -35.27 axialRotation: -27.0395 zShift: 4.42912 energy: -4.51863
MCReject   xShift: 8.72918 crossingAngle: -35.27 axialRotation: -26.9825 zShift: 4.42912 energy: -4.51368
MCAccept 93 xShift: 8.72918 crossingAngle: -35.1813 axialRotation: -27.0395 zShift: 4.42912 energy: -4.51866
MCAccept 94 xShift: 8.72918 crossingAngle: -35.1813 axialRotation: -27.0395 zShift: 4.44925 energy: -4.64303
MCAccept 95 xShift: 8.72918 crossingAngle: -35.1375 axialRotation: -27.0395 zShift: 4.44925 energy: -4.64303
MCReject   xShift: 8.73428 crossingAngle: -35.1375 axialRotation: -27.0395 zShift: 4.44925 energy: -4.63816
MCReject   xShift: 8.72918 crossingAngle: -34.9495 axialRotation: -27.0395 zShift: 4.44925 energy: -4.63816
MCAccept 96 xShift: 8.72918 crossingAngle: -35.3827 axialRotation: -27.0395 zShift: 4.44925 energy: -4.64303
MCAccept 97 xShift: 8.72918 crossingAngle: -35.5614 axialRotation: -27.0395 zShift: 4.44925 energy: -4.64303
MCReject   xShift: 8.72029 crossingAngle: -35.5614 axialRotation: -27.0395 zShift: 4.44925 energy: -4.63816
MCAccept 98 xShift: 8.72918 crossingAngle: -35.5614 axialRotation: -27.0395 zShift: 4.45723 energy: -4.6897
MCAccept 99 xShift: 8.72918 crossingAngle: -35.5614 axialRotation: -26.9969 zShift: 4.45723 energy: -4.6897
Energy #0: -4.6897
***GEOMETRY SHIFT***
xShift;        Before: 8.7; After: 8.72918
crossingAngle; Before: -36.33; After: -35.5614
axialRotation; Before: -27.3; After: -26.9969
zShift;        Before: 4.35; After: 4.45723
Energy;        Before: 4879.01; After: -4.6897

Completed all cycles. Accepted 100/114
Monte Carlo repack complete. Time: 18.3833min

