***STARTING GEOMETRY:***
xShift: 8.4118
crossingAngle: -45.0566
axialRotation: 33.9025
zShift: 5.23438

Number of MCCycles: 100
PrevSequence	CurrSequence	PrevEnergy	CurrEnergy	PrevEntropy	CurrEntropy	CurrentTemp
LLLTLLGTLLGTLLTTLLILI	LLLTLLGTLLGWLLTTLLILI	-14.9429	-14.3358	0.673827	0.22865	999.684
LLLTLLGTLLGWLLTTLLILI	LLLTLLTTLLGWLLTTLLILI	-14.4043	-12.4381	0.160122	0.85234	999.328
LLLTLLTTLLGWLLTTLLILI	LLLTLLGTLLGWLLTTLLILI	-12.4381	-13.0939	0.85234	0.160122	998.928
LLLTLLGTLLGWLLTTLLILI	LLLLLLGTLLGWLLTTLLILI	-12.2709	-14.5132	0.983093	0.124761	998.476
LLLLLLGTLLGWLLTTLLILI	LLLLLLGTLLYWLLTTLLILI	-14.184	-14.2609	0.453966	0.369715	997.967
LLLLLLGTLLYWLLTTLLILI	LLLLLLGTLLYGLLTTLLILI	-14.084	-15.6199	0.546658	0.299616	997.394
LLLLLLGTLLYGLLTTLLILI	LLLLLLGTLLFGLLTTLLILI	-15.2692	-16.1521	0.650378	0.240035	996.749
LLLLLLGTLLFGLLTTLLILI	LLLLLLGTLLYGLLTTLLILI	-16.1521	-15.2692	0.240035	0.650378	996.023
LLLLLLGTLLYGLLTTLLILI	LLLILLGTLLYGLLTTLLILI	-15.3271	-14.5227	0.592457	0.27127	995.205
LLLILLGTLLYGLLTTLLILI	LLLILLGTLLFGLLTTLLILI	-14.1436	-15.0314	0.650378	0.240035	994.285
LLLILLGTLLFGLLTTLLILI	LLLLLLGTLLFGLLTTLLILI	-15.0002	-15.7997	0.27127	0.592457	993.249
LLLLLLGTLLFGLLTTLLILI	LLLLLLGTLLYGLLTTLLILI	-16.1521	-15.2692	0.240035	0.650378	992.084
LLLLLLGTLLYGLLTTLLILI	LLLLLLGTLLYGLLVTLLILI	-14.7911	-12.2531	1.12845	0.0952708	990.773
LLLLLLGTLLYGLLVTLLILI	LLLILLGTLLYGLLVTLLILI	-11.7559	-10.9749	0.592457	0.27127	989.3
LLLILLGTLLYGLLVTLLILI	LLLLLLGTLLYGLLVTLLILI	-10.9749	-11.7559	0.27127	0.592457	987.644
LLLLLLGTLLYGLLVTLLILI	LLLLLLGTLLYGLLTTLLILI	-12.2531	-14.7911	0.0952708	1.12845	985.783
LLLLLLGTLLYGLLTTLLILI	LLLLLLGTLLYGLLTYLLILI	-15.4765	-15.7779	0.443059	0.379341	983.694
LLLLLLGTLLYGLLTYLLILI	LLLLLLGTLLYGLLIYLLILI	-15.2453	-11.4332	0.911943	0.142768	981.348
LLLLLLGTLLYGLLIYLLILI	LLLLLLGTLLFGLLIYLLILI	-10.6231	-9.36507	0.952787	0.132101	978.717
LLLLLLGTLLFGLLIYLLILI	LLLLLLGTLLFALLIYLLILI	-8.62483	-6.9687	0.872342	0.154044	975.768
LLLLLLGTLLFALLIYLLILI	LLLLLLGTLLFALLTYLLILI	-6.97998	-8.569	0.142768	0.911943	972.463
LLLLLLGTLLFALLTYLLILI	LLLLLLGTLLYALLTYLLILI	-9.34884	-9.24922	0.132101	0.952787	968.764
LLLLLLGTLLYALLTYLLILI	LLLLLLGTLLYGLLTYLLILI	-10.048	-15.2849	0.154044	0.872342	964.627
LLLLLLGTLLYGLLTYLLILI	LLLILLGTLLYGLLTYLLILI	-15.5648	-14.7655	0.592457	0.27127	960.005
LLLILLGTLLYGLLTYLLILI	LLLLLLGTLLYGLLTYLLILI	-14.7655	-15.5648	0.27127	0.592457	949.095
LLLLLLGTLLYGLLTYLLILI	LLLLLLGTLLYGLLTTLLILI	-15.7779	-15.4765	0.379341	0.443059	942.693
LLLLLLGTLLYGLLTTLLILI	LLLLLLGTLLFGLLTTLLILI	-15.2692	-16.1521	0.650378	0.240035	935.578
LLLLLLGTLLFGLLTTLLILI	LLLLLLGTLLFGLLTVLLILI	-15.2637	-12.7176	1.12845	0.0952708	927.683
LLLLLLGTLLFGLLTVLLILI	LLLILLGTLLFGLLTVLLILI	-12.2204	-11.4209	0.592457	0.27127	918.939
LLLILLGTLLFGLLTVLLILI	LLLLLLGTLLFGLLTVLLILI	-11.4209	-12.2204	0.27127	0.592457	909.276
LLLLLLGTLLFGLLTVLLILI	LLLLLLGTLLFGLLTTLLILI	-12.7176	-15.2637	0.0952708	1.12845	898.621
LLLLLLGTLLFGLLTTLLILI	LLLLLLGTLLFGLLVTLLILI	-15.2637	-12.4996	1.12845	0.0952708	886.903
LLLLLLGTLLFGLLVTLLILI	LLLLLLGTLLFGLLVYLLILI	-12.056	-9.08873	0.538845	0.30482	874.051
LLLLLLGTLLFGLLVYLLILI	LLLILLGTLLFGLLVYLLILI	-8.80109	-8.00157	0.592457	0.27127	859.999
LLLILLGTLLFGLLVYLLILI	LLLILLGTLLFGLLTYLLILI	-8.13512	-10.8355	0.137712	0.930859	844.686
LLLILLGTLLFGLLTYLLILI	LLLILLGTLLFGLLTTLLILI	-11.5468	-14.5778	0.219549	0.693609	828.061
LLLILLGTLLFGLLTTLLILI	LLLILLGTLLYGLLTTLLILI	-15.0314	-14.1436	0.240035	0.650378	810.083
LLLILLGTLLYGLLTTLLILI	LLLILLGTLLFGLLTTLLILI	-14.1436	-15.0314	0.650378	0.240035	790.724
LLLILLGTLLFGLLTTLLILI	LLLILLGTLLFGLLTVLLILI	-14.143	-11.5969	1.12845	0.0952708	747.845
LLLILLGTLLFGLLTVLLILI	LLLILLGTLLFGLLTTLLILI	-11.5969	-14.143	0.0952708	1.12845	724.369
LLLILLGTLLFGLLTTLLILI	LLLILLGTLLFGLLVTLLILI	-14.143	-11.3789	1.12845	0.0952708	699.602
LLLILLGTLLFGLLVTLLILI	LLLLLLGTLLFGLLVTLLILI	-11.2029	-12.0024	0.27127	0.592457	673.628
LLLLLLGTLLFGLLVTLLILI	LLLILLGTLLFGLLVTLLILI	-12.0024	-11.2029	0.592457	0.27127	646.557
LLLILLGTLLFGLLVTLLILI	LLLILLGTLLYGLLVTLLILI	-11.2341	-10.5784	0.240035	0.650378	618.524
LLLILLGTLLYGLLVTLLILI	LLLILLGTLLFGLLVTLLILI	-10.5784	-11.2341	0.650378	0.240035	589.688
LLLILLGTLLFGLLVTLLILI	LLLILLGTLLFGLLTTLLILI	-11.3789	-14.143	0.0952708	1.12845	560.23
LLLILLGTLLFGLLTTLLILI	LLLLLLGTLLFGLLTTLLILI	-15.0002	-15.7997	0.27127	0.592457	530.348
LLLLLLGTLLFGLLTTLLILI	LLLILLGTLLFGLLTTLLILI	-15.7997	-15.0002	0.592457	0.27127	500.25
LLLILLGTLLFGLLTTLLILI	LLLILLGTLLFGLLTVLLILI	-14.143	-11.5969	1.12845	0.0952708	440.27
LLLILLGTLLFGLLTVLLILI	LLLLLLGTLLFGLLTVLLILI	-11.4209	-12.2204	0.27127	0.592457	381.976
LLLLLLGTLLFGLLTVLLILI	LLLILLGTLLFGLLTVLLILI	-12.2204	-11.4209	0.592457	0.27127	353.943
LLLILLGTLLFGLLTVLLILI	LLLLLLGTLLFGLLTVLLILI	-11.4209	-12.2204	0.27127	0.592457	326.872
LLLLLLGTLLFGLLTVLLILI	LLLLLLGTLLFGLLTTLLILI	-12.7176	-15.2637	0.0952708	1.12845	300.898
LLLLLLGTLLFGLLTTLLILI	LLLILLGTLLFGLLTTLLILI	-15.7997	-15.0002	0.592457	0.27127	209.776
LLLILLGTLLFGLLTTLLILI	LLLLLLGTLLFGLLTTLLILI	-15.0002	-15.7997	0.27127	0.592457	190.417
LLLLLLGTLLFGLLTTLLILI	LLLLLLGTLLYGLLTTLLILI	-16.1521	-15.2692	0.240035	0.650378	140.501
LLLLLLGTLLYGLLTTLLILI	LLLLLLGTLLYGLLTYLLILI	-15.4765	-15.7779	0.443059	0.379341	126.449
Time: 135s
