***STARTING GEOMETRY:***
xShift: 8.34108
crossingAngle: -45.5282
axialRotation: 33.4093
zShift: 5.29409

Number of MCCycles: 100
PrevSequence	CurrSequence	PrevEnergy	CurrEnergy	PrevEntropy	CurrEntropy	CurrentTemp
LLLTLLGTLLGTLLTTLLILI	LLLTLLGTLLSTLLTTLLILI	-15.3171	-17.4165	0.591862	0.271616	999.684
LLLTLLGTLLSTLLTTLLILI	LLLLLLGTLLSTLLTTLLILI	-16.5958	-18.2836	1.09226	0.101824	999.328
LLLLLLGTLLSTLLTTLLILI	LLLILLGTLLSTLLTTLLILI	-17.7929	-16.9659	0.592457	0.27127	998.928
LLLILLGTLLSTLLTTLLILI	LLLILLGTLLSTLLTYLLILI	-16.4209	-14.4944	0.816184	0.171816	998.476
LLLILLGTLLSTLLTYLLILI	LLLILLGTLLATLLTYLLILI	-14.024	-13.746	0.642213	0.244161	997.967
LLLILLGTLLATLLTYLLILI	LLLILLGTLLSTLLTYLLILI	-13.746	-14.024	0.244161	0.642213	997.394
LLLILLGTLLSTLLTYLLILI	LLLILLGTLLSTLLTTLLILI	-14.4944	-16.4209	0.171816	0.816184	996.749
LLLILLGTLLSTLLTTLLILI	LLLLLLGTLLSTLLTTLLILI	-16.9659	-17.7929	0.27127	0.592457	996.023
LLLLLLGTLLSTLLTTLLILI	LLLLLLGTLLSTLLVTLLILI	-17.1091	-14.7923	1.27634	0.0728516	995.205
LLLLLLGTLLSTLLVTLLILI	LLLLLLGTLLATLLVTLLILI	-14.223	-13.9135	0.642213	0.244161	994.285
LLLLLLGTLLATLLVTLLILI	LLLLLLGTLLATLLTTLLILI	-14.0848	-16.4311	0.0728516	1.27634	993.249
LLLLLLGTLLATLLTTLLILI	LLLLLLGTLLSTLLTTLLILI	-17.4633	-17.7432	0.244161	0.642213	992.084
LLLLLLGTLLSTLLTTLLILI	LLLLLLGTLLSTLLVTLLILI	-17.1091	-14.7923	1.27634	0.0728516	990.773
LLLLLLGTLLSTLLVTLLILI	LLLLLLGTLLSTLLTTLLILI	-14.7923	-17.1091	0.0728516	1.27634	989.3
LLLLLLGTLLSTLLTTLLILI	LLLLLLGTLLSTLLTYLLILI	-17.5692	-15.6427	0.816184	0.171816	987.644
LLLLLLGTLLSTLLTYLLILI	LLLLLLGTLLSTLLTTLLILI	-15.6427	-17.5692	0.171816	0.816184	985.783
LLLLLLGTLLSTLLTTLLILI	LLLLLLGTLLSTLLVTLLILI	-17.1091	-14.7923	1.27634	0.0728516	983.694
LLLLLLGTLLSTLLVTLLILI	LLLLLLGTLLSTLLTTLLILI	-14.7923	-17.1091	0.0728516	1.27634	981.348
LLLLLLGTLLSTLLTTLLILI	LLLILLGTLLSTLLTTLLILI	-17.7929	-16.9659	0.592457	0.27127	972.463
LLLILLGTLLSTLLTTLLILI	LLLILLGTLLSVLLTTLLILI	-15.9608	-13.8565	1.27634	0.0728516	968.764
LLLILLGTLLSVLLTTLLILI	LLLILLGTLLAVLLTTLLILI	-13.2871	-13.0607	0.642213	0.244161	964.627
LLLILLGTLLAVLLTTLLILI	LLLILLGTLLAVLLVTLLILI	-12.5048	-9.69841	0.800152	0.177314	960.005
LLLILLGTLLAVLLVTLLILI	LLLILLGTLLATLLVTLLILI	-9.69841	-12.2188	0.177314	0.800152	954.846
LLLILLGTLLATLLVTLLILI	LLLLLLGTLLATLLVTLLILI	-12.7477	-13.5652	0.27127	0.592457	949.095
LLLLLLGTLLATLLVTLLILI	LLLLLLGTLLATLLTTLLILI	-14.0848	-16.4311	0.0728516	1.27634	942.693
LLLLLLGTLLATLLTTLLILI	LLLILLGTLLATLLTTLLILI	-17.115	-16.2976	0.592457	0.27127	935.578
LLLILLGTLLATLLTTLLILI	LLLLLLGTLLATLLTTLLILI	-16.2976	-17.115	0.27127	0.592457	927.683
LLLLLLGTLLATLLTTLLILI	LLLILLGTLLATLLTTLLILI	-17.115	-16.2976	0.592457	0.27127	918.939
LLLILLGTLLATLLTTLLILI	LLLILLGTLLSTLLTTLLILI	-16.3247	-16.5949	0.244161	0.642213	909.276
LLLILLGTLLSTLLTTLLILI	LLLLLLGTLLSTLLTTLLILI	-16.9659	-17.7929	0.27127	0.592457	898.621
LLLLLLGTLLSTLLTTLLILI	LLLLLLGTLLATLLTTLLILI	-17.7432	-17.4633	0.642213	0.244161	886.903
LLLLLLGTLLATLLTTLLILI	LLLLLLGTLLATLLVTLLILI	-16.4311	-14.0848	1.27634	0.0728516	874.051
LLLLLLGTLLATLLVTLLILI	LLLILLGTLLATLLVTLLILI	-13.5652	-12.7477	0.592457	0.27127	859.999
LLLILLGTLLATLLVTLLILI	LLLILLGTLLSTLLVTLLILI	-12.7748	-13.0747	0.244161	0.642213	844.686
LLLILLGTLLSTLLVTLLILI	LLLILLGTLLSTLLVYLLILI	-13.0233	-11.0561	0.693609	0.219549	828.061
LLLILLGTLLSTLLVYLLILI	LLLLLLGTLLSTLLVYLLILI	-11.0044	-11.8314	0.27127	0.592457	810.083
LLLLLLGTLLSTLLVYLLILI	LLLLLLGTLLSTLLVTLLILI	-12.2044	-14.1716	0.219549	0.693609	790.724
LLLLLLGTLLSTLLVTLLILI	LLLILLGTLLSTLLVTLLILI	-14.2727	-13.4456	0.592457	0.27127	769.974
LLLILLGTLLSTLLVTLLILI	LLLILLGTLLSTLLTTLLILI	-13.644	-15.9608	0.0728516	1.27634	747.845
LLLILLGTLLSTLLTTLLILI	LLLLLLGTLLSTLLTTLLILI	-16.9659	-17.7929	0.27127	0.592457	724.369
LLLLLLGTLLSTLLTTLLILI	LLLLLLGTLLATLLTTLLILI	-17.7432	-17.4633	0.642213	0.244161	699.602
LLLLLLGTLLATLLTTLLILI	LLLILLGTLLATLLTTLLILI	-17.115	-16.2976	0.592457	0.27127	673.628
LLLILLGTLLATLLTTLLILI	LLLLLLGTLLATLLTTLLILI	-16.2976	-17.115	0.27127	0.592457	646.557
LLLLLLGTLLATLLTTLLILI	LLLLLLGTLLSTLLTTLLILI	-17.4633	-17.7432	0.244161	0.642213	618.524
LLLLLLGTLLSTLLTTLLILI	LLLLLLGTLLSVLLTTLLILI	-17.1091	-15.0056	1.27634	0.0728516	589.688
LLLLLLGTLLSVLLTTLLILI	LLLILLGTLLSVLLTTLLILI	-14.486	-13.6581	0.592457	0.27127	560.23
LLLILLGTLLSVLLTTLLILI	LLLILLGTLLSTLLTTLLILI	-13.8565	-15.9608	0.0728516	1.27634	530.348
LLLILLGTLLSTLLTTLLILI	LLLILLGTLLATLLTTLLILI	-16.5949	-16.3247	0.642213	0.244161	500.25
LLLILLGTLLATLLTTLLILI	LLLILLGTLLSTLLTTLLILI	-16.3247	-16.5949	0.244161	0.642213	440.27
LLLILLGTLLSTLLTTLLILI	LLLLLLGTLLSTLLTTLLILI	-16.9659	-17.7929	0.27127	0.592457	381.976
LLLLLLGTLLSTLLTTLLILI	LLLLLLGTLLATLLTTLLILI	-17.7432	-17.4633	0.642213	0.244161	353.943
LLLLLLGTLLATLLTTLLILI	LLLILLGTLLATLLTTLLILI	-17.115	-16.2976	0.592457	0.27127	326.872
LLLILLGTLLATLLTTLLILI	LLLILLGTLLSTLLTTLLILI	-16.3247	-16.5949	0.244161	0.642213	300.898
LLLILLGTLLSTLLTTLLILI	LLLLLLGTLLSTLLTTLLILI	-16.9659	-17.7929	0.27127	0.592457	276.131
LLLLLLGTLLSTLLTTLLILI	LLLLLLGTLLATLLTTLLILI	-17.7432	-17.4633	0.642213	0.244161	252.655
LLLLLLGTLLATLLTTLLILI	LLLILLGTLLATLLTTLLILI	-17.115	-16.2976	0.592457	0.27127	230.526
LLLILLGTLLATLLTTLLILI	LLLLLLGTLLATLLTTLLILI	-16.2976	-17.115	0.27127	0.592457	209.776
LLLLLLGTLLATLLTTLLILI	LLLLLLGTLLSTLLTTLLILI	-17.4633	-17.7432	0.244161	0.642213	140.501
LLLLLLGTLLSTLLTTLLILI	LLLLLLGTLLATLLTTLLILI	-17.7432	-17.4633	0.642213	0.244161	72.8169
LLLLLLGTLLATLLTTLLILI	LLLLLLGTLLSTLLTTLLILI	-17.4633	-17.7432	0.244161	0.642213	45.6541
Time: 122s
