***STARTING GEOMETRY:***
xShift: 8.74431
crossingAngle: 31.6216
axialRotation: 99.3531
zShift: 3.25423

Number of MCCycles: 100
PrevSequence	CurrSequence	PrevEnergy	CurrEnergy	PrevEntropy	CurrEntropy	CurrentTemp
LLLYALLALLTSLTYLLLILI	LLLYALLYLLTSLTYLLLILI	-14.8688	-25.7317	0.1218	0.995882	999.684
LLLYALLYLLTSLTYLLLILI	LLLFALLYLLTSLTYLLLILI	-25.5756	-23.725	1.15198	0.0912572	999.328
LLLFALLYLLTSLTYLLLILI	LLLFALLYLLTSLTFLLLILI	-23.1658	-24.312	0.650378	0.240035	998.928
LLLFALLYLLTSLTFLLLILI	LLLYALLYLLTSLTFLLLILI	-24.312	-23.9604	0.240035	0.650378	998.476
LLLYALLYLLTSLTFLLLILI	LLLGALLYLLTSLTFLLLILI	-23.7245	-23.9168	0.886373	0.149938	997.967
LLLGALLYLLTSLTFLLLILI	LLLYALLYLLTSLTFLLLILI	-23.9168	-25.2606	0.149938	0.886373	997.394
LLLYALLYLLTSLTFLLLILI	LLLYALLFLLTSLTFLLLILI	-25.4966	-23.7262	0.650378	0.240035	996.749
LLLYALLFLLTSLTFLLLILI	LLLLALLFLLTSLTFLLLILI	-23.5337	-23.9983	0.432574	0.388917	996.023
LLLLALLFLLTSLTFLLLILI	LLLLALLFLLTALTFLLLILI	-23.983	-20.0821	0.404229	0.416521	995.205
LLLLALLFLLTALTFLLLILI	LLLYALLFLLTALTFLLLILI	-20.1097	-21.9961	0.388917	0.432574	994.285
LLLYALLFLLTALTFLLLILI	LLLYGLLFLLTALTFLLLILI	-21.9649	-21.8758	0.463748	0.36136	993.249
LLLYGLLFLLTALTFLLLILI	LLLYGLLFLLTSLTFLLLILI	-21.993	-22.4874	0.244161	0.642213	992.084
LLLYGLLFLLTSLTFLLLILI	LLLFGLLFLLTSLTFLLLILI	-22.8272	-23.0012	0.302409	0.542444	990.773
LLLFGLLFLLTSLTFLLLILI	LLLFGLLWLLTSLTFLLLILI	-23.1772	-24.1943	0.366471	0.457728	989.3
LLLFGLLWLLTSLTFLLLILI	LLLFGLLWLLTSLTYLLLILI	-24.2417	-25.0042	0.410343	0.410343	987.644
LLLFGLLWLLTSLTYLLLILI	LLLAGLLWLLTSLTYLLLILI	-24.8818	-24.6078	0.532699	0.308996	985.783
LLLAGLLWLLTSLTYLLLILI	LLLAGLLWLLTSLTFLLLILI	-24.2664	-22.2455	0.650378	0.240035	981.348
LLLAGLLWLLTSLTFLLLILI	LLLYGLLWLLTSLTFLLLILI	-22.3111	-24.1969	0.174433	0.80848	978.717
LLLYGLLWLLTSLTFLLLILI	LLLYGLLWLLTALTFLLLILI	-24.3632	-24.9374	0.642213	0.244161	975.768
LLLYGLLWLLTALTFLLLILI	LLLGGLLWLLTALTFLLLILI	-24.8119	-23.3588	0.369715	0.453966	972.463
LLLGGLLWLLTALTFLLLILI	LLLFGLLWLLTALTFLLLILI	-23.3588	-24.9519	0.453966	0.369715	964.627
LLLFGLLWLLTALTFLLLILI	LLLFGLLWLLTSLTFLLLILI	-25.0775	-23.3211	0.244161	0.642213	960.005
LLLFGLLWLLTSLTFLLLILI	LLLFGLLWLLTALTFLLLILI	-23.3211	-23.4177	0.642213	0.244161	954.846
LLLFGLLWLLTALTFLLLILI	LLLFGLLWLLTSLTFLLLILI	-23.4177	-24.7182	0.244161	0.642213	949.095
LLLFGLLWLLTSLTFLLLILI	LLLFGLLWLLTALTFLLLILI	-24.7182	-22.9874	0.642213	0.244161	942.693
LLLFGLLWLLTALTFLLLILI	LLLFGLLFLLTALTFLLLILI	-22.7738	-22.2331	0.457728	0.366471	935.578
LLLFGLLFLLTALTFLLLILI	LLLFGLLFLLTSLTFLLLILI	-22.3554	-22.219	0.244161	0.642213	927.683
LLLFGLLFLLTSLTFLLLILI	LLLFGLLFLLTALTFLLLILI	-22.219	-21.5496	0.642213	0.244161	918.939
LLLFGLLFLLTALTFLLLILI	LLLFGLLWLLTALTFLLLILI	-21.4273	-24.8639	0.366471	0.457728	909.276
LLLFGLLWLLTALTFLLLILI	LLLFGLLWLLTSLTFLLLILI	-25.0775	-23.3211	0.244161	0.642213	898.621
LLLFGLLWLLTSLTFLLLILI	LLLFGLLWLLTALTFLLLILI	-23.3211	-23.0632	0.642213	0.244161	886.903
LLLFGLLWLLTALTFLLLILI	LLLFGLLYLLTALTFLLLILI	-22.7085	-21.5923	0.598868	0.267575	874.051
LLLFGLLYLLTALTFLLLILI	LLLFGLLYLLTALTYLLLILI	-21.6198	-21.3306	0.240035	0.650378	859.999
LLLFGLLYLLTALTYLLLILI	LLLFGLLWLLTALTYLLLILI	-21.5298	-25.7511	0.451187	0.372136	844.686
LLLFGLLWLLTALTYLLLILI	LLLFGLLWLLTSLTYLLLILI	-25.8791	-23.451	0.244161	0.642213	828.061
LLLFGLLWLLTSLTYLLLILI	LLLFGLLWLLTSLYYLLLILI	-23.7644	-21.0756	0.328724	0.505042	810.083
LLLFGLLWLLTSLYYLLLILI	LLLFGLLWLLTALYYLLLILI	-20.9385	-21.9434	0.642213	0.244161	790.724
LLLFGLLWLLTALYYLLLILI	LLLFGLLWLLTALTYLLLILI	-21.6825	-25.8784	0.505042	0.328724	769.974
LLLFGLLWLLTALTYLLLILI	LLLFGLLWLLTALTFLLLILI	-25.7968	-24.3165	0.410343	0.410343	699.602
LLLFGLLWLLTALTFLLLILI	LLLYGLLWLLTALTFLLLILI	-24.3165	-25.271	0.410343	0.410343	673.628
LLLYGLLWLLTALTFLLLILI	LLLYGLLYLLTALTFLLLILI	-25.3092	-24.8934	0.372136	0.451187	646.557
LLLYGLLYLLTALTFLLLILI	LLLFGLLYLLTALTFLLLILI	-24.6942	-22.3531	0.650378	0.240035	618.524
LLLFGLLYLLTALTFLLLILI	LLLFGLLWLLTALTFLLLILI	-22.3256	-23.3033	0.267575	0.598868	589.688
LLLFGLLWLLTALTFLLLILI	LLLYGLLWLLTALTFLLLILI	-23.4918	-23.7117	0.410343	0.410343	560.23
LLLYGLLWLLTALTFLLLILI	LLLYGLLFLLTALTFLLLILI	-23.5232	-23.5206	0.598868	0.267575	530.348
LLLYGLLFLLTALTFLLLILI	LLLYGLLWLLTALTFLLLILI	-23.5206	-24.5796	0.267575	0.598868	500.25
LLLYGLLWLLTALTFLLLILI	LLLYGLLWLLTSLTFLLLILI	-24.9343	-24.6433	0.244161	0.642213	470.152
LLLYGLLWLLTSLTFLLLILI	LLLYGLLWLLTSLTYLLLILI	-25.1534	-26.3611	0.132101	0.952787	440.27
LLLYGLLWLLTSLTYLLLILI	LLLYGLLWLLTALTYLLLILI	-26.6716	-25.748	0.642213	0.244161	410.812
LLLYGLLWLLTALTYLLLILI	LLLYGLLWLLTALTFLLLILI	-25.0394	-25.0463	0.952787	0.132101	381.976
LLLYGLLWLLTALTFLLLILI	LLLFGLLWLLTALTFLLLILI	-24.7681	-24.9113	0.410343	0.410343	326.872
LLLFGLLWLLTALTFLLLILI	LLLFGLLWLLTSLTFLLLILI	-25.0775	-25.508	0.244161	0.642213	300.898
LLLFGLLWLLTSLTFLLLILI	LLLYGLLWLLTSLTFLLLILI	-25.7399	-25.5965	0.410343	0.410343	276.131
LLLYGLLWLLTSLTFLLLILI	LLLYGLLWLLTALTFLLLILI	-25.3646	-26.5899	0.642213	0.244161	252.655
LLLYGLLWLLTALTFLLLILI	LLLYGLLWLLTSLTFLLLILI	-26.5899	-25.9972	0.244161	0.642213	230.526
LLLYGLLWLLTSLTFLLLILI	LLLYGLLWLLTALTFLLLILI	-25.9972	-24.9343	0.642213	0.244161	190.417
LLLYGLLWLLTALTFLLLILI	LLLYGLLYLLTALTFLLLILI	-24.8063	-24.8903	0.372136	0.451187	172.439
LLLYGLLYLLTALTFLLLILI	LLLYGLLWLLTALTFLLLILI	-24.8903	-25.3841	0.451187	0.372136	101.879
LLLYGLLWLLTALTFLLLILI	LLLYGLLWLLTSLTFLLLILI	-25.5121	-26.3736	0.244161	0.642213	72.8169
LLLYGLLWLLTSLTFLLLILI	LLLYGLLWLLTALTFLLLILI	-26.3736	-26.5899	0.642213	0.244161	28.0365
LLLYGLLWLLTALTFLLLILI	LLLYGLLWLLTSLTFLLLILI	-26.5899	-27.0232	0.244161	0.642213	24.7321
Time: 152s
