***STARTING GEOMETRY:***
xShift: 9.2
crossingAngle: 31
axialRotation: 100
zShift: 3.22877

Number of MCCycles: 100
PrevSequence	CurrSequence	PrevEnergy	CurrEnergy	PrevEntropy	CurrEntropy	CurrentTemp
LLLYVLLVLLTTLTTLLLILI	LLLYALLVLLTTLTTLLLILI	-23.0277	-20.9672	0.701367	0.216099	999.684
LLLYALLVLLTTLTTLLLILI	LLLYGLLVLLTTLTTLLLILI	-20.9072	-19.5939	0.276169	0.584123	999.328
LLLYGLLVLLTTLTTLLLILI	LLLYALLVLLTTLTTLLLILI	-19.5939	-20.9072	0.584123	0.276169	998.928
LLLYALLVLLTTLTTLLLILI	LLLYGLLVLLTTLTTLLLILI	-20.9072	-19.5608	0.276169	0.584123	998.476
LLLYGLLVLLTTLTTLLLILI	LLLYGLLWLLTTLTTLLLILI	-20.0261	-23.7765	0.118797	1.00921	997.967
LLLYGLLWLLTTLTTLLLILI	LLLYGLLWLLTTLTLLLLILI	-23.8027	-21.8213	0.983093	0.124761	997.394
LLLYGLLWLLTTLTLLLLILI	LLLYGLLWLLTTLVLLLLILI	-20.8176	-18.2732	1.12845	0.0952708	996.749
LLLYGLLWLLTTLVLLLLILI	LLLFGLLWLLTTLVLLLLILI	-17.7181	-16.6492	0.650378	0.240035	996.023
LLLFGLLWLLTTLVLLLLILI	LLLFGLLWLLTTLVTLLLILI	-16.7281	-18.8439	0.161118	0.849143	995.205
LLLFGLLWLLTTLVTLLLILI	LLLFGLLWLLTWLVTLLLILI	-19.4015	-23.442	0.291546	0.559121	994.285
LLLFGLLWLLTWLVTLLLILI	LLLFGLLWLLYWLVTLLLILI	-23.4623	-21.7049	0.538845	0.30482	993.249
LLLFGLLWLLYWLVTLLLILI	LLLYGLLWLLYWLVTLLLILI	-21.8777	-22.6481	0.132101	0.952787	992.084
LLLYGLLWLLYWLVTLLLILI	LLLYGLLWLLYWLTTLLLILI	-23.4632	-26.558	0.137712	0.930859	990.773
LLLYGLLWLLYWLTTLLLILI	LLLYALLWLLYWLTTLLLILI	-26.9048	-25.6361	0.584123	0.276169	989.3
LLLYALLWLLYWLTTLLLILI	LLLYALLWLLTWLTTLLLILI	-25.5329	-27.2929	0.379341	0.443059	987.644
LLLYALLWLLTWLTTLLLILI	LLLFALLWLLTWLTTLLLILI	-27.0856	-26.0001	0.650378	0.240035	985.783
LLLFALLWLLTWLTTLLLILI	LLLFALLWLLYWLTTLLLILI	-25.5465	-24.1651	0.693609	0.219549	983.694
LLLFALLWLLYWLTTLLLILI	LLLYALLWLLYWLTTLLLILI	-24.2526	-24.9594	0.132101	0.952787	981.348
LLLYALLWLLYWLTTLLLILI	LLLYALLWLLTWLTTLLLILI	-25.5329	-27.2929	0.379341	0.443059	978.717
LLLYALLWLLTWLTTLLLILI	LLLFALLWLLTWLTTLLLILI	-27.0856	-26.0001	0.650378	0.240035	975.768
LLLFALLWLLTWLTTLLLILI	LLLFALLWLLTYLTTLLLILI	-25.3497	-24.7709	0.890414	0.148778	972.463
LLLFALLWLLTYLTTLLLILI	LLLFGLLWLLTYLTTLLLILI	-24.6435	-25.705	0.276169	0.584123	968.764
LLLFGLLWLLTYLTTLLLILI	LLLFGLLWLLTWLTTLLLILI	-26.1404	-26.7265	0.148778	0.890414	964.627
LLLFGLLWLLTWLTTLLLILI	LLLFGLLWLLTWLYTLLLILI	-26.9233	-23.6852	0.693609	0.219549	960.005
LLLFGLLWLLTWLYTLLLILI	LLLFGLLWLLTYLYTLLLILI	-23.3059	-22.3563	0.598868	0.267575	954.846
LLLFGLLWLLTYLYTLLLILI	LLLYGLLWLLTYLYTLLLILI	-22.5326	-23.036	0.0912572	1.15198	949.095
LLLYGLLWLLTYLYTLLLILI	LLLYALLWLLTYLYTLLLILI	-23.6038	-22.483	0.584123	0.276169	942.693
LLLYALLWLLTYLYTLLLILI	LLLYALLWLLTYLTTLLLILI	-22.2541	-26.0959	0.505042	0.328724	935.578
LLLYALLWLLTYLTTLLLILI	LLLYALLYLLTYLTTLLLILI	-26.1526	-25.033	0.272043	0.591129	927.683
LLLYALLYLLTYLTTLLLILI	LLLYALLYLLTYLVTLLLILI	-24.4957	-21.915	1.12845	0.0952708	918.939
LLLYALLYLLTYLVTLLLILI	LLLYALLWLLTYLVTLLLILI	-21.4191	-22.5323	0.591129	0.272043	909.276
LLLYALLWLLTYLVTLLLILI	LLLLALLWLLTYLVTLLLILI	-22.0031	-20.7479	0.801241	0.176934	898.621
LLLLALLWLLTYLVTLLLILI	LLLLGLLWLLTYLVTLLLILI	-20.6486	-21.657	0.276169	0.584123	886.903
LLLLGLLWLLTYLVTLLLILI	LLLYGLLWLLTYLVTLLLILI	-22.0642	-23.436	0.176934	0.801241	874.051
LLLYGLLWLLTYLVTLLLILI	LLLFGLLWLLTYLVTLLLILI	-23.2845	-22.5411	0.952787	0.132101	859.999
LLLFGLLWLLTYLVTLLLILI	LLLFGLLWLLTWLVTLLLILI	-22.5244	-23.1107	0.148778	0.890414	844.686
LLLFGLLWLLTWLVTLLLILI	LLLFGLLWLLTWLTTLLLILI	-23.9059	-26.4409	0.0952708	1.12845	828.061
LLLFGLLWLLTWLTTLLLILI	LLLYGLLWLLTWLTTLLLILI	-27.3293	-28.4784	0.240035	0.650378	810.083
LLLYGLLWLLTWLTTLLLILI	LLLYGLLWLLTWLVTLLLILI	-28.0003	-25.3872	1.12845	0.0952708	790.724
LLLYGLLWLLTWLVTLLLILI	LLLYALLWLLTWLVTLLLILI	-24.8983	-23.7846	0.584123	0.276169	769.974
LLLYALLWLLTWLVTLLLILI	LLLYALLYLLTWLVTLLLILI	-23.4619	-23.3139	0.598868	0.267575	747.845
LLLYALLYLLTWLVTLLLILI	LLLYALLWLLTWLVTLLLILI	-23.3139	-23.4954	0.267575	0.598868	724.369
LLLYALLWLLTWLVTLLLILI	LLLYALLWLLYWLVTLLLILI	-23.7656	-21.5689	0.328724	0.505042	699.602
LLLYALLWLLYWLVTLLLILI	LLLYALLWLLTWLVTLLLILI	-21.5689	-21.1677	0.505042	0.328724	673.628
LLLYALLWLLTWLVTLLLILI	LLLYALLWLLTYLVTLLLILI	-20.8975	-22.5413	0.598868	0.267575	646.557
LLLYALLWLLTYLVTLLLILI	LLLYALLWLLTWLVTLLLILI	-22.5413	-23.4909	0.267575	0.598868	618.524
LLLYALLWLLTWLVTLLLILI	LLLFALLWLLTWLVTLLLILI	-23.4394	-22.3539	0.650378	0.240035	589.688
LLLFALLWLLTWLVTLLLILI	LLLFALLWLLTWLTTLLLILI	-22.4986	-25.1117	0.0952708	1.12845	560.23
LLLFALLWLLTWLTTLLLILI	LLLFALLYLLTWLTTLLLILI	-25.3497	-25.6576	0.890414	0.148778	530.348
LLLFALLYLLTWLTTLLLILI	LLLYALLYLLTWLTTLLLILI	-25.6743	-26.273	0.132101	0.952787	500.25
LLLYALLYLLTWLTTLLLILI	LLLYGLLYLLTWLTTLLLILI	-26.9496	-25.3239	0.276169	0.584123	470.152
LLLYGLLYLLTWLTTLLLILI	LLLYGLLWLLTWLTTLLLILI	-25.6404	-28.6091	0.267575	0.598868	440.27
LLLYGLLWLLTWLTTLLLILI	LLLVGLLWLLTWLTTLLLILI	-28.4544	-27.3944	0.753596	0.194474	410.812
LLLVGLLWLLTWLTTLLLILI	LLLYGLLWLLTWLTTLLLILI	-27.3944	-28.4247	0.194474	0.753596	353.943
LLLYGLLWLLTWLTTLLLILI	LLLYGLLWLLTYLTTLLLILI	-28.5794	-27.5856	0.598868	0.267575	326.872
LLLYGLLWLLTYLTTLLLILI	LLLFGLLWLLTYLTTLLLILI	-26.9004	-26.157	0.952787	0.132101	300.898
LLLFGLLWLLTYLTTLLLILI	LLLYGLLWLLTYLTTLLLILI	-26.157	-26.9004	0.132101	0.952787	276.131
LLLYGLLWLLTYLTTLLLILI	LLLYGLLWLLTWLTTLLLILI	-27.5856	-28.5489	0.267575	0.598868	230.526
LLLYGLLWLLTWLTTLLLILI	LLLYGLLWLLTYLTTLLLILI	-28.5489	-27.5856	0.598868	0.267575	126.449
LLLYGLLWLLTYLTTLLLILI	LLLYGLLWLLTWLTTLLLILI	-27.5856	-28.5299	0.267575	0.598868	113.597
Time: 102s
