***STARTING GEOMETRY:***
xShift: 8.76676
crossingAngle: 31.7003
axialRotation: 75.8431
zShift: 3.323

Number of MCCycles: 100
PrevSequence	CurrSequence	PrevEnergy	CurrEnergy	PrevEntropy	CurrEntropy	CurrentTemp
LLLYVLLTLLWYLTTLLLILI	LLLYVLLTLLYYLTTLLLILI	-12.8643	-12.2659	0.272043	0.591129	999.684
LLLYVLLTLLYYLTTLLLILI	LLLYVLLTLLWYLTTLLLILI	-12.2659	-12.8778	0.591129	0.272043	999.328
LLLYVLLTLLWYLTTLLLILI	LLLYVLLTLLYYLTTLLLILI	-12.8778	-12.2659	0.272043	0.591129	998.928
LLLYVLLTLLYYLTTLLLILI	LLLYVLLTLLYFLTTLLLILI	-11.705	-12.6478	1.15198	0.0912572	998.476
LLLYVLLTLLYFLTTLLLILI	LLLYVLLTLLWFLTTLLLILI	-12.2879	-12.6687	0.451187	0.372136	997.967
LLLYVLLTLLWFLTTLLLILI	LLLYVLLTLLYFLTTLLLILI	-12.6687	-12.2879	0.372136	0.451187	997.394
LLLYVLLTLLYFLTTLLLILI	LLLYVLLTLLWFLTTLLLILI	-12.2879	-12.6687	0.451187	0.372136	996.749
LLLYVLLTLLWFLTTLLLILI	LLLYFLLTLLWFLTTLLLILI	-12.8463	-12.0445	0.194474	0.753596	996.023
LLLYFLLTLLWFLTTLLLILI	LLLYFLLTLLWFLVTLLLILI	-11.6697	-9.01876	1.12845	0.0952708	995.205
LLLYFLLTLLWFLVTLLLILI	LLLYVLLTLLWFLVTLLLILI	-8.62464	-9.16537	0.489394	0.340616	994.285
LLLYVLLTLLWFLVTLLLILI	LLLYFLLTLLWFLVTLLLILI	-9.16537	-8.62464	0.340616	0.489394	993.249
LLLYFLLTLLWFLVTLLLILI	LLLYFLLTLLYFLVTLLLILI	-8.7419	-8.14535	0.372136	0.451187	992.084
LLLYFLLTLLYFLVTLLLILI	LLLYVLLTLLYFLVTLLLILI	-8.10714	-8.87226	0.489394	0.340616	990.773
LLLYVLLTLLYFLVTLLLILI	LLLYVLLTLLYYLVTLLLILI	-9.12162	-7.98545	0.0912572	1.15198	989.3
LLLYVLLTLLYYLVTLLLILI	LLLYVLLTLLWYLVTLLLILI	-8.5463	-9.23089	0.591129	0.272043	987.644
LLLYVLLTLLWYLVTLLLILI	LLLYVLLGLLWYLVTLLLILI	-8.74862	-5.86521	0.754313	0.194196	985.783
LLLYVLLGLLWYLVTLLLILI	LLLYWLLGLLWYLVTLLLILI	-5.94061	-5.9187	0.118797	1.00921	983.694
LLLYWLLGLLWYLVTLLLILI	LLLYWLLGLLWFLVTLLLILI	-5.97513	-6.75439	0.952787	0.132101	981.348
LLLYWLLGLLWFLVTLLLILI	LLLYWLLGLLWFLTTLLLILI	-6.74877	-9.64017	0.137712	0.930859	978.717
LLLYWLLGLLWFLTTLLLILI	LLLFWLLGLLWFLTTLLLILI	-10.1607	-8.321	0.410343	0.410343	975.768
LLLFWLLGLLWFLTTLLLILI	LLLFVLLGLLWFLTTLLLILI	-7.36822	-8.13198	1.36313	0.0623734	972.463
LLLFVLLGLLWFLTTLLLILI	LLLFVLLGLLWYLTTLLLILI	-7.78401	-7.59907	0.410343	0.410343	968.764
LLLFVLLGLLWYLTTLLLILI	LLLFVLLGLLWFLTTLLLILI	-7.59907	-7.78401	0.410343	0.410343	964.627
LLLFVLLGLLWFLTTLLLILI	LLLYVLLGLLWFLTTLLLILI	-7.78401	-9.51396	0.410343	0.410343	960.005
LLLYVLLGLLWFLTTLLLILI	LLLYVLLGLLWYLTTLLLILI	-9.7922	-8.78644	0.132101	0.952787	954.846
LLLYVLLGLLWYLTTLLLILI	LLLYWLLGLLWYLTTLLLILI	-9.67686	-9.24476	0.0623734	1.36313	949.095
LLLYWLLGLLWYLTTLLLILI	LLLYWLLGLLWFLTTLLLILI	-9.6551	-10.4389	0.952787	0.132101	942.693
LLLYWLLGLLWFLTTLLLILI	LLLYWLLGLLWYLTTLLLILI	-10.4389	-9.6551	0.132101	0.952787	935.578
LLLYWLLGLLWYLTTLLLILI	LLLYWLLGLLTYLTTLLLILI	-10.0488	-10.0007	0.559121	0.291546	927.683
LLLYWLLGLLTYLTTLLLILI	LLLYWLLGLLTTLTTLLLILI	-9.98744	-11.3274	0.30482	0.538845	918.939
LLLYWLLGLLTTLTTLLLILI	LLLYVLLGLLTTLTTLLLILI	-10.857	-10.9799	1.00921	0.118797	909.276
LLLYVLLGLLTTLTTLLLILI	LLLYVLLGLLYTLTTLLLILI	-10.5599	-7.74898	0.538845	0.30482	898.621
LLLYVLLGLLYTLTTLLLILI	LLLYWLLGLLYTLTTLLLILI	-7.93501	-7.89793	0.118797	1.00921	886.903
LLLYWLLGLLYTLTTLLLILI	LLLYVLLGLLYTLTTLLLILI	-7.89793	-7.93501	1.00921	0.118797	874.051
LLLYVLLGLLYTLTTLLLILI	LLLYWLLGLLYTLTTLLLILI	-7.93501	-7.89793	0.118797	1.00921	859.999
LLLYWLLGLLYTLTTLLLILI	LLLYWLLGLLTTLTTLLLILI	-8.60232	-11.3274	0.30482	0.538845	844.686
LLLYWLLGLLTTLTTLLLILI	LLLYWLLGLLTTLVTLLLILI	-10.5899	-8.37507	1.27634	0.0728516	828.061
LLLYWLLGLLTTLVTLLLILI	LLLYWLLGLLTFLVTLLLILI	-7.44362	-6.63152	1.0043	0.119894	810.083
LLLYWLLGLLTFLVTLLLILI	LLLYWLLGLLTFLTTLLLILI	-6.65615	-9.11018	0.0952708	1.12845	790.724
LLLYWLLGLLTFLTTLLLILI	LLLYWLLGLLWFLTTLLLILI	-9.94708	-10.0119	0.291546	0.559121	769.974
LLLYWLLGLLWFLTTLLLILI	LLLFWLLGLLWFLTTLLLILI	-10.1607	-8.321	0.410343	0.410343	747.845
LLLFWLLGLLWFLTTLLLILI	LLLFWLLGLLWYLTTLLLILI	-8.321	-8.358	0.410343	0.410343	724.369
LLLFWLLGLLWYLTTLLLILI	LLLFWLLGLLWYLTGLLLILI	-8.27839	-3.52858	0.489954	0.34018	699.602
LLLFWLLGLLWYLTGLLLILI	LLLFWLLGLLWYLTALLLILI	-2.99642	-0.711281	0.872342	0.154044	673.628
LLLFWLLGLLWYLTALLLILI	LLLFVLLGLLWYLTALLLILI	0.497805	-0.0441436	1.36313	0.0623734	646.557
LLLFVLLGLLWYLTALLLILI	LLLYVLLGLLWYLTALLLILI	0.025584	-0.883545	0.132101	0.952787	618.524
LLLYVLLGLLWYLTALLLILI	LLLYVLLGLLTYLTALLLILI	-1.37536	-1.73063	0.460972	0.363705	589.688
LLLYVLLGLLTYLTALLLILI	LLLYWLLGLLTYLTALLLILI	-1.97554	-1.70124	0.118797	1.00921	560.23
LLLYWLLGLLTYLTALLLILI	LLLYVLLGLLTYLTALLLILI	-1.70124	-1.97554	1.00921	0.118797	530.348
LLLYVLLGLLTYLTALLLILI	LLLYWLLGLLTYLTALLLILI	-1.97554	-1.70124	0.118797	1.00921	500.25
LLLYWLLGLLTYLTALLLILI	LLLYVLLGLLTYLTALLLILI	-1.70124	-1.97554	1.00921	0.118797	470.152
LLLYVLLGLLTYLTALLLILI	LLLYVLLGLLTYLTGLLLILI	-1.94029	-3.40601	0.154044	0.872342	440.27
LLLYVLLGLLTYLTGLLLILI	LLLYVLLGLLTYLTALLLILI	-3.40601	-1.94029	0.872342	0.154044	381.976
LLLYVLLGLLTYLTALLLILI	LLLYWLLGLLTYLTALLLILI	-1.97554	-1.70124	0.118797	1.00921	353.943
LLLYWLLGLLTYLTALLLILI	LLLYWLLGLLTYLTGLLLILI	-2.55641	-4.02221	0.154044	0.872342	326.872
LLLYWLLGLLTYLTGLLLILI	LLLYWLLGLLWYLTGLLLILI	-4.6852	-4.99135	0.209355	0.716965	300.898
LLLYWLLGLLWYLTGLLLILI	LLLYWLLGLLWFLTGLLLILI	-4.75553	-5.64936	0.952787	0.132101	276.131
LLLYWLLGLLWFLTGLLLILI	LLLYVLLGLLWFLTGLLLILI	-4.41833	-5.0724	1.36313	0.0623734	230.526
LLLYVLLGLLWFLTGLLLILI	LLLYVLLGLLWYLTGLLLILI	-5.00267	-3.8869	0.132101	0.952787	209.776
LLLYVLLGLLWYLTGLLLILI	LLLVVLLGLLWYLTGLLLILI	-4.08609	-3.78521	0.753596	0.194474	190.417
LLLVVLLGLLWYLTGLLLILI	LLLVVLLGLLWFLTGLLLILI	-3.3293	-4.04078	0.650378	0.240035	172.439
LLLVVLLGLLWFLTGLLLILI	LLLVVLLGLLYFLTGLLLILI	-3.68194	-3.55648	0.598868	0.267575	155.814
LLLVVLLGLLYFLTGLLLILI	LLLYVLLGLLYFLTGLLLILI	-3.62958	-4.10957	0.194474	0.753596	140.501
LLLYVLLGLLYFLTGLLLILI	LLLYVLLGLLWFLTGLLLILI	-4.41198	-4.76263	0.451187	0.372136	126.449
LLLYVLLGLLWFLTGLLLILI	LLLYVLLGLLYFLTGLLLILI	-4.76263	-4.41198	0.372136	0.451187	91.2238
LLLYVLLGLLYFLTGLLLILI	LLLYWLLGLLYFLTGLLLILI	-4.74437	-4.34427	0.118797	1.00921	72.8169
LLLYWLLGLLYFLTGLLLILI	LLLYVLLGLLYFLTGLLLILI	-4.34427	-4.74437	1.00921	0.118797	64.9219
LLLYVLLGLLYFLTGLLLILI	LLLYVLLGLLWFLTGLLLILI	-4.41198	-4.76263	0.451187	0.372136	51.4049
Time: 302s
