***STARTING GEOMETRY:***
xShift: 6.40946
crossingAngle: -50.1133
axialRotation: 5.2043
zShift: 5.08157

Number of MCCycles: 100
PrevSequence	CurrSequence	PrevEnergy	CurrEnergy	PrevEntropy	CurrEntropy	CurrentTemp
LLLYLLGTLLGYLLVTLLILI	LLLYLLGTLLGFLLVTLLILI	-44.1344	-41.5385	0.952787	0.132101	999.684
LLLYLLGTLLGFLLVTLLILI	LLLYLLGTLLGTLLVTLLILI	-41.4988	-41.0069	0.171816	0.816184	999.328
LLLYLLGTLLGTLLVTLLILI	LLLYLLGILLGTLLVTLLILI	-40.9112	-38.9617	0.911943	0.142768	998.928
LLLYLLGILLGTLLVTLLILI	LLLFLLGILLGTLLVTLLILI	-38.4541	-36.4889	0.650378	0.240035	998.476
LLLFLLGILLGTLLVTLLILI	LLLFLLGTLLGTLLVTLLILI	-36.5861	-36.5542	0.142768	0.911943	997.967
LLLFLLGTLLGTLLVTLLILI	LLLFLLGILLGTLLVTLLILI	-36.5542	-36.5861	0.911943	0.142768	997.394
LLLFLLGILLGTLLVTLLILI	LLLYLLGILLGTLLVTLLILI	-36.4889	-37.0368	0.240035	0.650378	996.749
LLLYLLGILLGTLLVTLLILI	LLLYLLGILLGFLLVTLLILI	-37.1483	-38.7327	0.538845	0.30482	996.023
LLLYLLGILLGFLLVTLLILI	LLLYLLGTLLGFLLVTLLILI	-38.7798	-41.0523	0.257708	0.616541	995.205
LLLYLLGTLLGFLLVTLLILI	LLLYLLGTLLGFLLVVLLILI	-41.2585	-38.1265	0.410343	0.410343	994.285
LLLYLLGTLLGFLLVVLLILI	LLLYLLGILLGFLLVVLLILI	-37.9203	-35.6431	0.616541	0.257708	993.249
LLLYLLGILLGFLLVVLLILI	LLLYLLGILLGTLLVVLLILI	-35.596	-34.8454	0.30482	0.538845	992.084
LLLYLLGILLGTLLVVLLILI	LLLYLLGILLGTLLVTLLILI	-34.9739	-37.884	0.410343	0.410343	989.3
LLLYLLGILLGTLLVTLLILI	LLLYLLGILLGTLLVYLLILI	-37.884	-35.3116	0.410343	0.410343	987.644
LLLYLLGILLGTLLVYLLILI	LLLYLLGILLGWLLVYLLILI	-35.5126	-33.3364	0.209355	0.716965	985.783
LLLYLLGILLGWLLVYLLILI	LLLFLLGILLGWLLVYLLILI	-33.4029	-30.7898	0.650378	0.240035	983.694
LLLFLLGILLGWLLVYLLILI	LLLFLLGILLGWLLVTLLILI	-30.6194	-35.9948	0.410343	0.410343	981.348
LLLFLLGILLGWLLVTLLILI	LLLFLLGTLLGWLLVTLLILI	-36.1474	-38.2659	0.257708	0.616541	978.717
LLLFLLGTLLGWLLVTLLILI	LLLYLLGTLLGWLLVTLLILI	-38.6424	-39.5409	0.240035	0.650378	975.768
LLLYLLGTLLGWLLVTLLILI	LLLYLLGTLLGYLLVTLLILI	-39.8192	-44.636	0.372136	0.451187	972.463
LLLYLLGTLLGYLLVTLLILI	LLLYLLGTLLGFLLVTLLILI	-44.1344	-41.5385	0.952787	0.132101	968.764
LLLYLLGTLLGFLLVTLLILI	LLLYLLGTLLGFLLVVLLILI	-41.2602	-38.1265	0.410343	0.410343	960.005
LLLYLLGTLLGFLLVVLLILI	LLLYLLGTLLGFLLVTLLILI	-38.1265	-41.2585	0.410343	0.410343	954.846
LLLYLLGTLLGFLLVTLLILI	LLLYLLGTLLGFLLTTLLILI	-41.5311	-41.5315	0.137712	0.930859	949.095
LLLYLLGTLLGFLLTTLLILI	LLLYLLGTLLGYLLTTLLILI	-42.3302	-42.3142	0.132101	0.952787	942.693
LLLYLLGTLLGYLLTTLLILI	LLLYLLGTLLGFLLTTLLILI	-42.3142	-41.5149	0.952787	0.132101	935.578
LLLYLLGTLLGFLLTTLLILI	LLLYLLGILLGFLLTTLLILI	-40.7351	-38.4682	0.911943	0.142768	918.939
LLLYLLGILLGFLLTTLLILI	LLLYLLGTLLGFLLTTLLILI	-38.4682	-40.7351	0.142768	0.911943	898.621
LLLYLLGTLLGFLLTTLLILI	LLLYLLGILLGFLLTTLLILI	-40.7351	-38.4713	0.911943	0.142768	886.903
LLLYLLGILLGFLLTTLLILI	LLLYLLGILLGFLLWTLLILI	-38.4047	-34.7751	0.209355	0.716965	859.999
LLLYLLGILLGFLLWTLLILI	LLLYLLGILLGTLLWTLLILI	-35.1872	-35.7227	0.30482	0.538845	844.686
LLLYLLGILLGTLLWTLLILI	LLLYLLGILLGTLLWVLLILI	-35.8512	-32.8096	0.410343	0.410343	828.061
LLLYLLGILLGTLLWVLLILI	LLLYLLGILLGTLLWTLLILI	-32.8096	-35.554	0.410343	0.410343	810.083
LLLYLLGILLGTLLWTLLILI	LLLYLLGTLLGTLLWTLLILI	-35.8215	-38.5581	0.142768	0.911943	790.724
LLLYLLGTLLGTLLWTLLILI	LLLYLLGTLLGTLLTTLLILI	-39.1268	-40.5955	0.343253	0.48602	747.845
LLLYLLGTLLGTLLTTLLILI	LLLYLLGTLLGYLLTTLLILI	-40.6385	-42.8862	0.443059	0.379341	724.369
LLLYLLGTLLGYLLTTLLILI	LLLFLLGTLLGYLLTTLLILI	-42.3128	-41.083	0.952787	0.132101	699.602
LLLFLLGTLLGYLLTTLLILI	LLLFLLGILLGYLLTTLLILI	-40.3031	-35.7736	0.911943	0.142768	673.628
LLLFLLGILLGYLLTTLLILI	LLLYLLGILLGYLLTTLLILI	-35.7843	-36.5327	0.132101	0.952787	646.557
LLLYLLGILLGYLLTTLLILI	LLLYLLGTLLGYLLTTLLILI	-37.3427	-42.3519	0.142768	0.911943	618.524
LLLYLLGTLLGYLLTTLLILI	LLLYLLGTLLGFLLTTLLILI	-42.3111	-42.3302	0.952787	0.132101	589.688
LLLYLLGTLLGFLLTTLLILI	LLLYLLGTLLGFLLWTLLILI	-42.0986	-39.1175	0.363705	0.460972	530.348
LLLYLLGTLLGFLLWTLLILI	LLLYLLGTLLGFLLTTLLILI	-39.1175	-42.1017	0.460972	0.363705	500.25
LLLYLLGTLLGFLLTTLLILI	LLLYLLGTLLGYLLTTLLILI	-42.3333	-43.1293	0.132101	0.952787	470.152
LLLYLLGTLLGYLLTTLLILI	LLLYLLGTLLGFLLTTLLILI	-43.1293	-42.3333	0.952787	0.132101	190.417
LLLYLLGTLLGFLLTTLLILI	LLLYLLGTLLGYLLTTLLILI	-42.3333	-42.3142	0.132101	0.952787	172.439
LLLYLLGTLLGYLLTTLLILI	LLLYLLGTLLGFLLTTLLILI	-42.3142	-42.3302	0.952787	0.132101	126.449
LLLYLLGTLLGFLLTTLLILI	LLLYLLGTLLGYLLTTLLILI	-42.3302	-42.3142	0.132101	0.952787	113.597
LLLYLLGTLLGYLLTTLLILI	LLLYLLGTLLGFLLTTLLILI	-42.3142	-42.3333	0.952787	0.132101	31.7355
LLLYLLGTLLGFLLTTLLILI	LLLYLLGTLLGYLLTTLLILI	-42.3333	-43.1324	0.132101	0.952787	8.41632
Time: 278s
