***STARTING GEOMETRY:***
xShift: 8.89397
crossingAngle: -37.8568
axialRotation: -87.3755
zShift: 3.73978

Number of MCCycles: 200
PrevSequence	CurrSequence	PrevEnergy	CurrEnergy	PrevEntropy	CurrEntropy	CurrentTemp
LLLTFLLTTLLGTLLATLILI	LLLYFLLTTLLGTLLATLILI	-6.19832	-8.17546	0.917682	0.141213	999.847
LLLYFLLTTLLGTLLATLILI	LLLYYLLTTLLGTLLATLILI	-8.18457	-10.156	0.132101	0.952787	999.684
LLLYYLLTTLLGTLLATLILI	LLLYYLLTFLLGTLLATLILI	-9.96193	-9.24098	1.14683	0.0921195	999.512
LLLYYLLTFLLGTLLATLILI	LLLYYLLTTLLGTLLATLILI	-9.24098	-9.96193	0.0921195	1.14683	999.328
LLLYYLLTTLLGTLLATLILI	LLLYYLLTYLLGTLLATLILI	-10.7014	-9.48071	0.407346	0.413356	999.134
LLLYYLLTYLLGTLLATLILI	LLLYGLLTYLLGTLLATLILI	-9.13542	-8.63286	0.758648	0.192521	998.928
LLLYGLLTYLLGTLLATLILI	LLLYYLLTYLLGTLLATLILI	-8.63286	-9.13542	0.192521	0.758648	998.708
LLLYYLLTYLLGTLLATLILI	LLLYGLLTYLLGTLLATLILI	-9.13542	-8.63286	0.758648	0.192521	998.476
LLLYGLLTYLLGTLLATLILI	LLLYYLLTYLLGTLLATLILI	-8.63286	-8.86331	0.192521	0.758648	998.229
LLLYYLLTYLLGTLLATLILI	LLLYYLLTYLLGTLLSTLILI	-9.3778	-8.9073	0.244161	0.642213	997.967
LLLYYLLTYLLGTLLSTLILI	LLLYYLLTFLLGTLLSTLILI	-8.39753	-9.16478	1.15198	0.0912572	997.689
LLLYYLLTFLLGTLLSTLILI	LLLWYLLTFLLGTLLSTLILI	-8.80485	-7.93078	0.451187	0.372136	997.394
LLLWYLLTFLLGTLLSTLILI	LLLWYLLTFLLGTLLATLILI	-7.6607	-8.11258	0.642213	0.244161	997.081
LLLWYLLTFLLGTLLATLILI	LLLWYLLTTLLGTLLATLILI	-8.26462	-8.97029	0.0921195	1.14683	996.749
LLLWYLLTTLLGTLLATLILI	LLLWYLLTTLLGTLLAYLILI	-9.57828	-8.57444	0.538845	0.30482	996.397
LLLWYLLTTLLGTLLAYLILI	LLLWYLLTFLLGTLLAYLILI	-7.87496	-7.00056	1.0043	0.119894	996.023
LLLWYLLTFLLGTLLAYLILI	LLLWTLLTFLLGTLLAYLILI	-6.74112	-8.89083	0.379341	0.443059	995.626
LLLWTLLTFLLGTLLAYLILI	LLLWTLLTFLLGFLLAYLILI	-8.64028	-6.89112	0.693609	0.219549	995.205
LLLWTLLTFLLGFLLAYLILI	LLLWTLLTTLLGFLLAYLILI	-6.89112	-7.88745	0.219549	0.693609	994.758
LLLWTLLTTLLGFLLAYLILI	LLLWTLLTTLLGFLLATLILI	-8.40925	-4.50409	0.171816	0.816184	994.285
LLLWTLLTTLLGFLLATLILI	LLLYTLLTTLLGFLLATLILI	-4.72141	-2.90499	0.598868	0.267575	993.782
LLLYTLLTTLLGFLLATLILI	LLLYTLLTFLLGFLLATLILI	-2.35638	-1.51238	0.816184	0.171816	993.249
LLLYTLLTFLLGFLLATLILI	LLLYTLLTTLLGFLLATLILI	-1.51238	-2.35638	0.171816	0.816184	992.683
LLLYTLLTTLLGFLLATLILI	LLLYTLLTTLLGTLLATLILI	-3.09775	-5.10596	0.0748068	1.26162	992.084
LLLYTLLTTLLGTLLATLILI	LLLYTLLTYLLGTLLATLILI	-5.74631	-3.57561	0.62127	0.255144	991.448
LLLYTLLTYLLGTLLATLILI	LLLYTLLTYLLGTLLGTLILI	-3.67671	-1.57783	0.154044	0.872342	990.773
LLLYTLLTYLLGTLLGTLILI	LLLYYLLTYLLGTLLGTLILI	-2.04282	-8.01614	0.407346	0.413356	990.058
LLLYYLLTYLLGTLLGTLILI	LLLYYLLTYLLGYLLGTLILI	-8.16745	-4.8641	0.262045	0.608671	989.3
LLLYYLLTYLLGYLLGTLILI	LLLYYLLAYLLGYLLGTLILI	-4.48178	1.31842	0.990994	0.122923	988.496
LLLYYLLAYLLGYLLGTLILI	LLLYYLLAYLLGYLLGWLILI	1.40485	3.91131	0.209355	0.716965	987.644
LLLYYLLAYLLGYLLGWLILI	LLLYYLLATLLGYLLGWLILI	4.29214	0.884166	1.09779	0.10079	986.74
LLLYYLLATLLGYLLGWLILI	LLLYYLLGTLLGYLLGWLILI	0.890389	2.60005	0.107014	1.06535	985.783
LLLYYLLGTLLGYLLGWLILI	LLLYYLLGTLLGYLLGTLILI	1.99568	-0.0619396	0.460972	0.363705	984.769
LLLYYLLGTLLGYLLGTLILI	LLLWYLLGTLLGYLLGTLILI	0.165485	0.805298	0.591129	0.272043	983.694
LLLWYLLGTLLGYLLGTLILI	LLLWYLLATLLGYLLGTLILI	1.5986	0.257397	1.06535	0.107014	982.555
LLLWYLLATLLGYLLGTLILI	LLLWYLLATLLGTLLGTLILI	0.529725	-1.24843	0.379341	0.443059	981.348
LLLWYLLATLLGTLLGTLILI	LLLWYLLAYLLGTLLGTLILI	-1.24843	0.234463	0.443059	0.379341	980.071
LLLWYLLAYLLGTLLGTLILI	LLLYYLLAYLLGTLLGTLILI	0.127165	-1.56092	0.272043	0.591129	978.717
LLLYYLLAYLLGTLLGTLILI	LLLYYLLAYLLGTLLSTLILI	-1.56019	-3.27261	0.591862	0.271616	977.285
LLLYYLLAYLLGTLLSTLILI	LLLTYLLAYLLGTLLSTLILI	-3.03918	-1.87396	0.505042	0.328724	975.768
LLLTYLLAYLLGTLLSTLILI	LLLTYLLAYLLGTLLATLILI	-1.79846	-1.77287	0.404229	0.416521	974.162
LLLTYLLAYLLGTLLATLILI	LLLYYLLAYLLGTLLATLILI	-1.86067	-2.87024	0.328724	0.505042	972.463
LLLYYLLAYLLGTLLATLILI	LLLYYLLATLLGTLLATLILI	-2.87024	-3.93125	0.505042	0.328724	970.666
LLLYYLLATLLGTLLATLILI	LLLYYLLATLLGTLLAWLILI	-3.77395	-2.79568	0.48602	0.343253	968.764
LLLYYLLATLLGTLLAWLILI	LLLYWLLATLLGTLLAWLILI	-2.87135	-2.11668	0.267575	0.598868	966.754
LLLYWLLATLLGTLLAWLILI	LLLYYLLATLLGTLLAWLILI	-2.11668	-3.08717	0.598868	0.267575	964.627
LLLYYLLATLLGTLLAWLILI	LLLYFLLATLLGTLLAWLILI	-2.40196	-1.65926	0.952787	0.132101	962.38
LLLYFLLATLLGTLLAWLILI	LLLYFLLATLLGTLLATLILI	-1.44811	-2.42638	0.343253	0.48602	960.005
LLLYFLLATLLGTLLATLILI	LLLYYLLATLLGTLLATLILI	-2.7803	-3.30718	0.132101	0.952787	957.496
LLLYYLLATLLGTLLATLILI	LLLWYLLATLLGTLLATLILI	-3.80878	-2.80413	0.451187	0.372136	954.846
LLLWYLLATLLGTLLATLILI	LLLWYLLATLLGTLLAYLILI	-2.73321	-1.5211	0.443059	0.379341	952.048
LLLWYLLATLLGTLLAYLILI	LLLWYLLATLLGTLLSYLILI	-1.48392	-1.31611	0.416521	0.404229	949.095
LLLWYLLATLLGTLLSYLILI	LLLWYLLATLLGTLLSTLILI	-1.341	-3.09939	0.379341	0.443059	945.979
LLLWYLLATLLGTLLSTLILI	LLLWYLLATLLGTLLSWLILI	-3.2509	-2.01057	0.291546	0.559121	942.693
LLLWYLLATLLGTLLSWLILI	LLLWYLLGTLLGTLLSWLILI	-2.41564	-1.01129	0.154044	0.872342	939.229
LLLWYLLGTLLGTLLSWLILI	LLLWYLLGTLLGTLLSTLILI	-1.32451	-2.50136	0.559121	0.291546	935.578
LLLWYLLGTLLGTLLSTLILI	LLLWYLLATLLGTLLSTLILI	-1.92057	-3.00632	0.872342	0.154044	931.732
LLLWYLLATLLGTLLSTLILI	LLLWYLLATLLGYLLSTLILI	-2.7173	-1.49412	0.443059	0.379341	927.683
LLLWYLLATLLGYLLSTLILI	LLLWTLLATLLGYLLSTLILI	-1.49412	-4.48357	0.379341	0.443059	923.422
LLLWTLLATLLGYLLSTLILI	LLLWTLLATLLGTLLSTLILI	-4.75481	-5.8207	0.171816	0.816184	914.227
LLLWTLLATLLGTLLSTLILI	LLLWTLLATLLGVLLSTLILI	-5.36054	-3.01286	1.27634	0.0728516	909.276
LLLWTLLATLLGVLLSTLILI	LLLWTLLATLLGVLLATLILI	-2.68148	-2.15947	0.404229	0.416521	904.077
LLLWTLLATLLGVLLATLILI	LLLWTLLTTLLGVLLATLILI	-2.45307	-1.23855	0.122923	0.990994	898.621
LLLWTLLTTLLGVLLATLILI	LLLWTLLTTLLGYLLATLILI	-2.03507	-3.56257	0.194474	0.753596	892.899
LLLWTLLTTLLGYLLATLILI	LLLWTLLGTLLGYLLATLILI	-3.56186	-3.61814	0.754313	0.194196	886.903
LLLWTLLGTLLGYLLATLILI	LLLWTLLTTLLGYLLATLILI	-3.61814	-3.56186	0.194196	0.754313	880.623
LLLWTLLTTLLGYLLATLILI	LLLWTLLTTLLGTLLATLILI	-4.17496	-5.36269	0.141213	0.917682	874.051
LLLWTLLTTLLGTLLATLILI	LLLWTLLTTLLGTLLAYLILI	-5.36269	-4.90405	0.917682	0.141213	867.179
LLLWTLLTTLLGTLLAYLILI	LLLWTLLTTLLGTLLATLILI	-4.90405	-5.36269	0.141213	0.917682	859.999
LLLWTLLTTLLGTLLATLILI	LLLWTLLGTLLGTLLATLILI	-5.42803	-5.63599	0.85234	0.160122	852.504
LLLWTLLGTLLGTLLATLILI	LLLWTLLTTLLGTLLATLILI	-5.63599	-5.42803	0.160122	0.85234	844.686
LLLWTLLTTLLGTLLATLILI	LLLWTLLTYLLGTLLATLILI	-5.36269	-4.91297	0.917682	0.141213	836.541
LLLWTLLTYLLGTLLATLILI	LLLWTLLGYLLGTLLATLILI	-4.29987	-3.09316	0.754313	0.194196	828.061
LLLWTLLGYLLGTLLATLILI	LLLWTLLGYLLGTLLSTLILI	-3.0432	-2.65931	0.244161	0.642213	819.243
LLLWTLLGYLLGTLLSTLILI	LLLWTLLGYLLGYLLSTLILI	-2.85847	-1.02198	0.443059	0.379341	810.083
LLLWTLLGYLLGYLLSTLILI	LLLWTLLGYLLGTLLSTLILI	-1.02198	-2.85847	0.379341	0.443059	800.577
LLLWTLLGYLLGTLLSTLILI	LLLWYLLGYLLGTLLSTLILI	-2.85847	-0.207364	0.443059	0.379341	790.724
LLLWYLLGYLLGTLLSTLILI	LLLWTLLGYLLGTLLSTLILI	-0.207364	-2.85847	0.379341	0.443059	780.523
LLLWTLLGYLLGTLLSTLILI	LLLWTLLGFLLGTLLSTLILI	-2.65115	-2.16185	0.650378	0.240035	769.974
LLLWTLLGFLLGTLLSTLILI	LLLWTLLGFLLGTLLATLILI	-1.75967	-2.15278	0.642213	0.244161	759.081
LLLWTLLGFLLGTLLATLILI	LLLWTLLGFLLGTLLSTLILI	-2.15278	-1.75967	0.244161	0.642213	747.845
LLLWTLLGFLLGTLLSTLILI	LLLWTLLGFLLGFLLSTLILI	-1.70828	-0.693241	0.693609	0.219549	736.272
LLLWTLLGFLLGFLLSTLILI	LLLWTLLGFLLGFLLATLILI	-0.270577	-0.361147	0.642213	0.244161	724.369
LLLWTLLGFLLGFLLATLILI	LLLWTLLGYLLGFLLATLILI	-0.194964	0.218356	0.410343	0.410343	712.142
LLLWTLLGYLLGFLLATLILI	LLLWTLLGYLLGTLLATLILI	-0.0720931	-2.28306	0.119894	1.0043	699.602
LLLWTLLGYLLGTLLATLILI	LLLWTLLGFLLGTLLATLILI	-2.63698	-2.15691	0.650378	0.240035	686.76
LLLWTLLGFLLGTLLATLILI	LLLWTLLAFLLGTLLATLILI	-1.81282	-3.40951	0.584123	0.276169	673.628
LLLWTLLAFLLGTLLATLILI	LLLWTLLAFLLGTLLSTLILI	-3.26916	-3.28632	0.416521	0.404229	660.222
LLLWTLLAFLLGTLLSTLILI	LLLWTLLTFLLGTLLSTLILI	-3.6259	-2.64389	0.064646	1.34306	646.557
LLLWTLLTFLLGTLLSTLILI	LLLWTLLTFLLGTLLATLILI	-3.34474	-3.73796	0.642213	0.244161	632.651
LLLWTLLTFLLGTLLATLILI	LLLWTLLTFLLGTLLSTLILI	-3.73796	-3.34474	0.244161	0.642213	618.524
LLLWTLLTFLLGTLLSTLILI	LLLWTLLTFLLGTLLATLILI	-3.34474	-3.73796	0.642213	0.244161	604.196
LLLWTLLTFLLGTLLATLILI	LLLWYLLTFLLGTLLATLILI	-3.16593	-2.44983	0.816184	0.171816	589.688
LLLWYLLTFLLGTLLATLILI	LLLWYLLAFLLGTLLATLILI	-1.76507	-1.06797	0.856576	0.158812	575.025
LLLWYLLAFLLGTLLATLILI	LLLWYLLAFLLGTLLSTLILI	-0.810259	-0.827407	0.416521	0.404229	560.23
LLLWYLLAFLLGTLLSTLILI	LLLWTLLAFLLGTLLSTLILI	-1.01209	-2.99694	0.219549	0.693609	545.329
LLLWTLLAFLLGTLLSTLILI	LLLWTLLAFLLGTLLATLILI	-3.28632	-3.26916	0.404229	0.416521	530.348
LLLWTLLAFLLGTLLATLILI	LLLWTLLAFLLGTLLAWLILI	-3.39413	-1.98925	0.291546	0.559121	500.25
LLLWTLLAFLLGTLLAWLILI	LLLWTLLAVLLGTLLAWLILI	-2.05898	-1.65048	0.489394	0.340616	485.188
LLLWTLLAVLLGTLLAWLILI	LLLWTLLATLLGTLLAWLILI	-1.89582	-4.37504	0.0952708	1.12845	455.171
LLLWTLLATLLGTLLAWLILI	LLLWTLLATLLGYLLAWLILI	-4.80988	-2.59751	0.693609	0.219549	440.27
LLLWTLLATLLGYLLAWLILI	LLLWTLLATLLGTLLAWLILI	-2.59751	-4.80988	0.219549	0.693609	410.812
LLLWTLLATLLGTLLAWLILI	LLLWTLLATLLGTLLAYLILI	-4.61308	-5.24021	0.890414	0.148778	396.304
LLLWTLLATLLGTLLAYLILI	LLLWTLLTTLLGTLLAYLILI	-5.26606	-4.05427	0.122923	0.990994	381.976
LLLWTLLTTLLGTLLAYLILI	LLLWTLLTTLLGTLLATLILI	-4.90405	-5.36269	0.141213	0.917682	367.849
LLLWTLLTTLLGTLLATLILI	LLLWTLLTTLLGYLLATLILI	-5.36269	-4.17496	0.917682	0.141213	353.943
LLLWTLLTTLLGYLLATLILI	LLLWTLLTTLLGTLLATLILI	-4.17496	-5.36269	0.141213	0.917682	313.74
LLLWTLLTTLLGTLLATLILI	LLLWTLLGTLLGTLLATLILI	-5.42803	-5.63599	0.85234	0.160122	300.898
LLLWTLLGTLLGTLLATLILI	LLLWTLLTTLLGTLLATLILI	-5.63599	-5.42803	0.160122	0.85234	288.358
LLLWTLLTTLLGTLLATLILI	LLLWTLLTYLLGTLLATLILI	-5.36269	-4.91297	0.917682	0.141213	276.131
LLLWTLLTYLLGTLLATLILI	LLLWTLLTYLLGTLLAYLILI	-4.51534	-3.52043	0.538845	0.30482	264.228
LLLWTLLTYLLGTLLAYLILI	LLLWTLLAYLLGTLLAYLILI	-2.96868	-3.16356	0.856576	0.158812	252.655
LLLWTLLAYLLGTLLAYLILI	LLLWTLLAYLLGTLLSYLILI	-2.90585	-2.97198	0.416521	0.404229	241.419
LLLWTLLAYLLGTLLSYLILI	LLLWTLLAYLLGTLLAYLILI	-2.97198	-2.90585	0.404229	0.416521	219.977
LLLWTLLAYLLGTLLAYLILI	LLLWTLLTYLLGTLLAYLILI	-3.16356	-2.96868	0.158812	0.856576	209.776
LLLWTLLTYLLGTLLAYLILI	LLLWTLLTTLLGTLLAYLILI	-3.52043	-4.50642	0.30482	0.538845	199.923
LLLWTLLTTLLGTLLAYLILI	LLLWTLLTTLLGTLLATLILI	-4.90405	-5.36269	0.141213	0.917682	190.417
LLLWTLLTTLLGTLLATLILI	LLLWTLLTYLLGTLLATLILI	-5.36269	-4.91297	0.917682	0.141213	181.257
LLLWTLLTYLLGTLLATLILI	LLLWTLLTTLLGTLLATLILI	-4.91297	-5.36269	0.141213	0.917682	155.814
LLLWTLLTTLLGTLLATLILI	LLLWTLLTTLLGYLLATLILI	-5.36269	-4.17496	0.917682	0.141213	147.996
LLLWTLLTTLLGYLLATLILI	LLLWTLLTTLLGYLLSTLILI	-4.07201	-3.94437	0.244161	0.642213	140.501
LLLWTLLTTLLGYLLSTLILI	LLLWTLLTTLLGTLLSTLILI	-4.44537	-5.375	0.141213	0.917682	133.321
LLLWTLLTTLLGTLLSTLILI	LLLWTLLTTLLGTLLATLILI	-5.65047	-6.03621	0.642213	0.244161	126.449
LLLWTLLTTLLGTLLATLILI	LLLWTLLATLLGTLLATLILI	-5.1799	-6.52423	1.10047	0.100296	119.877
LLLWTLLATLLGTLLATLILI	LLLWTLLATLLGTLLSTLILI	-6.20801	-6.23265	0.416521	0.404229	81.5606
LLLWTLLATLLGTLLSTLILI	LLLWTLLATLLGTLLATLILI	-6.23265	-6.20801	0.404229	0.416521	77.0783
LLLWTLLATLLGTLLATLILI	LLLWTLLATLLGTLLSTLILI	-6.20801	-6.23265	0.416521	0.404229	64.9219
LLLWTLLATLLGTLLSTLILI	LLLWTLLATLLGTLLATLILI	-6.23265	-6.20801	0.404229	0.416521	33.7464
LLLWTLLATLLGTLLATLILI	LLLWTLLATLLGTLLSTLILI	-6.20801	-6.23265	0.416521	0.404229	26.3376
LLLWTLLATLLGTLLSTLILI	LLLWTLLATLLGTLLATLILI	-6.23265	-6.20801	0.404229	0.416521	7.81658
LLLWTLLATLLGTLLATLILI	LLLWTLLATLLGTLLSTLILI	-6.20801	-6.23265	0.416521	0.404229	3.75076
Time: 346s
