***STARTING GEOMETRY:***
xShift: 8.89298
crossingAngle: -38.526
axialRotation: -87.636
zShift: 3.79449

Number of MCCycles: 200
PrevSequence	CurrSequence	PrevEnergy	CurrEnergy	PrevEntropy	CurrEntropy	CurrentTemp
LLLTFLLTTLLGTLLATLILI	LLLYFLLTTLLGTLLATLILI	-6.28948	-8.36815	0.917682	0.141213	999.847
LLLYFLLTTLLGTLLATLILI	LLLTFLLTTLLGTLLATLILI	-8.36815	-7.49341	0.141213	0.917682	999.684
LLLTFLLTTLLGTLLATLILI	LLLYFLLTTLLGTLLATLILI	-7.49341	-8.36815	0.917682	0.141213	999.512
LLLYFLLTTLLGTLLATLILI	LLLYFLLTYLLGTLLATLILI	-7.97052	-5.16738	0.538845	0.30482	999.328
LLLYFLLTYLLGTLLATLILI	LLLYYLLTYLLGTLLATLILI	-5.38094	-8.65382	0.0912572	1.15198	999.134
LLLYYLLTYLLGTLLATLILI	LLLWYLLTYLLGTLLATLILI	-9.21467	-8.71964	0.591129	0.272043	998.928
LLLWYLLTYLLGTLLATLILI	LLLWYLLTTLLGTLLATLILI	-8.68686	-9.83131	0.30482	0.538845	998.708
LLLWYLLTTLLGTLLATLILI	LLLWYLLTTLLGTLLSTLILI	-10.126	-10.014	0.244161	0.642213	998.476
LLLWYLLTTLLGTLLSTLILI	LLLWYLLTTLLGTLLSWLILI	-10.2925	-9.35494	0.363705	0.460972	998.229
LLLWYLLTTLLGTLLSWLILI	LLLWYLLTTLLGTLLSTLILI	-9.35494	-10.3619	0.460972	0.363705	997.967
LLLWYLLTTLLGTLLSTLILI	LLLWYLLTTLLGTLLATLILI	-10.0834	-9.80823	0.642213	0.244161	997.689
LLLWYLLTTLLGTLLATLILI	LLLWYLLTTLLGTLLSTLILI	-9.80823	-10.0985	0.244161	0.642213	997.394
LLLWYLLTTLLGTLLSTLILI	LLLWYLLTTLLGTLLSWLILI	-10.377	-9.29907	0.363705	0.460972	997.081
LLLWYLLTTLLGTLLSWLILI	LLLWYLLTYLLGTLLSWLILI	-9.31699	-8.08884	0.443059	0.379341	996.749
LLLWYLLTYLLGTLLSWLILI	LLLWYLLTYLLGTLLSTLILI	-7.90906	-9.06065	0.559121	0.291546	996.397
LLLWYLLTYLLGTLLSTLILI	LLLWYLLTYLLGTLLSWLILI	-9.06065	-7.91811	0.291546	0.559121	996.023
LLLWYLLTYLLGTLLSWLILI	LLLWYLLTYLLGTLLAWLILI	-7.83502	-7.2123	0.642213	0.244161	995.626
LLLWYLLTYLLGTLLAWLILI	LLLWYLLTYLLGFLLAWLILI	-6.64028	-3.51893	0.816184	0.171816	995.205
LLLWYLLTYLLGFLLAWLILI	LLLWTLLTYLLGFLLAWLILI	-3.1857	-5.73986	0.505042	0.328724	994.758
LLLWTLLTYLLGFLLAWLILI	LLLWTLLTWLLGFLLAWLILI	-5.96537	-4.62092	0.103217	1.08489	994.285
LLLWTLLTWLLGFLLAWLILI	LLLWTLLTFLLGFLLAWLILI	-4.62092	-6.62048	1.08489	0.103217	993.782
LLLWTLLTFLLGFLLAWLILI	LLLWYLLTFLLGFLLAWLILI	-6.18485	-3.8769	0.538845	0.30482	993.249
LLLWYLLTFLLGFLLAWLILI	LLLWYLLTFLLGFLLAYLILI	-3.58285	-3.67001	0.598868	0.267575	992.683
LLLWYLLTFLLGFLLAYLILI	LLLWYLLTTLLGFLLAYLILI	-3.63276	-4.58936	0.30482	0.538845	992.084
LLLWYLLTTLLGFLLAYLILI	LLLWYLLTTLLGFLLSYLILI	-4.88404	-5.288	0.244161	0.642213	991.448
LLLWYLLTTLLGFLLSYLILI	LLLWYLLTTLLGTLLSYLILI	-5.81032	-8.44538	0.119894	1.0043	990.773
LLLWYLLTTLLGTLLSYLILI	LLLWYLLTTLLGTLLSTLILI	-9.14486	-10.2019	0.30482	0.538845	990.058
LLLWYLLTTLLGTLLSTLILI	LLLWYLLTTLLGYLLSTLILI	-10.2019	-8.72586	0.538845	0.30482	989.3
LLLWYLLTTLLGYLLSTLILI	LLLWYLLTTLLGYLLATLILI	-8.38846	-7.83158	0.642213	0.244161	988.496
LLLWYLLTTLLGYLLATLILI	LLLWYLLTTLLGYLLSTLILI	-7.83158	-8.14078	0.244161	0.642213	987.644
LLLWYLLTTLLGYLLSTLILI	LLLWYLLTTLLGTLLSTLILI	-8.47817	-10.1867	0.30482	0.538845	986.74
LLLWYLLTTLLGTLLSTLILI	LLLWYLLTTLLGTLLATLILI	-10.0834	-9.82338	0.642213	0.244161	985.783
LLLWYLLTTLLGTLLATLILI	LLLWYLLTTLLGTLLAYLILI	-9.5287	-8.46787	0.538845	0.30482	984.769
LLLWYLLTTLLGTLLAYLILI	LLLWYLLTTLLGTLLSYLILI	-8.52853	-8.88886	0.244161	0.642213	983.694
LLLWYLLTTLLGTLLSYLILI	LLLYYLLTTLLGTLLSYLILI	-9.25903	-9.81107	0.272043	0.591129	982.555
LLLYYLLTTLLGTLLSYLILI	LLLYYLLTTLLGTLLSTLILI	-9.98884	-11.1893	0.413356	0.407346	981.348
LLLYYLLTTLLGTLLSTLILI	LLLYYLLTTLLGTLLATLILI	-10.9545	-10.6794	0.642213	0.244161	980.071
LLLYYLLTTLLGTLLATLILI	LLLYYLLATLLGTLLATLILI	-9.93252	-4.35009	0.990994	0.122923	978.717
LLLYYLLATLLGTLLATLILI	LLLYYLLATLLGTLLSTLILI	-4.05649	-4.74194	0.416521	0.404229	977.285
LLLYYLLATLLGTLLSTLILI	LLLYYLLATLLGTLLATLILI	-4.74194	-4.05649	0.404229	0.416521	975.768
LLLYYLLATLLGTLLATLILI	LLLYYLLATLLGTLLSTLILI	-4.05649	-4.74194	0.416521	0.404229	974.162
LLLYYLLATLLGTLLSTLILI	LLLYYLLATLLGTLLSWLILI	-4.66015	-3.89311	0.48602	0.343253	972.463
LLLYYLLATLLGTLLSWLILI	LLLYYLLATLLGTLLSTLILI	-3.89311	-4.66015	0.343253	0.48602	970.666
LLLYYLLATLLGTLLSTLILI	LLLWYLLATLLGTLLSTLILI	-4.69498	-3.49611	0.451187	0.372136	968.764
LLLWYLLATLLGTLLSTLILI	LLLWTLLATLLGTLLSTLILI	-3.69643	-5.99468	0.171816	0.816184	966.754
LLLWTLLATLLGTLLSTLILI	LLLWTLLTTLLGTLLSTLILI	-6.7586	-4.79623	0.0522692	1.46278	964.627
LLLWTLLTTLLGTLLSTLILI	LLLWTLLTTLLGFLLSTLILI	-4.9974	-3.30564	1.26162	0.0748068	962.38
LLLWTLLTTLLGFLLSTLILI	LLLWTLLTFLLGFLLSTLILI	-2.56426	-2.41698	0.816184	0.171816	960.005
LLLWTLLTFLLGFLLSTLILI	LLLWTLLTFLLGTLLSTLILI	-2.41698	-3.23809	0.171816	0.816184	957.496
LLLWTLLTFLLGTLLSTLILI	LLLWTLLTYLLGTLLSTLILI	-3.81424	-4.48364	0.240035	0.650378	954.846
LLLWTLLTYLLGTLLSTLILI	LLLWYLLTYLLGTLLSTLILI	-4.59518	-3.63936	0.538845	0.30482	952.048
LLLWYLLTYLLGTLLSTLILI	LLLWYLLTYLLGTLLSWLILI	-3.65263	-2.41424	0.291546	0.559121	949.095
LLLWYLLTYLLGTLLSWLILI	LLLYYLLTYLLGTLLSWLILI	-2.51563	-3.44434	0.457728	0.366471	945.979
LLLYYLLTYLLGTLLSWLILI	LLLYYLLAYLLGTLLSWLILI	-2.81982	-2.86534	0.990994	0.122923	942.693
LLLYYLLAYLLGTLLSWLILI	LLLYYLLAYLLGTLLSTLILI	-2.52729	-3.55138	0.460972	0.363705	939.229
LLLYYLLAYLLGTLLSTLILI	LLLYYLLATLLGTLLSTLILI	-3.41004	-4.81745	0.505042	0.328724	935.578
LLLYYLLATLLGTLLSTLILI	LLLYYLLAYLLGTLLSTLILI	-4.81745	-3.83586	0.328724	0.505042	931.732
LLLYYLLAYLLGTLLSTLILI	LLLYYLLAYLLGVLLSTLILI	-3.41004	-0.596415	0.930859	0.137712	923.422
LLLYYLLAYLLGVLLSTLILI	LLLYYLLATLLGVLLSTLILI	-0.0797352	-1.35635	0.654392	0.238039	918.939
LLLYYLLATLLGVLLSTLILI	LLLYYLLGTLLGVLLSTLILI	-1.44035	0.104436	0.154044	0.872342	914.227
LLLYYLLGTLLGVLLSTLILI	LLLYYLLGTLLGTLLSTLILI	-0.672635	-3.19014	0.0952708	1.12845	909.276
LLLYYLLGTLLGTLLSTLILI	LLLYYLLATLLGTLLSTLILI	-3.44625	-4.63075	0.872342	0.154044	904.077
LLLYYLLATLLGTLLSTLILI	LLLYYLLATLLGYLLSTLILI	-4.45607	-2.93589	0.328724	0.505042	898.621
LLLYYLLATLLGYLLSTLILI	LLLWYLLATLLGYLLSTLILI	-2.8498	-1.84916	0.591129	0.272043	892.899
LLLWYLLATLLGYLLSTLILI	LLLWYLLATLLGYLLSWLILI	-1.91184	-0.183334	0.209355	0.716965	886.903
LLLWYLLATLLGYLLSWLILI	LLLWYLLATLLGYLLAWLILI	-0.49607	0.751328	0.404229	0.416521	880.623
LLLWYLLATLLGYLLAWLILI	LLLWYLLATLLGYLLSWLILI	0.751328	-0.130132	0.416521	0.404229	874.051
LLLWYLLATLLGYLLSWLILI	LLLWYLLATLLGYLLAWLILI	-0.130132	1.11727	0.404229	0.416521	867.179
LLLWYLLATLLGYLLAWLILI	LLLWYLLATLLGYLLATLILI	1.41771	-1.03019	0.716965	0.209355	859.999
LLLWYLLATLLGYLLATLILI	LLLWYLLATLLGYLLSTLILI	-0.823023	-1.70076	0.416521	0.404229	852.504
LLLWYLLATLLGYLLSTLILI	LLLWYLLATLLGYLLATLILI	-1.70076	-0.823023	0.404229	0.416521	844.686
LLLWYLLATLLGYLLATLILI	LLLWYLLGTLLGYLLATLILI	-0.963375	-0.0931048	0.276169	0.584123	836.541
LLLWYLLGTLLGYLLATLILI	LLLWYLLATLLGYLLATLILI	-0.0931048	-1.3121	0.584123	0.276169	828.061
LLLWYLLATLLGYLLATLILI	LLLWYLLATLLGTLLATLILI	-1.20892	-1.71254	0.379341	0.443059	819.243
LLLWYLLATLLGTLLATLILI	LLLWYLLTTLLGTLLATLILI	-2.03267	-2.83349	0.122923	0.990994	810.083
LLLWYLLTTLLGTLLATLILI	LLLYYLLTTLLGTLLATLILI	-3.45235	-2.17579	0.372136	0.451187	790.724
LLLYYLLTTLLGTLLATLILI	LLLGYLLTTLLGTLLATLILI	-2.03142	-1.25337	0.595564	0.269472	780.523
LLLGYLLTTLLGTLLATLILI	LLLWYLLTTLLGTLLATLILI	-1.22323	-3.27783	0.299616	0.546658	769.974
LLLWYLLTTLLGTLLATLILI	LLLWTLLTTLLGTLLATLILI	-3.68327	-4.66821	0.141213	0.917682	747.845
LLLWTLLTTLLGTLLATLILI	LLLYTLLTTLLGTLLATLILI	-4.98703	0.842978	0.598868	0.267575	736.272
LLLYTLLTTLLGTLLATLILI	LLLYTLLTTLLGYLLATLILI	1.19667	2.79409	0.62127	0.255144	724.369
LLLYTLLTTLLGYLLATLILI	LLLYTLLATLLGYLLATLILI	3.52994	2.01933	0.990994	0.122923	712.142
LLLYTLLATLLGYLLATLILI	LLLWTLLATLLGYLLATLILI	2.34759	1.41167	0.451187	0.372136	699.602
LLLWTLLATLLGYLLATLILI	LLLWTLLATLLGYLLSTLILI	1.45605	0.503834	0.416521	0.404229	686.76
LLLWTLLATLLGYLLSTLILI	LLLWYLLATLLGYLLSTLILI	0.542663	-2.14885	0.443059	0.379341	673.628
LLLWYLLATLLGYLLSTLILI	LLLWYLLATLLGTLLSTLILI	-2.14885	-3.38325	0.379341	0.443059	660.222
LLLWYLLATLLGTLLSTLILI	LLLWYLLTTLLGTLLSTLILI	-3.76166	-3.18838	0.064646	1.34306	646.557
LLLWYLLTTLLGTLLSTLILI	LLLGYLLTTLLGTLLSTLILI	-3.98479	-1.89635	0.546658	0.299616	632.651
LLLGYLLTTLLGTLLSTLILI	LLLGYLLTTLLGYLLSTLILI	-1.65712	-0.145218	0.538845	0.30482	618.524
LLLGYLLTTLLGYLLSTLILI	LLLGYLLATLLGYLLSTLILI	0.742785	-0.478699	1.19282	0.0847157	604.196
LLLGYLLATLLGYLLSTLILI	LLLGFLLATLLGYLLSTLILI	0.389372	-0.20016	0.952787	0.132101	589.688
LLLGFLLATLLGYLLSTLILI	LLLGFLLATLLGYLLATLILI	0.0719686	1.02419	0.404229	0.416521	575.025
LLLGFLLATLLGYLLATLILI	LLLGFLLATLLGYLLSTLILI	1.02419	0.0719686	0.416521	0.404229	560.23
LLLGFLLATLLGYLLSTLILI	LLLGFLLATLLGTLLSTLILI	-0.112712	-1.27709	0.219549	0.693609	545.329
LLLGFLLATLLGTLLSTLILI	LLLYFLLATLLGTLLSTLILI	-1.51673	-3.31275	0.453966	0.369715	530.348
LLLYFLLATLLGTLLSTLILI	LLLYYLLATLLGTLLSTLILI	-3.55036	-4.19338	0.132101	0.952787	515.312
LLLYYLLATLLGTLLSTLILI	LLLYYLLATLLGTLLATLILI	-4.74194	-4.05649	0.404229	0.416521	500.25
LLLYYLLATLLGTLLATLILI	LLLYYLLGTLLGTLLATLILI	-4.19684	-3.06124	0.276169	0.584123	485.188
LLLYYLLGTLLGTLLATLILI	LLLYYLLGTLLGTLLSTLILI	-3.4012	-3.67638	0.244161	0.642213	470.152
LLLYYLLGTLLGTLLSTLILI	LLLYYLLATLLGTLLSTLILI	-3.44625	-4.99213	0.872342	0.154044	455.171
LLLYYLLATLLGTLLSTLILI	LLLYYLLATLLGTLLSWLILI	-4.66015	-3.89311	0.48602	0.343253	440.27
LLLYYLLATLLGTLLSWLILI	LLLYFLLATLLGTLLSWLILI	-3.28357	-2.64055	0.952787	0.132101	425.475
LLLYFLLATLLGTLLSWLILI	LLLYYLLATLLGTLLSWLILI	-2.64055	-3.08089	0.132101	0.952787	410.812
LLLYYLLATLLGTLLSWLILI	LLLYYLLATLLGTLLSTLILI	-3.69043	-4.66015	0.343253	0.48602	396.304
LLLYYLLATLLGTLLSTLILI	LLLYFLLATLLGTLLSTLILI	-4.19338	-3.55036	0.952787	0.132101	381.976
LLLYFLLATLLGTLLSTLILI	LLLYFLLATLLGTLLATLILI	-3.27823	-2.59278	0.404229	0.416521	353.943
LLLYFLLATLLGTLLATLILI	LLLYFLLATLLGTLLSTLILI	-2.59278	-3.27823	0.416521	0.404229	340.278
LLLYFLLATLLGTLLSTLILI	LLLYYLLATLLGTLLSTLILI	-3.55036	-4.19338	0.132101	0.952787	326.872
LLLYYLLATLLGTLLSTLILI	LLLYYLLATLLGTLLSWLILI	-4.66015	-3.89311	0.48602	0.343253	313.74
LLLYYLLATLLGTLLSWLILI	LLLWYLLATLLGTLLSWLILI	-3.96878	-2.35868	0.267575	0.598868	300.898
LLLWYLLATLLGTLLSWLILI	LLLWFLLATLLGTLLSWLILI	-2.30717	-1.63972	0.650378	0.240035	288.358
LLLWFLLATLLGTLLSWLILI	LLLWYLLATLLGTLLSWLILI	-1.63972	-2.57768	0.240035	0.650378	276.131
LLLWYLLATLLGTLLSWLILI	LLLYYLLATLLGTLLSWLILI	-2.62919	-3.96878	0.598868	0.267575	264.228
LLLYYLLATLLGTLLSWLILI	LLLYYLLATLLGTLLSTLILI	-3.89311	-4.66015	0.343253	0.48602	252.655
LLLYYLLATLLGTLLSTLILI	LLLYYLLATLLGTLLSWLILI	-4.66015	-3.89311	0.48602	0.343253	230.526
LLLYYLLATLLGTLLSWLILI	LLLYYLLTTLLGTLLSWLILI	-4.15164	-3.31632	0.0847157	1.19282	209.776
LLLYYLLTTLLGTLLSWLILI	LLLYYLLATLLGTLLSWLILI	-3.31632	-4.15164	1.19282	0.0847157	190.417
LLLYYLLATLLGTLLSWLILI	LLLYYLLATLLGTLLSTLILI	-3.89311	-4.66015	0.343253	0.48602	181.257
LLLYYLLATLLGTLLSTLILI	LLLYYLLATLLGTLLATLILI	-4.74194	-3.69512	0.404229	0.416521	155.814
LLLYYLLATLLGTLLATLILI	LLLYYLLATLLGTLLSTLILI	-3.69512	-4.74194	0.416521	0.404229	147.996
Time: 546s
