***STARTING GEOMETRY:***
xShift: 7.23959
crossingAngle: -42.9264
axialRotation: 6.00789
zShift: 5.0243

Number of MCCycles: 100
PrevSequence	CurrSequence	PrevEnergy	CurrEnergy	PrevEntropy	CurrEntropy	CurrentTemp
LLLLLLGTLLGYLLSTLLILI	LLLLLLGTLLGFLLSTLLILI	-21.4653	-20.5663	0.650378	0.240035	999.684
LLLLLLGTLLGFLLSTLLILI	LLLLLLGTLLGYLLSTLLILI	-20.5663	-21.5606	0.240035	0.650378	999.328
LLLLLLGTLLGYLLSTLLILI	LLLLLLGTLLGYLLATLLILI	-21.5688	-20.8183	0.642213	0.244161	998.928
LLLLLLGTLLGYLLATLLILI	LLLWLLGTLLGYLLATLLILI	-20.8641	-24.0894	0.198389	0.743646	998.476
LLLWLLGTLLGYLLATLLILI	LLLWLLGTLLGYLLGTLLILI	-24.726	-23.2093	0.107014	1.06535	997.967
LLLWLLGTLLGYLLGTLLILI	LLLWLLGTLLGFLLGTLLILI	-23.6242	-22.6569	0.650378	0.240035	996.749
LLLWLLGTLLGFLLGTLLILI	LLLWLLGTLLGYLLGTLLILI	-22.6569	-20.6319	0.240035	0.650378	996.023
LLLWLLGTLLGYLLGTLLILI	LLLWLLGVLLGYLLGTLLILI	-20.3514	-17.4516	0.930859	0.137712	995.205
LLLWLLGVLLGYLLGTLLILI	LLLWLLGVLLGFLLGTLLILI	-16.9389	-17.4285	0.650378	0.240035	994.285
LLLWLLGVLLGFLLGTLLILI	LLLYLLGVLLGFLLGTLLILI	-17.0697	-15.8941	0.598868	0.267575	993.249
LLLYLLGVLLGFLLGTLLILI	LLLYLLGTLLGFLLGTLLILI	-16.024	-22.4479	0.137712	0.930859	992.084
LLLYLLGTLLGFLLGTLLILI	LLLYLLGTLLGYLLGTLLILI	-23.2466	-23.7759	0.132101	0.952787	990.773
LLLYLLGTLLGYLLGTLLILI	LLLYLLGTLLGYLLATLLILI	-23.6633	-23.216	1.06535	0.107014	989.3
LLLYLLGTLLGYLLATLLILI	LLLYLLGTLLGYLLSTLLILI	-23.0788	-24.0955	0.244161	0.642213	987.644
LLLYLLGTLLGYLLSTLLILI	LLLYLLGTLLGFLLSTLLILI	-23.7849	-22.9197	0.952787	0.132101	985.783
LLLYLLGTLLGFLLSTLLILI	LLLWLLGTLLGFLLSTLLILI	-22.7843	-23.9427	0.267575	0.598868	983.694
LLLWLLGTLLGFLLSTLLILI	LLLWLLGTLLGYLLSTLLILI	-24.3016	-22.3506	0.240035	0.650378	981.348
LLLWLLGTLLGYLLSTLLILI	LLLWLLGTLLGYLLATLLILI	-22.3587	-24.5889	0.642213	0.244161	978.717
LLLWLLGTLLGYLLATLLILI	LLLYLLGTLLGYLLATLLILI	-24.4609	-21.1742	0.372136	0.451187	975.768
LLLYLLGTLLGYLLATLLILI	LLLLLLGTLLGYLLATLLILI	-20.8241	-20.8856	0.801241	0.176934	972.463
LLLLLLGTLLGYLLATLLILI	LLLLLLGLLLGYLLATLLILI	-20.4972	-18.633	0.565318	0.287636	968.764
LLLLLLGLLLGYLLATLLILI	LLLLLLGLLLGYLLSTLLILI	-18.6765	-19.4303	0.244161	0.642213	964.627
LLLLLLGLLLGYLLSTLLILI	LLLLLLGTLLGYLLSTLLILI	-19.7849	-21.6457	0.287636	0.565318	960.005
LLLLLLGTLLGYLLSTLLILI	LLLLLLGTLLGFLLSTLLILI	-21.5606	-20.5663	0.650378	0.240035	954.846
LLLLLLGTLLGFLLSTLLILI	LLLYLLGTLLGFLLSTLLILI	-20.4933	-20.8575	0.312976	0.526939	949.095
LLLYLLGTLLGFLLSTLLILI	LLLYLLGTLLGFLLATLLILI	-20.7422	-22.0021	0.642213	0.244161	942.693
LLLYLLGTLLGFLLATLLILI	LLLYLLGTLLGTLLATLLILI	-22.1264	-21.5216	0.119894	1.0043	935.578
LLLYLLGTLLGTLLATLLILI	LLLYLLGTLLGTLLSTLLILI	-22.2818	-22.363	0.244161	0.642213	927.683
LLLYLLGTLLGTLLSTLLILI	LLLYLLGTLLGYLLSTLLILI	-22.5622	-22.3945	0.443059	0.379341	918.939
LLLYLLGTLLGYLLSTLLILI	LLLWLLGTLLGYLLSTLLILI	-22.3227	-25.6234	0.451187	0.372136	909.276
LLLWLLGTLLGYLLSTLLILI	LLLWLLGTLLGYLLSVLLILI	-25.0647	-22.0371	0.930859	0.137712	874.051
LLLWLLGTLLGYLLSVLLILI	LLLWLLGTLLGYLLSTLLILI	-22.0371	-25.0647	0.137712	0.930859	859.999
LLLWLLGTLLGYLLSTLLILI	LLLWLLGTLLGFLLSTLLILI	-25.3452	-24.2899	0.650378	0.240035	810.083
LLLWLLGTLLGFLLSTLLILI	LLLWLLGVLLGFLLSTLLILI	-23.5991	-19.4692	0.930859	0.137712	790.724
LLLWLLGVLLGFLLSTLLILI	LLLYLLGVLLGFLLSTLLILI	-19.0081	-15.8705	0.598868	0.267575	769.974
LLLYLLGVLLGFLLSTLLILI	LLLYLLGVLLGTLLSTLLILI	-15.9663	-19.8293	0.171816	0.816184	747.845
LLLYLLGVLLGTLLSTLLILI	LLLLLLGVLLGTLLSTLLILI	-20.1185	-17.9212	0.526939	0.312976	724.369
LLLLLLGVLLGTLLSTLLILI	LLLLLLGVLLGTLLATLLILI	-17.5919	-17.2436	0.642213	0.244161	673.628
LLLLLLGVLLGTLLATLLILI	LLLLLLGVLLGTLLSTLLILI	-17.2436	-17.5919	0.244161	0.642213	618.524
LLLLLLGVLLGTLLSTLLILI	LLLLLLGTLLGTLLSTLLILI	-18.1389	-19.636	0.0952708	1.12845	589.688
LLLLLLGTLLGTLLSTLLILI	LLLLLLGTLLGYLLSTLLILI	-20.0709	-21.9915	0.693609	0.219549	560.23
LLLLLLGTLLGYLLSTLLILI	LLLLLLGTLLGFLLSTLLILI	-21.5606	-20.5663	0.650378	0.240035	530.348
LLLLLLGTLLGFLLSTLLILI	LLLLLLGTLLGYLLSTLLILI	-20.5663	-21.5606	0.240035	0.650378	500.25
LLLLLLGTLLGYLLSTLLILI	LLLWLLGTLLGYLLSTLLILI	-22.0126	-25.2519	0.198389	0.743646	470.152
LLLWLLGTLLGYLLSTLLILI	LLLYLLGTLLGYLLSTLLILI	-25.6234	-25.9987	0.372136	0.451187	353.943
LLLYLLGTLLGYLLSTLLILI	LLLWLLGTLLGYLLSTLLILI	-25.9987	-25.6234	0.451187	0.372136	300.898
LLLWLLGTLLGYLLSTLLILI	LLLYLLGTLLGYLLSTLLILI	-25.6234	-24.2865	0.372136	0.451187	276.131
LLLYLLGTLLGYLLSTLLILI	LLLWLLGTLLGYLLSTLLILI	-24.2865	-25.6234	0.451187	0.372136	252.655
LLLWLLGTLLGYLLSTLLILI	LLLYLLGTLLGYLLSTLLILI	-25.6234	-25.9987	0.372136	0.451187	190.417
LLLYLLGTLLGYLLSTLLILI	LLLWLLGTLLGYLLSTLLILI	-25.9987	-25.6234	0.451187	0.372136	155.814
LLLWLLGTLLGYLLSTLLILI	LLLYLLGTLLGYLLSTLLILI	-25.6234	-25.9987	0.372136	0.451187	9.72683
Time: 100s
