***STARTING GEOMETRY:***
xShift: 8.31614
crossingAngle: 19.7793
axialRotation: 49.5768
zShift: 4.49917

Number of MCCycles: 100
PrevSequence	CurrSequence	PrevEnergy	CurrEnergy	PrevEntropy	CurrEntropy	CurrentTemp
LLLWTLLGLLATLTSLLLILI	LLLWTLLGLLAYLTSLLLILI	71.5475	69.9048	0.693609	0.219549	999.684
LLLWTLLGLLAYLTSLLLILI	LLLSTLLGLLAYLTSLLLILI	70.1792	73.7961	0.494001	0.337057	999.328
LLLSTLLGLLAYLTSLLLILI	LLLSTLLGLLATLTSLLLILI	73.6786	73.8142	0.219549	0.693609	998.928
LLLSTLLGLLATLTSLLLILI	LLLSTLLGLLATLTALLLILI	73.7628	74.1728	0.642213	0.244161	998.476
LLLSTLLGLLATLTALLLILI	LLLSTLLGLLATLVALLLILI	75.0571	77.3132	1.12845	0.0952708	997.967
LLLSTLLGLLATLVALLLILI	LLLSTLLGLLYTLVALLLILI	77.5269	73.5152	0.308996	0.532699	997.394
LLLSTLLGLLYTLVALLLILI	LLLWTLLGLLYTLVALLLILI	73.1747	70.0859	0.192199	0.759486	996.749
LLLWTLLGLLYTLVALLLILI	LLLWTLLGLLYTLVSLLLILI	69.5706	69.5322	0.244161	0.642213	996.023
LLLWTLLGLLYTLVSLLLILI	LLLSTLLGLLYTLVSLLLILI	69.384	72.8831	0.494001	0.337057	995.205
LLLSTLLGLLYTLVSLLLILI	LLLSTLLGLLFTLVSLLLILI	73.1965	74.6927	0.650378	0.240035	994.285
LLLSTLLGLLFTLVSLLLILI	LLLSTLLGLLYTLVSLLLILI	74.6927	73.1965	0.240035	0.650378	993.249
LLLSTLLGLLYTLVSLLLILI	LLLSTLLGLLYTLTSLLLILI	72.6413	69.7951	0.0952708	1.12845	992.084
LLLSTLLGLLYTLTSLLLILI	LLLSTLLGLLYYLTSLLLILI	69.1097	68.3398	0.443059	0.379341	990.773
LLLSTLLGLLYYLTSLLLILI	LLLWTLLGLLYYLTSLLLILI	68.2975	64.6491	0.337057	0.494001	989.3
LLLWTLLGLLYYLTSLLLILI	LLLWTLLGLLFYLTSLLLILI	65.1078	64.3767	0.952787	0.132101	987.644
LLLWTLLGLLFYLTSLLLILI	LLLSTLLGLLFYLTSLLLILI	64.7386	68.152	0.494001	0.337057	985.783
LLLSTLLGLLFYLTSLLLILI	LLLSTLLGLLFFLTSLLLILI	68.2253	68.4241	0.410343	0.410343	983.694
LLLSTLLGLLFFLTSLLLILI	LLLWTLLGLLFFLTSLLLILI	68.3508	65.936	0.337057	0.494001	981.348
LLLWTLLGLLFFLTSLLLILI	LLLWALLGLLFFLTSLLLILI	66.433	66.0643	0.990994	0.122923	978.717
LLLWALLGLLFFLTSLLLILI	LLLWALLGLLFYLTSLLLILI	66.3517	65.5623	0.410343	0.410343	975.768
LLLWALLGLLFYLTSLLLILI	LLLWALLGLLFYLTALLLILI	65.5562	67.3345	0.404229	0.416521	972.463
LLLWALLGLLFYLTALLLILI	LLLWALLGLLFLLTALLLILI	67.4449	67.7247	0.526939	0.312976	968.764
LLLWALLGLLFLLTALLLILI	LLLWALLGLLFYLTALLLILI	67.7247	67.4449	0.312976	0.526939	964.627
LLLWALLGLLFYLTALLLILI	LLLWALLGLLFLLTALLLILI	67.4449	67.7247	0.526939	0.312976	960.005
LLLWALLGLLFLLTALLLILI	LLLWALLGLLYLLTALLLILI	67.6517	67.9624	0.240035	0.650378	954.846
LLLWALLGLLYLLTALLLILI	LLLWALLGLLYYLTALLLILI	67.489	67.3065	0.176934	0.801241	949.095
LLLWALLGLLYYLTALLLILI	LLLWTLLGLLYYLTALLLILI	66.73	66.2637	0.224658	0.682386	942.693
LLLWTLLGLLYYLTALLLILI	LLLWTLLGLLYFLTALLLILI	66.5341	65.8123	0.952787	0.132101	935.578
LLLWTLLGLLYFLTALLLILI	LLLWTLLGLLYFLVALLLILI	66.611	69.5021	0.930859	0.137712	927.683
LLLWTLLGLLYFLVALLLILI	LLLWTLLGLLYFLVSLLLILI	69.6086	69.6844	0.244161	0.642213	918.939
LLLWTLLGLLYFLVSLLLILI	LLLWTLLGLLFFLVSLLLILI	69.4525	69.0802	0.410343	0.410343	909.276
LLLWTLLGLLFFLVSLLLILI	LLLWTLLGLLFFLTSLLLILI	68.8075	65.6329	0.137712	0.930859	898.621
LLLWTLLGLLFFLTSLLLILI	LLLWTLLGLLYFLTSLLLILI	65.1124	65.0744	0.410343	0.410343	886.903
LLLWTLLGLLYFLTSLLLILI	LLLSTLLGLLYFLTSLLLILI	65.1581	68.5633	0.494001	0.337057	874.051
LLLSTLLGLLYFLTSLLLILI	LLLSTLLGLLYFLTALLLILI	69.1692	70.0451	0.942975	0.13458	859.999
LLLSTLLGLLYFLTALLLILI	LLLWTLLGLLYFLTALLLILI	70.1027	67.7465	0.192199	0.759486	844.686
LLLWTLLGLLYFLTALLLILI	LLLWTLLGLLFFLTALLLILI	67.3973	66.8562	0.410343	0.410343	828.061
LLLWTLLGLLFFLTALLLILI	LLLWTLLGLLFFLTSLLLILI	66.69	65.6524	0.244161	0.642213	810.083
LLLWTLLGLLFFLTSLLLILI	LLLWTLLGLLFFLTALLLILI	65.6524	67.4249	0.642213	0.244161	790.724
LLLWTLLGLLFFLTALLLILI	LLLWTLLGLLYFLTALLLILI	67.591	66.0905	0.410343	0.410343	769.974
LLLWTLLGLLYFLTALLLILI	LLLWTLLSLLYFLTALLLILI	66.0472	73.2526	0.367007	0.457104	747.845
LLLWTLLSLLYFLTALLLILI	LLLWTLLSLLYFLTSLLLILI	72.93	72.8083	0.13458	0.942975	724.369
LLLWTLLSLLYFLTSLLLILI	LLLWTLLGLLYFLTSLLLILI	72.5773	66.2842	0.71194	0.2115	699.602
LLLWTLLGLLYFLTSLLLILI	LLLWTLLGLLYFLTALLLILI	66.7149	67.3899	0.642213	0.244161	673.628
LLLWTLLGLLYFLTALLLILI	LLLWTLLGLLFFLTALLLILI	67.5561	68.2463	0.410343	0.410343	646.557
LLLWTLLGLLFFLTALLLILI	LLLWTLLSLLFFLTALLLILI	68.203	74.4394	0.367007	0.457104	618.524
LLLWTLLSLLFFLTALLLILI	LLLWTLLSLLFFLTSLLLILI	74.1168	73.1636	0.13458	0.942975	589.688
LLLWTLLSLLFFLTSLLLILI	LLLSTLLSLLFFLTSLLLILI	72.5908	75.7416	0.370254	0.453346	560.23
LLLSTLLSLLFFLTSLLLILI	LLLWTLLSLLFFLTSLLLILI	75.7416	72.7562	0.453346	0.370254	530.348
LLLWTLLSLLFFLTSLLLILI	LLLWALLSLLFFLTSLLLILI	73.377	73.7473	0.990994	0.122923	500.25
LLLWALLSLLFFLTSLLLILI	LLLWALLSLLFLLTSLLLILI	74.1513	73.5709	0.526939	0.312976	470.152
LLLWALLSLLFLLTSLLLILI	LLLWTLLSLLFLLTSLLLILI	73.3808	72.8978	0.122923	0.990994	440.27
LLLWTLLSLLFLLTSLLLILI	LLLWTLLGLLFLLTSLLLILI	72.6188	66.7899	0.71194	0.2115	410.812
LLLWTLLGLLFLLTSLLLILI	LLLWTLLGLLYLLTSLLLILI	66.8185	67.4666	0.240035	0.650378	381.976
LLLWTLLGLLYLLTSLLLILI	LLLWTLLGLLFLLTSLLLILI	67.4666	66.8185	0.650378	0.240035	353.943
LLLWTLLGLLFLLTSLLLILI	LLLWTLLGLLFYLTSLLLILI	66.8914	66.4799	0.312976	0.526939	326.872
LLLWTLLGLLFYLTSLLLILI	LLLWTLLGLLFLLTSLLLILI	66.4799	67.3831	0.526939	0.312976	300.898
LLLWTLLGLLFLLTSLLLILI	LLLWALLGLLFLLTSLLLILI	68.0611	67.7036	0.990994	0.122923	276.131
LLLWALLGLLFLLTSLLLILI	LLLWTLLGLLFLLTSLLLILI	67.7036	67.5694	0.122923	0.990994	230.526
LLLWTLLGLLFLLTSLLLILI	LLLWTLLGLLFYLTSLLLILI	66.8914	66.2369	0.312976	0.526939	190.417
LLLWTLLGLLFYLTSLLLILI	LLLWALLGLLFYLTSLLLILI	66.7009	66.8137	0.990994	0.122923	172.439
LLLWALLGLLFYLTSLLLILI	LLLWTLLGLLFYLTSLLLILI	66.8137	66.7009	0.122923	0.990994	155.814
LLLWTLLGLLFYLTSLLLILI	LLLWALLGLLFYLTSLLLILI	66.7009	66.8137	0.990994	0.122923	140.501
LLLWALLGLLFYLTSLLLILI	LLLWTLLGLLFYLTSLLLILI	66.8137	66.7009	0.122923	0.990994	126.449
Time: 390s
