***STARTING GEOMETRY:***
xShift: 6.61078
crossingAngle: -43.7681
axialRotation: -8.08091
zShift: 1.94765

Number of MCCycles: 200
PrevSequence	CurrSequence	PrevEnergy	CurrEnergy	PrevEntropy	CurrEntropy	CurrentTemp
LLLYYLLTGLLTGLLTALILI	LLLYYLLTGLLTGLLLALILI	1170.81	1173.17	1.04019	0.112128	999.847
LLLYYLLTGLLTGLLLALILI	LLLYYLLTGLLTGLLLSLILI	1173.3	1174.58	0.244161	0.642213	999.684
LLLYYLLTGLLTGLLLSLILI	LLLGYLLTGLLTGLLLSLILI	1174.4	1174.95	0.454934	0.368877	999.512
LLLGYLLTGLLTGLLLSLILI	LLLYYLLTGLLTGLLLSLILI	1174.95	1174.38	0.368877	0.454934	999.328
LLLYYLLTGLLTGLLLSLILI	LLLYYLLTGLLTGLLTSLILI	1174.04	1171.14	0.112128	1.04019	999.134
LLLYYLLTGLLTGLLTSLILI	LLLGYLLTGLLTGLLTSLILI	1170.56	1171.12	0.454934	0.368877	998.928
LLLGYLLTGLLTGLLTSLILI	LLLGYLLTGLLTGLLTALILI	1171.39	1170.19	0.642213	0.244161	998.708
LLLGYLLTGLLTGLLTALILI	LLLYYLLTGLLTGLLTALILI	1170.32	1169.76	0.368877	0.454934	998.476
LLLYYLLTGLLTGLLTALILI	LLLGYLLTGLLTGLLTALILI	1169.76	1170.32	0.454934	0.368877	998.229
LLLGYLLTGLLTGLLTALILI	LLLGYLLTGLLTGLLTSLILI	1170.19	1171.4	0.244161	0.642213	997.967
LLLGYLLTGLLTGLLTSLILI	LLLGYLLTGLLTGLLTALILI	1171.4	1170.19	0.642213	0.244161	997.689
LLLGYLLTGLLTGLLTALILI	LLLYYLLTGLLTGLLTALILI	1170.32	1169.76	0.368877	0.454934	997.081
LLLYYLLTGLLTGLLTALILI	LLLGYLLTGLLTGLLTALILI	1169.76	1170.32	0.454934	0.368877	996.749
LLLGYLLTGLLTGLLTALILI	LLLGYLLTGLLTGLLTSLILI	1170.19	1171.39	0.244161	0.642213	996.397
LLLGYLLTGLLTGLLTSLILI	LLLGYLLTGLLTGLLTALILI	1171.39	1170.21	0.642213	0.244161	996.023
LLLGYLLTGLLTGLLTALILI	LLLYYLLTGLLTGLLTALILI	1170.33	1169.76	0.368877	0.454934	995.626
LLLYYLLTGLLTGLLTALILI	LLLYYLLTGLLTGLLTSLILI	1169.55	1170.74	0.244161	0.642213	995.205
LLLYYLLTGLLTGLLTSLILI	LLLGYLLTGLLTGLLTSLILI	1170.56	1171.12	0.454934	0.368877	994.758
LLLGYLLTGLLTGLLTSLILI	LLLYYLLTGLLTGLLTSLILI	1171.12	1170.56	0.368877	0.454934	994.285
LLLYYLLTGLLTGLLTSLILI	LLLYGLLTGLLTGLLTSLILI	1170.56	1174.94	0.454934	0.368877	993.782
LLLYGLLTGLLTGLLTSLILI	LLLYYLLTGLLTGLLTSLILI	1174.94	1170.56	0.368877	0.454934	993.249
LLLYYLLTGLLTGLLTSLILI	LLLGYLLTGLLTGLLTSLILI	1170.56	1171.12	0.454934	0.368877	992.683
LLLGYLLTGLLTGLLTSLILI	LLLYYLLTGLLTGLLTSLILI	1171.12	1170.57	0.368877	0.454934	992.084
LLLYYLLTGLLTGLLTSLILI	LLLYYLLTGLLTGLLTALILI	1170.76	1169.55	0.642213	0.244161	991.448
LLLYYLLTGLLTGLLTALILI	LLLYYLLTGLLTGLLTSLILI	1169.55	1170.74	0.244161	0.642213	990.773
LLLYYLLTGLLTGLLTSLILI	LLLGYLLTGLLTGLLTSLILI	1170.56	1171.13	0.454934	0.368877	990.058
LLLGYLLTGLLTGLLTSLILI	LLLYYLLTGLLTGLLTSLILI	1171.13	1170.56	0.368877	0.454934	989.3
LLLYYLLTGLLTGLLTSLILI	LLLYYLLTGLLTGLLTALILI	1170.74	1169.55	0.642213	0.244161	988.496
LLLYYLLTGLLTGLLTALILI	LLLGYLLTGLLTGLLTALILI	1169.76	1170.32	0.454934	0.368877	987.644
LLLGYLLTGLLTGLLTALILI	LLLYYLLTGLLTGLLTALILI	1170.32	1169.76	0.368877	0.454934	986.74
LLLYYLLTGLLTGLLTALILI	LLLGYLLTGLLTGLLTALILI	1169.76	1170.32	0.454934	0.368877	984.769
LLLGYLLTGLLTGLLTALILI	LLLYYLLTGLLTGLLTALILI	1170.32	1169.76	0.368877	0.454934	983.694
LLLYYLLTGLLTGLLTALILI	LLLYGLLTGLLTGLLTALILI	1169.76	1174.15	0.454934	0.368877	982.555
LLLYGLLTGLLTGLLTALILI	LLLYGLLTGLLTGLLTSLILI	1174.02	1175.22	0.244161	0.642213	981.348
LLLYGLLTGLLTGLLTSLILI	LLLYYLLTGLLTGLLTSLILI	1174.94	1170.56	0.368877	0.454934	980.071
LLLYYLLTGLLTGLLTSLILI	LLLGYLLTGLLTGLLTSLILI	1170.56	1171.12	0.454934	0.368877	975.768
LLLGYLLTGLLTGLLTSLILI	LLLYYLLTGLLTGLLTSLILI	1171.12	1170.56	0.368877	0.454934	974.162
LLLYYLLTGLLTGLLTSLILI	LLLGYLLTGLLTGLLTSLILI	1170.56	1171.12	0.454934	0.368877	972.463
LLLGYLLTGLLTGLLTSLILI	LLLYYLLTGLLTGLLTSLILI	1171.12	1170.56	0.368877	0.454934	970.666
LLLYYLLTGLLTGLLTSLILI	LLLYYLLTGLLTGLLTALILI	1170.74	1169.55	0.642213	0.244161	968.764
LLLYYLLTGLLTGLLTALILI	LLLYYLLTGLLTGLLTSLILI	1169.55	1170.74	0.244161	0.642213	966.754
LLLYYLLTGLLTGLLTSLILI	LLLYYLLTGLLTGLLTALILI	1170.74	1169.56	0.642213	0.244161	964.627
LLLYYLLTGLLTGLLTALILI	LLLGYLLTGLLTGLLTALILI	1169.77	1170.33	0.454934	0.368877	962.38
LLLGYLLTGLLTGLLTALILI	LLLYYLLTGLLTGLLTALILI	1170.33	1169.77	0.368877	0.454934	957.496
LLLYYLLTGLLTGLLTALILI	LLLYYLLTGLLYGLLTALILI	1169.64	1174.41	0.328724	0.505042	954.846
LLLYYLLTGLLYGLLTALILI	LLLYYLLTGLLTGLLTALILI	1174.41	1169.63	0.505042	0.328724	952.048
LLLYYLLTGLLTGLLTALILI	LLLYYLLTGLLTGLLTSLILI	1169.55	1170.74	0.244161	0.642213	949.095
LLLYYLLTGLLTGLLTSLILI	LLLYYLLTGLLTGLLISLILI	1171.21	1174.01	1.10811	0.098896	942.693
LLLYYLLTGLLTGLLISLILI	LLLGYLLTGLLTGLLISLILI	1174.37	1174.34	0.454934	0.368877	939.229
LLLGYLLTGLLTGLLISLILI	LLLGYLLTGLLTGLLIALILI	1174.61	1173.41	0.642213	0.244161	935.578
LLLGYLLTGLLTGLLIALILI	LLLGYLLTGLLTGLLISLILI	1173.41	1174.62	0.244161	0.642213	931.732
LLLGYLLTGLLTGLLISLILI	LLLGYLLTGLLTGLLTSLILI	1174.08	1171.86	0.098896	1.10811	927.683
LLLGYLLTGLLTGLLTSLILI	LLLYYLLTGLLTGLLTSLILI	1171.12	1170.57	0.368877	0.454934	923.422
LLLYYLLTGLLTGLLTSLILI	LLLYYLLTGLLTGLLTALILI	1170.76	1169.56	0.642213	0.244161	918.939
LLLYYLLTGLLTGLLTALILI	LLLYYLLTGLLTGLLTSLILI	1169.56	1170.76	0.244161	0.642213	914.227
LLLYYLLTGLLTGLLTSLILI	LLLGYLLTGLLTGLLTSLILI	1170.57	1171.13	0.454934	0.368877	909.276
LLLGYLLTGLLTGLLTSLILI	LLLGYLLTGLLTGLLTALILI	1171.4	1170.19	0.642213	0.244161	904.077
LLLGYLLTGLLTGLLTALILI	LLLYYLLTGLLTGLLTALILI	1170.32	1169.77	0.368877	0.454934	898.621
LLLYYLLTGLLTGLLTALILI	LLLYYLLYGLLTGLLTALILI	1169.64	1173.27	0.328724	0.505042	892.899
LLLYYLLYGLLTGLLTALILI	LLLYYLLTGLLTGLLTALILI	1173.27	1169.64	0.505042	0.328724	886.903
LLLYYLLTGLLTGLLTALILI	LLLYYLLTGLLTGLLLALILI	1170.36	1173.15	1.04019	0.112128	880.623
LLLYYLLTGLLTGLLLALILI	LLLYYLLTGLLTGLLTALILI	1173.15	1170.34	0.112128	1.04019	874.051
LLLYYLLTGLLTGLLTALILI	LLLGYLLTGLLTGLLTALILI	1169.76	1170.32	0.454934	0.368877	859.999
LLLGYLLTGLLTGLLTALILI	LLLGYLLVGLLTGLLTALILI	1171.08	1173.91	1.12845	0.0952708	852.504
LLLGYLLVGLLTGLLTALILI	LLLGYLLTGLLTGLLTALILI	1173.91	1171.08	0.0952708	1.12845	844.686
LLLGYLLTGLLTGLLTALILI	LLLYYLLTGLLTGLLTALILI	1170.32	1169.76	0.368877	0.454934	836.541
LLLYYLLTGLLTGLLTALILI	LLLYYLLTGLLTGLLTSLILI	1169.55	1170.74	0.244161	0.642213	828.061
LLLYYLLTGLLTGLLTSLILI	LLLYYLLTGLLTGLLTALILI	1170.74	1169.56	0.642213	0.244161	819.243
LLLYYLLTGLLTGLLTALILI	LLLGYLLTGLLTGLLTALILI	1169.77	1170.33	0.454934	0.368877	800.577
LLLGYLLTGLLTGLLTALILI	LLLGYLLVGLLTGLLTALILI	1171.09	1173.92	1.12845	0.0952708	780.523
LLLGYLLVGLLTGLLTALILI	LLLGYLLTGLLTGLLTALILI	1173.92	1171.08	0.0952708	1.12845	769.974
LLLGYLLTGLLTGLLTALILI	LLLGYLLTGLLTGLLTSLILI	1170.19	1171.39	0.244161	0.642213	759.081
LLLGYLLTGLLTGLLTSLILI	LLLGGLLTGLLTGLLTSLILI	1170.96	1176.28	0.213262	0.707856	747.845
LLLGGLLTGLLTGLLTSLILI	LLLYGLLTGLLTGLLTSLILI	1176.28	1174.79	0.707856	0.213262	736.272
LLLYGLLTGLLTGLLTSLILI	LLLYGLLTGLLTGLLTALILI	1175.22	1174.02	0.642213	0.244161	724.369
LLLYGLLTGLLTGLLTALILI	LLLYGLLTGLLTGLLTSLILI	1174.02	1175.22	0.244161	0.642213	712.142
LLLYGLLTGLLTGLLTSLILI	LLLYYLLTGLLTGLLTSLILI	1174.94	1170.57	0.368877	0.454934	699.602
LLLYYLLTGLLTGLLTSLILI	LLLYYLLTGLLTGLLTALILI	1170.76	1169.55	0.642213	0.244161	686.76
LLLYYLLTGLLTGLLTALILI	LLLYGLLTGLLTGLLTALILI	1169.76	1174.15	0.454934	0.368877	660.222
LLLYGLLTGLLTGLLTALILI	LLLYYLLTGLLTGLLTALILI	1174.15	1169.76	0.368877	0.454934	646.557
LLLYYLLTGLLTGLLTALILI	LLLYYLLTGLLTGLLLALILI	1170.34	1173.15	1.04019	0.112128	632.651
LLLYYLLTGLLTGLLLALILI	LLLYYLLTGLLTGLLTALILI	1173.15	1170.44	0.112128	1.04019	618.524
LLLYYLLTGLLTGLLTALILI	LLLYYLLTGLLTGLLTSLILI	1169.64	1170.76	0.244161	0.642213	604.196
LLLYYLLTGLLTGLLTSLILI	LLLGYLLTGLLTGLLTSLILI	1170.57	1171.21	0.454934	0.368877	589.688
LLLGYLLTGLLTGLLTSLILI	LLLYYLLTGLLTGLLTSLILI	1171.21	1170.56	0.368877	0.454934	575.025
LLLYYLLTGLLTGLLTSLILI	LLLYYLLTGLLTGLLTALILI	1170.74	1169.55	0.642213	0.244161	560.23
LLLYYLLTGLLTGLLTALILI	LLLGYLLTGLLTGLLTALILI	1169.76	1170.33	0.454934	0.368877	515.312
LLLGYLLTGLLTGLLTALILI	LLLYYLLTGLLTGLLTALILI	1170.33	1169.76	0.368877	0.454934	500.25
LLLYYLLTGLLTGLLTALILI	LLLGYLLTGLLTGLLTALILI	1169.76	1170.32	0.454934	0.368877	485.188
LLLGYLLTGLLTGLLTALILI	LLLGYLLVGLLTGLLTALILI	1171.08	1173.91	1.12845	0.0952708	455.171
LLLGYLLVGLLTGLLTALILI	LLLYYLLVGLLTGLLTALILI	1174.19	1173.81	0.368877	0.454934	440.27
LLLYYLLVGLLTGLLTALILI	LLLYYLLTGLLTGLLTALILI	1173.45	1170.43	0.0952708	1.12845	425.475
LLLYYLLTGLLTGLLTALILI	LLLGYLLTGLLTGLLTALILI	1169.76	1170.32	0.454934	0.368877	410.812
LLLGYLLTGLLTGLLTALILI	LLLYYLLTGLLTGLLTALILI	1170.32	1169.76	0.368877	0.454934	396.304
LLLYYLLTGLLTGLLTALILI	LLLYYLLTGLLTGLLTSLILI	1169.55	1170.76	0.244161	0.642213	367.849
LLLYYLLTGLLTGLLTSLILI	LLLYYLLTGLLTGLLTALILI	1170.76	1169.55	0.642213	0.244161	326.872
LLLYYLLTGLLTGLLTALILI	LLLGYLLTGLLTGLLTALILI	1169.76	1170.32	0.454934	0.368877	276.131
LLLGYLLTGLLTGLLTALILI	LLLYYLLTGLLTGLLTALILI	1170.32	1169.76	0.368877	0.454934	264.228
LLLYYLLTGLLTGLLTALILI	LLLGYLLTGLLTGLLTALILI	1169.76	1170.32	0.454934	0.368877	181.257
LLLGYLLTGLLTGLLTALILI	LLLYYLLTGLLTGLLTALILI	1170.32	1169.76	0.368877	0.454934	172.439
LLLYYLLTGLLTGLLTALILI	LLLGYLLTGLLTGLLTALILI	1169.76	1170.33	0.454934	0.368877	155.814
LLLGYLLTGLLTGLLTALILI	LLLYYLLTGLLTGLLTALILI	1170.33	1169.76	0.368877	0.454934	147.996
LLLYYLLTGLLTGLLTALILI	LLLGYLLTGLLTGLLTALILI	1169.76	1170.32	0.454934	0.368877	119.877
LLLGYLLTGLLTGLLTALILI	LLLYYLLTGLLTGLLTALILI	1170.32	1169.77	0.368877	0.454934	113.597
LLLYYLLTGLLTGLLTALILI	LLLGYLLTGLLTGLLTALILI	1169.77	1170.33	0.454934	0.368877	77.0783
LLLGYLLTGLLTGLLTALILI	LLLYYLLTGLLTGLLTALILI	1170.33	1169.76	0.368877	0.454934	72.8169
Time: 352s
