***STARTING GEOMETRY:***
xShift: 8.47327
crossingAngle: -39.8605
axialRotation: 34.0806
zShift: 4.12045

Number of MCCycles: 100
PrevSequence	CurrSequence	PrevEnergy	CurrEnergy	PrevEntropy	CurrEntropy	CurrentTemp
LLLILLGTLLSTLLTTLLILI	LLLILLATLLSTLLTTLLILI	-14.4135	-21.3187	0.584123	0.276169	999.684
LLLILLATLLSTLLTTLLILI	LLLVLLATLLSTLLTTLLILI	-20.9284	-18.5606	0.666466	0.232152	999.328
LLLVLLATLLSTLLTTLLILI	LLLILLATLLSTLLTTLLILI	-18.5606	-20.967	0.232152	0.666466	998.928
LLLILLATLLSTLLTTLLILI	LLLILLATLLATLLTTLLILI	-21.2293	-19.1162	0.404229	0.416521	998.476
LLLILLATLLATLLTTLLILI	LLLILLATLLATLLTYLLILI	-18.7165	-16.8033	0.816184	0.171816	997.967
LLLILLATLLATLLTYLLILI	LLLILLGTLLATLLTYLLILI	-16.5114	-15.9252	0.463748	0.36136	997.394
LLLILLGTLLATLLTYLLILI	LLLILLGTLLSTLLTYLLILI	-16.0424	-15.4702	0.244161	0.642213	996.749
LLLILLGTLLSTLLTYLLILI	LLLILLGTLLSTLLTTLLILI	-15.9406	-17.8915	0.171816	0.816184	996.023
LLLILLGTLLSTLLTTLLILI	LLLWLLGTLLSTLLTTLLILI	-18.4825	-19.0207	0.225173	0.681272	995.205
LLLWLLGTLLSTLLTTLLILI	LLLWLLGTLLSTLLTILLILI	-18.7901	-14.484	0.911943	0.142768	994.285
LLLWLLGTLLSTLLTILLILI	LLLLLLGTLLSTLLTILLILI	-13.8831	-14.1721	0.743646	0.198389	993.249
LLLLLLGTLLSTLLTILLILI	LLLLLLGTLLATLLTILLILI	-13.7282	-14.2867	0.642213	0.244161	992.084
LLLLLLGTLLATLLTILLILI	LLLLLLGTLLAVLLTILLILI	-13.4024	-10.8504	1.12845	0.0952708	990.773
LLLLLLGTLLAVLLTILLILI	LLLLLLGTLLATLLTILLILI	-10.8504	-13.4024	0.0952708	1.12845	989.3
LLLLLLGTLLATLLTILLILI	LLLLLLGTLLATLLTTLLILI	-14.3881	-18.6611	0.142768	0.911943	987.644
LLLLLLGTLLATLLTTLLILI	LLLWLLGTLLATLLTTLLILI	-19.3747	-19.1619	0.198389	0.743646	985.783
LLLWLLGTLLATLLTTLLILI	LLLLLLGTLLATLLTTLLILI	-19.1619	-19.3747	0.743646	0.198389	983.694
LLLLLLGTLLATLLTTLLILI	LLLLLLGTLLATLLYTLLILI	-18.7569	-15.6854	0.816184	0.171816	981.348
LLLLLLGTLLATLLYTLLILI	LLLILLGTLLATLLYTLLILI	-15.4898	-14.708	0.367442	0.456598	978.717
LLLILLGTLLATLLYTLLILI	LLLLLLGTLLATLLYTLLILI	-14.708	-15.4898	0.456598	0.367442	975.768
LLLLLLGTLLATLLYTLLILI	LLLLLLGTLLAGLLYTLLILI	-15.2205	-16.4952	0.636769	0.246959	972.463
LLLLLLGTLLAGLLYTLLILI	LLLLLLGTLLWGLLYTLLILI	-16.6363	-20.4591	0.105861	1.0712	968.764
LLLLLLGTLLWGLLYTLLILI	LLLLLLGTLLFGLLYTLLILI	-20.6399	-20.3479	0.890414	0.148778	960.005
LLLLLLGTLLFGLLYTLLILI	LLLALLGTLLFGLLYTLLILI	-19.8398	-14.937	0.656889	0.236807	954.846
LLLALLGTLLFGLLYTLLILI	LLLILLGTLLFGLLYTLLILI	-14.965	-19.0617	0.20887	0.718109	949.095
LLLILLGTLLFGLLYTLLILI	LLLILLGTLLFGLLTTLLILI	-19.5602	-16.9741	0.219549	0.693609	942.693
LLLILLGTLLFGLLTTLLILI	LLLILLATLLFGLLTTLLILI	-16.7954	-17.6772	0.872342	0.154044	935.578
LLLILLATLLFGLLTTLLILI	LLLILLGTLLFGLLTTLLILI	-17.6772	-16.7954	0.154044	0.872342	927.683
LLLILLGTLLFGLLTTLLILI	LLLILLGTLLWGLLTTLLILI	-17.519	-18.3332	0.148778	0.890414	918.939
LLLILLGTLLWGLLTTLLILI	LLLLLLGTLLWGLLTTLLILI	-18.767	-19.4317	0.456598	0.367442	909.276
LLLLLLGTLLWGLLTTLLILI	LLLLLLGTLLFGLLTTLLILI	-18.9087	-18.2364	0.890414	0.148778	898.621
LLLLLLGTLLFGLLTTLLILI	LLLLLLGSLLFGLLTTLLILI	-17.5192	-10.2589	0.865998	0.155943	886.903
LLLLLLGSLLFGLLTTLLILI	LLLLLLGSLLWGLLTTLLILI	-10.2661	-11.1252	0.148778	0.890414	874.051
LLLLLLGSLLWGLLTTLLILI	LLLLLLGSLLFGLLTTLLILI	-11.1252	-10.2661	0.890414	0.148778	859.999
LLLLLLGSLLFGLLTTLLILI	LLLLLLGSLLFGLLYTLLILI	-9.87603	-8.11379	0.538845	0.30482	844.686
LLLLLLGSLLFGLLYTLLILI	LLLLLLGSLLFGLLTTLLILI	-8.11379	-9.87603	0.30482	0.538845	828.061
LLLLLLGSLLFGLLTTLLILI	LLLLLLGTLLFGLLTTLLILI	-10.2589	-17.5192	0.155943	0.865998	810.083
LLLLLLGTLLFGLLTTLLILI	LLLLLLGTLLFGLLYTLLILI	-17.6915	-20.3442	0.693609	0.219549	790.724
LLLLLLGTLLFGLLYTLLILI	LLLILLGTLLFGLLYTLLILI	-20.1963	-19.3903	0.367442	0.456598	769.974
LLLILLGTLLFGLLYTLLILI	LLLILLGTLLWGLLYTLLILI	-19.6981	-20.0644	0.148778	0.890414	747.845
LLLILLGTLLWGLLYTLLILI	LLLLLLGTLLWGLLYTLLILI	-20.4982	-21.1629	0.456598	0.367442	724.369
LLLLLLGTLLWGLLYTLLILI	LLLLLLGTLLWGLLTTLLILI	-21.3108	-19.1055	0.219549	0.693609	699.602
LLLLLLGTLLWGLLTTLLILI	LLLILLGTLLWGLLTTLLILI	-19.4317	-18.7285	0.367442	0.456598	673.628
LLLILLGTLLWGLLTTLLILI	LLLILLATLLWGLLTTLLILI	-18.3127	-18.9306	0.872342	0.154044	646.557
LLLILLATLLWGLLTTLLILI	LLLILLATLLFGLLTTLLILI	-18.1942	-17.6825	0.890414	0.148778	618.524
LLLILLATLLFGLLTTLLILI	LLLILLATLLWGLLTTLLILI	-17.6825	-18.1942	0.148778	0.890414	589.688
LLLILLATLLWGLLTTLLILI	LLLILLATLLWGLLYTLLILI	-18.391	-20.5269	0.693609	0.219549	530.348
LLLILLATLLWGLLYTLLILI	LLLTLLATLLWGLLYTLLILI	-20.5628	-17.7842	0.183612	0.782479	500.25
LLLTLLATLLWGLLYTLLILI	LLLTLLTTLLWGLLYTLLILI	-18.502	-19.3802	0.064646	1.34306	470.152
LLLTLLTTLLWGLLYTLLILI	LLLALLTTLLWGLLYTLLILI	-19.3802	-25.5969	1.34306	0.064646	410.812
LLLALLTTLLWGLLYTLLILI	LLLALLTTLLWGLLTTLLILI	-25.4897	-23.1888	0.171816	0.816184	300.898
LLLALLTTLLWGLLTTLLILI	LLLALLTTLLFGLLTTLLILI	-23.1145	-22.1445	0.890414	0.148778	252.655
LLLALLTTLLFGLLTTLLILI	LLLALLTTLLWGLLTTLLILI	-22.1445	-23.1145	0.148778	0.890414	209.776
LLLALLTTLLWGLLTTLLILI	LLLALLTTLLWGLLYTLLILI	-23.1888	-25.5568	0.816184	0.171816	155.814
Time: 228s
