***STARTING GEOMETRY:***
xShift: 8.6
crossingAngle: -44.1
axialRotation: -41.92
zShift: 5.8

Number of MCCycles: 200
PrevSequence	CurrSequence	PrevEnergy	CurrEnergy	PrevEntropy	CurrEntropy	CurrentTemp
LLLGYLLTALLTTLLTWLILI	LLLGYLLTALLTTLLTFLILI	-9.38637	-12.0128	0.890414	0.148778	999.847
LLLGYLLTALLTTLLTFLILI	LLLGYLLTALLTTLLTWLILI	-12.0128	-11.3312	0.148778	0.890414	999.684
LLLGYLLTALLTTLLTWLILI	LLLGYLLTGLLTTLLTWLILI	-12.0676	-11.1566	0.154044	0.872342	999.512
LLLGYLLTGLLTTLLTWLILI	LLLGYLLTGLLTTLLTFLILI	-11.1385	-11.8084	0.890414	0.148778	999.328
LLLGYLLTGLLTTLLTFLILI	LLLGALLTGLLTTLLTFLILI	-11.1487	-8.7831	0.80848	0.174433	999.134
LLLGALLTGLLTTLLTFLILI	LLLGALLTALLTTLLTFLILI	-8.37341	-9.15943	0.584123	0.276169	998.928
LLLGALLTALLTTLLTFLILI	LLLGALLTGLLTTLLTFLILI	-9.15943	-8.37341	0.276169	0.584123	998.708
LLLGALLTGLLTTLLTFLILI	LLLGALLTGLLYTLLTFLILI	-8.14135	-9.93836	0.816184	0.171816	998.476
LLLGALLTGLLYTLLTFLILI	LLLGALLTGLLTTLLTFLILI	-9.93836	-8.14135	0.171816	0.816184	998.229
LLLGALLTGLLTTLLTFLILI	LLLGALLTGLLTTLLTWLILI	-8.80875	-8.13887	0.148778	0.890414	997.967
LLLGALLTGLLTTLLTWLILI	LLLGGLLTGLLTTLLTWLILI	-8.92227	-8.22024	0.107014	1.06535	997.689
LLLGGLLTGLLTTLLTWLILI	LLLGGLLTGLLYTLLTWLILI	-8.46941	-11.3687	0.816184	0.171816	997.394
LLLGGLLTGLLYTLLTWLILI	LLLYGLLTGLLYTLLTWLILI	-11.1716	-9.5998	0.368877	0.454934	996.749
LLLYGLLTGLLYTLLTWLILI	LLLYGLLTGLLTTLLTWLILI	-9.74991	-9.07377	0.30482	0.538845	996.397
LLLYGLLTGLLTTLLTWLILI	LLLYGLLTALLTTLLTWLILI	-8.74027	-9.94478	0.872342	0.154044	996.023
LLLYGLLTALLTTLLTWLILI	LLLGGLLTALLTTLLTWLILI	-9.72911	-10.3689	0.369715	0.453966	995.626
LLLGGLLTALLTTLLTWLILI	LLLGGLLTGLLTTLLTWLILI	-10.7159	-8.13948	0.107014	1.06535	995.205
LLLGGLLTGLLTTLLTWLILI	LLLGGLLTALLTTLLTWLILI	-8.13948	-9.5598	1.06535	0.107014	994.758
LLLGGLLTALLTTLLTWLILI	LLLGALLTALLTTLLTWLILI	-9.08269	-9.16773	0.584123	0.276169	994.285
LLLGALLTALLTTLLTWLILI	LLLGALLTGLLTTLLTWLILI	-9.16773	-9.56825	0.276169	0.584123	993.782
LLLGALLTGLLTTLLTWLILI	LLLGALLYGLLTTLLTWLILI	-9.33619	-6.90661	0.816184	0.171816	993.249
LLLGALLYGLLTTLLTWLILI	LLLGALLTGLLTTLLTWLILI	-6.90661	-8.15423	0.171816	0.816184	992.683
LLLGALLTGLLTTLLTWLILI	LLLGALLTGLLTTLLTFLILI	-8.08	-8.74988	0.890414	0.148778	992.084
LLLGALLTGLLTTLLTFLILI	LLLYALLTGLLTTLLTFLILI	-8.44469	-8.79087	0.453966	0.369715	991.448
LLLYALLTGLLTTLLTFLILI	LLLYGLLTGLLTTLLTFLILI	-9.00654	-8.66916	0.154044	0.872342	990.773
LLLYGLLTGLLTTLLTFLILI	LLLYALLTGLLTTLLTFLILI	-8.66916	-9.00654	0.872342	0.154044	990.058
LLLYALLTGLLTTLLTFLILI	LLLYGLLTGLLTTLLTFLILI	-9.00654	-8.69018	0.154044	0.872342	989.3
LLLYGLLTGLLTTLLTFLILI	LLLYGLLTGLLTTLLFFLILI	-8.74634	-4.40355	0.816184	0.171816	988.496
LLLYGLLTGLLTTLLFFLILI	LLLYGLLTALLTTLLFFLILI	-3.70303	-2.94711	0.872342	0.154044	987.644
LLLYGLLTALLTTLLFFLILI	LLLYGLLTALLTTLLFWLILI	-2.83358	-3.78303	0.267575	0.598868	986.74
LLLYGLLTALLTTLLFWLILI	LLLYGLLTALLTTLLTWLILI	-4.28977	-10.1312	0.0921195	1.14683	985.783
LLLYGLLTALLTTLLTWLILI	LLLYSLLTALLTTLLTWLILI	-10.9111	-9.33856	0.367007	0.457104	984.769
LLLYSLLTALLTTLLTWLILI	LLLYSLLYALLTTLLTWLILI	-9.25682	-6.97058	0.538845	0.30482	983.694
LLLYSLLYALLTTLLTWLILI	LLLYSLLTALLTTLLTWLILI	-6.97058	-8.11124	0.30482	0.538845	982.555
LLLYSLLTALLTTLLTWLILI	LLLTSLLTALLTTLLTWLILI	-8.50887	-8.79377	0.141213	0.917682	981.348
LLLTSLLTALLTTLLTWLILI	LLLTSLLTALLFTLLTWLILI	-8.44983	-5.54713	1.26162	0.0748068	980.071
LLLTSLLTALLFTLLTWLILI	LLLTSLLTALLFTLLTFLILI	-5.02307	-4.14158	0.598868	0.267575	978.717
LLLTSLLTALLFTLLTFLILI	LLLGSLLTALLFTLLTFLILI	-3.33367	-4.14377	1.07549	0.105025	977.285
LLLGSLLTALLFTLLTFLILI	LLLYSLLTALLFTLLTFLILI	-3.97932	-3.70251	0.269472	0.595564	975.768
LLLYSLLTALLFTLLTFLILI	LLLYSLLTALLFTLLTWLILI	-4.0305	-3.55793	0.267575	0.598868	974.162
LLLYSLLTALLFTLLTWLILI	LLLYGLLTALLFTLLTWLILI	-3.69969	-5.42098	0.457104	0.367007	972.463
LLLYGLLTALLFTLLTWLILI	LLLYGLLTALLTTLLTWLILI	-5.69587	-8.92828	0.0921195	1.14683	970.666
LLLYGLLTALLTTLLTWLILI	LLLYGLLTGLLTTLLTWLILI	-9.92107	-8.65209	0.154044	0.872342	968.764
LLLYGLLTGLLTTLLTWLILI	LLLYGLLTGLLTTLLTFLILI	-8.63401	-9.4158	0.890414	0.148778	966.754
LLLYGLLTGLLTTLLTFLILI	LLLYGLLYGLLTTLLTFLILI	-9.02573	-7.33835	0.538845	0.30482	964.627
LLLYGLLYGLLTTLLTFLILI	LLLYGLLYGLLTTLLYFLILI	-7.31445	-2.74786	0.328724	0.505042	962.38
LLLYGLLYGLLTTLLYFLILI	LLLYGLLTGLLTTLLYFLILI	-2.74786	-4.10943	0.505042	0.328724	960.005
LLLYGLLTGLLTTLLYFLILI	LLLYALLTGLLTTLLYFLILI	-3.56581	-4.22551	0.872342	0.154044	957.496
LLLYALLTGLLTTLLYFLILI	LLLYALLTGLLTTLLTFLILI	-4.07473	-8.6197	0.30482	0.538845	954.846
LLLYALLTGLLTTLLTFLILI	LLLGALLTGLLTTLLTFLILI	-8.78883	-8.44469	0.369715	0.453966	952.048
LLLGALLTGLLTTLLTFLILI	LLLGALLTGLLYTLLTFLILI	-8.08247	-9.87593	0.816184	0.171816	949.095
LLLGALLTGLLYTLLTFLILI	LLLYALLTGLLYTLLTFLILI	-9.77827	-8.96101	0.269472	0.595564	945.979
LLLYALLTGLLYTLLTFLILI	LLLTALLTGLLYTLLTFLILI	-9.25175	-9.64207	0.30482	0.538845	942.693
LLLTALLTGLLYTLLTFLILI	LLLTALLTGLLYTLLTWLILI	-10.0321	-9.35978	0.148778	0.890414	939.229
LLLTALLTGLLYTLLTWLILI	LLLTALLTGLLYTLLTFLILI	-9.35978	-8.73705	0.890414	0.148778	931.732
LLLTALLTGLLYTLLTFLILI	LLLTALLTALLYTLLTFLILI	-8.52446	-5.00012	0.36136	0.463748	927.683
LLLTALLTALLYTLLTFLILI	LLLYALLTALLYTLLTFLILI	-4.92503	-5.29789	0.538845	0.30482	923.422
LLLYALLTALLYTLLTFLILI	LLLGALLTALLYTLLTFLILI	-4.71634	-5.20315	0.886373	0.149938	918.939
LLLGALLTALLYTLLTFLILI	LLLGALLTGLLYTLLTFLILI	-5.07692	-9.46362	0.276169	0.584123	914.227
LLLGALLTGLLYTLLTFLILI	LLLYALLTGLLYTLLTFLILI	-9.77827	-8.94242	0.269472	0.595564	909.276
LLLYALLTGLLYTLLTFLILI	LLLTALLTGLLYTLLTFLILI	-9.23316	-8.99456	0.30482	0.538845	904.077
LLLTALLTGLLYTLLTFLILI	LLLTALLTGLLYTLLTWLILI	-9.38463	-8.71862	0.148778	0.890414	898.621
LLLTALLTGLLYTLLTWLILI	LLLTALLTGLLTTLLTWLILI	-9.46782	-9.34853	0.141213	0.917682	892.899
LLLTALLTGLLTTLLTWLILI	LLLTGLLTGLLTTLLTWLILI	-10.1122	-8.49089	0.154044	0.872342	886.903
LLLTGLLTGLLTTLLTWLILI	LLLTGLLTGLLYTLLTWLILI	-8.44555	-9.67652	0.917682	0.141213	880.623
LLLTGLLTGLLYTLLTWLILI	LLLTGLLTGLLYILLTWLILI	-8.56253	-5.36277	1.2552	0.0756774	874.051
LLLTGLLTGLLYILLTWLILI	LLLTALLTGLLYILLTWLILI	-4.56611	-5.52786	0.872342	0.154044	867.179
LLLTALLTGLLYILLTWLILI	LLLTALLTGLLYTLLTWLILI	-5.60623	-10.1613	0.0756774	1.2552	859.999
LLLTALLTGLLYTLLTWLILI	LLLGALLTGLLYTLLTWLILI	-10.6622	-9.80372	0.754313	0.194196	852.504
LLLGALLTGLLYTLLTWLILI	LLLTALLTGLLYTLLTWLILI	-9.80372	-10.0016	0.194196	0.754313	844.686
LLLTALLTGLLYTLLTWLILI	LLLYALLTGLLYTLLTWLILI	-10.2171	-10.5914	0.538845	0.30482	836.541
LLLYALLTGLLYTLLTWLILI	LLLYALLTGLLYTLLTFLILI	-10.0058	-8.853	0.890414	0.148778	828.061
LLLYALLTGLLYTLLTFLILI	LLLYALLTGLLYTLLTWLILI	-8.853	-8.72261	0.148778	0.890414	819.243
LLLYALLTGLLYTLLTWLILI	LLLYALLTGLLYTLLTFLILI	-8.72261	-9.50418	0.890414	0.148778	810.083
LLLYALLTGLLYTLLTFLILI	LLLGALLTGLLYTLLTFLILI	-9.05739	-9.77827	0.595564	0.269472	800.577
LLLGALLTGLLYTLLTFLILI	LLLGALLTGLLYTLLTWLILI	-9.89897	-8.5712	0.148778	0.890414	790.724
LLLGALLTGLLYTLLTWLILI	LLLGGLLTGLLYTLLTWLILI	-9.3546	-9.07076	0.107014	1.06535	780.523
LLLGGLLTGLLYTLLTWLILI	LLLGGLLTGLLYTLLTFLILI	-9.24569	-9.41285	0.890414	0.148778	769.974
LLLGGLLTGLLYTLLTFLILI	LLLGALLTGLLYTLLTFLILI	-8.49628	-9.9387	1.06535	0.107014	759.081
LLLGALLTGLLYTLLTFLILI	LLLYALLTGLLYTLLTFLILI	-9.77624	-9.06078	0.269472	0.595564	747.845
LLLYALLTGLLYTLLTFLILI	LLLYGLLTGLLYTLLTFLILI	-9.5023	-9.09739	0.154044	0.872342	736.272
LLLYGLLTGLLYTLLTFLILI	LLLYGLLTALLYTLLTFLILI	-9.09739	-5.73148	0.872342	0.154044	724.369
LLLYGLLTALLYTLLTFLILI	LLLYGLLTALLYTLLTWLILI	-5.73674	-5.28851	0.148778	0.890414	712.142
LLLYGLLTALLYTLLTWLILI	LLLYALLTALLYTLLTWLILI	-5.81757	-5.29441	0.36136	0.463748	699.602
LLLYALLTALLYTLLTWLILI	LLLYALLTALLYTLLTFLILI	-4.86775	-5.46683	0.890414	0.148778	686.76
LLLYALLTALLYTLLTFLILI	LLLYALLTGLLYTLLTFLILI	-5.15186	-9.27377	0.463748	0.36136	673.628
LLLYALLTGLLYTLLTFLILI	LLLYALLTGLLTTLLTFLILI	-9.33031	-8.62174	0.30482	0.538845	646.557
LLLYALLTGLLTTLLTFLILI	LLLYGLLTGLLTTLLTFLILI	-9.00654	-8.58034	0.154044	0.872342	632.651
LLLYGLLTGLLTTLLTFLILI	LLLYGLLTGLLYTLLTFLILI	-8.91383	-9.59039	0.538845	0.30482	618.524
LLLYGLLTGLLYTLLTFLILI	LLLYGLLTGLLTTLLTFLILI	-9.59039	-8.91383	0.30482	0.538845	604.196
LLLYGLLTGLLTTLLTFLILI	LLLYGLLTALLTTLLTFLILI	-8.58034	-9.75882	0.872342	0.154044	589.688
LLLYGLLTALLTTLLTFLILI	LLLYGLLYALLTTLLTFLILI	-9.37402	-7.58085	0.538845	0.30482	575.025
LLLYGLLYALLTTLLTFLILI	LLLYGLLTALLTTLLTFLILI	-7.58085	-9.46496	0.30482	0.538845	560.23
LLLYGLLTALLTTLLTFLILI	LLLYGLLTALLTTLLTWLILI	-9.85503	-9.1847	0.148778	0.890414	545.329
LLLYGLLTALLTTLLTWLILI	LLLYGLLTGLLTTLLTWLILI	-9.92107	-8.74297	0.154044	0.872342	530.348
LLLYGLLTGLLTTLLTWLILI	LLLYGLLTGLLYTLLTWLILI	-9.07646	-9.7736	0.538845	0.30482	515.312
LLLYGLLTGLLYTLLTWLILI	LLLYGLLTGLLYTLLTFLILI	-9.188	-9.73278	0.890414	0.148778	500.25
LLLYGLLTGLLYTLLTFLILI	LLLGGLLTGLLYTLLTFLILI	-9.42662	-9.85909	0.454934	0.368877	485.188
LLLGGLLTGLLYTLLTFLILI	LLLGGLLTGLLYTLLTWLILI	-10.0792	-9.92231	0.148778	0.890414	470.152
LLLGGLLTGLLYTLLTWLILI	LLLGGLLTGLLYTLLTFLILI	-9.92231	-10.0812	0.890414	0.148778	455.171
LLLGGLLTGLLYTLLTFLILI	LLLYGLLTGLLYTLLTFLILI	-9.86114	-9.43611	0.368877	0.454934	440.27
LLLYGLLTGLLYTLLTFLILI	LLLYGLLTGLLTTLLTFLILI	-9.58622	-9.02573	0.30482	0.538845	425.475
LLLYGLLTGLLTTLLTFLILI	LLLYGLLTALLTTLLTFLILI	-8.69224	-9.84772	0.872342	0.154044	410.812
LLLYGLLTALLTTLLTFLILI	LLLYGLLTALLTTLLTWLILI	-9.85298	-9.09645	0.148778	0.890414	396.304
LLLYGLLTALLTTLLTWLILI	LLLYGLLYALLTTLLTWLILI	-9.44802	-8.68893	0.538845	0.30482	381.976
LLLYGLLYALLTTLLTWLILI	LLLGGLLYALLTTLLTWLILI	-8.39818	-8.2812	0.595564	0.269472	367.849
LLLGGLLYALLTTLLTWLILI	LLLGGLLYALLTTLLTFLILI	-7.66026	-7.14694	0.890414	0.148778	353.943
LLLGGLLYALLTTLLTFLILI	LLLGALLYALLTTLLTFLILI	-6.71159	-6.98867	0.584123	0.276169	340.278
LLLGALLYALLTTLLTFLILI	LLLGALLTALLTTLLTFLILI	-7.09302	-8.5564	0.171816	0.816184	326.872
LLLGALLTALLTTLLTFLILI	LLLGGLLTALLTTLLTFLILI	-9.09641	-9.00869	0.276169	0.584123	313.74
LLLGGLLTALLTTLLTFLILI	LLLGALLTALLTTLLTFLILI	-9.00869	-9.09641	0.584123	0.276169	300.898
LLLGALLTALLTTLLTFLILI	LLLYALLTALLTTLLTFLILI	-9.10311	-9.02654	0.269472	0.595564	288.358
LLLYALLTALLTTLLTFLILI	LLLYGLLTALLTTLLTFLILI	-9.15835	-9.66347	0.463748	0.36136	276.131
LLLYGLLTALLTTLLTFLILI	LLLGGLLTALLTTLLTFLILI	-9.65511	-9.13885	0.369715	0.453966	264.228
LLLGGLLTALLTTLLTFLILI	LLLGALLTALLTTLLTFLILI	-9.00869	-9.09641	0.584123	0.276169	252.655
LLLGALLTALLTTLLTFLILI	LLLYALLTALLTTLLTFLILI	-9.10311	-9.03742	0.269472	0.595564	241.419
LLLYALLTALLTTLLTFLILI	LLLYGLLTALLTTLLTFLILI	-9.16924	-9.6404	0.463748	0.36136	230.526
LLLYGLLTALLTTLLTFLILI	LLLGGLLTALLTTLLTFLILI	-9.63204	-9.13885	0.369715	0.453966	209.776
LLLGGLLTALLTTLLTFLILI	LLLYGLLTALLTTLLTFLILI	-9.13885	-9.65511	0.453966	0.369715	199.923
LLLYGLLTALLTTLLTFLILI	LLLYGLLTALLTTLLTWLILI	-9.87605	-10.2757	0.148778	0.890414	181.257
LLLYGLLTALLTTLLTWLILI	LLLTGLLTALLTTLLTWLILI	-11.0249	-10.093	0.141213	0.917682	126.449
LLLTGLLTALLTTLLTWLILI	LLLYGLLTALLTTLLTWLILI	-10.093	-11.1158	0.917682	0.141213	119.877
LLLYGLLTALLTTLLTWLILI	LLLGGLLTALLTTLLTWLILI	-10.8873	-10.3689	0.369715	0.453966	72.8169
LLLGGLLTALLTTLLTWLILI	LLLGALLTALLTTLLTWLILI	-10.2388	-10.3517	0.584123	0.276169	64.9219
LLLGALLTALLTTLLTWLILI	LLLYALLTALLTTLLTWLILI	-10.3584	-10.2927	0.269472	0.595564	57.8066
LLLYALLTALLTTLLTWLILI	LLLGALLTALLTTLLTWLILI	-10.2927	-10.3584	0.595564	0.269472	54.5206
LLLGALLTALLTTLLTWLILI	LLLGGLLTALLTTLLTWLILI	-10.3517	-10.264	0.276169	0.584123	31.7355
LLLGGLLTALLTTLLTWLILI	LLLYGLLTALLTTLLTWLILI	-10.3941	-10.7984	0.453966	0.369715	28.0365
Time: 245s
