***STARTING GEOMETRY:***
xShift: 8.67409
crossingAngle: -45.1841
axialRotation: -41.1574
zShift: 5.8045

Number of MCCycles: 200
PrevSequence	CurrSequence	PrevEnergy	CurrEnergy	PrevEntropy	CurrEntropy	CurrentTemp
LLLGYLLTALLTTLLTWLILI	LLLGYLLTALLTTLLTFLILI	-9.39948	-12.0275	0.890414	0.148778	999.847
LLLGYLLTALLTTLLTFLILI	LLLGYLLTGLLTTLLTFLILI	-12.0222	-11.1059	0.154044	0.872342	999.684
LLLGYLLTGLLTTLLTFLILI	LLLGYLLTALLTTLLTFLILI	-11.1059	-12.1166	0.872342	0.154044	999.512
LLLGYLLTALLTTLLTFLILI	LLLGYLLTALLTSLLTFLILI	-11.2697	-7.44901	1.001	0.120637	999.328
LLLGYLLTALLTSLLTFLILI	LLLYYLLTALLTSLLTFLILI	-7.41971	-6.91474	0.149938	0.886373	999.134
LLLYYLLTALLTSLLTFLILI	LLLYYLLTALLWSLLTFLILI	-7.31509	-10.6418	0.48602	0.343253	998.928
LLLYYLLTALLWSLLTFLILI	LLLYYLLTALLWSLLTYLILI	-10.8938	-9.8728	0.0912572	1.15198	998.708
LLLYYLLTALLWSLLTYLILI	LLLYYLLTGLLWSLLTYLILI	-10.7486	-10.1637	0.276169	0.584123	998.476
LLLYYLLTGLLWSLLTYLILI	LLLTYLLTGLLWSLLTYLILI	-10.2427	-10.3203	0.505042	0.328724	998.229
LLLTYLLTGLLWSLLTYLILI	LLLTYLLTGLLYSLLTYLILI	-10.377	-6.95592	0.272043	0.591129	997.967
LLLTYLLTGLLYSLLTYLILI	LLLTYLLTALLYSLLTYLILI	-6.96292	-5.08381	0.584123	0.276169	997.689
LLLTYLLTALLYSLLTYLILI	LLLGYLLTALLYSLLTYLILI	-4.42356	-4.95406	0.936418	0.136265	997.394
LLLGYLLTALLYSLLTYLILI	LLLGYLLTALLYTLLTYLILI	-4.93438	-6.57306	0.155943	0.865998	997.081
LLLGYLLTALLYTLLTYLILI	LLLTYLLTALLYTLLTYLILI	-7.33403	-6.63753	0.105025	1.07549	996.749
LLLTYLLTALLYTLLTYLILI	LLLTGLLTALLYTLLTYLILI	-6.63249	-4.99002	1.08052	0.104052	996.397
LLLTGLLTALLYTLLTYLILI	LLLYGLLTALLYTLLTYLILI	-4.68673	-4.89221	0.407346	0.413356	996.023
LLLYGLLTALLYTLLTYLILI	LLLGGLLTALLYTLLTYLILI	-4.54692	-4.72425	0.758648	0.192521	995.626
LLLGGLLTALLYTLLTYLILI	LLLGGLLTALLTTLLTYLILI	-4.61195	-8.40393	0.30482	0.538845	995.205
LLLGGLLTALLTTLLTYLILI	LLLYGLLTALLTTLLTYLILI	-8.6733	-8.78691	0.269472	0.595564	994.758
LLLYGLLTALLTTLLTYLILI	LLLYALLTALLTTLLTYLILI	-9.02111	-8.51397	0.36136	0.463748	994.285
LLLYALLTALLTTLLTYLILI	LLLYALLTALLVTLLTYLILI	-7.70137	-4.65786	1.27634	0.0728516	993.782
LLLYALLTALLVTLLTYLILI	LLLYGLLTALLVTLLTYLILI	-4.26696	-4.75321	0.463748	0.36136	993.249
LLLYGLLTALLVTLLTYLILI	LLLYGLLTGLLVTLLTYLILI	-4.96052	-3.92109	0.154044	0.872342	992.683
LLLYGLLTGLLVTLLTYLILI	LLLYGLLTGLLVTLLTWLILI	-4.34224	-6.31038	0.451187	0.372136	992.084
LLLYGLLTGLLVTLLTWLILI	LLLYGLLTGLLYTLLTWLILI	-6.57733	-10.086	0.105187	1.07465	991.448
LLLYGLLTGLLYTLLTWLILI	LLLYALLTGLLYTLLTWLILI	-10.2883	-10.1286	0.872342	0.154044	990.773
LLLYALLTGLLYTLLTWLILI	LLLTALLTGLLYTLLTWLILI	-9.97787	-10.2527	0.30482	0.538845	990.058
LLLTALLTGLLYTLLTWLILI	LLLTALLTGLLTTLLTWLILI	-10.6504	-9.36919	0.141213	0.917682	989.3
LLLTALLTGLLTTLLTWLILI	LLLTALLTGLLYTLLTWLILI	-9.36919	-9.45515	0.917682	0.141213	988.496
LLLTALLTGLLYTLLTWLILI	LLLTGLLTGLLYTLLTWLILI	-9.44232	-8.96521	0.154044	0.872342	987.644
LLLTGLLTGLLYTLLTWLILI	LLLTGLLTGLLYILLTWLILI	-8.58236	-5.92665	1.2552	0.0756774	986.74
LLLTGLLTGLLYILLTWLILI	LLLYGLLTGLLYILLTWLILI	-5.55926	-5.89048	0.443059	0.379341	985.783
LLLYGLLTGLLYILLTWLILI	LLLGGLLTGLLYILLTWLILI	-5.81489	-5.46207	0.454934	0.368877	983.694
LLLGGLLTGLLYILLTWLILI	LLLGGLLTGLLYTLLTWLILI	-5.73206	-8.55288	0.098896	1.10811	982.555
LLLGGLLTGLLYTLLTWLILI	LLLTGLLTGLLYTLLTWLILI	-9.38931	-10.4197	0.271676	0.591758	981.348
LLLTGLLTGLLYTLLTWLILI	LLLTGLLTGLLYTLLTFLILI	-10.121	-9.60271	0.890414	0.148778	980.071
LLLTGLLTGLLYTLLTFLILI	LLLTGLLTGLLYSLLTFLILI	-8.75049	-4.93597	1.001	0.120637	978.717
LLLTGLLTGLLYSLLTFLILI	LLLTGLLTGLLWSLLTFLILI	-4.78903	-7.35993	0.267575	0.598868	977.285
LLLTGLLTGLLWSLLTFLILI	LLLTGLLTALLWSLLTFLILI	-7.08646	-8.23873	0.872342	0.154044	975.768
LLLTGLLTALLWSLLTFLILI	LLLTGLLTGLLWSLLTFLILI	-8.23873	-7.09546	0.154044	0.872342	972.463
LLLTGLLTGLLWSLLTFLILI	LLLTGLLVGLLWSLLTFLILI	-6.83935	-3.60747	1.12845	0.0952708	970.666
LLLTGLLVGLLWSLLTFLILI	LLLYGLLVGLLWSLLTFLILI	-3.1639	-3.60355	0.538845	0.30482	968.764
LLLYGLLVGLLWSLLTFLILI	LLLYALLVGLLWSLLTFLILI	-3.03603	-3.07373	0.872342	0.154044	966.754
LLLYALLVGLLWSLLTFLILI	LLLGALLVGLLWSLLTFLILI	-2.85806	-2.72275	0.369715	0.453966	964.627
LLLGALLVGLLWSLLTFLILI	LLLGALLTGLLWSLLTFLILI	-3.039	-6.61983	0.137712	0.930859	962.38
LLLGALLTGLLWSLLTFLILI	LLLGALLTGLLWTLLTFLILI	-7.39475	-4.54555	0.155943	0.865998	960.005
LLLGALLTGLLWTLLTFLILI	LLLYALLTGLLWTLLTFLILI	-4.95758	-5.29423	0.453966	0.369715	957.496
LLLYALLTGLLWTLLTFLILI	LLLYALLTGLLTTLLTFLILI	-5.38968	-8.59908	0.274265	0.58734	954.846
LLLYALLTGLLTTLLTFLILI	LLLGALLTGLLTTLLTFLILI	-8.81671	-8.45838	0.369715	0.453966	952.048
LLLGALLTGLLTTLLTFLILI	LLLGALLTGLLYTLLTFLILI	-8.09616	-9.23746	0.816184	0.171816	949.095
LLLGALLTGLLYTLLTFLILI	LLLGGLLTGLLYTLLTFLILI	-9.30226	-8.52819	0.107014	1.06535	945.979
LLLGGLLTGLLYTLLTFLILI	LLLGALLTGLLYTLLTFLILI	-8.52819	-9.96821	1.06535	0.107014	942.693
LLLGALLTGLLYTLLTFLILI	LLLGALLTGLLYTLLTWLILI	-9.92645	-8.59642	0.148778	0.890414	939.229
LLLGALLTGLLYTLLTWLILI	LLLGALLTGLLTTLLTWLILI	-9.31502	-9.34274	0.171816	0.816184	935.578
LLLGALLTGLLTTLLTWLILI	LLLGALLYGLLTTLLTWLILI	-9.34274	-6.92489	0.816184	0.171816	927.683
LLLGALLYGLLTTLLTWLILI	LLLGSLLYGLLTTLLTWLILI	-6.85254	-6.18677	0.244161	0.642213	923.422
LLLGSLLYGLLTTLLTWLILI	LLLGSLLTGLLTTLLTWLILI	-6.65717	-7.23591	0.171816	0.816184	918.939
LLLGSLLTGLLTTLLTWLILI	LLLGSLLYGLLTTLLTWLILI	-7.23591	-6.65448	0.816184	0.171816	914.227
LLLGSLLYGLLTTLLTWLILI	LLLGSLLTGLLTTLLTWLILI	-6.65448	-7.2655	0.171816	0.816184	909.276
LLLGSLLTGLLTTLLTWLILI	LLLGSLLYGLLTTLLTWLILI	-7.2655	-6.65448	0.816184	0.171816	904.077
LLLGSLLYGLLTTLLTWLILI	LLLGSLLTGLLTTLLTWLILI	-6.65448	-7.17417	0.171816	0.816184	898.621
LLLGSLLTGLLTTLLTWLILI	LLLGSLLTGLLYTLLTWLILI	-7.17417	-9.07246	0.816184	0.171816	892.899
LLLGSLLTGLLYTLLTWLILI	LLLGSLLTGLLYTLLFWLILI	-8.23998	-2.79523	1.0043	0.119894	886.903
LLLGSLLTGLLYTLLFWLILI	LLLYSLLTGLLYTLLFWLILI	-2.64565	-2.82797	0.269472	0.595564	880.623
LLLYSLLTGLLYTLLFWLILI	LLLYGLLTGLLYTLLFWLILI	-3.15192	-3.12066	0.271616	0.591862	874.051
LLLYGLLTGLLYTLLFWLILI	LLLYGLLYGLLYTLLFWLILI	-3.47448	-2.7513	0.238039	0.654392	867.179
LLLYGLLYGLLYTLLFWLILI	LLLYGLLTGLLYTLLFWLILI	-2.7513	-3.38186	0.654392	0.238039	859.999
LLLYGLLTGLLYTLLFWLILI	LLLYALLTGLLYTLLFWLILI	-2.74756	-1.65288	0.872342	0.154044	852.504
LLLYALLTGLLYTLLFWLILI	LLLTALLTGLLYTLLFWLILI	-1.42758	-2.80579	0.379341	0.443059	844.686
LLLTALLTGLLYTLLFWLILI	LLLGALLTGLLYTLLFWLILI	-2.61208	-2.59308	0.636769	0.246959	836.541
LLLGALLTGLLYTLLFWLILI	LLLGALLTGLLYTLLTWLILI	-2.72014	-8.47942	0.119894	1.0043	828.061
LLLGALLTGLLYTLLTWLILI	LLLTALLTGLLYTLLTWLILI	-9.28952	-9.51959	0.194196	0.754313	819.243
LLLTALLTGLLYTLLTWLILI	LLLYALLTGLLYTLLTWLILI	-9.73505	-9.42785	0.538845	0.30482	810.083
LLLYALLTGLLYTLLTWLILI	LLLYALLTALLYTLLTWLILI	-9.37131	-5.28698	0.36136	0.463748	800.577
LLLYALLTALLYTLLTWLILI	LLLYALLTGLLYTLLTWLILI	-5.28698	-9.28254	0.463748	0.36136	790.724
LLLYALLTGLLYTLLTWLILI	LLLYALLTGLLYTLLTFLILI	-8.75348	-9.53206	0.890414	0.148778	780.523
LLLYALLTGLLYTLLTFLILI	LLLYALLTGLLYTLLTWLILI	-9.53206	-9.50455	0.148778	0.890414	769.974
LLLYALLTGLLYTLLTWLILI	LLLYALLTGLLYTLLTFLILI	-9.50455	-8.89248	0.890414	0.148778	759.081
LLLYALLTGLLYTLLTFLILI	LLLYALLTGLLYTLLTWLILI	-8.89248	-8.74393	0.148778	0.890414	747.845
LLLYALLTGLLYTLLTWLILI	LLLYGLLTGLLYTLLTWLILI	-9.4803	-9.10077	0.154044	0.872342	736.272
LLLYGLLTGLLYTLLTWLILI	LLLTGLLTGLLYTLLTWLILI	-9.66829	-9.79341	0.30482	0.538845	724.369
LLLTGLLTGLLYTLLTWLILI	LLLTSLLTGLLYTLLTWLILI	-9.74039	-10.3089	0.591862	0.271616	712.142
LLLTSLLTGLLYTLLTWLILI	LLLGSLLTGLLYTLLTWLILI	-9.82616	-8.79493	0.754313	0.194196	699.602
LLLGSLLTGLLYTLLTWLILI	LLLGSLLTGLLYTLLTFLILI	-8.09872	-8.35494	0.890414	0.148778	686.76
LLLGSLLTGLLYTLLTFLILI	LLLGSLLTGLLTTLLTFLILI	-8.3319	-7.20384	0.171816	0.816184	673.628
LLLGSLLTGLLTTLLTFLILI	LLLYSLLTGLLTTLLTFLILI	-7.56606	-7.49937	0.453966	0.369715	660.222
LLLYSLLTGLLTTLLTFLILI	LLLGSLLTGLLTTLLTFLILI	-7.49937	-7.47472	0.369715	0.453966	646.557
LLLGSLLTGLLTTLLTFLILI	LLLGSLLYGLLTTLLTFLILI	-7.11251	-6.59261	0.816184	0.171816	632.651
LLLGSLLYGLLTTLLTFLILI	LLLYSLLYGLLTTLLTFLILI	-6.49495	-6.39097	0.269472	0.595564	618.524
LLLYSLLYGLLTTLLTFLILI	LLLYALLYGLLTTLLTFLILI	-6.34432	-7.19746	0.642213	0.244161	604.196
LLLYALLYGLLTTLLTFLILI	LLLYALLYGLLTTLLTWLILI	-7.29284	-7.79683	0.148778	0.890414	589.688
LLLYALLYGLLTTLLTWLILI	LLLYALLTGLLTTLLTWLILI	-8.38242	-8.70926	0.30482	0.538845	575.025
LLLYALLTGLLTTLLTWLILI	LLLYGLLTGLLTTLLTWLILI	-9.09406	-9.85143	0.154044	0.872342	560.23
LLLYGLLTGLLTTLLTWLILI	LLLYGLLYGLLTTLLTWLILI	-10.1849	-8.46171	0.538845	0.30482	545.329
LLLYGLLYGLLTTLLTWLILI	LLLYGLLTGLLTTLLTWLILI	-8.46171	-9.1151	0.30482	0.538845	530.348
LLLYGLLTGLLTTLLTWLILI	LLLYGLLTALLTTLLTWLILI	-8.7816	-9.95468	0.872342	0.154044	515.312
LLLYGLLTALLTTLLTWLILI	LLLYGLLTGLLTTLLTWLILI	-9.95468	-9.94543	0.154044	0.872342	500.25
LLLYGLLTGLLTTLLTWLILI	LLLTGLLTGLLTTLLTWLILI	-10.6766	-9.65039	0.141213	0.917682	485.188
LLLTGLLTGLLTTLLTWLILI	LLLTGLLTALLTTLLTWLILI	-9.69573	-9.67522	0.872342	0.154044	470.152
LLLTGLLTALLTTLLTWLILI	LLLYGLLTALLTTLLTWLILI	-8.91159	-9.96751	0.917682	0.141213	455.171
LLLYGLLTALLTTLLTWLILI	LLLYGLLTGLLTTLLTWLILI	-9.95468	-8.78428	0.154044	0.872342	440.27
LLLYGLLTGLLTTLLTWLILI	LLLYGLLTGLLTTLLTFLILI	-8.76621	-9.32841	0.890414	0.148778	425.475
LLLYGLLTGLLTTLLTFLILI	LLLYGLLTGLLYTLLTFLILI	-8.93834	-9.71368	0.538845	0.30482	410.812
LLLYGLLTGLLYTLLTFLILI	LLLYGLLTGLLYTLLTWLILI	-9.86972	-9.09759	0.148778	0.890414	381.976
LLLYGLLTGLLYTLLTWLILI	LLLTGLLTGLLYTLLTWLILI	-9.68319	-9.80398	0.30482	0.538845	367.849
LLLTGLLTGLLYTLLTWLILI	LLLTGLLTGLLYTLLTFLILI	-9.45241	-9.60272	0.890414	0.148778	353.943
LLLTGLLTGLLYTLLTFLILI	LLLTGLLTGLLYTLLTWLILI	-9.60272	-9.60251	0.148778	0.890414	340.278
LLLTGLLTGLLYTLLTWLILI	LLLYGLLTGLLYTLLTWLILI	-9.95408	-11.5237	0.538845	0.30482	326.872
LLLYGLLTGLLYTLLTWLILI	LLLYALLTGLLYTLLTWLILI	-10.9562	-10.7708	0.872342	0.154044	288.358
LLLYALLTGLLYTLLTWLILI	LLLYALLTGLLYTLLTFLILI	-10.0344	-9.52173	0.890414	0.148778	276.131
LLLYALLTGLLYTLLTFLILI	LLLYGLLTGLLYTLLTFLILI	-9.51646	-9.16474	0.154044	0.872342	264.228
LLLYGLLTGLLYTLLTFLILI	LLLYALLTGLLYTLLTFLILI	-9.16474	-8.87219	0.872342	0.154044	252.655
LLLYALLTGLLYTLLTFLILI	LLLGALLTGLLYTLLTFLILI	-8.43067	-9.1398	0.595564	0.269472	241.419
LLLGALLTGLLYTLLTFLILI	LLLGGLLTGLLYTLLTFLILI	-9.30226	-9.19248	0.107014	1.06535	230.526
LLLGGLLTGLLYTLLTFLILI	LLLGALLTGLLYTLLTFLILI	-9.19248	-9.31341	1.06535	0.107014	219.977
LLLGALLTGLLYTLLTFLILI	LLLGALLTGLLTTLLTFLILI	-9.24861	-8.09616	0.171816	0.816184	209.776
LLLGALLTGLLTTLLTFLILI	LLLYALLTGLLTTLLTFLILI	-8.45838	-8.80371	0.453966	0.369715	199.923
LLLYALLTGLLTTLLTFLILI	LLLYALLTGLLTTLLTWLILI	-9.02465	-9.54256	0.148778	0.890414	190.417
LLLYALLTGLLTTLLTWLILI	LLLYALLTALLTTLLTWLILI	-10.0716	-9.2532	0.36136	0.463748	181.257
LLLYALLTALLTTLLTWLILI	LLLTALLTALLTTLLTWLILI	-9.57574	-9.8234	0.141213	0.917682	163.959
LLLTALLTALLTTLLTWLILI	LLLYALLTALLTTLLTWLILI	-9.8234	-10.7443	0.917682	0.141213	155.814
LLLYALLTALLTTLLTWLILI	LLLGALLTALLTTLLTWLILI	-10.2899	-10.3544	0.595564	0.269472	101.879
LLLGALLTALLTTLLTWLILI	LLLYALLTALLTTLLTWLILI	-10.3544	-10.1868	0.269472	0.595564	96.4228
LLLYALLTALLTTLLTWLILI	LLLYGLLTALLTTLLTWLILI	-10.3187	-10.9078	0.463748	0.36136	91.2238
Time: 224s
