***STARTING GEOMETRY:***
xShift: 8.26938
crossingAngle: -40.3047
axialRotation: 17.4903
zShift: 2.97244

Number of MCCycles: 100
PrevSequence	CurrSequence	PrevEnergy	CurrEnergy	PrevEntropy	CurrEntropy	CurrentTemp
LLLWLLGTLLSTLLATLLILI	LLLWLLGFLLSTLLATLLILI	-13.6844	-16.4211	1.0043	0.119894	999.684
LLLWLLGFLLSTLLATLLILI	LLLYLLGFLLSTLLATLLILI	-15.9422	-14.4734	0.598868	0.267575	999.328
LLLYLLGFLLSTLLATLLILI	LLLYLLGFLLSTLLGTLLILI	-14.5869	-13.0548	0.154044	0.872342	998.928
LLLYLLGFLLSTLLGTLLILI	LLLYLLGTLLSTLLGTLLILI	-13.8073	-18.8157	0.119894	1.0043	998.476
LLLYLLGTLLSTLLGTLLILI	LLLYLLGTLLSTLLATLLILI	-18.9477	-17.6592	0.872342	0.154044	997.967
LLLYLLGTLLSTLLATLLILI	LLLYLLGTLLSTLLAVLLILI	-16.6848	-16.5009	1.12845	0.0952708	997.394
LLLYLLGTLLSTLLAVLLILI	LLLYLLGTLLSTLLATLLILI	-16.5009	-18.9273	0.0952708	1.12845	996.749
LLLYLLGTLLSTLLATLLILI	LLLYLLGTLLSFLLATLLILI	-19.0514	-18.3463	1.0043	0.119894	996.023
LLLYLLGTLLSFLLATLLILI	LLLYLLGTLLGFLLATLLILI	-18.1946	-15.9634	0.271616	0.591862	995.205
LLLYLLGTLLGFLLATLLILI	LLLWLLGTLLGFLLATLLILI	-16.2877	-15.3298	0.267575	0.598868	994.285
LLLWLLGTLLGFLLATLLILI	LLLFLLGTLLGFLLATLLILI	-15.3298	-14.9706	0.598868	0.267575	992.084
LLLFLLGTLLGFLLATLLILI	LLLFLLGLLLGFLLATLLILI	-14.5624	-11.0849	0.67574	0.227751	990.773
LLLFLLGLLLGFLLATLLILI	LLLFLLGTLLGFLLATLLILI	-11.0849	-14.5624	0.227751	0.67574	987.644
LLLFLLGTLLGFLLATLLILI	LLLFLLGTLLGTLLATLLILI	-15.0186	-16.2158	0.219549	0.693609	985.783
LLLFLLGTLLGTLLATLLILI	LLLFLLGILLGTLLATLLILI	-16.1269	-13.5088	0.782479	0.183612	983.694
LLLFLLGILLGTLLATLLILI	LLLFLLGTLLGTLLATLLILI	-13.5088	-16.1269	0.183612	0.782479	981.348
LLLFLLGTLLGTLLATLLILI	LLLYLLGTLLGTLLATLLILI	-16.6693	-17.5297	0.240035	0.650378	978.717
LLLYLLGTLLGTLLATLLILI	LLLWLLGTLLGTLLATLLILI	-17.9125	-16.9073	0.267575	0.598868	975.768
LLLWLLGTLLGTLLATLLILI	LLLWLLGTLLGYLLATLLILI	-16.8125	-16.9199	0.693609	0.219549	972.463
LLLWLLGTLLGYLLATLLILI	LLLWLLGTLLGYLLAVLLILI	-16.2086	-13.2187	0.930859	0.137712	968.764
LLLWLLGTLLGYLLAVLLILI	LLLWLLGTLLGYLLGVLLILI	-13.2494	-11.4838	0.107014	1.06535	964.627
LLLWLLGTLLGYLLGVLLILI	LLLWLLGTLLGYLLAVLLILI	-11.4838	-13.2494	1.06535	0.107014	960.005
LLLWLLGTLLGYLLAVLLILI	LLLWLLGTLLGYLLATLLILI	-13.2187	-16.1684	0.137712	0.930859	954.846
LLLWLLGTLLGYLLATLLILI	LLLWLLATLLGYLLATLLILI	-16.5151	-13.8739	0.584123	0.276169	949.095
LLLWLLATLLGYLLATLLILI	LLLWLLATLLGYLLGTLLILI	-13.8739	-12.7654	0.276169	0.584123	942.693
LLLWLLATLLGYLLGTLLILI	LLLWLLGTLLGYLLGTLLILI	-13.2425	-11.1276	0.107014	1.06535	935.578
LLLWLLGTLLGYLLGTLLILI	LLLWLLATLLGYLLGTLLILI	-11.1276	-13.2425	1.06535	0.107014	927.683
LLLWLLATLLGYLLGTLLILI	LLLWLLATLLGYLLATLLILI	-12.7654	-13.8739	0.584123	0.276169	918.939
LLLWLLATLLGYLLATLLILI	LLLWLLATLLGYLLGTLLILI	-13.8739	-12.7654	0.276169	0.584123	909.276
LLLWLLATLLGYLLGTLLILI	LLLWLLATLLGTLLGTLLILI	-13.1299	-13.0294	0.219549	0.693609	898.621
LLLWLLATLLGTLLGTLLILI	LLLWLLATLLGYLLGTLLILI	-13.0294	-13.1299	0.693609	0.219549	886.903
LLLWLLATLLGYLLGTLLILI	LLLFLLATLLGYLLGTLLILI	-12.4591	-12.5056	0.890414	0.148778	874.051
LLLFLLATLLGYLLGTLLILI	LLLFLLGTLLGYLLGTLLILI	-12.5474	-10.4559	0.107014	1.06535	859.999
LLLFLLGTLLGYLLGTLLILI	LLLFLLGTLLGTLLGTLLILI	-11.3017	-11.4054	0.219549	0.693609	844.686
LLLFLLGTLLGTLLGTLLILI	LLLWLLGTLLGTLLGTLLILI	-11.9503	-11.6825	0.148778	0.890414	828.061
LLLWLLGTLLGTLLGTLLILI	LLLWLLGTLLGYLLGTLLILI	-11.8793	-11.9734	0.693609	0.219549	810.083
LLLWLLGTLLGYLLGTLLILI	LLLWLLATLLGYLLGTLLILI	-11.1276	-13.2425	1.06535	0.107014	790.724
LLLWLLATLLGYLLGTLLILI	LLLWLLATLLGYLLATLLILI	-12.7654	-13.8775	0.584123	0.276169	769.974
LLLWLLATLLGYLLATLLILI	LLLWLLGTLLGYLLATLLILI	-13.8775	-12.413	0.276169	0.584123	747.845
LLLWLLGTLLGYLLATLLILI	LLLFLLGTLLGYLLATLLILI	-12.1067	-12.1766	0.890414	0.148778	724.369
LLLFLLGTLLGYLLATLLILI	LLLFLLGTLLGTLLATLLILI	-12.1058	-12.1984	0.219549	0.693609	699.602
LLLFLLGTLLGTLLATLLILI	LLLFLLGTLLGYLLATLLILI	-12.1984	-12.1058	0.693609	0.219549	673.628
LLLFLLGTLLGYLLATLLILI	LLLFLLATLLGYLLATLLILI	-11.7412	-13.1824	0.584123	0.276169	646.557
LLLFLLATLLGYLLATLLILI	LLLFLLATLLGTLLATLLILI	-13.239	-13.3088	0.219549	0.693609	618.524
LLLFLLATLLGTLLATLLILI	LLLFLLATLLGYLLATLLILI	-13.3088	-13.239	0.693609	0.219549	589.688
LLLFLLATLLGYLLATLLILI	LLLFLLALLLGYLLATLLILI	-12.7828	-10.1809	0.67574	0.227751	560.23
LLLFLLALLLGYLLATLLILI	LLLYLLALLLGYLLATLLILI	-10.2766	-13.2304	0.132101	0.952787	500.25
LLLYLLALLLGYLLATLLILI	LLLYLLALLLGTLLATLLILI	-13.6781	-13.5027	0.505042	0.328724	440.27
LLLYLLALLLGTLLATLLILI	LLLYLLATLLGTLLATLLILI	-13.6703	-14.4985	0.161118	0.849143	381.976
LLLYLLATLLGTLLATLLILI	LLLYLLALLLGTLLATLLILI	-14.4985	-13.2858	0.849143	0.161118	353.943
LLLYLLALLLGTLLATLLILI	LLLYLLATLLGTLLATLLILI	-13.2858	-14.4985	0.161118	0.849143	326.872
LLLYLLATLLGTLLATLLILI	LLLYLLATLLGFLLATLLILI	-14.3434	-15.9506	1.0043	0.119894	300.898
LLLYLLATLLGFLLATLLILI	LLLYLLATLLGTLLATLLILI	-15.9506	-16.6886	0.119894	1.0043	209.776
Time: 126s
