***STARTING GEOMETRY:***
xShift: 9.2
crossingAngle: 31
axialRotation: 100
zShift: 2.2

Number of MCCycles: 100
PrevSequence	CurrSequence	PrevEnergy	CurrEnergy	PrevEntropy	CurrEntropy	CurrentTemp
LLLWVLLTLLTTLTTLLLILI	LLLWVLLTLLYTLTTLLLILI	-19.0641	-20.0414	0.917682	0.141213	999.684
LLLWVLLTLLYTLTTLLLILI	LLLWVLLTLLTTLTTLLLILI	-20.0414	-22.3673	0.141213	0.917682	999.328
LLLWVLLTLLTTLTTLLLILI	LLLYVLLTLLTTLTTLLLILI	-22.6861	-22.5125	0.598868	0.267575	998.928
LLLYVLLTLLTTLTTLLLILI	LLLWVLLTLLTTLTTLLLILI	-22.5125	-22.6861	0.267575	0.598868	998.476
LLLWVLLTLLTTLTTLLLILI	LLLWALLTLLTTLTTLLLILI	-22.836	-22.6973	0.44899	0.374065	997.967
LLLWALLTLLTTLTTLLLILI	LLLYALLTLLTTLTTLLLILI	-22.4725	-20.1071	0.598868	0.267575	997.394
LLLYALLTLLTTLTTLLLILI	LLLYALLTLLTYLTTLLLILI	-19.7534	-23.1984	0.62127	0.255144	996.749
LLLYALLTLLTYLTTLLLILI	LLLWALLTLLTYLTTLLLILI	-23.0023	-25.848	0.451187	0.372136	996.023
LLLWALLTLLTYLTTLLLILI	LLLWALLWLLTYLTTLLLILI	-25.8565	-21.7443	0.363705	0.460972	995.205
LLLWALLWLLTYLTTLLLILI	LLLWALLTLLTYLTTLLLILI	-21.7443	-25.8485	0.460972	0.363705	994.285
LLLWALLTLLTYLTTLLLILI	LLLWALLTLLTYLYTLLLILI	-25.6734	-22.3812	0.538845	0.30482	993.249
LLLWALLTLLTYLYTLLLILI	LLLWALLTLLTYLYSLLLILI	-21.8201	-19.3435	0.865998	0.155943	992.084
LLLWALLTLLTYLYSLLLILI	LLLWALLTLLTYLTSLLLILI	-19.1201	-22.6812	0.379341	0.443059	990.773
LLLWALLTLLTYLTSLLLILI	LLLWALLTLLTWLTSLLLILI	-22.9755	-20.7447	0.148778	0.890414	989.3
LLLWALLTLLTWLTSLLLILI	LLLWALLTLLTWLTTLLLILI	-21.5144	-26.1892	0.120637	1.001	987.644
LLLWALLTLLTWLTTLLLILI	LLLWALLTLLWWLTTLLLILI	-26.9248	-25.8188	0.265397	0.602699	985.783
LLLWALLTLLWWLTTLLLILI	LLLWALLTLLTWLTTLLLILI	-25.8188	-25	0.602699	0.265397	983.694
LLLWALLTLLTWLTTLLLILI	LLLWALLTLLTWLVTLLLILI	-23.989	-22.5076	1.27634	0.0728516	981.348
LLLWALLTLLTWLVTLLLILI	LLLWALLTLLTYLVTLLLILI	-21.69	-21.0589	0.890414	0.148778	978.717
LLLWALLTLLTYLVTLLLILI	LLLWALLTLLTYLVSLLLILI	-20.3417	-19.6082	0.865998	0.155943	975.768
LLLWALLTLLTYLVSLLLILI	LLLWALLTLLTYLVTLLLILI	-19.6082	-21.5066	0.155943	0.865998	972.463
LLLWALLTLLTYLVTLLLILI	LLLWALLTLLTWLVTLLLILI	-22.2238	-22.627	0.148778	0.890414	968.764
LLLWALLTLLTWLVTLLLILI	LLLWALLTLLTYLVTLLLILI	-22.627	-22.3619	0.890414	0.148778	964.627
LLLWALLTLLTYLVTLLLILI	LLLWGLLTLLTYLVTLLLILI	-22.2345	-20.3952	0.276169	0.584123	960.005
LLLWGLLTLLTYLVTLLLILI	LLLWALLTLLTYLVTLLLILI	-20.3952	-22.0964	0.584123	0.276169	954.846
LLLWALLTLLTYLVTLLLILI	LLLWALLTLLTYLVSLLLILI	-21.5066	-19.5475	0.865998	0.155943	949.095
LLLWALLTLLTYLVSLLLILI	LLLWALLTLLTYLVTLLLILI	-19.5475	-20.4983	0.155943	0.865998	942.693
LLLWALLTLLTYLVTLLLILI	LLLWALLTLLTYLTTLLLILI	-21.2914	-23.7079	0.0728516	1.27634	935.578
LLLWALLTLLTYLTTLLLILI	LLLWALLTLLTWLTTLLLILI	-24.8355	-25.1735	0.148778	0.890414	927.683
LLLWALLTLLTWLTTLLLILI	LLLWALLTLLWWLTTLLLILI	-25.7985	-25.7897	0.265397	0.602699	918.939
LLLWALLTLLWWLTTLLLILI	LLLWALLTLLWYLTTLLLILI	-25.3075	-23.6835	1.08489	0.103217	909.276
LLLWALLTLLWYLTTLLLILI	LLLWALLTLLTYLTTLLLILI	-23.3258	-25.7878	0.460972	0.363705	898.621
LLLWALLTLLTYLTTLLLILI	LLLWALLWLLTYLTTLLLILI	-25.7878	-21.6554	0.363705	0.460972	886.903
LLLWALLWLLTYLTTLLLILI	LLLVALLWLLTYLTTLLLILI	-20.7533	-24.2853	1.36313	0.0623734	874.051
LLLVALLWLLTYLTTLLLILI	LLLVALLWLLTWLTTLLLILI	-24.1989	-21.7114	0.148778	0.890414	844.686
LLLVALLWLLTWLTTLLLILI	LLLVALLTLLTWLTTLLLILI	-22.1409	-21.426	0.460972	0.363705	828.061
LLLVALLTLLTWLTTLLLILI	LLLVALLTLLTYLTTLLLILI	-21.1908	-22.0727	0.598868	0.267575	810.083
LLLVALLTLLTYLTTLLLILI	LLLVGLLTLLTYLTTLLLILI	-22.0641	-20.9105	0.276169	0.584123	790.724
LLLVGLLTLLTYLTTLLLILI	LLLVGLLWLLTYLTTLLLILI	-20.9073	-22.7675	0.58734	0.274265	769.974
LLLVGLLWLLTYLTTLLLILI	LLLVALLWLLTYLTTLLLILI	-22.4576	-24.0715	0.584123	0.276169	747.845
LLLVALLWLLTYLTTLLLILI	LLLVALLWLLYYLTTLLLILI	-23.9046	-21.9197	0.443059	0.379341	724.369
LLLVALLWLLYYLTTLLLILI	LLLVGLLWLLYYLTTLLLILI	-22.0229	-20.2063	0.276169	0.584123	699.602
LLLVGLLWLLYYLTTLLLILI	LLLYGLLWLLYYLTTLLLILI	-20.7183	-21.3819	0.0721588	1.28166	673.628
LLLYGLLWLLYYLTTLLLILI	LLLYGLLWLLYLLTTLLLILI	-21.6756	-23.1762	0.987966	0.123624	646.557
LLLYGLLWLLYLLTTLLLILI	LLLFGLLWLLYLLTTLLLILI	-22.3471	-21.5805	0.952787	0.132101	618.524
LLLFGLLWLLYLLTTLLLILI	LLLYGLLWLLYLLTTLLLILI	-21.5805	-22.319	0.132101	0.952787	589.688
LLLYGLLWLLYLLTTLLLILI	LLLYALLWLLYLLTTLLLILI	-22.6877	-22.0101	0.584123	0.276169	560.23
LLLYALLWLLYLLTTLLLILI	LLLYALLWLLTLLTTLLLILI	-21.9069	-20.677	0.379341	0.443059	530.348
LLLYALLWLLTLLTTLLLILI	LLLYGLLWLLTLLTTLLLILI	-20.8439	-20.883	0.276169	0.584123	500.25
LLLYGLLWLLTLLTTLLLILI	LLLYGLLWLLTYLTTLLLILI	-21.2902	-23.7798	0.176934	0.801241	470.152
LLLYGLLWLLTYLTTLLLILI	LLLFGLLWLLTYLTTLLLILI	-23.6283	-22.8926	0.952787	0.132101	440.27
LLLFGLLWLLTYLTTLLLILI	LLLFGLLTLLTYLTTLLLILI	-22.7504	-21.2946	0.274265	0.58734	410.812
LLLFGLLTLLTYLTTLLLILI	LLLFGLLWLLTYLTTLLLILI	-21.2946	-22.879	0.58734	0.274265	381.976
LLLFGLLWLLTYLTTLLLILI	LLLVGLLWLLTYLTTLLLILI	-22.6638	-22.5959	0.489394	0.340616	353.943
LLLVGLLWLLTYLTTLLLILI	LLLYGLLWLLTYLTTLLLILI	-22.8313	-23.6346	0.105187	1.07465	326.872
LLLYGLLWLLTYLTTLLLILI	LLLYGLLWLLTWLTTLLLILI	-24.4417	-22.8389	0.267575	0.598868	300.898
LLLYGLLWLLTWLTTLLLILI	LLLYGLLTLLTWLTTLLLILI	-22.9768	-22.2094	0.460972	0.363705	276.131
LLLYGLLTLLTWLTTLLLILI	LLLYGLLTLLWWLTTLLLILI	-22.2094	-22.2474	0.363705	0.460972	252.655
LLLYGLLTLLWWLTTLLLILI	LLLWGLLTLLWWLTTLLLILI	-22.6052	-23.5776	0.103217	1.08489	230.526
LLLWGLLTLLWWLTTLLLILI	LLLWALLTLLWWLTTLLLILI	-24.0784	-26.2099	0.584123	0.276169	209.776
LLLWALLTLLWWLTTLLLILI	LLLWALLTLLTWLTTLLLILI	-25.8834	-26.9539	0.602699	0.265397	155.814
LLLWALLTLLTWLTTLLLILI	LLLWALLTLLTYLTTLLLILI	-26.3289	-26.1419	0.890414	0.148778	140.501
LLLWALLTLLTYLTTLLLILI	LLLWALLTLLTWLTTLLLILI	-26.1419	-26.3289	0.148778	0.890414	64.9219
Time: 92s
