***STARTING GEOMETRY:***
xShift: 6.85
crossingAngle: -44.28
axialRotation: -50.82
zShift: 5.21

Number of MCCycles: 200
PrevSequence	CurrSequence	PrevEnergy	CurrEnergy	PrevEntropy	CurrEntropy	CurrentTemp
LLLYGLLYSLLGSLLFTLILI	LLLYGLLTSLLGSLLFTLILI	820.88	820.763	0.505042	0.328724	999.847
LLLYGLLTSLLGSLLFTLILI	LLLYGLLYSLLGSLLFTLILI	820.763	820.88	0.328724	0.505042	999.684
LLLYGLLYSLLGSLLFTLILI	LLLYGLLTSLLGSLLFTLILI	820.88	820.763	0.505042	0.328724	999.512
LLLYGLLTSLLGSLLFTLILI	LLLTGLLTSLLGSLLFTLILI	820.654	820.698	0.219549	0.693609	999.328
LLLTGLLTSLLGSLLFTLILI	LLLTSLLTSLLGSLLFTLILI	820.273	823.324	0.267997	0.59813	999.134
LLLTSLLTSLLGSLLFTLILI	LLLTSLLTALLGSLLFTLILI	823.867	801.169	1.14146	0.0930288	998.928
LLLTSLLTALLGSLLFTLILI	LLLTSLLFALLGSLLFTLILI	801.769	799.815	0.693609	0.219549	998.708
LLLTSLLFALLGSLLFTLILI	LLLTSLLYALLGSLLFTLILI	800.006	800.8	0.410343	0.410343	998.476
LLLTSLLYALLGSLLFTLILI	LLLTSLLYALLGSLLFVLILI	801.32	804.713	0.930859	0.137712	998.229
LLLTSLLYALLGSLLFVLILI	LLLTGLLYALLGSLLFVLILI	805.033	801.784	0.457104	0.367007	997.967
LLLTGLLYALLGSLLFVLILI	LLLYGLLYALLGSLLFVLILI	801.604	803.664	0.186892	0.773553	997.394
LLLYGLLYALLGSLLFVLILI	LLLYGLLYALLGALLFVLILI	803.294	804.84	0.404229	0.416521	997.081
LLLYGLLYALLGALLFVLILI	LLLYGLLYALLGSLLFVLILI	804.84	803.085	0.416521	0.404229	996.749
LLLYGLLYALLGSLLFVLILI	LLLYGLLTALLGSLLFVLILI	803.455	803.41	0.773553	0.186892	996.397
LLLYGLLTALLGSLLFVLILI	LLLYGLLTALLGSLLFTLILI	803.361	799.913	0.137712	0.930859	996.023
LLLYGLLTALLGSLLFTLILI	LLLYALLTALLGSLLFTLILI	799.566	799.727	0.584123	0.276169	995.626
LLLYALLTALLGSLLFTLILI	LLLYALLFALLGSLLFTLILI	799.99	801.362	0.538845	0.30482	995.205
LLLYALLFALLGSLLFTLILI	LLLYALLTALLGSLLFTLILI	801.362	800.198	0.30482	0.538845	994.758
LLLYALLTALLGSLLFTLILI	LLLYALLFALLGSLLFTLILI	800.198	800.967	0.538845	0.30482	994.285
LLLYALLFALLGSLLFTLILI	LLLYGLLFALLGSLLFTLILI	800.938	799.647	0.276169	0.584123	993.782
LLLYGLLFALLGSLLFTLILI	LLLYGLLFALLGALLFTLILI	799.467	801.41	0.404229	0.416521	993.249
LLLYGLLFALLGALLFTLILI	LLLYGLLFALLGALLSTLILI	801.534	802.837	0.540023	0.304028	992.683
LLLYGLLFALLGALLSTLILI	LLLYALLFALLGALLSTLILI	802.979	804.511	0.445276	0.377357	992.084
LLLYALLFALLGALLSTLILI	LLLYALLTALLGALLSTLILI	804.305	803.956	0.171816	0.816184	991.448
LLLYALLTALLGALLSTLILI	LLLTALLTALLGALLSTLILI	803.36	803.797	0.219549	0.693609	990.773
LLLTALLTALLGALLSTLILI	LLLTGLLTALLGALLSTLILI	803.48	803.039	0.377357	0.445276	990.058
LLLTGLLTALLGALLSTLILI	LLLTGLLYALLGALLSTLILI	803.287	801.408	0.693609	0.219549	989.3
LLLTGLLYALLGALLSTLILI	LLLTGLLYALLGALLFTLILI	801.693	799.766	0.503913	0.329564	988.496
LLLTGLLYALLGALLFTLILI	LLLTGLLYALLGALLFFLILI	799.976	803.623	0.538845	0.30482	987.644
LLLTGLLYALLGALLFFLILI	LLLTGLLYALLGALLFTLILI	803.623	799.976	0.30482	0.538845	986.74
LLLTGLLYALLGALLFTLILI	LLLTGLLYALLGALLFYLILI	799.766	803.52	0.328724	0.505042	985.783
LLLTGLLYALLGALLFYLILI	LLLTGLLYALLGALLFTLILI	803.52	799.766	0.505042	0.328724	984.769
LLLTGLLYALLGALLFTLILI	LLLTGLLYALLGALLSTLILI	799.766	801.146	0.329564	0.503913	983.694
LLLTGLLYALLGALLSTLILI	LLLTGLLYALLGALLFTLILI	801.146	799.766	0.503913	0.329564	982.555
LLLTGLLYALLGALLFTLILI	LLLGGLLYALLGALLFTLILI	799.804	800.452	0.366931	0.457192	981.348
LLLGGLLYALLGALLFTLILI	LLLTGLLYALLGALLFTLILI	800.452	799.804	0.457192	0.366931	980.071
LLLTGLLYALLGALLFTLILI	LLLTGLLYALLGGLLFTLILI	799.635	800.756	0.197612	0.745602	978.717
LLLTGLLYALLGGLLFTLILI	LLLGGLLYALLGGLLFTLILI	800.304	801.122	0.29428	0.55485	977.285
LLLGGLLYALLGGLLFTLILI	LLLTGLLYALLGGLLFTLILI	801.122	800.304	0.55485	0.29428	975.768
LLLTGLLYALLGGLLFTLILI	LLLTGLLYALLGGLLTTLILI	800.13	797.32	0.119894	1.0043	974.162
LLLTGLLYALLGGLLTTLILI	LLLYGLLYALLGGLLTTLILI	796.759	797.616	0.443059	0.379341	972.463
LLLYGLLYALLGGLLTTLILI	LLLTGLLYALLGGLLTTLILI	797.616	796.759	0.379341	0.443059	968.764
LLLTGLLYALLGGLLTTLILI	LLLGGLLYALLGGLLTTLILI	796.716	797.294	0.400165	0.420699	966.754
LLLGGLLYALLGGLLTTLILI	LLLGGLLFALLGGLLTTLILI	797.523	797.965	0.650378	0.240035	964.627
LLLGGLLFALLGGLLTTLILI	LLLGALLFALLGGLLTTLILI	798.597	799.06	0.872342	0.154044	962.38
LLLGALLFALLGGLLTTLILI	LLLGGLLFALLGGLLTTLILI	799.06	798.597	0.154044	0.872342	960.005
LLLGGLLFALLGGLLTTLILI	LLLGGLLFALLGGLLVTLILI	798.655	801.936	0.930859	0.137712	957.496
LLLGGLLFALLGGLLVTLILI	LLLGGLLFALLGGLLTTLILI	801.936	798.655	0.137712	0.930859	954.846
LLLGGLLFALLGGLLTTLILI	LLLGSLLFALLGGLLTTLILI	798.606	799.035	0.88184	0.151251	952.048
LLLGSLLFALLGGLLTTLILI	LLLGSLLFALLGSLLTTLILI	799.374	801.691	0.490046	0.340109	949.095
LLLGSLLFALLGSLLTTLILI	LLLGSLLFALLGGLLTTLILI	801.691	798.899	0.340109	0.490046	945.979
LLLGSLLFALLGGLLTTLILI	LLLGALLFALLGGLLTTLILI	798.813	798.779	0.404229	0.416521	942.693
LLLGALLFALLGGLLTTLILI	LLLTALLFALLGGLLTTLILI	798.702	798.732	0.34018	0.489954	939.229
LLLTALLFALLGGLLTTLILI	LLLTALLFALLGSLLTTLILI	798.834	803.349	0.591862	0.271616	935.578
LLLTALLFALLGSLLTTLILI	LLLTALLFALLGSLLTVLILI	804.206	806.967	1.12845	0.0952708	931.732
LLLTALLFALLGSLLTVLILI	LLLTALLFALLGSLLTTLILI	806.967	803.245	0.0952708	1.12845	927.683
LLLTALLFALLGSLLTTLILI	LLLTALLFALLGSLLFTLILI	802.811	799.867	0.693609	0.219549	923.422
LLLTALLFALLGSLLFTLILI	LLLTALLTALLGSLLFTLILI	799.867	799.769	0.219549	0.693609	918.939
LLLTALLTALLGSLLFTLILI	LLLYALLTALLGSLLFTLILI	799.769	799.879	0.693609	0.219549	914.227
LLLYALLTALLGSLLFTLILI	LLLYGLLTALLGSLLFTLILI	799.936	799.566	0.276169	0.584123	909.276
LLLYGLLTALLGSLLFTLILI	LLLYALLTALLGSLLFTLILI	799.566	799.936	0.584123	0.276169	904.077
LLLYALLTALLGSLLFTLILI	LLLTALLTALLGSLLFTLILI	799.879	800.316	0.219549	0.693609	892.899
LLLTALLTALLGSLLFTLILI	LLLTGLLTALLGSLLFTLILI	799.898	799.697	0.276169	0.584123	886.903
LLLTGLLTALLGSLLFTLILI	LLLYGLLTALLGSLLFTLILI	799.806	799.201	0.693609	0.219549	880.623
LLLYGLLTALLGSLLFTLILI	LLLYALLTALLGSLLFTLILI	799.566	799.936	0.584123	0.276169	874.051
LLLYALLTALLGSLLFTLILI	LLLYALLTALLGALLFTLILI	799.957	801.725	0.297523	0.549849	867.179
LLLYALLTALLGALLFTLILI	LLLYALLTALLGSLLFTLILI	801.725	799.957	0.549849	0.297523	859.999
LLLYALLTALLGSLLFTLILI	LLLYALLTALLGSLLFVLILI	800.59	804.038	0.930859	0.137712	852.504
LLLYALLTALLGSLLFVLILI	LLLYALLTALLGALLFVLILI	804.198	806.205	0.297523	0.549849	844.686
LLLYALLTALLGALLFVLILI	LLLYALLTALLGALLFTLILI	805.793	802.314	0.137712	0.930859	836.541
LLLYALLTALLGALLFTLILI	LLLYALLTALLGSLLFTLILI	801.933	799.957	0.549849	0.297523	828.061
LLLYALLTALLGSLLFTLILI	LLLYGLLTALLGSLLFTLILI	799.936	799.566	0.276169	0.584123	819.243
LLLYGLLTALLGSLLFTLILI	LLLYALLTALLGSLLFTLILI	799.566	799.936	0.584123	0.276169	810.083
LLLYALLTALLGSLLFTLILI	LLLYALLYALLGSLLFTLILI	799.988	802.277	0.328724	0.505042	800.577
LLLYALLYALLGSLLFTLILI	LLLYALLTALLGSLLFTLILI	802.277	799.988	0.505042	0.328724	790.724
LLLYALLTALLGSLLFTLILI	LLLYGLLTALLGSLLFTLILI	799.936	799.566	0.276169	0.584123	780.523
LLLYGLLTALLGSLLFTLILI	LLLTGLLTALLGSLLFTLILI	799.201	799.806	0.219549	0.693609	769.974
LLLTGLLTALLGSLLFTLILI	LLLTGLLTALLGSLLFVLILI	800.241	803.449	1.12845	0.0952708	759.081
LLLTGLLTALLGSLLFVLILI	LLLTGLLYALLGSLLFVLILI	803.893	801.722	0.538845	0.30482	747.845
LLLTGLLYALLGSLLFVLILI	LLLTGLLYALLGSLLFTLILI	801.555	798.654	0.137712	0.930859	736.272
LLLTGLLYALLGSLLFTLILI	LLLTGLLYALLGSLLFVLILI	798.654	801.555	0.930859	0.137712	724.369
LLLTGLLYALLGSLLFVLILI	LLLTGLLYALLGSLLFTLILI	801.555	798.654	0.137712	0.930859	699.602
LLLTGLLYALLGSLLFTLILI	LLLTGLLTALLGSLLFTLILI	797.943	799.26	0.219549	0.693609	686.76
LLLTGLLTALLGSLLFTLILI	LLLTALLTALLGSLLFTLILI	799.151	799.898	0.584123	0.276169	673.628
LLLTALLTALLGSLLFTLILI	LLLTALLFALLGSLLFTLILI	800.316	799.867	0.693609	0.219549	660.222
LLLTALLFALLGSLLFTLILI	LLLTSLLFALLGSLLFTLILI	799.892	800.183	0.244161	0.642213	646.557
LLLTSLLFALLGSLLFTLILI	LLLTSLLYALLGSLLFTLILI	799.951	800.745	0.410343	0.410343	632.651
LLLTSLLYALLGSLLFTLILI	LLLTGLLYALLGSLLFTLILI	800.791	798.09	0.457104	0.367007	618.524
LLLTGLLYALLGSLLFTLILI	LLLYGLLYALLGSLLFTLILI	798.052	799.154	0.328724	0.505042	604.196
LLLYGLLYALLGSLLFTLILI	LLLYGLLTALLGSLLFTLILI	799.154	799.311	0.505042	0.328724	589.688
LLLYGLLTALLGSLLFTLILI	LLLTGLLTALLGSLLFTLILI	799.201	799.806	0.219549	0.693609	575.025
LLLTGLLTALLGSLLFTLILI	LLLTGLLTALLGALLFTLILI	799.517	801.253	0.404229	0.416521	560.23
LLLTGLLTALLGALLFTLILI	LLLTALLTALLGALLFTLILI	801.282	801.723	0.445276	0.377357	545.329
LLLTALLTALLGALLFTLILI	LLLTGLLTALLGALLFTLILI	801.723	801.282	0.377357	0.445276	530.348
LLLTGLLTALLGALLFTLILI	LLLTGLLTALLGSLLFTLILI	801.253	799.517	0.416521	0.404229	515.312
LLLTGLLTALLGSLLFTLILI	LLLTGLLYALLGSLLFTLILI	799.806	797.943	0.693609	0.219549	500.25
LLLTGLLYALLGSLLFTLILI	LLLTALLYALLGSLLFTLILI	798.307	800.736	0.584123	0.276169	455.171
LLLTALLYALLGSLLFTLILI	LLLTALLFALLGSLLFTLILI	800.87	800.058	0.410343	0.410343	440.27
LLLTALLFALLGSLLFTLILI	LLLYALLFALLGSLLFTLILI	800.186	800.967	0.538845	0.30482	425.475
LLLYALLFALLGSLLFTLILI	LLLYGLLFALLGSLLFTLILI	800.938	799.855	0.276169	0.584123	410.812
LLLYGLLFALLGSLLFTLILI	LLLYGLLYALLGSLLFTLILI	799.511	799.299	0.240035	0.650378	396.304
LLLYGLLYALLGSLLFTLILI	LLLTGLLYALLGSLLFTLILI	799.154	798.052	0.505042	0.328724	381.976
LLLTGLLYALLGSLLFTLILI	LLLTGLLTALLGSLLFTLILI	797.943	799.26	0.219549	0.693609	340.278
LLLTGLLTALLGSLLFTLILI	LLLTGLLLALLGSLLFTLILI	799.607	799.816	1.04019	0.112128	326.872
LLLTGLLLALLGSLLFTLILI	LLLYGLLLALLGSLLFTLILI	800.243	801.036	0.538845	0.30482	313.74
LLLYGLLLALLGSLLFTLILI	LLLTGLLLALLGSLLFTLILI	801.036	800.789	0.30482	0.538845	300.898
LLLTGLLLALLGSLLFTLILI	LLLTGLLTALLGSLLFTLILI	800.362	800.153	0.112128	1.04019	288.358
LLLTGLLTALLGSLLFTLILI	LLLTALLTALLGSLLFTLILI	799.697	799.898	0.584123	0.276169	264.228
LLLTALLTALLGSLLFTLILI	LLLTGLLTALLGSLLFTLILI	799.898	799.697	0.276169	0.584123	252.655
LLLTGLLTALLGSLLFTLILI	LLLTGLLYALLGSLLFTLILI	799.806	797.943	0.693609	0.219549	230.526
LLLTGLLYALLGSLLFTLILI	LLLTGLLYALLGALLFTLILI	798.127	799.853	0.404229	0.416521	190.417
LLLTGLLYALLGALLFTLILI	LLLTGLLYALLGSLLFTLILI	799.853	798.127	0.416521	0.404229	181.257
LLLTGLLYALLGSLLFTLILI	LLLGGLLYALLGSLLFTLILI	798.09	798.738	0.366931	0.457192	119.877
LLLGGLLYALLGSLLFTLILI	LLLTGLLYALLGSLLFTLILI	798.738	798.09	0.457192	0.366931	107.601
Time: 194s
