***STARTING GEOMETRY:***
xShift: 8.25043
crossingAngle: 21.9506
axialRotation: 100.271
zShift: 3.30159

Number of MCCycles: 100
PrevSequence	CurrSequence	PrevEnergy	CurrEnergy	PrevEntropy	CurrEntropy	CurrentTemp
LLLWALLTLLTALTYLLLILI	LLLWALLTLLTALTFLLLILI	14.1801	7.85454	0.650378	0.240035	999.684
LLLWALLTLLTALTFLLLILI	LLLWALLTLLTGLTFLLLILI	8.07826	9.11987	0.463748	0.36136	999.328
LLLWALLTLLTGLTFLLLILI	LLLWALLTLLTGLTYLLLILI	8.99855	9.13703	0.240035	0.650378	998.928
LLLWALLTLLTGLTYLLLILI	LLLWALLTLLTGLTFLLLILI	9.13703	7.91525	0.650378	0.240035	998.476
LLLWALLTLLTGLTFLLLILI	LLLWALLYLLTGLTFLLLILI	8.36882	5.32866	0.693609	0.219549	997.967
LLLWALLYLLTGLTFLLLILI	LLLWGLLYLLTGLTFLLLILI	5.26315	5.41113	0.154044	0.872342	997.394
LLLWGLLYLLTGLTFLLLILI	LLLWGLLFLLTGLTFLLLILI	4.94914	6.31925	0.410343	0.410343	996.749
LLLWGLLFLLTGLTFLLLILI	LLLWGLLYLLTGLTFLLLILI	6.31925	5.90082	0.410343	0.410343	996.023
LLLWGLLYLLTGLTFLLLILI	LLLYGLLYLLTGLTFLLLILI	5.86261	4.51538	0.372136	0.451187	995.205
LLLYGLLYLLTGLTFLLLILI	LLLYGLLYLLYGLTFLLLILI	4.30223	7.18244	0.238039	0.654392	994.285
LLLYGLLYLLYGLTFLLLILI	LLLYGLLYLLTGLTFLLLILI	7.18244	4.12945	0.654392	0.238039	993.249
LLLYGLLYLLTGLTFLLLILI	LLLYGLLYLLTALTFLLLILI	4.76376	2.25305	0.872342	0.154044	990.773
LLLYGLLYLLTALTFLLLILI	LLLYGLLYLLTSLTFLLLILI	2.34317	2.99654	0.244161	0.642213	989.3
LLLYGLLYLLTSLTFLLLILI	LLLYGLLFLLTSLTFLLLILI	3.00471	3.05387	0.650378	0.240035	987.644
LLLYGLLFLLTSLTFLLLILI	LLLYGLLFLLTSLTTLLLILI	3.03338	1.85399	0.219549	0.693609	985.783
LLLYGLLFLLTSLTTLLLILI	LLLFGLLFLLTSLTTLLLILI	1.57072	3.82549	0.410343	0.410343	983.694
LLLFGLLFLLTSLTTLLLILI	LLLYGLLFLLTSLTTLLLILI	3.82549	2.06134	0.410343	0.410343	981.348
LLLYGLLFLLTSLTTLLLILI	LLLYGLLYLLTSLTTLLLILI	1.7831	1.5047	0.132101	0.952787	978.717
LLLYGLLYLLTSLTTLLLILI	LLLYGLLFLLTSLTTLLLILI	1.5047	2.0836	0.952787	0.132101	975.768
LLLYGLLFLLTSLTTLLLILI	LLLYGLLYLLTSLTTLLLILI	2.0836	1.5047	0.132101	0.952787	968.764
LLLYGLLYLLTSLTTLLLILI	LLLYGLLFLLTSLTTLLLILI	1.5047	1.41859	0.952787	0.132101	964.627
LLLYGLLFLLTSLTTLLLILI	LLLYGLLFLLTSLTALLLILI	2.47931	3.04449	1.19282	0.0847157	960.005
LLLYGLLFLLTSLTALLLILI	LLLFGLLFLLTSLTALLLILI	3.37012	5.33755	0.410343	0.410343	942.693
LLLFGLLFLLTSLTALLLILI	LLLFGLLFLLTSLTTLLLILI	5.01192	4.60797	0.0847157	1.19282	935.578
LLLFGLLFLLTSLTTLLLILI	LLLYGLLFLLTSLTTLLLILI	3.82549	2.18975	0.410343	0.410343	927.683
LLLYGLLFLLTSLTTLLLILI	LLLYGLLYLLTSLTTLLLILI	1.91151	1.6308	0.132101	0.952787	909.276
LLLYGLLYLLTSLTTLLLILI	LLLYGLLYLLTSLTFLLLILI	1.68231	1.90721	1.0043	0.119894	898.621
LLLYGLLYLLTSLTFLLLILI	LLLYGLLYLLTALTFLLLILI	2.42953	2.20522	0.642213	0.244161	886.903
LLLYGLLYLLTALTFLLLILI	LLLFGLLYLLTALTFLLLILI	2.61143	4.56331	0.650378	0.240035	874.051
LLLFGLLYLLTALTFLLLILI	LLLFGLLYLLTALTYLLLILI	4.56331	5.31133	0.240035	0.650378	859.999
LLLFGLLYLLTALTYLLLILI	LLLYGLLYLLTALTYLLLILI	4.75221	2.78197	0.0912572	1.15198	844.686
LLLYGLLYLLTALTYLLLILI	LLLFGLLYLLTALTYLLLILI	2.78197	4.36894	1.15198	0.0912572	828.061
LLLFGLLYLLTALTYLLLILI	LLLFGLLYLLTALTFLLLILI	4.92806	4.5484	0.650378	0.240035	790.724
LLLFGLLYLLTALTFLLLILI	LLLFGLLYLLTGLTFLLLILI	4.46241	6.48347	0.154044	0.872342	769.974
LLLFGLLYLLTGLTFLLLILI	LLLYGLLYLLTGLTFLLLILI	5.85117	4.54179	0.240035	0.650378	747.845
LLLYGLLYLLTGLTFLLLILI	LLLYGLLYLLTALTFLLLILI	4.76376	2.34828	0.872342	0.154044	724.369
LLLYGLLYLLTALTFLLLILI	LLLYGLLYLLYALTFLLLILI	2.43228	6.70662	0.238039	0.654392	699.602
LLLYGLLYLLYALTFLLLILI	LLLYGLLFLLYALTFLLLILI	6.87291	8.02849	0.820686	0.170308	673.628
LLLYGLLFLLYALTFLLLILI	LLLYGLLYLLYALTFLLLILI	8.02849	6.26299	0.170308	0.820686	646.557
LLLYGLLYLLYALTFLLLILI	LLLYGLLFLLYALTFLLLILI	6.26299	6.98613	0.820686	0.170308	618.524
LLLYGLLFLLYALTFLLLILI	LLLWGLLFLLYALTFLLLILI	7.26701	9.16502	0.451187	0.372136	589.688
LLLWGLLFLLYALTFLLLILI	LLLYGLLFLLYALTFLLLILI	9.16502	7.82166	0.372136	0.451187	560.23
LLLYGLLFLLYALTFLLLILI	LLLYGLLFLLTALTFLLLILI	7.87551	3.74587	0.505042	0.328724	530.348
LLLYGLLFLLTALTFLLLILI	LLLYGLLFLLTALVFLLLILI	4.34801	6.76031	0.930859	0.137712	500.25
LLLYGLLFLLTALVFLLLILI	LLLYGLLFLLTALTFLLLILI	6.76031	3.98394	0.137712	0.930859	470.152
LLLYGLLFLLTALTFLLLILI	LLLYGLLYLLTALTFLLLILI	3.29311	2.84462	0.240035	0.650378	440.27
LLLYGLLYLLTALTFLLLILI	LLLYGLLYLLTALTYLLLILI	2.2855	3.37443	0.0912572	1.15198	410.812
LLLYGLLYLLTALTYLLLILI	LLLYGLLYLLTALTFLLLILI	3.37443	2.06722	1.15198	0.0912572	353.943
LLLYGLLYLLTALTFLLLILI	LLLYGLLFLLTALTFLLLILI	2.62634	3.30093	0.650378	0.240035	172.439
LLLYGLLFLLTALTFLLLILI	LLLYGLLYLLTALTFLLLILI	3.30093	2.61143	0.240035	0.650378	140.501
LLLYGLLYLLTALTFLLLILI	LLLYGLLFLLTALTFLLLILI	2.61143	3.78753	0.650378	0.240035	126.449
LLLYGLLFLLTALTFLLLILI	LLLYGLLYLLTALTFLLLILI	3.78753	2.62634	0.240035	0.650378	113.597
Time: 335s
