***STARTING GEOMETRY:***
xShift: 8.2
crossingAngle: 21
axialRotation: 100
zShift: 3.22877

Number of MCCycles: 100
PrevSequence	CurrSequence	PrevEnergy	CurrEnergy	PrevEntropy	CurrEntropy	CurrentTemp
LLLWALLTLLTALTYLLLILI	LLLWALLTLLYALTYLLLILI	14.3066	10.5434	0.443059	0.379341	999.684
LLLWALLTLLYALTYLLLILI	LLLWALLYLLYALTYLLLILI	10.4021	7.66683	0.238039	0.654392	999.328
LLLWALLYLLYALTYLLLILI	LLLWGLLYLLYALTYLLLILI	7.47618	7.7481	0.463748	0.36136	998.928
LLLWGLLYLLYALTYLLLILI	LLLWGLLYLLTALTYLLLILI	8.04113	3.86563	0.654392	0.238039	998.476
LLLWGLLYLLTALTYLLLILI	LLLWGLLFLLTALTYLLLILI	4.58038	5.29777	0.952787	0.132101	997.967
LLLWGLLFLLTALTYLLLILI	LLLYGLLFLLTALTYLLLILI	5.5378	4.71626	0.372136	0.451187	997.394
LLLYGLLFLLTALTYLLLILI	LLLFGLLFLLTALTYLLLILI	4.91545	6.19723	0.650378	0.240035	996.749
LLLFGLLFLLTALTYLLLILI	LLLFGLLFLLTSLTYLLLILI	6.20136	8.05815	0.244161	0.642213	996.023
LLLFGLLFLLTSLTYLLLILI	LLLFGLLYLLTSLTYLLLILI	7.65597	7.12939	0.240035	0.650378	995.205
LLLFGLLYLLTSLTYLLLILI	LLLFGLLYLLTALTYLLLILI	7.12123	5.93812	0.642213	0.244161	994.285
LLLFGLLYLLTALTYLLLILI	LLLFGLLYLLTALTFLLLILI	6.34433	6.07908	0.650378	0.240035	993.249
LLLFGLLYLLTALTFLLLILI	LLLYGLLYLLTALTFLLLILI	6.07908	4.13907	0.240035	0.650378	992.084
LLLYGLLYLLTALTFLLLILI	LLLYGLLYLLTALVFLLLILI	4.41955	7.33009	0.930859	0.137712	990.773
LLLYGLLYLLTALVFLLLILI	LLLYGLLYLLTALTFLLLILI	7.33009	4.60983	0.137712	0.930859	989.3
LLLYGLLYLLTALTFLLLILI	LLLYGLLYLLTGLTFLLLILI	3.83301	5.31763	0.154044	0.872342	987.644
LLLYGLLYLLTGLTFLLLILI	LLLYGLLYLLTALTFLLLILI	5.31763	3.84494	0.872342	0.154044	985.783
LLLYGLLYLLTALTFLLLILI	LLLYGLLFLLTALTFLLLILI	4.34127	5.30846	0.650378	0.240035	983.694
LLLYGLLFLLTALTFLLLILI	LLLYGLLFLLTALVFLLLILI	5.99929	8.86908	0.930859	0.137712	981.348
LLLYGLLFLLTALVFLLLILI	LLLYGLLFLLTALTFLLLILI	8.86908	6.38702	0.137712	0.930859	978.717
LLLYGLLFLLTALTFLLLILI	LLLYGLLYLLTALTFLLLILI	5.6962	4.31868	0.240035	0.650378	975.768
LLLYGLLYLLTALTFLLLILI	LLLYGLLYLLTALTYLLLILI	3.75956	4.08837	0.0912572	1.15198	972.463
LLLYGLLYLLTALTYLLLILI	LLLYGLLYLLTGLTYLLLILI	3.09044	5.12455	0.154044	0.872342	968.764
LLLYGLLYLLTGLTYLLLILI	LLLYGLLYLLTALTYLLLILI	5.12455	3.83291	0.872342	0.154044	964.627
LLLYGLLYLLTALTYLLLILI	LLLFGLLYLLTALTYLLLILI	4.83084	5.54088	1.15198	0.0912572	960.005
LLLFGLLYLLTALTYLLLILI	LLLFGLLYLLTALVYLLLILI	6.38048	9.5316	0.930859	0.137712	954.846
LLLFGLLYLLTALVYLLLILI	LLLFGLLYLLTALVFLLLILI	10.0443	9.71592	0.650378	0.240035	949.095
LLLFGLLYLLTALVFLLLILI	LLLFGLLYLLTALTFLLLILI	9.61359	6.87671	0.137712	0.930859	942.693
LLLFGLLYLLTALTFLLLILI	LLLFGLLFLLTALTFLLLILI	6.24826	7.82514	0.302409	0.542444	935.578
LLLFGLLFLLTALTFLLLILI	LLLFGLLFLLTSLTFLLLILI	7.52685	7.26913	0.244161	0.642213	927.683
LLLFGLLFLLTSLTFLLLILI	LLLFGLLFLLTALTFLLLILI	7.26913	7.11295	0.642213	0.244161	918.939
LLLFGLLFLLTALTFLLLILI	LLLFGLLYLLTALTFLLLILI	7.41124	6.10967	0.542444	0.302409	909.276
LLLFGLLYLLTALTFLLLILI	LLLFGLLYLLTALTYLLLILI	6.0473	6.41077	0.240035	0.650378	898.621
LLLFGLLYLLTALTYLLLILI	LLLFGLLYLLTALTFLLLILI	6.41077	6.5878	0.650378	0.240035	886.903
LLLFGLLYLLTALTFLLLILI	LLLFGLLYLLTALTYLLLILI	6.5878	6.86863	0.240035	0.650378	874.051
LLLFGLLYLLTALTYLLLILI	LLLFGLLYLLTGLTYLLLILI	6.37229	7.60072	0.154044	0.872342	859.999
LLLFGLLYLLTGLTYLLLILI	LLLFGLLFLLTGLTYLLLILI	7.37876	7.35871	0.650378	0.240035	844.686
LLLFGLLFLLTGLTYLLLILI	LLLFGLLFLLTALTYLLLILI	7.99101	6.50707	0.872342	0.154044	828.061
LLLFGLLFLLTALTYLLLILI	LLLYGLLFLLTALTYLLLILI	6.59306	5.85072	0.240035	0.650378	810.083
LLLYGLLFLLTALTYLLLILI	LLLFGLLFLLTALTYLLLILI	5.85072	7.76857	0.650378	0.240035	790.724
LLLFGLLFLLTALTYLLLILI	LLLFGLLYLLTALTYLLLILI	7.76857	6.37617	0.240035	0.650378	769.974
LLLFGLLYLLTALTYLLLILI	LLLFGLLYLLTALTFLLLILI	6.37617	6.04447	0.650378	0.240035	747.845
LLLFGLLYLLTALTFLLLILI	LLLFGLLYLLTGLTFLLLILI	5.95848	7.18891	0.154044	0.872342	724.369
LLLFGLLYLLTGLTFLLLILI	LLLFGLLYLLTALTFLLLILI	7.18891	6.52933	0.872342	0.154044	699.602
LLLFGLLYLLTALTFLLLILI	LLLFGLLYLLYALTFLLLILI	6.70401	9.92272	0.328724	0.505042	673.628
LLLFGLLYLLYALTFLLLILI	LLLFGLLYLLYALTYLLLILI	9.58799	10.6852	0.170308	0.820686	646.557
LLLFGLLYLLYALTYLLLILI	LLLFGLLYLLYALTFLLLILI	10.6852	9.49259	0.820686	0.170308	618.524
LLLFGLLYLLYALTFLLLILI	LLLFGLLYLLTALTFLLLILI	9.82733	6.13316	0.505042	0.328724	589.688
LLLFGLLYLLTALTFLLLILI	LLLYGLLYLLTALTFLLLILI	6.04447	4.13907	0.240035	0.650378	560.23
LLLYGLLYLLTALTFLLLILI	LLLYGLLYLLTALTYLLLILI	3.57995	5.21154	0.0912572	1.15198	530.348
LLLYGLLYLLTALTYLLLILI	LLLYGLLYLLTALTFLLLILI	5.21154	3.99327	1.15198	0.0912572	500.25
LLLYGLLYLLTALTFLLLILI	LLLYGLLFLLTALTFLLLILI	4.55239	5.29815	0.650378	0.240035	470.152
LLLYGLLFLLTALTFLLLILI	LLLYGLLFLLTALTYLLLILI	5.29815	4.89802	0.240035	0.650378	440.27
LLLYGLLFLLTALTYLLLILI	LLLYGLLFLLTGLTYLLLILI	4.40169	5.87624	0.154044	0.872342	410.812
LLLYGLLFLLTGLTYLLLILI	LLLYGLLFLLTALTYLLLILI	5.87624	4.27958	0.872342	0.154044	381.976
LLLYGLLFLLTALTYLLLILI	LLLYGLLFLLTALTFLLLILI	4.77591	5.29815	0.650378	0.240035	353.943
LLLYGLLFLLTALTFLLLILI	LLLYGLLYLLTALTFLLLILI	5.29815	4.43615	0.240035	0.650378	326.872
LLLYGLLYLLTALTFLLLILI	LLLYGLLYLLTGLTFLLLILI	3.93982	4.64458	0.154044	0.872342	300.898
LLLYGLLYLLTGLTFLLLILI	LLLLGLLYLLTGLTFLLLILI	4.45207	6.99726	0.679837	0.225838	276.131
LLLLGLLYLLTGLTFLLLILI	LLLLGLLYLLTALTFLLLILI	7.64377	6.48972	0.872342	0.154044	230.526
LLLLGLLYLLTALTFLLLILI	LLLLGLLYLLTALTYLLLILI	6.46777	6.8604	0.132101	0.952787	209.776
LLLLGLLYLLTALTYLLLILI	LLLLGLLYLLTALTFLLLILI	6.8604	5.93234	0.952787	0.132101	190.417
LLLLGLLYLLTALTFLLLILI	LLLYGLLYLLTALTFLLLILI	6.02608	4.16853	0.225838	0.679837	155.814
LLLYGLLYLLTALTFLLLILI	LLLYGLLYLLTSLTFLLLILI	3.73285	3.6537	0.244161	0.642213	91.2238
LLLYGLLYLLTSLTFLLLILI	LLLYGLLYLLTSLTTLLLILI	3.13138	2.10179	0.119894	1.0043	64.9219
LLLYGLLYLLTSLTTLLLILI	LLLYGLLFLLTSLTTLLLILI	2.05028	2.0384	0.952787	0.132101	12.8564
LLLYGLLFLLTSLTTLLLILI	LLLYGLLYLLTSLTTLLLILI	2.0384	2.05028	0.132101	0.952787	8.41632
LLLYGLLYLLTSLTTLLLILI	LLLYGLLFLLTSLTTLLLILI	2.05028	2.0384	0.952787	0.132101	6.21537
Time: 316s
