***STARTING GEOMETRY:***
xShift: 8.67597
crossingAngle: 31
axialRotation: 75.6518
zShift: 2.2

Number of MCCycles: 100
PrevSequence	CurrSequence	PrevEnergy	CurrEnergy	PrevEntropy	CurrEntropy	CurrentTemp
LLLYILLGLLYWLTTLLLILI	LLLYILLGLLFWLTTLLLILI	-13.8957	-14.786	0.952787	0.132101	999.684
LLLYILLGLLFWLTTLLLILI	LLLYILLGLLFTLTTLLLILI	-14.5749	-14.5893	0.343253	0.48602	999.328
LLLYILLGLLFTLTTLLLILI	LLLYFLLGLLFTLTTLLLILI	-14.7241	-14.9681	0.351222	0.47603	998.928
LLLYFLLGLLFTLTTLLLILI	LLLGFLLGLLFTLTTLLLILI	-15.0744	-14.0009	0.369715	0.453966	998.476
LLLGFLLGLLFTLTTLLLILI	LLLGFLLGLLYTLTTLLLILI	-14.0445	-15.9177	0.410343	0.410343	997.967
LLLGFLLGLLYTLTTLLLILI	LLLGFLLGLLYWLTTLLLILI	-15.8421	-16.7203	0.48602	0.343253	996.749
LLLGFLLGLLYWLTTLLLILI	LLLGFLLGLLYFLTTLLLILI	-16.4647	-15.8697	0.598868	0.267575	996.023
LLLGFLLGLLYFLTTLLLILI	LLLGFLLGLLYFLTGLLLILI	-15.7704	-11.3098	0.366931	0.457192	995.205
LLLGFLLGLLYFLTGLLLILI	LLLGFLLGLLYWLTGLLLILI	-11.4995	-12.459	0.267575	0.598868	994.285
LLLGFLLGLLYWLTGLLLILI	LLLYFLLGLLYWLTGLLLILI	-12.689	-13.7728	0.368877	0.454934	993.249
LLLYFLLGLLYWLTGLLLILI	LLLYFLLGLLYTLTGLLLILI	-13.7668	-13.0866	0.460972	0.363705	992.084
LLLYFLLGLLYTLTGLLLILI	LLLGFLLGLLYTLTGLLLILI	-12.9954	-11.9497	0.454934	0.368877	990.773
LLLGFLLGLLYTLTGLLLILI	LLLGYLLGLLYTLTGLLLILI	-12.1865	-11.2424	0.132101	0.952787	989.3
LLLGYLLGLLYTLTGLLLILI	LLLGYLLGLLFTLTGLLLILI	-11.2424	-10.509	0.952787	0.132101	987.644
LLLGYLLGLLFTLTGLLLILI	LLLYYLLGLLFTLTGLLLILI	-10.2722	-11.2079	0.368877	0.454934	985.783
LLLYYLLGLLFTLTGLLLILI	LLLYTLLGLLFTLTGLLLILI	-11.2835	-11.6442	0.379341	0.443059	983.694
LLLYTLLGLLFTLTGLLLILI	LLLYTLLGLLYTLTGLLLILI	-11.9551	-12.8353	0.132101	0.952787	981.348
LLLYTLLGLLYTLTGLLLILI	LLLVTLLGLLYTLTGLLLILI	-12.7134	-12.2385	1.07465	0.105187	978.717
LLLVTLLGLLYTLTGLLLILI	LLLYTLLGLLYTLTGLLLILI	-12.2385	-12.5208	0.105187	1.07465	975.768
LLLYTLLGLLYTLTGLLLILI	LLLYTLLGLLYWLTGLLLILI	-13.1094	-14.4752	0.48602	0.343253	972.463
LLLYTLLGLLYWLTGLLLILI	LLLYLLLGLLYWLTGLLLILI	-14.2531	-14.1397	0.565318	0.287636	968.764
LLLYLLLGLLYWLTGLLLILI	LLLYTLLGLLYWLTGLLLILI	-14.1397	-14.2925	0.287636	0.565318	964.627
LLLYTLLGLLYWLTGLLLILI	LLLYTLLGLLYWLVGLLLILI	-13.9269	-11.1471	0.930859	0.137712	960.005
LLLYTLLGLLYWLVGLLLILI	LLLYTLLGLLWWLVGLLLILI	-11.0173	-9.1221	0.267575	0.598868	954.846
LLLYTLLGLLWWLVGLLLILI	LLLYLLLGLLWWLVGLLLILI	-9.37325	-8.49831	0.34772	0.480382	949.095
LLLYLLLGLLWWLVGLLLILI	LLLYLLLGLLWFLVGLLLILI	-7.74766	-10.0209	1.23103	0.0790506	942.693
LLLYLLLGLLWFLVGLLLILI	LLLYLLLGLLTFLVGLLLILI	-9.38296	-8.3721	0.716965	0.209355	935.578
LLLYLLLGLLTFLVGLLLILI	LLLYLLLGLLTYLVGLLLILI	-8.44935	-7.87101	0.132101	0.952787	927.683
LLLYLLLGLLTYLVGLLLILI	LLLYLLLGLLTYLTGLLLILI	-8.68609	-11.2616	0.137712	0.930859	918.939
LLLYLLLGLLTYLTGLLLILI	LLLFLLLGLLTYLTGLLLILI	-11.2397	-10.4287	0.952787	0.132101	909.276
LLLFLLLGLLTYLTGLLLILI	LLLFLLLGLLTFLTGLLLILI	-10.1505	-10.5299	0.410343	0.410343	898.621
LLLFLLLGLLTFLTGLLLILI	LLLYLLLGLLTFLTGLLLILI	-10.5299	-12.1619	0.410343	0.410343	886.903
LLLYLLLGLLTFLTGLLLILI	LLLFLLLGLLTFLTGLLLILI	-12.1619	-10.5299	0.410343	0.410343	874.051
LLLFLLLGLLTFLTGLLLILI	LLLFYLLGLLTFLTGLLLILI	-10.5514	-10.7349	0.388917	0.432574	859.999
LLLFYLLGLLTFLTGLLLILI	LLLFYLLGLLWFLTGLLLILI	-10.8038	-11.5756	0.363705	0.460972	844.686
LLLFYLLGLLWFLTGLLLILI	LLLFYLLGLLYFLTGLLLILI	-11.6645	-11.0926	0.372136	0.451187	828.061
LLLFYLLGLLYFLTGLLLILI	LLLFYLLGLLWFLTGLLLILI	-11.0926	-11.6645	0.451187	0.372136	810.083
LLLFYLLGLLWFLTGLLLILI	LLLYYLLGLLWFLTGLLLILI	-11.7966	-12.9588	0.240035	0.650378	790.724
LLLYYLLGLLWFLTGLLLILI	LLLLYLLGLLWFLTGLLLILI	-12.9293	-12.6937	0.679837	0.225838	769.974
LLLLYLLGLLWFLTGLLLILI	LLLYYLLGLLWFLTGLLLILI	-12.6937	-13.1161	0.225838	0.679837	747.845
LLLYYLLGLLWFLTGLLLILI	LLLLYLLGLLWFLTGLLLILI	-13.1161	-12.7609	0.679837	0.225838	724.369
LLLLYLLGLLWFLTGLLLILI	LLLLTLLGLLWFLTGLLLILI	-12.6819	-12.7905	0.30482	0.538845	699.602
LLLLTLLGLLWFLTGLLLILI	LLLYTLLGLLWFLTGLLLILI	-12.9404	-13.5049	0.388917	0.432574	673.628
LLLYTLLGLLWFLTGLLLILI	LLLLTLLGLLWFLTGLLLILI	-13.5049	-12.7902	0.432574	0.388917	646.557
LLLLTLLGLLWFLTGLLLILI	LLLYTLLGLLWFLTGLLLILI	-12.7902	-13.3459	0.388917	0.432574	618.524
LLLYTLLGLLWFLTGLLLILI	LLLYTLLGLLWYLTGLLLILI	-13.6464	-13.0093	0.132101	0.952787	589.688
LLLYTLLGLLWYLTGLLLILI	LLLYFLLGLLWYLTGLLLILI	-13.1459	-13.7861	0.816184	0.171816	560.23
LLLYFLLGLLWYLTGLLLILI	LLLLFLLGLLWYLTGLLLILI	-13.278	-12.657	0.679837	0.225838	530.348
LLLLFLLGLLWYLTGLLLILI	LLLLFLLGLLWFLTGLLLILI	-12.4724	-12.2383	0.410343	0.410343	500.25
LLLLFLLGLLWFLTGLLLILI	LLLLTLLGLLWFLTGLLLILI	-12.3438	-12.8288	0.30482	0.538845	470.152
LLLLTLLGLLWFLTGLLLILI	LLLLYLLGLLWFLTGLLLILI	-12.8288	-12.6819	0.538845	0.30482	440.27
LLLLYLLGLLWFLTGLLLILI	LLLLTLLGLLWFLTGLLLILI	-12.6819	-12.7905	0.30482	0.538845	410.812
LLLLTLLGLLWFLTGLLLILI	LLLLYLLGLLWFLTGLLLILI	-12.7905	-12.5455	0.538845	0.30482	381.976
LLLLYLLGLLWFLTGLLLILI	LLLLTLLGLLWFLTGLLLILI	-12.5455	-12.8288	0.30482	0.538845	353.943
LLLLTLLGLLWFLTGLLLILI	LLLLTLLGLLWYLTGLLLILI	-13.1276	-12.7874	0.240035	0.650378	326.872
LLLLTLLGLLWYLTGLLLILI	LLLLTLLGLLWFLTGLLLILI	-12.7874	-13.1276	0.650378	0.240035	300.898
LLLLTLLGLLWFLTGLLLILI	LLLYTLLGLLWFLTGLLLILI	-12.9787	-13.5049	0.388917	0.432574	276.131
LLLYTLLGLLWFLTGLLLILI	LLLYFLLGLLWFLTGLLLILI	-13.3987	-13.4151	0.538845	0.30482	252.655
LLLYFLLGLLWFLTGLLLILI	LLLYFLLGLLWYLTGLLLILI	-13.4799	-13.1714	0.240035	0.650378	230.526
LLLYFLLGLLWYLTGLLLILI	LLLYTLLGLLWYLTGLLLILI	-13.65	-13.1853	0.171816	0.816184	209.776
LLLYTLLGLLWYLTGLLLILI	LLLYFLLGLLWYLTGLLLILI	-13.1853	-13.531	0.816184	0.171816	190.417
LLLYFLLGLLWYLTGLLLILI	LLLYFLLGLLWFLTGLLLILI	-13.0524	-13.4817	0.650378	0.240035	172.439
LLLYFLLGLLWFLTGLLLILI	LLLYFLLGLLWYLTGLLLILI	-13.4817	-13.3075	0.240035	0.650378	155.814
LLLYFLLGLLWYLTGLLLILI	LLLYFLLGLLWFLTGLLLILI	-13.3075	-13.6178	0.650378	0.240035	140.501
LLLYFLLGLLWFLTGLLLILI	LLLYTLLGLLWFLTGLLLILI	-13.5531	-13.3593	0.30482	0.538845	126.449
LLLYTLLGLLWFLTGLLLILI	LLLYTLLGLLWYLTGLLLILI	-13.766	-13.0093	0.132101	0.952787	101.879
LLLYTLLGLLWYLTGLLLILI	LLLYTLLGLLWFLTGLLLILI	-13.0093	-13.8054	0.952787	0.132101	91.2238
LLLYTLLGLLWFLTGLLLILI	LLLYFLLGLLWFLTGLLLILI	-13.3987	-13.5531	0.538845	0.30482	81.5606
LLLYFLLGLLWFLTGLLLILI	LLLYFLLGLLWYLTGLLLILI	-13.6178	-13.3075	0.240035	0.650378	72.8169
LLLYFLLGLLWYLTGLLLILI	LLLYFLLGLLWFLTGLLLILI	-13.3075	-13.4817	0.650378	0.240035	57.8066
LLLYFLLGLLWFLTGLLLILI	LLLYTLLGLLWFLTGLLLILI	-13.417	-13.3987	0.30482	0.538845	51.4049
LLLYTLLGLLWFLTGLLLILI	LLLYFLLGLLWFLTGLLLILI	-13.3987	-13.417	0.538845	0.30482	45.6541
LLLYFLLGLLWFLTGLLLILI	LLLYFLLGLLWYLTGLLLILI	-13.4817	-13.3075	0.240035	0.650378	35.8726
LLLYFLLGLLWYLTGLLLILI	LLLYFLLGLLWFLTGLLLILI	-13.3075	-13.4817	0.650378	0.240035	31.7355
LLLYFLLGLLWFLTGLLLILI	LLLYTLLGLLWFLTGLLLILI	-13.417	-13.3987	0.30482	0.538845	12.8564
LLLYTLLGLLWFLTGLLLILI	LLLYFLLGLLWFLTGLLLILI	-13.3987	-13.417	0.538845	0.30482	2.53269
Time: 161s
