MCAccept 0 xShift: 7.3 crossingAngle: -38.26 axialRotation: -16.4799 zShift: 2.91 energy: 12.5076
MCReject   xShift: 7.3 crossingAngle: -38.26 axialRotation: -16.4799 zShift: 2.91039 energy: 14.3218
MCReject   xShift: 7.3 crossingAngle: -38.26 axialRotation: -16.4799 zShift: 2.90867 energy: 14.3317
MCAccept 1 xShift: 7.3 crossingAngle: -38.26 axialRotation: -16.511 zShift: 2.91 energy: 12.5076
MCAccept 2 xShift: 7.3 crossingAngle: -38.3265 axialRotation: -16.511 zShift: 2.91 energy: 12.4851
MCAccept 3 xShift: 7.3 crossingAngle: -38.4257 axialRotation: -16.511 zShift: 2.91 energy: 12.5076
MCAccept 4 xShift: 7.3 crossingAngle: -38.4257 axialRotation: -16.5733 zShift: 2.91 energy: 12.4851
MCReject   xShift: 7.3 crossingAngle: -38.4257 axialRotation: -16.5712 zShift: 2.91 energy: 13.0916
MCReject   xShift: 7.2862 crossingAngle: -38.4257 axialRotation: -16.5733 zShift: 2.91 energy: 14.3165
MCAccept 5 xShift: 7.3 crossingAngle: -38.4257 axialRotation: -16.4379 zShift: 2.91 energy: 12.4851
MCAccept 6 xShift: 7.3 crossingAngle: -38.4257 axialRotation: -16.4349 zShift: 2.91 energy: 12.5076
MCAccept 7 xShift: 7.3 crossingAngle: -38.4257 axialRotation: -16.4349 zShift: 2.9069 energy: 12.5151
MCReject   xShift: 7.3 crossingAngle: -38.4257 axialRotation: -16.3584 zShift: 2.9069 energy: 14.3519
MCReject   xShift: 7.3088 crossingAngle: -38.4257 axialRotation: -16.4349 zShift: 2.9069 energy: 14.3616
MCAccept 8 xShift: 7.3 crossingAngle: -38.4038 axialRotation: -16.4349 zShift: 2.9069 energy: 12.5376
MCAccept 9 xShift: 7.3 crossingAngle: -38.3393 axialRotation: -16.4349 zShift: 2.9069 energy: 12.5376
MCReject   xShift: 7.3 crossingAngle: -38.2604 axialRotation: -16.4349 zShift: 2.9069 energy: 13.1195
MCReject   xShift: 7.3 crossingAngle: -38.3393 axialRotation: -16.4349 zShift: 2.88631 energy: 13.4001
MCAccept 10 xShift: 7.32425 crossingAngle: -38.3393 axialRotation: -16.4349 zShift: 2.9069 energy: 12.5151
MCAccept 11 xShift: 7.32425 crossingAngle: -38.5318 axialRotation: -16.4349 zShift: 2.9069 energy: 12.5151
MCReject   xShift: 7.32425 crossingAngle: -38.5318 axialRotation: -16.4349 zShift: 2.89914 energy: 14.4512
MCAccept 12 xShift: 7.32425 crossingAngle: -38.4317 axialRotation: -16.4349 zShift: 2.9069 energy: 12.5151
MCReject   xShift: 7.32425 crossingAngle: -38.4317 axialRotation: -16.3099 zShift: 2.9069 energy: 13.2098
MCAccept 13 xShift: 7.32425 crossingAngle: -38.4317 axialRotation: -16.3037 zShift: 2.9069 energy: 12.5151
MCAccept 14 xShift: 7.32425 crossingAngle: -38.2702 axialRotation: -16.3037 zShift: 2.9069 energy: 12.5151
MCAccept 15 xShift: 7.32425 crossingAngle: -38.2702 axialRotation: -16.3037 zShift: 2.9092 energy: 12.5153
MCAccept 16 xShift: 7.32425 crossingAngle: -38.2702 axialRotation: -16.2314 zShift: 2.9092 energy: 12.5153
MCReject   xShift: 7.32425 crossingAngle: -38.3358 axialRotation: -16.2314 zShift: 2.9092 energy: 14.3256
MCAccept 17 xShift: 7.32425 crossingAngle: -38.2702 axialRotation: -16.2314 zShift: 2.90095 energy: 12.5959
MCAccept 18 xShift: 7.32425 crossingAngle: -38.2702 axialRotation: -16.2314 zShift: 2.92586 energy: 12.2938
MCAccept 19 xShift: 7.32425 crossingAngle: -38.222 axialRotation: -16.2314 zShift: 2.92586 energy: 12.2938
MCAccept 20 xShift: 7.32425 crossingAngle: -38.222 axialRotation: -15.9548 zShift: 2.92586 energy: 12.2938
MCAccept 21 xShift: 7.32425 crossingAngle: -38.222 axialRotation: -15.9548 zShift: 2.92067 energy: 12.3604
MCReject   xShift: 7.32425 crossingAngle: -38.222 axialRotation: -16.0372 zShift: 2.92067 energy: 13.0719
MCAccept 22 xShift: 7.33367 crossingAngle: -38.222 axialRotation: -15.9548 zShift: 2.92067 energy: 12.3604
MCAccept 23 xShift: 7.35149 crossingAngle: -38.222 axialRotation: -15.9548 zShift: 2.92067 energy: 12.387
MCReject   xShift: 7.35149 crossingAngle: -38.222 axialRotation: -15.7342 zShift: 2.92067 energy: 13.0719
MCAccept 24 xShift: 7.35149 crossingAngle: -38.222 axialRotation: -15.9884 zShift: 2.92067 energy: 12.387
MCAccept 25 xShift: 7.35149 crossingAngle: -38.2501 axialRotation: -15.9884 zShift: 2.92067 energy: 12.3604
MCAccept 26 xShift: 7.35802 crossingAngle: -38.2501 axialRotation: -15.9884 zShift: 2.92067 energy: 12.387
MCAccept 27 xShift: 7.35802 crossingAngle: -38.2308 axialRotation: -15.9884 zShift: 2.92067 energy: 12.3604
MCReject   xShift: 7.35802 crossingAngle: -38.2308 axialRotation: -15.9884 zShift: 2.91582 energy: 12.4498
MCAccept 28 xShift: 7.35802 crossingAngle: -38.0296 axialRotation: -15.9884 zShift: 2.92067 energy: 12.387
MCAccept 29 xShift: 7.35802 crossingAngle: -37.8763 axialRotation: -15.9884 zShift: 2.92067 energy: 12.387
MCReject   xShift: 7.35802 crossingAngle: -37.8763 axialRotation: -15.9884 zShift: 2.93011 energy: 14.0916
MCAccept 30 xShift: 7.35802 crossingAngle: -37.8763 axialRotation: -16.1713 zShift: 2.92067 energy: 12.3604
MCReject   xShift: 7.35802 crossingAngle: -37.8763 axialRotation: -16.2394 zShift: 2.92067 energy: 14.1961
MCReject   xShift: 7.35802 crossingAngle: -37.8763 axialRotation: -16.2151 zShift: 2.92067 energy: 14.1961
MCAccept 31 xShift: 7.35802 crossingAngle: -37.7959 axialRotation: -16.1713 zShift: 2.92067 energy: 12.387
MCReject   xShift: 7.35802 crossingAngle: -37.8231 axialRotation: -16.1713 zShift: 2.92067 energy: 14.2059
MCAccept 32 xShift: 7.35193 crossingAngle: -37.7959 axialRotation: -16.1713 zShift: 2.92067 energy: 12.3604
MCReject   xShift: 7.35193 crossingAngle: -37.85 axialRotation: -16.1713 zShift: 2.92067 energy: 15.6333
MCAccept 33 xShift: 7.35193 crossingAngle: -37.7959 axialRotation: -16.1713 zShift: 2.93416 energy: 12.2155
MCAccept 34 xShift: 7.35193 crossingAngle: -37.7959 axialRotation: -16.1908 zShift: 2.93416 energy: 12.2155
MCReject   xShift: 7.35193 crossingAngle: -37.7959 axialRotation: -16.1908 zShift: 2.92091 energy: 14.1935
MCAccept 35 xShift: 7.34848 crossingAngle: -37.7959 axialRotation: -16.1908 zShift: 2.93416 energy: 12.1887
MCAccept 36 xShift: 7.34848 crossingAngle: -37.8324 axialRotation: -16.1908 zShift: 2.93416 energy: 12.2155
MCReject   xShift: 7.34848 crossingAngle: -37.8324 axialRotation: -16.1908 zShift: 2.9284 energy: 15.6993
MCReject   xShift: 7.34848 crossingAngle: -37.8324 axialRotation: -16.1908 zShift: 2.92357 energy: 12.9417
MCAccept 37 xShift: 7.34848 crossingAngle: -37.7194 axialRotation: -16.1908 zShift: 2.93416 energy: 12.2155
MCAccept 38 xShift: 7.34785 crossingAngle: -37.7194 axialRotation: -16.1908 zShift: 2.93416 energy: 12.2155
MCReject   xShift: 7.34785 crossingAngle: -37.7194 axialRotation: -16.1908 zShift: 2.91986 energy: 12.3975
MCAccept 39 xShift: 7.3281 crossingAngle: -37.7194 axialRotation: -16.1908 zShift: 2.93416 energy: 12.1887
MCAccept 40 xShift: 7.34409 crossingAngle: -37.7194 axialRotation: -16.1908 zShift: 2.93416 energy: 12.2155
MCAccept 41 xShift: 7.33366 crossingAngle: -37.7194 axialRotation: -16.1908 zShift: 2.93416 energy: 12.1887
MCReject   xShift: 7.33366 crossingAngle: -37.7194 axialRotation: -16.1908 zShift: 2.92008 energy: 12.3947
MCAccept 42 xShift: 7.33366 crossingAngle: -37.7194 axialRotation: -16.0463 zShift: 2.93416 energy: 12.1887
MCReject   xShift: 7.33366 crossingAngle: -37.7194 axialRotation: -16.0463 zShift: 2.94538 energy: 13.9264
MCReject   xShift: 7.33366 crossingAngle: -37.7194 axialRotation: -16.1081 zShift: 2.93416 energy: 15.7401
MCAccept 43 xShift: 7.33366 crossingAngle: -37.7194 axialRotation: -15.9821 zShift: 2.93416 energy: 12.2155
MCAccept 44 xShift: 7.33366 crossingAngle: -37.7194 axialRotation: -15.9342 zShift: 2.93416 energy: 12.2155
MCAccept 45 xShift: 7.32181 crossingAngle: -37.7194 axialRotation: -15.9342 zShift: 2.93416 energy: 12.2155
MCAccept 46 xShift: 7.31764 crossingAngle: -37.7194 axialRotation: -15.9342 zShift: 2.93416 energy: 12.1887
MCAccept 47 xShift: 7.31764 crossingAngle: -37.7194 axialRotation: -15.9342 zShift: 2.93148 energy: 12.2225
MCAccept 48 xShift: 7.31764 crossingAngle: -37.5236 axialRotation: -15.9342 zShift: 2.93148 energy: 12.2492
MCAccept 49 xShift: 7.31437 crossingAngle: -37.5236 axialRotation: -15.9342 zShift: 2.93148 energy: 12.2492
MCAccept 50 xShift: 7.31437 crossingAngle: -37.5236 axialRotation: -15.9412 zShift: 2.93148 energy: 12.2225
MCAccept 51 xShift: 7.31437 crossingAngle: -37.5268 axialRotation: -15.9412 zShift: 2.93148 energy: 12.2225
MCAccept 52 xShift: 7.31437 crossingAngle: -37.5268 axialRotation: -15.8744 zShift: 2.93148 energy: 12.2225
MCAccept 53 xShift: 7.31437 crossingAngle: -37.542 axialRotation: -15.8744 zShift: 2.93148 energy: 12.2492
MCAccept 54 xShift: 7.31098 crossingAngle: -37.542 axialRotation: -15.8744 zShift: 2.93148 energy: 12.2225
MCReject   xShift: 7.32268 crossingAngle: -37.542 axialRotation: -15.8744 zShift: 2.93148 energy: 15.7155
MCAccept 55 xShift: 7.29841 crossingAngle: -37.542 axialRotation: -15.8744 zShift: 2.93148 energy: 12.2225
MCReject   xShift: 7.29841 crossingAngle: -37.4853 axialRotation: -15.8744 zShift: 2.93148 energy: 14.0765
MCReject   xShift: 7.29906 crossingAngle: -37.542 axialRotation: -15.8744 zShift: 2.93148 energy: 14.0865
MCReject   xShift: 7.29841 crossingAngle: -37.5221 axialRotation: -15.8744 zShift: 2.93148 energy: 14.0765
MCReject   xShift: 7.29841 crossingAngle: -37.542 axialRotation: -15.9357 zShift: 2.93148 energy: 12.8464
MCReject   xShift: 7.29841 crossingAngle: -37.542 axialRotation: -16.0184 zShift: 2.93148 energy: 14.0765
MCAccept 56 xShift: 7.29841 crossingAngle: -37.7236 axialRotation: -15.8744 zShift: 2.93148 energy: 12.2225
MCReject   xShift: 7.29841 crossingAngle: -37.8892 axialRotation: -15.8744 zShift: 2.93148 energy: 12.8464
MCReject   xShift: 7.29841 crossingAngle: -37.7236 axialRotation: -15.8744 zShift: 2.93597 energy: 15.757
MCReject   xShift: 7.29841 crossingAngle: -37.7236 axialRotation: -15.8222 zShift: 2.93148 energy: 12.2492
MCAccept 57 xShift: 7.29841 crossingAngle: -37.7004 axialRotation: -15.8744 zShift: 2.93148 energy: 12.2225
MCAccept 58 xShift: 7.29841 crossingAngle: -37.7004 axialRotation: -15.7388 zShift: 2.93148 energy: 12.2225
MCReject   xShift: 7.29152 crossingAngle: -37.7004 axialRotation: -15.7388 zShift: 2.93148 energy: 12.2492
MCAccept 59 xShift: 7.29841 crossingAngle: -37.7702 axialRotation: -15.7388 zShift: 2.93148 energy: 12.2225
MCAccept 60 xShift: 7.3047 crossingAngle: -37.7702 axialRotation: -15.7388 zShift: 2.93148 energy: 12.2225
MCReject   xShift: 7.3047 crossingAngle: -37.7702 axialRotation: -15.8263 zShift: 2.93148 energy: 12.2492
MCAccept 61 xShift: 7.3047 crossingAngle: -37.663 axialRotation: -15.7388 zShift: 2.93148 energy: 12.2225
MCAccept 62 xShift: 7.3047 crossingAngle: -37.663 axialRotation: -15.7388 zShift: 2.93498 energy: 12.1785
MCAccept 63 xShift: 7.30464 crossingAngle: -37.663 axialRotation: -15.7388 zShift: 2.93498 energy: 12.1785
MCReject   xShift: 7.31148 crossingAngle: -37.663 axialRotation: -15.7388 zShift: 2.93498 energy: 14.0384
MCReject   xShift: 7.29787 crossingAngle: -37.663 axialRotation: -15.7388 zShift: 2.93498 energy: 14.0485
MCAccept 64 xShift: 7.30464 crossingAngle: -37.663 axialRotation: -15.8109 zShift: 2.93498 energy: 12.1785
MCAccept 65 xShift: 7.30464 crossingAngle: -37.6202 axialRotation: -15.8109 zShift: 2.93498 energy: 12.1785
MCAccept 66 xShift: 7.30464 crossingAngle: -37.6202 axialRotation: -15.74 zShift: 2.93498 energy: 12.1785
MCReject   xShift: 7.30464 crossingAngle: -37.6202 axialRotation: -15.5702 zShift: 2.93498 energy: 15.7477
MCAccept 67 xShift: 7.30464 crossingAngle: -37.6928 axialRotation: -15.74 zShift: 2.93498 energy: 12.2053
MCAccept 68 xShift: 7.33387 crossingAngle: -37.6928 axialRotation: -15.74 zShift: 2.93498 energy: 12.1785
MCReject   xShift: 7.33387 crossingAngle: -37.6928 axialRotation: -15.74 zShift: 2.94106 energy: 12.7329
MCAccept 69 xShift: 7.33801 crossingAngle: -37.6928 axialRotation: -15.74 zShift: 2.93498 energy: 12.2053
MCAccept 70 xShift: 7.33801 crossingAngle: -37.6928 axialRotation: -15.5836 zShift: 2.93498 energy: 12.1785
MCReject   xShift: 7.34355 crossingAngle: -37.6928 axialRotation: -15.5836 zShift: 2.93498 energy: 12.2053
MCAccept 71 xShift: 7.33801 crossingAngle: -37.6928 axialRotation: -15.6678 zShift: 2.93498 energy: 12.1785
MCAccept 72 xShift: 7.33454 crossingAngle: -37.6928 axialRotation: -15.6678 zShift: 2.93498 energy: 12.1785
MCAccept 73 xShift: 7.32817 crossingAngle: -37.6928 axialRotation: -15.6678 zShift: 2.93498 energy: 12.1785
MCReject   xShift: 7.32817 crossingAngle: -37.6928 axialRotation: -15.575 zShift: 2.93498 energy: 12.8048
MCAccept 74 xShift: 7.32817 crossingAngle: -37.6928 axialRotation: -15.6678 zShift: 2.93991 energy: 12.1168
MCAccept 75 xShift: 7.34286 crossingAngle: -37.6928 axialRotation: -15.6678 zShift: 2.93991 energy: 12.1168
MCReject   xShift: 7.34286 crossingAngle: -37.6832 axialRotation: -15.6678 zShift: 2.93991 energy: 13.9951
MCAccept 76 xShift: 7.34645 crossingAngle: -37.6928 axialRotation: -15.6678 zShift: 2.93991 energy: 12.1168
MCAccept 77 xShift: 7.36561 crossingAngle: -37.6928 axialRotation: -15.6678 zShift: 2.93991 energy: 12.1168
MCReject   xShift: 7.36561 crossingAngle: -37.8822 axialRotation: -15.6678 zShift: 2.93991 energy: 13.985
MCReject   xShift: 7.36561 crossingAngle: -37.6928 axialRotation: -15.6678 zShift: 2.92808 energy: 12.2656
MCReject   xShift: 7.36561 crossingAngle: -37.6928 axialRotation: -15.6678 zShift: 2.93873 energy: 12.1315
MCReject   xShift: 7.36561 crossingAngle: -37.6928 axialRotation: -15.6678 zShift: 2.9405 energy: 13.9786
MCReject   xShift: 7.36561 crossingAngle: -37.694 axialRotation: -15.6678 zShift: 2.93991 energy: 12.1437
MCAccept 78 xShift: 7.35231 crossingAngle: -37.6928 axialRotation: -15.6678 zShift: 2.93991 energy: 12.1168
MCReject   xShift: 7.34804 crossingAngle: -37.6928 axialRotation: -15.6678 zShift: 2.93991 energy: 12.1437
MCReject   xShift: 7.35231 crossingAngle: -37.6928 axialRotation: -15.6678 zShift: 2.91806 energy: 12.3942
MCReject   xShift: 7.34569 crossingAngle: -37.6928 axialRotation: -15.6678 zShift: 2.93991 energy: 13.9951
MCReject   xShift: 7.35231 crossingAngle: -37.6928 axialRotation: -15.6678 zShift: 2.93509 energy: 14.0472
MCAccept 79 xShift: 7.35231 crossingAngle: -37.7392 axialRotation: -15.6678 zShift: 2.93991 energy: 12.1168
MCAccept 80 xShift: 7.35231 crossingAngle: -37.7392 axialRotation: -15.6992 zShift: 2.93991 energy: 12.1168
MCReject   xShift: 7.35231 crossingAngle: -37.7392 axialRotation: -15.6992 zShift: 2.94396 energy: 13.9517
MCReject   xShift: 7.36929 crossingAngle: -37.7392 axialRotation: -15.6992 zShift: 2.93991 energy: 13.985
MCAccept 81 xShift: 7.35231 crossingAngle: -37.8216 axialRotation: -15.6992 zShift: 2.93991 energy: 12.1168
MCReject   xShift: 7.35231 crossingAngle: -37.9875 axialRotation: -15.6992 zShift: 2.93991 energy: 12.842
MCAccept 82 xShift: 7.35231 crossingAngle: -37.8216 axialRotation: -15.7491 zShift: 2.93991 energy: 12.1168
MCReject   xShift: 7.35231 crossingAngle: -37.7764 axialRotation: -15.7491 zShift: 2.93991 energy: 13.9951
MCReject   xShift: 7.35231 crossingAngle: -37.986 axialRotation: -15.7491 zShift: 2.93991 energy: 12.7464
MCAccept 83 xShift: 7.35231 crossingAngle: -37.8069 axialRotation: -15.7491 zShift: 2.93991 energy: 12.1168
MCReject   xShift: 7.35231 crossingAngle: -37.6915 axialRotation: -15.7491 zShift: 2.93991 energy: 12.1437
MCReject   xShift: 7.35231 crossingAngle: -37.8069 axialRotation: -15.7897 zShift: 2.93991 energy: 12.1437
MCAccept 84 xShift: 7.35231 crossingAngle: -37.6858 axialRotation: -15.7491 zShift: 2.93991 energy: 12.1168
MCReject   xShift: 7.35231 crossingAngle: -37.6728 axialRotation: -15.7491 zShift: 2.93991 energy: 12.1437
MCReject   xShift: 7.35231 crossingAngle: -37.6858 axialRotation: -15.7461 zShift: 2.93991 energy: 12.1437
MCAccept 85 xShift: 7.35231 crossingAngle: -37.7576 axialRotation: -15.7491 zShift: 2.93991 energy: 12.1168
MCAccept 86 xShift: 7.36418 crossingAngle: -37.7576 axialRotation: -15.7491 zShift: 2.93991 energy: 12.1168
MCAccept 87 xShift: 7.38973 crossingAngle: -37.7576 axialRotation: -15.7491 zShift: 2.93991 energy: 12.1168
MCAccept 88 xShift: 7.38973 crossingAngle: -37.8123 axialRotation: -15.7491 zShift: 2.93991 energy: 12.1168
MCReject   xShift: 7.38973 crossingAngle: -37.8409 axialRotation: -15.7491 zShift: 2.93991 energy: 12.842
MCReject   xShift: 7.38973 crossingAngle: -37.6807 axialRotation: -15.7491 zShift: 2.93991 energy: 12.7464
MCReject   xShift: 7.38973 crossingAngle: -37.6517 axialRotation: -15.7491 zShift: 2.93991 energy: 12.842
MCAccept 89 xShift: 7.38973 crossingAngle: -37.8684 axialRotation: -15.7491 zShift: 2.93991 energy: 12.1168
MCReject   xShift: 7.38973 crossingAngle: -37.8684 axialRotation: -15.7385 zShift: 2.93991 energy: 13.9951
MCAccept 90 xShift: 7.38973 crossingAngle: -37.8684 axialRotation: -15.7491 zShift: 2.94365 energy: 12.0974
MCAccept 91 xShift: 7.38973 crossingAngle: -37.8684 axialRotation: -15.8025 zShift: 2.94365 energy: 12.0705
MCReject   xShift: 7.38973 crossingAngle: -37.8684 axialRotation: -15.7913 zShift: 2.94365 energy: 12.0974
MCReject   xShift: 7.38911 crossingAngle: -37.8684 axialRotation: -15.8025 zShift: 2.94365 energy: 12.0974
MCAccept 92 xShift: 7.38332 crossingAngle: -37.8684 axialRotation: -15.8025 zShift: 2.94365 energy: 12.0705
MCAccept 93 xShift: 7.38135 crossingAngle: -37.8684 axialRotation: -15.8025 zShift: 2.94365 energy: 12.0705
MCReject   xShift: 7.38135 crossingAngle: -37.8684 axialRotation: -15.8904 zShift: 2.94365 energy: 12.0974
MCReject   xShift: 7.37862 crossingAngle: -37.8684 axialRotation: -15.8025 zShift: 2.94365 energy: 12.7027
MCReject   xShift: 7.38135 crossingAngle: -37.8684 axialRotation: -15.6943 zShift: 2.94365 energy: 12.0974
MCAccept 94 xShift: 7.38135 crossingAngle: -37.8684 axialRotation: -15.8972 zShift: 2.94365 energy: 12.0705
MCReject   xShift: 7.38135 crossingAngle: -37.8289 axialRotation: -15.8972 zShift: 2.94365 energy: 13.955
MCReject   xShift: 7.38135 crossingAngle: -37.8684 axialRotation: -16.0854 zShift: 2.94365 energy: 12.0974
MCReject   xShift: 7.38135 crossingAngle: -37.8591 axialRotation: -15.8972 zShift: 2.94365 energy: 13.9448
MCReject   xShift: 7.38135 crossingAngle: -37.8684 axialRotation: -15.8567 zShift: 2.94365 energy: 13.955
MCReject   xShift: 7.38135 crossingAngle: -37.6845 axialRotation: -15.8972 zShift: 2.94365 energy: 12.0974
MCAccept 95 xShift: 7.38135 crossingAngle: -37.8684 axialRotation: -15.7282 zShift: 2.94365 energy: 12.0705
MCReject   xShift: 7.38135 crossingAngle: -37.8684 axialRotation: -15.7282 zShift: 2.93143 energy: 12.2232
MCReject   xShift: 7.38135 crossingAngle: -37.757 axialRotation: -15.7282 zShift: 2.94365 energy: 12.0974
MCReject   xShift: 7.38135 crossingAngle: -37.6524 axialRotation: -15.7282 zShift: 2.94365 energy: 12.0974
MCAccept 96 xShift: 7.38135 crossingAngle: -38.073 axialRotation: -15.7282 zShift: 2.94365 energy: 12.0705
MCReject   xShift: 7.38135 crossingAngle: -38.0648 axialRotation: -15.7282 zShift: 2.94365 energy: 15.8433
MCAccept 97 xShift: 7.38135 crossingAngle: -38.073 axialRotation: -15.7551 zShift: 2.94365 energy: 12.0705
MCReject   xShift: 7.38135 crossingAngle: -38.1395 axialRotation: -15.7551 zShift: 2.94365 energy: 12.0974
MCAccept 98 xShift: 7.37646 crossingAngle: -38.073 axialRotation: -15.7551 zShift: 2.94365 energy: 12.0705
MCReject   xShift: 7.37646 crossingAngle: -38.073 axialRotation: -15.7551 zShift: 2.93434 energy: 16.2306
MCReject   xShift: 7.37646 crossingAngle: -38.073 axialRotation: -15.7551 zShift: 2.93683 energy: 12.8783
MCAccept 99 xShift: 7.37646 crossingAngle: -38.1938 axialRotation: -15.7551 zShift: 2.94365 energy: 12.0705
Energy #0: 12.0705
***GEOMETRY SHIFT***
xShift;        Before: 7.3; After: 7.37646
crossingAngle; Before: -38.26; After: -38.1938
axialRotation; Before: -15.45; After: -15.7551
zShift;        Before: 2.91; After: 2.94365
Energy;        Before: 166.168; After: 12.0705

Completed all cycles. Accepted 100/183
Monte Carlo repack complete. Time: 28.2833min

