***STARTING GEOMETRY:***
xShift: 8.42154
crossingAngle: -34.2736
axialRotation: 34.268
zShift: 4.12926

Number of MCCycles: 100
PrevSequence	CurrSequence	PrevEnergy	CurrEnergy	PrevEntropy	CurrEntropy	CurrentTemp
LLLALLTGLLVTLLATLLILI	LLLALLTGLLVTLLTTLLILI	-5.27315	-10.0705	0.122923	0.990994	999.684
LLLALLTGLLVTLLTTLLILI	LLLTLLTGLLVTLLTTLLILI	-11.0093	-8.98352	0.0522692	1.46278	999.328
LLLTLLTGLLVTLLTTLLILI	LLLTLLYGLLVTLLTTLLILI	-9.52862	-14.4703	0.917682	0.141213	998.928
LLLTLLYGLLVTLLTTLLILI	LLLTLLYGLLVFLLTTLLILI	-13.4647	-12.6019	1.14683	0.0921195	997.967
LLLTLLYGLLVFLLTTLLILI	LLLTLLYGLLVFLLTVLLILI	-11.8938	-8.61234	0.800152	0.177314	997.394
LLLTLLYGLLVFLLTVLLILI	LLLTLLYGLLVTLLTVLLILI	-8.66976	-9.94749	0.119894	1.0043	996.749
LLLTLLYGLLVTLLTVLLILI	LLLTLLYGLLTTLLTVLLILI	-10.8141	-10.2837	0.137712	0.930859	996.023
LLLTLLYGLLTTLLTVLLILI	LLLTLLWGLLTTLLTVLLILI	-10.947	-7.49429	0.267575	0.598868	995.205
LLLTLLWGLLTTLLTVLLILI	LLLTLLFGLLTTLLTVLLILI	-7.20274	-10.2702	0.890414	0.148778	994.285
LLLTLLFGLLTTLLTVLLILI	LLLTLLYGLLTTLLTVLLILI	-10.179	-9.48475	0.240035	0.650378	993.249
LLLTLLYGLLTTLLTVLLILI	LLLTLLYGLLTTLLTTLLILI	-10.0761	-13.308	0.0589809	1.39457	992.084
LLLTLLYGLLTTLLTTLLILI	LLLTLLFGLLTTLLTTLLILI	-14.0522	-13.8613	0.650378	0.240035	989.3
LLLTLLFGLLTTLLTTLLILI	LLLTLLYGLLTTLLTTLLILI	-13.8613	-14.2417	0.240035	0.650378	987.644
LLLTLLYGLLTTLLTTLLILI	LLLTLLYGLLTFLLTTLLILI	-13.6304	-12.227	1.26162	0.0748068	985.783
LLLTLLYGLLTFLLTTLLILI	LLLTLLWGLLTFLLTTLLILI	-12.0342	-8.50373	0.267575	0.598868	983.694
LLLTLLWGLLTFLLTTLLILI	LLLTLLWGLLVFLLTTLLILI	-7.82625	-7.94419	1.27634	0.0728516	981.348
LLLTLLWGLLVFLLTTLLILI	LLLTLLYGLLVFLLTTLLILI	-7.41817	-11.0843	0.598868	0.267575	978.717
LLLTLLYGLLVFLLTTLLILI	LLLTLLYGLLTFLLTTLLILI	-11.279	-11.0054	0.0728516	1.27634	975.768
LLLTLLYGLLTFLLTTLLILI	LLLTLLYGLLTFLLSTLLILI	-11.2808	-11.8126	1.001	0.120637	972.463
LLLTLLYGLLTFLLSTLLILI	LLLTLLYGLLTYLLSTLLILI	-11.8011	-12.9918	0.132101	0.952787	968.764
LLLTLLYGLLTYLLSTLLILI	LLLTLLYGLLTYLLATLLILI	-13.3024	-14.2644	0.642213	0.244161	964.627
LLLTLLYGLLTYLLATLLILI	LLLTLLYGLLTYLLSTLLILI	-14.2644	-15.2883	0.244161	0.642213	960.005
LLLTLLYGLLTYLLSTLLILI	LLLTLLFGLLTYLLSTLLILI	-14.9777	-12.9653	0.952787	0.132101	954.846
LLLTLLFGLLTYLLSTLLILI	LLLTLLYGLLTYLLSTLLILI	-12.9653	-13.2213	0.132101	0.952787	949.095
LLLTLLYGLLTYLLSTLLILI	LLLTLLYGLLTFLLSTLLILI	-13.2213	-11.8569	0.952787	0.132101	942.693
LLLTLLYGLLTFLLSTLLILI	LLLTLLYGLLTFLLTTLLILI	-11.8684	-11.1669	0.120637	1.001	935.578
LLLTLLYGLLTFLLTTLLILI	LLLTLLYGLLTTLLTTLLILI	-12.0931	-13.4409	0.0748068	1.26162	927.683
LLLTLLYGLLTTLLTTLLILI	LLLTLLYGLLTFLLTTLLILI	-13.4409	-12.227	1.26162	0.0748068	918.939
LLLTLLYGLLTFLLTTLLILI	LLLTLLYGLLVFLLTTLLILI	-11.0255	-11.279	1.27634	0.0728516	909.276
LLLTLLYGLLVFLLTTLLILI	LLLTLLYGLLVFLLSTLLILI	-10.4859	-8.69305	0.865998	0.155943	898.621
LLLTLLYGLLVFLLSTLLILI	LLLTLLYGLLVFLLTTLLILI	-8.69305	-10.3735	0.155943	0.865998	886.903
LLLTLLYGLLVFLLTTLLILI	LLLTLLYGLLVYLLTTLLILI	-11.1074	-8.59145	0.132101	0.952787	874.051
LLLTLLYGLLVYLLTTLLILI	LLLTLLYGLLVYLLSTLLILI	-8.67824	-9.01311	0.865998	0.155943	859.999
LLLTLLYGLLVYLLSTLLILI	LLLTLLYGLLTYLLSTLLILI	-9.07378	-12.9508	0.0952708	1.12845	844.686
LLLTLLYGLLTYLLSTLLILI	LLLTLLYGLLTYLLGTLLILI	-13.8076	-13.187	0.271616	0.591862	828.061
LLLTLLYGLLTYLLGTLLILI	LLLTLLYGLLTYLLSTLLILI	-13.187	-13.8279	0.591862	0.271616	810.083
LLLTLLYGLLTYLLSTLLILI	LLLTLLYGLLTYLLATLLILI	-13.4573	-14.5672	0.642213	0.244161	790.724
LLLTLLYGLLTYLLATLLILI	LLLTLLYGLLTYLLSTLLILI	-14.5672	-13.7352	0.244161	0.642213	769.974
LLLTLLYGLLTYLLSTLLILI	LLLTLLYGLLTYLLATLLILI	-13.7352	-14.2644	0.642213	0.244161	747.845
LLLTLLYGLLTYLLATLLILI	LLLTLLFGLLTYLLATLLILI	-13.5558	-13.9125	0.952787	0.132101	699.602
LLLTLLFGLLTYLLATLLILI	LLLTLLYGLLTYLLATLLILI	-13.9125	-11.8851	0.132101	0.952787	673.628
LLLTLLYGLLTYLLATLLILI	LLLTLLWGLLTYLLATLLILI	-12.3867	-9.31802	0.451187	0.372136	618.524
LLLTLLWGLLTYLLATLLILI	LLLTLLWGLLTFLLATLLILI	-9.03978	-7.56751	0.650378	0.240035	589.688
LLLTLLWGLLTFLLATLLILI	LLLTLLWGLLTFLLSTLLILI	-7.56338	-8.24142	0.244161	0.642213	560.23
LLLTLLWGLLTFLLSTLLILI	LLLTLLWGLLTYLLSTLLILI	-8.64359	-12.3659	0.240035	0.650378	530.348
LLLTLLWGLLTYLLSTLLILI	LLLTLLYGLLTYLLSTLLILI	-12.6441	-15.4793	0.372136	0.451187	500.25
LLLTLLYGLLTYLLSTLLILI	LLLTLLYGLLTYLLATLLILI	-15.2883	-14.2644	0.642213	0.244161	470.152
LLLTLLYGLLTYLLATLLILI	LLLTLLYGLLTYLLSTLLILI	-14.2644	-13.437	0.244161	0.642213	440.27
LLLTLLYGLLTYLLSTLLILI	LLLALLYGLLTYLLSTLLILI	-12.8864	-11.3602	1.19282	0.0847157	410.812
LLLALLYGLLTYLLSTLLILI	LLLALLFGLLTYLLSTLLILI	-10.4922	-10.4688	0.952787	0.132101	381.976
LLLALLFGLLTYLLSTLLILI	LLLALLFGLLTYLLATLLILI	-10.1966	-10.7864	0.404229	0.416521	353.943
LLLALLFGLLTYLLATLLILI	LLLALLFGLLTYLLSTLLILI	-10.7864	-12.0788	0.416521	0.404229	300.898
LLLALLFGLLTYLLSTLLILI	LLLTLLFGLLTYLLSTLLILI	-12.3984	-8.887	0.0847157	1.19282	276.131
LLLTLLFGLLTYLLSTLLILI	LLLTLLYGLLTYLLSTLLILI	-9.94772	-13.1264	0.132101	0.952787	252.655
LLLTLLYGLLTYLLSTLLILI	LLLTLLYGLLTYLLGTLLILI	-13.8076	-13.1674	0.271616	0.591862	230.526
LLLTLLYGLLTYLLGTLLILI	LLLTLLYGLLTYLLATLLILI	-12.8869	-14.3741	0.872342	0.154044	172.439
LLLTLLYGLLTYLLATLLILI	LLLTLLYGLLTYLLSTLLILI	-14.284	-15.4493	0.244161	0.642213	101.879
LLLTLLYGLLTYLLSTLLILI	LLLTLLFGLLTYLLSTLLILI	-15.1387	-15.2175	0.952787	0.132101	81.5606
Time: 156s
