MCAccept 0 xShift: 8.22 crossingAngle: -35.15 axialRotation: -74.75 zShift: 2.95565 energy: -12.3682
MCAccept 1 xShift: 8.22 crossingAngle: -35.15 axialRotation: -74.7684 zShift: 2.95565 energy: -12.1966
MCReject   xShift: 8.22 crossingAngle: -35.15 axialRotation: -74.7684 zShift: 2.97802 energy: -6.09202
MCReject   xShift: 8.22 crossingAngle: -35.15 axialRotation: -74.7684 zShift: 2.95318 energy: -11.0177
MCAccept 2 xShift: 8.22 crossingAngle: -34.9818 axialRotation: -74.7684 zShift: 2.95565 energy: -12.1966
MCAccept 3 xShift: 8.22 crossingAngle: -34.9818 axialRotation: -74.7684 zShift: 2.9694 energy: -12.6244
MCReject   xShift: 8.22 crossingAngle: -34.9818 axialRotation: -74.7094 zShift: 2.9694 energy: -12.2666
MCAccept 4 xShift: 8.22239 crossingAngle: -34.9818 axialRotation: -74.7684 zShift: 2.9694 energy: -12.6244
MCAccept 5 xShift: 8.22239 crossingAngle: -34.9758 axialRotation: -74.7684 zShift: 2.9694 energy: -12.2783
MCAccept 6 xShift: 8.22239 crossingAngle: -34.9758 axialRotation: -74.7684 zShift: 2.98427 energy: -12.6835
MCReject   xShift: 8.22239 crossingAngle: -34.9758 axialRotation: -74.9216 zShift: 2.98427 energy: -11.3018
MCAccept 7 xShift: 8.2274 crossingAngle: -34.9758 axialRotation: -74.7684 zShift: 2.98427 energy: -12.5878
MCReject   xShift: 8.22989 crossingAngle: -34.9758 axialRotation: -74.7684 zShift: 2.98427 energy: -12.1129
MCReject   xShift: 8.22915 crossingAngle: -34.9758 axialRotation: -74.7684 zShift: 2.98427 energy: -6.46153
MCReject   xShift: 8.2274 crossingAngle: -34.8775 axialRotation: -74.7684 zShift: 2.98427 energy: -12.3884
MCReject   xShift: 8.2274 crossingAngle: -34.9163 axialRotation: -74.7684 zShift: 2.98427 energy: -5.95984
MCReject   xShift: 8.2274 crossingAngle: -34.9758 axialRotation: -74.7493 zShift: 2.98427 energy: -10.6211
MCReject   xShift: 8.24584 crossingAngle: -34.9758 axialRotation: -74.7684 zShift: 2.98427 energy: -12.408
MCAccept 8 xShift: 8.2274 crossingAngle: -34.9758 axialRotation: -74.7684 zShift: 2.97489 energy: -12.4506
MCReject   xShift: 8.2274 crossingAngle: -34.9758 axialRotation: -74.7684 zShift: 2.98099 energy: -11.2392
MCAccept 9 xShift: 8.2274 crossingAngle: -34.9758 axialRotation: -74.8448 zShift: 2.97489 energy: -12.6468
MCReject   xShift: 8.2274 crossingAngle: -34.9758 axialRotation: -74.8448 zShift: 2.97235 energy: -9.15286
MCReject   xShift: 8.2274 crossingAngle: -34.9758 axialRotation: -74.8259 zShift: 2.97489 energy: -8.87456
MCReject   xShift: 8.2274 crossingAngle: -34.9758 axialRotation: -74.8448 zShift: 2.97039 energy: -4.58369
MCReject   xShift: 8.2274 crossingAngle: -34.9758 axialRotation: -74.8448 zShift: 2.93884 energy: -6.82325
MCReject   xShift: 8.2274 crossingAngle: -35.0324 axialRotation: -74.8448 zShift: 2.97489 energy: -11.1176
MCAccept 10 xShift: 8.21741 crossingAngle: -34.9758 axialRotation: -74.8448 zShift: 2.97489 energy: -12.6468
MCReject   xShift: 8.21741 crossingAngle: -34.9758 axialRotation: -74.8191 zShift: 2.97489 energy: -6.3184
MCReject   xShift: 8.21741 crossingAngle: -34.9758 axialRotation: -74.854 zShift: 2.97489 energy: -12.3351
MCAccept 11 xShift: 8.21741 crossingAngle: -34.9758 axialRotation: -74.8448 zShift: 2.96696 energy: -12.4924
MCReject   xShift: 8.21741 crossingAngle: -34.9758 axialRotation: -74.895 zShift: 2.96696 energy: -12.2691
MCReject   xShift: 8.21741 crossingAngle: -34.9545 axialRotation: -74.8448 zShift: 2.96696 energy: -5.89863
MCReject   xShift: 8.21741 crossingAngle: -34.9758 axialRotation: -74.9839 zShift: 2.96696 energy: -6.07992
MCAccept 12 xShift: 8.21741 crossingAngle: -34.9758 axialRotation: -74.6978 zShift: 2.96696 energy: -12.3977
MCReject   xShift: 8.21741 crossingAngle: -34.9758 axialRotation: -74.6978 zShift: 2.96667 energy: -8.60047
MCReject   xShift: 8.21741 crossingAngle: -34.9758 axialRotation: -74.7349 zShift: 2.96696 energy: -6.73522
MCReject   xShift: 8.21741 crossingAngle: -34.9758 axialRotation: -74.5603 zShift: 2.96696 energy: -12.182
MCReject   xShift: 8.22158 crossingAngle: -34.9758 axialRotation: -74.6978 zShift: 2.96696 energy: -6.8254
MCAccept 13 xShift: 8.21741 crossingAngle: -34.9758 axialRotation: -74.647 zShift: 2.96696 energy: -12.5795
MCReject   xShift: 8.22056 crossingAngle: -34.9758 axialRotation: -74.647 zShift: 2.96696 energy: -12.3038
MCReject   xShift: 8.21741 crossingAngle: -34.9758 axialRotation: -74.647 zShift: 2.97581 energy: -11.265
MCReject   xShift: 8.21741 crossingAngle: -34.9758 axialRotation: -74.7837 zShift: 2.96696 energy: -12.3219
MCReject   xShift: 8.23697 crossingAngle: -34.9758 axialRotation: -74.647 zShift: 2.96696 energy: -12.2872
MCReject   xShift: 8.21741 crossingAngle: -35.203 axialRotation: -74.647 zShift: 2.96696 energy: -4.16228
MCAccept 14 xShift: 8.21741 crossingAngle: -34.9758 axialRotation: -74.647 zShift: 2.96612 energy: -12.6107
MCAccept 15 xShift: 8.21741 crossingAngle: -34.8974 axialRotation: -74.647 zShift: 2.96612 energy: -12.4142
MCAccept 16 xShift: 8.21741 crossingAngle: -34.8026 axialRotation: -74.647 zShift: 2.96612 energy: -12.516
MCReject   xShift: 8.21741 crossingAngle: -34.8026 axialRotation: -74.4794 zShift: 2.96612 energy: -10.9108
MCAccept 17 xShift: 8.22482 crossingAngle: -34.8026 axialRotation: -74.647 zShift: 2.96612 energy: -12.516
MCAccept 18 xShift: 8.22482 crossingAngle: -34.8073 axialRotation: -74.647 zShift: 2.96612 energy: -12.4891
MCReject   xShift: 8.22482 crossingAngle: -34.8073 axialRotation: -74.5275 zShift: 2.96612 energy: -12.0257
MCReject   xShift: 8.21097 crossingAngle: -34.8073 axialRotation: -74.647 zShift: 2.96612 energy: -6.01156
MCReject   xShift: 8.22482 crossingAngle: -34.9363 axialRotation: -74.647 zShift: 2.96612 energy: -12.0257
MCReject   xShift: 8.22482 crossingAngle: -34.5436 axialRotation: -74.647 zShift: 2.96612 energy: -6.27983
MCReject   xShift: 8.22482 crossingAngle: -34.8023 axialRotation: -74.647 zShift: 2.96612 energy: -10.9108
MCReject   xShift: 8.24198 crossingAngle: -34.8073 axialRotation: -74.647 zShift: 2.96612 energy: -4.23029
MCReject   xShift: 8.22482 crossingAngle: -34.8073 axialRotation: -74.7183 zShift: 2.96612 energy: -5.08911
MCReject   xShift: 8.22482 crossingAngle: -34.8073 axialRotation: -74.647 zShift: 2.96822 energy: -12.423
MCReject   xShift: 8.23577 crossingAngle: -34.8073 axialRotation: -74.647 zShift: 2.96612 energy: -10.9288
MCReject   xShift: 8.22482 crossingAngle: -34.6661 axialRotation: -74.647 zShift: 2.96612 energy: -12.3185
MCAccept 19 xShift: 8.22482 crossingAngle: -34.6081 axialRotation: -74.647 zShift: 2.96612 energy: -12.2659
MCAccept 20 xShift: 8.22482 crossingAngle: -34.6404 axialRotation: -74.647 zShift: 2.96612 energy: -12.4891
MCReject   xShift: 8.22482 crossingAngle: -34.6404 axialRotation: -74.647 zShift: 2.97088 energy: -5.72247
MCReject   xShift: 8.22482 crossingAngle: -34.6404 axialRotation: -74.5395 zShift: 2.96612 energy: -11.0784
MCAccept 21 xShift: 8.22482 crossingAngle: -34.6918 axialRotation: -74.647 zShift: 2.96612 energy: -12.3005
MCAccept 22 xShift: 8.22482 crossingAngle: -34.6918 axialRotation: -74.647 zShift: 2.96876 energy: -12.3111
MCAccept 23 xShift: 8.22482 crossingAngle: -34.4883 axialRotation: -74.647 zShift: 2.96876 energy: -12.3291
MCAccept 24 xShift: 8.22482 crossingAngle: -34.3967 axialRotation: -74.647 zShift: 2.96876 energy: -12.1327
MCAccept 25 xShift: 8.2285 crossingAngle: -34.3967 axialRotation: -74.647 zShift: 2.96876 energy: -12.3305
MCAccept 26 xShift: 8.20542 crossingAngle: -34.3967 axialRotation: -74.647 zShift: 2.96876 energy: -12.5269
MCReject   xShift: 8.20542 crossingAngle: -34.3967 axialRotation: -74.647 zShift: 2.96414 energy: -6.18696
MCReject   xShift: 8.20542 crossingAngle: -34.3967 axialRotation: -74.647 zShift: 2.97039 energy: -12.1212
MCReject   xShift: 8.20542 crossingAngle: -34.3967 axialRotation: -74.647 zShift: 2.98341 energy: -7.04307
MCReject   xShift: 8.20542 crossingAngle: -34.3967 axialRotation: -74.5949 zShift: 2.96876 energy: -6.74311
MCAccept 27 xShift: 8.20542 crossingAngle: -34.3967 axialRotation: -74.647 zShift: 2.96854 energy: -12.526
MCAccept 28 xShift: 8.20542 crossingAngle: -34.3967 axialRotation: -74.7122 zShift: 2.96854 energy: -12.4037
MCReject   xShift: 8.20542 crossingAngle: -34.2994 axialRotation: -74.7122 zShift: 2.96854 energy: -7.09003
MCReject   xShift: 8.20542 crossingAngle: -34.3967 axialRotation: -74.7371 zShift: 2.96854 energy: -8.76685
MCReject   xShift: 8.20542 crossingAngle: -34.3967 axialRotation: -74.7122 zShift: 2.96225 energy: -6.1898
MCAccept 29 xShift: 8.20542 crossingAngle: -34.3967 axialRotation: -74.7122 zShift: 2.9727 energy: -12.5142
MCReject   xShift: 8.20542 crossingAngle: -34.4872 axialRotation: -74.7122 zShift: 2.9727 energy: -6.91548
MCReject   xShift: 8.20542 crossingAngle: -34.3967 axialRotation: -74.7122 zShift: 2.96793 energy: -6.12599
MCReject   xShift: 8.19284 crossingAngle: -34.3967 axialRotation: -74.7122 zShift: 2.9727 energy: -5.51023
MCReject   xShift: 8.20542 crossingAngle: -34.2497 axialRotation: -74.7122 zShift: 2.9727 energy: -5.11395
MCAccept 30 xShift: 8.19563 crossingAngle: -34.3967 axialRotation: -74.7122 zShift: 2.9727 energy: -12.5142
MCAccept 31 xShift: 8.18343 crossingAngle: -34.3967 axialRotation: -74.7122 zShift: 2.9727 energy: -12.638
MCReject   xShift: 8.18343 crossingAngle: -34.3967 axialRotation: -74.7122 zShift: 2.96293 energy: -12.306
MCAccept 32 xShift: 8.18343 crossingAngle: -34.212 axialRotation: -74.7122 zShift: 2.9727 energy: -12.543
MCReject   xShift: 8.18343 crossingAngle: -34.212 axialRotation: -74.8338 zShift: 2.9727 energy: -9.05287
MCReject   xShift: 8.18343 crossingAngle: -34.212 axialRotation: -74.8494 zShift: 2.9727 energy: -9.15077
MCReject   xShift: 8.18343 crossingAngle: -34.212 axialRotation: -74.7122 zShift: 2.98689 energy: -6.95858
MCReject   xShift: 8.18863 crossingAngle: -34.212 axialRotation: -74.7122 zShift: 2.9727 energy: -5.78958
MCReject   xShift: 8.18343 crossingAngle: -34.3211 axialRotation: -74.7122 zShift: 2.9727 energy: -10.8916
MCReject   xShift: 8.18343 crossingAngle: -34.212 axialRotation: -74.6528 zShift: 2.9727 energy: -11.203
MCReject   xShift: 8.18343 crossingAngle: -34.212 axialRotation: -74.6044 zShift: 2.9727 energy: -5.41691
MCReject   xShift: 8.18343 crossingAngle: -34.3047 axialRotation: -74.7122 zShift: 2.9727 energy: -5.74928
MCReject   xShift: 8.18343 crossingAngle: -34.3334 axialRotation: -74.7122 zShift: 2.9727 energy: -8.59135
MCReject   xShift: 8.18343 crossingAngle: -34.212 axialRotation: -74.7122 zShift: 2.97753 energy: -5.56063
MCReject   xShift: 8.20185 crossingAngle: -34.212 axialRotation: -74.7122 zShift: 2.9727 energy: -11.1561
MCReject   xShift: 8.18343 crossingAngle: -34.2877 axialRotation: -74.7122 zShift: 2.9727 energy: -8.95787
MCAccept 33 xShift: 8.18343 crossingAngle: -34.212 axialRotation: -74.6702 zShift: 2.9727 energy: -12.3266
MCAccept 34 xShift: 8.18343 crossingAngle: -34.212 axialRotation: -74.6702 zShift: 2.97348 energy: -12.3498
MCAccept 35 xShift: 8.18343 crossingAngle: -34.1518 axialRotation: -74.6702 zShift: 2.97348 energy: -12.271
MCAccept 36 xShift: 8.18343 crossingAngle: -34.1518 axialRotation: -74.6175 zShift: 2.97348 energy: -12.3297
MCAccept 37 xShift: 8.18343 crossingAngle: -34.1518 axialRotation: -74.6175 zShift: 2.97987 energy: -12.354
MCAccept 38 xShift: 8.19583 crossingAngle: -34.1518 axialRotation: -74.6175 zShift: 2.97987 energy: -12.3722
MCAccept 39 xShift: 8.19583 crossingAngle: -34.1518 axialRotation: -74.698 zShift: 2.97987 energy: -12.6286
MCReject   xShift: 8.19583 crossingAngle: -34.0649 axialRotation: -74.698 zShift: 2.97987 energy: -6.58546
MCReject   xShift: 8.19583 crossingAngle: -34.1518 axialRotation: -74.698 zShift: 2.98541 energy: -2.56763
MCReject   xShift: 8.19115 crossingAngle: -34.1518 axialRotation: -74.698 zShift: 2.97987 energy: -5.77852
MCReject   xShift: 8.19583 crossingAngle: -34.1518 axialRotation: -74.7496 zShift: 2.97987 energy: -6.86377
MCAccept 40 xShift: 8.19583 crossingAngle: -34.1518 axialRotation: -74.8324 zShift: 2.97987 energy: -12.6666
MCReject   xShift: 8.19583 crossingAngle: -34.1518 axialRotation: -74.8324 zShift: 2.96971 energy: -12.333
MCReject   xShift: 8.19583 crossingAngle: -34.3995 axialRotation: -74.8324 zShift: 2.97987 energy: -7.14748
MCReject   xShift: 8.19637 crossingAngle: -34.1518 axialRotation: -74.8324 zShift: 2.97987 energy: -12.3912
MCReject   xShift: 8.19613 crossingAngle: -34.1518 axialRotation: -74.8324 zShift: 2.97987 energy: -5.74184
MCReject   xShift: 8.18948 crossingAngle: -34.1518 axialRotation: -74.8324 zShift: 2.97987 energy: -12.3722
MCReject   xShift: 8.19583 crossingAngle: -34.1518 axialRotation: -74.6417 zShift: 2.97987 energy: -5.91312
MCReject   xShift: 8.19583 crossingAngle: -34.1518 axialRotation: -74.8444 zShift: 2.97987 energy: -12.5403
MCReject   xShift: 8.19583 crossingAngle: -34.1518 axialRotation: -74.8324 zShift: 2.98327 energy: -6.12506
MCReject   xShift: 8.19583 crossingAngle: -34.105 axialRotation: -74.8324 zShift: 2.97987 energy: -12.1761
MCReject   xShift: 8.19583 crossingAngle: -34.1518 axialRotation: -74.888 zShift: 2.97987 energy: -12.3343
MCReject   xShift: 8.19583 crossingAngle: -34.1518 axialRotation: -74.8324 zShift: 2.99041 energy: -12.6103
MCReject   xShift: 8.19961 crossingAngle: -34.1518 axialRotation: -74.8324 zShift: 2.97987 energy: -5.98509
MCReject   xShift: 8.19628 crossingAngle: -34.1518 axialRotation: -74.8324 zShift: 2.97987 energy: -11.2829
MCReject   xShift: 8.19583 crossingAngle: -34.1518 axialRotation: -74.7117 zShift: 2.97987 energy: -12.354
MCReject   xShift: 8.19583 crossingAngle: -34.1518 axialRotation: -74.8845 zShift: 2.97987 energy: -11.2829
MCReject   xShift: 8.19583 crossingAngle: -34.1518 axialRotation: -74.8324 zShift: 2.97913 energy: -12.3512
MCReject   xShift: 8.19583 crossingAngle: -34.122 axialRotation: -74.8324 zShift: 2.97987 energy: -2.37938
MCReject   xShift: 8.19583 crossingAngle: -34.1518 axialRotation: -74.7429 zShift: 2.97987 energy: -12.354
MCReject   xShift: 8.19583 crossingAngle: -34.0107 axialRotation: -74.8324 zShift: 2.97987 energy: -12.316
MCAccept 41 xShift: 8.19583 crossingAngle: -34.1518 axialRotation: -74.8324 zShift: 2.97898 energy: -12.3312
MCAccept 42 xShift: 8.19583 crossingAngle: -33.9127 axialRotation: -74.8324 zShift: 2.97898 energy: -12.6631
MCReject   xShift: 8.19583 crossingAngle: -33.9127 axialRotation: -74.7326 zShift: 2.97898 energy: -5.91558
MCReject   xShift: 8.19583 crossingAngle: -33.9127 axialRotation: -74.782 zShift: 2.97898 energy: -2.75192
MCAccept 43 xShift: 8.19583 crossingAngle: -33.7228 axialRotation: -74.8324 zShift: 2.97898 energy: -12.5677
MCReject   xShift: 8.19583 crossingAngle: -33.6799 axialRotation: -74.8324 zShift: 2.97898 energy: -6.16214
MCReject   xShift: 8.19583 crossingAngle: -33.7749 axialRotation: -74.8324 zShift: 2.97898 energy: -12.313
MCReject   xShift: 8.19583 crossingAngle: -33.7228 axialRotation: -74.8324 zShift: 2.98411 energy: -11.3011
MCAccept 44 xShift: 8.19583 crossingAngle: -33.7228 axialRotation: -74.8967 zShift: 2.97898 energy: -12.6631
MCReject   xShift: 8.19583 crossingAngle: -33.7228 axialRotation: -74.8397 zShift: 2.97898 energy: -12.3716
MCReject   xShift: 8.19583 crossingAngle: -33.634 axialRotation: -74.8967 zShift: 2.97898 energy: -5.96008
MCReject   xShift: 8.19583 crossingAngle: -33.7228 axialRotation: -74.8967 zShift: 2.99911 energy: -8.63067
MCReject   xShift: 8.19583 crossingAngle: -33.679 axialRotation: -74.8967 zShift: 2.97898 energy: -12.467
MCReject   xShift: 8.20093 crossingAngle: -33.7228 axialRotation: -74.8967 zShift: 2.97898 energy: -12.3312
MCReject   xShift: 8.19583 crossingAngle: -33.5347 axialRotation: -74.8967 zShift: 2.97898 energy: -12.3312
MCAccept 45 xShift: 8.19583 crossingAngle: -33.9679 axialRotation: -74.8967 zShift: 2.97898 energy: -12.5677
MCReject   xShift: 8.19583 crossingAngle: -34.1467 axialRotation: -74.8967 zShift: 2.97898 energy: -6.07386
MCAccept 46 xShift: 8.18694 crossingAngle: -33.9679 axialRotation: -74.8967 zShift: 2.97898 energy: -12.6631
MCReject   xShift: 8.18694 crossingAngle: -33.9679 axialRotation: -74.8967 zShift: 2.98696 energy: -12.5978
MCReject   xShift: 8.18694 crossingAngle: -33.9679 axialRotation: -74.8542 zShift: 2.97898 energy: -12.53
MCReject   xShift: 8.18694 crossingAngle: -33.9679 axialRotation: -74.8967 zShift: 2.97331 energy: -7.01755
MCReject   xShift: 8.18694 crossingAngle: -33.9679 axialRotation: -74.9737 zShift: 2.97898 energy: -12.3689
MCReject   xShift: 8.18694 crossingAngle: -33.9679 axialRotation: -74.8967 zShift: 2.96784 energy: -12.3267
MCReject   xShift: 8.18694 crossingAngle: -33.9679 axialRotation: -74.8967 zShift: 2.97293 energy: -6.36723
MCAccept 47 xShift: 8.17964 crossingAngle: -33.9679 axialRotation: -74.8967 zShift: 2.97898 energy: -12.6631
MCReject   xShift: 8.17964 crossingAngle: -33.9679 axialRotation: -74.9588 zShift: 2.97898 energy: -12.2924
MCReject   xShift: 8.17964 crossingAngle: -33.9679 axialRotation: -74.9841 zShift: 2.97898 energy: -6.79206
MCReject   xShift: 8.18532 crossingAngle: -33.9679 axialRotation: -74.8967 zShift: 2.97898 energy: -12.3689
MCAccept 48 xShift: 8.17964 crossingAngle: -33.7779 axialRotation: -74.8967 zShift: 2.97898 energy: -12.5677
Energy #0: -12.5677
***GEOMETRY SHIFT***
xShift;        Before: 8.22; After: 8.17964
crossingAngle; Before: -35.15; After: -33.7779
axialRotation; Before: -74.75; After: -74.8967
zShift;        Before: 2.94; After: 2.97898
Energy;        Before: 3.7504e+08; After: -12.5677

Reached 51 cycles without improvement of 0.001. Accepted 49/160
Monte Carlo repack complete. Time: 45.3667min

