***STARTING GEOMETRY:***
xShift: 8.17964
crossingAngle: -33.7779
axialRotation: -74.8967
zShift: 2.97898

Number of MCCycles: 200
PrevSequence	CurrSequence	PrevEnergy	CurrEnergy	PrevEntropy	CurrEntropy	CurrentTemp
LLLTVLLTSLLSTLLGTLILI	LLLTGLLTSLLSTLLGTLILI	8.97756	6.83323	0.172067	0.81544	999.847
LLLTGLLTSLLSTLLGTLILI	LLLTGLLTSLLSTLLGYLILI	6.83397	7.33566	0.816184	0.171816	999.684
LLLTGLLTSLLSTLLGYLILI	LLLTGLLTWLLSTLLGYLILI	7.5009	2.443	0.337057	0.494001	999.512
LLLTGLLTWLLSTLLGYLILI	LLLTVLLTWLLSTLLGYLILI	2.76444	1.63139	0.81544	0.172067	999.328
LLLTVLLTWLLSTLLGYLILI	LLLTVLLTWLLGTLLGYLILI	1.73094	3.09982	0.271616	0.591862	999.134
LLLTVLLTWLLGTLLGYLILI	LLLTVLLTFLLGTLLGYLILI	3.39837	4.01726	0.890414	0.148778	998.928
LLLTVLLTFLLGTLLGYLILI	LLLTVLLTWLLGTLLGYLILI	4.01726	3.34246	0.148778	0.890414	998.708
LLLTVLLTWLLGTLLGYLILI	LLLTGLLTWLLGTLLGYLILI	2.57212	4.00827	0.120077	1.00348	998.476
LLLTGLLTWLLGTLLGYLILI	LLLTGLLTWLLGYLLGYLILI	3.44785	6.60947	0.443059	0.379341	998.229
LLLTGLLTWLLGYLLGYLILI	LLLTGLLTFLLGYLLGYLILI	7.12054	2.66726	0.890414	0.148778	997.967
LLLTGLLTFLLGYLLGYLILI	LLLTALLTFLLGYLLGYLILI	3.58383	3.57638	1.06535	0.107014	997.689
LLLTALLTFLLGYLLGYLILI	LLLTGLLTFLLGYLLGYLILI	3.57638	3.7788	0.107014	1.06535	997.394
LLLTGLLTFLLGYLLGYLILI	LLLYGLLTFLLGYLLGYLILI	2.9515	-1.19094	0.238039	0.654392	997.081
LLLYGLLTFLLGYLLGYLILI	LLLYGLLTFLLGTLLGYLILI	-1.19094	-1.83097	0.654392	0.238039	996.749
LLLYGLLTFLLGTLLGYLILI	LLLYGLLTFLLGFLLGYLILI	-1.53016	-1.61028	0.538845	0.30482	996.397
LLLYGLLTFLLGFLLGYLILI	LLLYGLLTYLLGFLLGYLILI	-1.74479	-0.748557	0.170308	0.820686	996.023
LLLYGLLTYLLGFLLGYLILI	LLLYGLLTYLLGFLLGTLILI	-0.914851	-2.88459	0.654392	0.238039	995.626
LLLYGLLTYLLGFLLGTLILI	LLLYYLLTYLLGFLLGTLILI	-2.85316	1.06382	0.269472	0.595564	995.205
LLLYYLLTYLLGFLLGTLILI	LLLYGLLTYLLGFLLGTLILI	1.06382	-2.85316	0.595564	0.269472	994.758
LLLYGLLTYLLGFLLGTLILI	LLLYGLLTFLLGFLLGTLILI	-2.47225	-2.93406	0.650378	0.240035	994.285
LLLYGLLTFLLGFLLGTLILI	LLLYGLLYFLLGFLLGTLILI	-2.84537	-3.17525	0.328724	0.505042	993.249
LLLYGLLYFLLGFLLGTLILI	LLLYGLLTFLLGFLLGTLILI	-3.17525	-2.54224	0.505042	0.328724	992.683
LLLYGLLTFLLGFLLGTLILI	LLLYGLLYFLLGFLLGTLILI	-2.54224	-3.17525	0.328724	0.505042	992.084
LLLYGLLYFLLGFLLGTLILI	LLLYGLLTFLLGFLLGTLILI	-3.17525	-2.88174	0.505042	0.328724	991.448
LLLYGLLTFLLGFLLGTLILI	LLLTGLLTFLLGFLLGTLILI	-2.99092	1.70853	0.219549	0.693609	990.773
LLLTGLLTFLLGFLLGTLILI	LLLYGLLTFLLGFLLGTLILI	1.70853	-2.93313	0.693609	0.219549	990.058
LLLYGLLTFLLGFLLGTLILI	LLLYGLLTFLLGYLLGTLILI	-2.91264	-3.32591	0.240035	0.650378	989.3
LLLYGLLTFLLGYLLGTLILI	LLLYGLLTYLLGYLLGTLILI	-3.88503	-2.79563	0.0912572	1.15198	988.496
LLLYGLLTYLLGYLLGTLILI	LLLYGLLTYLLGTLLGTLILI	-3.44257	-3.93799	0.505042	0.328724	987.644
LLLYGLLTYLLGTLLGTLILI	LLLYGLLTYLLGTLLGWLILI	-3.78069	-2.89099	0.48602	0.343253	986.74
LLLYGLLTYLLGTLLGWLILI	LLLYGLLTFLLGTLLGWLILI	-2.28146	-2.36926	0.952787	0.132101	985.783
LLLYGLLTFLLGTLLGWLILI	LLLYGLLTFLLGFLLGWLILI	-1.96252	-1.76538	0.538845	0.30482	984.769
LLLYGLLTFLLGFLLGWLILI	LLLYGLLTFLLGTLLGWLILI	-1.76538	-2.1157	0.30482	0.538845	983.694
LLLYGLLTFLLGTLLGWLILI	LLLYYLLTFLLGTLLGWLILI	-2.28566	-0.44819	0.368877	0.454934	982.555
LLLYYLLTFLLGTLLGWLILI	LLLYYLLTFLLGFLLGWLILI	-0.364279	0.0821211	0.538845	0.30482	981.348
LLLYYLLTFLLGFLLGWLILI	LLLGYLLTFLLGFLLGWLILI	0.232235	-4.70803	0.454934	0.368877	980.071
LLLGYLLTFLLGFLLGWLILI	LLLGYLLTFLLGFLLGTLILI	-4.61593	-5.63907	0.460972	0.363705	978.717
LLLGYLLTFLLGFLLGTLILI	LLLGYLLTFLLGYLLGTLILI	-5.76274	-6.43249	0.240035	0.650378	977.285
LLLGYLLTFLLGYLLGTLILI	LLLGYLLTFLLGFLLGTLILI	-6.43249	-6.06587	0.650378	0.240035	975.768
LLLGYLLTFLLGFLLGTLILI	LLLGYLLTFLLGYLLGTLILI	-6.06587	-6.52785	0.240035	0.650378	974.162
LLLGYLLTFLLGYLLGTLILI	LLLYYLLTFLLGYLLGTLILI	-6.90876	-1.63305	0.269472	0.595564	972.463
LLLYYLLTFLLGYLLGTLILI	LLLGYLLTFLLGYLLGTLILI	-1.63305	-6.81383	0.595564	0.269472	970.666
LLLGYLLTFLLGYLLGTLILI	LLLGYLLTFLLGTLLGTLILI	-6.70396	-6.30086	0.379341	0.443059	968.764
LLLGYLLTFLLGTLLGTLILI	LLLGYLLTFLLGYLLGTLILI	-6.30086	-6.52253	0.443059	0.379341	966.754
LLLGYLLTFLLGYLLGTLILI	LLLGYLLTYLLGYLLGTLILI	-6.81061	-5.71304	0.0912572	1.15198	964.627
LLLGYLLTYLLGYLLGTLILI	LLLGYLLTYLLGVLLGTLILI	-5.58336	-2.86055	1.28166	0.0721588	962.38
LLLGYLLTYLLGVLLGTLILI	LLLGYLLTYLLGYLLGTLILI	-2.86055	-5.57636	0.0721588	1.28166	960.005
LLLGYLLTYLLGYLLGTLILI	LLLGYLLTYLLGFLLGTLILI	-5.70604	-5.64436	1.15198	0.0912572	957.496
LLLGYLLTYLLGFLLGTLILI	LLLGYLLTYLLGFLLGWLILI	-5.37191	-3.87064	0.363705	0.460972	954.846
LLLGYLLTYLLGFLLGWLILI	LLLGYLLTYLLGFLLGTLILI	-3.87064	-5.49277	0.460972	0.363705	952.048
LLLGYLLTYLLGFLLGTLILI	LLLGYLLTFLLGFLLGTLILI	-5.20609	-6.06587	0.650378	0.240035	949.095
LLLGYLLTFLLGFLLGTLILI	LLLGYLLTFLLGYLLGTLILI	-6.06587	-6.52785	0.240035	0.650378	945.979
LLLGYLLTFLLGYLLGTLILI	LLLGYLLTYLLGYLLGTLILI	-7.08697	-5.70604	0.0912572	1.15198	942.693
LLLGYLLTYLLGYLLGTLILI	LLLGYLLTYLLGYLLGWLILI	-6.49431	-4.60087	0.363705	0.460972	939.229
LLLGYLLTYLLGYLLGWLILI	LLLGYLLTYLLGTLLGWLILI	-4.40745	-5.50826	0.654392	0.238039	931.732
LLLGYLLTYLLGTLLGWLILI	LLLAYLLTYLLGTLLGWLILI	-4.68095	2.66694	1.06535	0.107014	927.683
LLLAYLLTYLLGTLLGWLILI	LLLGYLLTYLLGTLLGWLILI	2.66694	-1.40692	0.107014	1.06535	923.422
LLLGYLLTYLLGTLLGWLILI	LLLGYLLAYLLGTLLGWLILI	-1.48127	-3.28318	0.990994	0.122923	918.939
LLLGYLLAYLLGTLLGWLILI	LLLGYLLAFLLGTLLGWLILI	-2.45331	-1.33213	0.952787	0.132101	914.227
LLLGYLLAFLLGTLLGWLILI	LLLGYLLTFLLGTLLGWLILI	-1.34131	-2.56981	0.122923	0.990994	909.276
LLLGYLLTFLLGTLLGWLILI	LLLGYLLTFLLGTLLGYLILI	-3.18867	-5.31971	0.372136	0.451187	904.077
LLLGYLLTFLLGTLLGYLILI	LLLGYLLTFLLGFLLGYLILI	-5.23205	-4.61723	0.538845	0.30482	898.621
LLLGYLLTFLLGFLLGYLILI	LLLGYLLTFLLGTLLGYLILI	-4.61723	-5.13673	0.30482	0.538845	886.903
LLLGYLLTFLLGTLLGYLILI	LLLGYLLVFLLGTLLGYLILI	-4.74471	-1.89718	0.930859	0.137712	880.623
LLLGYLLVFLLGTLLGYLILI	LLLGYLLVFLLGTLLGTLILI	-1.52985	-2.47829	0.505042	0.328724	874.051
LLLGYLLVFLLGTLLGTLILI	LLLGYLLVFLLGYLLGTLILI	-2.47829	-1.70891	0.328724	0.505042	867.179
LLLGYLLVFLLGYLLGTLILI	LLLGYLLVFLLGYLLGWLILI	-2.0046	0.685048	0.209355	0.716965	859.999
LLLGYLLVFLLGYLLGWLILI	LLLGYLLVFLLGYLLGTLILI	0.685048	-1.59635	0.716965	0.209355	852.504
LLLGYLLVFLLGYLLGTLILI	LLLGYLLVFLLGTLLGTLILI	-1.30066	-2.03659	0.505042	0.328724	844.686
LLLGYLLVFLLGTLLGTLILI	LLLGYLLTFLLGTLLGTLILI	-2.27004	-5.62252	0.0952708	1.12845	836.541
LLLGYLLTFLLGTLLGTLILI	LLLGYLLTFLLGTLLGWLILI	-6.26495	-5.41409	0.48602	0.343253	828.061
LLLGYLLTFLLGTLLGWLILI	LLLGYLLTFLLGTLLGYLILI	-5.38521	-5.02691	0.372136	0.451187	819.243
LLLGYLLTFLLGTLLGYLILI	LLLGYLLTFLLGTLLGTLILI	-5.09875	-6.21255	0.379341	0.443059	800.577
LLLGYLLTFLLGTLLGTLILI	LLLGYLLTTLLGTLLGTLILI	-6.56349	-5.10477	0.0921195	1.14683	790.724
LLLGYLLTTLLGTLLGTLILI	LLLGYLLTTLLGFLLGTLILI	-5.10477	-4.78211	1.14683	0.0921195	769.974
LLLGYLLTTLLGFLLGTLILI	LLLGYLLTFLLGFLLGTLILI	-4.18062	-5.96256	0.693609	0.219549	747.845
LLLGYLLTFLLGFLLGTLILI	LLLGYLLTFLLGYLLGTLILI	-5.94207	-6.22501	0.240035	0.650378	736.272
LLLGYLLTFLLGYLLGTLILI	LLLGYLLTFLLGYLLGWLILI	-6.51168	-4.81716	0.363705	0.460972	724.369
LLLGYLLTFLLGYLLGWLILI	LLLGYLLTFLLGFLLGWLILI	-4.62775	-4.83687	0.650378	0.240035	699.602
LLLGYLLTFLLGFLLGWLILI	LLLGYLLTFLLGYLLGWLILI	-4.83687	-4.62079	0.240035	0.650378	660.222
LLLGYLLTFLLGYLLGWLILI	LLLGYLLTFLLGTLLGWLILI	-4.76613	-5.42862	0.505042	0.328724	646.557
LLLGYLLTFLLGTLLGWLILI	LLLGYLLTFLLGTLLGYLILI	-5.38521	-5.22418	0.372136	0.451187	632.651
LLLGYLLTFLLGTLLGYLILI	LLLGYLLTFLLGFLLGYLILI	-5.13652	-4.71255	0.538845	0.30482	618.524
LLLGYLLTFLLGFLLGYLILI	LLLGYLLTFLLGTLLGYLILI	-4.71255	-4.79022	0.30482	0.538845	575.025
LLLGYLLTFLLGTLLGYLILI	LLLGYLLTFLLGTLLGTLILI	-4.94972	-6.39602	0.379341	0.443059	560.23
LLLGYLLTFLLGTLLGTLILI	LLLGYLLTYLLGTLLGTLILI	-6.70698	-6.14689	0.132101	0.952787	545.329
LLLGYLLTYLLGTLLGTLILI	LLLGYLLTYLLGYLLGTLILI	-6.77096	-6.35297	0.328724	0.505042	530.348
LLLGYLLTYLLGYLLGTLILI	LLLGYLLTFLLGYLLGTLILI	-5.70604	-5.73104	1.15198	0.0912572	500.25
LLLGYLLTFLLGYLLGTLILI	LLLGYLLTTLLGYLLGTLILI	-5.70241	-4.94786	0.119894	1.0043	470.152
LLLGYLLTTLLGYLLGTLILI	LLLGYLLTYLLGYLLGTLILI	-5.62343	-6.15945	0.328724	0.505042	440.27
LLLGYLLTYLLGYLLGTLILI	LLLGYLLTYLLGFLLGTLILI	-5.51251	-5.95883	1.15198	0.0912572	425.475
LLLGYLLTYLLGFLLGTLILI	LLLGYLLTFLLGFLLGTLILI	-5.39971	-5.97051	0.650378	0.240035	410.812
LLLGYLLTFLLGFLLGTLILI	LLLGYLLTYLLGFLLGTLILI	-5.97051	-5.30435	0.240035	0.650378	396.304
LLLGYLLTYLLGFLLGTLILI	LLLGYLLTYLLGYLLGTLILI	-5.86347	-5.8014	0.0912572	1.15198	381.976
LLLGYLLTYLLGYLLGTLILI	LLLGYLLTFLLGYLLGTLILI	-5.8014	-6.77047	1.15198	0.0912572	367.849
LLLGYLLTFLLGYLLGTLILI	LLLGYLLTFLLGTLLGTLILI	-6.48239	-6.39602	0.379341	0.443059	353.943
LLLGYLLTFLLGTLLGTLILI	LLLGYLLTYLLGTLLGTLILI	-6.70698	-6.24226	0.132101	0.952787	340.278
LLLGYLLTYLLGTLLGTLILI	LLLGYLLTFLLGTLLGTLILI	-6.24226	-6.61161	0.952787	0.132101	326.872
LLLGYLLTFLLGTLLGTLILI	LLLGYLLTFLLGYLLGTLILI	-6.30065	-6.70353	0.443059	0.379341	313.74
LLLGYLLTFLLGYLLGTLILI	LLLGYLLTFLLGTLLGTLILI	-6.70353	-6.39623	0.379341	0.443059	241.419
LLLGYLLTFLLGTLLGTLILI	LLLGYLLTFLLGYLLGTLILI	-6.39623	-6.71101	0.443059	0.379341	230.526
LLLGYLLTFLLGYLLGTLILI	LLLGYLLTFLLGFLLGTLILI	-6.43997	-6.26311	0.650378	0.240035	172.439
LLLGYLLTFLLGFLLGTLILI	LLLGYLLTFLLGYLLGTLILI	-6.26311	-6.43249	0.240035	0.650378	163.959
LLLGYLLTFLLGYLLGTLILI	LLLGYLLTFLLGFLLGTLILI	-6.43249	-6.26311	0.650378	0.240035	155.814
LLLGYLLTFLLGFLLGTLILI	LLLGYLLTFLLGYLLGTLILI	-6.26311	-6.34461	0.240035	0.650378	126.449
LLLGYLLTFLLGYLLGTLILI	LLLGYLLTFLLGFLLGTLILI	-6.34461	-6.16804	0.650378	0.240035	113.597
LLLGYLLTFLLGFLLGTLILI	LLLGYLLTFLLGYLLGTLILI	-6.16804	-6.43249	0.240035	0.650378	107.601
LLLGYLLTFLLGYLLGTLILI	LLLGYLLTFLLGFLLGTLILI	-6.43249	-6.26311	0.650378	0.240035	86.2728
LLLGYLLTFLLGFLLGTLILI	LLLGYLLTFLLGYLLGTLILI	-6.26311	-6.43293	0.240035	0.650378	72.8169
Time: 257s
