MCAccept 0 xShift: 8.92 crossingAngle: -41.83 axialRotation: -53.88 zShift: 2.68223 energy: 19.3102
MCAccept 1 xShift: 8.91309 crossingAngle: -41.83 axialRotation: -53.88 zShift: 2.68223 energy: 17.9353
MCAccept 2 xShift: 8.91309 crossingAngle: -41.734 axialRotation: -53.88 zShift: 2.68223 energy: 17.999
MCReject   xShift: 8.91309 crossingAngle: -41.734 axialRotation: -53.88 zShift: 2.66627 energy: 18.4565
MCReject   xShift: 8.91309 crossingAngle: -41.734 axialRotation: -53.9093 zShift: 2.68223 energy: 19.2821
MCAccept 3 xShift: 8.92013 crossingAngle: -41.734 axialRotation: -53.88 zShift: 2.68223 energy: 17.9353
MCAccept 4 xShift: 8.92013 crossingAngle: -41.734 axialRotation: -53.88 zShift: 2.67774 energy: 18.2105
MCAccept 5 xShift: 8.90927 crossingAngle: -41.734 axialRotation: -53.88 zShift: 2.67774 energy: 18.1757
MCAccept 6 xShift: 8.90927 crossingAngle: -41.734 axialRotation: -54.0707 zShift: 2.67774 energy: 18.1757
MCReject   xShift: 8.90927 crossingAngle: -41.734 axialRotation: -54.0707 zShift: 2.6687 energy: 18.4177
MCReject   xShift: 8.92431 crossingAngle: -41.734 axialRotation: -54.0707 zShift: 2.67774 energy: 19.391
MCAccept 7 xShift: 8.90927 crossingAngle: -41.7871 axialRotation: -54.0707 zShift: 2.67774 energy: 18.1757
MCAccept 8 xShift: 8.90927 crossingAngle: -41.7871 axialRotation: -54.0707 zShift: 2.70614 energy: 16.8699
MCAccept 9 xShift: 8.90261 crossingAngle: -41.7871 axialRotation: -54.0707 zShift: 2.70614 energy: 16.8614
MCAccept 10 xShift: 8.90261 crossingAngle: -41.8249 axialRotation: -54.0707 zShift: 2.70614 energy: 16.8699
MCReject   xShift: 8.9021 crossingAngle: -41.8249 axialRotation: -54.0707 zShift: 2.70614 energy: 18.4518
MCReject   xShift: 8.90261 crossingAngle: -41.8249 axialRotation: -54.0707 zShift: 2.69397 energy: 17.4536
MCReject   xShift: 8.88964 crossingAngle: -41.8249 axialRotation: -54.0707 zShift: 2.70614 energy: 18.4153
MCAccept 11 xShift: 8.90261 crossingAngle: -41.8916 axialRotation: -54.0707 zShift: 2.70614 energy: 16.8614
MCAccept 12 xShift: 8.89577 crossingAngle: -41.8916 axialRotation: -54.0707 zShift: 2.70614 energy: 16.8334
MCAccept 13 xShift: 8.89577 crossingAngle: -41.8916 axialRotation: -54.0707 zShift: 2.71314 energy: 16.558
MCReject   xShift: 8.89577 crossingAngle: -41.7572 axialRotation: -54.0707 zShift: 2.71314 energy: 18.1497
MCAccept 14 xShift: 8.89577 crossingAngle: -41.8916 axialRotation: -54.0707 zShift: 2.71835 energy: 16.3281
MCReject   xShift: 8.89577 crossingAngle: -41.8916 axialRotation: -54.0891 zShift: 2.71835 energy: 17.9832
MCAccept 15 xShift: 8.89577 crossingAngle: -41.8916 axialRotation: -54.0707 zShift: 2.74073 energy: 15.3982
MCAccept 16 xShift: 8.89577 crossingAngle: -41.8916 axialRotation: -54.0707 zShift: 2.73825 energy: 15.4718
MCAccept 17 xShift: 8.89577 crossingAngle: -41.7234 axialRotation: -54.0707 zShift: 2.73825 energy: 15.5024
MCReject   xShift: 8.89577 crossingAngle: -41.7234 axialRotation: -54.0707 zShift: 2.752 energy: 16.7803
MCAccept 18 xShift: 8.89577 crossingAngle: -41.7234 axialRotation: -54.0118 zShift: 2.73825 energy: 15.5024
MCAccept 19 xShift: 8.89815 crossingAngle: -41.7234 axialRotation: -54.0118 zShift: 2.73825 energy: 15.5024
MCAccept 20 xShift: 8.89815 crossingAngle: -41.7175 axialRotation: -54.0118 zShift: 2.73825 energy: 15.4718
MCAccept 21 xShift: 8.89815 crossingAngle: -41.7175 axialRotation: -54.0118 zShift: 2.75312 energy: 14.8836
MCReject   xShift: 8.89815 crossingAngle: -41.7175 axialRotation: -54.165 zShift: 2.75312 energy: 16.7435
MCReject   xShift: 8.90317 crossingAngle: -41.7175 axialRotation: -54.0118 zShift: 2.75312 energy: 16.7712
MCReject   xShift: 8.90064 crossingAngle: -41.7175 axialRotation: -54.0118 zShift: 2.75312 energy: 16.7435
MCAccept 22 xShift: 8.8999 crossingAngle: -41.7175 axialRotation: -54.0118 zShift: 2.75312 energy: 14.8836
MCAccept 23 xShift: 8.8999 crossingAngle: -41.6191 axialRotation: -54.0118 zShift: 2.75312 energy: 14.8365
MCAccept 24 xShift: 8.8999 crossingAngle: -41.5596 axialRotation: -54.0118 zShift: 2.75312 energy: 14.8088
MCReject   xShift: 8.8999 crossingAngle: -41.5596 axialRotation: -53.9926 zShift: 2.75312 energy: 16.7712
MCAccept 25 xShift: 8.91834 crossingAngle: -41.5596 axialRotation: -54.0118 zShift: 2.75312 energy: 14.853
MCReject   xShift: 8.91834 crossingAngle: -41.5596 axialRotation: -54.0118 zShift: 2.74374 energy: 17.0555
MCAccept 26 xShift: 8.91834 crossingAngle: -41.5596 axialRotation: -54.0118 zShift: 2.75921 energy: 14.6352
MCAccept 27 xShift: 8.91834 crossingAngle: -41.5596 axialRotation: -54.0881 zShift: 2.75921 energy: 14.6352
MCReject   xShift: 8.91834 crossingAngle: -41.5596 axialRotation: -54.0881 zShift: 2.75667 energy: 16.6732
MCReject   xShift: 8.91834 crossingAngle: -41.5596 axialRotation: -54.0692 zShift: 2.75921 energy: 16.547
MCAccept 28 xShift: 8.91834 crossingAngle: -41.5596 axialRotation: -54.0881 zShift: 2.75472 energy: 14.8184
MCReject   xShift: 8.91834 crossingAngle: -41.5596 axialRotation: -54.0881 zShift: 2.71866 energy: 16.2759
MCAccept 29 xShift: 8.91834 crossingAngle: -41.6162 axialRotation: -54.0881 zShift: 2.75472 energy: 14.7433
MCReject   xShift: 8.90835 crossingAngle: -41.6162 axialRotation: -54.0881 zShift: 2.75472 energy: 16.7193
MCReject   xShift: 8.91834 crossingAngle: -41.6162 axialRotation: -54.0625 zShift: 2.75472 energy: 14.7877
MCAccept 30 xShift: 8.91834 crossingAngle: -41.6162 axialRotation: -54.0973 zShift: 2.75472 energy: 14.7877
MCReject   xShift: 8.91834 crossingAngle: -41.6162 axialRotation: -54.0973 zShift: 2.74678 energy: 16.981
MCAccept 31 xShift: 8.91834 crossingAngle: -41.6162 axialRotation: -54.1475 zShift: 2.75472 energy: 14.7709
MCAccept 32 xShift: 8.91834 crossingAngle: -41.5948 axialRotation: -54.1475 zShift: 2.75472 energy: 14.7877
MCReject   xShift: 8.91834 crossingAngle: -41.5948 axialRotation: -54.2865 zShift: 2.75472 energy: 16.7667
MCAccept 33 xShift: 8.91834 crossingAngle: -41.5948 axialRotation: -54.0005 zShift: 2.75472 energy: 14.8184
MCReject   xShift: 8.91834 crossingAngle: -41.5948 axialRotation: -54.0005 zShift: 2.75442 energy: 16.7287
MCReject   xShift: 8.91834 crossingAngle: -41.5948 axialRotation: -54.0375 zShift: 2.75472 energy: 16.6916
MCAccept 34 xShift: 8.91834 crossingAngle: -41.5948 axialRotation: -53.863 zShift: 2.75472 energy: 14.7709
MCAccept 35 xShift: 8.92251 crossingAngle: -41.5948 axialRotation: -53.863 zShift: 2.75472 energy: 14.7877
MCAccept 36 xShift: 8.92251 crossingAngle: -41.5948 axialRotation: -53.8122 zShift: 2.75472 energy: 14.8184
MCAccept 37 xShift: 8.92566 crossingAngle: -41.5948 axialRotation: -53.8122 zShift: 2.75472 energy: 14.7709
MCReject   xShift: 8.92566 crossingAngle: -41.5948 axialRotation: -53.8122 zShift: 2.76357 energy: 16.4864
MCAccept 38 xShift: 8.92566 crossingAngle: -41.5948 axialRotation: -53.9489 zShift: 2.75472 energy: 14.7877
MCAccept 39 xShift: 8.94522 crossingAngle: -41.5948 axialRotation: -53.9489 zShift: 2.75472 energy: 14.7877
MCReject   xShift: 8.94522 crossingAngle: -41.8219 axialRotation: -53.9489 zShift: 2.75472 energy: 14.8184
MCAccept 40 xShift: 8.94522 crossingAngle: -41.5948 axialRotation: -53.9489 zShift: 2.75388 energy: 14.8219
MCAccept 41 xShift: 8.94522 crossingAngle: -41.5164 axialRotation: -53.9489 zShift: 2.75388 energy: 14.7775
MCAccept 42 xShift: 8.94522 crossingAngle: -41.4215 axialRotation: -53.9489 zShift: 2.75388 energy: 14.7775
MCReject   xShift: 8.94522 crossingAngle: -41.4215 axialRotation: -53.7813 zShift: 2.75388 energy: 14.8525
MCAccept 43 xShift: 8.95263 crossingAngle: -41.4215 axialRotation: -53.9489 zShift: 2.75388 energy: 14.7775
MCReject   xShift: 8.95263 crossingAngle: -41.4263 axialRotation: -53.9489 zShift: 2.75388 energy: 16.7188
MCReject   xShift: 8.95263 crossingAngle: -41.4215 axialRotation: -53.8295 zShift: 2.75388 energy: 16.7465
MCReject   xShift: 8.93878 crossingAngle: -41.4215 axialRotation: -53.9489 zShift: 2.75388 energy: 16.7188
MCAccept 44 xShift: 8.95263 crossingAngle: -41.5504 axialRotation: -53.9489 zShift: 2.75388 energy: 14.8052
MCAccept 45 xShift: 8.95263 crossingAngle: -41.2866 axialRotation: -53.9489 zShift: 2.75388 energy: 14.8219
MCReject   xShift: 8.95263 crossingAngle: -41.2816 axialRotation: -53.9489 zShift: 2.75388 energy: 16.7188
MCAccept 46 xShift: 8.96979 crossingAngle: -41.2866 axialRotation: -53.9489 zShift: 2.75388 energy: 14.7775
MCReject   xShift: 8.96979 crossingAngle: -41.2866 axialRotation: -54.0203 zShift: 2.75388 energy: 16.7188
MCReject   xShift: 8.96979 crossingAngle: -41.2866 axialRotation: -53.9489 zShift: 2.75598 energy: 16.6508
MCAccept 47 xShift: 8.98074 crossingAngle: -41.2866 axialRotation: -53.9489 zShift: 2.75388 energy: 14.8052
MCReject   xShift: 8.98074 crossingAngle: -41.1454 axialRotation: -53.9489 zShift: 2.75388 energy: 16.7465
MCReject   xShift: 8.98074 crossingAngle: -41.0874 axialRotation: -53.9489 zShift: 2.75388 energy: 16.7188
MCReject   xShift: 8.98074 crossingAngle: -41.3189 axialRotation: -53.9489 zShift: 2.75388 energy: 16.7188
MCAccept 48 xShift: 8.98074 crossingAngle: -41.2866 axialRotation: -53.9489 zShift: 2.75863 energy: 14.6281
MCAccept 49 xShift: 8.98074 crossingAngle: -41.2866 axialRotation: -53.8414 zShift: 2.75863 energy: 14.6281
MCReject   xShift: 8.98074 crossingAngle: -41.338 axialRotation: -53.8414 zShift: 2.75863 energy: 16.5656
MCReject   xShift: 8.98074 crossingAngle: -41.2866 axialRotation: -53.8414 zShift: 2.76127 energy: 16.482
MCReject   xShift: 8.98074 crossingAngle: -41.0832 axialRotation: -53.8414 zShift: 2.75863 energy: 16.6107
MCAccept 50 xShift: 8.98074 crossingAngle: -41.195 axialRotation: -53.8414 zShift: 2.75863 energy: 14.6106
MCAccept 51 xShift: 8.98441 crossingAngle: -41.195 axialRotation: -53.8414 zShift: 2.75863 energy: 14.6281
MCAccept 52 xShift: 8.96133 crossingAngle: -41.195 axialRotation: -53.8414 zShift: 2.75863 energy: 14.6588
MCReject   xShift: 8.96133 crossingAngle: -41.195 axialRotation: -53.8414 zShift: 2.75401 energy: 16.7145
MCReject   xShift: 8.96133 crossingAngle: -41.195 axialRotation: -53.8414 zShift: 2.76026 energy: 16.5137
MCAccept 53 xShift: 8.96133 crossingAngle: -41.195 axialRotation: -53.8414 zShift: 2.77329 energy: 14.0726
MCAccept 54 xShift: 8.96133 crossingAngle: -41.195 axialRotation: -53.7894 zShift: 2.77329 energy: 14.0726
MCReject   xShift: 8.96133 crossingAngle: -41.195 axialRotation: -53.7894 zShift: 2.77307 energy: 16.1199
MCReject   xShift: 8.96133 crossingAngle: -41.195 axialRotation: -53.8546 zShift: 2.77329 energy: 16.1612
MCAccept 55 xShift: 8.96133 crossingAngle: -41.0977 axialRotation: -53.7894 zShift: 2.77329 energy: 14.0726
MCReject   xShift: 8.96133 crossingAngle: -41.0977 axialRotation: -53.8143 zShift: 2.77329 energy: 16.1134
MCReject   xShift: 8.96133 crossingAngle: -41.0977 axialRotation: -53.7894 zShift: 2.767 energy: 14.2449
MCAccept 56 xShift: 8.96133 crossingAngle: -41.0977 axialRotation: -53.7894 zShift: 2.77745 energy: 13.8784
MCReject   xShift: 8.96133 crossingAngle: -41.1882 axialRotation: -53.7894 zShift: 2.77745 energy: 15.9907
MCReject   xShift: 8.96133 crossingAngle: -41.0977 axialRotation: -53.7894 zShift: 2.77268 energy: 14.066
MCReject   xShift: 8.94876 crossingAngle: -41.0977 axialRotation: -53.7894 zShift: 2.77745 energy: 15.9907
MCAccept 57 xShift: 8.96133 crossingAngle: -40.9508 axialRotation: -53.7894 zShift: 2.77745 energy: 13.8574
MCAccept 58 xShift: 8.95155 crossingAngle: -40.9508 axialRotation: -53.7894 zShift: 2.77745 energy: 13.8784
MCReject   xShift: 8.93935 crossingAngle: -40.9508 axialRotation: -53.7894 zShift: 2.77745 energy: 15.9907
MCReject   xShift: 8.95155 crossingAngle: -40.9508 axialRotation: -53.7894 zShift: 2.76768 energy: 16.2826
MCAccept 59 xShift: 8.95155 crossingAngle: -40.7661 axialRotation: -53.7894 zShift: 2.77745 energy: 13.909
MCAccept 60 xShift: 8.95155 crossingAngle: -40.7661 axialRotation: -53.911 zShift: 2.77745 energy: 13.8574
MCAccept 61 xShift: 8.95155 crossingAngle: -40.7661 axialRotation: -54.0483 zShift: 2.77745 energy: 13.8299
MCAccept 62 xShift: 8.95155 crossingAngle: -40.7661 axialRotation: -54.0483 zShift: 2.79164 energy: 13.2803
MCReject   xShift: 8.95675 crossingAngle: -40.7661 axialRotation: -54.0483 zShift: 2.79164 energy: 13.3077
MCReject   xShift: 8.95155 crossingAngle: -40.8752 axialRotation: -54.0483 zShift: 2.79164 energy: 15.6233
MCAccept 63 xShift: 8.95155 crossingAngle: -40.7661 axialRotation: -53.9889 zShift: 2.79164 energy: 13.2803
MCReject   xShift: 8.95155 crossingAngle: -40.7661 axialRotation: -53.8812 zShift: 2.79164 energy: 13.3077
MCReject   xShift: 8.95155 crossingAngle: -40.8588 axialRotation: -53.9889 zShift: 2.79164 energy: 13.3077
MCReject   xShift: 8.95155 crossingAngle: -40.8875 axialRotation: -53.9889 zShift: 2.79164 energy: 15.6233
MCAccept 64 xShift: 8.95155 crossingAngle: -40.7661 axialRotation: -53.9889 zShift: 2.79646 energy: 13.0969
MCReject   xShift: 8.96997 crossingAngle: -40.7661 axialRotation: -53.9889 zShift: 2.79646 energy: 15.4707
MCReject   xShift: 8.95155 crossingAngle: -40.8418 axialRotation: -53.9889 zShift: 2.79646 energy: 13.1795
MCAccept 65 xShift: 8.95155 crossingAngle: -40.7661 axialRotation: -53.947 zShift: 2.79646 energy: 13.0969
MCAccept 66 xShift: 8.95155 crossingAngle: -40.7661 axialRotation: -53.947 zShift: 2.79724 energy: 13.0673
MCReject   xShift: 8.95155 crossingAngle: -40.706 axialRotation: -53.947 zShift: 2.79724 energy: 15.451
MCAccept 67 xShift: 8.95155 crossingAngle: -40.7661 axialRotation: -53.8943 zShift: 2.79724 energy: 13.0673
MCAccept 68 xShift: 8.95155 crossingAngle: -40.7661 axialRotation: -53.8943 zShift: 2.80363 energy: 12.8276
MCAccept 69 xShift: 8.96395 crossingAngle: -40.7661 axialRotation: -53.8943 zShift: 2.80363 energy: 12.8276
MCReject   xShift: 8.96395 crossingAngle: -40.7661 axialRotation: -53.9747 zShift: 2.80363 energy: 15.2953
MCAccept 70 xShift: 8.96395 crossingAngle: -40.6792 axialRotation: -53.8943 zShift: 2.80363 energy: 12.8276
MCAccept 71 xShift: 8.96395 crossingAngle: -40.6792 axialRotation: -53.8943 zShift: 2.80917 energy: 12.622
MCReject   xShift: 8.95927 crossingAngle: -40.6792 axialRotation: -53.8943 zShift: 2.80917 energy: 12.6493
MCAccept 72 xShift: 8.96395 crossingAngle: -40.6792 axialRotation: -53.9458 zShift: 2.80917 energy: 12.622
MCReject   xShift: 8.96395 crossingAngle: -40.6792 axialRotation: -54.0802 zShift: 2.80917 energy: 15.1973
MCReject   xShift: 8.96395 crossingAngle: -40.6792 axialRotation: -53.9458 zShift: 2.79901 energy: 13.028
MCAccept 73 xShift: 8.96395 crossingAngle: -40.9269 axialRotation: -53.9458 zShift: 2.80917 energy: 12.622
MCReject   xShift: 8.96449 crossingAngle: -40.9269 axialRotation: -53.9458 zShift: 2.80917 energy: 15.17
MCReject   xShift: 8.96424 crossingAngle: -40.9269 axialRotation: -53.9458 zShift: 2.80917 energy: 15.17
MCReject   xShift: 8.9576 crossingAngle: -40.9269 axialRotation: -53.9458 zShift: 2.80917 energy: 15.17
MCReject   xShift: 8.96395 crossingAngle: -40.9269 axialRotation: -53.7551 zShift: 2.80917 energy: 12.7071
MCReject   xShift: 8.96395 crossingAngle: -40.9269 axialRotation: -53.9579 zShift: 2.80917 energy: 15.17
MCAccept 74 xShift: 8.96395 crossingAngle: -40.9269 axialRotation: -53.9458 zShift: 2.81257 energy: 12.497
MCReject   xShift: 8.96395 crossingAngle: -40.88 axialRotation: -53.9458 zShift: 2.81257 energy: 15.0989
MCReject   xShift: 8.96395 crossingAngle: -40.9269 axialRotation: -54.0015 zShift: 2.81257 energy: 15.0989
MCAccept 75 xShift: 8.96395 crossingAngle: -40.9269 axialRotation: -53.9458 zShift: 2.82311 energy: 12.1418
MCReject   xShift: 8.96772 crossingAngle: -40.9269 axialRotation: -53.9458 zShift: 2.82311 energy: 14.9207
MCReject   xShift: 8.9644 crossingAngle: -40.9269 axialRotation: -53.9458 zShift: 2.82311 energy: 14.9207
MCAccept 76 xShift: 8.96395 crossingAngle: -40.9269 axialRotation: -53.8251 zShift: 2.82311 energy: 12.1418
MCAccept 77 xShift: 8.96395 crossingAngle: -40.9269 axialRotation: -53.8773 zShift: 2.82311 energy: 12.1146
MCReject   xShift: 8.96395 crossingAngle: -40.9269 axialRotation: -53.8773 zShift: 2.82237 energy: 12.1683
MCReject   xShift: 8.96395 crossingAngle: -40.897 axialRotation: -53.8773 zShift: 2.82311 energy: 14.9207
MCReject   xShift: 8.96395 crossingAngle: -40.9269 axialRotation: -53.7878 zShift: 2.82311 energy: 12.1418
MCReject   xShift: 8.96395 crossingAngle: -40.7858 axialRotation: -53.8773 zShift: 2.82311 energy: 12.1418
MCReject   xShift: 8.96395 crossingAngle: -40.9269 axialRotation: -53.8773 zShift: 2.82222 energy: 12.1466
MCAccept 78 xShift: 8.96395 crossingAngle: -40.6877 axialRotation: -53.8773 zShift: 2.82311 energy: 12.1146
MCReject   xShift: 8.96395 crossingAngle: -40.6877 axialRotation: -53.7776 zShift: 2.82311 energy: 14.9207
MCAccept 79 xShift: 8.96395 crossingAngle: -40.6877 axialRotation: -53.8269 zShift: 2.82311 energy: 12.1146
MCReject   xShift: 8.96395 crossingAngle: -40.4978 axialRotation: -53.8269 zShift: 2.82311 energy: 14.9207
MCReject   xShift: 8.96395 crossingAngle: -40.6449 axialRotation: -53.8269 zShift: 2.82311 energy: 12.1418
MCReject   xShift: 8.96395 crossingAngle: -40.7398 axialRotation: -53.8269 zShift: 2.82311 energy: 12.1418
MCAccept 80 xShift: 8.96395 crossingAngle: -40.6877 axialRotation: -53.8269 zShift: 2.82824 energy: 11.9315
MCAccept 81 xShift: 8.96395 crossingAngle: -40.6877 axialRotation: -53.8912 zShift: 2.82824 energy: 11.9315
MCReject   xShift: 8.96395 crossingAngle: -40.6877 axialRotation: -53.8343 zShift: 2.82824 energy: 11.9586
MCReject   xShift: 8.96395 crossingAngle: -40.5989 axialRotation: -53.8912 zShift: 2.82824 energy: 14.8825
MCAccept 82 xShift: 8.96395 crossingAngle: -40.6877 axialRotation: -53.8912 zShift: 2.84836 energy: 11.2578
MCAccept 83 xShift: 8.96395 crossingAngle: -40.644 axialRotation: -53.8912 zShift: 2.84836 energy: 11.2578
MCReject   xShift: 8.96905 crossingAngle: -40.644 axialRotation: -53.8912 zShift: 2.84836 energy: 14.4768
MCReject   xShift: 8.96395 crossingAngle: -40.456 axialRotation: -53.8912 zShift: 2.84836 energy: 14.4768
MCReject   xShift: 8.96395 crossingAngle: -40.8892 axialRotation: -53.8912 zShift: 2.84836 energy: 14.4768
MCReject   xShift: 8.96395 crossingAngle: -40.8227 axialRotation: -53.8912 zShift: 2.84836 energy: 14.4768
MCAccept 84 xShift: 8.95505 crossingAngle: -40.644 axialRotation: -53.8912 zShift: 2.84836 energy: 11.2578
MCReject   xShift: 8.95505 crossingAngle: -40.644 axialRotation: -53.8912 zShift: 2.85634 energy: 14.2182
MCAccept 85 xShift: 8.95505 crossingAngle: -40.644 axialRotation: -53.8487 zShift: 2.84836 energy: 11.2578
MCReject   xShift: 8.95505 crossingAngle: -40.644 axialRotation: -53.8487 zShift: 2.84269 energy: 11.4523
MCReject   xShift: 8.95505 crossingAngle: -40.644 axialRotation: -53.9257 zShift: 2.84836 energy: 14.5037
MCReject   xShift: 8.95505 crossingAngle: -40.644 axialRotation: -53.8487 zShift: 2.83722 energy: 14.8456
MCReject   xShift: 8.95505 crossingAngle: -40.644 axialRotation: -53.8487 zShift: 2.84231 energy: 14.7029
MCAccept 86 xShift: 8.94776 crossingAngle: -40.644 axialRotation: -53.8487 zShift: 2.84836 energy: 11.2309
MCReject   xShift: 8.94776 crossingAngle: -40.644 axialRotation: -53.9108 zShift: 2.84836 energy: 11.2578
MCReject   xShift: 8.94776 crossingAngle: -40.644 axialRotation: -53.936 zShift: 2.84836 energy: 11.2578
MCReject   xShift: 8.95344 crossingAngle: -40.644 axialRotation: -53.8487 zShift: 2.84836 energy: 11.2578
MCReject   xShift: 8.94776 crossingAngle: -40.4539 axialRotation: -53.8487 zShift: 2.84836 energy: 11.2578
MCReject   xShift: 8.94776 crossingAngle: -40.644 axialRotation: -53.8487 zShift: 2.84462 energy: 11.359
MCReject   xShift: 8.94776 crossingAngle: -40.644 axialRotation: -54.0308 zShift: 2.84836 energy: 11.2578
MCReject   xShift: 8.93947 crossingAngle: -40.644 axialRotation: -53.8487 zShift: 2.84836 energy: 14.4768
MCReject   xShift: 8.94776 crossingAngle: -40.5939 axialRotation: -53.8487 zShift: 2.84836 energy: 14.4768
MCReject   xShift: 8.94776 crossingAngle: -40.644 axialRotation: -53.8487 zShift: 2.83565 energy: 11.6971
MCAccept 87 xShift: 8.94776 crossingAngle: -40.644 axialRotation: -53.8114 zShift: 2.84836 energy: 11.2309
MCAccept 88 xShift: 8.95197 crossingAngle: -40.644 axialRotation: -53.8114 zShift: 2.84836 energy: 11.2309
MCAccept 89 xShift: 8.95197 crossingAngle: -40.644 axialRotation: -53.8114 zShift: 2.85189 energy: 11.1112
MCAccept 90 xShift: 8.95197 crossingAngle: -40.644 axialRotation: -53.6644 zShift: 2.85189 energy: 11.1112
MCReject   xShift: 8.94694 crossingAngle: -40.644 axialRotation: -53.6644 zShift: 2.85189 energy: 14.3621
MCReject   xShift: 8.95197 crossingAngle: -40.6472 axialRotation: -53.6644 zShift: 2.85189 energy: 14.3621
MCReject   xShift: 8.95197 crossingAngle: -40.644 axialRotation: -53.6644 zShift: 2.85408 energy: 14.2911
MCReject   xShift: 8.95197 crossingAngle: -40.4978 axialRotation: -53.6644 zShift: 2.85189 energy: 14.3621
MCReject   xShift: 8.97553 crossingAngle: -40.644 axialRotation: -53.6644 zShift: 2.85189 energy: 11.138
MCAccept 91 xShift: 8.95197 crossingAngle: -40.7027 axialRotation: -53.6644 zShift: 2.85189 energy: 11.1112
MCReject   xShift: 8.94635 crossingAngle: -40.7027 axialRotation: -53.6644 zShift: 2.85189 energy: 14.3621
MCReject   xShift: 8.95197 crossingAngle: -40.7027 axialRotation: -53.6644 zShift: 2.87244 energy: 13.7105
MCReject   xShift: 8.95197 crossingAngle: -40.5329 axialRotation: -53.6644 zShift: 2.85189 energy: 11.138
MCAccept 92 xShift: 8.95197 crossingAngle: -40.7027 axialRotation: -53.703 zShift: 2.85189 energy: 11.1112
MCAccept 93 xShift: 8.95197 crossingAngle: -40.7027 axialRotation: -53.7286 zShift: 2.85189 energy: 11.1112
MCReject   xShift: 8.95197 crossingAngle: -40.7027 axialRotation: -53.7286 zShift: 2.85708 energy: 14.2213
MCReject   xShift: 8.95197 crossingAngle: -40.7027 axialRotation: -53.7286 zShift: 2.84916 energy: 14.4776
MCReject   xShift: 8.95197 crossingAngle: -40.7027 axialRotation: -53.7286 zShift: 2.86233 energy: 14.0273
MCReject   xShift: 8.9529 crossingAngle: -40.7027 axialRotation: -53.7286 zShift: 2.85189 energy: 11.138
MCReject   xShift: 8.95197 crossingAngle: -40.7027 axialRotation: -53.7471 zShift: 2.85189 energy: 14.3621
MCReject   xShift: 8.94523 crossingAngle: -40.7027 axialRotation: -53.7286 zShift: 2.85189 energy: 11.138
MCReject   xShift: 8.95197 crossingAngle: -40.7027 axialRotation: -53.7815 zShift: 2.85189 energy: 14.3621
MCReject   xShift: 8.95197 crossingAngle: -40.7027 axialRotation: -53.7286 zShift: 2.85225 energy: 11.1258
MCReject   xShift: 8.95197 crossingAngle: -40.7027 axialRotation: -53.6166 zShift: 2.85189 energy: 11.138
MCReject   xShift: 8.95197 crossingAngle: -40.7884 axialRotation: -53.7286 zShift: 2.85189 energy: 14.3621
MCAccept 94 xShift: 8.95197 crossingAngle: -40.7027 axialRotation: -53.7286 zShift: 2.85732 energy: 10.9281
MCReject   xShift: 8.95197 crossingAngle: -40.7027 axialRotation: -53.7286 zShift: 2.84192 energy: 11.4522
MCReject   xShift: 8.95197 crossingAngle: -40.7027 axialRotation: -53.7286 zShift: 2.86099 energy: 14.0698
MCAccept 95 xShift: 8.95273 crossingAngle: -40.7027 axialRotation: -53.7286 zShift: 2.85732 energy: 10.9281
MCReject   xShift: 8.95273 crossingAngle: -40.5435 axialRotation: -53.7286 zShift: 2.85732 energy: 10.9549
MCReject   xShift: 8.96079 crossingAngle: -40.7027 axialRotation: -53.7286 zShift: 2.85732 energy: 10.9549
MCReject   xShift: 8.93513 crossingAngle: -40.7027 axialRotation: -53.7286 zShift: 2.85732 energy: 14.2137
MCReject   xShift: 8.95273 crossingAngle: -40.7027 axialRotation: -53.7286 zShift: 2.8723 energy: 13.7145
MCAccept 96 xShift: 8.97252 crossingAngle: -40.7027 axialRotation: -53.7286 zShift: 2.85732 energy: 10.9281
MCReject   xShift: 8.97252 crossingAngle: -40.7027 axialRotation: -53.9048 zShift: 2.85732 energy: 14.1869
MCAccept 97 xShift: 8.97252 crossingAngle: -40.7027 axialRotation: -53.7286 zShift: 2.862 energy: 10.799
Energy #0: 10.799
***GEOMETRY SHIFT***
xShift;        Before: 8.92; After: 8.97252
crossingAngle; Before: -41.83; After: -40.7027
axialRotation; Before: -53.88; After: -53.7286
zShift;        Before: 2.69; After: 2.862
Energy;        Before: 9.82604e+06; After: 10.799

Completed all cycles. Accepted 98/223
Monte Carlo repack complete. Time: 56.1667min

