***STARTING GEOMETRY:***
xShift: 8.92
crossingAngle: -41.83
axialRotation: -53.88
zShift: 2.69

Number of MCCycles: 200
PrevSequence	CurrSequence	PrevEnergy	CurrEnergy	PrevEntropy	CurrEntropy	CurrentTemp
LLLTTLLTTLLATLLTYLILI	LLLTTLLTTLLATLLTFLILI	7.82826	4.5462	0.650378	0.240035	999.847
LLLTTLLTTLLATLLTFLILI	LLLTTLLTTLLATLLTYLILI	4.5462	4.0517	0.240035	0.650378	999.684
LLLTTLLTTLLATLLTYLILI	LLLYTLLTTLLATLLTYLILI	4.09493	3.96845	0.693609	0.219549	999.512
LLLYTLLTTLLATLLTYLILI	LLLYTLLTTLLATLLTFLILI	4.70169	4.77138	0.952787	0.132101	999.328
LLLYTLLTTLLATLLTFLILI	LLLYVLLTTLLATLLTFLILI	6.03385	7.55631	1.39457	0.0589809	999.134
LLLYVLLTTLLATLLTFLILI	LLLYVLLTTLLSTLLTFLILI	7.74149	8.66037	0.244161	0.642213	998.928
LLLYVLLTTLLSTLLTFLILI	LLLYVLLYTLLSTLLTFLILI	8.55701	9.50849	0.538845	0.30482	998.708
LLLYVLLYTLLSTLLTFLILI	LLLYVLLTTLLSTLLTFLILI	9.50849	8.60132	0.30482	0.538845	998.476
LLLYVLLTTLLSTLLTFLILI	LLLYVLLYTLLSTLLTFLILI	8.60132	9.50849	0.538845	0.30482	998.229
LLLYVLLYTLLSTLLTFLILI	LLLYVLLYTLLSTLLTYLILI	9.29493	9.54796	0.0912572	1.15198	997.967
LLLYVLLYTLLSTLLTYLILI	LLLYWLLYTLLSTLLTYLILI	8.51478	10.7599	0.118797	1.00921	997.689
LLLYWLLYTLLSTLLTYLILI	LLLYWLLYTLLGTLLTYLILI	10.2078	9.39679	0.457104	0.367007	997.394
LLLYWLLYTLLGTLLTYLILI	LLLYWLLYTLLATLLTYLILI	9.61391	7.45223	0.584123	0.276169	997.081
LLLYWLLYTLLATLLTYLILI	LLLYWLLYTLLGTLLTYLILI	7.45223	9.61391	0.276169	0.584123	996.749
LLLYWLLYTLLGTLLTYLILI	LLLYWLLYTLLGTLLTWLILI	9.39626	9.371	0.366471	0.457728	996.397
LLLYWLLYTLLGTLLTWLILI	LLLGWLLYTLLGTLLTWLILI	9.50883	9.12897	0.595564	0.269472	996.023
LLLGWLLYTLLGTLLTWLILI	LLLGVLLYTLLGTLLTWLILI	10.2226	9.28267	1.36313	0.0623734	995.626
LLLGVLLYTLLGTLLTWLILI	LLLGVLLYTLLGYLLTWLILI	9.66336	10.3107	0.443059	0.379341	995.205
LLLGVLLYTLLGYLLTWLILI	LLLGVLLYTLLGTLLTWLILI	10.3107	8.15846	0.379341	0.443059	994.758
LLLGVLLYTLLGTLLTWLILI	LLLGVLLTTLLGTLLTWLILI	7.88722	8.06363	0.171816	0.816184	994.285
LLLGVLLTTLLGTLLTWLILI	LLLGVLLYTLLGTLLTWLILI	8.06363	9.12162	0.816184	0.171816	993.782
LLLGVLLYTLLGTLLTWLILI	LLLGVLLYTLLATLLTWLILI	9.82215	8.20067	0.872342	0.154044	993.249
LLLGVLLYTLLATLLTWLILI	LLLGVLLYTLLATLLTTLILI	8.32089	6.87326	0.274265	0.58734	992.683
LLLGVLLYTLLATLLTTLILI	LLLGVLLTTLLATLLTTLILI	6.42714	8.28324	0.141213	0.917682	992.084
LLLGVLLTTLLATLLTTLILI	LLLGVLLYTLLATLLTTLILI	8.28324	6.49836	0.917682	0.141213	991.448
LLLGVLLYTLLATLLTTLILI	LLLGVLLYTLLATLLTWLILI	6.94449	5.95818	0.58734	0.274265	990.773
LLLGVLLYTLLATLLTWLILI	LLLYVLLYTLLATLLTWLILI	5.83385	6.36445	0.149938	0.886373	990.058
LLLYVLLYTLLATLLTWLILI	LLLYVLLYTLLATLLTYLILI	5.75012	6.34138	0.272043	0.591129	989.3
LLLYVLLYTLLATLLTYLILI	LLLYVLLYTLLATLLTFLILI	6.90223	6.74503	1.15198	0.0912572	988.496
LLLYVLLYTLLATLLTFLILI	LLLWVLLYTLLATLLTFLILI	7.10496	8.41678	0.451187	0.372136	986.74
LLLWVLLYTLLATLLTFLILI	LLLGVLLYTLLATLLTFLILI	8.87059	6.91816	0.825949	0.168564	985.783
LLLGVLLYTLLATLLTFLILI	LLLGVLLYTLLATLLTWLILI	6.89838	8.06579	0.148778	0.890414	984.769
LLLGVLLYTLLATLLTWLILI	LLLYVLLYTLLATLLTWLILI	7.32531	7.64226	0.149938	0.886373	983.694
LLLYVLLYTLLATLLTWLILI	LLLGVLLYTLLATLLTWLILI	7.64226	7.32531	0.886373	0.149938	982.555
LLLGVLLYTLLATLLTWLILI	LLLGWLLYTLLATLLTWLILI	7.23774	8.34271	0.0623734	1.36313	981.348
LLLGWLLYTLLATLLTWLILI	LLLGWLLYTLLATLLTYLILI	7.57844	8.83177	0.598868	0.267575	980.071
LLLGWLLYTLLATLLTYLILI	LLLGWLLYTLLATLLTWLILI	8.83177	9.13848	0.267575	0.598868	978.717
LLLGWLLYTLLATLLTWLILI	LLLGVLLYTLLATLLTWLILI	9.90274	5.67767	1.36313	0.0623734	977.285
LLLGVLLYTLLATLLTWLILI	LLLGVLLTTLLATLLTWLILI	5.78711	5.71688	0.171816	0.816184	975.768
LLLGVLLTTLLATLLTWLILI	LLLGVLLTTLLSTLLTWLILI	5.14485	7.46677	0.244161	0.642213	974.162
LLLGVLLTTLLSTLLTWLILI	LLLGVLLTTLLSTLLTYLILI	7.42342	7.37354	0.598868	0.267575	972.463
LLLGVLLTTLLSTLLTYLILI	LLLTVLLTTLLSTLLTYLILI	7.19142	7.95299	0.0854581	1.18802	970.666
LLLTVLLTTLLSTLLTYLILI	LLLGVLLTTLLSTLLTYLILI	7.95299	7.25616	1.18802	0.0854581	968.764
LLLGVLLTTLLSTLLTYLILI	LLLGVLLTTLLSTLLTFLILI	7.82108	8.30611	0.650378	0.240035	966.754
LLLGVLLTTLLSTLLTFLILI	LLLGVLLTTLLSTLLTYLILI	8.30611	7.78443	0.240035	0.650378	964.627
LLLGVLLTTLLSTLLTYLILI	LLLTVLLTTLLSTLLTYLILI	7.21951	7.95299	0.0854581	1.18802	962.38
LLLTVLLTTLLSTLLTYLILI	LLLTVLLTTLLATLLTYLILI	7.40718	6.51814	0.642213	0.244161	960.005
LLLTVLLTTLLATLLTYLILI	LLLTVLLTTLLATLLTWLILI	6.54155	5.1586	0.267575	0.598868	957.496
LLLTVLLTTLLATLLTWLILI	LLLGVLLTTLLATLLTWLILI	5.74775	5.02017	1.18802	0.0854581	954.846
LLLGVLLTTLLATLLTWLILI	LLLGVLLYTLLATLLTWLILI	5.7509	5.78711	0.816184	0.171816	952.048
LLLGVLLYTLLATLLTWLILI	LLLYVLLYTLLATLLTWLILI	5.76523	6.45205	0.149938	0.886373	949.095
LLLYVLLYTLLATLLTWLILI	LLLYVLLYILLATLLTWLILI	6.67379	11.6741	1.10811	0.098896	945.979
LLLYVLLYILLATLLTWLILI	LLLYVLLTILLATLLTWLILI	11.9546	11.6669	0.379341	0.443059	942.693
LLLYVLLTILLATLLTWLILI	LLLTVLLTILLATLLTWLILI	11.3957	11.3584	0.171816	0.816184	939.229
LLLTVLLTILLATLLTWLILI	LLLTTLLTILLATLLTWLILI	10.6012	11.887	0.0589809	1.39457	935.578
LLLTTLLTILLATLLTWLILI	LLLTVLLTILLATLLTWLILI	11.887	9.32062	1.39457	0.0589809	931.732
LLLTVLLTILLATLLTWLILI	LLLTVLLTTLLATLLTWLILI	9.32294	7.50798	0.0612961	1.37292	927.683
LLLTVLLTTLLATLLTWLILI	LLLTVLLTTLLGTLLTWLILI	6.41124	7.47796	0.276169	0.584123	923.422
LLLTVLLTTLLGTLLTWLILI	LLLTVLLTTLLGYLLTWLILI	7.81152	9.32416	0.917682	0.141213	918.939
LLLTVLLTTLLGYLLTWLILI	LLLTTLLTTLLGYLLTWLILI	9.24193	10.0772	0.0589809	1.39457	914.227
LLLTTLLTTLLGYLLTWLILI	LLLTTLLTTLLGTLLTWLILI	8.80251	8.865	0.119894	1.0043	909.276
LLLTTLLTTLLGTLLTWLILI	LLLTVLLTTLLGTLLTWLILI	9.35377	6.9676	1.49307	0.0495498	904.077
LLLTVLLTTLLGTLLTWLILI	LLLTVLLTTLLGYLLTWLILI	7.83573	9.34639	0.917682	0.141213	898.621
LLLTVLLTTLLGYLLTWLILI	LLLTTLLTTLLGYLLTWLILI	9.26416	10.0772	0.0589809	1.39457	892.899
LLLTTLLTTLLGYLLTWLILI	LLLGTLLTTLLGYLLTWLILI	9.53496	9.21972	0.85234	0.160122	886.903
LLLGTLLTTLLGYLLTWLILI	LLLGTLLTTLLGYLLTTLILI	9.28825	9.85815	0.22865	0.673827	880.623
LLLGTLLTTLLGYLLTTLILI	LLLGTLLTLLLGYLLTTLILI	10.2766	12.0017	1.09226	0.101824	874.051
LLLGTLLTLLLGYLLTTLILI	LLLGTLLTLLLGYLLTWLILI	12.4872	11.9755	0.58734	0.274265	867.179
LLLGTLLTLLLGYLLTWLILI	LLLGTLLTLLLGTLLTWLILI	11.8731	12.8329	0.171816	0.816184	859.999
LLLGTLLTLLLGTLLTWLILI	LLLGTLLTLLLGYLLTWLILI	12.8329	11.914	0.816184	0.171816	852.504
LLLGTLLTLLLGYLLTWLILI	LLLGTLLTTLLGYLLTWLILI	11.8669	10.0115	0.124761	0.983093	844.686
LLLGTLLTTLLGYLLTWLILI	LLLGTLLTTLLGTLLTWLILI	9.16962	9.15541	0.141213	0.917682	836.541
LLLGTLLTTLLGTLLTWLILI	LLLGTLLTTLLGYLLTWLILI	9.15541	9.16511	0.917682	0.141213	828.061
LLLGTLLTTLLGYLLTWLILI	LLLGTLLTTLLGYLLTTLILI	9.25255	9.85815	0.22865	0.673827	819.243
LLLGTLLTTLLGYLLTTLILI	LLLGTLLTTLLGTLLTTLILI	9.30422	8.39557	0.119894	1.0043	810.083
LLLGTLLTTLLGTLLTTLILI	LLLGTLLTTLLATLLTTLILI	8.26362	5.24387	0.872342	0.154044	800.577
LLLGTLLTTLLATLLTTLILI	LLLGVLLTTLLATLLTTLILI	6.5829	5.69033	1.49307	0.0495498	790.724
LLLGVLLTTLLATLLTTLILI	LLLGVLLYTLLATLLTTLILI	6.55846	6.46853	0.917682	0.141213	780.523
LLLGVLLYTLLATLLTTLILI	LLLYVLLYTLLATLLTTLILI	6.47726	7.07647	0.149938	0.886373	769.974
LLLYVLLYTLLATLLTTLILI	LLLYVLLYILLATLLTTLILI	7.4453	11.0919	1.2552	0.0756774	759.081
LLLYVLLYILLATLLTTLILI	LLLYVLLYILLATLLTFLILI	12.0206	11.5932	1.0043	0.119894	747.845
LLLYVLLYILLATLLTFLILI	LLLYVLLYTLLATLLTFLILI	11.5722	10.0284	0.098896	1.10811	736.272
LLLYVLLYTLLATLLTFLILI	LLLYWLLYTLLATLLTFLILI	9.03909	9.08879	0.118797	1.00921	724.369
LLLYWLLYTLLATLLTFLILI	LLLYWLLYTLLATLLTWLILI	8.15863	7.97401	0.0790506	1.23103	712.142
LLLYWLLYTLLATLLTWLILI	LLLYVLLYTLLATLLTWLILI	8.10612	5.54045	1.36313	0.0623734	699.602
LLLYVLLYTLLATLLTWLILI	LLLYVLLYTLLGTLLTWLILI	5.75424	9.68391	0.276169	0.584123	686.76
LLLYVLLYTLLGTLLTWLILI	LLLYVLLYTLLGYLLTWLILI	9.42851	10.3386	0.328724	0.505042	673.628
LLLYVLLYTLLGYLLTWLILI	LLLYWLLYTLLGYLLTWLILI	9.89589	13.2044	0.0623734	1.36313	660.222
LLLYWLLYTLLGYLLTWLILI	LLLYWLLGTLLGYLLTWLILI	12.5999	12.6158	0.758648	0.192521	646.557
LLLYWLLGTLLGYLLTWLILI	LLLYWLLYTLLGYLLTWLILI	12.6158	11.8627	0.192521	0.758648	632.651
LLLYWLLYTLLGYLLTWLILI	LLLYVLLYTLLGYLLTWLILI	12.4672	9.89589	1.36313	0.0623734	618.524
LLLYVLLYTLLGYLLTWLILI	LLLYVLLTTLLGYLLTWLILI	10.3386	9.93423	0.505042	0.328724	604.196
LLLYVLLTTLLGYLLTWLILI	LLLYVLLTTLLGYLLTTLILI	9.87977	10.309	0.274265	0.58734	589.688
LLLYVLLTTLLGYLLTTLILI	LLLYVLLTLLLGYLLTTLILI	10.7047	12.4776	0.983093	0.124761	575.025
LLLYVLLTLLLGYLLTTLILI	LLLTVLLTLLLGYLLTTLILI	12.6576	12.5764	0.30482	0.538845	560.23
LLLTVLLTLLLGYLLTTLILI	LLLTVLLTLLLGTLLTTLILI	12.1788	13.1029	0.141213	0.917682	545.329
LLLTVLLTLLLGTLLTTLILI	LLLTVLLTLLLGTLLTWLILI	12.8591	10.0796	0.673827	0.22865	530.348
LLLTVLLTLLLGTLLTWLILI	LLLTVLLTLLLGTLLTYLILI	10.4498	10.3548	0.598868	0.267575	515.312
LLLTVLLTLLLGTLLTYLILI	LLLTVLLTLLLGTLLTFLILI	10.7376	11.2291	0.650378	0.240035	500.25
LLLTVLLTLLLGTLLTFLILI	LLLTTLLTLLLGTLLTFLILI	11.048	11.9023	0.0589809	1.39457	485.188
LLLTTLLTLLLGTLLTFLILI	LLLTTLLTVLLGTLLTFLILI	11.1155	10.5587	0.607728	0.262571	470.152
LLLTTLLTVLLGTLLTFLILI	LLLTTLLTTLLGTLLTFLILI	10.3457	9.02334	0.0495498	1.49307	455.171
LLLTTLLTTLLGTLLTFLILI	LLLTTLLTTLLGTLLTWLILI	7.67905	7.22178	0.148778	0.890414	440.27
LLLTTLLTTLLGTLLTWLILI	LLLTTLLTTLLGTLLTYLILI	6.93023	6.90548	0.598868	0.267575	425.475
LLLTTLLTTLLGTLLTYLILI	LLLTTLLTTLLGTLLTFLILI	7.28828	7.77031	0.650378	0.240035	410.812
LLLTTLLTTLLGTLLTFLILI	LLLYTLLTTLLGTLLTFLILI	8.53457	7.97106	1.0043	0.119894	396.304
LLLYTLLTTLLGTLLTFLILI	LLLYTLLTTLLATLLTFLILI	8.43529	5.80299	0.584123	0.276169	381.976
LLLYTLLTTLLATLLTFLILI	LLLYVLLTTLLATLLTFLILI	6.9214	6.15344	1.39457	0.0589809	353.943
LLLYVLLTTLLATLLTFLILI	LLLGVLLTTLLATLLTFLILI	6.69003	6.3468	0.595564	0.269472	340.278
LLLGVLLTTLLATLLTFLILI	LLLGVLLYTLLATLLTFLILI	6.89351	6.96281	0.816184	0.171816	326.872
LLLGVLLYTLLATLLTFLILI	LLLYVLLYTLLATLLTFLILI	6.94093	7.54015	0.149938	0.886373	313.74
LLLYVLLYTLLATLLTFLILI	LLLYVLLTTLLATLLTFLILI	6.9586	6.67763	0.30482	0.538845	300.898
LLLYVLLTTLLATLLTFLILI	LLLYVLLYTLLATLLTFLILI	6.67763	6.9586	0.538845	0.30482	288.358
LLLYVLLYTLLATLLTFLILI	LLLYVLLTTLLATLLTFLILI	6.9586	6.63331	0.30482	0.538845	276.131
LLLYVLLTTLLATLLTFLILI	LLLYTLLTTLLATLLTFLILI	6.15344	6.93087	0.0589809	1.39457	264.228
LLLYTLLTTLLATLLTFLILI	LLLYVLLTTLLATLLTFLILI	6.93087	6.19776	1.39457	0.0589809	252.655
LLLYVLLTTLLATLLTFLILI	LLLYVLLYTLLATLLTFLILI	6.67763	6.9586	0.538845	0.30482	230.526
LLLYVLLYTLLATLLTFLILI	LLLGVLLYTLLATLLTFLILI	7.54015	6.89954	0.886373	0.149938	219.977
LLLGVLLYTLLATLLTFLILI	LLLGVLLYTLLATLLTYLILI	6.8817	6.90888	0.132101	0.952787	199.923
LLLGVLLYTLLATLLTYLILI	LLLGVLLTTLLATLLTYLILI	6.26091	5.71257	0.30482	0.538845	181.257
LLLGVLLTTLLATLLTYLILI	LLLGVLLTTLLATLLTWLILI	5.4413	5.49956	0.267575	0.598868	163.959
LLLGVLLTTLLATLLTWLILI	LLLGVLLYTLLATLLTWLILI	5.71688	5.74571	0.816184	0.171816	155.814
LLLGVLLYTLLATLLTWLILI	LLLGVLLTTLLATLLTWLILI	5.74571	5.7509	0.171816	0.816184	101.879
LLLGVLLTTLLATLLTWLILI	LLLGVLLYTLLATLLTWLILI	5.7509	5.78711	0.816184	0.171816	91.2238
LLLGVLLYTLLATLLTWLILI	LLLGVLLTTLLATLLTWLILI	5.78711	5.71688	0.171816	0.816184	77.0783
LLLGVLLTTLLATLLTWLILI	LLLGVLLYTLLATLLTWLILI	5.71688	5.81694	0.816184	0.171816	64.9219
LLLGVLLYTLLATLLTWLILI	LLLGVLLTTLLATLLTWLILI	5.81694	5.7509	0.171816	0.816184	51.4049
LLLGVLLTTLLATLLTWLILI	LLLGVLLTTLLATLLTYLILI	5.53358	5.46939	0.598868	0.267575	45.6541
LLLGVLLTTLLATLLTYLILI	LLLGVLLTTLLATLLTWLILI	5.46939	5.5643	0.267575	0.598868	40.495
LLLGVLLTTLLATLLTWLILI	LLLGVLLTTLLATLLTYLILI	5.5643	5.50604	0.598868	0.267575	38.12
LLLGVLLTTLLATLLTYLILI	LLLGVLLTTLLATLLTWLILI	5.50604	5.49956	0.267575	0.598868	21.7826
LLLGVLLTTLLATLLTWLILI	LLLGVLLTTLLATLLTYLILI	5.49956	5.46939	0.598868	0.267575	19.1517
Time: 270s
