***STARTING GEOMETRY:***
xShift: 8.67597
crossingAngle: 26.19
axialRotation: 75.6518
zShift: 2.2

Number of MCCycles: 100
PrevSequence	CurrSequence	PrevEnergy	CurrEnergy	PrevEntropy	CurrEntropy	CurrentTemp
LLLYVLLGLLYWLTGLLLILI	LLLWVLLGLLYWLTGLLLILI	-12.3067	-11.1124	0.267575	0.598868	999.684
LLLWVLLGLLYWLTGLLLILI	LLLYVLLGLLYWLTGLLLILI	-11.1124	-12.656	0.598868	0.267575	999.328
LLLYVLLGLLYWLTGLLLILI	LLLYILLGLLYWLTGLLLILI	-12.6914	-10.7242	0.232152	0.666466	998.928
LLLYILLGLLYWLTGLLLILI	LLLYILLGLLWWLTGLLLILI	-11.1231	-9.61805	0.267575	0.598868	998.476
LLLYILLGLLWWLTGLLLILI	LLLYILLGLLWFLTGLLLILI	-8.98589	-10.8977	1.23103	0.0790506	997.967
LLLYILLGLLWFLTGLLLILI	LLLVILLGLLWFLTGLLLILI	-10.2231	-9.28507	0.753596	0.194474	997.394
LLLVILLGLLWFLTGLLLILI	LLLVVLLGLLWFLTGLLLILI	-9.05709	-10.509	0.42245	0.398479	996.749
LLLVVLLGLLWFLTGLLLILI	LLLVILLGLLWFLTGLLLILI	-10.509	-8.95242	0.398479	0.42245	996.023
LLLVILLGLLWFLTGLLLILI	LLLYILLGLLWFLTGLLLILI	-9.1804	-10.2231	0.194474	0.753596	995.205
LLLYILLGLLWFLTGLLLILI	LLLYVLLGLLWFLTGLLLILI	-10.3103	-11.6089	0.666466	0.232152	994.285
LLLYVLLGLLWFLTGLLLILI	LLLYVLLGLLTFLTGLLLILI	-11.3801	-10.5245	0.460972	0.363705	993.249
LLLYVLLGLLTFLTGLLLILI	LLLYILLGLLTFLTGLLLILI	-10.656	-9.33857	0.232152	0.666466	992.084
LLLYILLGLLTFLTGLLLILI	LLLYILLGLLWFLTGLLLILI	-9.64133	-10.6202	0.363705	0.460972	990.773
LLLYILLGLLWFLTGLLLILI	LLLYILLGLLWYLTGLLLILI	-10.9491	-10.233	0.132101	0.952787	989.3
LLLYILLGLLWYLTGLLLILI	LLLYILLGLLWFLTGLLLILI	-10.233	-10.9491	0.952787	0.132101	987.644
LLLYILLGLLWFLTGLLLILI	LLLYILLGLLWWLTGLLLILI	-11.0021	-9.79634	0.0790506	1.23103	985.783
LLLYILLGLLWWLTGLLLILI	LLLYILLGLLYWLTGLLLILI	-10.4285	-11.1086	0.598868	0.267575	983.694
LLLYILLGLLYWLTGLLLILI	LLLYVLLGLLYWLTGLLLILI	-10.7097	-12.0368	0.666466	0.232152	981.348
LLLYVLLGLLYWLTGLLLILI	LLLYVLLGLLYTLTGLLLILI	-11.808	-11.588	0.460972	0.363705	978.717
LLLYVLLGLLYTLTGLLLILI	LLLVVLLGLLYTLTGLLLILI	-11.1981	-10.4999	0.753596	0.194474	975.768
LLLVVLLGLLYTLTGLLLILI	LLLVVLLGLLYWLTGLLLILI	-10.3307	-10.569	0.363705	0.460972	972.463
LLLVVLLGLLYWLTGLLLILI	LLLVVLLGLLWWLTGLLLILI	-10.8812	-9.86925	0.148778	0.890414	968.764
LLLVVLLGLLWWLTGLLLILI	LLLVVLLGLLWYLTGLLLILI	-9.86925	-10.9736	0.890414	0.148778	964.627
LLLVVLLGLLWYLTGLLLILI	LLLVVLLGLLWYLVGLLLILI	-10.8308	-7.13072	0.291546	0.559121	960.005
LLLVVLLGLLWYLVGLLLILI	LLLVILLGLLWYLVGLLLILI	-7.16166	-5.94313	0.528178	0.312114	954.846
LLLVILLGLLWYLVGLLLILI	LLLVVLLGLLWYLVGLLLILI	-5.94313	-7.16166	0.312114	0.528178	949.095
LLLVVLLGLLWYLVGLLLILI	LLLYVLLGLLWYLVGLLLILI	-7.4178	-8.14189	0.272043	0.591129	942.693
LLLYVLLGLLWYLVGLLLILI	LLLVVLLGLLWYLVGLLLILI	-8.14189	-7.4178	0.591129	0.272043	935.578
LLLVVLLGLLWYLVGLLLILI	LLLYVLLGLLWYLVGLLLILI	-7.4178	-8.04213	0.272043	0.591129	927.683
LLLYVLLGLLWYLVGLLLILI	LLLYVLLGLLWYLTGLLLILI	-8.20898	-11.6597	0.424273	0.396733	918.939
LLLYVLLGLLWYLTGLLLILI	LLLYVLLGLLWFLTGLLLILI	-11.1036	-11.8135	0.952787	0.132101	909.276
LLLYVLLGLLWFLTGLLLILI	LLLYVLLGLLWYLTGLLLILI	-11.8135	-11.2128	0.132101	0.952787	898.621
LLLYVLLGLLWYLTGLLLILI	LLLVVLLGLLWYLTGLLLILI	-11.412	-10.8186	0.753596	0.194474	886.903
LLLVVLLGLLWYLTGLLLILI	LLLVVLLGLLWYLVGLLLILI	-10.7215	-7.13072	0.291546	0.559121	859.999
LLLVVLLGLLWYLVGLLLILI	LLLYVLLGLLWYLVGLLLILI	-7.4178	-8.14189	0.272043	0.591129	844.686
LLLYVLLGLLWYLVGLLLILI	LLLYVLLGLLWYLTGLLLILI	-8.30874	-11.7688	0.424273	0.396733	828.061
LLLYVLLGLLWYLTGLLLILI	LLLYVLLGLLYYLTGLLLILI	-11.8935	-10.0401	0.272043	0.591129	810.083
LLLYVLLGLLYYLTGLLLILI	LLLVVLLGLLYYLTGLLLILI	-9.69557	-9.23195	0.935627	0.13647	790.724
LLLVVLLGLLYYLTGLLLILI	LLLVVLLGLLWYLTGLLLILI	-8.91724	-10.6412	0.451187	0.372136	769.974
LLLVVLLGLLWYLTGLLLILI	LLLVVLLGLLWFLTGLLLILI	-10.363	-10.6674	0.650378	0.240035	747.845
LLLVVLLGLLWFLTGLLLILI	LLLVVLLGLLTFLTGLLLILI	-10.4465	-9.23896	0.460972	0.363705	724.369
LLLVVLLGLLTFLTGLLLILI	LLLVILLGLLTFLTGLLLILI	-9.20419	-7.73348	0.398479	0.42245	699.602
LLLVILLGLLTFLTGLLLILI	LLLVVLLGLLTFLTGLLLILI	-7.73348	-9.20419	0.42245	0.398479	673.628
LLLVVLLGLLTFLTGLLLILI	LLLYVLLGLLTFLTGLLLILI	-9.26205	-10.3988	0.340616	0.489394	646.557
LLLYVLLGLLTFLTGLLLILI	LLLYVLLGLLWFLTGLLLILI	-10.5245	-11.4846	0.363705	0.460972	618.524
LLLYVLLGLLWFLTGLLLILI	LLLYVLLGLLWWLTGLLLILI	-11.8665	-10.6724	0.0790506	1.23103	589.688
LLLYVLLGLLWWLTGLLLILI	LLLYVLLGLLWYLTGLLLILI	-11.3046	-11.7892	0.598868	0.267575	560.23
LLLYVLLGLLWYLTGLLLILI	LLLYVLLGLLWFLTGLLLILI	-11.104	-11.8135	0.952787	0.132101	530.348
LLLYVLLGLLWFLTGLLLILI	LLLYFLLGLLWFLTGLLLILI	-11.7511	-10.6168	0.194474	0.753596	470.152
LLLYFLLGLLWFLTGLLLILI	LLLYFLLGLLWYLTGLLLILI	-11.1304	-10.9663	0.240035	0.650378	440.27
LLLYFLLGLLWYLTGLLLILI	LLLYVLLGLLWYLTGLLLILI	-11.1273	-11.825	0.489394	0.340616	410.812
LLLYVLLGLLWYLTGLLLILI	LLLYVLLGLLWFLTGLLLILI	-11.2128	-11.8135	0.952787	0.132101	381.976
LLLYVLLGLLWFLTGLLLILI	LLLYVLLGLLTFLTGLLLILI	-11.4846	-10.5245	0.460972	0.363705	353.943
LLLYVLLGLLTFLTGLLLILI	LLLYVLLGLLWFLTGLLLILI	-10.5245	-11.3797	0.363705	0.460972	326.872
LLLYVLLGLLWFLTGLLLILI	LLLVVLLGLLWFLTGLLLILI	-11.3513	-10.5668	0.489394	0.340616	300.898
LLLVVLLGLLWFLTGLLLILI	LLLYVLLGLLWFLTGLLLILI	-10.5668	-11.3513	0.340616	0.489394	276.131
LLLYVLLGLLWFLTGLLLILI	LLLYVLLGLLWYLTGLLLILI	-11.7086	-11.2128	0.132101	0.952787	252.655
LLLYVLLGLLWYLTGLLLILI	LLLYVLLGLLWFLTGLLLILI	-11.2128	-11.8135	0.952787	0.132101	230.526
Time: 112s
