***STARTING GEOMETRY:***
xShift: 8.2
crossingAngle: 21
axialRotation: 75.6518
zShift: 3.22877

Number of MCCycles: 100
PrevSequence	CurrSequence	PrevEnergy	CurrEnergy	PrevEntropy	CurrEntropy	CurrentTemp
LLLYWLLGLLWWLTGLLLILI	LLLYWLLGLLYWLTGLLLILI	983.599	983.22	0.76241	0.191082	999.684
LLLYWLLGLLYWLTGLLLILI	LLLFWLLGLLYWLTGLLLILI	983.982	985.777	0.952787	0.132101	999.328
LLLFWLLGLLYWLTGLLLILI	LLLYWLLGLLYWLTGLLLILI	985.777	983.982	0.132101	0.952787	998.928
LLLYWLLGLLYWLTGLLLILI	LLLFWLLGLLYWLTGLLLILI	983.982	985.777	0.952787	0.132101	998.476
LLLFWLLGLLYWLTGLLLILI	LLLFWLLGLLWWLTGLLLILI	985.749	986.165	0.103217	1.08489	997.967
LLLFWLLGLLWWLTGLLLILI	LLLYWLLGLLWWLTGLLLILI	985.32	983.004	0.240035	0.650378	997.394
LLLYWLLGLLWWLTGLLLILI	LLLYWLLGLLWYLTGLLLILI	983.116	983.529	0.76241	0.191082	996.749
LLLYWLLGLLWYLTGLLLILI	LLLYWLLGLLYYLTGLLLILI	983.796	984.594	0.457728	0.366471	996.023
LLLYWLLGLLYYLTGLLLILI	LLLWWLLGLLYYLTGLLLILI	984.594	986.019	0.366471	0.457728	995.205
LLLWWLLGLLYYLTGLLLILI	LLLWWLLGLLFYLTGLLLILI	986.514	987.837	0.952787	0.132101	994.285
LLLWWLLGLLFYLTGLLLILI	LLLWYLLGLLFYLTGLLLILI	988.303	988.211	0.598868	0.267575	993.249
LLLWYLLGLLFYLTGLLLILI	LLLYYLLGLLFYLTGLLLILI	988.215	987.476	0.272043	0.591129	992.084
LLLYYLLGLLFYLTGLLLILI	LLLYYLLGLLYYLTGLLLILI	986.955	986.452	0.0697276	1.30076	990.773
LLLYYLLGLLYYLTGLLLILI	LLLWYLLGLLYYLTGLLLILI	985.855	986.003	0.704234	0.21484	989.3
LLLWYLLGLLYYLTGLLLILI	LLLWYLLGLLWYLTGLLLILI	986.154	986.969	0.366471	0.457728	987.644
LLLWYLLGLLWYLTGLLLILI	LLLWYLLGLLYYLTGLLLILI	986.969	986.154	0.457728	0.366471	985.783
LLLWYLLGLLYYLTGLLLILI	LLLWYLLGLLYWLTGLLLILI	986.154	984.743	0.366471	0.457728	983.694
LLLWYLLGLLYWLTGLLLILI	LLLWYLLGLLWWLTGLLLILI	984.476	983.762	0.191082	0.76241	981.348
LLLWYLLGLLWWLTGLLLILI	LLLWFLLGLLWWLTGLLLILI	983.65	985.31	0.650378	0.240035	978.717
LLLWFLLGLLWWLTGLLLILI	LLLWFLLGLLWWLYGLLLILI	985.399	989.228	0.328724	0.505042	975.768
LLLWFLLGLLWWLYGLLLILI	LLLWYLLGLLWWLYGLLLILI	988.855	987.717	0.132101	0.952787	972.463
LLLWYLLGLLWWLYGLLLILI	LLLWYLLGLLWYLYGLLLILI	987.363	990.117	0.598868	0.267575	968.764
LLLWYLLGLLWYLYGLLLILI	LLLWYLLGLLWWLYGLLLILI	990.117	987.363	0.267575	0.598868	964.627
LLLWYLLGLLWWLYGLLLILI	LLLYYLLGLLWWLYGLLLILI	987.363	986.91	0.598868	0.267575	960.005
LLLYYLLGLLWWLYGLLLILI	LLLYFLLGLLWWLYGLLLILI	987.794	986.609	1.15198	0.0912572	954.846
LLLYFLLGLLWWLYGLLLILI	LLLYFLLGLLWWLTGLLLILI	987.291	982.94	0.773553	0.186892	949.095
LLLYFLLGLLWWLTGLLLILI	LLLYFLLGLLYWLTGLLLILI	983.352	984.01	0.598868	0.267575	942.693
LLLYFLLGLLYWLTGLLLILI	LLLYFLLGLLYYLTGLLLILI	984.015	985.567	0.272043	0.591129	935.578
LLLYFLLGLLYYLTGLLLILI	LLLYWLLGLLYYLTGLLLILI	985.125	985.118	0.148778	0.890414	927.683
LLLYWLLGLLYYLTGLLLILI	LLLYFLLGLLYYLTGLLLILI	985.118	985.125	0.890414	0.148778	918.939
LLLYFLLGLLYYLTGLLLILI	LLLWFLLGLLYYLTGLLLILI	985.567	987.471	0.591129	0.272043	909.276
LLLWFLLGLLYYLTGLLLILI	LLLYFLLGLLYYLTGLLLILI	987.471	985.567	0.272043	0.591129	898.621
LLLYFLLGLLYYLTGLLLILI	LLLYFLLGLLYYLVGLLLILI	985.608	988.784	0.632162	0.249358	886.903
LLLYFLLGLLYYLVGLLLILI	LLLYFLLGLLYWLVGLLLILI	989.126	987.597	0.591129	0.272043	874.051
LLLYFLLGLLYWLVGLLLILI	LLLYFLLGLLWWLVGLLLILI	987.592	986.939	0.267575	0.598868	859.999
LLLYFLLGLLWWLVGLLLILI	LLLYWLLGLLWWLVGLLLILI	986.394	987.387	0.0538553	1.44587	844.686
LLLYWLLGLLWWLVGLLLILI	LLLYFLLGLLWWLVGLLLILI	987.387	986.394	1.44587	0.0538553	828.061
LLLYFLLGLLWWLVGLLLILI	LLLYFLLGLLWYLVGLLLILI	986.939	987.604	0.598868	0.267575	790.724
LLLYFLLGLLWYLVGLLLILI	LLLYWLLGLLWYLVGLLLILI	987.415	988.133	0.0790506	1.23103	769.974
LLLYWLLGLLWYLVGLLLILI	LLLYWLLGLLWYLTGLLLILI	987.152	983.971	0.249358	0.632162	747.845
LLLYWLLGLLWYLTGLLLILI	LLLYWLLGLLWWLTGLLLILI	983.529	983.116	0.191082	0.76241	724.369
LLLYWLLGLLWWLTGLLLILI	LLLYFLLGLLWWLTGLLLILI	983.8	982.807	1.44587	0.0538553	699.602
LLLYFLLGLLWWLTGLLLILI	LLLYFLLGLLWYLTGLLLILI	983.352	984.04	0.598868	0.267575	673.628
LLLYFLLGLLWYLTGLLLILI	LLLYFLLGLLYYLTGLLLILI	984.045	985.567	0.272043	0.591129	646.557
LLLYFLLGLLYYLTGLLLILI	LLLYWLLGLLYYLTGLLLILI	985.125	985.118	0.148778	0.890414	618.524
LLLYWLLGLLYYLTGLLLILI	LLLFWLLGLLYYLTGLLLILI	985.379	986.948	1.15198	0.0912572	589.688
LLLFWLLGLLYYLTGLLLILI	LLLFWLLGLLYWLTGLLLILI	987.125	986.244	0.267575	0.598868	560.23
LLLFWLLGLLYWLTGLLLILI	LLLYWLLGLLYWLTGLLLILI	985.777	983.982	0.132101	0.952787	500.25
LLLYWLLGLLYWLTGLLLILI	LLLYFLLGLLYWLTGLLLILI	984.26	983.822	1.23103	0.0790506	470.152
LLLYFLLGLLYWLTGLLLILI	LLLYWLLGLLYWLTGLLLILI	983.822	984.26	0.0790506	1.23103	440.27
LLLYWLLGLLYWLTGLLLILI	LLLYFLLGLLYWLTGLLLILI	984.26	983.822	1.23103	0.0790506	410.812
LLLYFLLGLLYWLTGLLLILI	LLLYWLLGLLYWLTGLLLILI	983.822	984.26	0.0790506	1.23103	381.976
LLLYWLLGLLYWLTGLLLILI	LLLYWLLGLLYYLTGLLLILI	983.487	984.594	0.457728	0.366471	326.872
LLLYWLLGLLYYLTGLLLILI	LLLYFLLGLLYYLTGLLLILI	985.118	985.125	0.890414	0.148778	300.898
LLLYFLLGLLYYLTGLLLILI	LLLYWLLGLLYYLTGLLLILI	985.125	985.118	0.148778	0.890414	276.131
LLLYWLLGLLYYLTGLLLILI	LLLYFLLGLLYYLTGLLLILI	985.118	985.125	0.890414	0.148778	230.526
LLLYFLLGLLYYLTGLLLILI	LLLYFLLGLLWYLTGLLLILI	985.567	984.045	0.591129	0.272043	209.776
LLLYFLLGLLWYLTGLLLILI	LLLYFLLGLLWWLTGLLLILI	984.04	983.352	0.267575	0.598868	172.439
Time: 222s
