MCAccept 0 xShift: 6.58 crossingAngle: -36.23 axialRotation: -40.1 zShift: 5.97523 energy: 4283.91
MCAccept 1 xShift: 6.58875 crossingAngle: -36.23 axialRotation: -40.1 zShift: 5.97523 energy: 4283.91
MCAccept 2 xShift: 6.58875 crossingAngle: -36.23 axialRotation: -40.0198 zShift: 5.97523 energy: 4283.91
MCAccept 3 xShift: 6.58875 crossingAngle: -36.23 axialRotation: -40.0198 zShift: 5.9748 energy: 4283.69
MCAccept 4 xShift: 6.58875 crossingAngle: -36.23 axialRotation: -39.9386 zShift: 5.9748 energy: 4283.69
MCAccept 5 xShift: 6.58875 crossingAngle: -36.23 axialRotation: -39.8289 zShift: 5.9748 energy: 4283.69
MCReject   xShift: 6.58875 crossingAngle: -36.23 axialRotation: -39.8289 zShift: 5.97518 energy: 4283.88
MCAccept 6 xShift: 6.58875 crossingAngle: -36.1924 axialRotation: -39.8289 zShift: 5.9748 energy: 4283.69
MCAccept 7 xShift: 6.60034 crossingAngle: -36.1924 axialRotation: -39.8289 zShift: 5.9748 energy: 4283.69
MCAccept 8 xShift: 6.60034 crossingAngle: -35.973 axialRotation: -39.8289 zShift: 5.9748 energy: 4283.69
MCAccept 9 xShift: 6.60034 crossingAngle: -35.973 axialRotation: -39.8289 zShift: 5.96143 energy: 4276.14
MCAccept 10 xShift: 6.60034 crossingAngle: -35.8257 axialRotation: -39.8289 zShift: 5.96143 energy: 4276.14
MCAccept 11 xShift: 6.58399 crossingAngle: -35.8257 axialRotation: -39.8289 zShift: 5.96143 energy: 4276.14
MCAccept 12 xShift: 6.58399 crossingAngle: -35.8257 axialRotation: -39.7829 zShift: 5.96143 energy: 4276.14
MCAccept 13 xShift: 6.59302 crossingAngle: -35.8257 axialRotation: -39.7829 zShift: 5.96143 energy: 4276.14
MCAccept 14 xShift: 6.59302 crossingAngle: -35.8257 axialRotation: -39.7271 zShift: 5.96143 energy: 4276.14
MCAccept 15 xShift: 6.59302 crossingAngle: -35.8257 axialRotation: -39.5485 zShift: 5.96143 energy: 4276.14
MCAccept 16 xShift: 6.59302 crossingAngle: -36.0173 axialRotation: -39.5485 zShift: 5.96143 energy: 4276.14
MCAccept 17 xShift: 6.60143 crossingAngle: -36.0173 axialRotation: -39.5485 zShift: 5.96143 energy: 4276.14
MCAccept 18 xShift: 6.60143 crossingAngle: -36.0173 axialRotation: -39.2636 zShift: 5.96143 energy: 4276.14
MCReject   xShift: 6.60143 crossingAngle: -36.0173 axialRotation: -39.2636 zShift: 5.9658 energy: 4278.79
MCAccept 19 xShift: 6.60143 crossingAngle: -36.0173 axialRotation: -39.2636 zShift: 5.95616 energy: 4272.72
MCAccept 20 xShift: 6.60143 crossingAngle: -36.0173 axialRotation: -39.3554 zShift: 5.95616 energy: 4272.72
MCAccept 21 xShift: 6.59988 crossingAngle: -36.0173 axialRotation: -39.3554 zShift: 5.95616 energy: 4272.72
MCAccept 22 xShift: 6.59988 crossingAngle: -36.023 axialRotation: -39.3554 zShift: 5.95616 energy: 4272.72
MCReject   xShift: 6.59988 crossingAngle: -36.023 axialRotation: -39.3554 zShift: 5.95729 energy: 4273.47
MCAccept 23 xShift: 6.59988 crossingAngle: -36.023 axialRotation: -39.7036 zShift: 5.95616 energy: 4272.72
MCAccept 24 xShift: 6.59988 crossingAngle: -36.023 axialRotation: -39.7036 zShift: 5.94523 energy: 4264.8
MCReject   xShift: 6.59988 crossingAngle: -36.023 axialRotation: -39.7036 zShift: 5.95005 energy: 4268.43
MCAccept 25 xShift: 6.59988 crossingAngle: -36.023 axialRotation: -39.7036 zShift: 5.93784 energy: 4258.85
MCAccept 26 xShift: 6.59603 crossingAngle: -36.023 axialRotation: -39.7036 zShift: 5.93784 energy: 4258.85
MCAccept 27 xShift: 6.59196 crossingAngle: -36.023 axialRotation: -39.7036 zShift: 5.93784 energy: 4258.85
MCAccept 28 xShift: 6.59196 crossingAngle: -36.023 axialRotation: -39.7036 zShift: 5.92543 energy: 4247.77
MCAccept 29 xShift: 6.59196 crossingAngle: -35.9585 axialRotation: -39.7036 zShift: 5.92543 energy: 4247.77
MCAccept 30 xShift: 6.59196 crossingAngle: -35.9585 axialRotation: -39.7036 zShift: 5.91683 energy: 4239.32
MCAccept 31 xShift: 6.5926 crossingAngle: -35.9585 axialRotation: -39.7036 zShift: 5.91683 energy: 4239.32
MCReject   xShift: 6.5926 crossingAngle: -35.9585 axialRotation: -39.7036 zShift: 5.92066 energy: 4243.16
MCAccept 32 xShift: 6.5926 crossingAngle: -35.9585 axialRotation: -39.7036 zShift: 5.91136 energy: 4233.62
MCAccept 33 xShift: 6.59871 crossingAngle: -35.9585 axialRotation: -39.7036 zShift: 5.91136 energy: 4233.62
MCAccept 34 xShift: 6.60667 crossingAngle: -35.9585 axialRotation: -39.7036 zShift: 5.91136 energy: 4233.62
MCAccept 35 xShift: 6.60667 crossingAngle: -35.9585 axialRotation: -39.7327 zShift: 5.91136 energy: 4233.62
MCAccept 36 xShift: 6.60667 crossingAngle: -35.9585 axialRotation: -39.5607 zShift: 5.91136 energy: 4233.62
MCAccept 37 xShift: 6.60667 crossingAngle: -35.9585 axialRotation: -39.5038 zShift: 5.91136 energy: 4233.62
MCAccept 38 xShift: 6.60667 crossingAngle: -36.0452 axialRotation: -39.5038 zShift: 5.91136 energy: 4233.62
MCReject   xShift: 6.60667 crossingAngle: -36.0452 axialRotation: -39.5038 zShift: 5.93103 energy: 4252.93
MCAccept 39 xShift: 6.60667 crossingAngle: -36.1815 axialRotation: -39.5038 zShift: 5.91136 energy: 4233.62
MCAccept 40 xShift: 6.60667 crossingAngle: -36.1815 axialRotation: -39.5038 zShift: 5.90891 energy: 4230.99
MCAccept 41 xShift: 6.60667 crossingAngle: -36.1815 axialRotation: -39.4626 zShift: 5.90891 energy: 4230.99
MCReject   xShift: 6.60667 crossingAngle: -36.1815 axialRotation: -39.4626 zShift: 5.91915 energy: 4241.66
MCAccept 42 xShift: 6.62362 crossingAngle: -36.1815 axialRotation: -39.4626 zShift: 5.90891 energy: 4230.99
MCAccept 43 xShift: 6.62362 crossingAngle: -36.1815 axialRotation: -39.381 zShift: 5.90891 energy: 4230.99
MCAccept 44 xShift: 6.62362 crossingAngle: -36.1815 axialRotation: -39.3929 zShift: 5.90891 energy: 4230.99
MCAccept 45 xShift: 6.62405 crossingAngle: -36.1815 axialRotation: -39.3929 zShift: 5.90891 energy: 4230.99
MCAccept 46 xShift: 6.61957 crossingAngle: -36.1815 axialRotation: -39.3929 zShift: 5.90891 energy: 4230.99
MCAccept 47 xShift: 6.60985 crossingAngle: -36.1815 axialRotation: -39.3929 zShift: 5.90891 energy: 4230.99
MCAccept 48 xShift: 6.60985 crossingAngle: -36.1815 axialRotation: -39.2822 zShift: 5.90891 energy: 4230.99
MCAccept 49 xShift: 6.60985 crossingAngle: -36.014 axialRotation: -39.2822 zShift: 5.90891 energy: 4230.99
MCReject   xShift: 6.60985 crossingAngle: -36.014 axialRotation: -39.2822 zShift: 5.93251 energy: 4254.26
MCAccept 50 xShift: 6.59412 crossingAngle: -36.014 axialRotation: -39.2822 zShift: 5.90891 energy: 4230.99
MCAccept 51 xShift: 6.59334 crossingAngle: -36.014 axialRotation: -39.2822 zShift: 5.90891 energy: 4230.99
MCAccept 52 xShift: 6.59334 crossingAngle: -35.9247 axialRotation: -39.2822 zShift: 5.90891 energy: 4230.99
MCReject   xShift: 6.59334 crossingAngle: -35.9247 axialRotation: -39.2822 zShift: 5.92268 energy: 4245.14
MCAccept 53 xShift: 6.59334 crossingAngle: -35.9247 axialRotation: -39.0966 zShift: 5.90891 energy: 4230.99
MCAccept 54 xShift: 6.59334 crossingAngle: -35.77 axialRotation: -39.0966 zShift: 5.90891 energy: 4230.99
MCReject   xShift: 6.59334 crossingAngle: -35.77 axialRotation: -39.0966 zShift: 5.91137 energy: 4233.64
MCReject   xShift: 6.59334 crossingAngle: -35.77 axialRotation: -39.0966 zShift: 5.9091 energy: 4231.2
MCReject   xShift: 6.59334 crossingAngle: -35.77 axialRotation: -39.0966 zShift: 5.91345 energy: 4235.83
MCAccept 55 xShift: 6.58165 crossingAngle: -35.77 axialRotation: -39.0966 zShift: 5.90891 energy: 4230.99
MCAccept 56 xShift: 6.60338 crossingAngle: -35.77 axialRotation: -39.0966 zShift: 5.90891 energy: 4230.99
MCAccept 57 xShift: 6.60338 crossingAngle: -35.6799 axialRotation: -39.0966 zShift: 5.90891 energy: 4230.99
MCAccept 58 xShift: 6.60338 crossingAngle: -35.6799 axialRotation: -39.1163 zShift: 5.90891 energy: 4230.99
MCAccept 59 xShift: 6.60029 crossingAngle: -35.6799 axialRotation: -39.1163 zShift: 5.90891 energy: 4230.99
MCAccept 60 xShift: 6.60029 crossingAngle: -35.6799 axialRotation: -39.2384 zShift: 5.90891 energy: 4230.99
MCAccept 61 xShift: 6.60029 crossingAngle: -35.6799 axialRotation: -39.2384 zShift: 5.90443 energy: 4226.05
MCAccept 62 xShift: 6.60029 crossingAngle: -35.6576 axialRotation: -39.2384 zShift: 5.90443 energy: 4226.05
MCAccept 63 xShift: 6.60029 crossingAngle: -35.6576 axialRotation: -39.1425 zShift: 5.90443 energy: 4226.05
MCAccept 64 xShift: 6.60029 crossingAngle: -35.6576 axialRotation: -39.1406 zShift: 5.90443 energy: 4226.05
MCAccept 65 xShift: 6.5939 crossingAngle: -35.6576 axialRotation: -39.1406 zShift: 5.90443 energy: 4226.05
MCAccept 66 xShift: 6.59046 crossingAngle: -35.6576 axialRotation: -39.1406 zShift: 5.90443 energy: 4226.05
MCAccept 67 xShift: 6.59046 crossingAngle: -35.5898 axialRotation: -39.1406 zShift: 5.90443 energy: 4226.05
MCAccept 68 xShift: 6.59046 crossingAngle: -35.7557 axialRotation: -39.1406 zShift: 5.90443 energy: 4226.05
MCAccept 69 xShift: 6.59046 crossingAngle: -35.8307 axialRotation: -39.1406 zShift: 5.90443 energy: 4226.05
MCAccept 70 xShift: 6.59046 crossingAngle: -35.8307 axialRotation: -39.1132 zShift: 5.90443 energy: 4226.05
MCAccept 71 xShift: 6.59046 crossingAngle: -35.8307 axialRotation: -39.2038 zShift: 5.90443 energy: 4226.05
MCAccept 72 xShift: 6.59046 crossingAngle: -35.8307 axialRotation: -39.2666 zShift: 5.90443 energy: 4226.05
MCReject   xShift: 6.59046 crossingAngle: -35.8307 axialRotation: -39.2666 zShift: 5.90751 energy: 4229.47
MCAccept 73 xShift: 6.59046 crossingAngle: -35.6739 axialRotation: -39.2666 zShift: 5.90443 energy: 4226.05
MCAccept 74 xShift: 6.59046 crossingAngle: -35.6739 axialRotation: -39.2666 zShift: 5.8903 energy: 4209.43
MCAccept 75 xShift: 6.59046 crossingAngle: -35.6739 axialRotation: -39.3187 zShift: 5.8903 energy: 4209.43
MCAccept 76 xShift: 6.59046 crossingAngle: -35.6739 axialRotation: -39.3187 zShift: 5.88507 energy: 4203.33
MCAccept 77 xShift: 6.59207 crossingAngle: -35.6739 axialRotation: -39.3187 zShift: 5.88507 energy: 4203.33
MCAccept 78 xShift: 6.59207 crossingAngle: -35.6739 axialRotation: -39.4349 zShift: 5.88507 energy: 4202.89
MCReject   xShift: 6.59207 crossingAngle: -35.7369 axialRotation: -39.4349 zShift: 5.88507 energy: 4203.33
MCReject   xShift: 6.60453 crossingAngle: -35.6739 axialRotation: -39.4349 zShift: 5.88507 energy: 4203.33
MCReject   xShift: 6.59207 crossingAngle: -35.6739 axialRotation: -39.5108 zShift: 5.88507 energy: 4203.78
MCAccept 79 xShift: 6.59207 crossingAngle: -35.6739 axialRotation: -39.3705 zShift: 5.88507 energy: 4202.89
MCReject   xShift: 6.59207 crossingAngle: -35.6739 axialRotation: -39.2468 zShift: 5.88507 energy: 4203.33
MCAccept 80 xShift: 6.59207 crossingAngle: -35.6739 axialRotation: -39.3705 zShift: 5.88351 energy: 4201.78
MCAccept 81 xShift: 6.59207 crossingAngle: -35.8028 axialRotation: -39.3705 zShift: 5.88351 energy: 4201.33
MCAccept 82 xShift: 6.59207 crossingAngle: -35.8155 axialRotation: -39.3705 zShift: 5.88351 energy: 4201.33
MCAccept 83 xShift: 6.59207 crossingAngle: -35.8155 axialRotation: -39.1749 zShift: 5.88351 energy: 4201.33
MCReject   xShift: 6.59207 crossingAngle: -35.8103 axialRotation: -39.1749 zShift: 5.88351 energy: 4201.34
MCAccept 84 xShift: 6.59207 crossingAngle: -35.7823 axialRotation: -39.1749 zShift: 5.88351 energy: 4200.89
MCAccept 85 xShift: 6.59207 crossingAngle: -35.7823 axialRotation: -39.1749 zShift: 5.87322 energy: 4187.7
MCReject   xShift: 6.60027 crossingAngle: -35.7823 axialRotation: -39.1749 zShift: 5.87322 energy: 4188.11
MCReject   xShift: 6.59207 crossingAngle: -35.7823 axialRotation: -39.1749 zShift: 5.87536 energy: 4190.6
MCReject   xShift: 6.59207 crossingAngle: -35.7823 axialRotation: -39.1749 zShift: 5.8774 energy: 4193.33
MCAccept 86 xShift: 6.6112 crossingAngle: -35.7823 axialRotation: -39.1749 zShift: 5.87322 energy: 4187.7
MCAccept 87 xShift: 6.6112 crossingAngle: -35.7823 axialRotation: -39.1749 zShift: 5.86989 energy: 4183.51
MCAccept 88 xShift: 6.6112 crossingAngle: -35.7823 axialRotation: -39.2302 zShift: 5.86989 energy: 4183.51
MCAccept 89 xShift: 6.6112 crossingAngle: -35.7823 axialRotation: -39.0647 zShift: 5.86989 energy: 4183.51
MCAccept 90 xShift: 6.6112 crossingAngle: -35.8198 axialRotation: -39.0647 zShift: 5.86989 energy: 4183.11
MCReject   xShift: 6.59824 crossingAngle: -35.8198 axialRotation: -39.0647 zShift: 5.86989 energy: 4183.51
MCAccept 91 xShift: 6.6112 crossingAngle: -35.813 axialRotation: -39.0647 zShift: 5.86989 energy: 4182.71
MCAccept 92 xShift: 6.6112 crossingAngle: -35.813 axialRotation: -39.0647 zShift: 5.8417 energy: 4141.29
MCAccept 93 xShift: 6.6112 crossingAngle: -35.8752 axialRotation: -39.0647 zShift: 5.8417 energy: 4141.29
MCAccept 94 xShift: 6.6112 crossingAngle: -35.8752 axialRotation: -39.0465 zShift: 5.8417 energy: 4141.29
MCReject   xShift: 6.6112 crossingAngle: -35.8752 axialRotation: -39.0465 zShift: 5.85069 energy: 4155.54
MCReject   xShift: 6.6112 crossingAngle: -35.9249 axialRotation: -39.0465 zShift: 5.8417 energy: 4141.6
MCAccept 95 xShift: 6.6112 crossingAngle: -35.7941 axialRotation: -39.0465 zShift: 5.8417 energy: 4141.29
MCAccept 96 xShift: 6.6112 crossingAngle: -35.8496 axialRotation: -39.0465 zShift: 5.8417 energy: 4140.97
MCReject   xShift: 6.60904 crossingAngle: -35.8496 axialRotation: -39.0465 zShift: 5.8417 energy: 4141.29
MCAccept 97 xShift: 6.60914 crossingAngle: -35.8496 axialRotation: -39.0465 zShift: 5.8417 energy: 4140.97
MCReject   xShift: 6.60241 crossingAngle: -35.8496 axialRotation: -39.0465 zShift: 5.8417 energy: 4141.29
MCReject   xShift: 6.60914 crossingAngle: -35.8496 axialRotation: -38.9289 zShift: 5.8417 energy: 4141.29
MCAccept 98 xShift: 6.60914 crossingAngle: -35.8496 axialRotation: -39.1187 zShift: 5.8417 energy: 4140.97
MCReject   xShift: 6.60914 crossingAngle: -35.694 axialRotation: -39.1187 zShift: 5.8417 energy: 4141.29
MCReject   xShift: 6.60914 crossingAngle: -35.8496 axialRotation: -39.1187 zShift: 5.85175 energy: 4156.8
MCReject   xShift: 6.60364 crossingAngle: -35.8496 axialRotation: -39.1187 zShift: 5.8417 energy: 4141.29
MCReject   xShift: 6.60914 crossingAngle: -35.8496 axialRotation: -39.1887 zShift: 5.8417 energy: 4141.29
MCReject   xShift: 6.60914 crossingAngle: -35.764 axialRotation: -39.1187 zShift: 5.8417 energy: 4141.29
MCReject   xShift: 6.60914 crossingAngle: -35.8496 axialRotation: -39.0923 zShift: 5.8417 energy: 4141.29
Energy #0: 4140.97
***GEOMETRY SHIFT***
xShift;        Before: 6.58; After: 6.60914
crossingAngle; Before: -36.23; After: -35.8496
axialRotation; Before: -40.1; After: -39.1187
zShift;        Before: 6; After: 5.8417
Energy;        Before: 31156.4; After: 4140.97

Completed all cycles. Accepted 99/132
Monte Carlo repack complete. Time: 27.8833min

Final energy is 4140.97 after repack, indicating clashes. Choose a different geometry
