***STARTING GEOMETRY:***
xShift: 6.60914
crossingAngle: -35.8496
axialRotation: -39.1187
zShift: 5.8417

Number of MCCycles: 200
PrevSequence	CurrSequence	PrevEnergy	CurrEnergy	PrevEntropy	CurrEntropy	CurrentTemp
LLLTGLLTGLLTGLLGTLILI	LLLGGLLTGLLTGLLGTLILI	4148.89	4149.25	0.419246	0.401573	999.847
LLLGGLLTGLLTGLLGTLILI	LLLGGLLTGLLIGLLGTLILI	4149.95	4149	1.10811	0.098896	999.684
LLLGGLLTGLLIGLLGTLILI	LLLGGLLTGLLIGLLTTLILI	4149.39	4139.29	0.491566	0.338931	999.512
LLLGGLLTGLLIGLLTTLILI	LLLTGLLTGLLIGLLTTLILI	4139.3	4138.93	0.34018	0.489954	999.328
LLLTGLLTGLLIGLLTTLILI	LLLTGLLTGLLIGLLFTLILI	4139.59	4140.17	1.14683	0.0921195	999.134
LLLTGLLTGLLIGLLFTLILI	LLLTGLLTGLLIGLLTTLILI	4140.17	4139.59	0.0921195	1.14683	998.708
LLLTGLLTGLLIGLLTTLILI	LLLTGLLTGLLIGLLFTLILI	4139.59	4140.17	1.14683	0.0921195	998.476
LLLTGLLTGLLIGLLFTLILI	LLLTGLLTGLLIGLLTTLILI	4140.17	4139.59	0.0921195	1.14683	998.229
LLLTGLLTGLLIGLLTTLILI	LLLTGLLTGLLIGLLFTLILI	4139.59	4140.17	1.14683	0.0921195	997.967
LLLTGLLTGLLIGLLFTLILI	LLLTGLLTGLLIGLLTTLILI	4140.17	4139.59	0.0921195	1.14683	997.689
LLLTGLLTGLLIGLLTTLILI	LLLTGLLTGLLTGLLTTLILI	4138.5	4139.87	0.0612961	1.37292	997.394
LLLTGLLTGLLTGLLTTLILI	LLLGGLLTGLLTGLLTTLILI	4139.07	4139.3	0.567901	0.286026	996.749
LLLGGLLTGLLTGLLTTLILI	LLLGGLLTGLLIGLLTTLILI	4140.27	4139.03	1.2552	0.0756774	996.397
LLLGGLLTGLLIGLLTTLILI	LLLGGLLYGLLIGLLTTLILI	4139.65	4143.28	0.693609	0.219549	996.023
LLLGGLLYGLLIGLLTTLILI	LLLGGLLYGLLIGLLFTLILI	4143.88	4146.28	0.816184	0.171816	995.626
LLLGGLLYGLLIGLLFTLILI	LLLGGLLTGLLIGLLFTLILI	4146.41	4141.13	0.30482	0.538845	995.205
LLLGGLLTGLLIGLLFTLILI	LLLTGLLTGLLIGLLFTLILI	4141.01	4140.47	0.420699	0.400165	994.285
LLLTGLLTGLLIGLLFTLILI	LLLGGLLTGLLIGLLFTLILI	4140.47	4141.01	0.400165	0.420699	992.683
LLLGGLLTGLLIGLLFTLILI	LLLTGLLTGLLIGLLFTLILI	4141.01	4140.47	0.420699	0.400165	992.084
LLLTGLLTGLLIGLLFTLILI	LLLTGLLTGLLIGLLTTLILI	4140.17	4139.59	0.0921195	1.14683	991.448
LLLTGLLTGLLIGLLTTLILI	LLLTGLLTGLLIGLLFTLILI	4139.59	4140.17	1.14683	0.0921195	990.773
LLLTGLLTGLLIGLLFTLILI	LLLTGLLTGLLTGLLFTLILI	4140.15	4141.92	0.0756774	1.2552	990.058
LLLTGLLTGLLTGLLFTLILI	LLLTGLLTGLLTGLLTTLILI	4140.74	4139.76	0.0748068	1.26162	988.496
LLLTGLLTGLLTGLLTTLILI	LLLTGLLTGLLIGLLTTLILI	4139.87	4138.5	1.37292	0.0612961	987.644
LLLTGLLTGLLIGLLTTLILI	LLLTGLLTGLLTGLLTTLILI	4138.5	4139.87	0.0612961	1.37292	986.74
LLLTGLLTGLLTGLLTTLILI	LLLGGLLTGLLTGLLTTLILI	4139.07	4139.3	0.567901	0.286026	985.783
LLLGGLLTGLLTGLLTTLILI	LLLTGLLTGLLTGLLTTLILI	4139.3	4139.07	0.286026	0.567901	984.769
LLLTGLLTGLLTGLLTTLILI	LLLTGLLTGLLIGLLTTLILI	4139.87	4138.5	1.37292	0.0612961	983.694
LLLTGLLTGLLIGLLTTLILI	LLLTGLLTGLLIGLLFTLILI	4139.59	4140.17	1.14683	0.0921195	981.348
LLLTGLLTGLLIGLLFTLILI	LLLTGLLTGLLIGLLTTLILI	4140.17	4139.59	0.0921195	1.14683	980.071
LLLTGLLTGLLIGLLTTLILI	LLLTGLLTGLLIGLLFTLILI	4139.59	4140.17	1.14683	0.0921195	978.717
LLLTGLLTGLLIGLLFTLILI	LLLTGLLTGLLIGLLTTLILI	4140.17	4139.59	0.0921195	1.14683	977.285
LLLTGLLTGLLIGLLTTLILI	LLLGGLLTGLLIGLLTTLILI	4138.93	4139.3	0.489954	0.34018	975.768
LLLGGLLTGLLIGLLTTLILI	LLLGGLLTGLLIGLLFTLILI	4139.96	4140.71	1.0043	0.119894	974.162
LLLGGLLTGLLIGLLFTLILI	LLLGGLLTGLLIGLLTTLILI	4140.71	4139.96	0.119894	1.0043	972.463
LLLGGLLTGLLIGLLTTLILI	LLLTGLLTGLLIGLLTTLILI	4139.3	4138.93	0.34018	0.489954	970.666
LLLTGLLTGLLIGLLTTLILI	LLLGGLLTGLLIGLLTTLILI	4138.93	4139.3	0.489954	0.34018	968.764
LLLGGLLTGLLIGLLTTLILI	LLLGGLLTGLLIGLLFTLILI	4139.96	4140.71	1.0043	0.119894	966.754
LLLGGLLTGLLIGLLFTLILI	LLLTGLLTGLLIGLLFTLILI	4141.01	4140.47	0.420699	0.400165	964.627
LLLTGLLTGLLIGLLFTLILI	LLLGGLLTGLLIGLLFTLILI	4140.47	4141.01	0.400165	0.420699	962.38
LLLGGLLTGLLIGLLFTLILI	LLLTGLLTGLLIGLLFTLILI	4141.01	4140.47	0.420699	0.400165	960.005
LLLTGLLTGLLIGLLFTLILI	LLLTGLLTGLLIGLLTTLILI	4140.17	4139.59	0.0921195	1.14683	957.496
LLLTGLLTGLLIGLLTTLILI	LLLTGLLTGLLIGLLFTLILI	4139.59	4140.17	1.14683	0.0921195	954.846
LLLTGLLTGLLIGLLFTLILI	LLLTGLLTGLLIGLLTTLILI	4140.17	4139.59	0.0921195	1.14683	952.048
LLLTGLLTGLLIGLLTTLILI	LLLTGLLTGLLTGLLTTLILI	4138.5	4139.87	0.0612961	1.37292	949.095
LLLTGLLTGLLTGLLTTLILI	LLLTGLLTGLLIGLLTTLILI	4139.87	4138.5	1.37292	0.0612961	945.979
LLLTGLLTGLLIGLLTTLILI	LLLTGLLSGLLIGLLTTLILI	4139.44	4145.16	1.001	0.120637	939.229
LLLTGLLSGLLIGLLTTLILI	LLLGGLLSGLLIGLLTTLILI	4145.43	4145.88	0.400165	0.420699	935.578
LLLGGLLSGLLIGLLTTLILI	LLLGGLLTGLLIGLLTTLILI	4145.61	4139.82	0.155943	0.865998	931.732
LLLGGLLTGLLIGLLTTLILI	LLLGGLLTGLLTGLLTTLILI	4139.03	4140.27	0.0756774	1.2552	927.683
LLLGGLLTGLLTGLLTTLILI	LLLTGLLTGLLTGLLTTLILI	4139.3	4139.07	0.286026	0.567901	923.422
LLLTGLLTGLLTGLLTTLILI	LLLTGLLTGLLIGLLTTLILI	4139.87	4138.5	1.37292	0.0612961	918.939
LLLTGLLTGLLIGLLTTLILI	LLLTGLLTGLLIGLLTVLILI	4139.72	4145.03	1.27634	0.0728516	909.276
LLLTGLLTGLLIGLLTVLILI	LLLTGLLTGLLIGLLFVLILI	4145.96	4146.69	1.0043	0.119894	904.077
LLLTGLLTGLLIGLLFVLILI	LLLTGLLTGLLTGLLFVLILI	4146.67	4148.58	0.098896	1.10811	898.621
LLLTGLLTGLLTGLLFVLILI	LLLGGLLTGLLTGLLFVLILI	4147.87	4148.41	0.400165	0.420699	892.899
LLLGGLLTGLLTGLLFVLILI	LLLGGLLTGLLTGLLTVLILI	4148.1	4146.53	0.119894	1.0043	886.903
LLLGGLLTGLLTGLLTVLILI	LLLGGLLTGLLIGLLTVLILI	4146.64	4145.59	1.10811	0.098896	880.623
LLLGGLLTGLLIGLLTVLILI	LLLGGLLTGLLIGLLTTLILI	4145.59	4140.08	0.0952708	1.12845	874.051
LLLGGLLTGLLIGLLTTLILI	LLLGGLLTGLLIGLLFTLILI	4139.96	4140.71	1.0043	0.119894	867.179
LLLGGLLTGLLIGLLFTLILI	LLLTGLLTGLLIGLLFTLILI	4141.01	4140.47	0.420699	0.400165	859.999
LLLTGLLTGLLIGLLFTLILI	LLLGGLLTGLLIGLLFTLILI	4140.47	4141.01	0.400165	0.420699	844.686
LLLGGLLTGLLIGLLFTLILI	LLLTGLLTGLLIGLLFTLILI	4141.01	4140.47	0.420699	0.400165	836.541
LLLTGLLTGLLIGLLFTLILI	LLLTGLLTGLLIGLLTTLILI	4140.17	4139.59	0.0921195	1.14683	828.061
LLLTGLLTGLLIGLLTTLILI	LLLTGLLTGLLIGLLFTLILI	4139.59	4140.17	1.14683	0.0921195	810.083
LLLTGLLTGLLIGLLFTLILI	LLLTGLLTGLLTGLLFTLILI	4140.15	4141.92	0.0756774	1.2552	800.577
LLLTGLLTGLLTGLLFTLILI	LLLTGLLTGLLIGLLFTLILI	4141.92	4140.15	1.2552	0.0756774	790.724
LLLTGLLTGLLIGLLFTLILI	LLLGGLLTGLLIGLLFTLILI	4140.47	4141.01	0.400165	0.420699	780.523
LLLGGLLTGLLIGLLFTLILI	LLLGGLLTGLLTGLLFTLILI	4140.69	4142	0.098896	1.10811	769.974
LLLGGLLTGLLTGLLFTLILI	LLLTGLLTGLLTGLLFTLILI	4141.23	4141.45	0.34018	0.489954	759.081
LLLTGLLTGLLTGLLFTLILI	LLLTGLLTGLLIGLLFTLILI	4142.21	4140.15	1.2552	0.0756774	747.845
LLLTGLLTGLLIGLLFTLILI	LLLTGLLTGLLIGLLTTLILI	4140.17	4139.59	0.0921195	1.14683	736.272
LLLTGLLTGLLIGLLTTLILI	LLLTGLLTGLLIGLLFTLILI	4139.59	4140.17	1.14683	0.0921195	724.369
LLLTGLLTGLLIGLLFTLILI	LLLTGLLTGLLTGLLFTLILI	4140.15	4141.92	0.0756774	1.2552	699.602
LLLTGLLTGLLTGLLFTLILI	LLLGGLLTGLLTGLLFTLILI	4141.16	4141.52	0.489954	0.34018	686.76
LLLGGLLTGLLTGLLFTLILI	LLLGGLLTGLLIGLLFTLILI	4142.29	4140.69	1.10811	0.098896	673.628
LLLGGLLTGLLIGLLFTLILI	LLLGGLLTGLLIGLLTTLILI	4140.71	4139.96	0.119894	1.0043	660.222
LLLGGLLTGLLIGLLTTLILI	LLLGGLLTGLLIGLLFTLILI	4139.96	4140.71	1.0043	0.119894	646.557
LLLGGLLTGLLIGLLFTLILI	LLLTGLLTGLLIGLLFTLILI	4141.01	4140.47	0.420699	0.400165	632.651
LLLTGLLTGLLIGLLFTLILI	LLLGGLLTGLLIGLLFTLILI	4140.47	4141.01	0.400165	0.420699	618.524
LLLGGLLTGLLIGLLFTLILI	LLLTGLLTGLLIGLLFTLILI	4141.01	4140.47	0.420699	0.400165	604.196
LLLTGLLTGLLIGLLFTLILI	LLLTGLLTGLLIGLLTTLILI	4140.17	4139.59	0.0921195	1.14683	589.688
LLLTGLLTGLLIGLLTTLILI	LLLGGLLTGLLIGLLTTLILI	4138.93	4139.3	0.489954	0.34018	575.025
LLLGGLLTGLLIGLLTTLILI	LLLTGLLTGLLIGLLTTLILI	4139.3	4138.93	0.34018	0.489954	560.23
LLLTGLLTGLLIGLLTTLILI	LLLTGLLTGLLIGLLFTLILI	4139.59	4140.17	1.14683	0.0921195	545.329
LLLTGLLTGLLIGLLFTLILI	LLLTGLLTGLLIGLLTTLILI	4140.17	4139.59	0.0921195	1.14683	515.312
LLLTGLLTGLLIGLLTTLILI	LLLGGLLTGLLIGLLTTLILI	4138.93	4139.3	0.489954	0.34018	500.25
LLLGGLLTGLLIGLLTTLILI	LLLTGLLTGLLIGLLTTLILI	4139.3	4138.93	0.34018	0.489954	485.188
LLLTGLLTGLLIGLLTTLILI	LLLGGLLTGLLIGLLTTLILI	4138.93	4139.3	0.489954	0.34018	470.152
LLLGGLLTGLLIGLLTTLILI	LLLTGLLTGLLIGLLTTLILI	4139.3	4138.93	0.34018	0.489954	455.171
LLLTGLLTGLLIGLLTTLILI	LLLGGLLTGLLIGLLTTLILI	4138.93	4139.3	0.489954	0.34018	425.475
LLLGGLLTGLLIGLLTTLILI	LLLGGLLTGLLTGLLTTLILI	4139.03	4140.27	0.0756774	1.2552	396.304
LLLGGLLTGLLTGLLTTLILI	LLLTGLLTGLLTGLLTTLILI	4139.3	4139.07	0.286026	0.567901	381.976
LLLTGLLTGLLTGLLTTLILI	LLLGGLLTGLLTGLLTTLILI	4139.07	4139.3	0.567901	0.286026	367.849
LLLGGLLTGLLTGLLTTLILI	LLLTGLLTGLLTGLLTTLILI	4139.3	4139.07	0.286026	0.567901	353.943
LLLTGLLTGLLTGLLTTLILI	LLLTGLLTGLLTGLLFTLILI	4139.76	4140.74	1.26162	0.0748068	340.278
LLLTGLLTGLLTGLLFTLILI	LLLGGLLTGLLTGLLFTLILI	4141.16	4141.23	0.489954	0.34018	326.872
LLLGGLLTGLLTGLLFTLILI	LLLGGLLTGLLIGLLFTLILI	4142	4140.69	1.10811	0.098896	313.74
LLLGGLLTGLLIGLLFTLILI	LLLTGLLTGLLIGLLFTLILI	4141.01	4140.47	0.420699	0.400165	300.898
LLLTGLLTGLLIGLLFTLILI	LLLTGLLTGLLIGLLTTLILI	4140.17	4139.59	0.0921195	1.14683	288.358
LLLTGLLTGLLIGLLTTLILI	LLLTGLLTGLLIGLLFTLILI	4139.59	4140.17	1.14683	0.0921195	264.228
LLLTGLLTGLLIGLLFTLILI	LLLTGLLTGLLIGLLTTLILI	4140.17	4139.59	0.0921195	1.14683	252.655
LLLTGLLTGLLIGLLTTLILI	LLLGGLLTGLLIGLLTTLILI	4138.93	4139.3	0.489954	0.34018	241.419
LLLGGLLTGLLIGLLTTLILI	LLLGGLLTGLLIGLLFTLILI	4139.96	4140.71	1.0043	0.119894	219.977
LLLGGLLTGLLIGLLFTLILI	LLLTGLLTGLLIGLLFTLILI	4141.01	4140.47	0.420699	0.400165	209.776
LLLTGLLTGLLIGLLFTLILI	LLLTGLLTGLLIGLLTTLILI	4140.17	4139.59	0.0921195	1.14683	199.923
LLLTGLLTGLLIGLLTTLILI	LLLTGLLTGLLIGLLFTLILI	4139.59	4140.17	1.14683	0.0921195	181.257
LLLTGLLTGLLIGLLFTLILI	LLLTGLLTGLLIGLLTTLILI	4140.17	4139.59	0.0921195	1.14683	172.439
LLLTGLLTGLLIGLLTTLILI	LLLGGLLTGLLIGLLTTLILI	4138.93	4139.3	0.489954	0.34018	163.959
LLLGGLLTGLLIGLLTTLILI	LLLTGLLTGLLIGLLTTLILI	4139.3	4138.93	0.34018	0.489954	155.814
LLLTGLLTGLLIGLLTTLILI	LLLGGLLTGLLIGLLTTLILI	4138.93	4139.3	0.489954	0.34018	133.321
LLLGGLLTGLLIGLLTTLILI	LLLTGLLTGLLIGLLTTLILI	4139.3	4138.93	0.34018	0.489954	126.449
LLLTGLLTGLLIGLLTTLILI	LLLGGLLTGLLIGLLTTLILI	4138.93	4139.3	0.489954	0.34018	101.879
LLLGGLLTGLLIGLLTTLILI	LLLTGLLTGLLIGLLTTLILI	4139.3	4138.93	0.34018	0.489954	96.4228
LLLTGLLTGLLIGLLTTLILI	LLLTGLLTGLLIGLLFTLILI	4139.59	4140.17	1.14683	0.0921195	91.2238
LLLTGLLTGLLIGLLFTLILI	LLLTGLLTGLLIGLLTTLILI	4140.17	4139.59	0.0921195	1.14683	86.2728
LLLTGLLTGLLIGLLTTLILI	LLLGGLLTGLLIGLLTTLILI	4138.93	4139.3	0.489954	0.34018	51.4049
LLLGGLLTGLLIGLLTTLILI	LLLTGLLTGLLIGLLTTLILI	4139.3	4138.93	0.34018	0.489954	48.4519
Time: 177s
