MCAccept 0 xShift: 8.86921 crossingAngle: -39.5258 axialRotation: -0.201281 zShift: 2.65602 energy: -0.0349842
MCAccept 1 xShift: 8.89558 crossingAngle: -39.5258 axialRotation: -0.201281 zShift: 2.65602 energy: -0.0353151
MCReject   xShift: 8.90789 crossingAngle: -39.5258 axialRotation: -0.201281 zShift: 2.65602 energy: 1.4573
MCAccept 2 xShift: 8.90313 crossingAngle: -39.5258 axialRotation: -0.201281 zShift: 2.65602 energy: -0.0353151
MCAccept 3 xShift: 8.90313 crossingAngle: -39.5258 axialRotation: -0.201281 zShift: 2.64765 energy: 0.0360797
MCAccept 4 xShift: 8.90313 crossingAngle: -39.5258 axialRotation: -0.0396527 zShift: 2.64765 energy: 0.0360797
MCAccept 5 xShift: 8.90313 crossingAngle: -39.4401 axialRotation: -0.0396527 zShift: 2.64765 energy: 0.0360797
MCAccept 6 xShift: 8.90313 crossingAngle: -39.4401 axialRotation: -0.0396527 zShift: 2.64892 energy: 0.0251273
MCAccept 7 xShift: 8.91742 crossingAngle: -39.4401 axialRotation: -0.0396527 zShift: 2.64892 energy: 0.0254563
MCAccept 8 xShift: 8.91742 crossingAngle: -39.3027 axialRotation: -0.0396527 zShift: 2.64892 energy: 0.0251273
MCAccept 9 xShift: 8.91742 crossingAngle: -39.3027 axialRotation: -0.232884 zShift: 2.64892 energy: 0.0251273
MCAccept 10 xShift: 8.91742 crossingAngle: -39.2981 axialRotation: -0.232884 zShift: 2.64892 energy: 0.0251273
MCAccept 11 xShift: 8.91742 crossingAngle: -39.2981 axialRotation: -0.232884 zShift: 2.63265 energy: 0.16613
MCAccept 12 xShift: 8.94075 crossingAngle: -39.2981 axialRotation: -0.232884 zShift: 2.63265 energy: 0.165806
MCAccept 13 xShift: 8.94075 crossingAngle: -39.2981 axialRotation: -0.232884 zShift: 2.62986 energy: 0.190716
MCAccept 14 xShift: 8.94075 crossingAngle: -39.2981 axialRotation: -0.250346 zShift: 2.62986 energy: 0.190716
MCAccept 15 xShift: 8.94075 crossingAngle: -39.2981 axialRotation: -0.235512 zShift: 2.62986 energy: 0.190716
MCAccept 16 xShift: 8.94075 crossingAngle: -39.2981 axialRotation: -0.235512 zShift: 2.62348 energy: 0.248557
MCAccept 17 xShift: 8.94075 crossingAngle: -39.3572 axialRotation: -0.235512 zShift: 2.62348 energy: 0.248557
MCAccept 18 xShift: 8.93714 crossingAngle: -39.3572 axialRotation: -0.235512 zShift: 2.62348 energy: 0.24888
MCAccept 19 xShift: 8.94709 crossingAngle: -39.3572 axialRotation: -0.235512 zShift: 2.62348 energy: 0.248557
MCAccept 20 xShift: 8.93528 crossingAngle: -39.3572 axialRotation: -0.235512 zShift: 2.62348 energy: 0.248557
MCReject   xShift: 8.93498 crossingAngle: -39.3572 axialRotation: -0.235512 zShift: 2.62348 energy: 1.68671
MCAccept 21 xShift: 8.93528 crossingAngle: -39.302 axialRotation: -0.235512 zShift: 2.62348 energy: 0.248557
MCAccept 22 xShift: 8.93528 crossingAngle: -39.302 axialRotation: -0.235512 zShift: 2.63093 energy: 0.181079
MCAccept 23 xShift: 8.93528 crossingAngle: -39.302 axialRotation: -0.22776 zShift: 2.63093 energy: 0.181079
MCReject   xShift: 8.93528 crossingAngle: -39.302 axialRotation: -0.22776 zShift: 2.60078 energy: 0.465481
MCReject   xShift: 8.93528 crossingAngle: -39.302 axialRotation: -0.22776 zShift: 2.64906 energy: 1.50361
MCAccept 24 xShift: 8.93528 crossingAngle: -39.2451 axialRotation: -0.22776 zShift: 2.63093 energy: 0.181079
MCReject   xShift: 8.93528 crossingAngle: -39.2451 axialRotation: -0.337063 zShift: 2.63093 energy: 2.44007
MCAccept 25 xShift: 8.93528 crossingAngle: -39.236 axialRotation: -0.22776 zShift: 2.63093 energy: 0.181079
MCAccept 26 xShift: 8.93528 crossingAngle: -39.236 axialRotation: -0.22776 zShift: 2.62987 energy: 0.190632
MCAccept 27 xShift: 8.93528 crossingAngle: -39.236 axialRotation: -0.153134 zShift: 2.62987 energy: 0.190956
MCAccept 28 xShift: 8.93528 crossingAngle: -39.236 axialRotation: -0.153134 zShift: 2.62318 energy: 0.251348
MCAccept 29 xShift: 8.93528 crossingAngle: -39.236 axialRotation: 0.0174923 zShift: 2.62318 energy: 0.251671
MCAccept 30 xShift: 8.93528 crossingAngle: -39.2885 axialRotation: 0.0174923 zShift: 2.62318 energy: 0.251671
MCReject   xShift: 8.93528 crossingAngle: -39.2885 axialRotation: 0.0344139 zShift: 2.62318 energy: 1.69743
MCAccept 31 xShift: 8.95634 crossingAngle: -39.2885 axialRotation: 0.0174923 zShift: 2.62318 energy: 0.251348
MCReject   xShift: 8.95634 crossingAngle: -39.4951 axialRotation: 0.0174923 zShift: 2.62318 energy: 1.69743
MCAccept 32 xShift: 8.95634 crossingAngle: -39.1984 axialRotation: 0.0174923 zShift: 2.62318 energy: 0.251671
MCAccept 33 xShift: 8.95634 crossingAngle: -38.9997 axialRotation: 0.0174923 zShift: 2.62318 energy: 0.251348
MCAccept 34 xShift: 8.95634 crossingAngle: -39.031 axialRotation: 0.0174923 zShift: 2.62318 energy: 0.251348
MCAccept 35 xShift: 8.9457 crossingAngle: -39.031 axialRotation: 0.0174923 zShift: 2.62318 energy: 0.251348
MCAccept 36 xShift: 8.9457 crossingAngle: -39.031 axialRotation: 0.0174923 zShift: 2.62549 energy: 0.230492
MCReject   xShift: 8.9457 crossingAngle: -39.031 axialRotation: 0.0174923 zShift: 2.61653 energy: 1.74878
MCAccept 37 xShift: 8.9457 crossingAngle: -38.9405 axialRotation: 0.0174923 zShift: 2.62549 energy: 0.230169
MCAccept 38 xShift: 8.9457 crossingAngle: -38.9405 axialRotation: 0.0174923 zShift: 2.63232 energy: 0.169006
MCAccept 39 xShift: 8.9457 crossingAngle: -38.9043 axialRotation: 0.0174923 zShift: 2.63232 energy: 0.168682
MCAccept 40 xShift: 8.9457 crossingAngle: -38.9043 axialRotation: 0.15227 zShift: 2.63232 energy: 0.168682
MCAccept 41 xShift: 8.9457 crossingAngle: -39.1101 axialRotation: 0.15227 zShift: 2.63232 energy: 0.168682
MCReject   xShift: 8.9457 crossingAngle: -39.1101 axialRotation: 0.15227 zShift: 2.62086 energy: 1.7067
MCAccept 42 xShift: 8.9457 crossingAngle: -38.9914 axialRotation: 0.15227 zShift: 2.63232 energy: 0.168682
MCAccept 43 xShift: 8.9457 crossingAngle: -38.9445 axialRotation: 0.15227 zShift: 2.63232 energy: 0.168682
MCAccept 44 xShift: 8.93404 crossingAngle: -38.9445 axialRotation: 0.15227 zShift: 2.63232 energy: 0.168682
MCAccept 45 xShift: 8.93404 crossingAngle: -39.0274 axialRotation: 0.15227 zShift: 2.63232 energy: 0.168682
MCAccept 46 xShift: 8.93404 crossingAngle: -39.0274 axialRotation: 0.15227 zShift: 2.65121 energy: 0.0054751
MCReject   xShift: 8.94641 crossingAngle: -39.0274 axialRotation: 0.15227 zShift: 2.65121 energy: 1.48883
MCAccept 47 xShift: 8.93404 crossingAngle: -39.0274 axialRotation: 0.15227 zShift: 2.6326 energy: 0.166236
MCAccept 48 xShift: 8.93404 crossingAngle: -39.0285 axialRotation: 0.15227 zShift: 2.6326 energy: 0.166561
MCAccept 49 xShift: 8.93404 crossingAngle: -39.0285 axialRotation: 0.15227 zShift: 2.64385 energy: 0.0682105
MCAccept 50 xShift: 8.93404 crossingAngle: -39.0285 axialRotation: 0.15227 zShift: 2.64911 energy: 0.0234433
MCReject   xShift: 8.93404 crossingAngle: -39.0285 axialRotation: 0.0930709 zShift: 2.64911 energy: 1.51193
MCReject   xShift: 8.93404 crossingAngle: -38.9528 axialRotation: 0.15227 zShift: 2.64911 energy: 1.51193
MCAccept 51 xShift: 8.93004 crossingAngle: -39.0285 axialRotation: 0.15227 zShift: 2.64911 energy: 0.0234433
Energy #1: 0.0234433
***GEOMETRY SHIFT***
xShift;        Before: 8.86921; After: 8.93004
crossingAngle; Before: -39.5258; After: -39.0285
axialRotation; Before: -0.201281; After: 0.15227
zShift;        Before: 2.6601; After: 2.64911
Energy;        Before: 1.99817e+07; After: 0.0234433

Reached 51 cycles without improvement of 0.001. Accepted 52/64
Monte Carlo repack complete. Time: 17.05min

