***STARTING GEOMETRY:***
xShift: 8.75
crossingAngle: -38.74
axialRotation: -0.93
zShift: 2.52

Number of MCCycles: 200
PrevSequence	CurrSequence	PrevEnergy	CurrEnergy	PrevEntropy	CurrEntropy	CurrentTemp
LLLGYLLTTLLTGLLTTLILI	LLLGYLLVTLLTGLLTTLILI	-8.66524	-7.39951	1.39457	0.0589809	999.847
LLLGYLLVTLLTGLLTTLILI	LLLGWLLVTLLTGLLTTLILI	-7.19091	-5.48563	0.267575	0.598868	999.512
LLLGWLLVTLLTGLLTTLILI	LLLGWLLTTLLTGLLTTLILI	-6.02551	-8.65172	0.0589809	1.39457	999.328
LLLGWLLTTLLTGLLTTLILI	LLLGYLLTTLLTGLLTTLILI	-9.44742	-11.1443	0.598868	0.267575	999.134
LLLGYLLTTLLTGLLTTLILI	LLLGTLLTTLLTGLLTTLILI	-11.292	-7.56374	0.119894	1.0043	998.928
LLLGTLLTTLLTGLLTTLILI	LLLGTLLTTLLYGLLTTLILI	-7.56374	-6.30359	1.0043	0.119894	998.708
LLLGTLLTTLLYGLLTTLILI	LLLGTLLTTLLYGLLTSLILI	-5.31263	-0.547548	1.11086	0.0983968	998.476
LLLGTLLTTLLYGLLTSLILI	LLLYTLLTTLLYGLLTSLILI	-0.376473	-0.522337	0.269472	0.595564	998.229
LLLYTLLTTLLYGLLTSLILI	LLLYTLLTTLLTGLLTSLILI	-0.862756	-2.63946	0.255144	0.62127	997.967
LLLYTLLTTLLTGLLTSLILI	LLLYYLLTTLLTGLLTSLILI	-2.63946	-4.39946	0.62127	0.255144	997.689
LLLYYLLTTLLTGLLTSLILI	LLLYYLLTTLLTGLLVSLILI	-3.37826	-2.49823	1.27634	0.0728516	997.394
LLLYYLLTTLLTGLLVSLILI	LLLYYLLTTLLTGLLVTLILI	-2.45044	-7.03356	0.120637	1.001	997.081
LLLYYLLTTLLTGLLVTLILI	LLLYYLLTTLLTGLLTTLILI	-7.97558	-10.4011	0.0589809	1.39457	996.749
LLLYYLLTTLLTGLLTTLILI	LLLYYLLYTLLTGLLTTLILI	-11.3189	-7.64239	0.476739	0.350648	996.397
LLLYYLLYTLLTGLLTTLILI	LLLYYLLTTLLTGLLTTLILI	-7.64239	-9.14259	0.350648	0.476739	996.023
LLLYYLLTTLLTGLLTTLILI	LLLYYLLTTLLTGLLTSLILI	-8.50847	-5.92346	1.11086	0.0983968	995.626
LLLYYLLTTLLTGLLTSLILI	LLLYYLLTTLLTGLLYSLILI	-5.61451	-2.87994	0.407346	0.413356	995.205
LLLYYLLTTLLTGLLYSLILI	LLLYYLLTTLLTGLLYTLILI	-3.17266	-6.56333	0.120637	1.001	994.758
LLLYYLLTTLLTGLLYTLILI	LLLYYLLTTLLTGLLTTLILI	-7.21369	-10.0262	0.350648	0.476739	994.285
LLLYYLLTTLLTGLLTTLILI	LLLYWLLTTLLTGLLTTLILI	-10.0517	-9.65855	0.451187	0.372136	993.782
LLLYWLLTTLLTGLLTTLILI	LLLYWLLVTLLTGLLTTLILI	-8.63612	-5.82349	1.39457	0.0589809	993.249
LLLYWLLVTLLTGLLTTLILI	LLLYWLLTTLLTGLLTTLILI	-5.82349	-6.94861	0.0589809	1.39457	992.683
LLLYWLLTTLLTGLLTTLILI	LLLGWLLTTLLTGLLTTLILI	-7.97346	-9.17087	0.369715	0.453966	992.084
LLLGWLLTTLLTGLLTTLILI	LLLGWLLTTLLYGLLTTLILI	-8.70716	-6.50869	0.917682	0.141213	991.448
LLLGWLLTTLLYGLLTTLILI	LLLYWLLTTLLYGLLTTLILI	-6.38043	-7.93659	0.269472	0.595564	990.773
LLLYWLLTTLLYGLLTTLILI	LLLGWLLTTLLYGLLTTLILI	-7.93659	-8.27482	0.595564	0.269472	990.058
LLLGWLLTTLLYGLLTTLILI	LLLYWLLTTLLYGLLTTLILI	-8.27482	-7.93691	0.269472	0.595564	989.3
LLLYWLLTTLLYGLLTTLILI	LLLYWLLTTLLTGLLTTLILI	-8.27733	-8.19291	0.255144	0.62127	988.496
LLLYWLLTTLLTGLLTTLILI	LLLYYLLTTLLTGLLTTLILI	-8.44204	-11.3448	0.372136	0.451187	987.644
LLLYYLLTTLLTGLLTTLILI	LLLYYLLTTLLTGLLTSLILI	-10.6851	-5.92346	1.11086	0.0983968	986.74
LLLYYLLTTLLTGLLTSLILI	LLLYYLLTTLLTGLLTTLILI	-5.92346	-10.6851	0.0983968	1.11086	985.783
LLLYYLLTTLLTGLLTTLILI	LLLYYLLTTLLTGLLVTLILI	-10.4014	-7.97545	1.39457	0.0589809	984.769
LLLYYLLTTLLTGLLVTLILI	LLLYYLLTTLLTGLLTTLILI	-7.97545	-10.4011	0.0589809	1.39457	983.694
LLLYYLLTTLLTGLLTTLILI	LLLGYLLTTLLTGLLTTLILI	-11.2001	-11.1428	0.595564	0.269472	982.555
LLLGYLLTTLLTGLLTTLILI	LLLYYLLTTLLTGLLTTLILI	-11.1428	-11.2001	0.269472	0.595564	981.348
LLLYYLLTTLLTGLLTTLILI	LLLGYLLTTLLTGLLTTLILI	-11.2001	-11.1428	0.595564	0.269472	980.071
LLLGYLLTTLLTGLLTTLILI	LLLYYLLTTLLTGLLTTLILI	-11.1428	-11.2004	0.269472	0.595564	978.717
LLLYYLLTTLLTGLLTTLILI	LLLYTLLTTLLTGLLTTLILI	-11.5765	-8.34127	0.219549	0.693609	977.285
LLLYTLLTTLLTGLLTTLILI	LLLYTLLTTLLTGLLTSLILI	-7.83139	-3.17764	1.20349	0.0830916	975.768
LLLYTLLTTLLTGLLTSLILI	LLLYTLLTTLLTGLLYSLILI	-2.63946	-0.272599	0.62127	0.255144	974.162
LLLYTLLTTLLTGLLYSLILI	LLLYTLLTTLLTGLLYTLILI	-0.429347	-4.50927	0.0983968	1.11086	972.463
LLLYTLLTTLLTGLLYTLILI	LLLTTLLTTLLTGLLYTLILI	-5.40058	-5.08663	0.219549	0.693609	970.666
LLLTTLLTTLLTGLLYTLILI	LLLTTLLTTLLTGLLTTLILI	-5.67606	-7.24779	0.104183	1.07984	968.764
LLLTTLLTTLLTGLLTTLILI	LLLYTLLTTLLTGLLTTLILI	-7.24779	-8.9307	1.07984	0.104183	966.754
LLLYTLLTTLLTGLLTTLILI	LLLGTLLTTLLTGLLTTLILI	-8.66516	-8.11407	0.369715	0.453966	964.627
LLLGTLLTTLLTGLLTTLILI	LLLYTLLTTLLTGLLTTLILI	-8.11407	-8.66484	0.453966	0.369715	962.38
LLLYTLLTTLLTGLLTTLILI	LLLYTLLYTLLTGLLTTLILI	-8.34095	-5.22032	0.693609	0.219549	960.005
LLLYTLLYTLLTGLLTTLILI	LLLYYLLYTLLTGLLTTLILI	-4.96312	-7.64239	0.476739	0.350648	957.496
LLLYYLLYTLLTGLLTTLILI	LLLYYLLTTLLTGLLTTLILI	-7.64239	-10.5101	0.350648	0.476739	954.846
LLLYYLLTTLLTGLLTTLILI	LLLYYLLTTLLYGLLTTLILI	-10.5101	-8.82402	0.476739	0.350648	952.048
LLLYYLLTTLLYGLLTTLILI	LLLGYLLTTLLYGLLTTLILI	-8.41602	-9.0572	0.758648	0.192521	945.979
LLLGYLLTTLLYGLLTTLILI	LLLGWLLTTLLYGLLTTLILI	-8.79853	-8.17184	0.451187	0.372136	942.693
LLLGWLLTTLLYGLLTTLILI	LLLGYLLTTLLYGLLTTLILI	-8.17184	-8.79821	0.372136	0.451187	939.229
LLLGYLLTTLLYGLLTTLILI	LLLGYLLTTLLYGLLVTLILI	-7.97306	-5.35793	1.27634	0.0728516	931.732
LLLGYLLTTLLYGLLVTLILI	LLLGWLLTTLLYGLLVTLILI	-4.97959	-2.45882	0.451187	0.372136	927.683
LLLGWLLTTLLYGLLVTLILI	LLLGWLLTTLLYGLLTTLILI	-2.75811	-3.9424	0.0728516	1.27634	923.422
LLLGWLLTTLLYGLLTTLILI	LLLGWLLTTLLTGLLTTLILI	-5.07752	-7.87897	0.141213	0.917682	918.939
LLLGWLLTTLLTGLLTTLILI	LLLGWLLTTLLTGLLFTLILI	-7.53503	-5.92269	1.26162	0.0748068	914.227
LLLGWLLTTLLTGLLFTLILI	LLLGWLLTTLLTGLLYTLILI	-5.75746	-5.97387	0.240035	0.650378	909.276
LLLGWLLTTLLTGLLYTLILI	LLLGWLLVTLLTGLLYTLILI	-5.3479	-1.82927	1.27634	0.0728516	904.077
LLLGWLLVTLLTGLLYTLILI	LLLTWLLVTLLTGLLYTLILI	-1.70793	-0.24779	0.194196	0.754313	898.621
LLLTWLLVTLLTGLLYTLILI	LLLTWLLTTLLTGLLYTLILI	-0.943121	-2.77139	0.0589809	1.39457	892.899
LLLTWLLTTLLTGLLYTLILI	LLLYWLLTTLLTGLLYTLILI	-3.54469	-5.5822	0.62127	0.255144	886.903
LLLYWLLTTLLTGLLYTLILI	LLLGWLLTTLLTGLLYTLILI	-5.24178	-6.02663	0.595564	0.269472	880.623
LLLGWLLTTLLTGLLYTLILI	LLLGWLLTTLLTGLLTTLILI	-6.15489	-6.15408	0.141213	0.917682	874.051
LLLGWLLTTLLTGLLTTLILI	LLLGYLLTTLLTGLLTTLILI	-6.47289	-11.1443	0.598868	0.267575	867.179
LLLGYLLTTLLTGLLTTLILI	LLLYYLLTTLLTGLLTTLILI	-11.1424	-11.2001	0.269472	0.595564	859.999
LLLYYLLTTLLTGLLTTLILI	LLLGYLLTTLLTGLLTTLILI	-11.2001	-10.5232	0.595564	0.269472	844.686
LLLGYLLTTLLTGLLTTLILI	LLLGYLLTTLLTGLLTSLILI	-9.68177	-5.53969	1.11086	0.0983968	836.541
LLLGYLLTTLLTGLLTSLILI	LLLGYLLVTLLTGLLTSLILI	-4.36175	-1.61148	1.27634	0.0728516	828.061
LLLGYLLVTLLTGLLTSLILI	LLLGYLLVTLLTGLLTTLILI	-1.56369	-5.76122	0.120637	1.001	819.243
LLLGYLLVTLLTGLLTTLILI	LLLYYLLVTLLTGLLTTLILI	-6.49274	-7.06091	0.269472	0.595564	810.083
LLLYYLLVTLLTGLLTTLILI	LLLYYLLTTLLTGLLTTLILI	-7.59749	-9.03418	0.0589809	1.39457	800.577
LLLYYLLTTLLTGLLTTLILI	LLLYWLLTTLLTGLLTTLILI	-9.97756	-8.44204	0.451187	0.372136	780.523
LLLYWLLTTLLTGLLTTLILI	LLLYWLLTTLLYGLLTTLILI	-8.19291	-8.27701	0.62127	0.255144	769.974
LLLYWLLTTLLYGLLTTLILI	LLLYYLLTTLLYGLLTTLILI	-8.26011	-7.67757	0.272043	0.591129	759.081
LLLYYLLTTLLYGLLTTLILI	LLLYYLLTTLLTGLLTTLILI	-7.91805	-11.3193	0.350648	0.476739	747.845
LLLYYLLTTLLTGLLTTLILI	LLLGYLLTTLLTGLLTTLILI	-11.2004	-11.1428	0.595564	0.269472	736.272
LLLGYLLTTLLTGLLTTLILI	LLLGWLLTTLLTGLLTTLILI	-11.1447	-9.44774	0.267575	0.598868	724.369
LLLGWLLTTLLTGLLTTLILI	LLLGYLLTTLLTGLLTTLILI	-9.44774	-11.1447	0.598868	0.267575	712.142
LLLGYLLTTLLTGLLTTLILI	LLLGWLLTTLLTGLLTTLILI	-11.1447	-9.44742	0.267575	0.598868	699.602
LLLGWLLTTLLTGLLTTLILI	LLLGYLLTTLLTGLLTTLILI	-9.44742	-11.1443	0.598868	0.267575	686.76
LLLGYLLTTLLTGLLTTLILI	LLLGYLLVTLLTGLLTTLILI	-10.0173	-7.39919	1.39457	0.0589809	660.222
LLLGYLLVTLLTGLLTTLILI	LLLYYLLVTLLTGLLTTLILI	-7.1887	-7.06091	0.269472	0.595564	646.557
LLLYYLLVTLLTGLLTTLILI	LLLGYLLVTLLTGLLTTLILI	-7.06091	-7.18902	0.595564	0.269472	632.651
LLLGYLLVTLLTGLLTTLILI	LLLGYLLTTLLTGLLTTLILI	-7.39951	-10.0177	0.0589809	1.39457	618.524
LLLGYLLTTLLTGLLTTLILI	LLLYYLLTTLLTGLLTTLILI	-11.1428	-11.2004	0.269472	0.595564	604.196
LLLYYLLTTLLTGLLTTLILI	LLLGYLLTTLLTGLLTTLILI	-11.2004	-11.1428	0.595564	0.269472	589.688
LLLGYLLTTLLTGLLTTLILI	LLLYYLLTTLLTGLLTTLILI	-11.1428	-11.2004	0.269472	0.595564	575.025
LLLYYLLTTLLTGLLTTLILI	LLLGYLLTTLLTGLLTTLILI	-11.2004	-11.1428	0.595564	0.269472	545.329
LLLGYLLTTLLTGLLTTLILI	LLLYYLLTTLLTGLLTTLILI	-11.1428	-11.2001	0.269472	0.595564	530.348
LLLYYLLTTLLTGLLTTLILI	LLLGYLLTTLLTGLLTTLILI	-11.2001	-11.1428	0.595564	0.269472	515.312
LLLGYLLTTLLTGLLTTLILI	LLLYYLLTTLLTGLLTTLILI	-11.1428	-11.2004	0.269472	0.595564	500.25
LLLYYLLTTLLTGLLTTLILI	LLLGYLLTTLLTGLLTTLILI	-11.2004	-11.1428	0.595564	0.269472	470.152
LLLGYLLTTLLTGLLTTLILI	LLLYYLLTTLLTGLLTTLILI	-11.1428	-11.2004	0.269472	0.595564	440.27
LLLYYLLTTLLTGLLTTLILI	LLLGYLLTTLLTGLLTTLILI	-11.2004	-11.1428	0.595564	0.269472	381.976
LLLGYLLTTLLTGLLTTLILI	LLLYYLLTTLLTGLLTTLILI	-11.1428	-11.2004	0.269472	0.595564	340.278
LLLYYLLTTLLTGLLTTLILI	LLLGYLLTTLLTGLLTTLILI	-11.2004	-11.1428	0.595564	0.269472	326.872
LLLGYLLTTLLTGLLTTLILI	LLLYYLLTTLLTGLLTTLILI	-11.1428	-11.2001	0.269472	0.595564	288.358
LLLYYLLTTLLTGLLTTLILI	LLLGYLLTTLLTGLLTTLILI	-11.2001	-11.1428	0.595564	0.269472	276.131
LLLGYLLTTLLTGLLTTLILI	LLLYYLLTTLLTGLLTTLILI	-11.1428	-11.2004	0.269472	0.595564	264.228
LLLYYLLTTLLTGLLTTLILI	LLLGYLLTTLLTGLLTTLILI	-11.2004	-11.1424	0.595564	0.269472	252.655
LLLGYLLTTLLTGLLTTLILI	LLLYYLLTTLLTGLLTTLILI	-11.1424	-11.2004	0.269472	0.595564	230.526
LLLYYLLTTLLTGLLTTLILI	LLLGYLLTTLLTGLLTTLILI	-11.2004	-11.1424	0.595564	0.269472	209.776
LLLGYLLTTLLTGLLTTLILI	LLLYYLLTTLLTGLLTTLILI	-11.1424	-11.2004	0.269472	0.595564	190.417
LLLYYLLTTLLTGLLTTLILI	LLLGYLLTTLLTGLLTTLILI	-11.2004	-11.1428	0.595564	0.269472	181.257
LLLGYLLTTLLTGLLTTLILI	LLLYYLLTTLLTGLLTTLILI	-11.1428	-11.2004	0.269472	0.595564	163.959
LLLYYLLTTLLTGLLTTLILI	LLLGYLLTTLLTGLLTTLILI	-11.2004	-11.1428	0.595564	0.269472	147.996
LLLGYLLTTLLTGLLTTLILI	LLLYYLLTTLLTGLLTTLILI	-11.1428	-11.2004	0.269472	0.595564	126.449
LLLYYLLTTLLTGLLTTLILI	LLLGYLLTTLLTGLLTTLILI	-11.2004	-11.1428	0.595564	0.269472	119.877
LLLGYLLTTLLTGLLTTLILI	LLLYYLLTTLLTGLLTTLILI	-11.1428	-11.2004	0.269472	0.595564	72.8169
LLLYYLLTTLLTGLLTTLILI	LLLGYLLTTLLTGLLTTLILI	-11.2004	-11.1428	0.595564	0.269472	68.7677
LLLGYLLTTLLTGLLTTLILI	LLLYYLLTTLLTGLLTTLILI	-11.1428	-11.2004	0.269472	0.595564	64.9219
LLLYYLLTTLLTGLLTTLILI	LLLGYLLTTLLTGLLTTLILI	-11.2004	-11.1428	0.595564	0.269472	51.4049
LLLGYLLTTLLTGLLTTLILI	LLLYYLLTTLLTGLLTTLILI	-11.1428	-11.2004	0.269472	0.595564	45.6541
LLLYYLLTTLLTGLLTTLILI	LLLGYLLTTLLTGLLTTLILI	-11.2004	-11.1428	0.595564	0.269472	43.0041
LLLGYLLTTLLTGLLTTLILI	LLLYYLLTTLLTGLLTTLILI	-11.1428	-11.2001	0.269472	0.595564	40.495
LLLYYLLTTLLTGLLTTLILI	LLLGYLLTTLLTGLLTTLILI	-11.2001	-11.1428	0.595564	0.269472	33.7464
LLLGYLLTTLLTGLLTTLILI	LLLYYLLTTLLTGLLTTLILI	-11.1428	-11.2004	0.269472	0.595564	28.0365
LLLYYLLTTLLTGLLTTLILI	LLLGYLLTTLLTGLLTTLILI	-11.2004	-11.1428	0.595564	0.269472	24.7321
LLLGYLLTTLLTGLLTTLILI	LLLYYLLTTLLTGLLTTLILI	-11.1428	-11.2004	0.269472	0.595564	23.2154
Time: 395s
