MCAccept 0 xShift: 8.32 crossingAngle: -39.38 axialRotation: -5.47 zShift: 1.01735 energy: -4.37141
MCAccept 1 xShift: 8.32 crossingAngle: -39.38 axialRotation: -5.64655 zShift: 1.01735 energy: -4.86624
MCAccept 2 xShift: 8.32 crossingAngle: -39.38 axialRotation: -5.57064 zShift: 1.01735 energy: -4.86624
MCReject   xShift: 8.32 crossingAngle: -39.4232 axialRotation: -5.57064 zShift: 1.01735 energy: -1.44105
MCReject   xShift: 8.32 crossingAngle: -39.38 axialRotation: -5.57064 zShift: 1.03033 energy: -0.88738
MCReject   xShift: 8.33166 crossingAngle: -39.38 axialRotation: -5.57064 zShift: 1.01735 energy: -2.52716
MCReject   xShift: 8.32 crossingAngle: -39.38 axialRotation: -5.57827 zShift: 1.01735 energy: -3.17834
MCReject   xShift: 8.32 crossingAngle: -39.38 axialRotation: -5.57064 zShift: 1.02714 energy: -3.21204
MCReject   xShift: 8.32 crossingAngle: -39.4987 axialRotation: -5.57064 zShift: 1.01735 energy: -1.6253
MCReject   xShift: 8.32 crossingAngle: -39.38 axialRotation: -5.56504 zShift: 1.01735 energy: -3.17838
MCReject   xShift: 8.32 crossingAngle: -39.38 axialRotation: -5.57064 zShift: 1.01018 energy: -2.75613
MCReject   xShift: 8.32 crossingAngle: -39.4195 axialRotation: -5.57064 zShift: 1.01735 energy: -3.17834
MCReject   xShift: 8.32 crossingAngle: -39.5043 axialRotation: -5.57064 zShift: 1.01735 energy: -2.77938
MCReject   xShift: 8.32 crossingAngle: -39.3086 axialRotation: -5.57064 zShift: 1.01735 energy: -2.51914
MCAccept 3 xShift: 8.32412 crossingAngle: -39.38 axialRotation: -5.57064 zShift: 1.01735 energy: -4.46728
MCReject   xShift: 8.32412 crossingAngle: -39.3957 axialRotation: -5.57064 zShift: 1.01735 energy: -2.7793
MCReject   xShift: 8.32412 crossingAngle: -39.38 axialRotation: -5.52926 zShift: 1.01735 energy: -4.37141
MCReject   xShift: 8.33545 crossingAngle: -39.38 axialRotation: -5.57064 zShift: 1.01735 energy: -3.17838
MCReject   xShift: 8.32412 crossingAngle: -39.38 axialRotation: -5.56991 zShift: 1.01735 energy: -2.91811
MCAccept 4 xShift: 8.32412 crossingAngle: -39.38 axialRotation: -5.46949 zShift: 1.01735 energy: -4.46728
MCAccept 5 xShift: 8.32412 crossingAngle: -39.38 axialRotation: -5.46949 zShift: 1.03748 energy: -4.93134
MCReject   xShift: 8.32412 crossingAngle: -39.38 axialRotation: -5.46949 zShift: 1.06269 energy: -2.92421
MCReject   xShift: 8.32412 crossingAngle: -39.38 axialRotation: -5.58675 zShift: 1.03748 energy: -2.74776
MCReject   xShift: 8.32412 crossingAngle: -39.38 axialRotation: -5.46949 zShift: 1.05452 energy: -1.371
MCReject   xShift: 8.32412 crossingAngle: -39.38 axialRotation: -5.5877 zShift: 1.03748 energy: -3.24766
MCReject   xShift: 8.32412 crossingAngle: -39.3387 axialRotation: -5.46949 zShift: 1.03748 energy: -1.31034
MCReject   xShift: 8.32412 crossingAngle: -39.38 axialRotation: -5.31532 zShift: 1.03748 energy: -2.01853
MCReject   xShift: 8.32412 crossingAngle: -39.38 axialRotation: -5.38252 zShift: 1.03748 energy: -2.84408
MCReject   xShift: 8.32412 crossingAngle: -39.38 axialRotation: -5.46949 zShift: 1.04743 energy: -2.81977
MCReject   xShift: 8.30585 crossingAngle: -39.38 axialRotation: -5.46949 zShift: 1.03748 energy: -2.84408
MCReject   xShift: 8.32412 crossingAngle: -39.2057 axialRotation: -5.46949 zShift: 1.03748 energy: -2.7896
MCReject   xShift: 8.32412 crossingAngle: -39.38 axialRotation: -5.46949 zShift: 1.06525 energy: -3.08682
MCReject   xShift: 8.32412 crossingAngle: -39.3676 axialRotation: -5.46949 zShift: 1.03748 energy: -3.24769
MCReject   xShift: 8.32412 crossingAngle: -39.38 axialRotation: -5.52499 zShift: 1.03748 energy: -2.99374
MCReject   xShift: 8.32412 crossingAngle: -39.38 axialRotation: -5.59127 zShift: 1.03748 energy: -2.58204
MCReject   xShift: 8.32412 crossingAngle: -39.3639 axialRotation: -5.46949 zShift: 1.03748 energy: -1.56619
MCReject   xShift: 8.32412 crossingAngle: -39.3972 axialRotation: -5.46949 zShift: 1.03748 energy: -3.24766
MCReject   xShift: 8.32412 crossingAngle: -39.388 axialRotation: -5.46949 zShift: 1.03748 energy: -2.07357
MCReject   xShift: 8.32412 crossingAngle: -39.38 axialRotation: -5.46949 zShift: 1.00478 energy: -1.44669
MCReject   xShift: 8.32412 crossingAngle: -39.38 axialRotation: -5.46949 zShift: 1.02459 energy: -1.46674
MCReject   xShift: 8.32412 crossingAngle: -39.38 axialRotation: -5.46949 zShift: 1.03388 energy: -2.73615
MCReject   xShift: 8.31387 crossingAngle: -39.38 axialRotation: -5.46949 zShift: 1.03748 energy: -3.24769
MCReject   xShift: 8.32412 crossingAngle: -39.38 axialRotation: -5.48406 zShift: 1.03748 energy: -2.59013
MCReject   xShift: 8.32412 crossingAngle: -39.3855 axialRotation: -5.46949 zShift: 1.03748 energy: -1.31034
MCReject   xShift: 8.32412 crossingAngle: -39.38 axialRotation: -5.70703 zShift: 1.03748 energy: -2.74776
MCReject   xShift: 8.32637 crossingAngle: -39.38 axialRotation: -5.46949 zShift: 1.03748 energy: -2.84416
MCReject   xShift: 8.30801 crossingAngle: -39.38 axialRotation: -5.46949 zShift: 1.03748 energy: -2.69256
MCReject   xShift: 8.32412 crossingAngle: -39.3313 axialRotation: -5.46949 zShift: 1.03748 energy: -1.56619
MCReject   xShift: 8.32412 crossingAngle: -39.4083 axialRotation: -5.46949 zShift: 1.03748 energy: -1.30218
MCReject   xShift: 8.32412 crossingAngle: -39.4621 axialRotation: -5.46949 zShift: 1.03748 energy: -1.51242
MCReject   xShift: 8.32412 crossingAngle: -39.38 axialRotation: -5.3377 zShift: 1.03748 energy: -4.52784
MCReject   xShift: 8.32412 crossingAngle: -39.38 axialRotation: -5.36247 zShift: 1.03748 energy: -3.19321
MCReject   xShift: 8.32412 crossingAngle: -39.393 axialRotation: -5.46949 zShift: 1.03748 energy: -3.19321
MCReject   xShift: 8.32412 crossingAngle: -39.38 axialRotation: -5.2649 zShift: 1.03748 energy: -3.24766
MCReject   xShift: 8.32412 crossingAngle: -39.38 axialRotation: -5.46949 zShift: 1.0362 energy: -2.98944
MCReject   xShift: 8.31838 crossingAngle: -39.38 axialRotation: -5.46949 zShift: 1.03748 energy: -1.56619
MCReject   xShift: 8.32412 crossingAngle: -39.38 axialRotation: -5.3248 zShift: 1.03748 energy: -3.19321
MCReject   xShift: 8.32412 crossingAngle: -39.38 axialRotation: -5.54106 zShift: 1.03748 energy: -1.14227
MCReject   xShift: 8.32412 crossingAngle: -39.38 axialRotation: -5.46949 zShift: 1.0266 energy: -3.21021
MCAccept 6 xShift: 8.32556 crossingAngle: -39.38 axialRotation: -5.46949 zShift: 1.03748 energy: -4.93134
MCReject   xShift: 8.32556 crossingAngle: -39.2799 axialRotation: -5.46949 zShift: 1.03748 energy: -1.16258
MCReject   xShift: 8.32556 crossingAngle: -39.38 axialRotation: -5.29621 zShift: 1.03748 energy: -2.99374
MCReject   xShift: 8.33708 crossingAngle: -39.38 axialRotation: -5.46949 zShift: 1.03748 energy: -3.24769
MCReject   xShift: 8.32556 crossingAngle: -39.38 axialRotation: -5.46949 zShift: 1.03682 energy: -3.24541
MCAccept 7 xShift: 8.32556 crossingAngle: -39.38 axialRotation: -5.37789 zShift: 1.03748 energy: -4.93134
MCReject   xShift: 8.32556 crossingAngle: -39.38 axialRotation: -5.37789 zShift: 1.04248 energy: -3.26487
MCAccept 8 xShift: 8.32556 crossingAngle: -39.38 axialRotation: -5.37789 zShift: 1.03433 energy: -4.92114
MCReject   xShift: 8.32556 crossingAngle: -39.38 axialRotation: -5.37789 zShift: 1.03738 energy: -1.30995
MCReject   xShift: 8.34932 crossingAngle: -39.38 axialRotation: -5.37789 zShift: 1.03433 energy: -2.77983
MCReject   xShift: 8.32556 crossingAngle: -39.38 axialRotation: -5.37789 zShift: 1.04853 energy: -3.28567
MCReject   xShift: 8.31774 crossingAngle: -39.38 axialRotation: -5.37789 zShift: 1.03433 energy: -2.83405
MCReject   xShift: 8.32556 crossingAngle: -39.38 axialRotation: -5.37789 zShift: 1.03637 energy: -4.5245
MCReject   xShift: 8.32556 crossingAngle: -39.3074 axialRotation: -5.37789 zShift: 1.03433 energy: -3.74861
MCReject   xShift: 8.33878 crossingAngle: -39.38 axialRotation: -5.37789 zShift: 1.03433 energy: -3.23684
MCReject   xShift: 8.32556 crossingAngle: -39.38 axialRotation: -5.37789 zShift: 1.04904 energy: -1.60832
MCReject   xShift: 8.33742 crossingAngle: -39.38 axialRotation: -5.37789 zShift: 1.03433 energy: -0.896239
MCReject   xShift: 8.32603 crossingAngle: -39.38 axialRotation: -5.37789 zShift: 1.03433 energy: -3.1827
MCReject   xShift: 8.32556 crossingAngle: -39.38 axialRotation: -5.42551 zShift: 1.03433 energy: -2.06429
MCReject   xShift: 8.32556 crossingAngle: -39.4307 axialRotation: -5.37789 zShift: 1.03433 energy: -1.15182
MCReject   xShift: 8.32196 crossingAngle: -39.38 axialRotation: -5.37789 zShift: 1.03433 energy: -3.23684
MCReject   xShift: 8.32556 crossingAngle: -39.38 axialRotation: -5.13123 zShift: 1.03433 energy: -2.98316
MCReject   xShift: 8.32556 crossingAngle: -39.2822 axialRotation: -5.37789 zShift: 1.03433 energy: -1.50126
MCReject   xShift: 8.32556 crossingAngle: -39.3505 axialRotation: -5.37789 zShift: 1.03433 energy: -3.1821
MCReject   xShift: 8.32556 crossingAngle: -39.38 axialRotation: -5.37789 zShift: 1.04231 energy: -2.76305
MCReject   xShift: 8.32556 crossingAngle: -39.38 axialRotation: -5.37789 zShift: 1.02069 energy: -3.13661
MCReject   xShift: 8.32556 crossingAngle: -39.38 axialRotation: -5.45444 zShift: 1.03433 energy: -1.29095
MCReject   xShift: 8.32556 crossingAngle: -39.38 axialRotation: -5.29821 zShift: 1.03433 energy: -2.97497
MCReject   xShift: 8.32556 crossingAngle: -39.38 axialRotation: -5.37789 zShift: 1.03713 energy: -2.99255
MCReject   xShift: 8.3251 crossingAngle: -39.38 axialRotation: -5.37789 zShift: 1.03433 energy: -1.55468
MCReject   xShift: 8.32556 crossingAngle: -39.3739 axialRotation: -5.37789 zShift: 1.03433 energy: -2.47576
MCReject   xShift: 8.32556 crossingAngle: -39.38 axialRotation: -5.37813 zShift: 1.03433 energy: -1.50126
MCReject   xShift: 8.32556 crossingAngle: -39.2826 axialRotation: -5.37789 zShift: 1.03433 energy: -1.15182
MCReject   xShift: 8.32556 crossingAngle: -39.38 axialRotation: -5.52957 zShift: 1.03433 energy: -2.83405
MCReject   xShift: 8.32556 crossingAngle: -39.38 axialRotation: -5.47913 zShift: 1.03433 energy: -2.97497
MCReject   xShift: 8.32614 crossingAngle: -39.38 axialRotation: -5.37789 zShift: 1.03433 energy: -4.51839
MCReject   xShift: 8.32556 crossingAngle: -39.5546 axialRotation: -5.37789 zShift: 1.03433 energy: -3.23684
MCReject   xShift: 8.32005 crossingAngle: -39.38 axialRotation: -5.37789 zShift: 1.03433 energy: -2.83405
MCAccept 9 xShift: 8.32556 crossingAngle: -39.38 axialRotation: -5.43297 zShift: 1.03433 energy: -4.92114
MCReject   xShift: 8.3369 crossingAngle: -39.38 axialRotation: -5.43297 zShift: 1.03433 energy: -2.83397
MCReject   xShift: 8.31044 crossingAngle: -39.38 axialRotation: -5.43297 zShift: 1.03433 energy: -2.83405
MCReject   xShift: 8.32556 crossingAngle: -39.38 axialRotation: -5.43297 zShift: 1.02874 energy: -3.21757
MCReject   xShift: 8.32556 crossingAngle: -39.38 axialRotation: -5.5649 zShift: 1.03433 energy: -3.23684
MCReject   xShift: 8.33325 crossingAngle: -39.38 axialRotation: -5.43297 zShift: 1.03433 energy: -2.48407
MCReject   xShift: 8.32556 crossingAngle: -39.38 axialRotation: -5.60243 zShift: 1.03433 energy: -3.2368
MCReject   xShift: 8.322 crossingAngle: -39.38 axialRotation: -5.43297 zShift: 1.03433 energy: -3.23684
MCReject   xShift: 8.32556 crossingAngle: -39.38 axialRotation: -5.21281 zShift: 1.03433 energy: -1.29095
MCReject   xShift: 8.32556 crossingAngle: -39.38 axialRotation: -5.43297 zShift: 1.02931 energy: -3.16536
MCReject   xShift: 8.32556 crossingAngle: -39.38 axialRotation: -5.43297 zShift: 1.0371 energy: -2.74654
MCReject   xShift: 8.3336 crossingAngle: -39.38 axialRotation: -5.43297 zShift: 1.03433 energy: -3.23684
MCReject   xShift: 8.32556 crossingAngle: -39.4449 axialRotation: -5.43297 zShift: 1.03433 energy: -2.73759
MCReject   xShift: 8.32556 crossingAngle: -39.464 axialRotation: -5.43297 zShift: 1.03433 energy: -1.15182
MCReject   xShift: 8.32556 crossingAngle: -39.38 axialRotation: -5.43297 zShift: 1.02975 energy: -1.03996
MCReject   xShift: 8.34065 crossingAngle: -39.38 axialRotation: -5.43297 zShift: 1.03433 energy: -2.83397
MCReject   xShift: 8.32918 crossingAngle: -39.38 axialRotation: -5.43297 zShift: 1.03433 energy: -2.06433
MCReject   xShift: 8.32556 crossingAngle: -39.38 axialRotation: -5.43081 zShift: 1.03433 energy: -2.06429
MCReject   xShift: 8.31443 crossingAngle: -39.38 axialRotation: -5.43297 zShift: 1.03433 energy: -2.97497
MCReject   xShift: 8.32556 crossingAngle: -39.38 axialRotation: -5.43297 zShift: 1.0442 energy: -2.86553
MCReject   xShift: 8.32559 crossingAngle: -39.38 axialRotation: -5.43297 zShift: 1.03433 energy: -2.5803
MCAccept 10 xShift: 8.32556 crossingAngle: -39.38 axialRotation: -5.40856 zShift: 1.03433 energy: -4.92114
MCReject   xShift: 8.32556 crossingAngle: -39.38 axialRotation: -5.21809 zShift: 1.03433 energy: -2.73759
MCReject   xShift: 8.31396 crossingAngle: -39.38 axialRotation: -5.40856 zShift: 1.03433 energy: -1.29542
MCReject   xShift: 8.32126 crossingAngle: -39.38 axialRotation: -5.40856 zShift: 1.03433 energy: -2.83405
MCReject   xShift: 8.32556 crossingAngle: -39.38 axialRotation: -5.26244 zShift: 1.03433 energy: -2.83405
MCReject   xShift: 8.32556 crossingAngle: -39.3882 axialRotation: -5.40856 zShift: 1.03433 energy: -1.55468
MCReject   xShift: 8.32556 crossingAngle: -39.38 axialRotation: -5.43388 zShift: 1.03433 energy: -2.83405
MCAccept 11 xShift: 8.32556 crossingAngle: -39.38 axialRotation: -5.40856 zShift: 1.0363 energy: -4.92751
MCReject   xShift: 8.32556 crossingAngle: -39.7438 axialRotation: -5.40856 zShift: 1.0363 energy: -2.98976
MCReject   xShift: 8.32556 crossingAngle: -39.3964 axialRotation: -5.40856 zShift: 1.0363 energy: -2.78544
MCReject   xShift: 8.32556 crossingAngle: -39.38 axialRotation: -5.42384 zShift: 1.0363 energy: -2.48184
MCReject   xShift: 8.32556 crossingAngle: -39.3965 axialRotation: -5.40856 zShift: 1.0363 energy: -3.75399
MCReject   xShift: 8.32251 crossingAngle: -39.38 axialRotation: -5.40856 zShift: 1.0363 energy: -2.98157
MCAccept 12 xShift: 8.32556 crossingAngle: -39.38 axialRotation: -5.369 zShift: 1.0363 energy: -4.92751
MCReject   xShift: 8.32059 crossingAngle: -39.38 axialRotation: -5.369 zShift: 1.0363 energy: -3.24358
MCReject   xShift: 8.32556 crossingAngle: -39.3474 axialRotation: -5.369 zShift: 1.0363 energy: -4.42789
MCReject   xShift: 8.32556 crossingAngle: -39.38 axialRotation: -5.37289 zShift: 1.0363 energy: -2.01517
MCReject   xShift: 8.31966 crossingAngle: -39.38 axialRotation: -5.369 zShift: 1.0363 energy: -3.24361
MCReject   xShift: 8.33085 crossingAngle: -39.38 axialRotation: -5.369 zShift: 1.0363 energy: -1.30612
MCReject   xShift: 8.314 crossingAngle: -39.38 axialRotation: -5.369 zShift: 1.0363 energy: -2.98157
MCReject   xShift: 8.34415 crossingAngle: -39.38 axialRotation: -5.369 zShift: 1.0363 energy: -2.57835
MCAccept 13 xShift: 8.32556 crossingAngle: -39.38 axialRotation: -5.35288 zShift: 1.0363 energy: -4.92751
MCReject   xShift: 8.33065 crossingAngle: -39.38 axialRotation: -5.35288 zShift: 1.0363 energy: -2.74385
MCReject   xShift: 8.32556 crossingAngle: -39.38 axialRotation: -5.35288 zShift: 1.034 energy: -3.23571
MCReject   xShift: 8.32556 crossingAngle: -39.38 axialRotation: -5.35288 zShift: 1.04247 energy: -2.60563
MCAccept 14 xShift: 8.32093 crossingAngle: -39.38 axialRotation: -5.35288 zShift: 1.0363 energy: -4.92751
MCReject   xShift: 8.33997 crossingAngle: -39.38 axialRotation: -5.35288 zShift: 1.0363 energy: -4.42789
MCReject   xShift: 8.32093 crossingAngle: -39.38 axialRotation: -5.35288 zShift: 1.03789 energy: -3.24905
MCAccept 15 xShift: 8.32669 crossingAngle: -39.38 axialRotation: -5.35288 zShift: 1.0363 energy: -4.92751
MCReject   xShift: 8.32669 crossingAngle: -39.1842 axialRotation: -5.35288 zShift: 1.0363 energy: -0.902788
MCReject   xShift: 8.32669 crossingAngle: -39.3633 axialRotation: -5.35288 zShift: 1.0363 energy: -0.902788
MCReject   xShift: 8.34035 crossingAngle: -39.38 axialRotation: -5.35288 zShift: 1.0363 energy: -3.24361
MCReject   xShift: 8.32669 crossingAngle: -39.39 axialRotation: -5.35288 zShift: 1.0363 energy: -1.1049
MCReject   xShift: 8.32669 crossingAngle: -39.3362 axialRotation: -5.35288 zShift: 1.0363 energy: -2.98976
MCReject   xShift: 8.32669 crossingAngle: -39.38 axialRotation: -5.5143 zShift: 1.0363 energy: -4.52429
MCReject   xShift: 8.32669 crossingAngle: -39.271 axialRotation: -5.35288 zShift: 1.0363 energy: -1.10433
MCReject   xShift: 8.31773 crossingAngle: -39.38 axialRotation: -5.35288 zShift: 1.0363 energy: -3.18866
MCReject   xShift: 8.32669 crossingAngle: -39.3404 axialRotation: -5.35288 zShift: 1.0363 energy: -1.30612
MCReject   xShift: 8.32669 crossingAngle: -39.38 axialRotation: -5.30125 zShift: 1.0363 energy: -1.56186
MCReject   xShift: 8.32669 crossingAngle: -39.2554 axialRotation: -5.35288 zShift: 1.0363 energy: -2.58643
MCReject   xShift: 8.33521 crossingAngle: -39.38 axialRotation: -5.35288 zShift: 1.0363 energy: -3.18926
MCReject   xShift: 8.32669 crossingAngle: -39.38 axialRotation: -5.35288 zShift: 1.04705 energy: -1.75758
MCReject   xShift: 8.32669 crossingAngle: -39.328 axialRotation: -5.35288 zShift: 1.0363 energy: -1.1049
MCReject   xShift: 8.32669 crossingAngle: -39.38 axialRotation: -5.35288 zShift: 1.02359 energy: -4.39005
MCReject   xShift: 8.32669 crossingAngle: -39.38 axialRotation: -5.35288 zShift: 1.03583 energy: -2.78449
MCReject   xShift: 8.32669 crossingAngle: -39.38 axialRotation: -5.35288 zShift: 1.01827 energy: -3.18153
MCReject   xShift: 8.34056 crossingAngle: -39.38 axialRotation: -5.35288 zShift: 1.0363 energy: -4.42789
MCReject   xShift: 8.32669 crossingAngle: -39.38 axialRotation: -5.35288 zShift: 1.02773 energy: -2.71658
MCReject   xShift: 8.32669 crossingAngle: -39.38 axialRotation: -5.40721 zShift: 1.0363 energy: -1.15854
MCReject   xShift: 8.32669 crossingAngle: -39.38 axialRotation: -5.35288 zShift: 1.01707 energy: -1.09264
MCReject   xShift: 8.31894 crossingAngle: -39.38 axialRotation: -5.35288 zShift: 1.0363 energy: -2.07012
MCReject   xShift: 8.32669 crossingAngle: -39.38 axialRotation: -5.34455 zShift: 1.0363 energy: -3.18926
MCReject   xShift: 8.32669 crossingAngle: -39.4829 axialRotation: -5.35288 zShift: 1.0363 energy: -1.29796
MCReject   xShift: 8.32669 crossingAngle: -39.38 axialRotation: -5.44274 zShift: 1.0363 energy: -1.56186
MCReject   xShift: 8.32518 crossingAngle: -39.38 axialRotation: -5.35288 zShift: 1.0363 energy: -2.78544
MCReject   xShift: 8.32669 crossingAngle: -39.38 axialRotation: -5.35288 zShift: 1.0543 energy: -2.84081
MCAccept 16 xShift: 8.3284 crossingAngle: -39.38 axialRotation: -5.35288 zShift: 1.0363 energy: -4.92751
MCReject   xShift: 8.3284 crossingAngle: -39.38 axialRotation: -5.35288 zShift: 1.02731 energy: -3.1587
MCReject   xShift: 8.3284 crossingAngle: -39.38 axialRotation: -5.35288 zShift: 1.02474 energy: -2.03594
MCReject   xShift: 8.3284 crossingAngle: -39.38 axialRotation: -5.35288 zShift: 1.04734 energy: -2.87563
MCReject   xShift: 8.3284 crossingAngle: -39.4509 axialRotation: -5.35288 zShift: 1.0363 energy: -1.50823
MCReject   xShift: 8.3284 crossingAngle: -39.38 axialRotation: -5.35288 zShift: 1.03351 energy: -3.23403
MCReject   xShift: 8.3284 crossingAngle: -39.38 axialRotation: -5.12963 zShift: 1.0363 energy: -4.42789
MCReject   xShift: 8.3284 crossingAngle: -39.38 axialRotation: -5.44781 zShift: 1.0363 energy: -2.58643
MCReject   xShift: 8.3284 crossingAngle: -39.3717 axialRotation: -5.35288 zShift: 1.0363 energy: -1.10433
MCReject   xShift: 8.33435 crossingAngle: -39.38 axialRotation: -5.35288 zShift: 1.0363 energy: -2.98157
MCReject   xShift: 8.3284 crossingAngle: -39.2572 axialRotation: -5.35288 zShift: 1.0363 energy: -2.98976
MCReject   xShift: 8.3284 crossingAngle: -39.38 axialRotation: -5.35288 zShift: 1.02104 energy: -1.45359
MCReject   xShift: 8.3284 crossingAngle: -39.38 axialRotation: -5.35288 zShift: 1.05641 energy: -2.90444
MCReject   xShift: 8.3284 crossingAngle: -39.1677 axialRotation: -5.35288 zShift: 1.0363 energy: -2.98976
MCReject   xShift: 8.32563 crossingAngle: -39.38 axialRotation: -5.35288 zShift: 1.0363 energy: -3.24361
MCReject   xShift: 8.3284 crossingAngle: -39.3148 axialRotation: -5.35288 zShift: 1.0363 energy: -2.74385
MCReject   xShift: 8.3284 crossingAngle: -39.38 axialRotation: -5.35288 zShift: 1.04912 energy: -2.8812
MCReject   xShift: 8.33517 crossingAngle: -39.38 axialRotation: -5.35288 zShift: 1.0363 energy: -3.24361
MCReject   xShift: 8.3284 crossingAngle: -39.3056 axialRotation: -5.35288 zShift: 1.0363 energy: -4.52429
MCAccept 17 xShift: 8.3284 crossingAngle: -39.38 axialRotation: -5.39003 zShift: 1.0363 energy: -4.92751
MCReject   xShift: 8.3284 crossingAngle: -39.38 axialRotation: -5.42495 zShift: 1.0363 energy: -2.98976
MCReject   xShift: 8.31747 crossingAngle: -39.38 axialRotation: -5.39003 zShift: 1.0363 energy: -2.01517
MCReject   xShift: 8.3284 crossingAngle: -39.38 axialRotation: -5.39003 zShift: 1.04347 energy: -1.58803
MCReject   xShift: 8.3284 crossingAngle: -39.38 axialRotation: -5.25927 zShift: 1.0363 energy: -3.24358
MCReject   xShift: 8.3284 crossingAngle: -39.38 axialRotation: -5.39003 zShift: 1.04254 energy: -1.58463
MCReject   xShift: 8.3284 crossingAngle: -39.38 axialRotation: -5.39003 zShift: 1.02848 energy: -3.2167
MCReject   xShift: 8.31674 crossingAngle: -39.38 axialRotation: -5.39003 zShift: 1.0363 energy: -1.56186
MCReject   xShift: 8.3284 crossingAngle: -39.3995 axialRotation: -5.39003 zShift: 1.0363 energy: -2.98157
MCReject   xShift: 8.3284 crossingAngle: -39.4166 axialRotation: -5.39003 zShift: 1.0363 energy: -1.06214
MCReject   xShift: 8.3284 crossingAngle: -39.3568 axialRotation: -5.39003 zShift: 1.0363 energy: -2.07009
MCAccept 18 xShift: 8.32721 crossingAngle: -39.38 axialRotation: -5.39003 zShift: 1.0363 energy: -4.92751
MCAccept 19 xShift: 8.32721 crossingAngle: -39.5561 axialRotation: -5.39003 zShift: 1.0363 energy: -4.92751
MCReject   xShift: 8.32267 crossingAngle: -39.5561 axialRotation: -5.39003 zShift: 1.0363 energy: -2.74385
MCReject   xShift: 8.32721 crossingAngle: -39.5831 axialRotation: -5.39003 zShift: 1.0363 energy: -3.24358
MCReject   xShift: 8.32721 crossingAngle: -39.4491 axialRotation: -5.39003 zShift: 1.0363 energy: -3.18866
MCReject   xShift: 8.33616 crossingAngle: -39.5561 axialRotation: -5.39003 zShift: 1.0363 energy: -1.29796
MCAccept 20 xShift: 8.32309 crossingAngle: -39.5561 axialRotation: -5.39003 zShift: 1.0363 energy: -4.92751
MCReject   xShift: 8.32309 crossingAngle: -39.6354 axialRotation: -5.39003 zShift: 1.0363 energy: -1.50766
MCReject   xShift: 8.34702 crossingAngle: -39.5561 axialRotation: -5.39003 zShift: 1.0363 energy: -2.84036
MCAccept 21 xShift: 8.31206 crossingAngle: -39.5561 axialRotation: -5.39003 zShift: 1.0363 energy: -4.92751
MCReject   xShift: 8.31206 crossingAngle: -39.5561 axialRotation: -5.47018 zShift: 1.0363 energy: -2.84028
MCReject   xShift: 8.32052 crossingAngle: -39.5561 axialRotation: -5.39003 zShift: 1.0363 energy: -1.30215
MCReject   xShift: 8.31206 crossingAngle: -39.684 axialRotation: -5.39003 zShift: 1.0363 energy: -3.24358
MCReject   xShift: 8.31206 crossingAngle: -39.6243 axialRotation: -5.39003 zShift: 1.0363 energy: -1.29796
MCReject   xShift: 8.31206 crossingAngle: -39.5561 axialRotation: -5.39003 zShift: 1.03909 energy: -4.53264
MCReject   xShift: 8.31206 crossingAngle: -39.5561 axialRotation: -5.39003 zShift: 1.02038 energy: -2.93638
MCReject   xShift: 8.30057 crossingAngle: -39.5561 axialRotation: -5.39003 zShift: 1.0363 energy: -3.24358
MCReject   xShift: 8.29463 crossingAngle: -39.5561 axialRotation: -5.39003 zShift: 1.0363 energy: -1.30612
MCReject   xShift: 8.31206 crossingAngle: -39.5561 axialRotation: -5.39003 zShift: 1.05093 energy: -3.03882
MCReject   xShift: 8.31206 crossingAngle: -39.585 axialRotation: -5.39003 zShift: 1.0363 energy: -1.56186
MCReject   xShift: 8.31206 crossingAngle: -39.5132 axialRotation: -5.39003 zShift: 1.0363 energy: -3.24358
MCReject   xShift: 8.31206 crossingAngle: -39.5925 axialRotation: -5.39003 zShift: 1.0363 energy: -1.56186
MCReject   xShift: 8.31206 crossingAngle: -39.3961 axialRotation: -5.39003 zShift: 1.0363 energy: -2.98976
MCReject   xShift: 8.31206 crossingAngle: -39.5561 axialRotation: -5.25511 zShift: 1.0363 energy: -1.56186
MCReject   xShift: 8.31206 crossingAngle: -39.5561 axialRotation: -5.39003 zShift: 1.03213 energy: -2.73076
MCReject   xShift: 8.31548 crossingAngle: -39.5561 axialRotation: -5.39003 zShift: 1.0363 energy: -1.56186
MCReject   xShift: 8.31206 crossingAngle: -39.5561 axialRotation: -5.39003 zShift: 1.03284 energy: -1.54923
MCAccept 22 xShift: 8.31206 crossingAngle: -39.5561 axialRotation: -5.47334 zShift: 1.0363 energy: -4.92751
MCReject   xShift: 8.31206 crossingAngle: -39.5561 axialRotation: -5.47334 zShift: 1.05355 energy: -3.30292
MCReject   xShift: 8.31206 crossingAngle: -39.4367 axialRotation: -5.47334 zShift: 1.0363 energy: -3.41339
MCReject   xShift: 8.29784 crossingAngle: -39.5561 axialRotation: -5.47334 zShift: 1.0363 energy: -2.84028
MCReject   xShift: 8.3229 crossingAngle: -39.5561 axialRotation: -5.47334 zShift: 1.0363 energy: -1.30612
MCReject   xShift: 8.31206 crossingAngle: -39.5561 axialRotation: -5.51211 zShift: 1.0363 energy: -1.56186
MCReject   xShift: 8.31206 crossingAngle: -39.4972 axialRotation: -5.47334 zShift: 1.0363 energy: -3.24358
MCReject   xShift: 8.31206 crossingAngle: -39.5561 axialRotation: -5.47334 zShift: 1.02579 energy: -1.52351
MCReject   xShift: 8.31206 crossingAngle: -39.6334 axialRotation: -5.47334 zShift: 1.0363 energy: -2.98157
MCReject   xShift: 8.31206 crossingAngle: -39.5561 axialRotation: -5.38249 zShift: 1.0363 energy: -1.56186
MCReject   xShift: 8.31206 crossingAngle: -39.5561 axialRotation: -5.47334 zShift: 1.03773 energy: -2.74855
MCReject   xShift: 8.31206 crossingAngle: -39.5561 axialRotation: -5.39497 zShift: 1.0363 energy: -2.84028
MCReject   xShift: 8.31206 crossingAngle: -39.5561 axialRotation: -5.37418 zShift: 1.0363 energy: -1.30612
MCReject   xShift: 8.31206 crossingAngle: -39.5561 axialRotation: -5.65198 zShift: 1.0363 energy: -3.75399
MCAccept 23 xShift: 8.31206 crossingAngle: -39.5561 axialRotation: -5.47334 zShift: 1.03392 energy: -4.9198
MCReject   xShift: 8.31206 crossingAngle: -39.5561 axialRotation: -5.47334 zShift: 1.02677 energy: -1.26403
MCReject   xShift: 8.31206 crossingAngle: -39.5478 axialRotation: -5.47334 zShift: 1.03392 energy: -4.51714
MCReject   xShift: 8.31206 crossingAngle: -39.7879 axialRotation: -5.47334 zShift: 1.03392 energy: -2.83272
MCReject   xShift: 8.31206 crossingAngle: -39.5561 axialRotation: -5.62664 zShift: 1.03392 energy: -2.68162
MCReject   xShift: 8.31206 crossingAngle: -39.5561 axialRotation: -5.47334 zShift: 1.02649 energy: -1.52606
MCReject   xShift: 8.31206 crossingAngle: -39.5561 axialRotation: -5.46441 zShift: 1.03392 energy: -2.73628
MCAccept 24 xShift: 8.31206 crossingAngle: -39.4267 axialRotation: -5.47334 zShift: 1.03392 energy: -4.9198
MCReject   xShift: 8.31206 crossingAngle: -39.5487 axialRotation: -5.47334 zShift: 1.03392 energy: -3.23538
MCReject   xShift: 8.31206 crossingAngle: -39.4267 axialRotation: -5.47334 zShift: 1.02812 energy: -3.39323
MCReject   xShift: 8.32617 crossingAngle: -39.4267 axialRotation: -5.47334 zShift: 1.03392 energy: -2.73642
MCReject   xShift: 8.31206 crossingAngle: -39.4267 axialRotation: -5.36134 zShift: 1.03392 energy: -2.97359
MCReject   xShift: 8.31206 crossingAngle: -39.4423 axialRotation: -5.47334 zShift: 1.03392 energy: -2.98177
MCReject   xShift: 8.31206 crossingAngle: -39.4267 axialRotation: -5.47334 zShift: 1.04752 energy: -1.54792
MCReject   xShift: 8.31206 crossingAngle: -39.4267 axialRotation: -5.53657 zShift: 1.03392 energy: -2.97359
MCReject   xShift: 8.31206 crossingAngle: -39.4327 axialRotation: -5.47334 zShift: 1.03392 energy: -3.18072
MCAccept 25 xShift: 8.31206 crossingAngle: -39.4267 axialRotation: -5.52395 zShift: 1.03392 energy: -4.9198
MCReject   xShift: 8.32399 crossingAngle: -39.4267 axialRotation: -5.52395 zShift: 1.03392 energy: -3.23541
MCReject   xShift: 8.31206 crossingAngle: -39.4852 axialRotation: -5.52395 zShift: 1.03392 energy: -2.83272
MCReject   xShift: 8.31206 crossingAngle: -39.4267 axialRotation: -5.5165 zShift: 1.03392 energy: -1.29763
MCReject   xShift: 8.31206 crossingAngle: -39.4927 axialRotation: -5.52395 zShift: 1.03392 energy: -2.83272
MCReject   xShift: 8.31206 crossingAngle: -39.4267 axialRotation: -5.52395 zShift: 1.03598 energy: -2.98869
MCReject   xShift: 8.31206 crossingAngle: -39.4267 axialRotation: -5.35494 zShift: 1.03392 energy: -3.23538
Energy #0: -4.9198
***GEOMETRY SHIFT***
xShift;        Before: 8.32; After: 8.31206
crossingAngle; Before: -39.38; After: -39.4267
axialRotation; Before: -5.47; After: -5.52395
zShift;        Before: 1.06; After: 1.03392
Energy;        Before: 1.6488e+07; After: -4.9198

Reached 51 cycles without improvement of 0.001. Accepted 26/268
Monte Carlo repack complete. Time: 137.733min

