***STARTING GEOMETRY:***
xShift: 8.32
crossingAngle: -39.38
axialRotation: -5.47
zShift: 1.06

Number of MCCycles: 200
PrevSequence	CurrSequence	PrevEnergy	CurrEnergy	PrevEntropy	CurrEntropy	CurrentTemp
LLLGYLLTTLLTGLLTTLILI	LLLGYLLTTLLYGLLTTLILI	-6.69549	-6.2105	0.62127	0.255144	999.847
LLLGYLLTTLLYGLLTTLILI	LLLGYLLTTLLTGLLTTLILI	-6.2105	-6.96166	0.255144	0.62127	999.684
LLLGYLLTTLLTGLLTTLILI	LLLGYLLTTLLYGLLTTLILI	-6.96166	-5.58941	0.62127	0.255144	999.512
LLLGYLLTTLLYGLLTTLILI	LLLGYLLTTLLTGLLTTLILI	-5.58941	-6.96166	0.255144	0.62127	999.328
LLLGYLLTTLLTGLLTTLILI	LLLGYLLTTLLYGLLTTLILI	-6.96166	-5.30053	0.62127	0.255144	999.134
LLLGYLLTTLLYGLLTTLILI	LLLGYLLTTLLYGLLTGLILI	-4.96392	-2.31636	0.591758	0.271676	998.928
LLLGYLLTTLLYGLLTGLILI	LLLYYLLTTLLYGLLTGLILI	-2.31856	-2.5894	0.269472	0.595564	998.708
LLLYYLLTTLLYGLLTGLILI	LLLYYLLTTLLTGLLTGLILI	-2.77161	-3.88587	0.413356	0.407346	998.476
LLLYYLLTTLLTGLLTGLILI	LLLYYLLTTLLTGLLFGLILI	-3.14639	-2.55809	1.14683	0.0921195	998.229
LLLYYLLTTLLTGLLFGLILI	LLLGYLLTTLLTGLLFGLILI	-2.19528	-1.95919	0.454934	0.368877	997.967
LLLGYLLTTLLTGLLFGLILI	LLLGYLLTTLLTGLLYGLILI	-2.19596	-3.25873	0.132101	0.952787	997.689
LLLGYLLTTLLTGLLYGLILI	LLLGYLLTTLLTGLLTGLILI	-3.9067	-3.43222	0.30482	0.538845	996.749
LLLGYLLTTLLTGLLTGLILI	LLLYYLLTTLLTGLLTGLILI	-3.60219	-3.83828	0.368877	0.454934	996.397
LLLYYLLTTLLTGLLTGLILI	LLLYYLLVTLLTGLLTGLILI	-3.01688	-0.0274989	1.27634	0.0728516	996.023
LLLYYLLVTLLTGLLTGLILI	LLLYYLLTTLLTGLLTGLILI	-0.0274989	-3.01688	0.0728516	1.27634	995.626
LLLYYLLTTLLTGLLTGLILI	LLLYYLLTTLLTGLLYGLILI	-3.88587	-3.91012	0.407346	0.413356	995.205
LLLYYLLTTLLTGLLYGLILI	LLLYYLLTTLLTGLLYSLILI	-3.73162	-0.724327	0.591862	0.271616	994.758
LLLYYLLTTLLTGLLYSLILI	LLLYYLLTTLLYGLLYSLILI	-0.733897	1.09704	0.262045	0.608671	994.285
LLLYYLLTTLLYGLLYSLILI	LLLYYLLTTLLYGLLYGLILI	0.759983	-0.156625	0.271616	0.591862	993.782
LLLYYLLTTLLYGLLYGLILI	LLLYYLLTTLLTGLLYGLILI	-0.139815	-1.76816	0.608671	0.262045	993.249
LLLYYLLTTLLTGLLYGLILI	LLLTYLLTTLLTGLLYGLILI	-1.61685	-3.81843	0.413356	0.407346	992.683
LLLTYLLTTLLTGLLYGLILI	LLLTYLLTTLLTGLLYSLILI	-3.63391	-0.518224	0.591862	0.271616	992.084
LLLTYLLTTLLTGLLYSLILI	LLLTYLLTGLLTGLLYSLILI	-0.0355276	2.93687	0.754313	0.194196	991.448
LLLTYLLTGLLTGLLYSLILI	LLLTYLLTGLLTGLLYGLILI	2.93682	0.491712	0.19415	0.754431	990.773
LLLTYLLTGLLTGLLYGLILI	LLLTYLLTGLLTGLLTGLILI	0.0421012	0.89052	0.30482	0.538845	990.058
LLLTYLLTGLLTGLLTGLILI	LLLTYLLTGLLTGLLYGLILI	0.89052	1.67989	0.538845	0.30482	989.3
LLLTYLLTGLLTGLLYGLILI	LLLTYLLVGLLTGLLYGLILI	2.50353	5.47248	1.12845	0.0952708	988.496
LLLTYLLVGLLTGLLYGLILI	LLLTYLLVGLLTGLLTGLILI	5.75655	4.48618	0.379341	0.443059	987.644
LLLTYLLVGLLTGLLTGLILI	LLLYYLLVGLLTGLLTGLILI	4.48618	3.87102	0.443059	0.379341	986.74
LLLYYLLVGLLTGLLTGLILI	LLLGYLLVGLLTGLLTGLILI	3.8614	4.08521	0.369715	0.453966	985.783
LLLGYLLVGLLTGLLTGLILI	LLLYYLLVGLLTGLLTGLILI	4.08521	3.8614	0.453966	0.369715	984.769
LLLYYLLVGLLTGLLTGLILI	LLLYYLLTGLLTGLLTGLILI	3.58695	0.546992	0.0952708	1.12845	983.694
LLLYYLLTGLLTGLLTGLILI	LLLGYLLTGLLTGLLTGLILI	-0.211746	0.197537	0.369715	0.453966	982.555
LLLGYLLTGLLTGLLTGLILI	LLLGYLLTGLLTGLLYGLILI	0.18663	-0.0982125	0.443059	0.379341	981.348
LLLGYLLTGLLTGLLYGLILI	LLLGYLLVGLLTGLLYGLILI	0.453305	3.14689	0.930859	0.137712	980.071
LLLGYLLVGLLTGLLYGLILI	LLLGYLLVGLLTGLLTGLILI	3.51422	3.95997	0.505042	0.328724	978.717
LLLGYLLVGLLTGLLTGLILI	LLLGYLLVGLLTGLLYGLILI	3.95997	5.42973	0.328724	0.505042	977.285
LLLGYLLVGLLTGLLYGLILI	LLLGYLLVGLLTGLLTGLILI	5.42973	3.95997	0.505042	0.328724	975.768
LLLGYLLVGLLTGLLTGLILI	LLLGYLLVGLLTGLLYGLILI	3.95997	3.51422	0.328724	0.505042	974.162
LLLGYLLVGLLTGLLYGLILI	LLLYYLLVGLLTGLLYGLILI	3.34674	5.48885	0.337561	0.493345	972.463
LLLYYLLVGLLTGLLYGLILI	LLLYYLLTGLLTGLLYGLILI	5.13322	1.29774	0.137712	0.930859	970.666
LLLYYLLTGLLTGLLYGLILI	LLLTYLLTGLLTGLLYGLILI	0.871928	1.7038	0.505042	0.328724	968.764
LLLTYLLTGLLTGLLYGLILI	LLLGYLLTGLLTGLLYGLILI	1.77524	1.18695	0.400165	0.420699	966.754
LLLGYLLTGLLTGLLYGLILI	LLLGYLLTGLLTGLLTGLILI	1.14559	0.18663	0.379341	0.443059	964.627
LLLGYLLTGLLTGLLTGLILI	LLLGYLLTGLLTGLLYGLILI	0.18663	1.14563	0.443059	0.379341	962.38
LLLGYLLTGLLTGLLYGLILI	LLLGYLLTGLLTGLLTGLILI	1.14563	0.18663	0.379341	0.443059	960.005
LLLGYLLTGLLTGLLTGLILI	LLLGYLLTGLLYGLLTGLILI	0.18663	1.72892	0.443059	0.379341	957.496
LLLGYLLTGLLYGLLTGLILI	LLLYYLLTGLLYGLLTGLILI	1.68714	1.51368	0.337561	0.493345	952.048
LLLYYLLTGLLYGLLTGLILI	LLLYWLLTGLLYGLLTGLILI	1.61146	6.09746	0.591129	0.272043	949.095
LLLYWLLTGLLYGLLTGLILI	LLLYYLLTGLLYGLLTGLILI	6.09746	1.61146	0.272043	0.591129	945.979
LLLYYLLTGLLYGLLTGLILI	LLLYYLLTGLLYGLLTSLILI	1.77476	2.45189	0.754431	0.19415	942.693
LLLYYLLTGLLYGLLTSLILI	LLLYYLLTGLLYGLLTGLILI	2.45189	2.17039	0.19415	0.754431	939.229
LLLYYLLTGLLYGLLTGLILI	LLLGYLLTGLLYGLLTGLILI	1.9093	1.97	0.493345	0.337561	935.578
LLLGYLLTGLLYGLLTGLILI	LLLYYLLTGLLYGLLTGLILI	1.97	1.51368	0.337561	0.493345	931.732
LLLYYLLTGLLYGLLTGLILI	LLLYYLLTGLLYGLLTALILI	2.08568	3.47834	1.06535	0.107014	927.683
LLLYYLLTGLLYGLLTALILI	LLLYWLLTGLLYGLLTALILI	3.96246	8.05283	0.591129	0.272043	923.422
LLLYWLLTGLLYGLLTALILI	LLLYWLLTGLLYGLLTGLILI	7.8878	7.18311	0.107014	1.06535	918.939
LLLYWLLTGLLYGLLTGLILI	LLLYYLLTGLLYGLLTGLILI	6.3898	1.61146	0.272043	0.591129	914.227
LLLYYLLTGLLYGLLTGLILI	LLLYYLLTGLLYGLLFGLILI	1.83652	3.39612	0.816184	0.171816	909.276
LLLYYLLTGLLYGLLFGLILI	LLLYYLLTGLLYGLLYGLILI	3.29403	2.78407	0.0697276	1.30076	904.077
LLLYYLLTGLLYGLLYGLILI	LLLYYLLTGLLTGLLYGLILI	2.25687	1.03796	0.773553	0.186892	898.621
LLLYYLLTGLLTGLLYGLILI	LLLYYLLTGLLTGLLYSLILI	1.6055	1.77727	0.754431	0.19415	892.899
LLLYYLLTGLLTGLLYSLILI	LLLYYLLTGLLTGLLYGLILI	1.77727	-0.0323436	0.19415	0.754431	886.903
LLLYYLLTGLLTGLLYGLILI	LLLYYLLTGLLTGLLYALILI	0.278572	2.09918	1.06535	0.107014	880.623
LLLYYLLTGLLTGLLYALILI	LLLYYLLTGLLTGLLYGLILI	2.09918	0.278572	0.107014	1.06535	874.051
LLLYYLLTGLLTGLLYGLILI	LLLYYLLTGLLYGLLYGLILI	-0.599883	3.67413	0.186892	0.773553	867.179
LLLYYLLTGLLYGLLYGLILI	LLLYYLLTGLLYGLLTGLILI	3.67413	1.20722	0.773553	0.186892	859.999
LLLYYLLTGLLYGLLTGLILI	LLLGYLLTGLLYGLLTGLILI	1.51368	1.68714	0.493345	0.337561	852.504
LLLGYLLTGLLYGLLTGLILI	LLLGYLLTGLLTGLLTGLILI	1.72892	0.18663	0.379341	0.443059	844.686
LLLGYLLTGLLTGLLTGLILI	LLLGYLLTGLLTGLLYGLILI	0.18663	-0.492802	0.443059	0.379341	836.541
LLLGYLLTGLLTGLLYGLILI	LLLYYLLTGLLTGLLYGLILI	-0.534583	0.935147	0.337561	0.493345	810.083
LLLYYLLTGLLTGLLYGLILI	LLLYYLLTGLLTGLLYTLILI	0.781982	2.44835	0.34018	0.489954	790.724
LLLYYLLTGLLTGLLYTLILI	LLLYYLLTGLLTGLLTTLILI	2.37175	2.5641	0.413356	0.407346	769.974
LLLYYLLTGLLTGLLTTLILI	LLLYYLLTGLLTGLLTGLILI	2.74851	0.0995619	0.591758	0.271676	759.081
LLLYYLLTGLLTGLLTGLILI	LLLGYLLTGLLTGLLTGLILI	0.1976	0.197537	0.369715	0.453966	736.272
LLLGYLLTGLLTGLLTGLILI	LLLYYLLTGLLTGLLTGLILI	0.197537	-0.211746	0.453966	0.369715	724.369
LLLYYLLTGLLTGLLTGLILI	LLLGYLLTGLLTGLLTGLILI	-0.211746	0.197537	0.369715	0.453966	712.142
LLLGYLLTGLLTGLLTGLILI	LLLGYLLTGLLTGLLTSLILI	0.625411	1.11993	0.88184	0.151251	699.602
LLLGYLLTGLLTGLLTSLILI	LLLYYLLTGLLTGLLTSLILI	1.33756	1.63919	0.368877	0.454934	686.76
LLLYYLLTGLLTGLLTSLILI	LLLTYLLTGLLTGLLTSLILI	1.48907	2.11563	0.30482	0.538845	673.628
LLLTYLLTGLLTGLLTSLILI	LLLTYLLTGLLTGLLTGLILI	1.77094	1.20428	0.19415	0.754431	660.222
LLLTYLLTGLLTGLLTGLILI	LLLYYLLTGLLTGLLTGLILI	0.98869	-0.276641	0.538845	0.30482	646.557
LLLYYLLTGLLTGLLTGLILI	LLLYYLLTGLLYGLLTGLILI	-0.252737	1.52538	0.328724	0.505042	618.524
LLLYYLLTGLLYGLLTGLILI	LLLYYLLTGLLYGLLFGLILI	1.83652	3.39612	0.816184	0.171816	604.196
LLLYYLLTGLLYGLLFGLILI	LLLGYLLTGLLYGLLFGLILI	3.71765	3.89111	0.493345	0.337561	589.688
LLLGYLLTGLLYGLLFGLILI	LLLYYLLTGLLYGLLFGLILI	3.89111	3.71765	0.337561	0.493345	575.025
LLLYYLLTGLLYGLLFGLILI	LLLYYLLTGLLTGLLFGLILI	3.87869	1.76361	0.654392	0.238039	560.23
LLLYYLLTGLLTGLLFGLILI	LLLYYLLTGLLTGLLTGLILI	1.64547	0.832183	0.119894	1.0043	545.329
LLLYYLLTGLLTGLLTGLILI	LLLYYLLTGLLTGLLTALILI	0.893232	1.48076	1.06535	0.107014	530.348
LLLYYLLTGLLTGLLTALILI	LLLGYLLTGLLTGLLTALILI	1.82868	2.06766	0.454934	0.368877	515.312
LLLGYLLTGLLTGLLTALILI	LLLYYLLTGLLTGLLTALILI	2.06766	2.23803	0.368877	0.454934	500.25
LLLYYLLTGLLTGLLTALILI	LLLYYLLTGLLTGLLTGLILI	1.89011	0.483886	0.107014	1.06535	485.188
LLLYYLLTGLLTGLLTGLILI	LLLGYLLTGLLTGLLTGLILI	-0.211746	0.197537	0.369715	0.453966	470.152
LLLGYLLTGLLTGLLTGLILI	LLLYYLLTGLLTGLLTGLILI	0.197537	-0.211746	0.453966	0.369715	455.171
LLLYYLLTGLLTGLLTGLILI	LLLYYLLTGLLTGLLYGLILI	-0.252737	-0.281732	0.328724	0.505042	425.475
LLLYYLLTGLLTGLLYGLILI	LLLYYLLTGLLTGLLTGLILI	-0.281732	-0.252737	0.505042	0.328724	410.812
LLLYYLLTGLLTGLLTGLILI	LLLGYLLTGLLTGLLTGLILI	-0.211746	0.197537	0.369715	0.453966	396.304
LLLGYLLTGLLTGLLTGLILI	LLLGYLLTGLLTGLLFGLILI	0.747869	1.56115	1.0043	0.119894	381.976
LLLGYLLTGLLTGLLFGLILI	LLLGYLLTGLLTGLLFSLILI	2.3231	3.27637	0.88184	0.151251	367.849
LLLGYLLTGLLTGLLFSLILI	LLLGYLLTGLLTGLLTSLILI	3.24501	1.97298	0.119894	1.0043	353.943
LLLGYLLTGLLTGLLTSLILI	LLLGYLLTGLLTGLLTGLILI	1.11993	0.625411	0.151251	0.88184	340.278
LLLGYLLTGLLTGLLTGLILI	LLLYYLLTGLLTGLLTGLILI	0.197537	-0.211746	0.453966	0.369715	288.358
LLLYYLLTGLLTGLLTGLILI	LLLGYLLTGLLTGLLTGLILI	-0.211746	0.197537	0.369715	0.453966	241.419
LLLGYLLTGLLTGLLTGLILI	LLLGYLLTGLLTGLLYGLILI	0.18663	-0.492802	0.443059	0.379341	230.526
LLLGYLLTGLLTGLLYGLILI	LLLYYLLTGLLTGLLYGLILI	-0.534583	-0.29343	0.337561	0.493345	209.776
LLLYYLLTGLLTGLLYGLILI	LLLGYLLTGLLTGLLYGLILI	-0.29343	1.0289	0.493345	0.337561	199.923
LLLGYLLTGLLTGLLYGLILI	LLLYYLLTGLLTGLLYGLILI	1.0289	-0.196365	0.337561	0.493345	190.417
LLLYYLLTGLLTGLLYGLILI	LLLGYLLTGLLTGLLYGLILI	-0.196365	-0.534583	0.493345	0.337561	181.257
LLLGYLLTGLLTGLLYGLILI	LLLYYLLTGLLTGLLYGLILI	-0.534583	-0.702669	0.337561	0.493345	140.501
LLLYYLLTGLLTGLLYGLILI	LLLYYLLTGLLTGLLTGLILI	-0.690972	-0.252737	0.505042	0.328724	133.321
LLLYYLLTGLLTGLLTGLILI	LLLGYLLTGLLTGLLTGLILI	-0.211746	0.197537	0.369715	0.453966	126.449
LLLGYLLTGLLTGLLTGLILI	LLLYYLLTGLLTGLLTGLILI	0.197537	0.1976	0.453966	0.369715	113.597
LLLYYLLTGLLTGLLTGLILI	LLLYYLLTGLLTGLLYGLILI	0.15661	-0.690972	0.328724	0.505042	101.879
Time: 322s
