***STARTING GEOMETRY:***
xShift: 6.82145
crossingAngle: -43.3331
axialRotation: 6.70068
zShift: 5.0158

Number of MCCycles: 100
PrevSequence	CurrSequence	PrevEnergy	CurrEnergy	PrevEntropy	CurrEntropy	CurrentTemp
LLLLLLGTLLGYLLSTLLILI	LLLLLLGTLLGYLLATLLILI	-29.4348	-28.7473	0.642213	0.244161	999.684
LLLLLLGTLLGYLLATLLILI	LLLLLLGTLLGYLLSTLLILI	-28.7473	-29.641	0.244161	0.642213	999.328
LLLLLLGTLLGYLLSTLLILI	LLLLLLGTLLGYLLATLLILI	-29.641	-28.7473	0.642213	0.244161	998.928
LLLLLLGTLLGYLLATLLILI	LLLLLLGTLLGYLLSTLLILI	-28.7473	-29.641	0.244161	0.642213	998.476
LLLLLLGTLLGYLLSTLLILI	LLLYLLGTLLGYLLSTLLILI	-30.1063	-28.286	0.176934	0.801241	997.967
LLLYLLGTLLGYLLSTLLILI	LLLLLLGTLLGYLLSTLLILI	-28.286	-30.1063	0.801241	0.176934	997.394
LLLLLLGTLLGYLLSTLLILI	LLLLLLGTLLGYLLATLLILI	-29.641	-28.7473	0.642213	0.244161	996.749
LLLLLLGTLLGYLLATLLILI	LLLWLLGTLLGYLLATLLILI	-28.7931	-29.5223	0.198389	0.743646	996.023
LLLWLLGTLLGYLLATLLILI	LLLWLLGTLLGYLLSTLLILI	-30.0218	-30.9185	0.244161	0.642213	995.205
LLLWLLGTLLGYLLSTLLILI	LLLWLLGTLLGYLLATLLILI	-30.9185	-30.0218	0.642213	0.244161	993.249
LLLWLLGTLLGYLLATLLILI	LLLWLLGTLLGYLLAVLLILI	-29.8556	-26.057	0.410343	0.410343	992.084
LLLWLLGTLLGYLLAVLLILI	LLLWLLGTLLGYLLATLLILI	-26.057	-29.8556	0.410343	0.410343	990.773
LLLWLLGTLLGYLLATLLILI	LLLWLLGTLLGFLLATLLILI	-29.6156	-28.4887	0.650378	0.240035	989.3
LLLWLLGTLLGFLLATLLILI	LLLLLLGTLLGFLLATLLILI	-27.9851	-27.29	0.743646	0.198389	987.644
LLLLLLGTLLGFLLATLLILI	LLLWLLGTLLGFLLATLLILI	-27.29	-27.9851	0.198389	0.743646	985.783
LLLWLLGTLLGFLLATLLILI	LLLWLLGTLLGFLLGTLLILI	-28.6217	-27.2561	0.107014	1.06535	981.348
LLLWLLGTLLGFLLGTLLILI	LLLLLLGTLLGFLLGTLLILI	-27.5778	-26.885	0.743646	0.198389	978.717
LLLLLLGTLLGFLLGTLLILI	LLLYLLGTLLGFLLGTLLILI	-26.7705	-25.3599	0.312976	0.526939	975.768
LLLYLLGTLLGFLLGTLLILI	LLLYLLGTLLGFLLSTLLILI	-25.1324	-28.176	0.754431	0.19415	972.463
LLLYLLGTLLGFLLSTLLILI	LLLWLLGTLLGFLLSTLLILI	-28.1025	-29.5228	0.267575	0.598868	968.764
LLLWLLGTLLGFLLSTLLILI	LLLWLLGTLLGFLLATLLILI	-29.4794	-28.4846	0.642213	0.244161	964.627
LLLWLLGTLLGFLLATLLILI	LLLWLLGTLLGFLLSTLLILI	-28.4846	-29.4794	0.244161	0.642213	960.005
LLLWLLGTLLGFLLSTLLILI	LLLWLLGTLLGFLLSYLLILI	-29.7113	-25.6713	0.410343	0.410343	954.846
LLLWLLGTLLGFLLSYLLILI	LLLWLLGTLLGYLLSYLLILI	-25.8416	-26.2996	0.240035	0.650378	949.095
LLLWLLGTLLGYLLSYLLILI	LLLWLLGTLLGYLLSTLLILI	-26.5397	-31.1503	0.410343	0.410343	942.693
LLLWLLGTLLGYLLSTLLILI	LLLWLLGTLLGFLLSTLLILI	-30.9103	-29.8816	0.650378	0.240035	935.578
LLLWLLGTLLGFLLSTLLILI	LLLWLLGTLLGFLLSVLLILI	-29.7113	-25.7014	0.410343	0.410343	918.939
LLLWLLGTLLGFLLSVLLILI	LLLWLLGTLLGYLLSVLLILI	-25.8718	-27.0726	0.240035	0.650378	909.276
LLLWLLGTLLGYLLSVLLILI	LLLWLLGTLLGYLLAVLLILI	-27.0807	-26.2232	0.642213	0.244161	898.621
LLLWLLGTLLGYLLAVLLILI	LLLWLLGTLLGYLLSVLLILI	-26.2232	-27.0807	0.244161	0.642213	886.903
LLLWLLGTLLGYLLSVLLILI	LLLLLLGTLLGYLLSVLLILI	-26.9793	-26.2498	0.743646	0.198389	874.051
LLLLLLGTLLGYLLSVLLILI	LLLLLLGTLLGYLLSTLLILI	-26.0379	-29.8728	0.410343	0.410343	859.999
LLLLLLGTLLGYLLSTLLILI	LLLWLLGTLLGYLLSTLLILI	-30.0848	-30.817	0.198389	0.743646	844.686
LLLWLLGTLLGYLLSTLLILI	LLLWLLGTLLGFLLSTLLILI	-30.9103	-29.8816	0.650378	0.240035	828.061
LLLWLLGTLLGFLLSTLLILI	LLLWLLGTLLGYLLSTLLILI	-29.8816	-30.9103	0.240035	0.650378	810.083
LLLWLLGTLLGYLLSTLLILI	LLLLLLGTLLGYLLSTLLILI	-30.817	-30.0848	0.743646	0.198389	790.724
LLLLLLGTLLGYLLSTLLILI	LLLLLLGTLLGYLLATLLILI	-29.641	-28.7473	0.642213	0.244161	747.845
LLLLLLGTLLGYLLATLLILI	LLLWLLGTLLGYLLATLLILI	-28.7931	-29.5223	0.198389	0.743646	724.369
LLLWLLGTLLGYLLATLLILI	LLLWLLGTLLGYLLSTLLILI	-30.0218	-30.9185	0.244161	0.642213	699.602
LLLWLLGTLLGYLLSTLLILI	LLLLLLGTLLGYLLSTLLILI	-30.817	-30.0848	0.743646	0.198389	646.557
LLLLLLGTLLGYLLSTLLILI	LLLLLLGTLLGFLLSTLLILI	-29.6328	-28.6383	0.650378	0.240035	618.524
LLLLLLGTLLGFLLSTLLILI	LLLLLLGTLLGFLLATLLILI	-28.2361	-27.2443	0.642213	0.244161	589.688
LLLLLLGTLLGFLLATLLILI	LLLLLLGTLLGYLLATLLILI	-27.2484	-28.3411	0.240035	0.650378	560.23
LLLLLLGTLLGYLLATLLILI	LLLLLLGTLLGYLLSTLLILI	-28.7473	-29.641	0.244161	0.642213	530.348
LLLLLLGTLLGYLLSTLLILI	LLLLLLGTLLGYLLATLLILI	-29.641	-28.7473	0.642213	0.244161	410.812
LLLLLLGTLLGYLLATLLILI	LLLLLLGTLLGYLLSTLLILI	-28.7473	-29.641	0.244161	0.642213	381.976
LLLLLLGTLLGYLLSTLLILI	LLLWLLGTLLGYLLSTLLILI	-30.0848	-30.817	0.198389	0.743646	300.898
LLLWLLGTLLGYLLSTLLILI	LLLLLLGTLLGYLLSTLLILI	-30.817	-30.0848	0.743646	0.198389	252.655
LLLLLLGTLLGYLLSTLLILI	LLLWLLGTLLGYLLSTLLILI	-30.0848	-30.817	0.198389	0.743646	230.526
LLLWLLGTLLGYLLSTLLILI	LLLLLLGTLLGYLLSTLLILI	-30.817	-30.0848	0.743646	0.198389	172.439
LLLLLLGTLLGYLLSTLLILI	LLLWLLGTLLGYLLSTLLILI	-30.0848	-30.817	0.198389	0.743646	155.814
Time: 110s
