***STARTING GEOMETRY:***
xShift: 8.67597
crossingAngle: 26.19
axialRotation: 50
zShift: 3.22877

Number of MCCycles: 100
PrevSequence	CurrSequence	PrevEnergy	CurrEnergy	PrevEntropy	CurrEntropy	CurrentTemp
LLLWVLLALLTTLTTLLLILI	LLLWVLLALLTTLTSLLLILI	1031.82	1032.39	1.001	0.120637	999.684
LLLWVLLALLTTLTSLLLILI	LLLWVLLALLTTLTTLLLILI	1032.39	1031.98	0.120637	1.001	999.328
LLLWVLLALLTTLTTLLLILI	LLLWVLLALLTTLTSLLLILI	1031.98	1032.39	1.001	0.120637	998.928
LLLWVLLALLTTLTSLLLILI	LLLWILLALLTTLTSLLLILI	1032.67	1032.96	0.398479	0.42245	998.476
LLLWILLALLTTLTSLLLILI	LLLWILLGLLTTLTSLLLILI	1032.81	1034.15	0.276169	0.584123	997.967
LLLWILLGLLTTLTSLLLILI	LLLWILLGLLYTLTSLLLILI	1034.26	1029.27	0.693609	0.219549	997.394
LLLWILLGLLYTLTSLLLILI	LLLWVLLGLLYTLTSLLLILI	1029.48	1028.95	0.42245	0.398479	996.749
LLLWVLLGLLYTLTSLLLILI	LLLWVLLGLLFTLTSLLLILI	1029.2	1032.24	0.650378	0.240035	996.023
LLLWVLLGLLFTLTSLLLILI	LLLFVLLGLLFTLTSLLLILI	1032.59	1034.57	0.598868	0.267575	995.205
LLLFVLLGLLFTLTSLLLILI	LLLFVLLGLLFYLTSLLLILI	1034.84	1034.75	0.538845	0.30482	994.285
LLLFVLLGLLFYLTSLLLILI	LLLFVLLGLLYYLTSLLLILI	1034.68	1032.87	0.240035	0.650378	993.249
LLLFVLLGLLYYLTSLLLILI	LLLFVLLGLLYFLTSLLLILI	1032.87	1031.73	0.650378	0.240035	992.084
LLLFVLLGLLYFLTSLLLILI	LLLFVLLGLLYFLTTLLLILI	1031.71	1030.85	0.220804	0.690823	990.773
LLLFVLLGLLYFLTTLLLILI	LLLFVLLGLLYLLTTLLLILI	1030.68	1030.58	0.526939	0.312976	989.3
LLLFVLLGLLYLLTTLLLILI	LLLFVLLGLLYLLTSLLLILI	1030.96	1032.54	0.690823	0.220804	987.644
LLLFVLLGLLYLLTSLLLILI	LLLFVLLGLLYLLTTLLLILI	1032.54	1030.96	0.220804	0.690823	985.783
LLLFVLLGLLYLLTTLLLILI	LLLFVLLGLLYFLTTLLLILI	1030.58	1030.69	0.312976	0.526939	983.694
LLLFVLLGLLYFLTTLLLILI	LLLFVLLGLLYFLTSLLLILI	1030.86	1031.71	0.690823	0.220804	981.348
LLLFVLLGLLYFLTSLLLILI	LLLFVLLGLLYFLTTLLLILI	1031.71	1030.85	0.220804	0.690823	978.717
LLLFVLLGLLYFLTTLLLILI	LLLFILLGLLYFLTTLLLILI	1030.56	1031.74	0.398479	0.42245	975.768
LLLFILLGLLYFLTTLLLILI	LLLFILLGLLYFLTSLLLILI	1032	1032.86	0.690823	0.220804	972.463
LLLFILLGLLYFLTSLLLILI	LLLFILLGLLYWLTSLLLILI	1032.9	1033.76	0.267575	0.598868	968.764
LLLFILLGLLYWLTSLLLILI	LLLFILLGLLYWLTTLLLILI	1033.38	1031.94	0.220804	0.690823	964.627
LLLFILLGLLYWLTTLLLILI	LLLFILLGLLYFLTTLLLILI	1031.85	1031.58	0.598868	0.267575	960.005
LLLFILLGLLYFLTTLLLILI	LLLWILLGLLYFLTTLLLILI	1031.58	1028.02	0.267575	0.598868	954.846
LLLWILLGLLYFLTTLLLILI	LLLWILLGLLYFLTSLLLILI	1028.11	1028.96	0.690823	0.220804	949.095
LLLWILLGLLYFLTSLLLILI	LLLWVLLGLLYFLTSLLLILI	1029.17	1028.64	0.42245	0.398479	942.693
LLLWVLLGLLYFLTSLLLILI	LLLWVLLGLLYFLTTLLLILI	1028.46	1027.6	0.220804	0.690823	935.578
LLLWVLLGLLYFLTTLLLILI	LLLFVLLGLLYFLTTLLLILI	1027.51	1030.43	0.598868	0.267575	927.683
LLLFVLLGLLYFLTTLLLILI	LLLFVLLGLLYLLTTLLLILI	1030.68	1030.58	0.526939	0.312976	918.939
LLLFVLLGLLYLLTTLLLILI	LLLFILLGLLYLLTTLLLILI	1030.67	1031.83	0.398479	0.42245	909.276
LLLFILLGLLYLLTTLLLILI	LLLFILLGLLYLLVTLLLILI	1032.34	1035.34	0.930859	0.137712	898.621
LLLFILLGLLYLLVTLLLILI	LLLWILLGLLYLLVTLLLILI	1035.35	1032.18	0.148778	0.890414	886.903
LLLWILLGLLYLLVTLLLILI	LLLWILLGLLYFLVTLLLILI	1031.81	1031.52	0.516639	0.320259	874.051
LLLWILLGLLYFLVTLLLILI	LLLWVLLGLLYFLVTLLLILI	1031.45	1031.33	0.248134	0.634506	859.999
LLLWVLLGLLYFLVTLLLILI	LLLWVLLGLLYFLVSLLLILI	1031.14	1032.31	0.440933	0.381257	844.686
LLLWVLLGLLYFLVSLLLILI	LLLWVLLGLLFFLVSLLLILI	1032.34	1035.29	0.410343	0.410343	828.061
LLLWVLLGLLFFLVSLLLILI	LLLWVLLGLLYFLVSLLLILI	1035.29	1032.34	0.410343	0.410343	810.083
LLLWVLLGLLYFLVSLLLILI	LLLWILLGLLYFLVSLLLILI	1032.56	1032.68	0.634506	0.248134	790.724
LLLWILLGLLYFLVSLLLILI	LLLWVLLGLLYFLVSLLLILI	1032.68	1032.56	0.248134	0.634506	769.974
LLLWVLLGLLYFLVSLLLILI	LLLWVLLGLLYFLTSLLLILI	1032.35	1028.64	0.424273	0.396733	747.845
LLLWVLLGLLYFLTSLLLILI	LLLWVLLGLLYLLTSLLLILI	1028.56	1029.57	0.320259	0.516639	724.369
LLLWVLLGLLYLLTSLLLILI	LLLWVLLGLLYFLTSLLLILI	1029.57	1028.56	0.516639	0.320259	699.602
LLLWVLLGLLYFLTSLLLILI	LLLFVLLGLLYFLTSLLLILI	1028.84	1031.75	0.598868	0.267575	673.628
LLLFVLLGLLYFLTSLLLILI	LLLFILLGLLYFLTSLLLILI	1031.89	1033.06	0.398479	0.42245	646.557
LLLFILLGLLYFLTSLLLILI	LLLFVLLGLLYFLTSLLLILI	1033.06	1031.89	0.42245	0.398479	618.524
LLLFVLLGLLYFLTSLLLILI	LLLFVLLGLLYWLTSLLLILI	1031.75	1032.6	0.267575	0.598868	589.688
LLLFVLLGLLYWLTSLLLILI	LLLFVLLGLLYWLTTLLLILI	1032.22	1030.78	0.220804	0.690823	560.23
LLLFVLLGLLYWLTTLLLILI	LLLWVLLGLLYWLTTLLLILI	1030.17	1028.08	0.0790506	1.23103	530.348
LLLWVLLGLLYWLTTLLLILI	LLLFVLLGLLYWLTTLLLILI	1028.08	1030.17	1.23103	0.0790506	500.25
LLLFVLLGLLYWLTTLLLILI	LLLWVLLGLLYWLTTLLLILI	1030.17	1028.08	0.0790506	1.23103	470.152
LLLWVLLGLLYWLTTLLLILI	LLLWVLLGLLYFLTTLLLILI	1028.08	1026.99	1.23103	0.0790506	440.27
LLLWVLLGLLYFLTTLLLILI	LLLWILLGLLYFLTTLLLILI	1027.31	1027.84	0.398479	0.42245	410.812
LLLWILLGLLYFLTTLLLILI	LLLWVLLGLLYFLTTLLLILI	1027.84	1027.31	0.42245	0.398479	381.976
LLLWVLLGLLYFLTTLLLILI	LLLWVLLGLLYLLTTLLLILI	1027.23	1027.52	0.320259	0.516639	353.943
LLLWVLLGLLYLLTTLLLILI	LLLWILLGLLYLLTTLLLILI	1027.4	1027.93	0.398479	0.42245	326.872
LLLWILLGLLYLLTTLLLILI	LLLWILLGLLYFLTTLLLILI	1028.02	1027.73	0.516639	0.320259	300.898
LLLWILLGLLYFLTTLLLILI	LLLWVLLGLLYFLTTLLLILI	1027.84	1027.31	0.42245	0.398479	276.131
LLLWVLLGLLYFLTTLLLILI	LLLWVLLGLLYLLTTLLLILI	1027.23	1027.52	0.320259	0.516639	252.655
LLLWVLLGLLYLLTTLLLILI	LLLWVLLGLLYFLTTLLLILI	1027.52	1027.24	0.516639	0.320259	209.776
LLLWVLLGLLYFLTTLLLILI	LLLWVLLGLLYLLTTLLLILI	1027.24	1027.52	0.320259	0.516639	190.417
LLLWVLLGLLYLLTTLLLILI	LLLWVLLGLLYFLTTLLLILI	1027.52	1027.23	0.516639	0.320259	172.439
LLLWVLLGLLYFLTTLLLILI	LLLWVLLGLLYLLTTLLLILI	1027.23	1027.52	0.320259	0.516639	155.814
LLLWVLLGLLYLLTTLLLILI	LLLWVLLGLLYFLTTLLLILI	1027.52	1027.23	0.516639	0.320259	140.501
LLLWVLLGLLYFLTTLLLILI	LLLWVLLGLLYLLTTLLLILI	1027.23	1027.52	0.320259	0.516639	101.879
LLLWVLLGLLYLLTTLLLILI	LLLWVLLGLLYFLTTLLLILI	1027.52	1027.24	0.516639	0.320259	81.5606
Time: 167s
