***STARTING GEOMETRY:***
xShift: 7.22318
crossingAngle: -35.4617
axialRotation: 6.16696
zShift: 3.77412

Number of MCCycles: 100
PrevSequence	CurrSequence	PrevEnergy	CurrEnergy	PrevEntropy	CurrEntropy	CurrentTemp
LLLWLLGTLLGTLLGTLLILI	LLLWLLGTLLGWLLGTLLILI	-17.9104	-20.8087	0.291546	0.559121	999.684
LLLWLLGTLLGWLLGTLLILI	LLLFLLGTLLGWLLGTLLILI	-20.1368	-22.5582	1.23103	0.0790506	999.328
LLLFLLGTLLGWLLGTLLILI	LLLYLLGTLLGWLLGTLLILI	-22.3972	-20.7824	0.240035	0.650378	998.928
LLLYLLGTLLGWLLGTLLILI	LLLYLLGTLLGTLLGTLLILI	-21.0896	-23.6936	0.343253	0.48602	998.476
LLLYLLGTLLGTLLGTLLILI	LLLFLLGTLLGTLLGTLLILI	-23.5292	-23.0492	0.650378	0.240035	997.967
LLLFLLGTLLGTLLGTLLILI	LLLFLLGTLLGTLLGVLLILI	-22.1608	-19.4689	1.12845	0.0952708	997.394
LLLFLLGTLLGTLLGVLLILI	LLLFLLGTLLGWLLGVLLILI	-19.2005	-18.1341	0.363705	0.460972	996.749
LLLFLLGTLLGWLLGVLLILI	LLLFLLGTLLGTLLGVLLILI	-18.1341	-19.2005	0.460972	0.363705	996.023
LLLFLLGTLLGTLLGVLLILI	LLLFLLGTLLGWLLGVLLILI	-19.2005	-18.1341	0.363705	0.460972	995.205
LLLFLLGTLLGWLLGVLLILI	LLLWLLGTLLGWLLGVLLILI	-18.516	-16.0946	0.0790506	1.23103	994.285
LLLWLLGTLLGWLLGVLLILI	LLLWLLGTLLGWLLGTLLILI	-17.1879	-21.4154	0.137712	0.930859	993.249
LLLWLLGTLLGWLLGTLLILI	LLLFLLGTLLGWLLGTLLILI	-21.1152	-22.5582	1.23103	0.0790506	990.773
LLLFLLGTLLGWLLGTLLILI	LLLWLLGTLLGWLLGTLLILI	-22.5582	-21.7612	0.0790506	1.23103	987.644
LLLWLLGTLLGWLLGTLLILI	LLLFLLGTLLGWLLGTLLILI	-21.7612	-22.5582	1.23103	0.0790506	985.783
LLLFLLGTLLGWLLGTLLILI	LLLFLLGTLLGTLLGTLLILI	-22.294	-22.8033	0.343253	0.48602	981.348
LLLFLLGTLLGTLLGTLLILI	LLLFLLGVLLGTLLGTLLILI	-22.1608	-20.0059	1.12845	0.0952708	978.717
LLLFLLGVLLGTLLGTLLILI	LLLWLLGVLLGTLLGTLLILI	-19.9524	-18.8555	0.148778	0.890414	975.768
LLLWLLGVLLGTLLGTLLILI	LLLFLLGVLLGTLLGTLLILI	-18.8555	-19.9525	0.890414	0.148778	972.463
LLLFLLGVLLGTLLGTLLILI	LLLWLLGVLLGTLLGTLLILI	-19.9525	-18.7173	0.148778	0.890414	968.764
LLLWLLGVLLGTLLGTLLILI	LLLWLLGVLLGYLLGTLLILI	-19.0689	-15.079	0.538845	0.30482	964.627
LLLWLLGVLLGYLLGTLLILI	LLLWLLGVLLGTLLGTLLILI	-15.079	-17.69	0.30482	0.538845	960.005
LLLWLLGVLLGTLLGTLLILI	LLLWLLGTLLGTLLGTLLILI	-18.1335	-20.712	0.0952708	1.12845	954.846
LLLWLLGTLLGTLLGTLLILI	LLLWLLGTLLGWLLGTLLILI	-21.5489	-21.4904	0.291546	0.559121	949.095
LLLWLLGTLLGWLLGTLLILI	LLLWLLGTLLGTLLGTLLILI	-21.4904	-22.3187	0.559121	0.291546	942.693
LLLWLLGTLLGTLLGTLLILI	LLLFLLGTLLGTLLGTLLILI	-21.7198	-23.1405	0.890414	0.148778	927.683
LLLFLLGTLLGTLLGTLLILI	LLLWLLGTLLGTLLGTLLILI	-23.1405	-22.0165	0.148778	0.890414	918.939
LLLWLLGTLLGTLLGTLLILI	LLLWLLGTLLGWLLGTLLILI	-22.6153	-20.8087	0.291546	0.559121	909.276
LLLWLLGTLLGWLLGTLLILI	LLLYLLGTLLGWLLGTLLILI	-20.4774	-23.3861	0.890414	0.148778	898.621
LLLYLLGTLLGWLLGTLLILI	LLLYLLGTLLGTLLGTLLILI	-23.1916	-21.5415	0.343253	0.48602	886.903
LLLYLLGTLLGTLLGTLLILI	LLLFLLGTLLGTLLGTLLILI	-21.3771	-23.0492	0.650378	0.240035	874.051
LLLFLLGTLLGTLLGTLLILI	LLLFLLGTLLGTLLGYLLILI	-22.5957	-19.6073	0.693609	0.219549	844.686
LLLFLLGTLLGTLLGYLLILI	LLLFLLGTLLGTLLGTLLILI	-19.6073	-22.5957	0.219549	0.693609	828.061
LLLFLLGTLLGTLLGTLLILI	LLLYLLGTLLGTLLGTLLILI	-23.0492	-21.5552	0.240035	0.650378	810.083
LLLYLLGTLLGTLLGTLLILI	LLLFLLGTLLGTLLGTLLILI	-21.5552	-23.0492	0.650378	0.240035	790.724
LLLFLLGTLLGTLLGTLLILI	LLLFLLGTLLGWLLGTLLILI	-22.8033	-19.6451	0.48602	0.343253	769.974
LLLFLLGTLLGWLLGTLLILI	LLLFLLGTLLGWLLGYLLILI	-19.4496	-18.1812	0.538845	0.30482	724.369
LLLFLLGTLLGWLLGYLLILI	LLLFLLGTLLGWLLGTLLILI	-18.1812	-19.4496	0.30482	0.538845	673.628
LLLFLLGTLLGWLLGTLLILI	LLLFLLGTLLGTLLGTLLILI	-19.6451	-22.8033	0.343253	0.48602	646.557
LLLFLLGTLLGTLLGTLLILI	LLLWLLGTLLGTLLGTLLILI	-23.1405	-21.7198	0.148778	0.890414	618.524
LLLWLLGTLLGTLLGTLLILI	LLLFLLGTLLGTLLGTLLILI	-21.7198	-23.1405	0.890414	0.148778	589.688
LLLFLLGTLLGTLLGTLLILI	LLLYLLGTLLGTLLGTLLILI	-23.0492	-23.5781	0.240035	0.650378	560.23
LLLYLLGTLLGTLLGTLLILI	LLLYLLGTLLGTLLGVLLILI	-23.1	-20.3591	1.12845	0.0952708	530.348
LLLYLLGTLLGTLLGVLLILI	LLLYLLGTLLGWLLGVLLILI	-20.0906	-19.0317	0.363705	0.460972	500.25
LLLYLLGTLLGWLLGVLLILI	LLLYLLGTLLGWLLGTLLILI	-19.355	-20.7532	0.137712	0.930859	470.152
LLLYLLGTLLGWLLGTLLILI	LLLFLLGTLLGWLLGTLLILI	-21.0337	-22.3972	0.650378	0.240035	440.27
LLLFLLGTLLGWLLGTLLILI	LLLYLLGTLLGWLLGTLLILI	-22.3972	-22.8962	0.240035	0.650378	381.976
LLLYLLGTLLGWLLGTLLILI	LLLYLLGTLLGTLLGTLLILI	-23.2034	-23.6962	0.343253	0.48602	353.943
LLLYLLGTLLGTLLGTLLILI	LLLFLLGTLLGTLLGTLLILI	-23.5318	-23.0492	0.650378	0.240035	326.872
LLLFLLGTLLGTLLGTLLILI	LLLWLLGTLLGTLLGTLLILI	-23.1405	-21.7198	0.148778	0.890414	300.898
LLLWLLGTLLGTLLGTLLILI	LLLYLLGTLLGTLLGTLLILI	-22.0113	-23.9146	0.598868	0.267575	230.526
LLLYLLGTLLGTLLGTLLILI	LLLFLLGTLLGTLLGTLLILI	-23.5318	-23.0492	0.650378	0.240035	190.417
LLLFLLGTLLGTLLGTLLILI	LLLYLLGTLLGTLLGTLLILI	-23.0492	-23.5292	0.240035	0.650378	172.439
LLLYLLGTLLGTLLGTLLILI	LLLFLLGTLLGTLLGTLLILI	-23.5292	-23.0492	0.650378	0.240035	113.597
LLLFLLGTLLGTLLGTLLILI	LLLYLLGTLLGTLLGTLLILI	-23.0492	-23.5796	0.240035	0.650378	72.8169
Time: 151s
