***STARTING GEOMETRY:***
xShift: 9.2
crossingAngle: 21
axialRotation: 50
zShift: 4.2

Number of MCCycles: 100
PrevSequence	CurrSequence	PrevEnergy	CurrEnergy	PrevEntropy	CurrEntropy	CurrentTemp
LLLTVLLSLLTTLTTLLLILI	LLLTVLLSLLYTLTTLLLILI	-11.1251	-15.8621	0.917682	0.141213	999.684
LLLTVLLSLLYTLTTLLLILI	LLLTVLLSLLFTLTTLLLILI	-15.3529	-13.9872	0.650378	0.240035	999.328
LLLTVLLSLLFTLTTLLLILI	LLLTVLLSLLFTLYTLLLILI	-13.4111	-10.379	0.816184	0.171816	998.928
LLLTVLLSLLFTLYTLLLILI	LLLTVLLSLLYTLYTLLLILI	-10.4187	-11.4428	0.132101	0.952787	998.476
LLLTVLLSLLYTLYTLLLILI	LLLTFLLSLLYTLYTLLLILI	-12.055	-10.9751	0.340616	0.489394	997.967
LLLTFLLSLLYTLYTLLLILI	LLLTFLLGLLYTLYTLLLILI	-11.0073	-9.55913	0.457104	0.367007	997.394
LLLTFLLGLLYTLYTLLLILI	LLLTFLLSLLYTLYTLLLILI	-9.55913	-10.2324	0.367007	0.457104	996.749
LLLTFLLSLLYTLYTLLLILI	LLLTFLLGLLYTLYTLLLILI	-10.2324	-9.7455	0.457104	0.367007	996.023
LLLTFLLGLLYTLYTLLLILI	LLLTFLLGLLYTLYWLLLILI	-9.62649	-9.8377	0.48602	0.343253	995.205
LLLTFLLGLLYTLYWLLLILI	LLLTFLLGLLYTLYTLLLILI	-9.8377	-9.54597	0.343253	0.48602	994.285
LLLTFLLGLLYTLYTLLLILI	LLLTFLLGLLYTLTTLLLILI	-9.72717	-13.1997	0.30482	0.538845	993.249
LLLTFLLGLLYTLTTLLLILI	LLLTFLLSLLYTLTTLLLILI	-13.3715	-14.7057	0.367007	0.457104	992.084
LLLTFLLSLLYTLTTLLLILI	LLLWFLLSLLYTLTTLLLILI	-14.5755	-19.1021	0.58734	0.274265	990.773
LLLWFLLSLLYTLTTLLLILI	LLLYFLLSLLYTLTTLLLILI	-19.0042	-16.6726	0.372136	0.451187	989.3
LLLYFLLSLLYTLTTLLLILI	LLLYFLLSLLYTLTSLLLILI	-16.5449	-15.1402	0.578967	0.279255	987.644
LLLYFLLSLLYTLTSLLLILI	LLLWFLLSLLYTLTSLLLILI	-14.9683	-17.5832	0.451187	0.372136	985.783
LLLWFLLSLLYTLTSLLLILI	LLLWFLLSLLYTLTTLLLILI	-17.6761	-19.0899	0.279255	0.578967	983.694
LLLWFLLSLLYTLTTLLLILI	LLLWFLLGLLYTLTTLLLILI	-19.2117	-18.872	0.457104	0.367007	981.348
LLLWFLLGLLYTLTTLLLILI	LLLWFLLGLLYTLVTLLLILI	-18.1105	-15.2699	1.12845	0.0952708	978.717
LLLWFLLGLLYTLVTLLLILI	LLLWVLLGLLYTLVTLLLILI	-15.0713	-17.6478	0.293891	0.555456	975.768
LLLWVLLGLLYTLVTLLLILI	LLLWVLLGLLYTLVALLLILI	-17.2123	-16.7705	0.990994	0.122923	972.463
LLLWVLLGLLYTLVALLLILI	LLLWVLLSLLYTLVALLLILI	-16.5265	-16.901	0.367007	0.457104	968.764
LLLWVLLSLLYTLVALLLILI	LLLWTLLSLLYTLVALLLILI	-17.1088	-15.5361	0.249358	0.632162	964.627
LLLWTLLSLLYTLVALLLILI	LLLWTLLGLLYTLVALLLILI	-15.7112	-14.9768	0.457104	0.367007	960.005
LLLWTLLGLLYTLVALLLILI	LLLWTLLSLLYTLVALLLILI	-14.9768	-15.7112	0.367007	0.457104	954.846
LLLWTLLSLLYTLVALLLILI	LLLWTLLSLLYLLVALLLILI	-15.4925	-12.2867	0.67574	0.227751	949.095
LLLWTLLSLLYLLVALLLILI	LLLWTLLSLLYLLTALLLILI	-12.3767	-15.2501	0.137712	0.930859	942.693
LLLWTLLSLLYLLTALLLILI	LLLWTLLSLLYTLTALLLILI	-16.0198	-18.9712	0.161118	0.849143	935.578
LLLWTLLSLLYTLTALLLILI	LLLWVLLSLLYTLTALLLILI	-18.6919	-20.915	1.12845	0.0952708	927.683
LLLWVLLSLLYTLTALLLILI	LLLWVLLGLLYTLTALLLILI	-20.5531	-20.0662	0.457104	0.367007	918.939
LLLWVLLGLLYTLTALLLILI	LLLWVLLGLLYTLTTLLLILI	-20.3485	-20.8842	0.0847157	1.19282	909.276
LLLWVLLGLLYTLTTLLLILI	LLLYVLLGLLYTLTTLLLILI	-21.7049	-19.0914	0.372136	0.451187	898.621
LLLYVLLGLLYTLTTLLLILI	LLLYVLLSLLYTLTTLLLILI	-19.1756	-19.0066	0.367007	0.457104	886.903
LLLYVLLSLLYTLTTLLLILI	LLLYVLLGLLYTLTTLLLILI	-19.0066	-19.1756	0.457104	0.367007	874.051
LLLYVLLGLLYTLTTLLLILI	LLLYVLLGLLFTLTTLLLILI	-18.5898	-15.8041	0.952787	0.132101	859.999
LLLYVLLGLLFTLTTLLLILI	LLLWVLLGLLFTLTTLLLILI	-15.6687	-17.5495	0.267575	0.598868	844.686
LLLWVLLGLLFTLTTLLLILI	LLLWVLLGLLFTLTWLLLILI	-17.8569	-17.8647	0.291546	0.559121	828.061
LLLWVLLGLLFTLTWLLLILI	LLLWVLLGLLYTLTWLLLILI	-18.1838	-18.8454	0.240035	0.650378	810.083
LLLWVLLGLLYTLTWLLLILI	LLLWVLLGLLYTLTTLLLILI	-18.9366	-21.7854	0.559121	0.291546	790.724
LLLWVLLGLLYTLTTLLLILI	LLLWVLLGLLYTLTWLLLILI	-21.7854	-21.2813	0.291546	0.559121	769.974
LLLWVLLGLLYTLTWLLLILI	LLLWVLLGLLYTLYWLLLILI	-21.5116	-18.2015	0.328724	0.505042	747.845
LLLWVLLGLLYTLYWLLLILI	LLLWVLLGLLYTLYTLLLILI	-17.9895	-18.1638	0.716965	0.209355	724.369
LLLWVLLGLLYTLYTLLLILI	LLLWTLLGLLYTLYTLLLILI	-18.2778	-15.6903	0.0952708	1.12845	699.602
LLLWTLLGLLYTLYTLLLILI	LLLWVLLGLLYTLYTLLLILI	-15.6903	-18.2705	1.12845	0.0952708	673.628
LLLWVLLGLLYTLYTLLLILI	LLLWVLLGLLYTLTTLLLILI	-17.9864	-21.6339	0.379341	0.443059	646.557
LLLWVLLGLLYTLTTLLLILI	LLLWVLLSLLYTLTTLLLILI	-21.71	-22.1919	0.367007	0.457104	618.524
LLLWVLLSLLYTLTTLLLILI	LLLYVLLSLLYTLTTLLLILI	-22.2769	-19.1313	0.372136	0.451187	589.688
LLLYVLLSLLYTLTTLLLILI	LLLYVLLSLLYLLTTLLLILI	-18.7334	-15.1953	0.849143	0.161118	560.23
LLLYVLLSLLYLLTTLLLILI	LLLYVLLALLYLLTTLLLILI	-14.7142	-14.2047	0.642213	0.244161	530.348
LLLYVLLALLYLLTTLLLILI	LLLYVLLALLYTLTTLLLILI	-14.2877	-17.815	0.161118	0.849143	500.25
LLLYVLLALLYTLTTLLLILI	LLLWVLLALLYTLTTLLLILI	-18.213	-20.6091	0.451187	0.372136	470.152
LLLWVLLALLYTLTTLLLILI	LLLWVLLALLYTLTWLLLILI	-20.6897	-20.166	0.291546	0.559121	440.27
LLLWVLLALLYTLTWLLLILI	LLLWVLLGLLYTLTWLLLILI	-20.449	-21.2562	0.276169	0.584123	381.976
LLLWVLLGLLYTLTWLLLILI	LLLWVLLGLLYTLTTLLLILI	-21.2813	-21.7854	0.559121	0.291546	353.943
LLLWVLLGLLYTLTTLLLILI	LLLWVLLSLLYTLTTLLLILI	-21.71	-22.1845	0.367007	0.457104	326.872
LLLWVLLSLLYTLTTLLLILI	LLLWVLLSLLFTLTTLLLILI	-21.9913	-19.9177	0.650378	0.240035	300.898
LLLWVLLSLLFTLTTLLLILI	LLLWVLLSLLFTLTWLLLILI	-19.8662	-20.3283	0.291546	0.559121	276.131
LLLWVLLSLLFTLTWLLLILI	LLLWVLLSLLYTLTWLLLILI	-20.6474	-21.7562	0.240035	0.650378	252.655
LLLWVLLSLLYTLTWLLLILI	LLLWVLLSLLYTLTTLLLILI	-21.8475	-22.3575	0.559121	0.291546	230.526
LLLWVLLSLLYTLTTLLLILI	LLLWVLLGLLYTLTTLLLILI	-22.1919	-21.71	0.457104	0.367007	190.417
LLLWVLLGLLYTLTTLLLILI	LLLWVLLSLLYTLTTLLLILI	-21.71	-22.1919	0.367007	0.457104	155.814
LLLWVLLSLLYTLTTLLLILI	LLLWVLLGLLYTLTTLLLILI	-22.1919	-21.71	0.457104	0.367007	140.501
LLLWVLLGLLYTLTTLLLILI	LLLWVLLSLLYTLTTLLLILI	-21.71	-22.1845	0.367007	0.457104	126.449
LLLWVLLSLLYTLTTLLLILI	LLLWVLLSLLYTLTALLLILI	-21.4488	-20.9255	1.19282	0.0847157	113.597
LLLWVLLSLLYTLTALLLILI	LLLWVLLSLLYTLTTLLLILI	-20.9255	-21.4562	0.0847157	1.19282	81.5606
Time: 86s
