***STARTING GEOMETRY:***
xShift: 7
crossingAngle: -44.57
axialRotation: -49.66
zShift: 0.56

Number of MCCycles: 200
PrevSequence	CurrSequence	PrevEnergy	CurrEnergy	PrevEntropy	CurrEntropy	CurrentTemp
LLLTYLLTTLLGTLLGTLILI	LLLTYLLTTLLGTLLGYLILI	40416.3	7960.94	0.62127	0.255144	999.847
LLLTYLLTTLLGTLLGYLILI	LLLTYLLTTLLGTLLGFLILI	7961.64	7962.03	0.952787	0.132101	999.684
LLLTYLLTTLLGTLLGFLILI	LLLTYLLTVLLGTLLGFLILI	7963.17	7964.72	1.27634	0.0728516	999.512
LLLTYLLTVLLGTLLGFLILI	LLLTYLLTVLLGTLLGYLILI	7964.78	7964.03	0.132101	0.952787	999.328
LLLTYLLTVLLGTLLGYLILI	LLLTYLLTTLLGTLLGYLILI	7963.15	7961.74	0.0728516	1.27634	999.134
LLLTYLLTTLLGTLLGYLILI	LLLYYLLTTLLGTLLGYLILI	7960.87	7961.33	0.407346	0.413356	998.476
LLLYYLLTTLLGTLLGYLILI	LLLYYLLTTLLGILLGYLILI	7962.02	7966.27	1.10811	0.098896	998.229
LLLYYLLTTLLGILLGYLILI	LLLYYLLTTLLGTLLGYLILI	7966.27	7962.13	0.098896	1.10811	997.967
LLLYYLLTTLLGTLLGYLILI	LLLYYLLFTLLGTLLGYLILI	7962.03	7963.94	1.0043	0.119894	997.394
LLLYYLLFTLLGTLLGYLILI	LLLYYLLTTLLGTLLGYLILI	7963.94	7961.92	0.119894	1.0043	997.081
LLLYYLLTTLLGTLLGYLILI	LLLYYLLFTLLGTLLGYLILI	7961.92	7964.1	1.0043	0.119894	996.749
LLLYYLLFTLLGTLLGYLILI	LLLYYLLTTLLGTLLGYLILI	7964.1	7961.64	0.119894	1.0043	996.397
LLLYYLLTTLLGTLLGYLILI	LLLYYLLTTLLGTLLGFLILI	7961.79	7962.17	1.15198	0.0912572	996.023
LLLYYLLTTLLGTLLGFLILI	LLLYYLLTTLLGTLLGYLILI	7962.17	7962.45	0.0912572	1.15198	995.626
LLLYYLLTTLLGTLLGYLILI	LLLYYLLFTLLGTLLGYLILI	7962.31	7964.1	1.0043	0.119894	995.205
LLLYYLLFTLLGTLLGYLILI	LLLYYLLFYLLGTLLGYLILI	7964.17	7964.35	0.186892	0.773553	994.758
LLLYYLLFYLLGTLLGYLILI	LLLYYLLTYLLGTLLGYLILI	7963.74	7961.82	0.171816	0.816184	994.285
LLLYYLLTYLLGTLLGYLILI	LLLTYLLTYLLGTLLGYLILI	7961.61	7961.16	0.608671	0.262045	993.782
LLLTYLLTYLLGTLLGYLILI	LLLAYLLTYLLGTLLGYLILI	7962.09	7964.79	1.19282	0.0847157	991.448
LLLAYLLTYLLGTLLGYLILI	LLLTYLLTYLLGTLLGYLILI	7964.79	7965.91	0.0847157	1.19282	990.773
LLLTYLLTYLLGTLLGYLILI	LLLGYLLTYLLGTLLGYLILI	7965.21	7966.9	0.489954	0.34018	990.058
LLLGYLLTYLLGTLLGYLILI	LLLTYLLTYLLGTLLGYLILI	7966.9	7965.21	0.34018	0.489954	988.496
LLLTYLLTYLLGTLLGYLILI	LLLTYLLVYLLGTLLGYLILI	7965.85	7964.57	1.12845	0.0952708	987.644
LLLTYLLVYLLGTLLGYLILI	LLLYYLLVYLLGTLLGYLILI	7964.67	7965.69	0.186892	0.773553	986.74
LLLYYLLVYLLGTLLGYLILI	LLLYYLLYYLLGTLLGYLILI	7964.97	7966.85	0.0443416	1.55625	985.783
LLLYYLLYYLLGTLLGYLILI	LLLYYLLYTLLGTLLGYLILI	7966.17	7965.25	0.8727	0.153938	984.769
LLLYYLLYTLLGTLLGYLILI	LLLYVLLYTLLGTLLGYLILI	7966.53	7964.72	1.43473	0.0549268	983.694
LLLYVLLYTLLGTLLGYLILI	LLLYYLLYTLLGTLLGYLILI	7964.72	7964.39	0.0549268	1.43473	982.555
LLLYYLLYTLLGTLLGYLILI	LLLYVLLYTLLGTLLGYLILI	7964.39	7964.72	1.43473	0.0549268	981.348
LLLYVLLYTLLGTLLGYLILI	LLLYYLLYTLLGTLLGYLILI	7964.72	7964.33	0.0549268	1.43473	980.071
LLLYYLLYTLLGTLLGYLILI	LLLYVLLYTLLGTLLGYLILI	7964.33	7964.72	1.43473	0.0549268	978.717
LLLYVLLYTLLGTLLGYLILI	LLLYTLLYTLLGTLLGYLILI	7964.76	7965.63	0.0952708	1.12845	977.285
LLLYTLLYTLLGTLLGYLILI	LLLYYLLYTLLGTLLGYLILI	7964.76	7964.47	0.262045	0.608671	975.768
LLLYYLLYTLLGTLLGYLILI	LLLYYLLYTLLGTLLGFLILI	7965.17	7965.48	1.30076	0.0697276	974.162
LLLYYLLYTLLGTLLGFLILI	LLLYYLLYTLLGTLLGYLILI	7965.48	7964.3	0.0697276	1.30076	972.463
LLLYYLLYTLLGTLLGYLILI	LLLYYLLYTLLGTLLGFLILI	7964.3	7963.68	1.30076	0.0697276	970.666
LLLYYLLYTLLGTLLGFLILI	LLLYYLLYTLLGTLLGYLILI	7963.68	7962.29	0.0697276	1.30076	968.764
LLLYYLLYTLLGTLLGYLILI	LLLYYLLTTLLGTLLGYLILI	7961.6	7961.08	0.608671	0.262045	962.38
LLLYYLLTTLLGTLLGYLILI	LLLTYLLTTLLGTLLGYLILI	7961.24	7961.02	0.413356	0.407346	960.005
LLLTYLLTTLLGTLLGYLILI	LLLYYLLTTLLGTLLGYLILI	7961.02	7961.44	0.407346	0.413356	957.496
LLLYYLLTTLLGTLLGYLILI	LLLYYLLTVLLGTLLGYLILI	7962.15	7963.49	1.12845	0.0952708	954.846
LLLYYLLTVLLGTLLGYLILI	LLLYYLLTTLLGTLLGYLILI	7963.49	7962.04	0.0952708	1.12845	952.048
LLLYYLLTTLLGTLLGYLILI	LLLYYLLTVLLGTLLGYLILI	7962.04	7963.2	1.12845	0.0952708	949.095
LLLYYLLTVLLGTLLGYLILI	LLLYYLLTTLLGTLLGYLILI	7963.2	7962.52	0.0952708	1.12845	945.979
LLLYYLLTTLLGTLLGYLILI	LLLYYLLTTLLGTLLGFLILI	7962.54	7962.54	1.15198	0.0912572	942.693
LLLYYLLTTLLGTLLGFLILI	LLLTYLLTTLLGTLLGFLILI	7962.75	7962.43	0.30482	0.538845	939.229
LLLTYLLTTLLGTLLGFLILI	LLLTYLLTTLLGILLGFLILI	7963.15	7966.21	1.2552	0.0756774	935.578
LLLTYLLTTLLGILLGFLILI	LLLYYLLTTLLGILLGFLILI	7966.57	7966.87	0.443059	0.379341	931.732
LLLYYLLTTLLGILLGFLILI	LLLYTLLTTLLGILLGFLILI	7966.87	7969.57	0.379341	0.443059	927.683
LLLYTLLTTLLGILLGFLILI	LLLYTLLTTLLGTLLGFLILI	7969.2	7969.35	0.0756774	1.2552	923.422
LLLYTLLTTLLGTLLGFLILI	LLLYTLLTTLLGTLLGYLILI	7968.23	7967.23	0.132101	0.952787	918.939
LLLYTLLTTLLGTLLGYLILI	LLLYTLLYTLLGTLLGYLILI	7966.69	7964.91	0.407346	0.413356	914.227
LLLYTLLYTLLGTLLGYLILI	LLLYVLLYTLLGTLLGYLILI	7965.63	7964.76	1.12845	0.0952708	909.276
LLLYVLLYTLLGTLLGYLILI	LLLGVLLYTLLGTLLGYLILI	7965.26	7965.33	0.595564	0.269472	904.077
LLLGVLLYTLLGTLLGYLILI	LLLGVLLYTLLGTLLGFLILI	7966.01	7966.72	0.952787	0.132101	898.621
LLLGVLLYTLLGTLLGFLILI	LLLGVLLTTLLGTLLGFLILI	7966.81	7968.56	0.219549	0.693609	892.899
LLLGVLLTTLLGTLLGFLILI	LLLGVLLTTLLGTLLGYLILI	7968.11	7966.99	0.240035	0.650378	886.903
LLLGVLLTTLLGTLLGYLILI	LLLGYLLTTLLGTLLGYLILI	7966.44	7963.31	0.105187	1.07465	880.623
LLLGYLLTTLLGTLLGYLILI	LLLGYLLTTLLGTLLGFLILI	7963.19	7963.71	0.952787	0.132101	874.051
LLLGYLLTTLLGTLLGFLILI	LLLGYLLTVLLGTLLGFLILI	7964.71	7965.67	1.12845	0.0952708	867.179
LLLGYLLTVLLGTLLGFLILI	LLLGYLLTVLLGTLLGYLILI	7965.71	7965.42	0.132101	0.952787	859.999
LLLGYLLTVLLGTLLGYLILI	LLLGYLLTVLLGTLLGFLILI	7965.42	7966	0.952787	0.132101	852.504
LLLGYLLTVLLGTLLGFLILI	LLLGYLLTTLLGTLLGFLILI	7965.96	7964.99	0.0952708	1.12845	844.686
LLLGYLLTTLLGTLLGFLILI	LLLGYLLTTLLGTLLGYLILI	7963.99	7962.72	0.132101	0.952787	836.541
LLLGYLLTTLLGTLLGYLILI	LLLGYLLYTLLGTLLGYLILI	7962.09	7962.86	0.328724	0.505042	828.061
LLLGYLLYTLLGTLLGYLILI	LLLGVLLYTLLGTLLGYLILI	7963.64	7965.13	1.28166	0.0721588	819.243
LLLGVLLYTLLGTLLGYLILI	LLLGVLLYYLLGTLLGYLILI	7965.29	7967.17	0.238039	0.654392	810.083
LLLGVLLYYLLGTLLGYLILI	LLLGVLLYTLLGTLLGYLILI	7967.17	7965.29	0.654392	0.238039	800.577
LLLGVLLYTLLGTLLGYLILI	LLLGVLLYYLLGTLLGYLILI	7965.29	7966.92	0.238039	0.654392	790.724
LLLGVLLYYLLGTLLGYLILI	LLLGVLLFYLLGTLLGYLILI	7967.42	7967.59	1.15198	0.0912572	780.523
LLLGVLLFYLLGTLLGYLILI	LLLGWLLFYLLGTLLGYLILI	7967.61	7969.52	0.118797	1.00921	769.974
LLLGWLLFYLLGTLLGYLILI	LLLGTLLFYLLGTLLGYLILI	7968.97	7969.63	0.460972	0.363705	759.081
LLLGTLLFYLLGTLLGYLILI	LLLATLLFYLLGTLLGYLILI	7970.33	7971.96	1.06535	0.107014	747.845
LLLATLLFYLLGTLLGYLILI	LLLATLLYYLLGTLLGYLILI	7971.94	7970.33	0.0912572	1.15198	736.272
LLLATLLYYLLGTLLGYLILI	LLLATLLFYLLGTLLGYLILI	7970.33	7971.94	1.15198	0.0912572	724.369
LLLATLLFYLLGTLLGYLILI	LLLYTLLFYLLGTLLGYLILI	7971.91	7970.27	0.0640271	1.34845	712.142
LLLYTLLFYLLGTLLGYLILI	LLLYVLLFYLLGTLLGYLILI	7969.85	7967.6	0.930859	0.137712	699.602
LLLYVLLFYLLGTLLGYLILI	LLLYYLLFYLLGTLLGYLILI	7967.52	7967.79	0.0549268	1.43473	686.76
LLLYYLLFYLLGTLLGYLILI	LLLYVLLFYLLGTLLGYLILI	7967.79	7967.8	1.43473	0.0549268	673.628
LLLYVLLFYLLGTLLGYLILI	LLLYVLLYYLLGTLLGYLILI	7967.81	7967.56	0.0697276	1.30076	660.222
LLLYVLLYYLLGTLLGYLILI	LLLGVLLYYLLGTLLGYLILI	7966.97	7966.48	0.709116	0.212717	646.557
LLLGVLLYYLLGTLLGYLILI	LLLYVLLYYLLGTLLGYLILI	7966.48	7966.65	0.212717	0.709116	632.651
LLLYVLLYYLLGTLLGYLILI	LLLYYLLYYLLGTLLGYLILI	7965.99	7966.22	0.0443416	1.55625	618.524
LLLYYLLYYLLGTLLGYLILI	LLLWYLLYYLLGTLLGYLILI	7965.46	7967.47	0.799157	0.177662	604.196
LLLWYLLYYLLGTLLGYLILI	LLLWVLLYYLLGTLLGYLILI	7968.73	7967.65	1.43473	0.0549268	589.688
LLLWVLLYYLLGTLLGYLILI	LLLWVLLYTLLGTLLGYLILI	7968.25	7966.16	0.654392	0.238039	575.025
LLLWVLLYTLLGTLLGYLILI	LLLWVLLYYLLGTLLGYLILI	7966.16	7966.39	0.238039	0.654392	560.23
LLLWVLLYYLLGTLLGYLILI	LLLWYLLYYLLGTLLGYLILI	7965.79	7967.03	0.0549268	1.43473	545.329
LLLWYLLYYLLGTLLGYLILI	LLLGYLLYYLLGTLLGYLILI	7966.01	7965.93	0.413856	0.40685	530.348
LLLGYLLYYLLGTLLGYLILI	LLLGYLLVYLLGTLLGYLILI	7966.96	7965.28	1.43473	0.0549268	515.312
LLLGYLLVYLLGTLLGYLILI	LLLGYLLVTLLGTLLGYLILI	7965.88	7966.91	0.654392	0.238039	500.25
LLLGYLLVTLLGTLLGYLILI	LLLGYLLVFLLGTLLGYLILI	7967.48	7965.22	0.816184	0.171816	485.188
LLLGYLLVFLLGTLLGYLILI	LLLGYLLVTLLGTLLGYLILI	7965.22	7967.48	0.171816	0.816184	470.152
LLLGYLLVTLLGTLLGYLILI	LLLGYLLTTLLGTLLGYLILI	7966.76	7963.46	0.0952708	1.12845	455.171
LLLGYLLTTLLGTLLGYLILI	LLLGYLLTTLLGTLLGFLILI	7963.28	7963.71	0.952787	0.132101	440.27
LLLGYLLTTLLGTLLGFLILI	LLLGYLLYTLLGTLLGFLILI	7964.02	7964.23	0.443059	0.379341	425.475
LLLGYLLYTLLGTLLGFLILI	LLLGYLLTTLLGTLLGFLILI	7964.23	7964.57	0.379341	0.443059	410.812
LLLGYLLTTLLGTLLGFLILI	LLLGYLLTVLLGTLLGFLILI	7965.26	7966.1	1.12845	0.0952708	396.304
LLLGYLLTVLLGTLLGFLILI	LLLTYLLTVLLGTLLGFLILI	7966.34	7964.49	0.34018	0.489954	381.976
LLLTYLLTVLLGTLLGFLILI	LLLTYLLTVLLGTLLGYLILI	7964.13	7963.31	0.132101	0.952787	367.849
LLLTYLLTVLLGTLLGYLILI	LLLTYLLTTLLGTLLGYLILI	7962.43	7961.96	0.0728516	1.27634	340.278
LLLTYLLTTLLGTLLGYLILI	LLLTYLLTTLLGTLLGFLILI	7961.64	7961.85	0.952787	0.132101	313.74
LLLTYLLTTLLGTLLGFLILI	LLLTYLLTTLLGTLLGYLILI	7961.85	7961.76	0.132101	0.952787	276.131
LLLTYLLTTLLGTLLGYLILI	LLLTYLLTYLLGTLLGYLILI	7961.21	7961.34	0.407346	0.413356	264.228
LLLTYLLTYLLGTLLGYLILI	LLLTYLLTTLLGTLLGYLILI	7961.34	7960.77	0.413356	0.407346	252.655
LLLTYLLTTLLGTLLGYLILI	LLLTYLLTTLLGTLLGFLILI	7961.31	7961.85	0.952787	0.132101	241.419
LLLTYLLTTLLGTLLGFLILI	LLLTYLLTTLLGTLLGYLILI	7961.85	7961.31	0.132101	0.952787	230.526
LLLTYLLTTLLGTLLGYLILI	LLLYYLLTTLLGTLLGYLILI	7960.77	7961.44	0.407346	0.413356	199.923
LLLYYLLTTLLGTLLGYLILI	LLLTYLLTTLLGTLLGYLILI	7961.44	7961.1	0.413356	0.407346	172.439
LLLTYLLTTLLGTLLGYLILI	LLLYYLLTTLLGTLLGYLILI	7961.1	7960.96	0.407346	0.413356	163.959
LLLYYLLTTLLGTLLGYLILI	LLLTYLLTTLLGTLLGYLILI	7960.96	7960.77	0.413356	0.407346	155.814
LLLTYLLTTLLGTLLGYLILI	LLLYYLLTTLLGTLLGYLILI	7960.77	7960.96	0.407346	0.413356	133.321
LLLYYLLTTLLGTLLGYLILI	LLLTYLLTTLLGTLLGYLILI	7960.96	7961.1	0.413356	0.407346	119.877
LLLTYLLTTLLGTLLGYLILI	LLLYYLLTTLLGTLLGYLILI	7961.1	7960.96	0.407346	0.413356	107.601
LLLYYLLTTLLGTLLGYLILI	LLLTYLLTTLLGTLLGYLILI	7960.96	7960.77	0.413356	0.407346	101.879
LLLTYLLTTLLGTLLGYLILI	LLLTYLLTTLLGTLLGFLILI	7961.31	7961.75	0.952787	0.132101	91.2238
LLLTYLLTTLLGTLLGFLILI	LLLTYLLTTLLGTLLGYLILI	7961.75	7961.31	0.132101	0.952787	86.2728
Time: 243s
