***STARTING GEOMETRY:***
xShift: 8.1415
crossingAngle: -40.0037
axialRotation: 51.2157
zShift: 2.96987

Number of MCCycles: 100
PrevSequence	CurrSequence	PrevEnergy	CurrEnergy	PrevEntropy	CurrEntropy	CurrentTemp
LLLGLLTTLLFTLLTTLLILI	LLLTLLTTLLFTLLTTLLILI	-17.8519	-21.9893	0.0720446	1.28254	999.684
LLLTLLTTLLFTLLTTLLILI	LLLTLLTTLLGTLLTTLLILI	-22.9022	-25.0208	0.369715	0.453966	999.328
LLLTLLTTLLGTLLTTLLILI	LLLTLLTTLLGTLLVTLLILI	-23.9817	-22.8472	1.49307	0.0495498	998.928
LLLTLLTTLLGTLLVTLLILI	LLLALLTTLLGTLLVTLLILI	-21.4339	-18.5498	1.46278	0.0522692	998.476
LLLALLTTLLGTLLVTLLILI	LLLALLTTLLGTLLTTLLILI	-18.5431	-19.8446	0.0589809	1.39457	997.967
LLLALLTTLLGTLLTTLLILI	LLLALLTTLLFTLLTTLLILI	-20.7852	-19.7673	0.453966	0.369715	997.394
LLLALLTTLLFTLLTTLLILI	LLLALLTSLLFTLLTTLLILI	-19.0261	-17.8522	1.11086	0.0983968	996.749
LLLALLTSLLFTLLTTLLILI	LLLALLTTLLFTLLTTLLILI	-17.8522	-18.9928	0.0983968	1.11086	996.023
LLLALLTTLLFTLLTTLLILI	LLLALLTTLLGTLLTTLLILI	-19.7339	-20.7852	0.369715	0.453966	995.205
LLLALLTTLLGTLLTTLLILI	LLLALLLTLLGTLLTTLLILI	-19.9389	-16.226	1.30026	0.0697899	994.285
LLLALLLTLLGTLLTTLLILI	LLLALLLTLLFTLLTTLLILI	-15.8418	-16.2895	0.453966	0.369715	993.249
LLLALLLTLLFTLLTTLLILI	LLLALLLTLLGTLLTTLLILI	-16.2895	-15.828	0.369715	0.453966	992.084
LLLALLLTLLGTLLTTLLILI	LLLALLLTLLFTLLTTLLILI	-15.828	-16.2895	0.453966	0.369715	990.773
LLLALLLTLLFTLLTTLLILI	LLLALLLTLLFGLLTTLLILI	-15.5837	-16.473	1.07549	0.105025	989.3
LLLALLLTLLFGLLTTLLILI	LLLALLLTLLFTLLTTLLILI	-16.473	-15.5837	0.105025	1.07549	987.644
LLLALLLTLLFTLLTTLLILI	LLLALLLTLLGTLLTTLLILI	-16.2895	-15.8418	0.369715	0.453966	985.783
LLLALLLTLLGTLLTTLLILI	LLLALLLTLLGTLLVTLLILI	-15.0194	-13.5835	1.27634	0.0728516	983.694
LLLALLLTLLGTLLVTLLILI	LLLGLLLTLLGTLLVTLLILI	-13.5023	-11.5685	0.154044	0.872342	981.348
LLLGLLLTLLGTLLVTLLILI	LLLGLLLTLLGTLLVVLLILI	-11.6407	-8.82863	0.800152	0.177314	978.717
LLLGLLLTLLGTLLVVLLILI	LLLALLLTLLGTLLVVLLILI	-8.1336	-10.0007	0.872342	0.154044	975.768
LLLALLLTLLGTLLVVLLILI	LLLALLLTLLGTLLTVLLILI	-9.97739	-12.0159	0.177314	0.800152	972.463
LLLALLLTLLGTLLTVLLILI	LLLALLLTLLFTLLTVLLILI	-12.3621	-12.8066	0.453966	0.369715	968.764
LLLALLLTLLFTLLTVLLILI	LLLALLLTLLFTLLVVLLILI	-12.3762	-10.1299	0.800152	0.177314	964.627
LLLALLLTLLFTLLVVLLILI	LLLALLLTLLFTLLTVLLILI	-10.1299	-12.3762	0.177314	0.800152	960.005
LLLALLLTLLFTLLTVLLILI	LLLALLLTLLFGLLTVLLILI	-12.2399	-13.0444	0.936418	0.136265	954.846
LLLALLLTLLFGLLTVLLILI	LLLALLLTLLYGLLTVLLILI	-12.9407	-12.7582	0.240035	0.650378	949.095
LLLALLLTLLYGLLTVLLILI	LLLALLLTLLYGLLTTLLILI	-13.3133	-15.6462	0.0952708	1.12845	942.693
LLLALLLTLLYGLLTTLLILI	LLLALLLTLLFGLLTTLLILI	-16.1243	-16.3379	0.650378	0.240035	935.578
LLLALLLTLLFGLLTTLLILI	LLLALLTTLLFGLLTTLLILI	-16.492	-19.1157	0.0860236	1.18439	927.683
LLLALLTTLLFGLLTTLLILI	LLLALLTTLLYGLLTTLLILI	-20.0601	-20.0389	0.240035	0.650378	918.939
LLLALLTTLLYGLLTTLLILI	LLLTLLTTLLYGLLTTLLILI	-20.637	-21.8935	0.0522692	1.46278	909.276
LLLTLLTTLLYGLLTTLLILI	LLLTLLTSLLYGLLTTLLILI	-22.2455	-22.0422	1.11086	0.0983968	898.621
LLLTLLTSLLYGLLTTLLILI	LLLTLLTSLLYTLLTTLLILI	-22.0551	-20.3462	0.0854581	1.18802	886.903
LLLTLLTSLLYTLLTTLLILI	LLLTLLVSLLYTLLTTLLILI	-20.1396	-22.7041	1.39457	0.0589809	874.051
LLLTLLVSLLYTLLTTLLILI	LLLTLLVSLLYGLLTTLLILI	-21.6876	-23.1127	1.07549	0.105025	859.999
LLLTLLVSLLYGLLTTLLILI	LLLTLLVSLLYGLLTFLLILI	-22.2134	-21.991	1.0043	0.119894	844.686
LLLTLLVSLLYGLLTFLLILI	LLLTLLVSLLYGLLTTLLILI	-21.991	-22.2134	0.119894	1.0043	828.061
LLLTLLVSLLYGLLTTLLILI	LLLTLLVSLLFGLLTTLLILI	-22.5673	-22.5461	0.650378	0.240035	810.083
LLLTLLVSLLFGLLTTLLILI	LLLTLLVSLLYGLLTTLLILI	-22.5461	-22.5673	0.240035	0.650378	790.724
LLLTLLVSLLYGLLTTLLILI	LLLTLLVSLLYGLLVTLLILI	-22.4176	-19.8973	0.800152	0.177314	769.974
LLLTLLVSLLYGLLVTLLILI	LLLTLLVSLLFGLLVTLLILI	-19.4242	-19.1128	0.650378	0.240035	747.845
LLLTLLVSLLFGLLVTLLILI	LLLTLLTSLLFGLLVTLLILI	-19.1756	-17.6596	0.177314	0.800152	724.369
LLLTLLTSLLFGLLVTLLILI	LLLTLLTSLLYGLLVTLLILI	-18.2197	-18.3141	0.240035	0.650378	699.602
LLLTLLTSLLYGLLVTLLILI	LLLTLLTTLLYGLLVTLLILI	-18.8438	-19.2122	0.120637	1.001	673.628
LLLTLLTTLLYGLLVTLLILI	LLLTLLTTLLFGLLVTLLILI	-19.5628	-19.327	0.650378	0.240035	646.557
LLLTLLTTLLFGLLVTLLILI	LLLTLLTTLLFTLLVTLLILI	-19.4816	-19.2271	0.0854581	1.18802	618.524
LLLTLLTTLLFTLLVTLLILI	LLLTLLTTLLFTLLTTLLILI	-20.3655	-21.8041	0.0495498	1.49307	589.688
LLLTLLTTLLFTLLTTLLILI	LLLTLLTTLLGTLLTTLLILI	-22.9275	-25.0695	0.369715	0.453966	560.23
LLLTLLTTLLGTLLTTLLILI	LLLTLLTTLLFTLLTTLLILI	-25.0695	-22.9355	0.453966	0.369715	500.25
LLLTLLTTLLFTLLTTLLILI	LLLTLLATLLFTLLTTLLILI	-21.7429	-23.2144	1.56232	0.0438719	470.152
LLLTLLATLLFTLLTTLLILI	LLLTLLATLLFGLLTTLLILI	-22.0702	-23.4684	1.18802	0.0854581	440.27
LLLTLLATLLFGLLTTLLILI	LLLTLLATLLYGLLTTLLILI	-23.3138	-23.0845	0.240035	0.650378	410.812
LLLTLLATLLYGLLTTLLILI	LLLTLLATLLYGLLTFLLILI	-22.588	-22.5431	1.14683	0.0921195	381.976
LLLTLLATLLYGLLTFLLILI	LLLTLLATLLYGLLTTLLILI	-22.5431	-22.588	0.0921195	1.14683	353.943
LLLTLLATLLYGLLTTLLILI	LLLTLLATLLYGLLVTLLILI	-22.4585	-20.529	1.27634	0.0728516	326.872
LLLTLLATLLYGLLVTLLILI	LLLTLLATLLYGLLTTLLILI	-20.529	-22.4585	0.0728516	1.27634	300.898
LLLTLLATLLYGLLTTLLILI	LLLTLLATLLYGLLTFLLILI	-22.588	-22.5533	1.14683	0.0921195	276.131
LLLTLLATLLYGLLTFLLILI	LLLTLLATLLYGLLTTLLILI	-22.5533	-22.588	0.0921195	1.14683	252.655
LLLTLLATLLYGLLTTLLILI	LLLTLLATLLYGLLTFLLILI	-22.588	-22.5533	1.14683	0.0921195	230.526
LLLTLLATLLYGLLTFLLILI	LLLTLLATLLFGLLTFLLILI	-22.2351	-21.9955	0.410343	0.410343	209.776
LLLTLLATLLFGLLTFLLILI	LLLTLLATLLFGLLTTLLILI	-22.234	-22.7274	0.171816	0.816184	190.417
LLLTLLATLLFGLLTTLLILI	LLLTLLATLLFGLLTFLLILI	-22.7274	-22.1923	0.816184	0.171816	140.501
LLLTLLATLLFGLLTFLLILI	LLLTLLATLLYGLLTFLLILI	-21.9538	-22.2249	0.410343	0.410343	126.449
LLLTLLATLLYGLLTFLLILI	LLLTLLATLLFGLLTFLLILI	-22.2249	-21.9955	0.410343	0.410343	101.879
LLLTLLATLLFGLLTFLLILI	LLLTLLATLLFGLLTTLLILI	-22.234	-22.7274	0.171816	0.816184	91.2238
Time: 94s
