MCAccept 0 xShift: 8.46318 crossingAngle: -43.52 axialRotation: -24.32 zShift: 1.91 energy: -11.5561
MCAccept 1 xShift: 8.46318 crossingAngle: -43.52 axialRotation: -24.32 zShift: 1.90307 energy: -11.5643
MCReject   xShift: 8.46318 crossingAngle: -43.4779 axialRotation: -24.32 zShift: 1.90307 energy: -10.7196
MCReject   xShift: 8.46318 crossingAngle: -43.4818 axialRotation: -24.32 zShift: 1.90307 energy: -3.69646
MCReject   xShift: 8.46318 crossingAngle: -43.433 axialRotation: -24.32 zShift: 1.90307 energy: -10.738
MCReject   xShift: 8.46318 crossingAngle: -43.6856 axialRotation: -24.32 zShift: 1.90307 energy: -10.732
MCReject   xShift: 8.4569 crossingAngle: -43.52 axialRotation: -24.32 zShift: 1.90307 energy: -11.0807
MCReject   xShift: 8.46318 crossingAngle: -43.6467 axialRotation: -24.32 zShift: 1.90307 energy: -3.75907
MCAccept 2 xShift: 8.46318 crossingAngle: -43.52 axialRotation: -24.32 zShift: 1.91184 energy: -11.5938
MCReject   xShift: 8.46318 crossingAngle: -43.52 axialRotation: -24.32 zShift: 1.9359 energy: -10.7975
MCReject   xShift: 8.45586 crossingAngle: -43.52 axialRotation: -24.32 zShift: 1.91184 energy: -11.1175
MCReject   xShift: 8.46318 crossingAngle: -43.52 axialRotation: -24.3857 zShift: 1.91184 energy: -11.2654
MCReject   xShift: 8.45162 crossingAngle: -43.52 axialRotation: -24.32 zShift: 1.91184 energy: -11.0853
MCReject   xShift: 8.46318 crossingAngle: -43.52 axialRotation: -24.3427 zShift: 1.91184 energy: -10.3951
MCReject   xShift: 8.46318 crossingAngle: -43.52 axialRotation: -24.32 zShift: 1.90533 energy: -4.33472
MCAccept 3 xShift: 8.46318 crossingAngle: -43.52 axialRotation: -24.3252 zShift: 1.91184 energy: -11.5813
MCReject   xShift: 8.466 crossingAngle: -43.52 axialRotation: -24.3252 zShift: 1.91184 energy: -10.9528
MCReject   xShift: 8.45665 crossingAngle: -43.52 axialRotation: -24.3252 zShift: 1.91184 energy: -10.7501
MCReject   xShift: 8.46318 crossingAngle: -43.5637 axialRotation: -24.3252 zShift: 1.91184 energy: -11.1001
MCReject   xShift: 8.46318 crossingAngle: -43.5172 axialRotation: -24.3252 zShift: 1.91184 energy: -9.7535
MCReject   xShift: 8.46318 crossingAngle: -43.52 axialRotation: -24.3478 zShift: 1.91184 energy: -10.3945
MCAccept 4 xShift: 8.46122 crossingAngle: -43.52 axialRotation: -24.3252 zShift: 1.91184 energy: -11.5877
MCReject   xShift: 8.46122 crossingAngle: -43.52 axialRotation: -24.3252 zShift: 1.91406 energy: -10.957
MCAccept 5 xShift: 8.46122 crossingAngle: -43.52 axialRotation: -24.3252 zShift: 1.91834 energy: -11.6104
MCReject   xShift: 8.46122 crossingAngle: -43.52 axialRotation: -24.4174 zShift: 1.91834 energy: -3.81625
MCReject   xShift: 8.45568 crossingAngle: -43.52 axialRotation: -24.3252 zShift: 1.91834 energy: -3.78686
MCReject   xShift: 8.4794 crossingAngle: -43.52 axialRotation: -24.3252 zShift: 1.91834 energy: -11.1137
MCReject   xShift: 8.45586 crossingAngle: -43.52 axialRotation: -24.3252 zShift: 1.91834 energy: -3.78686
MCReject   xShift: 8.46345 crossingAngle: -43.52 axialRotation: -24.3252 zShift: 1.91834 energy: -11.1145
MCReject   xShift: 8.46122 crossingAngle: -43.188 axialRotation: -24.3252 zShift: 1.91834 energy: -11.1145
MCAccept 6 xShift: 8.46122 crossingAngle: -43.52 axialRotation: -24.3679 zShift: 1.91834 energy: -11.5751
MCReject   xShift: 8.46122 crossingAngle: -43.4959 axialRotation: -24.3679 zShift: 1.91834 energy: -10.7625
MCReject   xShift: 8.44516 crossingAngle: -43.52 axialRotation: -24.3679 zShift: 1.91834 energy: -3.77444
MCReject   xShift: 8.46122 crossingAngle: -43.52 axialRotation: -24.3005 zShift: 1.91834 energy: -10.7625
MCReject   xShift: 8.46122 crossingAngle: -43.52 axialRotation: -24.4753 zShift: 1.91834 energy: -10.4115
MCReject   xShift: 8.46122 crossingAngle: -43.52 axialRotation: -24.3679 zShift: 1.90917 energy: -10.3749
MCAccept 7 xShift: 8.44521 crossingAngle: -43.52 axialRotation: -24.3679 zShift: 1.91834 energy: -11.5917
MCReject   xShift: 8.44521 crossingAngle: -43.52 axialRotation: -24.326 zShift: 1.91834 energy: -3.7717
MCReject   xShift: 8.44521 crossingAngle: -43.52 axialRotation: -24.3679 zShift: 1.93526 energy: -4.57017
MCAccept 8 xShift: 8.44742 crossingAngle: -43.52 axialRotation: -24.3679 zShift: 1.91834 energy: -11.5917
MCReject   xShift: 8.44742 crossingAngle: -43.4398 axialRotation: -24.3679 zShift: 1.91834 energy: -9.92094
MCAccept 9 xShift: 8.44742 crossingAngle: -43.52 axialRotation: -24.3241 zShift: 1.91834 energy: -11.5917
MCReject   xShift: 8.45095 crossingAngle: -43.52 axialRotation: -24.3241 zShift: 1.91834 energy: -10.7686
MCReject   xShift: 8.44742 crossingAngle: -43.52 axialRotation: -24.3241 zShift: 1.91122 energy: -10.3804
MCReject   xShift: 8.44742 crossingAngle: -43.52 axialRotation: -24.3236 zShift: 1.91834 energy: -10.7458
MCAccept 10 xShift: 8.44742 crossingAngle: -43.52 axialRotation: -24.0995 zShift: 1.91834 energy: -11.5751
MCReject   xShift: 8.44742 crossingAngle: -43.52 axialRotation: -24.0995 zShift: 1.9189 energy: -11.098
MCAccept 11 xShift: 8.44742 crossingAngle: -43.6362 axialRotation: -24.0995 zShift: 1.91834 energy: -11.5979
MCReject   xShift: 8.44742 crossingAngle: -43.6362 axialRotation: -23.9692 zShift: 1.91834 energy: -11.097
MCReject   xShift: 8.44742 crossingAngle: -43.6362 axialRotation: -24.06 zShift: 1.91834 energy: -3.72032
MCReject   xShift: 8.44208 crossingAngle: -43.6362 axialRotation: -24.0995 zShift: 1.91834 energy: -5.62083
MCReject   xShift: 8.44742 crossingAngle: -43.8689 axialRotation: -24.0995 zShift: 1.91834 energy: -3.7077
MCReject   xShift: 8.43937 crossingAngle: -43.6362 axialRotation: -24.0995 zShift: 1.91834 energy: -4.30788
MCAccept 12 xShift: 8.45533 crossingAngle: -43.6362 axialRotation: -24.0995 zShift: 1.91834 energy: -11.6043
MCReject   xShift: 8.45533 crossingAngle: -43.6362 axialRotation: -24.0995 zShift: 1.90024 energy: -10.7258
MCReject   xShift: 8.45533 crossingAngle: -43.6134 axialRotation: -24.0995 zShift: 1.91834 energy: -11.097
MCReject   xShift: 8.44996 crossingAngle: -43.6362 axialRotation: -24.0995 zShift: 1.91834 energy: -10.399
MCReject   xShift: 8.45875 crossingAngle: -43.6362 axialRotation: -24.0995 zShift: 1.91834 energy: -10.7458
MCReject   xShift: 8.44197 crossingAngle: -43.6362 axialRotation: -24.0995 zShift: 1.91834 energy: -11.1312
MCReject   xShift: 8.45533 crossingAngle: -43.6362 axialRotation: -24.2072 zShift: 1.91834 energy: -3.78686
MCReject   xShift: 8.45533 crossingAngle: -43.6362 axialRotation: -24.0995 zShift: 1.92049 energy: -9.57377
MCReject   xShift: 8.45533 crossingAngle: -43.6362 axialRotation: -24.0995 zShift: 1.92973 energy: -4.30055
MCReject   xShift: 8.45533 crossingAngle: -43.6362 axialRotation: -24.2189 zShift: 1.91834 energy: -9.93846
MCAccept 13 xShift: 8.45523 crossingAngle: -43.6362 axialRotation: -24.0995 zShift: 1.91834 energy: -11.5917
MCReject   xShift: 8.45523 crossingAngle: -43.7044 axialRotation: -24.0995 zShift: 1.91834 energy: -4.32056
MCAccept 14 xShift: 8.46888 crossingAngle: -43.6362 axialRotation: -24.0995 zShift: 1.91834 energy: -11.6104
MCReject   xShift: 8.46888 crossingAngle: -43.6362 axialRotation: -24.1727 zShift: 1.91834 energy: -3.7717
MCAccept 15 xShift: 8.4645 crossingAngle: -43.6362 axialRotation: -24.0995 zShift: 1.91834 energy: -11.5876
MCReject   xShift: 8.4645 crossingAngle: -43.6362 axialRotation: -24.0995 zShift: 1.89436 energy: -3.73725
MCAccept 16 xShift: 8.4645 crossingAngle: -43.6362 axialRotation: -24.0995 zShift: 1.9162 energy: -11.5989
MCReject   xShift: 8.4645 crossingAngle: -43.6362 axialRotation: -24.0995 zShift: 1.91194 energy: -10.3823
MCReject   xShift: 8.4645 crossingAngle: -43.6362 axialRotation: -24.0995 zShift: 1.90757 energy: -11.1081
MCAccept 17 xShift: 8.4645 crossingAngle: -43.6362 axialRotation: -24.0995 zShift: 1.90786 energy: -11.5833
MCAccept 18 xShift: 8.4645 crossingAngle: -43.5895 axialRotation: -24.0995 zShift: 1.90786 energy: -11.5647
MCReject   xShift: 8.4645 crossingAngle: -43.5895 axialRotation: -24.0995 zShift: 1.91266 energy: -3.73617
MCAccept 19 xShift: 8.48202 crossingAngle: -43.5895 axialRotation: -24.0995 zShift: 1.90786 energy: -11.5708
MCReject   xShift: 8.48202 crossingAngle: -43.5895 axialRotation: -24.0327 zShift: 1.90786 energy: -11.0914
MCReject   xShift: 8.48202 crossingAngle: -43.5135 axialRotation: -24.0995 zShift: 1.90786 energy: -10.7421
MCReject   xShift: 8.48202 crossingAngle: -43.5895 axialRotation: -24.0342 zShift: 1.90786 energy: -5.39846
MCReject   xShift: 8.48202 crossingAngle: -43.5895 axialRotation: -24.2689 zShift: 1.90786 energy: -11.0914
MCReject   xShift: 8.48202 crossingAngle: -43.5895 axialRotation: -24.0995 zShift: 1.90022 energy: -11.0516
MCReject   xShift: 8.48202 crossingAngle: -43.5895 axialRotation: -24.0995 zShift: 1.89898 energy: -11.077
MCReject   xShift: 8.48202 crossingAngle: -43.5895 axialRotation: -23.9651 zShift: 1.90786 energy: -3.78975
MCAccept 20 xShift: 8.48202 crossingAngle: -43.5895 axialRotation: -24.0995 zShift: 1.92788 energy: -11.5671
MCAccept 21 xShift: 8.47022 crossingAngle: -43.5895 axialRotation: -24.0995 zShift: 1.92788 energy: -11.6274
MCReject   xShift: 8.47022 crossingAngle: -43.5895 axialRotation: -24.0905 zShift: 1.92788 energy: -4.37029
MCReject   xShift: 8.47022 crossingAngle: -43.5895 axialRotation: -24.0995 zShift: 1.90861 energy: -4.43876
MCReject   xShift: 8.47022 crossingAngle: -43.5895 axialRotation: -24.2927 zShift: 1.92788 energy: -3.36725
MCReject   xShift: 8.47022 crossingAngle: -43.5895 axialRotation: -23.9807 zShift: 1.92788 energy: -4.35641
MCReject   xShift: 8.47022 crossingAngle: -43.6226 axialRotation: -24.0995 zShift: 1.92788 energy: -11.1323
MCReject   xShift: 8.44835 crossingAngle: -43.5895 axialRotation: -24.0995 zShift: 1.92788 energy: -3.79645
MCReject   xShift: 8.47022 crossingAngle: -43.5895 axialRotation: -24.0995 zShift: 1.94481 energy: -9.81166
MCAccept 22 xShift: 8.46659 crossingAngle: -43.5895 axialRotation: -24.0995 zShift: 1.92788 energy: -11.5797
MCReject   xShift: 8.46659 crossingAngle: -43.5895 axialRotation: -24.3267 zShift: 1.92788 energy: -11.1384
MCAccept 23 xShift: 8.46659 crossingAngle: -43.5895 axialRotation: -23.9784 zShift: 1.92788 energy: -11.608
MCAccept 24 xShift: 8.46659 crossingAngle: -43.5895 axialRotation: -23.9781 zShift: 1.92788 energy: -11.608
MCReject   xShift: 8.46659 crossingAngle: -43.5658 axialRotation: -23.9781 zShift: 1.92788 energy: -4.53111
MCReject   xShift: 8.4864 crossingAngle: -43.5895 axialRotation: -23.9781 zShift: 1.92788 energy: -9.58708
MCAccept 25 xShift: 8.46567 crossingAngle: -43.5895 axialRotation: -23.9781 zShift: 1.92788 energy: -11.621
MCReject   xShift: 8.45166 crossingAngle: -43.5895 axialRotation: -23.9781 zShift: 1.92788 energy: -4.37029
MCAccept 26 xShift: 8.46567 crossingAngle: -43.5895 axialRotation: -24.1931 zShift: 1.92788 energy: -11.6148
MCReject   xShift: 8.46567 crossingAngle: -43.8114 axialRotation: -24.1931 zShift: 1.92788 energy: -3.80911
MCReject   xShift: 8.46567 crossingAngle: -43.5895 axialRotation: -24.2248 zShift: 1.92788 energy: -11.1306
MCReject   xShift: 8.46567 crossingAngle: -43.5787 axialRotation: -24.1931 zShift: 1.92788 energy: -4.35756
MCAccept 27 xShift: 8.46567 crossingAngle: -43.5895 axialRotation: -24.1931 zShift: 1.94498 energy: -11.6589
MCAccept 28 xShift: 8.46567 crossingAngle: -43.441 axialRotation: -24.1931 zShift: 1.94498 energy: -11.6654
MCReject   xShift: 8.46567 crossingAngle: -43.441 axialRotation: -24.1931 zShift: 1.96833 energy: -3.97903
MCAccept 29 xShift: 8.46567 crossingAngle: -43.441 axialRotation: -24.3973 zShift: 1.94498 energy: -11.6654
MCReject   xShift: 8.46567 crossingAngle: -43.441 axialRotation: -24.3973 zShift: 1.94602 energy: -3.92364
MCReject   xShift: 8.46431 crossingAngle: -43.441 axialRotation: -24.3973 zShift: 1.94498 energy: -10.4757
MCAccept 30 xShift: 8.46567 crossingAngle: -43.4424 axialRotation: -24.3973 zShift: 1.94498 energy: -11.6121
MCReject   xShift: 8.46567 crossingAngle: -43.4424 axialRotation: -24.3256 zShift: 1.94498 energy: -3.81345
MCAccept 31 xShift: 8.46567 crossingAngle: -43.4424 axialRotation: -24.3973 zShift: 1.94181 energy: -11.6224
MCReject   xShift: 8.46567 crossingAngle: -43.4424 axialRotation: -24.4896 zShift: 1.94181 energy: -10.4559
MCReject   xShift: 8.46567 crossingAngle: -43.4424 axialRotation: -24.4227 zShift: 1.94181 energy: -11.6065
MCReject   xShift: 8.46567 crossingAngle: -43.4424 axialRotation: -24.5022 zShift: 1.94181 energy: -4.424
MCReject   xShift: 8.46805 crossingAngle: -43.4424 axialRotation: -24.3973 zShift: 1.94181 energy: -10.4559
MCReject   xShift: 8.46567 crossingAngle: -43.2795 axialRotation: -24.3973 zShift: 1.94181 energy: -4.424
MCReject   xShift: 8.46567 crossingAngle: -43.4424 axialRotation: -24.1491 zShift: 1.94181 energy: -3.89744
MCReject   xShift: 8.46913 crossingAngle: -43.4424 axialRotation: -24.3973 zShift: 1.94181 energy: -3.90997
MCReject   xShift: 8.47315 crossingAngle: -43.4424 axialRotation: -24.3973 zShift: 1.94181 energy: -3.7344
MCReject   xShift: 8.46567 crossingAngle: -43.4424 axialRotation: -24.5699 zShift: 1.94181 energy: -9.60937
MCAccept 32 xShift: 8.46567 crossingAngle: -43.4424 axialRotation: -24.3973 zShift: 1.9263 energy: -11.6237
MCReject   xShift: 8.4865 crossingAngle: -43.4424 axialRotation: -24.3973 zShift: 1.9263 energy: -11.147
MCAccept 33 xShift: 8.46567 crossingAngle: -43.3525 axialRotation: -24.3973 zShift: 1.9263 energy: -11.5921
MCReject   xShift: 8.44024 crossingAngle: -43.3525 axialRotation: -24.3973 zShift: 1.9263 energy: -10.4316
MCReject   xShift: 8.46567 crossingAngle: -43.3525 axialRotation: -24.3973 zShift: 1.94458 energy: -4.14056
MCReject   xShift: 8.45077 crossingAngle: -43.3525 axialRotation: -24.3973 zShift: 1.9263 energy: -10.4316
MCReject   xShift: 8.46567 crossingAngle: -43.3525 axialRotation: -24.3973 zShift: 1.93746 energy: -10.9969
MCReject   xShift: 8.46567 crossingAngle: -43.2888 axialRotation: -24.3973 zShift: 1.9263 energy: -9.93726
MCReject   xShift: 8.46567 crossingAngle: -43.3525 axialRotation: -24.3973 zShift: 1.92527 energy: -3.81364
MCReject   xShift: 8.46567 crossingAngle: -43.3525 axialRotation: -24.1134 zShift: 1.9263 energy: -10.4316
MCAccept 34 xShift: 8.46567 crossingAngle: -43.3525 axialRotation: -24.5351 zShift: 1.9263 energy: -11.6111
MCReject   xShift: 8.46567 crossingAngle: -43.3525 axialRotation: -24.4501 zShift: 1.9263 energy: -10.9459
MCReject   xShift: 8.46567 crossingAngle: -43.3525 axialRotation: -24.5351 zShift: 1.93601 energy: -4.24269
MCAccept 35 xShift: 8.46567 crossingAngle: -43.3525 axialRotation: -24.5351 zShift: 1.92495 energy: -11.6079
MCAccept 36 xShift: 8.46567 crossingAngle: -43.3713 axialRotation: -24.5351 zShift: 1.92495 energy: -11.6266
MCReject   xShift: 8.46567 crossingAngle: -43.3713 axialRotation: -24.5351 zShift: 1.91829 energy: -3.77425
MCReject   xShift: 8.46567 crossingAngle: -43.2399 axialRotation: -24.5351 zShift: 1.92495 energy: -11.5736
MCReject   xShift: 8.46567 crossingAngle: -43.4246 axialRotation: -24.5351 zShift: 1.92495 energy: -3.81242
MCReject   xShift: 8.46567 crossingAngle: -43.3713 axialRotation: -24.6365 zShift: 1.92495 energy: -10.4283
MCReject   xShift: 8.46567 crossingAngle: -43.3713 axialRotation: -24.3745 zShift: 1.92495 energy: -3.79777
MCReject   xShift: 8.46567 crossingAngle: -43.3713 axialRotation: -24.5351 zShift: 1.92311 energy: -10.4237
MCReject   xShift: 8.46567 crossingAngle: -43.3713 axialRotation: -24.5351 zShift: 1.91877 energy: -11.6114
MCAccept 37 xShift: 8.48141 crossingAngle: -43.3713 axialRotation: -24.5351 zShift: 1.92495 energy: -11.6079
MCAccept 38 xShift: 8.48892 crossingAngle: -43.3713 axialRotation: -24.5351 zShift: 1.92495 energy: -11.614
MCReject   xShift: 8.48892 crossingAngle: -43.3713 axialRotation: -24.5351 zShift: 1.92557 energy: -10.4173
MCReject   xShift: 8.49538 crossingAngle: -43.3713 axialRotation: -24.5351 zShift: 1.92495 energy: -9.77843
MCAccept 39 xShift: 8.48892 crossingAngle: -43.3713 axialRotation: -24.5351 zShift: 1.90629 energy: -11.5791
MCReject   xShift: 8.48387 crossingAngle: -43.3713 axialRotation: -24.5351 zShift: 1.90629 energy: -4.01156
MCAccept 40 xShift: 8.48892 crossingAngle: -43.3105 axialRotation: -24.5351 zShift: 1.90629 energy: -11.5791
MCAccept 41 xShift: 8.48892 crossingAngle: -43.3105 axialRotation: -24.5922 zShift: 1.90629 energy: -11.5666
MCReject   xShift: 8.48892 crossingAngle: -43.4489 axialRotation: -24.5922 zShift: 1.90629 energy: -3.66219
MCAccept 42 xShift: 8.48892 crossingAngle: -43.1779 axialRotation: -24.5922 zShift: 1.90629 energy: -11.573
MCAccept 43 xShift: 8.48892 crossingAngle: -43.2987 axialRotation: -24.5922 zShift: 1.90629 energy: -11.573
MCReject   xShift: 8.49456 crossingAngle: -43.2987 axialRotation: -24.5922 zShift: 1.90629 energy: -9.54539
MCReject   xShift: 8.49569 crossingAngle: -43.2987 axialRotation: -24.5922 zShift: 1.90629 energy: -3.7714
MCReject   xShift: 8.46336 crossingAngle: -43.2987 axialRotation: -24.5922 zShift: 1.90629 energy: -10.7449
MCReject   xShift: 8.48892 crossingAngle: -43.2987 axialRotation: -24.5922 zShift: 1.91577 energy: -4.16145
MCReject   xShift: 8.48892 crossingAngle: -43.2987 axialRotation: -24.5922 zShift: 1.90516 energy: -4.33401
MCReject   xShift: 8.48789 crossingAngle: -43.2987 axialRotation: -24.5922 zShift: 1.90629 energy: -9.89454
MCReject   xShift: 8.48892 crossingAngle: -43.2623 axialRotation: -24.5922 zShift: 1.90629 energy: -4.28118
MCReject   xShift: 8.48892 crossingAngle: -43.2712 axialRotation: -24.5922 zShift: 1.90629 energy: -10.7449
MCAccept 44 xShift: 8.48892 crossingAngle: -43.2987 axialRotation: -24.5883 zShift: 1.90629 energy: -11.573
MCReject   xShift: 8.48892 crossingAngle: -43.2987 axialRotation: -24.5883 zShift: 1.88677 energy: -3.55657
MCReject   xShift: 8.48892 crossingAngle: -43.3017 axialRotation: -24.5883 zShift: 1.90629 energy: -10.7449
MCAccept 45 xShift: 8.48892 crossingAngle: -43.2987 axialRotation: -24.3938 zShift: 1.90629 energy: -11.5473
MCReject   xShift: 8.48892 crossingAngle: -43.1647 axialRotation: -24.3938 zShift: 1.90629 energy: -10.7255
MCReject   xShift: 8.50203 crossingAngle: -43.2987 axialRotation: -24.3938 zShift: 1.90629 energy: -3.78788
MCReject   xShift: 8.49702 crossingAngle: -43.2987 axialRotation: -24.3938 zShift: 1.90629 energy: -10.7449
MCReject   xShift: 8.48892 crossingAngle: -43.2987 axialRotation: -24.3938 zShift: 1.88497 energy: -10.6895
MCReject   xShift: 8.50098 crossingAngle: -43.2987 axialRotation: -24.3938 zShift: 1.90629 energy: -10.3796
MCReject   xShift: 8.48892 crossingAngle: -43.2987 axialRotation: -24.3504 zShift: 1.90629 energy: -10.9357
MCReject   xShift: 8.48892 crossingAngle: -43.1492 axialRotation: -24.3938 zShift: 1.90629 energy: -3.7225
MCReject   xShift: 8.4932 crossingAngle: -43.2987 axialRotation: -24.3938 zShift: 1.90629 energy: -11.094
MCReject   xShift: 8.48892 crossingAngle: -43.2987 axialRotation: -24.3938 zShift: 1.90779 energy: -10.3837
MCReject   xShift: 8.48892 crossingAngle: -43.2552 axialRotation: -24.3938 zShift: 1.90629 energy: -10.3796
MCAccept 46 xShift: 8.48892 crossingAngle: -43.2987 axialRotation: -24.3938 zShift: 1.9095 energy: -11.5268
MCReject   xShift: 8.48892 crossingAngle: -43.2987 axialRotation: -24.3938 zShift: 1.9204 energy: -10.7662
MCAccept 47 xShift: 8.48892 crossingAngle: -43.2987 axialRotation: -24.3381 zShift: 1.9095 energy: -11.5876
MCAccept 48 xShift: 8.48892 crossingAngle: -43.2987 axialRotation: -24.3381 zShift: 1.903 energy: -11.5702
MCReject   xShift: 8.48892 crossingAngle: -43.2987 axialRotation: -24.3218 zShift: 1.903 energy: -3.96356
MCReject   xShift: 8.48892 crossingAngle: -43.4105 axialRotation: -24.3381 zShift: 1.903 energy: -11.0681
MCReject   xShift: 8.48892 crossingAngle: -43.2987 axialRotation: -24.3598 zShift: 1.903 energy: -10.3706
MCReject   xShift: 8.48892 crossingAngle: -43.2987 axialRotation: -24.305 zShift: 1.903 energy: -11.0866
MCAccept 49 xShift: 8.49644 crossingAngle: -43.2987 axialRotation: -24.3381 zShift: 1.903 energy: -11.5641
MCReject   xShift: 8.49644 crossingAngle: -43.2987 axialRotation: -24.3381 zShift: 1.91812 energy: -10.7682
MCReject   xShift: 8.49644 crossingAngle: -43.2987 axialRotation: -24.3955 zShift: 1.903 energy: -3.61562
MCReject   xShift: 8.49644 crossingAngle: -43.3528 axialRotation: -24.3381 zShift: 1.903 energy: -10.7379
MCAccept 50 xShift: 8.49644 crossingAngle: -43.2987 axialRotation: -24.2777 zShift: 1.903 energy: -11.5516
MCReject   xShift: 8.49644 crossingAngle: -43.3502 axialRotation: -24.2777 zShift: 1.903 energy: -3.72503
MCReject   xShift: 8.49831 crossingAngle: -43.2987 axialRotation: -24.2777 zShift: 1.903 energy: -9.90421
MCReject   xShift: 8.49462 crossingAngle: -43.2987 axialRotation: -24.2777 zShift: 1.903 energy: -9.90421
MCReject   xShift: 8.49644 crossingAngle: -43.1052 axialRotation: -24.2777 zShift: 1.903 energy: -10.7318
MCReject   xShift: 8.49644 crossingAngle: -43.2987 axialRotation: -24.4291 zShift: 1.903 energy: -4.44749
MCReject   xShift: 8.49644 crossingAngle: -43.2987 axialRotation: -24.2777 zShift: 1.89564 energy: -11.2115
MCReject   xShift: 8.49578 crossingAngle: -43.2987 axialRotation: -24.2777 zShift: 1.903 energy: -9.21789
MCReject   xShift: 8.49273 crossingAngle: -43.2987 axialRotation: -24.2777 zShift: 1.903 energy: -3.69615
MCAccept 51 xShift: 8.49644 crossingAngle: -43.3864 axialRotation: -24.2777 zShift: 1.903 energy: -11.5641
MCAccept 52 xShift: 8.49644 crossingAngle: -43.3864 axialRotation: -24.2252 zShift: 1.903 energy: -11.5641
MCReject   xShift: 8.49644 crossingAngle: -43.4841 axialRotation: -24.2252 zShift: 1.903 energy: -3.61562
MCReject   xShift: 8.49644 crossingAngle: -43.3864 axialRotation: -24.218 zShift: 1.903 energy: -4.24743
MCReject   xShift: 8.49644 crossingAngle: -43.534 axialRotation: -24.2252 zShift: 1.903 energy: -10.7357
MCReject   xShift: 8.49644 crossingAngle: -43.3706 axialRotation: -24.2252 zShift: 1.903 energy: -3.84086
MCAccept 53 xShift: 8.49644 crossingAngle: -43.3864 axialRotation: -24.2252 zShift: 1.90624 energy: -11.5729
MCReject   xShift: 8.49644 crossingAngle: -43.3951 axialRotation: -24.2252 zShift: 1.90624 energy: -3.69271
MCReject   xShift: 8.49644 crossingAngle: -43.3864 axialRotation: -24.2252 zShift: 1.91296 energy: -10.7584
MCReject   xShift: 8.49644 crossingAngle: -43.3864 axialRotation: -24.2252 zShift: 1.91253 energy: -10.3964
MCReject   xShift: 8.49644 crossingAngle: -43.3864 axialRotation: -24.2252 zShift: 1.91422 energy: -10.7608
MCReject   xShift: 8.50192 crossingAngle: -43.3864 axialRotation: -24.2252 zShift: 1.90624 energy: -3.72602
MCReject   xShift: 8.49644 crossingAngle: -43.3864 axialRotation: -24.2252 zShift: 1.90005 energy: -4.24801
MCAccept 54 xShift: 8.49644 crossingAngle: -43.4536 axialRotation: -24.2252 zShift: 1.90624 energy: -11.5729
MCReject   xShift: 8.49644 crossingAngle: -43.4536 axialRotation: -24.2252 zShift: 1.89846 energy: -11.0932
MCReject   xShift: 8.49982 crossingAngle: -43.4536 axialRotation: -24.2252 zShift: 1.90624 energy: -10.7387
MCAccept 55 xShift: 8.49644 crossingAngle: -43.3579 axialRotation: -24.2252 zShift: 1.90624 energy: -11.5596
MCAccept 56 xShift: 8.49644 crossingAngle: -43.3579 axialRotation: -24.2252 zShift: 1.9308 energy: -11.6278
MCReject   xShift: 8.51031 crossingAngle: -43.3579 axialRotation: -24.2252 zShift: 1.9308 energy: -4.45141
MCReject   xShift: 8.49644 crossingAngle: -43.3579 axialRotation: -24.3897 zShift: 1.9308 energy: -11.6139
MCReject   xShift: 8.49644 crossingAngle: -43.3579 axialRotation: -24.2252 zShift: 1.92767 energy: -10.9671
MCReject   xShift: 8.49644 crossingAngle: -43.3579 axialRotation: -24.2252 zShift: 1.92282 energy: -3.35179
MCAccept 57 xShift: 8.49644 crossingAngle: -43.2684 axialRotation: -24.2252 zShift: 1.9308 energy: -11.6404
MCReject   xShift: 8.49644 crossingAngle: -43.2684 axialRotation: -24.2252 zShift: 1.94373 energy: -10.4603
MCAccept 58 xShift: 8.49644 crossingAngle: -43.1117 axialRotation: -24.2252 zShift: 1.9308 energy: -11.6278
MCReject   xShift: 8.49644 crossingAngle: -43.1117 axialRotation: -24.3729 zShift: 1.9308 energy: -3.75251
MCAccept 59 xShift: 8.49644 crossingAngle: -43.3284 axialRotation: -24.2252 zShift: 1.9308 energy: -11.6404
MCReject   xShift: 8.49644 crossingAngle: -43.1735 axialRotation: -24.2252 zShift: 1.9308 energy: -3.82201
MCAccept 60 xShift: 8.49644 crossingAngle: -43.1756 axialRotation: -24.2252 zShift: 1.9308 energy: -11.6278
MCReject   xShift: 8.49644 crossingAngle: -43.0636 axialRotation: -24.2252 zShift: 1.9308 energy: -3.53145
MCReject   xShift: 8.49644 crossingAngle: -43.1034 axialRotation: -24.2252 zShift: 1.9308 energy: -10.4301
MCReject   xShift: 8.49644 crossingAngle: -43.1756 axialRotation: -24.2252 zShift: 1.92913 energy: -11.1346
MCReject   xShift: 8.49644 crossingAngle: -43.278 axialRotation: -24.2252 zShift: 1.9308 energy: -11.0528
MCReject   xShift: 8.49644 crossingAngle: -43.1756 axialRotation: -24.2252 zShift: 1.94424 energy: -4.48868
MCReject   xShift: 8.49644 crossingAngle: -43.1756 axialRotation: -24.2252 zShift: 1.92665 energy: -4.29114
MCReject   xShift: 8.49644 crossingAngle: -43.1756 axialRotation: -24.2252 zShift: 1.93122 energy: -9.94693
MCReject   xShift: 8.49644 crossingAngle: -43.158 axialRotation: -24.2252 zShift: 1.9308 energy: -5.70735
MCReject   xShift: 8.49644 crossingAngle: -43.1756 axialRotation: -24.1072 zShift: 1.9308 energy: -9.96386
MCReject   xShift: 8.49644 crossingAngle: -43.2389 axialRotation: -24.2252 zShift: 1.9308 energy: -3.71112
MCReject   xShift: 8.49644 crossingAngle: -43.1756 axialRotation: -24.1832 zShift: 1.9308 energy: -10.4426
MCReject   xShift: 8.49644 crossingAngle: -43.1251 axialRotation: -24.2252 zShift: 1.9308 energy: -11.6013
MCReject   xShift: 8.49644 crossingAngle: -43.1756 axialRotation: -24.2495 zShift: 1.9308 energy: -11.6013
MCReject   xShift: 8.49644 crossingAngle: -43.1756 axialRotation: -24.1445 zShift: 1.9308 energy: -3.87285
MCReject   xShift: 8.49644 crossingAngle: -43.1756 axialRotation: -24.3612 zShift: 1.9308 energy: -11.1351
MCReject   xShift: 8.49644 crossingAngle: -43.1756 axialRotation: -24.2252 zShift: 1.91277 energy: -11.5962
MCReject   xShift: 8.49644 crossingAngle: -43.1756 axialRotation: -24.1573 zShift: 1.9308 energy: -10.7898
MCReject   xShift: 8.49644 crossingAngle: -43.1756 axialRotation: -24.2099 zShift: 1.9308 energy: -10.4426
MCReject   xShift: 8.49644 crossingAngle: -43.2974 axialRotation: -24.2252 zShift: 1.9308 energy: -4.35437
MCReject   xShift: 8.51815 crossingAngle: -43.1756 axialRotation: -24.2252 zShift: 1.9308 energy: -9.94611
MCAccept 61 xShift: 8.49644 crossingAngle: -43.0749 axialRotation: -24.2252 zShift: 1.9308 energy: -11.6404
MCReject   xShift: 8.49644 crossingAngle: -43.0749 axialRotation: -24.3673 zShift: 1.9308 energy: -10.9724
MCReject   xShift: 8.49644 crossingAngle: -43.0911 axialRotation: -24.2252 zShift: 1.9308 energy: -11.6139
MCReject   xShift: 8.49644 crossingAngle: -43.0749 axialRotation: -24.2252 zShift: 1.93094 energy: -3.32389
MCReject   xShift: 8.49644 crossingAngle: -43.0749 axialRotation: -24.2252 zShift: 1.93625 energy: -11.5836
MCReject   xShift: 8.49644 crossingAngle: -43.0749 axialRotation: -24.2252 zShift: 1.91674 energy: -5.42601
MCReject   xShift: 8.49644 crossingAngle: -43.0749 axialRotation: -24.1272 zShift: 1.9308 energy: -11.6278
MCReject   xShift: 8.49644 crossingAngle: -43.0749 axialRotation: -24.2203 zShift: 1.9308 energy: -11.6139
MCReject   xShift: 8.49644 crossingAngle: -43.0749 axialRotation: -24.2252 zShift: 1.92898 energy: -9.94257
MCReject   xShift: 8.51316 crossingAngle: -43.0749 axialRotation: -24.2252 zShift: 1.9308 energy: -4.07515
MCAccept 62 xShift: 8.49644 crossingAngle: -43.0749 axialRotation: -24.2258 zShift: 1.9308 energy: -11.6342
MCReject   xShift: 8.49644 crossingAngle: -43.0533 axialRotation: -24.2258 zShift: 1.9308 energy: -10.4301
MCAccept 63 xShift: 8.49644 crossingAngle: -43.0749 axialRotation: -24.1561 zShift: 1.9308 energy: -11.6404
MCReject   xShift: 8.49644 crossingAngle: -43.0749 axialRotation: -24.1561 zShift: 1.93894 energy: -9.31991
MCReject   xShift: 8.49644 crossingAngle: -43.0749 axialRotation: -24.1561 zShift: 1.92941 energy: -9.96113
MCReject   xShift: 8.49644 crossingAngle: -43.0749 axialRotation: -24.0882 zShift: 1.9308 energy: -9.96386
MCAccept 64 xShift: 8.49644 crossingAngle: -43.0749 axialRotation: -24.3335 zShift: 1.9308 energy: -11.6404
MCReject   xShift: 8.50818 crossingAngle: -43.0749 axialRotation: -24.3335 zShift: 1.9308 energy: -11.6342
MCReject   xShift: 8.49644 crossingAngle: -42.9158 axialRotation: -24.3335 zShift: 1.9308 energy: -11.1377
MCReject   xShift: 8.49644 crossingAngle: -43.0749 axialRotation: -24.3335 zShift: 1.92579 energy: -9.93625
MCReject   xShift: 8.49644 crossingAngle: -43.0749 axialRotation: -24.5596 zShift: 1.9308 energy: -2.98423
MCReject   xShift: 8.49644 crossingAngle: -43.0749 axialRotation: -24.3335 zShift: 1.92284 energy: -10.423
MCReject   xShift: 8.49644 crossingAngle: -43.0749 axialRotation: -24.4472 zShift: 1.9308 energy: -3.82201
MCReject   xShift: 8.49644 crossingAngle: -42.9509 axialRotation: -24.3335 zShift: 1.9308 energy: -11.6216
MCReject   xShift: 8.49644 crossingAngle: -43.0749 axialRotation: -24.3335 zShift: 1.91483 energy: -11.5829
MCReject   xShift: 8.49964 crossingAngle: -43.0749 axialRotation: -24.3335 zShift: 1.9308 energy: -10.7633
MCReject   xShift: 8.49644 crossingAngle: -43.0749 axialRotation: -24.3335 zShift: 1.92025 energy: -10.4039
MCReject   xShift: 8.49644 crossingAngle: -43.0749 axialRotation: -24.1864 zShift: 1.9308 energy: -3.86037
MCReject   xShift: 8.49644 crossingAngle: -43.0749 axialRotation: -24.4287 zShift: 1.9308 energy: -11.6013
MCReject   xShift: 8.49644 crossingAngle: -43.0749 axialRotation: -24.1779 zShift: 1.9308 energy: -9.94611
MCReject   xShift: 8.49644 crossingAngle: -42.9602 axialRotation: -24.3335 zShift: 1.9308 energy: -9.59205
MCReject   xShift: 8.49644 crossingAngle: -43.0111 axialRotation: -24.3335 zShift: 1.9308 energy: -10.7836
MCReject   xShift: 8.48234 crossingAngle: -43.0749 axialRotation: -24.3335 zShift: 1.9308 energy: -3.76519
MCReject   xShift: 8.49644 crossingAngle: -43.0749 axialRotation: -24.2422 zShift: 1.9308 energy: -11.6216
MCReject   xShift: 8.49644 crossingAngle: -43.0749 axialRotation: -24.1854 zShift: 1.9308 energy: -10.4426
MCReject   xShift: 8.49644 crossingAngle: -43.0749 axialRotation: -24.3335 zShift: 1.92 energy: -11.5913
MCReject   xShift: 8.49644 crossingAngle: -43.0749 axialRotation: -24.3335 zShift: 1.92928 energy: -4.43226
MCReject   xShift: 8.49644 crossingAngle: -43.2754 axialRotation: -24.3335 zShift: 1.9308 energy: -10.7836
MCReject   xShift: 8.49644 crossingAngle: -43.0749 axialRotation: -24.3335 zShift: 1.93564 energy: -3.83854
MCReject   xShift: 8.49644 crossingAngle: -43.0749 axialRotation: -24.2461 zShift: 1.9308 energy: -3.82201
MCReject   xShift: 8.49644 crossingAngle: -43.155 axialRotation: -24.3335 zShift: 1.9308 energy: -11.1554
Energy #0: -11.6404
***GEOMETRY SHIFT***
xShift;        Before: 8.46; After: 8.49644
crossingAngle; Before: -43.52; After: -43.0749
axialRotation; Before: -24.32; After: -24.3335
zShift;        Before: 1.91; After: 1.9308
Energy;        Before: 1.51083e+09; After: -11.6404

Reached 51 cycles without improvement of 0.001. Accepted 65/288
Monte Carlo repack complete. Time: 107.3min

