***STARTING GEOMETRY:***
xShift: 8.26938
crossingAngle: -45.8445
axialRotation: 51.0769
zShift: 2.97244

Number of MCCycles: 100
PrevSequence	CurrSequence	PrevEnergy	CurrEnergy	PrevEntropy	CurrEntropy	CurrentTemp
LLLALLTTLLGTLLVTLLILI	LLLALLTTLLGTLLFTLLILI	-19.7611	-25.2777	0.340616	0.489394	999.684
LLLALLTTLLGTLLFTLLILI	LLLALLTTLLGTLLVTLLILI	-25.2777	-26.5604	0.489394	0.340616	999.328
LLLALLTTLLGTLLVTLLILI	LLLALLTTLLGTLLFTLLILI	-26.5604	-25.2777	0.340616	0.489394	998.928
LLLALLTTLLGTLLFTLLILI	LLLALLLTLLGTLLFTLLILI	-24.5827	-21.263	1.18439	0.0860236	998.476
LLLALLLTLLGTLLFTLLILI	LLLALLLTLLGTLLVTLLILI	-20.8596	-22.2078	0.489394	0.340616	997.967
LLLALLLTLLGTLLVTLLILI	LLLALLLTLLATLLVTLLILI	-22.187	-22.0292	0.36136	0.463748	996.749
LLLALLLTLLATLLVTLLILI	LLLALLLTLLGTLLVTLLILI	-22.0292	-22.187	0.463748	0.36136	996.023
LLLALLLTLLGTLLVTLLILI	LLLALLLTLLGTLLTTLLILI	-22.4756	-20.971	0.0728516	1.27634	995.205
LLLALLLTLLGTLLTTLLILI	LLLALLTTLLGTLLTTLLILI	-22.1776	-25.2918	0.0697899	1.30026	994.285
LLLALLTTLLGTLLTTLLILI	LLLALLTTLLGTLLTYLLILI	-25.6743	-27.2085	0.917682	0.141213	993.249
LLLALLTTLLGTLLTYLLILI	LLLALLTTLLATLLTYLLILI	-26.9884	-26.5705	0.36136	0.463748	992.084
LLLALLTTLLATLLTYLLILI	LLLALLTTLLGTLLTYLLILI	-26.5705	-26.9884	0.463748	0.36136	990.773
LLLALLTTLLGTLLTYLLILI	LLLALLTTLLGTLLTTLLILI	-27.2085	-25.6743	0.141213	0.917682	989.3
LLLALLTTLLGTLLTTLLILI	LLLALLTTLLGTLLVTLLILI	-25.1975	-26.842	1.39457	0.0589809	987.644
LLLALLTTLLGTLLVTLLILI	LLLALLTTLLATLLVTLLILI	-26.5397	-26.083	0.36136	0.463748	985.783
LLLALLTTLLATLLVTLLILI	LLLALLTTLLGTLLVTLLILI	-26.083	-26.5397	0.463748	0.36136	983.694
LLLALLTTLLGTLLVTLLILI	LLLALLTTLLATLLVTLLILI	-26.5397	-26.083	0.36136	0.463748	981.348
LLLALLTTLLATLLVTLLILI	LLLALLTTLLGTLLVTLLILI	-26.083	-26.5397	0.463748	0.36136	978.717
LLLALLTTLLGTLLVTLLILI	LLLALLTTLLATLLVTLLILI	-26.5397	-26.083	0.36136	0.463748	972.463
LLLALLTTLLATLLVTLLILI	LLLALLTTLLATLLTTLLILI	-26.4878	-24.8306	0.0589809	1.39457	968.764
LLLALLTTLLATLLTTLLILI	LLLALLTTLLATLLTYLLILI	-25.3075	-26.893	0.917682	0.141213	964.627
LLLALLTTLLATLLTYLLILI	LLLALLTSLLATLLTYLLILI	-26.0332	-20.6133	1.001	0.120637	960.005
LLLALLTSLLATLLTYLLILI	LLLALLTSLLATLLTTLLILI	-20.5622	-19.1026	0.171816	0.816184	954.846
LLLALLTSLLATLLTTLLILI	LLLALLTSLLATLLTYLLILI	-19.1026	-20.5622	0.816184	0.171816	949.095
LLLALLTSLLATLLTYLLILI	LLLALLTTLLATLLTYLLILI	-20.6133	-26.0332	0.120637	1.001	935.578
LLLALLTTLLATLLTYLLILI	LLLALLYTLLATLLTYLLILI	-26.4954	-23.0472	0.538845	0.30482	927.683
LLLALLYTLLATLLTYLLILI	LLLALLTTLLATLLTYLLILI	-23.0472	-26.4954	0.30482	0.538845	918.939
LLLALLTTLLATLLTYLLILI	LLLALLTTLLGTLLTYLLILI	-26.5705	-26.9884	0.463748	0.36136	909.276
LLLALLTTLLGTLLTYLLILI	LLLALLTTLLATLLTYLLILI	-26.9884	-26.5705	0.36136	0.463748	898.621
LLLALLTTLLATLLTYLLILI	LLLALLTTLLGTLLTYLLILI	-26.5705	-26.9884	0.463748	0.36136	886.903
LLLALLTTLLGTLLTYLLILI	LLLALLTTLLATLLTYLLILI	-26.9884	-26.5705	0.36136	0.463748	874.051
LLLALLTTLLATLLTYLLILI	LLLALLTTLLGTLLTYLLILI	-26.5705	-26.9884	0.463748	0.36136	859.999
LLLALLTTLLGTLLTYLLILI	LLLALLTTLLATLLTYLLILI	-26.9884	-26.5705	0.36136	0.463748	844.686
LLLALLTTLLATLLTYLLILI	LLLALLTTLLGTLLTYLLILI	-26.5705	-26.9884	0.463748	0.36136	828.061
LLLALLTTLLGTLLTYLLILI	LLLALLTTLLATLLTYLLILI	-26.9884	-26.5705	0.36136	0.463748	810.083
LLLALLTTLLATLLTYLLILI	LLLALLTTLLGTLLTYLLILI	-26.5705	-26.9562	0.463748	0.36136	790.724
LLLALLTTLLGTLLTYLLILI	LLLALLTTLLATLLTYLLILI	-26.9562	-26.5705	0.36136	0.463748	769.974
LLLALLTTLLATLLTYLLILI	LLLALLTTLLGTLLTYLLILI	-26.5705	-26.9884	0.463748	0.36136	747.845
LLLALLTTLLGTLLTYLLILI	LLLALLTTLLGTLLSYLLILI	-26.3487	-23.9357	1.001	0.120637	699.602
LLLALLTTLLGTLLSYLLILI	LLLALLTTLLGTLLTYLLILI	-23.9357	-26.3487	0.120637	1.001	673.628
LLLALLTTLLGTLLTYLLILI	LLLALLTTLLATLLTYLLILI	-26.9884	-26.5705	0.36136	0.463748	646.557
LLLALLTTLLATLLTYLLILI	LLLALLTTLLGTLLTYLLILI	-26.5705	-26.9884	0.463748	0.36136	589.688
LLLALLTTLLGTLLTYLLILI	LLLALLTTLLATLLTYLLILI	-26.9884	-26.5705	0.36136	0.463748	410.812
LLLALLTTLLATLLTYLLILI	LLLALLTTLLGTLLTYLLILI	-26.5705	-26.9884	0.463748	0.36136	381.976
LLLALLTTLLGTLLTYLLILI	LLLALLTTLLATLLTYLLILI	-26.9884	-26.5705	0.36136	0.463748	276.131
LLLALLTTLLATLLTYLLILI	LLLALLTTLLGTLLTYLLILI	-26.5705	-26.9884	0.463748	0.36136	230.526
LLLALLTTLLGTLLTYLLILI	LLLALLTTLLATLLTYLLILI	-26.9884	-26.5705	0.36136	0.463748	172.439
LLLALLTTLLATLLTYLLILI	LLLALLTTLLGTLLTYLLILI	-26.5705	-26.9884	0.463748	0.36136	155.814
LLLALLTTLLGTLLTYLLILI	LLLALLTTLLATLLTYLLILI	-26.9884	-26.5705	0.36136	0.463748	101.879
LLLALLTTLLATLLTYLLILI	LLLALLTTLLGTLLTYLLILI	-26.5705	-26.9884	0.463748	0.36136	91.2238
Time: 169s
