***STARTING GEOMETRY:***
xShift: 8.20969
crossingAngle: -44.612
axialRotation: 50.622
zShift: 2.95469

Number of MCCycles: 100
PrevSequence	CurrSequence	PrevEnergy	CurrEnergy	PrevEntropy	CurrEntropy	CurrentTemp
LLLALLTTLLGTLLVTLLILI	LLLALLTTLLATLLVTLLILI	-19.6396	-26.0234	0.36136	0.463748	999.684
LLLALLTTLLATLLVTLLILI	LLLALLTTLLGTLLVTLLILI	-26.0234	-26.4126	0.463748	0.36136	999.328
LLLALLTTLLGTLLVTLLILI	LLLALLTTLLATLLVTLLILI	-26.4126	-26.0234	0.36136	0.463748	998.928
LLLALLTTLLATLLVTLLILI	LLLALLTTLLGTLLVTLLILI	-26.0234	-26.4126	0.463748	0.36136	998.476
LLLALLTTLLGTLLVTLLILI	LLLALLTTLLATLLVTLLILI	-26.4126	-25.9971	0.36136	0.463748	997.967
LLLALLTTLLATLLVTLLILI	LLLALLTTLLATLLTTLLILI	-26.4018	-24.8208	0.0589809	1.39457	997.394
LLLALLTTLLATLLTTLLILI	LLLALLTTLLATLLTYLLILI	-25.2977	-26.6068	0.917682	0.141213	996.749
LLLALLTTLLATLLTYLLILI	LLLALLLTLLATLLTYLLILI	-25.5636	-22.5884	1.18439	0.0860236	995.205
LLLALLLTLLATLLTYLLILI	LLLALLLTLLGTLLTYLLILI	-22.2107	-22.358	0.463748	0.36136	994.285
LLLALLLTLLGTLLTYLLILI	LLLALLLTLLATLLTYLLILI	-22.358	-22.2107	0.36136	0.463748	993.249
LLLALLLTLLATLLTYLLILI	LLLALLLTLLATLLSYLLILI	-21.8084	-19.4806	0.865998	0.155943	992.084
LLLALLLTLLATLLSYLLILI	LLLALLLTLLGTLLSYLLILI	-19.1728	-19.359	0.463748	0.36136	990.773
LLLALLLTLLGTLLSYLLILI	LLLALLTTLLGTLLSYLLILI	-19.6082	-22.9052	0.112128	1.04019	989.3
LLLALLTTLLGTLLSYLLILI	LLLALLTTLLATLLSYLLILI	-23.5841	-23.2457	0.36136	0.463748	987.644
LLLALLTTLLATLLSYLLILI	LLLALLTTLLATLLTYLLILI	-23.5888	-25.7211	0.120637	1.001	985.783
LLLALLTTLLATLLTYLLILI	LLLALLLTLLATLLTYLLILI	-25.5377	-22.5884	1.18439	0.0860236	983.694
LLLALLLTLLATLLTYLLILI	LLLALLTTLLATLLTYLLILI	-22.5884	-25.5636	0.0860236	1.18439	981.348
LLLALLTTLLATLLTYLLILI	LLLALLLTLLATLLTYLLILI	-25.5636	-22.5884	1.18439	0.0860236	978.717
LLLALLLTLLATLLTYLLILI	LLLALLLTLLGTLLTYLLILI	-22.2107	-22.358	0.463748	0.36136	975.768
LLLALLLTLLGTLLTYLLILI	LLLALLLTLLGTLLTTLLILI	-22.5476	-21.4437	0.171816	0.816184	972.463
LLLALLLTLLGTLLTTLLILI	LLLALLLTLLGTLLTYLLILI	-21.4437	-22.5476	0.816184	0.171816	968.764
LLLALLLTLLGTLLTYLLILI	LLLALLLTLLATLLTYLLILI	-22.358	-18.7436	0.36136	0.463748	964.627
LLLALLLTLLATLLTYLLILI	LLLALLLTLLATLLSYLLILI	-18.3413	-19.4806	0.865998	0.155943	960.005
LLLALLLTLLATLLSYLLILI	LLLALLLTLLGTLLSYLLILI	-19.1728	-19.359	0.463748	0.36136	954.846
LLLALLLTLLGTLLSYLLILI	LLLALLLTLLGTLLTYLLILI	-19.5644	-21.8534	0.155943	0.865998	949.095
LLLALLLTLLGTLLTYLLILI	LLLALLLTLLGTLLTTLLILI	-22.5476	-21.4437	0.171816	0.816184	942.693
LLLALLLTLLGTLLTTLLILI	LLLALLLTLLATLLTTLLILI	-21.8985	-21.6784	0.36136	0.463748	935.578
LLLALLLTLLATLLTTLLILI	LLLALLLTLLATLLVTLLILI	-20.8658	-22.3411	1.27634	0.0728516	927.683
LLLALLLTLLATLLVTLLILI	LLLALLLTLLGTLLVTLLILI	-21.9502	-22.1496	0.463748	0.36136	918.939
LLLALLLTLLGTLLVTLLILI	LLLALLTTLLGTLLVTLLILI	-22.425	-25.5896	0.0860236	1.18439	898.621
LLLALLTTLLGTLLVTLLILI	LLLALLTTLLGTLLTTLLILI	-26.715	-25.0839	0.0589809	1.39457	886.903
LLLALLTTLLGTLLTTLLILI	LLLALLTTLLGTLLTWLLILI	-25.8047	-24.5808	0.673827	0.22865	874.051
LLLALLTTLLGTLLTWLLILI	LLLALLTTLLGTLLTTLLILI	-24.5808	-25.8446	0.22865	0.673827	859.999
LLLALLTTLLGTLLTTLLILI	LLLALLTTLLATLLTTLLILI	-26.157	-25.7517	0.36136	0.463748	844.686
LLLALLTTLLATLLTTLLILI	LLLALLTTLLGTLLTTLLILI	-25.7517	-26.157	0.463748	0.36136	828.061
LLLALLTTLLGTLLTTLLILI	LLLALLTTLLATLLTTLLILI	-26.157	-25.7517	0.36136	0.463748	810.083
LLLALLTTLLATLLTTLLILI	LLLALLTTLLGTLLTTLLILI	-25.7517	-26.157	0.463748	0.36136	790.724
LLLALLTTLLGTLLTTLLILI	LLLALLYTLLGTLLTTLLILI	-25.6007	-22.8629	0.917682	0.141213	747.845
LLLALLYTLLGTLLTTLLILI	LLLALLYTLLGTLLVTLLILI	-21.7278	-23.1817	1.27634	0.0728516	724.369
LLLALLYTLLGTLLVTLLILI	LLLALLYTLLGTLLVVLLILI	-22.4544	-20.3593	0.800152	0.177314	699.602
LLLALLYTLLGTLLVVLLILI	LLLALLTTLLGTLLVVLLILI	-20.317	-22.6059	0.219549	0.693609	673.628
LLLALLTTLLGTLLVVLLILI	LLLALLTTLLGTLLTVLLILI	-23.1618	-22.0993	0.137712	0.930859	646.557
LLLALLTTLLGTLLTVLLILI	LLLALLTTLLGTLLTYLLILI	-22.8357	-26.2018	0.194474	0.753596	618.524
LLLALLTTLLGTLLTYLLILI	LLLALLYTLLGTLLTYLLILI	-26.4166	-23.9154	0.538845	0.30482	530.348
LLLALLYTLLGTLLTYLLILI	LLLALLTTLLGTLLTYLLILI	-23.9154	-26.4166	0.30482	0.538845	470.152
LLLALLTTLLGTLLTYLLILI	LLLALLTTLLGTLLTTLLILI	-26.8142	-25.6007	0.141213	0.917682	410.812
LLLALLTTLLGTLLTTLLILI	LLLALLTTLLGTLLTYLLILI	-25.6007	-26.807	0.917682	0.141213	381.976
LLLALLTTLLGTLLTYLLILI	LLLALLTTLLATLLTYLLILI	-26.5869	-26.2842	0.36136	0.463748	300.898
LLLALLTTLLATLLTYLLILI	LLLALLTTLLGTLLTYLLILI	-26.2842	-26.6282	0.463748	0.36136	276.131
LLLALLTTLLGTLLTYLLILI	LLLALLTTLLATLLTYLLILI	-26.6282	-26.2584	0.36136	0.463748	252.655
LLLALLTTLLATLLTYLLILI	LLLALLTTLLATLLSYLLILI	-25.7211	-23.5888	1.001	0.120637	230.526
LLLALLTTLLATLLSYLLILI	LLLALLTTLLGTLLSYLLILI	-23.2457	-23.6167	0.463748	0.36136	209.776
LLLALLTTLLGTLLSYLLILI	LLLALLTTLLGTLLTYLLILI	-23.8574	-25.9886	0.120637	1.001	172.439
Time: 151s
