***STARTING GEOMETRY:***
xShift: 9.2
crossingAngle: 31
axialRotation: 100
zShift: 4.2

Number of MCCycles: 100
PrevSequence	CurrSequence	PrevEnergy	CurrEnergy	PrevEntropy	CurrEntropy	CurrentTemp
LLLWTLLLLLTTLTTLLLILI	LLLWTLLLLLTWLTTLLLILI	-28.5099	-28.3724	0.428016	0.393183	999.684
LLLWTLLLLLTWLTTLLLILI	LLLWTLLLLLTFLTTLLLILI	-27.5346	-27.855	1.23103	0.0790506	999.328
LLLWTLLLLLTFLTTLLLILI	LLLWTLLLLLTWLTTLLLILI	-27.855	-27.1395	0.0790506	1.23103	998.928
LLLWTLLLLLTWLTTLLLILI	LLLWALLLLLTWLTTLLLILI	-27.0274	-26.2951	1.34306	0.064646	998.476
LLLWALLLLLTWLTTLLLILI	LLLWALLLLLTWLVTLLLILI	-25.2313	-22.5733	1.12845	0.0952708	997.967
LLLWALLLLLTWLVTLLLILI	LLLYALLLLLTWLVTLLLILI	-21.7782	-21.6611	0.890414	0.148778	997.394
LLLYALLLLLTWLVTLLLILI	LLLYGLLLLLTWLVTLLLILI	-21.5337	-20.1476	0.276169	0.584123	996.749
LLLYGLLLLLTWLVTLLLILI	LLLYGLLLLLTWLTTLLLILI	-20.6364	-23.0842	0.0952708	1.12845	996.023
LLLYGLLLLLTWLTTLLLILI	LLLYGLLWLLTWLTTLLLILI	-24.1052	-26.9633	0.107467	1.06307	995.205
LLLYGLLWLLTWLTTLLLILI	LLLYGLLWLLTFLTTLLLILI	-26.7954	-27.4276	1.23103	0.0790506	994.285
LLLYGLLWLLTFLTTLLLILI	LLLYGLLWLLTFLVTLLLILI	-26.3782	-23.775	1.12845	0.0952708	993.249
LLLYGLLWLLTFLVTLLLILI	LLLYGLLWLLTFLTTLLLILI	-23.775	-26.3782	0.0952708	1.12845	992.084
LLLYGLLWLLTFLTTLLLILI	LLLYGLLWLLTWLTTLLLILI	-27.4276	-26.7954	0.0790506	1.23103	990.773
LLLYGLLWLLTWLTTLLLILI	LLLYGLLWLLYWLTTLLLILI	-27.5833	-25.1422	0.443059	0.379341	989.3
LLLYGLLWLLYWLTTLLLILI	LLLWGLLWLLYWLTTLLLILI	-25.3305	-23.9187	0.191082	0.76241	987.644
LLLWGLLWLLYWLTTLLLILI	LLLWGLLWLLYLLTTLLLILI	-23.4117	-23.7587	1.2694	0.0737664	985.783
LLLWGLLWLLYLLTTLLLILI	LLLYGLLWLLYLLTTLLLILI	-23.2336	-24.4636	0.598868	0.267575	983.694
LLLYGLLWLLYLLTTLLLILI	LLLYGLLFLLYLLTTLLLILI	-23.8407	-21.675	0.890414	0.148778	981.348
LLLYGLLFLLYLLTTLLLILI	LLLFGLLFLLYLLTTLLLILI	-21.1734	-20.391	0.650378	0.240035	978.717
LLLFGLLFLLYLLTTLLLILI	LLLFGLLWLLYLLTTLLLILI	-20.3635	-22.6117	0.267575	0.598868	975.768
LLLFGLLWLLYLLTTLLLILI	LLLYGLLWLLYLLTTLLLILI	-23.0784	-23.7784	0.132101	0.952787	972.463
LLLYGLLWLLYLLTTLLLILI	LLLYGLLYLLYLLTTLLLILI	-24.4591	-22.1662	0.272043	0.591129	968.764
LLLYGLLYLLYLLTTLLLILI	LLLYALLYLLYLLTTLLLILI	-22.1732	-23.9288	0.584123	0.276169	964.627
LLLYALLYLLYLLTTLLLILI	LLLYALLFLLYLLTTLLLILI	-23.053	-22.7929	1.15198	0.0912572	960.005
LLLYALLFLLYLLTTLLLILI	LLLYALLFLLYWLTTLLLILI	-22.6858	-23.1172	0.198389	0.743646	954.846
LLLYALLFLLYWLTTLLLILI	LLLYALLFLLYFLTTLLLILI	-23.262	-22.7605	0.598868	0.267575	949.095
LLLYALLFLLYFLTTLLLILI	LLLYALLFLLTFLTTLLLILI	-22.6487	-24.9876	0.379341	0.443059	942.693
LLLYALLFLLTFLTTLLLILI	LLLYGLLFLLTFLTTLLLILI	-25.1545	-23.7911	0.276169	0.584123	935.578
LLLYGLLFLLTFLTTLLLILI	LLLYGLLFLLTWLTTLLLILI	-24.1076	-24.2007	0.267575	0.598868	927.683
LLLYGLLFLLTWLTTLLLILI	LLLYGLLFLLTWLVTLLLILI	-23.6712	-21.0635	1.12845	0.0952708	918.939
LLLYGLLFLLTWLVTLLLILI	LLLYGLLFLLTWLTTLLLILI	-21.0635	-23.6712	0.0952708	1.12845	909.276
LLLYGLLFLLTWLTTLLLILI	LLLYALLFLLTWLTTLLLILI	-24.2155	-25.5703	0.584123	0.276169	898.621
LLLYALLFLLTWLTTLLLILI	LLLYGLLFLLTWLTTLLLILI	-25.5703	-24.2155	0.276169	0.584123	886.903
LLLYGLLFLLTWLTTLLLILI	LLLYALLFLLTWLTTLLLILI	-24.2155	-25.5703	0.584123	0.276169	874.051
LLLYALLFLLTWLTTLLLILI	LLLYALLFLLTFLTTLLLILI	-25.2476	-25.1631	0.598868	0.267575	859.999
LLLYALLFLLTFLTTLLLILI	LLLYGLLFLLTFLTTLLLILI	-25.1545	-23.7911	0.276169	0.584123	828.061
LLLYGLLFLLTFLTTLLLILI	LLLYGLLFLLTWLTTLLLILI	-24.1076	-24.2007	0.267575	0.598868	810.083
LLLYGLLFLLTWLTTLLLILI	LLLYGLLFLLTFLTTLLLILI	-24.2007	-24.1076	0.598868	0.267575	790.724
LLLYGLLFLLTFLTTLLLILI	LLLYGLLWLLTFLTTLLLILI	-24.1076	-26.9077	0.267575	0.598868	769.974
LLLYGLLWLLTFLTTLLLILI	LLLYGLLWLLTFLVTLLLILI	-26.3782	-23.775	1.12845	0.0952708	747.845
LLLYGLLWLLTFLVTLLLILI	LLLFGLLWLLTFLVTLLLILI	-23.46	-21.9703	0.410343	0.410343	724.369
LLLFGLLWLLTFLVTLLLILI	LLLYGLLWLLTFLVTLLLILI	-21.9703	-23.46	0.410343	0.410343	699.602
LLLYGLLWLLTFLVTLLLILI	LLLYGLLWLLTWLVTLLLILI	-23.7913	-23.1538	0.0790506	1.23103	673.628
LLLYGLLWLLTWLVTLLLILI	LLLFGLLWLLTWLVTLLLILI	-23.7344	-22.6599	0.650378	0.240035	646.557
LLLFGLLWLLTWLVTLLLILI	LLLFGLLWLLTFLVTLLLILI	-22.0095	-22.2319	0.890414	0.148778	618.524
LLLFGLLWLLTFLVTLLLILI	LLLFGLLWLLTWLVTLLLILI	-22.2319	-22.0095	0.148778	0.890414	560.23
LLLFGLLWLLTWLVTLLLILI	LLLFALLWLLTWLVTLLLILI	-22.3158	-18.7332	0.584123	0.276169	530.348
LLLFALLWLLTWLVTLLLILI	LLLFGLLWLLTWLVTLLLILI	-18.7332	-22.3158	0.276169	0.584123	500.25
LLLFGLLWLLTWLVTLLLILI	LLLFGLLWLLTWLTTLLLILI	-22.8047	-25.4131	0.0952708	1.12845	470.152
LLLFGLLWLLTWLTTLLLILI	LLLYGLLWLLTWLTTLLLILI	-26.3015	-27.376	0.240035	0.650378	440.27
LLLYGLLWLLTWLTTLLLILI	LLLYGLLWLLTFLTTLLLILI	-26.7954	-27.4276	1.23103	0.0790506	410.812
LLLYGLLWLLTFLTTLLLILI	LLLYGLLWLLTWLTTLLLILI	-27.4276	-26.7954	0.0790506	1.23103	381.976
LLLYGLLWLLTWLTTLLLILI	LLLYGLLWLLTFLTTLLLILI	-26.7954	-27.4276	1.23103	0.0790506	353.943
LLLYGLLWLLTFLTTLLLILI	LLLYGLLWLLTWLTTLLLILI	-27.4276	-26.7954	0.0790506	1.23103	326.872
LLLYGLLWLLTWLTTLLLILI	LLLYGLLWLLTFLTTLLLILI	-26.7954	-27.4276	1.23103	0.0790506	300.898
LLLYGLLWLLTFLTTLLLILI	LLLYGLLWLLTWLTTLLLILI	-27.4276	-26.7954	0.0790506	1.23103	276.131
LLLYGLLWLLTWLTTLLLILI	LLLYGLLWLLTFLTTLLLILI	-26.7954	-27.4276	1.23103	0.0790506	190.417
LLLYGLLWLLTFLTTLLLILI	LLLYGLLWLLTWLTTLLLILI	-27.4276	-26.7954	0.0790506	1.23103	140.501
LLLYGLLWLLTWLTTLLLILI	LLLYGLLWLLTFLTTLLLILI	-26.7954	-27.4276	1.23103	0.0790506	113.597
Time: 133s
