***STARTING GEOMETRY:***
xShift: 6.58
crossingAngle: -36.7
axialRotation: -8.34
zShift: 5.21

Number of MCCycles: 200
PrevSequence	CurrSequence	PrevEnergy	CurrEnergy	PrevEntropy	CurrEntropy	CurrentTemp
LLLYGLLTGLLTGLLTALILI	LLLYGLLYGLLTGLLTALILI	208.544	209.457	0.443059	0.379341	999.847
LLLYGLLYGLLTGLLTALILI	LLLYGLLTGLLTGLLTALILI	209.457	210.02	0.379341	0.443059	999.512
LLLYGLLTGLLTGLLTALILI	LLLYGLLYGLLTGLLTALILI	210.02	209.457	0.443059	0.379341	999.328
LLLYGLLYGLLTGLLTALILI	LLLYGLLTGLLTGLLTALILI	209.457	210.02	0.379341	0.443059	999.134
LLLYGLLTGLLTGLLTALILI	LLLGGLLTGLLTGLLTALILI	209.79	211.038	0.213262	0.707856	998.928
LLLGGLLTGLLTGLLTALILI	LLLGGLLTGLLTGLLVALILI	211.459	212.33	1.12845	0.0952708	998.476
LLLGGLLTGLLTGLLVALILI	LLLGGLLTGLLTGLLVSLILI	212.479	213.287	0.244161	0.642213	998.229
LLLGGLLTGLLTGLLVSLILI	LLLGGLLTGLLTGLLVALILI	213.287	212.479	0.642213	0.244161	997.967
LLLGGLLTGLLTGLLVALILI	LLLGGLLYGLLTGLLVALILI	212.774	214.031	0.538845	0.30482	997.689
LLLGGLLYGLLTGLLVALILI	LLLGGLLYGLLTGLLTALILI	213.864	210.976	0.137712	0.930859	997.394
LLLGGLLYGLLTGLLTALILI	LLLGGLLYGLLTGLLTSLILI	210.289	211.033	0.244161	0.642213	997.081
LLLGGLLYGLLTGLLTSLILI	LLLGGLLVGLLTGLLTSLILI	211.145	212.245	0.753596	0.194474	996.749
LLLGGLLVGLLTGLLTSLILI	LLLGGLLYGLLTGLLTSLILI	212.245	211.145	0.194474	0.753596	996.397
LLLGGLLYGLLTGLLTSLILI	LLLGGLLYGLLTGLLTALILI	211.033	210.289	0.642213	0.244161	996.023
LLLGGLLYGLLTGLLTALILI	LLLYGLLYGLLTGLLTALILI	210.499	209.447	0.453966	0.369715	995.626
LLLYGLLYGLLTGLLTALILI	LLLYGLLTGLLTGLLTALILI	209.457	210.004	0.379341	0.443059	995.205
LLLYGLLTGLLTGLLTALILI	LLLYGLLYGLLTGLLTALILI	210.004	209.457	0.443059	0.379341	994.758
LLLYGLLYGLLTGLLTALILI	LLLGGLLYGLLTGLLTALILI	209.447	210.499	0.369715	0.453966	994.285
LLLGGLLYGLLTGLLTALILI	LLLYGLLYGLLTGLLTALILI	210.499	209.447	0.453966	0.369715	993.782
LLLYGLLYGLLTGLLTALILI	LLLYGLLYGLLTGLLTSLILI	209.321	210.066	0.244161	0.642213	993.249
LLLYGLLYGLLTGLLTSLILI	LLLGGLLYGLLTGLLTSLILI	209.793	210.845	0.369715	0.453966	992.683
LLLGGLLYGLLTGLLTSLILI	LLLYGLLYGLLTGLLTSLILI	210.845	212.054	0.453966	0.369715	992.084
LLLYGLLYGLLTGLLTSLILI	LLLGGLLYGLLTGLLTSLILI	212.054	210.845	0.369715	0.453966	991.448
LLLGGLLYGLLTGLLTSLILI	LLLGGLLYGLLTGLLTALILI	211.033	210.289	0.642213	0.244161	990.773
LLLGGLLYGLLTGLLTALILI	LLLGGLLTGLLTGLLTALILI	210.264	211.819	0.219549	0.693609	990.058
LLLGGLLTGLLTGLLTALILI	LLLGGLLTGLLTGLLVALILI	212.254	214.841	1.12845	0.0952708	989.3
LLLGGLLTGLLTGLLVALILI	LLLGGLLTGLLTGLLTALILI	214.841	211.459	0.0952708	1.12845	988.496
LLLGGLLTGLLTGLLTALILI	LLLYGLLTGLLTGLLTALILI	211.038	209.79	0.707856	0.213262	987.644
LLLYGLLTGLLTGLLTALILI	LLLYGLLYGLLTGLLTALILI	210.02	209.457	0.443059	0.379341	986.74
LLLYGLLYGLLTGLLTALILI	LLLYGLLYGLLFGLLTALILI	209.894	214.549	0.816184	0.171816	985.783
LLLYGLLYGLLFGLLTALILI	LLLYGLLYGLLFGLLTGLILI	214.459	217.429	0.0820187	1.21066	983.694
LLLYGLLYGLLFGLLTGLILI	LLLYGLLYGLLTGLLTGLILI	216.391	211.062	0.171816	0.816184	982.555
LLLYGLLYGLLTGLLTGLILI	LLLYGLLYGLLTGLLVGLILI	211.177	213.977	0.930859	0.137712	980.071
LLLYGLLYGLLTGLLVGLILI	LLLGGLLYGLLTGLLVGLILI	214.152	215.335	0.311996	0.528348	978.717
LLLGGLLYGLLTGLLVGLILI	LLLYGLLYGLLTGLLVGLILI	215.335	214.152	0.528348	0.311996	977.285
LLLYGLLYGLLTGLLVGLILI	LLLYGLLTGLLTGLLVGLILI	214.345	214.656	0.505042	0.328724	975.768
LLLYGLLTGLLTGLLVGLILI	LLLYGLLTGLLTGLLTGLILI	214.422	211.861	0.0952708	1.12845	974.162
LLLYGLLTGLLTGLLTGLILI	LLLYGLLTGLLTGLLIGLILI	211.841	214.303	1.10811	0.098896	972.463
LLLYGLLTGLLTGLLIGLILI	LLLYGLLTGLLTGLLTGLILI	214.303	210.056	0.098896	1.10811	970.666
LLLYGLLTGLLTGLLTGLILI	LLLYGLLTGLLTGLLTALILI	210.159	209.659	1.21066	0.0820187	966.754
LLLYGLLTGLLTGLLTALILI	LLLYGLLTGLLTGLLTSLILI	209.821	208.763	0.244161	0.642213	962.38
LLLYGLLTGLLTGLLTSLILI	LLLYGLLTGLLTGLLTALILI	208.763	208.021	0.642213	0.244161	960.005
LLLYGLLTGLLTGLLTALILI	LLLYGLLTGLLTGLLTSLILI	208.021	208.763	0.244161	0.642213	957.496
LLLYGLLTGLLTGLLTSLILI	LLLYGLLYGLLTGLLTSLILI	208.564	209.803	0.443059	0.379341	952.048
LLLYGLLYGLLTGLLTSLILI	LLLGGLLYGLLTGLLTSLILI	209.793	210.845	0.369715	0.453966	949.095
LLLGGLLYGLLTGLLTSLILI	LLLGGLLYGLLTGLLTALILI	211.033	210.289	0.642213	0.244161	945.979
LLLGGLLYGLLTGLLTALILI	LLLGGLLYGLLTGLLTSLILI	210.289	211.033	0.244161	0.642213	942.693
LLLGGLLYGLLTGLLTSLILI	LLLGGLLYGLLTGLLTALILI	211.033	210.289	0.642213	0.244161	939.229
LLLGGLLYGLLTGLLTALILI	LLLGGLLYGLLTGLLTSLILI	210.289	211.033	0.244161	0.642213	935.578
LLLGGLLYGLLTGLLTSLILI	LLLGGLLYGLLTGLLTALILI	211.033	210.289	0.642213	0.244161	931.732
LLLGGLLYGLLTGLLTALILI	LLLYGLLYGLLTGLLTALILI	210.499	209.447	0.453966	0.369715	927.683
LLLYGLLYGLLTGLLTALILI	LLLYGLLYGLLTGLLTSLILI	209.321	210.066	0.244161	0.642213	923.422
LLLYGLLYGLLTGLLTSLILI	LLLYGLLYGLLTGLLTALILI	210.066	209.321	0.642213	0.244161	918.939
LLLYGLLYGLLTGLLTALILI	LLLYGLLTGLLTGLLTALILI	209.457	208.22	0.379341	0.443059	914.227
LLLYGLLTGLLTGLLTALILI	LLLYGLLYGLLTGLLTALILI	208.22	209.457	0.443059	0.379341	892.899
LLLYGLLYGLLTGLLTALILI	LLLYGLLTGLLTGLLTALILI	209.457	208.22	0.379341	0.443059	886.903
LLLYGLLTGLLTGLLTALILI	LLLYGLLYGLLTGLLTALILI	208.22	209.457	0.443059	0.379341	880.623
LLLYGLLYGLLTGLLTALILI	LLLYGLLTGLLTGLLTALILI	209.457	208.22	0.379341	0.443059	874.051
LLLYGLLTGLLTGLLTALILI	LLLGGLLTGLLTGLLTALILI	207.99	209.26	0.213262	0.707856	867.179
LLLGGLLTGLLTGLLTALILI	LLLGGLLYGLLTGLLTALILI	209.246	210.264	0.693609	0.219549	859.999
LLLGGLLYGLLTGLLTALILI	LLLYGLLYGLLTGLLTALILI	210.499	209.447	0.453966	0.369715	852.504
LLLYGLLYGLLTGLLTALILI	LLLGGLLYGLLTGLLTALILI	209.447	210.499	0.369715	0.453966	844.686
LLLGGLLYGLLTGLLTALILI	LLLGGLLTGLLTGLLTALILI	210.264	209.246	0.219549	0.693609	836.541
LLLGGLLTGLLTGLLTALILI	LLLGGLLYGLLTGLLTALILI	209.246	210.264	0.693609	0.219549	828.061
LLLGGLLYGLLTGLLTALILI	LLLYGLLYGLLTGLLTALILI	210.499	209.447	0.453966	0.369715	819.243
LLLYGLLYGLLTGLLTALILI	LLLGGLLYGLLTGLLTALILI	209.447	210.499	0.369715	0.453966	800.577
LLLGGLLYGLLTGLLTALILI	LLLYGLLYGLLTGLLTALILI	210.499	209.447	0.453966	0.369715	790.724
LLLYGLLYGLLTGLLTALILI	LLLGGLLYGLLTGLLTALILI	209.447	210.499	0.369715	0.453966	780.523
LLLGGLLYGLLTGLLTALILI	LLLGGLLYGLLTGLLTSLILI	210.289	211.033	0.244161	0.642213	769.974
LLLGGLLYGLLTGLLTSLILI	LLLGGLLYGLLTGLLTALILI	211.033	210.289	0.642213	0.244161	759.081
LLLGGLLYGLLTGLLTALILI	LLLGGLLYGLLTGLLVALILI	210.976	213.864	0.930859	0.137712	747.845
LLLGGLLYGLLTGLLVALILI	LLLYGLLYGLLTGLLVALILI	214.18	213.128	0.453966	0.369715	736.272
LLLYGLLYGLLTGLLVALILI	LLLYGLLYGLLTGLLVSLILI	213.003	213.813	0.244161	0.642213	712.142
LLLYGLLYGLLTGLLVSLILI	LLLYGLLTGLLTGLLVSLILI	213.676	214.711	0.505042	0.328724	686.76
LLLYGLLTGLLTGLLVSLILI	LLLYGLLYGLLTGLLVSLILI	214.711	213.676	0.328724	0.505042	673.628
LLLYGLLYGLLTGLLVSLILI	LLLYGLLYGLLTGLLTSLILI	213.308	210.355	0.137712	0.930859	660.222
LLLYGLLYGLLTGLLTSLILI	LLLYGLLYGLLTGLLTALILI	210.066	209.321	0.642213	0.244161	646.557
LLLYGLLYGLLTGLLTALILI	LLLYGLLTGLLTGLLTALILI	209.457	210.02	0.379341	0.443059	632.651
LLLYGLLTGLLTGLLTALILI	LLLGGLLTGLLTGLLTALILI	209.79	209.26	0.213262	0.707856	604.196
LLLGGLLTGLLTGLLTALILI	LLLYGLLTGLLTGLLTALILI	209.26	207.99	0.707856	0.213262	589.688
LLLYGLLTGLLTGLLTALILI	LLLYGLLYGLLTGLLTALILI	208.22	209.457	0.443059	0.379341	575.025
LLLYGLLYGLLTGLLTALILI	LLLGGLLYGLLTGLLTALILI	209.447	210.499	0.369715	0.453966	560.23
LLLGGLLYGLLTGLLTALILI	LLLYGLLYGLLTGLLTALILI	210.499	209.447	0.453966	0.369715	545.329
LLLYGLLYGLLTGLLTALILI	LLLYGLLTGLLTGLLTALILI	209.457	208.22	0.379341	0.443059	530.348
LLLYGLLTGLLTGLLTALILI	LLLYGLLTGLLTGLLTGLILI	207.859	211.943	0.0820187	1.21066	515.312
LLLYGLLTGLLTGLLTGLILI	LLLYGLLTGLLTGLLVGLILI	211.861	212.638	1.12845	0.0952708	485.188
LLLYGLLTGLLTGLLVGLILI	LLLYGLLTGLLTGLLVSLILI	213.425	212.021	0.88184	0.151251	455.171
LLLYGLLTGLLTGLLVSLILI	LLLYGLLTGLLTGLLTSLILI	211.965	211.825	0.0952708	1.12845	440.27
LLLYGLLTGLLTGLLTSLILI	LLLYGLLTGLLTGLLTALILI	211.339	209.805	0.642213	0.244161	425.475
LLLYGLLTGLLTGLLTALILI	LLLYGLLYGLLTGLLTALILI	210.004	209.457	0.443059	0.379341	410.812
LLLYGLLYGLLTGLLTALILI	LLLYGLLYGLLTGLLTSLILI	209.321	210.066	0.244161	0.642213	381.976
LLLYGLLYGLLTGLLTSLILI	LLLYGLLYGLLTGLLTALILI	210.066	209.321	0.642213	0.244161	367.849
LLLYGLLYGLLTGLLTALILI	LLLYGLLTGLLTGLLTALILI	209.457	208.22	0.379341	0.443059	353.943
LLLYGLLTGLLTGLLTALILI	LLLYGLLTGLLTGLLTSLILI	208.021	208.763	0.244161	0.642213	326.872
LLLYGLLTGLLTGLLTSLILI	LLLYGLLYGLLTGLLTSLILI	208.564	209.803	0.443059	0.379341	219.977
LLLYGLLYGLLTGLLTSLILI	LLLYGLLYGLLTGLLTALILI	210.066	209.321	0.642213	0.244161	209.776
LLLYGLLYGLLTGLLTALILI	LLLGGLLYGLLTGLLTALILI	209.447	210.499	0.369715	0.453966	190.417
LLLGGLLYGLLTGLLTALILI	LLLGGLLTGLLTGLLTALILI	210.264	209.246	0.219549	0.693609	181.257
LLLGGLLTGLLTGLLTALILI	LLLYGLLTGLLTGLLTALILI	209.26	209.775	0.707856	0.213262	155.814
LLLYGLLTGLLTGLLTALILI	LLLGGLLTGLLTGLLTALILI	209.775	209.26	0.213262	0.707856	133.321
LLLGGLLTGLLTGLLTALILI	LLLYGLLTGLLTGLLTALILI	209.26	207.99	0.707856	0.213262	68.7677
Time: 222s
