***STARTING GEOMETRY:***
xShift: 6.55884
crossingAngle: -36.2533
axialRotation: -8.40055
zShift: 5.50305

Number of MCCycles: 200
PrevSequence	CurrSequence	PrevEnergy	CurrEnergy	PrevEntropy	CurrEntropy	CurrentTemp
LLLYGLLTGLLTGLLTALILI	LLLYGLLYGLLTGLLTALILI	54.1434	54.7312	0.443059	0.379341	999.684
LLLYGLLYGLLTGLLTALILI	LLLYGLLTGLLTGLLTALILI	54.7312	55.36	0.379341	0.443059	999.512
LLLYGLLTGLLTGLLTALILI	LLLYGLLTGLLTGLLVALILI	56.0454	57.0485	1.12845	0.0952708	999.328
LLLYGLLTGLLTGLLVALILI	LLLYGLLYGLLTGLLVALILI	57.282	58.5022	0.328724	0.505042	999.134
LLLYGLLYGLLTGLLVALILI	LLLYGLLYGLLTGLLTALILI	58.1349	55.2827	0.137712	0.930859	998.708
LLLYGLLYGLLTGLLTALILI	LLLYGLLYGLLFGLLTALILI	55.1681	58.9302	0.816184	0.171816	998.229
LLLYGLLYGLLFGLLTALILI	LLLYGLLYGLLFGLLVALILI	59.3906	62.7899	0.632162	0.249358	997.967
LLLYGLLYGLLFGLLVALILI	LLLYGLLTGLLFGLLVALILI	63.3141	63.2272	0.773553	0.186892	997.689
LLLYGLLTGLLFGLLVALILI	LLLYGLLTGLLFGLLVGLILI	63.1223	65.4289	0.0820187	1.21066	997.394
LLLYGLLTGLLFGLLVGLILI	LLLYGLLYGLLFGLLVGLILI	64.4051	64.4982	0.186892	0.773553	997.081
LLLYGLLYGLLFGLLVGLILI	LLLYGLLYGLLTGLLVGLILI	64.0295	59.7297	0.30482	0.538845	996.749
LLLYGLLYGLLTGLLVGLILI	LLLYGLLTGLLTGLLVGLILI	59.6959	58.4779	0.505042	0.328724	996.023
LLLYGLLTGLLTGLLVGLILI	LLLYGLLTGLLTGLLTGLILI	58.2445	58.4234	0.0952708	1.12845	995.626
LLLYGLLTGLLTGLLTGLILI	LLLYGLLYGLLTGLLTGLILI	57.738	56.0116	0.443059	0.379341	995.205
LLLYGLLYGLLTGLLTGLILI	LLLYGLLTGLLTGLLTGLILI	56.0116	55.0325	0.379341	0.443059	994.758
LLLYGLLTGLLTGLLTGLILI	LLLYGLLTGLLTGLLTSLILI	55.4712	53.5579	0.88184	0.151251	994.285
LLLYGLLTGLLTGLLTSLILI	LLLWGLLTGLLTGLLTSLILI	53.6743	56.9351	0.267575	0.598868	993.782
LLLWGLLTGLLTGLLTSLILI	LLLWGLLYGLLTGLLTSLILI	57.0298	58.1249	0.693609	0.219549	993.249
LLLWGLLYGLLTGLLTSLILI	LLLWGLLYGLLTGLLVSLILI	58.8362	59.6446	0.930859	0.137712	992.683
LLLWGLLYGLLTGLLVSLILI	LLLYGLLYGLLTGLLVSLILI	59.879	58.6176	0.372136	0.451187	992.084
LLLYGLLYGLLTGLLVSLILI	LLLYGLLYGLLTGLLVALILI	58.8086	58.2414	0.642213	0.244161	991.448
LLLYGLLYGLLTGLLVALILI	LLLWGLLYGLLTGLLVALILI	58.4484	59.7098	0.451187	0.372136	990.773
LLLWGLLYGLLTGLLVALILI	LLLYGLLYGLLTGLLVALILI	59.7098	58.4484	0.372136	0.451187	990.058
LLLYGLLYGLLTGLLVALILI	LLLYGLLTGLLTGLLVALILI	58.5022	57.282	0.505042	0.328724	989.3
LLLYGLLTGLLTGLLVALILI	LLLYGLLTGLLTGLLTALILI	57.0485	54.4351	0.0952708	1.12845	988.496
LLLYGLLTGLLTGLLTALILI	LLLYGLLTGLLTGLLTGLILI	53.3887	57.4103	0.0820187	1.21066	987.644
LLLYGLLTGLLTGLLTGLILI	LLLYGLLTGLLTGLLVGLILI	57.3281	59.8544	1.12845	0.0952708	986.74
LLLYGLLTGLLTGLLVGLILI	LLLYGLLTGLLTGLLVALILI	60.9698	58.6452	1.21066	0.0820187	985.783
LLLYGLLTGLLTGLLVALILI	LLLYGLLTGLLTGLLVSLILI	58.8074	57.7627	0.244161	0.642213	984.769
LLLYGLLTGLLTGLLVSLILI	LLLYGLLTGLLTGLLTSLILI	57.2157	56.1656	0.0952708	1.12845	983.694
LLLYGLLTGLLTGLLTSLILI	LLLYGLLTGLLTGLLTALILI	55.6794	56.2605	0.642213	0.244161	982.555
LLLYGLLTGLLTGLLTALILI	LLLGGLLTGLLTGLLTALILI	56.2296	56.8666	0.213262	0.707856	981.348
LLLGGLLTGLLTGLLTALILI	LLLGGLLYGLLTGLLTALILI	56.8524	56.032	0.693609	0.219549	980.071
LLLGGLLYGLLTGLLTALILI	LLLYGLLYGLLTGLLTALILI	56.2664	54.7216	0.453966	0.369715	978.717
LLLYGLLYGLLTGLLTALILI	LLLWGLLYGLLTGLLTALILI	54.8031	56.0645	0.451187	0.372136	977.285
LLLWGLLYGLLTGLLTALILI	LLLWGLLTGLLTGLLTALILI	55.9119	56.9299	0.219549	0.693609	975.768
LLLWGLLTGLLTGLLTALILI	LLLGGLLTGLLTGLLTALILI	56.5706	55.0356	0.334305	0.497607	974.162
LLLGGLLTGLLTGLLTALILI	LLLGGLLTGLLTGLLTSLILI	54.7821	55.2802	0.244161	0.642213	970.666
LLLGGLLTGLLTGLLTSLILI	LLLGGLLTGLLTGLLTALILI	55.2802	54.7821	0.642213	0.244161	968.764
LLLGGLLTGLLTGLLTALILI	LLLGGLLYGLLTGLLTALILI	55.2316	56.032	0.693609	0.219549	966.754
LLLGGLLYGLLTGLLTALILI	LLLYGLLYGLLTGLLTALILI	56.2664	54.7216	0.453966	0.369715	964.627
LLLYGLLYGLLTGLLTALILI	LLLYGLLTGLLTGLLTALILI	54.7312	53.7498	0.379341	0.443059	962.38
LLLYGLLTGLLTGLLTALILI	LLLYGLLTGLLTGLLTSLILI	53.5509	54.0489	0.244161	0.642213	952.048
LLLYGLLTGLLTGLLTSLILI	LLLYGLLTGLLTGLLTALILI	54.0489	53.5509	0.642213	0.244161	945.979
LLLYGLLTGLLTGLLTALILI	LLLYGLLTGLLYGLLTALILI	53.7498	58.5159	0.443059	0.379341	942.693
LLLYGLLTGLLYGLLTALILI	LLLYGLLTGLLTGLLTALILI	58.5159	53.7498	0.379341	0.443059	939.229
LLLYGLLTGLLTGLLTALILI	LLLYGLLYGLLTGLLTALILI	53.7498	54.7312	0.443059	0.379341	935.578
LLLYGLLYGLLTGLLTALILI	LLLYGLLYGLLTGLLTGLILI	54.4339	56.8429	0.0820187	1.21066	931.732
LLLYGLLYGLLTGLLTGLILI	LLLYGLLVGLLTGLLTGLILI	56.7069	57.5379	1.07465	0.105187	927.683
LLLYGLLVGLLTGLLTGLILI	LLLYGLLYGLLTGLLTGLILI	57.5379	56.7069	0.105187	1.07465	923.422
LLLYGLLYGLLTGLLTGLILI	LLLWGLLYGLLTGLLTGLILI	56.0834	57.3449	0.451187	0.372136	918.939
LLLWGLLYGLLTGLLTGLILI	LLLYGLLYGLLTGLLTGLILI	57.3449	56.0834	0.372136	0.451187	914.227
LLLYGLLYGLLTGLLTGLILI	LLLWGLLYGLLTGLLTGLILI	56.0834	57.3449	0.451187	0.372136	909.276
LLLWGLLYGLLTGLLTGLILI	LLLWGLLYGLLTGLLTALILI	58.1834	55.7744	1.21066	0.0820187	904.077
LLLWGLLYGLLTGLLTALILI	LLLYGLLYGLLTGLLTALILI	56.0645	54.8031	0.372136	0.451187	898.621
LLLYGLLYGLLTGLLTALILI	LLLYGLLYGLLTGLLVALILI	55.2827	58.1349	0.930859	0.137712	892.899
LLLYGLLYGLLTGLLVALILI	LLLWGLLYGLLTGLLVALILI	58.4484	59.7098	0.451187	0.372136	886.903
LLLWGLLYGLLTGLLVALILI	LLLWGLLYGLLTGLLVSLILI	59.5818	60.1491	0.244161	0.642213	880.623
LLLWGLLYGLLTGLLVSLILI	LLLYGLLYGLLTGLLVSLILI	59.879	58.6176	0.372136	0.451187	874.051
LLLYGLLYGLLTGLLVSLILI	LLLYGLLYGLLTGLLTSLILI	58.3041	57.4958	0.137712	0.930859	867.179
LLLYGLLYGLLTGLLTSLILI	LLLYGLLYGLLTGLLTALILI	57.2071	54.596	0.642213	0.244161	859.999
LLLYGLLYGLLTGLLTALILI	LLLYGLLTGLLTGLLTALILI	54.7312	55.3803	0.379341	0.443059	852.504
LLLYGLLTGLLTGLLTALILI	LLLYGLLYGLLTGLLTALILI	55.3803	54.7312	0.443059	0.379341	844.686
LLLYGLLYGLLTGLLTALILI	LLLYGLLYGLLTGLLVALILI	55.2827	58.1349	0.930859	0.137712	836.541
LLLYGLLYGLLTGLLVALILI	LLLYGLLYGLLTGLLTALILI	58.1349	55.2827	0.137712	0.930859	828.061
LLLYGLLYGLLTGLLTALILI	LLLYGLLVGLLTGLLTALILI	55.4265	56.2552	1.07465	0.105187	810.083
LLLYGLLVGLLTGLLTALILI	LLLGGLLVGLLTGLLTALILI	56.3633	57.9278	0.213262	0.707856	800.577
LLLGGLLVGLLTGLLTALILI	LLLGGLLYGLLTGLLTALILI	57.4144	56.566	0.194474	0.753596	790.724
LLLGGLLYGLLTGLLTALILI	LLLYGLLYGLLTGLLTALILI	56.2664	54.7216	0.453966	0.369715	769.974
LLLYGLLYGLLTGLLTALILI	LLLYGLLYGLLTGLLTSLILI	54.596	55.096	0.244161	0.642213	759.081
LLLYGLLYGLLTGLLTSLILI	LLLYGLLYGLLTGLLTALILI	55.096	54.596	0.642213	0.244161	747.845
LLLYGLLYGLLTGLLTALILI	LLLYGLLTGLLTGLLTALILI	54.7312	53.7498	0.379341	0.443059	736.272
LLLYGLLTGLLTGLLTALILI	LLLGGLLTGLLTGLLTALILI	53.52	55.2458	0.213262	0.707856	673.628
LLLGGLLTGLLTGLLTALILI	LLLGGLLYGLLTGLLTALILI	55.2316	56.032	0.693609	0.219549	660.222
LLLGGLLYGLLTGLLTALILI	LLLGGLLYGLLTGLLTSLILI	56.0566	56.5565	0.244161	0.642213	632.651
LLLGGLLYGLLTGLLTSLILI	LLLWGLLYGLLTGLLTSLILI	56.4119	56.1286	0.497607	0.334305	618.524
LLLWGLLYGLLTGLLTSLILI	LLLYGLLYGLLTGLLTSLILI	56.1664	54.905	0.372136	0.451187	604.196
LLLYGLLYGLLTGLLTSLILI	LLLYGLLYGLLTGLLTALILI	55.096	54.596	0.642213	0.244161	589.688
LLLYGLLYGLLTGLLTALILI	LLLYGLLYGLLTGLLVALILI	55.2827	58.1349	0.930859	0.137712	575.025
LLLYGLLYGLLTGLLVALILI	LLLYGLLYGLLTGLLTALILI	58.1349	55.2827	0.137712	0.930859	560.23
LLLYGLLYGLLTGLLTALILI	LLLYGLLYGLLTGLLTSLILI	54.596	55.096	0.244161	0.642213	545.329
LLLYGLLYGLLTGLLTSLILI	LLLYGLLVGLLTGLLTSLILI	55.5285	56.3552	1.07465	0.105187	530.348
LLLYGLLVGLLTGLLTSLILI	LLLYGLLYGLLTGLLTSLILI	56.3552	55.5285	0.105187	1.07465	515.312
LLLYGLLYGLLTGLLTSLILI	LLLYGLLVGLLTGLLTSLILI	55.5285	56.3552	1.07465	0.105187	500.25
LLLYGLLVGLLTGLLTSLILI	LLLYGLLVGLLTGLLTALILI	56.8923	56.3942	0.642213	0.244161	485.188
LLLYGLLVGLLTGLLTALILI	LLLYGLLYGLLTGLLTALILI	56.2552	55.4265	0.105187	1.07465	425.475
LLLYGLLYGLLTGLLTALILI	LLLWGLLYGLLTGLLTALILI	54.8031	56.0645	0.451187	0.372136	410.812
LLLWGLLYGLLTGLLTALILI	LLLWGLLTGLLTGLLTALILI	55.9119	56.9299	0.219549	0.693609	381.976
LLLWGLLTGLLTGLLTALILI	LLLGGLLTGLLTGLLTALILI	56.5706	55.0356	0.334305	0.497607	367.849
LLLGGLLTGLLTGLLTALILI	LLLGGLLYGLLTGLLTALILI	55.2316	56.032	0.693609	0.219549	353.943
LLLGGLLYGLLTGLLTALILI	LLLYGLLYGLLTGLLTALILI	56.2664	54.7216	0.453966	0.369715	340.278
LLLYGLLYGLLTGLLTALILI	LLLWGLLYGLLTGLLTALILI	54.8031	56.0645	0.451187	0.372136	326.872
LLLWGLLYGLLTGLLTALILI	LLLWGLLYGLLTGLLTSLILI	55.9365	56.4365	0.244161	0.642213	313.74
LLLWGLLYGLLTGLLTSLILI	LLLYGLLYGLLTGLLTSLILI	56.1664	54.905	0.372136	0.451187	300.898
LLLYGLLYGLLTGLLTSLILI	LLLYGLLTGLLTGLLTSLILI	54.8331	55.46	0.379341	0.443059	276.131
LLLYGLLTGLLTGLLTSLILI	LLLYGLLTGLLTGLLTALILI	55.6592	55.1611	0.642213	0.244161	264.228
LLLYGLLTGLLTGLLTALILI	LLLYGLLYGLLTGLLTALILI	55.36	54.7312	0.443059	0.379341	241.419
LLLYGLLYGLLTGLLTALILI	LLLYGLLYGLLTGLLTSLILI	54.596	55.096	0.244161	0.642213	209.776
LLLYGLLYGLLTGLLTSLILI	LLLYGLLTGLLTGLLTSLILI	54.8331	53.8497	0.379341	0.443059	199.923
LLLYGLLTGLLTGLLTSLILI	LLLYGLLTGLLTGLLTALILI	54.0489	53.5509	0.642213	0.244161	155.814
Time: 256s
