MCAccept 0 xShift: 7.22 crossingAngle: -40.8 axialRotation: -69.6031 zShift: 3.57 energy: 639.485
MCAccept 1 xShift: 7.22 crossingAngle: -40.8 axialRotation: -69.6031 zShift: 3.57861 energy: 616.673
MCReject   xShift: 7.22 crossingAngle: -40.8 axialRotation: -69.6031 zShift: 3.57393 energy: 626.106
MCReject   xShift: 7.22 crossingAngle: -40.8 axialRotation: -69.4733 zShift: 3.57861 energy: 773.706
MCReject   xShift: 7.22 crossingAngle: -40.8724 axialRotation: -69.6031 zShift: 3.57861 energy: 774.525
MCReject   xShift: 7.22835 crossingAngle: -40.8 axialRotation: -69.6031 zShift: 3.57861 energy: 775.681
MCAccept 2 xShift: 7.22 crossingAngle: -40.8 axialRotation: -69.4273 zShift: 3.57861 energy: 616.98
MCReject   xShift: 7.22 crossingAngle: -40.8 axialRotation: -69.4273 zShift: 3.57761 energy: 618.773
MCReject   xShift: 7.22 crossingAngle: -40.8 axialRotation: -69.4273 zShift: 3.57743 energy: 619.263
MCReject   xShift: 7.22 crossingAngle: -40.7575 axialRotation: -69.4273 zShift: 3.57861 energy: 617.228
MCReject   xShift: 7.22 crossingAngle: -40.8 axialRotation: -69.4273 zShift: 3.58364 energy: 760.787
MCAccept 3 xShift: 7.22 crossingAngle: -40.8 axialRotation: -69.3075 zShift: 3.57861 energy: 616.591
MCReject   xShift: 7.22233 crossingAngle: -40.8 axialRotation: -69.3075 zShift: 3.57861 energy: 618.471
MCReject   xShift: 7.22 crossingAngle: -40.8 axialRotation: -69.1315 zShift: 3.57861 energy: 617.446
MCReject   xShift: 7.23265 crossingAngle: -40.8 axialRotation: -69.3075 zShift: 3.57861 energy: 620.196
MCAccept 4 xShift: 7.22 crossingAngle: -40.8 axialRotation: -69.2401 zShift: 3.57861 energy: 615.429
MCAccept 5 xShift: 7.22 crossingAngle: -40.8 axialRotation: -69.2401 zShift: 3.59635 energy: 581.129
MCAccept 6 xShift: 7.22 crossingAngle: -40.759 axialRotation: -69.2401 zShift: 3.59635 energy: 580.822
MCAccept 7 xShift: 7.22 crossingAngle: -40.7882 axialRotation: -69.2401 zShift: 3.59635 energy: 578.999
MCReject   xShift: 7.22 crossingAngle: -40.7882 axialRotation: -69.2401 zShift: 3.5893 energy: 595.45
MCAccept 8 xShift: 7.22363 crossingAngle: -40.7882 axialRotation: -69.2401 zShift: 3.59635 energy: 577.635
MCReject   xShift: 7.22363 crossingAngle: -40.7882 axialRotation: -69.1874 zShift: 3.59635 energy: 734.733
MCReject   xShift: 7.22363 crossingAngle: -40.7882 axialRotation: -69.2869 zShift: 3.59635 energy: 579.315
MCReject   xShift: 7.2349 crossingAngle: -40.7882 axialRotation: -69.2401 zShift: 3.59635 energy: 579.586
MCReject   xShift: 7.23653 crossingAngle: -40.7882 axialRotation: -69.2401 zShift: 3.59635 energy: 579.486
MCAccept 9 xShift: 7.22363 crossingAngle: -40.7882 axialRotation: -69.2401 zShift: 3.60166 energy: 570.042
MCReject   xShift: 7.22363 crossingAngle: -40.7882 axialRotation: -69.0482 zShift: 3.60166 energy: 616.653
MCAccept 10 xShift: 7.21267 crossingAngle: -40.7882 axialRotation: -69.2401 zShift: 3.60166 energy: 568.28
MCReject   xShift: 7.21267 crossingAngle: -40.7882 axialRotation: -69.3889 zShift: 3.60166 energy: 568.625
MCReject   xShift: 7.21267 crossingAngle: -40.7882 axialRotation: -69.2856 zShift: 3.60166 energy: 724.474
MCReject   xShift: 7.21267 crossingAngle: -40.7882 axialRotation: -69.276 zShift: 3.60166 energy: 617.852
MCReject   xShift: 7.21267 crossingAngle: -40.7673 axialRotation: -69.2401 zShift: 3.60166 energy: 570.622
MCAccept 11 xShift: 7.21267 crossingAngle: -40.908 axialRotation: -69.2401 zShift: 3.60166 energy: 568.271
MCReject   xShift: 7.21267 crossingAngle: -40.908 axialRotation: -69.2401 zShift: 3.6001 energy: 727.402
MCReject   xShift: 7.18958 crossingAngle: -40.908 axialRotation: -69.2401 zShift: 3.60166 energy: 570.021
MCReject   xShift: 7.21267 crossingAngle: -40.908 axialRotation: -69.3023 zShift: 3.60166 energy: 570.039
MCAccept 12 xShift: 7.21267 crossingAngle: -40.908 axialRotation: -69.2608 zShift: 3.60166 energy: 567.027
MCReject   xShift: 7.21267 crossingAngle: -40.908 axialRotation: -69.2608 zShift: 3.59834 energy: 578.428
MCReject   xShift: 7.21267 crossingAngle: -40.908 axialRotation: -69.3133 zShift: 3.60166 energy: 724.176
MCReject   xShift: 7.20596 crossingAngle: -40.908 axialRotation: -69.2608 zShift: 3.60166 energy: 571.746
MCReject   xShift: 7.23609 crossingAngle: -40.908 axialRotation: -69.2608 zShift: 3.60166 energy: 568.627
MCReject   xShift: 7.21267 crossingAngle: -40.908 axialRotation: -69.3301 zShift: 3.60166 energy: 723.884
MCReject   xShift: 7.21267 crossingAngle: -41.0562 axialRotation: -69.2608 zShift: 3.60166 energy: 723.392
MCReject   xShift: 7.21267 crossingAngle: -40.908 axialRotation: -69.4219 zShift: 3.60166 energy: 570.026
MCReject   xShift: 7.22358 crossingAngle: -40.908 axialRotation: -69.2608 zShift: 3.60166 energy: 568.227
MCReject   xShift: 7.19341 crossingAngle: -40.908 axialRotation: -69.2608 zShift: 3.60166 energy: 570.047
MCAccept 13 xShift: 7.21267 crossingAngle: -40.908 axialRotation: -69.2608 zShift: 3.60526 energy: 561.351
MCReject   xShift: 7.21267 crossingAngle: -40.908 axialRotation: -69.0819 zShift: 3.60526 energy: 717.867
MCAccept 14 xShift: 7.21267 crossingAngle: -40.9302 axialRotation: -69.2608 zShift: 3.60526 energy: 558.392
MCReject   xShift: 7.21267 crossingAngle: -40.9302 axialRotation: -69.2288 zShift: 3.60526 energy: 561.101
MCReject   xShift: 7.21267 crossingAngle: -40.9463 axialRotation: -69.2608 zShift: 3.60526 energy: 716.225
MCReject   xShift: 7.21662 crossingAngle: -40.9302 axialRotation: -69.2608 zShift: 3.60526 energy: 561.853
MCReject   xShift: 7.21267 crossingAngle: -40.9302 axialRotation: -69.2608 zShift: 3.59937 energy: 574.637
MCReject   xShift: 7.22645 crossingAngle: -40.9302 axialRotation: -69.2608 zShift: 3.60526 energy: 562.856
MCReject   xShift: 7.21267 crossingAngle: -40.6801 axialRotation: -69.2608 zShift: 3.60526 energy: 564.563
MCReject   xShift: 7.21267 crossingAngle: -41.0131 axialRotation: -69.2608 zShift: 3.60526 energy: 716.104
MCReject   xShift: 7.21267 crossingAngle: -40.827 axialRotation: -69.2608 zShift: 3.60526 energy: 564.508
MCAccept 15 xShift: 7.21267 crossingAngle: -40.9302 axialRotation: -69.2608 zShift: 3.61954 energy: 534.037
MCAccept 16 xShift: 7.21267 crossingAngle: -40.9302 axialRotation: -69.2608 zShift: 3.64083 energy: 495.421
MCAccept 17 xShift: 7.21267 crossingAngle: -40.9302 axialRotation: -69.2608 zShift: 3.6436 energy: 492.325
MCReject   xShift: 7.20511 crossingAngle: -40.9302 axialRotation: -69.2608 zShift: 3.6436 energy: 640.247
MCReject   xShift: 7.20824 crossingAngle: -40.9302 axialRotation: -69.2608 zShift: 3.6436 energy: 639.679
MCAccept 18 xShift: 7.19167 crossingAngle: -40.9302 axialRotation: -69.2608 zShift: 3.6436 energy: 490.423
MCReject   xShift: 7.19775 crossingAngle: -40.9302 axialRotation: -69.2608 zShift: 3.6436 energy: 640.449
MCReject   xShift: 7.19167 crossingAngle: -40.9302 axialRotation: -69.1992 zShift: 3.6436 energy: 492.177
MCReject   xShift: 7.19167 crossingAngle: -40.9302 axialRotation: -69.2144 zShift: 3.6436 energy: 639.479
MCReject   xShift: 7.19167 crossingAngle: -40.9302 axialRotation: -69.2652 zShift: 3.6436 energy: 492.151
MCReject   xShift: 7.19167 crossingAngle: -40.9302 axialRotation: -69.3432 zShift: 3.6436 energy: 638.926
MCReject   xShift: 7.18831 crossingAngle: -40.9302 axialRotation: -69.2608 zShift: 3.6436 energy: 490.485
MCReject   xShift: 7.18563 crossingAngle: -40.9302 axialRotation: -69.2608 zShift: 3.6436 energy: 492.54
MCReject   xShift: 7.19254 crossingAngle: -40.9302 axialRotation: -69.2608 zShift: 3.6436 energy: 637.952
MCAccept 19 xShift: 7.19167 crossingAngle: -40.9302 axialRotation: -69.2608 zShift: 3.64957 energy: 483.659
MCAccept 20 xShift: 7.19167 crossingAngle: -40.9302 axialRotation: -69.3909 zShift: 3.64957 energy: 482.408
MCAccept 21 xShift: 7.19167 crossingAngle: -40.9302 axialRotation: -69.3909 zShift: 3.6551 energy: 471.817
MCAccept 22 xShift: 7.19167 crossingAngle: -40.9302 axialRotation: -69.3909 zShift: 3.66052 energy: 464.249
MCAccept 23 xShift: 7.19167 crossingAngle: -40.9302 axialRotation: -69.3909 zShift: 3.67713 energy: 436.74
MCReject   xShift: 7.19167 crossingAngle: -40.9302 axialRotation: -69.2579 zShift: 3.67713 energy: 438.146
MCReject   xShift: 7.18269 crossingAngle: -40.9302 axialRotation: -69.3909 zShift: 3.67713 energy: 438.176
MCAccept 24 xShift: 7.19167 crossingAngle: -40.9302 axialRotation: -69.3909 zShift: 3.67981 energy: 432.79
MCReject   xShift: 7.21707 crossingAngle: -40.9302 axialRotation: -69.3909 zShift: 3.67981 energy: 434.245
MCReject   xShift: 7.16535 crossingAngle: -40.9302 axialRotation: -69.3909 zShift: 3.67981 energy: 432.991
MCReject   xShift: 7.19167 crossingAngle: -40.9302 axialRotation: -69.403 zShift: 3.67981 energy: 435.645
MCReject   xShift: 7.1976 crossingAngle: -40.9302 axialRotation: -69.3909 zShift: 3.67981 energy: 434.398
MCReject   xShift: 7.19167 crossingAngle: -40.9302 axialRotation: -69.4783 zShift: 3.67981 energy: 435.511
MCReject   xShift: 7.19167 crossingAngle: -40.9603 axialRotation: -69.3909 zShift: 3.67981 energy: 433.944
MCReject   xShift: 7.19167 crossingAngle: -40.9302 axialRotation: -69.3909 zShift: 3.67655 energy: 434.804
MCReject   xShift: 7.19167 crossingAngle: -40.9302 axialRotation: -69.4796 zShift: 3.67981 energy: 435.645
MCReject   xShift: 7.19167 crossingAngle: -40.9302 axialRotation: -69.3909 zShift: 3.66897 energy: 450.652
MCReject   xShift: 7.19167 crossingAngle: -40.9302 axialRotation: -69.3909 zShift: 3.67182 energy: 446.497
MCAccept 25 xShift: 7.19167 crossingAngle: -40.8964 axialRotation: -69.3909 zShift: 3.67981 energy: 432.5
MCAccept 26 xShift: 7.19167 crossingAngle: -40.8964 axialRotation: -69.3909 zShift: 3.6884 energy: 420.321
MCReject   xShift: 7.19167 crossingAngle: -40.8964 axialRotation: -69.2862 zShift: 3.6884 energy: 421.625
MCReject   xShift: 7.19167 crossingAngle: -40.8964 axialRotation: -69.4137 zShift: 3.6884 energy: 423.039
MCReject   xShift: 7.19167 crossingAngle: -40.8964 axialRotation: -69.235 zShift: 3.6884 energy: 421.628
MCAccept 27 xShift: 7.19167 crossingAngle: -40.8174 axialRotation: -69.3909 zShift: 3.6884 energy: 418.614
MCAccept 28 xShift: 7.19167 crossingAngle: -40.8174 axialRotation: -69.3909 zShift: 3.68984 energy: 417.912
MCAccept 29 xShift: 7.19167 crossingAngle: -40.8174 axialRotation: -69.3909 zShift: 3.6944 energy: 411.488
MCAccept 30 xShift: 7.19167 crossingAngle: -40.8174 axialRotation: -69.4028 zShift: 3.6944 energy: 411.354
MCReject   xShift: 7.19167 crossingAngle: -40.9712 axialRotation: -69.4028 zShift: 3.6944 energy: 413.022
MCAccept 31 xShift: 7.20747 crossingAngle: -40.8174 axialRotation: -69.4028 zShift: 3.6944 energy: 409.884
MCReject   xShift: 7.20747 crossingAngle: -40.7159 axialRotation: -69.4028 zShift: 3.6944 energy: 412.958
MCAccept 32 xShift: 7.20747 crossingAngle: -40.8174 axialRotation: -69.4028 zShift: 3.69589 energy: 409.398
MCAccept 33 xShift: 7.20735 crossingAngle: -40.8174 axialRotation: -69.4028 zShift: 3.69589 energy: 409.195
MCAccept 34 xShift: 7.20735 crossingAngle: -40.8174 axialRotation: -69.4028 zShift: 3.69872 energy: 405.285
MCAccept 35 xShift: 7.20735 crossingAngle: -40.8174 axialRotation: -69.3145 zShift: 3.69872 energy: 405.003
MCAccept 36 xShift: 7.20735 crossingAngle: -40.8174 axialRotation: -69.4628 zShift: 3.69872 energy: 404.041
MCAccept 37 xShift: 7.20735 crossingAngle: -40.8174 axialRotation: -69.5129 zShift: 3.69872 energy: 403.969
MCReject   xShift: 7.20735 crossingAngle: -40.7797 axialRotation: -69.5129 zShift: 3.69872 energy: 407.174
MCAccept 38 xShift: 7.20735 crossingAngle: -40.8174 axialRotation: -69.5129 zShift: 3.70077 energy: 402.578
MCAccept 39 xShift: 7.20735 crossingAngle: -40.6899 axialRotation: -69.5129 zShift: 3.70077 energy: 402.413
MCReject   xShift: 7.20735 crossingAngle: -40.6332 axialRotation: -69.5129 zShift: 3.70077 energy: 403.885
MCReject   xShift: 7.20735 crossingAngle: -40.9301 axialRotation: -69.5129 zShift: 3.70077 energy: 404.251
MCReject   xShift: 7.20735 crossingAngle: -40.6899 axialRotation: -69.5968 zShift: 3.70077 energy: 402.739
MCReject   xShift: 7.20735 crossingAngle: -40.7566 axialRotation: -69.5129 zShift: 3.70077 energy: 404.191
MCReject   xShift: 7.20735 crossingAngle: -40.6899 axialRotation: -69.4608 zShift: 3.70077 energy: 403.895
MCReject   xShift: 7.20735 crossingAngle: -40.6899 axialRotation: -69.5129 zShift: 3.67435 energy: 442.296
MCAccept 40 xShift: 7.20735 crossingAngle: -40.6899 axialRotation: -69.6755 zShift: 3.70077 energy: 400.984
MCReject   xShift: 7.20407 crossingAngle: -40.6899 axialRotation: -69.6755 zShift: 3.70077 energy: 401.134
MCReject   xShift: 7.19537 crossingAngle: -40.6899 axialRotation: -69.6755 zShift: 3.70077 energy: 404.089
MCReject   xShift: 7.20735 crossingAngle: -40.6899 axialRotation: -69.4492 zShift: 3.70077 energy: 401.348
MCReject   xShift: 7.20735 crossingAngle: -40.6899 axialRotation: -69.832 zShift: 3.70077 energy: 404.251
MCReject   xShift: 7.20229 crossingAngle: -40.6899 axialRotation: -69.6755 zShift: 3.70077 energy: 403.992
MCReject   xShift: 7.22109 crossingAngle: -40.6899 axialRotation: -69.6755 zShift: 3.70077 energy: 403.996
MCReject   xShift: 7.20735 crossingAngle: -40.6899 axialRotation: -69.5801 zShift: 3.70077 energy: 402.393
MCReject   xShift: 7.20735 crossingAngle: -40.7995 axialRotation: -69.6755 zShift: 3.70077 energy: 404.011
MCReject   xShift: 7.2137 crossingAngle: -40.6899 axialRotation: -69.6755 zShift: 3.70077 energy: 402.476
MCReject   xShift: 7.20735 crossingAngle: -40.7427 axialRotation: -69.6755 zShift: 3.70077 energy: 403.996
MCReject   xShift: 7.20735 crossingAngle: -40.6462 axialRotation: -69.6755 zShift: 3.70077 energy: 403.998
MCReject   xShift: 7.20735 crossingAngle: -40.7139 axialRotation: -69.6755 zShift: 3.70077 energy: 404.01
MCReject   xShift: 7.20735 crossingAngle: -40.6899 axialRotation: -69.5585 zShift: 3.70077 energy: 401.202
MCReject   xShift: 7.20735 crossingAngle: -40.6899 axialRotation: -69.6755 zShift: 3.69294 energy: 414.983
MCAccept 41 xShift: 7.20735 crossingAngle: -40.6899 axialRotation: -69.6755 zShift: 3.70783 energy: 395.836
MCReject   xShift: 7.20735 crossingAngle: -40.6899 axialRotation: -69.6755 zShift: 3.70068 energy: 404.114
MCAccept 42 xShift: 7.20735 crossingAngle: -40.6387 axialRotation: -69.6755 zShift: 3.70783 energy: 391.412
MCAccept 43 xShift: 7.20735 crossingAngle: -40.6387 axialRotation: -69.6755 zShift: 3.72524 energy: 370.185
MCAccept 44 xShift: 7.20352 crossingAngle: -40.6387 axialRotation: -69.6755 zShift: 3.72524 energy: 368.805
MCAccept 45 xShift: 7.20352 crossingAngle: -40.6387 axialRotation: -69.6755 zShift: 3.72862 energy: 364.449
MCReject   xShift: 7.20352 crossingAngle: -40.6387 axialRotation: -69.7451 zShift: 3.72862 energy: 367.218
MCReject   xShift: 7.20352 crossingAngle: -40.6387 axialRotation: -69.7104 zShift: 3.72862 energy: 367.159
MCReject   xShift: 7.20352 crossingAngle: -40.6387 axialRotation: -69.8167 zShift: 3.72862 energy: 367.351
MCReject   xShift: 7.20352 crossingAngle: -40.6387 axialRotation: -69.7169 zShift: 3.72862 energy: 367.351
MCReject   xShift: 7.20352 crossingAngle: -40.5951 axialRotation: -69.6755 zShift: 3.72862 energy: 365.887
MCReject   xShift: 7.20253 crossingAngle: -40.6387 axialRotation: -69.6755 zShift: 3.72862 energy: 367.327
MCReject   xShift: 7.20352 crossingAngle: -40.6589 axialRotation: -69.6755 zShift: 3.72862 energy: 367.538
MCReject   xShift: 7.20352 crossingAngle: -40.6387 axialRotation: -69.6376 zShift: 3.72862 energy: 366.1
MCAccept 46 xShift: 7.20352 crossingAngle: -40.6387 axialRotation: -69.6755 zShift: 3.73108 energy: 362.822
MCReject   xShift: 7.20352 crossingAngle: -40.6387 axialRotation: -69.6755 zShift: 3.71637 energy: 381.45
MCAccept 47 xShift: 7.21315 crossingAngle: -40.6387 axialRotation: -69.6755 zShift: 3.73108 energy: 362.817
MCReject   xShift: 7.21315 crossingAngle: -40.6387 axialRotation: -69.6755 zShift: 3.72857 energy: 367.385
MCReject   xShift: 7.20569 crossingAngle: -40.6387 axialRotation: -69.6755 zShift: 3.73108 energy: 363.052
MCAccept 48 xShift: 7.21315 crossingAngle: -40.6387 axialRotation: -69.6755 zShift: 3.73288 energy: 360.775
MCAccept 49 xShift: 7.22124 crossingAngle: -40.6387 axialRotation: -69.6755 zShift: 3.73288 energy: 359.427
MCReject   xShift: 7.22745 crossingAngle: -40.6387 axialRotation: -69.6755 zShift: 3.73288 energy: 360.841
MCReject   xShift: 7.22124 crossingAngle: -40.6387 axialRotation: -69.5815 zShift: 3.73288 energy: 360.659
MCReject   xShift: 7.22124 crossingAngle: -40.6387 axialRotation: -69.4081 zShift: 3.73288 energy: 362.091
MCReject   xShift: 7.22124 crossingAngle: -40.6804 axialRotation: -69.6755 zShift: 3.73288 energy: 362.251
MCReject   xShift: 7.2273 crossingAngle: -40.6387 axialRotation: -69.6755 zShift: 3.73288 energy: 360.776
MCReject   xShift: 7.22124 crossingAngle: -40.7657 axialRotation: -69.6755 zShift: 3.73288 energy: 360.56
MCAccept 50 xShift: 7.22124 crossingAngle: -40.6387 axialRotation: -69.6755 zShift: 3.73657 energy: 357.452
MCAccept 51 xShift: 7.22124 crossingAngle: -40.6387 axialRotation: -69.7522 zShift: 3.73657 energy: 354.703
MCReject   xShift: 7.22124 crossingAngle: -40.8321 axialRotation: -69.7522 zShift: 3.73657 energy: 357.72
MCReject   xShift: 7.22124 crossingAngle: -40.6387 axialRotation: -69.7792 zShift: 3.73657 energy: 356.138
MCReject   xShift: 7.22124 crossingAngle: -40.6387 axialRotation: -69.8123 zShift: 3.73657 energy: 358.908
MCReject   xShift: 7.22679 crossingAngle: -40.6387 axialRotation: -69.7522 zShift: 3.73657 energy: 355.841
MCReject   xShift: 7.22839 crossingAngle: -40.6387 axialRotation: -69.7522 zShift: 3.73657 energy: 357.449
MCReject   xShift: 7.22124 crossingAngle: -40.5643 axialRotation: -69.7522 zShift: 3.73657 energy: 356.197
MCReject   xShift: 7.22124 crossingAngle: -40.6387 axialRotation: -69.6882 zShift: 3.73657 energy: 356.11
MCReject   xShift: 7.22124 crossingAngle: -40.6387 axialRotation: -69.5961 zShift: 3.73657 energy: 357.56
MCReject   xShift: 7.22124 crossingAngle: -40.6387 axialRotation: -69.7522 zShift: 3.72459 energy: 372.076
MCReject   xShift: 7.22124 crossingAngle: -40.7446 axialRotation: -69.7522 zShift: 3.73657 energy: 356.24
MCReject   xShift: 7.2348 crossingAngle: -40.6387 axialRotation: -69.7522 zShift: 3.73657 energy: 356.199
MCReject   xShift: 7.22133 crossingAngle: -40.6387 axialRotation: -69.7522 zShift: 3.73657 energy: 357.35
MCReject   xShift: 7.22124 crossingAngle: -40.6387 axialRotation: -69.83 zShift: 3.73657 energy: 357.399
MCReject   xShift: 7.22124 crossingAngle: -40.6275 axialRotation: -69.7522 zShift: 3.73657 energy: 355.998
MCReject   xShift: 7.22124 crossingAngle: -40.6387 axialRotation: -69.6781 zShift: 3.73657 energy: 357.576
MCReject   xShift: 7.22124 crossingAngle: -40.7217 axialRotation: -69.7522 zShift: 3.73657 energy: 358.714
MCReject   xShift: 7.20677 crossingAngle: -40.6387 axialRotation: -69.7522 zShift: 3.73657 energy: 356.042
MCReject   xShift: 7.22124 crossingAngle: -40.6387 axialRotation: -69.7522 zShift: 3.73396 energy: 360.64
MCAccept 52 xShift: 7.22124 crossingAngle: -40.6387 axialRotation: -69.7522 zShift: 3.75317 energy: 335.228
MCReject   xShift: 7.22124 crossingAngle: -40.6387 axialRotation: -69.9605 zShift: 3.75317 energy: 339.374
MCAccept 53 xShift: 7.22124 crossingAngle: -40.6387 axialRotation: -69.7522 zShift: 3.75819 energy: 332.318
MCReject   xShift: 7.22124 crossingAngle: -40.5827 axialRotation: -69.7522 zShift: 3.75819 energy: 332.328
MCAccept 54 xShift: 7.22124 crossingAngle: -40.6387 axialRotation: -69.6471 zShift: 3.75819 energy: 332.191
MCAccept 55 xShift: 7.22124 crossingAngle: -40.6387 axialRotation: -69.7736 zShift: 3.75819 energy: 330.853
MCReject   xShift: 7.22124 crossingAngle: -40.6387 axialRotation: -69.8647 zShift: 3.75819 energy: 332.299
MCReject   xShift: 7.22124 crossingAngle: -40.7741 axialRotation: -69.7736 zShift: 3.75819 energy: 332.074
MCReject   xShift: 7.2247 crossingAngle: -40.6387 axialRotation: -69.7736 zShift: 3.75819 energy: 331.924
MCReject   xShift: 7.21667 crossingAngle: -40.6387 axialRotation: -69.7736 zShift: 3.75819 energy: 332.318
MCReject   xShift: 7.22124 crossingAngle: -40.6387 axialRotation: -69.6736 zShift: 3.75819 energy: 332.133
MCReject   xShift: 7.22124 crossingAngle: -40.6387 axialRotation: -69.7736 zShift: 3.74976 energy: 340.654
MCReject   xShift: 7.22124 crossingAngle: -40.6387 axialRotation: -69.5682 zShift: 3.75819 energy: 333.601
MCReject   xShift: 7.22124 crossingAngle: -40.6387 axialRotation: -69.7736 zShift: 3.75531 energy: 382.587
MCAccept 56 xShift: 7.22124 crossingAngle: -40.6142 axialRotation: -69.7736 zShift: 3.75819 energy: 330.731
MCReject   xShift: 7.22124 crossingAngle: -40.6142 axialRotation: -69.7736 zShift: 3.73367 energy: 358.431
MCReject   xShift: 7.22124 crossingAngle: -40.6142 axialRotation: -69.8552 zShift: 3.75819 energy: 332.302
MCAccept 57 xShift: 7.22124 crossingAngle: -40.6142 axialRotation: -69.7736 zShift: 3.75965 energy: 330.398
MCAccept 58 xShift: 7.22124 crossingAngle: -40.6142 axialRotation: -70.0005 zShift: 3.75965 energy: 330.398
MCAccept 59 xShift: 7.21421 crossingAngle: -40.6142 axialRotation: -70.0005 zShift: 3.75965 energy: 327.98
MCReject   xShift: 7.21421 crossingAngle: -40.6142 axialRotation: -69.971 zShift: 3.75965 energy: 329.283
MCReject   xShift: 7.21772 crossingAngle: -40.6142 axialRotation: -70.0005 zShift: 3.75965 energy: 329.214
MCAccept 60 xShift: 7.21421 crossingAngle: -40.6142 axialRotation: -70.0005 zShift: 3.77006 energy: 317.889
MCAccept 61 xShift: 7.22588 crossingAngle: -40.6142 axialRotation: -70.0005 zShift: 3.77006 energy: 315.174
MCReject   xShift: 7.22588 crossingAngle: -40.6142 axialRotation: -69.8598 zShift: 3.77006 energy: 320.52
MCAccept 62 xShift: 7.22588 crossingAngle: -40.6142 axialRotation: -70.0005 zShift: 3.77537 energy: 310.939
MCReject   xShift: 7.22588 crossingAngle: -40.6142 axialRotation: -70.0685 zShift: 3.77537 energy: 312.179
MCReject   xShift: 7.22588 crossingAngle: -40.6142 axialRotation: -70.0005 zShift: 3.75628 energy: 330.413
MCReject   xShift: 7.22588 crossingAngle: -40.6142 axialRotation: -70.084 zShift: 3.77537 energy: 314.688
MCReject   xShift: 7.22588 crossingAngle: -40.5912 axialRotation: -70.0005 zShift: 3.77537 energy: 314.847
MCReject   xShift: 7.22588 crossingAngle: -40.5008 axialRotation: -70.0005 zShift: 3.77537 energy: 312.196
MCReject   xShift: 7.224 crossingAngle: -40.6142 axialRotation: -70.0005 zShift: 3.77537 energy: 312.037
MCReject   xShift: 7.22588 crossingAngle: -40.6338 axialRotation: -70.0005 zShift: 3.77537 energy: 313.444
MCReject   xShift: 7.20893 crossingAngle: -40.6142 axialRotation: -70.0005 zShift: 3.77537 energy: 313.487
MCReject   xShift: 7.22588 crossingAngle: -40.6142 axialRotation: -70.0005 zShift: 3.75567 energy: 334.993
MCReject   xShift: 7.22588 crossingAngle: -40.6142 axialRotation: -69.9515 zShift: 3.77537 energy: 312.2
MCReject   xShift: 7.21627 crossingAngle: -40.6142 axialRotation: -70.0005 zShift: 3.77537 energy: 312.435
MCReject   xShift: 7.22588 crossingAngle: -40.6793 axialRotation: -70.0005 zShift: 3.77537 energy: 312.359
MCReject   xShift: 7.22588 crossingAngle: -40.6142 axialRotation: -70.0175 zShift: 3.77537 energy: 312.21
MCReject   xShift: 7.23227 crossingAngle: -40.6142 axialRotation: -70.0005 zShift: 3.77537 energy: 312.183
MCReject   xShift: 7.22588 crossingAngle: -40.6142 axialRotation: -70.1836 zShift: 3.77537 energy: 314.853
MCReject   xShift: 7.22588 crossingAngle: -40.6142 axialRotation: -69.9784 zShift: 3.77537 energy: 312.32
MCReject   xShift: 7.22588 crossingAngle: -40.6142 axialRotation: -69.9843 zShift: 3.77537 energy: 313.715
MCReject   xShift: 7.22588 crossingAngle: -40.6142 axialRotation: -69.8575 zShift: 3.77537 energy: 313.501
MCAccept 63 xShift: 7.22588 crossingAngle: -40.6142 axialRotation: -70.0005 zShift: 3.78916 energy: 297.993
MCReject   xShift: 7.22994 crossingAngle: -40.6142 axialRotation: -70.0005 zShift: 3.78916 energy: 299.415
MCAccept 64 xShift: 7.22588 crossingAngle: -40.6304 axialRotation: -70.0005 zShift: 3.78916 energy: 297.794
MCReject   xShift: 7.22588 crossingAngle: -40.6304 axialRotation: -70.0005 zShift: 3.76343 energy: 326.503
MCReject   xShift: 7.22588 crossingAngle: -40.6304 axialRotation: -70.0005 zShift: 3.78118 energy: 306.097
MCReject   xShift: 7.22588 crossingAngle: -40.6304 axialRotation: -70.0005 zShift: 3.77469 energy: 311.516
MCReject   xShift: 7.22588 crossingAngle: -40.6282 axialRotation: -70.0005 zShift: 3.78916 energy: 299.345
MCReject   xShift: 7.22588 crossingAngle: -40.5313 axialRotation: -70.0005 zShift: 3.78916 energy: 298.027
MCReject   xShift: 7.24169 crossingAngle: -40.6304 axialRotation: -70.0005 zShift: 3.78916 energy: 298.021
MCReject   xShift: 7.22588 crossingAngle: -40.6304 axialRotation: -69.9016 zShift: 3.78916 energy: 299.283
MCAccept 65 xShift: 7.2063 crossingAngle: -40.6304 axialRotation: -70.0005 zShift: 3.78916 energy: 296.728
MCReject   xShift: 7.19433 crossingAngle: -40.6304 axialRotation: -70.0005 zShift: 3.78916 energy: 299.091
MCReject   xShift: 7.20974 crossingAngle: -40.6304 axialRotation: -70.0005 zShift: 3.78916 energy: 299.277
MCAccept 66 xShift: 7.2063 crossingAngle: -40.6304 axialRotation: -69.916 zShift: 3.78916 energy: 296.728
MCAccept 67 xShift: 7.2063 crossingAngle: -40.6304 axialRotation: -69.916 zShift: 3.79058 energy: 296.674
MCReject   xShift: 7.2063 crossingAngle: -40.6304 axialRotation: -70.0041 zShift: 3.79058 energy: 297.925
MCReject   xShift: 7.20119 crossingAngle: -40.6304 axialRotation: -69.916 zShift: 3.79058 energy: 296.721
MCReject   xShift: 7.2063 crossingAngle: -40.6304 axialRotation: -69.9977 zShift: 3.79058 energy: 297.747
MCReject   xShift: 7.2063 crossingAngle: -40.6304 axialRotation: -70.0203 zShift: 3.79058 energy: 297.917
MCAccept 68 xShift: 7.2063 crossingAngle: -40.6304 axialRotation: -69.8648 zShift: 3.79058 energy: 296.487
MCReject   xShift: 7.22364 crossingAngle: -40.6304 axialRotation: -69.8648 zShift: 3.79058 energy: 297.998
MCReject   xShift: 7.2063 crossingAngle: -40.4481 axialRotation: -69.8648 zShift: 3.79058 energy: 297.67
MCReject   xShift: 7.2063 crossingAngle: -40.5167 axialRotation: -69.8648 zShift: 3.79058 energy: 296.546
MCReject   xShift: 7.2063 crossingAngle: -40.496 axialRotation: -69.8648 zShift: 3.79058 energy: 297.768
MCReject   xShift: 7.2063 crossingAngle: -40.6304 axialRotation: -69.9908 zShift: 3.79058 energy: 299.176
MCReject   xShift: 7.2063 crossingAngle: -40.6304 axialRotation: -69.8648 zShift: 3.77234 energy: 316.833
MCReject   xShift: 7.2063 crossingAngle: -40.6304 axialRotation: -69.6354 zShift: 3.79058 energy: 297.773
MCAccept 69 xShift: 7.2063 crossingAngle: -40.6304 axialRotation: -69.8648 zShift: 3.80627 energy: 282.723
MCReject   xShift: 7.2063 crossingAngle: -40.7898 axialRotation: -69.8648 zShift: 3.80627 energy: 283.86
MCAccept 70 xShift: 7.2063 crossingAngle: -40.6304 axialRotation: -69.8648 zShift: 3.81724 energy: 273.387
MCAccept 71 xShift: 7.19678 crossingAngle: -40.6304 axialRotation: -69.8648 zShift: 3.81724 energy: 270.921
MCReject   xShift: 7.19678 crossingAngle: -40.6819 axialRotation: -69.8648 zShift: 3.81724 energy: 271.266
MCReject   xShift: 7.19678 crossingAngle: -40.5698 axialRotation: -69.8648 zShift: 3.81724 energy: 271.266
MCReject   xShift: 7.19678 crossingAngle: -40.6293 axialRotation: -69.8648 zShift: 3.81724 energy: 273.387
MCReject   xShift: 7.19678 crossingAngle: -40.6304 axialRotation: -69.6427 zShift: 3.81724 energy: 272.228
MCReject   xShift: 7.19678 crossingAngle: -40.6778 axialRotation: -69.8648 zShift: 3.81724 energy: 272.069
MCReject   xShift: 7.19678 crossingAngle: -40.6304 axialRotation: -69.8745 zShift: 3.81724 energy: 273.386
MCReject   xShift: 7.19678 crossingAngle: -40.6909 axialRotation: -69.8648 zShift: 3.81724 energy: 270.999
MCReject   xShift: 7.18831 crossingAngle: -40.6304 axialRotation: -69.8648 zShift: 3.81724 energy: 271.308
MCReject   xShift: 7.19798 crossingAngle: -40.6304 axialRotation: -69.8648 zShift: 3.81724 energy: 272.128
MCReject   xShift: 7.19678 crossingAngle: -40.6817 axialRotation: -69.8648 zShift: 3.81724 energy: 270.975
MCReject   xShift: 7.19678 crossingAngle: -40.6304 axialRotation: -69.7832 zShift: 3.81724 energy: 272.252
MCReject   xShift: 7.19678 crossingAngle: -40.7024 axialRotation: -69.8648 zShift: 3.81724 energy: 271.102
MCReject   xShift: 7.19678 crossingAngle: -40.6545 axialRotation: -69.8648 zShift: 3.81724 energy: 270.947
MCReject   xShift: 7.19678 crossingAngle: -40.6304 axialRotation: -69.8648 zShift: 3.81815 energy: 271.628
MCReject   xShift: 7.19662 crossingAngle: -40.6304 axialRotation: -69.8648 zShift: 3.81724 energy: 273.322
MCReject   xShift: 7.19678 crossingAngle: -40.6304 axialRotation: -69.8648 zShift: 3.80615 energy: 282.82
MCAccept 72 xShift: 7.19678 crossingAngle: -40.6304 axialRotation: -69.8648 zShift: 3.83723 energy: 253.532
MCReject   xShift: 7.20658 crossingAngle: -40.6304 axialRotation: -69.8648 zShift: 3.83723 energy: 254.632
MCReject   xShift: 7.18531 crossingAngle: -40.6304 axialRotation: -69.8648 zShift: 3.83723 energy: 254.69
MCReject   xShift: 7.19678 crossingAngle: -40.5004 axialRotation: -69.8648 zShift: 3.83723 energy: 254.588
MCReject   xShift: 7.19678 crossingAngle: -40.6304 axialRotation: -70.0499 zShift: 3.83723 energy: 255.668
MCAccept 73 xShift: 7.19678 crossingAngle: -40.6304 axialRotation: -69.8443 zShift: 3.83723 energy: 253.532
MCAccept 74 xShift: 7.19678 crossingAngle: -40.6304 axialRotation: -69.8443 zShift: 3.84991 energy: 244.138
MCAccept 75 xShift: 7.19678 crossingAngle: -40.7382 axialRotation: -69.8443 zShift: 3.84991 energy: 242.959
MCReject   xShift: 7.19678 crossingAngle: -40.7382 axialRotation: -69.839 zShift: 3.84991 energy: 243.066
MCAccept 76 xShift: 7.19678 crossingAngle: -40.7382 axialRotation: -69.8443 zShift: 3.86028 energy: 235.7
MCAccept 77 xShift: 7.17048 crossingAngle: -40.7382 axialRotation: -69.8443 zShift: 3.86028 energy: 234.785
MCReject   xShift: 7.19016 crossingAngle: -40.7382 axialRotation: -69.8443 zShift: 3.86028 energy: 236.838
MCReject   xShift: 7.17048 crossingAngle: -40.6495 axialRotation: -69.8443 zShift: 3.86028 energy: 235.927
MCReject   xShift: 7.17048 crossingAngle: -40.7382 axialRotation: -69.8443 zShift: 3.84247 energy: 251.36
MCReject   xShift: 7.17048 crossingAngle: -40.7382 axialRotation: -69.8443 zShift: 3.86154 energy: 234.799
MCReject   xShift: 7.16148 crossingAngle: -40.7382 axialRotation: -69.8443 zShift: 3.86028 energy: 235.584
MCReject   xShift: 7.17588 crossingAngle: -40.7382 axialRotation: -69.8443 zShift: 3.86028 energy: 236.771
MCAccept 78 xShift: 7.17026 crossingAngle: -40.7382 axialRotation: -69.8443 zShift: 3.86028 energy: 234.628
Energy #0: 234.628
***GEOMETRY SHIFT***
xShift;        Before: 7.22; After: 7.17026
crossingAngle; Before: -40.8; After: -40.7382
axialRotation; Before: -69.71; After: -69.8443
zShift;        Before: 3.57; After: 3.86028
Energy;        Before: 8.99912e+09; After: 234.628

Completed all cycles. Accepted 79/287
Monte Carlo repack complete. Time: 93.5167min

Final energy is 234.628 after repack, indicating clashes. Choose a different geometry
