MCAccept 0 xShift: 7.14659 crossingAngle: -40.2357 axialRotation: -70.0373 zShift: 3.88082 energy: 212.992
MCAccept 1 xShift: 7.14659 crossingAngle: -40.2357 axialRotation: -69.9142 zShift: 3.88082 energy: 213.05
MCAccept 2 xShift: 7.14659 crossingAngle: -40.2357 axialRotation: -69.9142 zShift: 3.88539 energy: 209.631
MCReject   xShift: 7.14659 crossingAngle: -40.2357 axialRotation: -70.1084 zShift: 3.88539 energy: 210.956
MCReject   xShift: 7.13528 crossingAngle: -40.2357 axialRotation: -69.9142 zShift: 3.88539 energy: 209.7
MCAccept 3 xShift: 7.14659 crossingAngle: -40.2357 axialRotation: -69.9245 zShift: 3.88539 energy: 209.623
MCReject   xShift: 7.14659 crossingAngle: -40.2357 axialRotation: -69.8182 zShift: 3.88539 energy: 210.89
MCReject   xShift: 7.14659 crossingAngle: -40.2357 axialRotation: -69.9245 zShift: 3.88135 energy: 212.726
MCReject   xShift: 7.14659 crossingAngle: -40.2357 axialRotation: -69.9245 zShift: 3.8806 energy: 214.411
MCReject   xShift: 7.1424 crossingAngle: -40.2357 axialRotation: -69.9245 zShift: 3.88539 energy: 210.829
MCReject   xShift: 7.14659 crossingAngle: -40.2357 axialRotation: -69.9245 zShift: 3.87406 energy: 218.054
MCReject   xShift: 7.14659 crossingAngle: -40.2062 axialRotation: -69.9245 zShift: 3.88539 energy: 210.072
MCReject   xShift: 7.14659 crossingAngle: -40.2357 axialRotation: -69.9245 zShift: 3.87856 energy: 214.674
MCReject   xShift: 7.14659 crossingAngle: -40.2559 axialRotation: -69.9245 zShift: 3.88539 energy: 210.706
MCReject   xShift: 7.14659 crossingAngle: -40.3711 axialRotation: -69.9245 zShift: 3.88539 energy: 210.078
MCAccept 4 xShift: 7.14659 crossingAngle: -40.2971 axialRotation: -69.9245 zShift: 3.88539 energy: 209.564
MCReject   xShift: 7.14659 crossingAngle: -40.2971 axialRotation: -69.9245 zShift: 3.87665 energy: 216.105
MCReject   xShift: 7.14659 crossingAngle: -40.3008 axialRotation: -69.9245 zShift: 3.88539 energy: 210.956
MCReject   xShift: 7.16533 crossingAngle: -40.2971 axialRotation: -69.9245 zShift: 3.88539 energy: 210.763
MCReject   xShift: 7.14659 crossingAngle: -40.2971 axialRotation: -69.7996 zShift: 3.88539 energy: 209.692
MCAccept 5 xShift: 7.14932 crossingAngle: -40.2971 axialRotation: -69.9245 zShift: 3.88539 energy: 208.813
MCAccept 6 xShift: 7.14932 crossingAngle: -40.2971 axialRotation: -69.9245 zShift: 3.91183 energy: 191.381
MCReject   xShift: 7.14932 crossingAngle: -40.2971 axialRotation: -69.7786 zShift: 3.91183 energy: 192.479
MCReject   xShift: 7.13222 crossingAngle: -40.2971 axialRotation: -69.9245 zShift: 3.91183 energy: 191.579
MCAccept 7 xShift: 7.14932 crossingAngle: -40.2971 axialRotation: -70.062 zShift: 3.91183 energy: 191.182
MCReject   xShift: 7.14932 crossingAngle: -40.2971 axialRotation: -70.062 zShift: 3.92516 energy: 193.82
MCReject   xShift: 7.14932 crossingAngle: -40.2971 axialRotation: -70.1263 zShift: 3.91183 energy: 192.412
MCAccept 8 xShift: 7.14932 crossingAngle: -40.3357 axialRotation: -70.062 zShift: 3.91183 energy: 191.214
MCReject   xShift: 7.14932 crossingAngle: -40.3357 axialRotation: -70.062 zShift: 3.9102 energy: 191.401
MCReject   xShift: 7.14932 crossingAngle: -40.1834 axialRotation: -70.062 zShift: 3.91183 energy: 191.515
MCReject   xShift: 7.14932 crossingAngle: -40.3357 axialRotation: -70.062 zShift: 3.90456 energy: 197.3
MCAccept 9 xShift: 7.14932 crossingAngle: -40.3357 axialRotation: -70.062 zShift: 3.91488 energy: 189.101
MCAccept 10 xShift: 7.14932 crossingAngle: -40.3357 axialRotation: -70.062 zShift: 3.93302 energy: 178.668
MCAccept 11 xShift: 7.14932 crossingAngle: -40.3357 axialRotation: -70.062 zShift: 3.93852 energy: 175.339
MCAccept 12 xShift: 7.15068 crossingAngle: -40.3357 axialRotation: -70.062 zShift: 3.93852 energy: 175.353
MCAccept 13 xShift: 7.15068 crossingAngle: -40.3357 axialRotation: -70.062 zShift: 3.94105 energy: 173.797
MCAccept 14 xShift: 7.15363 crossingAngle: -40.3357 axialRotation: -70.062 zShift: 3.94105 energy: 171.75
MCReject   xShift: 7.15363 crossingAngle: -40.416 axialRotation: -70.062 zShift: 3.94105 energy: 173.748
MCReject   xShift: 7.15363 crossingAngle: -40.2293 axialRotation: -70.062 zShift: 3.94105 energy: 173.797
MCReject   xShift: 7.15363 crossingAngle: -40.3357 axialRotation: -70.062 zShift: 3.94184 energy: 172.543
MCReject   xShift: 7.15363 crossingAngle: -40.4293 axialRotation: -70.062 zShift: 3.94105 energy: 172.949
MCReject   xShift: 7.15363 crossingAngle: -40.1903 axialRotation: -70.062 zShift: 3.94105 energy: 173.747
MCReject   xShift: 7.15363 crossingAngle: -40.3357 axialRotation: -70.062 zShift: 3.93046 energy: 179.213
MCReject   xShift: 7.15363 crossingAngle: -40.3357 axialRotation: -70.062 zShift: 3.94066 energy: 172.912
MCReject   xShift: 7.15363 crossingAngle: -40.3357 axialRotation: -70.0278 zShift: 3.94105 energy: 173.796
MCReject   xShift: 7.15363 crossingAngle: -40.2987 axialRotation: -70.062 zShift: 3.94105 energy: 172.954
MCReject   xShift: 7.15363 crossingAngle: -40.3357 axialRotation: -70.0806 zShift: 3.94105 energy: 172.619
MCReject   xShift: 7.15363 crossingAngle: -40.3357 axialRotation: -70.062 zShift: 3.91988 energy: 185.964
MCReject   xShift: 7.15363 crossingAngle: -40.3357 axialRotation: -70.086 zShift: 3.94105 energy: 172.767
MCReject   xShift: 7.15363 crossingAngle: -40.3357 axialRotation: -70.2134 zShift: 3.94105 energy: 172.688
MCReject   xShift: 7.145 crossingAngle: -40.3357 axialRotation: -70.062 zShift: 3.94105 energy: 173.805
MCReject   xShift: 7.15363 crossingAngle: -40.3357 axialRotation: -69.949 zShift: 3.94105 energy: 172.955
MCAccept 15 xShift: 7.15363 crossingAngle: -40.3357 axialRotation: -70.062 zShift: 3.9558 energy: 164.262
MCReject   xShift: 7.1402 crossingAngle: -40.3357 axialRotation: -70.062 zShift: 3.9558 energy: 165.05
MCReject   xShift: 7.15363 crossingAngle: -40.3357 axialRotation: -70.062 zShift: 3.93996 energy: 173.258
MCReject   xShift: 7.15118 crossingAngle: -40.3357 axialRotation: -70.062 zShift: 3.9558 energy: 165.092
MCAccept 16 xShift: 7.15363 crossingAngle: -40.3357 axialRotation: -70.1304 zShift: 3.9558 energy: 164.081
MCReject   xShift: 7.15363 crossingAngle: -40.3855 axialRotation: -70.1304 zShift: 3.9558 energy: 165.108
MCReject   xShift: 7.15363 crossingAngle: -40.3017 axialRotation: -70.1304 zShift: 3.9558 energy: 164.433
MCReject   xShift: 7.15363 crossingAngle: -40.2318 axialRotation: -70.1304 zShift: 3.9558 energy: 164.264
MCAccept 17 xShift: 7.16648 crossingAngle: -40.3357 axialRotation: -70.1304 zShift: 3.9558 energy: 163.827
MCReject   xShift: 7.14763 crossingAngle: -40.3357 axialRotation: -70.1304 zShift: 3.9558 energy: 164.262
MCReject   xShift: 7.16648 crossingAngle: -40.3357 axialRotation: -70.1304 zShift: 3.95111 energy: 167.786
MCReject   xShift: 7.15752 crossingAngle: -40.3357 axialRotation: -70.1304 zShift: 3.9558 energy: 165.083
MCReject   xShift: 7.16648 crossingAngle: -40.3357 axialRotation: -69.9493 zShift: 3.9558 energy: 165.025
MCAccept 18 xShift: 7.16648 crossingAngle: -40.3357 axialRotation: -70.1304 zShift: 3.95758 energy: 163.235
MCReject   xShift: 7.16648 crossingAngle: -40.3357 axialRotation: -70.1304 zShift: 3.95517 energy: 164.628
MCAccept 19 xShift: 7.16648 crossingAngle: -40.3357 axialRotation: -70.1304 zShift: 3.9732 energy: 153.456
MCReject   xShift: 7.16648 crossingAngle: -40.3775 axialRotation: -70.1304 zShift: 3.9732 energy: 155.265
MCReject   xShift: 7.16648 crossingAngle: -40.3303 axialRotation: -70.1304 zShift: 3.9732 energy: 154.141
MCReject   xShift: 7.16648 crossingAngle: -40.3357 axialRotation: -70.1304 zShift: 3.9692 energy: 156.674
MCReject   xShift: 7.16648 crossingAngle: -40.3357 axialRotation: -70.1304 zShift: 3.97322 energy: 154.057
MCAccept 20 xShift: 7.15722 crossingAngle: -40.3357 axialRotation: -70.1304 zShift: 3.9732 energy: 153.287
MCReject   xShift: 7.15722 crossingAngle: -40.4552 axialRotation: -70.1304 zShift: 3.9732 energy: 154.066
MCReject   xShift: 7.15722 crossingAngle: -40.3361 axialRotation: -70.1304 zShift: 3.9732 energy: 154.07
MCReject   xShift: 7.15722 crossingAngle: -40.4685 axialRotation: -70.1304 zShift: 3.9732 energy: 154.487
MCReject   xShift: 7.16901 crossingAngle: -40.3357 axialRotation: -70.1304 zShift: 3.9732 energy: 154.237
MCAccept 21 xShift: 7.15722 crossingAngle: -40.3357 axialRotation: -70.1304 zShift: 3.98425 energy: 148.068
MCAccept 22 xShift: 7.15722 crossingAngle: -40.3357 axialRotation: -70.1304 zShift: 3.98955 energy: 146.403
MCAccept 23 xShift: 7.15722 crossingAngle: -40.3357 axialRotation: -70.0992 zShift: 3.98955 energy: 145.315
MCReject   xShift: 7.15722 crossingAngle: -40.185 axialRotation: -70.0992 zShift: 3.98955 energy: 145.613
MCAccept 24 xShift: 7.15722 crossingAngle: -40.3357 axialRotation: -70.0992 zShift: 3.99573 energy: 143.157
MCAccept 25 xShift: 7.15722 crossingAngle: -40.3357 axialRotation: -70.1153 zShift: 3.99573 energy: 142.075
MCReject   xShift: 7.15722 crossingAngle: -40.3357 axialRotation: -70.0395 zShift: 3.99573 energy: 143.157
MCReject   xShift: 7.15722 crossingAngle: -40.3357 axialRotation: -70.1153 zShift: 3.99618 energy: 142.925
MCReject   xShift: 7.14704 crossingAngle: -40.3357 axialRotation: -70.1153 zShift: 3.99573 energy: 142.418
MCReject   xShift: 7.15722 crossingAngle: -40.4781 axialRotation: -70.1153 zShift: 3.99573 energy: 142.418
MCReject   xShift: 7.15722 crossingAngle: -40.3357 axialRotation: -70.1778 zShift: 3.99573 energy: 142.375
MCReject   xShift: 7.15722 crossingAngle: -40.3357 axialRotation: -70.1153 zShift: 3.97523 energy: 154.155
MCReject   xShift: 7.15722 crossingAngle: -40.1748 axialRotation: -70.1153 zShift: 3.99573 energy: 142.49
MCAccept 26 xShift: 7.15722 crossingAngle: -40.2987 axialRotation: -70.1153 zShift: 3.99573 energy: 141.17
MCReject   xShift: 7.15722 crossingAngle: -40.019 axialRotation: -70.1153 zShift: 3.99573 energy: 143.157
MCReject   xShift: 7.15722 crossingAngle: -40.2987 axialRotation: -70.0014 zShift: 3.99573 energy: 141.959
MCReject   xShift: 7.15722 crossingAngle: -40.3466 axialRotation: -70.1153 zShift: 3.99573 energy: 143.205
MCReject   xShift: 7.15722 crossingAngle: -40.2987 axialRotation: -70.1325 zShift: 3.99573 energy: 143.157
MCReject   xShift: 7.15722 crossingAngle: -40.2987 axialRotation: -70.2004 zShift: 3.99573 energy: 142.484
MCReject   xShift: 7.15722 crossingAngle: -40.545 axialRotation: -70.1153 zShift: 3.99573 energy: 142.003
MCReject   xShift: 7.16361 crossingAngle: -40.2987 axialRotation: -70.1153 zShift: 3.99573 energy: 142.418
MCReject   xShift: 7.15682 crossingAngle: -40.2987 axialRotation: -70.1153 zShift: 3.99573 energy: 142.008
MCReject   xShift: 7.15722 crossingAngle: -40.2987 axialRotation: -70.1153 zShift: 3.99348 energy: 144.188
MCReject   xShift: 7.15722 crossingAngle: -40.2987 axialRotation: -70.0395 zShift: 3.99573 energy: 142.137
MCReject   xShift: 7.15722 crossingAngle: -40.2987 axialRotation: -70.0152 zShift: 3.99573 energy: 141.292
MCReject   xShift: 7.15722 crossingAngle: -40.2987 axialRotation: -70.1153 zShift: 3.99569 energy: 142.153
MCReject   xShift: 7.15722 crossingAngle: -40.2987 axialRotation: -70.1153 zShift: 3.98437 energy: 147.977
MCAccept 27 xShift: 7.15722 crossingAngle: -40.2987 axialRotation: -70.1153 zShift: 4.00344 energy: 138.006
MCAccept 28 xShift: 7.15722 crossingAngle: -40.349 axialRotation: -70.1153 zShift: 4.00344 energy: 138.063
MCAccept 29 xShift: 7.15591 crossingAngle: -40.349 axialRotation: -70.1153 zShift: 4.00344 energy: 138.011
MCAccept 30 xShift: 7.15591 crossingAngle: -40.3164 axialRotation: -70.1153 zShift: 4.00344 energy: 138.006
MCAccept 31 xShift: 7.15591 crossingAngle: -40.3164 axialRotation: -70.2698 zShift: 4.00344 energy: 138.011
MCAccept 32 xShift: 7.15591 crossingAngle: -40.073 axialRotation: -70.2698 zShift: 4.00344 energy: 138.063
MCReject   xShift: 7.15591 crossingAngle: -39.9549 axialRotation: -70.2698 zShift: 4.00344 energy: 139.192
MCReject   xShift: 7.15591 crossingAngle: -39.9452 axialRotation: -70.2698 zShift: 4.00344 energy: 138.269
MCReject   xShift: 7.15591 crossingAngle: -40.0538 axialRotation: -70.2698 zShift: 4.00344 energy: 139.056
MCReject   xShift: 7.15591 crossingAngle: -40.073 axialRotation: -70.2698 zShift: 3.99834 energy: 140.995
MCReject   xShift: 7.15591 crossingAngle: -40.073 axialRotation: -70.2698 zShift: 4.00263 energy: 139.616
MCAccept 33 xShift: 7.14014 crossingAngle: -40.073 axialRotation: -70.2698 zShift: 4.00344 energy: 137.356
MCReject   xShift: 7.14642 crossingAngle: -40.073 axialRotation: -70.2698 zShift: 4.00344 energy: 138.597
MCReject   xShift: 7.14014 crossingAngle: -40.073 axialRotation: -70.2698 zShift: 4.0003 energy: 139.604
MCReject   xShift: 7.14234 crossingAngle: -40.073 axialRotation: -70.2698 zShift: 4.00344 energy: 139.113
MCReject   xShift: 7.14014 crossingAngle: -40.073 axialRotation: -70.2698 zShift: 4.00357 energy: 138.07
MCReject   xShift: 7.14014 crossingAngle: -40.073 axialRotation: -70.457 zShift: 4.00344 energy: 138.547
MCReject   xShift: 7.15929 crossingAngle: -40.073 axialRotation: -70.2698 zShift: 4.00344 energy: 139.056
MCAccept 34 xShift: 7.15072 crossingAngle: -40.073 axialRotation: -70.2698 zShift: 4.00344 energy: 137.219
MCReject   xShift: 7.15072 crossingAngle: -40.073 axialRotation: -70.2698 zShift: 3.9942 energy: 142.868
MCAccept 35 xShift: 7.15072 crossingAngle: -40.073 axialRotation: -70.2698 zShift: 4.01118 energy: 135.182
MCAccept 36 xShift: 7.15072 crossingAngle: -40.1532 axialRotation: -70.2698 zShift: 4.01118 energy: 134.548
MCReject   xShift: 7.14726 crossingAngle: -40.1532 axialRotation: -70.2698 zShift: 4.01118 energy: 134.721
MCAccept 37 xShift: 7.12715 crossingAngle: -40.1532 axialRotation: -70.2698 zShift: 4.01118 energy: 134.308
MCAccept 38 xShift: 7.12607 crossingAngle: -40.1532 axialRotation: -70.2698 zShift: 4.01118 energy: 134.211
MCReject   xShift: 7.12607 crossingAngle: -40.1532 axialRotation: -70.121 zShift: 4.01118 energy: 135.408
MCAccept 39 xShift: 7.12607 crossingAngle: -40.1532 axialRotation: -70.2698 zShift: 4.02764 energy: 126.387
MCAccept 40 xShift: 7.12607 crossingAngle: -40.1532 axialRotation: -70.3442 zShift: 4.02764 energy: 126.387
MCReject   xShift: 7.14153 crossingAngle: -40.1532 axialRotation: -70.3442 zShift: 4.02764 energy: 126.805
MCReject   xShift: 7.12607 crossingAngle: -40.1532 axialRotation: -70.3442 zShift: 4.01312 energy: 133.742
MCReject   xShift: 7.12607 crossingAngle: -40.1532 axialRotation: -70.1979 zShift: 4.02764 energy: 127.587
MCAccept 41 xShift: 7.12607 crossingAngle: -40.1532 axialRotation: -70.3962 zShift: 4.02764 energy: 126.218
MCReject   xShift: 7.12607 crossingAngle: -40.1532 axialRotation: -70.3962 zShift: 4.02345 energy: 129.241
MCReject   xShift: 7.12607 crossingAngle: -40.1108 axialRotation: -70.3962 zShift: 4.02764 energy: 127.36
MCAccept 42 xShift: 7.13159 crossingAngle: -40.1532 axialRotation: -70.3962 zShift: 4.02764 energy: 126.212
MCReject   xShift: 7.12654 crossingAngle: -40.1532 axialRotation: -70.3962 zShift: 4.02764 energy: 127.434
MCReject   xShift: 7.13159 crossingAngle: -40.1532 axialRotation: -70.3962 zShift: 4.00877 energy: 135.81
MCReject   xShift: 7.13159 crossingAngle: -40.1532 axialRotation: -70.2448 zShift: 4.02764 energy: 127.592
MCReject   xShift: 7.13159 crossingAngle: -40.1532 axialRotation: -70.5557 zShift: 4.02764 energy: 126.392
MCReject   xShift: 7.13159 crossingAngle: -40.1532 axialRotation: -70.3962 zShift: 4.02444 energy: 128.32
MCReject   xShift: 7.12365 crossingAngle: -40.1532 axialRotation: -70.3962 zShift: 4.02764 energy: 127.518
MCReject   xShift: 7.13159 crossingAngle: -40.1532 axialRotation: -70.5614 zShift: 4.02764 energy: 126.815
MCAccept 43 xShift: 7.13159 crossingAngle: -40.1532 axialRotation: -70.3962 zShift: 4.03168 energy: 123.738
MCReject   xShift: 7.13159 crossingAngle: -40.1532 axialRotation: -70.5082 zShift: 4.03168 energy: 124.932
MCReject   xShift: 7.13159 crossingAngle: -39.964 axialRotation: -70.3962 zShift: 4.03168 energy: 124.869
MCReject   xShift: 7.13159 crossingAngle: -39.9872 axialRotation: -70.3962 zShift: 4.03168 energy: 124.925
MCReject   xShift: 7.12372 crossingAngle: -40.1532 axialRotation: -70.3962 zShift: 4.03168 energy: 124.79
MCReject   xShift: 7.13159 crossingAngle: -40.1532 axialRotation: -70.5287 zShift: 4.03168 energy: 125.64
MCReject   xShift: 7.13159 crossingAngle: -40.1532 axialRotation: -70.3962 zShift: 4.01129 energy: 134.492
MCReject   xShift: 7.13159 crossingAngle: -40.1532 axialRotation: -70.3962 zShift: 4.007 energy: 136.796
MCReject   xShift: 7.13159 crossingAngle: -40.1532 axialRotation: -70.4078 zShift: 4.03168 energy: 125.64
MCReject   xShift: 7.13159 crossingAngle: -40.1532 axialRotation: -70.3926 zShift: 4.03168 energy: 124.726
MCAccept 44 xShift: 7.13159 crossingAngle: -40.1532 axialRotation: -70.3962 zShift: 4.03959 energy: 120.849
MCAccept 45 xShift: 7.13159 crossingAngle: -40.1532 axialRotation: -70.4499 zShift: 4.03959 energy: 119.944
MCReject   xShift: 7.13159 crossingAngle: -40.2756 axialRotation: -70.4499 zShift: 4.03959 energy: 120.726
MCReject   xShift: 7.11841 crossingAngle: -40.1532 axialRotation: -70.4499 zShift: 4.03959 energy: 120.854
MCReject   xShift: 7.13159 crossingAngle: -40.1532 axialRotation: -70.5161 zShift: 4.03959 energy: 121.149
MCReject   xShift: 7.13159 crossingAngle: -40.2237 axialRotation: -70.4499 zShift: 4.03959 energy: 121.918
MCReject   xShift: 7.13159 crossingAngle: -40.1532 axialRotation: -70.4499 zShift: 4.03966 energy: 121.239
MCReject   xShift: 7.13159 crossingAngle: -40.1532 axialRotation: -70.4499 zShift: 4.02905 energy: 125.734
MCReject   xShift: 7.11329 crossingAngle: -40.1532 axialRotation: -70.4499 zShift: 4.03959 energy: 120.849
MCReject   xShift: 7.13159 crossingAngle: -40.1532 axialRotation: -70.43 zShift: 4.03959 energy: 121.149
MCReject   xShift: 7.13159 crossingAngle: -40.1532 axialRotation: -70.4754 zShift: 4.03959 energy: 121.77
MCReject   xShift: 7.13159 crossingAngle: -40.1532 axialRotation: -70.4948 zShift: 4.03959 energy: 120.146
MCReject   xShift: 7.13159 crossingAngle: -40.1532 axialRotation: -70.4499 zShift: 4.03794 energy: 122.841
MCReject   xShift: 7.13159 crossingAngle: -40.0194 axialRotation: -70.4499 zShift: 4.03959 energy: 121.763
MCAccept 46 xShift: 7.13159 crossingAngle: -40.1532 axialRotation: -70.4499 zShift: 4.04943 energy: 116.356
MCReject   xShift: 7.11252 crossingAngle: -40.1532 axialRotation: -70.4499 zShift: 4.04943 energy: 117.701
MCReject   xShift: 7.13159 crossingAngle: -40.1532 axialRotation: -70.4499 zShift: 4.04845 energy: 117.435
MCReject   xShift: 7.13159 crossingAngle: -40.1532 axialRotation: -70.4499 zShift: 4.04228 energy: 118.746
MCReject   xShift: 7.13159 crossingAngle: -40.1532 axialRotation: -70.4507 zShift: 4.04943 energy: 116.538
MCAccept 47 xShift: 7.13159 crossingAngle: -40.1532 axialRotation: -70.4499 zShift: 4.06076 energy: 112.698
MCAccept 48 xShift: 7.13159 crossingAngle: -40.1532 axialRotation: -70.3814 zShift: 4.06076 energy: 111.673
MCReject   xShift: 7.105 crossingAngle: -40.1532 axialRotation: -70.3814 zShift: 4.06076 energy: 112.693
MCReject   xShift: 7.13159 crossingAngle: -40.1532 axialRotation: -70.3238 zShift: 4.06076 energy: 112.176
MCReject   xShift: 7.13159 crossingAngle: -40.0228 axialRotation: -70.3814 zShift: 4.06076 energy: 112.101
MCReject   xShift: 7.13159 crossingAngle: -40.1171 axialRotation: -70.3814 zShift: 4.06076 energy: 112.101
MCReject   xShift: 7.13159 crossingAngle: -40.1532 axialRotation: -70.3814 zShift: 4.0557 energy: 114.253
MCAccept 49 xShift: 7.12093 crossingAngle: -40.1532 axialRotation: -70.3814 zShift: 4.06076 energy: 111.501
MCReject   xShift: 7.15145 crossingAngle: -40.1532 axialRotation: -70.3814 zShift: 4.06076 energy: 112.54
MCReject   xShift: 7.10824 crossingAngle: -40.1532 axialRotation: -70.3814 zShift: 4.06076 energy: 111.673
MCAccept 50 xShift: 7.12093 crossingAngle: -40.1532 axialRotation: -70.3814 zShift: 4.06575 energy: 110.443
MCAccept 51 xShift: 7.12093 crossingAngle: -40.1532 axialRotation: -70.3814 zShift: 4.07433 energy: 106.099
MCReject   xShift: 7.10098 crossingAngle: -40.1532 axialRotation: -70.3814 zShift: 4.07433 energy: 107.135
MCAccept 52 xShift: 7.10603 crossingAngle: -40.1532 axialRotation: -70.3814 zShift: 4.07433 energy: 106.074
MCReject   xShift: 7.10603 crossingAngle: -40.1245 axialRotation: -70.3814 zShift: 4.07433 energy: 106.163
MCReject   xShift: 7.09602 crossingAngle: -40.1532 axialRotation: -70.3814 zShift: 4.07433 energy: 106.932
MCReject   xShift: 7.10603 crossingAngle: -40.1532 axialRotation: -70.4566 zShift: 4.07433 energy: 106.932
MCReject   xShift: 7.09565 crossingAngle: -40.1532 axialRotation: -70.3814 zShift: 4.07433 energy: 106.341
MCReject   xShift: 7.10603 crossingAngle: -40.1532 axialRotation: -70.3814 zShift: 4.06456 energy: 110.189
MCReject   xShift: 7.10603 crossingAngle: -40.1532 axialRotation: -70.3814 zShift: 4.05978 energy: 112.946
MCAccept 53 xShift: 7.10603 crossingAngle: -40.1532 axialRotation: -70.3814 zShift: 4.08616 energy: 102.246
MCAccept 54 xShift: 7.10603 crossingAngle: -40.1532 axialRotation: -70.3814 zShift: 4.09921 energy: 96.5537
MCAccept 55 xShift: 7.10603 crossingAngle: -40.1532 axialRotation: -70.3814 zShift: 4.10372 energy: 94.6846
MCAccept 56 xShift: 7.10603 crossingAngle: -40.1532 axialRotation: -70.3814 zShift: 4.10918 energy: 93.6209
MCAccept 57 xShift: 7.10603 crossingAngle: -40.2753 axialRotation: -70.3814 zShift: 4.10918 energy: 92.6823
MCAccept 58 xShift: 7.10603 crossingAngle: -40.3753 axialRotation: -70.3814 zShift: 4.10918 energy: 92.5881
MCReject   xShift: 7.10603 crossingAngle: -40.3753 axialRotation: -70.3814 zShift: 4.09277 energy: 98.0495
MCAccept 59 xShift: 7.10603 crossingAngle: -40.3753 axialRotation: -70.5427 zShift: 4.10918 energy: 91.9192
MCReject   xShift: 7.13501 crossingAngle: -40.3753 axialRotation: -70.5427 zShift: 4.10918 energy: 92.6823
MCReject   xShift: 7.10603 crossingAngle: -40.3753 axialRotation: -70.5427 zShift: 4.10133 energy: 95.4568
MCReject   xShift: 7.10023 crossingAngle: -40.3753 axialRotation: -70.5427 zShift: 4.10918 energy: 93.721
MCReject   xShift: 7.10603 crossingAngle: -40.3753 axialRotation: -70.5427 zShift: 4.10321 energy: 95.7944
MCReject   xShift: 7.10603 crossingAngle: -40.3753 axialRotation: -70.5427 zShift: 4.11241 energy: 92.4519
MCReject   xShift: 7.10603 crossingAngle: -40.3753 axialRotation: -70.5195 zShift: 4.10918 energy: 92.5881
MCReject   xShift: 7.10603 crossingAngle: -40.3753 axialRotation: -70.5427 zShift: 4.10116 energy: 96.5505
MCReject   xShift: 7.10603 crossingAngle: -40.3753 axialRotation: -70.5427 zShift: 4.10715 energy: 93.3194
MCReject   xShift: 7.10603 crossingAngle: -40.3753 axialRotation: -70.5878 zShift: 4.10918 energy: 93.6137
MCReject   xShift: 7.10603 crossingAngle: -40.3753 axialRotation: -70.5831 zShift: 4.10918 energy: 92.5822
MCAccept 60 xShift: 7.10603 crossingAngle: -40.3753 axialRotation: -70.5314 zShift: 4.10918 energy: 91.9261
MCReject   xShift: 7.10169 crossingAngle: -40.3753 axialRotation: -70.5314 zShift: 4.10918 energy: 92.9504
MCReject   xShift: 7.10603 crossingAngle: -40.3753 axialRotation: -70.5314 zShift: 4.10989 energy: 92.4302
MCReject   xShift: 7.10603 crossingAngle: -40.3753 axialRotation: -70.6982 zShift: 4.10918 energy: 92.9704
MCReject   xShift: 7.11601 crossingAngle: -40.3753 axialRotation: -70.5314 zShift: 4.10918 energy: 92.8503
MCReject   xShift: 7.11297 crossingAngle: -40.3753 axialRotation: -70.5314 zShift: 4.10918 energy: 92.6823
MCReject   xShift: 7.10603 crossingAngle: -40.3753 axialRotation: -70.6316 zShift: 4.10918 energy: 92.6823
MCReject   xShift: 7.10603 crossingAngle: -40.3753 axialRotation: -70.5314 zShift: 4.10658 energy: 94.6735
MCReject   xShift: 7.10603 crossingAngle: -40.5445 axialRotation: -70.5314 zShift: 4.10918 energy: 93.6137
MCReject   xShift: 7.10603 crossingAngle: -40.3957 axialRotation: -70.5314 zShift: 4.10918 energy: 93.6137
MCAccept 61 xShift: 7.10603 crossingAngle: -40.3753 axialRotation: -70.5314 zShift: 4.11581 energy: 90.48
MCReject   xShift: 7.10905 crossingAngle: -40.3753 axialRotation: -70.5314 zShift: 4.11581 energy: 91.2425
MCReject   xShift: 7.10603 crossingAngle: -40.3753 axialRotation: -70.5314 zShift: 4.11221 energy: 92.5247
MCReject   xShift: 7.10603 crossingAngle: -40.3753 axialRotation: -70.5314 zShift: 4.11608 energy: 91.1483
MCReject   xShift: 7.10119 crossingAngle: -40.3753 axialRotation: -70.5314 zShift: 4.11581 energy: 91.2497
MCReject   xShift: 7.09903 crossingAngle: -40.3753 axialRotation: -70.5314 zShift: 4.11581 energy: 90.5002
MCAccept 62 xShift: 7.10603 crossingAngle: -40.3455 axialRotation: -70.5314 zShift: 4.11581 energy: 90.48
MCReject   xShift: 7.10603 crossingAngle: -40.3455 axialRotation: -70.5314 zShift: 4.10565 energy: 93.2176
MCAccept 63 xShift: 7.10603 crossingAngle: -40.2058 axialRotation: -70.5314 zShift: 4.11581 energy: 90.2177
MCReject   xShift: 7.08764 crossingAngle: -40.2058 axialRotation: -70.5314 zShift: 4.11581 energy: 90.48
MCReject   xShift: 7.10603 crossingAngle: -40.3503 axialRotation: -70.5314 zShift: 4.11581 energy: 91.2497
MCReject   xShift: 7.10603 crossingAngle: -40.2058 axialRotation: -70.6508 zShift: 4.11581 energy: 91.2497
MCAccept 64 xShift: 7.10603 crossingAngle: -40.2058 axialRotation: -70.6045 zShift: 4.11581 energy: 89.4565
MCReject   xShift: 7.10603 crossingAngle: -40.2058 axialRotation: -70.6908 zShift: 4.11581 energy: 90.5002
MCReject   xShift: 7.10603 crossingAngle: -40.1461 axialRotation: -70.6045 zShift: 4.11581 energy: 90.2117
MCReject   xShift: 7.10603 crossingAngle: -40.3285 axialRotation: -70.6045 zShift: 4.11581 energy: 91.2497
MCReject   xShift: 7.09436 crossingAngle: -40.2058 axialRotation: -70.6045 zShift: 4.11581 energy: 90.5251
MCReject   xShift: 7.10603 crossingAngle: -40.1321 axialRotation: -70.6045 zShift: 4.11581 energy: 90.3022
MCReject   xShift: 7.10603 crossingAngle: -40.2058 axialRotation: -70.6842 zShift: 4.11581 energy: 90.2177
MCReject   xShift: 7.10603 crossingAngle: -40.2058 axialRotation: -70.5083 zShift: 4.11581 energy: 91.2497
MCReject   xShift: 7.10603 crossingAngle: -40.0639 axialRotation: -70.6045 zShift: 4.11581 energy: 91.2425
MCAccept 65 xShift: 7.10603 crossingAngle: -40.2058 axialRotation: -70.6045 zShift: 4.12472 energy: 88.1102
MCAccept 66 xShift: 7.10603 crossingAngle: -40.2058 axialRotation: -70.7442 zShift: 4.12472 energy: 88.1102
MCReject   xShift: 7.10603 crossingAngle: -40.2058 axialRotation: -70.7442 zShift: 4.11817 energy: 90.4115
MCAccept 67 xShift: 7.10603 crossingAngle: -40.2058 axialRotation: -70.9305 zShift: 4.12472 energy: 87.4538
MCReject   xShift: 7.10603 crossingAngle: -40.2058 axialRotation: -70.9305 zShift: 4.11662 energy: 90.2949
MCReject   xShift: 7.10603 crossingAngle: -40.2058 axialRotation: -70.9305 zShift: 4.12517 energy: 88.0392
MCAccept 68 xShift: 7.08987 crossingAngle: -40.2058 axialRotation: -70.9305 zShift: 4.12472 energy: 87.349
MCAccept 69 xShift: 7.08987 crossingAngle: -40.1153 axialRotation: -70.9305 zShift: 4.12472 energy: 87.0863
MCReject   xShift: 7.08987 crossingAngle: -40.1153 axialRotation: -70.9733 zShift: 4.12472 energy: 88.1102
MCReject   xShift: 7.09468 crossingAngle: -40.1153 axialRotation: -70.9305 zShift: 4.12472 energy: 87.1709
MCAccept 70 xShift: 7.08987 crossingAngle: -40.143 axialRotation: -70.9305 zShift: 4.12472 energy: 87.0863
MCAccept 71 xShift: 7.08987 crossingAngle: -40.143 axialRotation: -70.9305 zShift: 4.13311 energy: 84.5848
MCAccept 72 xShift: 7.08987 crossingAngle: -40.143 axialRotation: -70.8404 zShift: 4.13311 energy: 84.4795
MCAccept 73 xShift: 7.08987 crossingAngle: -40.143 axialRotation: -70.6129 zShift: 4.13311 energy: 83.4508
MCReject   xShift: 7.08987 crossingAngle: -40.2603 axialRotation: -70.6129 zShift: 4.13311 energy: 84.4795
MCReject   xShift: 7.08987 crossingAngle: -40.1582 axialRotation: -70.6129 zShift: 4.13311 energy: 84.2954
MCReject   xShift: 7.08987 crossingAngle: -40.143 axialRotation: -70.5998 zShift: 4.13311 energy: 85.2397
MCReject   xShift: 7.08699 crossingAngle: -40.143 axialRotation: -70.6129 zShift: 4.13311 energy: 85.2397
MCReject   xShift: 7.08987 crossingAngle: -40.143 axialRotation: -70.6129 zShift: 4.13566 energy: 83.6401
MCReject   xShift: 7.08987 crossingAngle: -40.143 axialRotation: -70.6129 zShift: 4.13274 energy: 84.3339
MCReject   xShift: 7.08987 crossingAngle: -40.316 axialRotation: -70.6129 zShift: 4.13311 energy: 84.2165
MCReject   xShift: 7.08987 crossingAngle: -40.143 axialRotation: -70.6129 zShift: 4.13231 energy: 84.7707
MCReject   xShift: 7.08987 crossingAngle: -40.143 axialRotation: -70.7478 zShift: 4.13311 energy: 85.2397
MCReject   xShift: 7.08987 crossingAngle: -40.143 axialRotation: -70.6129 zShift: 4.12646 energy: 87.5081
MCReject   xShift: 7.08987 crossingAngle: -40.149 axialRotation: -70.6129 zShift: 4.13311 energy: 85.247
MCAccept 74 xShift: 7.08987 crossingAngle: -40.143 axialRotation: -70.6129 zShift: 4.14079 energy: 81.7365
MCReject   xShift: 7.08987 crossingAngle: -40.143 axialRotation: -70.6129 zShift: 4.13869 energy: 83.37
MCReject   xShift: 7.08987 crossingAngle: -40.209 axialRotation: -70.6129 zShift: 4.14079 energy: 82.6738
MCReject   xShift: 7.08987 crossingAngle: -40.3493 axialRotation: -70.6129 zShift: 4.14079 energy: 82.6738
MCReject   xShift: 7.08987 crossingAngle: -40.143 axialRotation: -70.6129 zShift: 4.1278 energy: 87.3913
MCAccept 75 xShift: 7.08828 crossingAngle: -40.143 axialRotation: -70.6129 zShift: 4.14079 energy: 81.7365
MCAccept 76 xShift: 7.07436 crossingAngle: -40.143 axialRotation: -70.6129 zShift: 4.14079 energy: 81.6451
MCAccept 77 xShift: 7.07436 crossingAngle: -40.143 axialRotation: -70.5955 zShift: 4.14079 energy: 80.9787
MCAccept 78 xShift: 7.07436 crossingAngle: -40.143 axialRotation: -70.5955 zShift: 4.1457 energy: 80.3095
MCAccept 79 xShift: 7.07436 crossingAngle: -40.007 axialRotation: -70.5955 zShift: 4.1457 energy: 80.0398
MCReject   xShift: 7.05995 crossingAngle: -40.007 axialRotation: -70.5955 zShift: 4.1457 energy: 80.395
MCReject   xShift: 7.07436 crossingAngle: -40.007 axialRotation: -70.5955 zShift: 4.14532 energy: 81.1916
MCReject   xShift: 7.07436 crossingAngle: -39.8689 axialRotation: -70.5955 zShift: 4.1457 energy: 80.395
MCReject   xShift: 7.07436 crossingAngle: -40.007 axialRotation: -70.5955 zShift: 4.12428 energy: 87.2323
MCReject   xShift: 7.07436 crossingAngle: -40.0507 axialRotation: -70.5955 zShift: 4.1457 energy: 80.3095
MCReject   xShift: 7.07436 crossingAngle: -40.048 axialRotation: -70.5955 zShift: 4.1457 energy: 81.0755
MCReject   xShift: 7.07106 crossingAngle: -40.007 axialRotation: -70.5955 zShift: 4.1457 energy: 80.1315
MCReject   xShift: 7.07436 crossingAngle: -40.007 axialRotation: -70.5558 zShift: 4.1457 energy: 81.0755
MCReject   xShift: 7.07436 crossingAngle: -40.3122 axialRotation: -70.5955 zShift: 4.1457 energy: 80.046
MCReject   xShift: 7.07436 crossingAngle: -40.007 axialRotation: -70.5955 zShift: 4.14563 energy: 80.4365
MCReject   xShift: 7.06832 crossingAngle: -40.007 axialRotation: -70.5955 zShift: 4.1457 energy: 80.1315
MCReject   xShift: 7.07436 crossingAngle: -40.007 axialRotation: -70.6767 zShift: 4.1457 energy: 81.161
MCAccept 80 xShift: 7.07436 crossingAngle: -40.1211 axialRotation: -70.5955 zShift: 4.1457 energy: 79.2887
MCAccept 81 xShift: 7.07436 crossingAngle: -40.1211 axialRotation: -70.5955 zShift: 4.1465 energy: 79.1082
Energy #2: 79.1082
***GEOMETRY SHIFT***
xShift;        Before: 7.14659; After: 7.07436
crossingAngle; Before: -40.2277; After: -40.1211
axialRotation; Before: -70.0373; After: -70.5955
zShift;        Before: 3.88082; After: 4.1465
Energy;        Before: 1.4256e+09; After: 79.1082

Completed all cycles. Accepted 82/293
Monte Carlo repack complete. Time: 109.867min

