MCAccept 0 xShift: 7.17026 crossingAngle: -40.5948 axialRotation: -69.8443 zShift: 3.86028 energy: -4.85299
MCAccept 1 xShift: 7.16522 crossingAngle: -40.5948 axialRotation: -69.8443 zShift: 3.86028 energy: -4.88153
MCReject   xShift: 7.16522 crossingAngle: -40.5948 axialRotation: -69.8991 zShift: 3.86028 energy: -3.82174
MCReject   xShift: 7.16522 crossingAngle: -40.5948 axialRotation: -69.6402 zShift: 3.86028 energy: -4.72675
MCReject   xShift: 7.16522 crossingAngle: -40.5948 axialRotation: -69.8443 zShift: 3.85655 energy: -4.83403
MCAccept 2 xShift: 7.16522 crossingAngle: -40.5948 axialRotation: -69.863 zShift: 3.86028 energy: -4.9895
MCReject   xShift: 7.16522 crossingAngle: -40.5948 axialRotation: -69.863 zShift: 3.84823 energy: -4.65563
MCReject   xShift: 7.15007 crossingAngle: -40.5948 axialRotation: -69.863 zShift: 3.86028 energy: -4.82635
MCReject   xShift: 7.14342 crossingAngle: -40.5948 axialRotation: -69.863 zShift: 3.86028 energy: -3.88772
MCReject   xShift: 7.16522 crossingAngle: -40.5948 axialRotation: -69.8849 zShift: 3.86028 energy: -4.82132
MCAccept 3 xShift: 7.16522 crossingAngle: -40.5948 axialRotation: -69.863 zShift: 3.86609 energy: -6.00454
MCReject   xShift: 7.16522 crossingAngle: -40.5948 axialRotation: -69.863 zShift: 3.87331 energy: -5.03207
MCReject   xShift: 7.16522 crossingAngle: -40.5948 axialRotation: -69.756 zShift: 3.86609 energy: -4.90127
MCReject   xShift: 7.16783 crossingAngle: -40.5948 axialRotation: -69.863 zShift: 3.86609 energy: -4.90633
MCAccept 4 xShift: 7.16522 crossingAngle: -40.5031 axialRotation: -69.863 zShift: 3.86609 energy: -6.00961
MCReject   xShift: 7.16522 crossingAngle: -40.5031 axialRotation: -69.863 zShift: 3.87551 energy: -5.05834
MCReject   xShift: 7.16522 crossingAngle: -40.3751 axialRotation: -69.863 zShift: 3.86609 energy: -3.98097
MCAccept 5 xShift: 7.16522 crossingAngle: -40.5031 axialRotation: -69.9326 zShift: 3.86609 energy: -5.928
MCReject   xShift: 7.17239 crossingAngle: -40.5031 axialRotation: -69.9326 zShift: 3.86609 energy: -5.06242
MCAccept 6 xShift: 7.14762 crossingAngle: -40.5031 axialRotation: -69.9326 zShift: 3.86609 energy: -5.928
MCReject   xShift: 7.13098 crossingAngle: -40.5031 axialRotation: -69.9326 zShift: 3.86609 energy: -4.9255
MCReject   xShift: 7.14762 crossingAngle: -40.5031 axialRotation: -69.9551 zShift: 3.86609 energy: -4.93057
MCReject   xShift: 7.14762 crossingAngle: -40.4295 axialRotation: -69.9326 zShift: 3.86609 energy: -3.9759
MCReject   xShift: 7.12444 crossingAngle: -40.5031 axialRotation: -69.9326 zShift: 3.86609 energy: -3.91473
MCAccept 7 xShift: 7.14762 crossingAngle: -40.4945 axialRotation: -69.9326 zShift: 3.86609 energy: -6.00961
MCReject   xShift: 7.14762 crossingAngle: -40.4945 axialRotation: -69.8933 zShift: 3.86609 energy: -4.93057
MCReject   xShift: 7.14762 crossingAngle: -40.4945 axialRotation: -69.7849 zShift: 3.86609 energy: -4.94915
MCReject   xShift: 7.14762 crossingAngle: -40.4096 axialRotation: -69.9326 zShift: 3.86609 energy: -4.9255
MCAccept 8 xShift: 7.14762 crossingAngle: -40.4945 axialRotation: -69.9326 zShift: 3.89008 energy: -6.19834
MCReject   xShift: 7.14762 crossingAngle: -40.4945 axialRotation: -69.9733 zShift: 3.89008 energy: -4.35159
MCReject   xShift: 7.12254 crossingAngle: -40.4945 axialRotation: -69.9326 zShift: 3.89008 energy: -5.98411
MCReject   xShift: 7.14762 crossingAngle: -40.5382 axialRotation: -69.9326 zShift: 3.89008 energy: -4.22519
MCReject   xShift: 7.14762 crossingAngle: -40.4945 axialRotation: -69.9326 zShift: 3.88981 energy: -5.23383
MCReject   xShift: 7.14762 crossingAngle: -40.4945 axialRotation: -69.9326 zShift: 3.90534 energy: -5.37753
MCReject   xShift: 7.14954 crossingAngle: -40.4945 axialRotation: -69.9326 zShift: 3.89008 energy: -5.34084
MCAccept 9 xShift: 7.14762 crossingAngle: -40.4945 axialRotation: -69.9326 zShift: 3.89481 energy: -6.30978
MCReject   xShift: 7.14762 crossingAngle: -40.4945 axialRotation: -69.8763 zShift: 3.89481 energy: -5.26492
MCReject   xShift: 7.14762 crossingAngle: -40.4945 axialRotation: -69.9769 zShift: 3.89481 energy: -4.41664
MCReject   xShift: 7.14597 crossingAngle: -40.4945 axialRotation: -69.9326 zShift: 3.89481 energy: -5.39338
MCAccept 10 xShift: 7.14762 crossingAngle: -40.5206 axialRotation: -69.9326 zShift: 3.89481 energy: -6.30455
MCAccept 11 xShift: 7.13362 crossingAngle: -40.5206 axialRotation: -69.9326 zShift: 3.89481 energy: -6.30978
MCReject   xShift: 7.13362 crossingAngle: -40.5206 axialRotation: -69.9326 zShift: 3.88216 energy: -4.15976
MCReject   xShift: 7.13362 crossingAngle: -40.5206 axialRotation: -70.0217 zShift: 3.89481 energy: -5.0551
MCReject   xShift: 7.13889 crossingAngle: -40.5206 axialRotation: -69.9326 zShift: 3.89481 energy: -5.25969
MCReject   xShift: 7.13362 crossingAngle: -40.5206 axialRotation: -69.9326 zShift: 3.9112 energy: -5.4627
MCReject   xShift: 7.13362 crossingAngle: -40.5206 axialRotation: -69.9326 zShift: 3.9028 energy: -5.3642
MCAccept 12 xShift: 7.13362 crossingAngle: -40.5206 axialRotation: -69.9326 zShift: 3.8914 energy: -6.28499
MCReject   xShift: 7.13362 crossingAngle: -40.4959 axialRotation: -69.9326 zShift: 3.8914 energy: -4.30393
MCReject   xShift: 7.13362 crossingAngle: -40.5206 axialRotation: -69.8994 zShift: 3.8914 energy: -6.16516
MCReject   xShift: 7.13362 crossingAngle: -40.5206 axialRotation: -70.0198 zShift: 3.8914 energy: -5.23706
MCReject   xShift: 7.13362 crossingAngle: -40.5206 axialRotation: -69.9326 zShift: 3.89937 energy: -5.11055
MCAccept 13 xShift: 7.13362 crossingAngle: -40.5144 axialRotation: -69.9326 zShift: 3.8914 energy: -5.99552
MCAccept 14 xShift: 7.13362 crossingAngle: -40.5144 axialRotation: -69.9816 zShift: 3.8914 energy: -6.16516
MCReject   xShift: 7.13362 crossingAngle: -40.5634 axialRotation: -69.9816 zShift: 3.8914 energy: -4.36607
MCAccept 15 xShift: 7.12835 crossingAngle: -40.5144 axialRotation: -69.9816 zShift: 3.8914 energy: -6.27978
MCReject   xShift: 7.12835 crossingAngle: -40.5144 axialRotation: -69.9816 zShift: 3.9078 energy: -5.43084
MCReject   xShift: 7.12835 crossingAngle: -40.4369 axialRotation: -69.9816 zShift: 3.8914 energy: -5.02029
MCReject   xShift: 7.12835 crossingAngle: -40.5144 axialRotation: -69.9816 zShift: 3.90074 energy: -5.32904
MCReject   xShift: 7.12835 crossingAngle: -40.4689 axialRotation: -69.9816 zShift: 3.8914 energy: -5.02551
MCReject   xShift: 7.12835 crossingAngle: -40.5144 axialRotation: -69.9816 zShift: 3.89399 energy: -4.28855
MCAccept 16 xShift: 7.12835 crossingAngle: -40.5144 axialRotation: -69.9816 zShift: 3.88265 energy: -6.08704
MCReject   xShift: 7.12835 crossingAngle: -40.5144 axialRotation: -69.9816 zShift: 3.89289 energy: -5.23862
MCAccept 17 xShift: 7.12835 crossingAngle: -40.5144 axialRotation: -70.0149 zShift: 3.88265 energy: -6.08704
MCReject   xShift: 7.12835 crossingAngle: -40.6489 axialRotation: -70.0149 zShift: 3.88265 energy: -5.12081
MCAccept 18 xShift: 7.12835 crossingAngle: -40.5144 axialRotation: -70.0149 zShift: 3.87248 energy: -4.99258
MCAccept 19 xShift: 7.12835 crossingAngle: -40.5144 axialRotation: -70.0149 zShift: 3.87424 energy: -6.07408
MCReject   xShift: 7.12835 crossingAngle: -40.5144 axialRotation: -69.939 zShift: 3.87424 energy: -4.10946
MCReject   xShift: 7.1327 crossingAngle: -40.5144 axialRotation: -70.0149 zShift: 3.87424 energy: -5.02954
MCAccept 20 xShift: 7.12835 crossingAngle: -40.5144 axialRotation: -70.1857 zShift: 3.87424 energy: -6.01321
MCReject   xShift: 7.11272 crossingAngle: -40.5144 axialRotation: -70.1857 zShift: 3.87424 energy: -5.84489
MCReject   xShift: 7.12835 crossingAngle: -40.5144 axialRotation: -70.0699 zShift: 3.87424 energy: -4.80096
MCReject   xShift: 7.12835 crossingAngle: -40.5144 axialRotation: -70.1857 zShift: 3.85921 energy: -5.94289
MCReject   xShift: 7.12555 crossingAngle: -40.5144 axialRotation: -70.1857 zShift: 3.87424 energy: -5.01596
MCReject   xShift: 7.12835 crossingAngle: -40.5144 axialRotation: -70.0692 zShift: 3.87424 energy: -5.02954
MCReject   xShift: 7.12835 crossingAngle: -40.6548 axialRotation: -70.1857 zShift: 3.87424 energy: -4.80096
MCReject   xShift: 7.12835 crossingAngle: -40.5144 axialRotation: -70.31 zShift: 3.87424 energy: -5.02954
MCReject   xShift: 7.12835 crossingAngle: -40.4884 axialRotation: -70.1857 zShift: 3.87424 energy: -5.01596
MCReject   xShift: 7.12835 crossingAngle: -40.4861 axialRotation: -70.1857 zShift: 3.87424 energy: -5.04828
MCReject   xShift: 7.12835 crossingAngle: -40.5853 axialRotation: -70.1857 zShift: 3.87424 energy: -4.04286
MCReject   xShift: 7.12835 crossingAngle: -40.4709 axialRotation: -70.1857 zShift: 3.87424 energy: -4.92087
MCReject   xShift: 7.11628 crossingAngle: -40.5144 axialRotation: -70.1857 zShift: 3.87424 energy: -5.04828
MCAccept 21 xShift: 7.12295 crossingAngle: -40.5144 axialRotation: -70.1857 zShift: 3.87424 energy: -6.07408
MCReject   xShift: 7.12176 crossingAngle: -40.5144 axialRotation: -70.1857 zShift: 3.87424 energy: -5.02443
MCAccept 22 xShift: 7.12295 crossingAngle: -40.3492 axialRotation: -70.1857 zShift: 3.87424 energy: -6.07408
MCReject   xShift: 7.12741 crossingAngle: -40.3492 axialRotation: -70.1857 zShift: 3.87424 energy: -4.91575
MCReject   xShift: 7.1199 crossingAngle: -40.3492 axialRotation: -70.1857 zShift: 3.87424 energy: -5.02954
MCReject   xShift: 7.12295 crossingAngle: -40.2208 axialRotation: -70.1857 zShift: 3.87424 energy: -5.05339
MCReject   xShift: 7.12295 crossingAngle: -40.3465 axialRotation: -70.1857 zShift: 3.87424 energy: -4.10434
MCReject   xShift: 7.12295 crossingAngle: -40.4004 axialRotation: -70.1857 zShift: 3.87424 energy: -5.0432
MCReject   xShift: 7.1115 crossingAngle: -40.3492 axialRotation: -70.1857 zShift: 3.87424 energy: -5.04828
MCReject   xShift: 7.12417 crossingAngle: -40.3492 axialRotation: -70.1857 zShift: 3.87424 energy: -4.10434
MCReject   xShift: 7.12295 crossingAngle: -40.5633 axialRotation: -70.1857 zShift: 3.87424 energy: -5.04831
MCReject   xShift: 7.12295 crossingAngle: -40.3492 axialRotation: -70.0352 zShift: 3.87424 energy: -4.92087
MCAccept 23 xShift: 7.12022 crossingAngle: -40.3492 axialRotation: -70.1857 zShift: 3.87424 energy: -6.07919
MCReject   xShift: 7.12022 crossingAngle: -40.3492 axialRotation: -70.1199 zShift: 3.87424 energy: -5.04831
MCReject   xShift: 7.12022 crossingAngle: -40.3492 axialRotation: -70.2265 zShift: 3.87424 energy: -5.01085
MCReject   xShift: 7.12022 crossingAngle: -40.3492 axialRotation: -70.1857 zShift: 3.86247 energy: -3.92309
MCReject   xShift: 7.12022 crossingAngle: -40.5121 axialRotation: -70.1857 zShift: 3.87424 energy: -5.02954
MCReject   xShift: 7.13092 crossingAngle: -40.3492 axialRotation: -70.1857 zShift: 3.87424 energy: -4.80096
MCReject   xShift: 7.12022 crossingAngle: -40.3492 axialRotation: -70.1141 zShift: 3.87424 energy: -5.02954
MCReject   xShift: 7.12022 crossingAngle: -40.3492 axialRotation: -70.1857 zShift: 3.86952 energy: -3.96899
MCReject   xShift: 7.12022 crossingAngle: -40.3492 axialRotation: -70.0335 zShift: 3.87424 energy: -5.02954
MCReject   xShift: 7.12022 crossingAngle: -40.4831 axialRotation: -70.1857 zShift: 3.87424 energy: -5.01085
MCReject   xShift: 7.12022 crossingAngle: -40.3492 axialRotation: -70.1857 zShift: 3.88562 energy: -5.15716
MCReject   xShift: 7.1145 crossingAngle: -40.3492 axialRotation: -70.1857 zShift: 3.87424 energy: -5.84489
MCReject   xShift: 7.12022 crossingAngle: -40.4352 axialRotation: -70.1857 zShift: 3.87424 energy: -5.01596
MCReject   xShift: 7.12022 crossingAngle: -40.3492 axialRotation: -70.3993 zShift: 3.87424 energy: -4.79871
MCReject   xShift: 7.12007 crossingAngle: -40.3492 axialRotation: -70.1857 zShift: 3.87424 energy: -5.0432
MCReject   xShift: 7.12022 crossingAngle: -40.3492 axialRotation: -70.1128 zShift: 3.87424 energy: -4.92087
MCReject   xShift: 7.13917 crossingAngle: -40.3492 axialRotation: -70.1857 zShift: 3.87424 energy: -4.10946
MCReject   xShift: 7.13101 crossingAngle: -40.3492 axialRotation: -70.1857 zShift: 3.87424 energy: -5.05339
MCReject   xShift: 7.12022 crossingAngle: -40.3492 axialRotation: -70.1335 zShift: 3.87424 energy: -4.03775
MCReject   xShift: 7.12022 crossingAngle: -40.3492 axialRotation: -70.2275 zShift: 3.87424 energy: -3.96271
MCReject   xShift: 7.12022 crossingAngle: -40.3357 axialRotation: -70.1857 zShift: 3.87424 energy: -4.91575
MCReject   xShift: 7.11651 crossingAngle: -40.3492 axialRotation: -70.1857 zShift: 3.87424 energy: -5.04831
MCReject   xShift: 7.12022 crossingAngle: -40.1818 axialRotation: -70.1857 zShift: 3.87424 energy: -4.10946
MCReject   xShift: 7.12022 crossingAngle: -40.3492 axialRotation: -70.1537 zShift: 3.87424 energy: -4.10946
MCReject   xShift: 7.12022 crossingAngle: -40.3492 axialRotation: -70.1857 zShift: 3.88232 energy: -5.25736
MCReject   xShift: 7.12022 crossingAngle: -40.3492 axialRotation: -69.9948 zShift: 3.87424 energy: -6.0081
MCReject   xShift: 7.12022 crossingAngle: -40.3492 axialRotation: -70.259 zShift: 3.87424 energy: -4.91575
MCAccept 24 xShift: 7.12022 crossingAngle: -40.3492 axialRotation: -70.1421 zShift: 3.87424 energy: -6.14493
MCReject   xShift: 7.12022 crossingAngle: -40.3492 axialRotation: -70.2223 zShift: 3.87424 energy: -5.01085
MCReject   xShift: 7.12022 crossingAngle: -40.3492 axialRotation: -70.2609 zShift: 3.87424 energy: -4.03775
MCReject   xShift: 7.12558 crossingAngle: -40.3492 axialRotation: -70.1421 zShift: 3.87424 energy: -5.0432
MCReject   xShift: 7.12022 crossingAngle: -40.3492 axialRotation: -70.1421 zShift: 3.87978 energy: -4.19536
MCAccept 25 xShift: 7.12206 crossingAngle: -40.3492 axialRotation: -70.1421 zShift: 3.87424 energy: -6.07408
MCReject   xShift: 7.12206 crossingAngle: -40.2232 axialRotation: -70.1421 zShift: 3.87424 energy: -4.04286
MCReject   xShift: 7.12586 crossingAngle: -40.3492 axialRotation: -70.1421 zShift: 3.87424 energy: -5.16191
MCReject   xShift: 7.12206 crossingAngle: -40.4849 axialRotation: -70.1421 zShift: 3.87424 energy: -4.03775
MCAccept 26 xShift: 7.12206 crossingAngle: -40.3492 axialRotation: -70.2447 zShift: 3.87424 energy: -6.0081
MCReject   xShift: 7.12206 crossingAngle: -40.3686 axialRotation: -70.2447 zShift: 3.87424 energy: -5.01085
MCReject   xShift: 7.12206 crossingAngle: -40.5374 axialRotation: -70.2447 zShift: 3.87424 energy: -4.03775
MCReject   xShift: 7.12206 crossingAngle: -40.3492 axialRotation: -70.2447 zShift: 3.8767 energy: -5.08274
MCReject   xShift: 7.12206 crossingAngle: -40.3035 axialRotation: -70.2447 zShift: 3.87424 energy: -4.92087
MCReject   xShift: 7.12206 crossingAngle: -40.3492 axialRotation: -70.2447 zShift: 3.87061 energy: -4.0475
MCReject   xShift: 7.13421 crossingAngle: -40.3492 axialRotation: -70.2447 zShift: 3.87424 energy: -5.01596
MCReject   xShift: 7.12206 crossingAngle: -40.3492 axialRotation: -69.9696 zShift: 3.87424 energy: -5.01085
MCAccept 27 xShift: 7.12206 crossingAngle: -40.2479 axialRotation: -70.2447 zShift: 3.87424 energy: -6.15005
MCReject   xShift: 7.12206 crossingAngle: -40.261 axialRotation: -70.2447 zShift: 3.87424 energy: -4.10434
MCReject   xShift: 7.13532 crossingAngle: -40.2479 axialRotation: -70.2447 zShift: 3.87424 energy: -5.0432
MCReject   xShift: 7.12206 crossingAngle: -40.2479 axialRotation: -70.2447 zShift: 3.87687 energy: -4.9504
MCReject   xShift: 7.12206 crossingAngle: -40.2479 axialRotation: -70.2153 zShift: 3.87424 energy: -4.10434
MCReject   xShift: 7.12206 crossingAngle: -40.4251 axialRotation: -70.2447 zShift: 3.87424 energy: -5.02443
MCReject   xShift: 7.12206 crossingAngle: -40.2479 axialRotation: -70.3515 zShift: 3.87424 energy: -5.05339
MCReject   xShift: 7.12206 crossingAngle: -40.3027 axialRotation: -70.2447 zShift: 3.87424 energy: -5.0432
MCReject   xShift: 7.12206 crossingAngle: -40.2917 axialRotation: -70.2447 zShift: 3.87424 energy: -4.10434
MCAccept 28 xShift: 7.12206 crossingAngle: -40.2479 axialRotation: -70.163 zShift: 3.87424 energy: -6.01321
MCReject   xShift: 7.12206 crossingAngle: -40.2479 axialRotation: -69.9921 zShift: 3.87424 energy: -5.04831
MCAccept 29 xShift: 7.12206 crossingAngle: -40.2824 axialRotation: -70.163 zShift: 3.87424 energy: -6.01321
MCReject   xShift: 7.12206 crossingAngle: -40.2824 axialRotation: -70.287 zShift: 3.87424 energy: -5.02443
MCReject   xShift: 7.12206 crossingAngle: -40.2887 axialRotation: -70.163 zShift: 3.87424 energy: -4.92087
MCReject   xShift: 7.14226 crossingAngle: -40.2824 axialRotation: -70.163 zShift: 3.87424 energy: -5.1568
MCReject   xShift: 7.12206 crossingAngle: -40.2824 axialRotation: -70.163 zShift: 3.86571 energy: -5.05776
MCAccept 30 xShift: 7.11874 crossingAngle: -40.2824 axialRotation: -70.163 zShift: 3.87424 energy: -6.07919
MCReject   xShift: 7.11874 crossingAngle: -40.2824 axialRotation: -70.163 zShift: 3.87589 energy: -4.13002
MCReject   xShift: 7.11874 crossingAngle: -40.2824 axialRotation: -70.1248 zShift: 3.87424 energy: -5.0432
MCReject   xShift: 7.11874 crossingAngle: -40.2824 axialRotation: -70.163 zShift: 3.87682 energy: -5.05507
MCReject   xShift: 7.09785 crossingAngle: -40.2824 axialRotation: -70.163 zShift: 3.87424 energy: -5.84489
MCReject   xShift: 7.11874 crossingAngle: -40.1573 axialRotation: -70.163 zShift: 3.87424 energy: -4.80607
MCReject   xShift: 7.11533 crossingAngle: -40.2824 axialRotation: -70.163 zShift: 3.87424 energy: -5.01596
MCReject   xShift: 7.11874 crossingAngle: -40.3099 axialRotation: -70.163 zShift: 3.87424 energy: -3.96782
MCReject   xShift: 7.11874 crossingAngle: -40.2824 axialRotation: -70.0524 zShift: 3.87424 energy: -3.96782
MCReject   xShift: 7.11874 crossingAngle: -40.2824 axialRotation: -70.1955 zShift: 3.87424 energy: -5.04828
MCReject   xShift: 7.11874 crossingAngle: -40.2824 axialRotation: -70.1882 zShift: 3.87424 energy: -5.02443
MCReject   xShift: 7.11874 crossingAngle: -40.2824 axialRotation: -70.163 zShift: 3.87802 energy: -4.85038
MCReject   xShift: 7.11179 crossingAngle: -40.2824 axialRotation: -70.163 zShift: 3.87424 energy: -4.04286
MCReject   xShift: 7.12059 crossingAngle: -40.2824 axialRotation: -70.163 zShift: 3.87424 energy: -5.02443
MCReject   xShift: 7.11874 crossingAngle: -40.2824 axialRotation: -70.0279 zShift: 3.87424 energy: -5.05339
MCReject   xShift: 7.11874 crossingAngle: -40.2824 axialRotation: -70.163 zShift: 3.86366 energy: -3.87603
MCReject   xShift: 7.11874 crossingAngle: -40.2824 axialRotation: -70.2772 zShift: 3.87424 energy: -5.02443
MCReject   xShift: 7.11874 crossingAngle: -40.2824 axialRotation: -70.1109 zShift: 3.87424 energy: -5.04831
MCReject   xShift: 7.11874 crossingAngle: -40.2058 axialRotation: -70.163 zShift: 3.87424 energy: -4.7936
MCReject   xShift: 7.12858 crossingAngle: -40.2824 axialRotation: -70.163 zShift: 3.87424 energy: -4.03775
MCReject   xShift: 7.11874 crossingAngle: -40.2824 axialRotation: -70.1282 zShift: 3.87424 energy: -5.02443
MCReject   xShift: 7.11874 crossingAngle: -40.2824 axialRotation: -70.0208 zShift: 3.87424 energy: -4.80096
MCReject   xShift: 7.11874 crossingAngle: -40.2824 axialRotation: -70.2131 zShift: 3.87424 energy: -5.0432
MCReject   xShift: 7.12972 crossingAngle: -40.2824 axialRotation: -70.163 zShift: 3.87424 energy: -5.02954
MCReject   xShift: 7.11874 crossingAngle: -40.3037 axialRotation: -70.163 zShift: 3.87424 energy: -5.02443
MCAccept 31 xShift: 7.11874 crossingAngle: -40.2824 axialRotation: -70.1012 zShift: 3.87424 energy: -6.07919
MCReject   xShift: 7.11874 crossingAngle: -40.2824 axialRotation: -70.2219 zShift: 3.87424 energy: -4.10434
MCReject   xShift: 7.12577 crossingAngle: -40.2824 axialRotation: -70.1012 zShift: 3.87424 energy: -5.01596
MCReject   xShift: 7.12204 crossingAngle: -40.2824 axialRotation: -70.1012 zShift: 3.87424 energy: -4.10946
MCAccept 32 xShift: 7.12398 crossingAngle: -40.2824 axialRotation: -70.1012 zShift: 3.87424 energy: -6.07408
MCReject   xShift: 7.12398 crossingAngle: -40.2824 axialRotation: -70.1012 zShift: 3.87196 energy: -6.06014
MCReject   xShift: 7.12766 crossingAngle: -40.2824 axialRotation: -70.1012 zShift: 3.87424 energy: -4.10946
MCReject   xShift: 7.13259 crossingAngle: -40.2824 axialRotation: -70.1012 zShift: 3.87424 energy: -4.91575
MCAccept 33 xShift: 7.12398 crossingAngle: -40.4744 axialRotation: -70.1012 zShift: 3.87424 energy: -6.07408
MCReject   xShift: 7.12398 crossingAngle: -40.5318 axialRotation: -70.1012 zShift: 3.87424 energy: -4.03775
MCAccept 34 xShift: 7.12398 crossingAngle: -40.5592 axialRotation: -70.1012 zShift: 3.87424 energy: -6.07919
MCReject   xShift: 7.12398 crossingAngle: -40.5087 axialRotation: -70.1012 zShift: 3.87424 energy: -3.96271
MCReject   xShift: 7.12398 crossingAngle: -40.6566 axialRotation: -70.1012 zShift: 3.87424 energy: -5.01596
MCReject   xShift: 7.12398 crossingAngle: -40.5592 axialRotation: -70.1012 zShift: 3.86558 energy: -3.8155
MCReject   xShift: 7.12398 crossingAngle: -40.7048 axialRotation: -70.1012 zShift: 3.87424 energy: -5.05339
MCAccept 35 xShift: 7.12398 crossingAngle: -40.5592 axialRotation: -70.1855 zShift: 3.87424 energy: -6.07919
MCAccept 36 xShift: 7.13582 crossingAngle: -40.5592 axialRotation: -70.1855 zShift: 3.87424 energy: -6.07919
MCAccept 37 xShift: 7.13582 crossingAngle: -40.505 axialRotation: -70.1855 zShift: 3.87424 energy: -6.07408
MCReject   xShift: 7.13886 crossingAngle: -40.505 axialRotation: -70.1855 zShift: 3.87424 energy: -4.03775
MCReject   xShift: 7.13582 crossingAngle: -40.505 axialRotation: -70.2118 zShift: 3.87424 energy: -5.04831
MCReject   xShift: 7.13582 crossingAngle: -40.505 axialRotation: -70.1855 zShift: 3.88937 energy: -5.21159
MCReject   xShift: 7.13582 crossingAngle: -40.4407 axialRotation: -70.1855 zShift: 3.87424 energy: -5.02954
MCReject   xShift: 7.13395 crossingAngle: -40.505 axialRotation: -70.1855 zShift: 3.87424 energy: -5.02443
MCAccept 38 xShift: 7.13582 crossingAngle: -40.2965 axialRotation: -70.1855 zShift: 3.87424 energy: -6.07408
MCReject   xShift: 7.13582 crossingAngle: -40.4144 axialRotation: -70.1855 zShift: 3.87424 energy: -4.92087
MCReject   xShift: 7.13582 crossingAngle: -40.2965 axialRotation: -70.1855 zShift: 3.85435 energy: -4.9134
MCReject   xShift: 7.13582 crossingAngle: -40.2885 axialRotation: -70.1855 zShift: 3.87424 energy: -4.03775
MCAccept 39 xShift: 7.14659 crossingAngle: -40.2965 axialRotation: -70.1855 zShift: 3.87424 energy: -6.07919
MCReject   xShift: 7.13076 crossingAngle: -40.2965 axialRotation: -70.1855 zShift: 3.87424 energy: -5.16191
MCReject   xShift: 7.14659 crossingAngle: -40.3003 axialRotation: -70.1855 zShift: 3.87424 energy: -5.0432
MCReject   xShift: 7.16121 crossingAngle: -40.2965 axialRotation: -70.1855 zShift: 3.87424 energy: -4.04286
MCReject   xShift: 7.13335 crossingAngle: -40.2965 axialRotation: -70.1855 zShift: 3.87424 energy: -5.16191
MCReject   xShift: 7.14659 crossingAngle: -40.4041 axialRotation: -70.1855 zShift: 3.87424 energy: -4.92087
MCReject   xShift: 7.14659 crossingAngle: -40.3724 axialRotation: -70.1855 zShift: 3.87424 energy: -5.1568
MCReject   xShift: 7.14659 crossingAngle: -40.4964 axialRotation: -70.1855 zShift: 3.87424 energy: -6.01321
MCReject   xShift: 7.14533 crossingAngle: -40.2965 axialRotation: -70.1855 zShift: 3.87424 energy: -5.1568
MCReject   xShift: 7.14659 crossingAngle: -40.2965 axialRotation: -70.0437 zShift: 3.87424 energy: -5.01085
MCReject   xShift: 7.14659 crossingAngle: -40.2965 axialRotation: -70.2266 zShift: 3.87424 energy: -5.0432
MCAccept 40 xShift: 7.14659 crossingAngle: -40.3308 axialRotation: -70.1855 zShift: 3.87424 energy: -6.01321
MCAccept 41 xShift: 7.14659 crossingAngle: -40.3308 axialRotation: -70.1366 zShift: 3.87424 energy: -6.15005
MCReject   xShift: 7.14659 crossingAngle: -40.3308 axialRotation: -70.1018 zShift: 3.87424 energy: -5.02954
MCReject   xShift: 7.12659 crossingAngle: -40.3308 axialRotation: -70.1366 zShift: 3.87424 energy: -6.0081
MCReject   xShift: 7.14659 crossingAngle: -40.3308 axialRotation: -70.1366 zShift: 3.87515 energy: -5.04037
MCReject   xShift: 7.14659 crossingAngle: -40.3308 axialRotation: -70.1366 zShift: 3.88422 energy: -5.16525
MCReject   xShift: 7.14659 crossingAngle: -40.3308 axialRotation: -70.2187 zShift: 3.87424 energy: -5.02443
MCReject   xShift: 7.14021 crossingAngle: -40.3308 axialRotation: -70.1366 zShift: 3.87424 energy: -4.04286
MCReject   xShift: 7.14659 crossingAngle: -40.3525 axialRotation: -70.1366 zShift: 3.87424 energy: -5.83978
MCReject   xShift: 7.15268 crossingAngle: -40.3308 axialRotation: -70.1366 zShift: 3.87424 energy: -5.04828
MCAccept 42 xShift: 7.14659 crossingAngle: -40.3308 axialRotation: -70.1366 zShift: 3.88082 energy: -6.07021
MCReject   xShift: 7.14335 crossingAngle: -40.3308 axialRotation: -70.1366 zShift: 3.88082 energy: -5.10712
MCAccept 43 xShift: 7.14659 crossingAngle: -40.2277 axialRotation: -70.1366 zShift: 3.88082 energy: -6.19866
MCReject   xShift: 7.14659 crossingAngle: -40.2277 axialRotation: -70.1366 zShift: 3.87397 energy: -6.00554
MCReject   xShift: 7.14659 crossingAngle: -40.1982 axialRotation: -70.1366 zShift: 3.88082 energy: -5.007
MCAccept 44 xShift: 7.14659 crossingAngle: -40.2277 axialRotation: -70.0373 zShift: 3.88082 energy: -6.20381
MCReject   xShift: 7.16052 crossingAngle: -40.2277 axialRotation: -70.0373 zShift: 3.88082 energy: -4.07804
MCReject   xShift: 7.14659 crossingAngle: -40.2277 axialRotation: -70.0594 zShift: 3.88082 energy: -6.07536
MCReject   xShift: 7.14659 crossingAngle: -40.1978 axialRotation: -70.0373 zShift: 3.88082 energy: -5.007
MCReject   xShift: 7.14659 crossingAngle: -40.123 axialRotation: -70.0373 zShift: 3.88082 energy: -5.00185
MCReject   xShift: 7.14659 crossingAngle: -40.2277 axialRotation: -70.0373 zShift: 3.89331 energy: -4.33225
MCReject   xShift: 7.14659 crossingAngle: -40.2277 axialRotation: -70.0373 zShift: 3.89636 energy: -5.30055
Energy #1: -6.3209
***GEOMETRY SHIFT***
xShift;        Before: 7.17026; After: 7.14659
crossingAngle; Before: -40.7382; After: -40.2277
axialRotation; Before: -69.8443; After: -70.0373
zShift;        Before: 3.86028; After: 3.88082
Energy;        Before: 4.01721e+09; After: -6.20381

Reached 51 cycles without improvement of 0.001. Accepted 45/238
Monte Carlo repack complete. Time: 58.65min

