***STARTING GEOMETRY:***
xShift: 7.17026
crossingAngle: -40.7382
axialRotation: -69.8443
zShift: 3.86028

Number of MCCycles: 200
PrevSequence	CurrSequence	PrevEnergy	CurrEnergy	PrevEntropy	CurrEntropy	CurrentTemp
LLLYYLLSTLLGTLLTTLILI	LLLYYLLSTLLGTLLGTLILI	-14.4407	-10.2068	0.754313	0.194196	999.847
LLLYYLLSTLLGTLLGTLILI	LLLYWLLSTLLGTLLGTLILI	-9.94976	-9.67306	0.451187	0.372136	999.684
LLLYWLLSTLLGTLLGTLILI	LLLYWLLSTLLGTLLGYLILI	-9.60213	-9.45955	0.443059	0.379341	999.512
LLLYWLLSTLLGTLLGYLILI	LLLYYLLSTLLGTLLGYLILI	-9.56685	-11.1508	0.272043	0.591129	999.328
LLLYYLLSTLLGTLLGYLILI	LLLYYLLSTLLGLLLGYLILI	-10.8928	-9.5296	0.849143	0.161118	999.134
LLLYYLLSTLLGLLLGYLILI	LLLYWLLSTLLGLLLGYLILI	-9.09959	-7.05292	0.591129	0.272043	998.928
LLLYWLLSTLLGLLLGYLILI	LLLYWLLSTLLGTLLGYLILI	-7.16385	-8.88027	0.161118	0.849143	998.708
LLLYWLLSTLLGTLLGYLILI	LLLGWLLSTLLGTLLGYLILI	-9.27448	-9.46153	0.454934	0.368877	998.476
LLLGWLLSTLLGTLLGYLILI	LLLYWLLSTLLGTLLGYLILI	-9.46153	-9.37897	0.368877	0.454934	998.229
LLLYWLLSTLLGTLLGYLILI	LLLYWLLSTLLGLLLGYLILI	-8.98476	-7.16385	0.849143	0.161118	997.967
LLLYWLLSTLLGLLLGYLILI	LLLYWLLSTLLGTLLGYLILI	-7.16385	-8.98975	0.161118	0.849143	997.689
LLLYWLLSTLLGTLLGYLILI	LLLYWLLSTLLGTLLGTLILI	-9.45955	-9.79594	0.379341	0.443059	997.394
LLLYWLLSTLLGTLLGTLILI	LLLYWLLSTLLGLLLGTLILI	-9.19881	-7.57754	1.04019	0.112128	997.081
LLLYWLLSTLLGLLLGTLILI	LLLGWLLSTLLGLLLGTLILI	-7.41954	-7.08686	0.270132	0.594419	996.749
LLLGWLLSTLLGLLLGTLILI	LLLGWLLSTLLGTLLGTLILI	-7.56915	-9.19531	0.112128	1.04019	996.397
LLLGWLLSTLLGTLLGTLILI	LLLGWLLSTLLGTLLGYLILI	-9.54189	-9.61585	0.693609	0.219549	996.023
LLLGWLLSTLLGTLLGYLILI	LLLGWLLSTLLGTLLGTLILI	-9.61585	-9.54189	0.219549	0.693609	995.626
LLLGWLLSTLLGTLLGTLILI	LLLGWLLSFLLGTLLGTLILI	-9.2312	-7.52277	1.0043	0.119894	995.205
LLLGWLLSFLLGTLLGTLILI	LLLGWLLSFLLGTLLGYLILI	-7.10382	-6.80167	0.538845	0.30482	994.758
LLLGWLLSFLLGTLLGYLILI	LLLGWLLSFLLGTLLGTLILI	-6.80167	-6.85104	0.30482	0.538845	994.285
LLLGWLLSFLLGTLLGTLILI	LLLGYLLSFLLGTLLGTLILI	-6.79102	-9.95073	0.598868	0.267575	993.249
LLLGYLLSFLLGTLLGTLILI	LLLYYLLSFLLGTLLGTLILI	-9.84943	-6.86986	0.368877	0.454934	992.683
LLLYYLLSFLLGTLLGTLILI	LLLYYLLSFLLGVLLGTLILI	-6.39394	-5.32011	0.930859	0.137712	992.084
LLLYYLLSFLLGVLLGTLILI	LLLYYLLSTLLGVLLGTLILI	-5.286	-8.09182	0.171816	0.816184	991.448
LLLYYLLSTLLGVLLGTLILI	LLLGYLLSTLLGVLLGTLILI	-8.45307	-11.1364	0.454934	0.368877	990.773
LLLGYLLSTLLGVLLGTLILI	LLLGYLLATLLGVLLGTLILI	-10.8631	-6.40431	0.642213	0.244161	990.058
LLLGYLLATLLGVLLGTLILI	LLLGYLLATLLGTLLGTLILI	-6.5532	-8.7812	0.0952708	1.12845	989.3
LLLGYLLATLLGTLLGTLILI	LLLGYLLATLLGTLLATLILI	-9.16405	-2.4567	0.745602	0.197612	987.644
LLLGYLLATLLGTLLATLILI	LLLGYLLATLLGTLLAWLILI	-2.16829	-2.32191	0.48602	0.343253	986.74
LLLGYLLATLLGTLLAWLILI	LLLGYLLATLLGTLLATLILI	-2.32191	-2.16829	0.343253	0.48602	985.783
LLLGYLLATLLGTLLATLILI	LLLGYLLATLLGTLLAWLILI	-2.16829	-2.31696	0.48602	0.343253	984.769
LLLGYLLATLLGTLLAWLILI	LLLGYLLATLLGTLLATLILI	-2.31696	-2.16829	0.343253	0.48602	983.694
LLLGYLLATLLGTLLATLILI	LLLGYLLATLLGTLLAWLILI	-2.16829	-2.32191	0.48602	0.343253	982.555
LLLGYLLATLLGTLLAWLILI	LLLGYLLATLLGTLLATLILI	-2.32191	-2.16327	0.343253	0.48602	981.348
LLLGYLLATLLGTLLATLILI	LLLGYLLATLLGTLLGTLILI	-2.45168	-9.15383	0.197612	0.745602	980.071
LLLGYLLATLLGTLLGTLILI	LLLGYLLGTLLGTLLGTLILI	-9.81741	-7.59083	0.0820187	1.21066	978.717
LLLGYLLGTLLGTLLGTLILI	LLLGYLLATLLGTLLGTLILI	-7.59083	-9.82764	1.21066	0.0820187	977.285
LLLGYLLATLLGTLLGTLILI	LLLGYLLATLLGLLLGTLILI	-8.86947	-7.23809	1.04019	0.112128	975.768
LLLGYLLATLLGLLLGTLILI	LLLGYLLATLLGLLLGYLILI	-7.02149	-6.48037	0.328724	0.505042	974.162
LLLGYLLATLLGLLLGYLILI	LLLGYLLATLLGTLLGYLILI	-6.82429	-8.65383	0.161118	0.849143	970.666
LLLGYLLATLLGTLLGYLILI	LLLGYLLATLLGTLLGTLILI	-9.12363	-9.4666	0.379341	0.443059	968.764
LLLGYLLATLLGTLLGTLILI	LLLGWLLATLLGTLLGTLILI	-9.64208	-5.05967	0.267575	0.598868	966.754
LLLGWLLATLLGTLLGTLILI	LLLGWLLAFLLGTLLGTLILI	-4.65424	-2.78997	1.0043	0.119894	964.627
LLLGWLLAFLLGTLLGTLILI	LLLGWLLGFLLGTLLGTLILI	-2.82785	-1.46818	0.0820187	1.21066	962.38
LLLGWLLGFLLGTLLGTLILI	LLLGWLLAFLLGTLLGTLILI	-1.46818	-2.82785	1.21066	0.0820187	960.005
LLLGWLLAFLLGTLLGTLILI	LLLGWLLATLLGTLLGTLILI	-2.78997	-4.65424	0.119894	1.0043	957.496
LLLGWLLATLLGTLLGTLILI	LLLGWLLATLLGTLLGYLILI	-4.96493	-5.06802	0.693609	0.219549	954.846
LLLGWLLATLLGTLLGYLILI	LLLYWLLATLLGTLLGYLILI	-4.91869	-3.20567	0.368877	0.454934	952.048
LLLYWLLATLLGTLLGYLILI	LLLYGLLATLLGTLLGYLILI	-3.24675	-4.27545	0.413856	0.40685	949.095
LLLYGLLATLLGTLLGYLILI	LLLYGLLAFLLGTLLGYLILI	-3.86612	-2.84673	0.816184	0.171816	945.979
LLLYGLLAFLLGTLLGYLILI	LLLYGLLYFLLGTLLGYLILI	-2.95452	-5.3072	0.0640271	1.34845	942.693
LLLYGLLYFLLGTLLGYLILI	LLLYGLLYFLLGTLLGTLILI	-6.00126	-6.76861	0.654392	0.238039	939.229
LLLYGLLYFLLGTLLGTLILI	LLLGGLLYFLLGTLLGTLILI	-6.63693	-5.80315	0.369715	0.453966	935.578
LLLGGLLYFLLGTLLGTLILI	LLLGGLLYTLLGTLLGTLILI	-6.13722	-6.00417	0.119894	1.0043	931.732
LLLGGLLYTLLGTLLGTLILI	LLLGGLLFTLLGTLLGTLILI	-6.35809	-5.80532	0.650378	0.240035	927.683
LLLGGLLFTLLGTLLGTLILI	LLLGGLLFTLLGTLLGYLILI	-5.35175	-5.41693	0.693609	0.219549	923.422
LLLGGLLFTLLGTLLGYLILI	LLLGGLLYTLLGTLLGYLILI	-5.50438	-5.78067	0.132101	0.952787	918.939
LLLGGLLYTLLGTLLGYLILI	LLLGGLLYTLLGTLLGTLILI	-6.35412	-6.57047	0.379341	0.443059	914.227
LLLGGLLYTLLGTLLGTLILI	LLLYGLLYTLLGTLLGTLILI	-6.55956	-7.74346	0.453966	0.369715	909.276
LLLYGLLYTLLGTLLGTLILI	LLLYGLLYFLLGTLLGTLILI	-7.10888	-6.71561	1.0043	0.119894	904.077
LLLYGLLYFLLGTLLGTLILI	LLLYGLLYFLLGTLLATLILI	-5.77016	0.38654	1.06535	0.107014	898.621
LLLYGLLYFLLGTLLATLILI	LLLYGLLYFLLGTLLGTLILI	0.38654	-5.87527	0.107014	1.06535	892.899
LLLYGLLYFLLGTLLGTLILI	LLLYGLLYFLLGTLLGWLILI	-6.57691	-6.09518	0.363705	0.460972	886.903
LLLYGLLYFLLGTLLGWLILI	LLLYGLLYYLLGTLLGWLILI	-6.46489	-6.78337	0.0912572	1.15198	880.623
LLLYGLLYYLLGTLLGWLILI	LLLYGLLYFLLGTLLGWLILI	-6.78337	-6.40386	1.15198	0.0912572	874.051
LLLYGLLYFLLGTLLGWLILI	LLLYGLLYTLLGTLLGWLILI	-6.3233	-5.28801	0.171816	0.816184	867.179
LLLYGLLYTLLGTLLGWLILI	LLLWGLLYTLLGTLLGWLILI	-5.83662	-6.14816	0.267575	0.598868	859.999
LLLWGLLYTLLGTLLGWLILI	LLLYGLLYTLLGTLLGWLILI	-6.14816	-5.8256	0.598868	0.267575	852.504
LLLYGLLYTLLGTLLGWLILI	LLLGGLLYTLLGTLLGWLILI	-5.72346	-6.19254	0.369715	0.453966	844.686
LLLGGLLYTLLGTLLGWLILI	LLLGGLLYFLLGTLLGWLILI	-5.83032	-4.28992	0.816184	0.171816	836.541
LLLGGLLYFLLGTLLGWLILI	LLLYGLLYFLLGTLLGWLILI	-4.00777	-6.02035	0.453966	0.369715	828.061
LLLYGLLYFLLGTLLGWLILI	LLLYGLLYFLLGTLLGTLILI	-5.9291	-6.64294	0.460972	0.363705	819.243
LLLYGLLYFLLGTLLGTLILI	LLLYGLLFFLLGTLLGTLILI	-6.35627	-5.5929	0.650378	0.240035	810.083
LLLYGLLFFLLGTLLGTLILI	LLLYGLLFFLLGTLLGYLILI	-5.50421	-5.04587	0.328724	0.505042	800.577
LLLYGLLFFLLGTLLGYLILI	LLLGGLLFFLLGTLLGYLILI	-5.1812	-3.99548	0.369715	0.453966	790.724
LLLGGLLFFLLGTLLGYLILI	LLLYGLLFFLLGTLLGYLILI	-3.99548	-5.1812	0.453966	0.369715	780.523
LLLYGLLFFLLGTLLGYLILI	LLLYGLLFFLLGTLLGTLILI	-5.04587	-5.50421	0.505042	0.328724	769.974
LLLYGLLFFLLGTLLGTLILI	LLLYGLLFTLLGTLLGTLILI	-5.61338	-6.34732	0.219549	0.693609	759.081
LLLYGLLFTLLGTLLGTLILI	LLLYGLLYTLLGTLLGTLILI	-6.90883	-6.05759	0.132101	0.952787	747.845
LLLYGLLYTLLGTLLGTLILI	LLLYGLLYTLLGTLLGWLILI	-6.52435	-7.28875	0.48602	0.343253	736.272
LLLYGLLYTLLGTLLGWLILI	LLLYGLLFTLLGTLLGWLILI	-6.67922	-6.42779	0.952787	0.132101	724.369
LLLYGLLFTLLGTLLGWLILI	LLLGGLLFTLLGTLLGWLILI	-6.34663	-4.8514	0.213262	0.707856	712.142
LLLGGLLFTLLGTLLGWLILI	LLLGGLLFTLLGTLLGTLILI	-5.216	-5.55427	0.343253	0.48602	686.76
LLLGGLLFTLLGTLLGTLILI	LLLGGLLFTLLGTLLGYLILI	-5.34669	-5.41693	0.693609	0.219549	673.628
LLLGGLLFTLLGTLLGYLILI	LLLGGLLFFLLGTLLGYLILI	-5.09763	-4.25815	0.538845	0.30482	660.222
LLLGGLLFFLLGTLLGYLILI	LLLGGLLYFLLGTLLGYLILI	-4.32293	-5.21138	0.240035	0.650378	646.557
LLLGGLLYFLLGTLLGYLILI	LLLGGLLFFLLGTLLGYLILI	-5.21138	-4.31794	0.650378	0.240035	632.651
LLLGGLLFFLLGTLLGYLILI	LLLGGLLYFLLGTLLGYLILI	-4.31794	-5.32176	0.240035	0.650378	618.524
LLLGGLLYFLLGTLLGYLILI	LLLYGLLYFLLGTLLGYLILI	-5.63458	-6.1623	0.337561	0.493345	604.196
LLLYGLLYFLLGTLLGYLILI	LLLYGLLYTLLGTLLGYLILI	-6.48383	-5.79943	0.171816	0.816184	589.688
LLLYGLLYTLLGTLLGYLILI	LLLWGLLYTLLGTLLGYLILI	-6.02448	-6.56219	0.591129	0.272043	575.025
LLLWGLLYTLLGTLLGYLILI	LLLGGLLYTLLGTLLGYLILI	-6.49993	-6.11165	0.334305	0.497607	560.23
LLLGGLLYTLLGTLLGYLILI	LLLGGLLFTLLGTLLGYLILI	-5.65647	-5.50937	0.952787	0.132101	545.329
LLLGGLLFTLLGTLLGYLILI	LLLGGLLYTLLGTLLGYLILI	-5.50937	-5.65647	0.132101	0.952787	530.348
LLLGGLLYTLLGTLLGYLILI	LLLGGLLYFLLGTLLGYLILI	-5.79307	-5.80532	0.816184	0.171816	515.312
LLLGGLLYFLLGTLLGYLILI	LLLGGLLYFLLGTLLGTLILI	-5.47209	-5.92839	0.505042	0.328724	500.25
LLLGGLLYFLLGTLLGTLILI	LLLGGLLYFLLGILLGTLILI	-5.34517	-2.89254	0.911943	0.142768	485.188
LLLGGLLYFLLGILLGTLILI	LLLYGLLYFLLGILLGTLILI	-2.58134	-3.34898	0.453966	0.369715	470.152
LLLYGLLYFLLGILLGTLILI	LLLYGLLYTLLGILLGTLILI	-3.54688	-3.07557	0.171816	0.816184	455.171
LLLYGLLYTLLGILLGTLILI	LLLYGLLFTLLGILLGTLILI	-2.93897	-2.75508	0.952787	0.132101	440.27
LLLYGLLFTLLGILLGTLILI	LLLYGLLFTLLGTLLGTLILI	-2.78829	-6.00169	0.098896	1.10811	425.475
LLLYGLLFTLLGTLLGTLILI	LLLYGLLFTLLGLLLGTLILI	-6.06961	-4.37657	1.04019	0.112128	410.812
LLLYGLLFTLLGLLLGTLILI	LLLYGLLFTLLGTLLGTLILI	-4.37657	-6.00581	0.112128	1.04019	381.976
LLLYGLLFTLLGTLLGTLILI	LLLYGLLYTLLGTLLGTLILI	-6.91389	-7.23564	0.132101	0.952787	367.849
LLLYGLLYTLLGTLLGTLILI	LLLYGLLYTLLGLLLGTLILI	-7.14824	-5.44576	1.04019	0.112128	353.943
LLLYGLLYTLLGLLLGTLILI	LLLYGLLYTLLGTLLGTLILI	-5.44576	-7.07805	0.112128	1.04019	340.278
LLLYGLLYTLLGTLLGTLILI	LLLYGLLFTLLGTLLGTLILI	-7.16545	-6.90883	0.952787	0.132101	326.872
LLLYGLLFTLLGTLLGTLILI	LLLYGLLFTLLGTLLGYLILI	-6.59787	-6.32657	0.443059	0.379341	313.74
LLLYGLLFTLLGTLLGYLILI	LLLYGLLFFLLGTLLGYLILI	-6.16707	-5.3149	0.538845	0.30482	300.898
LLLYGLLFFLLGTLLGYLILI	LLLYGLLFTLLGTLLGYLILI	-5.3149	-6.16707	0.30482	0.538845	288.358
LLLYGLLFTLLGTLLGYLILI	LLLYGLLFTLLGTLLGTLILI	-6.32657	-6.60294	0.379341	0.443059	276.131
LLLYGLLFTLLGTLLGTLILI	LLLYGLLYTLLGTLLGTLILI	-6.91389	-7.23564	0.132101	0.952787	264.228
LLLYGLLYTLLGTLLGTLILI	LLLYGLLYFLLGTLLGTLILI	-7.18413	-6.81566	1.0043	0.119894	252.655
LLLYGLLYFLLGTLLGTLILI	LLLYGLLYTLLGTLLGTLILI	-6.81566	-7.01786	0.119894	1.0043	241.419
LLLYGLLYTLLGTLLGTLILI	LLLYGLLYFLLGTLLGTLILI	-7.01786	-6.82072	1.0043	0.119894	230.526
LLLYGLLYFLLGTLLGTLILI	LLLYGLLYFLLGTLLGYLILI	-6.70258	-6.00126	0.238039	0.654392	199.923
LLLYGLLYFLLGTLLGYLILI	LLLYGLLYFLLGTLLGTLILI	-6.00126	-6.76861	0.654392	0.238039	190.417
LLLYGLLYFLLGTLLGTLILI	LLLYGLLYFLLGTLLGYLILI	-6.76861	-6.06729	0.238039	0.654392	181.257
LLLYGLLYFLLGTLLGYLILI	LLLGGLLYFLLGTLLGYLILI	-6.22834	-5.63458	0.493345	0.337561	163.959
LLLGGLLYFLLGTLLGYLILI	LLLYGLLYFLLGTLLGYLILI	-5.63458	-6.23333	0.337561	0.493345	155.814
LLLYGLLYFLLGTLLGYLILI	LLLYGLLYTLLGTLLGYLILI	-6.55486	-6.89279	0.171816	0.816184	147.996
LLLYGLLYTLLGTLLGYLILI	LLLYGLLFTLLGTLLGYLILI	-6.55699	-6.61465	1.15198	0.0912572	140.501
LLLYGLLFTLLGTLLGYLILI	LLLYGLLFTLLGTLLGTLILI	-6.32657	-6.66674	0.379341	0.443059	133.321
LLLYGLLFTLLGTLLGTLILI	LLLYGLLYTLLGTLLGTLILI	-6.9777	-7.16545	0.132101	0.952787	126.449
LLLYGLLYTLLGTLLGTLILI	LLLYGLLFTLLGTLLGTLILI	-7.16545	-6.90883	0.952787	0.132101	101.879
LLLYGLLFTLLGTLLGTLILI	LLLYGLLYTLLGTLLGTLILI	-6.90883	-7.23564	0.132101	0.952787	91.2238
LLLYGLLYTLLGTLLGTLILI	LLLYGLLYFLLGTLLGTLILI	-7.18413	-6.81566	1.0043	0.119894	86.2728
LLLYGLLYFLLGTLLGTLILI	LLLYGLLYFLLGTLLGYLILI	-6.69752	-5.90121	0.238039	0.654392	77.0783
LLLYGLLYFLLGTLLGYLILI	LLLYGLLYFLLGTLLGTLILI	-5.90121	-6.76355	0.654392	0.238039	68.7677
LLLYGLLYFLLGTLLGTLILI	LLLYGLLYTLLGTLLGTLILI	-6.88169	-7.18413	0.119894	1.0043	61.271
Time: 275s
