***STARTING GEOMETRY:***
xShift: 8.73
crossingAngle: -44.67
axialRotation: -7.69
zShift: 1.14

Number of MCCycles: 200
PrevSequence	CurrSequence	PrevEnergy	CurrEnergy	PrevEntropy	CurrEntropy	CurrentTemp
LLLTYLLTALLTALLTTLILI	LLLTYLLVALLTALLTTLILI	1.10686	2.34649	1.39457	0.0589809	999.847
LLLTYLLVALLTALLTTLILI	LLLTYLLVGLLTALLTTLILI	2.75125	3.39459	0.463748	0.36136	999.684
LLLTYLLVGLLTALLTTLILI	LLLYYLLVGLLTALLTTLILI	3.57208	2.22214	0.538845	0.30482	999.512
LLLYYLLVGLLTALLTTLILI	LLLYYLLVGLLTALLYTLILI	2.24605	4.9849	0.328724	0.505042	999.328
LLLYYLLVGLLTALLYTLILI	LLLYYLLVALLTALLYTLILI	4.84122	4.87905	0.36136	0.463748	999.134
LLLYYLLVALLTALLYTLILI	LLLYYLLTALLTALLYTLILI	4.51058	1.22439	0.0952708	1.12845	998.928
LLLYYLLTALLTALLYTLILI	LLLYYLLTALLWALLYTLILI	0.581954	1.75744	0.48602	0.343253	998.708
LLLYYLLTALLWALLYTLILI	LLLYYLLTALLWALLYSLILI	2.10501	3.853	0.690823	0.220804	998.476
LLLYYLLTALLWALLYSLILI	LLLYGLLTALLWALLYSLILI	4.71272	6.82149	1.08052	0.104052	998.229
LLLYGLLTALLWALLYSLILI	LLLYGLLTALLTALLYSLILI	7.17841	6.17207	0.460972	0.363705	997.967
LLLYGLLTALLTALLYSLILI	LLLYGLLTALLTGLLYSLILI	6.08454	5.9963	0.276169	0.584123	997.689
LLLYGLLTALLTGLLYSLILI	LLLYGLLTALLTGLLYTLILI	5.56812	3.56909	0.155943	0.865998	997.394
LLLYGLLTALLTGLLYTLILI	LLLYGLLTALLTGLLTTLILI	3.00791	2.94713	0.30482	0.538845	997.081
LLLYGLLTALLTGLLTTLILI	LLLYGLLTALLWGLLTTLILI	2.99563	2.55796	0.58734	0.274265	996.749
LLLYGLLTALLWGLLTTLILI	LLLYYLLTALLWGLLTTLILI	2.55317	-0.208252	0.269472	0.595564	996.397
LLLYYLLTALLWGLLTTLILI	LLLYYLLTALLWGLLTSLILI	0.0621827	2.78936	0.865998	0.155943	996.023
LLLYYLLTALLWGLLTSLILI	LLLGYLLTALLWGLLTSLILI	3.22898	3.29837	0.595564	0.269472	995.626
LLLGYLLTALLWGLLTSLILI	LLLGYLLTALLWGLLTTLILI	3.18484	0.618914	0.155943	0.865998	995.205
LLLGYLLTALLWGLLTTLILI	LLLGYLLTALLTGLLTTLILI	0.0271803	0.874959	0.274265	0.58734	994.758
LLLGYLLTALLTGLLTTLILI	LLLGYLLTALLTALLTTLILI	0.871741	-0.30803	0.584123	0.276169	994.285
LLLGYLLTALLTALLTTLILI	LLLYYLLTALLTALLTTLILI	-0.434261	-0.153851	0.149938	0.886373	993.782
LLLYYLLTALLTALLTTLILI	LLLYYLLTALLTGLLTTLILI	-0.576476	-0.52237	0.463748	0.36136	993.249
LLLYYLLTALLTGLLTTLILI	LLLYYLLTALLTALLTTLILI	-0.52237	-0.532931	0.36136	0.463748	992.084
LLLYYLLTALLTALLTTLILI	LLLYYLLTALLWALLTTLILI	-0.409339	-1.17225	0.58734	0.274265	991.448
LLLYYLLTALLWALLTTLILI	LLLYYLLTALLWGLLTTLILI	-0.982764	-0.442456	0.463748	0.36136	990.773
LLLYYLLTALLWGLLTTLILI	LLLGYLLTALLWGLLTTLILI	-0.208252	0.0223874	0.595564	0.269472	990.058
LLLGYLLTALLWGLLTTLILI	LLLGYLLTALLWGLLYTLILI	0.195974	1.52912	0.443059	0.379341	989.3
LLLGYLLTALLWGLLYTLILI	LLLGYLLTALLWGLLYILILI	2.06172	2.85476	0.911943	0.142768	988.496
LLLGYLLTALLWGLLYILILI	LLLGYLLTALLWALLYILILI	3.29612	5.48367	0.584123	0.276169	987.644
LLLGYLLTALLWALLYILILI	LLLGYLLTALLWALLFILILI	6.16029	5.95703	0.952787	0.132101	986.74
LLLGYLLTALLWALLFILILI	LLLYYLLTALLWALLFILILI	5.97487	7.00966	0.149938	0.886373	985.783
LLLYYLLTALLWALLFILILI	LLLYYLLTALLTALLFILILI	6.58426	5.78375	0.460972	0.363705	984.769
LLLYYLLTALLTALLFILILI	LLLYYLLTALLWALLFILILI	5.78375	5.79654	0.363705	0.460972	983.694
LLLYYLLTALLWALLFILILI	LLLYYLLTALLWALLFSLILI	5.61503	4.58008	0.279464	0.57862	982.555
LLLYYLLTALLWALLFSLILI	LLLYYLLTALLWALLTSLILI	4.17328	2.78514	0.171816	0.816184	981.348
LLLYYLLTALLWALLTSLILI	LLLYGLLTALLWALLTSLILI	2.85533	4.52281	0.886373	0.149938	980.071
LLLYGLLTALLWALLTSLILI	LLLYGLLYALLWALLTSLILI	4.70159	9.05268	0.328724	0.505042	978.717
LLLYGLLYALLWALLTSLILI	LLLYGLLYALLWGLLTSLILI	8.82381	9.75169	0.276169	0.584123	977.285
LLLYGLLYALLWGLLTSLILI	LLLYGLLTALLWGLLTSLILI	9.67261	5.32156	0.505042	0.328724	975.768
LLLYGLLTALLWGLLTSLILI	LLLGGLLTALLWGLLTSLILI	5.26297	6.42116	0.270132	0.594419	974.162
LLLGGLLTALLWGLLTSLILI	LLLGGLLTALLTGLLTSLILI	6.16999	6.46169	0.343253	0.48602	972.463
LLLGGLLTALLTGLLTSLILI	LLLYGLLTALLTGLLTSLILI	6.57009	5.39209	0.594419	0.270132	970.666
LLLYGLLTALLTGLLTSLILI	LLLYGLLTALLTGLLTTLILI	5.2426	3.40928	0.120637	1.001	968.764
LLLYGLLTALLTGLLTTLILI	LLLYGLLTALLWGLLTTLILI	2.99563	2.56367	0.58734	0.274265	966.754
LLLYGLLTALLWGLLTTLILI	LLLGGLLTALLWGLLTTLILI	2.55953	3.71201	0.270132	0.594419	964.627
LLLGGLLTALLWGLLTTLILI	LLLGGLLTALLWALLTTLILI	3.8632	2.66997	0.745602	0.197612	962.38
LLLGGLLTALLWALLTTLILI	LLLGGLLTALLWALLTSLILI	3.33835	5.36244	0.865998	0.155943	960.005
LLLGGLLTALLWALLTSLILI	LLLGYLLTALLWALLTSLILI	5.66046	2.21381	0.453966	0.369715	957.496
LLLGYLLTALLWALLTSLILI	LLLGYLLTALLTALLTSLILI	2.18734	2.04569	0.343253	0.48602	954.846
LLLGYLLTALLTALLTSLILI	LLLGYLLTGLLTALLTSLILI	1.83584	2.95606	0.276169	0.584123	952.048
LLLGYLLTGLLTALLTSLILI	LLLGYLLTGLLTALLTTLILI	2.49258	1.2835	0.120637	1.001	949.095
LLLGYLLTGLLTALLTTLILI	LLLYYLLTGLLTALLTTLILI	0.551974	-0.347496	0.269472	0.595564	945.979
LLLYYLLTGLLTALLTTLILI	LLLGYLLTGLLTALLTTLILI	-0.347496	-0.0915585	0.595564	0.269472	942.693
LLLGYLLTGLLTALLTTLILI	LLLYYLLTGLLTALLTTLILI	-0.0915585	0.415649	0.269472	0.595564	939.229
LLLYYLLTGLLTALLTTLILI	LLLYYLLTGLLWALLTTLILI	0.407425	0.644619	0.58734	0.274265	935.578
LLLYYLLTGLLWALLTTLILI	LLLYYLLTALLWALLTTLILI	0.731714	-0.977064	0.36136	0.463748	931.732
LLLYYLLTALLWALLTTLILI	LLLGYLLTALLWALLTTLILI	-0.55444	-0.740113	0.886373	0.149938	927.683
LLLGYLLTALLWALLTTLILI	LLLGGLLTALLWALLTTLILI	-0.520336	2.93202	0.369715	0.453966	923.422
LLLGGLLTALLWALLTTLILI	LLLGGLLTALLWALLTSLILI	3.34405	5.36244	0.865998	0.155943	918.939
LLLGGLLTALLWALLTSLILI	LLLGGLLTALLTALLTSLILI	5.54975	5.61831	0.343253	0.48602	914.227
LLLGGLLTALLTALLTSLILI	LLLGGLLVALLTALLTSLILI	6.26074	8.81126	1.12845	0.0952708	909.276
LLLGGLLVALLTALLTSLILI	LLLGGLLVALLTALLYSLILI	9.25483	10.5521	0.538845	0.30482	904.077
LLLGGLLVALLTALLYSLILI	LLLGGLLVALLTALLYTLILI	10.4681	10.0623	0.220804	0.690823	898.621
LLLGGLLVALLTALLYTLILI	LLLYGLLVALLTALLYTLILI	9.64091	9.55913	0.269472	0.595564	892.899
LLLYGLLVALLTALLYTLILI	LLLYGLLVALLTALLTTLILI	9.34291	5.75299	0.379341	0.443059	886.903
LLLYGLLVALLTALLTTLILI	LLLYGLLVALLTGLLTTLILI	5.5861	6.76355	0.276169	0.584123	880.623
LLLYGLLVALLTGLLTTLILI	LLLYGLLVALLTGLLYTLILI	6.62249	6.81306	0.443059	0.379341	874.051
LLLYGLLVALLTGLLYTLILI	LLLGGLLVALLTGLLYTLILI	6.88865	7.50104	0.454934	0.368877	867.179
LLLGGLLVALLTGLLYTLILI	LLLYGLLVALLTGLLYTLILI	7.50104	6.89435	0.368877	0.454934	859.999
LLLYGLLVALLTGLLYTLILI	LLLYGLLTALLTGLLYTLILI	6.53469	4.45872	0.0952708	1.12845	852.504
LLLYGLLTALLTGLLYTLILI	LLLGGLLTALLTGLLYTLILI	3.7852	3.92486	0.454934	0.368877	844.686
LLLGGLLTALLTGLLYTLILI	LLLGGLLTALLTGLLYILILI	4.66409	4.74112	1.10811	0.098896	836.541
LLLGGLLTALLTGLLYILILI	LLLGGLLTALLTGLLFILILI	5.2926	7.00546	0.650378	0.240035	828.061
LLLGGLLTALLTGLLFILILI	LLLGGLLTALLTGLLYILILI	7.00546	6.53773	0.240035	0.650378	819.243
LLLGGLLTALLTGLLYILILI	LLLGGLLTALLWGLLYILILI	6.25106	6.63758	0.363705	0.460972	810.083
LLLGGLLTALLWGLLYILILI	LLLGYLLTALLWGLLYILILI	6.54548	3.30851	0.368877	0.454934	800.577
LLLGYLLTALLWGLLYILILI	LLLGYLLTALLTGLLYILILI	3.31455	2.65104	0.460972	0.363705	790.724
LLLGYLLTALLTGLLYILILI	LLLGYLLTALLTALLYILILI	2.87146	5.10295	0.584123	0.276169	780.523
LLLGYLLTALLTALLYILILI	LLLGYLLTALLTGLLYILILI	5.10295	2.27665	0.276169	0.584123	769.974
LLLGYLLTALLTGLLYILILI	LLLGYLLTALLTGLLFILILI	2.64532	3.32262	0.952787	0.132101	759.081
LLLGYLLTALLTGLLFILILI	LLLGYLLTALLTGLLFTLILI	3.28941	3.11857	0.098896	1.10811	747.845
LLLGYLLTALLTGLLFTLILI	LLLGYLLTALLTGLLTTLILI	2.10258	0.833942	0.0921195	1.14683	736.272
LLLGYLLTALLTGLLTTLILI	LLLGYLLTALLTALLTTLILI	0.271234	-0.897133	0.584123	0.276169	724.369
LLLGYLLTALLTALLTTLILI	LLLTYLLTALLTALLTTLILI	-1.08784	0.362869	0.0854581	1.18802	712.142
LLLTYLLTALLTALLTTLILI	LLLYYLLTALLTALLTTLILI	-0.20388	-1.50013	0.62127	0.255144	699.602
LLLYYLLTALLTALLTTLILI	LLLGYLLTALLTALLTTLILI	-0.868904	-1.02336	0.886373	0.149938	686.76
LLLGYLLTALLTALLTTLILI	LLLGYLLTALLTALLTSLILI	-0.172302	1.68031	1.001	0.120637	673.628
LLLGYLLTALLTALLTSLILI	LLLGYLLTGLLTALLTSLILI	1.83584	3.55573	0.276169	0.584123	660.222
LLLGYLLTGLLTALLTSLILI	LLLGYLLTGLLTALLTTLILI	3.09225	0.63427	0.120637	1.001	646.557
LLLGYLLTGLLTALLTTLILI	LLLGYLLTGLLWALLTTLILI	0.22061	1.19544	0.58734	0.274265	632.651
LLLGYLLTGLLWALLTTLILI	LLLYYLLTGLLWALLTTLILI	1.19064	0.965918	0.269472	0.595564	618.524
LLLYYLLTGLLWALLTTLILI	LLLYYLLTALLWALLTTLILI	0.731714	-0.301432	0.36136	0.463748	604.196
LLLYYLLTALLWALLTTLILI	LLLYYLLTALLTALLTTLILI	-0.490916	-1.16794	0.274265	0.58734	589.688
LLLYYLLTALLTALLTTLILI	LLLYGLLTALLTALLTTLILI	-0.868904	1.69011	0.886373	0.149938	575.025
LLLYGLLTALLTALLTTLILI	LLLYYLLTALLTALLTTLILI	1.69011	-0.868904	0.149938	0.886373	545.329
LLLYYLLTALLTALLTTLILI	LLLYYLLTALLTGLLTTLILI	-1.29153	-0.52237	0.463748	0.36136	530.348
LLLYYLLTALLTGLLTTLILI	LLLGYLLTALLTGLLTTLILI	-0.288166	-0.0434177	0.595564	0.269472	515.312
LLLGYLLTALLTGLLTTLILI	LLLGYLLTALLTALLTTLILI	0.271234	-0.258148	0.584123	0.276169	485.188
LLLGYLLTALLTALLTTLILI	LLLGYLLTALLWALLTTLILI	0.0530239	-0.615786	0.58734	0.274265	470.152
LLLGYLLTALLWALLTTLILI	LLLGYLLTALLTALLTTLILI	-0.615786	0.0587237	0.274265	0.58734	455.171
LLLGYLLTALLTALLTTLILI	LLLGYLLTALLTGLLTTLILI	-0.252448	0.271234	0.276169	0.584123	440.27
LLLGYLLTALLTGLLTTLILI	LLLGYLLTGLLTGLLTTLILI	-0.205876	1.54436	0.107014	1.06535	410.812
LLLGYLLTGLLTGLLTTLILI	LLLYYLLTGLLTGLLTTLILI	0.84789	1.07727	0.368877	0.454934	396.304
LLLYYLLTGLLTGLLTTLILI	LLLYYLLTALLTGLLTTLILI	1.49468	-0.735389	0.872342	0.154044	381.976
LLLYYLLTALLTGLLTTLILI	LLLYYLLTALLTALLTTLILI	-0.528074	-1.29153	0.36136	0.463748	367.849
LLLYYLLTALLTALLTTLILI	LLLGYLLTALLTALLTTLILI	-0.868904	-0.428561	0.886373	0.149938	353.943
LLLGYLLTALLTALLTTLILI	LLLGYLLTGLLTALLTTLILI	-0.30233	0.217393	0.276169	0.584123	340.278
LLLGYLLTGLLTALLTTLILI	LLLGYLLTALLTALLTTLILI	0.217393	-0.30803	0.584123	0.276169	326.872
LLLGYLLTALLTALLTTLILI	LLLGYLLTGLLTALLTTLILI	-0.30803	0.223093	0.276169	0.584123	313.74
LLLGYLLTGLLTALLTTLILI	LLLYYLLTGLLTALLTTLILI	-0.0915585	0.366723	0.269472	0.595564	288.358
LLLYYLLTGLLTALLTTLILI	LLLYYLLTALLTALLTTLILI	0.132519	-1.29153	0.36136	0.463748	276.131
LLLYYLLTALLTALLTTLILI	LLLYYLLTALLWALLTTLILI	-1.16794	-1.17225	0.58734	0.274265	264.228
LLLYYLLTALLWALLTTLILI	LLLYYLLTALLWGLLTTLILI	-0.982764	0.244581	0.463748	0.36136	252.655
LLLYYLLTALLWGLLTTLILI	LLLYYLLTALLTGLLTTLILI	0.157486	-0.296389	0.274265	0.58734	241.419
LLLYYLLTALLTGLLTTLILI	LLLYYLLTALLTGLLYTLILI	-0.476384	-0.179526	0.407346	0.413356	230.526
LLLYYLLTALLTGLLYTLILI	LLLGYLLTALLTGLLYTLILI	0.165766	0.776163	0.758648	0.192521	209.776
LLLGYLLTALLTGLLYTLILI	LLLGYLLTALLTGLLTTLILI	0.888463	0.870641	0.30482	0.538845	199.923
LLLGYLLTALLTGLLTTLILI	LLLGYLLTALLTALLTTLILI	0.915919	-0.897133	0.584123	0.276169	190.417
LLLGYLLTALLTALLTTLILI	LLLGYLLTALLWALLTTLILI	-0.585962	-0.610086	0.58734	0.274265	181.257
LLLGYLLTALLWALLTTLILI	LLLGYLLTALLTALLTTLILI	-0.610086	-0.591661	0.274265	0.58734	163.959
LLLGYLLTALLTALLTTLILI	LLLYYLLTALLTALLTTLILI	-1.02906	-0.868904	0.149938	0.886373	155.814
LLLYYLLTALLTALLTTLILI	LLLYYLLTALLWALLTTLILI	-1.16794	-1.17225	0.58734	0.274265	133.321
LLLYYLLTALLWALLTTLILI	LLLGYLLTALLWALLTTLILI	-0.560139	-0.740113	0.886373	0.149938	126.449
LLLGYLLTALLWALLTTLILI	LLLYYLLTALLWALLTTLILI	-0.740113	-0.560139	0.149938	0.886373	119.877
LLLYYLLTALLWALLTTLILI	LLLGYLLTALLWALLTTLILI	-0.560139	-0.740113	0.886373	0.149938	113.597
LLLGYLLTALLWALLTTLILI	LLLGYLLTALLTALLTTLILI	-0.615786	-0.585962	0.274265	0.58734	107.601
LLLGYLLTALLTALLTTLILI	LLLGYLLTALLWALLTTLILI	-0.585962	-0.610086	0.58734	0.274265	96.4228
LLLGYLLTALLWALLTTLILI	LLLGYLLTALLTALLTTLILI	-0.610086	-0.591661	0.274265	0.58734	91.2238
LLLGYLLTALLTALLTTLILI	LLLGYLLTALLWALLTTLILI	-0.591661	-0.610086	0.58734	0.274265	81.5606
LLLGYLLTALLWALLTTLILI	LLLGYLLTALLTALLTTLILI	-0.610086	-0.585962	0.274265	0.58734	61.271
LLLGYLLTALLTALLTTLILI	LLLGYLLTALLWALLTTLILI	-0.585962	-0.610086	0.58734	0.274265	51.4049
LLLGYLLTALLWALLTTLILI	LLLGYLLTALLTALLTTLILI	-0.610086	-0.591661	0.274265	0.58734	48.4519
LLLGYLLTALLTALLTTLILI	LLLGYLLTALLWALLTTLILI	-0.591661	-0.615786	0.58734	0.274265	43.0041
LLLGYLLTALLWALLTTLILI	LLLGYLLTALLTALLTTLILI	-0.615786	-0.585962	0.274265	0.58734	33.7464
LLLGYLLTALLTALLTTLILI	LLLYYLLTALLTALLTTLILI	-1.02336	-0.863204	0.149938	0.886373	31.7355
LLLYYLLTALLTALLTTLILI	LLLGYLLTALLTALLTTLILI	-0.863204	-1.02906	0.886373	0.149938	29.8341
LLLGYLLTALLTALLTTLILI	LLLGYLLTALLWALLTTLILI	-0.591661	-0.615786	0.58734	0.274265	24.7321
LLLGYLLTALLWALLTTLILI	LLLGYLLTALLTALLTTLILI	-0.615786	-0.591661	0.274265	0.58734	11.2003
LLLGYLLTALLTALLTTLILI	LLLGYLLTALLWALLTTLILI	-0.591661	-0.615786	0.58734	0.274265	10.442
LLLGYLLTALLWALLTTLILI	LLLGYLLTALLTALLTTLILI	-0.615786	-0.591661	0.274265	0.58734	7.81658
LLLGYLLTALLTALLTTLILI	LLLGYLLTALLWALLTTLILI	-0.591661	-0.610086	0.58734	0.274265	6.71797
LLLGYLLTALLWALLTTLILI	LLLGYLLTALLTALLTTLILI	-0.610086	-0.591661	0.274265	0.58734	5.74156
LLLGYLLTALLTALLTTLILI	LLLGYLLTALLWALLTTLILI	-0.591661	-0.615786	0.58734	0.274265	4.87396
Time: 255s
