***STARTING GEOMETRY:***
xShift: 9.2
crossingAngle: 21
axialRotation: 100
zShift: 3.22877

Number of MCCycles: 100
PrevSequence	CurrSequence	PrevEnergy	CurrEnergy	PrevEntropy	CurrEntropy	CurrentTemp
LLLYTLLTLLTSLTTLLLILI	LLLYALLTLLTSLTTLLLILI	14.1193	7.56476	1.46278	0.0522692	999.684
LLLYALLTLLTSLTTLLLILI	LLLYALLTLLTSLTYLLLILI	8.05134	7.44835	0.538845	0.30482	999.328
LLLYALLTLLTSLTYLLLILI	LLLYWLLTLLTSLTYLLLILI	7.2494	7.23732	0.105861	1.0712	998.928
LLLYWLLTLLTSLTYLLLILI	LLLYWLLTLLTSLTTLLLILI	6.47094	7.18168	0.30482	0.538845	998.476
LLLYWLLTLLTSLTTLLLILI	LLLYALLTLLTSLTTLLLILI	7.71403	7.54468	1.0712	0.105861	997.967
LLLYALLTLLTSLTTLLLILI	LLLYALLTLLTWLTTLLLILI	7.63102	5.85209	0.192199	0.759486	997.394
LLLYALLTLLTWLTTLLLILI	LLLYALLTLLTWLVTLLLILI	6.36895	8.53022	1.27634	0.0728516	996.749
LLLYALLTLLTWLVTLLLILI	LLLYGLLTLLTWLVTLLLILI	8.73354	10.6391	0.276169	0.584123	996.023
LLLYGLLTLLTWLVTLLLILI	LLLYGLLTLLYWLVTLLLILI	10.498	13.1414	0.443059	0.379341	995.205
LLLYGLLTLLYWLVTLLLILI	LLLYGLLTLLYWLTTLLLILI	12.8573	10.798	0.0952708	1.12845	994.285
LLLYGLLTLLYWLTTLLLILI	LLLYGLLTLLTWLTTLLLILI	9.97433	6.89458	0.30482	0.538845	993.249
LLLYGLLTLLTWLTTLLLILI	LLLYGLLFLLTWLTTLLLILI	7.50257	5.06036	1.14683	0.0921195	992.084
LLLYGLLFLLTWLTTLLLILI	LLLYGLLFLLTWLVTLLLILI	6.09669	8.65617	1.12845	0.0952708	990.773
LLLYGLLFLLTWLVTLLLILI	LLLYGLLYLLTWLVTLLLILI	8.693	9.53279	0.132101	0.952787	989.3
LLLYGLLYLLTWLVTLLLILI	LLLYGLLYLLTWLTTLLLILI	8.67527	5.98019	0.0952708	1.12845	987.644
LLLYGLLYLLTWLTTLLLILI	LLLYALLYLLTWLTTLLLILI	5.43586	3.26835	0.584123	0.276169	985.783
LLLYALLYLLTWLTTLLLILI	LLLYALLYLLTWLTSLLLILI	3.85817	8.85134	0.865998	0.155943	983.694
LLLYALLYLLTWLTSLLLILI	LLLYALLYLLTWLTTLLLILI	8.85134	3.99425	0.155943	0.865998	981.348
LLLYALLYLLTWLTTLLLILI	LLLYALLYLLTSLTTLLLILI	3.88774	6.74934	0.759486	0.192199	978.717
LLLYALLYLLTSLTTLLLILI	LLLYALLYLLTWLTTLLLILI	6.74934	4.52265	0.192199	0.759486	975.768
LLLYALLYLLTWLTTLLLILI	LLLFALLYLLTWLTTLLLILI	4.71595	5.35612	0.952787	0.132101	972.463
LLLFALLYLLTWLTTLLLILI	LLLFGLLYLLTWLTTLLLILI	5.50019	7.79076	0.276169	0.584123	968.764
LLLFGLLYLLTWLTTLLLILI	LLLYGLLYLLTWLTTLLLILI	7.33874	5.82892	0.132101	0.952787	964.627
LLLYGLLYLLTWLTTLLLILI	LLLYGLLFLLTWLTTLLLILI	5.82892	5.88634	0.952787	0.132101	960.005
LLLYGLLFLLTWLTTLLLILI	LLLYGLLYLLTWLTTLLLILI	5.88634	6.57612	0.132101	0.952787	954.846
LLLYGLLYLLTWLTTLLLILI	LLLYGLLYLLTWLTSLLLILI	6.48933	10.6475	0.865998	0.155943	949.095
LLLYGLLYLLTWLTSLLLILI	LLLYALLYLLTWLTSLLLILI	11.0757	9.01936	0.584123	0.276169	942.693
LLLYALLYLLTWLTSLLLILI	LLLYALLYLLTWLTTLLLILI	8.89914	3.96986	0.155943	0.865998	935.578
LLLYALLYLLTWLTTLLLILI	LLLYALLFLLTWLTTLLLILI	4.05665	3.64686	0.952787	0.132101	918.939
LLLYALLFLLTWLTTLLLILI	LLLYALLYLLTWLTTLLLILI	3.64686	3.94496	0.132101	0.952787	909.276
LLLYALLYLLTWLTTLLLILI	LLLYALLFLLTWLTTLLLILI	3.94496	5.4304	0.952787	0.132101	898.621
LLLYALLFLLTWLTTLLLILI	LLLYALLFLLTWLVTLLLILI	6.42675	7.35842	1.12845	0.0952708	886.903
LLLYALLFLLTWLVTLLLILI	LLLYALLFLLTALVTLLLILI	8.01378	11.7976	0.750628	0.195632	874.051
LLLYALLFLLTALVTLLLILI	LLLYALLYLLTALVTLLLILI	11.734	11.4593	0.132101	0.952787	859.999
LLLYALLYLLTALVTLLLILI	LLLYALLYLLTWLVTLLLILI	10.7022	8.11729	0.195632	0.750628	844.686
LLLYALLYLLTWLVTLLLILI	LLLYALLYLLTWLTTLLLILI	7.46193	5.66154	0.0952708	1.12845	828.061
LLLYALLYLLTWLTTLLLILI	LLLYALLYLLYWLTTLLLILI	4.86181	6.49736	0.328724	0.505042	810.083
LLLYALLYLLYWLTTLLLILI	LLLYALLYLLTWLTTLLLILI	6.49736	3.43258	0.505042	0.328724	790.724
LLLYALLYLLTWLTTLLLILI	LLLLALLYLLTWLTTLLLILI	3.7837	5.16868	0.679837	0.225838	769.974
LLLLALLYLLTWLTTLLLILI	LLLYALLYLLTWLTTLLLILI	5.16868	3.7837	0.225838	0.679837	747.845
LLLYALLYLLTWLTTLLLILI	LLLLALLYLLTWLTTLLLILI	3.7837	5.057	0.679837	0.225838	724.369
LLLLALLYLLTWLTTLLLILI	LLLYALLYLLTWLTTLLLILI	5.057	4.443	0.225838	0.679837	699.602
LLLYALLYLLTWLTTLLLILI	LLLLALLYLLTWLTTLLLILI	4.443	5.057	0.679837	0.225838	673.628
LLLLALLYLLTWLTTLLLILI	LLLYALLYLLTWLTTLLLILI	5.057	3.67201	0.225838	0.679837	618.524
LLLYALLYLLTWLTTLLLILI	LLLYALLFLLTWLTTLLLILI	3.94496	3.75855	0.952787	0.132101	589.688
LLLYALLFLLTWLTTLLLILI	LLLYALLYLLTWLTTLLLILI	3.75855	4.05665	0.132101	0.952787	560.23
LLLYALLYLLTWLTTLLLILI	LLLYALLFLLTWLTTLLLILI	4.05665	4.54402	0.952787	0.132101	530.348
LLLYALLFLLTWLTTLLLILI	LLLYALLYLLTWLTTLLLILI	4.54402	4.71595	0.132101	0.952787	500.25
LLLYALLYLLTWLTTLLLILI	LLLYALLFLLTWLTTLLLILI	4.71595	3.75855	0.952787	0.132101	470.152
LLLYALLFLLTWLTTLLLILI	LLLYALLYLLTWLTTLLLILI	3.75855	4.05665	0.132101	0.952787	440.27
LLLYALLYLLTWLTTLLLILI	LLLYALLYLLYWLTTLLLILI	3.43258	6.60903	0.328724	0.505042	410.812
LLLYALLYLLYWLTTLLLILI	LLLYALLFLLYWLTTLLLILI	7.25597	6.98448	1.15198	0.0912572	353.943
LLLYALLFLLYWLTTLLLILI	LLLYALLFLLTWLTTLLLILI	7.27257	4.74321	0.379341	0.443059	300.898
LLLYALLFLLTWLTTLLLILI	LLLYALLYLLTWLTTLLLILI	4.43225	3.94496	0.132101	0.952787	276.131
LLLYALLYLLTWLTTLLLILI	LLLYALLFLLTWLTTLLLILI	3.94496	3.75855	0.952787	0.132101	252.655
LLLYALLFLLTWLTTLLLILI	LLLYALLYLLTWLTTLLLILI	3.75855	4.05665	0.132101	0.952787	57.8066
LLLYALLYLLTWLTTLLLILI	LLLYALLFLLTWLTTLLLILI	4.05665	3.75855	0.952787	0.132101	45.6541
Time: 207s
