***STARTING GEOMETRY:***
xShift: 9.13358
crossingAngle: 21.7156
axialRotation: 98.8304
zShift: 3.25849

Number of MCCycles: 100
PrevSequence	CurrSequence	PrevEnergy	CurrEnergy	PrevEntropy	CurrEntropy	CurrentTemp
LLLYTLLTLLTSLTTLLLILI	LLLYALLTLLTSLTTLLLILI	13.6014	6.91534	1.46278	0.0522692	999.684
LLLYALLTLLTSLTTLLLILI	LLLYALLTLLTSLTYLLLILI	7.40192	6.98475	0.538845	0.30482	999.328
LLLYALLTLLTSLTYLLLILI	LLLYALLYLLTSLTYLLLILI	7.00866	5.31894	0.328724	0.505042	998.928
LLLYALLYLLTSLTYLLLILI	LLLYALLYLLTSLTTLLLILI	5.31894	5.32048	0.505042	0.328724	998.476
LLLYALLYLLTSLTTLLLILI	LLLYALLFLLTSLTTLLLILI	5.94455	6.49573	0.952787	0.132101	997.967
LLLYALLFLLTSLTTLLLILI	LLLYALLFLLTWLTTLLLILI	6.55583	4.92327	0.192199	0.759486	997.394
LLLYALLFLLTWLTTLLLILI	LLLYGLLFLLTWLTTLLLILI	4.43996	5.33229	0.276169	0.584123	996.749
LLLYGLLFLLTWLTTLLLILI	LLLYGLLFLLYWLTTLLLILI	5.19122	8.38356	0.443059	0.379341	996.023
LLLYGLLFLLYWLTTLLLILI	LLLLGLLFLLYWLTTLLLILI	8.68406	10.7732	0.679837	0.225838	995.205
LLLLGLLFLLYWLTTLLLILI	LLLLGLLFLLTWLTTLLLILI	10.7669	10.5116	0.219549	0.693609	994.285
LLLLGLLFLLTWLTTLLLILI	LLLLGLLFLLTWLTSLLLILI	10.684	14.9228	0.865998	0.155943	993.249
LLLLGLLFLLTWLTSLLLILI	LLLLGLLFLLTWLTTLLLILI	14.9228	10.9249	0.155943	0.865998	992.084
LLLLGLLFLLTWLTTLLLILI	LLLYGLLFLLTWLTTLLLILI	10.4478	5.89919	0.388917	0.432574	990.773
LLLYGLLFLLTWLTTLLLILI	LLLYGLLFLLTWLVTLLLILI	6.59507	8.65312	1.12845	0.0952708	989.3
LLLYGLLFLLTWLVTLLLILI	LLLYGLLYLLTWLVTLLLILI	8.68995	9.20579	0.132101	0.952787	987.644
LLLYGLLYLLTWLVTLLLILI	LLLLGLLYLLTWLVTLLLILI	8.93284	10.3617	0.679837	0.225838	985.783
LLLLGLLYLLTWLVTLLLILI	LLLLGLLYLLTWLTTLLLILI	10.2312	9.71313	0.0952708	1.12845	983.694
LLLLGLLYLLTWLTTLLLILI	LLLLALLYLLTWLTTLLLILI	9.1688	7.65598	0.584123	0.276169	981.348
LLLLALLYLLTWLTTLLLILI	LLLLALLYLLLWLTTLLLILI	8.01382	10.708	0.634009	0.248393	978.717
LLLLALLYLLLWLTTLLLILI	LLLLALLFLLLWLTTLLLILI	11.11	13.0448	0.650378	0.240035	975.768
LLLLALLFLLLWLTTLLLILI	LLLLALLFLLTWLTTLLLILI	13.0532	6.57775	0.248393	0.634009	972.463
LLLLALLFLLTWLTTLLLILI	LLLLGLLFLLTWLTTLLLILI	6.21991	7.91046	0.276169	0.584123	968.764
LLLLGLLFLLTWLTTLLLILI	LLLLGLLYLLTWLTTLLLILI	7.56637	7.79794	0.240035	0.650378	964.627
LLLLGLLYLLTWLTTLLLILI	LLLLALLYLLTWLTTLLLILI	7.73168	5.5652	0.584123	0.276169	960.005
LLLLALLYLLTWLTTLLLILI	LLLYALLYLLTWLTTLLLILI	5.51487	4.27976	0.225838	0.679837	954.846
LLLYALLYLLTWLTTLLLILI	LLLYALLYLLYWLTTLLLILI	3.92865	6.68886	0.328724	0.505042	949.095
LLLYALLYLLYWLTTLLLILI	LLLYALLFLLYWLTTLLLILI	7.33579	6.28944	1.15198	0.0912572	942.693
LLLYALLFLLYWLTTLLLILI	LLLYALLFLLYWLVTLLLILI	7.12904	10.0071	0.930859	0.137712	935.578
LLLYALLFLLYWLVTLLLILI	LLLYALLFLLTWLVTLLLILI	10.3744	7.37602	0.505042	0.328724	927.683
LLLYALLFLLTWLVTLLLILI	LLLYALLFLLTWLTTLLLILI	7.14257	5.17862	0.0952708	1.12845	918.939
LLLYALLFLLTWLTTLLLILI	LLLYALLFLLYWLTTLLLILI	4.49323	6.96271	0.443059	0.379341	909.276
LLLYALLFLLYWLTTLLLILI	LLLYGLLFLLYWLTTLLLILI	6.85954	8.20383	0.276169	0.584123	898.621
LLLYGLLFLLYWLTTLLLILI	LLLYALLFLLYWLTTLLLILI	8.20383	6.47435	0.584123	0.276169	886.903
LLLYALLFLLYWLTTLLLILI	LLLYALLFLLTWLTTLLLILI	6.57752	3.77462	0.379341	0.443059	874.051
LLLYALLFLLTWLTTLLLILI	LLLYGLLFLLTWLTTLLLILI	3.60773	5.33229	0.276169	0.584123	844.686
LLLYGLLFLLTWLTTLLLILI	LLLYALLFLLTWLTTLLLILI	5.33229	3.72126	0.584123	0.276169	828.061
LLLYALLFLLTWLTTLLLILI	LLLYALLFLLTSLTTLLLILI	4.20457	7.6743	0.759486	0.192199	810.083
LLLYALLFLLTSLTTLLLILI	LLLYALLFLLTSLTYLLLILI	7.92516	3.76757	0.443059	0.379341	790.724
LLLYALLFLLTSLTYLLLILI	LLLYALLYLLTSLTYLLLILI	3.47948	3.37965	0.0912572	1.15198	769.974
LLLYALLYLLTSLTYLLLILI	LLLLALLYLLTSLTYLLLILI	3.0814	4.2156	0.853726	0.159692	747.845
LLLLALLYLLTSLTYLLLILI	LLLYALLYLLTSLTYLLLILI	4.2156	3.0814	0.159692	0.853726	724.369
LLLYALLYLLTSLTYLLLILI	LLLYALLYLLTSLTFLLLILI	3.37965	3.49276	1.15198	0.0912572	699.602
LLLYALLYLLTSLTFLLLILI	LLLYALLYLLTALTFLLLILI	3.80573	4.52404	0.404229	0.416521	673.628
LLLYALLYLLTALTFLLLILI	LLLYGLLYLLTALTFLLLILI	4.57127	6.25832	0.463748	0.36136	646.557
LLLYGLLYLLTALTFLLLILI	LLLYALLYLLTALTFLLLILI	6.25832	4.57127	0.36136	0.463748	618.524
LLLYALLYLLTALTFLLLILI	LLLYALLYLLTSLTFLLLILI	4.52404	4.16833	0.416521	0.404229	589.688
LLLYALLYLLTSLTFLLLILI	LLLYALLYLLTSLTYLLLILI	3.85536	3.37965	0.0912572	1.15198	560.23
LLLYALLYLLTSLTYLLLILI	LLLYALLYLLTGLTYLLLILI	2.68478	3.36237	0.457104	0.367007	500.25
LLLYALLYLLTGLTYLLLILI	LLLYALLFLLTGLTYLLLILI	4.14734	3.87098	1.15198	0.0912572	470.152
LLLYALLFLLTGLTYLLLILI	LLLYALLYLLTGLTYLLLILI	3.87098	4.14734	0.0912572	1.15198	440.27
LLLYALLYLLTGLTYLLLILI	LLLYALLYLLTSLTYLLLILI	3.36237	2.7788	0.367007	0.457104	410.812
LLLYALLYLLTSLTYLLLILI	LLLYALLYLLTSLTFLLLILI	3.47367	3.49276	1.15198	0.0912572	381.976
LLLYALLYLLTSLTFLLLILI	LLLYALLYLLTSLTYLLLILI	3.49276	3.37965	0.0912572	1.15198	353.943
LLLYALLYLLTSLTYLLLILI	LLLYALLYLLTSLTFLLLILI	3.37965	3.76128	1.15198	0.0912572	326.872
LLLYALLYLLTSLTFLLLILI	LLLWALLYLLTSLTFLLLILI	4.12121	5.78795	0.451187	0.372136	300.898
LLLWALLYLLTSLTFLLLILI	LLLYALLYLLTSLTFLLLILI	5.78795	3.85269	0.372136	0.451187	276.131
LLLYALLYLLTSLTFLLLILI	LLLYALLYLLTALTFLLLILI	3.80573	4.52404	0.404229	0.416521	230.526
LLLYALLYLLTALTFLLLILI	LLLYALLYLLTALTYLLLILI	4.19878	4.29358	0.0912572	1.15198	209.776
LLLYALLYLLTALTYLLLILI	LLLYALLFLLTALTYLLLILI	4.29358	4.26936	1.15198	0.0912572	190.417
LLLYALLFLLTALTYLLLILI	LLLYALLFLLTSLTYLLLILI	4.59462	3.22901	0.416521	0.404229	140.501
LLLYALLFLLTSLTYLLLILI	LLLYALLYLLTSLTYLLLILI	2.91604	3.37965	0.0912572	1.15198	126.449
LLLYALLYLLTSLTYLLLILI	LLLYALLYLLTSLTFLLLILI	3.37965	3.49276	1.15198	0.0912572	113.597
LLLYALLYLLTSLTFLLLILI	LLLYALLYLLTSLTYLLLILI	3.49276	3.37965	0.0912572	1.15198	72.8169
LLLYALLYLLTSLTYLLLILI	LLLYALLYLLTSLTFLLLILI	3.37965	3.49276	1.15198	0.0912572	64.9219
LLLYALLYLLTSLTFLLLILI	LLLYALLYLLTSLTYLLLILI	3.49276	3.37965	0.0912572	1.15198	40.495
LLLYALLYLLTSLTYLLLILI	LLLYALLFLLTSLTYLLLILI	3.37965	2.91604	1.15198	0.0912572	35.8726
Time: 287s
