***STARTING GEOMETRY:***
xShift: 8.82214
crossingAngle: -40.3047
axialRotation: 34.2836
zShift: 4.10698

Number of MCCycles: 100
PrevSequence	CurrSequence	PrevEnergy	CurrEnergy	PrevEntropy	CurrEntropy	CurrentTemp
LLLILLATLLSTLLTTLLILI	LLLILLFTLLSTLLTTLLILI	-13.3721	-16.9795	0.308996	0.532699	999.684
LLLILLFTLLSTLLTTLLILI	LLLYLLFTLLSTLLTTLLILI	-17.161	-16.9055	0.351222	0.47603	999.328
LLLYLLFTLLSTLLTTLLILI	LLLILLFTLLSTLLTTLLILI	-16.9055	-17.161	0.47603	0.351222	998.928
LLLILLFTLLSTLLTTLLILI	LLLILLFTLLATLLTTLLILI	-16.87	-16.2256	0.642213	0.244161	997.967
LLLILLFTLLATLLTTLLILI	LLLILLFTLLSTLLTTLLILI	-16.2256	-16.1767	0.244161	0.642213	997.394
LLLILLFTLLSTLLTTLLILI	LLLILLFGLLSTLLTTLLILI	-15.7434	-12.3459	1.07549	0.105025	996.749
LLLILLFGLLSTLLTTLLILI	LLLILLFTLLSTLLTTLLILI	-12.3459	-15.7434	0.105025	1.07549	996.023
LLLILLFTLLSTLLTTLLILI	LLLILLATLLSTLLTTLLILI	-16.2862	-18.116	0.532699	0.308996	995.205
LLLILLATLLSTLLTTLLILI	LLLILLFTLLSTLLTTLLILI	-18.116	-16.2862	0.308996	0.532699	994.285
LLLILLFTLLSTLLTTLLILI	LLLILLFTLLATLLTTLLILI	-16.1767	-16.2256	0.642213	0.244161	993.249
LLLILLFTLLATLLTTLLILI	LLLILLATLLATLLTTLLILI	-16.1454	-17.2839	0.324348	0.510988	992.084
LLLILLATLLATLLTTLLILI	LLLILLATLLSTLLTTLLILI	-17.3784	-18.0208	0.416521	0.404229	990.773
LLLILLATLLSTLLTTLLILI	LLLILLATLLATLLTTLLILI	-18.0208	-17.3784	0.404229	0.416521	989.3
LLLILLATLLATLLTTLLILI	LLLILLATLLATLLTYLLILI	-16.9787	-14.8572	0.816184	0.171816	987.644
LLLILLATLLATLLTYLLILI	LLLILLATLLSTLLTYLLILI	-14.6125	-15.2519	0.416521	0.404229	985.783
LLLILLATLLSTLLTYLLILI	LLLILLAVLLSTLLTYLLILI	-14.5276	-7.36433	1.12845	0.0952708	983.694
LLLILLAVLLSTLLTYLLILI	LLLILLAVLLSTLLTTLLILI	-7.24005	-9.52724	0.219549	0.693609	981.348
LLLILLAVLLSTLLTTLLILI	LLLILLAVLLGTLLTTLLILI	-9.76375	-12.8474	0.457104	0.367007	978.717
LLLILLAVLLGTLLTTLLILI	LLLILLATLLGTLLTTLLILI	-13.1415	-14.5049	0.0728516	1.27634	975.768
LLLILLATLLGTLLTTLLILI	LLLILLATLLGYLLTTLLILI	-14.965	-16.8959	0.816184	0.171816	972.463
LLLILLATLLGYLLTTLLILI	LLLILLATLLGTLLTTLLILI	-16.8959	-14.965	0.171816	0.816184	968.764
LLLILLATLLGTLLTTLLILI	LLLILLFTLLGTLLTTLLILI	-15.4722	-14.4278	0.308996	0.532699	964.627
LLLILLFTLLGTLLTTLLILI	LLLILLFTLLSTLLTTLLILI	-14.5935	-16.3618	0.367007	0.457104	960.005
LLLILLFTLLSTLLTTLLILI	LLLYLLFTLLSTLLTTLLILI	-16.4677	-16.4943	0.351222	0.47603	954.846
LLLYLLFTLLSTLLTTLLILI	LLLYLLFTLLATLLTTLLILI	-16.3281	-16.1628	0.642213	0.244161	949.095
LLLYLLFTLLATLLTTLLILI	LLLYLLFTLLSTLLTTLLILI	-16.1628	-15.9545	0.244161	0.642213	942.693
LLLYLLFTLLSTLLTTLLILI	LLLILLFTLLSTLLTTLLILI	-16.1207	-16.4677	0.47603	0.351222	935.578
LLLILLFTLLSTLLTTLLILI	LLLILLFTLLATLLTTLLILI	-16.1767	-16.2256	0.642213	0.244161	927.683
LLLILLFTLLATLLTTLLILI	LLLALLFTLLATLLTTLLILI	-16.0079	-15.0884	0.461854	0.362958	918.939
LLLALLFTLLATLLTTLLILI	LLLILLFTLLATLLTTLLILI	-15.0884	-16.0079	0.362958	0.461854	909.276
LLLILLFTLLATLLTTLLILI	LLLILLATLLATLLTTLLILI	-16.1454	-17.2839	0.324348	0.510988	898.621
LLLILLATLLATLLTTLLILI	LLLILLFTLLATLLTTLLILI	-17.2839	-16.1118	0.510988	0.324348	886.903
LLLILLFTLLATLLTTLLILI	LLLILLFTLLSTLLTTLLILI	-16.1919	-16.1767	0.244161	0.642213	874.051
LLLILLFTLLSTLLTTLLILI	LLLILLFTLLSTLLTYLLILI	-16.0027	-13.8699	0.816184	0.171816	859.999
LLLILLFTLLSTLLTYLLILI	LLLILLFTLLSTLLTTLLILI	-13.8699	-16.0027	0.171816	0.816184	844.686
LLLILLFTLLSTLLTTLLILI	LLLYLLFTLLSTLLTTLLILI	-16.4677	-16.2155	0.351222	0.47603	828.061
LLLYLLFTLLSTLLTTLLILI	LLLYLLFTLLSVLLTTLLILI	-15.4152	-13.4761	1.27634	0.0728516	810.083
LLLYLLFTLLSVLLTTLLILI	LLLYLLFTLLAVLLTTLLILI	-12.9068	-12.9722	0.642213	0.244161	790.724
LLLYLLFTLLAVLLTTLLILI	LLLYLLTTLLAVLLTTLLILI	-13.1243	-16.1901	0.0921195	1.14683	769.974
LLLYLLTTLLAVLLTTLLILI	LLLALLTTLLAVLLTTLLILI	-16.8043	-18.3731	0.532699	0.308996	747.845
LLLALLTTLLAVLLTTLLILI	LLLALLTTLLATLLTTLLILI	-18.6231	-20.5477	0.0589809	1.39457	724.369
LLLALLTTLLATLLTTLLILI	LLLGLLTTLLATLLTTLLILI	-21.4786	-20.6718	0.463748	0.36136	699.602
LLLGLLTTLLATLLTTLLILI	LLLALLTTLLATLLTTLLILI	-20.6718	-21.4786	0.36136	0.463748	673.628
LLLALLTTLLATLLTTLLILI	LLLGLLTTLLATLLTTLLILI	-21.4786	-20.6718	0.463748	0.36136	646.557
LLLGLLTTLLATLLTTLLILI	LLLGLLTTLLATLLTYLLILI	-20.1155	-18.0704	0.917682	0.141213	618.524
LLLGLLTTLLATLLTYLLILI	LLLGLLTTLLATLLTTLLILI	-18.0704	-20.1155	0.141213	0.917682	589.688
LLLGLLTTLLATLLTTLLILI	LLLALLTTLLATLLTTLLILI	-20.6718	-21.4786	0.36136	0.463748	560.23
LLLALLTTLLATLLTTLLILI	LLLALLTTLLSTLLTTLLILI	-21.5258	-22.1547	0.416521	0.404229	530.348
LLLALLTTLLSTLLTTLLILI	LLLALLTTLLATLLTTLLILI	-22.1547	-21.5165	0.404229	0.416521	470.152
LLLALLTTLLATLLTTLLILI	LLLALLTTLLATLLTYLLILI	-21.0153	-18.9813	0.917682	0.141213	440.27
LLLALLTTLLATLLTYLLILI	LLLGLLTTLLATLLTYLLILI	-18.6588	-17.8502	0.463748	0.36136	410.812
LLLGLLTTLLATLLTYLLILI	LLLALLTTLLATLLTYLLILI	-17.8502	-18.6588	0.36136	0.463748	381.976
LLLALLTTLLATLLTYLLILI	LLLGLLTTLLATLLTYLLILI	-18.6588	-17.8156	0.463748	0.36136	353.943
LLLGLLTTLLATLLTYLLILI	LLLGLLTTLLATLLTTLLILI	-18.0357	-20.1155	0.141213	0.917682	326.872
LLLGLLTTLLATLLTTLLILI	LLLGLLYTLLATLLTTLLILI	-20.1155	-17.5681	0.917682	0.141213	300.898
LLLGLLYTLLATLLTTLLILI	LLLGLLTTLLATLLTTLLILI	-17.5681	-20.0818	0.141213	0.917682	276.131
LLLGLLTTLLATLLTTLLILI	LLLGLLTTLLSTLLTTLLILI	-20.7553	-21.0051	0.244161	0.642213	252.655
LLLGLLTTLLSTLLTTLLILI	LLLALLTTLLSTLLTTLLILI	-21.0631	-22.2828	0.584123	0.276169	230.526
LLLALLTTLLSTLLTTLLILI	LLLALLTTLLATLLTTLLILI	-22.1547	-21.5258	0.404229	0.416521	155.814
LLLALLTTLLATLLTTLLILI	LLLALLTTLLSTLLTTLLILI	-21.5258	-22.1434	0.416521	0.404229	113.597
Time: 84s
