***STARTING GEOMETRY:***
xShift: 8.73412
crossingAngle: -44.784
axialRotation: 49.2105
zShift: 5.35416

Number of MCCycles: 100
PrevSequence	CurrSequence	PrevEnergy	CurrEnergy	PrevEntropy	CurrEntropy	CurrentTemp
LLLALLTALLTTLLTTLLILI	LLLALLTALLTTLLVTLLILI	-11.8177	-15.376	1.39457	0.0589809	999.684
LLLALLTALLTTLLVTLLILI	LLLALLTALLTTLLTTLLILI	-15.376	-17.9378	0.0589809	1.39457	999.328
LLLALLTALLTTLLTTLLILI	LLLALLTALLTTLLTYLLILI	-18.4147	-18.4018	0.917682	0.141213	998.928
LLLALLTALLTTLLTYLLILI	LLLGLLTALLTTLLTYLLILI	-18.0793	-16.6795	0.463748	0.36136	997.967
LLLGLLTALLTTLLTYLLILI	LLLALLTALLTTLLTYLLILI	-16.6795	-18.0793	0.36136	0.463748	997.394
LLLALLTALLTTLLTYLLILI	LLLALLTALLTTLLVYLLILI	-17.2667	-14.7041	1.27634	0.0728516	996.749
LLLALLTALLTTLLVYLLILI	LLLGLLTALLTTLLVYLLILI	-14.3132	-12.9134	0.463748	0.36136	996.023
LLLGLLTALLTTLLVYLLILI	LLLALLTALLTTLLVYLLILI	-12.9134	-14.3132	0.36136	0.463748	995.205
LLLALLTALLTTLLVYLLILI	LLLALLVALLTTLLVYLLILI	-13.9768	-10.8512	0.800152	0.177314	994.285
LLLALLVALLTTLLVYLLILI	LLLALLVALLTTLLTYLLILI	-10.8512	-13.9948	0.177314	0.800152	993.249
LLLALLVALLTTLLTYLLILI	LLLALLVALLTTLLTTLLILI	-14.6231	-14.7684	0.171816	0.816184	992.084
LLLALLVALLTTLLTTLLILI	LLLALLVALLTTLLTYLLILI	-14.7684	-14.6231	0.816184	0.171816	990.773
LLLALLVALLTTLLTYLLILI	LLLALLVALLTTLLVYLLILI	-13.9948	-10.8512	0.800152	0.177314	989.3
LLLALLVALLTTLLVYLLILI	LLLALLTALLTTLLVYLLILI	-10.8512	-13.9768	0.177314	0.800152	987.644
LLLALLTALLTTLLVYLLILI	LLLGLLTALLTTLLVYLLILI	-14.3132	-12.9134	0.463748	0.36136	985.783
LLLGLLTALLTTLLVYLLILI	LLLGLLTALLTTLLTYLLILI	-13.202	-15.7645	0.0728516	1.27634	983.694
LLLGLLTALLTTLLTYLLILI	LLLGLLTSLLTTLLTYLLILI	-16.7967	-14.8489	0.244161	0.642213	981.348
LLLGLLTSLLTTLLTYLLILI	LLLALLTSLLTTLLTYLLILI	-14.907	-16.6636	0.584123	0.276169	978.717
LLLALLTSLLTTLLTYLLILI	LLLGLLTSLLTTLLTYLLILI	-16.6636	-14.907	0.276169	0.584123	975.768
LLLGLLTSLLTTLLTYLLILI	LLLGLLTSLLTTLLVYLLILI	-14.2147	-11.6501	1.27634	0.0728516	972.463
LLLGLLTSLLTTLLVYLLILI	LLLGLLTSLLTTLLVTLLILI	-11.5512	-11.5596	0.171816	0.816184	968.764
LLLGLLTSLLTTLLVTLLILI	LLLGLLTSLLTTLLTTLLILI	-12.3168	-14.8808	0.0589809	1.39457	964.627
LLLGLLTSLLTTLLTTLLILI	LLLGLLTALLTTLLTTLLILI	-15.6331	-17.5851	0.642213	0.244161	960.005
LLLGLLTALLTTLLTTLLILI	LLLALLTALLTTLLTTLLILI	-17.4679	-18.8687	0.36136	0.463748	954.846
LLLALLTALLTTLLTTLLILI	LLLALLTALLVTLLTTLLILI	-17.9378	-15.2176	1.39457	0.0589809	949.095
LLLALLTALLVTLLTTLLILI	LLLALLTALLVVLLTTLLILI	-14.3457	-11.6347	0.930859	0.137712	942.693
LLLALLTALLVVLLTTLLILI	LLLGLLTALLVVLLTTLLILI	-11.3087	-9.92275	0.463748	0.36136	935.578
LLLGLLTALLVVLLTTLLILI	LLLGLLWALLVVLLTTLLILI	-9.79809	-6.99512	0.48602	0.343253	927.683
LLLGLLWALLVVLLTTLLILI	LLLGLLTALLVVLLTTLLILI	-6.99512	-9.79233	0.343253	0.48602	918.939
LLLGLLTALLVVLLTTLLILI	LLLGLLTALLTVLLTTLLILI	-10.1406	-13.3911	0.137712	0.930859	909.276
LLLGLLTALLTVLLTTLLILI	LLLALLTALLTVLLTTLLILI	-13.9606	-15.3644	0.36136	0.463748	898.621
LLLALLTALLTVLLTTLLILI	LLLGLLTALLTVLLTTLLILI	-15.3644	-13.9641	0.463748	0.36136	886.903
LLLGLLTALLTVLLTTLLILI	LLLALLTALLTVLLTTLLILI	-13.9641	-15.3644	0.36136	0.463748	874.051
LLLALLTALLTVLLTTLLILI	LLLALLTALLTVLLTYLLILI	-15.012	-12.2751	0.816184	0.171816	859.999
LLLALLTALLTVLLTYLLILI	LLLALLTSLLTVLLTYLLILI	-12.0304	-10.4684	0.416521	0.404229	844.686
LLLALLTSLLTVLLTYLLILI	LLLALLTALLTVLLTYLLILI	-10.4684	-12.0304	0.404229	0.416521	828.061
LLLALLTALLTVLLTYLLILI	LLLGLLTALLTVLLTYLLILI	-11.9831	-10.5814	0.463748	0.36136	810.083
LLLGLLTALLTVLLTYLLILI	LLLGLLTALLTVLLTTLLILI	-10.7709	-13.5092	0.171816	0.816184	790.724
LLLGLLTALLTVLLTTLLILI	LLLGLLTALLTTLLTTLLILI	-14.2664	-16.4347	0.0589809	1.39457	769.974
LLLGLLTALLTTLLTTLLILI	LLLGLLTALLTTLLTYLLILI	-16.9115	-16.8996	0.917682	0.141213	747.845
LLLGLLTALLTTLLTYLLILI	LLLGLLTALLTTLLTTLLILI	-16.8996	-16.9121	0.141213	0.917682	724.369
LLLGLLTALLTTLLTTLLILI	LLLALLTALLTTLLTTLLILI	-17.4685	-18.8687	0.36136	0.463748	699.602
LLLALLTALLTTLLTTLLILI	LLLALLTALLTTLLVTLLILI	-17.9378	-15.376	1.39457	0.0589809	673.628
LLLALLTALLTTLLVTLLILI	LLLALLTSLLTTLLVTLLILI	-15.0184	-13.4217	0.416521	0.404229	646.557
LLLALLTSLLTTLLVTLLILI	LLLALLTSLLTTLLVYLLILI	-13.0097	-12.9998	0.816184	0.171816	618.524
LLLALLTSLLTTLLVYLLILI	LLLALLTALLTTLLVYLLILI	-12.7674	-14.3604	0.404229	0.416521	589.688
LLLALLTALLTTLLVYLLILI	LLLALLTALLTTLLTYLLILI	-14.7041	-17.2667	0.0728516	1.27634	560.23
LLLALLTALLTTLLTYLLILI	LLLALLYALLTTLLTYLLILI	-18.0042	-15.2455	0.538845	0.30482	530.348
LLLALLYALLTTLLTYLLILI	LLLALLYALLTTLLTTLLILI	-15.2455	-15.8003	0.30482	0.538845	500.25
LLLALLYALLTTLLTTLLILI	LLLALLTALLTTLLTTLLILI	-16.198	-18.4147	0.141213	0.917682	470.152
LLLALLTALLTTLLTTLLILI	LLLALLTALLVTLLTTLLILI	-17.9378	-15.2176	1.39457	0.0589809	440.27
LLLALLTALLVTLLTTLLILI	LLLALLTALLTTLLTTLLILI	-15.2176	-17.9378	0.0589809	1.39457	410.812
LLLALLTALLTTLLTTLLILI	LLLALLTALLTTLLTYLLILI	-18.4147	-18.4018	0.917682	0.141213	381.976
LLLALLTALLTTLLTYLLILI	LLLALLTALLTTLLTTLLILI	-18.4018	-18.4147	0.141213	0.917682	300.898
LLLALLTALLTTLLTTLLILI	LLLALLTALLTILLTTLLILI	-17.9595	-15.8077	1.37292	0.0612961	276.131
LLLALLTALLTILLTTLLILI	LLLALLTALLTILLVTLLILI	-14.5927	-11.7708	1.27634	0.0728516	252.655
LLLALLTALLTILLVTLLILI	LLLALLTALLTILLTTLLILI	-11.7708	-14.6013	0.0728516	1.27634	230.526
LLLALLTALLTILLTTLLILI	LLLALLTALLTTLLTTLLILI	-15.8164	-17.9595	0.0612961	1.37292	190.417
LLLALLTALLTTLLTTLLILI	LLLALLTALLTTLLTYLLILI	-18.4147	-18.4018	0.917682	0.141213	172.439
LLLALLTALLTTLLTYLLILI	LLLALLTALLTTLLTTLLILI	-18.4018	-18.4147	0.141213	0.917682	113.597
LLLALLTALLTTLLTTLLILI	LLLALLTALLTTLLTYLLILI	-18.4147	-18.4018	0.917682	0.141213	81.5606
LLLALLTALLTTLLTYLLILI	LLLALLTALLTTLLTTLLILI	-18.4018	-18.4147	0.141213	0.917682	72.8169
LLLALLTALLTTLLTTLLILI	LLLALLTALLTTLLTYLLILI	-18.4147	-18.4018	0.917682	0.141213	64.9219
LLLALLTALLTTLLTYLLILI	LLLALLTALLTTLLTTLLILI	-18.4018	-18.4147	0.141213	0.917682	57.8066
LLLALLTALLTTLLTTLLILI	LLLALLTALLTTLLTYLLILI	-18.4147	-18.4018	0.917682	0.141213	45.6541
LLLALLTALLTTLLTYLLILI	LLLALLTALLTTLLTTLLILI	-18.4018	-18.4147	0.141213	0.917682	24.7321
LLLALLTALLTTLLTTLLILI	LLLALLTALLTTLLTYLLILI	-18.4147	-18.4018	0.917682	0.141213	19.1517
LLLALLTALLTTLLTYLLILI	LLLALLTALLTTLLTTLLILI	-18.4018	-18.4147	0.141213	0.917682	16.8064
LLLALLTALLTTLLTTLLILI	LLLALLTALLTTLLTYLLILI	-18.4147	-18.4018	0.917682	0.141213	14.717
LLLALLTALLTTLLTYLLILI	LLLALLTALLTTLLTTLLILI	-18.4018	-18.4147	0.141213	0.917682	11.2003
LLLALLTALLTTLLTTLLILI	LLLALLTALLTTLLTYLLILI	-18.4147	-18.4018	0.917682	0.141213	7.25111
LLLALLTALLTTLLTYLLILI	LLLALLTALLTTLLTTLLILI	-18.4018	-18.4147	0.141213	0.917682	6.21537
LLLALLTALLTTLLTTLLILI	LLLALLTALLTTLLTYLLILI	-18.4147	-18.4018	0.917682	0.141213	4.47717
LLLALLTALLTTLLTYLLILI	LLLALLTALLTTLLTTLLILI	-18.4018	-18.4147	0.141213	0.917682	3.10559
Time: 79s
