***STARTING GEOMETRY:***
xShift: 8.72323
crossingAngle: 27.1658
axialRotation: 75.3204
zShift: 4.20763

Number of MCCycles: 100
PrevSequence	CurrSequence	PrevEnergy	CurrEnergy	PrevEntropy	CurrEntropy	CurrentTemp
LLLYVLLGLLGTLTGLLLILI	LLLFVLLGLLGTLTGLLLILI	5.75448	6.61897	0.650378	0.240035	999.684
LLLFVLLGLLGTLTGLLLILI	LLLFVLLGLLTTLTGLLLILI	6.71911	3.55264	0.34018	0.489954	999.328
LLLFVLLGLLTTLTGLLLILI	LLLYVLLGLLTTLTGLLLILI	3.30272	2.00514	0.240035	0.650378	998.928
LLLYVLLGLLTTLTGLLLILI	LLLYVLLGLLYTLTGLLLILI	1.79782	3.62327	0.443059	0.379341	998.476
LLLYVLLGLLYTLTGLLLILI	LLLYVLLGLLYTLTALLLILI	4.11627	6.89285	0.872342	0.154044	997.967
LLLYVLLGLLYTLTALLLILI	LLLYVLLGLLTTLTALLLILI	7.11814	5.01236	0.379341	0.443059	997.394
LLLYVLLGLLTTLTALLLILI	LLLYVLLGLLTYLTALLLILI	5.01236	5.49301	0.443059	0.379341	996.749
LLLYVLLGLLTYLTALLLILI	LLLYVLLGLLTYLTGLLLILI	5.26771	3.00694	0.154044	0.872342	996.023
LLLYVLLGLLTYLTGLLLILI	LLLYVLLGLLWYLTGLLLILI	2.4983	2.41407	0.363705	0.460972	995.205
LLLYVLLGLLWYLTGLLLILI	LLLYVLLGLLWFLTGLLLILI	2.90589	1.66546	0.952787	0.132101	993.249
LLLYVLLGLLWFLTGLLLILI	LLLYVLLGLLTFLTGLLLILI	1.99433	2.56119	0.460972	0.363705	992.084
LLLYVLLGLLTFLTGLLLILI	LLLYVLLGLLTFLTALLLILI	3.06983	5.53199	0.872342	0.154044	990.773
LLLYVLLGLLTFLTALLLILI	LLLYVLLGLLTFLTGLLLILI	5.53199	3.06983	0.154044	0.872342	989.3
LLLYVLLGLLTFLTGLLLILI	LLLYVLLGLLTFLTALLLILI	3.06983	5.53199	0.872342	0.154044	987.644
LLLYVLLGLLTFLTALLLILI	LLLYVLLGLLWFLTALLLILI	5.74165	5.89363	0.363705	0.460972	985.783
LLLYVLLGLLWFLTALLLILI	LLLYVLLGLLWFLTGLLLILI	5.5867	2.52172	0.154044	0.872342	983.694
LLLYVLLGLLWFLTGLLLILI	LLLYVLLGLLWFLTALLLILI	2.52172	5.69471	0.872342	0.154044	981.348
LLLYVLLGLLWFLTALLLILI	LLLYWLLGLLWFLTALLLILI	5.60304	7.83942	0.0623734	1.36313	978.717
LLLYWLLGLLWFLTALLLILI	LLLYWLLGLLYFLTALLLILI	7.07516	7.9978	0.598868	0.267575	975.768
LLLYWLLGLLYFLTALLLILI	LLLWWLLGLLYFLTALLLILI	7.9978	8.63832	0.267575	0.598868	972.463
LLLWWLLGLLYFLTALLLILI	LLLYWLLGLLYFLTALLLILI	8.63832	7.9978	0.598868	0.267575	968.764
LLLYWLLGLLYFLTALLLILI	LLLYWLLGLLYYLTALLLILI	7.82148	8.44183	0.0912572	1.15198	964.627
LLLYWLLGLLYYLTALLLILI	LLLYWLLGLLYYLTGLLLILI	7.4439	4.90272	0.154044	0.872342	960.005
LLLYWLLGLLYYLTGLLLILI	LLLYWLLGLLYFLTGLLLILI	5.18236	4.36062	1.15198	0.0912572	954.846
LLLYWLLGLLYFLTGLLLILI	LLLYVLLGLLYFLTGLLLILI	5.27857	2.77267	1.00921	0.118797	949.095
LLLYVLLGLLYFLTGLLLILI	LLLYVLLGLLWFLTGLLLILI	3.10506	2.02151	0.451187	0.372136	942.693
LLLYVLLGLLWFLTGLLLILI	LLLFVLLGLLWFLTGLLLILI	2.05972	3.76458	0.410343	0.410343	935.578
LLLFVLLGLLWFLTGLLLILI	LLLYVLLGLLWFLTGLLLILI	3.76458	1.9437	0.410343	0.410343	927.683
LLLYVLLGLLWFLTGLLLILI	LLLLVLLGLLWFLTGLLLILI	2.0603	3.82355	0.526939	0.312976	918.939
LLLLVLLGLLWFLTGLLLILI	LLLYVLLGLLWFLTGLLLILI	3.82355	1.94428	0.312976	0.526939	909.276
LLLYVLLGLLWFLTGLLLILI	LLLLVLLGLLWFLTGLLLILI	1.94428	3.82355	0.526939	0.312976	898.621
LLLLVLLGLLWFLTGLLLILI	LLLYVLLGLLWFLTGLLLILI	3.82355	2.17631	0.312976	0.526939	886.903
LLLYVLLGLLWFLTGLLLILI	LLLYFLLGLLWFLTGLLLILI	1.84385	4.09928	0.194474	0.753596	874.051
LLLYFLLGLLWFLTGLLLILI	LLLYFLLGLLWFLTALLLILI	4.21802	7.27914	0.872342	0.154044	859.999
LLLYFLLGLLWFLTALLLILI	LLLFFLLGLLWFLTALLLILI	7.42751	9.89309	0.302409	0.542444	844.686
LLLFFLLGLLWFLTALLLILI	LLLFFLLGLLWYLTALLLILI	9.89309	9.59702	0.542444	0.302409	828.061
LLLFFLLGLLWYLTALLLILI	LLLFFLLGLLWFLTALLLILI	9.59702	9.89309	0.302409	0.542444	810.083
LLLFFLLGLLWFLTALLLILI	LLLFFLLGLLWFLTGLLLILI	9.50469	6.32287	0.154044	0.872342	790.724
LLLFFLLGLLWFLTGLLLILI	LLLFVLLGLLWFLTGLLLILI	6.38616	3.60696	0.935627	0.13647	769.974
LLLFVLLGLLWFLTGLLLILI	LLLFVLLGLLWYLTGLLLILI	3.88083	4.36119	0.410343	0.410343	747.845
LLLFVLLGLLWYLTGLLLILI	LLLFVLLGLLWFLTGLLLILI	4.36119	3.99708	0.410343	0.410343	724.369
LLLFVLLGLLWFLTGLLLILI	LLLFVLLGLLWYLTGLLLILI	3.99708	4.034	0.410343	0.410343	699.602
LLLFVLLGLLWYLTGLLLILI	LLLFVLLGLLWFLTGLLLILI	4.034	3.88083	0.410343	0.410343	673.628
LLLFVLLGLLWFLTGLLLILI	LLLFVLLGLLWYLTGLLLILI	3.88083	4.08513	0.410343	0.410343	646.557
LLLFVLLGLLWYLTGLLLILI	LLLFWLLGLLWYLTGLLLILI	3.73716	5.64987	0.0623734	1.36313	618.524
LLLFWLLGLLWYLTGLLLILI	LLLYWLLGLLWYLTGLLLILI	4.41884	3.34953	0.132101	0.952787	560.23
LLLYWLLGLLWYLTGLLLILI	LLLYVLLGLLWYLTGLLLILI	3.75988	1.69814	1.36313	0.0623734	530.348
LLLYVLLGLLWYLTGLLLILI	LLLYVLLGLLWFLTGLLLILI	2.58855	1.93811	0.952787	0.132101	440.27
LLLYVLLGLLWFLTGLLLILI	LLLYVLLGLLWYLTGLLLILI	1.93811	2.63946	0.132101	0.952787	410.812
LLLYVLLGLLWYLTGLLLILI	LLLYVLLGLLTYLTGLLLILI	2.14764	2.4983	0.460972	0.363705	381.976
LLLYVLLGLLTYLTGLLLILI	LLLYVLLGLLTTLTGLLLILI	2.51394	1.79782	0.379341	0.443059	326.872
LLLYVLLGLLTTLTGLLLILI	LLLYVLLGLLTFLTGLLLILI	2.35905	2.31738	1.0043	0.119894	300.898
LLLYVLLGLLTFLTGLLLILI	LLLYVLLGLLWFLTGLLLILI	2.56119	2.11035	0.363705	0.460972	276.131
LLLYVLLGLLWFLTGLLLILI	LLLYVLLGLLTFLTGLLLILI	2.11035	2.56119	0.460972	0.363705	252.655
LLLYVLLGLLTFLTGLLLILI	LLLYVLLGLLWFLTGLLLILI	2.56119	1.87831	0.363705	0.460972	209.776
LLLYVLLGLLWFLTGLLLILI	LLLYVLLGLLTFLTGLLLILI	1.87831	2.56119	0.460972	0.363705	190.417
LLLYVLLGLLTFLTGLLLILI	LLLYVLLGLLWFLTGLLLILI	2.56119	1.99433	0.363705	0.460972	172.439
Time: 204s
