***STARTING GEOMETRY:***
xShift: 7.16288
crossingAngle: -50.171
axialRotation: 74.1466
zShift: 3.67608

Number of MCCycles: 100
PrevSequence	CurrSequence	PrevEnergy	CurrEnergy	PrevEntropy	CurrEntropy	CurrentTemp
LLLGLLTGLLTGLLTTLLILI	LLLGLLTGLLTGLLVTLLILI	29.6983	30.1226	1.27634	0.0728516	999.684
LLLGLLTGLLTGLLVTLLILI	LLLGLLTGLLVGLLVTLLILI	30.8499	34.534	0.800152	0.177314	999.328
LLLGLLTGLLVGLLVTLLILI	LLLGLLTGLLTGLLVTLLILI	34.534	30.8499	0.177314	0.800152	998.928
LLLGLLTGLLTGLLVTLLILI	LLLGLLTGLLTGLLVFLLILI	31.054	31.8604	1.0043	0.119894	998.476
LLLGLLTGLLTGLLVFLLILI	LLLGLLTGLLTGLLVTLLILI	31.8604	31.054	0.119894	1.0043	997.394
LLLGLLTGLLTGLLVTLLILI	LLLGLLTGLLTGLLTTLLILI	30.1226	27.5254	0.0728516	1.27634	996.749
LLLGLLTGLLTGLLTTLLILI	LLLGLLVGLLTGLLTTLLILI	27.5254	29.7154	1.27634	0.0728516	996.023
LLLGLLVGLLTGLLTTLLILI	LLLGLLVGLLTGLLTILLILI	30.7507	32.2134	1.10811	0.098896	994.285
LLLGLLVGLLTGLLTILLILI	LLLGLLVGLLTGLLTTLLILI	32.2134	30.7507	0.098896	1.10811	993.249
LLLGLLVGLLTGLLTTLLILI	LLLGLLVGLLTGLLVTLLILI	30.4427	33.6209	0.800152	0.177314	992.084
LLLGLLVGLLTGLLVTLLILI	LLLGLLTGLLTGLLVTLLILI	33.6209	30.8499	0.177314	0.800152	990.773
LLLGLLTGLLTGLLVTLLILI	LLLGLLTGLLTGLLVFLLILI	31.054	31.8477	1.0043	0.119894	989.3
LLLGLLTGLLTGLLVFLLILI	LLLGLLTGLLTGLLTFLLILI	31.823	31.1408	0.0952708	1.12845	987.644
LLLGLLTGLLTGLLTFLLILI	LLLGLLTGLLTGLLVFLLILI	31.1408	31.823	1.12845	0.0952708	985.783
LLLGLLTGLLTGLLVFLLILI	LLLGLLTGLLTGLLTFLLILI	31.823	31.1408	0.0952708	1.12845	983.694
LLLGLLTGLLTGLLTFLLILI	LLLGLLTGLLTGLLVFLLILI	31.1408	31.8358	1.12845	0.0952708	981.348
LLLGLLTGLLTGLLVFLLILI	LLLGLLTGLLTGLLVTLLILI	31.8604	31.054	0.119894	1.0043	975.768
LLLGLLTGLLTGLLVTLLILI	LLLGLLTGLLTGLLVFLLILI	31.054	31.8604	1.0043	0.119894	972.463
LLLGLLTGLLTGLLVFLLILI	LLLGLLTGLLTGLLTFLLILI	31.8358	31.1408	0.0952708	1.12845	968.764
LLLGLLTGLLTGLLTFLLILI	LLLGLLVGLLTGLLTFLLILI	31.1408	33.5013	1.12845	0.0952708	964.627
LLLGLLVGLLTGLLTFLLILI	LLLGLLVGLLTGLLTTLLILI	33.5259	30.6468	0.119894	1.0043	960.005
LLLGLLVGLLTGLLTTLLILI	LLLGLLTGLLTGLLTTLLILI	29.7154	27.5254	0.0728516	1.27634	954.846
LLLGLLTGLLTGLLTTLLILI	LLLGLLTGLLTGLLTILLILI	27.5042	28.8188	1.2552	0.0756774	949.095
LLLGLLTGLLTGLLTILLILI	LLLGLLVGLLTGLLTILLILI	29.8716	32.2098	1.12845	0.0952708	942.693
LLLGLLVGLLTGLLTILLILI	LLLGLLTGLLTGLLTILLILI	32.2098	29.8716	0.0952708	1.12845	935.578
LLLGLLTGLLTGLLTILLILI	LLLGLLVGLLTGLLTILLILI	29.8716	32.2098	1.12845	0.0952708	927.683
LLLGLLVGLLTGLLTILLILI	LLLGLLTGLLTGLLTILLILI	32.2098	29.8494	0.0952708	1.12845	918.939
LLLGLLTGLLTGLLTILLILI	LLLGLLTGLLTGLLTTLLILI	28.7966	27.5042	0.0756774	1.2552	898.621
LLLGLLTGLLTGLLTTLLILI	LLLGLLTGLLTGLLTILLILI	27.5042	28.7966	1.2552	0.0756774	886.903
LLLGLLTGLLTGLLTILLILI	LLLGLLTGLLTGLLTTLLILI	28.7966	27.5042	0.0756774	1.2552	874.051
LLLGLLTGLLTGLLTTLLILI	LLLGLLTGLLTGLLTILLILI	27.5042	28.7966	1.2552	0.0756774	844.686
LLLGLLTGLLTGLLTILLILI	LLLGLLTGLLTGLLVILLILI	29.8494	32.6699	1.12845	0.0952708	828.061
LLLGLLTGLLTGLLVILLILI	LLLGLLTGLLTGLLVTLLILI	32.6735	31.1578	0.098896	1.10811	810.083
LLLGLLTGLLTGLLVTLLILI	LLLGLLTGLLTGLLTTLLILI	30.1226	27.5476	0.0728516	1.27634	790.724
LLLGLLTGLLTGLLTTLLILI	LLLGLLTGLLTGLLVTLLILI	27.5476	30.1226	1.27634	0.0728516	769.974
LLLGLLTGLLTGLLVTLLILI	LLLGLLTGLLTGLLTTLLILI	30.1226	27.5254	0.0728516	1.27634	747.845
LLLGLLTGLLTGLLTTLLILI	LLLGLLTGLLTGLLVTLLILI	27.5254	30.1226	1.27634	0.0728516	724.369
LLLGLLTGLLTGLLVTLLILI	LLLGLLTGLLTGLLTTLLILI	30.1226	27.5476	0.0728516	1.27634	699.602
LLLGLLTGLLTGLLTTLLILI	LLLGLLTGLLTGLLTILLILI	27.5264	28.7966	1.2552	0.0756774	673.628
LLLGLLTGLLTGLLTILLILI	LLLGLLTGLLTGLLTTLLILI	28.7966	27.5042	0.0756774	1.2552	646.557
LLLGLLTGLLTGLLTTLLILI	LLLGLLVGLLTGLLTTLLILI	27.5254	29.7154	1.27634	0.0728516	618.524
LLLGLLVGLLTGLLTTLLILI	LLLGLLVGLLTGLLTILLILI	30.7507	32.2134	1.10811	0.098896	589.688
LLLGLLVGLLTGLLTILLILI	LLLGLLTGLLTGLLTILLILI	32.2098	29.8716	0.0952708	1.12845	560.23
LLLGLLTGLLTGLLTILLILI	LLLGLLVGLLTGLLTILLILI	29.8716	32.2098	1.12845	0.0952708	470.152
LLLGLLVGLLTGLLTILLILI	LLLGLLVGLLTGLLTTLLILI	32.2134	30.7507	0.098896	1.10811	440.27
LLLGLLVGLLTGLLTTLLILI	LLLGLLTGLLTGLLTTLLILI	29.7154	27.5254	0.0728516	1.27634	410.812
LLLGLLTGLLTGLLTTLLILI	LLLGLLTGLLTGLLTILLILI	27.5042	28.8188	1.2552	0.0756774	300.898
LLLGLLTGLLTGLLTILLILI	LLLGLLTGLLTGLLTTLLILI	28.8188	27.5042	0.0756774	1.2552	276.131
Time: 101s
