MCAccept 0 xShift: 8.50645 crossingAngle: -41.92 axialRotation: -37.45 zShift: 0.81 energy: 92.8464
MCAccept 1 xShift: 8.51126 crossingAngle: -41.92 axialRotation: -37.45 zShift: 0.81 energy: 92.9662
MCReject   xShift: 8.51126 crossingAngle: -41.92 axialRotation: -37.4301 zShift: 0.81 energy: 95.3942
MCAccept 2 xShift: 8.51126 crossingAngle: -41.92 axialRotation: -37.45 zShift: 0.81174 energy: 92.6006
MCReject   xShift: 8.51126 crossingAngle: -41.8633 axialRotation: -37.45 zShift: 0.81174 energy: 94.7673
MCReject   xShift: 8.51126 crossingAngle: -41.92 axialRotation: -37.5236 zShift: 0.81174 energy: 92.818
MCReject   xShift: 8.48023 crossingAngle: -41.92 axialRotation: -37.45 zShift: 0.81174 energy: 92.818
MCAccept 3 xShift: 8.51126 crossingAngle: -41.92 axialRotation: -37.45 zShift: 0.817739 energy: 92.0966
MCAccept 4 xShift: 8.51126 crossingAngle: -41.8771 axialRotation: -37.45 zShift: 0.817739 energy: 91.76
MCAccept 5 xShift: 8.51126 crossingAngle: -41.9066 axialRotation: -37.45 zShift: 0.817739 energy: 91.76
MCAccept 6 xShift: 8.51126 crossingAngle: -41.9066 axialRotation: -37.45 zShift: 0.829203 energy: 90.1832
MCAccept 7 xShift: 8.51126 crossingAngle: -41.9066 axialRotation: -37.3647 zShift: 0.829203 energy: 90.1832
MCReject   xShift: 8.51756 crossingAngle: -41.9066 axialRotation: -37.3647 zShift: 0.829203 energy: 90.3038
MCAccept 8 xShift: 8.49068 crossingAngle: -41.9066 axialRotation: -37.3647 zShift: 0.829203 energy: 89.6539
MCReject   xShift: 8.49068 crossingAngle: -41.7966 axialRotation: -37.3647 zShift: 0.829203 energy: 90.3038
MCAccept 9 xShift: 8.49068 crossingAngle: -41.811 axialRotation: -37.3647 zShift: 0.829203 energy: 89.6963
MCReject   xShift: 8.49068 crossingAngle: -41.7845 axialRotation: -37.3647 zShift: 0.829203 energy: 89.8677
MCReject   xShift: 8.49068 crossingAngle: -41.811 axialRotation: -37.2239 zShift: 0.829203 energy: 90.398
MCAccept 10 xShift: 8.49068 crossingAngle: -41.811 axialRotation: -37.3647 zShift: 0.836474 energy: 89.4167
MCAccept 11 xShift: 8.49068 crossingAngle: -41.811 axialRotation: -37.3635 zShift: 0.836474 energy: 89.2029
MCAccept 12 xShift: 8.49068 crossingAngle: -41.811 axialRotation: -37.3794 zShift: 0.836474 energy: 88.8508
MCReject   xShift: 8.49068 crossingAngle: -41.811 axialRotation: -37.3342 zShift: 0.836474 energy: 91.6493
MCReject   xShift: 8.48528 crossingAngle: -41.811 axialRotation: -37.3794 zShift: 0.836474 energy: 89.3239
MCReject   xShift: 8.49068 crossingAngle: -41.8421 axialRotation: -37.3794 zShift: 0.836474 energy: 89.3239
MCReject   xShift: 8.4822 crossingAngle: -41.811 axialRotation: -37.3794 zShift: 0.836474 energy: 89.5377
MCReject   xShift: 8.49068 crossingAngle: -41.673 axialRotation: -37.3794 zShift: 0.836474 energy: 89.2029
MCReject   xShift: 8.49593 crossingAngle: -41.811 axialRotation: -37.3794 zShift: 0.836474 energy: 89.4167
MCAccept 13 xShift: 8.49068 crossingAngle: -41.811 axialRotation: -37.3794 zShift: 0.844663 energy: 87.6333
MCAccept 14 xShift: 8.49068 crossingAngle: -41.8762 axialRotation: -37.3794 zShift: 0.844663 energy: 87.5134
MCReject   xShift: 8.49068 crossingAngle: -41.8749 axialRotation: -37.3794 zShift: 0.844663 energy: 93.7151
MCReject   xShift: 8.49068 crossingAngle: -41.8762 axialRotation: -37.3531 zShift: 0.844663 energy: 88.1171
MCReject   xShift: 8.49068 crossingAngle: -41.8762 axialRotation: -37.3794 zShift: 0.840075 energy: 88.9364
MCAccept 15 xShift: 8.49068 crossingAngle: -41.8762 axialRotation: -37.3794 zShift: 0.854019 energy: 86.3873
MCReject   xShift: 8.4764 crossingAngle: -41.8762 axialRotation: -37.3794 zShift: 0.854019 energy: 87.0215
MCReject   xShift: 8.49068 crossingAngle: -41.8762 axialRotation: -37.3794 zShift: 0.853152 energy: 87.0115
MCAccept 16 xShift: 8.49068 crossingAngle: -41.8762 axialRotation: -37.3794 zShift: 0.873247 energy: 84.4734
MCReject   xShift: 8.49068 crossingAngle: -41.8762 axialRotation: -37.3794 zShift: 0.865031 energy: 85.6202
MCReject   xShift: 8.49068 crossingAngle: -41.8762 axialRotation: -37.4502 zShift: 0.873247 energy: 84.596
MCAccept 17 xShift: 8.47508 crossingAngle: -41.8762 axialRotation: -37.3794 zShift: 0.873247 energy: 84.4734
MCReject   xShift: 8.47508 crossingAngle: -41.8762 axialRotation: -37.3794 zShift: 0.84893 energy: 93.0138
MCAccept 18 xShift: 8.49451 crossingAngle: -41.8762 axialRotation: -37.3794 zShift: 0.873247 energy: 84.596
MCAccept 19 xShift: 8.48419 crossingAngle: -41.8762 axialRotation: -37.3794 zShift: 0.873247 energy: 83.1344
MCReject   xShift: 8.48419 crossingAngle: -41.8762 axialRotation: -37.1173 zShift: 0.873247 energy: 85.5338
MCReject   xShift: 8.48419 crossingAngle: -41.8688 axialRotation: -37.3794 zShift: 0.873247 energy: 84.6815
MCReject   xShift: 8.48419 crossingAngle: -41.8762 axialRotation: -37.4903 zShift: 0.873247 energy: 84.6815
MCReject   xShift: 8.49628 crossingAngle: -41.8762 axialRotation: -37.3794 zShift: 0.873247 energy: 84.596
MCReject   xShift: 8.48419 crossingAngle: -41.8762 axialRotation: -37.3794 zShift: 0.858734 energy: 86.2953
MCReject   xShift: 8.48419 crossingAngle: -41.8762 axialRotation: -37.3794 zShift: 0.873043 energy: 84.6213
MCReject   xShift: 8.48419 crossingAngle: -41.8762 axialRotation: -37.3794 zShift: 0.868714 energy: 84.2492
MCReject   xShift: 8.48419 crossingAngle: -41.8762 axialRotation: -37.3794 zShift: 0.878588 energy: 83.9401
MCAccept 20 xShift: 8.48419 crossingAngle: -41.8762 axialRotation: -37.3794 zShift: 0.88367 energy: 83.4064
MCAccept 21 xShift: 8.48419 crossingAngle: -41.8762 axialRotation: -37.3794 zShift: 0.890163 energy: 82.6266
MCReject   xShift: 8.48419 crossingAngle: -41.8627 axialRotation: -37.3794 zShift: 0.890163 energy: 86.7838
MCReject   xShift: 8.48317 crossingAngle: -41.8762 axialRotation: -37.3794 zShift: 0.890163 energy: 87.6541
MCAccept 22 xShift: 8.48419 crossingAngle: -41.8762 axialRotation: -37.3794 zShift: 0.902926 energy: 81.2499
MCAccept 23 xShift: 8.48419 crossingAngle: -41.8951 axialRotation: -37.3794 zShift: 0.902926 energy: 81.0465
MCAccept 24 xShift: 8.48419 crossingAngle: -41.8951 axialRotation: -37.2456 zShift: 0.902926 energy: 79.154
MCReject   xShift: 8.48527 crossingAngle: -41.8951 axialRotation: -37.2456 zShift: 0.902926 energy: 80.9224
MCReject   xShift: 8.49049 crossingAngle: -41.8951 axialRotation: -37.2456 zShift: 0.902926 energy: 81.2499
MCReject   xShift: 8.48419 crossingAngle: -41.7643 axialRotation: -37.2456 zShift: 0.902926 energy: 85.3175
MCReject   xShift: 8.48419 crossingAngle: -41.9453 axialRotation: -37.2456 zShift: 0.902926 energy: 82.1201
MCReject   xShift: 8.49168 crossingAngle: -41.8951 axialRotation: -37.2456 zShift: 0.902926 energy: 80.2124
MCReject   xShift: 8.46712 crossingAngle: -41.8951 axialRotation: -37.2456 zShift: 0.902926 energy: 83.159
MCReject   xShift: 8.48802 crossingAngle: -41.8951 axialRotation: -37.2456 zShift: 0.902926 energy: 81.0465
MCReject   xShift: 8.48419 crossingAngle: -41.7977 axialRotation: -37.2456 zShift: 0.902926 energy: 86.471
MCReject   xShift: 8.48419 crossingAngle: -41.8951 axialRotation: -37.2456 zShift: 0.901153 energy: 85.5146
MCReject   xShift: 8.48419 crossingAngle: -41.6954 axialRotation: -37.2456 zShift: 0.902926 energy: 81.0465
MCReject   xShift: 8.48419 crossingAngle: -41.9687 axialRotation: -37.2456 zShift: 0.902926 energy: 81.2499
MCReject   xShift: 8.48476 crossingAngle: -41.8951 axialRotation: -37.2456 zShift: 0.902926 energy: 80.9224
MCReject   xShift: 8.48419 crossingAngle: -41.7047 axialRotation: -37.2456 zShift: 0.902926 energy: 82.1188
MCReject   xShift: 8.47698 crossingAngle: -41.8951 axialRotation: -37.2456 zShift: 0.902926 energy: 83.0349
MCReject   xShift: 8.48419 crossingAngle: -41.8951 axialRotation: -37.2456 zShift: 0.902394 energy: 81.108
MCReject   xShift: 8.48419 crossingAngle: -41.8951 axialRotation: -37.3079 zShift: 0.902926 energy: 80.9224
MCReject   xShift: 8.48419 crossingAngle: -41.9169 axialRotation: -37.2456 zShift: 0.902926 energy: 81.0465
MCReject   xShift: 8.48419 crossingAngle: -41.8951 axialRotation: -37.2456 zShift: 0.904674 energy: 81.0477
MCReject   xShift: 8.48419 crossingAngle: -41.9723 axialRotation: -37.2456 zShift: 0.902926 energy: 80.9224
MCReject   xShift: 8.48419 crossingAngle: -41.8951 axialRotation: -37.2456 zShift: 0.866183 energy: 85.3531
MCReject   xShift: 8.48419 crossingAngle: -42.0012 axialRotation: -37.2456 zShift: 0.902926 energy: 81.0465
MCReject   xShift: 8.47681 crossingAngle: -41.8951 axialRotation: -37.2456 zShift: 0.902926 energy: 81.0465
MCReject   xShift: 8.48419 crossingAngle: -41.9027 axialRotation: -37.2456 zShift: 0.902926 energy: 83.159
MCReject   xShift: 8.48419 crossingAngle: -41.8951 axialRotation: -37.2456 zShift: 0.904334 energy: 80.7596
MCReject   xShift: 8.48419 crossingAngle: -41.8951 axialRotation: -37.2456 zShift: 0.8953 energy: 81.9365
MCReject   xShift: 8.48419 crossingAngle: -41.9698 axialRotation: -37.2456 zShift: 0.902926 energy: 81.0465
MCReject   xShift: 8.48419 crossingAngle: -41.8951 axialRotation: -37.2451 zShift: 0.902926 energy: 80.2051
MCReject   xShift: 8.48419 crossingAngle: -41.8951 axialRotation: -37.2777 zShift: 0.902926 energy: 81.2499
MCReject   xShift: 8.48419 crossingAngle: -41.8951 axialRotation: -37.2456 zShift: 0.91146 energy: 80.1459
MCReject   xShift: 8.48017 crossingAngle: -41.8951 axialRotation: -37.2456 zShift: 0.902926 energy: 81.0465
MCReject   xShift: 8.47841 crossingAngle: -41.8951 axialRotation: -37.2456 zShift: 0.902926 energy: 81.1259
MCReject   xShift: 8.48419 crossingAngle: -41.8951 axialRotation: -37.206 zShift: 0.902926 energy: 80.9224
MCReject   xShift: 8.48419 crossingAngle: -41.7852 axialRotation: -37.2456 zShift: 0.902926 energy: 81.1259
MCReject   xShift: 8.48337 crossingAngle: -41.8951 axialRotation: -37.2456 zShift: 0.902926 energy: 81.0465
MCReject   xShift: 8.49328 crossingAngle: -41.8951 axialRotation: -37.2456 zShift: 0.902926 energy: 81.0465
MCReject   xShift: 8.48419 crossingAngle: -41.8951 axialRotation: -37.1953 zShift: 0.902926 energy: 81.1259
MCReject   xShift: 8.45962 crossingAngle: -41.8951 axialRotation: -37.2456 zShift: 0.902926 energy: 84.3902
MCReject   xShift: 8.48419 crossingAngle: -41.8951 axialRotation: -36.9638 zShift: 0.902926 energy: 80.9224
MCReject   xShift: 8.48419 crossingAngle: -42.0386 axialRotation: -37.2456 zShift: 0.902926 energy: 80.9224
MCReject   xShift: 8.48419 crossingAngle: -41.8951 axialRotation: -37.2456 zShift: 0.892272 energy: 81.6981
MCReject   xShift: 8.48419 crossingAngle: -41.8951 axialRotation: -37.1762 zShift: 0.902926 energy: 81.0465
MCReject   xShift: 8.50023 crossingAngle: -41.8951 axialRotation: -37.2456 zShift: 0.902926 energy: 82.2427
MCAccept 25 xShift: 8.48419 crossingAngle: -41.8951 axialRotation: -37.2456 zShift: 0.920454 energy: 78.9324
MCAccept 26 xShift: 8.48419 crossingAngle: -41.8951 axialRotation: -37.2456 zShift: 0.937334 energy: 78.7893
MCAccept 27 xShift: 8.48419 crossingAngle: -41.9271 axialRotation: -37.2456 zShift: 0.937334 energy: 76.0683
MCAccept 28 xShift: 8.48419 crossingAngle: -41.9052 axialRotation: -37.2456 zShift: 0.937334 energy: 76.1955
MCReject   xShift: 8.48557 crossingAngle: -41.9052 axialRotation: -37.2456 zShift: 0.937334 energy: 76.3364
MCReject   xShift: 8.48419 crossingAngle: -41.9052 axialRotation: -37.2456 zShift: 0.924179 energy: 83.6785
MCReject   xShift: 8.48419 crossingAngle: -41.7372 axialRotation: -37.2456 zShift: 0.937334 energy: 76.6069
MCReject   xShift: 8.49035 crossingAngle: -41.9052 axialRotation: -37.2456 zShift: 0.937334 energy: 77.2874
MCAccept 29 xShift: 8.48419 crossingAngle: -41.5915 axialRotation: -37.2456 zShift: 0.937334 energy: 75.4289
MCReject   xShift: 8.48419 crossingAngle: -41.5915 axialRotation: -37.2456 zShift: 0.926539 energy: 77.4708
MCReject   xShift: 8.48419 crossingAngle: -41.6518 axialRotation: -37.2456 zShift: 0.937334 energy: 78.8547
MCAccept 30 xShift: 8.48419 crossingAngle: -41.5915 axialRotation: -37.2456 zShift: 0.95331 energy: 73.3395
MCAccept 31 xShift: 8.48419 crossingAngle: -41.5915 axialRotation: -37.0649 zShift: 0.95331 energy: 73.3395
MCReject   xShift: 8.49989 crossingAngle: -41.5915 axialRotation: -37.0649 zShift: 0.95331 energy: 74.5686
MCAccept 32 xShift: 8.47975 crossingAngle: -41.5915 axialRotation: -37.0649 zShift: 0.95331 energy: 73.3395
MCReject   xShift: 8.47975 crossingAngle: -41.5739 axialRotation: -37.0649 zShift: 0.95331 energy: 76.1363
MCReject   xShift: 8.47975 crossingAngle: -41.5915 axialRotation: -37.0103 zShift: 0.95331 energy: 77.0173
MCAccept 33 xShift: 8.47982 crossingAngle: -41.5915 axialRotation: -37.0649 zShift: 0.95331 energy: 73.4659
MCAccept 34 xShift: 8.47298 crossingAngle: -41.5915 axialRotation: -37.0649 zShift: 0.95331 energy: 73.4659
MCReject   xShift: 8.47298 crossingAngle: -41.5915 axialRotation: -36.8465 zShift: 0.95331 energy: 74.6683
MCReject   xShift: 8.47298 crossingAngle: -41.4597 axialRotation: -37.0649 zShift: 0.95331 energy: 73.6613
MCReject   xShift: 8.47328 crossingAngle: -41.5915 axialRotation: -37.0649 zShift: 0.95331 energy: 74.5686
MCReject   xShift: 8.45455 crossingAngle: -41.5915 axialRotation: -37.0649 zShift: 0.95331 energy: 74.6949
MCReject   xShift: 8.47298 crossingAngle: -41.5915 axialRotation: -37.1115 zShift: 0.95331 energy: 73.6613
MCAccept 35 xShift: 8.47298 crossingAngle: -41.5915 axialRotation: -37.1664 zShift: 0.95331 energy: 73.3395
MCReject   xShift: 8.47861 crossingAngle: -41.5915 axialRotation: -37.1664 zShift: 0.95331 energy: 73.5349
MCAccept 36 xShift: 8.4702 crossingAngle: -41.5915 axialRotation: -37.1664 zShift: 0.95331 energy: 73.3395
MCReject   xShift: 8.4702 crossingAngle: -41.5468 axialRotation: -37.1664 zShift: 0.95331 energy: 74.5686
MCAccept 37 xShift: 8.4702 crossingAngle: -41.5915 axialRotation: -37.1664 zShift: 0.953501 energy: 73.3188
MCAccept 38 xShift: 8.4702 crossingAngle: -41.5915 axialRotation: -37.1664 zShift: 0.963587 energy: 72.5616
MCAccept 39 xShift: 8.4702 crossingAngle: -41.5915 axialRotation: -37.1576 zShift: 0.963587 energy: 72.2411
MCReject   xShift: 8.4702 crossingAngle: -41.5915 axialRotation: -37.1576 zShift: 0.950885 energy: 77.8329
MCReject   xShift: 8.4702 crossingAngle: -41.5915 axialRotation: -37.1576 zShift: 0.961795 energy: 72.4305
MCAccept 40 xShift: 8.4702 crossingAngle: -41.578 axialRotation: -37.1576 zShift: 0.963587 energy: 72.2411
MCReject   xShift: 8.4702 crossingAngle: -41.578 axialRotation: -37.2203 zShift: 0.963587 energy: 76.1557
MCReject   xShift: 8.4702 crossingAngle: -41.578 axialRotation: -37.1576 zShift: 0.951324 energy: 74.685
MCReject   xShift: 8.4702 crossingAngle: -41.578 axialRotation: -37.052 zShift: 0.963587 energy: 72.5616
MCReject   xShift: 8.4702 crossingAngle: -41.4938 axialRotation: -37.1576 zShift: 0.963587 energy: 75.8901
MCReject   xShift: 8.4702 crossingAngle: -41.578 axialRotation: -37.1576 zShift: 0.948443 energy: 75.1862
MCReject   xShift: 8.4702 crossingAngle: -41.578 axialRotation: -37.1576 zShift: 0.95465 energy: 73.3898
MCAccept 41 xShift: 8.4702 crossingAngle: -41.578 axialRotation: -37.1576 zShift: 0.979484 energy: 71.4728
MCReject   xShift: 8.46647 crossingAngle: -41.578 axialRotation: -37.1576 zShift: 0.979484 energy: 72.7075
MCAccept 42 xShift: 8.4702 crossingAngle: -41.578 axialRotation: -37.3347 zShift: 0.979484 energy: 70.79
MCReject   xShift: 8.4702 crossingAngle: -41.578 axialRotation: -37.2535 zShift: 0.979484 energy: 72.7075
MCAccept 43 xShift: 8.47077 crossingAngle: -41.578 axialRotation: -37.3347 zShift: 0.979484 energy: 70.599
MCReject   xShift: 8.46308 crossingAngle: -41.578 axialRotation: -37.3347 zShift: 0.979484 energy: 71.804
MCAccept 44 xShift: 8.47077 crossingAngle: -41.578 axialRotation: -37.2957 zShift: 0.979484 energy: 70.599
MCReject   xShift: 8.47077 crossingAngle: -41.578 axialRotation: -37.2826 zShift: 0.979484 energy: 73.8101
MCAccept 45 xShift: 8.47077 crossingAngle: -41.6036 axialRotation: -37.2957 zShift: 0.979484 energy: 70.599
MCReject   xShift: 8.47077 crossingAngle: -41.6036 axialRotation: -37.2957 zShift: 0.976938 energy: 71.7801
MCAccept 46 xShift: 8.46239 crossingAngle: -41.6036 axialRotation: -37.2957 zShift: 0.979484 energy: 70.599
MCReject   xShift: 8.46239 crossingAngle: -41.3635 axialRotation: -37.2957 zShift: 0.979484 energy: 72.8351
MCReject   xShift: 8.46239 crossingAngle: -41.6036 axialRotation: -37.3051 zShift: 0.979484 energy: 70.7266
MCReject   xShift: 8.46239 crossingAngle: -41.578 axialRotation: -37.2957 zShift: 0.979484 energy: 73.8101
MCAccept 47 xShift: 8.46239 crossingAngle: -41.6036 axialRotation: -37.2957 zShift: 0.985261 energy: 70.3371
MCAccept 48 xShift: 8.46239 crossingAngle: -41.6036 axialRotation: -37.2957 zShift: 0.989461 energy: 69.6035
MCReject   xShift: 8.46239 crossingAngle: -41.6249 axialRotation: -37.2957 zShift: 0.989461 energy: 70.1531
MCReject   xShift: 8.46239 crossingAngle: -41.5917 axialRotation: -37.2957 zShift: 0.989461 energy: 69.9207
MCAccept 49 xShift: 8.46239 crossingAngle: -41.6036 axialRotation: -37.1169 zShift: 0.989461 energy: 69.6035
MCReject   xShift: 8.46239 crossingAngle: -41.6036 axialRotation: -37.1669 zShift: 0.989461 energy: 72.5742
MCReject   xShift: 8.46239 crossingAngle: -41.6036 axialRotation: -37.0832 zShift: 0.989461 energy: 70.2811
MCReject   xShift: 8.47155 crossingAngle: -41.6036 axialRotation: -37.1169 zShift: 0.989461 energy: 72.5742
MCAccept 50 xShift: 8.46239 crossingAngle: -41.6036 axialRotation: -37.1169 zShift: 0.995233 energy: 69.6007
MCReject   xShift: 8.46239 crossingAngle: -41.6036 axialRotation: -37.1655 zShift: 0.995233 energy: 71.8794
MCAccept 51 xShift: 8.46239 crossingAngle: -41.6036 axialRotation: -37.2309 zShift: 0.995233 energy: 69.3563
MCReject   xShift: 8.46239 crossingAngle: -41.6036 axialRotation: -37.2309 zShift: 0.974955 energy: 71.1872
MCAccept 52 xShift: 8.46239 crossingAngle: -41.6988 axialRotation: -37.2309 zShift: 0.995233 energy: 69.1681
MCReject   xShift: 8.46239 crossingAngle: -41.6988 axialRotation: -37.2309 zShift: 0.993483 energy: 69.8064
MCReject   xShift: 8.46239 crossingAngle: -41.6141 axialRotation: -37.2309 zShift: 0.995233 energy: 69.6007
MCAccept 53 xShift: 8.46239 crossingAngle: -41.6988 axialRotation: -37.2309 zShift: 0.995273 energy: 69.036
MCReject   xShift: 8.46239 crossingAngle: -41.626 axialRotation: -37.2309 zShift: 0.995273 energy: 69.4678
MCReject   xShift: 8.46158 crossingAngle: -41.6988 axialRotation: -37.2309 zShift: 0.995273 energy: 70.8221
MCReject   xShift: 8.46239 crossingAngle: -41.6988 axialRotation: -37.2361 zShift: 0.995273 energy: 69.3525
MCAccept 54 xShift: 8.46239 crossingAngle: -41.6988 axialRotation: -37.2309 zShift: 1.00325 energy: 68.666
MCAccept 55 xShift: 8.45171 crossingAngle: -41.6988 axialRotation: -37.2309 zShift: 1.00325 energy: 68.666
MCReject   xShift: 8.45171 crossingAngle: -41.5706 axialRotation: -37.2309 zShift: 1.00325 energy: 70.9717
MCAccept 56 xShift: 8.45171 crossingAngle: -41.6988 axialRotation: -37.2686 zShift: 1.00325 energy: 68.4
MCReject   xShift: 8.45478 crossingAngle: -41.6988 axialRotation: -37.2686 zShift: 1.00325 energy: 71.3307
MCReject   xShift: 8.45171 crossingAngle: -41.5854 axialRotation: -37.2686 zShift: 1.00325 energy: 68.4582
MCAccept 57 xShift: 8.45171 crossingAngle: -41.7582 axialRotation: -37.2686 zShift: 1.00325 energy: 68.4
MCAccept 58 xShift: 8.4501 crossingAngle: -41.7582 axialRotation: -37.2686 zShift: 1.00325 energy: 68.2713
MCAccept 59 xShift: 8.4501 crossingAngle: -41.7582 axialRotation: -37.2686 zShift: 1.00788 energy: 68.0031
MCReject   xShift: 8.4501 crossingAngle: -41.7133 axialRotation: -37.2686 zShift: 1.00788 energy: 68.1319
MCReject   xShift: 8.4501 crossingAngle: -41.6163 axialRotation: -37.2686 zShift: 1.00788 energy: 68.0216
MCReject   xShift: 8.4501 crossingAngle: -41.7796 axialRotation: -37.2686 zShift: 1.00788 energy: 68.1319
MCAccept 60 xShift: 8.4501 crossingAngle: -41.7582 axialRotation: -37.2686 zShift: 1.03536 energy: 65.0459
MCReject   xShift: 8.45687 crossingAngle: -41.7582 axialRotation: -37.2686 zShift: 1.03536 energy: 66.3477
MCAccept 61 xShift: 8.4501 crossingAngle: -41.7582 axialRotation: -37.2686 zShift: 1.04318 energy: 64.814
MCAccept 62 xShift: 8.4501 crossingAngle: -41.7582 axialRotation: -37.0629 zShift: 1.04318 energy: 64.0424
MCAccept 63 xShift: 8.4501 crossingAngle: -41.7582 axialRotation: -37.0629 zShift: 1.05386 energy: 62.5707
MCAccept 64 xShift: 8.4501 crossingAngle: -41.7582 axialRotation: -37.111 zShift: 1.05386 energy: 62.5707
MCReject   xShift: 8.4501 crossingAngle: -41.7582 axialRotation: -37.111 zShift: 1.05433 energy: 63.827
MCReject   xShift: 8.4501 crossingAngle: -41.741 axialRotation: -37.111 zShift: 1.05386 energy: 62.7035
MCReject   xShift: 8.4501 crossingAngle: -41.7582 axialRotation: -37.111 zShift: 1.06044 energy: 62.9991
MCAccept 65 xShift: 8.4501 crossingAngle: -41.7582 axialRotation: -37.1083 zShift: 1.05386 energy: 62.5707
MCAccept 66 xShift: 8.4501 crossingAngle: -41.7582 axialRotation: -36.9609 zShift: 1.05386 energy: 62.5707
MCReject   xShift: 8.45406 crossingAngle: -41.7582 axialRotation: -36.9609 zShift: 1.05386 energy: 63.6076
MCReject   xShift: 8.4501 crossingAngle: -41.7582 axialRotation: -36.9077 zShift: 1.05386 energy: 65.4194
MCReject   xShift: 8.4501 crossingAngle: -41.5515 axialRotation: -36.9609 zShift: 1.05386 energy: 62.7035
MCReject   xShift: 8.43451 crossingAngle: -41.7582 axialRotation: -36.9609 zShift: 1.05386 energy: 62.7035
MCAccept 67 xShift: 8.4501 crossingAngle: -41.7582 axialRotation: -37.1195 zShift: 1.05386 energy: 62.5707
MCReject   xShift: 8.4501 crossingAngle: -41.7582 axialRotation: -37.1697 zShift: 1.05386 energy: 63.6076
MCReject   xShift: 8.4501 crossingAngle: -41.7582 axialRotation: -37.1073 zShift: 1.05386 energy: 65.1533
MCAccept 68 xShift: 8.4501 crossingAngle: -41.7582 axialRotation: -37.1195 zShift: 1.06247 energy: 61.5437
MCReject   xShift: 8.4501 crossingAngle: -41.7582 axialRotation: -37.1195 zShift: 1.05126 energy: 63.0582
MCAccept 69 xShift: 8.4501 crossingAngle: -41.7425 axialRotation: -37.1195 zShift: 1.06247 energy: 61.5437
MCAccept 70 xShift: 8.4501 crossingAngle: -41.7425 axialRotation: -37.3318 zShift: 1.06247 energy: 61.5437
MCReject   xShift: 8.4501 crossingAngle: -41.7425 axialRotation: -37.3318 zShift: 1.06044 energy: 61.8152
MCAccept 71 xShift: 8.4501 crossingAngle: -41.8138 axialRotation: -37.3318 zShift: 1.06247 energy: 61.4106
MCReject   xShift: 8.4501 crossingAngle: -41.8138 axialRotation: -37.3814 zShift: 1.06247 energy: 61.7841
MCReject   xShift: 8.44653 crossingAngle: -41.8138 axialRotation: -37.3318 zShift: 1.06247 energy: 61.5437
MCReject   xShift: 8.4501 crossingAngle: -41.8138 axialRotation: -37.3259 zShift: 1.06247 energy: 61.9172
MCAccept 72 xShift: 8.4501 crossingAngle: -41.8138 axialRotation: -37.0789 zShift: 1.06247 energy: 61.4106
MCAccept 73 xShift: 8.4501 crossingAngle: -41.8138 axialRotation: -37.1202 zShift: 1.06247 energy: 61.4106
MCAccept 74 xShift: 8.4501 crossingAngle: -41.8138 axialRotation: -37.2801 zShift: 1.06247 energy: 61.4106
MCReject   xShift: 8.4501 crossingAngle: -41.8138 axialRotation: -37.4024 zShift: 1.06247 energy: 64.0582
MCAccept 75 xShift: 8.46054 crossingAngle: -41.8138 axialRotation: -37.2801 zShift: 1.06247 energy: 61.4106
MCReject   xShift: 8.46054 crossingAngle: -41.8138 axialRotation: -37.2801 zShift: 1.04332 energy: 65.4813
MCAccept 76 xShift: 8.45805 crossingAngle: -41.8138 axialRotation: -37.2801 zShift: 1.06247 energy: 61.4106
MCAccept 77 xShift: 8.47298 crossingAngle: -41.8138 axialRotation: -37.2801 zShift: 1.06247 energy: 61.4106
MCReject   xShift: 8.47298 crossingAngle: -41.8138 axialRotation: -37.2796 zShift: 1.06247 energy: 64.1914
MCAccept 78 xShift: 8.47298 crossingAngle: -41.8138 axialRotation: -37.2801 zShift: 1.07276 energy: 60.1882
MCAccept 79 xShift: 8.47332 crossingAngle: -41.8138 axialRotation: -37.2801 zShift: 1.07276 energy: 60.0546
MCReject   xShift: 8.47332 crossingAngle: -41.8465 axialRotation: -37.2801 zShift: 1.07276 energy: 60.1882
MCReject   xShift: 8.47332 crossingAngle: -41.8498 axialRotation: -37.2801 zShift: 1.07276 energy: 60.1882
MCAccept 80 xShift: 8.47332 crossingAngle: -41.8138 axialRotation: -37.2801 zShift: 1.09214 energy: 57.8286
MCAccept 81 xShift: 8.47332 crossingAngle: -41.8138 axialRotation: -37.2801 zShift: 1.12147 energy: 54.1658
MCAccept 82 xShift: 8.47332 crossingAngle: -41.8995 axialRotation: -37.2801 zShift: 1.12147 energy: 54.0299
MCReject   xShift: 8.47458 crossingAngle: -41.8995 axialRotation: -37.2801 zShift: 1.12147 energy: 55.4143
MCAccept 83 xShift: 8.47332 crossingAngle: -41.8995 axialRotation: -37.2801 zShift: 1.13406 energy: 53.8746
MCReject   xShift: 8.47332 crossingAngle: -41.7648 axialRotation: -37.2801 zShift: 1.13406 energy: 56.1362
MCReject   xShift: 8.47631 crossingAngle: -41.8995 axialRotation: -37.2801 zShift: 1.13406 energy: 53.9572
MCAccept 84 xShift: 8.47332 crossingAngle: -41.8995 axialRotation: -37.2801 zShift: 1.13752 energy: 52.3206
MCAccept 85 xShift: 8.47332 crossingAngle: -41.8995 axialRotation: -37.2442 zShift: 1.13752 energy: 52.3206
MCReject   xShift: 8.47332 crossingAngle: -41.8995 axialRotation: -37.2442 zShift: 1.1252 energy: 53.9263
MCAccept 86 xShift: 8.47166 crossingAngle: -41.8995 axialRotation: -37.2442 zShift: 1.13752 energy: 52.184
MCReject   xShift: 8.47166 crossingAngle: -41.8486 axialRotation: -37.2442 zShift: 1.13752 energy: 53.5638
MCReject   xShift: 8.47166 crossingAngle: -41.8995 axialRotation: -37.2164 zShift: 1.13752 energy: 52.3206
MCReject   xShift: 8.47166 crossingAngle: -41.8995 axialRotation: -37.2442 zShift: 1.13746 energy: 52.3268
MCReject   xShift: 8.47166 crossingAngle: -41.9514 axialRotation: -37.2442 zShift: 1.13752 energy: 53.7004
MCAccept 87 xShift: 8.47166 crossingAngle: -41.8995 axialRotation: -37.2442 zShift: 1.14323 energy: 51.5429
MCAccept 88 xShift: 8.47166 crossingAngle: -41.8995 axialRotation: -37.2442 zShift: 1.14788 energy: 51.1633
MCAccept 89 xShift: 8.46328 crossingAngle: -41.8995 axialRotation: -37.2442 zShift: 1.14788 energy: 51.0262
Energy #0: 51.0262
***GEOMETRY SHIFT***
xShift;        Before: 8.52; After: 8.46328
crossingAngle; Before: -41.92; After: -41.8995
axialRotation; Before: -37.45; After: -37.2442
zShift;        Before: 0.81; After: 1.14788
Energy;        Before: 5.75797e+15; After: 51.0262

Completed all cycles. Accepted 90/242
Monte Carlo repack complete. Time: 60.7667min

