MCAccept 0 xShift: 8.24 crossingAngle: -42.1287 axialRotation: -9.1 zShift: 4.98 energy: -10.2394
MCAccept 1 xShift: 8.24 crossingAngle: -42.1287 axialRotation: -9.1 zShift: 4.99217 energy: -10.7365
MCAccept 2 xShift: 8.24 crossingAngle: -42.1287 axialRotation: -9.19129 zShift: 4.99217 energy: -10.9482
MCAccept 3 xShift: 8.24 crossingAngle: -42.1423 axialRotation: -9.19129 zShift: 4.99217 energy: -10.9482
MCAccept 4 xShift: 8.24556 crossingAngle: -42.1423 axialRotation: -9.19129 zShift: 4.99217 energy: -10.9279
MCReject   xShift: 8.24556 crossingAngle: -42.1423 axialRotation: -9.19129 zShift: 4.97984 energy: -10.5917
MCAccept 5 xShift: 8.24556 crossingAngle: -42.1423 axialRotation: -9.19129 zShift: 5.00915 energy: -10.6387
MCReject   xShift: 8.24556 crossingAngle: -42.1423 axialRotation: -9.27328 zShift: 5.00915 energy: -10.4728
MCReject   xShift: 8.24556 crossingAngle: -42.1423 axialRotation: -9.11452 zShift: 5.00915 energy: -10.5167
MCReject   xShift: 8.24556 crossingAngle: -42.1423 axialRotation: -9.19129 zShift: 5.00109 energy: -10.5262
MCAccept 6 xShift: 8.24556 crossingAngle: -42.1423 axialRotation: -9.19129 zShift: 5.03081 energy: -11.1297
MCReject   xShift: 8.24556 crossingAngle: -42.1423 axialRotation: -9.07926 zShift: 5.03081 energy: -10.5984
MCReject   xShift: 8.24556 crossingAngle: -42.1423 axialRotation: -9.07923 zShift: 5.03081 energy: -9.98371
MCReject   xShift: 8.24556 crossingAngle: -42.0047 axialRotation: -9.19129 zShift: 5.03081 energy: -10.7208
MCReject   xShift: 8.25168 crossingAngle: -42.1423 axialRotation: -9.19129 zShift: 5.03081 energy: -10.7208
MCReject   xShift: 8.24556 crossingAngle: -42.1423 axialRotation: -9.19129 zShift: 5.04928 energy: -10.6553
MCReject   xShift: 8.24556 crossingAngle: -42.1423 axialRotation: -9.19129 zShift: 5.01877 energy: -10.6478
MCReject   xShift: 8.24556 crossingAngle: -42.1423 axialRotation: -9.25278 zShift: 5.03081 energy: -10.5143
MCAccept 7 xShift: 8.23687 crossingAngle: -42.1423 axialRotation: -9.19129 zShift: 5.03081 energy: -11.2232
MCReject   xShift: 8.23687 crossingAngle: -42.3635 axialRotation: -9.19129 zShift: 5.03081 energy: -10.6927
MCReject   xShift: 8.23297 crossingAngle: -42.1423 axialRotation: -9.19129 zShift: 5.03081 energy: -10.5143
MCReject   xShift: 8.23687 crossingAngle: -42.1423 axialRotation: -9.19293 zShift: 5.03081 energy: -10.5905
MCReject   xShift: 8.23687 crossingAngle: -42.1423 axialRotation: -9.18717 zShift: 5.03081 energy: -10.4041
MCReject   xShift: 8.23687 crossingAngle: -41.9522 axialRotation: -9.19129 zShift: 5.03081 energy: -10.738
MCReject   xShift: 8.23687 crossingAngle: -42.1423 axialRotation: -9.15092 zShift: 5.03081 energy: -10.5431
MCReject   xShift: 8.23687 crossingAngle: -42.1423 axialRotation: -9.19129 zShift: 5.04254 energy: -10.6322
MCReject   xShift: 8.23687 crossingAngle: -42.0863 axialRotation: -9.19129 zShift: 5.03081 energy: -11.1211
MCAccept 8 xShift: 8.22115 crossingAngle: -42.1423 axialRotation: -9.19129 zShift: 5.03081 energy: -11.2521
MCReject   xShift: 8.22115 crossingAngle: -42.1423 axialRotation: -9.19129 zShift: 5.02671 energy: -10.7272
MCReject   xShift: 8.22115 crossingAngle: -42.0916 axialRotation: -9.19129 zShift: 5.03081 energy: -10.3676
MCAccept 9 xShift: 8.23225 crossingAngle: -42.1423 axialRotation: -9.19129 zShift: 5.03081 energy: -10.9383
MCAccept 10 xShift: 8.23225 crossingAngle: -42.2805 axialRotation: -9.19129 zShift: 5.03081 energy: -11.1297
MCAccept 11 xShift: 8.22971 crossingAngle: -42.2805 axialRotation: -9.19129 zShift: 5.03081 energy: -11.1008
MCReject   xShift: 8.22971 crossingAngle: -42.1946 axialRotation: -9.19129 zShift: 5.03081 energy: -10.3783
MCReject   xShift: 8.22971 crossingAngle: -42.2805 axialRotation: -9.20629 zShift: 5.03081 energy: -10.3783
MCAccept 12 xShift: 8.22971 crossingAngle: -42.2805 axialRotation: -9.19129 zShift: 5.02267 energy: -11.1887
MCAccept 13 xShift: 8.22971 crossingAngle: -42.4158 axialRotation: -9.19129 zShift: 5.02267 energy: -11.2175
MCReject   xShift: 8.22971 crossingAngle: -42.2819 axialRotation: -9.19129 zShift: 5.02267 energy: -10.9016
MCReject   xShift: 8.22971 crossingAngle: -42.4158 axialRotation: -9.23176 zShift: 5.02267 energy: -10.5684
MCAccept 14 xShift: 8.22971 crossingAngle: -42.4158 axialRotation: -9.19129 zShift: 5.01868 energy: -10.6338
MCAccept 15 xShift: 8.22971 crossingAngle: -42.4136 axialRotation: -9.19129 zShift: 5.01868 energy: -10.5456
MCAccept 16 xShift: 8.22971 crossingAngle: -42.4136 axialRotation: -9.07889 zShift: 5.01868 energy: -11.0779
MCReject   xShift: 8.21326 crossingAngle: -42.4136 axialRotation: -9.07889 zShift: 5.01868 energy: -10.2249
MCAccept 17 xShift: 8.22971 crossingAngle: -42.4136 axialRotation: -9.20203 zShift: 5.01868 energy: -11.0779
MCAccept 18 xShift: 8.22971 crossingAngle: -42.5336 axialRotation: -9.20203 zShift: 5.01868 energy: -10.7611
MCAccept 19 xShift: 8.22971 crossingAngle: -42.5336 axialRotation: -9.2105 zShift: 5.01868 energy: -10.6884
MCReject   xShift: 8.23129 crossingAngle: -42.5336 axialRotation: -9.2105 zShift: 5.01868 energy: -10.2249
MCReject   xShift: 8.22971 crossingAngle: -42.5336 axialRotation: -9.11019 zShift: 5.01868 energy: -10.2536
MCReject   xShift: 8.22971 crossingAngle: -42.5336 axialRotation: -9.3349 zShift: 5.01868 energy: -10.522
MCAccept 20 xShift: 8.23676 crossingAngle: -42.5336 axialRotation: -9.2105 zShift: 5.01868 energy: -11.0491
MCReject   xShift: 8.2444 crossingAngle: -42.5336 axialRotation: -9.2105 zShift: 5.01868 energy: -10.6884
MCReject   xShift: 8.23676 crossingAngle: -42.5336 axialRotation: -9.2105 zShift: 5.01862 energy: -10.6336
MCReject   xShift: 8.23676 crossingAngle: -42.5336 axialRotation: -9.2105 zShift: 4.99994 energy: -10.9849
MCReject   xShift: 8.23676 crossingAngle: -42.5336 axialRotation: -9.2105 zShift: 5.01474 energy: -10.346
MCReject   xShift: 8.23676 crossingAngle: -42.5336 axialRotation: -9.2105 zShift: 5.00458 energy: -10.8225
MCAccept 21 xShift: 8.21703 crossingAngle: -42.5336 axialRotation: -9.2105 zShift: 5.01868 energy: -10.6338
MCAccept 22 xShift: 8.20668 crossingAngle: -42.5336 axialRotation: -9.2105 zShift: 5.01868 energy: -10.6475
MCAccept 23 xShift: 8.20282 crossingAngle: -42.5336 axialRotation: -9.2105 zShift: 5.01868 energy: -10.6884
MCAccept 24 xShift: 8.20326 crossingAngle: -42.5336 axialRotation: -9.2105 zShift: 5.01868 energy: -11.0491
MCAccept 25 xShift: 8.20865 crossingAngle: -42.5336 axialRotation: -9.2105 zShift: 5.01868 energy: -10.8846
MCReject   xShift: 8.22783 crossingAngle: -42.5336 axialRotation: -9.2105 zShift: 5.01868 energy: -10.5456
MCAccept 26 xShift: 8.20865 crossingAngle: -42.5336 axialRotation: -9.2105 zShift: 5.03414 energy: -10.6026
MCAccept 27 xShift: 8.20865 crossingAngle: -42.5336 axialRotation: -9.1767 zShift: 5.03414 energy: -11.266
MCReject   xShift: 8.20865 crossingAngle: -42.5336 axialRotation: -9.25823 zShift: 5.03414 energy: -10.5855
MCReject   xShift: 8.20865 crossingAngle: -42.5336 axialRotation: -9.1767 zShift: 5.01923 energy: -10.334
MCReject   xShift: 8.20865 crossingAngle: -42.5336 axialRotation: -9.2198 zShift: 5.03414 energy: -10.5114
MCReject   xShift: 8.20865 crossingAngle: -42.5336 axialRotation: -9.1767 zShift: 5.03829 energy: -10.6253
MCReject   xShift: 8.20865 crossingAngle: -42.5336 axialRotation: -9.13029 zShift: 5.03414 energy: -10.7157
MCReject   xShift: 8.22052 crossingAngle: -42.5336 axialRotation: -9.1767 zShift: 5.03414 energy: -11.1638
MCReject   xShift: 8.20865 crossingAngle: -42.5336 axialRotation: -9.18073 zShift: 5.03414 energy: -10.267
MCReject   xShift: 8.20865 crossingAngle: -42.5336 axialRotation: -9.1767 zShift: 5.02771 energy: -10.6074
MCReject   xShift: 8.20865 crossingAngle: -42.5336 axialRotation: -9.37943 zShift: 5.03414 energy: -10.8276
MCAccept 28 xShift: 8.20865 crossingAngle: -42.5336 axialRotation: -9.1767 zShift: 5.03478 energy: -11.2686
MCAccept 29 xShift: 8.20865 crossingAngle: -42.5336 axialRotation: -9.15814 zShift: 5.03478 energy: -11.1461
MCAccept 30 xShift: 8.20865 crossingAngle: -42.5336 axialRotation: -9.15814 zShift: 5.03907 energy: -11.1636
MCReject   xShift: 8.20865 crossingAngle: -42.5336 axialRotation: -9.15814 zShift: 5.02653 energy: -10.9177
MCAccept 31 xShift: 8.22663 crossingAngle: -42.5336 axialRotation: -9.15814 zShift: 5.03907 energy: -11.1347
MCReject   xShift: 8.22663 crossingAngle: -42.5336 axialRotation: -9.312 zShift: 5.03907 energy: -10.6201
MCReject   xShift: 8.22663 crossingAngle: -42.5336 axialRotation: -9.15814 zShift: 5.0337 energy: -10.7032
MCReject   xShift: 8.22663 crossingAngle: -42.5263 axialRotation: -9.15814 zShift: 5.03907 energy: -10.8389
MCAccept 32 xShift: 8.22663 crossingAngle: -42.5336 axialRotation: -9.02675 zShift: 5.03907 energy: -11.2862
MCReject   xShift: 8.23494 crossingAngle: -42.5336 axialRotation: -9.02675 zShift: 5.03907 energy: -10.5521
MCReject   xShift: 8.23123 crossingAngle: -42.5336 axialRotation: -9.02675 zShift: 5.03907 energy: -10.5184
MCReject   xShift: 8.22663 crossingAngle: -42.5981 axialRotation: -9.02675 zShift: 5.03907 energy: -10.3159
MCAccept 33 xShift: 8.22663 crossingAngle: -42.688 axialRotation: -9.02675 zShift: 5.03907 energy: -11.2573
MCReject   xShift: 8.22663 crossingAngle: -42.688 axialRotation: -9.02675 zShift: 5.02306 energy: -10.5209
MCReject   xShift: 8.20423 crossingAngle: -42.688 axialRotation: -9.02675 zShift: 5.03907 energy: -10.581
MCReject   xShift: 8.21979 crossingAngle: -42.688 axialRotation: -9.02675 zShift: 5.03907 energy: -10.9578
MCReject   xShift: 8.22663 crossingAngle: -42.5322 axialRotation: -9.02675 zShift: 5.03907 energy: -10.6201
MCReject   xShift: 8.22663 crossingAngle: -42.5356 axialRotation: -9.02675 zShift: 5.03907 energy: -10.5773
MCAccept 34 xShift: 8.22663 crossingAngle: -42.688 axialRotation: -8.95634 zShift: 5.03907 energy: -10.9283
MCReject   xShift: 8.22663 crossingAngle: -42.7352 axialRotation: -8.95634 zShift: 5.03907 energy: -10.5998
MCReject   xShift: 8.22663 crossingAngle: -42.688 axialRotation: -9.0268 zShift: 5.03907 energy: -10.6639
MCReject   xShift: 8.22663 crossingAngle: -42.688 axialRotation: -8.81075 zShift: 5.03907 energy: -10.2871
MCReject   xShift: 8.22663 crossingAngle: -42.688 axialRotation: -8.95634 zShift: 5.03844 energy: -10.5465
MCReject   xShift: 8.22663 crossingAngle: -42.688 axialRotation: -8.95201 zShift: 5.03907 energy: -10.581
MCAccept 35 xShift: 8.22663 crossingAngle: -42.7746 axialRotation: -8.95634 zShift: 5.03907 energy: -11.1839
MCReject   xShift: 8.21273 crossingAngle: -42.7746 axialRotation: -8.95634 zShift: 5.03907 energy: -10.4222
MCReject   xShift: 8.22663 crossingAngle: -42.8037 axialRotation: -8.95634 zShift: 5.03907 energy: -10.7608
MCReject   xShift: 8.22663 crossingAngle: -42.7746 axialRotation: -9.03611 zShift: 5.03907 energy: -10.9685
MCAccept 36 xShift: 8.22663 crossingAngle: -42.7717 axialRotation: -8.95634 zShift: 5.03907 energy: -11.1347
MCReject   xShift: 8.22663 crossingAngle: -42.5845 axialRotation: -8.95634 zShift: 5.03907 energy: -10.3034
MCAccept 37 xShift: 8.22663 crossingAngle: -42.7717 axialRotation: -8.95634 zShift: 5.05852 energy: -11.2391
MCAccept 38 xShift: 8.22663 crossingAngle: -42.6086 axialRotation: -8.95634 zShift: 5.05852 energy: -11.3334
MCReject   xShift: 8.22663 crossingAngle: -42.6086 axialRotation: -8.82273 zShift: 5.05852 energy: -10.5606
MCReject   xShift: 8.21332 crossingAngle: -42.6086 axialRotation: -8.95634 zShift: 5.05852 energy: -11.2391
MCReject   xShift: 8.22663 crossingAngle: -42.6086 axialRotation: -9.08824 zShift: 5.05852 energy: -10.6941
MCAccept 39 xShift: 8.22663 crossingAngle: -42.6086 axialRotation: -8.95634 zShift: 5.07472 energy: -11.3039
MCReject   xShift: 8.22663 crossingAngle: -42.6086 axialRotation: -8.95634 zShift: 5.09371 energy: -10.9059
MCReject   xShift: 8.22663 crossingAngle: -42.7937 axialRotation: -8.95634 zShift: 5.07472 energy: -10.7234
MCAccept 40 xShift: 8.22663 crossingAngle: -42.6277 axialRotation: -8.95634 zShift: 5.07472 energy: -11.3243
MCReject   xShift: 8.22663 crossingAngle: -42.5714 axialRotation: -8.95634 zShift: 5.07472 energy: -10.962
MCReject   xShift: 8.22663 crossingAngle: -42.6277 axialRotation: -9.10491 zShift: 5.07472 energy: -10.7722
MCReject   xShift: 8.22663 crossingAngle: -42.6277 axialRotation: -8.71784 zShift: 5.07472 energy: -10.7722
MCAccept 41 xShift: 8.22663 crossingAngle: -42.6277 axialRotation: -8.95634 zShift: 5.07145 energy: -11.3808
MCAccept 42 xShift: 8.22663 crossingAngle: -42.6277 axialRotation: -8.95634 zShift: 5.09103 energy: -11.3961
MCReject   xShift: 8.22663 crossingAngle: -42.5861 axialRotation: -8.95634 zShift: 5.09103 energy: -10.9413
MCReject   xShift: 8.22663 crossingAngle: -42.6277 axialRotation: -8.95966 zShift: 5.09103 energy: -10.7446
MCReject   xShift: 8.22663 crossingAngle: -42.6277 axialRotation: -8.90658 zShift: 5.09103 energy: -10.3534
MCAccept 43 xShift: 8.22663 crossingAngle: -42.6277 axialRotation: -8.95634 zShift: 5.08812 energy: -11.3338
MCReject   xShift: 8.22663 crossingAngle: -42.6219 axialRotation: -8.95634 zShift: 5.08812 energy: -10.7958
MCReject   xShift: 8.22663 crossingAngle: -42.6277 axialRotation: -8.95634 zShift: 5.08817 energy: -10.4611
MCReject   xShift: 8.22663 crossingAngle: -42.6436 axialRotation: -8.95634 zShift: 5.08812 energy: -10.9977
MCReject   xShift: 8.22563 crossingAngle: -42.6277 axialRotation: -8.95634 zShift: 5.08812 energy: -10.3747
MCReject   xShift: 8.2188 crossingAngle: -42.6277 axialRotation: -8.95634 zShift: 5.08812 energy: -10.9099
MCReject   xShift: 8.21431 crossingAngle: -42.6277 axialRotation: -8.95634 zShift: 5.08812 energy: -10.826
MCReject   xShift: 8.23507 crossingAngle: -42.6277 axialRotation: -8.95634 zShift: 5.08812 energy: -10.8986
MCReject   xShift: 8.22663 crossingAngle: -42.6277 axialRotation: -9.04774 zShift: 5.08812 energy: -10.9048
MCReject   xShift: 8.22663 crossingAngle: -42.6277 axialRotation: -8.84343 zShift: 5.08812 energy: -10.8055
MCReject   xShift: 8.22663 crossingAngle: -42.6277 axialRotation: -8.95634 zShift: 5.10702 energy: -10.9488
MCReject   xShift: 8.21224 crossingAngle: -42.6277 axialRotation: -8.95634 zShift: 5.08812 energy: -10.826
MCAccept 44 xShift: 8.22663 crossingAngle: -42.497 axialRotation: -8.95634 zShift: 5.08812 energy: -11.3835
MCReject   xShift: 8.22663 crossingAngle: -42.5639 axialRotation: -8.95634 zShift: 5.08812 energy: -10.7771
MCReject   xShift: 8.22663 crossingAngle: -42.497 axialRotation: -8.95634 zShift: 5.08589 energy: -10.8956
MCAccept 45 xShift: 8.22663 crossingAngle: -42.4881 axialRotation: -8.95634 zShift: 5.08812 energy: -11.363
MCReject   xShift: 8.22663 crossingAngle: -42.6148 axialRotation: -8.95634 zShift: 5.08812 energy: -10.7771
MCAccept 46 xShift: 8.22663 crossingAngle: -42.4881 axialRotation: -8.95634 zShift: 5.0921 energy: -11.4512
MCReject   xShift: 8.22034 crossingAngle: -42.4881 axialRotation: -8.95634 zShift: 5.0921 energy: -10.7476
MCReject   xShift: 8.22663 crossingAngle: -42.572 axialRotation: -8.95634 zShift: 5.0921 energy: -11.3715
MCAccept 47 xShift: 8.22663 crossingAngle: -42.4881 axialRotation: -8.95634 zShift: 5.11676 energy: -11.4815
MCReject   xShift: 8.22663 crossingAngle: -42.4881 axialRotation: -8.9316 zShift: 5.11676 energy: -11.0474
MCReject   xShift: 8.22663 crossingAngle: -42.6308 axialRotation: -8.95634 zShift: 5.11676 energy: -10.9346
MCReject   xShift: 8.22663 crossingAngle: -42.4881 axialRotation: -8.95634 zShift: 5.11036 energy: -10.8826
MCReject   xShift: 8.22038 crossingAngle: -42.4881 axialRotation: -8.95634 zShift: 5.11676 energy: -10.9884
MCReject   xShift: 8.22663 crossingAngle: -42.3628 axialRotation: -8.95634 zShift: 5.11676 energy: -10.4806
MCReject   xShift: 8.22038 crossingAngle: -42.4881 axialRotation: -8.95634 zShift: 5.11676 energy: -10.6267
MCReject   xShift: 8.22663 crossingAngle: -42.4881 axialRotation: -8.92566 zShift: 5.11676 energy: -11.0331
MCReject   xShift: 8.22663 crossingAngle: -42.4881 axialRotation: -8.80905 zShift: 5.11676 energy: -10.9346
MCReject   xShift: 8.22663 crossingAngle: -42.4881 axialRotation: -8.95634 zShift: 5.09351 energy: -11.3775
MCAccept 48 xShift: 8.22663 crossingAngle: -42.5363 axialRotation: -8.95634 zShift: 5.11676 energy: -11.5561
MCReject   xShift: 8.22663 crossingAngle: -42.5363 axialRotation: -8.94782 zShift: 5.11676 energy: -10.9346
MCReject   xShift: 8.25062 crossingAngle: -42.5363 axialRotation: -8.95634 zShift: 5.11676 energy: -11.4728
MCAccept 49 xShift: 8.22663 crossingAngle: -42.5363 axialRotation: -8.79745 zShift: 5.11676 energy: -11.4815
MCAccept 50 xShift: 8.24337 crossingAngle: -42.5363 axialRotation: -8.79745 zShift: 5.11676 energy: -11.4815
MCReject   xShift: 8.22569 crossingAngle: -42.5363 axialRotation: -8.79745 zShift: 5.11676 energy: -10.9346
MCReject   xShift: 8.24337 crossingAngle: -42.5363 axialRotation: -8.80802 zShift: 5.11676 energy: -11.0474
MCReject   xShift: 8.24337 crossingAngle: -42.5363 axialRotation: -8.79745 zShift: 5.12948 energy: -10.6282
MCReject   xShift: 8.24337 crossingAngle: -42.5363 axialRotation: -8.79745 zShift: 5.13699 energy: -10.5827
MCAccept 51 xShift: 8.24337 crossingAngle: -42.5363 axialRotation: -8.71605 zShift: 5.11676 energy: -11.4521
MCAccept 52 xShift: 8.24337 crossingAngle: -42.5363 axialRotation: -8.69622 zShift: 5.11676 energy: -11.4521
MCReject   xShift: 8.24045 crossingAngle: -42.5363 axialRotation: -8.69622 zShift: 5.11676 energy: -10.5091
MCReject   xShift: 8.24337 crossingAngle: -42.5363 axialRotation: -8.61762 zShift: 5.11676 energy: -10.9401
MCReject   xShift: 8.24337 crossingAngle: -42.5737 axialRotation: -8.69622 zShift: 5.11676 energy: -10.9346
MCReject   xShift: 8.24337 crossingAngle: -42.5363 axialRotation: -8.52363 zShift: 5.11676 energy: -10.8853
MCReject   xShift: 8.21661 crossingAngle: -42.5363 axialRotation: -8.69622 zShift: 5.11676 energy: -11.0793
MCReject   xShift: 8.24337 crossingAngle: -42.5363 axialRotation: -8.51016 zShift: 5.11676 energy: -10.6576
MCReject   xShift: 8.24337 crossingAngle: -42.5363 axialRotation: -8.69622 zShift: 5.10483 energy: -10.606
MCReject   xShift: 8.24337 crossingAngle: -42.5363 axialRotation: -8.83275 zShift: 5.11676 energy: -10.9346
MCReject   xShift: 8.25312 crossingAngle: -42.5363 axialRotation: -8.69622 zShift: 5.11676 energy: -10.9139
MCAccept 53 xShift: 8.24337 crossingAngle: -42.5564 axialRotation: -8.69622 zShift: 5.11676 energy: -11.4815
MCReject   xShift: 8.24337 crossingAngle: -42.5564 axialRotation: -8.51267 zShift: 5.11676 energy: -11.0793
MCAccept 54 xShift: 8.24337 crossingAngle: -42.5564 axialRotation: -8.69622 zShift: 5.12929 energy: -11.5909
MCReject   xShift: 8.24337 crossingAngle: -42.5564 axialRotation: -8.69622 zShift: 5.12731 energy: -11.493
MCReject   xShift: 8.24337 crossingAngle: -42.5564 axialRotation: -8.69622 zShift: 5.1194 energy: -10.907
MCReject   xShift: 8.24199 crossingAngle: -42.5564 axialRotation: -8.69622 zShift: 5.12929 energy: -10.3953
MCAccept 55 xShift: 8.24337 crossingAngle: -42.5564 axialRotation: -8.69622 zShift: 5.1386 energy: -11.5854
MCReject   xShift: 8.2413 crossingAngle: -42.5564 axialRotation: -8.69622 zShift: 5.1386 energy: -10.7066
MCReject   xShift: 8.24337 crossingAngle: -42.5343 axialRotation: -8.69622 zShift: 5.1386 energy: -11.535
MCReject   xShift: 8.2392 crossingAngle: -42.5564 axialRotation: -8.69622 zShift: 5.1386 energy: -11.0112
MCAccept 56 xShift: 8.23542 crossingAngle: -42.5564 axialRotation: -8.69622 zShift: 5.1386 energy: -11.5854
MCReject   xShift: 8.23542 crossingAngle: -42.5564 axialRotation: -8.69622 zShift: 5.14254 energy: -11.1502
MCReject   xShift: 8.23542 crossingAngle: -42.4909 axialRotation: -8.69622 zShift: 5.1386 energy: -11.1026
MCReject   xShift: 8.23542 crossingAngle: -42.7576 axialRotation: -8.69622 zShift: 5.1386 energy: -11.5645
MCAccept 57 xShift: 8.23542 crossingAngle: -42.5564 axialRotation: -8.69622 zShift: 5.1382 energy: -11.5336
MCAccept 58 xShift: 8.23542 crossingAngle: -42.6562 axialRotation: -8.69622 zShift: 5.1382 energy: -11.6141
MCReject   xShift: 8.23542 crossingAngle: -42.6562 axialRotation: -8.59956 zShift: 5.1382 energy: -11.1019
MCReject   xShift: 8.23542 crossingAngle: -42.8727 axialRotation: -8.69622 zShift: 5.1382 energy: -11.5544
MCReject   xShift: 8.23542 crossingAngle: -42.6433 axialRotation: -8.69622 zShift: 5.1382 energy: -10.3689
MCReject   xShift: 8.23396 crossingAngle: -42.6562 axialRotation: -8.69622 zShift: 5.1382 energy: -10.4895
MCReject   xShift: 8.23542 crossingAngle: -42.6562 axialRotation: -8.69622 zShift: 5.14004 energy: -11.016
MCReject   xShift: 8.23542 crossingAngle: -42.6562 axialRotation: -8.68008 zShift: 5.1382 energy: -11.1019
MCReject   xShift: 8.23542 crossingAngle: -42.7433 axialRotation: -8.69622 zShift: 5.1382 energy: -11.5336
MCAccept 59 xShift: 8.24078 crossingAngle: -42.6562 axialRotation: -8.69622 zShift: 5.1382 energy: -11.6141
MCReject   xShift: 8.24348 crossingAngle: -42.6562 axialRotation: -8.69622 zShift: 5.1382 energy: -11.5544
MCReject   xShift: 8.24078 crossingAngle: -42.6372 axialRotation: -8.69622 zShift: 5.1382 energy: -11.5336
MCReject   xShift: 8.24078 crossingAngle: -42.6562 axialRotation: -8.77428 zShift: 5.1382 energy: -10.612
MCReject   xShift: 8.24078 crossingAngle: -42.6562 axialRotation: -8.86738 zShift: 5.1382 energy: -10.6273
MCReject   xShift: 8.24078 crossingAngle: -42.5498 axialRotation: -8.69622 zShift: 5.1382 energy: -10.9812
MCAccept 60 xShift: 8.24532 crossingAngle: -42.6562 axialRotation: -8.69622 zShift: 5.1382 energy: -11.5544
MCAccept 61 xShift: 8.24532 crossingAngle: -42.4971 axialRotation: -8.69622 zShift: 5.1382 energy: -11.5631
MCReject   xShift: 8.24532 crossingAngle: -42.4971 axialRotation: -8.4795 zShift: 5.1382 energy: -11.5544
MCAccept 62 xShift: 8.23977 crossingAngle: -42.4971 axialRotation: -8.69622 zShift: 5.1382 energy: -11.6141
MCReject   xShift: 8.23977 crossingAngle: -42.4971 axialRotation: -8.69622 zShift: 5.12511 energy: -10.8901
MCReject   xShift: 8.22268 crossingAngle: -42.4971 axialRotation: -8.69622 zShift: 5.1382 energy: -10.9603
MCReject   xShift: 8.23977 crossingAngle: -42.483 axialRotation: -8.69622 zShift: 5.1382 energy: -10.9812
MCReject   xShift: 8.23977 crossingAngle: -42.4295 axialRotation: -8.69622 zShift: 5.1382 energy: -11.0114
MCReject   xShift: 8.24258 crossingAngle: -42.4971 axialRotation: -8.69622 zShift: 5.1382 energy: -11.0928
MCReject   xShift: 8.23977 crossingAngle: -42.4879 axialRotation: -8.69622 zShift: 5.1382 energy: -10.8282
MCReject   xShift: 8.23977 crossingAngle: -42.4971 axialRotation: -8.92505 zShift: 5.1382 energy: -11.0098
MCReject   xShift: 8.23977 crossingAngle: -42.4971 axialRotation: -8.58116 zShift: 5.1382 energy: -11.5846
MCAccept 63 xShift: 8.23977 crossingAngle: -42.4971 axialRotation: -8.69622 zShift: 5.15643 energy: -11.6282
MCAccept 64 xShift: 8.24822 crossingAngle: -42.4971 axialRotation: -8.69622 zShift: 5.15643 energy: -11.619
MCReject   xShift: 8.24822 crossingAngle: -42.3731 axialRotation: -8.69622 zShift: 5.15643 energy: -11.0409
MCReject   xShift: 8.24822 crossingAngle: -42.5001 axialRotation: -8.69622 zShift: 5.15643 energy: -10.9201
MCReject   xShift: 8.24822 crossingAngle: -42.4971 axialRotation: -8.69622 zShift: 5.15286 energy: -11.5857
MCReject   xShift: 8.24822 crossingAngle: -42.5721 axialRotation: -8.69622 zShift: 5.15643 energy: -11.0696
MCAccept 65 xShift: 8.23955 crossingAngle: -42.4971 axialRotation: -8.69622 zShift: 5.15643 energy: -11.6276
MCReject   xShift: 8.23955 crossingAngle: -42.4971 axialRotation: -8.73195 zShift: 5.15643 energy: -11.0789
MCReject   xShift: 8.23955 crossingAngle: -42.3882 axialRotation: -8.69622 zShift: 5.15643 energy: -11.5277
MCReject   xShift: 8.23955 crossingAngle: -42.4971 axialRotation: -8.69622 zShift: 5.16871 energy: -11.5823
MCAccept 66 xShift: 8.23955 crossingAngle: -42.4971 axialRotation: -8.69645 zShift: 5.15643 energy: -11.6486
MCReject   xShift: 8.23955 crossingAngle: -42.5176 axialRotation: -8.69645 zShift: 5.15643 energy: -11.5277
MCReject   xShift: 8.23955 crossingAngle: -42.4971 axialRotation: -8.54212 zShift: 5.15643 energy: -11.6276
MCReject   xShift: 8.23955 crossingAngle: -42.4971 axialRotation: -8.78386 zShift: 5.15643 energy: -11.0789
MCAccept 67 xShift: 8.22947 crossingAngle: -42.4971 axialRotation: -8.69645 zShift: 5.15643 energy: -11.6578
MCReject   xShift: 8.22947 crossingAngle: -42.463 axialRotation: -8.69645 zShift: 5.15643 energy: -11.0409
MCReject   xShift: 8.22947 crossingAngle: -42.4971 axialRotation: -8.69645 zShift: 5.13564 energy: -10.97
MCAccept 68 xShift: 8.22947 crossingAngle: -42.4971 axialRotation: -8.69645 zShift: 5.15991 energy: -11.6359
MCReject   xShift: 8.22947 crossingAngle: -42.4971 axialRotation: -8.69645 zShift: 5.17109 energy: -11.5927
MCReject   xShift: 8.22947 crossingAngle: -42.4971 axialRotation: -8.82252 zShift: 5.15991 energy: -11.0309
MCReject   xShift: 8.22947 crossingAngle: -42.4971 axialRotation: -8.43826 zShift: 5.15991 energy: -11.0519
MCAccept 69 xShift: 8.22947 crossingAngle: -42.4058 axialRotation: -8.69645 zShift: 5.15991 energy: -11.6359
MCReject   xShift: 8.21561 crossingAngle: -42.4058 axialRotation: -8.69645 zShift: 5.15991 energy: -11.0596
MCAccept 70 xShift: 8.22947 crossingAngle: -42.4058 axialRotation: -8.69645 zShift: 5.16015 energy: -11.6316
MCReject   xShift: 8.22947 crossingAngle: -42.5748 axialRotation: -8.69645 zShift: 5.16015 energy: -10.9359
MCReject   xShift: 8.22947 crossingAngle: -42.4058 axialRotation: -8.54056 zShift: 5.16015 energy: -11.0075
MCReject   xShift: 8.22947 crossingAngle: -42.6939 axialRotation: -8.69645 zShift: 5.16015 energy: -11.0575
MCReject   xShift: 8.22815 crossingAngle: -42.4058 axialRotation: -8.69645 zShift: 5.16015 energy: -11.0814
MCReject   xShift: 8.22947 crossingAngle: -42.3676 axialRotation: -8.69645 zShift: 5.16015 energy: -11.5444
MCReject   xShift: 8.22947 crossingAngle: -42.4058 axialRotation: -8.69645 zShift: 5.15615 energy: -11.04
MCAccept 71 xShift: 8.22947 crossingAngle: -42.4058 axialRotation: -8.69645 zShift: 5.17362 energy: -11.7054
MCReject   xShift: 8.24238 crossingAngle: -42.4058 axialRotation: -8.69645 zShift: 5.17362 energy: -11.1225
MCReject   xShift: 8.22947 crossingAngle: -42.4058 axialRotation: -8.69645 zShift: 5.17478 energy: -11.0761
MCAccept 72 xShift: 8.23238 crossingAngle: -42.4058 axialRotation: -8.69645 zShift: 5.17362 energy: -11.6941
MCAccept 73 xShift: 8.23238 crossingAngle: -42.387 axialRotation: -8.69645 zShift: 5.17362 energy: -11.7054
MCReject   xShift: 8.23238 crossingAngle: -42.387 axialRotation: -8.78018 zShift: 5.17362 energy: -11.6941
MCReject   xShift: 8.23238 crossingAngle: -42.387 axialRotation: -8.69645 zShift: 5.19291 energy: -11.2402
MCReject   xShift: 8.23238 crossingAngle: -42.387 axialRotation: -8.69645 zShift: 5.16345 energy: -11.1062
MCReject   xShift: 8.23238 crossingAngle: -42.387 axialRotation: -8.69645 zShift: 5.17319 energy: -11.6636
MCReject   xShift: 8.24692 crossingAngle: -42.387 axialRotation: -8.69645 zShift: 5.17362 energy: -11.6941
MCReject   xShift: 8.22559 crossingAngle: -42.387 axialRotation: -8.69645 zShift: 5.17362 energy: -11.1014
MCReject   xShift: 8.23238 crossingAngle: -42.601 axialRotation: -8.69645 zShift: 5.17362 energy: -11.0824
MCAccept 74 xShift: 8.23238 crossingAngle: -42.387 axialRotation: -8.83818 zShift: 5.17362 energy: -11.7054
MCReject   xShift: 8.23238 crossingAngle: -42.387 axialRotation: -8.95525 zShift: 5.17362 energy: -11.6037
MCReject   xShift: 8.24076 crossingAngle: -42.387 axialRotation: -8.83818 zShift: 5.17362 energy: -11.6941
MCReject   xShift: 8.23238 crossingAngle: -42.387 axialRotation: -8.97562 zShift: 5.17362 energy: -11.1468
MCReject   xShift: 8.23238 crossingAngle: -42.387 axialRotation: -8.81764 zShift: 5.17362 energy: -11.1967
MCReject   xShift: 8.21806 crossingAngle: -42.387 axialRotation: -8.83818 zShift: 5.17362 energy: -11.6547
MCReject   xShift: 8.23238 crossingAngle: -42.387 axialRotation: -8.79743 zShift: 5.17362 energy: -11.1967
MCReject   xShift: 8.23238 crossingAngle: -42.4242 axialRotation: -8.83818 zShift: 5.17362 energy: -11.6645
MCReject   xShift: 8.23238 crossingAngle: -42.387 axialRotation: -8.83818 zShift: 5.18539 energy: -11.1309
MCReject   xShift: 8.23758 crossingAngle: -42.387 axialRotation: -8.83818 zShift: 5.17362 energy: -11.1225
MCReject   xShift: 8.2487 crossingAngle: -42.387 axialRotation: -8.83818 zShift: 5.17362 energy: -11.1112
MCReject   xShift: 8.23238 crossingAngle: -42.499 axialRotation: -8.83818 zShift: 5.17362 energy: -11.574
MCReject   xShift: 8.23238 crossingAngle: -42.387 axialRotation: -8.83818 zShift: 5.18587 energy: -11.1029
MCReject   xShift: 8.23238 crossingAngle: -42.3924 axialRotation: -8.83818 zShift: 5.17362 energy: -11.6843
MCAccept 75 xShift: 8.2231 crossingAngle: -42.387 axialRotation: -8.83818 zShift: 5.17362 energy: -11.7054
MCReject   xShift: 8.2231 crossingAngle: -42.387 axialRotation: -8.83818 zShift: 5.16951 energy: -11.6922
MCReject   xShift: 8.2231 crossingAngle: -42.387 axialRotation: -8.83818 zShift: 5.16759 energy: -10.5982
MCReject   xShift: 8.2231 crossingAngle: -42.387 axialRotation: -8.83818 zShift: 5.16089 energy: -11.6637
MCReject   xShift: 8.2406 crossingAngle: -42.387 axialRotation: -8.83818 zShift: 5.17362 energy: -11.6941
MCReject   xShift: 8.2231 crossingAngle: -42.387 axialRotation: -8.83818 zShift: 5.16922 energy: -11.6913
MCReject   xShift: 8.21063 crossingAngle: -42.387 axialRotation: -8.83818 zShift: 5.17362 energy: -11.0208
MCReject   xShift: 8.21206 crossingAngle: -42.387 axialRotation: -8.83818 zShift: 5.17362 energy: -11.6037
MCReject   xShift: 8.2231 crossingAngle: -42.4056 axialRotation: -8.83818 zShift: 5.17362 energy: -11.6037
MCReject   xShift: 8.2231 crossingAngle: -42.5888 axialRotation: -8.83818 zShift: 5.17362 energy: -11.0937
MCReject   xShift: 8.2231 crossingAngle: -42.5364 axialRotation: -8.83818 zShift: 5.17362 energy: -11.6941
MCReject   xShift: 8.2231 crossingAngle: -42.387 axialRotation: -8.83818 zShift: 5.16872 energy: -11.6896
MCReject   xShift: 8.20957 crossingAngle: -42.387 axialRotation: -8.83818 zShift: 5.17362 energy: -11.1706
MCReject   xShift: 8.22858 crossingAngle: -42.387 axialRotation: -8.83818 zShift: 5.17362 energy: -11.0955
MCReject   xShift: 8.2231 crossingAngle: -42.2796 axialRotation: -8.83818 zShift: 5.17362 energy: -11.1112
MCReject   xShift: 8.2231 crossingAngle: -42.387 axialRotation: -8.66589 zShift: 5.17362 energy: -11.6645
MCReject   xShift: 8.2231 crossingAngle: -42.3586 axialRotation: -8.83818 zShift: 5.17362 energy: -11.1225
MCReject   xShift: 8.2231 crossingAngle: -42.387 axialRotation: -8.99321 zShift: 5.17362 energy: -11.6645
MCReject   xShift: 8.2231 crossingAngle: -42.387 axialRotation: -8.83818 zShift: 5.17723 energy: -10.6244
MCReject   xShift: 8.22778 crossingAngle: -42.387 axialRotation: -8.83818 zShift: 5.17362 energy: -11.6941
MCReject   xShift: 8.21452 crossingAngle: -42.387 axialRotation: -8.83818 zShift: 5.17362 energy: -11.574
MCReject   xShift: 8.22471 crossingAngle: -42.387 axialRotation: -8.83818 zShift: 5.17362 energy: -11.1165
MCReject   xShift: 8.2231 crossingAngle: -42.387 axialRotation: -8.80408 zShift: 5.17362 energy: -11.6843
MCReject   xShift: 8.21014 crossingAngle: -42.387 axialRotation: -8.83818 zShift: 5.17362 energy: -11.6645
MCReject   xShift: 8.2231 crossingAngle: -42.387 axialRotation: -9.02806 zShift: 5.17362 energy: -11.6037
MCReject   xShift: 8.2231 crossingAngle: -42.667 axialRotation: -8.83818 zShift: 5.17362 energy: -11.6758
MCReject   xShift: 8.2231 crossingAngle: -42.387 axialRotation: -8.83818 zShift: 5.17714 energy: -11.1329
MCReject   xShift: 8.2231 crossingAngle: -42.387 axialRotation: -8.83818 zShift: 5.19155 energy: -11.6497
MCReject   xShift: 8.23242 crossingAngle: -42.387 axialRotation: -8.83818 zShift: 5.17362 energy: -11.6843
MCReject   xShift: 8.2231 crossingAngle: -42.387 axialRotation: -8.83818 zShift: 5.15581 energy: -11.6268
MCReject   xShift: 8.22687 crossingAngle: -42.387 axialRotation: -8.83818 zShift: 5.17362 energy: -11.1225
MCReject   xShift: 8.2231 crossingAngle: -42.462 axialRotation: -8.83818 zShift: 5.17362 energy: -11.6941
MCReject   xShift: 8.2231 crossingAngle: -42.387 axialRotation: -8.84354 zShift: 5.17362 energy: -11.6758
MCReject   xShift: 8.2132 crossingAngle: -42.387 axialRotation: -8.83818 zShift: 5.17362 energy: -11.1967
MCReject   xShift: 8.2231 crossingAngle: -42.395 axialRotation: -8.83818 zShift: 5.17362 energy: -11.1225
MCReject   xShift: 8.22624 crossingAngle: -42.387 axialRotation: -8.83818 zShift: 5.17362 energy: -11.6843
MCReject   xShift: 8.23787 crossingAngle: -42.387 axialRotation: -8.83818 zShift: 5.17362 energy: -11.574
MCReject   xShift: 8.2231 crossingAngle: -42.4529 axialRotation: -8.83818 zShift: 5.17362 energy: -11.2003
MCReject   xShift: 8.24617 crossingAngle: -42.387 axialRotation: -8.83818 zShift: 5.17362 energy: -11.1112
MCReject   xShift: 8.2231 crossingAngle: -42.387 axialRotation: -8.83818 zShift: 5.16589 energy: -11.1532
MCReject   xShift: 8.2231 crossingAngle: -42.387 axialRotation: -8.83818 zShift: 5.16182 energy: -11.0578
MCReject   xShift: 8.2479 crossingAngle: -42.387 axialRotation: -8.83818 zShift: 5.17362 energy: -11.6037
MCReject   xShift: 8.23638 crossingAngle: -42.387 axialRotation: -8.83818 zShift: 5.17362 energy: -11.6037
MCReject   xShift: 8.2231 crossingAngle: -42.3877 axialRotation: -8.83818 zShift: 5.17362 energy: -11.1112
MCReject   xShift: 8.2231 crossingAngle: -42.387 axialRotation: -8.83818 zShift: 5.182 energy: -11.0925
MCAccept 76 xShift: 8.2231 crossingAngle: -42.387 axialRotation: -8.72935 zShift: 5.17362 energy: -11.7054
MCReject   xShift: 8.23727 crossingAngle: -42.387 axialRotation: -8.72935 zShift: 5.17362 energy: -11.6941
MCReject   xShift: 8.21454 crossingAngle: -42.387 axialRotation: -8.72935 zShift: 5.17362 energy: -11.574
MCReject   xShift: 8.2231 crossingAngle: -42.387 axialRotation: -8.6504 zShift: 5.17362 energy: -11.1165
MCAccept 77 xShift: 8.2231 crossingAngle: -42.387 axialRotation: -8.72935 zShift: 5.19376 energy: -11.7458
MCReject   xShift: 8.2231 crossingAngle: -42.5773 axialRotation: -8.72935 zShift: 5.19376 energy: -11.7009
MCReject   xShift: 8.22896 crossingAngle: -42.387 axialRotation: -8.72935 zShift: 5.19376 energy: -11.1148
MCReject   xShift: 8.2231 crossingAngle: -42.387 axialRotation: -8.72935 zShift: 5.1939 energy: -11.7376
MCReject   xShift: 8.2231 crossingAngle: -42.387 axialRotation: -8.72935 zShift: 5.19588 energy: -11.7342
MCReject   xShift: 8.2231 crossingAngle: -42.2624 axialRotation: -8.72935 zShift: 5.19376 energy: -11.716
MCAccept 78 xShift: 8.22397 crossingAngle: -42.387 axialRotation: -8.72935 zShift: 5.19376 energy: -11.7458
MCReject   xShift: 8.23331 crossingAngle: -42.387 axialRotation: -8.72935 zShift: 5.19376 energy: -11.7372
MCReject   xShift: 8.22397 crossingAngle: -42.5295 axialRotation: -8.72935 zShift: 5.19376 energy: -11.7372
MCAccept 79 xShift: 8.22397 crossingAngle: -42.387 axialRotation: -8.72935 zShift: 5.21134 energy: -11.8162
MCReject   xShift: 8.22806 crossingAngle: -42.387 axialRotation: -8.72935 zShift: 5.21134 energy: -11.7572
MCReject   xShift: 8.22397 crossingAngle: -42.387 axialRotation: -8.72935 zShift: 5.2126 energy: -11.734
MCReject   xShift: 8.22397 crossingAngle: -42.387 axialRotation: -8.90481 zShift: 5.21134 energy: -11.7949
MCReject   xShift: 8.19796 crossingAngle: -42.387 axialRotation: -8.72935 zShift: 5.21134 energy: -11.765
MCReject   xShift: 8.22397 crossingAngle: -42.387 axialRotation: -8.44827 zShift: 5.21134 energy: -11.7273
MCReject   xShift: 8.22397 crossingAngle: -42.387 axialRotation: -8.72935 zShift: 5.2012 energy: -11.7127
Energy #0: -11.7871
***GEOMETRY SHIFT***
xShift;        Before: 8.24; After: 8.22397
crossingAngle; Before: -42.36; After: -42.387
axialRotation; Before: -9.1; After: -8.72935
zShift;        Before: 4.98; After: 5.21134
Energy;        Before: 1.88574e+11; After: -11.8162

Completed all cycles. Accepted 80/331
Monte Carlo repack complete. Time: 107.467min

