***STARTING GEOMETRY:***
xShift: 8.98
crossingAngle: -42.2354
axialRotation: -31.407
zShift: 3.47214

Number of MCCycles: 200
PrevSequence	CurrSequence	PrevEnergy	CurrEnergy	PrevEntropy	CurrEntropy	CurrentTemp
LLLGTLLTALLTALLTTLILI	LLLGTLLTALLTTLLTTLILI	-7.31413	-7.19718	0.0847157	1.19282	999.847
LLLGTLLTALLTTLLTTLILI	LLLGTLLTSLLTTLLTTLILI	-8.14584	-9.30561	0.244161	0.642213	999.684
LLLGTLLTSLLTTLLTTLILI	LLLYTLLTSLLTTLLTTLILI	-9.67835	-9.75502	0.269472	0.595564	999.512
LLLYTLLTSLLTTLLTTLILI	LLLYTLLTSLLTTLLTWLILI	-9.60131	-11.8347	0.749274	0.196163	999.328
LLLYTLLTSLLTTLLTWLILI	LLLYTLLTALLTTLLTWLILI	-11.3887	-9.9111	0.642213	0.244161	999.134
LLLYTLLTALLTTLLTWLILI	LLLYTLLYALLTTLLTWLILI	-9.53399	-7.78308	0.62127	0.255144	998.928
LLLYTLLYALLTTLLTWLILI	LLLYTLLYALLTTLLSWLILI	-7.03722	-7.08243	1.001	0.120637	998.708
LLLYTLLYALLTTLLSWLILI	LLLYGLLYALLTTLLSWLILI	-6.26665	-6.05804	0.936418	0.136265	998.476
LLLYGLLYALLTTLLSWLILI	LLLYGLLYALLTTLLTWLILI	-6.03837	-5.85316	0.155943	0.865998	998.229
LLLYGLLYALLTTLLTWLILI	LLLYGLLTALLTTLLTWLILI	-6.41434	-6.02125	0.30482	0.538845	997.967
LLLYGLLTALLTTLLTWLILI	LLLYGLLTALLTALLTWLILI	-5.5691	-6.26289	0.990994	0.122923	997.689
LLLYGLLTALLTALLTWLILI	LLLYGLLTALLTTLLTWLILI	-6.26289	-8.55884	0.122923	0.990994	997.394
LLLYGLLTALLTTLLTWLILI	LLLYGLLTALLTTLLSWLILI	-8.54883	-8.58908	1.001	0.120637	997.081
LLLYGLLTALLTTLLSWLILI	LLLYALLTALLTTLLSWLILI	-8.34836	-7.13494	0.36136	0.463748	996.749
LLLYALLTALLTTLLSWLILI	LLLYALLTALLTTLLTWLILI	-7.47805	-7.13593	0.120637	1.001	996.397
LLLYALLTALLTTLLTWLILI	LLLYALLTALLTTLLSWLILI	-7.13593	-7.48609	1.001	0.120637	996.023
LLLYALLTALLTTLLSWLILI	LLLGALLTALLTTLLSWLILI	-7.01117	-6.99447	0.595564	0.269472	995.626
LLLGALLTALLTTLLSWLILI	LLLYALLTALLTTLLSWLILI	-6.99447	-7.01083	0.269472	0.595564	995.205
LLLYALLTALLTTLLSWLILI	LLLGALLTALLTTLLSWLILI	-7.01083	-6.98086	0.595564	0.269472	994.758
LLLGALLTALLTTLLSWLILI	LLLYALLTALLTTLLSWLILI	-6.98086	-7.01117	0.269472	0.595564	994.285
LLLYALLTALLTTLLSWLILI	LLLYGLLTALLTTLLSWLILI	-7.14298	-8.33842	0.463748	0.36136	993.782
LLLYGLLTALLTTLLSWLILI	LLLYGLLTALLTTLLTWLILI	-8.57915	-10.2515	0.120637	1.001	993.249
LLLYGLLTALLTTLLTWLILI	LLLGGLLTALLTTLLTWLILI	-10.8828	-9.92659	0.369715	0.453966	992.683
LLLGGLLTALLTTLLTWLILI	LLLGGLLTALLTTLLSWLILI	-9.37956	-8.06676	1.001	0.120637	992.084
LLLGGLLTALLTTLLSWLILI	LLLGALLTALLTTLLSWLILI	-7.60327	-6.98777	0.584123	0.276169	991.448
LLLGALLTALLTTLLSWLILI	LLLYALLTALLTTLLSWLILI	-6.99447	-7.01117	0.269472	0.595564	990.773
LLLYALLTALLTTLLSWLILI	LLLGALLTALLTTLLSWLILI	-7.01117	-6.99481	0.595564	0.269472	990.058
LLLGALLTALLTTLLSWLILI	LLLYALLTALLTTLLSWLILI	-6.99481	-7.01117	0.269472	0.595564	989.3
LLLYALLTALLTTLLSWLILI	LLLYALLTSLLTTLLSWLILI	-7.36257	-9.07046	0.244161	0.642213	988.496
LLLYALLTSLLTTLLSWLILI	LLLYALLTALLTTLLSWLILI	-9.07046	-7.36257	0.642213	0.244161	987.644
LLLYALLTALLTTLLSWLILI	LLLYALLTSLLTTLLSWLILI	-7.36257	-8.46984	0.244161	0.642213	986.74
LLLYALLTSLLTTLLSWLILI	LLLYALLTSLLTTLLTWLILI	-8.89125	-10.9777	0.220804	0.690823	985.783
LLLYALLTSLLTTLLTWLILI	LLLYALLTSLLTSLLTWLILI	-10.9777	-8.50147	0.690823	0.220804	984.769
LLLYALLTSLLTSLLTWLILI	LLLYALLTGLLTSLLTWLILI	-8.01034	-5.76426	0.71194	0.2115	983.694
LLLYALLTGLLTSLLTWLILI	LLLYALLTSLLTSLLTWLILI	-5.76426	-6.5986	0.2115	0.71194	982.555
LLLYALLTSLLTSLLTWLILI	LLLYALLYSLLTSLLTWLILI	-6.86749	-5.10332	0.443059	0.379341	981.348
LLLYALLYSLLTSLLTWLILI	LLLGALLYSLLTSLLTWLILI	-4.59629	-3.9554	0.886373	0.149938	980.071
LLLGALLYSLLTSLLTWLILI	LLLGALLYSLLWSLLTWLILI	-3.89598	-3.6789	0.209355	0.716965	978.717
LLLGALLYSLLWSLLTWLILI	LLLYALLYSLLWSLLTWLILI	-4.24593	-6.14027	0.149938	0.886373	977.285
LLLYALLYSLLWSLLTWLILI	LLLYALLYSLLTSLLTWLILI	-6.30968	-3.59974	0.716965	0.209355	975.768
LLLYALLYSLLTSLLTWLILI	LLLYALLYSLLWSLLTWLILI	-3.59974	-4.19946	0.209355	0.716965	974.162
LLLYALLYSLLWSLLTWLILI	LLLWALLYSLLWSLLTWLILI	-4.72535	-5.26015	0.191082	0.76241	972.463
LLLWALLYSLLWSLLTWLILI	LLLWALLYSLLTSLLTWLILI	-5.12746	-2.66921	0.895094	0.147448	970.666
LLLWALLYSLLTSLLTWLILI	LLLWALLYSLLTSLLTTLILI	-2.25754	-0.568113	0.559121	0.291546	968.764
LLLWALLYSLLTSLLTTLILI	LLLWALLYSLLTTLLTTLILI	-0.638855	-3.68879	0.220804	0.690823	966.754
LLLWALLYSLLTTLLTTLILI	LLLWALLTSLLTTLLTTLILI	-4.2384	-4.50661	0.141213	0.917682	964.627
LLLWALLTSLLTTLLTTLILI	LLLWALLTALLTTLLTTLILI	-5.02007	-3.4898	0.404229	0.416521	962.38
LLLWALLTALLTTLLTTLILI	LLLWALLYALLTTLLTTLILI	-2.98864	-2.99875	0.917682	0.141213	960.005
LLLWALLYALLTTLLTTLILI	LLLWALLYALLTTLLVTLILI	-1.86362	-0.413983	1.27634	0.0728516	957.496
LLLWALLYALLTTLLVTLILI	LLLWALLTALLTTLLVTLILI	-0.315018	-0.437572	0.171816	0.816184	954.846
LLLWALLTALLTTLLVTLILI	LLLYALLTALLTTLLVTLILI	-0.654888	-3.85607	0.598868	0.267575	952.048
LLLYALLTALLTTLLVTLILI	LLLYALLTALLTTLLTTLILI	-4.06467	-5.37394	0.0589809	1.39457	949.095
LLLYALLTALLTTLLTTLILI	LLLYALLTSLLTTLLTTLILI	-6.35199	-8.6924	0.416521	0.404229	945.979
LLLYALLTSLLTTLLTTLILI	LLLYGLLTSLLTTLLTTLILI	-8.82046	-8.81121	0.276169	0.584123	942.693
LLLYGLLTSLLTTLLTTLILI	LLLYGLLTALLTTLLTTLILI	-8.75312	-7.6347	0.642213	0.244161	939.229
LLLYGLLTALLTTLLTTLILI	LLLTGLLTALLTTLLTTLILI	-7.75896	-6.4497	0.119894	1.0043	935.578
LLLTGLLTALLTTLLTTLILI	LLLTGLLTSLLTTLLTTLILI	-7.20984	-8.34172	0.244161	0.642213	931.732
LLLTGLLTSLLTTLLTTLILI	LLLYGLLTSLLTTLLTTLILI	-7.97964	-10.0408	1.0043	0.119894	927.683
LLLYGLLTSLLTTLLTTLILI	LLLGGLLTSLLTTLLTTLILI	-9.79097	-8.43126	0.369715	0.453966	923.422
LLLGGLLTSLLTTLLTTLILI	LLLGGLLTSLLTTLLTWLILI	-8.2114	-10.0098	0.673827	0.22865	918.939
LLLGGLLTSLLTTLLTWLILI	LLLGGLLTSLLTTLLTTLILI	-10.0098	-8.21132	0.22865	0.673827	914.227
LLLGGLLTSLLTTLLTTLILI	LLLGGLLTSLLTTLLTWLILI	-8.21132	-9.77185	0.673827	0.22865	909.276
LLLGGLLTSLLTTLLTWLILI	LLLGGLLVSLLTTLLTWLILI	-8.72416	-10.2596	1.27634	0.0728516	904.077
LLLGGLLVSLLTTLLTWLILI	LLLGGLLTSLLTTLLTWLILI	-10.2596	-8.96553	0.0728516	1.27634	898.621
LLLGGLLTSLLTTLLTWLILI	LLLGGLLTSLLTSLLTWLILI	-9.55105	-7.41312	0.690823	0.220804	892.899
LLLGGLLTSLLTSLLTWLILI	LLLGGLLTALLTSLLTWLILI	-6.69095	-7.64669	0.942975	0.13458	886.903
LLLGGLLTALLTSLLTWLILI	LLLGGLLTALLWSLLTWLILI	-7.48973	-9.2398	0.291546	0.559121	880.623
LLLGGLLTALLWSLLTWLILI	LLLGALLTALLWSLLTWLILI	-9.2148	-6.42546	0.584123	0.276169	874.051
LLLGALLTALLWSLLTWLILI	LLLYALLTALLWSLLTWLILI	-6.43215	-6.48363	0.269472	0.595564	867.179
LLLYALLTALLWSLLTWLILI	LLLYALLTALLWSLLTTLILI	-6.52007	-3.42747	0.559121	0.291546	859.999
LLLYALLTALLWSLLTTLILI	LLLYALLTALLWSLLTWLILI	-3.42747	-6.52777	0.291546	0.559121	852.504
LLLYALLTALLWSLLTWLILI	LLLYGLLTALLWSLLTWLILI	-6.62314	-7.76531	0.463748	0.36136	844.686
LLLYGLLTALLWSLLTWLILI	LLLYGLLTALLTSLLTWLILI	-7.56755	-6.34067	0.559121	0.291546	836.541
LLLYGLLTALLTSLLTWLILI	LLLYGLLTALLTTLLTWLILI	-6.51158	-9.91872	0.120637	1.001	828.061
LLLYGLLTALLTTLLTWLILI	LLLYGLLTSLLTTLLTWLILI	-10.6756	-10.4331	0.244161	0.642213	819.243
LLLYGLLTSLLTTLLTWLILI	LLLYGLLFSLLTTLLTWLILI	-9.92845	-9.6948	1.14683	0.0921195	810.083
LLLYGLLFSLLTTLLTWLILI	LLLYGLLTSLLTTLLTWLILI	-9.6948	-9.31038	0.0921195	1.14683	800.577
LLLYGLLTSLLTTLLTWLILI	LLLYGLLTSLLTTLLSWLILI	-9.76638	-9.99091	0.690823	0.220804	790.724
LLLYGLLTSLLTTLLSWLILI	LLLGGLLTSLLTTLLSWLILI	-9.84199	-9.25704	0.369715	0.453966	780.523
LLLGGLLTSLLTTLLSWLILI	LLLGGLLTSLLTTLLTWLILI	-9.49021	-9.30968	0.220804	0.690823	769.974
LLLGGLLTSLLTTLLTWLILI	LLLGALLTSLLTTLLTWLILI	-9.12816	-9.66285	0.872342	0.154044	759.081
LLLGALLTSLLTTLLTWLILI	LLLGALLTALLTTLLTWLILI	-9.41267	-9.39056	0.404229	0.416521	747.845
LLLGALLTALLTTLLTWLILI	LLLYALLTALLTTLLTWLILI	-9.53761	-9.54627	0.269472	0.595564	736.272
LLLYALLTALLTTLLTWLILI	LLLYGLLTALLTTLLTWLILI	-9.67809	-8.61412	0.463748	0.36136	724.369
LLLYGLLTALLTTLLTWLILI	LLLYGLLTALLTTLLSWLILI	-7.97448	-8.58908	1.001	0.120637	712.142
LLLYGLLTALLTTLLSWLILI	LLLYGLLTALLTTLLTWLILI	-8.58908	-10.2419	0.120637	1.001	699.602
LLLYGLLTALLTTLLTWLILI	LLLYGLLTALLTTLLSWLILI	-10.2419	-8.57948	1.001	0.120637	686.76
LLLYGLLTALLTTLLSWLILI	LLLYALLTALLTTLLSWLILI	-8.33875	-7.13494	0.36136	0.463748	673.628
LLLYALLTALLTTLLSWLILI	LLLYGLLTALLTTLLSWLILI	-7.13494	-8.33842	0.463748	0.36136	660.222
LLLYGLLTALLTTLLSWLILI	LLLYGLLTSLLTTLLSWLILI	-8.5652	-9.26874	0.13458	0.942975	646.557
LLLYGLLTSLLTTLLSWLILI	LLLGGLLTSLLTTLLSWLILI	-9.84199	-9.79606	0.369715	0.453966	632.651
LLLGGLLTSLLTTLLSWLILI	LLLYGLLTSLLTTLLSWLILI	-9.79606	-9.85148	0.453966	0.369715	618.524
LLLYGLLTSLLTTLLSWLILI	LLLGGLLTSLLTTLLSWLILI	-9.85148	-9.25717	0.369715	0.453966	604.196
LLLGGLLTSLLTTLLSWLILI	LLLGGLLTSLLTTLLTWLILI	-9.49033	-9.87427	0.220804	0.690823	589.688
LLLGGLLTSLLTTLLTWLILI	LLLTGLLTSLLTTLLTWLILI	-10.405	-11.1298	0.160122	0.85234	575.025
LLLTGLLTSLLTTLLTWLILI	LLLTALLTSLLTTLLTWLILI	-11.398	-11.0941	0.584123	0.276169	560.23
LLLTALLTSLLTTLLTWLILI	LLLYALLTSLLTTLLTWLILI	-10.4526	-9.81721	0.917682	0.141213	545.329
LLLYALLTSLLTTLLTWLILI	LLLYALLTSLLTTLLSWLILI	-9.2676	-8.88367	0.690823	0.220804	530.348
LLLYALLTSLLTTLLSWLILI	LLLGALLTSLLTTLLSWLILI	-8.50891	-8.51239	0.595564	0.269472	515.312
LLLGALLTSLLTTLLSWLILI	LLLYALLTSLLTTLLSWLILI	-8.51239	-8.50891	0.269472	0.595564	500.25
LLLYALLTSLLTTLLSWLILI	LLLYGLLTSLLTTLLSWLILI	-8.8283	-10.4061	0.276169	0.584123	485.188
LLLYGLLTSLLTTLLSWLILI	LLLYALLTSLLTTLLSWLILI	-10.4061	-9.65861	0.584123	0.276169	470.152
LLLYALLTSLLTTLLSWLILI	LLLYALLTALLTTLLSWLILI	-9.29256	-7.36257	0.642213	0.244161	455.171
LLLYALLTALLTTLLSWLILI	LLLYALLTSLLTTLLSWLILI	-7.36257	-8.46984	0.244161	0.642213	440.27
LLLYALLTSLLTTLLSWLILI	LLLYALLTSLLTTLLTWLILI	-8.89125	-10.9777	0.220804	0.690823	425.475
LLLYALLTSLLTTLLTWLILI	LLLGALLTSLLTTLLTWLILI	-11.0729	-12.6599	0.595564	0.269472	252.655
LLLGALLTSLLTTLLTWLILI	LLLGGLLTSLLTTLLTWLILI	-12.7753	-12.9863	0.154044	0.872342	0.653178
Time: 163s
