***STARTING GEOMETRY:***
xShift: 8.98
crossingAngle: -42.5798
axialRotation: -30.9915
zShift: 3.46

Number of MCCycles: 200
PrevSequence	CurrSequence	PrevEnergy	CurrEnergy	PrevEntropy	CurrEntropy	CurrentTemp
LLLGTLLTALLTALLTTLILI	LLLGTLLTALLTTLLTTLILI	-8.9007	-8.774	0.0847157	1.19282	999.847
LLLGTLLTALLTTLLTTLILI	LLLGTLLTALLYTLLTTLILI	-8.96253	-5.2721	1.0043	0.119894	999.684
LLLGTLLTALLYTLLTTLILI	LLLYTLLTALLYTLLTTLILI	-5.24205	-4.8773	0.149938	0.886373	999.512
LLLYTLLTALLYTLLTTLILI	LLLYGLLTALLYTLLTTLILI	-4.57565	-4.68961	1.18802	0.0854581	999.328
LLLYGLLTALLYTLLTTLILI	LLLYGLLTALLTTLLTTLILI	-4.51992	-8.76308	0.255144	0.62127	999.134
LLLYGLLTALLTTLLTTLILI	LLLYGLLTSLLTTLLTTLILI	-9.14019	-8.77331	0.244161	0.642213	998.928
LLLYGLLTSLLTTLLTTLILI	LLLYALLTSLLTTLLTTLILI	-8.8314	-8.81595	0.584123	0.276169	998.708
LLLYALLTSLLTTLLTTLILI	LLLYALLTSLLTTLLTWLILI	-8.41829	-11.4291	0.673827	0.22865	998.476
LLLYALLTSLLTTLLTWLILI	LLLYALLFSLLTTLLTWLILI	-10.5109	-7.85247	1.14683	0.0921195	998.229
LLLYALLFSLLTTLLTWLILI	LLLYALLTSLLTTLLTWLILI	-7.85247	-8.85824	0.0921195	1.14683	997.689
LLLYALLTSLLTTLLTWLILI	LLLGALLTSLLTTLLTWLILI	-9.40951	-9.76807	0.595564	0.269472	997.394
LLLGALLTSLLTTLLTWLILI	LLLGGLLTSLLTTLLTWLILI	-9.88349	-9.46793	0.154044	0.872342	997.081
LLLGGLLTSLLTTLLTWLILI	LLLGGLLTSLLFTLLTWLILI	-9.19344	-8.74845	1.14683	0.0921195	996.749
LLLGGLLTSLLFTLLTWLILI	LLLGGLLTSLLTTLLTWLILI	-8.74845	-9.52859	0.0921195	1.14683	996.397
LLLGGLLTSLLTTLLTWLILI	LLLGGLLTSLLTTLLTTLILI	-10.4468	-8.26575	0.22865	0.673827	996.023
LLLGGLLTSLLTTLLTTLILI	LLLGGLLTSLLTTLLVTLILI	-7.54501	-6.21849	1.39457	0.0589809	995.626
LLLGGLLTSLLTTLLVTLILI	LLLGALLTSLLTTLLVTLILI	-5.40512	-5.9801	0.872342	0.154044	995.205
LLLGALLTSLLTTLLVTLILI	LLLGGLLTSLLTTLLVTLILI	-5.9801	-6.19826	0.154044	0.872342	994.758
LLLGGLLTSLLTTLLVTLILI	LLLGALLTSLLTTLLVTLILI	-6.19826	-5.15152	0.872342	0.154044	994.285
LLLGALLTSLLTTLLVTLILI	LLLGALLTALLTTLLVTLILI	-4.90134	-4.87196	0.404229	0.416521	993.782
LLLGALLTALLTTLLVTLILI	LLLGALLTALLTTLLVVLILI	-4.35762	-0.733548	0.930859	0.137712	993.249
LLLGALLTALLTTLLVVLILI	LLLYALLTALLTTLLVVLILI	-0.601788	-0.584511	0.269472	0.595564	992.683
LLLYALLTALLTTLLVVLILI	LLLYALLTSLLTTLLVVLILI	-0.763554	-0.778233	0.416521	0.404229	992.084
LLLYALLTSLLTTLLVVLILI	LLLYGLLTSLLTTLLVVLILI	-0.906293	-2.54723	0.276169	0.584123	991.448
LLLYGLLTSLLTTLLVVLILI	LLLYGLLTSLLTTLLTVLILI	-2.99364	-4.86065	0.137712	0.930859	990.773
LLLYGLLTSLLTTLLTVLILI	LLLYGLLYSLLTTLLTVLILI	-5.25267	-1.85674	0.538845	0.30482	990.058
LLLYGLLYSLLTTLLTVLILI	LLLYGLLYSLLTSLLTVLILI	-1.5826	2.23061	0.578967	0.279255	989.3
LLLYGLLYSLLTSLLTVLILI	LLLGGLLYSLLTSLLTVLILI	2.54692	2.8313	0.595564	0.269472	988.496
LLLGGLLYSLLTSLLTVLILI	LLLGGLLYSLLWSLLTVLILI	2.92553	2.69072	0.363705	0.460972	987.644
LLLGGLLYSLLWSLLTVLILI	LLLGGLLTSLLWSLLTVLILI	2.53456	-1.04546	0.30482	0.538845	986.74
LLLGGLLTSLLWSLLTVLILI	LLLGALLTSLLWSLLTVLILI	-0.711966	-0.443326	0.872342	0.154044	985.783
LLLGALLTSLLWSLLTVLILI	LLLGALLTSLLWSLLTWLILI	-0.534998	-6.85417	0.0623734	1.36313	984.769
LLLGALLTSLLWSLLTWLILI	LLLYALLTSLLWSLLTWLILI	-7.94783	-10.0641	0.269472	0.595564	983.694
LLLYALLTSLLWSLLTWLILI	LLLYALLTALLWSLLTWLILI	-10.0175	-7.85467	0.642213	0.244161	982.555
LLLYALLTALLWSLLTWLILI	LLLGALLTALLWSLLTWLILI	-7.50327	-7.55031	0.595564	0.269472	981.348
LLLGALLTALLWSLLTWLILI	LLLGGLLTALLWSLLTWLILI	-7.54362	-8.20994	0.276169	0.584123	980.071
LLLGGLLTALLWSLLTWLILI	LLLGGLLTALLWSLLTTLILI	-8.23495	-5.1926	0.559121	0.291546	978.717
LLLGGLLTALLWSLLTTLILI	LLLYGLLTALLWSLLTTLILI	-5.03018	-5.58107	0.453966	0.369715	977.285
LLLYGLLTALLWSLLTTLILI	LLLYGLLTALLWSLLTWLILI	-5.65924	-8.6248	0.291546	0.559121	975.768
LLLYGLLTALLWSLLTWLILI	LLLYALLTALLWSLLTWLILI	-8.82256	-9.79394	0.36136	0.463748	974.162
LLLYALLTALLWSLLTWLILI	LLLYALLTSLLWSLLTWLILI	-10.0135	-7.85002	0.244161	0.642213	968.764
LLLYALLTSLLWSLLTWLILI	LLLYALLTSLLTSLLTWLILI	-7.93312	-8.84798	0.559121	0.291546	966.754
LLLYALLTSLLTSLLTWLILI	LLLYALLTSLLTTLLTWLILI	-8.91872	-9.32394	0.220804	0.690823	964.627
LLLYALLTSLLTTLLTWLILI	LLLYALLYSLLTTLLTWLILI	-9.47592	-8.45563	0.538845	0.30482	962.38
LLLYALLYSLLTTLLTWLILI	LLLGALLYSLLTTLLTWLILI	-7.87408	-6.26095	0.886373	0.149938	960.005
LLLGALLYSLLTTLLTWLILI	LLLGALLYALLTTLLTWLILI	-6.00666	-6.79606	0.404229	0.416521	957.496
LLLGALLYALLTTLLTWLILI	LLLGALLTALLTTLLTWLILI	-7.04076	-5.79798	0.171816	0.816184	954.846
LLLGALLTALLTTLLTWLILI	LLLGALLYALLTTLLTWLILI	-5.79798	-7.04076	0.816184	0.171816	952.048
LLLGALLYALLTTLLTWLILI	LLLGALLYSLLTTLLTWLILI	-6.79606	-6.00666	0.416521	0.404229	949.095
LLLGALLYSLLTTLLTWLILI	LLLGALLYALLTTLLTWLILI	-6.00666	-8.45746	0.404229	0.416521	945.979
LLLGALLYALLTTLLTWLILI	LLLGALLTALLTTLLTWLILI	-8.70216	-5.79798	0.171816	0.816184	942.693
LLLGALLTALLTTLLTWLILI	LLLYALLTALLTTLLTWLILI	-6.3447	-11.0257	0.269472	0.595564	939.229
LLLYALLTALLTTLLTWLILI	LLLGALLTALLTTLLTWLILI	-11.0257	-9.38171	0.595564	0.269472	935.578
LLLGALLTALLTTLLTWLILI	LLLGALLTALLTTLLTTLILI	-9.42253	-7.2634	0.22865	0.673827	931.732
LLLGALLTALLTTLLTTLILI	LLLGALLTSLLTTLLTTLILI	-7.52071	-7.56352	0.416521	0.404229	927.683
LLLGALLTSLLTTLLTTLILI	LLLYALLTSLLTTLLTTLILI	-7.69828	-8.49701	0.269472	0.595564	923.422
LLLYALLTSLLTTLLTTLILI	LLLYALLTSLLTTLLTWLILI	-8.41874	-10.1048	0.673827	0.22865	918.939
LLLYALLTSLLTTLLTWLILI	LLLGALLTSLLTTLLTWLILI	-9.73794	-11.1	0.595564	0.269472	914.227
LLLGALLTSLLTTLLTWLILI	LLLGALLYSLLTTLLTWLILI	-10.5533	-6.82602	0.816184	0.171816	909.276
LLLGALLYSLLTTLLTWLILI	LLLGALLYSLLTTLLTTLILI	-6.72357	-4.34049	0.274265	0.58734	904.077
LLLGALLYSLLTTLLTTLILI	LLLGGLLYSLLTTLLTTLILI	-4.77378	-5.09823	0.154044	0.872342	898.621
LLLGGLLYSLLTTLLTTLILI	LLLGGLLTSLLTTLLTTLILI	-5.82936	-8.0219	0.141213	0.917682	892.899
LLLGGLLTSLLTTLLTTLILI	LLLYGLLTSLLTTLLTTLILI	-8.48561	-9.04581	0.453966	0.369715	886.903
LLLYGLLTSLLTTLLTTLILI	LLLGGLLTSLLTTLLTTLILI	-9.04581	-8.48569	0.369715	0.453966	880.623
LLLGGLLTSLLTTLLTTLILI	LLLYGLLTSLLTTLLTTLILI	-8.48569	-9.04581	0.453966	0.369715	874.051
LLLYGLLTSLLTTLLTTLILI	LLLGGLLTSLLTTLLTTLILI	-9.04581	-8.48569	0.369715	0.453966	867.179
LLLGGLLTSLLTTLLTTLILI	LLLYGLLTSLLTTLLTTLILI	-8.48569	-9.03624	0.453966	0.369715	859.999
LLLYGLLTSLLTTLLTTLILI	LLLYALLTSLLTTLLTTLILI	-8.82183	-7.98748	0.584123	0.276169	852.504
LLLYALLTSLLTTLLTTLILI	LLLYALLTALLTTLLTTLILI	-7.85942	-7.83824	0.404229	0.416521	844.686
LLLYALLTALLTTLLTTLILI	LLLYALLTALLTTLLVTLILI	-6.86019	-5.53831	1.39457	0.0589809	836.541
LLLYALLTALLTTLLVTLILI	LLLYALLTSLLTTLLVTLILI	-5.18077	-5.1973	0.416521	0.404229	828.061
LLLYALLTSLLTTLLVTLILI	LLLYALLTSLLTTLLTTLILI	-5.54255	-6.86907	0.0589809	1.39457	819.243
LLLYALLTSLLTTLLTTLILI	LLLYALLTSLLTTLLTWLILI	-7.58982	-6.36221	0.673827	0.22865	810.083
LLLYALLTSLLTTLLTWLILI	LLLYALLTSLLTSLLTWLILI	-5.90004	-6.75244	0.690823	0.220804	800.577
LLLYALLTSLLTSLLTWLILI	LLLYALLTSLLTTLLTWLILI	-6.75244	-9.04805	0.220804	0.690823	790.724
LLLYALLTSLLTTLLTWLILI	LLLYGLLTSLLTTLLTWLILI	-9.46271	-10.5825	0.276169	0.584123	780.523
LLLYGLLTSLLTTLLTWLILI	LLLYGLLTALLTTLLTWLILI	-10.5244	-10.8626	0.642213	0.244161	769.974
LLLYGLLTALLTTLLTWLILI	LLLYGLLTALLTSLLTWLILI	-10.1058	-8.00848	1.001	0.120637	759.081
LLLYGLLTALLTSLLTWLILI	LLLYGLLTALLTTLLTWLILI	-8.00848	-10.4377	0.120637	1.001	747.845
LLLYGLLTALLTTLLTWLILI	LLLYGLLTSLLTTLLTWLILI	-11.1945	-10.8335	0.244161	0.642213	736.272
LLLYGLLTSLLTTLLTWLILI	LLLYGLLTSLLTTLLSWLILI	-10.7849	-9.99754	0.690823	0.220804	724.369
LLLYGLLTSLLTTLLSWLILI	LLLYALLTSLLTTLLSWLILI	-9.63422	-9.64047	0.584123	0.276169	712.142
LLLYALLTSLLTTLLSWLILI	LLLYALLTALLTTLLSWLILI	-9.27443	-8.82343	0.642213	0.244161	699.602
LLLYALLTALLTTLLSWLILI	LLLYGLLTALLTTLLSWLILI	-8.60384	-9.84336	0.463748	0.36136	686.76
LLLYGLLTALLTTLLSWLILI	LLLYALLTALLTTLLSWLILI	-9.84336	-8.61141	0.36136	0.463748	673.628
LLLYALLTALLTTLLSWLILI	LLLGALLTALLTTLLSWLILI	-8.47959	-8.49698	0.595564	0.269472	660.222
LLLGALLTALLTTLLSWLILI	LLLGGLLTALLTTLLSWLILI	-8.49029	-9.14145	0.276169	0.584123	646.557
LLLGGLLTALLTTLLSWLILI	LLLGALLTALLTTLLSWLILI	-9.14145	-8.49017	0.584123	0.276169	632.651
LLLGALLTALLTTLLSWLILI	LLLGGLLTALLTTLLSWLILI	-8.49017	-9.14145	0.276169	0.584123	618.524
LLLGGLLTALLTTLLSWLILI	LLLGALLTALLTTLLSWLILI	-9.14145	-8.49017	0.584123	0.276169	604.196
LLLGALLTALLTTLLSWLILI	LLLGALLTALLTTLLTWLILI	-8.6457	-8.98969	0.120637	1.001	589.688
LLLGALLTALLTTLLTWLILI	LLLGGLLTALLTTLLTWLILI	-9.71452	-12.0287	0.276169	0.584123	575.025
LLLGGLLTALLTTLLTWLILI	LLLGGLLYALLTTLLTWLILI	-11.7966	-9.40014	0.816184	0.171816	515.312
LLLGGLLYALLTTLLTWLILI	LLLGGLLTALLTTLLTWLILI	-9.40014	-10.1218	0.171816	0.816184	485.188
LLLGGLLTALLTTLLTWLILI	LLLGGLLTALLTTLLSWLILI	-9.93703	-9.59315	1.001	0.120637	455.171
LLLGGLLTALLTTLLSWLILI	LLLGGLLTALLTTLLTWLILI	-9.59315	-9.62661	0.120637	1.001	440.27
LLLGGLLTALLTTLLTWLILI	LLLGGLLTALLTTLLSWLILI	-9.62661	-9.60506	1.001	0.120637	425.475
LLLGGLLTALLTTLLSWLILI	LLLYGLLTALLTTLLSWLILI	-9.27173	-9.84458	0.453966	0.369715	410.812
LLLYGLLTALLTTLLSWLILI	LLLYGLLTSLLTTLLSWLILI	-10.0797	-9.28482	0.13458	0.942975	396.304
LLLYGLLTSLLTTLLSWLILI	LLLYGLLTSLLFTLLSWLILI	-9.22349	-5.97449	1.0043	0.119894	381.976
LLLYGLLTSLLFTLLSWLILI	LLLYALLTSLLFTLLSWLILI	-5.51026	-4.01507	0.584123	0.276169	367.849
LLLYALLTSLLFTLLSWLILI	LLLYALLTSLLFTLLTWLILI	-4.01198	-4.88416	0.279255	0.578967	353.943
LLLYALLTSLLFTLLTWLILI	LLLYALLTALLFTLLTWLILI	-5.05889	-3.91065	0.404229	0.416521	340.278
LLLYALLTALLFTLLTWLILI	LLLYALLTSLLFTLLTWLILI	-3.91065	-6.72943	0.416521	0.404229	326.872
LLLYALLTSLLFTLLTWLILI	LLLGALLTSLLFTLLTWLILI	-6.5381	-6.58294	0.595564	0.269472	313.74
LLLGALLTSLLFTLLTWLILI	LLLGALLTSLLFALLTWLILI	-5.99584	-5.03253	0.856576	0.158812	300.898
LLLGALLTSLLFALLTWLILI	LLLGALLTSLLTALLTWLILI	-5.07145	-5.42765	0.119894	1.0043	276.131
LLLGALLTSLLTALLTWLILI	LLLGALLTSLLTTLLTWLILI	-6.30902	-8.70377	0.122923	0.990994	264.228
LLLGALLTSLLTTLLTWLILI	LLLGGLLTSLLTTLLTWLILI	-9.54072	-10.1252	0.154044	0.872342	252.655
LLLGGLLTSLLTTLLTWLILI	LLLGGLLTSLLTTLLSWLILI	-10.3067	-10.3278	0.690823	0.220804	241.419
LLLGGLLTSLLTTLLSWLILI	LLLGGLLTALLTTLLSWLILI	-9.60561	-9.59112	0.942975	0.13458	219.977
LLLGGLLTALLTTLLSWLILI	LLLYGLLTALLTTLLSWLILI	-9.27173	-9.83501	0.453966	0.369715	209.776
LLLYGLLTALLTTLLSWLILI	LLLYALLTALLTTLLSWLILI	-9.84336	-8.61152	0.36136	0.463748	181.257
LLLYALLTALLTTLLSWLILI	LLLYALLTALLTTLLTWLILI	-8.95463	-8.95521	0.120637	1.001	172.439
LLLYALLTALLTTLLTWLILI	LLLTALLTALLTTLLTWLILI	-9.815	-10.4335	0.141213	0.917682	163.959
LLLTALLTALLTTLLTWLILI	LLLGALLTALLTTLLTWLILI	-10.1632	-9.90523	1.18802	0.0854581	155.814
LLLGALLTALLTTLLTWLILI	LLLGGLLTALLTTLLTWLILI	-9.71452	-10.0344	0.276169	0.584123	147.996
LLLGGLLTALLTTLLTWLILI	LLLGGLLTALLTTLLSWLILI	-9.61751	-9.60506	1.001	0.120637	140.501
LLLGGLLTALLTTLLSWLILI	LLLYGLLTALLTTLLSWLILI	-9.27173	-9.84471	0.453966	0.369715	133.321
LLLYGLLTALLTTLLSWLILI	LLLYGLLTALLTTLLTWLILI	-10.0938	-10.4377	0.120637	1.001	126.449
LLLYGLLTALLTTLLTWLILI	LLLYALLTALLTTLLTWLILI	-11.0773	-11.1579	0.36136	0.463748	113.597
LLLYALLTALLTTLLTWLILI	LLLYALLTSLLTTLLTWLILI	-11.2052	-11.193	0.416521	0.404229	96.4228
LLLYALLTSLLTTLLTWLILI	LLLGALLTSLLTTLLTWLILI	-11.0016	-11.1	0.595564	0.269472	77.0783
LLLGALLTSLLTTLLTWLILI	LLLYALLTSLLTTLLTWLILI	-11.1	-11.4008	0.269472	0.595564	64.9219
LLLYALLTSLLTTLLTWLILI	LLLGALLTSLLTTLLTWLILI	-11.4008	-12.2429	0.595564	0.269472	45.6541
LLLGALLTSLLTTLLTWLILI	LLLYALLTSLLTTLLTWLILI	-12.2429	-12.9706	0.269472	0.595564	35.8726
Time: 284s
