***STARTING GEOMETRY:***
xShift: 6.51892
crossingAngle: -50.5253
axialRotation: 7.04887
zShift: 4.56058

Number of MCCycles: 100
PrevSequence	CurrSequence	PrevEnergy	CurrEnergy	PrevEntropy	CurrEntropy	CurrentTemp
LLLYLLGTLLGTLLTTLLILI	LLLYLLGTLLGTLLTYLLILI	-33.8942	-31.798	0.410343	0.410343	999.684
LLLYLLGTLLGTLLTYLLILI	LLLYLLGTLLGTLLSYLLILI	-31.3423	-28.8761	0.865998	0.155943	999.328
LLLYLLGTLLGTLLSYLLILI	LLLYLLGTLLGTLLTYLLILI	-28.8761	-29.937	0.155943	0.865998	998.928
LLLYLLGTLLGTLLTYLLILI	LLLYLLGVLLGTLLTYLLILI	-29.6746	-28.4699	1.12845	0.0952708	998.476
LLLYLLGVLLGTLLTYLLILI	LLLYLLGVLLGTLLTTLLILI	-28.1549	-31.5174	0.410343	0.410343	997.967
LLLYLLGVLLGTLLTTLLILI	LLLYLLGVLLGTLLSTLLILI	-31.2369	-30.1143	0.690823	0.220804	997.394
LLLYLLGVLLGTLLSTLLILI	LLLYLLGTLLGTLLSTLLILI	-30.1974	-31.2699	0.137712	0.930859	996.749
LLLYLLGTLLGTLLSTLLILI	LLLYLLGTLLGTLLTTLLILI	-32.0448	-33.3041	0.155943	0.865998	996.023
LLLYLLGTLLGTLLTTLLILI	LLLFLLGTLLGTLLTTLLILI	-33.5197	-32.5927	0.650378	0.240035	994.285
LLLFLLGTLLGTLLTTLLILI	LLLYLLGTLLGTLLTTLLILI	-32.5927	-33.5197	0.240035	0.650378	993.249
LLLYLLGTLLGTLLTTLLILI	LLLYLLGTLLGTLLTYLLILI	-33.7597	-30.3927	0.410343	0.410343	992.084
LLLYLLGTLLGTLLTYLLILI	LLLYLLGTLLGTLLTTLLILI	-30.3927	-33.7597	0.410343	0.410343	990.773
LLLYLLGTLLGTLLTTLLILI	LLLYLLGTLLGTLLTYLLILI	-33.7597	-30.3927	0.410343	0.410343	989.3
LLLYLLGTLLGTLLTYLLILI	LLLYLLGTLLGYLLTYLLILI	-30.36	-31.1622	0.443059	0.379341	987.644
LLLYLLGTLLGYLLTYLLILI	LLLYLLGTLLGFLLTYLLILI	-30.5887	-31.0735	0.952787	0.132101	985.783
LLLYLLGTLLGFLLTYLLILI	LLLYLLGTLLGFLLTTLLILI	-30.7952	-34.4859	0.410343	0.410343	981.348
LLLYLLGTLLGFLLTTLLILI	LLLFLLGTLLGFLLTTLLILI	-34.4859	-33.1471	0.410343	0.410343	978.717
LLLFLLGTLLGFLLTTLLILI	LLLYLLGTLLGFLLTTLLILI	-33.1471	-34.4903	0.410343	0.410343	975.768
LLLYLLGTLLGFLLTTLLILI	LLLYLLGTLLGYLLTTLLILI	-34.7686	-34.9365	0.132101	0.952787	972.463
LLLYLLGTLLGYLLTTLLILI	LLLYLLGTLLGYLLSTLLILI	-35.1985	-34.0208	0.690823	0.220804	968.764
LLLYLLGTLLGYLLSTLLILI	LLLYLLGTLLGFLLSTLLILI	-33.2889	-33.3132	0.952787	0.132101	964.627
LLLYLLGTLLGFLLSTLLILI	LLLYLLGTLLGFLLSYLLILI	-33.035	-29.1212	0.410343	0.410343	960.005
LLLYLLGTLLGFLLSYLLILI	LLLFLLGTLLGFLLSYLLILI	-29.1212	-27.7777	0.410343	0.410343	954.846
LLLFLLGTLLGFLLSYLLILI	LLLFLLGTLLGFLLSTLLILI	-27.7777	-31.6914	0.410343	0.410343	949.095
LLLFLLGTLLGFLLSTLLILI	LLLFLLGTLLGYLLSTLLILI	-31.6914	-32.4885	0.410343	0.410343	942.693
LLLFLLGTLLGYLLSTLLILI	LLLYLLGTLLGYLLSTLLILI	-32.7667	-33.2889	0.132101	0.952787	935.578
LLLYLLGTLLGYLLSTLLILI	LLLFLLGTLLGYLLSTLLILI	-33.2889	-32.9185	0.952787	0.132101	927.683
LLLFLLGTLLGYLLSTLLILI	LLLYLLGTLLGYLLSTLLILI	-32.9185	-33.2889	0.132101	0.952787	918.939
LLLYLLGTLLGYLLSTLLILI	LLLYLLGTLLGFLLSTLLILI	-33.2889	-33.5605	0.952787	0.132101	909.276
LLLYLLGTLLGFLLSTLLILI	LLLYLLGTLLGFLLTTLLILI	-33.4718	-34.2099	0.220804	0.690823	898.621
LLLYLLGTLLGFLLTTLLILI	LLLYLLGTLLGYLLTTLLILI	-34.7686	-34.9412	0.132101	0.952787	886.903
LLLYLLGTLLGYLLTTLLILI	LLLFLLGTLLGYLLTTLLILI	-34.9412	-34.419	0.952787	0.132101	859.999
LLLFLLGTLLGYLLTTLLILI	LLLFLLGTLLGFLLTTLLILI	-34.1408	-33.1471	0.410343	0.410343	844.686
LLLFLLGTLLGFLLTTLLILI	LLLFLLGTLLGFLLSTLLILI	-32.8666	-32.1285	0.690823	0.220804	828.061
LLLFLLGTLLGFLLSTLLILI	LLLFLLGTLLGFLLTTLLILI	-32.1285	-32.8666	0.220804	0.690823	810.083
LLLFLLGTLLGFLLTTLLILI	LLLFLLGTLLGFLLSTLLILI	-32.8666	-31.881	0.690823	0.220804	790.724
LLLFLLGTLLGFLLSTLLILI	LLLFLLGTLLGFLLTTLLILI	-31.881	-32.8622	0.220804	0.690823	769.974
LLLFLLGTLLGFLLTTLLILI	LLLFLLGTLLGYLLTTLLILI	-33.1427	-34.1361	0.410343	0.410343	747.845
LLLFLLGTLLGYLLTTLLILI	LLLYLLGTLLGYLLTTLLILI	-34.4144	-34.9365	0.132101	0.952787	724.369
LLLYLLGTLLGYLLTTLLILI	LLLFLLGTLLGYLLTTLLILI	-34.9365	-34.419	0.952787	0.132101	699.602
LLLFLLGTLLGYLLTTLLILI	LLLYLLGTLLGYLLTTLLILI	-34.419	-34.5538	0.132101	0.952787	646.557
LLLYLLGTLLGYLLTTLLILI	LLLFLLGTLLGYLLTTLLILI	-34.5538	-34.4144	0.952787	0.132101	618.524
LLLFLLGTLLGYLLTTLLILI	LLLFLLGTLLGFLLTTLLILI	-34.1361	-33.1427	0.410343	0.410343	589.688
LLLFLLGTLLGFLLTTLLILI	LLLYLLGTLLGFLLTTLLILI	-33.1427	-34.1029	0.410343	0.410343	530.348
LLLYLLGTLLGFLLTTLLILI	LLLYLLGTLLGYLLTTLLILI	-34.3811	-34.9412	0.132101	0.952787	470.152
LLLYLLGTLLGYLLTTLLILI	LLLYLLGTLLGFLLTTLLILI	-34.9412	-34.7686	0.952787	0.132101	440.27
LLLYLLGTLLGFLLTTLLILI	LLLYLLGTLLGYLLTTLLILI	-34.7686	-34.9365	0.132101	0.952787	410.812
LLLYLLGTLLGYLLTTLLILI	LLLFLLGTLLGYLLTTLLILI	-34.9365	-34.4144	0.952787	0.132101	381.976
LLLFLLGTLLGYLLTTLLILI	LLLFLLGTLLGYLLSTLLILI	-33.8557	-32.678	0.690823	0.220804	353.943
LLLFLLGTLLGYLLSTLLILI	LLLYLLGTLLGYLLSTLLILI	-32.7667	-33.2889	0.132101	0.952787	326.872
LLLYLLGTLLGYLLSTLLILI	LLLYLLGTLLGYLLTTLLILI	-34.0208	-35.2031	0.220804	0.690823	300.898
LLLYLLGTLLGYLLTTLLILI	LLLYLLGTLLGYLLSTLLILI	-35.2031	-34.0208	0.690823	0.220804	276.131
LLLYLLGTLLGYLLSTLLILI	LLLYLLGTLLGYLLTTLLILI	-34.0208	-35.1985	0.220804	0.690823	252.655
LLLYLLGTLLGYLLTTLLILI	LLLFLLGTLLGYLLTTLLILI	-34.9365	-34.419	0.952787	0.132101	209.776
LLLFLLGTLLGYLLTTLLILI	LLLYLLGTLLGYLLTTLLILI	-34.419	-34.5538	0.132101	0.952787	172.439
LLLYLLGTLLGYLLTTLLILI	LLLYLLGTLLGFLLTTLLILI	-34.5538	-34.7686	0.952787	0.132101	155.814
LLLYLLGTLLGFLLTTLLILI	LLLYLLGTLLGYLLTTLLILI	-34.7686	-34.9412	0.132101	0.952787	140.501
LLLYLLGTLLGYLLTTLLILI	LLLYLLGTLLGFLLTTLLILI	-34.9412	-34.7686	0.952787	0.132101	51.4049
LLLYLLGTLLGFLLTTLLILI	LLLYLLGTLLGYLLTTLLILI	-34.7686	-34.9412	0.132101	0.952787	45.6541
Time: 185s
