***STARTING GEOMETRY:***
xShift: 9.2
crossingAngle: 31
axialRotation: 75.6518
zShift: 4.2

Number of MCCycles: 100
PrevSequence	CurrSequence	PrevEnergy	CurrEnergy	PrevEntropy	CurrEntropy	CurrentTemp
LLLYVLLTLLFTLTTLLLILI	LLLYVLLTLLFVLTTLLLILI	-11.4844	-10.7185	0.930859	0.137712	999.684
LLLYVLLTLLFVLTTLLLILI	LLLYVLLTLLFVLTWLLLILI	-10.3702	-9.01708	0.48602	0.343253	999.328
LLLYVLLTLLFVLTWLLLILI	LLLYFLLTLLFVLTWLLLILI	-9.01971	-7.77593	0.340616	0.489394	998.928
LLLYFLLTLLFVLTWLLLILI	LLLYFLLTLLFVLYWLLLILI	-7.9366	-5.78558	0.328724	0.505042	998.476
LLLYFLLTLLFVLYWLLLILI	LLLYFLLTLLFTLYWLLLILI	-6.15291	-8.53589	0.137712	0.930859	997.967
LLLYFLLTLLFTLYWLLLILI	LLLYFLLTLLTTLYWLLLILI	-9.2472	-13.3005	0.219549	0.693609	997.394
LLLYFLLTLLTTLYWLLLILI	LLLYVLLTLLTTLYWLLLILI	-13.5047	-14.7771	0.489394	0.340616	996.749
LLLYVLLTLLTTLYWLLLILI	LLLYVLLTLLTTLTWLLLILI	-14.8129	-16.4443	0.30482	0.538845	996.023
LLLYVLLTLLTTLTWLLLILI	LLLYVLLTLLFTLTWLLLILI	-15.8363	-12.4927	1.14683	0.0921195	995.205
LLLYVLLTLLFTLTWLLLILI	LLLYVLLTLLFTLTALLLILI	-11.5136	-10.9696	1.0712	0.105861	994.285
LLLYVLLTLLFTLTALLLILI	LLLYVLLTLLTTLTALLLILI	-10.9833	-11.6973	0.0921195	1.14683	993.249
LLLYVLLTLLTTLTALLLILI	LLLYVLLTLLTTLTWLLLILI	-12.7383	-15.2845	0.105861	1.0712	992.084
LLLYVLLTLLTTLTWLLLILI	LLLYVLLTLLFTLTWLLLILI	-15.2088	-12.4927	1.14683	0.0921195	990.773
LLLYVLLTLLFTLTWLLLILI	LLLYVLLTLLFTLTALLLILI	-11.5136	-10.9696	1.0712	0.105861	989.3
LLLYVLLTLLFTLTALLLILI	LLLYVLLTLLFTLTWLLLILI	-10.9696	-11.5136	0.105861	1.0712	987.644
LLLYVLLTLLFTLTWLLLILI	LLLYVLLTLLTTLTWLLLILI	-12.4927	-12.7317	0.0921195	1.14683	985.783
LLLYVLLTLLTTLTWLLLILI	LLLYVLLTLLTTLYWLLLILI	-13.3397	-14.8129	0.538845	0.30482	983.694
LLLYVLLTLLTTLYWLLLILI	LLLYVLLTLLTFLYWLLLILI	-14.1134	-8.9046	1.0043	0.119894	975.768
LLLYVLLTLLTFLYWLLLILI	LLLYVLLTLLWFLYWLLLILI	-8.81514	-7.49678	0.209355	0.716965	972.463
LLLYVLLTLLWFLYWLLLILI	LLLYYLLTLLWFLYWLLLILI	-8.14158	-7.74611	0.0721588	1.28166	968.764
LLLYYLLTLLWFLYWLLLILI	LLLYVLLTLLWFLYWLLLILI	-7.74611	-9.61213	1.28166	0.0721588	964.627
LLLYVLLTLLWFLYWLLLILI	LLLYVLLTLLWFLTWLLLILI	-9.17925	-9.78785	0.505042	0.328724	960.005
LLLYVLLTLLWFLTWLLLILI	LLLVVLLTLLWFLTWLLLILI	-9.62719	-10.8326	0.489394	0.340616	954.846
LLLVVLLTLLWFLTWLLLILI	LLLVILLTLLWFLTWLLLILI	-10.7747	-7.52014	0.398479	0.42245	949.095
LLLVILLTLLWFLTWLLLILI	LLLVVLLTLLWFLTWLLLILI	-7.52014	-10.7747	0.42245	0.398479	942.693
LLLVVLLTLLWFLTWLLLILI	LLLVVLLTLLWYLTWLLLILI	-10.9331	-8.27722	0.240035	0.650378	935.578
LLLVVLLTLLWYLTWLLLILI	LLLVVLLTLLTYLTWLLLILI	-8.36848	-9.20636	0.559121	0.291546	927.683
LLLVVLLTLLTYLTWLLLILI	LLLVVLLTLLTTLTWLLLILI	-9.32609	-14.8652	0.171816	0.816184	918.939
LLLVVLLTLLTTLTWLLLILI	LLLYVLLTLLTTLTWLLLILI	-15.3408	-15.7974	0.340616	0.489394	909.276
LLLYVLLTLLTTLTWLLLILI	LLLYFLLTLLTTLTWLLLILI	-15.9462	-14.7426	0.340616	0.489394	898.621
LLLYFLLTLLTTLTWLLLILI	LLLYFLLTLLFTLTWLLLILI	-14.4158	-11.3394	0.816184	0.171816	886.903
LLLYFLLTLLFTLTWLLLILI	LLLYFLLTLLFTLTALLLILI	-10.44	-9.89059	1.0712	0.105861	874.051
LLLYFLLTLLFTLTALLLILI	LLLYYLLTLLFTLTALLLILI	-9.75641	-9.19801	0.240035	0.650378	859.999
LLLYYLLTLLFTLTALLLILI	LLLYYLLTLLTTLTALLLILI	-9.75627	-10.377	0.0921195	1.14683	844.686
LLLYYLLTLLTTLTALLLILI	LLLWYLLTLLTTLTALLLILI	-11.0726	-12.7754	0.451187	0.372136	828.061
LLLWYLLTLLTTLTALLLILI	LLLWVLLTLLTTLTALLLILI	-12.394	-13.7491	0.753596	0.194474	810.083
LLLWVLLTLLTTLTALLLILI	LLLWVLLTLLTTLTSLLLILI	-13.6994	-13.8343	0.244161	0.642213	790.724
LLLWVLLTLLTTLTSLLLILI	LLLLVLLTLLTTLTSLLLILI	-13.7328	-13.9539	0.743646	0.198389	769.974
LLLLVLLTLLTTLTSLLLILI	LLLLVLLTLLWTLTSLLLILI	-13.5649	-9.64287	0.58734	0.274265	747.845
LLLLVLLTLLWTLTSLLLILI	LLLLILLTLLWTLTSLLLILI	-9.68498	-7.82041	0.232152	0.666466	724.369
LLLLILLTLLWTLTSLLLILI	LLLYILLTLLWTLTSLLLILI	-8.1739	-8.86644	0.312976	0.526939	699.602
LLLYILLTLLWTLTSLLLILI	LLLYILLTLLWFLTSLLLILI	-8.38908	-8.85009	1.0043	0.119894	673.628
LLLYILLTLLWFLTSLLLILI	LLLYVLLTLLWFLTSLLLILI	-8.30351	-10.6651	0.666466	0.232152	646.557
LLLYVLLTLLWFLTSLLLILI	LLLYVLLTLLWFLTWLLLILI	-10.7933	-10.5164	0.103866	1.0815	618.524
LLLYVLLTLLWFLTWLLLILI	LLLYVLLTLLTFLTWLLLILI	-11.0388	-10.672	0.559121	0.291546	589.688
LLLYVLLTLLTFLTWLLLILI	LLLYVLLTLLTFLTSLLLILI	-10.2041	-9.84115	0.759486	0.192199	560.23
LLLYVLLTLLTFLTSLLLILI	LLLYVLLTLLWFLTSLLLILI	-9.54733	-10.554	0.48602	0.343253	530.348
LLLYVLLTLLWFLTSLLLILI	LLLYVLLTLLWFLTALLLILI	-10.255	-9.74558	0.642213	0.244161	470.152
LLLYVLLTLLWFLTALLLILI	LLLYVLLTLLWYLTALLLILI	-9.85764	-8.60472	0.132101	0.952787	440.27
LLLYVLLTLLWYLTALLLILI	LLLYVLLTLLWFLTALLLILI	-8.60472	-9.85764	0.952787	0.132101	410.812
LLLYVLLTLLWFLTALLLILI	LLLYFLLTLLWFLTALLLILI	-9.79526	-8.32785	0.194474	0.753596	381.976
LLLYFLLTLLWFLTALLLILI	LLLYFLLTLLWFLTSLLLILI	-8.83729	-9.34673	0.244161	0.642213	353.943
LLLYFLLTLLWFLTSLLLILI	LLLYVLLTLLWFLTSLLLILI	-9.23535	-10.7027	0.753596	0.194474	326.872
LLLYVLLTLLWFLTSLLLILI	LLLYVLLTLLWFLTWLLLILI	-10.7933	-10.5164	0.103866	1.0815	300.898
LLLYVLLTLLWFLTWLLLILI	LLLYVLLTLLWFLTSLLLILI	-10.5164	-10.7933	1.0815	0.103866	252.655
LLLYVLLTLLWFLTSLLLILI	LLLYVLLTLLWFLTWLLLILI	-10.7933	-10.5164	0.103866	1.0815	209.776
LLLYVLLTLLWFLTWLLLILI	LLLVVLLTLLWFLTWLLLILI	-11.1085	-10.8326	0.489394	0.340616	190.417
LLLVVLLTLLWFLTWLLLILI	LLLVVLLTLLWFLTSLLLILI	-10.0917	-10.368	1.0815	0.103866	140.501
LLLVVLLTLLWFLTSLLLILI	LLLYVLLTLLWFLTSLLLILI	-10.1313	-10.4078	0.340616	0.489394	126.449
LLLYVLLTLLWFLTSLLLILI	LLLVVLLTLLWFLTSLLLILI	-10.4078	-10.1313	0.489394	0.340616	113.597
LLLVVLLTLLWFLTSLLLILI	LLLVVLLTLLWFLTWLLLILI	-10.368	-10.0917	0.103866	1.0815	101.879
LLLVVLLTLLWFLTWLLLILI	LLLVVLLTLLWFLTSLLLILI	-10.0917	-10.368	1.0815	0.103866	91.2238
LLLVVLLTLLWFLTSLLLILI	LLLYVLLTLLWFLTSLLLILI	-10.1313	-10.4078	0.340616	0.489394	81.5606
LLLYVLLTLLWFLTSLLLILI	LLLYVLLTLLWFLTWLLLILI	-10.7933	-10.5164	0.103866	1.0815	72.8169
LLLYVLLTLLWFLTWLLLILI	LLLYVLLTLLWFLTSLLLILI	-10.5164	-10.7933	1.0815	0.103866	57.8066
Time: 144s
