***STARTING GEOMETRY:***
xShift: 8.2
crossingAngle: 21
axialRotation: 75.6518
zShift: 4.2

Number of MCCycles: 100
PrevSequence	CurrSequence	PrevEnergy	CurrEnergy	PrevEntropy	CurrEntropy	CurrentTemp
LLLYWLLGLLGTLTGLLLILI	LLLFWLLGLLGTLTGLLLILI	6.64848e+06	3606.34	0.650378	0.240035	999.684
LLLFWLLGLLGTLTGLLLILI	LLLFWLLGLLGILTGLLLILI	3606.72	3609.05	0.616541	0.257708	999.328
LLLFWLLGLLGILTGLLLILI	LLLFWLLGLLGILVGLLLILI	3609.43	3612.23	0.632162	0.249358	998.928
LLLFWLLGLLGILVGLLLILI	LLLYWLLGLLGILVGLLLILI	3612.22	3610.15	0.240035	0.650378	998.476
LLLYWLLGLLGILVGLLLILI	LLLYFLLGLLGILVGLLLILI	3610.39	3610.54	0.890414	0.148778	997.967
LLLYFLLGLLGILVGLLLILI	LLLYFLLGLLGILTGLLLILI	3610.64	3607.85	0.249358	0.632162	997.394
LLLYFLLGLLGILTGLLLILI	LLLYFLLGLLGTLTGLLLILI	3607.47	3605.17	0.257708	0.616541	996.749
LLLYFLLGLLGTLTGLLLILI	LLLYFLLGLLGTLVGLLLILI	3605.48	3607.85	0.930859	0.137712	995.205
LLLYFLLGLLGTLVGLLLILI	LLLYFLLGLLGTLTGLLLILI	3607.85	3605.48	0.137712	0.930859	994.285
LLLYFLLGLLGTLTGLLLILI	LLLYFLLGLLFTLTGLLLILI	3605.15	3605.95	0.594419	0.270132	993.249
LLLYFLLGLLFTLTGLLLILI	LLLYWLLGLLFTLTGLLLILI	3605.95	3605.41	0.267575	0.598868	992.084
LLLYWLLGLLFTLTGLLLILI	LLLYWLLGLLFWLTGLLLILI	3605.02	3602.59	0.209355	0.716965	990.773
LLLYWLLGLLFWLTGLLLILI	LLLYWLLGLLFFLTGLLLILI	3602.77	3603.86	0.890414	0.148778	989.3
LLLYWLLGLLFFLTGLLLILI	LLLYWLLGLLYFLTGLLLILI	3603.95	3602.65	0.240035	0.650378	987.644
LLLYWLLGLLYFLTGLLLILI	LLLYFLLGLLYFLTGLLLILI	3602.6	3602.76	0.598868	0.267575	983.694
LLLYFLLGLLYFLTGLLLILI	LLLYWLLGLLYFLTGLLLILI	3602.76	3602.6	0.267575	0.598868	981.348
LLLYWLLGLLYFLTGLLLILI	LLLYWLLGLLYWLTGLLLILI	3602.08	3602.22	0.0790506	1.23103	978.717
LLLYWLLGLLYWLTGLLLILI	LLLYWLLGLLYFLTGLLLILI	3602.22	3602.08	1.23103	0.0790506	975.768
LLLYWLLGLLYFLTGLLLILI	LLLYWLLGLLWFLTGLLLILI	3602.27	3603.19	0.267575	0.598868	972.463
LLLYWLLGLLWFLTGLLLILI	LLLYYLLGLLWFLTGLLLILI	3603.19	3601.58	0.598868	0.267575	968.764
LLLYYLLGLLWFLTGLLLILI	LLLWYLLGLLWFLTGLLLILI	3601.58	3604.07	0.267575	0.598868	964.627
LLLWYLLGLLWFLTGLLLILI	LLLYYLLGLLWFLTGLLLILI	3604.07	3601.58	0.598868	0.267575	960.005
LLLYYLLGLLWFLTGLLLILI	LLLYYLLGLLYFLTGLLLILI	3601.58	3603.11	0.272043	0.591129	954.846
LLLYYLLGLLYFLTGLLLILI	LLLYYLLGLLYWLTGLLLILI	3602.67	3602.38	0.148778	0.890414	949.095
LLLYYLLGLLYWLTGLLLILI	LLLWYLLGLLYWLTGLLLILI	3601.85	3602.6	0.366471	0.457728	942.693
LLLWYLLGLLYWLTGLLLILI	LLLWYLLGLLYFLTGLLLILI	3603.38	3603.31	1.23103	0.0790506	935.578
LLLWYLLGLLYFLTGLLLILI	LLLWYLLGLLYFLVGLLLILI	3603.87	3607.06	0.632162	0.249358	927.683
LLLWYLLGLLYFLVGLLLILI	LLLWYLLGLLYFLTGLLLILI	3607.06	3603.87	0.249358	0.632162	918.939
LLLWYLLGLLYFLTGLLLILI	LLLWYLLGLLYWLTGLLLILI	3603.31	3603.38	0.0790506	1.23103	909.276
LLLWYLLGLLYWLTGLLLILI	LLLYYLLGLLYWLTGLLLILI	3602.6	3601.85	0.457728	0.366471	898.621
LLLYYLLGLLYWLTGLLLILI	LLLYYLLGLLWWLTGLLLILI	3601.85	3600.02	0.366471	0.457728	886.903
LLLYYLLGLLWWLTGLLLILI	LLLYYLLGLLYWLTGLLLILI	3600.02	3601.85	0.457728	0.366471	874.051
LLLYYLLGLLYWLTGLLLILI	LLLWYLLGLLYWLTGLLLILI	3601.85	3602.6	0.366471	0.457728	859.999
LLLWYLLGLLYWLTGLLLILI	LLLYYLLGLLYWLTGLLLILI	3602.6	3601.85	0.457728	0.366471	844.686
LLLYYLLGLLYWLTGLLLILI	LLLYYLLGLLWWLTGLLLILI	3601.85	3600.02	0.366471	0.457728	828.061
LLLYYLLGLLWWLTGLLLILI	LLLYFLLGLLWWLTGLLLILI	3600.51	3599.69	0.952787	0.132101	810.083
LLLYFLLGLLWWLTGLLLILI	LLLYWLLGLLWWLTGLLLILI	3599.61	3600.69	0.0538553	1.44587	790.724
LLLYWLLGLLWWLTGLLLILI	LLLYWLLGLLWFLTGLLLILI	3600.69	3601.01	1.44587	0.0538553	769.974
LLLYWLLGLLWFLTGLLLILI	LLLYWLLGLLWWLTGLLLILI	3601.01	3600.69	0.0538553	1.44587	747.845
LLLYWLLGLLWWLTGLLLILI	LLLYWLLGLLYWLTGLLLILI	3600.01	3601.18	0.76241	0.191082	724.369
LLLYWLLGLLYWLTGLLLILI	LLLYWLLGLLYFLTGLLLILI	3602.22	3602.08	1.23103	0.0790506	699.602
LLLYWLLGLLYFLTGLLLILI	LLLYWLLGLLYWLTGLLLILI	3602.08	3602.22	0.0790506	1.23103	673.628
LLLYWLLGLLYWLTGLLLILI	LLLYFLLGLLYWLTGLLLILI	3602.22	3601.74	1.23103	0.0790506	646.557
LLLYFLLGLLYWLTGLLLILI	LLLWFLLGLLYWLTGLLLILI	3601.93	3604.37	0.267575	0.598868	618.524
LLLWFLLGLLYWLTGLLLILI	LLLWFLLGLLWWLTGLLLILI	3603.87	3602.54	0.103217	1.08489	589.688
LLLWFLLGLLWWLTGLLLILI	LLLYFLLGLLWWLTGLLLILI	3602.54	3599.66	1.08489	0.103217	560.23
LLLYFLLGLLWWLTGLLLILI	LLLYFLLGLLWFLTGLLLILI	3600.45	3601.25	0.890414	0.148778	530.348
LLLYFLLGLLWFLTGLLLILI	LLLYFLLGLLYFLTGLLLILI	3601.47	3602.94	0.372136	0.451187	500.25
LLLYFLLGLLYFLTGLLLILI	LLLWFLLGLLYFLTGLLLILI	3602.94	3605.01	0.451187	0.372136	470.152
LLLWFLLGLLYFLTGLLLILI	LLLWFLLGLLYWLTGLLLILI	3604.79	3604.66	0.148778	0.890414	440.27
LLLWFLLGLLYWLTGLLLILI	LLLWYLLGLLYWLTGLLLILI	3603.9	3603.1	0.132101	0.952787	410.812
LLLWYLLGLLYWLTGLLLILI	LLLWYLLGLLYFLTGLLLILI	3603.38	3603.31	1.23103	0.0790506	381.976
LLLWYLLGLLYFLTGLLLILI	LLLYYLLGLLYFLTGLLLILI	3603.51	3603.11	0.272043	0.591129	353.943
LLLYYLLGLLYFLTGLLLILI	LLLYWLLGLLYFLTGLLLILI	3603.11	3602.27	0.591129	0.272043	326.872
LLLYWLLGLLYFLTGLLLILI	LLLYWLLGLLYWLTGLLLILI	3602.08	3602.22	0.0790506	1.23103	300.898
LLLYWLLGLLYWLTGLLLILI	LLLYFLLGLLYWLTGLLLILI	3602.22	3601.74	1.23103	0.0790506	276.131
LLLYFLLGLLYWLTGLLLILI	LLLYFLLGLLWWLTGLLLILI	3601.93	3600.15	0.267575	0.598868	252.655
Time: 243s
