***STARTING GEOMETRY:***
xShift: 7.16288
crossingAngle: -50.171
axialRotation: 6.15087
zShift: 5.04005

Number of MCCycles: 100
PrevSequence	CurrSequence	PrevEnergy	CurrEnergy	PrevEntropy	CurrEntropy	CurrentTemp
LLLYLLGTLLGYLLWTLLILI	LLLYLLGTLLGYLLTTLLILI	-27.2933	-29.4782	0.343253	0.48602	999.684
LLLYLLGTLLGYLLTTLLILI	LLLYLLGTLLGYLLTVLLILI	-28.8358	-26.0606	1.12845	0.0952708	999.328
LLLYLLGTLLGYLLTVLLILI	LLLYLLGTLLGYLLTTLLILI	-26.0606	-28.8091	0.0952708	1.12845	998.928
LLLYLLGTLLGYLLTTLLILI	LLLFLLGTLLGYLLTTLLILI	-28.9848	-28.3451	0.952787	0.132101	998.476
LLLFLLGTLLGYLLTTLLILI	LLLYLLGTLLGYLLTTLLILI	-28.3451	-28.2607	0.132101	0.952787	997.967
LLLYLLGTLLGYLLTTLLILI	LLLFLLGTLLGYLLTTLLILI	-28.2607	-28.3451	0.952787	0.132101	997.394
LLLFLLGTLLGYLLTTLLILI	LLLYLLGTLLGYLLTTLLILI	-28.3451	-28.9848	0.132101	0.952787	996.749
LLLYLLGTLLGYLLTTLLILI	LLLYLLGTLLGFLLTTLLILI	-28.9848	-28.4063	0.952787	0.132101	996.023
LLLYLLGTLLGFLLTTLLILI	LLLYLLGTLLGYLLTTLLILI	-28.4063	-29.0114	0.132101	0.952787	994.285
LLLYLLGTLLGYLLTTLLILI	LLLYLLGTLLGFLLTTLLILI	-29.0114	-28.4063	0.952787	0.132101	993.249
LLLYLLGTLLGFLLTTLLILI	LLLFLLGTLLGFLLTTLLILI	-28.1281	-26.6635	0.410343	0.410343	992.084
LLLFLLGTLLGFLLTTLLILI	LLLFLLGTLLGFLLVTLLILI	-25.9454	-24.986	1.12845	0.0952708	990.773
LLLFLLGTLLGFLLVTLLILI	LLLFLLGTLLGFLLTTLLILI	-24.986	-25.8588	0.0952708	1.12845	989.3
LLLFLLGTLLGFLLTTLLILI	LLLFLLGTLLGFLLWTLLILI	-26.5013	-26.1144	0.48602	0.343253	987.644
LLLFLLGTLLGFLLWTLLILI	LLLYLLGTLLGFLLWTLLILI	-26.0473	-25.5646	0.410343	0.410343	985.783
LLLYLLGTLLGFLLWTLLILI	LLLYLLGTLLGFLLWYLLILI	-25.6462	-24.6818	0.328724	0.505042	983.694
LLLYLLGTLLGFLLWYLLILI	LLLYLLGTLLGFLLTYLLILI	-24.7259	-23.6085	0.460972	0.363705	981.348
LLLYLLGTLLGFLLTYLLILI	LLLYLLGTLLGFLLTTLLILI	-23.5928	-27.3807	0.379341	0.443059	978.717
LLLYLLGTLLGFLLTTLLILI	LLLYLLGTLLGYLLTTLLILI	-27.6917	-28.9848	0.132101	0.952787	975.768
LLLYLLGTLLGYLLTTLLILI	LLLFLLGTLLGYLLTTLLILI	-28.9848	-28.3451	0.952787	0.132101	972.463
LLLFLLGTLLGYLLTTLLILI	LLLFLLGTLLGYLLVTLLILI	-27.3487	-26.2375	1.12845	0.0952708	968.764
LLLFLLGTLLGYLLVTLLILI	LLLFLLGTLLGYLLTTLLILI	-26.2375	-27.3623	0.0952708	1.12845	964.627
LLLFLLGTLLGYLLTTLLILI	LLLYLLGTLLGYLLTTLLILI	-28.3586	-28.9848	0.132101	0.952787	935.578
LLLYLLGTLLGYLLTTLLILI	LLLFLLGTLLGYLLTTLLILI	-28.9848	-28.3451	0.952787	0.132101	927.683
LLLFLLGTLLGYLLTTLLILI	LLLYLLGTLLGYLLTTLLILI	-28.3451	-28.9848	0.132101	0.952787	918.939
LLLYLLGTLLGYLLTTLLILI	LLLFLLGTLLGYLLTTLLILI	-28.9848	-28.3183	0.952787	0.132101	909.276
LLLFLLGTLLGYLLTTLLILI	LLLFLLGTLLGFLLTTLLILI	-28.0401	-26.6635	0.410343	0.410343	898.621
LLLFLLGTLLGFLLTTLLILI	LLLYLLGTLLGFLLTTLLILI	-26.6635	-28.1281	0.410343	0.410343	886.903
LLLYLLGTLLGFLLTTLLILI	LLLYLLGTLLGYLLTTLLILI	-28.4063	-29.0114	0.132101	0.952787	874.051
LLLYLLGTLLGYLLTTLLILI	LLLYLLGTLLGYLLVTLLILI	-28.8358	-26.9983	1.12845	0.0952708	859.999
LLLYLLGTLLGYLLVTLLILI	LLLFLLGTLLGYLLVTLLILI	-26.1408	-26.0204	0.952787	0.132101	844.686
LLLFLLGTLLGYLLVTLLILI	LLLFLLGVLLGYLLVTLLILI	-25.5204	-21.2143	0.632162	0.249358	828.061
LLLFLLGVLLGYLLVTLLILI	LLLYLLGVLLGYLLVTLLILI	-21.3316	-21.4361	0.132101	0.952787	810.083
LLLYLLGVLLGYLLVTLLILI	LLLYLLGTLLGYLLVTLLILI	-22.1395	-26.4876	0.249358	0.632162	790.724
LLLYLLGTLLGYLLVTLLILI	LLLYLLGTLLGYLLTTLLILI	-27.0245	-28.8358	0.0952708	1.12845	769.974
LLLYLLGTLLGYLLTTLLILI	LLLYLLGTLLGTLLTTLLILI	-29.6594	-27.6236	0.30482	0.538845	747.845
LLLYLLGTLLGTLLTTLLILI	LLLYLLGVLLGTLLTTLLILI	-26.8861	-26.3235	1.27634	0.0728516	724.369
LLLYLLGVLLGTLLTTLLILI	LLLYLLGVLLGTLLWTLLILI	-25.9104	-24.3829	0.48602	0.343253	699.602
LLLYLLGVLLGTLLWTLLILI	LLLYLLGTLLGTLLWTLLILI	-24.6309	-25.8713	0.0952708	1.12845	673.628
LLLYLLGTLLGTLLWTLLILI	LLLYLLGVLLGTLLWTLLILI	-25.8713	-23.9061	1.12845	0.0952708	646.557
LLLYLLGVLLGTLLWTLLILI	LLLYLLGVLLGFLLWTLLILI	-23.1852	-23.1468	0.816184	0.171816	618.524
LLLYLLGVLLGFLLWTLLILI	LLLYLLGVLLGTLLWTLLILI	-23.1468	-23.4979	0.171816	0.816184	589.688
LLLYLLGVLLGTLLWTLLILI	LLLYLLGVLLGTLLTTLLILI	-23.9708	-25.9104	0.343253	0.48602	560.23
LLLYLLGVLLGTLLTTLLILI	LLLFLLGVLLGTLLTTLLILI	-25.746	-24.5149	0.650378	0.240035	530.348
LLLFLLGVLLGTLLTTLLILI	LLLYLLGVLLGTLLTTLLILI	-24.5149	-25.7095	0.240035	0.650378	500.25
LLLYLLGVLLGTLLTTLLILI	LLLYLLGVLLGTLLTYLLILI	-25.9169	-22.5018	0.443059	0.379341	440.27
LLLYLLGVLLGTLLTYLLILI	LLLYLLGVLLGTLLWYLLILI	-22.5174	-21.5904	0.363705	0.460972	381.976
LLLYLLGVLLGTLLWYLLILI	LLLYLLGTLLGTLLWYLLILI	-21.9137	-22.0381	0.137712	0.930859	353.943
LLLYLLGTLLGTLLWYLLILI	LLLYLLGTLLGTLLWTLLILI	-22.5897	-26.7356	0.379341	0.443059	326.872
LLLYLLGTLLGTLLWTLLILI	LLLYLLGTLLGTLLTTLLILI	-26.9044	-28.2658	0.274265	0.58734	300.898
LLLYLLGTLLGTLLTTLLILI	LLLYLLGTLLGYLLTTLLILI	-28.3143	-29.6594	0.538845	0.30482	276.131
LLLYLLGTLLGYLLTTLLILI	LLLYLLGTLLGYLLWTLLILI	-29.4782	-29.1549	0.48602	0.343253	252.655
LLLYLLGTLLGYLLWTLLILI	LLLYLLGTLLGYLLTTLLILI	-29.1549	-29.4515	0.343253	0.48602	209.776
LLLYLLGTLLGYLLTTLLILI	LLLYLLGTLLGFLLTTLLILI	-28.9848	-28.4157	0.952787	0.132101	190.417
LLLYLLGTLLGFLLTTLLILI	LLLYLLGTLLGYLLTTLLILI	-28.4157	-28.2982	0.132101	0.952787	172.439
LLLYLLGTLLGYLLTTLLILI	LLLFLLGTLLGYLLTTLLILI	-28.2982	-28.2545	0.952787	0.132101	155.814
LLLFLLGTLLGYLLTTLLILI	LLLYLLGTLLGYLLTTLLILI	-28.2545	-28.9848	0.132101	0.952787	140.501
LLLYLLGTLLGYLLTTLLILI	LLLYLLGTLLGFLLTTLLILI	-28.9848	-28.4157	0.952787	0.132101	113.597
LLLYLLGTLLGFLLTTLLILI	LLLYLLGTLLGYLLTTLLILI	-28.4157	-28.9848	0.132101	0.952787	101.879
Time: 197s
