***STARTING GEOMETRY:***
xShift: 8.18805
crossingAngle: 20.6812
axialRotation: 100.06
zShift: 4.21399

Number of MCCycles: 100
PrevSequence	CurrSequence	PrevEnergy	CurrEnergy	PrevEntropy	CurrEntropy	CurrentTemp
LLLYGLLFLLTSLTGLLLILI	LLLFGLLFLLTSLTGLLLILI	-4.66872	-8.21512	0.410343	0.410343	999.684
LLLFGLLFLLTSLTGLLLILI	LLLYGLLFLLTSLTGLLLILI	-8.21512	-11.0617	0.410343	0.410343	999.328
LLLYGLLFLLTSLTGLLLILI	LLLYGLLYLLTSLTGLLLILI	-11.3399	-8.72392	0.132101	0.952787	997.967
LLLYGLLYLLTSLTGLLLILI	LLLYGLLFLLTSLTGLLLILI	-8.72392	-11.3399	0.952787	0.132101	997.394
LLLYGLLFLLTSLTGLLLILI	LLLYGLLYLLTSLTGLLLILI	-11.3399	-8.84861	0.132101	0.952787	996.023
LLLYGLLYLLTSLTGLLLILI	LLLWGLLYLLTSLTGLLLILI	-9.35021	-7.95344	0.451187	0.372136	995.205
LLLWGLLYLLTSLTGLLLILI	LLLWGLLFLLTSLTGLLLILI	-7.67519	-8.21889	0.650378	0.240035	993.249
LLLWGLLFLLTSLTGLLLILI	LLLYGLLFLLTSLTGLLLILI	-7.86005	-11.2044	0.598868	0.267575	992.084
LLLYGLLFLLTSLTGLLLILI	LLLYGLLFLLTSLTALLLILI	-10.5997	-5.17054	0.872342	0.154044	990.773
LLLYGLLFLLTSLTALLLILI	LLLYGLLYLLTSLTALLLILI	-5.19248	-2.91873	0.132101	0.952787	987.644
LLLYGLLYLLTSLTALLLILI	LLLYGLLYLLTSLTTLLLILI	-3.7868	-3.64059	0.0847157	1.19282	985.783
LLLYGLLYLLTSLTTLLLILI	LLLWGLLYLLTSLTTLLLILI	-4.38223	-2.58098	0.451187	0.372136	983.694
LLLWGLLYLLTSLTTLLLILI	LLLWGLLFLLTSLTTLLLILI	-2.30274	-3.17846	0.650378	0.240035	981.348
LLLWGLLFLLTSLTTLLLILI	LLLWGLLYLLTSLTTLLLILI	-3.17846	-2.62608	0.240035	0.650378	978.717
LLLWGLLYLLTSLTTLLLILI	LLLWGLLYLLTSLTFLLLILI	-2.27216	-2.89388	1.0043	0.119894	975.768
LLLWGLLYLLTSLTFLLLILI	LLLWGLLYLLTSLTALLLILI	-2.48108	-2.05568	0.532699	0.308996	972.463
LLLWGLLYLLTSLTALLLILI	LLLWGLLYLLTSLTTLLLILI	-2.27996	-1.94733	0.0847157	1.19282	968.764
LLLWGLLYLLTSLTTLLLILI	LLLYGLLYLLTSLTTLLLILI	-2.76802	-4.16153	0.372136	0.451187	964.627
LLLYGLLYLLTSLTTLLLILI	LLLYGLLYLLSSLTTLLLILI	-4.03375	1.21858	0.578967	0.279255	960.005
LLLYGLLYLLSSLTTLLLILI	LLLYGLLFLLSSLTTLLLILI	1.89211	-0.491442	0.952787	0.132101	954.846
LLLYGLLFLLSSLTTLLLILI	LLLYGLLFLLTSLTTLLLILI	-0.344288	-5.11438	0.279255	0.578967	949.095
LLLYGLLFLLTSLTTLLLILI	LLLYGLLYLLTSLTTLLLILI	-5.56124	-3.64144	0.132101	0.952787	942.693
LLLYGLLYLLTSLTTLLLILI	LLLWGLLYLLTSLTTLLLILI	-4.14304	-2.58098	0.451187	0.372136	935.578
LLLWGLLYLLTSLTTLLLILI	LLLYGLLYLLTSLTTLLLILI	-2.58098	-4.38223	0.372136	0.451187	927.683
LLLYGLLYLLTSLTTLLLILI	LLLYGLLYLLTSLVTLLLILI	-3.70496	-1.17795	1.12845	0.0952708	918.939
LLLYGLLYLLTSLVTLLLILI	LLLYGLLYLLTSLVALLLILI	-0.282225	-0.296927	0.990994	0.122923	909.276
LLLYGLLYLLTSLVALLLILI	LLLYGLLYLLTSLTALLLILI	-0.282138	-2.94065	0.137712	0.930859	898.621
LLLYGLLYLLTSLTALLLILI	LLLWGLLYLLTSLTALLLILI	-3.42033	-1.99254	0.451187	0.372136	886.903
LLLWGLLYLLTSLTALLLILI	LLLWGLLFLLTSLTALLLILI	-1.7143	-2.25787	0.650378	0.240035	874.051
LLLWGLLFLLTSLTALLLILI	LLLWGLLFLLTSLYALLLILI	-1.95906	1.32217	0.538845	0.30482	859.999
LLLWGLLFLLTSLYALLLILI	LLLWGLLFLLTSLYTLLLILI	1.14027	1.22833	0.122923	0.990994	844.686
LLLWGLLFLLTSLYTLLLILI	LLLWGLLFLLTSLYALLLILI	1.22833	1.3267	0.990994	0.122923	828.061
LLLWGLLFLLTSLYALLLILI	LLLWGLLFLLTSLYFLLLILI	1.37821	1.44378	0.174433	0.80848	810.083
LLLWGLLFLLTSLYFLLLILI	LLLWGLLYLLTSLYFLLLILI	0.875339	3.3807	0.240035	0.650378	790.724
LLLWGLLYLLTSLYFLLLILI	LLLWGLLYLLTGLYFLLLILI	3.00193	3.52029	0.271616	0.591862	769.974
LLLWGLLYLLTGLYFLLLILI	LLLWGLLYLLTGLTFLLLILI	3.43348	-0.53798	0.505042	0.328724	747.845
LLLWGLLYLLTGLTFLLLILI	LLLWGLLYLLTGLTYLLLILI	-0.734603	-0.458828	0.132101	0.952787	724.369
LLLWGLLYLLTGLTYLLLILI	LLLWGLLYLLTALTYLLLILI	-0.539273	-2.38201	0.872342	0.154044	699.602
LLLWGLLYLLTALTYLLLILI	LLLYGLLYLLTALTYLLLILI	-2.26402	-3.4867	0.272043	0.591129	673.628
LLLYGLLYLLTALTYLLLILI	LLLWGLLYLLTALTYLLLILI	-3.4867	-1.92627	0.591129	0.272043	646.557
LLLWGLLYLLTALTYLLLILI	LLLWGLLFLLTALTYLLLILI	-1.24552	-2.00523	0.952787	0.132101	589.688
LLLWGLLFLLTALTYLLLILI	LLLWGLLFLLTALTFLLLILI	-1.72699	-0.0445623	0.410343	0.410343	560.23
LLLWGLLFLLTALTFLLLILI	LLLWGLLFLLYALTFLLLILI	0.0839398	2.57256	0.538845	0.30482	530.348
LLLWGLLFLLYALTFLLLILI	LLLWGLLYLLYALTFLLLILI	2.50777	2.49963	0.240035	0.650378	500.25
LLLWGLLYLLYALTFLLLILI	LLLWGLLYLLYGLTFLLLILI	2.0033	2.4887	0.154044	0.872342	470.152
LLLWGLLYLLYGLTFLLLILI	LLLWGLLYLLTGLTFLLLILI	2.1214	-0.49081	0.505042	0.328724	440.27
LLLWGLLYLLTGLTFLLLILI	LLLYGLLYLLTGLTFLLLILI	-0.447398	-1.82187	0.372136	0.451187	410.812
LLLYGLLYLLTGLTFLLLILI	LLLWGLLYLLTGLTFLLLILI	-1.82187	-0.893734	0.451187	0.372136	381.976
LLLWGLLYLLTGLTFLLLILI	LLLWGLLYLLTSLTFLLLILI	-0.674009	-2.36389	0.591862	0.271616	353.943
LLLWGLLYLLTSLTFLLLILI	LLLYGLLYLLTSLTFLLLILI	-2.26337	-2.55315	0.372136	0.451187	326.872
LLLYGLLYLLTSLTFLLLILI	LLLYGLLYLLTALTFLLLILI	-2.36212	-1.90094	0.642213	0.244161	300.898
LLLYGLLYLLTALTFLLLILI	LLLLGLLYLLTALTFLLLILI	-1.46526	-0.193611	0.679837	0.225838	276.131
LLLLGLLYLLTALTFLLLILI	LLLYGLLYLLTALTFLLLILI	-0.193611	-1.68567	0.225838	0.679837	252.655
LLLYGLLYLLTALTFLLLILI	LLLYGLLFLLTALTFLLLILI	-1.71513	-2.92487	0.650378	0.240035	230.526
LLLYGLLFLLTALTFLLLILI	LLLYGLLFLLTALTYLLLILI	-2.92487	-4.28631	0.240035	0.650378	172.439
LLLYGLLFLLTALTYLLLILI	LLLYGLLFLLTSLTYLLLILI	-4.69253	-5.11565	0.244161	0.642213	126.449
LLLYGLLFLLTSLTYLLLILI	LLLYGLLFLLTALTYLLLILI	-5.11565	-4.90549	0.642213	0.244161	113.597
LLLYGLLFLLTALTYLLLILI	LLLYGLLFLLTSLTYLLLILI	-4.90549	-4.81157	0.244161	0.642213	81.5606
LLLYGLLFLLTSLTYLLLILI	LLLYGLLFLLTSLTTLLLILI	-5.07444	-5.8497	0.379341	0.443059	72.8169
LLLYGLLFLLTSLTTLLLILI	LLLYGLLFLLTSLTALLLILI	-5.09994	-5.42629	1.19282	0.0847157	64.9219
LLLYGLLFLLTSLTALLLILI	LLLYGLLFLLTSLTFLLLILI	-5.33657	-5.63418	0.174433	0.80848	57.8066
Time: 136s
