***STARTING GEOMETRY:***
xShift: 7.28
crossingAngle: -40.18
axialRotation: -34.4
zShift: 2.91

Number of MCCycles: 200
PrevSequence	CurrSequence	PrevEnergy	CurrEnergy	PrevEntropy	CurrEntropy	CurrentTemp
LLLTGLLTGLLTSLLGTLILI	LLLTGLLTGLLTSLLSTLILI	4.50151	3.52065	0.490046	0.340109	999.847
LLLTGLLTGLLTSLLSTLILI	LLLTGLLTGLLTSLLATLILI	4.12352	4.00315	0.942975	0.13458	999.684
LLLTGLLTGLLTSLLATLILI	LLLTALLTGLLTSLLATLILI	4.45269	4.1806	0.584123	0.276169	999.512
LLLTALLTGLLTSLLATLILI	LLLTGLLTGLLTSLLATLILI	4.1806	4.45565	0.276169	0.584123	999.328
LLLTGLLTGLLTSLLATLILI	LLLTGLLTGLLFSLLATLILI	5.01836	4.45414	1.14683	0.0921195	999.134
LLLTGLLTGLLFSLLATLILI	LLLTGLLVGLLFSLLATLILI	5.49048	7.18985	1.12845	0.0952708	998.928
LLLTGLLVGLLFSLLATLILI	LLLTGLLVGLLTSLLATLILI	7.21447	8.47375	0.119894	1.0043	998.708
LLLTGLLVGLLTSLLATLILI	LLLTGLLTGLLTSLLATLILI	7.5423	5.14787	0.0728516	1.27634	998.476
LLLTGLLTGLLTSLLATLILI	LLLTALLTGLLTSLLATLILI	4.45565	4.1806	0.584123	0.276169	998.229
LLLTALLTGLLTSLLATLILI	LLLTGLLTGLLTSLLATLILI	4.1806	4.45269	0.276169	0.584123	997.967
LLLTGLLTGLLTSLLATLILI	LLLTGLLTGLLFSLLATLILI	5.0154	4.45414	1.14683	0.0921195	997.689
LLLTGLLTGLLFSLLATLILI	LLLTGLLTGLLTSLLATLILI	4.45414	5.01836	0.0921195	1.14683	997.394
LLLTGLLTGLLTSLLATLILI	LLLTGLLTGLLTALLATLILI	4.27576	4.72007	0.404229	0.416521	997.081
LLLTGLLTGLLTALLATLILI	LLLTGLLTGLLFALLATLILI	5.45038	4.66473	1.14683	0.0921195	996.749
LLLTGLLTGLLFALLATLILI	LLLTGLLTGLLTALLATLILI	4.66473	5.51607	0.0921195	1.14683	996.397
LLLTGLLTGLLTALLATLILI	LLLYGLLTGLLTALLATLILI	5.18543	4.29762	0.816184	0.171816	996.023
LLLYGLLTGLLTALLATLILI	LLLYGLLTGLLTALLSTLILI	4.54233	3.88221	0.416521	0.404229	995.626
LLLYGLLTGLLTALLSTLILI	LLLYALLTGLLTALLSTLILI	4.0621	3.8905	0.584123	0.276169	995.205
LLLYALLTGLLTALLSTLILI	LLLYALLTGLLTGLLSTLILI	3.8905	2.432	0.276169	0.584123	994.758
LLLYALLTGLLTGLLSTLILI	LLLGALLTGLLTGLLSTLILI	2.11801	2.63541	0.270132	0.594419	994.285
LLLGALLTGLLTGLLSTLILI	LLLGSLLTGLLTGLLSTLILI	2.17557	2.97928	0.13458	0.942975	993.782
LLLGSLLTGLLTGLLSTLILI	LLLGSLLYGLLTGLLSTLILI	2.72991	3.34249	0.693609	0.219549	993.249
LLLGSLLYGLLTGLLSTLILI	LLLGSLLTGLLTGLLSTLILI	3.34249	2.72991	0.219549	0.693609	992.683
LLLGSLLTGLLTGLLSTLILI	LLLGSLLTGLLVGLLSTLILI	3.16476	2.61508	1.12845	0.0952708	992.084
LLLGSLLTGLLVGLLSTLILI	LLLGSLLTGLLVGLLTTLILI	2.79906	-4.47417	0.279255	0.578967	991.448
LLLGSLLTGLLVGLLTTLILI	LLLGSLLTGLLYGLLTTLILI	-4.85866	-5.32025	0.194474	0.753596	990.773
LLLGSLLTGLLYGLLTTLILI	LLLTSLLTGLLYGLLTTLILI	-5.80217	-5.68837	0.271676	0.591758	990.058
LLLTSLLTGLLYGLLTTLILI	LLLTALLTGLLYGLLTTLILI	-5.63792	-5.94881	0.642213	0.244161	989.3
LLLTALLTGLLYGLLTTLILI	LLLGALLTGLLYGLLTTLILI	-5.60121	-5.84806	0.591758	0.271676	988.496
LLLGALLTGLLYGLLTTLILI	LLLGALLTGLLVGLLTTLILI	-5.36614	-4.81665	0.753596	0.194474	987.644
LLLGALLTGLLVGLLTTLILI	LLLGSLLTGLLVGLLTTLILI	-4.76697	-4.41092	0.244161	0.642213	986.74
LLLGSLLTGLLVGLLTTLILI	LLLGSLLYGLLVGLLTTLILI	-4.35952	-3.65432	0.693609	0.219549	985.783
LLLGSLLYGLLVGLLTTLILI	LLLGSLLTGLLVGLLTTLILI	-3.65432	-4.36816	0.219549	0.693609	984.769
LLLGSLLTGLLVGLLTTLILI	LLLYSLLTGLLVGLLTTLILI	-4.46735	-4.80393	0.594419	0.270132	983.694
LLLYSLLTGLLVGLLTTLILI	LLLYSLLTGLLIGLLTTLILI	-4.67558	-4.45916	0.398479	0.42245	982.555
LLLYSLLTGLLIGLLTTLILI	LLLYSLLTGLLVGLLTTLILI	-4.45916	-4.67558	0.42245	0.398479	981.348
LLLYSLLTGLLVGLLTTLILI	LLLYSLLTGLLIGLLTTLILI	-4.67558	-4.42972	0.398479	0.42245	980.071
LLLYSLLTGLLIGLLTTLILI	LLLTSLLTGLLIGLLTTLILI	-4.68035	-4.22345	0.171816	0.816184	978.717
LLLTSLLTGLLIGLLTTLILI	LLLTSLLTGLLIGLLTGLILI	-4.44788	2.44389	0.591758	0.271676	977.285
LLLTSLLTGLLIGLLTGLILI	LLLTALLTGLLIGLLTGLILI	2.81442	2.51005	0.642213	0.244161	975.768
LLLTALLTGLLIGLLTGLILI	LLLTALLTGLLVGLLTGLILI	2.68834	2.47049	0.42245	0.398479	974.162
LLLTALLTGLLVGLLTGLILI	LLLTALLTGLLVGLLTTLILI	2.34369	-4.5201	0.271676	0.591758	972.463
LLLTALLTGLLVGLLTTLILI	LLLYALLTGLLVGLLTTLILI	-4.29567	-5.06857	0.816184	0.171816	970.666
LLLYALLTGLLVGLLTTLILI	LLLGALLTGLLVGLLTTLILI	-4.97026	-4.43442	0.270132	0.594419	968.764
LLLGALLTGLLVGLLTTLILI	LLLYALLTGLLVGLLTTLILI	-4.43442	-4.8952	0.594419	0.270132	966.754
LLLYALLTGLLVGLLTTLILI	LLLGALLTGLLVGLLTTLILI	-4.8952	-4.45354	0.270132	0.594419	964.627
LLLGALLTGLLVGLLTTLILI	LLLYALLTGLLVGLLTTLILI	-4.45354	-4.97026	0.594419	0.270132	962.38
LLLYALLTGLLVGLLTTLILI	LLLYSLLTGLLVGLLTTLILI	-4.99623	-4.43185	0.244161	0.642213	960.005
LLLYSLLTGLLVGLLTTLILI	LLLYSLLTGLLIGLLTTLILI	-4.67558	-4.45916	0.398479	0.42245	954.846
LLLYSLLTGLLIGLLTTLILI	LLLYSLLYGLLIGLLTTLILI	-4.43855	-3.28551	0.443059	0.379341	952.048
LLLYSLLYGLLIGLLTTLILI	LLLYSLLTGLLIGLLTTLILI	-3.28551	-4.43855	0.379341	0.443059	945.979
LLLYSLLTGLLIGLLTTLILI	LLLYSLLTGLLIGLLFTLILI	-3.87731	-1.09199	1.0043	0.119894	942.693
LLLYSLLTGLLIGLLFTLILI	LLLTSLLTGLLIGLLFTLILI	-0.992336	-0.676303	0.219549	0.693609	939.229
LLLTSLLTGLLIGLLFTLILI	LLLYSLLTGLLIGLLFTLILI	-0.676303	-0.992336	0.693609	0.219549	935.578
LLLYSLLTGLLIGLLFTLILI	LLLYSLLYGLLIGLLFTLILI	-0.883161	0.469123	0.328724	0.505042	931.732
LLLYSLLYGLLIGLLFTLILI	LLLYALLYGLLIGLLFTLILI	0.606294	0.638901	0.642213	0.244161	927.683
LLLYALLYGLLIGLLFTLILI	LLLYSLLYGLLIGLLFTLILI	0.638901	0.606294	0.244161	0.642213	923.422
LLLYSLLYGLLIGLLFTLILI	LLLYSLLYGLLTGLLFTLILI	0.106849	0.4562	0.142768	0.911943	918.939
LLLYSLLYGLLTGLLFTLILI	LLLYSLLYGLLTGLLTTLILI	-0.335849	-3.66019	0.119894	1.0043	914.227
LLLYSLLYGLLTGLLTTLILI	LLLYALLYGLLTGLLTTLILI	-4.02227	-3.99472	0.642213	0.244161	909.276
LLLYALLYGLLTGLLTTLILI	LLLYALLYGLLVGLLTTLILI	-3.11043	-3.50357	1.12845	0.0952708	904.077
LLLYALLYGLLVGLLTTLILI	LLLYSLLYGLLVGLLTTLILI	-3.35468	-3.34656	0.244161	0.642213	898.621
LLLYSLLYGLLVGLLTTLILI	LLLYSLLYGLLTGLLTTLILI	-3.8935	-3.49988	0.0952708	1.12845	892.899
LLLYSLLYGLLTGLLTTLILI	LLLGSLLYGLLTGLLTTLILI	-4.1734	-4.17833	0.454934	0.368877	886.903
LLLGSLLYGLLTGLLTTLILI	LLLGALLYGLLTGLLTTLILI	-3.90499	-3.64206	0.642213	0.244161	880.623
LLLGALLYGLLTGLLTTLILI	LLLGSLLYGLLTGLLTTLILI	-3.64206	-3.87054	0.244161	0.642213	874.051
LLLGSLLYGLLTGLLTTLILI	LLLGALLYGLLTGLLTTLILI	-3.87054	-3.67161	0.642213	0.244161	867.179
LLLGALLYGLLTGLLTTLILI	LLLYALLYGLLTGLLTTLILI	-3.5469	-3.78395	0.368877	0.454934	859.999
LLLYALLYGLLTGLLTTLILI	LLLYALLTGLLTGLLTTLILI	-3.93407	-5.28894	0.30482	0.538845	852.504
LLLYALLTGLLTGLLTTLILI	LLLYALLTGLLYGLLTTLILI	-5.28894	-6.02511	0.538845	0.30482	844.686
LLLYALLTGLLYGLLTTLILI	LLLYGLLTGLLYGLLTTLILI	-6.22291	-4.13686	0.107014	1.06535	828.061
LLLYGLLTGLLYGLLTTLILI	LLLTGLLTGLLYGLLTTLILI	-4.89739	-4.59223	0.30482	0.538845	810.083
LLLTGLLTGLLYGLLTTLILI	LLLTALLTGLLYGLLTTLILI	-4.06573	-4.99258	1.06535	0.107014	800.577
LLLTALLTGLLYGLLTTLILI	LLLGALLTGLLYGLLTTLILI	-4.50784	-5.83035	0.591758	0.271676	790.724
LLLGALLTGLLYGLLTTLILI	LLLTALLTGLLYGLLTTLILI	-5.83035	-5.68527	0.271676	0.591758	769.974
LLLTALLTGLLYGLLTTLILI	LLLTALLTGLLVGLLTTLILI	-5.52343	-5.00143	0.753596	0.194474	759.081
LLLTALLTGLLVGLLTTLILI	LLLTSLLTGLLVGLLTTLILI	-4.95175	-4.55874	0.244161	0.642213	747.845
LLLTSLLTGLLVGLLTTLILI	LLLTSLLTGLLIGLLTTLILI	-4.80247	-4.50978	0.398479	0.42245	736.272
LLLTSLLTGLLIGLLTTLILI	LLLTSLLFGLLIGLLTTLILI	-3.7854	-2.21821	1.14683	0.0921195	724.369
LLLTSLLFGLLIGLLTTLILI	LLLTSLLTGLLIGLLTTLILI	-2.21821	-3.8928	0.0921195	1.14683	712.142
LLLTSLLTGLLIGLLTTLILI	LLLTALLTGLLIGLLTTLILI	-4.39742	-4.75604	0.642213	0.244161	699.602
LLLTALLTGLLIGLLTTLILI	LLLYALLTGLLIGLLTTLILI	-4.18402	-4.87154	0.816184	0.171816	686.76
LLLYALLTGLLIGLLTTLILI	LLLYALLTGLLVGLLTTLILI	-4.62091	-4.84191	0.42245	0.398479	673.628
LLLYALLTGLLVGLLTTLILI	LLLYALLYGLLVGLLTTLILI	-4.79733	-3.18681	0.443059	0.379341	660.222
LLLYALLYGLLVGLLTTLILI	LLLYALLTGLLVGLLTTLILI	-3.18681	-4.72228	0.379341	0.443059	646.557
LLLYALLTGLLVGLLTTLILI	LLLYALLTGLLIGLLTTLILI	-4.76686	-4.62091	0.398479	0.42245	632.651
LLLYALLTGLLIGLLTTLILI	LLLYSLLTGLLIGLLTTLILI	-4.7992	-4.20996	0.244161	0.642213	604.196
LLLYSLLTGLLIGLLTTLILI	LLLYSLLTGLLYGLLTTLILI	-4.74301	-5.07757	0.109156	1.05465	589.688
LLLYSLLTGLLYGLLTTLILI	LLLYALLTGLLYGLLTTLILI	-5.49001	-6.06333	0.642213	0.244161	560.23
LLLYALLTGLLYGLLTTLILI	LLLYSLLTGLLYGLLTTLILI	-6.06333	-4.30279	0.244161	0.642213	545.329
LLLYSLLTGLLYGLLTTLILI	LLLYGLLTGLLYGLLTTLILI	-4.75085	-5.70852	0.19415	0.754431	530.348
LLLYGLLTGLLYGLLTTLILI	LLLYGLLTGLLTGLLTTLILI	-6.15813	-5.42537	0.30482	0.538845	515.312
LLLYGLLTGLLTGLLTTLILI	LLLYALLTGLLTGLLTTLILI	-4.89887	-5.72077	1.06535	0.107014	500.25
LLLYALLTGLLTGLLTTLILI	LLLGALLTGLLTGLLTTLILI	-5.55765	-5.04025	0.270132	0.594419	485.188
LLLGALLTGLLTGLLTTLILI	LLLGSLLTGLLTGLLTTLILI	-5.39051	-4.99715	0.244161	0.642213	470.152
LLLGSLLTGLLTGLLTTLILI	LLLGALLTGLLTGLLTTLILI	-4.99715	-5.35367	0.642213	0.244161	455.171
LLLGALLTGLLTGLLTTLILI	LLLYALLTGLLTGLLTTLILI	-5.00342	-5.55765	0.594419	0.270132	440.27
LLLYALLTGLLTGLLTTLILI	LLLYALLYGLLTGLLTTLILI	-5.28894	-3.93407	0.538845	0.30482	425.475
LLLYALLYGLLTGLLTTLILI	LLLYALLYGLLVGLLTTLILI	-3.11043	-3.47088	1.12845	0.0952708	410.812
LLLYALLYGLLVGLLTTLILI	LLLYSLLYGLLVGLLTTLILI	-3.32199	-3.3827	0.244161	0.642213	396.304
LLLYSLLYGLLVGLLTTLILI	LLLGSLLYGLLVGLLTTLILI	-3.56998	-3.53945	0.454934	0.368877	381.976
LLLGSLLYGLLVGLLTTLILI	LLLGALLYGLLVGLLTTLILI	-3.26611	-3.03225	0.642213	0.244161	367.849
LLLGALLYGLLVGLLTTLILI	LLLYALLYGLLVGLLTTLILI	-2.90753	-3.1439	0.368877	0.454934	353.943
LLLYALLYGLLVGLLTTLILI	LLLGALLYGLLVGLLTTLILI	-3.1439	-2.90753	0.454934	0.368877	340.278
LLLGALLYGLLVGLLTTLILI	LLLYALLYGLLVGLLTTLILI	-2.90753	-3.1439	0.368877	0.454934	326.872
LLLYALLYGLLVGLLTTLILI	LLLYSLLYGLLVGLLTTLILI	-3.35468	-3.3827	0.244161	0.642213	313.74
LLLYSLLYGLLVGLLTTLILI	LLLYALLYGLLVGLLTTLILI	-3.3827	-3.35468	0.642213	0.244161	300.898
LLLYALLYGLLVGLLTTLILI	LLLYALLTGLLVGLLTTLILI	-3.2195	-4.79733	0.379341	0.443059	288.358
LLLYALLTGLLVGLLTTLILI	LLLYSLLTGLLVGLLTTLILI	-4.99623	-4.43185	0.244161	0.642213	276.131
LLLYSLLTGLLVGLLTTLILI	LLLGSLLTGLLVGLLTTLILI	-4.80393	-4.49305	0.270132	0.594419	264.228
LLLGSLLTGLLVGLLTTLILI	LLLGSLLYGLLVGLLTTLILI	-4.39386	-3.65432	0.693609	0.219549	252.655
LLLGSLLYGLLVGLLTTLILI	LLLGSLLTGLLVGLLTTLILI	-3.65432	-4.39386	0.219549	0.693609	241.419
LLLGSLLTGLLVGLLTTLILI	LLLGALLTGLLVGLLTTLILI	-4.44525	-4.76697	0.642213	0.244161	230.526
LLLGALLTGLLVGLLTTLILI	LLLGALLTGLLIGLLTTLILI	-4.61265	-4.43086	0.398479	0.42245	219.977
LLLGALLTGLLIGLLTTLILI	LLLYALLTGLLIGLLTTLILI	-4.25889	-4.77323	0.594419	0.270132	209.776
LLLYALLTGLLIGLLTTLILI	LLLGALLTGLLIGLLTTLILI	-4.77323	-4.22205	0.270132	0.594419	199.923
LLLGALLTGLLIGLLTTLILI	LLLGALLTGLLVGLLTTLILI	-4.39402	-4.64948	0.42245	0.398479	190.417
LLLGALLTGLLVGLLTTLILI	LLLGALLTGLLYGLLTTLILI	-4.85349	-5.34843	0.194474	0.753596	181.257
LLLGALLTGLLYGLLTTLILI	LLLYALLTGLLYGLLTTLILI	-5.73315	-5.87499	0.368877	0.454934	140.501
LLLYALLTGLLYGLLTTLILI	LLLGALLTGLLYGLLTTLILI	-5.87499	-5.73315	0.454934	0.368877	113.597
LLLGALLTGLLYGLLTTLILI	LLLTALLTGLLYGLLTTLILI	-5.83035	-5.60121	0.271676	0.591758	96.4228
LLLTALLTGLLYGLLTTLILI	LLLYALLTGLLYGLLTTLILI	-5.65412	-6.00267	0.538845	0.30482	81.5606
LLLYALLTGLLYGLLTTLILI	LLLGALLTGLLYGLLTTLILI	-5.85255	-5.73315	0.454934	0.368877	72.8169
LLLGALLTGLLYGLLTTLILI	LLLYALLTGLLYGLLTTLILI	-5.73315	-5.79994	0.368877	0.454934	64.9219
LLLYALLTGLLYGLLTTLILI	LLLGALLTGLLYGLLTTLILI	-5.79994	-5.73315	0.454934	0.368877	43.0041
LLLGALLTGLLYGLLTTLILI	LLLYALLTGLLYGLLTTLILI	-5.73315	-5.79994	0.368877	0.454934	24.7321
Time: 217s
