***STARTING GEOMETRY:***
xShift: 8.5812
crossingAngle: -40.8879
axialRotation: 33.862
zShift: 5.23146

Number of MCCycles: 100
PrevSequence	CurrSequence	PrevEnergy	CurrEnergy	PrevEntropy	CurrEntropy	CurrentTemp
LLLALLTTLLSTLLTTLLILI	LLLGLLTTLLSTLLTTLLILI	-22.2255	-23.63	0.276169	0.584123	999.684
LLLGLLTTLLSTLLTTLLILI	LLLALLTTLLSTLLTTLLILI	-23.63	-25.7543	0.584123	0.276169	999.328
LLLALLTTLLSTLLTTLLILI	LLLALLTTLLATLLTTLLILI	-25.6262	-23.9139	0.404229	0.416521	998.928
LLLALLTTLLATLLTTLLILI	LLLALLFTLLATLLTTLLILI	-23.0688	-18.3146	1.26162	0.0748068	998.476
LLLALLFTLLATLLTTLLILI	LLLALLFTLLSTLLTTLLILI	-17.9729	-19.4078	0.416521	0.404229	997.967
LLLALLFTLLSTLLTTLLILI	LLLALLFTLLSTLLVTLLILI	-18.5357	-16.2612	1.27634	0.0728516	997.394
LLLALLFTLLSTLLVTLLILI	LLLALLTTLLSTLLVTLLILI	-16.2419	-21.407	0.0921195	1.14683	996.749
LLLALLTTLLSTLLVTLLILI	LLLALLTTLLSTLLVYLLILI	-21.7376	-19.9602	0.816184	0.171816	996.023
LLLALLTTLLSTLLVYLLILI	LLLALLTTLLATLLVYLLILI	-19.7278	-17.9913	0.404229	0.416521	995.205
LLLALLTTLLATLLVYLLILI	LLLALLTTLLATLLVTLLILI	-18.236	-20.0119	0.171816	0.816184	994.285
LLLALLTTLLATLLVTLLILI	LLLALLTTLLSTLLVTLLILI	-20.4115	-22.1496	0.416521	0.404229	993.249
LLLALLTTLLSTLLVTLLILI	LLLALLFTLLSTLLVTLLILI	-21.407	-16.2419	1.14683	0.0921195	992.084
LLLALLFTLLSTLLVTLLILI	LLLALLFTLLSTLLTTLLILI	-16.2612	-18.5357	0.0728516	1.27634	990.773
LLLALLFTLLSTLLTTLLILI	LLLGLLFTLLSTLLTTLLILI	-19.5359	-18.4356	0.276169	0.584123	989.3
LLLGLLFTLLSTLLTTLLILI	LLLALLFTLLSTLLTTLLILI	-18.4356	-19.5359	0.584123	0.276169	987.644
LLLALLFTLLSTLLTTLLILI	LLLALLFTLLSVLLTTLLILI	-18.5357	-16.4615	1.27634	0.0728516	985.783
LLLALLFTLLSVLLTTLLILI	LLLALLFTLLAVLLTTLLILI	-16.1301	-14.6969	0.404229	0.416521	983.694
LLLALLFTLLAVLLTTLLILI	LLLALLFTLLAVLLVTLLILI	-14.3133	-11.501	0.800152	0.177314	981.348
LLLALLFTLLAVLLVTLLILI	LLLALLTTLLAVLLVTLLILI	-11.5584	-16.613	0.119894	1.0043	978.717
LLLALLTTLLAVLLVTLLILI	LLLALLTTLLAVLLTTLLILI	-17.4796	-20.0912	0.137712	0.930859	975.768
LLLALLTTLLAVLLTTLLILI	LLLGLLTTLLAVLLTTLLILI	-20.5583	-18.8252	0.463748	0.36136	972.463
LLLGLLTTLLAVLLTTLLILI	LLLGLLTTLLSVLLTTLLILI	-18.9424	-20.2443	0.244161	0.642213	968.764
LLLGLLTTLLSVLLTTLLILI	LLLGLLTTLLSTLLTTLLILI	-20.8276	-22.793	0.0589809	1.39457	964.627
LLLGLLTTLLSTLLTTLLILI	LLLALLTTLLSTLLTTLLILI	-23.6034	-25.7543	0.584123	0.276169	960.005
LLLALLTTLLSTLLTTLLILI	LLLALLTTLLATLLTTLLILI	-25.6262	-23.9139	0.404229	0.416521	954.846
LLLALLTTLLATLLTTLLILI	LLLALLTTLLAVLLTTLLILI	-22.9358	-20.9921	1.39457	0.0589809	949.095
LLLALLTTLLAVLLTTLLILI	LLLALLTTLLSVLLTTLLILI	-20.6345	-22.3405	0.416521	0.404229	942.693
LLLALLTTLLSVLLTTLLILI	LLLALLTTLLAVLLTTLLILI	-22.3405	-20.6345	0.404229	0.416521	935.578
LLLALLTTLLAVLLTTLLILI	LLLALLTTLLSVLLTTLLILI	-20.6345	-22.3162	0.416521	0.404229	927.683
LLLALLTTLLSVLLTTLLILI	LLLALLTTLLSTLLTTLLILI	-22.6614	-24.6359	0.0589809	1.39457	918.939
LLLALLTTLLSTLLTTLLILI	LLLALLTTLLSTLLTYLLILI	-25.1128	-23.3832	0.917682	0.141213	909.276
LLLALLTTLLSTLLTYLLILI	LLLALLTTLLSTLLVYLLILI	-22.2481	-20.0592	1.27634	0.0728516	886.903
LLLALLTTLLSTLLVYLLILI	LLLALLTTLLSTLLVTLLILI	-19.9602	-21.7376	0.171816	0.816184	874.051
LLLALLTTLLSTLLVTLLILI	LLLALLTTLLSTLLTTLLILI	-22.4948	-24.6359	0.0589809	1.39457	859.999
LLLALLTTLLSTLLTTLLILI	LLLALLTTLLSTLLVTLLILI	-24.6359	-22.4948	1.39457	0.0589809	844.686
LLLALLTTLLSTLLVTLLILI	LLLALLTTLLSTLLTTLLILI	-22.4948	-24.6359	0.0589809	1.39457	828.061
LLLALLTTLLSTLLTTLLILI	LLLALLTTLLSTLLVTLLILI	-24.6359	-22.4948	1.39457	0.0589809	810.083
LLLALLTTLLSTLLVTLLILI	LLLALLTTLLSTLLVYLLILI	-21.7376	-19.9602	0.816184	0.171816	790.724
LLLALLTTLLSTLLVYLLILI	LLLALLTTLLSTLLVTLLILI	-19.9602	-21.7376	0.171816	0.816184	769.974
LLLALLTTLLSTLLVTLLILI	LLLALLTTLLSTLLTTLLILI	-22.4948	-24.6359	0.0589809	1.39457	699.602
LLLALLTTLLSTLLTTLLILI	LLLALLTTLLSTLLTYLLILI	-25.1128	-23.3314	0.917682	0.141213	646.557
LLLALLTTLLSTLLTYLLILI	LLLGLLTTLLSTLLTYLLILI	-23.1965	-21.0823	0.276169	0.584123	618.524
LLLGLLTTLLSTLLTYLLILI	LLLGLLTTLLATLLTYLLILI	-21.0242	-19.7255	0.642213	0.244161	589.688
LLLGLLTTLLATLLTYLLILI	LLLALLTTLLATLLTYLLILI	-19.6083	-21.3622	0.36136	0.463748	560.23
LLLALLTTLLATLLTYLLILI	LLLALLTTLLATLLTTLLILI	-21.6847	-23.4127	0.141213	0.917682	530.348
LLLALLTTLLATLLTTLLILI	LLLALLTTLLATLLVTLLILI	-22.9358	-20.7691	1.39457	0.0589809	500.25
LLLALLTTLLATLLVTLLILI	LLLALLTTLLSTLLVTLLILI	-20.4115	-22.1496	0.416521	0.404229	470.152
LLLALLTTLLSTLLVTLLILI	LLLALLTTLLATLLVTLLILI	-22.1496	-20.4115	0.404229	0.416521	410.812
LLLALLTTLLATLLVTLLILI	LLLALLTTLLATLLTTLLILI	-20.7691	-22.9358	0.0589809	1.39457	381.976
LLLALLTTLLATLLTTLLILI	LLLGLLTTLLATLLTTLLILI	-23.8667	-22.1544	0.463748	0.36136	353.943
LLLGLLTTLLATLLTTLLILI	LLLALLTTLLATLLTTLLILI	-22.1544	-23.8667	0.36136	0.463748	326.872
LLLALLTTLLATLLTTLLILI	LLLALLTTLLSTLLTTLLILI	-23.9139	-25.6262	0.416521	0.404229	300.898
LLLALLTTLLSTLLTTLLILI	LLLALLTTLLATLLTTLLILI	-25.6262	-23.9139	0.404229	0.416521	252.655
LLLALLTTLLATLLTTLLILI	LLLALLTTLLSTLLTTLLILI	-23.9139	-25.6262	0.416521	0.404229	230.526
Time: 91s
