***STARTING GEOMETRY:***
xShift: 8.70361
crossingAngle: -39.0914
axialRotation: -10.6876
zShift: 5.8061

Number of MCCycles: 200
PrevSequence	CurrSequence	PrevEnergy	CurrEnergy	PrevEntropy	CurrEntropy	CurrentTemp
LLLYTLLTTLLTGLLTTLILI	LLLYTLLTTLLTGLLTWLILI	-9.06552	-13.9544	0.749274	0.196163	999.847
LLLYTLLTTLLTGLLTWLILI	LLLYTLLTTLLFGLLTWLILI	-12.8889	-9.70276	1.26162	0.0748068	999.684
LLLYTLLTTLLFGLLTWLILI	LLLYTLLTTLLFGLLVWLILI	-8.50123	-8.63527	1.27634	0.0728516	999.512
LLLYTLLTTLLFGLLVWLILI	LLLTTLLTTLLFGLLVWLILI	-8.5363	-6.75802	0.171816	0.816184	999.328
LLLTTLLTTLLFGLLVWLILI	LLLTTLLTTLLFGLLIWLILI	-7.17572	-6.76987	0.398479	0.42245	999.134
LLLTTLLTTLLFGLLIWLILI	LLLTTLLTTLLTGLLIWLILI	-7.11752	-9.46065	0.0748068	1.26162	998.928
LLLTTLLTTLLTGLLIWLILI	LLLYTLLTTLLTGLLIWLILI	-9.80459	-11.8035	0.917682	0.141213	998.476
LLLYTLLTTLLTGLLIWLILI	LLLYTLLTTLLTGLLTWLILI	-11.8834	-12.5896	0.0612961	1.37292	998.229
LLLYTLLTTLLTGLLTWLILI	LLLGTLLTTLLTGLLTWLILI	-13.5928	-12.6299	0.369715	0.453966	997.967
LLLGTLLTTLLTGLLTWLILI	LLLGTLLTTLLTGLLTTLILI	-12.8877	-8.45022	0.196163	0.749274	997.689
LLLGTLLTTLLTGLLTTLILI	LLLYTLLTTLLTGLLTTLILI	-8.74553	-9.7118	0.453966	0.369715	997.394
LLLYTLLTTLLTGLLTTLILI	LLLYTLLTTLLYGLLTTLILI	-9.3879	-8.00138	0.693609	0.219549	997.081
LLLYTLLTTLLYGLLTTLILI	LLLYTLLTTLLTGLLTTLILI	-8.00138	-9.25489	0.219549	0.693609	996.749
LLLYTLLTTLLTGLLTTLILI	LLLYTLLYTLLTGLLTTLILI	-9.25489	-6.39998	0.693609	0.219549	996.397
LLLYTLLYTLLTGLLTTLILI	LLLYTLLYTLLTGLLTWLILI	-5.9457	-4.35532	0.673827	0.22865	996.023
LLLYTLLYTLLTGLLTWLILI	LLLYTLLYTLLTGLLFWLILI	-3.43714	-9.20232	1.14683	0.0921195	995.626
LLLYTLLYTLLTGLLFWLILI	LLLYTLLYTLLTGLLVWLILI	-8.80505	-8.82979	0.489394	0.340616	994.758
LLLYTLLYTLLTGLLVWLILI	LLLYTLLVTLLTGLLVWLILI	-8.41681	-7.94746	0.753596	0.194474	994.285
LLLYTLLVTLLTGLLVWLILI	LLLYTLLVTLLTGLLIWLILI	-7.50743	-7.43532	0.634506	0.248134	993.782
LLLYTLLVTLLTGLLIWLILI	LLLTTLLVTLLTGLLIWLILI	-7.51164	-5.69808	0.171816	0.816184	993.249
LLLTTLLVTLLTGLLIWLILI	LLLTTLLVTLLTGLLVWLILI	-6.26613	-6.71371	0.248134	0.634506	992.683
LLLTTLLVTLLTGLLVWLILI	LLLTTLLVGLLTGLLVWLILI	-6.59391	-2.10071	0.754313	0.194196	992.084
LLLTTLLVGLLTGLLVWLILI	LLLTTLLVGLLTGLLTWLILI	-2.15719	-2.52368	0.137712	0.930859	991.448
LLLTTLLVGLLTGLLTWLILI	LLLTTLLVGLLTGLLVWLILI	-2.52368	-1.86385	0.930859	0.137712	990.773
LLLTTLLVGLLTGLLVWLILI	LLLTTLLTGLLTGLLVWLILI	-1.86385	-5.45582	0.137712	0.930859	990.058
LLLTTLLTGLLTGLLVWLILI	LLLTTLLTGLLTGLLFWLILI	-6.04606	-5.68778	0.340616	0.489394	989.3
LLLTTLLTGLLTGLLFWLILI	LLLTYLLTGLLTGLLFWLILI	-5.36099	-4.92592	0.816184	0.171816	988.496
LLLTYLLTGLLTGLLFWLILI	LLLTTLLTGLLTGLLFWLILI	-4.92592	-5.36099	0.171816	0.816184	987.644
LLLTTLLTGLLTGLLFWLILI	LLLTTLLTGLLTGLLVWLILI	-5.68778	-6.04606	0.489394	0.340616	986.74
LLLTTLLTGLLTGLLVWLILI	LLLTGLLTGLLTGLLVWLILI	-5.79492	-2.39115	0.591758	0.271676	985.783
LLLTGLLTGLLTGLLVWLILI	LLLTGLLTGLLYGLLVWLILI	-1.96922	-0.663166	0.693609	0.219549	984.769
LLLTGLLTGLLYGLLVWLILI	LLLTTLLTGLLYGLLVWLILI	-0.542534	-3.16678	0.34018	0.489954	983.694
LLLTTLLTGLLYGLLVWLILI	LLLTTLLTGLLTGLLVWLILI	-3.48492	-5.27945	0.171816	0.816184	982.555
LLLTTLLTGLLTGLLVWLILI	LLLWTLLTGLLTGLLVWLILI	-5.73193	-3.2435	0.363705	0.460972	981.348
LLLWTLLTGLLTGLLVWLILI	LLLWTLLTGLLYGLLVWLILI	-3.01086	-1.56939	0.693609	0.219549	980.071
LLLWTLLTGLLYGLLVWLILI	LLLWTLLTGLLYGLLTWLILI	-1.69367	-2.04182	0.0952708	1.12845	978.717
LLLWTLLTGLLYGLLTWLILI	LLLWTLLTGLLYGLLVWLILI	-2.04182	-1.69367	1.12845	0.0952708	977.285
LLLWTLLTGLLYGLLVWLILI	LLLYTLLTGLLYGLLVWLILI	-1.19007	-4.42187	0.598868	0.267575	975.768
LLLYTLLTGLLYGLLVWLILI	LLLYTLLTGLLVGLLVWLILI	-3.93585	-3.11134	0.753596	0.194474	974.162
LLLYTLLTGLLVGLLVWLILI	LLLYTLLTGLLTGLLVWLILI	-3.1285	-6.61293	0.177314	0.800152	972.463
LLLYTLLTGLLTGLLVWLILI	LLLGTLLTGLLTGLLVWLILI	-7.14295	-5.72294	0.270132	0.594419	970.666
LLLGTLLTGLLTGLLVWLILI	LLLYTLLTGLLTGLLVWLILI	-5.72294	-7.14295	0.594419	0.270132	968.764
LLLYTLLTGLLTGLLVWLILI	LLLYTLLTGLLTGLLTWLILI	-7.34023	-7.463	0.0728516	1.27634	964.627
LLLYTLLTGLLTGLLTWLILI	LLLYTLLTGLLTGLLVWLILI	-7.463	-7.05039	1.27634	0.0728516	960.005
LLLYTLLTGLLTGLLVWLILI	LLLYTLLTGLLTGLLTWLILI	-7.05039	-7.24543	0.0728516	1.27634	957.496
LLLYTLLTGLLTGLLTWLILI	LLLGTLLTGLLTGLLTWLILI	-8.25163	-7.25978	0.270132	0.594419	952.048
LLLGTLLTGLLTGLLTWLILI	LLLGYLLTGLLTGLLTWLILI	-7.03801	-6.63917	0.816184	0.171816	949.095
LLLGYLLTGLLTGLLTWLILI	LLLFYLLTGLLTGLLTWLILI	-5.92601	-3.90507	0.884972	0.150342	945.979
LLLFYLLTGLLTGLLTWLILI	LLLFYLLTGLLTGLLVWLILI	-2.92696	-1.95846	1.12845	0.0952708	942.693
LLLFYLLTGLLTGLLVWLILI	LLLWYLLTGLLTGLLVWLILI	-1.97468	-2.26608	0.0790506	1.23103	939.229
LLLWYLLTGLLTGLLVWLILI	LLLVYLLTGLLTGLLVWLILI	-2.4879	-2.11404	1.00921	0.118797	935.578
LLLVYLLTGLLTGLLVWLILI	LLLVTLLTGLLTGLLVWLILI	-2.01329	-1.46737	0.219549	0.693609	931.732
LLLVTLLTGLLTGLLVWLILI	LLLTTLLTGLLTGLLVWLILI	-2.02326	-5.16478	0.137712	0.930859	927.683
LLLTTLLTGLLTGLLVWLILI	LLLTTLLTGLLTGLLVFLILI	-5.20522	0.234461	0.890414	0.148778	923.422
LLLTTLLTGLLTGLLVFLILI	LLLYTLLTGLLTGLLVFLILI	0.901868	-1.05836	0.816184	0.171816	918.939
LLLYTLLTGLLTGLLVFLILI	LLLYTLLTGLLTGLLYFLILI	-1.12499	-1.30296	0.105187	1.07465	914.227
LLLYTLLTGLLTGLLYFLILI	LLLYYLLTGLLTGLLYFLILI	-2.04889	-1.20881	0.328724	0.505042	909.276
LLLYYLLTGLLTGLLYFLILI	LLLTYLLTGLLTGLLYFLILI	-1.20881	-0.946031	0.505042	0.328724	904.077
LLLTYLLTGLLTGLLYFLILI	LLLYYLLTGLLTGLLYFLILI	-0.946031	-1.04287	0.328724	0.505042	898.621
LLLYYLLTGLLTGLLYFLILI	LLLYTLLTGLLTGLLYFLILI	-1.04287	-2.09848	0.505042	0.328724	892.899
LLLYTLLTGLLTGLLYFLILI	LLLGTLLTGLLTGLLYFLILI	-1.97227	-1.1236	0.454934	0.368877	886.903
LLLGTLLTGLLTGLLYFLILI	LLLGTLLTGLLTGLLYTLILI	-1.40036	-0.25671	0.0921195	1.14683	880.623
LLLGTLLTGLLTGLLYTLILI	LLLYTLLTGLLTGLLYTLILI	-1.03466	-1.83375	0.368877	0.454934	874.051
LLLYTLLTGLLTGLLYTLILI	LLLYTLLTGLLTGLLYFLILI	-1.14185	-2.40733	1.14683	0.0921195	867.179
LLLYTLLTGLLTGLLYFLILI	LLLYYLLTGLLTGLLYFLILI	-2.17072	-1.54662	0.328724	0.505042	859.999
LLLYYLLTGLLTGLLYFLILI	LLLYYLLTGLLTGLLTFLILI	-1.54662	-1.0627	0.505042	0.328724	852.504
LLLYYLLTGLLTGLLTFLILI	LLLYTLLTGLLTGLLTFLILI	-1.0866	-1.66721	0.30482	0.538845	844.686
LLLYTLLTGLLTGLLTFLILI	LLLYTLLTGLLTGLLTWLILI	-2.05728	-7.55911	0.148778	0.890414	836.541
LLLYTLLTGLLTGLLTWLILI	LLLTTLLTGLLTGLLTWLILI	-8.30832	-6.41545	0.141213	0.917682	828.061
LLLTTLLTGLLTGLLTWLILI	LLLTTLLTGLLYGLLTWLILI	-6.41545	-5.53762	0.917682	0.141213	819.243
LLLTTLLTGLLYGLLTWLILI	LLLTYLLTGLLYGLLTWLILI	-5.13999	-4.63018	0.538845	0.30482	800.577
LLLTYLLTGLLYGLLTWLILI	LLLGYLLTGLLYGLLTWLILI	-4.44505	-4.68719	0.489954	0.34018	790.724
LLLGYLLTGLLYGLLTWLILI	LLLGTLLTGLLYGLLTWLILI	-4.64803	-5.11492	0.379341	0.443059	780.523
LLLGTLLTGLLYGLLTWLILI	LLLGTLLTGLLTGLLTWLILI	-5.38616	-6.87149	0.171816	0.816184	769.974
LLLGTLLTGLLTGLLTWLILI	LLLGTLLTGLLYGLLTWLILI	-6.87149	-5.38616	0.816184	0.171816	747.845
LLLGTLLTGLLYGLLTWLILI	LLLGYLLTGLLYGLLTWLILI	-5.11492	-4.64803	0.443059	0.379341	736.272
LLLGYLLTGLLYGLLTWLILI	LLLYYLLTGLLYGLLTWLILI	-4.7579	-5.41618	0.269472	0.595564	724.369
LLLYYLLTGLLYGLLTWLILI	LLLYALLTGLLYGLLTWLILI	-4.66329	-2.84355	1.34845	0.0640271	712.142
LLLYALLTGLLYGLLTWLILI	LLLYALLTGLLTGLLTWLILI	-2.52823	-4.38538	0.379341	0.443059	699.602
LLLYALLTGLLTGLLTWLILI	LLLYYLLTGLLTGLLTWLILI	-4.73483	-6.77115	0.0936181	1.13801	686.76
LLLYYLLTGLLTGLLTWLILI	LLLYYLLTGLLTGLLTTLILI	-7.63489	-3.2857	0.274265	0.58734	673.628
LLLYYLLTGLLTGLLTTLILI	LLLYYLLTGLLTGLLYTLILI	-3.46569	-1.21156	0.407346	0.413356	660.222
LLLYYLLTGLLTGLLYTLILI	LLLYYLLTGLLTGLLTTLILI	-1.21156	-3.46569	0.413356	0.407346	646.557
LLLYYLLTGLLTGLLTTLILI	LLLYYLLYGLLTGLLTTLILI	-3.46569	0.123669	0.407346	0.413356	632.651
LLLYYLLYGLLTGLLTTLILI	LLLYYLLTGLLTGLLTTLILI	0.123669	-3.46569	0.413356	0.407346	618.524
LLLYYLLTGLLTGLLTTLILI	LLLYYLLTGLLTGLLTWLILI	-3.2857	-1.10723	0.58734	0.274265	604.196
LLLYYLLTGLLTGLLTWLILI	LLLYYLLTGLLTGLLTTLILI	-1.10723	-3.2857	0.274265	0.58734	589.688
LLLYYLLTGLLTGLLTTLILI	LLLYYLLVGLLTGLLTTLILI	-2.5967	0.40932	1.27634	0.0728516	575.025
LLLYYLLVGLLTGLLTTLILI	LLLYYLLTGLLTGLLTTLILI	0.40932	-2.5967	0.0728516	1.27634	560.23
LLLYYLLTGLLTGLLTTLILI	LLLGYLLTGLLTGLLTTLILI	-3.4181	-2.6906	0.454934	0.368877	545.329
LLLGYLLTGLLTGLLTTLILI	LLLGYLLTGLLTGLLYTLILI	-2.52063	-0.506535	0.538845	0.30482	530.348
LLLGYLLTGLLTGLLYTLILI	LLLYYLLTGLLTGLLYTLILI	-0.541883	-1.02935	0.269472	0.595564	515.312
LLLYYLLTGLLTGLLYTLILI	LLLYYLLTGLLTGLLYWLILI	-1.13889	-1.0052	0.48602	0.343253	500.25
LLLYYLLTGLLTGLLYWLILI	LLLYGLLTGLLTGLLYWLILI	-0.752887	-4.02888	0.595564	0.269472	485.188
LLLYGLLTGLLTGLLYWLILI	LLLYGLLTGLLTGLLVWLILI	-3.2237	-4.13617	1.07465	0.105187	455.171
LLLYGLLTGLLTGLLVWLILI	LLLYYLLTGLLTGLLVWLILI	-3.87248	-5.9195	0.368877	0.454934	440.27
LLLYYLLTGLLTGLLVWLILI	LLLYYLLTGLLTGLLFWLILI	-6.03382	-5.66975	0.340616	0.489394	425.475
LLLYYLLTGLLTGLLFWLILI	LLLYTLLTGLLTGLLFWLILI	-5.77981	-6.09085	0.379341	0.443059	410.812
LLLYTLLTGLLTGLLFWLILI	LLLYYLLTGLLTGLLFWLILI	-6.09085	-6.16057	0.443059	0.379341	396.304
LLLYYLLTGLLTGLLFWLILI	LLLYYLLTGLLTGLLTWLILI	-6.42002	-6.90486	0.119894	1.0043	381.976
LLLYYLLTGLLTGLLTWLILI	LLLYTLLTGLLTGLLTWLILI	-7.60433	-8.20049	0.30482	0.538845	340.278
LLLYTLLTGLLTGLLTWLILI	LLLYYLLTGLLTGLLTWLILI	-8.20049	-7.77086	0.538845	0.30482	326.872
LLLYYLLTGLLTGLLTWLILI	LLLTYLLTGLLTGLLTWLILI	-7.77086	-6.75992	0.30482	0.538845	276.131
LLLTYLLTGLLTGLLTWLILI	LLLGYLLTGLLTGLLTWLILI	-6.70701	-6.68566	0.591758	0.271676	264.228
LLLGYLLTGLLTGLLTWLILI	LLLGTLLTGLLTGLLTWLILI	-6.78552	-6.74977	0.171816	0.816184	241.419
LLLGTLLTGLLTGLLTWLILI	LLLGYLLTGLLTGLLTWLILI	-6.74977	-6.92378	0.816184	0.171816	230.526
LLLGYLLTGLLTGLLTWLILI	LLLYYLLTGLLTGLLTWLILI	-6.72672	-7.45422	0.368877	0.454934	219.977
LLLYYLLTGLLTGLLTWLILI	LLLYTLLTGLLTGLLTWLILI	-7.60433	-7.74415	0.30482	0.538845	190.417
LLLYTLLTGLLTGLLTWLILI	LLLYYLLTGLLTGLLTWLILI	-7.74415	-7.77086	0.538845	0.30482	155.814
LLLYYLLTGLLTGLLTWLILI	LLLYTLLTGLLTGLLTWLILI	-7.77086	-7.98292	0.30482	0.538845	126.449
LLLYTLLTGLLTGLLTWLILI	LLLYYLLTGLLTGLLTWLILI	-7.98292	-7.77086	0.538845	0.30482	101.879
LLLYYLLTGLLTGLLTWLILI	LLLYTLLTGLLTGLLTWLILI	-7.77086	-8.03397	0.30482	0.538845	72.8169
LLLYTLLTGLLTGLLTWLILI	LLLYTLLTGLLTGLLVWLILI	-7.29647	-7.34023	1.27634	0.0728516	28.0365
LLLYTLLTGLLTGLLVWLILI	LLLYTLLTGLLTGLLTWLILI	-7.34023	-7.463	0.0728516	1.27634	17.9453
Time: 423s
