***STARTING GEOMETRY:***
xShift: 8.6744
crossingAngle: -39.2195
axialRotation: -11.2528
zShift: 5.81412

Number of MCCycles: 200
PrevSequence	CurrSequence	PrevEnergy	CurrEnergy	PrevEntropy	CurrEntropy	CurrentTemp
LLLYTLLTTLLTGLLTTLILI	LLLYTLLTTLLYGLLTTLILI	-7.465	-7.19581	0.693609	0.219549	999.847
LLLYTLLTTLLYGLLTTLILI	LLLYYLLTTLLYGLLTTLILI	-6.93862	-6.00575	0.476739	0.350648	999.684
LLLYYLLTTLLYGLLTTLILI	LLLYYLLTTLLTGLLTTLILI	-6.00575	-6.75581	0.350648	0.476739	999.512
LLLYYLLTTLLTGLLTTLILI	LLLYYLLTTLLTGLLTWLILI	-6.55872	-11.2126	0.673827	0.22865	999.328
LLLYYLLTTLLTGLLTWLILI	LLLGYLLTTLLTGLLTWLILI	-10.8457	-10.3503	0.595564	0.269472	999.134
LLLGYLLTTLLTGLLTWLILI	LLLGGLLTTLLTGLLTWLILI	-10.3497	-7.4715	0.270132	0.594419	998.928
LLLGGLLTTLLTGLLTWLILI	LLLYGLLTTLLTGLLTWLILI	-7.4715	-2.79316	0.594419	0.270132	998.708
LLLYGLLTTLLTGLLTWLILI	LLLYTLLTTLLTGLLTWLILI	-2.90317	-5.55494	0.160122	0.85234	998.476
LLLYTLLTTLLTGLLTWLILI	LLLYGLLTTLLTGLLTWLILI	-5.55494	-9.15168	0.85234	0.160122	998.229
LLLYGLLTTLLTGLLTWLILI	LLLYALLTTLLTGLLTWLILI	-8.43946	-8.38226	0.872342	0.154044	997.967
LLLYALLTTLLTGLLTWLILI	LLLGALLTTLLTGLLTWLILI	-8.16659	-7.35415	0.369715	0.453966	997.689
LLLGALLTTLLTGLLTWLILI	LLLGALLTTLLTGLLVWLILI	-6.53177	-6.41305	1.27634	0.0728516	997.394
LLLGALLTTLLTGLLVWLILI	LLLTALLTTLLTGLLVWLILI	-6.2917	-5.17209	0.194196	0.754313	997.081
LLLTALLTTLLTGLLVWLILI	LLLGALLTTLLTGLLVWLILI	-5.17209	-5.9155	0.754313	0.194196	996.749
LLLGALLTTLLTGLLVWLILI	LLLGALLTTLLYGLLVWLILI	-5.41608	-4.89214	0.693609	0.219549	996.397
LLLGALLTTLLYGLLVWLILI	LLLGALLTTLLYGLLTWLILI	-5.01642	-5.56876	0.0952708	1.12845	996.023
LLLGALLTTLLYGLLTWLILI	LLLGGLLTTLLYGLLTWLILI	-6.5902	-6.04438	0.107014	1.06535	995.626
LLLGGLLTTLLYGLLTWLILI	LLLYGLLTTLLYGLLTWLILI	-6.74085	-7.73639	0.368877	0.454934	995.205
LLLYGLLTTLLYGLLTWLILI	LLLYGLLTTLLYGLLVWLILI	-7.06287	-6.51053	1.12845	0.0952708	994.758
LLLYGLLTTLLYGLLVWLILI	LLLYTLLTTLLYGLLVWLILI	-6.35884	-9.66816	0.246959	0.636769	994.285
LLLYTLLTTLLYGLLVWLILI	LLLYTLLTTLLYGLLTWLILI	-10.2321	-10.5296	0.0728516	1.27634	993.782
LLLYTLLTTLLYGLLTWLILI	LLLYTLLTTLLYGLLIWLILI	-10.5507	-8.87494	1.2552	0.0756774	993.249
LLLYTLLTTLLYGLLIWLILI	LLLYTLLTGLLYGLLIWLILI	-8.31384	-3.88801	0.636769	0.246959	992.084
LLLYTLLTGLLYGLLIWLILI	LLLGTLLTGLLYGLLIWLILI	-3.68003	-2.86451	0.454934	0.368877	991.448
LLLGTLLTGLLYGLLIWLILI	LLLYTLLTGLLYGLLIWLILI	-2.86451	-4.0543	0.368877	0.454934	990.773
LLLYTLLTGLLYGLLIWLILI	LLLYTLLTGLLTGLLIWLILI	-4.12989	-4.71508	0.379341	0.443059	990.058
LLLYTLLTGLLTGLLIWLILI	LLLYTLLTGLLTGLLVWLILI	-4.73569	-6.16938	0.42245	0.398479	989.3
LLLYTLLTGLLTGLLVWLILI	LLLYGLLTGLLTGLLVWLILI	-6.07791	-3.08029	0.489954	0.34018	988.496
LLLYGLLTGLLTGLLVWLILI	LLLYGLLTGLLTGLLFWLILI	-3.07985	-2.71601	0.340616	0.489394	987.644
LLLYGLLTGLLTGLLFWLILI	LLLYGLLTGLLTGLLTWLILI	-3.08551	-3.73706	0.119894	1.0043	986.74
LLLYGLLTGLLTGLLTWLILI	LLLYGLLVGLLTGLLTWLILI	-3.61291	-0.830944	1.12845	0.0952708	985.783
LLLYGLLVGLLTGLLTWLILI	LLLGGLLVGLLTGLLTWLILI	-0.712952	0.672713	0.213262	0.707856	983.694
LLLGGLLVGLLTGLLTWLILI	LLLYGLLVGLLTGLLTWLILI	0.672713	-0.712952	0.707856	0.213262	982.555
LLLYGLLVGLLTGLLTWLILI	LLLYGLLYGLLTGLLTWLILI	-0.821027	-0.438956	0.105187	1.07465	981.348
LLLYGLLYGLLTGLLTWLILI	LLLYGLLYGLLYGLLTWLILI	-1.27557	1.22953	0.238039	0.654392	980.071
LLLYGLLYGLLYGLLTWLILI	LLLYGLLFGLLYGLLTWLILI	1.72712	2.58414	1.15198	0.0912572	978.717
LLLYGLLFGLLYGLLTWLILI	LLLYGLLFGLLYGLLVWLILI	3.12505	4.11966	0.632162	0.249358	977.285
LLLYGLLFGLLYGLLVWLILI	LLLGGLLFGLLYGLLVWLILI	4.24002	5.76349	0.369715	0.453966	975.768
LLLGGLLFGLLYGLLVWLILI	LLLGYLLFGLLYGLLVWLILI	5.76349	3.32762	0.453966	0.369715	974.162
LLLGYLLFGLLYGLLVWLILI	LLLGYLLYGLLYGLLVWLILI	3.04916	2.36574	0.0912572	1.15198	972.463
LLLGYLLYGLLYGLLVWLILI	LLLGYLLYGLLFGLLVWLILI	2.36574	2.67739	1.15198	0.0912572	970.666
LLLGYLLYGLLFGLLVWLILI	LLLGYLLTGLLFGLLVWLILI	3.35968	-0.798304	0.773553	0.186892	968.764
LLLGYLLTGLLFGLLVWLILI	LLLGYLLTGLLFGLLTWLILI	-0.847483	-2.13915	0.137712	0.930859	966.754
LLLGYLLTGLLFGLLTWLILI	LLLGYLLTGLLTGLLTWLILI	-2.95011	-5.38503	0.119894	1.0043	964.627
LLLGYLLTGLLTGLLTWLILI	LLLGYLLTGLLTGLLVWLILI	-5.26088	-4.97317	1.12845	0.0952708	957.496
LLLGYLLTGLLTGLLVWLILI	LLLYYLLTGLLTGLLVWLILI	-4.69956	-5.43931	0.368877	0.454934	954.846
LLLYYLLTGLLTGLLVWLILI	LLLYTLLTGLLTGLLVWLILI	-5.5149	-6.1248	0.379341	0.443059	952.048
LLLYTLLTGLLTGLLVWLILI	LLLYALLTGLLTGLLVWLILI	-5.37504	-2.65592	1.19282	0.0847157	949.095
LLLYALLTGLLTGLLVWLILI	LLLGALLTGLLTGLLVWLILI	-2.4705	-0.873872	0.270132	0.594419	945.979
LLLGALLTGLLTGLLVWLILI	LLLGWLLTGLLTGLLVWLILI	-1.413	2.37223	0.0552935	1.43098	942.693
LLLGWLLTGLLTGLLVWLILI	LLLGWLLTGLLFGLLVWLILI	1.75744	3.91907	0.816184	0.171816	935.578
LLLGWLLTGLLFGLLVWLILI	LLLGWLLTGLLTGLLVWLILI	3.91907	1.49436	0.171816	0.816184	931.732
LLLGWLLTGLLTGLLVWLILI	LLLGTLLTGLLTGLLVWLILI	1.23729	-5.37895	0.559121	0.291546	927.683
LLLGTLLTGLLTGLLVWLILI	LLLYTLLTGLLTGLLVWLILI	-5.07608	-6.29773	0.594419	0.270132	923.422
LLLYTLLTGLLTGLLVWLILI	LLLYTLLYGLLTGLLVWLILI	-6.1248	-2.73048	0.443059	0.379341	918.939
LLLYTLLYGLLTGLLVWLILI	LLLWTLLYGLLTGLLVWLILI	-2.84225	-0.848305	0.267575	0.598868	914.227
LLLWTLLYGLLTGLLVWLILI	LLLWTLLYGLLTGLLTWLILI	-1.3519	-1.64021	0.0952708	1.12845	909.276
LLLWTLLYGLLTGLLTWLILI	LLLWTLLYGLLTGLLIWLILI	-1.66056	-1.02235	1.10811	0.098896	904.077
LLLWTLLYGLLTGLLIWLILI	LLLWTLLYGLLTGLLVWLILI	-0.698795	-1.26204	0.42245	0.398479	898.621
LLLWTLLYGLLTGLLVWLILI	LLLWTLLTGLLTGLLVWLILI	-1.44097	-2.16272	0.219549	0.693609	892.899
LLLWTLLTGLLTGLLVWLILI	LLLYTLLTGLLTGLLVWLILI	-1.96591	-5.95097	0.890414	0.148778	886.903
LLLYTLLTGLLTGLLVWLILI	LLLYTLLTGLLYGLLVWLILI	-5.65669	-4.49887	0.443059	0.379341	880.623
LLLYTLLTGLLYGLLVWLILI	LLLGTLLTGLLYGLLVWLILI	-4.42328	-4.22153	0.454934	0.368877	874.051
LLLGTLLTGLLYGLLVWLILI	LLLGTLLTGLLTGLLVWLILI	-4.37085	-4.97689	0.219549	0.693609	867.179
LLLGTLLTGLLTGLLVWLILI	LLLGTLLTGLLYGLLVWLILI	-4.97689	-4.37085	0.693609	0.219549	852.504
LLLGTLLTGLLYGLLVWLILI	LLLGTLLTGLLTGLLVWLILI	-4.37085	-4.97689	0.219549	0.693609	844.686
LLLGTLLTGLLTGLLVWLILI	LLLTTLLTGLLTGLLVWLILI	-5.39882	-4.56069	0.271676	0.591758	828.061
LLLTTLLTGLLTGLLVWLILI	LLLGTLLTGLLTGLLVWLILI	-4.56069	-5.20673	0.591758	0.271676	819.243
LLLGTLLTGLLTGLLVWLILI	LLLYTLLTGLLTGLLVWLILI	-4.88399	-5.65056	0.594419	0.270132	810.083
LLLYTLLTGLLTGLLVWLILI	LLLTTLLTGLLTGLLVWLILI	-5.74888	-4.7114	0.171816	0.816184	790.724
LLLTTLLTGLLTGLLVWLILI	LLLTTLLTGLLVGLLVWLILI	-4.59672	-1.99662	0.930859	0.137712	780.523
LLLTTLLTGLLVGLLVWLILI	LLLTTLLTGLLVGLLTWLILI	-1.99662	-2.41981	0.137712	0.930859	769.974
LLLTTLLTGLLVGLLTWLILI	LLLTTLLTGLLTGLLTWLILI	-3.29169	-5.4539	0.0589809	1.39457	759.081
LLLTTLLTGLLTGLLTWLILI	LLLTTLLVGLLTGLLTWLILI	-5.4539	-2.49035	1.39457	0.0589809	747.845
LLLTTLLVGLLTGLLTWLILI	LLLTTLLVGLLTGLLVWLILI	-1.61847	-1.30149	0.930859	0.137712	736.272
LLLTTLLVGLLTGLLVWLILI	LLLTTLLVGLLVGLLVWLILI	-0.807041	1.98643	0.632162	0.249358	724.369
LLLTTLLVGLLVGLLVWLILI	LLLYTLLVGLLVGLLVWLILI	2.27592	1.0427	0.538845	0.30482	712.142
LLLYTLLVGLLVGLLVWLILI	LLLYTLLVGLLTGLLVWLILI	1.08113	-1.95293	0.343253	0.48602	699.602
LLLYTLLVGLLTGLLVWLILI	LLLYTLLTGLLTGLLVWLILI	-2.26164	-5.39257	0.177314	0.800152	673.628
LLLYTLLTGLLTGLLVWLILI	LLLYYLLTGLLTGLLVWLILI	-5.74967	-5.13977	0.443059	0.379341	660.222
LLLYYLLTGLLTGLLVWLILI	LLLTYLLTGLLTGLLVWLILI	-5.13977	-4.66063	0.379341	0.443059	632.651
LLLTYLLTGLLTGLLVWLILI	LLLGYLLTGLLTGLLVWLILI	-4.61373	-4.35312	0.489954	0.34018	618.524
LLLGYLLTGLLTGLLVWLILI	LLLGYLLTGLLTGLLTWLILI	-4.59803	-4.37112	0.0952708	1.12845	604.196
LLLGYLLTGLLTGLLTWLILI	LLLTYLLTGLLTGLLTWLILI	-5.2279	-5.83282	0.271676	0.591758	589.688
LLLTYLLTGLLTGLLTWLILI	LLLTYLLTGLLTGLLAWLILI	-5.08152	-1.43648	1.34306	0.064646	560.23
LLLTYLLTGLLTGLLAWLILI	LLLTYLLTGLLTGLLVWLILI	-1.12706	-4.65469	0.374065	0.44899	530.348
LLLTYLLTGLLTGLLVWLILI	LLLTTLLTGLLTGLLVWLILI	-4.93187	-4.7114	0.171816	0.816184	515.312
LLLTTLLTGLLTGLLVWLILI	LLLTYLLTGLLTGLLVWLILI	-4.7114	-4.93187	0.816184	0.171816	500.25
LLLTYLLTGLLTGLLVWLILI	LLLYYLLTGLLTGLLVWLILI	-4.66063	-5.21747	0.443059	0.379341	485.188
LLLYYLLTGLLTGLLVWLILI	LLLYTLLTGLLTGLLVWLILI	-5.21747	-5.55057	0.379341	0.443059	470.152
LLLYTLLTGLLTGLLVWLILI	LLLGTLLTGLLTGLLVWLILI	-5.72349	-4.70094	0.270132	0.594419	455.171
LLLGTLLTGLLTGLLVWLILI	LLLYTLLTGLLTGLLVWLILI	-4.70094	-6.09864	0.594419	0.270132	440.27
LLLYTLLTGLLTGLLVWLILI	LLLYTLLTGLLTGLLTWLILI	-6.29592	-6.61241	0.0728516	1.27634	425.475
LLLYTLLTGLLTGLLTWLILI	LLLYTLLTGLLYGLLTWLILI	-7.34991	-6.39728	0.538845	0.30482	353.943
LLLYTLLTGLLYGLLTWLILI	LLLYTLLTGLLVGLLTWLILI	-5.62744	-4.48164	1.07465	0.105187	340.278
LLLYTLLTGLLVGLLTWLILI	LLLYTLLTGLLTGLLTWLILI	-4.51397	-6.44575	0.0728516	1.27634	313.74
LLLYTLLTGLLTGLLTWLILI	LLLYTLLTGLLTGLLYWLILI	-7.18324	-6.32906	0.538845	0.30482	300.898
LLLYTLLTGLLTGLLYWLILI	LLLYTLLTGLLTGLLTWLILI	-6.32906	-7.18324	0.30482	0.538845	288.358
LLLYTLLTGLLTGLLTWLILI	LLLYTLLTGLLYGLLTWLILI	-7.18324	-6.15783	0.538845	0.30482	264.228
LLLYTLLTGLLYGLLTWLILI	LLLTTLLTGLLYGLLTWLILI	-6.15783	-5.05165	0.30482	0.538845	252.655
LLLTTLLTGLLYGLLTWLILI	LLLTTLLTGLLYGLLVWLILI	-4.31415	-4.38153	1.27634	0.0728516	241.419
LLLTTLLTGLLYGLLVWLILI	LLLYTLLTGLLYGLLVWLILI	-4.01132	-4.33601	0.443059	0.379341	230.526
LLLYTLLTGLLYGLLVWLILI	LLLYYLLTGLLYGLLVWLILI	-4.47732	-4.1368	0.238039	0.654392	219.977
LLLYYLLTGLLYGLLVWLILI	LLLYYLLTGLLYGLLTWLILI	-4.65348	-5.23631	0.137712	0.930859	209.776
LLLYYLLTGLLYGLLTWLILI	LLLYYLLTGLLYGLLVWLILI	-5.23631	-4.65348	0.930859	0.137712	199.923
LLLYYLLTGLLYGLLVWLILI	LLLYTLLTGLLYGLLVWLILI	-4.1368	-4.85245	0.654392	0.238039	190.417
LLLYTLLTGLLYGLLVWLILI	LLLYTLLTGLLTGLLVWLILI	-4.71115	-6.1248	0.379341	0.443059	181.257
LLLYTLLTGLLTGLLVWLILI	LLLYTLLTGLLTGLLTWLILI	-6.49501	-6.44575	0.0728516	1.27634	119.877
LLLYTLLTGLLTGLLTWLILI	LLLYTLLTGLLTGLLVWLILI	-6.44575	-6.29592	1.27634	0.0728516	72.8169
LLLYTLLTGLLTGLLVWLILI	LLLYTLLTGLLTGLLTWLILI	-6.29592	-6.17372	0.0728516	1.27634	61.271
LLLYTLLTGLLTGLLTWLILI	LLLYTLLTGLLTGLLVWLILI	-6.17372	-6.22296	1.27634	0.0728516	54.5206
LLLYTLLTGLLTGLLVWLILI	LLLYTLLTGLLTGLLTWLILI	-6.22296	-6.41333	0.0728516	1.27634	20.4295
LLLYTLLTGLLTGLLTWLILI	LLLYTLLTGLLTGLLVWLILI	-6.41333	-6.49501	1.27634	0.0728516	19.1517
LLLYTLLTGLLTGLLVWLILI	LLLYTLLTGLLTGLLTWLILI	-6.49501	-6.61241	0.0728516	1.27634	9.05236
Time: 412s
