MCAccept 0 xShift: 7.18852 crossingAngle: -35.6852 axialRotation: -45.8674 zShift: 4.76682 energy: 242.993
MCAccept 1 xShift: 7.18852 crossingAngle: -35.7972 axialRotation: -45.8674 zShift: 4.76682 energy: 242.993
MCReject   xShift: 7.18852 crossingAngle: -35.7972 axialRotation: -45.8674 zShift: 4.77908 energy: 246.383
MCAccept 2 xShift: 7.18852 crossingAngle: -35.8026 axialRotation: -45.8674 zShift: 4.76682 energy: 242.998
MCReject   xShift: 7.17924 crossingAngle: -35.8026 axialRotation: -45.8674 zShift: 4.76682 energy: 243.104
MCAccept 3 xShift: 7.18852 crossingAngle: -35.8026 axialRotation: -45.8674 zShift: 4.76272 energy: 241.916
MCAccept 4 xShift: 7.18852 crossingAngle: -35.8026 axialRotation: -45.8674 zShift: 4.7567 energy: 240.373
MCAccept 5 xShift: 7.18852 crossingAngle: -35.8026 axialRotation: -45.8674 zShift: 4.74397 energy: 237.304
MCAccept 6 xShift: 7.20602 crossingAngle: -35.8026 axialRotation: -45.8674 zShift: 4.74397 energy: 237.304
MCAccept 7 xShift: 7.20602 crossingAngle: -35.8026 axialRotation: -45.8674 zShift: 4.73957 energy: 236.299
MCAccept 8 xShift: 7.19355 crossingAngle: -35.8026 axialRotation: -45.8674 zShift: 4.73957 energy: 236.299
MCAccept 9 xShift: 7.18251 crossingAngle: -35.8026 axialRotation: -45.8674 zShift: 4.73957 energy: 236.304
MCAccept 10 xShift: 7.18251 crossingAngle: -35.8212 axialRotation: -45.8674 zShift: 4.73957 energy: 236.299
MCAccept 11 xShift: 7.18251 crossingAngle: -36.0229 axialRotation: -45.8674 zShift: 4.73957 energy: 236.299
MCAccept 12 xShift: 7.18251 crossingAngle: -36.1723 axialRotation: -45.8674 zShift: 4.73957 energy: 236.299
MCAccept 13 xShift: 7.18251 crossingAngle: -36.1723 axialRotation: -45.8674 zShift: 4.73468 energy: 235.214
MCAccept 14 xShift: 7.16898 crossingAngle: -36.1723 axialRotation: -45.8674 zShift: 4.73468 energy: 235.214
MCAccept 15 xShift: 7.17445 crossingAngle: -36.1723 axialRotation: -45.8674 zShift: 4.73468 energy: 235.218
MCAccept 16 xShift: 7.17445 crossingAngle: -36.0649 axialRotation: -45.8674 zShift: 4.73468 energy: 235.323
MCAccept 17 xShift: 7.17445 crossingAngle: -36.0649 axialRotation: -45.6951 zShift: 4.73468 energy: 235.214
MCAccept 18 xShift: 7.17445 crossingAngle: -36.0364 axialRotation: -45.6951 zShift: 4.73468 energy: 235.218
MCAccept 19 xShift: 7.17445 crossingAngle: -36.0364 axialRotation: -45.8501 zShift: 4.73468 energy: 235.218
MCReject   xShift: 7.17445 crossingAngle: -36.0364 axialRotation: -45.8501 zShift: 4.73829 energy: 236.011
MCAccept 20 xShift: 7.17913 crossingAngle: -36.0364 axialRotation: -45.8501 zShift: 4.73468 energy: 235.214
MCReject   xShift: 7.17055 crossingAngle: -36.0364 axialRotation: -45.8501 zShift: 4.73468 energy: 235.319
MCAccept 21 xShift: 7.18075 crossingAngle: -36.0364 axialRotation: -45.8501 zShift: 4.73468 energy: 235.319
MCAccept 22 xShift: 7.18075 crossingAngle: -36.0364 axialRotation: -45.816 zShift: 4.73468 energy: 235.319
MCAccept 23 xShift: 7.16778 crossingAngle: -36.0364 axialRotation: -45.816 zShift: 4.73468 energy: 235.214
MCAccept 24 xShift: 7.16778 crossingAngle: -36.0364 axialRotation: -46.0059 zShift: 4.73468 energy: 235.214
MCAccept 25 xShift: 7.16778 crossingAngle: -36.3164 axialRotation: -46.0059 zShift: 4.73468 energy: 235.319
MCReject   xShift: 7.16778 crossingAngle: -36.3164 axialRotation: -46.0059 zShift: 4.7382 energy: 235.992
MCReject   xShift: 7.16778 crossingAngle: -36.3164 axialRotation: -46.0059 zShift: 4.75261 energy: 239.471
MCAccept 26 xShift: 7.1771 crossingAngle: -36.3164 axialRotation: -46.0059 zShift: 4.73468 energy: 235.214
MCAccept 27 xShift: 7.1771 crossingAngle: -36.3164 axialRotation: -46.0059 zShift: 4.71686 energy: 231.658
MCAccept 28 xShift: 7.18087 crossingAngle: -36.3164 axialRotation: -46.0059 zShift: 4.71686 energy: 231.545
MCReject   xShift: 7.18087 crossingAngle: -36.3914 axialRotation: -46.0059 zShift: 4.71686 energy: 231.644
MCAccept 29 xShift: 7.18087 crossingAngle: -36.3164 axialRotation: -46.0112 zShift: 4.71686 energy: 231.54
MCAccept 30 xShift: 7.17097 crossingAngle: -36.3164 axialRotation: -46.0112 zShift: 4.71686 energy: 231.545
MCAccept 31 xShift: 7.17097 crossingAngle: -36.3243 axialRotation: -46.0112 zShift: 4.71686 energy: 231.545
MCAccept 32 xShift: 7.17411 crossingAngle: -36.3243 axialRotation: -46.0112 zShift: 4.71686 energy: 231.54
MCAccept 33 xShift: 7.18888 crossingAngle: -36.3243 axialRotation: -46.0112 zShift: 4.71686 energy: 231.545
MCAccept 34 xShift: 7.18888 crossingAngle: -36.3902 axialRotation: -46.0112 zShift: 4.71686 energy: 231.54
MCAccept 35 xShift: 7.21196 crossingAngle: -36.3902 axialRotation: -46.0112 zShift: 4.71686 energy: 231.54
MCAccept 36 xShift: 7.21196 crossingAngle: -36.3902 axialRotation: -46.0112 zShift: 4.70914 energy: 229.687
MCAccept 37 xShift: 7.21196 crossingAngle: -36.3902 axialRotation: -46.0112 zShift: 4.69734 energy: 226.777
MCAccept 38 xShift: 7.23676 crossingAngle: -36.3902 axialRotation: -46.0112 zShift: 4.69734 energy: 226.777
MCAccept 39 xShift: 7.25003 crossingAngle: -36.3902 axialRotation: -46.0112 zShift: 4.69734 energy: 226.777
MCReject   xShift: 7.25003 crossingAngle: -36.3909 axialRotation: -46.0112 zShift: 4.69734 energy: 226.881
MCReject   xShift: 7.25003 crossingAngle: -36.3902 axialRotation: -46.0112 zShift: 4.70573 energy: 228.852
MCAccept 40 xShift: 7.25003 crossingAngle: -36.3902 axialRotation: -45.9024 zShift: 4.69734 energy: 226.777
MCAccept 41 xShift: 7.2642 crossingAngle: -36.3902 axialRotation: -45.9024 zShift: 4.69734 energy: 226.777
MCAccept 42 xShift: 7.25564 crossingAngle: -36.3902 axialRotation: -45.9024 zShift: 4.69734 energy: 226.777
MCAccept 43 xShift: 7.25564 crossingAngle: -36.3902 axialRotation: -45.8234 zShift: 4.69734 energy: 226.773
MCReject   xShift: 7.25564 crossingAngle: -36.3902 axialRotation: -45.8234 zShift: 4.71748 energy: 231.704
MCAccept 44 xShift: 7.25564 crossingAngle: -36.5805 axialRotation: -45.8234 zShift: 4.69734 energy: 226.773
MCAccept 45 xShift: 7.2615 crossingAngle: -36.5805 axialRotation: -45.8234 zShift: 4.69734 energy: 226.773
MCReject   xShift: 7.2615 crossingAngle: -36.5805 axialRotation: -45.8234 zShift: 4.69749 energy: 226.91
MCReject   xShift: 7.2615 crossingAngle: -36.5805 axialRotation: -45.8234 zShift: 4.69946 energy: 227.263
MCAccept 46 xShift: 7.2615 crossingAngle: -36.4558 axialRotation: -45.8234 zShift: 4.69734 energy: 226.876
MCAccept 47 xShift: 7.26237 crossingAngle: -36.4558 axialRotation: -45.8234 zShift: 4.69734 energy: 226.773
MCAccept 48 xShift: 7.27171 crossingAngle: -36.4558 axialRotation: -45.8234 zShift: 4.69734 energy: 226.777
MCAccept 49 xShift: 7.27171 crossingAngle: -36.5983 axialRotation: -45.8234 zShift: 4.69734 energy: 226.773
MCReject   xShift: 7.27171 crossingAngle: -36.5983 axialRotation: -45.8234 zShift: 4.71492 energy: 231.147
MCAccept 50 xShift: 7.2758 crossingAngle: -36.5983 axialRotation: -45.8234 zShift: 4.69734 energy: 226.773
MCReject   xShift: 7.2758 crossingAngle: -36.5983 axialRotation: -45.8234 zShift: 4.6986 energy: 227.17
MCAccept 51 xShift: 7.2758 crossingAngle: -36.5983 axialRotation: -45.9989 zShift: 4.69734 energy: 226.777
MCAccept 52 xShift: 7.24979 crossingAngle: -36.5983 axialRotation: -45.9989 zShift: 4.69734 energy: 226.777
MCAccept 53 xShift: 7.24979 crossingAngle: -36.5983 axialRotation: -45.7178 zShift: 4.69734 energy: 226.773
MCAccept 54 xShift: 7.24979 crossingAngle: -36.5983 axialRotation: -45.7178 zShift: 4.6872 energy: 224.525
MCAccept 55 xShift: 7.24979 crossingAngle: -36.5983 axialRotation: -45.6222 zShift: 4.6872 energy: 224.53
MCAccept 56 xShift: 7.24979 crossingAngle: -36.5983 axialRotation: -45.6222 zShift: 4.68651 energy: 224.378
MCAccept 57 xShift: 7.23412 crossingAngle: -36.5983 axialRotation: -45.6222 zShift: 4.68651 energy: 224.378
MCAccept 58 xShift: 7.23412 crossingAngle: -36.5983 axialRotation: -45.6994 zShift: 4.68651 energy: 224.378
MCReject   xShift: 7.23412 crossingAngle: -36.5983 axialRotation: -45.6994 zShift: 4.69285 energy: 225.759
MCAccept 59 xShift: 7.226 crossingAngle: -36.5983 axialRotation: -45.6994 zShift: 4.68651 energy: 224.378
MCReject   xShift: 7.226 crossingAngle: -36.5983 axialRotation: -45.6994 zShift: 4.68846 energy: 224.796
MCAccept 60 xShift: 7.226 crossingAngle: -36.5983 axialRotation: -45.6065 zShift: 4.68651 energy: 224.378
MCReject   xShift: 7.226 crossingAngle: -36.5983 axialRotation: -45.6065 zShift: 4.69362 energy: 225.931
MCReject   xShift: 7.226 crossingAngle: -36.5983 axialRotation: -45.6065 zShift: 4.69297 energy: 225.785
MCAccept 61 xShift: 7.226 crossingAngle: -36.5983 axialRotation: -45.6065 zShift: 4.68501 energy: 224.06
MCAccept 62 xShift: 7.226 crossingAngle: -36.5983 axialRotation: -45.6065 zShift: 4.68072 energy: 223.172
MCReject   xShift: 7.226 crossingAngle: -36.5983 axialRotation: -45.546 zShift: 4.68072 energy: 223.27
MCAccept 63 xShift: 7.22782 crossingAngle: -36.5983 axialRotation: -45.6065 zShift: 4.68072 energy: 223.168
MCReject   xShift: 7.22782 crossingAngle: -36.5983 axialRotation: -45.6213 zShift: 4.68072 energy: 223.27
MCAccept 64 xShift: 7.22782 crossingAngle: -36.5983 axialRotation: -45.6065 zShift: 4.67879 energy: 222.881
MCAccept 65 xShift: 7.22782 crossingAngle: -36.5983 axialRotation: -45.5491 zShift: 4.67879 energy: 222.778
MCReject   xShift: 7.22782 crossingAngle: -36.5983 axialRotation: -45.5491 zShift: 4.68865 energy: 224.837
MCAccept 66 xShift: 7.22782 crossingAngle: -36.5983 axialRotation: -45.585 zShift: 4.67879 energy: 222.774
MCReject   xShift: 7.22782 crossingAngle: -36.5983 axialRotation: -45.585 zShift: 4.68687 energy: 224.454
MCAccept 67 xShift: 7.22263 crossingAngle: -36.5983 axialRotation: -45.585 zShift: 4.67879 energy: 222.774
MCAccept 68 xShift: 7.22263 crossingAngle: -36.5983 axialRotation: -45.585 zShift: 4.67755 energy: 222.627
MCReject   xShift: 7.22263 crossingAngle: -36.65 axialRotation: -45.585 zShift: 4.67755 energy: 222.632
MCAccept 69 xShift: 7.22263 crossingAngle: -36.5983 axialRotation: -45.6188 zShift: 4.67755 energy: 222.529
MCAccept 70 xShift: 7.22263 crossingAngle: -36.5983 axialRotation: -45.6188 zShift: 4.67168 energy: 221.377
MCAccept 71 xShift: 7.22263 crossingAngle: -36.3499 axialRotation: -45.6188 zShift: 4.67168 energy: 221.373
MCAccept 72 xShift: 7.22263 crossingAngle: -36.2318 axialRotation: -45.6188 zShift: 4.67168 energy: 221.373
MCAccept 73 xShift: 7.22263 crossingAngle: -36.3269 axialRotation: -45.6188 zShift: 4.67168 energy: 221.373
MCAccept 74 xShift: 7.22263 crossingAngle: -36.3269 axialRotation: -45.7469 zShift: 4.67168 energy: 221.377
MCAccept 75 xShift: 7.22263 crossingAngle: -36.3269 axialRotation: -45.7469 zShift: 4.66706 energy: 220.5
MCAccept 76 xShift: 7.22263 crossingAngle: -36.3269 axialRotation: -45.6938 zShift: 4.66706 energy: 220.5
MCAccept 77 xShift: 7.24262 crossingAngle: -36.3269 axialRotation: -45.6938 zShift: 4.66706 energy: 220.5
MCReject   xShift: 7.24465 crossingAngle: -36.3269 axialRotation: -45.6938 zShift: 4.66706 energy: 220.504
MCReject   xShift: 7.24262 crossingAngle: -36.3269 axialRotation: -45.7974 zShift: 4.66706 energy: 220.602
MCAccept 78 xShift: 7.22548 crossingAngle: -36.3269 axialRotation: -45.6938 zShift: 4.66706 energy: 220.5
MCReject   xShift: 7.22548 crossingAngle: -36.3269 axialRotation: -45.6938 zShift: 4.68638 energy: 224.354
MCAccept 79 xShift: 7.21345 crossingAngle: -36.3269 axialRotation: -45.6938 zShift: 4.66706 energy: 220.5
MCAccept 80 xShift: 7.21942 crossingAngle: -36.3269 axialRotation: -45.6938 zShift: 4.66706 energy: 220.5
MCReject   xShift: 7.21942 crossingAngle: -36.3269 axialRotation: -45.6938 zShift: 4.66933 energy: 221.027
MCAccept 81 xShift: 7.21942 crossingAngle: -36.1725 axialRotation: -45.6938 zShift: 4.66706 energy: 220.5
MCAccept 82 xShift: 7.21942 crossingAngle: -36.1725 axialRotation: -45.7563 zShift: 4.66706 energy: 220.504
MCReject   xShift: 7.21942 crossingAngle: -36.0322 axialRotation: -45.7563 zShift: 4.66706 energy: 220.602
MCReject   xShift: 7.21942 crossingAngle: -36.1725 axialRotation: -45.7563 zShift: 4.67905 energy: 222.827
MCAccept 83 xShift: 7.21942 crossingAngle: -36.1725 axialRotation: -45.7563 zShift: 4.65603 energy: 218.532
MCAccept 84 xShift: 7.21957 crossingAngle: -36.1725 axialRotation: -45.7563 zShift: 4.65603 energy: 218.537
MCAccept 85 xShift: 7.23113 crossingAngle: -36.1725 axialRotation: -45.7563 zShift: 4.65603 energy: 218.532
MCAccept 86 xShift: 7.2349 crossingAngle: -36.1725 axialRotation: -45.7563 zShift: 4.65603 energy: 218.532
MCReject   xShift: 7.2349 crossingAngle: -36.1725 axialRotation: -45.9976 zShift: 4.65603 energy: 218.537
MCAccept 87 xShift: 7.2349 crossingAngle: -36.1725 axialRotation: -45.7563 zShift: 4.65534 energy: 218.416
MCAccept 88 xShift: 7.2349 crossingAngle: -36.1725 axialRotation: -45.7563 zShift: 4.64065 energy: 216.06
MCReject   xShift: 7.2349 crossingAngle: -35.9219 axialRotation: -45.7563 zShift: 4.64065 energy: 216.064
MCReject   xShift: 7.2349 crossingAngle: -36.1725 axialRotation: -45.5257 zShift: 4.64065 energy: 216.165
MCAccept 89 xShift: 7.2349 crossingAngle: -36.1625 axialRotation: -45.7563 zShift: 4.64065 energy: 216.06
MCAccept 90 xShift: 7.22051 crossingAngle: -36.1625 axialRotation: -45.7563 zShift: 4.64065 energy: 216.06
MCAccept 91 xShift: 7.22051 crossingAngle: -36.1625 axialRotation: -45.7563 zShift: 4.63486 energy: 215.207
MCReject   xShift: 7.22493 crossingAngle: -36.1625 axialRotation: -45.7563 zShift: 4.63486 energy: 215.211
MCAccept 92 xShift: 7.22051 crossingAngle: -36.1415 axialRotation: -45.7563 zShift: 4.63486 energy: 215.207
MCReject   xShift: 7.23921 crossingAngle: -36.1415 axialRotation: -45.7563 zShift: 4.63486 energy: 215.211
MCReject   xShift: 7.22051 crossingAngle: -36.1415 axialRotation: -45.7563 zShift: 4.64954 energy: 217.456
MCAccept 93 xShift: 7.22051 crossingAngle: -36.1061 axialRotation: -45.7563 zShift: 4.63486 energy: 215.207
MCAccept 94 xShift: 7.21119 crossingAngle: -36.1061 axialRotation: -45.7563 zShift: 4.63486 energy: 215.207
MCReject   xShift: 7.21622 crossingAngle: -36.1061 axialRotation: -45.7563 zShift: 4.63486 energy: 215.211
MCReject   xShift: 7.21119 crossingAngle: -36.1061 axialRotation: -45.7563 zShift: 4.63566 energy: 215.323
MCAccept 95 xShift: 7.21119 crossingAngle: -36.1255 axialRotation: -45.7563 zShift: 4.63486 energy: 215.207
MCReject   xShift: 7.21119 crossingAngle: -36.1096 axialRotation: -45.7563 zShift: 4.63486 energy: 215.308
MCReject   xShift: 7.23543 crossingAngle: -36.1255 axialRotation: -45.7563 zShift: 4.63486 energy: 215.312
MCAccept 96 xShift: 7.22171 crossingAngle: -36.1255 axialRotation: -45.7563 zShift: 4.63486 energy: 215.207
MCAccept 97 xShift: 7.22123 crossingAngle: -36.1255 axialRotation: -45.7563 zShift: 4.63486 energy: 215.207
MCReject   xShift: 7.22123 crossingAngle: -36.1255 axialRotation: -45.8406 zShift: 4.63486 energy: 215.308
MCAccept 98 xShift: 7.23507 crossingAngle: -36.1255 axialRotation: -45.7563 zShift: 4.63486 energy: 215.207
MCAccept 99 xShift: 7.23507 crossingAngle: -36.0877 axialRotation: -45.7563 zShift: 4.63486 energy: 215.207
Energy #1: 215.207
***GEOMETRY SHIFT***
xShift;        Before: 7.13955; After: 7.23507
crossingAngle; Before: -35.6852; After: -36.0877
axialRotation; Before: -45.8674; After: -45.7563
zShift;        Before: 4.76682; After: 4.63486
Energy;        Before: 3.36069e+07; After: 215.207

Completed all cycles. Accepted 100/140
Monte Carlo repack complete. Time: 33.1667min

Final energy is 215.207 after repack, indicating clashes. Choose a different geometry
