***STARTING GEOMETRY:***
xShift: 7.08
crossingAngle: -36.67
axialRotation: -46.91
zShift: 4.96

Number of MCCycles: 200
PrevSequence	CurrSequence	PrevEnergy	CurrEnergy	PrevEntropy	CurrEntropy	CurrentTemp
LLLYGLLTSLLFALLSTLILI	LLLYGLLTSLLFALLSILILI	538.931	324.634	0.911943	0.142768	999.847
LLLYGLLTSLLFALLSILILI	LLLYGLLYSLLFALLSILILI	324.679	325.237	0.186892	0.773553	999.684
LLLYGLLYSLLFALLSILILI	LLLYGLLTSLLFALLSILILI	325.237	325.144	0.773553	0.186892	999.512
LLLYGLLTSLLFALLSILILI	LLLYGLLYSLLFALLSILILI	325.144	325.237	0.186892	0.773553	999.134
LLLYGLLYSLLFALLSILILI	LLLYGLLTSLLFALLSILILI	325.237	325.142	0.773553	0.186892	998.928
LLLYGLLTSLLFALLSILILI	LLLYGLLYSLLFALLSILILI	325.142	325.237	0.186892	0.773553	998.708
LLLYGLLYSLLFALLSILILI	LLLGGLLYSLLFALLSILILI	325.059	325.214	0.595564	0.269472	998.476
LLLGGLLYSLLFALLSILILI	LLLGGLLYSLLYALLSILILI	325.077	328.581	0.132101	0.952787	998.229
LLLGGLLYSLLYALLSILILI	LLLGGLLYSLLYGLLSILILI	327.735	329.011	0.107014	1.06535	997.967
LLLGGLLYSLLYGLLSILILI	LLLGGLLYSLLYALLSILILI	329.011	327.851	1.06535	0.107014	997.689
LLLGGLLYSLLYALLSILILI	LLLGGLLTSLLYALLSILILI	328.517	327.264	0.773553	0.186892	997.394
LLLGGLLTSLLYALLSILILI	LLLGGLLTSLLFALLSILILI	327.727	325.984	0.650378	0.240035	997.081
LLLGGLLTSLLFALLSILILI	LLLGGLLYSLLFALLSILILI	326.073	326.21	0.328724	0.505042	996.397
LLLGGLLYSLLFALLSILILI	LLLGGLLYSLLFSLLSILILI	325.798	327.76	0.0930288	1.14146	996.023
LLLGGLLYSLLFSLLSILILI	LLLYGLLYSLLFSLLSILILI	326.888	326.852	0.269472	0.595564	995.626
LLLYGLLYSLLFSLLSILILI	LLLYGLLTSLLFSLLSILILI	327.03	326.464	0.773553	0.186892	995.205
LLLYGLLTSLLFSLLSILILI	LLLYGLLTSLLFALLSILILI	327.418	325.593	1.14146	0.0930288	994.758
LLLYGLLTSLLFALLSILILI	LLLYGLLTSLLFALLSTLILI	325.642	322.817	0.142768	0.911943	994.285
LLLYGLLTSLLFALLSTLILI	LLLYGLLTSLLFALLSILILI	322.817	325.521	0.911943	0.142768	993.782
LLLYGLLTSLLFALLSILILI	LLLYGLLTSLLFGLLSILILI	325.532	327.377	0.154044	0.872342	993.249
LLLYGLLTSLLFGLLSILILI	LLLYGLLTSLLFGLLTILILI	326.886	319.783	0.381257	0.440933	992.683
LLLYGLLTSLLFGLLTILILI	LLLTGLLTSLLFGLLTILILI	319.562	319.607	0.219549	0.693609	992.084
LLLTGLLTSLLFGLLTILILI	LLLYGLLTSLLFGLLTILILI	319.607	319.251	0.693609	0.219549	991.448
LLLYGLLTSLLFGLLTILILI	LLLYGLLYSLLFGLLTILILI	319.36	319.415	0.328724	0.505042	990.773
LLLYGLLYSLLFGLLTILILI	LLLYGLLYSLLFGLLTTLILI	319.053	316.653	0.142768	0.911943	990.058
LLLYGLLYSLLFGLLTTLILI	LLLGGLLYSLLFGLLTTLILI	316.196	316.465	0.454934	0.368877	989.3
LLLGGLLYSLLFGLLTTLILI	LLLGGLLYSLLTGLLTTLILI	316.216	317.36	0.119894	1.0043	988.496
LLLGGLLYSLLTGLLTTLILI	LLLYGLLYSLLTGLLTTLILI	316.725	316.33	0.368877	0.454934	987.644
LLLYGLLYSLLTGLLTTLILI	LLLGGLLYSLLTGLLTTLILI	316.33	316.725	0.454934	0.368877	986.74
LLLGGLLYSLLTGLLTTLILI	LLLYGLLYSLLTGLLTTLILI	316.725	316.457	0.368877	0.454934	985.783
LLLYGLLYSLLTGLLTTLILI	LLLYGLLYSLLTGLLTILILI	317.11	319.294	1.10811	0.098896	984.769
LLLYGLLYSLLTGLLTILILI	LLLYGLLYSLLTGLLTTLILI	319.294	316.983	0.098896	1.10811	983.694
LLLYGLLYSLLTGLLTTLILI	LLLYGLLTSLLTGLLTTLILI	316.18	316.868	0.30482	0.538845	982.555
LLLYGLLTSLLTGLLTTLILI	LLLYGLLYSLLTGLLTTLILI	316.868	316.18	0.538845	0.30482	981.348
LLLYGLLYSLLTGLLTTLILI	LLLGGLLYSLLTGLLTTLILI	316.33	316.725	0.454934	0.368877	980.071
LLLGGLLYSLLTGLLTTLILI	LLLGGLLYSLLFGLLTTLILI	317.36	316.216	1.0043	0.119894	978.717
LLLGGLLYSLLFGLLTTLILI	LLLYGLLYSLLFGLLTTLILI	316.465	316.196	0.368877	0.454934	977.285
LLLYGLLYSLLFGLLTTLILI	LLLYGLLTSLLFGLLTTLILI	316.12	316.21	0.379341	0.443059	975.768
LLLYGLLTSLLFGLLTTLILI	LLLYGLLTSLLFGLLTILILI	316.875	319.157	1.10811	0.098896	974.162
LLLYGLLTSLLFGLLTILILI	LLLYGLLTSLLYGLLTILILI	319.19	319.628	0.132101	0.952787	972.463
LLLYGLLTSLLYGLLTILILI	LLLYGLLYSLLYGLLTILILI	318.913	320.504	0.238039	0.654392	970.666
LLLYGLLYSLLYGLLTILILI	LLLYGLLYSLLYGLLTTLILI	319.993	316.758	0.142768	0.911943	968.764
LLLYGLLYSLLYGLLTTLILI	LLLYGLLYSLLFGLLTTLILI	316.998	315.709	1.15198	0.0912572	966.754
LLLYGLLYSLLFGLLTTLILI	LLLYGLLTSLLFGLLTTLILI	315.997	316.332	0.379341	0.443059	964.627
LLLYGLLTSLLFGLLTTLILI	LLLYGLLYSLLFGLLTTLILI	316.332	315.997	0.443059	0.379341	962.38
LLLYGLLYSLLFGLLTTLILI	LLLGGLLYSLLFGLLTTLILI	316.073	316.465	0.454934	0.368877	960.005
LLLGGLLYSLLFGLLTTLILI	LLLYGLLYSLLFGLLTTLILI	316.465	316.196	0.368877	0.454934	957.496
LLLYGLLYSLLFGLLTTLILI	LLLYGLLTSLLFGLLTTLILI	316.12	316.333	0.379341	0.443059	954.846
LLLYGLLTSLLFGLLTTLILI	LLLYGLLTSLLYGLLTTLILI	316.022	316.303	0.132101	0.952787	949.095
LLLYGLLTSLLYGLLTTLILI	LLLTGLLTSLLYGLLTTLILI	315.655	315.78	0.30482	0.538845	942.693
LLLTGLLTSLLYGLLTTLILI	LLLYGLLTSLLYGLLTTLILI	315.78	315.548	0.538845	0.30482	939.229
LLLYGLLTSLLYGLLTTLILI	LLLYGLLTSLLFGLLTTLILI	316.196	316.021	0.952787	0.132101	935.578
LLLYGLLTSLLFGLLTTLILI	LLLYGLLYSLLFGLLTTLILI	316.332	316.12	0.443059	0.379341	931.732
LLLYGLLYSLLFGLLTTLILI	LLLYGLLYSLLYGLLTTLILI	315.832	316.872	0.0912572	1.15198	927.683
LLLYGLLYSLLYGLLTTLILI	LLLGGLLYSLLYGLLTTLILI	316.316	316.834	0.595564	0.269472	923.422
LLLGGLLYSLLYGLLTTLILI	LLLGGLLYSLLTGLLTTLILI	316.944	316.811	0.379341	0.443059	918.939
LLLGGLLYSLLTGLLTTLILI	LLLGGLLYSLLTGLLTILILI	317.476	319.775	1.10811	0.098896	914.227
LLLGGLLYSLLTGLLTILILI	LLLYGLLYSLLTGLLTILILI	320.045	319.65	0.368877	0.454934	909.276
LLLYGLLYSLLTGLLTILILI	LLLYGLLYSLLFGLLTILILI	320.011	319.082	0.816184	0.171816	904.077
LLLYGLLYSLLFGLLTILILI	LLLYGLLYSLLFGLLTTLILI	319.053	316.653	0.142768	0.911943	898.621
LLLYGLLYSLLFGLLTTLILI	LLLYGLLYSLLFGLLTILILI	316.653	319.026	0.911943	0.142768	886.903
LLLYGLLYSLLFGLLTILILI	LLLYGLLYSLLFGLLTTLILI	319.026	316.653	0.142768	0.911943	880.623
LLLYGLLYSLLFGLLTTLILI	LLLYGLLYSLLYGLLTTLILI	315.832	316.872	0.0912572	1.15198	874.051
LLLYGLLYSLLYGLLTTLILI	LLLYGLLYSLLFGLLTTLILI	316.872	315.832	1.15198	0.0912572	867.179
LLLYGLLYSLLFGLLTTLILI	LLLYGLLYSLLTGLLTTLILI	315.86	316.879	0.119894	1.0043	859.999
LLLYGLLYSLLTGLLTTLILI	LLLYGLLYSLLFGLLTTLILI	316.879	315.86	1.0043	0.119894	844.686
LLLYGLLYSLLFGLLTTLILI	LLLYGLLYSLLFGLLTILILI	316.653	319.026	0.911943	0.142768	836.541
LLLYGLLYSLLFGLLTILILI	LLLYGLLTSLLFGLLTILILI	319.388	319.484	0.505042	0.328724	828.061
LLLYGLLTSLLFGLLTILILI	LLLYGLLTSLLFGLLTTLILI	319.254	316.902	0.098896	1.10811	819.243
LLLYGLLTSLLFGLLTTLILI	LLLTGLLTSLLFGLLTTLILI	315.965	316.588	0.171816	0.816184	810.083
LLLTGLLTSLLFGLLTTLILI	LLLTGLLTSLLYGLLTTLILI	316.012	315.767	0.240035	0.650378	800.577
LLLTGLLTSLLYGLLTTLILI	LLLGGLLTSLLYGLLTTLILI	315.708	315.988	0.591758	0.271676	780.523
LLLGGLLTSLLYGLLTTLILI	LLLGGLLYSLLYGLLTTLILI	316.16	317.319	0.443059	0.379341	759.081
LLLGGLLYSLLYGLLTTLILI	LLLGGLLYSLLFGLLTTLILI	317.893	316.351	0.952787	0.132101	747.845
LLLGGLLYSLLFGLLTTLILI	LLLYGLLYSLLFGLLTTLILI	316.587	316.1	0.368877	0.454934	736.272
LLLYGLLYSLLFGLLTTLILI	LLLYGLLTSLLFGLLTTLILI	316.024	316.21	0.379341	0.443059	724.369
LLLYGLLTSLLFGLLTTLILI	LLLGGLLTSLLFGLLTTLILI	316.037	316.752	0.270132	0.594419	712.142
LLLGGLLTSLLFGLLTTLILI	LLLGGLLYSLLFGLLTTLILI	316.851	316.315	0.693609	0.219549	699.602
LLLGGLLYSLLFGLLTTLILI	LLLGGLLTSLLFGLLTTLILI	316.315	316.947	0.219549	0.693609	686.76
LLLGGLLTSLLFGLLTTLILI	LLLGGLLYSLLFGLLTTLILI	316.947	316.342	0.693609	0.219549	673.628
LLLGGLLYSLLFGLLTTLILI	LLLYGLLYSLLFGLLTTLILI	316.492	316.073	0.368877	0.454934	646.557
LLLYGLLYSLLFGLLTTLILI	LLLYGLLTSLLFGLLTTLILI	315.997	316.333	0.379341	0.443059	632.651
LLLYGLLTSLLFGLLTTLILI	LLLYGLLTSLLYGLLTTLILI	316.022	316.303	0.132101	0.952787	618.524
LLLYGLLTSLLYGLLTTLILI	LLLGGLLTSLLYGLLTTLILI	315.806	316.085	0.454934	0.368877	604.196
LLLGGLLTSLLYGLLTTLILI	LLLGGLLTSLLFGLLTTLILI	316.367	316.493	0.650378	0.240035	589.688
LLLGGLLTSLLFGLLTTLILI	LLLTGLLTSLLFGLLTTLILI	316.525	316.241	0.271676	0.591758	575.025
LLLTGLLTSLLFGLLTTLILI	LLLYGLLTSLLFGLLTTLILI	316.465	315.938	0.816184	0.171816	560.23
LLLYGLLTSLLFGLLTTLILI	LLLYGLLYSLLFGLLTTLILI	316.21	315.997	0.443059	0.379341	515.312
LLLYGLLYSLLFGLLTTLILI	LLLYGLLTSLLFGLLTTLILI	315.997	316.237	0.379341	0.443059	500.25
LLLYGLLTSLLFGLLTTLILI	LLLYGLLYSLLFGLLTTLILI	316.237	315.997	0.443059	0.379341	485.188
LLLYGLLYSLLFGLLTTLILI	LLLYGLLTSLLFGLLTTLILI	315.997	316.21	0.379341	0.443059	470.152
LLLYGLLTSLLFGLLTTLILI	LLLYGLLYSLLFGLLTTLILI	316.21	316.12	0.443059	0.379341	455.171
LLLYGLLYSLLFGLLTTLILI	LLLGGLLYSLLFGLLTTLILI	316.196	316.588	0.454934	0.368877	440.27
LLLGGLLYSLLFGLLTTLILI	LLLYGLLYSLLFGLLTTLILI	316.588	316.196	0.368877	0.454934	425.475
LLLYGLLYSLLFGLLTTLILI	LLLYGLLTSLLFGLLTTLILI	316.12	316.332	0.379341	0.443059	410.812
LLLYGLLTSLLFGLLTTLILI	LLLYGLLYSLLFGLLTTLILI	316.332	316.024	0.443059	0.379341	396.304
LLLYGLLYSLLFGLLTTLILI	LLLGGLLYSLLFGLLTTLILI	316.1	316.465	0.454934	0.368877	381.976
LLLGGLLYSLLFGLLTTLILI	LLLYGLLYSLLFGLLTTLILI	316.465	316.073	0.368877	0.454934	367.849
LLLYGLLYSLLFGLLTTLILI	LLLYGLLTSLLFGLLTTLILI	315.997	316.21	0.379341	0.443059	353.943
LLLYGLLTSLLFGLLTTLILI	LLLYGLLYSLLFGLLTTLILI	316.21	315.997	0.443059	0.379341	340.278
LLLYGLLYSLLFGLLTTLILI	LLLYGLLTSLLFGLLTTLILI	315.997	316.332	0.379341	0.443059	264.228
LLLYGLLTSLLFGLLTTLILI	LLLTGLLTSLLFGLLTTLILI	316.061	316.465	0.171816	0.816184	252.655
LLLTGLLTSLLFGLLTTLILI	LLLTGLLTSLLYGLLTTLILI	315.889	315.892	0.240035	0.650378	241.419
LLLTGLLTSLLYGLLTTLILI	LLLYGLLTSLLYGLLTTLILI	315.78	315.53	0.538845	0.30482	230.526
LLLYGLLTSLLYGLLTTLILI	LLLGGLLTSLLYGLLTTLILI	315.68	315.96	0.454934	0.368877	219.977
LLLGGLLTSLLYGLLTTLILI	LLLGGLLYSLLYGLLTTLILI	316.034	317.198	0.443059	0.379341	209.776
LLLGGLLYSLLYGLLTTLILI	LLLGGLLTSLLYGLLTTLILI	317.198	316.16	0.379341	0.443059	199.923
LLLGGLLTSLLYGLLTTLILI	LLLTGLLTSLLYGLLTTLILI	315.988	315.708	0.271676	0.591758	190.417
LLLTGLLTSLLYGLLTTLILI	LLLGGLLTSLLYGLLTTLILI	315.708	315.863	0.591758	0.271676	181.257
LLLGGLLTSLLYGLLTTLILI	LLLYGLLTSLLYGLLTTLILI	315.96	315.806	0.368877	0.454934	172.439
LLLYGLLTSLLYGLLTTLILI	LLLTGLLTSLLYGLLTTLILI	315.655	315.655	0.30482	0.538845	163.959
LLLTGLLTSLLYGLLTTLILI	LLLTGLLTSLLFGLLTTLILI	315.767	315.889	0.650378	0.240035	140.501
LLLTGLLTSLLFGLLTTLILI	LLLYGLLTSLLFGLLTTLILI	316.465	315.965	0.816184	0.171816	133.321
LLLYGLLTSLLFGLLTTLILI	LLLYGLLYSLLFGLLTTLILI	316.237	316.024	0.443059	0.379341	119.877
LLLYGLLYSLLFGLLTTLILI	LLLGGLLYSLLFGLLTTLILI	316.1	316.465	0.454934	0.368877	107.601
LLLGGLLYSLLFGLLTTLILI	LLLYGLLYSLLFGLLTTLILI	316.465	316.073	0.368877	0.454934	96.4228
Time: 203s
