***STARTING GEOMETRY:***
xShift: 7.23507
crossingAngle: -36.0877
axialRotation: -45.7563
zShift: 4.63486

Number of MCCycles: 200
PrevSequence	CurrSequence	PrevEnergy	CurrEnergy	PrevEntropy	CurrEntropy	CurrentTemp
LLLYGLLTSLLFALLSTLILI	LLLYGLLTSLLFALLSILILI	657.162	212.412	0.911943	0.142768	999.847
LLLYGLLTSLLFALLSILILI	LLLGGLLTSLLFALLSILILI	212.639	212.573	0.369715	0.453966	999.684
LLLGGLLTSLLFALLSILILI	LLLYGLLTSLLFALLSILILI	212.573	212.745	0.453966	0.369715	999.512
LLLYGLLTSLLFALLSILILI	LLLYGLLYSLLFALLSILILI	212.562	213.075	0.186892	0.773553	999.328
LLLYGLLYSLLFALLSILILI	LLLYGLLYSLLFALLAILILI	212.944	215.296	0.642213	0.244161	999.134
LLLYGLLYSLLFALLAILILI	LLLYGLLYSLLFALLATLILI	215.309	211.709	0.257708	0.616541	998.928
LLLYGLLYSLLFALLATLILI	LLLYGLLYSLLFALLSTLILI	211.336	209.398	0.244161	0.642213	998.708
LLLYGLLYSLLFALLSTLILI	LLLYGLLYSLLFALLATLILI	209.398	211.336	0.642213	0.244161	998.476
LLLYGLLYSLLFALLATLILI	LLLYGLLTSLLFALLATLILI	211.597	212.084	0.505042	0.328724	998.229
LLLYGLLTSLLFALLATLILI	LLLYGLLTSLLFALLSTLILI	212	209.965	0.244161	0.642213	997.967
LLLYGLLTSLLFALLSTLILI	LLLYGLLTSLLFSLLSTLILI	209.416	210.837	0.0930288	1.14146	997.689
LLLYGLLTSLLFSLLSTLILI	LLLYGLLTSLLASLLSTLILI	210.228	213.581	0.532699	0.308996	997.394
LLLYGLLTSLLASLLSTLILI	LLLTGLLTSLLASLLSTLILI	213.492	213.328	0.219549	0.693609	997.081
LLLTGLLTSLLASLLSTLILI	LLLTGLLTSLLASLLSILILI	213.743	216.368	1.10811	0.098896	996.749
LLLTGLLTSLLASLLSILILI	LLLTGLLTSLLASLLAILILI	217.081	218.151	0.811492	0.173405	996.397
LLLTGLLTSLLASLLAILILI	LLLGGLLTSLLASLLAILILI	218.467	218.686	0.489954	0.34018	996.023
LLLGGLLTSLLASLLAILILI	LLLGGLLTSLLASLLSILILI	218.519	217.433	0.173405	0.811492	995.626
LLLGGLLTSLLASLLSILILI	LLLGGLLTSLLFSLLSILILI	216.931	215.453	0.308996	0.532699	995.205
LLLGGLLTSLLFSLLSILILI	LLLTGLLTSLLFSLLSILILI	215.261	215.063	0.34018	0.489954	994.758
LLLTGLLTSLLFSLLSILILI	LLLTGLLTSLLFALLSILILI	215.715	213.868	1.14146	0.0930288	994.285
LLLTGLLTSLLFALLSILILI	LLLTALLTSLLFALLSILILI	214.137	217.541	0.36136	0.463748	993.782
LLLTALLTSLLFALLSILILI	LLLTALLLSLLFALLSILILI	217.926	219.894	0.849143	0.161118	993.249
LLLTALLLSLLFALLSILILI	LLLTALLTSLLFALLSILILI	219.894	217.926	0.161118	0.849143	992.683
LLLTALLTSLLFALLSILILI	LLLGALLTSLLFALLSILILI	217.831	217.627	0.754313	0.194196	992.084
LLLGALLTSLLFALLSILILI	LLLTALLTSLLFALLSILILI	217.627	217.831	0.194196	0.754313	991.448
LLLTALLTSLLFALLSILILI	LLLTALLTSLLFALLSTLILI	217.176	214.546	0.098896	1.10811	990.773
LLLTALLTSLLFALLSTLILI	LLLTALLTSLLFALLATLILI	213.933	216.062	0.494608	0.336591	990.058
LLLTALLTSLLFALLATLILI	LLLTALLTSLLYALLATLILI	215.965	217.768	0.240035	0.650378	989.3
LLLTALLTSLLYALLATLILI	LLLTALLTSLLYALLSTLILI	217.454	215.673	0.336591	0.494608	988.496
LLLTALLTSLLYALLSTLILI	LLLTGLLTSLLYALLSTLILI	215.643	212.374	0.463748	0.36136	987.644
LLLTGLLTSLLYALLSTLILI	LLLGGLLTSLLYALLSTLILI	212.649	212.714	0.636769	0.246959	986.74
LLLGGLLTSLLYALLSTLILI	LLLGGLLTSLLYGLLSTLILI	212.574	213.729	0.107014	1.06535	985.783
LLLGGLLTSLLYGLLSTLILI	LLLGGLLTSLLYGLLTTLILI	212.943	205.971	0.279255	0.578967	984.769
LLLGGLLTSLLYGLLTTLILI	LLLGGLLTSLLYGLLTILILI	206.501	208.76	1.10811	0.098896	983.694
LLLGGLLTSLLYGLLTILILI	LLLTGLLTSLLYGLLTILILI	209.002	208.703	0.34018	0.489954	982.555
LLLTGLLTSLLYGLLTILILI	LLLTGLLTSLLFGLLTILILI	208.863	208.559	0.650378	0.240035	981.348
LLLTGLLTSLLFGLLTILILI	LLLTGLLTSLLFGLLTTLILI	208.395	206.319	0.0756774	1.2552	980.071
LLLTGLLTSLLFGLLTTLILI	LLLTGLLTSLLYGLLTTLILI	205.304	205.458	0.240035	0.650378	978.717
LLLTGLLTSLLYGLLTTLILI	LLLGGLLTSLLYGLLTTLILI	205.4	205.664	0.591758	0.271676	977.285
LLLGGLLTSLLYGLLTTLILI	LLLGALLTSLLYGLLTTLILI	206.458	208.679	1.06535	0.107014	975.768
LLLGALLTSLLYGLLTTLILI	LLLGGLLTSLLYGLLTTLILI	208.679	206.458	0.107014	1.06535	974.162
LLLGGLLTSLLYGLLTTLILI	LLLGGLLTSLLFGLLTTLILI	206.043	205.647	0.650378	0.240035	972.463
LLLGGLLTSLLFGLLTTLILI	LLLTGLLTSLLFGLLTTLILI	205.678	205.656	0.271676	0.591758	970.666
LLLTGLLTSLLFGLLTTLILI	LLLYGLLTSLLFGLLTTLILI	205.88	205.771	0.816184	0.171816	968.764
LLLYGLLTSLLFGLLTTLILI	LLLYGLLYSLLFGLLTTLILI	206.042	205.776	0.443059	0.379341	966.754
LLLYGLLYSLLFGLLTTLILI	LLLGGLLYSLLFGLLTTLILI	205.852	205.647	0.454934	0.368877	964.627
LLLGGLLYSLLFGLLTTLILI	LLLGGLLTSLLFGLLTTLILI	205.498	206.207	0.219549	0.693609	960.005
LLLGGLLTSLLFGLLTTLILI	LLLGGLLTSLLYGLLTTLILI	205.754	206.043	0.240035	0.650378	957.496
LLLGGLLTSLLYGLLTTLILI	LLLGGLLTSLLYGLLTILILI	206.501	208.697	1.10811	0.098896	954.846
LLLGGLLTSLLYGLLTILILI	LLLGGLLTSLLYGLLTTLILI	208.697	206.585	0.098896	1.10811	952.048
LLLGGLLTSLLYGLLTTLILI	LLLTGLLTSLLYGLLTTLILI	205.749	205.295	0.271676	0.591758	949.095
LLLTGLLTSLLYGLLTTLILI	LLLTGLLTSLLFGLLTTLILI	205.354	205.22	0.650378	0.240035	945.979
LLLTGLLTSLLFGLLTTLILI	LLLTALLTSLLFGLLTTLILI	205.852	208.39	0.872342	0.154044	942.693
LLLTALLTSLLFGLLTTLILI	LLLTGLLTSLLFGLLTTLILI	208.39	205.852	0.154044	0.872342	939.229
LLLTGLLTSLLFGLLTTLILI	LLLTGLLTSLLYGLLTTLILI	205.22	205.594	0.240035	0.650378	935.578
LLLTGLLTSLLYGLLTTLILI	LLLTGLLTSLLFGLLTTLILI	205.594	205.303	0.650378	0.240035	931.732
LLLTGLLTSLLFGLLTTLILI	LLLTGLLTSLLFGLLYTLILI	205.879	210.214	0.816184	0.171816	927.683
LLLTGLLTSLLFGLLYTLILI	LLLTGLLTSLLFGLLTTLILI	210.214	205.879	0.171816	0.816184	923.422
LLLTGLLTSLLFGLLTTLILI	LLLTGLLTSLLYGLLTTLILI	205.303	205.594	0.240035	0.650378	918.939
LLLTGLLTSLLYGLLTTLILI	LLLTGLLTSLLFGLLTTLILI	205.594	205.482	0.650378	0.240035	914.227
LLLTGLLTSLLFGLLTTLILI	LLLTGLLLSLLFGLLTTLILI	206.427	208.54	1.18439	0.0860236	909.276
LLLTGLLLSLLFGLLTTLILI	LLLTGLLLSLLFGLLTILILI	209.562	211.784	1.10811	0.098896	904.077
LLLTGLLLSLLFGLLTILILI	LLLTGLLTSLLFGLLTILILI	211.798	209.361	0.112128	1.04019	898.621
LLLTGLLTSLLFGLLTILILI	LLLGGLLTSLLFGLLTILILI	208.81	209.11	0.489954	0.34018	892.899
LLLGGLLTSLLFGLLTILILI	LLLTGLLTSLLFGLLTILILI	209.11	208.809	0.34018	0.489954	886.903
LLLTGLLTSLLFGLLTILILI	LLLTALLTSLLFGLLTILILI	209.191	211.562	0.872342	0.154044	880.623
LLLTALLTSLLFGLLTILILI	LLLTGLLTSLLFGLLTILILI	211.562	209.083	0.154044	0.872342	874.051
LLLTGLLTSLLFGLLTILILI	LLLTGLLTSLLYGLLTILILI	208.451	208.949	0.240035	0.650378	867.179
LLLTGLLTSLLYGLLTILILI	LLLGGLLTSLLYGLLTILILI	208.788	209.002	0.489954	0.34018	859.999
LLLGGLLTSLLYGLLTILILI	LLLGGLLTSLLYGLLTTLILI	208.76	206.752	0.098896	1.10811	852.504
LLLGGLLTSLLYGLLTTLILI	LLLGGLLTSLLFGLLTTLILI	206.294	205.647	0.650378	0.240035	844.686
LLLGGLLTSLLFGLLTTLILI	LLLGGLLTSLLFGLLTILILI	206.515	208.87	1.10811	0.098896	836.541
LLLGGLLTSLLFGLLTILILI	LLLGGLLTSLLYGLLTILILI	209.011	209.248	0.240035	0.650378	828.061
LLLGGLLTSLLYGLLTILILI	LLLGGLLTSLLYGLLTTLILI	208.697	206.501	0.098896	1.10811	819.243
LLLGGLLTSLLYGLLTTLILI	LLLGGLLTSLLFGLLTTLILI	206.043	205.755	0.650378	0.240035	810.083
LLLGGLLTSLLFGLLTTLILI	LLLTGLLTSLLFGLLTTLILI	205.787	205.547	0.271676	0.591758	800.577
LLLTGLLTSLLFGLLTTLILI	LLLGGLLTSLLFGLLTTLILI	205.547	205.678	0.591758	0.271676	790.724
LLLGGLLTSLLFGLLTTLILI	LLLGGLLTSLLYGLLTTLILI	205.647	206.313	0.240035	0.650378	780.523
LLLGGLLTSLLYGLLTTLILI	LLLYGLLTSLLYGLLTTLILI	206.032	206.036	0.368877	0.454934	769.974
LLLYGLLTSLLYGLLTTLILI	LLLYGLLTSLLFGLLTTLILI	206.534	205.731	0.952787	0.132101	759.081
LLLYGLLTSLLFGLLTTLILI	LLLYGLLYSLLFGLLTTLILI	206.042	205.692	0.443059	0.379341	747.845
LLLYGLLYSLLFGLLTTLILI	LLLYGLLTSLLFGLLTTLILI	205.692	206.066	0.379341	0.443059	736.272
LLLYGLLTSLLFGLLTTLILI	LLLYGLLTSLLYGLLTTLILI	205.755	206.534	0.132101	0.952787	724.369
LLLYGLLTSLLYGLLTTLILI	LLLYGLLYSLLYGLLTTLILI	205.91	206.478	0.328724	0.505042	712.142
LLLYGLLYSLLYGLLTTLILI	LLLGGLLYSLLYGLLTTLILI	206.569	206.045	0.595564	0.269472	699.602
LLLGGLLYSLLYGLLTTLILI	LLLGGLLTSLLYGLLTTLILI	206.155	205.99	0.379341	0.443059	686.76
LLLGGLLTSLLYGLLTTLILI	LLLTGLLTSLLYGLLTTLILI	205.819	205.62	0.271676	0.591758	673.628
LLLTGLLTSLLYGLLTTLILI	LLLTGLLTSLLFGLLTTLILI	205.679	205.196	0.650378	0.240035	660.222
LLLTGLLTSLLFGLLTTLILI	LLLTGLLTSLLYGLLTTLILI	205.196	205.35	0.240035	0.650378	632.651
LLLTGLLTSLLYGLLTTLILI	LLLGGLLTSLLYGLLTTLILI	205.292	205.819	0.591758	0.271676	618.524
LLLGGLLTSLLYGLLTTLILI	LLLGGLLYSLLYGLLTTLILI	205.99	205.911	0.443059	0.379341	604.196
LLLGGLLYSLLYGLLTTLILI	LLLGGLLYSLLFGLLTTLILI	206.485	205.327	0.952787	0.132101	589.688
LLLGGLLYSLLFGLLTTLILI	LLLYGLLYSLLFGLLTTLILI	205.564	205.743	0.368877	0.454934	575.025
LLLYGLLYSLLFGLLTTLILI	LLLYGLLTSLLFGLLTTLILI	205.668	206.042	0.379341	0.443059	545.329
LLLYGLLTSLLFGLLTTLILI	LLLTGLLTSLLFGLLTTLILI	205.771	205.772	0.171816	0.816184	530.348
LLLTGLLTSLLFGLLTTLILI	LLLTGLLYSLLFGLLTTLILI	205.772	208.469	0.816184	0.171816	515.312
LLLTGLLYSLLFGLLTTLILI	LLLTGLLYSLLTGLLTTLILI	208.389	209.358	0.0921195	1.14683	500.25
LLLTGLLYSLLTGLLTTLILI	LLLGGLLYSLLTGLLTTLILI	208.803	205.795	0.591758	0.271676	485.188
LLLGGLLYSLLTGLLTTLILI	LLLYGLLYSLLTGLLTTLILI	205.893	206.186	0.368877	0.454934	440.27
LLLYGLLYSLLTGLLTTLILI	LLLYGLLYSLLFGLLTTLILI	206.735	205.408	1.0043	0.119894	425.475
LLLYGLLYSLLFGLLTTLILI	LLLYGLLTSLLFGLLTTLILI	205.668	206.066	0.379341	0.443059	410.812
LLLYGLLTSLLFGLLTTLILI	LLLTGLLTSLLFGLLTTLILI	205.795	205.796	0.171816	0.816184	396.304
LLLTGLLTSLLFGLLTTLILI	LLLGGLLTSLLFGLLTTLILI	205.571	205.702	0.591758	0.271676	381.976
LLLGGLLTSLLFGLLTTLILI	LLLGGLLYSLLFGLLTTLILI	206.124	205.623	0.693609	0.219549	367.849
LLLGGLLYSLLFGLLTTLILI	LLLYGLLYSLLFGLLTTLILI	205.772	205.85	0.368877	0.454934	353.943
LLLYGLLYSLLFGLLTTLILI	LLLYGLLYSLLTGLLTTLILI	205.515	206.647	0.119894	1.0043	326.872
LLLYGLLYSLLTGLLTTLILI	LLLGGLLYSLLTGLLTTLILI	206.097	205.893	0.454934	0.368877	313.74
LLLGGLLYSLLTGLLTTLILI	LLLGGLLYSLLFGLLTTLILI	206.528	205.398	1.0043	0.119894	288.358
LLLGGLLYSLLFGLLTTLILI	LLLYGLLYSLLFGLLTTLILI	205.647	205.743	0.368877	0.454934	276.131
LLLYGLLYSLLFGLLTTLILI	LLLGGLLYSLLFGLLTTLILI	205.743	205.54	0.454934	0.368877	264.228
LLLGGLLYSLLFGLLTTLILI	LLLGGLLYSLLTGLLTTLILI	205.291	206.528	0.119894	1.0043	252.655
LLLGGLLYSLLTGLLTTLILI	LLLYGLLYSLLTGLLTTLILI	205.893	206.097	0.368877	0.454934	241.419
LLLYGLLYSLLTGLLTTLILI	LLLGGLLYSLLTGLLTTLILI	206.097	205.898	0.454934	0.368877	230.526
LLLGGLLYSLLTGLLTTLILI	LLLGGLLYSLLFGLLTTLILI	206.533	205.398	1.0043	0.119894	219.977
LLLGGLLYSLLFGLLTTLILI	LLLGGLLTSLLFGLLTTLILI	205.498	206.208	0.219549	0.693609	199.923
LLLGGLLTSLLFGLLTTLILI	LLLGGLLYSLLFGLLTTLILI	206.208	205.415	0.693609	0.219549	190.417
LLLGGLLYSLLFGLLTTLILI	LLLYGLLYSLLFGLLTTLILI	205.564	205.743	0.368877	0.454934	181.257
LLLYGLLYSLLFGLLTTLILI	LLLGGLLYSLLFGLLTTLILI	205.743	205.647	0.454934	0.368877	172.439
LLLGGLLYSLLFGLLTTLILI	LLLYGLLYSLLFGLLTTLILI	205.647	206.123	0.368877	0.454934	119.877
LLLYGLLYSLLFGLLTTLILI	LLLGGLLYSLLFGLLTTLILI	206.123	205.54	0.454934	0.368877	113.597
LLLGGLLYSLLFGLLTTLILI	LLLYGLLYSLLFGLLTTLILI	205.54	205.743	0.368877	0.454934	91.2238
LLLYGLLYSLLFGLLTTLILI	LLLYGLLTSLLFGLLTTLILI	205.668	206.042	0.379341	0.443059	81.5606
LLLYGLLTSLLFGLLTTLILI	LLLYGLLYSLLFGLLTTLILI	206.042	205.775	0.443059	0.379341	77.0783
LLLYGLLYSLLFGLLTTLILI	LLLGGLLYSLLFGLLTTLILI	205.85	205.772	0.454934	0.368877	68.7677
LLLGGLLYSLLFGLLTTLILI	LLLYGLLYSLLFGLLTTLILI	205.772	205.743	0.368877	0.454934	64.9219
LLLYGLLYSLLFGLLTTLILI	LLLGGLLYSLLFGLLTTLILI	205.743	205.54	0.454934	0.368877	57.8066
Time: 159s
