***STARTING GEOMETRY:***
xShift: 9.20918
crossingAngle: 26.5906
axialRotation: 48.5119
zShift: 3.48059

Number of MCCycles: 100
PrevSequence	CurrSequence	PrevEnergy	CurrEnergy	PrevEntropy	CurrEntropy	CurrentTemp
LLLVFLLALLTTLTTLLLILI	LLLVFLLALLYTLTTLLLILI	99.2375	90.7548	0.816184	0.171816	999.684
LLLVFLLALLYTLTTLLLILI	LLLYFLLALLYTLTTLLLILI	90.6882	89.9133	0.105187	1.07465	999.328
LLLYFLLALLYTLTTLLLILI	LLLYFLLGLLYTLTTLLLILI	89.1149	90.0538	0.276169	0.584123	998.928
LLLYFLLGLLYTLTTLLLILI	LLLYFLLALLYTLTTLLLILI	90.0538	89.5554	0.584123	0.276169	998.476
LLLYFLLALLYTLTTLLLILI	LLLYFLLGLLYTLTTLLLILI	89.5554	90.0895	0.276169	0.584123	997.967
LLLYFLLGLLYTLTTLLLILI	LLLWFLLGLLYTLTTLLLILI	89.9565	90.3546	0.451187	0.372136	997.394
LLLWFLLGLLYTLTTLLLILI	LLLWFLLSLLYTLTTLLLILI	90.3495	89.9787	0.367007	0.457104	996.749
LLLWFLLSLLYTLTTLLLILI	LLLWVLLSLLYTLTTLLLILI	90.011	83.4939	0.489394	0.340616	996.023
LLLWVLLSLLYTLTTLLLILI	LLLWVLLALLYTLTTLLLILI	83.7955	84.6826	0.642213	0.244161	995.205
LLLWVLLALLYTLTTLLLILI	LLLWVLLSLLYTLTTLLLILI	84.6826	83.7777	0.244161	0.642213	994.285
LLLWVLLSLLYTLTTLLLILI	LLLWVLLSLLYTLTWLLLILI	83.427	86.2081	0.291546	0.559121	992.084
LLLWVLLSLLYTLTWLLLILI	LLLWVLLALLYTLTWLLLILI	86.2911	87.7921	0.642213	0.244161	990.773
LLLWVLLALLYTLTWLLLILI	LLLWVLLALLYTLTTLLLILI	88.1071	84.7121	0.559121	0.291546	989.3
LLLWVLLALLYTLTTLLLILI	LLLFVLLALLYTLTTLLLILI	85.311	87.292	0.890414	0.148778	985.783
LLLFVLLALLYTLTTLLLILI	LLLWVLLALLYTLTTLLLILI	87.292	85.311	0.148778	0.890414	983.694
LLLWVLLALLYTLTTLLLILI	LLLWVLLALLYTLVTLLLILI	85.2208	88.1424	0.800152	0.177314	981.348
LLLWVLLALLYTLVTLLLILI	LLLWVLLSLLYTLVTLLLILI	88.2093	87.322	0.244161	0.642213	972.463
LLLWVLLSLLYTLVTLLLILI	LLLWVLLSLLYTLTTLLLILI	86.8571	83.9178	0.177314	0.800152	968.764
LLLWVLLSLLYTLTTLLLILI	LLLWVLLSLLYVLTTLLLILI	83.9178	87.9117	0.800152	0.177314	964.627
LLLWVLLSLLYVLTTLLLILI	LLLWVLLALLYVLTTLLLILI	88.3766	89.2962	0.642213	0.244161	960.005
LLLWVLLALLYVLTTLLLILI	LLLWVLLSLLYVLTTLLLILI	89.2962	88.3766	0.244161	0.642213	954.846
LLLWVLLSLLYVLTTLLLILI	LLLWILLSLLYVLTTLLLILI	88.3689	91.7155	0.634506	0.248134	949.095
LLLWILLSLLYVLTTLLLILI	LLLWILLSLLYVLTFLLLILI	92.2836	95.0971	0.816184	0.171816	942.693
LLLWILLSLLYVLTFLLLILI	LLLWVLLSLLYVLTFLLLILI	95.1734	91.544	0.248134	0.634506	935.578
LLLWVLLSLLYVLTFLLLILI	LLLWVLLSLLYVLTTLLLILI	91.0813	88.5506	0.171816	0.816184	927.683
LLLWVLLSLLYVLTTLLLILI	LLLWVLLSLLYTLTTLLLILI	87.9117	83.9535	0.177314	0.800152	918.939
LLLWVLLSLLYTLTTLLLILI	LLLWVLLALLYTLTTLLLILI	83.7955	84.6648	0.642213	0.244161	909.276
LLLWVLLALLYTLTTLLLILI	LLLWVLLALLYTLVTLLLILI	85.2208	88.1424	0.800152	0.177314	898.621
LLLWVLLALLYTLVTLLLILI	LLLWVLLALLYTLVSLLLILI	88.6559	92.5896	0.690823	0.220804	886.903
LLLWVLLALLYTLVSLLLILI	LLLWVLLSLLYTLVSLLLILI	92.5034	92.0262	0.13458	0.942975	874.051
LLLWVLLSLLYTLVSLLLILI	LLLWVLLSLLYTLTSLLLILI	91.3326	88.0597	0.249358	0.632162	859.999
LLLWVLLSLLYTLTSLLLILI	LLLWVLLALLYTLTSLLLILI	88.3705	89.2237	0.942975	0.13458	844.686
LLLWVLLALLYTLTSLLLILI	LLLWVLLSLLYTLTSLLLILI	89.2237	88.3705	0.13458	0.942975	828.061
LLLWVLLSLLYTLTSLLLILI	LLLWVLLALLYTLTSLLLILI	88.3705	88.8475	0.942975	0.13458	810.083
LLLWVLLALLYTLTSLLLILI	LLLWVLLALLYTLTTLLLILI	88.8689	85.2866	0.155943	0.865998	790.724
LLLWVLLALLYTLTTLLLILI	LLLWVLLSLLYTLTTLLLILI	84.6647	84.1361	0.244161	0.642213	769.974
LLLWVLLSLLYTLTTLLLILI	LLLWVLLALLYTLTTLLLILI	84.1361	84.6647	0.642213	0.244161	747.845
LLLWVLLALLYTLTTLLLILI	LLLWVLLALLYTLTWLLLILI	84.7121	87.778	0.291546	0.559121	724.369
LLLWVLLALLYTLTWLLLILI	LLLWVLLALLYTLTTLLLILI	87.778	84.73	0.559121	0.291546	699.602
LLLWVLLALLYTLTTLLLILI	LLLFVLLALLYTLTTLLLILI	85.3288	87.3098	0.890414	0.148778	673.628
LLLFVLLALLYTLTTLLLILI	LLLWVLLALLYTLTTLLLILI	87.3098	85.2932	0.148778	0.890414	646.557
LLLWVLLALLYTLTTLLLILI	LLLWVLLSLLYTLTTLLLILI	84.6469	83.7955	0.244161	0.642213	618.524
LLLWVLLSLLYTLTTLLLILI	LLLWVLLALLYTLTTLLLILI	83.7955	85.041	0.642213	0.244161	470.152
LLLWVLLALLYTLTTLLLILI	LLLWVLLALLFTLTTLLLILI	85.4472	87.7933	0.650378	0.240035	440.27
LLLWVLLALLFTLTTLLLILI	LLLWVLLALLYTLTTLLLILI	87.7933	85.0888	0.240035	0.650378	410.812
LLLWVLLALLYTLTTLLLILI	LLLWVLLSLLYTLTTLLLILI	84.6826	83.7955	0.244161	0.642213	381.976
LLLWVLLSLLYTLTTLLLILI	LLLWVLLALLYTLTTLLLILI	83.7955	84.6648	0.642213	0.244161	353.943
LLLWVLLALLYTLTTLLLILI	LLLWVLLSLLYTLTTLLLILI	84.6648	83.7777	0.244161	0.642213	326.872
LLLWVLLSLLYTLTTLLLILI	LLLWVLLALLYTLTTLLLILI	83.7777	84.6647	0.642213	0.244161	230.526
LLLWVLLALLYTLTTLLLILI	LLLWVLLSLLYTLTTLLLILI	84.6647	83.7955	0.244161	0.642213	190.417
Time: 118s
