***STARTING GEOMETRY:***
xShift: 6.43411
crossingAngle: -43.4417
axialRotation: 6.15087
zShift: 5.04005

Number of MCCycles: 100
PrevSequence	CurrSequence	PrevEnergy	CurrEnergy	PrevEntropy	CurrEntropy	CurrentTemp
LLLLLLGTLLGTLLATLLILI	LLLILLGTLLGTLLATLLILI	-30.8953	-32.825	0.592457	0.27127	999.684
LLLILLGTLLGTLLATLLILI	LLLILLGTLLGYLLATLLILI	-32.5575	-34.4813	0.538845	0.30482	999.328
LLLILLGTLLGYLLATLLILI	LLLILLGTLLGYLLSTLLILI	-34.542	-34.1059	0.244161	0.642213	998.928
LLLILLGTLLGYLLSTLLILI	LLLILLGTLLGYLLATLLILI	-34.1059	-34.542	0.642213	0.244161	998.476
LLLILLGTLLGYLLATLLILI	LLLILLGTLLGYLLSTLLILI	-34.542	-34.1059	0.244161	0.642213	997.967
LLLILLGTLLGYLLSTLLILI	LLLLLLGTLLGYLLSTLLILI	-34.4768	-35.4996	0.27127	0.592457	997.394
LLLLLLGTLLGYLLSTLLILI	LLLLLLGTLLGYLLATLLILI	-35.4498	-35.8859	0.642213	0.244161	996.749
LLLLLLGTLLGYLLATLLILI	LLLLLLGTLLGYLLAVLLILI	-35.7197	-31.9239	0.410343	0.410343	996.023
LLLLLLGTLLGYLLAVLLILI	LLLLLLGTLLGYLLATLLILI	-31.9239	-35.7197	0.410343	0.410343	995.205
LLLLLLGTLLGYLLATLLILI	LLLLLLGTLLGYLLSTLLILI	-35.8859	-35.4498	0.244161	0.642213	994.285
LLLLLLGTLLGYLLSTLLILI	LLLLLLGTLLGYLLATLLILI	-35.4498	-35.8859	0.642213	0.244161	993.249
LLLLLLGTLLGYLLATLLILI	LLLLLLGTLLGYLLSTLLILI	-35.8859	-35.4498	0.244161	0.642213	992.084
LLLLLLGTLLGYLLSTLLILI	LLLLLLGTLLGWLLSTLLILI	-35.8245	-34.2138	0.267575	0.598868	990.773
LLLLLLGTLLGWLLSTLLILI	LLLLLLGTLLGWLLATLLILI	-34.1704	-34.1953	0.642213	0.244161	989.3
LLLLLLGTLLGWLLATLLILI	LLLLLLGTLLGYLLATLLILI	-33.8406	-35.8625	0.598868	0.267575	987.644
LLLLLLGTLLGYLLATLLILI	LLLVLLGTLLGYLLATLLILI	-35.5224	-34.5226	0.607728	0.262571	985.783
LLLVLLGTLLGYLLATLLILI	LLLVLLGTLLGYLLSTLLILI	-34.541	-34.1049	0.244161	0.642213	983.694
LLLVLLGTLLGYLLSTLLILI	LLLVLLGTLLGYLLATLLILI	-34.1049	-34.541	0.642213	0.244161	981.348
LLLVLLGTLLGYLLATLLILI	LLLVLLGTLLGTLLATLLILI	-34.4803	-32.5154	0.30482	0.538845	978.717
LLLVLLGTLLGTLLATLLILI	LLLLLLGTLLGTLLATLLILI	-32.7917	-33.7629	0.262571	0.607728	975.768
LLLLLLGTLLGTLLATLLILI	LLLLLLGTLLGYLLATLLILI	-33.8318	-35.8253	0.538845	0.30482	972.463
LLLLLLGTLLGYLLATLLILI	LLLVLLGTLLGYLLATLLILI	-35.5224	-34.5226	0.607728	0.262571	968.764
LLLVLLGTLLGYLLATLLILI	LLLVLLGTLLGTLLATLLILI	-34.4803	-32.5154	0.30482	0.538845	964.627
LLLVLLGTLLGTLLATLLILI	LLLVLLGTLLGTLLSTLLILI	-32.8101	-32.0902	0.244161	0.642213	960.005
LLLVLLGTLLGTLLSTLLILI	LLLVLLGTLLGYLLSTLLILI	-32.1936	-34.4423	0.538845	0.30482	954.846
LLLVLLGTLLGYLLSTLLILI	LLLLLLGTLLGYLLSTLLILI	-34.4845	-35.4843	0.262571	0.607728	949.095
LLLLLLGTLLGYLLSTLLILI	LLLLLLGTLLGYLLATLLILI	-35.4498	-35.8859	0.642213	0.244161	942.693
LLLLLLGTLLGYLLATLLILI	LLLLLLGTLLGTLLATLLILI	-35.8253	-33.8318	0.30482	0.538845	935.578
LLLLLLGTLLGTLLATLLILI	LLLLLLGTLLGYLLATLLILI	-33.8318	-35.8253	0.538845	0.30482	927.683
LLLLLLGTLLGYLLATLLILI	LLLLLLGTLLGYLLSTLLILI	-35.8859	-35.4498	0.244161	0.642213	918.939
LLLLLLGTLLGYLLSTLLILI	LLLLLLGTLLGWLLSTLLILI	-35.8245	-33.9543	0.267575	0.598868	909.276
LLLLLLGTLLGWLLSTLLILI	LLLLLLGTLLGYLLSTLLILI	-33.9543	-35.8245	0.598868	0.267575	898.621
LLLLLLGTLLGYLLSTLLILI	LLLLLLGTLLGYLLATLLILI	-35.4498	-35.8859	0.642213	0.244161	886.903
LLLLLLGTLLGYLLATLLILI	LLLLLLGTLLGYLLSTLLILI	-35.8859	-35.4498	0.244161	0.642213	844.686
LLLLLLGTLLGYLLSTLLILI	LLLVLLGTLLGYLLSTLLILI	-35.4843	-34.4845	0.607728	0.262571	828.061
LLLVLLGTLLGYLLSTLLILI	LLLLLLGTLLGYLLSTLLILI	-34.4845	-35.4843	0.262571	0.607728	790.724
LLLLLLGTLLGYLLSTLLILI	LLLLLLGTLLGYLLATLLILI	-35.4498	-35.8859	0.642213	0.244161	769.974
LLLLLLGTLLGYLLATLLILI	LLLVLLGTLLGYLLATLLILI	-35.5224	-34.5226	0.607728	0.262571	747.845
LLLVLLGTLLGYLLATLLILI	LLLVLLGTLLGYLLSTLLILI	-34.541	-34.1049	0.244161	0.642213	724.369
LLLVLLGTLLGYLLSTLLILI	LLLVLLGTLLGYLLATLLILI	-34.1049	-34.541	0.642213	0.244161	699.602
LLLVLLGTLLGYLLATLLILI	LLLLLLGTLLGYLLATLLILI	-34.5226	-35.5224	0.262571	0.607728	673.628
LLLLLLGTLLGYLLATLLILI	LLLLLLGTLLGYLLSTLLILI	-35.8859	-35.4498	0.244161	0.642213	646.557
LLLLLLGTLLGYLLSTLLILI	LLLVLLGTLLGYLLSTLLILI	-35.4843	-34.4845	0.607728	0.262571	618.524
LLLVLLGTLLGYLLSTLLILI	LLLVLLGTLLGYLLATLLILI	-34.1049	-34.541	0.642213	0.244161	589.688
LLLVLLGTLLGYLLATLLILI	LLLVLLGTLLGYLLSTLLILI	-34.541	-34.1049	0.244161	0.642213	560.23
LLLVLLGTLLGYLLSTLLILI	LLLVLLGTLLGYLLATLLILI	-34.1049	-34.541	0.642213	0.244161	530.348
LLLVLLGTLLGYLLATLLILI	LLLLLLGTLLGYLLATLLILI	-34.5226	-35.5224	0.262571	0.607728	500.25
LLLLLLGTLLGYLLATLLILI	LLLLLLGTLLGYLLSTLLILI	-35.8859	-35.4498	0.244161	0.642213	440.27
LLLLLLGTLLGYLLSTLLILI	LLLVLLGTLLGYLLSTLLILI	-35.4843	-34.4845	0.607728	0.262571	381.976
LLLVLLGTLLGYLLSTLLILI	LLLLLLGTLLGYLLSTLLILI	-34.4845	-35.4843	0.262571	0.607728	353.943
LLLLLLGTLLGYLLSTLLILI	LLLLLLGTLLGYLLATLLILI	-35.4498	-35.8859	0.642213	0.244161	326.872
LLLLLLGTLLGYLLATLLILI	LLLLLLGTLLGYLLSTLLILI	-35.8859	-35.4498	0.244161	0.642213	230.526
LLLLLLGTLLGYLLSTLLILI	LLLLLLGTLLGYLLATLLILI	-35.4498	-35.8859	0.642213	0.244161	190.417
Time: 89s
