MCAccept 0 xShift: 6.78847 crossingAngle: -41.26 axialRotation: -70.51 zShift: 4.42 energy: -19.5965
MCAccept 1 xShift: 6.78847 crossingAngle: -41.3654 axialRotation: -70.51 zShift: 4.42 energy: -21.2071
MCReject   xShift: 6.78847 crossingAngle: -41.7431 axialRotation: -70.51 zShift: 4.42 energy: -19.0671
MCReject   xShift: 6.78847 crossingAngle: -41.3688 axialRotation: -70.51 zShift: 4.42 energy: -19.4886
MCAccept 2 xShift: 6.78847 crossingAngle: -41.3654 axialRotation: -70.51 zShift: 4.4116 energy: -22.3591
MCReject   xShift: 6.78847 crossingAngle: -41.3877 axialRotation: -70.51 zShift: 4.4116 energy: -21.7643
MCAccept 3 xShift: 6.77877 crossingAngle: -41.3654 axialRotation: -70.51 zShift: 4.4116 energy: -22.4132
MCReject   xShift: 6.77877 crossingAngle: -41.4763 axialRotation: -70.51 zShift: 4.4116 energy: 24.818
MCAccept 4 xShift: 6.77877 crossingAngle: -41.3884 axialRotation: -70.51 zShift: 4.4116 energy: -22.3591
MCReject   xShift: 6.77709 crossingAngle: -41.3884 axialRotation: -70.51 zShift: 4.4116 energy: -21.2281
MCAccept 5 xShift: 6.77877 crossingAngle: -41.3884 axialRotation: -70.51 zShift: 4.39963 energy: -22.4043
MCReject   xShift: 6.77877 crossingAngle: -41.2935 axialRotation: -70.51 zShift: 4.39963 energy: -21.7593
MCReject   xShift: 6.77877 crossingAngle: -41.3884 axialRotation: -70.51 zShift: 4.4005 energy: 23.1177
MCReject   xShift: 6.76822 crossingAngle: -41.3884 axialRotation: -70.51 zShift: 4.39963 energy: 22.9923
MCAccept 6 xShift: 6.77877 crossingAngle: -41.2133 axialRotation: -70.51 zShift: 4.39963 energy: -22.3501
MCAccept 7 xShift: 6.77877 crossingAngle: -41.1971 axialRotation: -70.51 zShift: 4.39963 energy: -22.3501
MCReject   xShift: 6.77877 crossingAngle: -41.1136 axialRotation: -70.51 zShift: 4.39963 energy: -21.7593
MCReject   xShift: 6.77075 crossingAngle: -41.1971 axialRotation: -70.51 zShift: 4.39963 energy: -21.6388
MCReject   xShift: 6.78107 crossingAngle: -41.1971 axialRotation: -70.51 zShift: 4.39963 energy: -21.7593
MCAccept 8 xShift: 6.77877 crossingAngle: -41.1971 axialRotation: -70.5616 zShift: 4.39963 energy: -22.3361
MCAccept 9 xShift: 6.77877 crossingAngle: -41.0279 axialRotation: -70.5616 zShift: 4.39963 energy: -22.4043
MCAccept 10 xShift: 6.77877 crossingAngle: -41.0279 axialRotation: -70.8283 zShift: 4.39963 energy: -22.4043
MCReject   xShift: 6.77877 crossingAngle: -41.0279 axialRotation: -70.8233 zShift: 4.39963 energy: -21.6388
MCReject   xShift: 6.78484 crossingAngle: -41.0279 axialRotation: -70.8283 zShift: 4.39963 energy: -21.7708
MCAccept 11 xShift: 6.78352 crossingAngle: -41.0279 axialRotation: -70.8283 zShift: 4.39963 energy: -22.3361
MCReject   xShift: 6.80006 crossingAngle: -41.0279 axialRotation: -70.8283 zShift: 4.39963 energy: -21.6546
MCReject   xShift: 6.78849 crossingAngle: -41.0279 axialRotation: -70.8283 zShift: 4.39963 energy: -21.7708
MCAccept 12 xShift: 6.78352 crossingAngle: -41.0279 axialRotation: -70.837 zShift: 4.39963 energy: -22.4043
MCReject   xShift: 6.79622 crossingAngle: -41.0279 axialRotation: -70.837 zShift: 4.39963 energy: -21.6388
MCAccept 13 xShift: 6.78352 crossingAngle: -41.0279 axialRotation: -70.837 zShift: 4.3903 energy: -22.3856
MCAccept 14 xShift: 6.78352 crossingAngle: -41.0279 axialRotation: -70.9528 zShift: 4.3903 energy: -22.3856
MCAccept 15 xShift: 6.78352 crossingAngle: -40.7683 axialRotation: -70.9528 zShift: 4.3903 energy: -22.3856
MCReject   xShift: 6.78399 crossingAngle: -40.7683 axialRotation: -70.9528 zShift: 4.3903 energy: 21.6469
MCReject   xShift: 6.79739 crossingAngle: -40.7683 axialRotation: -70.9528 zShift: 4.3903 energy: -21.7537
MCReject   xShift: 6.76826 crossingAngle: -40.7683 axialRotation: -70.9528 zShift: 4.3903 energy: 21.6436
MCReject   xShift: 6.78525 crossingAngle: -40.7683 axialRotation: -70.9528 zShift: 4.3903 energy: -22.3314
MCReject   xShift: 6.78352 crossingAngle: -40.6311 axialRotation: -70.9528 zShift: 4.3903 energy: -21.7537
MCReject   xShift: 6.79536 crossingAngle: -40.7683 axialRotation: -70.9528 zShift: 4.3903 energy: -21.6323
MCReject   xShift: 6.78352 crossingAngle: -40.566 axialRotation: -70.9528 zShift: 4.3903 energy: -21.7637
MCAccept 16 xShift: 6.78352 crossingAngle: -40.7683 axialRotation: -70.9528 zShift: 4.38646 energy: -22.3749
MCReject   xShift: 6.78092 crossingAngle: -40.7683 axialRotation: -70.9528 zShift: 4.38646 energy: -21.6524
MCReject   xShift: 6.7911 crossingAngle: -40.7683 axialRotation: -70.9528 zShift: 4.38646 energy: -21.7484
MCReject   xShift: 6.78352 crossingAngle: -40.7683 axialRotation: -70.9528 zShift: 4.38103 energy: -21.6454
MCAccept 17 xShift: 6.78352 crossingAngle: -40.7683 axialRotation: -70.9528 zShift: 4.39569 energy: -22.3977
MCReject   xShift: 6.78352 crossingAngle: -40.5711 axialRotation: -70.9528 zShift: 4.39569 energy: -21.244
MCReject   xShift: 6.78352 crossingAngle: -40.6563 axialRotation: -70.9528 zShift: 4.39569 energy: -21.6374
MCReject   xShift: 6.78352 crossingAngle: -40.7683 axialRotation: -70.8663 zShift: 4.39569 energy: -21.7691
MCReject   xShift: 6.78352 crossingAngle: -40.7683 axialRotation: -71.2006 zShift: 4.39569 energy: -21.6562
MCReject   xShift: 6.78352 crossingAngle: -40.8684 axialRotation: -70.9528 zShift: 4.39569 energy: -22.3294
MCAccept 18 xShift: 6.78352 crossingAngle: -40.8023 axialRotation: -70.9528 zShift: 4.39569 energy: -21.7582
MCAccept 19 xShift: 6.78352 crossingAngle: -40.8023 axialRotation: -70.813 zShift: 4.39569 energy: -21.244
MCAccept 20 xShift: 6.78352 crossingAngle: -40.8023 axialRotation: -70.813 zShift: 4.40103 energy: -22.4063
MCReject   xShift: 6.78352 crossingAngle: -40.8023 axialRotation: -70.8391 zShift: 4.40103 energy: -21.2421
MCAccept 21 xShift: 6.78352 crossingAngle: -40.8497 axialRotation: -70.813 zShift: 4.40103 energy: -22.3521
MCReject   xShift: 6.78352 crossingAngle: -40.7924 axialRotation: -70.813 zShift: 4.40103 energy: 23.846
MCAccept 22 xShift: 6.77293 crossingAngle: -40.8497 axialRotation: -70.813 zShift: 4.40103 energy: -22.4063
MCAccept 23 xShift: 6.75826 crossingAngle: -40.8497 axialRotation: -70.813 zShift: 4.40103 energy: -22.4063
MCAccept 24 xShift: 6.75703 crossingAngle: -40.8497 axialRotation: -70.813 zShift: 4.40103 energy: -22.4063
MCReject   xShift: 6.75703 crossingAngle: -40.9879 axialRotation: -70.813 zShift: 4.40103 energy: -21.6539
MCAccept 25 xShift: 6.7505 crossingAngle: -40.8497 axialRotation: -70.813 zShift: 4.40103 energy: -22.4063
MCReject   xShift: 6.7505 crossingAngle: -40.8497 axialRotation: -70.813 zShift: 4.39475 energy: -21.6367
MCReject   xShift: 6.7653 crossingAngle: -40.8497 axialRotation: -70.813 zShift: 4.40103 energy: -11.4037
MCReject   xShift: 6.7505 crossingAngle: -40.8497 axialRotation: -70.8659 zShift: 4.40103 energy: 23.2505
MCReject   xShift: 6.7505 crossingAngle: -41.0444 axialRotation: -70.813 zShift: 4.40103 energy: -21.6389
MCReject   xShift: 6.7505 crossingAngle: -40.8497 axialRotation: -70.8849 zShift: 4.40103 energy: -21.6539
MCAccept 26 xShift: 6.7505 crossingAngle: -40.7155 axialRotation: -70.813 zShift: 4.40103 energy: -22.338
MCReject   xShift: 6.7505 crossingAngle: -40.8548 axialRotation: -70.813 zShift: 4.40103 energy: -21.7592
MCAccept 27 xShift: 6.7505 crossingAngle: -40.7155 axialRotation: -70.813 zShift: 4.38711 energy: -22.31
MCAccept 28 xShift: 6.76423 crossingAngle: -40.7155 axialRotation: -70.813 zShift: 4.38711 energy: -22.3768
MCReject   xShift: 6.76423 crossingAngle: -40.7155 axialRotation: -70.813 zShift: 4.39993 energy: -21.7593
MCReject   xShift: 6.76423 crossingAngle: -40.7155 axialRotation: -70.813 zShift: 4.38132 energy: -22.3042
MCReject   xShift: 6.76423 crossingAngle: -40.678 axialRotation: -70.813 zShift: 4.38711 energy: -21.7589
MCAccept 29 xShift: 6.76423 crossingAngle: -40.6002 axialRotation: -70.813 zShift: 4.38711 energy: -22.31
MCReject   xShift: 6.76423 crossingAngle: -40.6749 axialRotation: -70.813 zShift: 4.38711 energy: -21.2398
MCReject   xShift: 6.76423 crossingAngle: -40.6002 axialRotation: -70.813 zShift: 4.37481 energy: 20.1659
MCAccept 30 xShift: 6.76423 crossingAngle: -40.6002 axialRotation: -70.6975 zShift: 4.38711 energy: -22.3768
MCReject   xShift: 6.77971 crossingAngle: -40.6002 axialRotation: -70.6975 zShift: 4.38711 energy: -21.2398
MCReject   xShift: 6.76423 crossingAngle: -40.711 axialRotation: -70.6975 zShift: 4.38711 energy: -22.3226
MCAccept 31 xShift: 6.76086 crossingAngle: -40.6002 axialRotation: -70.6975 zShift: 4.38711 energy: -22.3768
MCReject   xShift: 6.76045 crossingAngle: -40.6002 axialRotation: -70.6975 zShift: 4.38711 energy: -21.653
MCReject   xShift: 6.76086 crossingAngle: -40.6002 axialRotation: -70.6975 zShift: 4.39464 energy: -21.7683
MCReject   xShift: 6.75621 crossingAngle: -40.6002 axialRotation: -70.6975 zShift: 4.38711 energy: -21.2398
MCAccept 32 xShift: 6.76086 crossingAngle: -40.5078 axialRotation: -70.6975 zShift: 4.38711 energy: -22.3226
MCAccept 33 xShift: 6.76086 crossingAngle: -40.5078 axialRotation: -70.5886 zShift: 4.38711 energy: -22.3226
MCAccept 34 xShift: 6.76086 crossingAngle: -40.5699 axialRotation: -70.5886 zShift: 4.38711 energy: -22.3768
MCReject   xShift: 6.76086 crossingAngle: -40.5699 axialRotation: -70.5886 zShift: 4.39771 energy: -21.759
MCReject   xShift: 6.76838 crossingAngle: -40.5699 axialRotation: -70.5886 zShift: 4.38711 energy: -21.7494
MCReject   xShift: 6.76086 crossingAngle: -40.5699 axialRotation: -70.6422 zShift: 4.38711 energy: -22.3226
MCReject   xShift: 6.76086 crossingAngle: -40.5699 axialRotation: -70.642 zShift: 4.38711 energy: -21.7494
MCReject   xShift: 6.76086 crossingAngle: -40.5699 axialRotation: -70.757 zShift: 4.38711 energy: 21.9182
MCReject   xShift: 6.76086 crossingAngle: -40.5699 axialRotation: -70.5886 zShift: 4.38328 energy: -20.0439
MCReject   xShift: 6.76086 crossingAngle: -40.5699 axialRotation: -70.5886 zShift: 4.37021 energy: -22.2641
MCReject   xShift: 6.76058 crossingAngle: -40.5699 axialRotation: -70.5886 zShift: 4.38711 energy: -21.653
MCReject   xShift: 6.76086 crossingAngle: -40.5699 axialRotation: -70.5886 zShift: 4.3987 energy: -22.3347
MCReject   xShift: 6.76086 crossingAngle: -40.5699 axialRotation: -70.6368 zShift: 4.38711 energy: -21.653
MCReject   xShift: 6.76086 crossingAngle: -40.4245 axialRotation: -70.5886 zShift: 4.38711 energy: -21.7589
MCReject   xShift: 6.76086 crossingAngle: -40.5699 axialRotation: -70.6349 zShift: 4.38711 energy: -21.7494
MCReject   xShift: 6.7605 crossingAngle: -40.5699 axialRotation: -70.5886 zShift: 4.38711 energy: -21.2398
MCAccept 35 xShift: 6.76086 crossingAngle: -40.5699 axialRotation: -70.539 zShift: 4.38711 energy: -22.3768
MCReject   xShift: 6.76086 crossingAngle: -40.5699 axialRotation: -70.539 zShift: 4.38193 energy: -21.6176
MCReject   xShift: 6.76086 crossingAngle: -40.5699 axialRotation: -70.539 zShift: 4.40586 energy: -21.6518
MCReject   xShift: 6.76086 crossingAngle: -40.5699 axialRotation: -70.4264 zShift: 4.38711 energy: -21.7589
MCReject   xShift: 6.76086 crossingAngle: -40.5699 axialRotation: -70.539 zShift: 4.38995 energy: -21.6319
MCReject   xShift: 6.76086 crossingAngle: -40.4857 axialRotation: -70.539 zShift: 4.38711 energy: -21.7589
MCAccept 36 xShift: 6.74434 crossingAngle: -40.5699 axialRotation: -70.539 zShift: 4.38711 energy: -22.3226
MCAccept 37 xShift: 6.74434 crossingAngle: -40.5699 axialRotation: -70.5107 zShift: 4.38711 energy: -22.3768
MCReject   xShift: 6.74145 crossingAngle: -40.5699 axialRotation: -70.5107 zShift: 4.38711 energy: 21.1981
MCAccept 38 xShift: 6.74434 crossingAngle: -40.459 axialRotation: -70.5107 zShift: 4.38711 energy: -22.3768
MCReject   xShift: 6.74434 crossingAngle: -40.3574 axialRotation: -70.5107 zShift: 4.38711 energy: -22.3226
MCReject   xShift: 6.74434 crossingAngle: -40.459 axialRotation: -70.5015 zShift: 4.38711 energy: -21.653
MCReject   xShift: 6.74434 crossingAngle: -40.459 axialRotation: -70.5107 zShift: 4.41603 energy: -19.5221
MCReject   xShift: 6.74434 crossingAngle: -40.3812 axialRotation: -70.5107 zShift: 4.38711 energy: 21.8146
MCReject   xShift: 6.74402 crossingAngle: -40.459 axialRotation: -70.5107 zShift: 4.38711 energy: -21.7589
MCAccept 39 xShift: 6.74434 crossingAngle: -40.2776 axialRotation: -70.5107 zShift: 4.38711 energy: -22.31
MCReject   xShift: 6.74434 crossingAngle: -40.2273 axialRotation: -70.5107 zShift: 4.38711 energy: -21.7589
MCReject   xShift: 6.73063 crossingAngle: -40.2776 axialRotation: -70.5107 zShift: 4.38711 energy: -21.653
MCReject   xShift: 6.74434 crossingAngle: -40.2776 axialRotation: -70.4687 zShift: 4.38711 energy: 21.2573
MCReject   xShift: 6.74434 crossingAngle: -40.2776 axialRotation: -70.5107 zShift: 4.38482 energy: -21.7547
MCAccept 40 xShift: 6.74434 crossingAngle: -40.2301 axialRotation: -70.5107 zShift: 4.38711 energy: -22.3768
MCReject   xShift: 6.74434 crossingAngle: -40.2045 axialRotation: -70.5107 zShift: 4.38711 energy: 21.2573
MCAccept 41 xShift: 6.74434 crossingAngle: -40.0395 axialRotation: -70.5107 zShift: 4.38711 energy: -22.3226
MCAccept 42 xShift: 6.74906 crossingAngle: -40.0395 axialRotation: -70.5107 zShift: 4.38711 energy: -22.3768
MCReject   xShift: 6.74906 crossingAngle: -40.0395 axialRotation: -70.434 zShift: 4.38711 energy: -21.2398
MCReject   xShift: 6.74906 crossingAngle: -40.0395 axialRotation: -70.3059 zShift: 4.38711 energy: -21.7589
MCReject   xShift: 6.74906 crossingAngle: -40.2982 axialRotation: -70.5107 zShift: 4.38711 energy: -21.2398
MCAccept 43 xShift: 6.74906 crossingAngle: -40.0395 axialRotation: -70.6325 zShift: 4.38711 energy: -22.3768
MCReject   xShift: 6.73074 crossingAngle: -40.0395 axialRotation: -70.6325 zShift: 4.38711 energy: -22.31
MCReject   xShift: 6.74906 crossingAngle: -39.9821 axialRotation: -70.6325 zShift: 4.38711 energy: -21.7494
MCReject   xShift: 6.74906 crossingAngle: -40.0395 axialRotation: -70.6326 zShift: 4.38711 energy: -21.2398
MCReject   xShift: 6.74906 crossingAngle: -40.0395 axialRotation: -70.6325 zShift: 4.38481 energy: 20.8822
MCAccept 44 xShift: 6.73292 crossingAngle: -40.0395 axialRotation: -70.6325 zShift: 4.38711 energy: -22.3226
MCAccept 45 xShift: 6.73292 crossingAngle: -40.0395 axialRotation: -70.7702 zShift: 4.38711 energy: -22.3768
MCReject   xShift: 6.73292 crossingAngle: -40.0395 axialRotation: -70.7702 zShift: 4.39169 energy: 22.464
MCReject   xShift: 6.73292 crossingAngle: -40.0395 axialRotation: -70.7702 zShift: 4.38305 energy: -21.2347
MCAccept 46 xShift: 6.73292 crossingAngle: -40.1277 axialRotation: -70.7702 zShift: 4.38711 energy: -22.3768
MCReject   xShift: 6.73292 crossingAngle: -40.1277 axialRotation: -70.7983 zShift: 4.38711 energy: 21.269
MCReject   xShift: 6.7358 crossingAngle: -40.1277 axialRotation: -70.7702 zShift: 4.38711 energy: 21.2015
MCReject   xShift: 6.74446 crossingAngle: -40.1277 axialRotation: -70.7702 zShift: 4.38711 energy: -21.7589
MCReject   xShift: 6.72364 crossingAngle: -40.1277 axialRotation: -70.7702 zShift: 4.38711 energy: 20.8496
MCAccept 47 xShift: 6.71689 crossingAngle: -40.1277 axialRotation: -70.7702 zShift: 4.38711 energy: -22.3768
MCReject   xShift: 6.71689 crossingAngle: -40.1277 axialRotation: -70.7702 zShift: 4.38315 energy: -21.7423
MCAccept 48 xShift: 6.71434 crossingAngle: -40.1277 axialRotation: -70.7702 zShift: 4.38711 energy: -22.3768
MCReject   xShift: 6.71434 crossingAngle: -40.1277 axialRotation: -70.7702 zShift: 4.37853 energy: -21.2267
MCReject   xShift: 6.71434 crossingAngle: -40.035 axialRotation: -70.7702 zShift: 4.38711 energy: -22.3226
MCReject   xShift: 6.71434 crossingAngle: -40.1604 axialRotation: -70.7702 zShift: 4.38711 energy: 21.1981
MCReject   xShift: 6.71434 crossingAngle: -40.1277 axialRotation: -70.7702 zShift: 4.39497 energy: -21.7686
MCReject   xShift: 6.71434 crossingAngle: -40.1277 axialRotation: -70.7702 zShift: 4.40977 energy: -21.6481
MCAccept 49 xShift: 6.71434 crossingAngle: -40.1277 axialRotation: -70.7702 zShift: 4.38818 energy: -22.3799
MCReject   xShift: 6.71434 crossingAngle: -40.1874 axialRotation: -70.7702 zShift: 4.38818 energy: -22.3124
MCAccept 50 xShift: 6.71434 crossingAngle: -40.1277 axialRotation: -70.7702 zShift: 4.39762 energy: -22.4012
MCAccept 51 xShift: 6.71434 crossingAngle: -39.9776 axialRotation: -70.7702 zShift: 4.39762 energy: -22.4012
Energy #0: -22.4012
***GEOMETRY SHIFT***
xShift;        Before: 6.81; After: 6.71434
crossingAngle; Before: -41.26; After: -39.9776
axialRotation; Before: -70.51; After: -70.7702
zShift;        Before: 4.42; After: 4.39762
Energy;        Before: 2.94193e+08; After: -22.4012

Reached 51 cycles without improvement of 0.001. Accepted 52/151
Monte Carlo repack complete. Time: 74.0167min

