***STARTING GEOMETRY:***
xShift: 6.71434
crossingAngle: -39.9776
axialRotation: -70.7702
zShift: 4.39762

Number of MCCycles: 200
PrevSequence	CurrSequence	PrevEnergy	CurrEnergy	PrevEntropy	CurrEntropy	CurrentTemp
LLLYYLLGTLLGTLLGYLILI	LLLYYLLGTLLGTLLGWLILI	-17.7994	-19.6888	0.591129	0.272043	999.847
LLLYYLLGTLLGTLLGWLILI	LLLYYLLGTLLGTLLGYLILI	-19.6888	-20.0673	0.272043	0.591129	999.684
LLLYYLLGTLLGTLLGYLILI	LLLWYLLGTLLGTLLGYLILI	-20.0673	-18.7809	0.591129	0.272043	999.512
LLLWYLLGTLLGTLLGYLILI	LLLWYLLGTLLGTLLGFLILI	-18.1002	-17.3543	0.952787	0.132101	999.328
LLLWYLLGTLLGTLLGFLILI	LLLYYLLGTLLGTLLGFLILI	-17.1143	-18.6951	0.372136	0.451187	999.134
LLLYYLLGTLLGTLLGFLILI	LLLGYLLGTLLGTLLGFLILI	-18.7766	-17.6514	0.369715	0.453966	998.928
LLLGYLLGTLLGTLLGFLILI	LLLGYLLGTLLGILLGFLILI	-17.1935	-10.3067	0.911943	0.142768	998.708
LLLGYLLGTLLGILLGFLILI	LLLGYLLGTLLGILLGTLILI	-10.2776	-13.0028	0.171816	0.816184	998.476
LLLGYLLGTLLGILLGTLILI	LLLGYLLGTLLGILLGFLILI	-13.0028	-11.4403	0.816184	0.171816	998.229
LLLGYLLGTLLGILLGFLILI	LLLYYLLGTLLGILLGFLILI	-11.1582	-12.1759	0.453966	0.369715	997.967
LLLYYLLGTLLGILLGFLILI	LLLYYLLGTLLGTLLGFLILI	-12.4028	-18.2343	0.142768	0.911943	997.689
LLLYYLLGTLLGTLLGFLILI	LLLYYLLGTLLGTLLGTLILI	-19.0264	-19.2695	0.119894	1.0043	997.394
LLLYYLLGTLLGTLLGTLILI	LLLYYLLGFLLGTLLGTLILI	-19.2695	-19.2489	1.0043	0.119894	997.081
LLLYYLLGFLLGTLLGTLILI	LLLGYLLGFLLGTLLGTLILI	-18.9991	-18.9486	0.369715	0.453966	996.749
LLLGYLLGFLLGTLLGTLILI	LLLYYLLGFLLGTLLGTLILI	-18.9486	-18.8938	0.453966	0.369715	996.397
LLLYYLLGFLLGTLLGTLILI	LLLYYLLGTLLGTLLGTLILI	-19.1436	-19.0756	0.119894	1.0043	996.023
LLLYYLLGTLLGTLLGTLILI	LLLYYLLGFLLGTLLGTLILI	-19.0756	-18.739	1.0043	0.119894	995.626
LLLYYLLGFLLGTLLGTLILI	LLLYYLLGFLLGTLLGYLILI	-18.6209	-19.3479	0.238039	0.654392	995.205
LLLYYLLGFLLGTLLGYLILI	LLLYWLLGFLLGTLLGYLILI	-19.4111	-18.0714	0.591129	0.272043	994.758
LLLYWLLGFLLGTLLGYLILI	LLLYYLLGFLLGTLLGYLILI	-18.0714	-18.8906	0.272043	0.591129	994.285
LLLYYLLGFLLGTLLGYLILI	LLLYYLLGFLLGTLLGTLILI	-18.8273	-19.7677	0.654392	0.238039	993.782
LLLYYLLGFLLGTLLGTLILI	LLLYYLLGFLLGTLLGYLILI	-19.7677	-18.8273	0.238039	0.654392	993.249
LLLYYLLGFLLGTLLGYLILI	LLLYYLLGFLLGTLLGTLILI	-18.8273	-19.1307	0.654392	0.238039	992.683
LLLYYLLGFLLGTLLGTLILI	LLLGYLLGFLLGTLLGTLILI	-18.9991	-19.1058	0.369715	0.453966	992.084
LLLGYLLGFLLGTLLGTLILI	LLLGYLLAFLLGTLLGTLILI	-18.3491	-17.4187	1.21066	0.0820187	991.448
LLLGYLLAFLLGTLLGTLILI	LLLGYLLAFLLGTLLGYLILI	-17.172	-17.0636	0.328724	0.505042	990.773
LLLGYLLAFLLGTLLGYLILI	LLLGYLLGFLLGTLLGYLILI	-17.4866	-18.0147	0.0820187	1.21066	990.058
LLLGYLLGFLLGTLLGYLILI	LLLGYLLAFLLGTLLGYLILI	-18.0147	-17.3661	1.21066	0.0820187	989.3
LLLGYLLAFLLGTLLGYLILI	LLLGYLLGFLLGTLLGYLILI	-17.3661	-17.3004	0.0820187	1.21066	988.496
LLLGYLLGFLLGTLLGYLILI	LLLYYLLGFLLGTLLGYLILI	-18.1735	-19.5089	0.337561	0.493345	987.644
LLLYYLLGFLLGTLLGYLILI	LLLGYLLGFLLGTLLGYLILI	-19.5089	-18.8878	0.493345	0.337561	986.74
LLLGYLLGFLLGTLLGYLILI	LLLYYLLGFLLGTLLGYLILI	-18.8878	-19.5089	0.337561	0.493345	985.783
LLLYYLLGFLLGTLLGYLILI	LLLYWLLGFLLGTLLGYLILI	-19.4111	-18.0714	0.591129	0.272043	984.769
LLLYWLLGFLLGTLLGYLILI	LLLTWLLGFLLGTLLGYLILI	-17.8384	-19.0763	0.505042	0.328724	983.694
LLLTWLLGFLLGTLLGYLILI	LLLYWLLGFLLGTLLGYLILI	-19.0763	-17.3232	0.328724	0.505042	982.555
LLLYWLLGFLLGTLLGYLILI	LLLYWLLGTLLGTLLGYLILI	-17.6564	-16.0758	0.171816	0.816184	981.348
LLLYWLLGTLLGTLLGYLILI	LLLTWLLGTLLGTLLGYLILI	-16.5127	-17.5455	0.379341	0.443059	980.071
LLLTWLLGTLLGTLLGYLILI	LLLYWLLGTLLGTLLGYLILI	-17.5455	-16.5127	0.443059	0.379341	978.717
LLLYWLLGTLLGTLLGYLILI	LLLYWLLGTLLGTLLGFLILI	-15.9392	-15.3025	0.952787	0.132101	977.285
LLLYWLLGTLLGTLLGFLILI	LLLYWLLGTLLGTLLGYLILI	-15.3025	-15.3893	0.132101	0.952787	975.768
LLLYWLLGTLLGTLLGYLILI	LLLYYLLGTLLGTLLGYLILI	-16.0701	-20.0673	0.272043	0.591129	974.162
LLLYYLLGTLLGTLLGYLILI	LLLYYLLGTLLGTLLGWLILI	-20.0673	-19.6917	0.591129	0.272043	972.463
LLLYYLLGTLLGTLLGWLILI	LLLYYLLGFLLGTLLGWLILI	-19.1476	-19.6048	0.816184	0.171816	970.666
LLLYYLLGFLLGTLLGWLILI	LLLYYLLGTLLGTLLGWLILI	-19.6048	-19.1476	0.171816	0.816184	968.764
LLLYYLLGTLLGTLLGWLILI	LLLYYLLGFLLGTLLGWLILI	-19.1476	-19.0861	0.816184	0.171816	966.754
LLLYYLLGFLLGTLLGWLILI	LLLGYLLGFLLGTLLGWLILI	-18.8882	-18.9837	0.369715	0.453966	962.38
LLLGYLLGFLLGTLLGWLILI	LLLGYLLGFLLGTLLGYLILI	-19.0656	-18.6481	0.372136	0.451187	960.005
LLLGYLLGFLLGTLLGYLILI	LLLYYLLGFLLGTLLGYLILI	-18.7617	-20.1345	0.337561	0.493345	957.496
LLLYYLLGFLLGTLLGYLILI	LLLYYLLGTLLGTLLGYLILI	-20.456	-19.2832	0.171816	0.816184	954.846
LLLYYLLGTLLGTLLGYLILI	LLLYYLLGTLLGTLLGTLILI	-19.5943	-19.8024	0.505042	0.328724	952.048
LLLYYLLGTLLGTLLGTLILI	LLLYFLLGTLLGTLLGTLILI	-19.1784	-16.7536	0.952787	0.132101	949.095
LLLYFLLGTLLGTLLGTLILI	LLLYFLLGTLLGTLLGYLILI	-16.4426	-17.2971	0.443059	0.379341	945.979
LLLYFLLGTLLGTLLGYLILI	LLLYYLLGTLLGTLLGYLILI	-17.5852	-18.9232	0.0912572	1.15198	942.693
LLLYYLLGTLLGTLLGYLILI	LLLYYLLGTLLGTLLGTLILI	-19.5701	-19.5976	0.505042	0.328724	939.229
LLLYYLLGTLLGTLLGTLILI	LLLYYLLGFLLGTLLGTLILI	-18.922	-18.739	1.0043	0.119894	935.578
LLLYYLLGFLLGTLLGTLILI	LLLGYLLGFLLGTLLGTLILI	-18.4892	-18.9486	0.369715	0.453966	931.732
LLLGYLLGFLLGTLLGTLILI	LLLGYLLGFLLGTLLGYLILI	-19.0739	-18.5942	0.328724	0.505042	927.683
LLLGYLLGFLLGTLLGYLILI	LLLGYLLGTLLGTLLGYLILI	-18.9274	-18.7903	0.171816	0.816184	923.422
LLLGYLLGTLLGTLLGYLILI	LLLYYLLGTLLGTLLGYLILI	-19.2689	-20.1498	0.337561	0.493345	918.939
LLLYYLLGTLLGTLLGYLILI	LLLYYLLGTLLGTLLGTLILI	-20.1381	-19.7484	0.505042	0.328724	914.227
LLLYYLLGTLLGTLLGTLILI	LLLGYLLGTLLGTLLGTLILI	-19.7074	-18.4568	0.369715	0.453966	909.276
LLLGYLLGTLLGTLLGTLILI	LLLYYLLGTLLGTLLGTLILI	-18.4568	-19.9041	0.453966	0.369715	904.077
LLLYYLLGTLLGTLLGTLILI	LLLWYLLGTLLGTLLGTLILI	-19.8226	-18.2202	0.451187	0.372136	886.903
LLLWYLLGTLLGTLLGTLILI	LLLWYLLGLLLGTLLGTLILI	-17.5522	-15.9523	1.04019	0.112128	880.623
LLLWYLLGLLLGTLLGTLILI	LLLWYLLGTLLGTLLGTLILI	-15.9523	-17.2796	0.112128	1.04019	874.051
LLLWYLLGTLLGTLLGTLILI	LLLYYLLGTLLGTLLGTLILI	-17.9477	-19.0574	0.372136	0.451187	867.179
LLLYYLLGTLLGTLLGTLILI	LLLYYLLGFLLGTLLGTLILI	-18.5043	-18.739	1.0043	0.119894	852.504
LLLYYLLGFLLGTLLGTLILI	LLLYYLLGFLLGTLLGYLILI	-18.6209	-19.3479	0.238039	0.654392	844.686
LLLYYLLGFLLGTLLGYLILI	LLLYYLLGFLLGTLLGWLILI	-19.4111	-19.6119	0.591129	0.272043	836.541
LLLYYLLGFLLGTLLGWLILI	LLLYYLLGTLLGTLLGWLILI	-19.7121	-18.393	0.171816	0.816184	828.061
LLLYYLLGTLLGTLLGWLILI	LLLYYLLGTLLGTLLGYLILI	-18.9372	-20.0673	0.272043	0.591129	819.243
LLLYYLLGTLLGTLLGYLILI	LLLYYLLGTLLGTLLGWLILI	-20.0673	-19.6917	0.591129	0.272043	810.083
LLLYYLLGTLLGTLLGWLILI	LLLYYLLGFLLGTLLGWLILI	-19.1476	-18.4151	0.816184	0.171816	800.577
LLLYYLLGFLLGTLLGWLILI	LLLYWLLGFLLGTLLGWLILI	-18.3193	-16.9775	0.267575	0.598868	790.724
LLLYWLLGFLLGTLLGWLILI	LLLYYLLGFLLGTLLGWLILI	-16.9775	-19.5632	0.598868	0.267575	780.523
LLLYYLLGFLLGTLLGWLILI	LLLGYLLGFLLGTLLGWLILI	-19.4611	-18.7437	0.369715	0.453966	769.974
LLLGYLLGFLLGTLLGWLILI	LLLGYLLGTLLGTLLGWLILI	-19.0259	-17.1173	0.171816	0.816184	759.081
LLLGYLLGTLLGTLLGWLILI	LLLYYLLGTLLGTLLGWLILI	-17.4796	-19.5396	0.453966	0.369715	747.845
LLLYYLLGTLLGTLLGWLILI	LLLYYLLGLLLGTLLGWLILI	-19.0602	-17.464	0.849143	0.161118	736.272
LLLYYLLGLLLGTLLGWLILI	LLLYYLLGLLLGTLLGYLILI	-17.3531	-17.63	0.272043	0.591129	724.369
LLLYYLLGLLLGTLLGYLILI	LLLYFLLGLLLGTLLGYLILI	-17.0692	-16.6023	1.15198	0.0912572	712.142
LLLYFLLGLLLGTLLGYLILI	LLLYYLLGLLLGTLLGYLILI	-16.6023	-17.187	0.0912572	1.15198	699.602
LLLYYLLGLLLGTLLGYLILI	LLLYYLLGTLLGTLLGYLILI	-18.1779	-19.794	0.161118	0.849143	686.76
LLLYYLLGTLLGTLLGYLILI	LLLYYLLGFLLGTLLGYLILI	-19.8269	-20.456	0.816184	0.171816	673.628
LLLYYLLGFLLGTLLGYLILI	LLLGYLLGFLLGTLLGYLILI	-20.1345	-18.1735	0.493345	0.337561	646.557
LLLGYLLGFLLGTLLGYLILI	LLLGYLLGTLLGTLLGYLILI	-18.3392	-16.8686	0.171816	0.816184	632.651
LLLGYLLGTLLGTLLGYLILI	LLLGFLLGTLLGTLLGYLILI	-16.732	-16.6546	0.952787	0.132101	618.524
LLLGFLLGTLLGTLLGYLILI	LLLGFLLGFLLGTLLGYLILI	-16.2478	-16.1076	0.538845	0.30482	604.196
LLLGFLLGFLLGTLLGYLILI	LLLWFLLGFLLGTLLGYLILI	-15.9149	-16.3384	0.497607	0.334305	589.688
LLLWFLLGFLLGTLLGYLILI	LLLWWLLGFLLGTLLGYLILI	-16.5239	-16.6097	0.148778	0.890414	560.23
LLLWWLLGFLLGTLLGYLILI	LLLWYLLGFLLGTLLGYLILI	-16.9013	-17.2736	0.598868	0.267575	545.329
LLLWYLLGFLLGTLLGYLILI	LLLWYLLGTLLGTLLGYLILI	-17.3694	-17.8174	0.171816	0.816184	530.348
LLLWYLLGTLLGTLLGYLILI	LLLWYLLGTLLGTLLGTLILI	-18.2542	-18.0248	0.379341	0.443059	515.312
LLLWYLLGTLLGTLLGTLILI	LLLYYLLGTLLGTLLGTLILI	-18.0957	-19.4873	0.372136	0.451187	500.25
LLLYYLLGTLLGTLLGTLILI	LLLYYLLGTLLGTLLGYLILI	-19.6097	-20.1893	0.328724	0.505042	485.188
LLLYYLLGTLLGTLLGYLILI	LLLYYLLGTLLGTLLGTLILI	-20.1893	-19.8057	0.505042	0.328724	455.171
LLLYYLLGTLLGTLLGTLILI	LLLGYLLGTLLGTLLGTLILI	-19.7647	-18.4568	0.369715	0.453966	440.27
LLLGYLLGTLLGTLLGTLILI	LLLGYLLGTLLGTLLGYLILI	-18.4677	-18.2647	0.443059	0.379341	425.475
LLLGYLLGTLLGTLLGYLILI	LLLGYLLGTLLGTLLGTLILI	-18.2647	-17.8995	0.379341	0.443059	410.812
LLLGYLLGTLLGTLLGTLILI	LLLGYLLGTLLGTLLGWLILI	-17.8565	-18.6978	0.48602	0.343253	396.304
LLLGYLLGTLLGTLLGWLILI	LLLYYLLGTLLGTLLGWLILI	-18.5871	-18.905	0.453966	0.369715	381.976
LLLYYLLGTLLGTLLGWLILI	LLLYYLLGTLLGTLLGYLILI	-19.0027	-19.3492	0.272043	0.591129	367.849
LLLYYLLGTLLGTLLGYLILI	LLLYYLLGFLLGTLLGYLILI	-19.1241	-19.6986	0.816184	0.171816	353.943
LLLYYLLGFLLGTLLGYLILI	LLLGYLLGFLLGTLLGYLILI	-19.3771	-19.8503	0.493345	0.337561	340.278
LLLGYLLGFLLGTLLGYLILI	LLLGYLLGFLLGTLLGTLILI	-19.6828	-19.231	0.505042	0.328724	313.74
LLLGYLLGFLLGTLLGTLILI	LLLYYLLGFLLGTLLGTLILI	-19.1058	-19.01	0.453966	0.369715	300.898
LLLYYLLGFLLGTLLGTLILI	LLLYYLLGFLLGTLLGYLILI	-19.1417	-19.2161	0.238039	0.654392	276.131
LLLYYLLGFLLGTLLGYLILI	LLLGYLLGFLLGTLLGYLILI	-19.3771	-18.8878	0.493345	0.337561	264.228
LLLGYLLGFLLGTLLGYLILI	LLLGYLLAFLLGTLLGYLILI	-18.0147	-18.0497	1.21066	0.0820187	241.419
LLLGYLLAFLLGTLLGYLILI	LLLGYLLAFLLGTLLGTLILI	-17.6267	-17.172	0.505042	0.328724	230.526
LLLGYLLAFLLGTLLGTLILI	LLLGYLLAFLLGTLLGYLILI	-17.172	-17.6196	0.328724	0.505042	209.776
LLLGYLLAFLLGTLLGYLILI	LLLGYLLGFLLGTLLGYLILI	-18.0426	-18.0147	0.0820187	1.21066	199.923
LLLGYLLGFLLGTLLGYLILI	LLLYYLLGFLLGTLLGYLILI	-18.8878	-19.4978	0.337561	0.493345	190.417
LLLYYLLGFLLGTLLGYLILI	LLLYYLLGFLLGTLLGTLILI	-19.3368	-19.7136	0.654392	0.238039	181.257
LLLYYLLGFLLGTLLGTLILI	LLLGYLLGFLLGTLLGTLILI	-19.5819	-19.1058	0.369715	0.453966	172.439
LLLGYLLGFLLGTLLGTLILI	LLLYYLLGFLLGTLLGTLILI	-19.1058	-18.4892	0.453966	0.369715	155.814
LLLYYLLGFLLGTLLGTLILI	LLLYYLLGTLLGTLLGTLILI	-18.739	-19.2153	0.119894	1.0043	140.501
LLLYYLLGTLLGTLLGTLILI	LLLYYLLGTLLGTLLGYLILI	-19.8909	-20.1381	0.328724	0.505042	133.321
LLLYYLLGTLLGTLLGYLILI	LLLGYLLGTLLGTLLGYLILI	-20.1498	-19.4378	0.493345	0.337561	126.449
LLLGYLLGTLLGTLLGYLILI	LLLYYLLGTLLGTLLGYLILI	-19.4378	-20.1651	0.337561	0.493345	113.597
LLLYYLLGTLLGTLLGYLILI	LLLYYLLGFLLGTLLGYLILI	-19.8423	-19.6986	0.816184	0.171816	77.0783
LLLYYLLGFLLGTLLGYLILI	LLLGYLLGFLLGTLLGYLILI	-19.3771	-19.693	0.493345	0.337561	72.8169
LLLGYLLGFLLGTLLGYLILI	LLLYYLLGFLLGTLLGYLILI	-19.693	-20.0804	0.337561	0.493345	57.8066
Time: 317s
