***STARTING GEOMETRY:***
xShift: 8.95
crossingAngle: -41.67
axialRotation: -68.02
zShift: 0.36

Number of MCCycles: 200
PrevSequence	CurrSequence	PrevEnergy	CurrEnergy	PrevEntropy	CurrEntropy	CurrentTemp
LLLTVLLTTLLGTLLTFLILI	LLLTVLLTTLLGTLLTTLILI	-0.621214	-6.99134	0.0629772	1.35772	999.847
LLLTVLLTTLLGTLLTTLILI	LLLTVLLWTLLGTLLTTLILI	-7.59979	-9.1686	0.749274	0.196163	999.684
LLLTVLLWTLLGTLLTTLILI	LLLAVLLWTLLGTLLTTLILI	-7.90198	-7.95172	1.46278	0.0522692	999.512
LLLAVLLWTLLGTLLTTLILI	LLLAYLLWTLLGTLLTTLILI	-7.80951	-7.69089	0.194474	0.753596	999.328
LLLAYLLWTLLGTLLTTLILI	LLLAYLLYTLLGTLLTTLILI	-8.07235	-7.45558	0.372136	0.451187	999.134
LLLAYLLYTLLGTLLTTLILI	LLLAYLLTTLLGTLLTTLILI	-7.65162	-6.06212	0.255144	0.62127	998.928
LLLAYLLTTLLGTLLTTLILI	LLLAYLLYTLLGTLLTTLILI	-6.06212	-7.59667	0.62127	0.255144	998.708
LLLAYLLYTLLGTLLTTLILI	LLLAYLLYTLLGTLLTYLILI	-7.44447	-6.35807	0.407346	0.413356	998.476
LLLAYLLYTLLGTLLTYLILI	LLLAWLLYTLLGTLLTYLILI	-6.1803	-6.08165	0.591129	0.272043	998.229
LLLAWLLYTLLGTLLTYLILI	LLLAWLLYTLLGTLLTTLILI	-6.04887	-6.73602	0.30482	0.538845	997.967
LLLAWLLYTLLGTLLTTLILI	LLLAYLLYTLLGTLLTTLILI	-6.90273	-7.05301	0.372136	0.451187	997.689
LLLAYLLYTLLGTLLTTLILI	LLLAYLLYTLLGTLLTYLILI	-7.09685	-6.38467	0.407346	0.413356	997.394
LLLAYLLYTLLGTLLTYLILI	LLLYYLLYTLLGTLLTYLILI	-6.74937	-8.59264	0.0486577	1.50339	997.081
LLLYYLLYTLLGTLLTYLILI	LLLYYLLYTLLGFLLTYLILI	-9.09173	-6.9559	1.0043	0.119894	996.749
LLLYYLLYTLLGFLLTYLILI	LLLYYLLYTLLGTLLTYLILI	-6.9559	-7.24912	0.119894	1.0043	996.397
LLLYYLLYTLLGTLLTYLILI	LLLYVLLYTLLGTLLTYLILI	-6.81869	-8.42774	1.43473	0.0549268	996.023
LLLYVLLYTLLGTLLTYLILI	LLLYVLLYTLLGTLLTTLILI	-8.06931	-9.01254	0.413356	0.407346	995.626
LLLYVLLYTLLGTLLTTLILI	LLLYYLLYTLLGTLLTTLILI	-9.34772	-9.22142	0.0721588	1.28166	995.205
LLLYYLLYTLLGTLLTTLILI	LLLYYLLWTLLGTLLTTLILI	-9.91195	-10.3314	0.591129	0.272043	994.758
LLLYYLLWTLLGTLLTTLILI	LLLYYLLYTLLGTLLTTLILI	-10.3314	-10.5745	0.272043	0.591129	994.285
LLLYYLLYTLLGTLLTTLILI	LLLGYLLYTLLGTLLTTLILI	-10.407	-11.3658	0.758648	0.192521	993.782
LLLGYLLYTLLGTLLTTLILI	LLLGWLLYTLLGTLLTTLILI	-11.1071	-9.80093	0.451187	0.372136	993.249
LLLGWLLYTLLGTLLTTLILI	LLLYWLLYTLLGTLLTTLILI	-9.90359	-8.99656	0.269472	0.595564	992.683
LLLYWLLYTLLGTLLTTLILI	LLLYWLLYTLLGTLLGTLILI	-8.83781	-6.20539	0.754313	0.194196	992.084
LLLYWLLYTLLGTLLGTLILI	LLLYYLLYTLLGTLLGTLILI	-6.12754	-6.31206	0.272043	0.591129	991.448
LLLYYLLYTLLGTLLGTLILI	LLLYYLLTTLLGTLLGTLILI	-6.48983	-6.19638	0.413356	0.407346	990.773
LLLYYLLTTLLGTLLGTLILI	LLLYYLLTTLLGYLLGTLILI	-6.19638	-4.95676	0.407346	0.413356	990.058
LLLYYLLTTLLGYLLGTLILI	LLLYYLLYTLLGYLLGTLILI	-5.10807	-4.94708	0.262045	0.608671	989.3
LLLYYLLYTLLGYLLGTLILI	LLLYYLLYTLLGYLLGYLILI	-5.40181	-3.38608	0.153938	0.8727	988.496
LLLYYLLYTLLGYLLGYLILI	LLLYYLLYTLLGYLLGTLILI	-3.38608	-5.8745	0.8727	0.153938	987.644
LLLYYLLYTLLGYLLGTLILI	LLLGYLLYTLLGYLLGTLILI	-5.31932	-6.3943	0.709116	0.212717	986.74
LLLGYLLYTLLGYLLGTLILI	LLLGYLLYTLLGTLLGTLILI	-6.10197	-7.44893	0.505042	0.328724	985.783
LLLGYLLYTLLGTLLGTLILI	LLLGYLLWTLLGTLLGTLILI	-7.32647	-7.07891	0.451187	0.372136	984.769
LLLGYLLWTLLGTLLGTLILI	LLLGYLLWTLLGTLLGYLILI	-7.00798	-4.97861	0.443059	0.379341	983.694
LLLGYLLWTLLGTLLGYLILI	LLLGVLLWTLLGTLLGYLILI	-4.2833	-5.53437	1.07465	0.105187	982.555
LLLGVLLWTLLGTLLGYLILI	LLLGVLLYTLLGTLLGYLILI	-5.26742	-4.46969	0.372136	0.451187	981.348
LLLGVLLYTLLGTLLGYLILI	LLLGVLLTTLLGTLLGYLILI	-4.54154	-2.49318	0.379341	0.443059	980.071
LLLGVLLTTLLGTLLGYLILI	LLLTVLLTTLLGTLLGYLILI	-2.66456	-2.87931	0.271676	0.591758	978.717
LLLTVLLTTLLGTLLGYLILI	LLLTVLLTTLLGTLLGTLILI	-3.32986	-3.73351	0.141213	0.917682	977.285
LLLTVLLTTLLGTLLGTLILI	LLLTVLLTTLLGYLLGTLILI	-3.73351	-3.256	0.917682	0.141213	975.768
LLLTVLLTTLLGYLLGTLILI	LLLGVLLTTLLGYLLGTLILI	-2.80545	-2.58588	0.591758	0.271676	974.162
LLLGVLLTTLLGYLLGTLILI	LLLTVLLTTLLGYLLGTLILI	-2.58588	-2.80545	0.271676	0.591758	972.463
LLLTVLLTTLLGYLLGTLILI	LLLTVLLTTLLGYLLGYLILI	-2.85837	-0.93548	0.538845	0.30482	970.666
LLLTVLLTTLLGYLLGYLILI	LLLTVLLWTLLGYLLGYLILI	-0.75428	0.472803	0.48602	0.343253	968.764
LLLTVLLWTLLGYLLGYLILI	LLLTVLLWTLLGTLLGYLILI	0.508891	-2.96378	0.379341	0.443059	966.754
LLLTVLLWTLLGTLLGYLILI	LLLTFLLWTLLGTLLGYLILI	-3.06623	-6.39482	0.340616	0.489394	964.627
LLLTFLLWTLLGTLLGYLILI	LLLAFLLWTLLGTLLGYLILI	-5.6914	-2.28998	1.19282	0.0847157	960.005
LLLAFLLWTLLGTLLGYLILI	LLLAFLLYTLLGTLLGYLILI	-2.00255	-1.53802	0.372136	0.451187	957.496
LLLAFLLYTLLGTLLGYLILI	LLLAFLLYVLLGTLLGYLILI	-1.05835	2.13425	0.930859	0.137712	954.846
LLLAFLLYVLLGTLLGYLILI	LLLAFLLTVLLGTLLGYLILI	2.50158	4.07783	0.505042	0.328724	952.048
LLLAFLLTVLLGTLLGYLILI	LLLAWLLTVLLGTLLGYLILI	3.89788	3.06357	0.148778	0.890414	949.095
LLLAWLLTVLLGTLLGYLILI	LLLAWLLYVLLGTLLGYLILI	2.50188	1.5692	0.328724	0.505042	945.979
LLLAWLLYVLLGTLLGYLILI	LLLAVLLYVLLGTLLGYLILI	1.76192	1.48588	0.697764	0.217693	942.693
LLLAVLLYVLLGTLLGYLILI	LLLAVLLYTLLGTLLGYLILI	1.51755	-1.7464	0.249358	0.632162	939.229
LLLAVLLYTLLGTLLGYLILI	LLLAYLLYTLLGTLLGYLILI	-2.30641	-2.63651	0.0721588	1.28166	935.578
LLLAYLLYTLLGTLLGYLILI	LLLAWLLYTLLGTLLGYLILI	-3.32704	-2.67598	0.591129	0.272043	931.732
LLLAWLLYTLLGTLLGYLILI	LLLGWLLYTLLGTLLGYLILI	-2.841	-4.35445	0.107014	1.06535	927.683
LLLGWLLYTLLGTLLGYLILI	LLLGVLLYTLLGTLLGYLILI	-4.41058	-4.90263	1.00921	0.118797	923.422
LLLGVLLYTLLGTLLGYLILI	LLLGVLLYTLLGFLLGYLILI	-4.20525	-1.9702	0.816184	0.171816	918.939
LLLGVLLYTLLGFLLGYLILI	LLLGVLLYTLLGFLLGTLILI	-1.63697	-3.36259	0.505042	0.328724	914.227
LLLGVLLYTLLGFLLGTLILI	LLLYVLLYTLLGFLLGTLILI	-3.32243	-3.33282	0.368877	0.454934	909.276
LLLYVLLYTLLGFLLGTLILI	LLLYWLLYTLLGFLLGTLILI	-3.66896	-3.04368	0.118797	1.00921	904.077
LLLYWLLYTLLGFLLGTLILI	LLLYWLLYTLLGTLLGTLILI	-3.933	-5.1883	0.119894	1.0043	898.621
LLLYWLLYTLLGTLLGTLILI	LLLYWLLYTLLGYLLGTLILI	-5.86388	-4.69205	0.328724	0.505042	892.899
LLLYWLLYTLLGYLLGTLILI	LLLYWLLYTLLGYLLGFLILI	-4.38091	-2.28885	0.816184	0.171816	886.903
LLLYWLLYTLLGYLLGFLILI	LLLYWLLYTLLGYLLGTLILI	-2.28885	-4.439	0.171816	0.816184	880.623
LLLYWLLYTLLGYLLGTLILI	LLLYWLLYTLLGTLLGTLILI	-4.75015	-6.07086	0.505042	0.328724	874.051
LLLYWLLYTLLGTLLGTLILI	LLLYYLLYTLLGTLLGTLILI	-6.12754	-6.43651	0.272043	0.591129	867.179
LLLYYLLYTLLGTLLGTLILI	LLLGYLLYTLLGTLLGTLILI	-6.43207	-7.68854	0.595564	0.269472	859.999
LLLGYLLYTLLGTLLGTLILI	LLLGYLLYTLLGTLLGYLILI	-7.62929	-6.50268	0.328724	0.505042	852.504
LLLGYLLYTLLGTLLGYLILI	LLLGWLLYTLLGTLLGYLILI	-6.41659	-5.30874	0.591129	0.272043	844.686
LLLGWLLYTLLGTLLGYLILI	LLLGWLLYTLLGTLLGTLILI	-5.20144	-6.43107	0.379341	0.443059	836.541
LLLGWLLYTLLGTLLGTLILI	LLLGYLLYTLLGTLLGTLILI	-6.502	-7.15117	0.372136	0.451187	828.061
LLLGYLLYTLLGTLLGTLILI	LLLYYLLYTLLGTLLGTLILI	-7.33289	-7.27116	0.269472	0.595564	819.243
LLLYYLLYTLLGTLLGTLILI	LLLYVLLYTLLGTLLGTLILI	-6.58507	-6.095	1.28166	0.0721588	810.083
LLLYVLLYTLLGTLLGTLILI	LLLYVLLYYLLGTLLGTLILI	-5.83843	-2.81112	0.328724	0.505042	800.577
LLLYVLLYYLLGTLLGTLILI	LLLYYLLYYLLGTLLGTLILI	-3.26123	-4.62676	0.0549268	1.43473	790.724
LLLYYLLYYLLGTLLGTLILI	LLLYYLLYTLLGTLLGTLILI	-5.45283	-7.50409	0.608671	0.262045	780.523
LLLYYLLYTLLGTLLGTLILI	LLLYYLLYTLLGFLLGTLILI	-6.76184	-5.15725	1.0043	0.119894	769.974
LLLYYLLYTLLGFLLGTLILI	LLLYYLLYTLLGTLLGTLILI	-5.15725	-5.75299	0.119894	1.0043	759.081
LLLYYLLYTLLGTLLGTLILI	LLLYYLLYTLLGTLLGFLILI	-5.75299	-5.32899	1.0043	0.119894	747.845
LLLYYLLYTLLGTLLGFLILI	LLLYYLLYTLLGTLLGTLILI	-5.32899	-6.37414	0.119894	1.0043	736.272
LLLYYLLYTLLGTLLGTLILI	LLLGYLLYTLLGTLLGTLILI	-6.78288	-7.06184	0.595564	0.269472	724.369
LLLGYLLYTLLGTLLGTLILI	LLLGYLLYTLLGYLLGTLILI	-7.00259	-6.28849	0.328724	0.505042	712.142
LLLGYLLYTLLGYLLGTLILI	LLLGWLLYTLLGYLLGTLILI	-6.20241	-5.42942	0.591129	0.272043	699.602
LLLGWLLYTLLGYLLGTLILI	LLLGWLLYTLLGTLLGTLILI	-5.32212	-6.33048	0.379341	0.443059	686.76
LLLGWLLYTLLGTLLGTLILI	LLLGWLLTTLLGTLLGTLILI	-6.60173	-4.55122	0.171816	0.816184	673.628
LLLGWLLTTLLGTLLGTLILI	LLLGWLLYTLLGTLLGTLILI	-4.55122	-6.55995	0.816184	0.171816	660.222
LLLGWLLYTLLGTLLGTLILI	LLLGVLLYTLLGTLLGTLILI	-5.72256	-6.02939	1.00921	0.118797	646.557
LLLGVLLYTLLGTLLGTLILI	LLLYVLLYTLLGTLLGTLILI	-5.77931	-5.81434	0.368877	0.454934	632.651
LLLYVLLYTLLGTLLGTLILI	LLLGVLLYTLLGTLLGTLILI	-5.81434	-5.79837	0.454934	0.368877	618.524
LLLGVLLYTLLGTLLGTLILI	LLLYVLLYTLLGTLLGTLILI	-5.79837	-5.81434	0.368877	0.454934	604.196
LLLYVLLYTLLGTLLGTLILI	LLLYVLLYTLLGTLLGYLILI	-5.94055	-4.49068	0.328724	0.505042	589.688
LLLYVLLYTLLGTLLGYLILI	LLLYVLLYTLLGTLLGTLILI	-4.49068	-5.83843	0.505042	0.328724	575.025
LLLYVLLYTLLGTLLGTLILI	LLLGVLLYTLLGTLLGTLILI	-5.71222	-5.90425	0.454934	0.368877	560.23
LLLGVLLYTLLGTLLGTLILI	LLLGWLLYTLLGTLLGTLILI	-6.15433	-5.80435	0.118797	1.00921	545.329
LLLGWLLYTLLGTLLGTLILI	LLLGWLLYTLLGTLLGYLILI	-6.37051	-5.2431	0.443059	0.379341	530.348
LLLGWLLYTLLGTLLGYLILI	LLLGWLLTTLLGTLLGYLILI	-5.2431	-3.87354	0.379341	0.443059	515.312
LLLGWLLTTLLGTLLGYLILI	LLLTWLLTTLLGTLLGYLILI	-4.04492	-4.18929	0.271676	0.591758	500.25
LLLTWLLTTLLGTLLGYLILI	LLLTWLLTTLLGTLLGTLILI	-4.63984	-4.93715	0.141213	0.917682	470.152
LLLTWLLTTLLGTLLGTLILI	LLLTYLLTTLLGTLLGTLILI	-5.25597	-7.72521	0.598868	0.267575	455.171
LLLTYLLTTLLGTLLGTLILI	LLLYYLLTTLLGTLLGTLILI	-7.37151	-6.27643	0.62127	0.255144	440.27
LLLYYLLTTLLGTLLGTLILI	LLLYYLLYTLLGTLLGTLILI	-6.12422	-7.03781	0.407346	0.413356	425.475
LLLYYLLYTLLGTLLGTLILI	LLLYVLLYTLLGTLLGTLILI	-6.1695	-6.17653	1.28166	0.0721588	410.812
LLLYVLLYTLLGTLLGTLILI	LLLGVLLYTLLGTLLGTLILI	-5.79375	-5.80365	0.454934	0.368877	396.304
LLLGVLLYTLLGTLLGTLILI	LLLGVLLWTLLGTLLGTLILI	-5.90496	-6.38001	0.267575	0.598868	381.976
LLLGVLLWTLLGTLLGTLILI	LLLGTLLWTLLGTLLGTLILI	-6.90603	-6.22051	0.0728516	1.27634	367.849
LLLGTLLWTLLGTLLGTLILI	LLLGVLLWTLLGTLLGTLILI	-6.22051	-7.36228	1.27634	0.0728516	353.943
LLLGVLLWTLLGTLLGTLILI	LLLGFLLWTLLGTLLGTLILI	-7.09451	-7.19246	0.340616	0.489394	340.278
LLLGFLLWTLLGTLLGTLILI	LLLGVLLWTLLGTLLGTLILI	-7.19246	-6.99392	0.489394	0.340616	326.872
LLLGVLLWTLLGTLLGTLILI	LLLGVLLYTLLGTLLGTLILI	-6.73567	-6.00555	0.598868	0.267575	300.898
LLLGVLLYTLLGTLLGTLILI	LLLYVLLYTLLGTLLGTLILI	-5.90425	-5.81281	0.368877	0.454934	288.358
LLLYVLLYTLLGTLLGTLILI	LLLGVLLYTLLGTLLGTLILI	-5.81281	-5.90425	0.454934	0.368877	276.131
LLLGVLLYTLLGTLLGTLILI	LLLGVLLWTLLGTLLGTLILI	-6.00555	-6.73567	0.267575	0.598868	264.228
LLLGVLLWTLLGTLLGTLILI	LLLGYLLWTLLGTLLGTLILI	-7.14006	-6.90384	0.194474	0.753596	241.419
LLLGYLLWTLLGTLLGTLILI	LLLTYLLWTLLGTLLGTLILI	-7.38576	-7.51439	0.271676	0.591758	230.526
LLLTYLLWTLLGTLLGTLILI	LLLTFLLWTLLGTLLGTLILI	-7.45577	-7.30703	0.650378	0.240035	219.977
LLLTFLLWTLLGTLLGTLILI	LLLTTLLWTLLGTLLGTLILI	-7.47226	-7.02783	0.0748068	1.26162	199.923
LLLTTLLWTLLGTLLGTLILI	LLLTYLLWTLLGTLLGTLILI	-7.37177	-9.06818	0.917682	0.141213	190.417
LLLTYLLWTLLGTLLGTLILI	LLLTFLLWTLLGTLLGTLILI	-8.55901	-7.8921	0.650378	0.240035	107.601
LLLTFLLWTLLGTLLGTLILI	LLLTYLLWTLLGTLLGTLILI	-7.8921	-8.71382	0.240035	0.650378	19.1517
Time: 184s
