***STARTING GEOMETRY:***
xShift: 8.95081
crossingAngle: -41.7422
axialRotation: -67.8601
zShift: 0.401124

Number of MCCycles: 200
PrevSequence	CurrSequence	PrevEnergy	CurrEnergy	PrevEntropy	CurrEntropy	CurrentTemp
LLLTVLLTTLLGTLLTFLILI	LLLTVLLTVLLGTLLTFLILI	0.00879039	-4.31301	1.03786	0.112614	999.847
LLLTVLLTVLLGTLLTFLILI	LLLGVLLTVLLGTLLTFLILI	-3.67131	-3.93453	0.754313	0.194196	999.684
LLLGVLLTVLLGTLLTFLILI	LLLGVLLYVLLGTLLTFLILI	-3.43512	-5.01842	0.693609	0.219549	999.512
LLLGVLLYVLLGTLLTFLILI	LLLGVLLYTLLGTLLTFLILI	-5.06065	-8.15184	0.177314	0.800152	999.328
LLLGVLLYTLLGTLLTFLILI	LLLGVLLYTLLGYLLTFLILI	-8.50893	-7.36029	0.443059	0.379341	999.134
LLLGVLLYTLLGYLLTFLILI	LLLGVLLTTLLGYLLTFLILI	-7.36029	-5.80489	0.379341	0.443059	998.928
LLLGVLLTTLLGYLLTFLILI	LLLGYLLTTLLGYLLTFLILI	-6.14276	-6.40661	0.105187	1.07465	998.708
LLLGYLLTTLLGYLLTFLILI	LLLGYLLTTLLGYLLTTLILI	-7.38914	-7.51782	0.0921195	1.14683	998.476
LLLGYLLTTLLGYLLTTLILI	LLLGYLLTTLLGTLLTTLILI	-8.4095	-9.804	0.255144	0.62127	998.229
LLLGYLLTTLLGTLLTTLILI	LLLGYLLYTLLGTLLTTLILI	-9.804	-10.4995	0.62127	0.255144	997.967
LLLGYLLYTLLGTLLTTLILI	LLLGYLLYYLLGTLLTTLILI	-10.3473	-9.48881	0.407346	0.413356	997.689
LLLGYLLYYLLGTLLTTLILI	LLLGYLLTYLLGTLLTTLILI	-9.48881	-8.54993	0.413356	0.407346	997.394
LLLGYLLTYLLGTLLTTLILI	LLLGYLLTYLLGFLLTTLILI	-7.81044	-5.7407	1.14683	0.0921195	996.749
LLLGYLLTYLLGFLLTTLILI	LLLGYLLTYLLGTLLTTLILI	-5.7407	-7.29199	0.0921195	1.14683	996.397
LLLGYLLTYLLGTLLTTLILI	LLLTYLLTYLLGTLLTTLILI	-8.2787	-8.11055	0.160122	0.85234	996.023
LLLTYLLTYLLGTLLTTLILI	LLLTYLLTYLLGYLLTTLILI	-8.48615	-6.98302	0.476739	0.350648	995.626
LLLTYLLTYLLGYLLTTLILI	LLLTYLLTYLLGTLLTTLILI	-6.98302	-8.99296	0.350648	0.476739	995.205
LLLTYLLTYLLGTLLTTLILI	LLLTYLLTYLLGTLLTYLILI	-8.99296	-8.05213	0.476739	0.350648	994.758
LLLTYLLTYLLGTLLTYLILI	LLLTYLLTTLLGTLLTYLILI	-8.05213	-9.59228	0.350648	0.476739	994.285
LLLTYLLTTLLGTLLTYLILI	LLLTWLLTTLLGTLLTYLILI	-9.61783	-8.12918	0.451187	0.372136	993.782
LLLTWLLTTLLGTLLTYLILI	LLLTWLLWTLLGTLLTYLILI	-8.0733	-4.75616	0.428016	0.393183	993.249
LLLTWLLWTLLGTLLTYLILI	LLLTWLLTTLLGTLLTYLILI	-4.75616	-7.88054	0.393183	0.428016	992.683
LLLTWLLTTLLGTLLTYLILI	LLLTWLLTTLLGTLLTTLILI	-8.18867	-8.71723	0.119894	1.0043	992.084
LLLTWLLTTLLGTLLTTLILI	LLLTWLLVTLLGTLLTTLILI	-8.22846	-5.81263	1.49307	0.0495498	991.448
LLLTWLLVTLLGTLLTTLILI	LLLGWLLVTLLGTLLTTLILI	-5.00984	-5.30823	0.85234	0.160122	990.773
LLLGWLLVTLLGTLLTTLILI	LLLGYLLVTLLGTLLTTLILI	-4.86948	-6.18928	0.598868	0.267575	990.058
LLLGYLLVTLLGTLLTTLILI	LLLGYLLVTLLGTLLGTLILI	-5.8651	-1.93205	0.591758	0.271676	989.3
LLLGYLLVTLLGTLLGTLILI	LLLGYLLVTLLGTLLGYLILI	-1.76066	-0.568867	0.443059	0.379341	988.496
LLLGYLLVTLLGTLLGYLILI	LLLGWLLVTLLGTLLGYLILI	-0.497022	-0.289446	0.451187	0.372136	987.644
LLLGWLLVTLLGTLLGYLILI	LLLTWLLVTLLGTLLGYLILI	-0.321402	-0.567273	0.34018	0.489954	986.74
LLLTWLLVTLLGTLLGYLILI	LLLTYLLVTLLGTLLGYLILI	-0.685091	-1.94437	0.372136	0.451187	985.783
LLLTYLLVTLLGTLLGYLILI	LLLTYLLVYLLGTLLGYLILI	-2.06683	-0.526888	0.328724	0.505042	984.769
LLLTYLLVYLLGTLLGYLILI	LLLTYLLVTLLGTLLGYLILI	-0.526888	-2.06683	0.505042	0.328724	983.694
LLLTYLLVTLLGTLLGYLILI	LLLTYLLVTLLGTLLGTLILI	-2.09074	-2.65198	0.30482	0.538845	982.555
LLLTYLLVTLLGTLLGTLILI	LLLTYLLVTLLGYLLGTLILI	-2.65198	-1.52357	0.538845	0.30482	981.348
LLLTYLLVTLLGYLLGTLILI	LLLTYLLVTLLGTLLGTLILI	-1.52357	-3.10875	0.30482	0.538845	980.071
LLLTYLLVTLLGTLLGTLILI	LLLTYLLVYLLGTLLGTLILI	-3.10875	-1.74475	0.538845	0.30482	978.717
LLLTYLLVYLLGTLLGTLILI	LLLTYLLVYLLGTLLGYLILI	-1.72084	-0.634254	0.328724	0.505042	977.285
LLLTYLLVYLLGTLLGYLILI	LLLTYLLTYLLGTLLGYLILI	-1.04403	-3.94543	0.0952708	1.12845	975.768
LLLTYLLTYLLGTLLGYLILI	LLLTYLLTYLLGTLLGTLILI	-4.66053	-5.54731	0.413356	0.407346	974.162
LLLTYLLTYLLGTLLGTLILI	LLLYYLLTYLLGTLLGTLILI	-5.54731	-4.95408	0.407346	0.413356	972.463
LLLYYLLTYLLGTLLGTLILI	LLLYYLLYYLLGTLLGTLILI	-5.10539	-5.36061	0.262045	0.608671	970.666
LLLYYLLYYLLGTLLGTLILI	LLLYYLLYTLLGTLLGTLILI	-5.36061	-7.77045	0.608671	0.262045	968.764
LLLYYLLYTLLGTLLGTLILI	LLLYYLLYTLLGTLLGFLILI	-7.02819	-5.38983	1.0043	0.119894	966.754
LLLYYLLYTLLGTLLGFLILI	LLLYYLLTTLLGTLLGFLILI	-5.00468	-3.49479	0.505042	0.328724	964.627
LLLYYLLTTLLGTLLGFLILI	LLLYYLLYTLLGTLLGFLILI	-3.49479	-3.63307	0.328724	0.505042	962.38
LLLYYLLYTLLGTLLGFLILI	LLLYYLLYTLLGTLLGTLILI	-4.01822	-5.64663	0.119894	1.0043	960.005
LLLYYLLYTLLGTLLGTLILI	LLLYYLLYTLLGYLLGTLILI	-6.38888	-5.97409	0.262045	0.608671	957.496
LLLYYLLYTLLGYLLGTLILI	LLLYVLLYTLLGYLLGTLILI	-5.14802	-5.17102	1.43473	0.0549268	954.846
LLLYVLLYTLLGYLLGTLILI	LLLYYLLYTLLGYLLGTLILI	-5.17102	-5.14802	0.0549268	1.43473	952.048
LLLYYLLYTLLGYLLGTLILI	LLLYYLLYTLLGYLLGYLILI	-6.42882	-3.46656	0.153938	0.8727	949.095
LLLYYLLYTLLGYLLGYLILI	LLLYYLLYFLLGYLLGYLILI	-3.80041	-1.29007	0.538845	0.30482	945.979
LLLYYLLYFLLGYLLGYLILI	LLLYYLLYFLLGTLLGYLILI	-0.383823	-4.23821	1.21106	0.0819586	942.693
LLLYYLLYFLLGTLLGYLILI	LLLYYLLTFLLGTLLGYLILI	-3.54662	-3.43545	0.773553	0.186892	939.229
LLLYYLLTFLLGTLLGYLILI	LLLYTLLTFLLGTLLGYLILI	-3.1173	-7.314	0.505042	0.328724	935.578
LLLYTLLTFLLGTLLGYLILI	LLLYTLLTFLLGFLLGYLILI	-6.94911	-5.98036	0.693609	0.219549	931.732
LLLYTLLTFLLGFLLGYLILI	LLLYTLLTTLLGFLLGYLILI	-5.98036	-7.44847	0.219549	0.693609	927.683
LLLYTLLTTLLGFLLGYLILI	LLLYTLLTTLLGTLLGYLILI	-8.04996	-9.89185	0.0921195	1.14683	923.422
LLLYTLLTTLLGTLLGYLILI	LLLYTLLTTLLGYLLGYLILI	-10.6313	-8.27096	0.407346	0.413356	918.939
LLLYTLLTTLLGYLLGYLILI	LLLYTLLTTLLGTLLGYLILI	-8.27096	-10.7345	0.413356	0.407346	909.276
LLLYTLLTTLLGTLLGYLILI	LLLYTLLTTLLGTLLGTLILI	-10.8867	-11.7724	0.255144	0.62127	904.077
LLLYTLLTTLLGTLLGTLILI	LLLYTLLTTLLGYLLGTLILI	-11.7724	-10.8282	0.62127	0.255144	892.899
LLLYTLLTTLLGYLLGTLILI	LLLYTLLTTLLGTLLGTLILI	-10.8282	-11.7724	0.255144	0.62127	886.903
LLLYTLLTTLLGTLLGTLILI	LLLYTLLTTLLGTLLGYLILI	-11.7724	-10.8867	0.62127	0.255144	880.623
LLLYTLLTTLLGTLLGYLILI	LLLYTLLTTLLGTLLGTLILI	-10.8867	-11.7724	0.255144	0.62127	874.051
LLLYTLLTTLLGTLLGTLILI	LLLYTLLTTLLGTLLGYLILI	-11.7724	-10.8867	0.62127	0.255144	867.179
LLLYTLLTTLLGTLLGYLILI	LLLYTLLTTLLGYLLGYLILI	-10.7345	-8.37409	0.407346	0.413356	859.999
LLLYTLLTTLLGYLLGYLILI	LLLYTLLTTLLGTLLGYLILI	-8.37409	-10.7345	0.413356	0.407346	852.504
LLLYTLLTTLLGTLLGYLILI	LLLYTLLTTLLGYLLGYLILI	-10.7345	-8.42688	0.407346	0.413356	844.686
LLLYTLLTTLLGYLLGYLILI	LLLYTLLTTLLGTLLGYLILI	-8.42688	-10.5929	0.413356	0.407346	836.541
LLLYTLLTTLLGTLLGYLILI	LLLYTLLTTLLGTLLGTLILI	-10.7451	-11.6692	0.255144	0.62127	828.061
LLLYTLLTTLLGTLLGTLILI	LLLYTLLTTLLGTLLGYLILI	-11.6692	-10.6875	0.62127	0.255144	819.243
LLLYTLLTTLLGTLLGYLILI	LLLYTLLTTLLGTLLGTLILI	-10.6875	-11.6692	0.255144	0.62127	800.577
LLLYTLLTTLLGTLLGTLILI	LLLYTLLTTLLGTLLGYLILI	-11.6692	-10.8482	0.62127	0.255144	790.724
LLLYTLLTTLLGTLLGYLILI	LLLYTLLTVLLGTLLGYLILI	-9.82702	-7.5543	1.27634	0.0728516	780.523
LLLYTLLTVLLGTLLGYLILI	LLLYTLLTTLLGTLLGYLILI	-7.5543	-9.86547	0.0728516	1.27634	769.974
LLLYTLLTTLLGTLLGYLILI	LLLYTLLTYLLGTLLGYLILI	-10.7345	-7.64566	0.407346	0.413356	759.081
LLLYTLLTYLLGTLLGYLILI	LLLYTLLTTLLGTLLGYLILI	-7.64566	-10.6313	0.413356	0.407346	747.845
LLLYTLLTTLLGTLLGYLILI	LLLYTLLTTLLGTLLGTLILI	-10.7835	-11.6692	0.255144	0.62127	736.272
LLLYTLLTTLLGTLLGTLILI	LLLYTLLTTLLGTLLGYLILI	-11.6692	-10.8482	0.62127	0.255144	724.369
LLLYTLLTTLLGTLLGYLILI	LLLYTLLTTLLGTLLGTLILI	-10.8482	-11.6692	0.255144	0.62127	712.142
LLLYTLLTTLLGTLLGTLILI	LLLYTLLTTLLGTLLGYLILI	-11.6692	-10.8482	0.62127	0.255144	673.628
LLLYTLLTTLLGTLLGYLILI	LLLYTLLTTLLGTLLGTLILI	-10.8482	-11.7724	0.255144	0.62127	646.557
LLLYTLLTTLLGTLLGTLILI	LLLYTLLTTLLGYLLGTLILI	-11.7724	-10.8282	0.62127	0.255144	632.651
LLLYTLLTTLLGYLLGTLILI	LLLYTLLVTLLGYLLGTLILI	-9.80696	-6.36193	1.27634	0.0728516	618.524
LLLYTLLVTLLGYLLGTLILI	LLLYTLLVTLLGTLLGTLILI	-6.12997	-7.32111	0.30482	0.538845	604.196
LLLYTLLVTLLGTLLGTLILI	LLLYTLLVTLLGYLLGTLILI	-7.32111	-6.23314	0.538845	0.30482	589.688
LLLYTLLVTLLGYLLGTLILI	LLLYTLLVTLLGTLLGTLILI	-6.23314	-7.32111	0.30482	0.538845	560.23
LLLYTLLVTLLGTLLGTLILI	LLLYTLLVTLLGYLLGTLILI	-7.32111	-6.23314	0.538845	0.30482	545.329
LLLYTLLVTLLGYLLGTLILI	LLLYTLLVTLLGYLLGYLILI	-6.20923	-3.78963	0.328724	0.505042	530.348
LLLYTLLVTLLGYLLGYLILI	LLLYTLLVTLLGTLLGYLILI	-3.78963	-6.25142	0.505042	0.328724	515.312
LLLYTLLVTLLGTLLGYLILI	LLLYTLLVTLLGTLLGTLILI	-6.27532	-7.21794	0.30482	0.538845	500.25
LLLYTLLVTLLGTLLGTLILI	LLLYTLLTTLLGTLLGTLILI	-7.6978	-10.9991	0.0589809	1.39457	455.171
LLLYTLLTTLLGTLLGTLILI	LLLYTLLTTLLGYLLGTLILI	-11.7724	-10.6723	0.62127	0.255144	440.27
LLLYTLLTTLLGYLLGTLILI	LLLYTLLTTLLGTLLGTLILI	-10.6723	-11.7149	0.255144	0.62127	410.812
LLLYTLLTTLLGTLLGTLILI	LLLYTLLTTLLGTLLGYLILI	-11.7149	-10.8867	0.62127	0.255144	396.304
LLLYTLLTTLLGTLLGYLILI	LLLYTLLTTLLGTLLGTLILI	-10.8867	-11.7724	0.255144	0.62127	381.976
LLLYTLLTTLLGTLLGTLILI	LLLYTLLTTLLGYLLGTLILI	-11.7724	-10.8282	0.62127	0.255144	340.278
LLLYTLLTTLLGYLLGTLILI	LLLYTLLTTLLGTLLGTLILI	-10.8282	-11.7724	0.255144	0.62127	313.74
LLLYTLLTTLLGTLLGTLILI	LLLYTLLTTLLGYLLGTLILI	-11.7724	-10.7563	0.62127	0.255144	300.898
LLLYTLLTTLLGYLLGTLILI	LLLYTLLTTLLGTLLGTLILI	-10.7563	-11.7341	0.255144	0.62127	276.131
LLLYTLLTTLLGTLLGTLILI	LLLYTLLTTLLGTLLGYLILI	-11.7341	-10.8867	0.62127	0.255144	252.655
LLLYTLLTTLLGTLLGYLILI	LLLYTLLTTLLGTLLGTLILI	-10.8867	-11.6692	0.255144	0.62127	209.776
LLLYTLLTTLLGTLLGTLILI	LLLYTLLTTLLGTLLGYLILI	-11.6692	-10.8867	0.62127	0.255144	140.501
LLLYTLLTTLLGTLLGYLILI	LLLYTLLTTLLGTLLGTLILI	-10.8867	-11.7149	0.255144	0.62127	133.321
LLLYTLLTTLLGTLLGTLILI	LLLYTLLTTLLGTLLGYLILI	-11.7149	-10.8867	0.62127	0.255144	119.877
LLLYTLLTTLLGTLLGYLILI	LLLYTLLTTLLGTLLGTLILI	-10.8867	-11.7724	0.255144	0.62127	113.597
Time: 205s
