***STARTING GEOMETRY:***
xShift: 6.33921
crossingAngle: -44.4596
axialRotation: 6.1124
zShift: 4.56414

Number of MCCycles: 100
PrevSequence	CurrSequence	PrevEnergy	CurrEnergy	PrevEntropy	CurrEntropy	CurrentTemp
LLLLLLGTLLGTLLGTLLILI	LLLLLLGTLLGWLLGTLLILI	-33.4512	-36.5541	0.48602	0.343253	999.684
LLLLLLGTLLGWLLGTLLILI	LLLLLLGTLLGWLLATLLILI	-35.832	-33.5872	1.06535	0.107014	999.328
LLLLLLGTLLGWLLATLLILI	LLLLLLGTLLGWLLGTLLILI	-33.5872	-34.7826	0.107014	1.06535	998.476
LLLLLLGTLLGWLLGTLLILI	LLLLLLGVLLGWLLGTLLILI	-34.917	-31.068	0.930859	0.137712	997.967
LLLLLLGVLLGWLLGTLLILI	LLLLLLGTLLGWLLGTLLILI	-31.068	-34.9171	0.137712	0.930859	997.394
LLLLLLGTLLGWLLGTLLILI	LLLLLLGTLLGTLLGTLLILI	-35.5047	-35.477	0.343253	0.48602	996.749
LLLLLLGTLLGTLLGTLLILI	LLLLLLGTLLGWLLGTLLILI	-35.477	-35.4437	0.48602	0.343253	996.023
LLLLLLGTLLGWLLGTLLILI	LLLLLLGTLLGTLLGTLLILI	-35.4437	-35.477	0.343253	0.48602	995.205
LLLLLLGTLLGTLLGTLLILI	LLLYLLGTLLGTLLGTLLILI	-35.6501	-34.7768	0.312976	0.526939	994.285
LLLYLLGTLLGTLLGTLLILI	LLLYLLGTLLGWLLGTLLILI	-34.8177	-33.8809	0.48602	0.343253	993.249
LLLYLLGTLLGWLLGTLLILI	LLLYLLGTLLGWLLGYLLILI	-33.8954	-31.3027	0.328724	0.505042	990.773
LLLYLLGTLLGWLLGYLLILI	LLLYLLGTLLGTLLGYLLILI	-31.3468	-31.4186	0.460972	0.363705	989.3
LLLYLLGTLLGTLLGYLLILI	LLLYLLGTLLGWLLGYLLILI	-31.4186	-30.9857	0.363705	0.460972	987.644
LLLYLLGTLLGWLLGYLLILI	LLLYLLGTLLGTLLGYLLILI	-30.9857	-31.4186	0.460972	0.363705	985.783
LLLYLLGTLLGTLLGYLLILI	LLLYLLGTLLGTLLAYLLILI	-30.7169	-29.5439	1.06535	0.107014	983.694
LLLYLLGTLLGTLLAYLLILI	LLLLLLGTLLGTLLAYLLILI	-28.8497	-30.1334	0.801241	0.176934	981.348
LLLLLLGTLLGTLLAYLLILI	LLLLLLGTLLGWLLAYLLILI	-29.9466	-29.4387	0.363705	0.460972	978.717
LLLLLLGTLLGWLLAYLLILI	LLLLLLGTLLGWLLATLLILI	-29.5948	-32.201	0.30482	0.538845	975.768
LLLLLLGTLLGWLLATLLILI	LLLLLLGTLLGWLLGTLLILI	-32.6328	-34.7215	0.107014	1.06535	972.463
LLLLLLGTLLGWLLGTLLILI	LLLLLLGTLLGWLLATLLILI	-34.7215	-33.5335	1.06535	0.107014	968.764
LLLLLLGTLLGWLLATLLILI	LLLLLLGTLLGWLLAYLLILI	-33.1017	-30.8014	0.538845	0.30482	964.627
LLLLLLGTLLGWLLAYLLILI	LLLLLLGTLLGTLLAYLLILI	-30.6452	-29.9466	0.460972	0.363705	960.005
LLLLLLGTLLGTLLAYLLILI	LLLLLLGTLLGTLLATLLILI	-30.0908	-33.0976	0.219549	0.693609	954.846
LLLLLLGTLLGTLLATLLILI	LLLYLLGTLLGTLLATLLILI	-33.4782	-32.6049	0.312976	0.526939	949.095
LLLYLLGTLLGTLLATLLILI	LLLYLLGTLLGTLLGTLLILI	-33.0248	-34.2384	0.107014	1.06535	942.693
LLLYLLGTLLGTLLGTLLILI	LLLYLLGTLLGTLLATLLILI	-34.2384	-33.0248	1.06535	0.107014	935.578
LLLYLLGTLLGTLLATLLILI	LLLLLLGTLLGTLLATLLILI	-32.6049	-33.4782	0.526939	0.312976	927.683
LLLLLLGTLLGTLLATLLILI	LLLLLLGTLLGTLLGTLLILI	-33.6842	-34.8977	0.107014	1.06535	918.939
LLLLLLGTLLGTLLGTLLILI	LLLLLLGTLLGWLLGTLLILI	-35.477	-34.5874	0.48602	0.343253	909.276
LLLLLLGTLLGWLLGTLLILI	LLLLLLGTLLGWLLGVLLILI	-33.9998	-32.5186	0.930859	0.137712	898.621
LLLLLLGTLLGWLLGVLLILI	LLLLLLGTLLGWLLGTLLILI	-32.5186	-33.9998	0.137712	0.930859	886.903
LLLLLLGTLLGWLLGTLLILI	LLLLLLGTLLGWLLSTLLILI	-34.1762	-33.471	0.754431	0.19415	874.051
LLLLLLGTLLGWLLSTLLILI	LLLYLLGTLLGWLLSTLLILI	-33.3522	-32.0389	0.312976	0.526939	859.999
LLLYLLGTLLGWLLSTLLILI	LLLYLLGTLLGWLLGTLLILI	-32.3717	-33.4697	0.19415	0.754431	844.686
LLLYLLGTLLGWLLGTLLILI	LLLYLLGTLLGWLLGYLLILI	-33.8954	-31.1756	0.328724	0.505042	828.061
LLLYLLGTLLGWLLGYLLILI	LLLYLLGTLLGWLLGTLLILI	-31.1756	-34.7649	0.505042	0.328724	810.083
LLLYLLGTLLGWLLGTLLILI	LLLYLLGTLLGTLLGTLLILI	-34.7504	-34.8177	0.343253	0.48602	790.724
LLLYLLGTLLGTLLGTLLILI	LLLYLLGTLLGTLLGVLLILI	-34.1753	-31.4778	1.12845	0.0952708	769.974
LLLYLLGTLLGTLLGVLLILI	LLLYLLGTLLGWLLGVLLILI	-31.2094	-30.5868	0.363705	0.460972	747.845
LLLYLLGTLLGWLLGVLLILI	LLLLLLGTLLGWLLGVLLILI	-30.5208	-31.2001	0.526939	0.312976	724.369
LLLLLLGTLLGWLLGVLLILI	LLLYLLGTLLGWLLGVLLILI	-31.2001	-31.3891	0.312976	0.526939	699.602
LLLYLLGTLLGWLLGVLLILI	LLLYLLGTLLGTLLGVLLILI	-31.4551	-31.2094	0.460972	0.363705	673.628
LLLYLLGTLLGTLLGVLLILI	LLLYLLGTLLGTLLGTLLILI	-31.4778	-34.1753	0.0952708	1.12845	646.557
LLLYLLGTLLGTLLGTLLILI	LLLYLLGTLLGWLLGTLLILI	-34.8177	-33.8809	0.48602	0.343253	618.524
LLLYLLGTLLGWLLGTLLILI	LLLLLLGTLLGWLLGTLLILI	-33.6972	-36.3302	0.526939	0.312976	589.688
LLLLLLGTLLGWLLGTLLILI	LLLLLLGTLLGTLLGTLLILI	-36.3	-35.477	0.343253	0.48602	560.23
LLLLLLGTLLGTLLGTLLILI	LLLLLLGTLLGWLLGTLLILI	-35.477	-35.5046	0.48602	0.343253	530.348
LLLLLLGTLLGWLLGTLLILI	LLLLLLGTLLGTLLGTLLILI	-35.5046	-35.477	0.343253	0.48602	500.25
LLLLLLGTLLGTLLGTLLILI	LLLYLLGTLLGTLLGTLLILI	-35.6501	-34.7768	0.312976	0.526939	470.152
LLLYLLGTLLGTLLGTLLILI	LLLYLLGTLLGTLLATLLILI	-34.2384	-33.0248	1.06535	0.107014	440.27
LLLYLLGTLLGTLLATLLILI	LLLYLLGVLLGTLLATLLILI	-32.0034	-30.6672	1.12845	0.0952708	410.812
LLLYLLGVLLGTLLATLLILI	LLLYLLGTLLGTLLATLLILI	-30.6672	-32.0034	0.0952708	1.12845	381.976
LLLYLLGTLLGTLLATLLILI	LLLYLLGTLLGWLLATLLILI	-32.6458	-31.6901	0.48602	0.343253	353.943
LLLYLLGTLLGWLLATLLILI	LLLYLLGTLLGTLLATLLILI	-31.6901	-32.6458	0.343253	0.48602	326.872
LLLYLLGTLLGTLLATLLILI	LLLLLLGTLLGTLLATLLILI	-32.6049	-33.4782	0.526939	0.312976	300.898
LLLLLLGTLLGTLLATLLILI	LLLLLLGTLLGWLLATLLILI	-33.3052	-33.284	0.48602	0.343253	276.131
LLLLLLGTLLGWLLATLLILI	LLLLLLGTLLGTLLATLLILI	-33.284	-33.3052	0.343253	0.48602	252.655
LLLLLLGTLLGTLLATLLILI	LLLLLLGTLLGTLLGTLLILI	-33.6842	-34.8977	0.107014	1.06535	230.526
LLLLLLGTLLGTLLGTLLILI	LLLWLLGTLLGTLLGTLLILI	-35.7647	-35.6978	0.198389	0.743646	190.417
LLLWLLGTLLGTLLGTLLILI	LLLLLLGTLLGTLLGTLLILI	-35.6978	-35.7647	0.743646	0.198389	155.814
LLLLLLGTLLGTLLGTLLILI	LLLLLLGTLLGWLLGTLLILI	-35.477	-35.4437	0.48602	0.343253	91.2238
LLLLLLGTLLGWLLGTLLILI	LLLLLLGTLLGTLLGTLLILI	-35.4437	-35.477	0.343253	0.48602	72.8169
LLLLLLGTLLGTLLGTLLILI	LLLLLLGTLLGWLLGTLLILI	-35.477	-35.5046	0.48602	0.343253	57.8066
LLLLLLGTLLGWLLGTLLILI	LLLLLLGTLLGTLLGTLLILI	-35.5046	-35.477	0.343253	0.48602	35.8726
LLLLLLGTLLGTLLGTLLILI	LLLLLLGTLLGWLLGTLLILI	-35.477	-35.5047	0.48602	0.343253	28.0365
LLLLLLGTLLGWLLGTLLILI	LLLLLLGTLLGTLLGTLLILI	-35.5047	-35.477	0.343253	0.48602	16.8064
LLLLLLGTLLGTLLGTLLILI	LLLLLLGTLLGWLLGTLLILI	-35.477	-35.4437	0.48602	0.343253	12.8564
LLLLLLGTLLGWLLGTLLILI	LLLILLGTLLGWLLGTLLILI	-35.1945	-35.2955	0.592457	0.27127	11.2003
LLLILLGTLLGWLLGTLLILI	LLLLLLGTLLGWLLGTLLILI	-35.2955	-36.1731	0.27127	0.592457	2.02402
Time: 61s
