MCAccept 0 xShift: 6.54731 crossingAngle: -36.5583 axialRotation: -25.4904 zShift: 0.10282 energy: 522.587
MCAccept 1 xShift: 6.53543 crossingAngle: -36.5583 axialRotation: -25.4904 zShift: 0.10282 energy: 522.567
MCAccept 2 xShift: 6.53543 crossingAngle: -36.5923 axialRotation: -25.4904 zShift: 0.10282 energy: 522.567
MCAccept 3 xShift: 6.53543 crossingAngle: -36.6869 axialRotation: -25.4904 zShift: 0.10282 energy: 514.44
MCReject   xShift: 6.53543 crossingAngle: -36.6869 axialRotation: -25.4904 zShift: 0.110968 energy: 536.278
MCReject   xShift: 6.54268 crossingAngle: -36.6869 axialRotation: -25.4904 zShift: 0.10282 energy: 522.567
MCReject   xShift: 6.53543 crossingAngle: -36.6869 axialRotation: -25.4904 zShift: 0.100032 energy: 518.038
MCReject   xShift: 6.53469 crossingAngle: -36.6869 axialRotation: -25.4904 zShift: 0.10282 energy: 522.664
MCReject   xShift: 6.52747 crossingAngle: -36.6869 axialRotation: -25.4904 zShift: 0.10282 energy: 522.567
MCReject   xShift: 6.53543 crossingAngle: -36.6869 axialRotation: -25.4904 zShift: 0.0990306 energy: 516.453
MCReject   xShift: 6.53543 crossingAngle: -36.6869 axialRotation: -25.5164 zShift: 0.10282 energy: 522.587
MCReject   xShift: 6.54957 crossingAngle: -36.6869 axialRotation: -25.4904 zShift: 0.10282 energy: 522.567
MCAccept 4 xShift: 6.53543 crossingAngle: -36.6869 axialRotation: -25.4904 zShift: 0.0868783 energy: 497.765
MCAccept 5 xShift: 6.54231 crossingAngle: -36.6869 axialRotation: -25.4904 zShift: 0.0868783 energy: 497.765
MCAccept 6 xShift: 6.54231 crossingAngle: -36.6869 axialRotation: -25.5549 zShift: 0.0868783 energy: 497.765
MCAccept 7 xShift: 6.54231 crossingAngle: -36.6869 axialRotation: -25.6419 zShift: 0.0868783 energy: 489.051
MCAccept 8 xShift: 6.54231 crossingAngle: -36.6869 axialRotation: -25.6986 zShift: 0.0868783 energy: 489.156
MCReject   xShift: 6.54231 crossingAngle: -36.6869 axialRotation: -25.8079 zShift: 0.0868783 energy: 497.765
MCReject   xShift: 6.54231 crossingAngle: -36.6869 axialRotation: -25.6986 zShift: 0.0995769 energy: 517.308
MCReject   xShift: 6.54231 crossingAngle: -36.6869 axialRotation: -25.6986 zShift: 0.102585 energy: 514.018
MCReject   xShift: 6.54231 crossingAngle: -36.6869 axialRotation: -25.7341 zShift: 0.0868783 energy: 497.765
MCAccept 9 xShift: 6.53428 crossingAngle: -36.6869 axialRotation: -25.6986 zShift: 0.0868783 energy: 489.079
MCAccept 10 xShift: 6.53428 crossingAngle: -36.6869 axialRotation: -25.6879 zShift: 0.0868783 energy: 489.051
MCReject   xShift: 6.53428 crossingAngle: -36.6869 axialRotation: -25.6879 zShift: 0.0862991 energy: 496.913
MCAccept 11 xShift: 6.53428 crossingAngle: -36.8394 axialRotation: -25.6879 zShift: 0.0868783 energy: 489.073
MCReject   xShift: 6.53428 crossingAngle: -36.6967 axialRotation: -25.6879 zShift: 0.0868783 energy: 497.785
MCReject   xShift: 6.53923 crossingAngle: -36.8394 axialRotation: -25.6879 zShift: 0.0868783 energy: 497.765
MCReject   xShift: 6.53428 crossingAngle: -36.7544 axialRotation: -25.6879 zShift: 0.0868783 energy: 497.765
MCAccept 12 xShift: 6.53428 crossingAngle: -36.8394 axialRotation: -25.6879 zShift: 0.0672278 energy: 461.273
MCReject   xShift: 6.53428 crossingAngle: -36.8394 axialRotation: -25.6879 zShift: 0.0698427 energy: 464.848
MCReject   xShift: 6.54279 crossingAngle: -36.8394 axialRotation: -25.6879 zShift: 0.0672278 energy: 470.648
MCAccept 13 xShift: 6.53428 crossingAngle: -36.8394 axialRotation: -25.6879 zShift: 0.0674871 energy: 461.629
MCReject   xShift: 6.53428 crossingAngle: -36.8394 axialRotation: -25.6879 zShift: 0.0619451 energy: 463.97
MCAccept 14 xShift: 6.53131 crossingAngle: -36.8394 axialRotation: -25.6879 zShift: 0.0674871 energy: 461.626
MCReject   xShift: 6.53131 crossingAngle: -36.7679 axialRotation: -25.6879 zShift: 0.0674871 energy: 470.982
MCReject   xShift: 6.53131 crossingAngle: -36.9571 axialRotation: -25.6879 zShift: 0.0674871 energy: 461.712
MCAccept 15 xShift: 6.53131 crossingAngle: -36.955 axialRotation: -25.6879 zShift: 0.0674871 energy: 461.616
MCReject   xShift: 6.54629 crossingAngle: -36.955 axialRotation: -25.6879 zShift: 0.0674871 energy: 470.982
MCAccept 16 xShift: 6.53131 crossingAngle: -36.955 axialRotation: -25.7137 zShift: 0.0674871 energy: 461.637
MCReject   xShift: 6.53131 crossingAngle: -36.8813 axialRotation: -25.7137 zShift: 0.0674871 energy: 471.001
MCReject   xShift: 6.53131 crossingAngle: -37.0488 axialRotation: -25.7137 zShift: 0.0674871 energy: 471.001
MCReject   xShift: 6.53131 crossingAngle: -36.955 axialRotation: -25.9174 zShift: 0.0674871 energy: 470.982
MCReject   xShift: 6.53131 crossingAngle: -36.7947 axialRotation: -25.7137 zShift: 0.0674871 energy: 470.982
MCAccept 17 xShift: 6.53131 crossingAngle: -36.8936 axialRotation: -25.7137 zShift: 0.0674871 energy: 461.635
MCAccept 18 xShift: 6.53131 crossingAngle: -36.8936 axialRotation: -25.7137 zShift: 0.0582463 energy: 459.442
MCAccept 19 xShift: 6.53131 crossingAngle: -36.8936 axialRotation: -25.703 zShift: 0.0582463 energy: 449.783
MCReject   xShift: 6.53131 crossingAngle: -36.8936 axialRotation: -25.7842 zShift: 0.0582463 energy: 459.442
MCReject   xShift: 6.53294 crossingAngle: -36.8936 axialRotation: -25.703 zShift: 0.0582463 energy: 459.464
MCReject   xShift: 6.53131 crossingAngle: -36.9255 axialRotation: -25.703 zShift: 0.0582463 energy: 459.442
MCAccept 20 xShift: 6.53131 crossingAngle: -36.8521 axialRotation: -25.703 zShift: 0.0582463 energy: 449.791
MCReject   xShift: 6.53131 crossingAngle: -36.7155 axialRotation: -25.703 zShift: 0.0582463 energy: 459.461
MCReject   xShift: 6.53131 crossingAngle: -36.8521 axialRotation: -25.703 zShift: 0.0637752 energy: 466.274
MCAccept 21 xShift: 6.53131 crossingAngle: -37.0068 axialRotation: -25.703 zShift: 0.0582463 energy: 449.791
MCReject   xShift: 6.53281 crossingAngle: -37.0068 axialRotation: -25.703 zShift: 0.0582463 energy: 459.464
MCReject   xShift: 6.53131 crossingAngle: -37.0068 axialRotation: -25.703 zShift: 0.0688681 energy: 463.472
MCAccept 22 xShift: 6.53131 crossingAngle: -37.0068 axialRotation: -25.703 zShift: 0.0452067 energy: 444.443
MCAccept 23 xShift: 6.53131 crossingAngle: -37.0068 axialRotation: -25.703 zShift: 0.0367758 energy: 425.12
MCReject   xShift: 6.53131 crossingAngle: -37.1745 axialRotation: -25.703 zShift: 0.0367758 energy: 435.462
MCReject   xShift: 6.53131 crossingAngle: -37.1061 axialRotation: -25.703 zShift: 0.0367758 energy: 435.481
MCReject   xShift: 6.53131 crossingAngle: -37.0068 axialRotation: -25.8753 zShift: 0.0367758 energy: 435.462
MCReject   xShift: 6.53131 crossingAngle: -37.0068 axialRotation: -25.8549 zShift: 0.0367758 energy: 435.462
MCReject   xShift: 6.5187 crossingAngle: -37.0068 axialRotation: -25.703 zShift: 0.0367758 energy: 435.481
MCReject   xShift: 6.53131 crossingAngle: -37.0068 axialRotation: -25.703 zShift: 0.0562911 energy: 457.116
MCReject   xShift: 6.53131 crossingAngle: -37.0068 axialRotation: -25.9339 zShift: 0.0367758 energy: 435.462
MCReject   xShift: 6.53131 crossingAngle: -37.1061 axialRotation: -25.703 zShift: 0.0367758 energy: 435.462
MCReject   xShift: 6.53131 crossingAngle: -37.2493 axialRotation: -25.703 zShift: 0.0367758 energy: 435.462
MCReject   xShift: 6.53373 crossingAngle: -37.0068 axialRotation: -25.703 zShift: 0.0367758 energy: 435.462
MCReject   xShift: 6.53131 crossingAngle: -37.0068 axialRotation: -25.703 zShift: 0.042271 energy: 431.148
MCReject   xShift: 6.53588 crossingAngle: -37.0068 axialRotation: -25.703 zShift: 0.0367758 energy: 435.481
MCReject   xShift: 6.53131 crossingAngle: -37.0068 axialRotation: -25.703 zShift: 0.0293995 energy: 428.089
MCReject   xShift: 6.53131 crossingAngle: -37.0068 axialRotation: -25.6553 zShift: 0.0367758 energy: 435.462
MCReject   xShift: 6.53131 crossingAngle: -37.0515 axialRotation: -25.703 zShift: 0.0367758 energy: 435.462
MCReject   xShift: 6.52822 crossingAngle: -37.0068 axialRotation: -25.703 zShift: 0.0367758 energy: 435.462
MCReject   xShift: 6.53005 crossingAngle: -37.0068 axialRotation: -25.703 zShift: 0.0367758 energy: 435.481
MCReject   xShift: 6.53131 crossingAngle: -37.0068 axialRotation: -25.7261 zShift: 0.0367758 energy: 435.462
MCReject   xShift: 6.54061 crossingAngle: -37.0068 axialRotation: -25.703 zShift: 0.0367758 energy: 435.462
MCAccept 24 xShift: 6.54044 crossingAngle: -37.0068 axialRotation: -25.703 zShift: 0.0367758 energy: 425.107
MCAccept 25 xShift: 6.54044 crossingAngle: -36.9557 axialRotation: -25.703 zShift: 0.0367758 energy: 425.194
MCReject   xShift: 6.54044 crossingAngle: -36.9557 axialRotation: -25.703 zShift: 0.0300295 energy: 428.721
MCReject   xShift: 6.55201 crossingAngle: -36.9557 axialRotation: -25.703 zShift: 0.0367758 energy: 435.462
MCReject   xShift: 6.54044 crossingAngle: -36.9557 axialRotation: -25.703 zShift: 0.0403234 energy: 439.18
MCReject   xShift: 6.54044 crossingAngle: -36.9557 axialRotation: -25.703 zShift: 0.0461371 energy: 445.464
MCAccept 26 xShift: 6.54044 crossingAngle: -36.9557 axialRotation: -25.703 zShift: 0.0234013 energy: 422.404
MCReject   xShift: 6.54044 crossingAngle: -36.9557 axialRotation: -25.703 zShift: 0.0255459 energy: 424.424
MCAccept 27 xShift: 6.54044 crossingAngle: -36.7608 axialRotation: -25.703 zShift: 0.0234013 energy: 411.743
MCReject   xShift: 6.54044 crossingAngle: -36.9211 axialRotation: -25.703 zShift: 0.0234013 energy: 422.426
MCReject   xShift: 6.54044 crossingAngle: -36.7608 axialRotation: -25.703 zShift: 0.0335357 energy: 432.171
MCReject   xShift: 6.54654 crossingAngle: -36.7608 axialRotation: -25.703 zShift: 0.0234013 energy: 422.426
MCReject   xShift: 6.5417 crossingAngle: -36.7608 axialRotation: -25.703 zShift: 0.0234013 energy: 422.422
MCReject   xShift: 6.54044 crossingAngle: -36.7773 axialRotation: -25.703 zShift: 0.0234013 energy: 422.404
MCReject   xShift: 6.54044 crossingAngle: -36.7608 axialRotation: -25.703 zShift: 0.0351066 energy: 433.756
MCReject   xShift: 6.54044 crossingAngle: -36.7608 axialRotation: -25.8664 zShift: 0.0234013 energy: 422.404
MCReject   xShift: 6.54044 crossingAngle: -36.7608 axialRotation: -25.703 zShift: 0.0488559 energy: 438.504
MCReject   xShift: 6.54044 crossingAngle: -36.7608 axialRotation: -25.7887 zShift: 0.0234013 energy: 422.404
MCReject   xShift: 6.55074 crossingAngle: -36.7608 axialRotation: -25.703 zShift: 0.0234013 energy: 422.426
MCReject   xShift: 6.54044 crossingAngle: -36.8473 axialRotation: -25.703 zShift: 0.0234013 energy: 422.404
MCAccept 28 xShift: 6.54044 crossingAngle: -36.7608 axialRotation: -25.703 zShift: 0.00617936 energy: 407.565
MCAccept 29 xShift: 6.54044 crossingAngle: -36.7608 axialRotation: -25.6917 zShift: 0.00617936 energy: 407.583
MCAccept 30 xShift: 6.54044 crossingAngle: -36.7608 axialRotation: -25.6628 zShift: 0.00617936 energy: 407.565
MCAccept 31 xShift: 6.54818 crossingAngle: -36.7608 axialRotation: -25.6628 zShift: 0.00617936 energy: 407.587
MCAccept 32 xShift: 6.54818 crossingAngle: -36.7608 axialRotation: -25.6628 zShift: -0.0031943 energy: 388.908
MCReject   xShift: 6.54818 crossingAngle: -36.7608 axialRotation: -25.6628 zShift: 5.85648e-05 energy: 402.801
MCReject   xShift: 6.54818 crossingAngle: -36.7432 axialRotation: -25.6628 zShift: -0.0031943 energy: 400.373
MCReject   xShift: 6.54818 crossingAngle: -36.7781 axialRotation: -25.6628 zShift: -0.0031943 energy: 388.972
MCReject   xShift: 6.523 crossingAngle: -36.7608 axialRotation: -25.6628 zShift: -0.0031943 energy: 400.373
MCReject   xShift: 6.54818 crossingAngle: -36.7608 axialRotation: -25.8388 zShift: -0.0031943 energy: 400.391
MCReject   xShift: 6.54592 crossingAngle: -36.7608 axialRotation: -25.6628 zShift: -0.0031943 energy: 400.373
MCAccept 33 xShift: 6.54818 crossingAngle: -36.7351 axialRotation: -25.6628 zShift: -0.0031943 energy: 388.903
MCAccept 34 xShift: 6.54818 crossingAngle: -36.7351 axialRotation: -25.6628 zShift: -0.00528063 energy: 387.331
MCReject   xShift: 6.54818 crossingAngle: -36.7351 axialRotation: -25.6628 zShift: 0.00144641 energy: 403.858
MCReject   xShift: 6.54818 crossingAngle: -36.7351 axialRotation: -25.5286 zShift: -0.00528063 energy: 398.871
MCReject   xShift: 6.54811 crossingAngle: -36.7351 axialRotation: -25.6628 zShift: -0.00528063 energy: 387.4
MCReject   xShift: 6.54818 crossingAngle: -36.8603 axialRotation: -25.6628 zShift: -0.00528063 energy: 398.854
MCReject   xShift: 6.54818 crossingAngle: -36.7351 axialRotation: -25.7163 zShift: -0.00528063 energy: 398.871
MCReject   xShift: 6.54818 crossingAngle: -36.7155 axialRotation: -25.6628 zShift: -0.00528063 energy: 398.871
MCReject   xShift: 6.54818 crossingAngle: -36.7351 axialRotation: -25.712 zShift: -0.00528063 energy: 398.871
MCAccept 35 xShift: 6.54818 crossingAngle: -36.7351 axialRotation: -25.7723 zShift: -0.00528063 energy: 387.327
MCReject   xShift: 6.54818 crossingAngle: -36.7351 axialRotation: -25.7723 zShift: -0.0108082 energy: 394.97
MCReject   xShift: 6.54818 crossingAngle: -36.7351 axialRotation: -25.7242 zShift: -0.00528063 energy: 398.854
MCAccept 36 xShift: 6.54818 crossingAngle: -36.7351 axialRotation: -25.7723 zShift: -0.022344 energy: 387.504
MCAccept 37 xShift: 6.54818 crossingAngle: -36.7351 axialRotation: -25.6988 zShift: -0.022344 energy: 375.559
MCAccept 38 xShift: 6.54818 crossingAngle: -36.7351 axialRotation: -25.7482 zShift: -0.022344 energy: 375.576
MCReject   xShift: 6.5324 crossingAngle: -36.7351 axialRotation: -25.7482 zShift: -0.022344 energy: 387.521
MCReject   xShift: 6.53555 crossingAngle: -36.7351 axialRotation: -25.7482 zShift: -0.022344 energy: 387.521
MCReject   xShift: 6.54818 crossingAngle: -36.7351 axialRotation: -25.7237 zShift: -0.022344 energy: 387.504
MCAccept 39 xShift: 6.54579 crossingAngle: -36.7351 axialRotation: -25.7482 zShift: -0.022344 energy: 375.576
MCReject   xShift: 6.55586 crossingAngle: -36.7351 axialRotation: -25.7482 zShift: -0.022344 energy: 387.521
MCReject   xShift: 6.54042 crossingAngle: -36.7351 axialRotation: -25.7482 zShift: -0.022344 energy: 387.521
MCReject   xShift: 6.54579 crossingAngle: -36.6333 axialRotation: -25.7482 zShift: -0.022344 energy: 387.504
MCReject   xShift: 6.54082 crossingAngle: -36.7351 axialRotation: -25.7482 zShift: -0.022344 energy: 387.504
MCReject   xShift: 6.55389 crossingAngle: -36.7351 axialRotation: -25.7482 zShift: -0.022344 energy: 387.526
MCReject   xShift: 6.54579 crossingAngle: -36.7351 axialRotation: -25.7482 zShift: -0.026497 energy: 385.023
MCAccept 40 xShift: 6.54579 crossingAngle: -36.7351 axialRotation: -25.6274 zShift: -0.022344 energy: 375.55
MCAccept 41 xShift: 6.54579 crossingAngle: -36.7351 axialRotation: -25.4553 zShift: -0.022344 energy: 375.566
MCReject   xShift: 6.54579 crossingAngle: -36.7351 axialRotation: -25.58 zShift: -0.022344 energy: 387.504
MCReject   xShift: 6.54579 crossingAngle: -36.7351 axialRotation: -25.4553 zShift: -0.0277935 energy: 384.261
MCReject   xShift: 6.54579 crossingAngle: -36.72 axialRotation: -25.4553 zShift: -0.022344 energy: 387.521
MCReject   xShift: 6.52213 crossingAngle: -36.7351 axialRotation: -25.4553 zShift: -0.022344 energy: 387.504
MCReject   xShift: 6.54579 crossingAngle: -36.7351 axialRotation: -25.4553 zShift: -0.0148755 energy: 380.478
MCReject   xShift: 6.52458 crossingAngle: -36.7351 axialRotation: -25.4553 zShift: -0.022344 energy: 387.504
MCReject   xShift: 6.54579 crossingAngle: -36.7351 axialRotation: -25.4553 zShift: -0.0073748 energy: 397.359
MCReject   xShift: 6.54579 crossingAngle: -36.9389 axialRotation: -25.4553 zShift: -0.022344 energy: 387.504
MCReject   xShift: 6.54579 crossingAngle: -36.7351 axialRotation: -25.5361 zShift: -0.022344 energy: 387.504
MCAccept 42 xShift: 6.54579 crossingAngle: -36.7351 axialRotation: -25.438 zShift: -0.022344 energy: 375.559
MCReject   xShift: 6.54579 crossingAngle: -36.7351 axialRotation: -25.3313 zShift: -0.022344 energy: 387.521
MCAccept 43 xShift: 6.54579 crossingAngle: -36.6533 axialRotation: -25.438 zShift: -0.022344 energy: 375.566
MCReject   xShift: 6.54579 crossingAngle: -36.4753 axialRotation: -25.438 zShift: -0.022344 energy: 387.504
MCReject   xShift: 6.54579 crossingAngle: -36.6605 axialRotation: -25.438 zShift: -0.022344 energy: 387.504
MCReject   xShift: 6.54579 crossingAngle: -36.6533 axialRotation: -25.438 zShift: -0.0207483 energy: 376.567
MCReject   xShift: 6.54579 crossingAngle: -36.6206 axialRotation: -25.438 zShift: -0.022344 energy: 387.504
MCReject   xShift: 6.54579 crossingAngle: -36.6533 axialRotation: -25.4054 zShift: -0.022344 energy: 387.504
MCAccept 44 xShift: 6.54579 crossingAngle: -36.6008 axialRotation: -25.438 zShift: -0.022344 energy: 375.566
MCReject   xShift: 6.54579 crossingAngle: -36.6008 axialRotation: -25.6212 zShift: -0.022344 energy: 387.504
MCReject   xShift: 6.54429 crossingAngle: -36.6008 axialRotation: -25.438 zShift: -0.022344 energy: 387.504
MCReject   xShift: 6.54579 crossingAngle: -36.6008 axialRotation: -25.438 zShift: -0.0358798 energy: 379.669
MCReject   xShift: 6.54579 crossingAngle: -36.6008 axialRotation: -25.4558 zShift: -0.022344 energy: 387.504
MCReject   xShift: 6.54579 crossingAngle: -36.6008 axialRotation: -25.2061 zShift: -0.022344 energy: 387.521
MCReject   xShift: 6.54579 crossingAngle: -36.6708 axialRotation: -25.438 zShift: -0.022344 energy: 387.504
MCReject   xShift: 6.54579 crossingAngle: -36.5722 axialRotation: -25.438 zShift: -0.022344 energy: 387.504
MCReject   xShift: 6.54579 crossingAngle: -36.6848 axialRotation: -25.438 zShift: -0.022344 energy: 387.504
MCReject   xShift: 6.54579 crossingAngle: -36.6008 axialRotation: -25.3566 zShift: -0.022344 energy: 387.504
MCReject   xShift: 6.5416 crossingAngle: -36.6008 axialRotation: -25.438 zShift: -0.022344 energy: 387.504
MCReject   xShift: 6.54579 crossingAngle: -36.8811 axialRotation: -25.438 zShift: -0.022344 energy: 387.504
MCReject   xShift: 6.54579 crossingAngle: -36.6031 axialRotation: -25.438 zShift: -0.022344 energy: 387.526
MCReject   xShift: 6.54579 crossingAngle: -36.6008 axialRotation: -25.438 zShift: -0.0337563 energy: 380.846
MCReject   xShift: 6.54579 crossingAngle: -36.6008 axialRotation: -25.5498 zShift: -0.022344 energy: 387.504
MCReject   xShift: 6.54579 crossingAngle: -36.7253 axialRotation: -25.438 zShift: -0.022344 energy: 387.521
MCReject   xShift: 6.54579 crossingAngle: -36.6008 axialRotation: -25.4735 zShift: -0.022344 energy: 387.504
MCReject   xShift: 6.54579 crossingAngle: -36.653 axialRotation: -25.438 zShift: -0.022344 energy: 375.654
MCReject   xShift: 6.54579 crossingAngle: -36.6008 axialRotation: -25.4926 zShift: -0.022344 energy: 387.526
MCReject   xShift: 6.54248 crossingAngle: -36.6008 axialRotation: -25.438 zShift: -0.022344 energy: 387.504
MCReject   xShift: 6.54501 crossingAngle: -36.6008 axialRotation: -25.438 zShift: -0.022344 energy: 387.504
MCReject   xShift: 6.54579 crossingAngle: -36.5529 axialRotation: -25.438 zShift: -0.022344 energy: 387.504
MCReject   xShift: 6.54579 crossingAngle: -36.6008 axialRotation: -25.438 zShift: -0.0132381 energy: 393.421
MCReject   xShift: 6.54579 crossingAngle: -36.6008 axialRotation: -25.4484 zShift: -0.022344 energy: 387.504
MCReject   xShift: 6.54579 crossingAngle: -36.6008 axialRotation: -25.438 zShift: -0.0236822 energy: 386.693
MCReject   xShift: 6.54579 crossingAngle: -36.6008 axialRotation: -25.438 zShift: -0.0350322 energy: 380.132
MCReject   xShift: 6.54579 crossingAngle: -36.6008 axialRotation: -25.438 zShift: -0.0227147 energy: 387.278
MCReject   xShift: 6.54579 crossingAngle: -36.6008 axialRotation: -25.2254 zShift: -0.022344 energy: 387.521
MCReject   xShift: 6.54579 crossingAngle: -36.6008 axialRotation: -25.438 zShift: -0.0240286 energy: 386.485
MCReject   xShift: 6.55597 crossingAngle: -36.6008 axialRotation: -25.438 zShift: -0.022344 energy: 387.504
MCReject   xShift: 6.54579 crossingAngle: -36.6648 axialRotation: -25.438 zShift: -0.022344 energy: 387.504
MCReject   xShift: 6.54579 crossingAngle: -36.6008 axialRotation: -25.4716 zShift: -0.022344 energy: 387.521
MCAccept 45 xShift: 6.54579 crossingAngle: -36.6008 axialRotation: -25.438 zShift: -0.0362587 energy: 367.38
MCReject   xShift: 6.54579 crossingAngle: -36.6008 axialRotation: -25.438 zShift: -0.0481141 energy: 373.357
MCReject   xShift: 6.54579 crossingAngle: -36.6008 axialRotation: -25.438 zShift: -0.0275256 energy: 384.418
MCReject   xShift: 6.53632 crossingAngle: -36.6008 axialRotation: -25.438 zShift: -0.0362587 energy: 379.438
MCReject   xShift: 6.55672 crossingAngle: -36.6008 axialRotation: -25.438 zShift: -0.0362587 energy: 379.454
MCReject   xShift: 6.54579 crossingAngle: -36.5715 axialRotation: -25.438 zShift: -0.0362587 energy: 379.438
MCReject   xShift: 6.54579 crossingAngle: -36.7431 axialRotation: -25.438 zShift: -0.0362587 energy: 379.438
MCReject   xShift: 6.54579 crossingAngle: -36.5389 axialRotation: -25.438 zShift: -0.0362587 energy: 367.459
MCAccept 46 xShift: 6.54579 crossingAngle: -36.5952 axialRotation: -25.438 zShift: -0.0362587 energy: 367.393
MCAccept 47 xShift: 6.54579 crossingAngle: -36.666 axialRotation: -25.438 zShift: -0.0362587 energy: 367.389
MCReject   xShift: 6.54579 crossingAngle: -36.7637 axialRotation: -25.438 zShift: -0.0362587 energy: 379.454
MCReject   xShift: 6.54579 crossingAngle: -36.595 axialRotation: -25.438 zShift: -0.0362587 energy: 379.438
MCReject   xShift: 6.54579 crossingAngle: -36.666 axialRotation: -25.438 zShift: -0.0171743 energy: 390.744
MCReject   xShift: 6.54579 crossingAngle: -36.5585 axialRotation: -25.438 zShift: -0.0362587 energy: 379.438
MCAccept 48 xShift: 6.54579 crossingAngle: -36.666 axialRotation: -25.438 zShift: -0.0380312 energy: 366.439
MCReject   xShift: 6.54579 crossingAngle: -36.697 axialRotation: -25.438 zShift: -0.0380312 energy: 378.475
MCReject   xShift: 6.54579 crossingAngle: -36.4132 axialRotation: -25.438 zShift: -0.0380312 energy: 378.491
MCReject   xShift: 6.54579 crossingAngle: -36.666 axialRotation: -25.4096 zShift: -0.0380312 energy: 378.491
MCAccept 49 xShift: 6.54579 crossingAngle: -36.666 axialRotation: -25.438 zShift: -0.040103 energy: 365.41
MCAccept 50 xShift: 6.54579 crossingAngle: -36.666 axialRotation: -25.363 zShift: -0.040103 energy: 365.347
MCReject   xShift: 6.54579 crossingAngle: -36.666 axialRotation: -25.363 zShift: -0.0393373 energy: 377.777
MCAccept 51 xShift: 6.54337 crossingAngle: -36.666 axialRotation: -25.363 zShift: -0.040103 energy: 365.41
MCReject   xShift: 6.54337 crossingAngle: -36.666 axialRotation: -25.2944 zShift: -0.040103 energy: 377.373
MCAccept 52 xShift: 6.54337 crossingAngle: -36.666 axialRotation: -25.3188 zShift: -0.040103 energy: 365.352
MCReject   xShift: 6.54337 crossingAngle: -36.6537 axialRotation: -25.3188 zShift: -0.040103 energy: 377.387
MCReject   xShift: 6.54337 crossingAngle: -36.666 axialRotation: -25.2419 zShift: -0.040103 energy: 377.4
MCReject   xShift: 6.54337 crossingAngle: -36.7499 axialRotation: -25.3188 zShift: -0.040103 energy: 377.389
MCReject   xShift: 6.54337 crossingAngle: -36.666 axialRotation: -25.3188 zShift: -0.0233747 energy: 375.005
MCReject   xShift: 6.54337 crossingAngle: -36.666 axialRotation: -25.3188 zShift: -0.013476 energy: 393.184
MCReject   xShift: 6.54337 crossingAngle: -36.6578 axialRotation: -25.3188 zShift: -0.040103 energy: 377.373
MCReject   xShift: 6.53048 crossingAngle: -36.666 axialRotation: -25.3188 zShift: -0.040103 energy: 377.389
MCReject   xShift: 6.54337 crossingAngle: -36.666 axialRotation: -25.3188 zShift: -0.0482674 energy: 373.272
MCReject   xShift: 6.54337 crossingAngle: -36.8657 axialRotation: -25.3188 zShift: -0.040103 energy: 377.389
MCReject   xShift: 6.54337 crossingAngle: -36.8786 axialRotation: -25.3188 zShift: -0.040103 energy: 377.395
MCReject   xShift: 6.54337 crossingAngle: -36.666 axialRotation: -25.3188 zShift: -0.0272519 energy: 384.597
MCReject   xShift: 6.54337 crossingAngle: -36.8311 axialRotation: -25.3188 zShift: -0.040103 energy: 377.373
MCReject   xShift: 6.54337 crossingAngle: -36.6822 axialRotation: -25.3188 zShift: -0.040103 energy: 377.373
MCReject   xShift: 6.54424 crossingAngle: -36.666 axialRotation: -25.3188 zShift: -0.040103 energy: 377.373
MCReject   xShift: 6.54337 crossingAngle: -36.572 axialRotation: -25.3188 zShift: -0.040103 energy: 377.373
MCReject   xShift: 6.54337 crossingAngle: -36.6869 axialRotation: -25.3188 zShift: -0.040103 energy: 377.389
MCReject   xShift: 6.53726 crossingAngle: -36.666 axialRotation: -25.3188 zShift: -0.040103 energy: 365.435
MCAccept 53 xShift: 6.55481 crossingAngle: -36.666 axialRotation: -25.3188 zShift: -0.040103 energy: 365.341
MCReject   xShift: 6.55481 crossingAngle: -36.666 axialRotation: -25.3752 zShift: -0.040103 energy: 377.395
MCReject   xShift: 6.55481 crossingAngle: -36.666 axialRotation: -25.2019 zShift: -0.040103 energy: 377.387
MCReject   xShift: 6.55481 crossingAngle: -36.666 axialRotation: -25.3188 zShift: -0.029856 energy: 383.077
MCReject   xShift: 6.55481 crossingAngle: -36.5532 axialRotation: -25.3188 zShift: -0.040103 energy: 377.387
MCReject   xShift: 6.5646 crossingAngle: -36.666 axialRotation: -25.3188 zShift: -0.040103 energy: 365.419
MCReject   xShift: 6.55025 crossingAngle: -36.666 axialRotation: -25.3188 zShift: -0.040103 energy: 377.373
MCReject   xShift: 6.55481 crossingAngle: -36.666 axialRotation: -25.2902 zShift: -0.040103 energy: 377.373
MCReject   xShift: 6.55481 crossingAngle: -36.6978 axialRotation: -25.3188 zShift: -0.040103 energy: 377.395
MCReject   xShift: 6.55481 crossingAngle: -36.666 axialRotation: -25.3188 zShift: -0.0427079 energy: 376.045
MCReject   xShift: 6.55598 crossingAngle: -36.666 axialRotation: -25.3188 zShift: -0.040103 energy: 377.395
MCReject   xShift: 6.54763 crossingAngle: -36.666 axialRotation: -25.3188 zShift: -0.040103 energy: 377.389
MCReject   xShift: 6.55481 crossingAngle: -36.666 axialRotation: -25.3188 zShift: -0.0197942 energy: 377.288
MCAccept 54 xShift: 6.55481 crossingAngle: -36.5215 axialRotation: -25.3188 zShift: -0.040103 energy: 365.315
MCReject   xShift: 6.55669 crossingAngle: -36.5215 axialRotation: -25.3188 zShift: -0.040103 energy: 377.373
MCReject   xShift: 6.55481 crossingAngle: -36.5215 axialRotation: -25.2429 zShift: -0.040103 energy: 377.389
MCReject   xShift: 6.55202 crossingAngle: -36.5215 axialRotation: -25.3188 zShift: -0.040103 energy: 377.373
MCReject   xShift: 6.5384 crossingAngle: -36.5215 axialRotation: -25.3188 zShift: -0.040103 energy: 365.419
MCReject   xShift: 6.55481 crossingAngle: -36.6773 axialRotation: -25.3188 zShift: -0.040103 energy: 377.373
MCReject   xShift: 6.55481 crossingAngle: -36.5215 axialRotation: -25.2205 zShift: -0.040103 energy: 377.389
MCReject   xShift: 6.55481 crossingAngle: -36.5215 axialRotation: -25.3468 zShift: -0.040103 energy: 377.389
MCReject   xShift: 6.55481 crossingAngle: -36.5215 axialRotation: -25.319 zShift: -0.040103 energy: 365.341
MCReject   xShift: 6.55481 crossingAngle: -36.3158 axialRotation: -25.3188 zShift: -0.040103 energy: 377.373
MCReject   xShift: 6.56324 crossingAngle: -36.5215 axialRotation: -25.3188 zShift: -0.040103 energy: 377.389
MCReject   xShift: 6.55481 crossingAngle: -36.5215 axialRotation: -25.3188 zShift: -0.0446387 energy: 375.047
MCReject   xShift: 6.55481 crossingAngle: -36.4323 axialRotation: -25.3188 zShift: -0.040103 energy: 365.352
MCReject   xShift: 6.56689 crossingAngle: -36.5215 axialRotation: -25.3188 zShift: -0.040103 energy: 365.347
MCReject   xShift: 6.55481 crossingAngle: -36.8104 axialRotation: -25.3188 zShift: -0.040103 energy: 377.373
MCReject   xShift: 6.55481 crossingAngle: -36.456 axialRotation: -25.3188 zShift: -0.040103 energy: 365.352
MCReject   xShift: 6.55481 crossingAngle: -36.5317 axialRotation: -25.3188 zShift: -0.040103 energy: 377.373
MCReject   xShift: 6.5423 crossingAngle: -36.5215 axialRotation: -25.3188 zShift: -0.040103 energy: 377.373
MCReject   xShift: 6.55481 crossingAngle: -36.5215 axialRotation: -25.4011 zShift: -0.040103 energy: 365.341
MCReject   xShift: 6.55481 crossingAngle: -36.5215 axialRotation: -25.3188 zShift: -0.0436705 energy: 375.55
MCReject   xShift: 6.56189 crossingAngle: -36.5215 axialRotation: -25.3188 zShift: -0.040103 energy: 377.373
MCReject   xShift: 6.55481 crossingAngle: -36.5215 axialRotation: -25.4501 zShift: -0.040103 energy: 365.337
MCReject   xShift: 6.55481 crossingAngle: -36.5215 axialRotation: -25.2858 zShift: -0.040103 energy: 377.373
MCReject   xShift: 6.55481 crossingAngle: -36.5215 axialRotation: -25.3188 zShift: -0.0434006 energy: 375.67
MCReject   xShift: 6.55238 crossingAngle: -36.5215 axialRotation: -25.3188 zShift: -0.040103 energy: 377.389
MCReject   xShift: 6.55481 crossingAngle: -36.5496 axialRotation: -25.3188 zShift: -0.040103 energy: 377.373
MCReject   xShift: 6.55481 crossingAngle: -36.4981 axialRotation: -25.3188 zShift: -0.040103 energy: 365.35
MCReject   xShift: 6.55481 crossingAngle: -36.5215 axialRotation: -25.4904 zShift: -0.040103 energy: 365.332
MCReject   xShift: 6.55481 crossingAngle: -36.5215 axialRotation: -25.3188 zShift: -0.0488278 energy: 373.005
MCReject   xShift: 6.55481 crossingAngle: -36.5215 axialRotation: -25.5477 zShift: -0.040103 energy: 377.373
MCReject   xShift: 6.55481 crossingAngle: -36.5215 axialRotation: -25.4449 zShift: -0.040103 energy: 377.395
MCReject   xShift: 6.54884 crossingAngle: -36.5215 axialRotation: -25.3188 zShift: -0.040103 energy: 377.389
MCReject   xShift: 6.55481 crossingAngle: -36.5215 axialRotation: -25.2879 zShift: -0.040103 energy: 377.387
MCReject   xShift: 6.55481 crossingAngle: -36.5215 axialRotation: -25.3188 zShift: -0.0221682 energy: 375.692
MCReject   xShift: 6.55481 crossingAngle: -36.5215 axialRotation: -25.2704 zShift: -0.040103 energy: 377.387
MCReject   xShift: 6.55481 crossingAngle: -36.4382 axialRotation: -25.3188 zShift: -0.040103 energy: 377.373
MCReject   xShift: 6.55481 crossingAngle: -36.5215 axialRotation: -25.3188 zShift: -0.049836 energy: 372.528
MCReject   xShift: 6.55481 crossingAngle: -36.5215 axialRotation: -25.2535 zShift: -0.040103 energy: 377.373
MCReject   xShift: 6.55481 crossingAngle: -36.5215 axialRotation: -25.3239 zShift: -0.040103 energy: 377.373
MCReject   xShift: 6.55481 crossingAngle: -36.5215 axialRotation: -25.5236 zShift: -0.040103 energy: 377.4
MCReject   xShift: 6.55481 crossingAngle: -36.5534 axialRotation: -25.3188 zShift: -0.040103 energy: 377.389
MCReject   xShift: 6.55481 crossingAngle: -36.6372 axialRotation: -25.3188 zShift: -0.040103 energy: 377.373
MCReject   xShift: 6.54887 crossingAngle: -36.5215 axialRotation: -25.3188 zShift: -0.040103 energy: 365.332
MCAccept 55 xShift: 6.55481 crossingAngle: -36.5215 axialRotation: -25.3188 zShift: -0.0480909 energy: 361.463
MCReject   xShift: 6.55934 crossingAngle: -36.5215 axialRotation: -25.3188 zShift: -0.0480909 energy: 373.357
MCReject   xShift: 6.55481 crossingAngle: -36.5215 axialRotation: -25.3188 zShift: -0.0723883 energy: 363.342
MCAccept 56 xShift: 6.55481 crossingAngle: -36.5215 axialRotation: -25.3681 zShift: -0.0480909 energy: 361.37
MCReject   xShift: 6.55481 crossingAngle: -36.5215 axialRotation: -25.3681 zShift: -0.036787 energy: 379.165
MCAccept 57 xShift: 6.55481 crossingAngle: -36.5215 axialRotation: -25.3681 zShift: -0.0541705 energy: 358.602
MCReject   xShift: 6.55481 crossingAngle: -36.5215 axialRotation: -25.4857 zShift: -0.0541705 energy: 370.567
MCReject   xShift: 6.55481 crossingAngle: -36.5717 axialRotation: -25.3681 zShift: -0.0541705 energy: 370.545
MCReject   xShift: 6.54347 crossingAngle: -36.5215 axialRotation: -25.3681 zShift: -0.0541705 energy: 370.545
MCReject   xShift: 6.55481 crossingAngle: -36.5187 axialRotation: -25.3681 zShift: -0.0541705 energy: 370.567
MCReject   xShift: 6.55481 crossingAngle: -36.5215 axialRotation: -25.3681 zShift: -0.0669404 energy: 365.326
MCReject   xShift: 6.54711 crossingAngle: -36.5215 axialRotation: -25.3681 zShift: -0.0541705 energy: 370.545
MCReject   xShift: 6.56667 crossingAngle: -36.5215 axialRotation: -25.3681 zShift: -0.0541705 energy: 370.545
MCReject   xShift: 6.55481 crossingAngle: -36.5215 axialRotation: -25.3971 zShift: -0.0541705 energy: 370.554
MCReject   xShift: 6.55481 crossingAngle: -36.5601 axialRotation: -25.3681 zShift: -0.0541705 energy: 370.545
MCReject   xShift: 6.54483 crossingAngle: -36.5215 axialRotation: -25.3681 zShift: -0.0541705 energy: 370.554
MCAccept 58 xShift: 6.56238 crossingAngle: -36.5215 axialRotation: -25.3681 zShift: -0.0541705 energy: 358.605
MCReject   xShift: 6.56238 crossingAngle: -36.4418 axialRotation: -25.3681 zShift: -0.0541705 energy: 370.545
MCReject   xShift: 6.55308 crossingAngle: -36.5215 axialRotation: -25.3681 zShift: -0.0541705 energy: 370.545
MCReject   xShift: 6.57209 crossingAngle: -36.5215 axialRotation: -25.3681 zShift: -0.0541705 energy: 358.675
MCReject   xShift: 6.56238 crossingAngle: -36.5215 axialRotation: -25.4726 zShift: -0.0541705 energy: 370.545
MCAccept 59 xShift: 6.56238 crossingAngle: -36.5215 axialRotation: -25.2848 zShift: -0.0541705 energy: 358.589
MCReject   xShift: 6.54967 crossingAngle: -36.5215 axialRotation: -25.2848 zShift: -0.0541705 energy: 370.554
MCReject   xShift: 6.55949 crossingAngle: -36.5215 axialRotation: -25.2848 zShift: -0.0541705 energy: 370.545
MCReject   xShift: 6.56238 crossingAngle: -36.4713 axialRotation: -25.2848 zShift: -0.0541705 energy: 370.561
MCReject   xShift: 6.56238 crossingAngle: -36.5215 axialRotation: -25.2848 zShift: -0.0447124 energy: 363
MCReject   xShift: 6.55898 crossingAngle: -36.5215 axialRotation: -25.2848 zShift: -0.0541705 energy: 370.545
MCReject   xShift: 6.56238 crossingAngle: -36.7521 axialRotation: -25.2848 zShift: -0.0541705 energy: 370.545
MCReject   xShift: 6.56238 crossingAngle: -36.5218 axialRotation: -25.2848 zShift: -0.0541705 energy: 370.545
MCReject   xShift: 6.54895 crossingAngle: -36.5215 axialRotation: -25.2848 zShift: -0.0541705 energy: 370.561
MCReject   xShift: 6.56238 crossingAngle: -36.5215 axialRotation: -25.5129 zShift: -0.0541705 energy: 370.561
MCReject   xShift: 6.56238 crossingAngle: -36.6551 axialRotation: -25.2848 zShift: -0.0541705 energy: 370.554
MCReject   xShift: 6.56238 crossingAngle: -36.601 axialRotation: -25.2848 zShift: -0.0541705 energy: 370.545
MCReject   xShift: 6.56238 crossingAngle: -36.5215 axialRotation: -25.2848 zShift: -0.0695565 energy: 364.339
MCReject   xShift: 6.56238 crossingAngle: -36.5364 axialRotation: -25.2848 zShift: -0.0541705 energy: 370.561
MCReject   xShift: 6.56238 crossingAngle: -36.5215 axialRotation: -25.4722 zShift: -0.0541705 energy: 370.545
MCReject   xShift: 6.56238 crossingAngle: -36.5215 axialRotation: -25.2848 zShift: -0.0511639 energy: 371.909
MCAccept 60 xShift: 6.56238 crossingAngle: -36.5215 axialRotation: -25.1067 zShift: -0.0541705 energy: 358.58
MCReject   xShift: 6.55174 crossingAngle: -36.5215 axialRotation: -25.1067 zShift: -0.0541705 energy: 358.596
MCReject   xShift: 6.56238 crossingAngle: -36.7376 axialRotation: -25.1067 zShift: -0.0541705 energy: 358.619
MCReject   xShift: 6.56238 crossingAngle: -36.5215 axialRotation: -25.0997 zShift: -0.0541705 energy: 370.554
MCReject   xShift: 6.55782 crossingAngle: -36.5215 axialRotation: -25.1067 zShift: -0.0541705 energy: 370.545
MCReject   xShift: 6.57124 crossingAngle: -36.5215 axialRotation: -25.1067 zShift: -0.0541705 energy: 370.561
MCReject   xShift: 6.56238 crossingAngle: -36.5215 axialRotation: -25.1067 zShift: -0.0481049 energy: 373.35
MCReject   xShift: 6.56238 crossingAngle: -36.5215 axialRotation: -24.8929 zShift: -0.0541705 energy: 370.545
MCReject   xShift: 6.56238 crossingAngle: -36.5215 axialRotation: -25.1778 zShift: -0.0541705 energy: 358.59
MCReject   xShift: 6.56263 crossingAngle: -36.5215 axialRotation: -25.1067 zShift: -0.0541705 energy: 358.599
MCReject   xShift: 6.56238 crossingAngle: -36.5215 axialRotation: -25.1067 zShift: -0.0337488 energy: 380.85
MCReject   xShift: 6.57035 crossingAngle: -36.5215 axialRotation: -25.1067 zShift: -0.0541705 energy: 358.59
MCReject   xShift: 6.54538 crossingAngle: -36.5215 axialRotation: -25.1067 zShift: -0.0541705 energy: 370.545
MCReject   xShift: 6.56238 crossingAngle: -36.5215 axialRotation: -24.9604 zShift: -0.0541705 energy: 370.545
MCReject   xShift: 6.56238 crossingAngle: -36.5215 axialRotation: -25.0212 zShift: -0.0541705 energy: 370.545
MCReject   xShift: 6.56238 crossingAngle: -36.4716 axialRotation: -25.1067 zShift: -0.0541705 energy: 370.545
MCReject   xShift: 6.56238 crossingAngle: -36.5215 axialRotation: -25.1067 zShift: -0.036068 energy: 379.543
MCReject   xShift: 6.56238 crossingAngle: -36.5215 axialRotation: -25.1067 zShift: -0.0493076 energy: 360.8
MCReject   xShift: 6.56238 crossingAngle: -36.5215 axialRotation: -25.1067 zShift: -0.0450793 energy: 374.828
MCReject   xShift: 6.56238 crossingAngle: -36.3439 axialRotation: -25.1067 zShift: -0.0541705 energy: 358.596
MCReject   xShift: 6.56238 crossingAngle: -36.5215 axialRotation: -25.2626 zShift: -0.0541705 energy: 370.545
MCReject   xShift: 6.54579 crossingAngle: -36.5215 axialRotation: -25.1067 zShift: -0.0541705 energy: 358.59
MCReject   xShift: 6.56238 crossingAngle: -36.5215 axialRotation: -25.1803 zShift: -0.0541705 energy: 358.599
MCReject   xShift: 6.56238 crossingAngle: -36.5215 axialRotation: -25.0187 zShift: -0.0541705 energy: 358.605
MCAccept 61 xShift: 6.56238 crossingAngle: -36.5215 axialRotation: -25.1067 zShift: -0.0595915 energy: 356.313
MCReject   xShift: 6.56238 crossingAngle: -36.5403 axialRotation: -25.1067 zShift: -0.0595915 energy: 368.227
MCReject   xShift: 6.56238 crossingAngle: -36.5215 axialRotation: -25.136 zShift: -0.0595915 energy: 368.227
MCReject   xShift: 6.56238 crossingAngle: -36.4844 axialRotation: -25.1067 zShift: -0.0595915 energy: 368.218
MCReject   xShift: 6.56238 crossingAngle: -36.3606 axialRotation: -25.1067 zShift: -0.0595915 energy: 368.227
MCReject   xShift: 6.57683 crossingAngle: -36.5215 axialRotation: -25.1067 zShift: -0.0595915 energy: 356.324
MCReject   xShift: 6.56238 crossingAngle: -36.5215 axialRotation: -25.1067 zShift: -0.0548416 energy: 370.247
MCReject   xShift: 6.56238 crossingAngle: -36.5215 axialRotation: -25.1067 zShift: -0.0721236 energy: 363.434
MCAccept 62 xShift: 6.56238 crossingAngle: -36.5215 axialRotation: -25.1067 zShift: -0.0746727 energy: 350.858
MCReject   xShift: 6.56238 crossingAngle: -36.5215 axialRotation: -25.1083 zShift: -0.0746727 energy: 362.556
MCReject   xShift: 6.56238 crossingAngle: -36.5215 axialRotation: -25.0626 zShift: -0.0746727 energy: 350.863
MCReject   xShift: 6.55793 crossingAngle: -36.5215 axialRotation: -25.1067 zShift: -0.0746727 energy: 362.562
MCReject   xShift: 6.56238 crossingAngle: -36.5215 axialRotation: -25.1067 zShift: -0.0630485 energy: 354.956
MCAccept 63 xShift: 6.56238 crossingAngle: -36.4914 axialRotation: -25.1067 zShift: -0.0746727 energy: 350.855
MCReject   xShift: 6.56238 crossingAngle: -36.4914 axialRotation: -25.1067 zShift: -0.0711303 energy: 363.791
MCReject   xShift: 6.56238 crossingAngle: -36.4914 axialRotation: -25.1067 zShift: -0.0613889 energy: 367.479
MCReject   xShift: 6.56238 crossingAngle: -36.4914 axialRotation: -25.2314 zShift: -0.0746727 energy: 362.57
MCReject   xShift: 6.56238 crossingAngle: -36.5934 axialRotation: -25.1067 zShift: -0.0746727 energy: 362.578
MCAccept 64 xShift: 6.56238 crossingAngle: -36.384 axialRotation: -25.1067 zShift: -0.0746727 energy: 350.825
MCReject   xShift: 6.56238 crossingAngle: -36.4002 axialRotation: -25.1067 zShift: -0.0746727 energy: 362.556
MCReject   xShift: 6.54255 crossingAngle: -36.384 axialRotation: -25.1067 zShift: -0.0746727 energy: 362.57
MCReject   xShift: 6.56238 crossingAngle: -36.384 axialRotation: -25.1067 zShift: -0.0643459 energy: 354.448
MCReject   xShift: 6.56238 crossingAngle: -36.3534 axialRotation: -25.1067 zShift: -0.0746727 energy: 350.848
MCReject   xShift: 6.56238 crossingAngle: -36.384 axialRotation: -25.1067 zShift: -0.0668589 energy: 365.35
MCReject   xShift: 6.56441 crossingAngle: -36.384 axialRotation: -25.1067 zShift: -0.0746727 energy: 362.556
MCReject   xShift: 6.56238 crossingAngle: -36.4875 axialRotation: -25.1067 zShift: -0.0746727 energy: 362.558
MCAccept 65 xShift: 6.56238 crossingAngle: -36.384 axialRotation: -25.1067 zShift: -0.0776696 energy: 349.912
Energy #2: 349.912
***GEOMETRY SHIFT***
xShift;        Before: 6.54731; After: 6.56238
crossingAngle; Before: -37.0924; After: -36.384
axialRotation; Before: -25.4904; After: -25.1067
zShift;        Before: 0.10282; After: -0.0776696
Energy;        Before: 705.804; After: 349.912

Completed all cycles. Accepted 66/368
Monte Carlo repack complete. Time: 35.9167min

Final energy is 349.912 after repack, indicating clashes. Choose a different geometry
