***STARTING GEOMETRY:***
xShift: 6.54731
crossingAngle: -37.0924
axialRotation: -25.4904
zShift: 0.10282

Number of MCCycles: 200
PrevSequence	CurrSequence	PrevEnergy	CurrEnergy	PrevEntropy	CurrEntropy	CurrentTemp
LLLTTLLTSLLGALLGTLILI	LLLTTLLTSLLGALLGGLILI	1349.31	537.441	0.591758	0.271676	999.847
LLLTTLLTSLLGALLGGLILI	LLLYTLLTSLLGALLGGLILI	537.863	529.969	0.693609	0.219549	999.684
LLLYTLLTSLLGALLGGLILI	LLLTTLLTSLLGALLGGLILI	529.969	529.622	0.219549	0.693609	998.708
LLLTTLLTSLLGALLGGLILI	LLLTGLLTSLLGALLGGLILI	529.328	534.308	0.400165	0.420699	998.476
LLLTGLLTSLLGALLGGLILI	LLLAGLLTSLLGALLGGLILI	534.57	538.194	0.682386	0.224658	997.967
LLLAGLLTSLLGALLGGLILI	LLLTGLLTSLLGALLGGLILI	538.194	534.579	0.224658	0.682386	997.689
LLLTGLLTSLLGALLGGLILI	LLLTTLLTSLLGALLGGLILI	534.317	529.413	0.420699	0.400165	997.394
LLLTTLLTSLLGALLGGLILI	LLLTTLLSSLLGALLGGLILI	529.592	536.034	0.578967	0.279255	996.749
LLLTTLLSSLLGALLGGLILI	LLLTTLLSALLGALLGGLILI	536.397	537.03	0.642213	0.244161	996.397
LLLTTLLSALLGALLGGLILI	LLLTTLLLALLGALLGGLILI	537.186	537.733	0.39943	0.421461	995.626
LLLTTLLLALLGALLGGLILI	LLLTTLLFALLGALLGGLILI	537.829	538.111	0.516639	0.320259	995.205
LLLTTLLFALLGALLGGLILI	LLLTSLLFALLGALLGGLILI	538.481	538.691	0.690823	0.220804	994.285
LLLTSLLFALLGALLGGLILI	LLLTGLLFALLGALLGGLILI	538.622	539.435	0.151251	0.88184	993.249
LLLTGLLFALLGALLGGLILI	LLLTGLLTALLGALLGGLILI	538.725	535.721	0.171816	0.816184	992.084
LLLTGLLTALLGALLGGLILI	LLLYGLLTALLGALLGGLILI	535.444	535.687	0.538845	0.30482	991.448
LLLYGLLTALLGALLGGLILI	LLLYGLLTSLLGALLGGLILI	535.799	534.786	0.416521	0.404229	990.773
LLLYGLLTSLLGALLGGLILI	LLLTGLLTSLLGALLGGLILI	534.687	534.427	0.30482	0.538845	990.058
LLLTGLLTSLLGALLGGLILI	LLLTGLLFSLLGALLGGLILI	534.704	537.894	0.816184	0.171816	986.74
LLLTGLLFSLLGALLGGLILI	LLLTGLLTSLLGALLGGLILI	537.894	534.712	0.171816	0.816184	985.783
LLLTGLLTSLLGALLGGLILI	LLLFGLLTSLLGALLGGLILI	534.712	540.058	0.816184	0.171816	984.769
LLLFGLLTSLLGALLGGLILI	LLLFGLLTALLGALLGGLILI	540.291	541.321	0.404229	0.416521	983.694
LLLFGLLTALLGALLGGLILI	LLLFTLLTALLGALLGGLILI	541.46	536.253	0.55485	0.29428	981.348
LLLFTLLTALLGALLGGLILI	LLLTTLLTALLGALLGGLILI	536.078	531.129	0.119894	1.0043	980.071
LLLTTLLTALLGALLGGLILI	LLLTTLLTSLLGALLGGLILI	530.541	529.439	0.416521	0.404229	978.717
LLLTTLLTSLLGALLGGLILI	LLLGTLLTSLLGALLGGLILI	529.435	529.552	0.400165	0.420699	977.285
LLLGTLLTSLLGALLGGLILI	LLLGTLLTALLGALLGGLILI	529.536	530.542	0.404229	0.416521	974.162
LLLGTLLTALLGALLGGLILI	LLLTTLLTALLGALLGGLILI	530.546	530.419	0.420699	0.400165	970.666
LLLTTLLTALLGALLGGLILI	LLLGTLLTALLGALLGGLILI	530.419	530.554	0.400165	0.420699	962.38
LLLGTLLTALLGALLGGLILI	LLLYTLLTALLGALLGGLILI	530.841	530.905	0.707856	0.213262	954.846
LLLYTLLTALLGALLGGLILI	LLLGTLLTALLGALLGGLILI	530.905	530.837	0.213262	0.707856	952.048
LLLGTLLTALLGALLGGLILI	LLLGTLLTTLLGALLGGLILI	530.287	532.666	0.158812	0.856576	945.979
LLLGTLLTTLLGALLGGLILI	LLLGTLLTSLLGALLGGLILI	532.676	529.288	0.865998	0.155943	942.693
LLLGTLLTSLLGALLGGLILI	LLLYTLLTSLLGALLGGLILI	529.839	529.914	0.707856	0.213262	927.683
LLLYTLLTSLLGALLGGLILI	LLLGTLLTSLLGALLGGLILI	529.914	529.828	0.213262	0.707856	923.422
LLLGTLLTSLLGALLGGLILI	LLLTTLLTSLLGALLGGLILI	529.541	529.433	0.420699	0.400165	909.276
LLLTTLLTSLLGALLGGLILI	LLLTGLLTSLLGALLGGLILI	529.433	534.316	0.400165	0.420699	904.077
LLLTGLLTSLLGALLGGLILI	LLLGGLLTSLLGALLGGLILI	534.142	534.607	0.245985	0.638655	898.621
LLLGGLLTSLLGALLGGLILI	LLLGGLLTALLGALLGGLILI	534.372	535.408	0.404229	0.416521	892.899
LLLGGLLTALLGALLGGLILI	LLLTGLLTALLGALLGGLILI	535.63	535.157	0.638655	0.245985	886.903
LLLTGLLTALLGALLGGLILI	LLLTTLLTALLGALLGGLILI	535.332	530.419	0.420699	0.400165	874.051
LLLTTLLTALLGALLGGLILI	LLLYTLLTALLGALLGGLILI	530.713	530.989	0.693609	0.219549	859.999
LLLYTLLTALLGALLGGLILI	LLLGTLLTALLGALLGGLILI	530.983	530.837	0.213262	0.707856	852.504
LLLGTLLTALLGALLGGLILI	LLLTTLLTALLGALLGGLILI	530.549	530.441	0.420699	0.400165	828.061
LLLTTLLTALLGALLGGLILI	LLLYTLLTALLGALLGGLILI	530.734	530.905	0.693609	0.219549	810.083
LLLYTLLTALLGALLGGLILI	LLLGTLLTALLGALLGGLILI	530.899	530.814	0.213262	0.707856	790.724
LLLGTLLTALLGALLGGLILI	LLLTTLLTALLGALLGGLILI	530.527	530.439	0.420699	0.400165	780.523
LLLTTLLTALLGALLGGLILI	LLLYTLLTALLGALLGGLILI	530.733	530.904	0.693609	0.219549	769.974
LLLYTLLTALLGALLGGLILI	LLLYTLLTSLLGALLGGLILI	531.101	530.189	0.416521	0.404229	736.272
LLLYTLLTSLLGALLGGLILI	LLLTTLLTSLLGALLGGLILI	530.004	529.728	0.219549	0.693609	724.369
LLLTTLLTSLLGALLGGLILI	LLLGTLLTSLLGALLGGLILI	529.435	529.544	0.400165	0.420699	712.142
LLLGTLLTSLLGALLGGLILI	LLLYTLLTSLLGALLGGLILI	529.832	529.889	0.707856	0.213262	660.222
LLLYTLLTSLLGALLGGLILI	LLLGTLLTSLLGALLGGLILI	529.889	529.839	0.213262	0.707856	632.651
LLLGTLLTSLLGALLGGLILI	LLLTTLLTSLLGALLGGLILI	529.552	529.435	0.420699	0.400165	604.196
LLLTTLLTSLLGALLGGLILI	LLLTTLLTALLGALLGGLILI	529.439	530.465	0.404229	0.416521	575.025
LLLTTLLTALLGALLGGLILI	LLLGTLLTALLGALLGGLILI	530.449	530.632	0.400165	0.420699	560.23
LLLGTLLTALLGALLGGLILI	LLLTTLLTALLGALLGGLILI	530.632	530.449	0.420699	0.400165	545.329
LLLTTLLTALLGALLGGLILI	LLLTTLLTSLLGALLGGLILI	530.465	529.447	0.416521	0.404229	530.348
LLLTTLLTSLLGALLGGLILI	LLLGTLLTSLLGALLGGLILI	529.443	529.53	0.400165	0.420699	485.188
LLLGTLLTSLLGALLGGLILI	LLLYTLLTSLLGALLGGLILI	529.817	529.905	0.707856	0.213262	470.152
LLLYTLLTSLLGALLGGLILI	LLLGTLLTSLLGALLGGLILI	529.905	529.832	0.213262	0.707856	455.171
LLLGTLLTSLLGALLGGLILI	LLLTTLLTSLLGALLGGLILI	529.544	529.443	0.420699	0.400165	410.812
LLLTTLLTSLLGALLGGLILI	LLLGTLLTSLLGALLGGLILI	529.443	529.53	0.400165	0.420699	353.943
LLLGTLLTSLLGALLGGLILI	LLLTTLLTSLLGALLGGLILI	529.53	529.441	0.420699	0.400165	326.872
LLLTTLLTSLLGALLGGLILI	LLLGTLLTSLLGALLGGLILI	529.441	529.552	0.400165	0.420699	230.526
LLLGTLLTSLLGALLGGLILI	LLLYTLLTSLLGALLGGLILI	529.839	529.897	0.707856	0.213262	163.959
LLLYTLLTSLLGALLGGLILI	LLLGTLLTSLLGALLGGLILI	529.897	529.839	0.213262	0.707856	107.601
LLLGTLLTSLLGALLGGLILI	LLLTTLLTSLLGALLGGLILI	529.552	529.433	0.420699	0.400165	96.4228
LLLTTLLTSLLGALLGGLILI	LLLYTLLTSLLGALLGGLILI	529.727	530.004	0.693609	0.219549	81.5606
LLLYTLLTSLLGALLGGLILI	LLLTTLLTSLLGALLGGLILI	530.004	529.812	0.219549	0.693609	54.5206
LLLTTLLTSLLGALLGGLILI	LLLGTLLTSLLGALLGGLILI	529.518	529.549	0.400165	0.420699	33.7464
LLLGTLLTSLLGALLGGLILI	LLLTTLLTSLLGALLGGLILI	529.549	529.511	0.420699	0.400165	31.7355
LLLTTLLTSLLGALLGGLILI	LLLGTLLTSLLGALLGGLILI	529.511	529.544	0.400165	0.420699	17.9453
LLLGTLLTSLLGALLGGLILI	LLLTTLLTSLLGALLGGLILI	529.544	529.433	0.420699	0.400165	12.0042
Time: 215s
