***STARTING GEOMETRY:***
xShift: 8.2
crossingAngle: 21
axialRotation: 50
zShift: 3.22877

Number of MCCycles: 100
PrevSequence	CurrSequence	PrevEnergy	CurrEnergy	PrevEntropy	CurrEntropy	CurrentTemp
LLLWTLLGLLATLTALLLILI	LLLWALLGLLATLTALLLILI	2099.91	2099.6	0.682386	0.224658	999.684
LLLWALLGLLATLTALLLILI	LLLWTLLGLLATLTALLLILI	2099.6	2099.61	0.224658	0.682386	999.328
LLLWTLLGLLATLTALLLILI	LLLWTLLGLLAYLTALLLILI	2099.62	2100.63	0.693609	0.219549	998.928
LLLWTLLGLLAYLTALLLILI	LLLWALLGLLAYLTALLLILI	2100.94	2101.17	0.52914	0.311447	998.476
LLLWALLGLLAYLTALLLILI	LLLWALLGLLATLTALLLILI	2101.16	2099.91	0.30482	0.538845	997.967
LLLWALLGLLATLTALLLILI	LLLWALLGLLAYLTALLLILI	2099.91	2101.16	0.538845	0.30482	997.394
LLLWALLGLLAYLTALLLILI	LLLWTLLGLLAYLTALLLILI	2101.17	2100.94	0.311447	0.52914	996.749
LLLWTLLGLLAYLTALLLILI	LLLWTLLGLLAYLTSLLLILI	2100.83	2101.04	0.416521	0.404229	996.023
LLLWTLLGLLAYLTSLLLILI	LLLWTLLGLLATLTSLLLILI	2100.85	2100.36	0.219549	0.693609	995.205
LLLWTLLGLLATLTSLLLILI	LLLWTLLGLLATLTALLLILI	2100.07	2099.34	0.404229	0.416521	994.285
LLLWTLLGLLATLTALLLILI	LLLWTLLGLLAYLTALLLILI	2099.62	2100.63	0.693609	0.219549	993.249
LLLWTLLGLLAYLTALLLILI	LLLWTLLGLLAYLTSLLLILI	2100.83	2101.04	0.416521	0.404229	992.084
LLLWTLLGLLAYLTSLLLILI	LLLWTLLGLLFYLTSLLLILI	2100.94	2095.6	0.308996	0.532699	990.773
LLLWTLLGLLFYLTSLLLILI	LLLWALLGLLFYLTSLLLILI	2096.06	2095.64	0.990994	0.122923	989.3
LLLWALLGLLFYLTSLLLILI	LLLWALLGLLFYLTALLLILI	2095.92	2095.99	0.404229	0.416521	987.644
LLLWALLGLLFYLTALLLILI	LLLWALLGLLYYLTALLLILI	2095.7	2097.24	0.132101	0.952787	985.783
LLLWALLGLLYYLTALLLILI	LLLWALLGLLFYLTALLLILI	2097.24	2095.7	0.952787	0.132101	983.694
LLLWALLGLLFYLTALLLILI	LLLWALLGLLFYLTSLLLILI	2095.99	2095.92	0.416521	0.404229	981.348
LLLWALLGLLFYLTSLLLILI	LLLWTLLGLLFYLTSLLLILI	2095.64	2096.06	0.122923	0.990994	978.717
LLLWTLLGLLFYLTSLLLILI	LLLWTLLGLLFLLTSLLLILI	2095.59	2097.46	0.526939	0.312976	975.768
LLLWTLLGLLFLLTSLLLILI	LLLWTLLGLLFYLTSLLLILI	2097.46	2095.59	0.312976	0.526939	972.463
LLLWTLLGLLFYLTSLLLILI	LLLWALLGLLFYLTSLLLILI	2096.06	2095.64	0.990994	0.122923	968.764
LLLWALLGLLFYLTSLLLILI	LLLWTLLGLLFYLTSLLLILI	2095.64	2096.06	0.122923	0.990994	964.627
LLLWTLLGLLFYLTSLLLILI	LLLWTLLGLLFFLTSLLLILI	2095.48	2096.85	0.410343	0.410343	960.005
LLLWTLLGLLFFLTSLLLILI	LLLYTLLGLLFFLTSLLLILI	2097.04	2099.08	0.598868	0.267575	954.846
LLLYTLLGLLFFLTSLLLILI	LLLYTLLGLLYFLTSLLLILI	2099.05	2099.1	0.240035	0.650378	949.095
LLLYTLLGLLYFLTSLLLILI	LLLYTLLGLLYFLTALLLILI	2099.09	2099.4	0.642213	0.244161	942.693
LLLYTLLGLLYFLTALLLILI	LLLYYLLGLLYFLTALLLILI	2099.39	2099.06	0.238039	0.654392	935.578
LLLYYLLGLLYFLTALLLILI	LLLFYLLGLLYFLTALLLILI	2099.22	2100.31	0.820686	0.170308	927.683
LLLFYLLGLLYFLTALLLILI	LLLFYLLGLLFFLTALLLILI	2100.65	2100.59	0.5016	0.331293	918.939
LLLFYLLGLLFFLTALLLILI	LLLFYLLGLLYFLTALLLILI	2100.59	2100.79	0.331293	0.5016	909.276
LLLFYLLGLLYFLTALLLILI	LLLYYLLGLLYFLTALLLILI	2100.46	2101.32	0.170308	0.820686	898.621
LLLYYLLGLLYFLTALLLILI	LLLFYLLGLLYFLTALLLILI	2101.32	2100.2	0.820686	0.170308	886.903
LLLFYLLGLLYFLTALLLILI	LLLFYLLGLLFFLTALLLILI	2100.53	2099.77	0.5016	0.331293	874.051
LLLFYLLGLLFFLTALLLILI	LLLFYLLGLLYFLTALLLILI	2099.77	2100.38	0.331293	0.5016	859.999
LLLFYLLGLLYFLTALLLILI	LLLWYLLGLLYFLTALLLILI	2100.15	2103.14	0.267575	0.598868	844.686
LLLWYLLGLLYFLTALLLILI	LLLWYLLGLLFFLTALLLILI	2103.19	2103.4	0.650378	0.240035	828.061
LLLWYLLGLLFFLTALLLILI	LLLWYLLGLLFFLTSLLLILI	2103.4	2102.95	0.244161	0.642213	810.083
LLLWYLLGLLFFLTSLLLILI	LLLWYLLGLLYFLTSLLLILI	2102.55	2103.65	0.240035	0.650378	790.724
LLLWYLLGLLYFLTSLLLILI	LLLWYLLGLLYFLTALLLILI	2103.64	2102.79	0.642213	0.244161	769.974
LLLWYLLGLLYFLTALLLILI	LLLWTLLGLLYFLTALLLILI	2103.05	2096.84	0.505042	0.328724	747.845
LLLWTLLGLLYFLTALLLILI	LLLWTLLGLLYLLTALLLILI	2096.83	2096.31	0.320259	0.516639	724.369
LLLWTLLGLLYLLTALLLILI	LLLYTLLGLLYLLTALLLILI	2096.16	2098.47	0.372136	0.451187	699.602
LLLYTLLGLLYLLTALLLILI	LLLYTLLGLLFLLTALLLILI	2098.97	2098.48	0.952787	0.132101	673.628
LLLYTLLGLLFLLTALLLILI	LLLYTLLGLLFYLTALLLILI	2098.52	2097.85	0.176934	0.801241	646.557
LLLYTLLGLLFYLTALLLILI	LLLYTLLGLLFLLTALLLILI	2097.85	2098.06	0.801241	0.176934	618.524
LLLYTLLGLLFLLTALLLILI	LLLYTLLGLLFYLTALLLILI	2098.06	2097.85	0.176934	0.801241	589.688
LLLYTLLGLLFYLTALLLILI	LLLWTLLGLLFYLTALLLILI	2097.5	2095.49	0.451187	0.372136	560.23
LLLWTLLGLLFYLTALLLILI	LLLWALLGLLFYLTALLLILI	2095.8	2095.8	0.682386	0.224658	530.348
LLLWALLGLLFYLTALLLILI	LLLWTLLGLLFYLTALLLILI	2095.8	2095.8	0.224658	0.682386	500.25
LLLWTLLGLLFYLTALLLILI	LLLWALLGLLFYLTALLLILI	2095.8	2095.8	0.682386	0.224658	470.152
LLLWALLGLLFYLTALLLILI	LLLWALLGLLFLLTALLLILI	2096.1	2096.71	0.526939	0.312976	440.27
LLLWALLGLLFLLTALLLILI	LLLWTLLGLLFLLTALLLILI	2096.62	2096.6	0.224658	0.682386	410.812
LLLWTLLGLLFLLTALLLILI	LLLWTLLGLLFYLTALLLILI	2096.23	2095.65	0.312976	0.526939	381.976
LLLWTLLGLLFYLTALLLILI	LLLWALLGLLFYLTALLLILI	2095.8	2095.8	0.682386	0.224658	353.943
LLLWALLGLLFYLTALLLILI	LLLWALLGLLFFLTALLLILI	2095.98	2096.46	0.410343	0.410343	326.872
LLLWALLGLLFFLTALLLILI	LLLWALLGLLFYLTALLLILI	2096.46	2095.98	0.410343	0.410343	276.131
LLLWALLGLLFYLTALLLILI	LLLWALLGLLFYLTSLLLILI	2095.99	2095.92	0.416521	0.404229	252.655
LLLWALLGLLFYLTSLLLILI	LLLWALLGLLFYLTALLLILI	2095.92	2095.99	0.404229	0.416521	209.776
LLLWALLGLLFYLTALLLILI	LLLWTLLGLLFYLTALLLILI	2095.8	2095.8	0.224658	0.682386	190.417
LLLWTLLGLLFYLTALLLILI	LLLWTLLGLLFYLTSLLLILI	2095.36	2095.71	0.244161	0.642213	172.439
LLLWTLLGLLFYLTSLLLILI	LLLWALLGLLFYLTSLLLILI	2096.06	2095.64	0.990994	0.122923	140.501
LLLWALLGLLFYLTSLLLILI	LLLWALLGLLFFLTSLLLILI	2095.93	2096.44	0.410343	0.410343	113.597
LLLWALLGLLFFLTSLLLILI	LLLWALLGLLFYLTSLLLILI	2096.44	2095.93	0.410343	0.410343	101.879
LLLWALLGLLFYLTSLLLILI	LLLWALLGLLFYLTALLLILI	2095.92	2095.99	0.404229	0.416521	91.2238
LLLWALLGLLFYLTALLLILI	LLLWALLGLLFYLTSLLLILI	2095.99	2095.92	0.416521	0.404229	81.5606
LLLWALLGLLFYLTSLLLILI	LLLWALLGLLFYLTALLLILI	2095.92	2095.99	0.404229	0.416521	72.8169
LLLWALLGLLFYLTALLLILI	LLLWALLGLLFYLTSLLLILI	2095.99	2095.92	0.416521	0.404229	64.9219
LLLWALLGLLFYLTSLLLILI	LLLWALLGLLFYLTALLLILI	2095.92	2095.99	0.404229	0.416521	40.495
LLLWALLGLLFYLTALLLILI	LLLWALLGLLFYLTSLLLILI	2095.99	2095.92	0.416521	0.404229	35.8726
LLLWALLGLLFYLTSLLLILI	LLLWALLGLLFYLTALLLILI	2095.92	2095.99	0.404229	0.416521	31.7355
LLLWALLGLLFYLTALLLILI	LLLWALLGLLFYLTSLLLILI	2095.99	2095.92	0.416521	0.404229	24.7321
Time: 91s
