***STARTING GEOMETRY:***
xShift: 8.2
crossingAngle: 26.19
axialRotation: 50
zShift: 4.2

Number of MCCycles: 100
PrevSequence	CurrSequence	PrevEnergy	CurrEnergy	PrevEntropy	CurrEntropy	CurrentTemp
LLLAVLLALLATLTTLLLILI	LLLAVLLALLAYLTTLLLILI	2605.04	2605.77	0.693609	0.219549	999.684
LLLAVLLALLAYLTTLLLILI	LLLGVLLALLAYLTTLLLILI	2606.15	2606.07	0.605976	0.263552	999.328
LLLGVLLALLAYLTTLLLILI	LLLGVLLALLATLTTLLLILI	2606.03	2605.26	0.219549	0.693609	998.928
LLLGVLLALLATLTTLLLILI	LLLAVLLALLATLTTLLLILI	2604.83	2604.92	0.263552	0.605976	998.476
LLLAVLLALLATLTTLLLILI	LLLAVLLALLYTLTTLLLILI	2604.73	2603.37	0.418565	0.402233	997.967
LLLAVLLALLYTLTTLLLILI	LLLAILLALLYTLTTLLLILI	2603.36	2604.65	0.398479	0.42245	997.394
LLLAILLALLYTLTTLLLILI	LLLAVLLALLYTLTTLLLILI	2604.65	2603.36	0.42245	0.398479	996.749
LLLAVLLALLYTLTTLLLILI	LLLAILLALLYTLTTLLLILI	2603.36	2604.65	0.398479	0.42245	996.023
LLLAILLALLYTLTTLLLILI	LLLAILLALLATLTTLLLILI	2604.63	2606	0.402233	0.418565	995.205
LLLAILLALLATLTTLLLILI	LLLAILLALLAYLTTLLLILI	2606.27	2607.04	0.693609	0.219549	994.285
LLLAILLALLAYLTTLLLILI	LLLAVLLALLAYLTTLLLILI	2607.24	2605.94	0.42245	0.398479	993.249
LLLAVLLALLAYLTTLLLILI	LLLAVLLALLYYLTTLLLILI	2605.79	2601.94	0.24553	0.639541	992.084
LLLAVLLALLYYLTTLLLILI	LLLGVLLALLYYLTTLLLILI	2601.76	2601.91	0.463748	0.36136	990.773
LLLGVLLALLYYLTTLLLILI	LLLGVLLGLLYYLTTLLLILI	2601.71	2603.39	0.154044	0.872342	989.3
LLLGVLLGLLYYLTTLLLILI	LLLAVLLGLLYYLTTLLLILI	2603.39	2602.44	0.872342	0.154044	987.644
LLLAVLLGLLYYLTTLLLILI	LLLAVLLGLLFYLTTLLLILI	2603.24	2603.1	0.952787	0.132101	985.783
LLLAVLLGLLFYLTTLLLILI	LLLAVLLGLLYYLTTLLLILI	2603.1	2603.24	0.132101	0.952787	983.694
LLLAVLLGLLYYLTTLLLILI	LLLAVLLGLLYFLTTLLLILI	2603.24	2602.86	0.952787	0.132101	981.348
LLLAVLLGLLYFLTTLLLILI	LLLAILLGLLYFLTTLLLILI	2603.13	2604.44	0.398479	0.42245	978.717
LLLAILLGLLYFLTTLLLILI	LLLAILLGLLFFLTTLLLILI	2604.43	2605.06	0.410343	0.410343	975.768
LLLAILLGLLFFLTTLLLILI	LLLAVLLGLLFFLTTLLLILI	2605.07	2603.76	0.42245	0.398479	972.463
LLLAVLLGLLFFLTTLLLILI	LLLAVLLGLLFYLTTLLLILI	2603.77	2603.37	0.410343	0.410343	968.764
LLLAVLLGLLFYLTTLLLILI	LLLAVLLGLLYYLTTLLLILI	2603.1	2603.24	0.132101	0.952787	964.627
LLLAVLLGLLYYLTTLLLILI	LLLAVLLGLLYFLTTLLLILI	2603.24	2602.86	0.952787	0.132101	954.846
LLLAVLLGLLYFLTTLLLILI	LLLAVLLGLLYFLITLLLILI	2603.64	2606.09	0.911943	0.142768	949.095
LLLAVLLGLLYFLITLLLILI	LLLAVLLGLLFFLITLLLILI	2606.36	2607.47	0.410343	0.410343	942.693
LLLAVLLGLLFFLITLLLILI	LLLAVLLGLLYFLITLLLILI	2607.47	2606.36	0.410343	0.410343	935.578
LLLAVLLGLLYFLITLLLILI	LLLAVLLGLLYFLTTLLLILI	2606.09	2605.49	0.142768	0.911943	927.683
LLLAVLLGLLYFLTTLLLILI	LLLAVLLGLLFFLTTLLLILI	2604.99	2604.44	0.410343	0.410343	918.939
LLLAVLLGLLFFLTTLLLILI	LLLAVLLGLLYFLTTLLLILI	2604.44	2604.29	0.410343	0.410343	909.276
LLLAVLLGLLYFLTTLLLILI	LLLGVLLGLLYFLTTLLLILI	2604.03	2605.47	0.154044	0.872342	898.621
LLLGVLLGLLYFLTTLLLILI	LLLGVLLGLLFFLTTLLLILI	2605.01	2604.67	0.410343	0.410343	886.903
LLLGVLLGLLFFLTTLLLILI	LLLGVLLGLLFYLTTLLLILI	2604.67	2604.24	0.410343	0.410343	874.051
LLLGVLLGLLFYLTTLLLILI	LLLAVLLGLLFYLTTLLLILI	2604.7	2603.74	0.872342	0.154044	859.999
LLLAVLLGLLFYLTTLLLILI	LLLAVLLGLLYYLTTLLLILI	2603.72	2603.75	0.132101	0.952787	844.686
LLLAVLLGLLYYLTTLLLILI	LLLGVLLGLLYYLTTLLLILI	2602.96	2603.9	0.154044	0.872342	828.061
LLLGVLLGLLYYLTTLLLILI	LLLAVLLGLLYYLTTLLLILI	2603.9	2602.96	0.872342	0.154044	810.083
LLLAVLLGLLYYLTTLLLILI	LLLGVLLGLLYYLTTLLLILI	2602.96	2603.9	0.154044	0.872342	790.724
LLLGVLLGLLYYLTTLLLILI	LLLGVLLGLLYFLTTLLLILI	2603.98	2603.59	0.952787	0.132101	769.974
LLLGVLLGLLYFLTTLLLILI	LLLGVLLGLLYYLTTLLLILI	2603.59	2603.98	0.132101	0.952787	747.845
LLLGVLLGLLYYLTTLLLILI	LLLGYLLGLLYYLTTLLLILI	2603.1	2603.67	0.0721588	1.28166	724.369
LLLGYLLGLLYYLTTLLLILI	LLLGYLLGLLYYLTSLLLILI	2603.08	2605.6	0.690823	0.220804	699.602
LLLGYLLGLLYYLTSLLLILI	LLLGWLLGLLYYLTSLLLILI	2605.97	2605.81	0.591129	0.272043	673.628
LLLGWLLGLLYYLTSLLLILI	LLLGWLLGLLYLLTSLLLILI	2606.34	2606.72	0.801241	0.176934	646.557
LLLGWLLGLLYLLTSLLLILI	LLLGWLLGLLFLLTSLLLILI	2607.2	2607.34	0.650378	0.240035	618.524
LLLGWLLGLLFLLTSLLLILI	LLLGWLLGLLFYLTSLLLILI	2607.41	2606.6	0.312976	0.526939	589.688
LLLGWLLGLLFYLTSLLLILI	LLLGWLLGLLFYLTTLLLILI	2606.3	2605.03	0.220804	0.690823	560.23
LLLGWLLGLLFYLTTLLLILI	LLLGYLLGLLFYLTTLLLILI	2604.71	2605.27	0.372136	0.451187	530.348
LLLGYLLGLLFYLTTLLLILI	LLLGYLLGLLYYLTTLLLILI	2604.91	2604.94	0.0912572	1.15198	500.25
LLLGYLLGLLYYLTTLLLILI	LLLGYLLGLLYLLTTLLLILI	2604.78	2604.12	0.987966	0.123624	470.152
LLLGYLLGLLYLLTTLLLILI	LLLGYLLGLLFLLTTLLLILI	2604.95	2605.41	0.952787	0.132101	440.27
LLLGYLLGLLFLLTTLLLILI	LLLGYLLGLLFYLTTLLLILI	2605.45	2605.62	0.176934	0.801241	410.812
LLLGYLLGLLFYLTTLLLILI	LLLGYLLGLLFLLTTLLLILI	2605.62	2605.45	0.801241	0.176934	381.976
LLLGYLLGLLFLLTTLLLILI	LLLGYLLGLLYLLTTLLLILI	2605.41	2605.66	0.132101	0.952787	353.943
LLLGYLLGLLYLLTTLLLILI	LLLGYLLGLLFLLTTLLLILI	2605.66	2605.41	0.952787	0.132101	326.872
LLLGYLLGLLFLLTTLLLILI	LLLGYLLGLLFYLTTLLLILI	2605.45	2605.62	0.176934	0.801241	300.898
LLLGYLLGLLFYLTTLLLILI	LLLGYLLGLLFLLTTLLLILI	2605.62	2606.12	0.801241	0.176934	276.131
LLLGYLLGLLFLLTTLLLILI	LLLYYLLGLLFLLTTLLLILI	2606.21	2603.1	0.269472	0.595564	252.655
LLLYYLLGLLFLLTTLLLILI	LLLYWLLGLLFLLTTLLLILI	2602.96	2600.7	0.451187	0.372136	230.526
LLLYWLLGLLFLLTTLLLILI	LLLYWLLGLLYLLTTLLLILI	2600.46	2600.07	0.132101	0.952787	209.776
LLLYWLLGLLYLLTTLLLILI	LLLYWLLGLLFLLTTLLLILI	2600.07	2599.81	0.952787	0.132101	190.417
LLLYWLLGLLFLLTTLLLILI	LLLYWLLGLLFFLTTLLLILI	2599.99	2599.93	0.312976	0.526939	172.439
LLLYWLLGLLFFLTTLLLILI	LLLYWLLGLLYFLTTLLLILI	2599.64	2599.63	0.240035	0.650378	140.501
LLLYWLLGLLYFLTTLLLILI	LLLYWLLGLLYLLTTLLLILI	2599.3	2598.97	0.320259	0.516639	126.449
LLLYWLLGLLYLLTTLLLILI	LLLYWLLGLLYFLTTLLLILI	2598.97	2598.63	0.516639	0.320259	64.9219
Time: 156s
