***STARTING GEOMETRY:***
xShift: 8.2
crossingAngle: 31
axialRotation: 75.6518
zShift: 3.22877

Number of MCCycles: 100
PrevSequence	CurrSequence	PrevEnergy	CurrEnergy	PrevEntropy	CurrEntropy	CurrentTemp
LLLYVLLGLLGTLTTLLLILI	LLLYYLLGLLGTLTTLLLILI	-8.47239	-7.34559	0.105187	1.07465	999.684
LLLYYLLGLLGTLTTLLLILI	LLLWYLLGLLGTLTTLLLILI	-7.96905	-7.54849	0.451187	0.372136	999.328
LLLWYLLGLLGTLTTLLLILI	LLLWYLLGLLFTLTTLLLILI	-7.21277	-6.81907	0.707856	0.213262	998.928
LLLWYLLGLLFTLTTLLLILI	LLLWYLLGLLFWLTTLLLILI	-6.74079	-9.61922	0.291546	0.559121	998.476
LLLWYLLGLLFWLTTLLLILI	LLLWYLLGLLYWLTTLLLILI	-10.0462	-12.4344	0.132101	0.952787	997.967
LLLWYLLGLLYWLTTLLLILI	LLLYYLLGLLYWLTTLLLILI	-12.9294	-11.7343	0.457728	0.366471	997.394
LLLYYLLGLLYWLTTLLLILI	LLLWYLLGLLYWLTTLLLILI	-11.7343	-12.9294	0.366471	0.457728	996.749
LLLWYLLGLLYWLTTLLLILI	LLLWYLLGLLYFLTTLLLILI	-12.1561	-11.6884	1.23103	0.0790506	996.023
LLLWYLLGLLYFLTTLLLILI	LLLYYLLGLLYFLTTLLLILI	-11.4954	-10.3907	0.272043	0.591129	995.205
LLLYYLLGLLYFLTTLLLILI	LLLYTLLGLLYFLTTLLLILI	-10.4768	-10.5363	0.505042	0.328724	994.285
LLLYTLLGLLYFLTTLLLILI	LLLYYLLGLLYFLTTLLLILI	-10.5363	-10.4768	0.328724	0.505042	993.249
LLLYYLLGLLYFLTTLLLILI	LLLYTLLGLLYFLTTLLLILI	-10.4768	-10.5363	0.505042	0.328724	992.084
LLLYTLLGLLYFLTTLLLILI	LLLFTLLGLLYFLTTLLLILI	-10.2146	-8.94699	0.650378	0.240035	990.773
LLLFTLLGLLYFLTTLLLILI	LLLFTLLGLLYFLVTLLLILI	-8.05858	-5.42763	1.12845	0.0952708	989.3
LLLFTLLGLLYFLVTLLLILI	LLLYTLLGLLYFLVTLLLILI	-5.28286	-6.5502	0.240035	0.650378	987.644
LLLYTLLGLLYFLVTLLLILI	LLLYTLLGLLWFLVTLLLILI	-6.74939	-5.55651	0.451187	0.372136	985.783
LLLYTLLGLLWFLVTLLLILI	LLLFTLLGLLWFLVTLLLILI	-5.5183	-3.6484	0.410343	0.410343	983.694
LLLFTLLGLLWFLVTLLLILI	LLLFTLLGLLWYLVTLLLILI	-3.6484	-3.74417	0.410343	0.410343	981.348
LLLFTLLGLLWYLVTLLLILI	LLLFTLLGLLWYLTTLLLILI	-4.05924	-6.6556	0.0952708	1.12845	978.717
LLLFTLLGLLWYLTTLLLILI	LLLFTLLGLLYYLTTLLLILI	-7.41191	-8.83515	0.372136	0.451187	975.768
LLLFTLLGLLYYLTTLLLILI	LLLYTLLGLLYYLTTLLLILI	-9.19508	-9.81171	0.0912572	1.15198	972.463
LLLYTLLGLLYYLTTLLLILI	LLLYTLLGLLYWLTTLLLILI	-10.3726	-11.7387	0.591129	0.272043	968.764
LLLYTLLGLLYWLTTLLLILI	LLLYFLLGLLYWLTTLLLILI	-11.0065	-11.0428	1.0043	0.119894	960.005
LLLYFLLGLLYWLTTLLLILI	LLLWFLLGLLYWLTTLLLILI	-10.8952	-10.7722	0.267575	0.598868	954.846
LLLWFLLGLLYWLTTLLLILI	LLLWYLLGLLYWLTTLLLILI	-11.239	-12.4344	0.132101	0.952787	949.095
LLLWYLLGLLYWLTTLLLILI	LLLWFLLGLLYWLTTLLLILI	-12.4344	-11.239	0.952787	0.132101	942.693
LLLWFLLGLLYWLTTLLLILI	LLLWYLLGLLYWLTTLLLILI	-11.239	-12.4344	0.132101	0.952787	935.578
LLLWYLLGLLYWLTTLLLILI	LLLWYLLGLLYWLTGLLLILI	-12.8972	-9.99133	0.489954	0.34018	927.683
LLLWYLLGLLYWLTGLLLILI	LLLYYLLGLLYWLTGLLLILI	-9.87379	-8.67866	0.457728	0.366471	918.939
LLLYYLLGLLYWLTGLLLILI	LLLYTLLGLLYWLTGLLLILI	-8.39074	-8.71594	0.654392	0.238039	909.276
LLLYTLLGLLYWLTGLLLILI	LLLYTLLGLLYFLTGLLLILI	-8.06356	-7.43382	0.890414	0.148778	898.621
LLLYTLLGLLYFLTGLLLILI	LLLYYLLGLLYFLTGLLLILI	-7.34456	-7.04504	0.238039	0.654392	886.903
LLLYYLLGLLYFLTGLLLILI	LLLYTLLGLLYFLTGLLLILI	-7.04504	-7.34456	0.654392	0.238039	874.051
LLLYTLLGLLYFLTGLLLILI	LLLYTLLGLLYWLTGLLLILI	-7.43382	-8.06471	0.148778	0.890414	859.999
LLLYTLLGLLYWLTGLLLILI	LLLYYLLGLLYWLTGLLLILI	-8.71708	-8.39074	0.238039	0.654392	844.686
LLLYYLLGLLYWLTGLLLILI	LLLYTLLGLLYWLTGLLLILI	-8.39074	-8.71708	0.654392	0.238039	828.061
LLLYTLLGLLYWLTGLLLILI	LLLYYLLGLLYWLTGLLLILI	-8.71708	-8.39074	0.238039	0.654392	810.083
LLLYYLLGLLYWLTGLLLILI	LLLWYLLGLLYWLTGLLLILI	-8.67866	-9.87379	0.366471	0.457728	790.724
LLLWYLLGLLYWLTGLLLILI	LLLWYLLGLLYWLVGLLLILI	-9.69935	-6.52365	0.632162	0.249358	769.974
LLLWYLLGLLYWLVGLLLILI	LLLWYLLGLLYFLVGLLLILI	-5.54198	-4.8347	1.23103	0.0790506	747.845
LLLWYLLGLLYFLVGLLLILI	LLLWYLLGLLYWLVGLLLILI	-4.8347	-5.54198	0.0790506	1.23103	724.369
LLLWYLLGLLYWLVGLLLILI	LLLWYLLGLLYWLTGLLLILI	-6.52365	-9.69935	0.249358	0.632162	699.602
LLLWYLLGLLYWLTGLLLILI	LLLWYLLGLLFWLTGLLLILI	-9.37873	-7.15687	0.952787	0.132101	673.628
LLLWYLLGLLFWLTGLLLILI	LLLWYLLGLLFFLTGLLLILI	-6.39855	-5.52405	0.890414	0.148778	646.557
LLLWYLLGLLFFLTGLLLILI	LLLWYLLGLLFWLTGLLLILI	-5.52405	-6.39855	0.148778	0.890414	618.524
LLLWYLLGLLFWLTGLLLILI	LLLYYLLGLLFWLTGLLLILI	-6.6901	-6.65393	0.598868	0.267575	589.688
LLLYYLLGLLFWLTGLLLILI	LLLYTLLGLLFWLTGLLLILI	-6.41646	-6.56573	0.505042	0.328724	560.23
LLLYTLLGLLFWLTGLLLILI	LLLYYLLGLLFWLTGLLLILI	-6.56573	-6.41646	0.328724	0.505042	530.348
LLLYYLLGLLFWLTGLLLILI	LLLWYLLGLLFWLTGLLLILI	-6.65393	-6.6901	0.267575	0.598868	500.25
LLLWYLLGLLFWLTGLLLILI	LLLYYLLGLLFWLTGLLLILI	-6.6901	-6.65393	0.598868	0.267575	470.152
LLLYYLLGLLFWLTGLLLILI	LLLYYLLGLLFFLTGLLLILI	-6.32264	-5.53854	0.598868	0.267575	440.27
LLLYYLLGLLFFLTGLLLILI	LLLYTLLGLLFFLTGLLLILI	-5.30107	-5.42352	0.505042	0.328724	410.812
LLLYTLLGLLFFLTGLLLILI	LLLYTLLGLLYFLTGLLLILI	-5.51221	-6.93222	0.240035	0.650378	381.976
LLLYTLLGLLYFLTGLLLILI	LLLYTLLGLLYWLTGLLLILI	-7.43382	-8.06471	0.148778	0.890414	353.943
LLLYTLLGLLYWLTGLLLILI	LLLFTLLGLLYWLTGLLLILI	-8.00233	-7.15234	0.952787	0.132101	326.872
LLLFTLLGLLYWLTGLLLILI	LLLFTLLGLLYFLTGLLLILI	-6.68558	-5.63703	0.598868	0.267575	300.898
LLLFTLLGLLYFLTGLLLILI	LLLFYLLGLLYFLTGLLLILI	-5.57588	-5.59551	0.328724	0.505042	276.131
LLLFYLLGLLYFLTGLLLILI	LLLFTLLGLLYFLTGLLLILI	-5.59551	-5.57588	0.505042	0.328724	252.655
LLLFTLLGLLYFLTGLLLILI	LLLFTLLGLLYWLTGLLLILI	-5.63703	-6.68593	0.267575	0.598868	230.526
LLLFTLLGLLYWLTGLLLILI	LLLFTLLGLLYFLTGLLLILI	-6.68593	-5.63703	0.598868	0.267575	209.776
LLLFTLLGLLYFLTGLLLILI	LLLFYLLGLLYFLTGLLLILI	-5.57588	-5.59551	0.328724	0.505042	190.417
LLLFYLLGLLYFLTGLLLILI	LLLFYLLGLLYWLTGLLLILI	-5.83298	-6.85471	0.267575	0.598868	172.439
LLLFYLLGLLYWLTGLLLILI	LLLWYLLGLLYWLTGLLLILI	-7.37453	-9.10048	0.0790506	1.23103	155.814
LLLWYLLGLLYWLTGLLLILI	LLLWYLLGLLYFLTGLLLILI	-9.10048	-8.40601	1.23103	0.0790506	126.449
LLLWYLLGLLYFLTGLLLILI	LLLWYLLGLLYWLTGLLLILI	-8.40601	-9.10048	0.0790506	1.23103	81.5606
Time: 344s
