***STARTING GEOMETRY:***
xShift: 8.26938
crossingAngle: -34.7649
axialRotation: 17.4903
zShift: 4.10698

Number of MCCycles: 100
PrevSequence	CurrSequence	PrevEnergy	CurrEnergy	PrevEntropy	CurrEntropy	CurrentTemp
LLLGLLWSLLGTLLATLLILI	LLLGLLWSLLGYLLATLLILI	-7.27123	-10.5145	0.538845	0.30482	999.684
LLLGLLWSLLGYLLATLLILI	LLLGLLFSLLGYLLATLLILI	-9.92895	-10.4347	0.890414	0.148778	999.328
LLLGLLFSLLGYLLATLLILI	LLLGLLWSLLGYLLATLLILI	-10.4347	-9.92895	0.148778	0.890414	998.928
LLLGLLWSLLGYLLATLLILI	LLLGLLWSLLGTLLATLLILI	-10.5145	-10.806	0.30482	0.538845	998.476
LLLGLLWSLLGTLLATLLILI	LLLGLLWSLLGYLLATLLILI	-10.806	-10.5145	0.538845	0.30482	997.967
LLLGLLWSLLGYLLATLLILI	LLLGLLWSLLGYLLGTLLILI	-10.7123	-9.08212	0.107014	1.06535	997.394
LLLGLLWSLLGYLLGTLLILI	LLLGLLWSLLGYLLATLLILI	-9.08212	-10.4884	1.06535	0.107014	996.749
LLLGLLWSLLGYLLATLLILI	LLLGLLWTLLGYLLATLLILI	-10.3747	-17.1462	0.220804	0.690823	996.023
LLLGLLWTLLGYLLATLLILI	LLLGLLYTLLGYLLATLLILI	-17.4649	-17.6933	0.372136	0.451187	995.205
LLLGLLYTLLGYLLATLLILI	LLLGLLWTLLGYLLATLLILI	-17.6933	-17.3361	0.451187	0.372136	994.285
LLLGLLWTLLGYLLATLLILI	LLLGLLWTLLGYLLGTLLILI	-17.6012	-16.4424	0.107014	1.06535	993.249
LLLGLLWTLLGYLLGTLLILI	LLLGLLYTLLGYLLGTLLILI	-17.1356	-17.2492	0.372136	0.451187	992.084
LLLGLLYTLLGYLLGTLLILI	LLLGLLYTLLGYLLATLLILI	-16.635	-18.0375	1.06535	0.107014	990.773
LLLGLLYTLLGYLLATLLILI	LLLGLLYTLLGTLLATLLILI	-17.7652	-17.7006	0.379341	0.443059	989.3
LLLGLLYTLLGTLLATLLILI	LLLGLLYTLLGYLLATLLILI	-17.7006	-17.7652	0.443059	0.379341	987.644
LLLGLLYTLLGYLLATLLILI	LLLGLLYTLLGTLLATLLILI	-17.7652	-17.7006	0.379341	0.443059	985.783
LLLGLLYTLLGTLLATLLILI	LLLGLLYTLLGYLLATLLILI	-17.7006	-17.7652	0.443059	0.379341	983.694
LLLGLLYTLLGYLLATLLILI	LLLGLLYTLLGTLLATLLILI	-17.7652	-17.7006	0.379341	0.443059	981.348
LLLGLLYTLLGTLLATLLILI	LLLGLLWTLLGTLLATLLILI	-17.8761	-17.1755	0.267575	0.598868	978.717
LLLGLLWTLLGTLLATLLILI	LLLGLLWTLLGYLLATLLILI	-17.0808	-17.4887	0.693609	0.219549	975.768
LLLGLLWTLLGYLLATLLILI	LLLGLLWTLLGTLLATLLILI	-17.4887	-17.2226	0.219549	0.693609	972.463
LLLGLLWTLLGTLLATLLILI	LLLGLLWTLLGTLLAYLLILI	-17.2226	-13.8796	0.693609	0.219549	968.764
LLLGLLWTLLGTLLAYLLILI	LLLGLLYTLLGTLLAYLLILI	-13.727	-14.1455	0.372136	0.451187	964.627
LLLGLLYTLLGTLLAYLLILI	LLLGLLYFLLGTLLAYLLILI	-13.7805	-14.5109	0.816184	0.171816	960.005
LLLGLLYFLLGTLLAYLLILI	LLLGLLYTLLGTLLAYLLILI	-14.5109	-13.7805	0.171816	0.816184	954.846
LLLGLLYTLLGTLLAYLLILI	LLLGLLYYLLGTLLAYLLILI	-14.3587	-13.3785	0.238039	0.654392	949.095
LLLGLLYYLLGTLLAYLLILI	LLLGLLFYLLGTLLAYLLILI	-12.8809	-16.5056	1.15198	0.0912572	942.693
LLLGLLFYLLGTLLAYLLILI	LLLGLLFYLLGTLLATLLILI	-16.0918	-17.0309	0.505042	0.328724	927.683
LLLGLLFYLLGTLLATLLILI	LLLGLLWYLLGTLLATLLILI	-17.2109	-17.1983	0.148778	0.890414	909.276
LLLGLLWYLLGTLLATLLILI	LLLGLLWYLLGTLLAYLLILI	-17.76	-14.0271	0.328724	0.505042	886.903
LLLGLLWYLLGTLLAYLLILI	LLLGLLWTLLGTLLAYLLILI	-14.0271	-13.7704	0.505042	0.328724	874.051
LLLGLLWTLLGTLLAYLLILI	LLLGLLYTLLGTLLAYLLILI	-13.727	-14.1455	0.372136	0.451187	859.999
LLLGLLYTLLGTLLAYLLILI	LLLGLLYTLLGFLLAYLLILI	-13.7805	-12.8457	0.816184	0.171816	844.686
LLLGLLYTLLGFLLAYLLILI	LLLGLLWTLLGFLLAYLLILI	-12.5663	-12.1791	0.451187	0.372136	828.061
LLLGLLWTLLGFLLAYLLILI	LLLGLLYTLLGFLLAYLLILI	-12.1791	-12.5663	0.372136	0.451187	810.083
LLLGLLYTLLGFLLAYLLILI	LLLGLLYTLLGFLLATLLILI	-12.5124	-16.6348	0.505042	0.328724	790.724
LLLGLLYTLLGFLLATLLILI	LLLGLLYTLLGYLLATLLILI	-16.8314	-17.1917	0.132101	0.952787	769.974
LLLGLLYTLLGYLLATLLILI	LLLGLLWTLLGYLLATLLILI	-17.6933	-17.4649	0.451187	0.372136	747.845
LLLGLLWTLLGYLLATLLILI	LLLGLLWTLLGTLLATLLILI	-17.6175	-16.9522	0.219549	0.693609	724.369
LLLGLLWTLLGTLLATLLILI	LLLGLLWTLLGFLLATLLILI	-16.6415	-16.377	1.0043	0.119894	699.602
LLLGLLWTLLGFLLATLLILI	LLLGLLYTLLGFLLATLLILI	-15.8981	-16.6959	0.598868	0.267575	673.628
LLLGLLYTLLGFLLATLLILI	LLLGLLYTLLGYLLATLLILI	-16.8314	-17.1917	0.132101	0.952787	646.557
LLLGLLYTLLGYLLATLLILI	LLLGLLWTLLGYLLATLLILI	-17.6933	-17.4649	0.451187	0.372136	589.688
LLLGLLWTLLGYLLATLLILI	LLLGLLYTLLGYLLATLLILI	-17.4649	-17.6933	0.372136	0.451187	560.23
LLLGLLYTLLGYLLATLLILI	LLLGLLYTLLGYLLGTLLILI	-18.0375	-16.635	0.107014	1.06535	530.348
LLLGLLYTLLGYLLGTLLILI	LLLGLLYTLLGTLLGTLLILI	-17.321	-17.2629	0.379341	0.443059	500.25
LLLGLLYTLLGTLLGTLLILI	LLLGLLYTLLGYLLGTLLILI	-17.2629	-17.321	0.443059	0.379341	470.152
LLLGLLYTLLGYLLGTLLILI	LLLGLLYTLLGTLLGTLLILI	-17.321	-17.2629	0.379341	0.443059	440.27
LLLGLLYTLLGTLLGTLLILI	LLLGLLYTLLGTLLATLLILI	-16.6406	-18.0366	1.06535	0.107014	410.812
LLLGLLYTLLGTLLATLLILI	LLLGLLYTLLGYLLATLLILI	-17.7006	-17.7652	0.443059	0.379341	381.976
LLLGLLYTLLGYLLATLLILI	LLLGLLYTLLGTLLATLLILI	-17.7652	-17.7006	0.379341	0.443059	326.872
LLLGLLYTLLGTLLATLLILI	LLLGLLYTLLGYLLATLLILI	-17.7006	-17.7652	0.443059	0.379341	300.898
LLLGLLYTLLGYLLATLLILI	LLLGLLWTLLGYLLATLLILI	-17.6933	-17.4649	0.451187	0.372136	276.131
LLLGLLWTLLGYLLATLLILI	LLLGLLWTLLGTLLATLLILI	-17.6175	-17.0934	0.219549	0.693609	252.655
LLLGLLWTLLGTLLATLLILI	LLLGLLWWLLGTLLATLLILI	-17.4955	-16.8253	0.291546	0.559121	230.526
LLLGLLWWLLGTLLATLLILI	LLLGLLFWLLGTLLATLLILI	-16.1534	-16.447	1.23103	0.0790506	209.776
LLLGLLFWLLGTLLATLLILI	LLLGLLWWLLGTLLATLLILI	-16.447	-16.1534	0.0790506	1.23103	190.417
LLLGLLWWLLGTLLATLLILI	LLLGLLFWLLGTLLATLLILI	-16.1534	-16.447	1.23103	0.0790506	172.439
LLLGLLFWLLGTLLATLLILI	LLLGLLFFLLGTLLATLLILI	-15.9272	-17.6327	0.598868	0.267575	155.814
LLLGLLFFLLGTLLATLLILI	LLLGLLYFLLGTLLATLLILI	-17.4899	-17.754	0.410343	0.410343	126.449
LLLGLLYFLLGTLLATLLILI	LLLGLLYYLLGTLLATLLILI	-18.0322	-19.3529	0.132101	0.952787	19.1517
Time: 160s
