MCAccept 0 xShift: 6.97 crossingAngle: -44.16 axialRotation: -10.2131 zShift: 0.16 energy: 212.673
MCAccept 1 xShift: 6.97 crossingAngle: -44.2256 axialRotation: -10.2131 zShift: 0.16 energy: 211.485
MCReject   xShift: 6.97 crossingAngle: -44.2256 axialRotation: -10.2131 zShift: 0.151744 energy: 213.512
MCAccept 2 xShift: 6.97 crossingAngle: -44.2256 axialRotation: -10.2131 zShift: 0.184916 energy: 209.291
MCAccept 3 xShift: 6.97 crossingAngle: -44.1773 axialRotation: -10.2131 zShift: 0.184916 energy: 209.295
MCAccept 4 xShift: 6.97 crossingAngle: -44.1773 axialRotation: -9.93653 zShift: 0.184916 energy: 209.168
MCAccept 5 xShift: 6.97 crossingAngle: -44.1773 axialRotation: -9.93653 zShift: 0.179729 energy: 208.919
MCReject   xShift: 6.97 crossingAngle: -44.1773 axialRotation: -10.019 zShift: 0.179729 energy: 209.955
MCReject   xShift: 6.97942 crossingAngle: -44.1773 axialRotation: -9.93653 zShift: 0.179729 energy: 209.955
MCAccept 6 xShift: 6.98782 crossingAngle: -44.1773 axialRotation: -9.93653 zShift: 0.179729 energy: 208.919
MCReject   xShift: 6.98782 crossingAngle: -44.1773 axialRotation: -9.71597 zShift: 0.179729 energy: 209.95
MCAccept 7 xShift: 6.98782 crossingAngle: -44.1773 axialRotation: -9.97015 zShift: 0.179729 energy: 208.919
MCReject   xShift: 6.98782 crossingAngle: -44.2054 axialRotation: -9.97015 zShift: 0.179729 energy: 209.95
MCReject   xShift: 6.99435 crossingAngle: -44.1773 axialRotation: -9.97015 zShift: 0.179729 energy: 210.098
MCAccept 8 xShift: 6.98782 crossingAngle: -44.158 axialRotation: -9.97015 zShift: 0.179729 energy: 208.919
MCReject   xShift: 6.98782 crossingAngle: -44.158 axialRotation: -9.97015 zShift: 0.174874 energy: 209.54
MCReject   xShift: 6.98782 crossingAngle: -43.9568 axialRotation: -9.97015 zShift: 0.179729 energy: 209.955
MCAccept 9 xShift: 6.98782 crossingAngle: -44.0047 axialRotation: -9.97015 zShift: 0.179729 energy: 208.919
MCAccept 10 xShift: 6.98782 crossingAngle: -44.0047 axialRotation: -9.97015 zShift: 0.189164 energy: 208.757
MCAccept 11 xShift: 6.98782 crossingAngle: -44.0047 axialRotation: -10.153 zShift: 0.189164 energy: 208.761
MCAccept 12 xShift: 6.98782 crossingAngle: -44.0047 axialRotation: -10.2211 zShift: 0.189164 energy: 208.633
MCAccept 13 xShift: 6.98782 crossingAngle: -44.0047 axialRotation: -10.265 zShift: 0.189164 energy: 208.761
MCAccept 14 xShift: 6.98782 crossingAngle: -43.9243 axialRotation: -10.265 zShift: 0.189164 energy: 208.633
MCReject   xShift: 6.98782 crossingAngle: -43.9514 axialRotation: -10.265 zShift: 0.189164 energy: 208.905
MCAccept 15 xShift: 6.98173 crossingAngle: -43.9243 axialRotation: -10.265 zShift: 0.189164 energy: 208.761
MCReject   xShift: 6.98173 crossingAngle: -43.9784 axialRotation: -10.265 zShift: 0.189164 energy: 208.905
MCAccept 16 xShift: 6.98173 crossingAngle: -43.9243 axialRotation: -10.265 zShift: 0.202651 energy: 207.091
MCAccept 17 xShift: 6.98173 crossingAngle: -43.9243 axialRotation: -10.2844 zShift: 0.202651 energy: 207.239
MCReject   xShift: 6.98173 crossingAngle: -43.9243 axialRotation: -10.2844 zShift: 0.189397 energy: 207.701
MCAccept 18 xShift: 6.97828 crossingAngle: -43.9243 axialRotation: -10.2844 zShift: 0.202651 energy: 206.967
MCAccept 19 xShift: 6.97828 crossingAngle: -43.9607 axialRotation: -10.2844 zShift: 0.202651 energy: 207.091
MCAccept 20 xShift: 6.97828 crossingAngle: -43.9607 axialRotation: -10.2844 zShift: 0.196886 energy: 206.774
MCReject   xShift: 6.97828 crossingAngle: -43.9607 axialRotation: -10.2844 zShift: 0.186294 energy: 208.089
MCReject   xShift: 6.97828 crossingAngle: -43.8478 axialRotation: -10.2844 zShift: 0.196886 energy: 207.798
MCReject   xShift: 6.97765 crossingAngle: -43.9607 axialRotation: -10.2844 zShift: 0.196886 energy: 207.798
MCReject   xShift: 6.97828 crossingAngle: -43.9607 axialRotation: -10.2844 zShift: 0.182584 energy: 209.591
MCReject   xShift: 6.95854 crossingAngle: -43.9607 axialRotation: -10.2844 zShift: 0.196886 energy: 207.674
MCReject   xShift: 6.99427 crossingAngle: -43.9607 axialRotation: -10.2844 zShift: 0.196886 energy: 207.798
MCAccept 21 xShift: 6.96785 crossingAngle: -43.9607 axialRotation: -10.2844 zShift: 0.196886 energy: 206.774
MCReject   xShift: 6.96785 crossingAngle: -43.9607 axialRotation: -10.2844 zShift: 0.182799 energy: 209.436
MCReject   xShift: 6.96785 crossingAngle: -43.9607 axialRotation: -10.14 zShift: 0.196886 energy: 207.674
MCAccept 22 xShift: 6.96785 crossingAngle: -43.9607 axialRotation: -10.2844 zShift: 0.208102 energy: 205.413
MCReject   xShift: 6.96785 crossingAngle: -43.9607 axialRotation: -10.3462 zShift: 0.208102 energy: 206.433
MCAccept 23 xShift: 6.96785 crossingAngle: -43.9607 axialRotation: -10.2202 zShift: 0.208102 energy: 205.413
MCReject   xShift: 6.96785 crossingAngle: -43.9607 axialRotation: -10.1723 zShift: 0.208102 energy: 217.167
MCReject   xShift: 6.956 crossingAngle: -43.9607 axialRotation: -10.2202 zShift: 0.208102 energy: 206.433
MCReject   xShift: 6.96368 crossingAngle: -43.9607 axialRotation: -10.2202 zShift: 0.208102 energy: 206.306
MCReject   xShift: 6.96785 crossingAngle: -43.9607 axialRotation: -10.2202 zShift: 0.205422 energy: 206.63
MCReject   xShift: 6.96785 crossingAngle: -43.7649 axialRotation: -10.2202 zShift: 0.208102 energy: 206.431
MCReject   xShift: 6.96458 crossingAngle: -43.9607 axialRotation: -10.2202 zShift: 0.208102 energy: 206.433
MCAccept 24 xShift: 6.96785 crossingAngle: -43.9607 axialRotation: -10.2272 zShift: 0.208102 energy: 205.413
MCAccept 25 xShift: 6.96785 crossingAngle: -43.964 axialRotation: -10.2272 zShift: 0.208102 energy: 205.413
MCReject   xShift: 6.96785 crossingAngle: -43.964 axialRotation: -10.1604 zShift: 0.208102 energy: 206.431
MCReject   xShift: 6.96785 crossingAngle: -43.9792 axialRotation: -10.2272 zShift: 0.208102 energy: 206.578
MCReject   xShift: 6.96446 crossingAngle: -43.964 axialRotation: -10.2272 zShift: 0.208102 energy: 206.433
MCReject   xShift: 6.97955 crossingAngle: -43.964 axialRotation: -10.2272 zShift: 0.208102 energy: 206.431
MCReject   xShift: 6.95528 crossingAngle: -43.964 axialRotation: -10.2272 zShift: 0.208102 energy: 206.431
MCReject   xShift: 6.96785 crossingAngle: -43.9072 axialRotation: -10.2272 zShift: 0.208102 energy: 206.433
MCReject   xShift: 6.9685 crossingAngle: -43.964 axialRotation: -10.2272 zShift: 0.208102 energy: 206.306
MCReject   xShift: 6.96785 crossingAngle: -43.9441 axialRotation: -10.2272 zShift: 0.208102 energy: 206.431
MCReject   xShift: 6.96785 crossingAngle: -43.964 axialRotation: -10.2885 zShift: 0.208102 energy: 206.433
MCReject   xShift: 6.96785 crossingAngle: -43.964 axialRotation: -10.3712 zShift: 0.208102 energy: 206.306
MCReject   xShift: 6.96785 crossingAngle: -44.1456 axialRotation: -10.2272 zShift: 0.208102 energy: 206.431
MCAccept 26 xShift: 6.96785 crossingAngle: -44.1296 axialRotation: -10.2272 zShift: 0.208102 energy: 205.413
MCReject   xShift: 6.96785 crossingAngle: -44.1296 axialRotation: -10.2272 zShift: 0.212586 energy: 205.893
MCReject   xShift: 6.96785 crossingAngle: -44.1296 axialRotation: -10.175 zShift: 0.208102 energy: 206.431
MCReject   xShift: 6.96785 crossingAngle: -44.1064 axialRotation: -10.2272 zShift: 0.208102 energy: 206.433
MCReject   xShift: 6.96785 crossingAngle: -44.1296 axialRotation: -10.0916 zShift: 0.208102 energy: 206.306
MCReject   xShift: 6.96096 crossingAngle: -44.1296 axialRotation: -10.2272 zShift: 0.208102 energy: 206.306
MCAccept 27 xShift: 6.96785 crossingAngle: -44.1993 axialRotation: -10.2272 zShift: 0.208102 energy: 205.413
MCReject   xShift: 6.97414 crossingAngle: -44.1993 axialRotation: -10.2272 zShift: 0.208102 energy: 206.306
MCAccept 28 xShift: 6.96785 crossingAngle: -44.1993 axialRotation: -10.3147 zShift: 0.208102 energy: 205.413
MCReject   xShift: 6.96785 crossingAngle: -44.0921 axialRotation: -10.3147 zShift: 0.208102 energy: 206.433
MCReject   xShift: 6.96785 crossingAngle: -44.1993 axialRotation: -10.3147 zShift: 0.211595 energy: 205.887
MCReject   xShift: 6.96779 crossingAngle: -44.1993 axialRotation: -10.3147 zShift: 0.208102 energy: 206.306
MCReject   xShift: 6.97469 crossingAngle: -44.1993 axialRotation: -10.3147 zShift: 0.208102 energy: 206.433
MCAccept 29 xShift: 6.96108 crossingAngle: -44.1993 axialRotation: -10.3147 zShift: 0.208102 energy: 205.413
MCReject   xShift: 6.96108 crossingAngle: -44.1993 axialRotation: -10.3868 zShift: 0.208102 energy: 206.578
MCReject   xShift: 6.96108 crossingAngle: -44.1565 axialRotation: -10.3147 zShift: 0.208102 energy: 206.433
MCReject   xShift: 6.96108 crossingAngle: -44.1993 axialRotation: -10.2439 zShift: 0.208102 energy: 206.431
MCReject   xShift: 6.96108 crossingAngle: -44.1993 axialRotation: -10.1449 zShift: 0.208102 energy: 206.431
MCAccept 30 xShift: 6.96108 crossingAngle: -44.2719 axialRotation: -10.3147 zShift: 0.208102 energy: 205.413
MCAccept 31 xShift: 6.99031 crossingAngle: -44.2719 axialRotation: -10.3147 zShift: 0.208102 energy: 205.413
MCReject   xShift: 6.99031 crossingAngle: -44.2719 axialRotation: -10.3147 zShift: 0.214189 energy: 205.704
MCReject   xShift: 6.99444 crossingAngle: -44.2719 axialRotation: -10.3147 zShift: 0.208102 energy: 206.433
MCReject   xShift: 6.99031 crossingAngle: -44.2719 axialRotation: -10.1583 zShift: 0.208102 energy: 206.433
MCAccept 32 xShift: 6.99584 crossingAngle: -44.2719 axialRotation: -10.3147 zShift: 0.208102 energy: 205.413
MCReject   xShift: 6.99584 crossingAngle: -44.2719 axialRotation: -10.399 zShift: 0.208102 energy: 206.431
MCReject   xShift: 6.99238 crossingAngle: -44.2719 axialRotation: -10.3147 zShift: 0.208102 energy: 206.431
MCAccept 33 xShift: 6.98947 crossingAngle: -44.2719 axialRotation: -10.3147 zShift: 0.208102 energy: 205.413
MCReject   xShift: 6.98947 crossingAngle: -44.2719 axialRotation: -10.2219 zShift: 0.208102 energy: 206.306
MCReject   xShift: 6.98947 crossingAngle: -44.2719 axialRotation: -10.3147 zShift: 0.213039 energy: 205.839
MCAccept 34 xShift: 7.00417 crossingAngle: -44.2719 axialRotation: -10.3147 zShift: 0.208102 energy: 205.413
MCAccept 35 xShift: 7.00417 crossingAngle: -44.2623 axialRotation: -10.3147 zShift: 0.208102 energy: 205.413
MCReject   xShift: 7.00775 crossingAngle: -44.2623 axialRotation: -10.3147 zShift: 0.208102 energy: 206.431
MCAccept 36 xShift: 7.02333 crossingAngle: -44.2623 axialRotation: -10.3147 zShift: 0.208102 energy: 205.413
MCReject   xShift: 7.02333 crossingAngle: -44.4517 axialRotation: -10.3147 zShift: 0.208102 energy: 206.433
MCReject   xShift: 7.02333 crossingAngle: -44.2623 axialRotation: -10.3147 zShift: 0.19627 energy: 207.874
MCReject   xShift: 7.02333 crossingAngle: -44.2623 axialRotation: -10.3147 zShift: 0.206921 energy: 206.573
MCAccept 37 xShift: 7.02333 crossingAngle: -44.2623 axialRotation: -10.3147 zShift: 0.20869 energy: 205.342
MCReject   xShift: 7.02333 crossingAngle: -44.2635 axialRotation: -10.3147 zShift: 0.20869 energy: 206.36
MCReject   xShift: 7.01003 crossingAngle: -44.2623 axialRotation: -10.3147 zShift: 0.20869 energy: 206.507
MCReject   xShift: 7.01906 crossingAngle: -44.2623 axialRotation: -10.3147 zShift: 0.20869 energy: 206.507
MCReject   xShift: 7.02333 crossingAngle: -44.2623 axialRotation: -10.3147 zShift: 0.186832 energy: 208.926
MCReject   xShift: 7.01671 crossingAngle: -44.2623 axialRotation: -10.3147 zShift: 0.20869 energy: 206.36
MCReject   xShift: 7.02333 crossingAngle: -44.2623 axialRotation: -10.3147 zShift: 0.203867 energy: 206.819
MCAccept 38 xShift: 7.02333 crossingAngle: -44.3087 axialRotation: -10.3147 zShift: 0.20869 energy: 205.342
MCReject   xShift: 7.02333 crossingAngle: -44.3087 axialRotation: -10.3461 zShift: 0.20869 energy: 206.507
MCAccept 39 xShift: 7.02333 crossingAngle: -44.3087 axialRotation: -10.3147 zShift: 0.212735 energy: 205.75
MCAccept 40 xShift: 7.04031 crossingAngle: -44.3087 axialRotation: -10.3147 zShift: 0.212735 energy: 204.86
MCAccept 41 xShift: 7.04031 crossingAngle: -44.3912 axialRotation: -10.3147 zShift: 0.212735 energy: 204.86
MCAccept 42 xShift: 7.04031 crossingAngle: -44.5571 axialRotation: -10.3147 zShift: 0.212735 energy: 204.86
MCReject   xShift: 7.04031 crossingAngle: -44.5571 axialRotation: -10.3645 zShift: 0.212735 energy: 205.877
MCReject   xShift: 7.04031 crossingAngle: -44.5119 axialRotation: -10.3147 zShift: 0.212735 energy: 205.75
MCReject   xShift: 7.04031 crossingAngle: -44.7215 axialRotation: -10.3147 zShift: 0.212735 energy: 205.877
MCReject   xShift: 7.04031 crossingAngle: -44.5423 axialRotation: -10.3147 zShift: 0.212735 energy: 205.875
MCReject   xShift: 7.04031 crossingAngle: -44.4417 axialRotation: -10.3147 zShift: 0.212735 energy: 216.372
MCReject   xShift: 7.04031 crossingAngle: -44.5571 axialRotation: -10.3553 zShift: 0.212735 energy: 205.877
MCReject   xShift: 7.04031 crossingAngle: -44.436 axialRotation: -10.3147 zShift: 0.212735 energy: 205.75
MCReject   xShift: 7.04031 crossingAngle: -44.5441 axialRotation: -10.3147 zShift: 0.212735 energy: 205.877
MCAccept 43 xShift: 7.04031 crossingAngle: -44.5571 axialRotation: -10.3117 zShift: 0.212735 energy: 204.86
MCReject   xShift: 7.04031 crossingAngle: -44.6289 axialRotation: -10.3117 zShift: 0.212735 energy: 206.022
MCAccept 44 xShift: 7.05218 crossingAngle: -44.5571 axialRotation: -10.3117 zShift: 0.212735 energy: 204.86
MCAccept 45 xShift: 7.07773 crossingAngle: -44.5571 axialRotation: -10.3117 zShift: 0.212735 energy: 204.86
MCReject   xShift: 7.07773 crossingAngle: -44.6118 axialRotation: -10.3117 zShift: 0.212735 energy: 205.875
MCAccept 46 xShift: 7.07773 crossingAngle: -44.5857 axialRotation: -10.3117 zShift: 0.212735 energy: 204.86
MCReject   xShift: 7.07773 crossingAngle: -44.4541 axialRotation: -10.3117 zShift: 0.212735 energy: 216.606
MCReject   xShift: 7.07773 crossingAngle: -44.425 axialRotation: -10.3117 zShift: 0.212735 energy: 205.75
MCReject   xShift: 7.07773 crossingAngle: -44.6417 axialRotation: -10.3117 zShift: 0.212735 energy: 206.022
MCReject   xShift: 7.07773 crossingAngle: -44.5857 axialRotation: -10.3012 zShift: 0.212735 energy: 205.875
MCAccept 47 xShift: 7.07773 crossingAngle: -44.5857 axialRotation: -10.3117 zShift: 0.216473 energy: 204.417
MCReject   xShift: 7.07773 crossingAngle: -44.5857 axialRotation: -10.3652 zShift: 0.216473 energy: 205.306
MCReject   xShift: 7.07773 crossingAngle: -44.5857 axialRotation: -10.3005 zShift: 0.216473 energy: 205.433
MCReject   xShift: 7.07712 crossingAngle: -44.5857 axialRotation: -10.3117 zShift: 0.216473 energy: 214.68
MCReject   xShift: 7.07133 crossingAngle: -44.5857 axialRotation: -10.3117 zShift: 0.216473 energy: 205.306
MCReject   xShift: 7.07576 crossingAngle: -44.5857 axialRotation: -10.3117 zShift: 0.216473 energy: 205.306
MCReject   xShift: 7.07773 crossingAngle: -44.5857 axialRotation: -10.3996 zShift: 0.216473 energy: 205.43
MCReject   xShift: 7.07501 crossingAngle: -44.5857 axialRotation: -10.3117 zShift: 0.216473 energy: 205.577
MCReject   xShift: 7.07773 crossingAngle: -44.5857 axialRotation: -10.2035 zShift: 0.216473 energy: 205.43
MCAccept 48 xShift: 7.07773 crossingAngle: -44.5857 axialRotation: -10.4064 zShift: 0.216473 energy: 204.417
MCReject   xShift: 7.07773 crossingAngle: -44.5462 axialRotation: -10.4064 zShift: 0.216473 energy: 205.577
MCAccept 49 xShift: 7.07773 crossingAngle: -44.5857 axialRotation: -10.5946 zShift: 0.216473 energy: 204.417
MCReject   xShift: 7.07773 crossingAngle: -44.5764 axialRotation: -10.5946 zShift: 0.216473 energy: 205.433
MCReject   xShift: 7.07773 crossingAngle: -44.5857 axialRotation: -10.5542 zShift: 0.216473 energy: 205.43
MCReject   xShift: 7.07773 crossingAngle: -44.4019 axialRotation: -10.5946 zShift: 0.216473 energy: 205.577
MCAccept 50 xShift: 7.07773 crossingAngle: -44.5857 axialRotation: -10.4257 zShift: 0.216473 energy: 204.417
MCReject   xShift: 7.07773 crossingAngle: -44.5857 axialRotation: -10.4257 zShift: 0.204247 energy: 206.9
MCReject   xShift: 7.07773 crossingAngle: -44.4743 axialRotation: -10.4257 zShift: 0.216473 energy: 205.577
MCReject   xShift: 7.07773 crossingAngle: -44.3697 axialRotation: -10.4257 zShift: 0.216473 energy: 205.433
MCAccept 51 xShift: 7.07773 crossingAngle: -44.7903 axialRotation: -10.4257 zShift: 0.216473 energy: 204.417
MCAccept 52 xShift: 7.07773 crossingAngle: -44.7821 axialRotation: -10.4257 zShift: 0.216473 energy: 204.417
MCReject   xShift: 7.07773 crossingAngle: -44.7821 axialRotation: -10.4525 zShift: 0.216473 energy: 205.433
MCAccept 53 xShift: 7.07773 crossingAngle: -44.8486 axialRotation: -10.4257 zShift: 0.216473 energy: 204.417
MCAccept 54 xShift: 7.07285 crossingAngle: -44.8486 axialRotation: -10.4257 zShift: 0.216473 energy: 204.417
MCReject   xShift: 7.07285 crossingAngle: -44.8486 axialRotation: -10.4257 zShift: 0.207158 energy: 205.526
MCReject   xShift: 7.07285 crossingAngle: -44.8486 axialRotation: -10.4257 zShift: 0.20965 energy: 206.247
MCReject   xShift: 7.07285 crossingAngle: -44.9694 axialRotation: -10.4257 zShift: 0.216473 energy: 205.43
MCAccept 55 xShift: 7.07285 crossingAngle: -44.919 axialRotation: -10.4257 zShift: 0.216473 energy: 204.417
MCReject   xShift: 7.06976 crossingAngle: -44.919 axialRotation: -10.4257 zShift: 0.216473 energy: 205.577
MCReject   xShift: 7.07285 crossingAngle: -44.919 axialRotation: -10.3021 zShift: 0.216473 energy: 205.577
MCReject   xShift: 7.07285 crossingAngle: -44.9016 axialRotation: -10.4257 zShift: 0.216473 energy: 205.306
MCReject   xShift: 7.07285 crossingAngle: -44.919 axialRotation: -10.4444 zShift: 0.216473 energy: 205.306
MCReject   xShift: 7.09157 crossingAngle: -44.919 axialRotation: -10.4257 zShift: 0.216473 energy: 205.43
MCAccept 56 xShift: 7.07285 crossingAngle: -44.919 axialRotation: -10.4133 zShift: 0.216473 energy: 204.417
MCAccept 57 xShift: 7.07285 crossingAngle: -44.983 axialRotation: -10.4133 zShift: 0.216473 energy: 204.417
MCReject   xShift: 7.06998 crossingAngle: -44.983 axialRotation: -10.4133 zShift: 0.216473 energy: 205.306
MCReject   xShift: 7.07285 crossingAngle: -44.9081 axialRotation: -10.4133 zShift: 0.216473 energy: 205.433
MCReject   xShift: 7.07285 crossingAngle: -44.983 axialRotation: -10.4133 zShift: 0.205898 energy: 206.7
MCAccept 58 xShift: 7.07285 crossingAngle: -44.983 axialRotation: -10.4133 zShift: 0.235391 energy: 203.375
MCAccept 59 xShift: 7.07285 crossingAngle: -44.9874 axialRotation: -10.4133 zShift: 0.235391 energy: 203.229
MCAccept 60 xShift: 7.07285 crossingAngle: -44.8474 axialRotation: -10.4133 zShift: 0.235391 energy: 203.227
MCAccept 61 xShift: 7.05671 crossingAngle: -44.8474 axialRotation: -10.4133 zShift: 0.235391 energy: 203.229
MCAccept 62 xShift: 7.05553 crossingAngle: -44.8474 axialRotation: -10.4133 zShift: 0.235391 energy: 202.225
MCReject   xShift: 7.05553 crossingAngle: -44.7936 axialRotation: -10.4133 zShift: 0.235391 energy: 203.229
MCReject   xShift: 7.05553 crossingAngle: -44.8474 axialRotation: -10.4133 zShift: 0.225149 energy: 204.412
MCReject   xShift: 7.05553 crossingAngle: -44.8474 axialRotation: -10.4133 zShift: 0.229629 energy: 202.884
MCReject   xShift: 7.05456 crossingAngle: -44.8474 axialRotation: -10.4133 zShift: 0.235391 energy: 203.229
MCReject   xShift: 7.05553 crossingAngle: -44.8446 axialRotation: -10.4133 zShift: 0.235391 energy: 203.229
MCReject   xShift: 7.05553 crossingAngle: -44.8474 axialRotation: -10.2386 zShift: 0.235391 energy: 203.375
MCReject   xShift: 7.05553 crossingAngle: -44.8474 axialRotation: -10.3931 zShift: 0.235391 energy: 203.229
MCAccept 63 xShift: 7.05553 crossingAngle: -44.8474 axialRotation: -10.6383 zShift: 0.235391 energy: 202.225
MCReject   xShift: 7.05553 crossingAngle: -44.8474 axialRotation: -10.6383 zShift: 0.239438 energy: 202.914
MCReject   xShift: 7.05553 crossingAngle: -44.8474 axialRotation: -10.7518 zShift: 0.235391 energy: 203.229
MCReject   xShift: 7.05553 crossingAngle: -44.92 axialRotation: -10.6383 zShift: 0.235391 energy: 203.227
MCReject   xShift: 7.05553 crossingAngle: -44.8474 axialRotation: -10.6383 zShift: 0.219837 energy: 204.908
MCReject   xShift: 7.05553 crossingAngle: -44.8474 axialRotation: -10.6383 zShift: 0.232441 energy: 202.562
MCAccept 64 xShift: 7.05553 crossingAngle: -44.8474 axialRotation: -10.6383 zShift: 0.243286 energy: 202.206
MCAccept 65 xShift: 7.03601 crossingAngle: -44.8474 axialRotation: -10.6383 zShift: 0.243286 energy: 201.334
MCReject   xShift: 7.04284 crossingAngle: -44.8474 axialRotation: -10.6383 zShift: 0.243286 energy: 202.479
MCReject   xShift: 7.03601 crossingAngle: -44.8474 axialRotation: -10.7001 zShift: 0.243286 energy: 202.479
MCAccept 66 xShift: 7.0357 crossingAngle: -44.8474 axialRotation: -10.6383 zShift: 0.243286 energy: 201.334
MCAccept 67 xShift: 7.0357 crossingAngle: -44.8474 axialRotation: -10.6383 zShift: 0.261513 energy: 200.458
MCAccept 68 xShift: 7.03705 crossingAngle: -44.8474 axialRotation: -10.6383 zShift: 0.261513 energy: 200.31
MCReject   xShift: 7.03705 crossingAngle: -44.8518 axialRotation: -10.6383 zShift: 0.261513 energy: 200.312
MCReject   xShift: 7.03811 crossingAngle: -44.8474 axialRotation: -10.6383 zShift: 0.261513 energy: 200.312
MCAccept 69 xShift: 7.03705 crossingAngle: -44.8474 axialRotation: -10.6383 zShift: 0.254587 energy: 200.08
MCAccept 70 xShift: 7.03705 crossingAngle: -44.8053 axialRotation: -10.6383 zShift: 0.254587 energy: 200.08
MCReject   xShift: 7.03705 crossingAngle: -44.7671 axialRotation: -10.6383 zShift: 0.254587 energy: 201.072
MCAccept 71 xShift: 7.03705 crossingAngle: -44.7183 axialRotation: -10.6383 zShift: 0.254587 energy: 200.08
MCReject   xShift: 7.03705 crossingAngle: -44.8839 axialRotation: -10.6383 zShift: 0.254587 energy: 201.218
MCAccept 72 xShift: 7.03076 crossingAngle: -44.7183 axialRotation: -10.6383 zShift: 0.254587 energy: 200.08
MCReject   xShift: 7.03076 crossingAngle: -44.845 axialRotation: -10.6383 zShift: 0.254587 energy: 200.945
MCReject   xShift: 7.03076 crossingAngle: -44.7183 axialRotation: -10.6383 zShift: 0.263353 energy: 200.111
MCAccept 73 xShift: 7.03076 crossingAngle: -44.7183 axialRotation: -10.6383 zShift: 0.278651 energy: 198.343
MCAccept 74 xShift: 7.02345 crossingAngle: -44.7183 axialRotation: -10.6383 zShift: 0.278651 energy: 198.343
MCReject   xShift: 7.02345 crossingAngle: -44.7183 axialRotation: -10.704 zShift: 0.278651 energy: 198.47
MCAccept 75 xShift: 7.01189 crossingAngle: -44.7183 axialRotation: -10.6383 zShift: 0.278651 energy: 197.495
MCAccept 76 xShift: 7.01189 crossingAngle: -44.7183 axialRotation: -10.661 zShift: 0.278651 energy: 197.495
MCReject   xShift: 7.01189 crossingAngle: -44.7183 axialRotation: -10.661 zShift: 0.272142 energy: 199.161
MCReject   xShift: 7.01189 crossingAngle: -44.7183 axialRotation: -10.6662 zShift: 0.278651 energy: 198.468
MCReject   xShift: 7.0147 crossingAngle: -44.7183 axialRotation: -10.661 zShift: 0.278651 energy: 198.617
MCReject   xShift: 7.00536 crossingAngle: -44.7183 axialRotation: -10.661 zShift: 0.278651 energy: 198.47
MCReject   xShift: 7.01189 crossingAngle: -44.762 axialRotation: -10.661 zShift: 0.278651 energy: 198.343
MCAccept 77 xShift: 7.01189 crossingAngle: -44.7155 axialRotation: -10.661 zShift: 0.278651 energy: 197.495
MCReject   xShift: 7.01189 crossingAngle: -44.7155 axialRotation: -10.6836 zShift: 0.278651 energy: 198.468
MCReject   xShift: 7.00992 crossingAngle: -44.7155 axialRotation: -10.661 zShift: 0.278651 energy: 198.47
MCReject   xShift: 7.01189 crossingAngle: -44.7155 axialRotation: -10.661 zShift: 0.280872 energy: 198.234
MCReject   xShift: 7.01189 crossingAngle: -44.7155 axialRotation: -10.661 zShift: 0.285158 energy: 197.783
MCReject   xShift: 7.01189 crossingAngle: -44.7155 axialRotation: -10.7532 zShift: 0.278651 energy: 198.617
MCReject   xShift: 7.00635 crossingAngle: -44.7155 axialRotation: -10.661 zShift: 0.278651 energy: 198.343
MCReject   xShift: 7.03007 crossingAngle: -44.7155 axialRotation: -10.661 zShift: 0.278651 energy: 198.343
MCAccept 78 xShift: 7.00653 crossingAngle: -44.7155 axialRotation: -10.661 zShift: 0.278651 energy: 197.495
MCAccept 79 xShift: 7.00877 crossingAngle: -44.7155 axialRotation: -10.661 zShift: 0.278651 energy: 197.495
MCReject   xShift: 7.00877 crossingAngle: -44.3835 axialRotation: -10.661 zShift: 0.278651 energy: 198.468
MCReject   xShift: 7.00877 crossingAngle: -44.7155 axialRotation: -10.7037 zShift: 0.278651 energy: 198.617
MCReject   xShift: 7.00877 crossingAngle: -44.6915 axialRotation: -10.661 zShift: 0.278651 energy: 198.47
MCReject   xShift: 6.99271 crossingAngle: -44.7155 axialRotation: -10.661 zShift: 0.278651 energy: 198.617
MCReject   xShift: 7.00877 crossingAngle: -44.7155 axialRotation: -10.5936 zShift: 0.278651 energy: 198.617
MCAccept 80 xShift: 7.00877 crossingAngle: -44.7155 axialRotation: -10.7684 zShift: 0.278651 energy: 197.495
MCReject   xShift: 7.00877 crossingAngle: -44.7155 axialRotation: -10.7684 zShift: 0.269477 energy: 198.467
MCReject   xShift: 6.99276 crossingAngle: -44.7155 axialRotation: -10.7684 zShift: 0.278651 energy: 198.468
MCReject   xShift: 7.00877 crossingAngle: -44.7155 axialRotation: -10.7264 zShift: 0.278651 energy: 198.47
MCAccept 81 xShift: 7.00877 crossingAngle: -44.7155 axialRotation: -10.7684 zShift: 0.295566 energy: 195.742
MCReject   xShift: 7.01098 crossingAngle: -44.7155 axialRotation: -10.7684 zShift: 0.295566 energy: 196.853
MCReject   xShift: 7.00877 crossingAngle: -44.6353 axialRotation: -10.7684 zShift: 0.295566 energy: 196.705
MCAccept 82 xShift: 7.00877 crossingAngle: -44.7155 axialRotation: -10.7246 zShift: 0.295566 energy: 195.742
MCReject   xShift: 7.0123 crossingAngle: -44.7155 axialRotation: -10.7246 zShift: 0.295566 energy: 196.577
MCReject   xShift: 7.00877 crossingAngle: -44.7155 axialRotation: -10.7246 zShift: 0.288445 energy: 197.589
MCReject   xShift: 7.00877 crossingAngle: -44.7155 axialRotation: -10.724 zShift: 0.295566 energy: 196.577
MCReject   xShift: 7.00877 crossingAngle: -44.7155 axialRotation: -10.5 zShift: 0.295566 energy: 196.705
MCReject   xShift: 7.00877 crossingAngle: -44.7155 axialRotation: -10.7246 zShift: 0.296122 energy: 196.52
MCReject   xShift: 7.00877 crossingAngle: -44.8317 axialRotation: -10.7246 zShift: 0.295566 energy: 196.853
MCReject   xShift: 7.00877 crossingAngle: -44.7155 axialRotation: -10.5942 zShift: 0.295566 energy: 196.577
MCReject   xShift: 7.00877 crossingAngle: -44.7155 axialRotation: -10.685 zShift: 0.295566 energy: 196.853
MCReject   xShift: 7.00342 crossingAngle: -44.7155 axialRotation: -10.7246 zShift: 0.295566 energy: 196.705
MCAccept 83 xShift: 7.00877 crossingAngle: -44.9483 axialRotation: -10.7246 zShift: 0.295566 energy: 195.742
MCReject   xShift: 7.00072 crossingAngle: -44.9483 axialRotation: -10.7246 zShift: 0.295566 energy: 196.703
MCReject   xShift: 7.01667 crossingAngle: -44.9483 axialRotation: -10.7246 zShift: 0.295566 energy: 196.705
MCReject   xShift: 7.00877 crossingAngle: -44.9483 axialRotation: -10.7246 zShift: 0.277464 energy: 197.62
MCReject   xShift: 7.00877 crossingAngle: -44.9255 axialRotation: -10.7246 zShift: 0.295566 energy: 196.577
MCAccept 84 xShift: 7.0034 crossingAngle: -44.9483 axialRotation: -10.7246 zShift: 0.295566 energy: 195.742
MCReject   xShift: 7.00683 crossingAngle: -44.9483 axialRotation: -10.7246 zShift: 0.295566 energy: 196.577
MCReject   xShift: 6.99004 crossingAngle: -44.9483 axialRotation: -10.7246 zShift: 0.295566 energy: 196.705
MCReject   xShift: 7.0034 crossingAngle: -44.9483 axialRotation: -10.8322 zShift: 0.295566 energy: 196.703
MCAccept 85 xShift: 7.0034 crossingAngle: -44.9483 axialRotation: -10.7246 zShift: 0.297712 energy: 195.523
MCAccept 86 xShift: 7.0034 crossingAngle: -44.9483 axialRotation: -10.7246 zShift: 0.309098 energy: 195.326
MCReject   xShift: 7.0034 crossingAngle: -44.9483 axialRotation: -10.8439 zShift: 0.309098 energy: 195.329
MCAccept 87 xShift: 7.00331 crossingAngle: -44.9483 axialRotation: -10.7246 zShift: 0.309098 energy: 194.376
MCReject   xShift: 7.00331 crossingAngle: -45.0165 axialRotation: -10.7246 zShift: 0.309098 energy: 195.326
MCReject   xShift: 7.01696 crossingAngle: -44.9483 axialRotation: -10.7246 zShift: 0.309098 energy: 195.326
MCAccept 88 xShift: 7.00331 crossingAngle: -44.9483 axialRotation: -10.7977 zShift: 0.309098 energy: 194.376
MCReject   xShift: 6.99892 crossingAngle: -44.9483 axialRotation: -10.7977 zShift: 0.309098 energy: 195.2
MCReject   xShift: 7.00331 crossingAngle: -44.9483 axialRotation: -10.7977 zShift: 0.285112 energy: 196.819
MCReject   xShift: 7.00331 crossingAngle: -44.9483 axialRotation: -10.7977 zShift: 0.306954 energy: 195.692
MCReject   xShift: 7.00331 crossingAngle: -44.9483 axialRotation: -10.7977 zShift: 0.304836 energy: 195.759
MCReject   xShift: 7.00331 crossingAngle: -44.9483 axialRotation: -10.7977 zShift: 0.300467 energy: 196.2
MCReject   xShift: 7.00331 crossingAngle: -44.9483 axialRotation: -10.7977 zShift: 0.300763 energy: 195.214
MCAccept 89 xShift: 7.00331 crossingAngle: -44.9016 axialRotation: -10.7977 zShift: 0.309098 energy: 194.376
Energy #0: 194.376
***GEOMETRY SHIFT***
xShift;        Before: 6.97; After: 7.00331
crossingAngle; Before: -44.16; After: -44.9016
axialRotation; Before: -10.43; After: -10.7977
zShift;        Before: 0.16; After: 0.309098
Energy;        Before: 2.71819e+07; After: 194.376

Completed all cycles. Accepted 90/268
Monte Carlo repack complete. Time: 80.6833min

Final energy is 194.376 after repack, indicating clashes. Choose a different geometry
