***STARTING GEOMETRY:***
xShift: 7.00331
crossingAngle: -44.9016
axialRotation: -10.7977
zShift: 0.309098

Number of MCCycles: 200
PrevSequence	CurrSequence	PrevEnergy	CurrEnergy	PrevEntropy	CurrEntropy	CurrentTemp
LLLYYLLTGLLTGLLTSLILI	LLLYYLLTGLLYGLLTSLILI	209.064	208.748	0.328724	0.505042	999.684
LLLYYLLTGLLYGLLTSLILI	LLLYYLLTGLLYGLLTGLILI	208.437	205.877	0.19415	0.754431	999.512
LLLYYLLTGLLYGLLTGLILI	LLLGYLLTGLLYGLLTGLILI	205.616	205.241	0.493345	0.337561	999.328
LLLGYLLTGLLYGLLTGLILI	LLLGYLLTGLLYGLLIGLILI	205.816	206.426	0.911943	0.142768	999.134
LLLGYLLTGLLYGLLIGLILI	LLLGYLLTGLLTGLLIGLILI	206.788	205.889	0.505042	0.328724	998.928
LLLGYLLTGLLTGLLIGLILI	LLLYYLLTGLLTGLLIGLILI	206.014	206.255	0.453966	0.369715	998.708
LLLYYLLTGLLTGLLIGLILI	LLLYYLLTGLLTGLLTGLILI	205.984	206.629	0.098896	1.10811	998.476
LLLYYLLTGLLTGLLTGLILI	LLLYYLLTGLLTGLLIGLILI	206.629	204.883	1.10811	0.098896	998.229
LLLYYLLTGLLTGLLIGLILI	LLLYYLLTGLLTGLLTGLILI	204.883	205.528	0.098896	1.10811	997.967
LLLYYLLTGLLTGLLTGLILI	LLLYYLLTGLLTGLLIGLILI	205.528	205.872	1.10811	0.098896	997.689
LLLYYLLTGLLTGLLIGLILI	LLLYYLLTGLLYGLLIGLILI	206.011	205.322	0.238039	0.654392	997.394
LLLYYLLTGLLYGLLIGLILI	LLLYYLLTGLLTGLLIGLILI	205.322	205.022	0.654392	0.238039	997.081
LLLYYLLTGLLTGLLIGLILI	LLLYYLLTGLLTGLLTGLILI	204.883	205.528	0.098896	1.10811	996.397
LLLYYLLTGLLTGLLTGLILI	LLLGYLLTGLLTGLLTGLILI	204.789	206.603	0.369715	0.453966	996.023
LLLGYLLTGLLTGLLTGLILI	LLLGYLLTGLLTGLLVGLILI	207.278	206.401	1.12845	0.0952708	995.626
LLLGYLLTGLLTGLLVGLILI	LLLGYLLTGLLYGLLVGLILI	206.634	206.571	0.328724	0.505042	995.205
LLLGYLLTGLLYGLLVGLILI	LLLYYLLTGLLYGLLVGLILI	206.404	205.779	0.337561	0.493345	994.758
LLLYYLLTGLLYGLLVGLILI	LLLTYLLTGLLYGLLVGLILI	205.94	206.59	0.654392	0.238039	994.285
LLLTYLLTGLLYGLLVGLILI	LLLYYLLTGLLYGLLVGLILI	206.59	205.94	0.238039	0.654392	993.782
LLLYYLLTGLLYGLLVGLILI	LLLYYLLTGLLFGLLVGLILI	206.437	206.603	1.15198	0.0912572	992.683
LLLYYLLTGLLFGLLVGLILI	LLLGYLLTGLLFGLLVGLILI	206.881	207.741	0.369715	0.453966	992.084
LLLGYLLTGLLFGLLVGLILI	LLLGYLLTGLLFGLLIGLILI	207.685	207.215	0.398479	0.42245	991.448
LLLGYLLTGLLFGLLIGLILI	LLLYYLLTGLLFGLLIGLILI	207.246	205.592	0.453966	0.369715	990.773
LLLYYLLTGLLFGLLIGLILI	LLLYYLLTGLLTGLLIGLILI	205.394	205.6	0.171816	0.816184	990.058
LLLYYLLTGLLTGLLIGLILI	LLLYYLLTGLLTGLLTGLILI	204.883	205.528	0.098896	1.10811	989.3
LLLYYLLTGLLTGLLTGLILI	LLLGYLLTGLLTGLLTGLILI	204.789	205.65	0.369715	0.453966	988.496
LLLGYLLTGLLTGLLTGLILI	LLLGYLLTGLLTGLLIGLILI	206.304	205.659	1.10811	0.098896	987.644
LLLGYLLTGLLTGLLIGLILI	LLLGYLLVGLLTGLLIGLILI	206.491	209.433	0.930859	0.137712	986.74
LLLGYLLVGLLTGLLIGLILI	LLLGWLLVGLLTGLLIGLILI	209.563	215.18	0.267575	0.598868	985.783
LLLGWLLVGLLTGLLIGLILI	LLLYWLLVGLLTGLLIGLILI	215.289	214.382	0.707856	0.213262	984.769
LLLYWLLVGLLTGLLIGLILI	LLLYWLLTGLLTGLLIGLILI	214.307	211.052	0.137712	0.930859	983.694
LLLYWLLTGLLTGLLIGLILI	LLLYWLLTGLLTGLLTGLILI	210.22	211.032	0.098896	1.10811	982.555
LLLYWLLTGLLTGLLTGLILI	LLLGWLLTGLLTGLLTGLILI	210.137	211.068	0.213262	0.707856	981.348
LLLGWLLTGLLTGLLTGLILI	LLLGWLLTALLTGLLTGLILI	211.571	218.343	1.21066	0.0820187	980.071
LLLGWLLTALLTGLLTGLILI	LLLGWLLTGLLTGLLTGLILI	218.343	211.571	0.0820187	1.21066	978.717
LLLGWLLTGLLTGLLTGLILI	LLLYWLLTGLLTGLLTGLILI	211.068	209.97	0.707856	0.213262	977.285
LLLYWLLTGLLTGLLTGLILI	LLLYWLLTGLLYGLLTGLILI	210.2	209.795	0.443059	0.379341	975.768
LLLYWLLTGLLYGLLTGLILI	LLLYWLLTGLLYGLLIGLILI	210.327	210.103	0.911943	0.142768	974.162
LLLYWLLTGLLYGLLIGLILI	LLLYYLLTGLLYGLLIGLILI	210.232	206.152	0.272043	0.591129	972.463
LLLYYLLTGLLYGLLIGLILI	LLLYYLLTGLLFGLLIGLILI	206.713	205.314	1.15198	0.0912572	970.666
LLLYYLLTGLLFGLLIGLILI	LLLGYLLTGLLFGLLIGLILI	205.592	206.452	0.369715	0.453966	968.764
LLLGYLLTGLLFGLLIGLILI	LLLYYLLTGLLFGLLIGLILI	206.452	206.642	0.453966	0.369715	966.754
LLLYYLLTGLLFGLLIGLILI	LLLGYLLTGLLFGLLIGLILI	206.642	207.246	0.369715	0.453966	964.627
LLLGYLLTGLLFGLLIGLILI	LLLYYLLTGLLFGLLIGLILI	207.246	205.592	0.453966	0.369715	962.38
LLLYYLLTGLLFGLLIGLILI	LLLYYLLYGLLFGLLIGLILI	205.353	209.783	0.130904	0.9576	957.496
LLLYYLLYGLLFGLLIGLILI	LLLYYLLTGLLFGLLIGLILI	209.783	206.291	0.9576	0.130904	954.846
LLLYYLLTGLLFGLLIGLILI	LLLYYLLTGLLFGLLTGLILI	206.302	206.085	0.142768	0.911943	952.048
LLLYYLLTGLLFGLLTGLILI	LLLGYLLTGLLFGLLTGLILI	205.543	207.292	0.369715	0.453966	949.095
LLLGYLLTGLLFGLLTGLILI	LLLYYLLTGLLFGLLTGLILI	207.292	206.48	0.453966	0.369715	945.979
LLLYYLLTGLLFGLLTGLILI	LLLYYLLTGLLYGLLTGLILI	206.202	205.275	0.0912572	1.15198	942.693
LLLYYLLTGLLYGLLTGLILI	LLLTYLLTGLLYGLLTGLILI	204.628	205.519	0.505042	0.328724	939.229
LLLTYLLTGLLYGLLTGLILI	LLLTYLLTGLLYGLLIGLILI	206.298	205.833	1.10811	0.098896	935.578
LLLTYLLTGLLYGLLIGLILI	LLLTYLLTGLLTGLLIGLILI	206.114	206.296	0.379341	0.443059	927.683
LLLTYLLTGLLTGLLIGLILI	LLLYYLLTGLLTGLLIGLILI	206.296	205.164	0.443059	0.379341	923.422
LLLYYLLTGLLTGLLIGLILI	LLLYYLLVGLLTGLLIGLILI	205.715	208.843	0.930859	0.137712	914.227
LLLYYLLVGLLTGLLIGLILI	LLLYYLLTGLLTGLLIGLILI	208.843	205.715	0.137712	0.930859	909.276
LLLYYLLTGLLTGLLIGLILI	LLLYYLLTGLLFGLLIGLILI	205.6	205.394	0.816184	0.171816	904.077
LLLYYLLTGLLFGLLIGLILI	LLLYYLLTGLLFGLLTGLILI	205.365	207.135	0.142768	0.911943	898.621
LLLYYLLTGLLFGLLTGLILI	LLLGYLLTGLLFGLLTGLILI	206.593	206.403	0.369715	0.453966	892.899
LLLGYLLTGLLFGLLTGLILI	LLLYYLLTGLLFGLLTGLILI	206.403	206.48	0.453966	0.369715	886.903
LLLYYLLTGLLFGLLTGLILI	LLLYYLLTGLLFGLLIGLILI	207.022	205.365	0.911943	0.142768	880.623
LLLYYLLTGLLFGLLIGLILI	LLLTYLLTGLLFGLLIGLILI	205.727	206.615	0.505042	0.328724	874.051
LLLTYLLTGLLFGLLIGLILI	LLLTYLLTGLLYGLLIGLILI	206.418	206.687	0.132101	0.952787	867.179
LLLTYLLTGLLYGLLIGLILI	LLLTYLLTGLLYGLLTGLILI	205.833	206.298	0.098896	1.10811	859.999
LLLTYLLTGLLYGLLTGLILI	LLLTYLLTGLLTGLLTGLILI	205.495	207.076	0.30482	0.538845	852.504
LLLTYLLTGLLTGLLTGLILI	LLLTYLLTGLLYGLLTGLILI	207.076	206.395	0.538845	0.30482	844.686
LLLTYLLTGLLYGLLTGLILI	LLLTYLLTGLLTGLLTGLILI	206.395	206.027	0.30482	0.538845	836.541
LLLTYLLTGLLTGLLTGLILI	LLLTYLLTGLLTGLLVGLILI	206.765	206.671	1.27634	0.0728516	819.243
LLLTYLLTGLLTGLLVGLILI	LLLTYLLTGLLTGLLIGLILI	206.996	207.211	0.398479	0.42245	810.083
LLLTYLLTGLLTGLLIGLILI	LLLTYLLTGLLTGLLTGLILI	206.864	206.744	0.0756774	1.2552	800.577
LLLTYLLTGLLTGLLTGLILI	LLLTYLLTGLLTGLLIGLILI	206.744	206.864	1.2552	0.0756774	790.724
LLLTYLLTGLLTGLLIGLILI	LLLTYLLTGLLYGLLIGLILI	207.231	206.953	0.443059	0.379341	780.523
LLLTYLLTGLLYGLLIGLILI	LLLTYLLTGLLYGLLTGLILI	206.673	206.298	0.098896	1.10811	769.974
LLLTYLLTGLLYGLLTGLILI	LLLYYLLTGLLYGLLTGLILI	205.519	205.522	0.328724	0.505042	759.081
LLLYYLLTGLLYGLLTGLILI	LLLGYLLTGLLYGLLTGLILI	205.51	206.105	0.493345	0.337561	747.845
LLLGYLLTGLLYGLLTGLILI	LLLYYLLTGLLYGLLTGLILI	206.105	205.51	0.337561	0.493345	736.272
LLLYYLLTGLLYGLLTGLILI	LLLYYLLTGLLYGLLTSLILI	205.771	208.367	0.754431	0.19415	724.369
LLLYYLLTGLLYGLLTSLILI	LLLYYLLTGLLVGLLTSLILI	209.454	210.475	1.28166	0.0721588	712.142
LLLYYLLTGLLVGLLTSLILI	LLLYYLLTGLLVGLLISLILI	211.314	211.355	0.911943	0.142768	699.602
LLLYYLLTGLLVGLLISLILI	LLLYYLLTGLLVGLLTSLILI	211.355	211.314	0.142768	0.911943	673.628
LLLYYLLTGLLVGLLTSLILI	LLLYYLLTGLLVGLLTGLILI	210.597	207.121	0.19415	0.754431	660.222
LLLYYLLTGLLVGLLTGLILI	LLLGYLLTGLLVGLLTGLILI	206.737	208.553	0.369715	0.453966	632.651
LLLGYLLTGLLVGLLTGLILI	LLLYYLLTGLLVGLLTGLILI	208.553	206.737	0.453966	0.369715	618.524
LLLYYLLTGLLVGLLTGLILI	LLLYYLLTGLLVGLLIGLILI	207.279	207.644	0.911943	0.142768	604.196
LLLYYLLTGLLVGLLIGLILI	LLLYYLLTGLLTGLLIGLILI	207.639	205.715	0.137712	0.930859	589.688
LLLYYLLTGLLTGLLIGLILI	LLLYYLLTGLLYGLLIGLILI	205.022	205.322	0.238039	0.654392	575.025
LLLYYLLTGLLYGLLIGLILI	LLLYYLLTGLLYGLLTGLILI	204.811	206.041	0.142768	0.911943	560.23
LLLYYLLTGLLYGLLTGLILI	LLLGYLLTGLLYGLLTGLILI	205.623	205.241	0.493345	0.337561	545.329
LLLGYLLTGLLYGLLTGLILI	LLLGYLLTGLLYGLLVGLILI	205.835	206.204	0.930859	0.137712	530.348
LLLGYLLTGLLYGLLVGLILI	LLLYYLLTGLLYGLLVGLILI	206.404	205.779	0.337561	0.493345	515.312
LLLYYLLTGLLYGLLVGLILI	LLLYYLLTGLLTGLLVGLILI	205.94	205.767	0.654392	0.238039	500.25
LLLYYLLTGLLTGLLVGLILI	LLLYYLLTGLLYGLLVGLILI	205.767	205.94	0.238039	0.654392	485.188
LLLYYLLTGLLYGLLVGLILI	LLLYYLLTGLLYGLLIGLILI	205.684	205.984	0.398479	0.42245	470.152
LLLYYLLTGLLYGLLIGLILI	LLLYYLLTGLLYGLLVGLILI	205.984	205.684	0.42245	0.398479	455.171
LLLYYLLTGLLYGLLVGLILI	LLLYYLLTGLLTGLLVGLILI	205.94	205.767	0.654392	0.238039	425.475
LLLYYLLTGLLTGLLVGLILI	LLLYYLLTGLLTGLLIGLILI	205.927	205.207	0.398479	0.42245	396.304
LLLYYLLTGLLTGLLIGLILI	LLLYYLLTGLLYGLLIGLILI	205.022	206.215	0.238039	0.654392	381.976
LLLYYLLTGLLYGLLIGLILI	LLLTYLLTGLLYGLLIGLILI	206.215	205.973	0.654392	0.238039	367.849
LLLTYLLTGLLYGLLIGLILI	LLLGYLLTGLLYGLLIGLILI	206.029	206.003	0.29428	0.55485	353.943
LLLGYLLTGLLYGLLIGLILI	LLLYYLLTGLLYGLLIGLILI	205.786	205.161	0.337561	0.493345	340.278
LLLYYLLTGLLYGLLIGLILI	LLLYYLLTGLLFGLLIGLILI	205.82	205.314	1.15198	0.0912572	300.898
LLLYYLLTGLLFGLLIGLILI	LLLYYLLTGLLTGLLIGLILI	205.394	205.6	0.171816	0.816184	288.358
LLLYYLLTGLLTGLLIGLILI	LLLYYLLTGLLYGLLIGLILI	205.022	205.322	0.238039	0.654392	276.131
LLLYYLLTGLLYGLLIGLILI	LLLYYLLTGLLYGLLTGLILI	204.811	205.035	0.142768	0.911943	264.228
LLLYYLLTGLLYGLLTGLILI	LLLYYLLTGLLTGLLTGLILI	204.628	204.748	0.505042	0.328724	241.419
LLLYYLLTGLLTGLLTGLILI	LLLGYLLTGLLTGLLTGLILI	204.789	205.65	0.369715	0.453966	230.526
LLLGYLLTGLLTGLLTGLILI	LLLGYLLTGLLYGLLTGLILI	205.639	205.283	0.443059	0.379341	219.977
LLLGYLLTGLLYGLLTGLILI	LLLYYLLTGLLYGLLTGLILI	205.241	204.617	0.337561	0.493345	199.923
LLLYYLLTGLLYGLLTGLILI	LLLYYLLTGLLTGLLTGLILI	204.628	204.748	0.505042	0.328724	190.417
LLLYYLLTGLLTGLLTGLILI	LLLGYLLTGLLTGLLTGLILI	204.789	205.65	0.369715	0.453966	181.257
LLLGYLLTGLLTGLLTGLILI	LLLGYLLTGLLYGLLTGLILI	205.639	205.283	0.443059	0.379341	172.439
LLLGYLLTGLLYGLLTGLILI	LLLGYLLTGLLYGLLIGLILI	205.816	205.591	0.911943	0.142768	155.814
LLLGYLLTGLLYGLLIGLILI	LLLTYLLTGLLYGLLIGLILI	206.003	206.029	0.55485	0.29428	147.996
LLLTYLLTGLLYGLLIGLILI	LLLYYLLTGLLYGLLIGLILI	205.973	206.215	0.238039	0.654392	140.501
LLLYYLLTGLLYGLLIGLILI	LLLGYLLTGLLYGLLIGLILI	206.054	205.786	0.493345	0.337561	133.321
LLLGYLLTGLLYGLLIGLILI	LLLYYLLTGLLYGLLIGLILI	205.786	205.161	0.337561	0.493345	119.877
LLLYYLLTGLLYGLLIGLILI	LLLYYLLTGLLFGLLIGLILI	205.82	205.314	1.15198	0.0912572	113.597
Time: 299s
