***STARTING GEOMETRY:***
xShift: 8.30498
crossingAngle: -33.9822
axialRotation: 17.3111
zShift: 5.33708

Number of MCCycles: 100
PrevSequence	CurrSequence	PrevEnergy	CurrEnergy	PrevEntropy	CurrEntropy	CurrentTemp
LLLGLLFSLLGTLLSTLLILI	LLLGLLYSLLGTLLSTLLILI	-9.30418	-8.50307	0.240035	0.650378	999.684
LLLGLLYSLLGTLLSTLLILI	LLLGLLYSLLGTLLATLLILI	-8.21047	-8.18994	0.942975	0.13458	999.328
LLLGLLYSLLGTLLATLLILI	LLLGLLYSLLATLLATLLILI	-7.7404	-7.88494	0.584123	0.276169	998.928
LLLGLLYSLLATLLATLLILI	LLLGLLYSLLATLLAVLLILI	-7.23025	-4.1783	0.930859	0.137712	998.476
LLLGLLYSLLATLLAVLLILI	LLLGLLFSLLATLLAVLLILI	-3.66563	-4.66249	0.650378	0.240035	997.967
LLLGLLFSLLATLLAVLLILI	LLLGLLFSLLATLLSVLLILI	-4.65837	-4.97622	0.244161	0.642213	997.394
LLLGLLFSLLATLLSVLLILI	LLLGLLFSLLAYLLSVLLILI	-5.28971	-4.97014	0.328724	0.505042	996.749
LLLGLLFSLLAYLLSVLLILI	LLLGLLFSLLATLLSVLLILI	-4.97014	-5.28971	0.505042	0.328724	996.023
LLLGLLFSLLATLLSVLLILI	LLLGLLFSLLAYLLSVLLILI	-5.28971	-4.97014	0.328724	0.505042	995.205
LLLGLLFSLLAYLLSVLLILI	LLLGLLFSLLATLLSVLLILI	-4.97014	-5.28971	0.505042	0.328724	994.285
LLLGLLFSLLATLLSVLLILI	LLLGLLFSLLATLLAVLLILI	-4.97622	-4.65837	0.642213	0.244161	993.249
LLLGLLFSLLATLLAVLLILI	LLLGLLFSLLAYLLAVLLILI	-4.5738	-3.97785	0.328724	0.505042	992.084
LLLGLLFSLLAYLLAVLLILI	LLLGLLFSLLTYLLAVLLILI	-4.09577	-3.50183	0.387124	0.43451	990.773
LLLGLLFSLLTYLLAVLLILI	LLLGLLFSLLAYLLAVLLILI	-3.50183	-4.09577	0.43451	0.387124	989.3
LLLGLLFSLLAYLLAVLLILI	LLLGLLFSLLATLLAVLLILI	-3.97785	-4.5738	0.505042	0.328724	987.644
LLLGLLFSLLATLLAVLLILI	LLLGLLFSLLATLLATLLILI	-4.76482	-7.70713	0.137712	0.930859	985.783
LLLGLLFSLLATLLATLLILI	LLLGLLFSLLATLLSTLLILI	-8.39383	-8.7277	0.244161	0.642213	983.694
LLLGLLFSLLATLLSTLLILI	LLLGLLYSLLATLLSTLLILI	-9.12988	-8.13283	0.240035	0.650378	981.348
LLLGLLYSLLATLLSTLLILI	LLLGLLFSLLATLLSTLLILI	-8.13283	-9.12988	0.650378	0.240035	978.717
LLLGLLFSLLATLLSTLLILI	LLLGLLFSLLAWLLSTLLILI	-9.00621	-9.06809	0.363705	0.460972	975.768
LLLGLLFSLLAWLLSTLLILI	LLLGLLFSLLAWLLATLLILI	-8.88685	-7.89527	0.642213	0.244161	972.463
LLLGLLFSLLAWLLATLLILI	LLLGLLTSLLAWLLATLLILI	-7.96762	-6.94866	0.171816	0.816184	968.764
LLLGLLTSLLAWLLATLLILI	LLLGLLTSLLATLLATLLILI	-7.4216	-7.78967	0.343253	0.48602	964.627
LLLGLLTSLLATLLATLLILI	LLLGLLTSLLAYLLATLLILI	-7.58209	-7.66031	0.693609	0.219549	960.005
LLLGLLTSLLAYLLATLLILI	LLLGLLTSLLATLLATLLILI	-7.66031	-7.58209	0.219549	0.693609	954.846
LLLGLLTSLLATLLATLLILI	LLLALLTSLLATLLATLLILI	-8.01214	-4.90981	0.263552	0.605976	949.095
LLLALLTSLLATLLATLLILI	LLLALLTFLLATLLATLLILI	-5.01187	-10.6146	0.503913	0.329564	942.693
LLLALLTFLLATLLATLLILI	LLLALLTWLLATLLATLLILI	-10.7954	-10.3028	0.148778	0.890414	935.578
LLLALLTWLLATLLATLLILI	LLLGLLTWLLATLLATLLILI	-10.5872	-13.8811	0.605976	0.263552	927.683
LLLGLLTWLLATLLATLLILI	LLLGLLTWLLATLLSTLLILI	-13.7281	-14.4879	0.416521	0.404229	918.939
LLLGLLTWLLATLLSTLLILI	LLLGLLTFLLATLLSTLLILI	-14.0017	-15.2289	0.890414	0.148778	909.276
LLLGLLTFLLATLLSTLLILI	LLLGLLFFLLATLLSTLLILI	-14.6841	-15.7937	0.693609	0.219549	898.621
LLLGLLFFLLATLLSTLLILI	LLLGLLFFLLAVLLSTLLILI	-15.0823	-12.1734	0.930859	0.137712	886.903
LLLGLLFFLLAVLLSTLLILI	LLLGLLFFLLATLLSTLLILI	-12.1734	-15.0823	0.137712	0.930859	874.051
LLLGLLFFLLATLLSTLLILI	LLLGLLFYLLATLLSTLLILI	-15.6029	-15.2281	0.410343	0.410343	859.999
LLLGLLFYLLATLLSTLLILI	LLLGLLFYLLAVLLSTLLILI	-14.7075	-14.9743	0.930859	0.137712	844.686
LLLGLLFYLLAVLLSTLLILI	LLLGLLFFLLAVLLSTLLILI	-14.7017	-11.9008	0.410343	0.410343	828.061
LLLGLLFFLLAVLLSTLLILI	LLLGLLFYLLAVLLSTLLILI	-11.9008	-11.7188	0.410343	0.410343	810.083
LLLGLLFYLLAVLLSTLLILI	LLLGLLTYLLAVLLSTLLILI	-11.9573	-11.115	0.171816	0.816184	790.724
LLLGLLTYLLAVLLSTLLILI	LLLGLLTYLLATLLSTLLILI	-11.8359	-14.3154	0.0952708	1.12845	769.974
LLLGLLTYLLATLLSTLLILI	LLLGLLTFLLATLLSTLLILI	-14.7935	-15.1377	0.650378	0.240035	747.845
LLLGLLTFLLATLLSTLLILI	LLLGLLFFLLATLLSTLLILI	-14.6841	-15.7937	0.693609	0.219549	724.369
LLLGLLFFLLATLLSTLLILI	LLLGLLFYLLATLLSTLLILI	-15.6029	-15.2281	0.410343	0.410343	699.602
LLLGLLFYLLATLLSTLLILI	LLLGLLYYLLATLLSTLLILI	-15.5063	-13.7513	0.132101	0.952787	673.628
LLLGLLYYLLATLLSTLLILI	LLLGLLYTLLATLLSTLLILI	-14.3247	-15.5218	0.379341	0.443059	646.557
LLLGLLYTLLATLLSTLLILI	LLLGLLYTLLAYLLSTLLILI	-15.5218	-16.1935	0.443059	0.379341	618.524
LLLGLLYTLLAYLLSTLLILI	LLLGLLFTLLAYLLSTLLILI	-15.6201	-15.7062	0.952787	0.132101	589.688
LLLGLLFTLLAYLLSTLLILI	LLLGLLFTLLTYLLSTLLILI	-15.7536	-14.6126	0.0847157	1.19282	530.348
LLLGLLFTLLTYLLSTLLILI	LLLGLLFTLLTYLLATLLILI	-15.1632	-14.2849	0.642213	0.244161	500.25
LLLGLLFTLLTYLLATLLILI	LLLGLLFTLLAYLLATLLILI	-13.6725	-14.6718	0.856576	0.158812	470.152
LLLGLLFTLLAYLLATLLILI	LLLGLLFTLLATLLATLLILI	-14.611	-13.8041	0.219549	0.693609	440.27
LLLGLLFTLLATLLATLLILI	LLLGLLYTLLATLLATLLILI	-14.2576	-14.5834	0.240035	0.650378	410.812
LLLGLLYTLLATLLATLLILI	LLLGLLYTLLTTLLATLLILI	-15.1109	-15.4647	0.122923	0.990994	381.976
LLLGLLYTLLTTLLATLLILI	LLLGLLYTLLTWLLATLLILI	-15.8684	-18.1438	0.58734	0.274265	353.943
LLLGLLYTLLTWLLATLLILI	LLLGLLYTLLTWLLSTLLILI	-18.1739	-19.2051	0.244161	0.642213	326.872
LLLGLLYTLLTWLLSTLLILI	LLLGLLFTLLTWLLSTLLILI	-19.197	-18.6788	0.650378	0.240035	300.898
LLLGLLFTLLTWLLSTLLILI	LLLGLLFTLLTWLLATLLILI	-18.2766	-17.245	0.642213	0.244161	252.655
LLLGLLFTLLTWLLATLLILI	LLLGLLYTLLTWLLATLLILI	-17.2491	-17.7677	0.240035	0.650378	230.526
LLLGLLYTLLTWLLATLLILI	LLLGLLYTLLTWLLSTLLILI	-18.1739	-19.2051	0.244161	0.642213	209.776
LLLGLLYTLLTWLLSTLLILI	LLLGLLFTLLTWLLSTLLILI	-19.197	-18.6788	0.650378	0.240035	190.417
LLLGLLFTLLTWLLSTLLILI	LLLGLLYTLLTWLLSTLLILI	-18.6788	-19.197	0.240035	0.650378	155.814
Time: 146s
