***STARTING GEOMETRY:***
xShift: 7
crossingAngle: -37.39
axialRotation: -51.74
zShift: 0.31

Number of MCCycles: 200
PrevSequence	CurrSequence	PrevEnergy	CurrEnergy	PrevEntropy	CurrEntropy	CurrentTemp
LLLTYLLVTLLGTLLGYLILI	LLLTYLLVTLLGTLLGWLILI	6.69409e+06	832390	0.451187	0.372136	999.847
LLLTYLLVTLLGTLLGWLILI	LLLTYLLVTLLGTLLGYLILI	832390	832390	0.372136	0.451187	999.684
LLLTYLLVTLLGTLLGYLILI	LLLGYLLVTLLGTLLGYLILI	832390	832388	0.489954	0.34018	999.512
LLLGYLLVTLLGTLLGYLILI	LLLGYLLVTLLGTLLGFLILI	832388	832388	0.952787	0.132101	999.328
LLLGYLLVTLLGTLLGFLILI	LLLGYLLVFLLGTLLGFLILI	832389	832385	0.538845	0.30482	999.134
LLLGYLLVFLLGTLLGFLILI	LLLGYLLTFLLGTLLGFLILI	832385	832386	0.137712	0.930859	998.928
LLLGYLLTFLLGTLLGFLILI	LLLGYLLVFLLGTLLGFLILI	832386	832386	0.930859	0.137712	998.708
LLLGYLLVFLLGTLLGFLILI	LLLGYLLTFLLGTLLGFLILI	832386	832387	0.137712	0.930859	998.476
LLLGYLLTFLLGTLLGFLILI	LLLTYLLTFLLGTLLGFLILI	832386	832388	0.34018	0.489954	998.229
LLLTYLLTFLLGTLLGFLILI	LLLTYLLTYLLGTLLGFLILI	832388	832386	0.240035	0.650378	997.967
LLLTYLLTYLLGTLLGFLILI	LLLGYLLTYLLGTLLGFLILI	832386	832384	0.489954	0.34018	997.689
LLLGYLLTYLLGTLLGFLILI	LLLGYLLTFLLGTLLGFLILI	832384	832386	0.650378	0.240035	997.394
LLLGYLLTFLLGTLLGFLILI	LLLGYLLTYLLGTLLGFLILI	832386	832384	0.240035	0.650378	997.081
LLLGYLLTYLLGTLLGFLILI	LLLGYLLFYLLGTLLGFLILI	832384	832384	0.538845	0.30482	996.749
LLLGYLLFYLLGTLLGFLILI	LLLGYLLFYLLGTLLGYLILI	832384	832384	0.170308	0.820686	996.397
LLLGYLLFYLLGTLLGYLILI	LLLGYLLFYLLGTLLGWLILI	832383	832383	0.591129	0.272043	996.023
LLLGYLLFYLLGTLLGWLILI	LLLGYLLTYLLGTLLGWLILI	832383	832383	0.171816	0.816184	995.626
LLLGYLLTYLLGTLLGWLILI	LLLTYLLTYLLGTLLGWLILI	832383	832385	0.34018	0.489954	995.205
LLLTYLLTYLLGTLLGWLILI	LLLTYLLTYLLGTLLGYLILI	832385	832385	0.272043	0.591129	994.285
LLLTYLLTYLLGTLLGYLILI	LLLTYLLYYLLGTLLGYLILI	832384	832386	0.262045	0.608671	993.782
LLLTYLLYYLLGTLLGYLILI	LLLTYLLFYLLGTLLGYLILI	832387	832386	1.30076	0.0697276	993.249
LLLTYLLFYLLGTLLGYLILI	LLLGYLLFYLLGTLLGYLILI	832386	832383	0.366931	0.457192	992.683
LLLGYLLFYLLGTLLGYLILI	LLLGYLLFYLLGTLLGWLILI	832383	832383	0.591129	0.272043	992.084
LLLGYLLFYLLGTLLGWLILI	LLLTYLLFYLLGTLLGWLILI	832383	832387	0.457192	0.366931	991.448
LLLTYLLFYLLGTLLGWLILI	LLLGYLLFYLLGTLLGWLILI	832387	832385	0.366931	0.457192	990.773
LLLGYLLFYLLGTLLGWLILI	LLLGYLLFFLLGTLLGWLILI	832385	832386	0.650378	0.240035	990.058
LLLGYLLFFLLGTLLGWLILI	LLLGYLLFFLLGTLLGYLILI	832387	832387	0.372136	0.451187	989.3
LLLGYLLFFLLGTLLGYLILI	LLLGYLLTFLLGTLLGYLILI	832386	832385	0.30482	0.538845	988.496
LLLGYLLTFLLGTLLGYLILI	LLLGYLLVFLLGTLLGYLILI	832386	832385	0.930859	0.137712	987.644
LLLGYLLVFLLGTLLGYLILI	LLLGYLLTFLLGTLLGYLILI	832385	832386	0.137712	0.930859	986.74
LLLGYLLTFLLGTLLGYLILI	LLLTYLLTFLLGTLLGYLILI	832385	832387	0.34018	0.489954	985.783
LLLTYLLTFLLGTLLGYLILI	LLLGYLLTFLLGTLLGYLILI	832387	832385	0.489954	0.34018	984.769
LLLGYLLTFLLGTLLGYLILI	LLLGYLLTFLLGTLLGWLILI	832385	832385	0.451187	0.372136	983.694
LLLGYLLTFLLGTLLGWLILI	LLLGYLLTFLLGTLLGYLILI	832385	832385	0.372136	0.451187	978.717
LLLGYLLTFLLGTLLGYLILI	LLLGYLLFFLLGTLLGYLILI	832385	832386	0.538845	0.30482	977.285
LLLGYLLFFLLGTLLGYLILI	LLLGYLLFYLLGTLLGYLILI	832386	832383	0.170308	0.820686	975.768
LLLGYLLFYLLGTLLGYLILI	LLLGYLLFYLLGLLLGYLILI	832383	832392	0.565318	0.287636	970.666
LLLGYLLFYLLGLLLGYLILI	LLLGYLLFYLLGLLLGWLILI	832392	832392	0.591129	0.272043	968.764
LLLGYLLFYLLGLLLGWLILI	LLLGYLLFYLLGTLLGWLILI	832392	832383	0.287636	0.565318	966.754
LLLGYLLFYLLGTLLGWLILI	LLLGYLLFYLLGTLLGYLILI	832383	832383	0.272043	0.591129	964.627
LLLGYLLFYLLGTLLGYLILI	LLLGYLLFYLLGTLLGFLILI	832383	832384	0.820686	0.170308	962.38
LLLGYLLFYLLGTLLGFLILI	LLLGYLLFYLLGTLLGYLILI	832384	832384	0.170308	0.820686	960.005
LLLGYLLFYLLGTLLGYLILI	LLLGYLLFYLLGTLLGFLILI	832384	832384	0.820686	0.170308	954.846
LLLGYLLFYLLGTLLGFLILI	LLLGYLLFFLLGTLLGFLILI	832384	832387	0.5016	0.331293	952.048
LLLGYLLFFLLGTLLGFLILI	LLLGYLLTFLLGTLLGFLILI	832387	832386	0.413356	0.407346	949.095
LLLGYLLTFLLGTLLGFLILI	LLLGYLLTYLLGTLLGFLILI	832386	832384	0.240035	0.650378	945.979
LLLGYLLTYLLGTLLGFLILI	LLLGYLLTYLLGTLLGYLILI	832383	832383	0.0912572	1.15198	942.693
LLLGYLLTYLLGTLLGYLILI	LLLGYLLTYLLGTLLGFLILI	832383	832384	1.15198	0.0912572	939.229
LLLGYLLTYLLGTLLGFLILI	LLLGYLLTYLLGTLLGYLILI	832384	832383	0.0912572	1.15198	935.578
LLLGYLLTYLLGTLLGYLILI	LLLGYLLFYLLGTLLGYLILI	832383	832383	0.816184	0.171816	927.683
LLLGYLLFYLLGTLLGYLILI	LLLGYLLFYLLGTLLGWLILI	832383	832383	0.591129	0.272043	923.422
LLLGYLLFYLLGTLLGWLILI	LLLGYLLFYLLGTLLGYLILI	832383	832383	0.272043	0.591129	918.939
LLLGYLLFYLLGTLLGYLILI	LLLGYLLFYLLGTLLGWLILI	832383	832383	0.591129	0.272043	914.227
LLLGYLLFYLLGTLLGWLILI	LLLGYLLFYLLGTLLGYLILI	832383	832383	0.272043	0.591129	909.276
LLLGYLLFYLLGTLLGYLILI	LLLGYLLFYLLGTLLGFLILI	832384	832384	0.820686	0.170308	904.077
LLLGYLLFYLLGTLLGFLILI	LLLGYLLFYLLGTLLGYLILI	832384	832384	0.170308	0.820686	898.621
LLLGYLLFYLLGTLLGYLILI	LLLGYLLTYLLGTLLGYLILI	832383	832383	0.171816	0.816184	892.899
LLLGYLLTYLLGTLLGYLILI	LLLGYLLTFLLGTLLGYLILI	832383	832385	1.15198	0.0912572	886.903
LLLGYLLTFLLGTLLGYLILI	LLLGYLLVFLLGTLLGYLILI	832386	832385	0.930859	0.137712	880.623
LLLGYLLVFLLGTLLGYLILI	LLLGYLLVFLLGTLLGWLILI	832386	832385	0.451187	0.372136	874.051
LLLGYLLVFLLGTLLGWLILI	LLLGYLLFFLLGTLLGWLILI	832385	832386	0.194474	0.753596	867.179
LLLGYLLFFLLGTLLGWLILI	LLLGYLLFFLLGTLLGYLILI	832386	832386	0.372136	0.451187	859.999
LLLGYLLFFLLGTLLGYLILI	LLLGYLLVFLLGTLLGYLILI	832386	832385	0.753596	0.194474	852.504
LLLGYLLVFLLGTLLGYLILI	LLLGYLLFFLLGTLLGYLILI	832385	832386	0.194474	0.753596	844.686
LLLGYLLFFLLGTLLGYLILI	LLLGYLLFFLLGTLLGWLILI	832386	832387	0.451187	0.372136	836.541
LLLGYLLFFLLGTLLGWLILI	LLLGYLLTFLLGTLLGWLILI	832386	832386	0.30482	0.538845	828.061
LLLGYLLTFLLGTLLGWLILI	LLLGYLLTYLLGTLLGWLILI	832385	832385	0.132101	0.952787	819.243
LLLGYLLTYLLGTLLGWLILI	LLLGYLLTYLLGTLLGFLILI	832385	832384	0.890414	0.148778	810.083
LLLGYLLTYLLGTLLGFLILI	LLLGYLLTFLLGTLLGFLILI	832384	832386	0.650378	0.240035	800.577
LLLGYLLTFLLGTLLGFLILI	LLLGYLLYFLLGTLLGFLILI	832386	832388	0.328724	0.505042	790.724
LLLGYLLYFLLGTLLGFLILI	LLLGGLLYFLLGTLLGFLILI	832388	832391	0.369715	0.453966	780.523
LLLGGLLYFLLGTLLGFLILI	LLLGWLLYFLLGTLLGFLILI	832391	832394	0.497607	0.334305	769.974
LLLGWLLYFLLGTLLGFLILI	LLLYWLLYFLLGTLLGFLILI	832394	832395	0.368877	0.454934	759.081
LLLYWLLYFLLGTLLGFLILI	LLLYWLLGFLLGTLLGFLILI	832395	832394	0.454934	0.368877	747.845
LLLYWLLGFLLGTLLGFLILI	LLLYWLLYFLLGTLLGFLILI	832394	832394	0.368877	0.454934	736.272
LLLYWLLYFLLGTLLGFLILI	LLLYWLLTFLLGTLLGFLILI	832394	832395	0.505042	0.328724	724.369
LLLYWLLTFLLGTLLGFLILI	LLLYYLLTFLLGTLLGFLILI	832395	832392	0.372136	0.451187	712.142
LLLYYLLTFLLGTLLGFLILI	LLLYYLLTYLLGTLLGFLILI	832392	832392	0.170308	0.820686	699.602
LLLYYLLTYLLGTLLGFLILI	LLLYYLLTFLLGTLLGFLILI	832392	832392	0.820686	0.170308	686.76
LLLYYLLTFLLGTLLGFLILI	LLLYGLLTFLLGTLLGFLILI	832392	832393	0.454934	0.368877	673.628
LLLYGLLTFLLGTLLGFLILI	LLLYYLLTFLLGTLLGFLILI	832393	832391	0.368877	0.454934	660.222
LLLYYLLTFLLGTLLGFLILI	LLLGYLLTFLLGTLLGFLILI	832391	832386	0.454934	0.368877	646.557
LLLGYLLTFLLGTLLGFLILI	LLLGYLLFFLLGTLLGFLILI	832386	832387	0.407346	0.413356	632.651
LLLGYLLFFLLGTLLGFLILI	LLLGYLLFFLLGTLLGYLILI	832387	832387	0.331293	0.5016	604.196
LLLGYLLFFLLGTLLGYLILI	LLLGYLLVFLLGTLLGYLILI	832387	832385	0.753596	0.194474	589.688
LLLGYLLVFLLGTLLGYLILI	LLLGYLLVFLLGTLLGWLILI	832385	832385	0.451187	0.372136	575.025
LLLGYLLVFLLGTLLGWLILI	LLLTYLLVFLLGTLLGWLILI	832385	832390	0.457192	0.366931	560.23
LLLTYLLVFLLGTLLGWLILI	LLLTYLLVFLLGTLLGYLILI	832390	832388	0.372136	0.451187	530.348
LLLTYLLVFLLGTLLGYLILI	LLLTYLLTFLLGTLLGYLILI	832388	832388	0.0952708	1.12845	515.312
LLLTYLLTFLLGTLLGYLILI	LLLGYLLTFLLGTLLGYLILI	832387	832385	0.489954	0.34018	470.152
LLLGYLLTFLLGTLLGYLILI	LLLGYLLVFLLGTLLGYLILI	832385	832385	0.930859	0.137712	455.171
LLLGYLLVFLLGTLLGYLILI	LLLTYLLVFLLGTLLGYLILI	832385	832388	0.457192	0.366931	440.27
LLLTYLLVFLLGTLLGYLILI	LLLGYLLVFLLGTLLGYLILI	832388	832385	0.366931	0.457192	425.475
LLLGYLLVFLLGTLLGYLILI	LLLGYLLVFLLGTLLGWLILI	832385	832386	0.451187	0.372136	326.872
LLLGYLLVFLLGTLLGWLILI	LLLGYLLTFLLGTLLGWLILI	832385	832385	0.137712	0.930859	313.74
LLLGYLLTFLLGTLLGWLILI	LLLGYLLVFLLGTLLGWLILI	832385	832385	0.930859	0.137712	276.131
LLLGYLLVFLLGTLLGWLILI	LLLGYLLVFLLGTLLGYLILI	832385	832386	0.372136	0.451187	264.228
LLLGYLLVFLLGTLLGYLILI	LLLGYLLVFLLGTLLGWLILI	832386	832386	0.451187	0.372136	252.655
LLLGYLLVFLLGTLLGWLILI	LLLGYLLTFLLGTLLGWLILI	832385	832385	0.137712	0.930859	241.419
LLLGYLLTFLLGTLLGWLILI	LLLGYLLTFLLGTLLGFLILI	832385	832386	0.598868	0.267575	230.526
LLLGYLLTFLLGTLLGFLILI	LLLGYLLTFLLGTLLGWLILI	832386	832385	0.267575	0.598868	219.977
LLLGYLLTFLLGTLLGWLILI	LLLGYLLTYLLGTLLGWLILI	832385	832383	0.132101	0.952787	209.776
LLLGYLLTYLLGTLLGWLILI	LLLGYLLFYLLGTLLGWLILI	832383	832383	0.816184	0.171816	190.417
LLLGYLLFYLLGTLLGWLILI	LLLGYLLFYLLGTLLGYLILI	832383	832383	0.272043	0.591129	181.257
LLLGYLLFYLLGTLLGYLILI	LLLGYLLTYLLGTLLGYLILI	832383	832384	0.171816	0.816184	163.959
LLLGYLLTYLLGTLLGYLILI	LLLGYLLTYLLGTLLGFLILI	832384	832383	1.15198	0.0912572	155.814
LLLGYLLTYLLGTLLGFLILI	LLLGYLLFYLLGTLLGFLILI	832384	832384	0.538845	0.30482	140.501
LLLGYLLFYLLGTLLGFLILI	LLLGYLLFYLLGTLLGWLILI	832384	832383	0.267575	0.598868	133.321
LLLGYLLFYLLGTLLGWLILI	LLLGYLLFYLLGTLLGYLILI	832383	832383	0.272043	0.591129	96.4228
LLLGYLLFYLLGTLLGYLILI	LLLGYLLFYLLGTLLGWLILI	832383	832383	0.591129	0.272043	86.2728
LLLGYLLFYLLGTLLGWLILI	LLLGYLLFYLLGTLLGYLILI	832383	832383	0.272043	0.591129	81.5606
LLLGYLLFYLLGTLLGYLILI	LLLGYLLFYLLGTLLGWLILI	832383	832383	0.591129	0.272043	68.7677
LLLGYLLFYLLGTLLGWLILI	LLLGYLLFYLLGTLLGFLILI	832384	832384	0.598868	0.267575	64.9219
LLLGYLLFYLLGTLLGFLILI	LLLGYLLFYLLGTLLGYLILI	832384	832383	0.170308	0.820686	61.271
LLLGYLLFYLLGTLLGYLILI	LLLGYLLFYLLGTLLGWLILI	832383	832383	0.591129	0.272043	48.4519
Time: 325s
