***STARTING GEOMETRY:***
xShift: 6.43411
crossingAngle: -36.7124
axialRotation: 40.1487
zShift: 5.04005

Number of MCCycles: 100
PrevSequence	CurrSequence	PrevEnergy	CurrEnergy	PrevEntropy	CurrEntropy	CurrentTemp
LLLGLLFSLLGSLLSYLLILI	LLLGLLFALLGSLLSYLLILI	120915	120901	1.14146	0.0930288	999.684
LLLGLLFALLGSLLSYLLILI	LLLGLLFALLGSLLSTLLILI	120902	120883	0.505042	0.328724	999.328
LLLGLLFALLGSLLSTLLILI	LLLGLLWALLGSLLSTLLILI	120883	120882	0.148778	0.890414	998.928
LLLGLLWALLGSLLSTLLILI	LLLGLLYALLGSLLSTLLILI	120881	120882	0.598868	0.267575	998.476
LLLGLLYALLGSLLSTLLILI	LLLGLLYALLGALLSTLLILI	120882	120883	0.642213	0.244161	997.967
LLLGLLYALLGALLSTLLILI	LLLGLLLALLGALLSTLLILI	120883	120884	0.526939	0.312976	997.394
LLLGLLLALLGALLSTLLILI	LLLGLLLALLGSLLSTLLILI	120884	120884	0.244161	0.642213	996.749
LLLGLLLALLGSLLSTLLILI	LLLGLLLALLGSLLGTLLILI	120884	120888	0.340109	0.490046	996.023
LLLGLLLALLGSLLGTLLILI	LLLGLLLALLGSLLATLLILI	120888	120886	0.745602	0.197612	995.205
LLLGLLLALLGSLLATLLILI	LLLGLLFALLGSLLATLLILI	120886	120883	0.516639	0.320259	994.285
LLLGLLFALLGSLLATLLILI	LLLGLLFALLGALLATLLILI	120883	120884	0.297523	0.549849	992.084
LLLGLLFALLGALLATLLILI	LLLGLLFALLGALLSTLLILI	120884	120884	0.549849	0.297523	990.773
LLLGLLFALLGALLSTLLILI	LLLGLLWALLGALLSTLLILI	120884	120884	0.148778	0.890414	989.3
LLLGLLWALLGALLSTLLILI	LLLGLLWALLGALLATLLILI	120884	120884	0.297523	0.549849	987.644
LLLGLLWALLGALLATLLILI	LLLGLLYALLGALLATLLILI	120884	120884	0.598868	0.267575	985.783
LLLGLLYALLGALLATLLILI	LLLGLLFALLGALLATLLILI	120885	120883	0.650378	0.240035	983.694
LLLGLLFALLGALLATLLILI	LLLGLLWALLGALLATLLILI	120883	120884	0.148778	0.890414	981.348
LLLGLLWALLGALLATLLILI	LLLGLLWALLGALLSTLLILI	120884	120884	0.549849	0.297523	978.717
LLLGLLWALLGALLSTLLILI	LLLGLLWALLGSLLSTLLILI	120884	120883	0.244161	0.642213	975.768
LLLGLLWALLGSLLSTLLILI	LLLGLLWALLGSLLGTLLILI	120883	120885	0.340109	0.490046	972.463
LLLGLLWALLGSLLGTLLILI	LLLGLLWALLGSLLGFLLILI	120885	120886	0.538845	0.30482	968.764
LLLGLLWALLGSLLGFLLILI	LLLGLLWALLGSLLWFLLILI	120886	120884	0.237709	0.655058	964.627
LLLGLLWALLGSLLWFLLILI	LLLGLLFALLGSLLWFLLILI	120884	120883	0.890414	0.148778	960.005
LLLGLLFALLGSLLWFLLILI	LLLGLLFALLGALLWFLLILI	120884	120883	0.404229	0.416521	954.846
LLLGLLFALLGALLWFLLILI	LLLGLLFALLGALLSFLLILI	120883	120885	0.759486	0.192199	949.095
LLLGLLFALLGALLSFLLILI	LLLGLLYALLGALLSFLLILI	120885	120886	0.410343	0.410343	942.693
LLLGLLYALLGALLSFLLILI	LLLGLLFALLGALLSFLLILI	120886	120886	0.410343	0.410343	935.578
LLLGLLFALLGALLSFLLILI	LLLGLLFALLGALLSYLLILI	120886	120882	0.410343	0.410343	927.683
LLLGLLFALLGALLSYLLILI	LLLGLLFALLGALLSTLLILI	120882	120883	0.505042	0.328724	918.939
LLLGLLFALLGALLSTLLILI	LLLGLLWALLGALLSTLLILI	120882	120884	0.148778	0.890414	909.276
LLLGLLWALLGALLSTLLILI	LLLGLLLALLGALLSTLLILI	120884	120886	0.743646	0.198389	898.621
LLLGLLLALLGALLSTLLILI	LLLGLLLALLGALLSYLLILI	120887	120885	0.328724	0.505042	886.903
LLLGLLLALLGALLSYLLILI	LLLGLLFALLGALLSYLLILI	120885	120881	0.516639	0.320259	874.051
LLLGLLFALLGALLSYLLILI	LLLGLLYALLGALLSYLLILI	120880	120882	0.132101	0.952787	810.083
LLLGLLYALLGALLSYLLILI	LLLGLLYALLGALLAYLLILI	120882	120885	0.297523	0.549849	790.724
LLLGLLYALLGALLAYLLILI	LLLGLLFALLGALLAYLLILI	120885	120883	0.952787	0.132101	769.974
LLLGLLFALLGALLAYLLILI	LLLGLLFALLGALLATLLILI	120883	120882	0.505042	0.328724	747.845
LLLGLLFALLGALLATLLILI	LLLGLLFALLGALLAFLLILI	120882	120886	0.328724	0.505042	724.369
LLLGLLFALLGALLAFLLILI	LLLGLLFALLGALLWFLLILI	120885	120884	0.273566	0.588527	699.602
LLLGLLFALLGALLWFLLILI	LLLGLLFALLGALLAFLLILI	120884	120886	0.588527	0.273566	673.628
LLLGLLFALLGALLAFLLILI	LLLGLLFALLGALLSFLLILI	120886	120884	0.549849	0.297523	646.557
LLLGLLFALLGALLSFLLILI	LLLGLLFALLGALLWFLLILI	120884	120884	0.192199	0.759486	618.524
LLLGLLFALLGALLWFLLILI	LLLGLLFALLGSLLWFLLILI	120884	120883	0.416521	0.404229	560.23
LLLGLLFALLGSLLWFLLILI	LLLGLLFALLGSLLWSLLILI	120883	120885	0.329564	0.503913	530.348
LLLGLLFALLGSLLWSLLILI	LLLGLLFALLGSLLYSLLILI	120885	120884	0.598868	0.267575	500.25
LLLGLLFALLGSLLYSLLILI	LLLGLLFALLGSLLWSLLILI	120884	120884	0.267575	0.598868	470.152
LLLGLLFALLGSLLWSLLILI	LLLGLLFALLGSLLWGLLILI	120883	120883	0.340109	0.490046	410.812
LLLGLLFALLGSLLWGLLILI	LLLGLLFALLGSLLYGLLILI	120883	120878	0.598868	0.267575	326.872
LLLGLLFALLGSLLYGLLILI	LLLGLLWALLGSLLYGLLILI	120878	120880	0.148778	0.890414	209.776
LLLGLLWALLGSLLYGLLILI	LLLGLLFALLGSLLYGLLILI	120880	120879	0.890414	0.148778	190.417
Time: 265s
