MCAccept 0 xShift: 6.53 crossingAngle: -44.9089 axialRotation: -12.07 zShift: 3.18 energy: 582.25
MCAccept 1 xShift: 6.53 crossingAngle: -44.9089 axialRotation: -11.9442 zShift: 3.18 energy: 582.25
MCReject   xShift: 6.53 crossingAngle: -44.9089 axialRotation: -11.9442 zShift: 3.19001 energy: 583.33
MCReject   xShift: 6.53 crossingAngle: -44.9089 axialRotation: -11.9442 zShift: 3.19113 energy: 583.46
MCAccept 2 xShift: 6.54059 crossingAngle: -44.9089 axialRotation: -11.9442 zShift: 3.18 energy: 582.25
MCAccept 3 xShift: 6.52283 crossingAngle: -44.9089 axialRotation: -11.9442 zShift: 3.18 energy: 582.25
MCAccept 4 xShift: 6.52283 crossingAngle: -44.8835 axialRotation: -11.9442 zShift: 3.18 energy: 582.25
MCAccept 5 xShift: 6.52283 crossingAngle: -45.023 axialRotation: -11.9442 zShift: 3.18 energy: 582.25
MCAccept 6 xShift: 6.52283 crossingAngle: -45.0808 axialRotation: -11.9442 zShift: 3.18 energy: 582.25
MCAccept 7 xShift: 6.51565 crossingAngle: -45.0808 axialRotation: -11.9442 zShift: 3.18 energy: 582.25
MCAccept 8 xShift: 6.51565 crossingAngle: -45.1861 axialRotation: -11.9442 zShift: 3.18 energy: 582.25
MCAccept 9 xShift: 6.51565 crossingAngle: -45.5638 axialRotation: -11.9442 zShift: 3.18 energy: 582.25
MCAccept 10 xShift: 6.51565 crossingAngle: -45.5672 axialRotation: -11.9442 zShift: 3.18 energy: 582.25
MCAccept 11 xShift: 6.51565 crossingAngle: -45.5672 axialRotation: -11.9442 zShift: 3.1716 energy: 581.451
MCAccept 12 xShift: 6.51565 crossingAngle: -45.5895 axialRotation: -11.9442 zShift: 3.1716 energy: 581.451
MCAccept 13 xShift: 6.50596 crossingAngle: -45.5895 axialRotation: -11.9442 zShift: 3.1716 energy: 581.451
MCAccept 14 xShift: 6.50596 crossingAngle: -45.7003 axialRotation: -11.9442 zShift: 3.1716 energy: 581.451
MCAccept 15 xShift: 6.50596 crossingAngle: -45.7233 axialRotation: -11.9442 zShift: 3.1716 energy: 581.451
MCAccept 16 xShift: 6.50427 crossingAngle: -45.7233 axialRotation: -11.9442 zShift: 3.1716 energy: 581.451
MCAccept 17 xShift: 6.50427 crossingAngle: -45.7233 axialRotation: -11.9442 zShift: 3.15963 energy: 580.48
MCAccept 18 xShift: 6.50427 crossingAngle: -45.6284 axialRotation: -11.9442 zShift: 3.15963 energy: 580.48
MCReject   xShift: 6.50427 crossingAngle: -45.6284 axialRotation: -11.9442 zShift: 3.1605 energy: 580.544
MCAccept 19 xShift: 6.49372 crossingAngle: -45.6284 axialRotation: -11.9442 zShift: 3.15963 energy: 580.48
MCAccept 20 xShift: 6.49372 crossingAngle: -45.4533 axialRotation: -11.9442 zShift: 3.15963 energy: 580.48
MCAccept 21 xShift: 6.49372 crossingAngle: -45.4371 axialRotation: -11.9442 zShift: 3.15963 energy: 580.48
MCAccept 22 xShift: 6.49372 crossingAngle: -45.3536 axialRotation: -11.9442 zShift: 3.15963 energy: 580.48
MCAccept 23 xShift: 6.4857 crossingAngle: -45.3536 axialRotation: -11.9442 zShift: 3.15963 energy: 580.48
MCAccept 24 xShift: 6.48799 crossingAngle: -45.3536 axialRotation: -11.9442 zShift: 3.15963 energy: 580.48
MCAccept 25 xShift: 6.48799 crossingAngle: -45.3536 axialRotation: -11.9958 zShift: 3.15963 energy: 580.48
MCAccept 26 xShift: 6.48799 crossingAngle: -45.1845 axialRotation: -11.9958 zShift: 3.15963 energy: 580.48
MCAccept 27 xShift: 6.48799 crossingAngle: -45.1845 axialRotation: -12.2625 zShift: 3.15963 energy: 580.48
MCAccept 28 xShift: 6.48799 crossingAngle: -45.1845 axialRotation: -12.2575 zShift: 3.15963 energy: 580.48
MCAccept 29 xShift: 6.49406 crossingAngle: -45.1845 axialRotation: -12.2575 zShift: 3.15963 energy: 580.48
MCAccept 30 xShift: 6.49881 crossingAngle: -45.1845 axialRotation: -12.2575 zShift: 3.15963 energy: 580.48
MCAccept 31 xShift: 6.51534 crossingAngle: -45.1845 axialRotation: -12.2575 zShift: 3.15963 energy: 580.48
MCAccept 32 xShift: 6.52031 crossingAngle: -45.1845 axialRotation: -12.2575 zShift: 3.15963 energy: 580.48
MCAccept 33 xShift: 6.52031 crossingAngle: -45.1845 axialRotation: -12.2663 zShift: 3.15963 energy: 580.48
MCAccept 34 xShift: 6.53301 crossingAngle: -45.1845 axialRotation: -12.2663 zShift: 3.15963 energy: 580.48
MCAccept 35 xShift: 6.53301 crossingAngle: -45.1845 axialRotation: -12.2663 zShift: 3.1503 energy: 579.862
MCAccept 36 xShift: 6.53301 crossingAngle: -45.1845 axialRotation: -12.3821 zShift: 3.1503 energy: 579.862
MCAccept 37 xShift: 6.53301 crossingAngle: -44.9248 axialRotation: -12.3821 zShift: 3.1503 energy: 579.862
MCAccept 38 xShift: 6.53348 crossingAngle: -44.9248 axialRotation: -12.3821 zShift: 3.1503 energy: 579.862
MCAccept 39 xShift: 6.54735 crossingAngle: -44.9248 axialRotation: -12.3821 zShift: 3.1503 energy: 579.862
MCAccept 40 xShift: 6.53209 crossingAngle: -44.9248 axialRotation: -12.3821 zShift: 3.1503 energy: 579.862
MCAccept 41 xShift: 6.53382 crossingAngle: -44.9248 axialRotation: -12.3821 zShift: 3.1503 energy: 579.862
MCAccept 42 xShift: 6.53382 crossingAngle: -44.7877 axialRotation: -12.3821 zShift: 3.1503 energy: 579.862
MCAccept 43 xShift: 6.54565 crossingAngle: -44.7877 axialRotation: -12.3821 zShift: 3.1503 energy: 579.862
MCAccept 44 xShift: 6.54565 crossingAngle: -44.5854 axialRotation: -12.3821 zShift: 3.1503 energy: 579.862
MCAccept 45 xShift: 6.54565 crossingAngle: -44.5854 axialRotation: -12.3821 zShift: 3.14646 energy: 579.642
MCAccept 46 xShift: 6.54305 crossingAngle: -44.5854 axialRotation: -12.3821 zShift: 3.14646 energy: 579.642
MCAccept 47 xShift: 6.55063 crossingAngle: -44.5854 axialRotation: -12.3821 zShift: 3.14646 energy: 579.642
MCAccept 48 xShift: 6.55063 crossingAngle: -44.5854 axialRotation: -12.3821 zShift: 3.14103 energy: 579.366
MCReject   xShift: 6.55063 crossingAngle: -44.5854 axialRotation: -12.3821 zShift: 3.15026 energy: 579.86
MCAccept 49 xShift: 6.55063 crossingAngle: -44.3882 axialRotation: -12.3821 zShift: 3.14103 energy: 579.366
MCAccept 50 xShift: 6.55063 crossingAngle: -44.2762 axialRotation: -12.3821 zShift: 3.14103 energy: 579.366
MCAccept 51 xShift: 6.55063 crossingAngle: -44.2762 axialRotation: -12.2956 zShift: 3.14103 energy: 579.366
MCAccept 52 xShift: 6.55063 crossingAngle: -44.2762 axialRotation: -12.5434 zShift: 3.14103 energy: 579.366
MCAccept 53 xShift: 6.55063 crossingAngle: -44.3763 axialRotation: -12.5434 zShift: 3.14103 energy: 579.366
MCAccept 54 xShift: 6.55063 crossingAngle: -44.4103 axialRotation: -12.5434 zShift: 3.14103 energy: 579.366
MCAccept 55 xShift: 6.55063 crossingAngle: -44.4103 axialRotation: -12.4035 zShift: 3.14103 energy: 579.366
MCReject   xShift: 6.55063 crossingAngle: -44.4103 axialRotation: -12.4035 zShift: 3.14637 energy: 579.638
MCAccept 56 xShift: 6.55063 crossingAngle: -44.4103 axialRotation: -12.4296 zShift: 3.14103 energy: 579.366
MCAccept 57 xShift: 6.55063 crossingAngle: -44.4578 axialRotation: -12.4296 zShift: 3.14103 energy: 579.366
MCAccept 58 xShift: 6.55063 crossingAngle: -44.4005 axialRotation: -12.4296 zShift: 3.14103 energy: 579.366
MCAccept 59 xShift: 6.54004 crossingAngle: -44.4005 axialRotation: -12.4296 zShift: 3.14103 energy: 579.366
MCAccept 60 xShift: 6.52536 crossingAngle: -44.4005 axialRotation: -12.4296 zShift: 3.14103 energy: 579.366
MCAccept 61 xShift: 6.52413 crossingAngle: -44.4005 axialRotation: -12.4296 zShift: 3.14103 energy: 579.366
MCAccept 62 xShift: 6.52413 crossingAngle: -44.5387 axialRotation: -12.4296 zShift: 3.14103 energy: 579.366
MCAccept 63 xShift: 6.5176 crossingAngle: -44.5387 axialRotation: -12.4296 zShift: 3.14103 energy: 579.366
MCAccept 64 xShift: 6.5176 crossingAngle: -44.5387 axialRotation: -12.4296 zShift: 3.13474 energy: 579.098
MCAccept 65 xShift: 6.5324 crossingAngle: -44.5387 axialRotation: -12.4296 zShift: 3.13474 energy: 579.098
MCAccept 66 xShift: 6.5324 crossingAngle: -44.5387 axialRotation: -12.4825 zShift: 3.13474 energy: 579.098
MCAccept 67 xShift: 6.5324 crossingAngle: -44.7333 axialRotation: -12.4825 zShift: 3.13474 energy: 579.098
MCAccept 68 xShift: 6.5324 crossingAngle: -44.7333 axialRotation: -12.5544 zShift: 3.13474 energy: 579.098
MCAccept 69 xShift: 6.5324 crossingAngle: -44.5992 axialRotation: -12.5544 zShift: 3.13474 energy: 579.098
MCAccept 70 xShift: 6.5324 crossingAngle: -44.7385 axialRotation: -12.5544 zShift: 3.13474 energy: 579.098
MCAccept 71 xShift: 6.5324 crossingAngle: -44.7385 axialRotation: -12.5544 zShift: 3.12082 energy: 578.696
MCAccept 72 xShift: 6.54614 crossingAngle: -44.7385 axialRotation: -12.5544 zShift: 3.12082 energy: 578.696
MCReject   xShift: 6.54614 crossingAngle: -44.7385 axialRotation: -12.5544 zShift: 3.13364 energy: 579.056
MCAccept 73 xShift: 6.54614 crossingAngle: -44.7385 axialRotation: -12.5544 zShift: 3.11503 energy: 578.608
MCAccept 74 xShift: 6.54614 crossingAngle: -44.701 axialRotation: -12.5544 zShift: 3.11503 energy: 578.608
MCAccept 75 xShift: 6.54614 crossingAngle: -44.5856 axialRotation: -12.5544 zShift: 3.11503 energy: 578.608
MCAccept 76 xShift: 6.54614 crossingAngle: -44.6603 axialRotation: -12.5544 zShift: 3.11503 energy: 578.608
MCAccept 77 xShift: 6.54614 crossingAngle: -44.6603 axialRotation: -12.5544 zShift: 3.10273 energy: 578.572
MCAccept 78 xShift: 6.54614 crossingAngle: -44.6603 axialRotation: -12.4389 zShift: 3.10273 energy: 578.572
MCAccept 79 xShift: 6.56161 crossingAngle: -44.6603 axialRotation: -12.4389 zShift: 3.10273 energy: 578.572
MCAccept 80 xShift: 6.56161 crossingAngle: -44.7711 axialRotation: -12.4389 zShift: 3.10273 energy: 578.572
MCAccept 81 xShift: 6.55825 crossingAngle: -44.7711 axialRotation: -12.4389 zShift: 3.10273 energy: 578.572
MCAccept 82 xShift: 6.55784 crossingAngle: -44.7711 axialRotation: -12.4389 zShift: 3.10273 energy: 578.572
MCAccept 83 xShift: 6.55784 crossingAngle: -44.7711 axialRotation: -12.4389 zShift: 3.11027 energy: 578.569
MCAccept 84 xShift: 6.55319 crossingAngle: -44.7711 axialRotation: -12.4389 zShift: 3.11027 energy: 578.569
MCAccept 85 xShift: 6.55319 crossingAngle: -44.6787 axialRotation: -12.4389 zShift: 3.11027 energy: 578.569
MCAccept 86 xShift: 6.55319 crossingAngle: -44.6787 axialRotation: -12.33 zShift: 3.11027 energy: 578.569
MCAccept 87 xShift: 6.55319 crossingAngle: -44.7408 axialRotation: -12.33 zShift: 3.11027 energy: 578.569
MCReject   xShift: 6.55319 crossingAngle: -44.7408 axialRotation: -12.33 zShift: 3.12086 energy: 578.697
MCAccept 88 xShift: 6.56071 crossingAngle: -44.7408 axialRotation: -12.33 zShift: 3.11027 energy: 578.569
MCAccept 89 xShift: 6.56071 crossingAngle: -44.7408 axialRotation: -12.3836 zShift: 3.11027 energy: 578.569
MCAccept 90 xShift: 6.56071 crossingAngle: -44.7408 axialRotation: -12.4371 zShift: 3.11027 energy: 578.569
MCAccept 91 xShift: 6.56071 crossingAngle: -44.7408 axialRotation: -12.6055 zShift: 3.11027 energy: 578.569
MCAccept 92 xShift: 6.56071 crossingAngle: -44.7408 axialRotation: -12.6055 zShift: 3.10644 energy: 578.561
MCReject   xShift: 6.56071 crossingAngle: -44.7408 axialRotation: -12.6055 zShift: 3.08954 energy: 578.763
MCAccept 93 xShift: 6.56043 crossingAngle: -44.7408 axialRotation: -12.6055 zShift: 3.10644 energy: 578.561
MCReject   xShift: 6.56043 crossingAngle: -44.7408 axialRotation: -12.6055 zShift: 3.11803 energy: 578.648
MCAccept 94 xShift: 6.56043 crossingAngle: -44.7408 axialRotation: -12.6537 zShift: 3.10644 energy: 578.561
MCAccept 95 xShift: 6.56043 crossingAngle: -44.5954 axialRotation: -12.6537 zShift: 3.10644 energy: 578.561
MCAccept 96 xShift: 6.56043 crossingAngle: -44.5954 axialRotation: -12.7 zShift: 3.10644 energy: 578.561
MCAccept 97 xShift: 6.56007 crossingAngle: -44.5954 axialRotation: -12.7 zShift: 3.10644 energy: 578.561
MCAccept 98 xShift: 6.56007 crossingAngle: -44.5954 axialRotation: -12.6505 zShift: 3.10644 energy: 578.561
MCReject   xShift: 6.56007 crossingAngle: -44.5954 axialRotation: -12.6505 zShift: 3.10127 energy: 578.582
MCReject   xShift: 6.56007 crossingAngle: -44.5954 axialRotation: -12.6505 zShift: 3.12519 energy: 578.794
MCAccept 99 xShift: 6.56007 crossingAngle: -44.5954 axialRotation: -12.5379 zShift: 3.10644 energy: 578.561
Energy #0: 578.561
***GEOMETRY SHIFT***
xShift;        Before: 6.53; After: 6.56007
crossingAngle; Before: -44.99; After: -44.5954
axialRotation; Before: -12.07; After: -12.5379
zShift;        Before: 3.18; After: 3.10644
Energy;        Before: 753.423; After: 578.561

Completed all cycles. Accepted 100/111
Monte Carlo repack complete. Time: 16.9333min

Final energy is 578.561 after repack, indicating clashes. Choose a different geometry
