***STARTING GEOMETRY:***
xShift: 6.56007
crossingAngle: -44.5954
axialRotation: -12.5379
zShift: 3.10644

Number of MCCycles: 200
PrevSequence	CurrSequence	PrevEnergy	CurrEnergy	PrevEntropy	CurrEntropy	CurrentTemp
LLLYGLLTGLLTGLLTSLILI	LLLGGLLTGLLTGLLTSLILI	579.047	580.154	0.213262	0.707856	999.684
LLLGGLLTGLLTGLLTSLILI	LLLGGLLTGLLTGLLTALILI	580.089	580.931	0.642213	0.244161	999.512
LLLGGLLTGLLTGLLTALILI	LLLYGLLTGLLTGLLTALILI	581.395	580.11	0.707856	0.213262	999.328
LLLYGLLTGLLTGLLTALILI	LLLYGLLTGLLTGLLTSLILI	580.141	579.298	0.244161	0.642213	999.134
LLLYGLLTGLLTGLLTSLILI	LLLYGLLYGLLTGLLTSLILI	579.099	581.813	0.443059	0.379341	998.708
LLLYGLLYGLLTGLLTSLILI	LLLYGLLTGLLTGLLTSLILI	581.813	579.099	0.379341	0.443059	998.476
LLLYGLLTGLLTGLLTSLILI	LLLYGLLTGLLTGLLTALILI	579.298	580.141	0.642213	0.244161	998.229
LLLYGLLTGLLTGLLTALILI	LLLYGLLTGLLTGLLTSLILI	580.141	579.298	0.244161	0.642213	997.967
LLLYGLLTGLLTGLLTSLILI	LLLYGLLTGLLSGLLTSLILI	579.235	586.021	0.578967	0.279255	997.689
LLLYGLLTGLLSGLLTSLILI	LLLYGLLTGLLSGLLTALILI	586.685	587.117	0.942975	0.13458	997.394
LLLYGLLTGLLSGLLTALILI	LLLYGLLVGLLSGLLTALILI	587.913	590.723	0.930859	0.137712	997.081
LLLYGLLVGLLSGLLTALILI	LLLYGLLVGLLSGLLTSLILI	590.72	590.287	0.13458	0.942975	996.749
LLLYGLLVGLLSGLLTSLILI	LLLYGLLVGLLTGLLTSLILI	589.726	582.587	0.381257	0.440933	996.397
LLLYGLLVGLLTGLLTSLILI	LLLYGLLVGLLTGLLTALILI	582.788	583.631	0.642213	0.244161	996.023
LLLYGLLVGLLTGLLTALILI	LLLYGLLVGLLTGLLTSLILI	583.631	582.788	0.244161	0.642213	995.626
LLLYGLLVGLLTGLLTSLILI	LLLYGLLTGLLTGLLTSLILI	582.241	579.785	0.0952708	1.12845	995.205
LLLYGLLTGLLTGLLTSLILI	LLLYGLLTGLLTGLLTALILI	579.298	580.141	0.642213	0.244161	993.782
LLLYGLLTGLLTGLLTALILI	LLLYGLLYGLLTGLLTALILI	580.34	583.054	0.443059	0.379341	993.249
LLLYGLLYGLLTGLLTALILI	LLLYGLLYGLLTGLLVALILI	583.605	586.534	0.930859	0.137712	992.683
LLLYGLLYGLLTGLLVALILI	LLLYGLLTGLLTGLLVALILI	586.902	583.948	0.505042	0.328724	992.084
LLLYGLLTGLLTGLLVALILI	LLLYGLLTGLLTGLLTALILI	583.714	581.026	0.0952708	1.12845	991.448
LLLYGLLTGLLTGLLTALILI	LLLYGLLYGLLTGLLTALILI	580.34	583.054	0.443059	0.379341	990.773
LLLYGLLYGLLTGLLTALILI	LLLYGLLYGLLTGLLTSLILI	582.918	582.076	0.244161	0.642213	990.058
LLLYGLLYGLLTGLLTSLILI	LLLGGLLYGLLTGLLTSLILI	581.803	582.92	0.369715	0.453966	989.3
LLLGGLLYGLLTGLLTSLILI	LLLGGLLTGLLTGLLTSLILI	582.686	580.14	0.219549	0.693609	988.496
LLLGGLLTGLLTGLLTSLILI	LLLGGLLTGLLTGLLTALILI	580.089	580.931	0.642213	0.244161	987.644
LLLGGLLTGLLTGLLTALILI	LLLGGLLTGLLTGLLTSLILI	580.931	580.089	0.244161	0.642213	986.74
LLLGGLLTGLLTGLLTSLILI	LLLGGLLTGLLTGLLVSLILI	580.575	583.325	1.12845	0.0952708	984.769
LLLGGLLTGLLTGLLVSLILI	LLLGGLLTGLLTGLLTSLILI	583.325	580.575	0.0952708	1.12845	983.694
LLLGGLLTGLLTGLLTSLILI	LLLGGLLTGLLTGLLTALILI	580.089	580.931	0.642213	0.244161	982.555
LLLGGLLTGLLTGLLTALILI	LLLGGLLTGLLTGLLTSLILI	580.931	580.089	0.244161	0.642213	981.348
LLLGGLLTGLLTGLLTSLILI	LLLGGLLYGLLTGLLTSLILI	580.14	582.686	0.693609	0.219549	980.071
LLLGGLLYGLLTGLLTSLILI	LLLYGLLYGLLTGLLTSLILI	582.92	581.803	0.453966	0.369715	978.717
LLLYGLLYGLLTGLLTSLILI	LLLYGLLTGLLTGLLTSLILI	581.813	579.099	0.379341	0.443059	977.285
LLLYGLLTGLLTGLLTSLILI	LLLYGLLTGLLTGLLTALILI	579.298	580.141	0.642213	0.244161	974.162
LLLYGLLTGLLTGLLTALILI	LLLYGLLTGLLTGLLTSLILI	580.141	579.298	0.244161	0.642213	970.666
LLLYGLLTGLLTGLLTSLILI	LLLGGLLTGLLTGLLTSLILI	578.869	580.154	0.213262	0.707856	968.764
LLLGGLLTGLLTGLLTSLILI	LLLYGLLTGLLTGLLTSLILI	580.154	578.869	0.707856	0.213262	966.754
LLLYGLLTGLLTGLLTSLILI	LLLGGLLTGLLTGLLTSLILI	578.869	580.154	0.213262	0.707856	964.627
LLLGGLLTGLLTGLLTSLILI	LLLYGLLTGLLTGLLTSLILI	580.154	578.869	0.707856	0.213262	962.38
LLLYGLLTGLLTGLLTSLILI	LLLYGLLYGLLTGLLTSLILI	579.099	581.813	0.443059	0.379341	960.005
LLLYGLLYGLLTGLLTSLILI	LLLGGLLYGLLTGLLTSLILI	581.803	582.92	0.369715	0.453966	957.496
LLLGGLLYGLLTGLLTSLILI	LLLGGLLYGLLTGLLVSLILI	583.397	586.388	0.930859	0.137712	954.846
LLLGGLLYGLLTGLLVSLILI	LLLYGLLYGLLTGLLVSLILI	586.704	585.587	0.453966	0.369715	952.048
LLLYGLLYGLLTGLLVSLILI	LLLYGLLYGLLTGLLTSLILI	585.355	582.364	0.137712	0.930859	949.095
LLLYGLLYGLLTGLLTSLILI	LLLGGLLYGLLTGLLTSLILI	581.803	582.92	0.369715	0.453966	945.979
LLLGGLLYGLLTGLLTSLILI	LLLGGLLYGLLTGLLTALILI	583.109	583.951	0.642213	0.244161	942.693
LLLGGLLYGLLTGLLTALILI	LLLYGLLYGLLTGLLTALILI	584.161	583.044	0.453966	0.369715	939.229
LLLYGLLYGLLTGLLTALILI	LLLGGLLYGLLTGLLTALILI	583.044	584.161	0.369715	0.453966	935.578
LLLGGLLYGLLTGLLTALILI	LLLGGLLTGLLTGLLTALILI	583.927	581.381	0.219549	0.693609	931.732
LLLGGLLTGLLTGLLTALILI	LLLYGLLTGLLTGLLTALILI	581.395	580.11	0.707856	0.213262	927.683
LLLYGLLTGLLTGLLTALILI	LLLYGLLYGLLTGLLTALILI	580.34	583.054	0.443059	0.379341	923.422
LLLYGLLYGLLTGLLTALILI	LLLYGLLYGLLTGLLTSLILI	582.918	582.076	0.244161	0.642213	918.939
LLLYGLLYGLLTGLLTSLILI	LLLYGLLTGLLTGLLTSLILI	581.813	579.099	0.379341	0.443059	914.227
LLLYGLLTGLLTGLLTSLILI	LLLYGLLTGLLTGLLTALILI	579.298	580.141	0.642213	0.244161	909.276
LLLYGLLTGLLTGLLTALILI	LLLYGLLTGLLTGLLVALILI	581.026	583.714	1.12845	0.0952708	898.621
LLLYGLLTGLLTGLLVALILI	LLLYGLLTGLLTGLLVSLILI	583.863	583.082	0.244161	0.642213	892.899
LLLYGLLTGLLTGLLVSLILI	LLLYGLLTGLLTGLLVALILI	583.082	583.863	0.642213	0.244161	880.623
LLLYGLLTGLLTGLLVALILI	LLLYGLLTGLLTGLLTALILI	583.714	581.026	0.0952708	1.12845	874.051
LLLYGLLTGLLTGLLTALILI	LLLYGLLTGLLTGLLVALILI	581.026	583.714	1.12845	0.0952708	859.999
LLLYGLLTGLLTGLLVALILI	LLLGGLLTGLLTGLLVALILI	583.832	585.117	0.213262	0.707856	852.504
LLLGGLLTGLLTGLLVALILI	LLLGGLLTGLLTGLLTALILI	584.504	581.816	0.0952708	1.12845	844.686
LLLGGLLTGLLTGLLTALILI	LLLGGLLTGLLTGLLTSLILI	580.931	580.089	0.244161	0.642213	836.541
LLLGGLLTGLLTGLLTSLILI	LLLGGLLYGLLTGLLTSLILI	580.14	582.686	0.693609	0.219549	828.061
LLLGGLLYGLLTGLLTSLILI	LLLYGLLYGLLTGLLTSLILI	582.92	581.803	0.453966	0.369715	819.243
LLLYGLLYGLLTGLLTSLILI	LLLYGLLYGLLTGLLTALILI	582.076	582.918	0.642213	0.244161	800.577
LLLYGLLYGLLTGLLTALILI	LLLYGLLYGLLTGLLTSLILI	582.918	582.076	0.244161	0.642213	790.724
LLLYGLLYGLLTGLLTSLILI	LLLGGLLYGLLTGLLTSLILI	581.803	582.92	0.369715	0.453966	769.974
LLLGGLLYGLLTGLLTSLILI	LLLGGLLYGLLTGLLTALILI	583.109	583.951	0.642213	0.244161	747.845
LLLGGLLYGLLTGLLTALILI	LLLGGLLYGLLTGLLTSLILI	583.951	583.109	0.244161	0.642213	736.272
LLLGGLLYGLLTGLLTSLILI	LLLGGLLYGLLTGLLVSLILI	583.397	586.388	0.930859	0.137712	724.369
LLLGGLLYGLLTGLLVSLILI	LLLGGLLYGLLTGLLTSLILI	586.388	583.397	0.137712	0.930859	712.142
LLLGGLLYGLLTGLLTSLILI	LLLYGLLYGLLTGLLTSLILI	582.92	581.803	0.453966	0.369715	699.602
LLLYGLLYGLLTGLLTSLILI	LLLGGLLYGLLTGLLTSLILI	581.803	582.92	0.369715	0.453966	673.628
LLLGGLLYGLLTGLLTSLILI	LLLYGLLYGLLTGLLTSLILI	582.92	581.803	0.453966	0.369715	660.222
LLLYGLLYGLLTGLLTSLILI	LLLYGLLYGLLTGLLTALILI	582.076	582.918	0.642213	0.244161	646.557
LLLYGLLYGLLTGLLTALILI	LLLYGLLYGLLTGLLVALILI	583.605	586.534	0.930859	0.137712	632.651
LLLYGLLYGLLTGLLVALILI	LLLYGLLYGLLTGLLTALILI	586.534	583.605	0.137712	0.930859	618.524
LLLYGLLYGLLTGLLTALILI	LLLGGLLYGLLTGLLTALILI	583.044	584.161	0.369715	0.453966	604.196
LLLGGLLYGLLTGLLTALILI	LLLGGLLTGLLTGLLTALILI	583.927	581.381	0.219549	0.693609	589.688
LLLGGLLTGLLTGLLTALILI	LLLGGLLTGLLTGLLVALILI	581.816	584.504	1.12845	0.0952708	575.025
LLLGGLLTGLLTGLLVALILI	LLLGGLLTGLLTGLLTALILI	584.504	581.816	0.0952708	1.12845	560.23
LLLGGLLTGLLTGLLTALILI	LLLGGLLTGLLTGLLTSLILI	580.931	580.089	0.244161	0.642213	545.329
LLLGGLLTGLLTGLLTSLILI	LLLGGLLYGLLTGLLTSLILI	580.14	582.686	0.693609	0.219549	530.348
LLLGGLLYGLLTGLLTSLILI	LLLGGLLYGLLTGLLTALILI	583.109	583.951	0.642213	0.244161	515.312
LLLGGLLYGLLTGLLTALILI	LLLGGLLYGLLTGLLTSLILI	583.951	583.109	0.244161	0.642213	500.25
LLLGGLLYGLLTGLLTSLILI	LLLYGLLYGLLTGLLTSLILI	582.92	581.803	0.453966	0.369715	485.188
LLLYGLLYGLLTGLLTSLILI	LLLYGLLTGLLTGLLTSLILI	581.813	579.099	0.379341	0.443059	470.152
LLLYGLLTGLLTGLLTSLILI	LLLYGLLTGLLTGLLTALILI	579.298	580.141	0.642213	0.244161	425.475
LLLYGLLTGLLTGLLTALILI	LLLYGLLTGLLTGLLTSLILI	580.141	579.298	0.244161	0.642213	396.304
LLLYGLLTGLLTGLLTSLILI	LLLYGLLTGLLTGLLTALILI	579.298	580.141	0.642213	0.244161	367.849
LLLYGLLTGLLTGLLTALILI	LLLYGLLTGLLTGLLTSLILI	580.141	579.298	0.244161	0.642213	353.943
LLLYGLLTGLLTGLLTSLILI	LLLYGLLTGLLTGLLTALILI	579.298	580.141	0.642213	0.244161	340.278
LLLYGLLTGLLTGLLTALILI	LLLYGLLTGLLTGLLTSLILI	580.141	579.298	0.244161	0.642213	326.872
LLLYGLLTGLLTGLLTSLILI	LLLYGLLTGLLTGLLTALILI	579.298	580.141	0.642213	0.244161	252.655
LLLYGLLTGLLTGLLTALILI	LLLYGLLTGLLTGLLTSLILI	580.141	579.298	0.244161	0.642213	219.977
LLLYGLLTGLLTGLLTSLILI	LLLGGLLTGLLTGLLTSLILI	578.869	580.154	0.213262	0.707856	190.417
LLLGGLLTGLLTGLLTSLILI	LLLYGLLTGLLTGLLTSLILI	580.154	578.869	0.707856	0.213262	181.257
Time: 178s
