***STARTING GEOMETRY:***
xShift: 7.12749
crossingAngle: -36.8119
axialRotation: 75.0673
zShift: 5.11385

Number of MCCycles: 100
PrevSequence	CurrSequence	PrevEnergy	CurrEnergy	PrevEntropy	CurrEntropy	CurrentTemp
LLLGLLTGLLTGLLTTLLILI	LLLGLLVGLLTGLLTTLLILI	150.136	149.86	1.27634	0.0728516	999.684
LLLGLLVGLLTGLLTTLLILI	LLLGLLVGLLTGLLFTLLILI	150.792	152.859	1.0043	0.119894	999.328
LLLGLLVGLLTGLLFTLLILI	LLLGLLVGLLTGLLFILLILI	153.651	153.254	0.911943	0.142768	998.476
LLLGLLVGLLTGLLFILLILI	LLLGLLTGLLTGLLFILLILI	153.249	150.481	0.137712	0.930859	997.967
LLLGLLTGLLTGLLFILLILI	LLLGLLTGLLTGLLFTLLILI	149.649	150.286	0.098896	1.10811	997.394
LLLGLLTGLLTGLLFTLLILI	LLLGLLTGLLTGLLTTLLILI	149.27	147.518	0.0921195	1.14683	996.749
LLLGLLTGLLTGLLTTLLILI	LLLGLLYGLLTGLLTTLLILI	147.187	149.794	0.816184	0.171816	996.023
LLLGLLYGLLTGLLTTLLILI	LLLGLLYGLLTGLLFTLLILI	150.626	152.723	1.0043	0.119894	994.285
LLLGLLYGLLTGLLFTLLILI	LLLGLLYGLLTGLLFILLILI	153.515	153.112	0.911943	0.142768	993.249
LLLGLLYGLLTGLLFILLILI	LLLGLLYGLLTGLLFTLLILI	153.112	153.508	0.142768	0.911943	992.084
LLLGLLYGLLTGLLFTLLILI	LLLGLLYGLLTGLLTTLLILI	152.716	150.626	0.119894	1.0043	990.773
LLLGLLYGLLTGLLTTLLILI	LLLGLLYGLLVGLLTTLLILI	150.751	153.231	1.12845	0.0952708	989.3
LLLGLLYGLLVGLLTTLLILI	LLLGLLYGLLTGLLTTLLILI	153.231	150.743	0.0952708	1.12845	987.644
LLLGLLYGLLTGLLTTLLILI	LLLGLLTGLLTGLLTTLLILI	149.787	147.187	0.171816	0.816184	985.783
LLLGLLTGLLTGLLTTLLILI	LLLGLLTGLLTGLLFTLLILI	147.518	149.27	1.14683	0.0921195	983.694
LLLGLLTGLLTGLLFTLLILI	LLLGLLTGLLTGLLTTLLILI	149.27	147.518	0.0921195	1.14683	981.348
LLLGLLTGLLTGLLTTLLILI	LLLGLLTGLLVGLLTTLLILI	147.647	150.688	1.27634	0.0728516	978.717
LLLGLLTGLLVGLLTTLLILI	LLLGLLTGLLTGLLTTLLILI	150.688	147.647	0.0728516	1.27634	975.768
LLLGLLTGLLTGLLTTLLILI	LLLGLLTGLLTGLLFTLLILI	147.518	149.27	1.14683	0.0921195	972.463
LLLGLLTGLLTGLLFTLLILI	LLLGLLYGLLTGLLFTLLILI	149.872	152.036	0.693609	0.219549	968.764
LLLGLLYGLLTGLLFTLLILI	LLLGLLYGLLTGLLTTLLILI	151.936	149.839	0.119894	1.0043	964.627
LLLGLLYGLLTGLLTTLLILI	LLLGLLYGLLTGLLTVLLILI	149.963	151.482	1.12845	0.0952708	960.005
LLLGLLYGLLTGLLTVLLILI	LLLGLLYGLLTGLLTTLLILI	151.482	149.963	0.0952708	1.12845	954.846
LLLGLLYGLLTGLLTTLLILI	LLLGLLYGLLTGLLFTLLILI	149.839	151.936	1.0043	0.119894	942.693
LLLGLLYGLLTGLLFTLLILI	LLLGLLYGLLTGLLTTLLILI	151.936	151.406	0.119894	1.0043	935.578
LLLGLLYGLLTGLLTTLLILI	LLLGLLTGLLTGLLTTLLILI	150.573	147.187	0.171816	0.816184	927.683
LLLGLLTGLLTGLLTTLLILI	LLLGLLTGLLTGLLFTLLILI	147.518	149.27	1.14683	0.0921195	909.276
LLLGLLTGLLTGLLFTLLILI	LLLGLLTGLLTGLLTTLLILI	149.27	147.518	0.0921195	1.14683	898.621
LLLGLLTGLLTGLLTTLLILI	LLLGLLTGLLTGLLFTLLILI	147.518	149.27	1.14683	0.0921195	886.903
LLLGLLTGLLTGLLFTLLILI	LLLGLLTGLLTGLLFILLILI	150.286	149.649	1.10811	0.098896	874.051
LLLGLLTGLLTGLLFILLILI	LLLGLLYGLLTGLLFILLILI	150.089	152.494	0.538845	0.30482	844.686
LLLGLLYGLLTGLLFILLILI	LLLGLLTGLLTGLLFILLILI	152.494	150.089	0.30482	0.538845	828.061
LLLGLLTGLLTGLLFILLILI	LLLGLLTGLLTGLLFTLLILI	149.649	150.286	0.098896	1.10811	810.083
LLLGLLTGLLTGLLFTLLILI	LLLGLLTGLLTGLLTTLLILI	149.27	147.518	0.0921195	1.14683	790.724
LLLGLLTGLLTGLLTTLLILI	LLLGLLTGLLTGLLFTLLILI	147.518	149.27	1.14683	0.0921195	747.845
LLLGLLTGLLTGLLFTLLILI	LLLGLLTGLLTGLLFILLILI	150.286	149.649	1.10811	0.098896	724.369
LLLGLLTGLLTGLLFILLILI	LLLGLLTGLLTGLLFTLLILI	149.649	150.286	0.098896	1.10811	699.602
LLLGLLTGLLTGLLFTLLILI	LLLGLLTGLLTGLLTTLLILI	149.27	147.518	0.0921195	1.14683	673.628
LLLGLLTGLLTGLLTTLLILI	LLLGLLTGLLTGLLFTLLILI	147.518	149.27	1.14683	0.0921195	646.557
LLLGLLTGLLTGLLFTLLILI	LLLGLLTGLLTGLLFILLILI	150.286	149.649	1.10811	0.098896	618.524
LLLGLLTGLLTGLLFILLILI	LLLGLLYGLLTGLLFILLILI	150.089	152.494	0.538845	0.30482	589.688
LLLGLLYGLLTGLLFILLILI	LLLGLLTGLLTGLLFILLILI	152.494	150.089	0.30482	0.538845	560.23
LLLGLLTGLLTGLLFILLILI	LLLGLLTGLLLGLLFILLILI	150.399	154.421	0.849143	0.161118	530.348
LLLGLLTGLLLGLLFILLILI	LLLGLLTGLLTGLLFILLILI	154.421	150.399	0.161118	0.849143	500.25
LLLGLLTGLLTGLLFILLILI	LLLGLLTGLLTGLLFTLLILI	149.649	150.286	0.098896	1.10811	470.152
LLLGLLTGLLTGLLFTLLILI	LLLGLLTGLLTGLLTTLLILI	149.27	147.518	0.0921195	1.14683	440.27
LLLGLLTGLLTGLLTTLLILI	LLLGLLTGLLTGLLFTLLILI	147.518	149.27	1.14683	0.0921195	410.812
LLLGLLTGLLTGLLFTLLILI	LLLGLLTGLLTGLLFILLILI	150.286	149.649	1.10811	0.098896	381.976
Time: 234s
