***STARTING GEOMETRY:***
xShift: 9.2
crossingAngle: 26.19
axialRotation: 75.6518
zShift: 2.2

Number of MCCycles: 100
PrevSequence	CurrSequence	PrevEnergy	CurrEnergy	PrevEntropy	CurrEntropy	CurrentTemp
LLLYVLLTLLYTLTTLLLILI	LLLYVLLTLLYFLTTLLLILI	-17.9017	-16.1625	1.14683	0.0921195	999.684
LLLYVLLTLLYFLTTLLLILI	LLLVVLLTLLYFLTTLLLILI	-15.501	-15.219	0.753596	0.194474	999.328
LLLVVLLTLLYFLTTLLLILI	LLLVILLTLLYFLTTLLLILI	-15.015	-13.7941	0.398479	0.42245	998.928
LLLVILLTLLYFLTTLLLILI	LLLVILLTLLYTLTTLLLILI	-14.1244	-16.2872	0.0921195	1.14683	998.476
LLLVILLTLLYTLTTLLLILI	LLLVILLTLLYTLVTLLLILI	-16.5031	-13.6404	0.930859	0.137712	997.967
LLLVILLTLLYTLVTLLLILI	LLLVILLTLLFTLVTLLLILI	-13.1277	-12.5982	0.650378	0.240035	997.394
LLLVILLTLLFTLVTLLLILI	LLLVILLTLLFTLTTLLLILI	-12.7005	-15.5781	0.137712	0.930859	996.749
LLLVILLTLLFTLTTLLLILI	LLLVILLTLLYTLTTLLLILI	-16.269	-16.7836	0.240035	0.650378	996.023
LLLVILLTLLYTLTTLLLILI	LLLVVLLTLLYTLTTLLLILI	-17.0115	-18.2276	0.42245	0.398479	995.205
LLLVVLLTLLYTLTTLLLILI	LLLYVLLTLLYTLTTLLLILI	-18.4316	-18.7096	0.194474	0.753596	994.285
LLLYVLLTLLYTLTTLLLILI	LLLYFLLTLLYTLTTLLLILI	-19.1225	-18.9775	0.340616	0.489394	993.249
LLLYFLLTLLYTLTTLLLILI	LLLYFLLTLLFTLTTLLLILI	-18.8166	-18.2262	0.650378	0.240035	992.084
LLLYFLLTLLFTLTTLLLILI	LLLLFLLTLLFTLTTLLLILI	-17.9393	-16.5266	0.526939	0.312976	990.773
LLLLFLLTLLFTLTTLLLILI	LLLLFLLTLLFTLVTLLLILI	-15.5632	-13.0959	1.27634	0.0728516	989.3
LLLLFLLTLLFTLVTLLLILI	LLLLVLLTLLFTLVTLLLILI	-12.6793	-13.526	0.489394	0.340616	987.644
LLLLVLLTLLFTLVTLLLILI	LLLLVLLTLLFTLTTLLLILI	-13.7289	-16.6066	0.137712	0.930859	985.783
LLLLVLLTLLFTLTTLLLILI	LLLYVLLTLLFTLTTLLLILI	-17.2244	-17.9926	0.312976	0.526939	983.694
LLLYVLLTLLFTLTTLLLILI	LLLYVLLTLLYTLTTLLLILI	-18.3874	-18.5104	0.132101	0.952787	981.348
LLLYVLLTLLYTLTTLLLILI	LLLYFLLTLLYTLTTLLLILI	-19.1225	-18.9775	0.340616	0.489394	978.717
LLLYFLLTLLYTLTTLLLILI	LLLYFLLTLLFTLTTLLLILI	-18.8166	-18.2262	0.650378	0.240035	975.768
LLLYFLLTLLFTLTTLLLILI	LLLYFLLTLLFTLVTLLLILI	-17.1899	-14.7225	1.27634	0.0728516	972.463
LLLYFLLTLLFTLVTLLLILI	LLLYFLLTLLFVLVTLLLILI	-13.9952	-11.3008	0.800152	0.177314	968.764
LLLYFLLTLLFVLVTLLLILI	LLLYFLLTLLFVLTTLLLILI	-11.3008	-14.355	0.177314	0.800152	964.627
LLLYFLLTLLFVLTTLLLILI	LLLYVLLTLLFVLTTLLLILI	-14.6658	-14.8848	0.489394	0.340616	960.005
LLLYVLLTLLFVLTTLLLILI	LLLYVLLTLLYVLTTLLLILI	-15.0933	-15.2057	0.132101	0.952787	954.846
LLLYVLLTLLYVLTTLLLILI	LLLYVLLTLLFVLTTLLLILI	-15.2057	-15.0933	0.952787	0.132101	949.095
LLLYVLLTLLFVLTTLLLILI	LLLYFLLTLLFVLTTLLLILI	-14.8848	-14.6658	0.340616	0.489394	942.693
LLLYFLLTLLFVLTTLLLILI	LLLYFLLTLLYVLTTLLLILI	-14.9152	-15.495	0.240035	0.650378	935.578
LLLYFLLTLLYVLTTLLLILI	LLLYVLLTLLYVLTTLLLILI	-15.8514	-15.603	0.293891	0.555456	927.683
LLLYVLLTLLYVLTTLLLILI	LLLYVLLTLLFVLTTLLLILI	-15.2057	-15.0933	0.952787	0.132101	918.939
LLLYVLLTLLFVLTTLLLILI	LLLYFLLTLLFVLTTLLLILI	-14.8848	-14.6658	0.340616	0.489394	909.276
LLLYFLLTLLFVLTTLLLILI	LLLYFLLTLLYVLTTLLLILI	-14.9152	-15.495	0.240035	0.650378	898.621
LLLYFLLTLLYVLTTLLLILI	LLLWFLLTLLYVLTTLLLILI	-15.6941	-14.9871	0.451187	0.372136	886.903
LLLWFLLTLLYVLTTLLLILI	LLLWFLLTLLYVLVTLLLILI	-14.559	-11.5198	0.800152	0.177314	874.051
LLLWFLLTLLYVLVTLLLILI	LLLWFLLTLLYVLTTLLLILI	-11.5198	-14.559	0.177314	0.800152	859.999
LLLWFLLTLLYVLTTLLLILI	LLLWFLLTLLFVLTTLLLILI	-14.9489	-13.0401	0.410343	0.410343	844.686
LLLWFLLTLLFVLTTLLLILI	LLLWFLLTLLYVLTTLLLILI	-13.0401	-14.9489	0.410343	0.410343	828.061
LLLWFLLTLLYVLTTLLLILI	LLLYFLLTLLYVLTTLLLILI	-14.9871	-15.6941	0.372136	0.451187	810.083
LLLYFLLTLLYVLTTLLLILI	LLLYFLLTLLYTLTTLLLILI	-16.0725	-18.1906	0.0728516	1.27634	790.724
LLLYFLLTLLYTLTTLLLILI	LLLYFLLTLLFTLTTLLLILI	-18.8166	-18.2262	0.650378	0.240035	769.974
LLLYFLLTLLFTLTTLLLILI	LLLYFLLTLLYTLTTLLLILI	-18.2262	-18.8166	0.240035	0.650378	747.845
LLLYFLLTLLYTLTTLLLILI	LLLYVLLTLLYTLTTLLLILI	-18.9775	-19.1225	0.489394	0.340616	724.369
LLLYVLLTLLYTLTTLLLILI	LLLYFLLTLLYTLTTLLLILI	-19.1225	-18.9775	0.340616	0.489394	699.602
LLLYFLLTLLYTLTTLLLILI	LLLYFLLTLLFTLTTLLLILI	-18.8166	-18.2262	0.650378	0.240035	673.628
LLLYFLLTLLFTLTTLLLILI	LLLLFLLTLLFTLTTLLLILI	-17.9393	-16.5266	0.526939	0.312976	646.557
LLLLFLLTLLFTLTTLLLILI	LLLLVLLTLLFTLTTLLLILI	-16.086	-17.3429	0.753596	0.194474	618.524
LLLLVLLTLLFTLTTLLLILI	LLLLFLLTLLFTLTTLLLILI	-17.3429	-16.086	0.194474	0.753596	589.688
LLLLFLLTLLFTLTTLLLILI	LLLLFLLTLLYTLTTLLLILI	-16.4292	-17.4185	0.410343	0.410343	560.23
LLLLFLLTLLYTLTTLLLILI	LLLYFLLTLLYTLTTLLLILI	-17.6519	-18.6657	0.176934	0.801241	530.348
LLLYFLLTLLYTLTTLLLILI	LLLYFLLTLLFTLTTLLLILI	-18.8166	-18.2262	0.650378	0.240035	470.152
LLLYFLLTLLFTLTTLLLILI	LLLYVLLTLLFTLTTLLLILI	-17.7126	-18.325	0.753596	0.194474	440.27
LLLYVLLTLLFTLTTLLLILI	LLLVVLLTLLFTLTTLLLILI	-18.0301	-17.3605	0.489394	0.340616	410.812
LLLVVLLTLLFTLTTLLLILI	LLLYVLLTLLFTLTTLLLILI	-17.3605	-18.0301	0.340616	0.489394	381.976
LLLYVLLTLLFTLTTLLLILI	LLLYFLLTLLFTLTTLLLILI	-18.325	-17.7126	0.194474	0.753596	353.943
LLLYFLLTLLFTLTTLLLILI	LLLYFLLTLLYTLTTLLLILI	-18.2262	-18.8166	0.240035	0.650378	326.872
LLLYFLLTLLYTLTTLLLILI	LLLYVLLTLLYTLTTLLLILI	-18.9775	-19.1225	0.489394	0.340616	300.898
LLLYVLLTLLYTLTTLLLILI	LLLYVLLTLLFTLTTLLLILI	-18.5104	-18.3874	0.952787	0.132101	276.131
LLLYVLLTLLFTLTTLLLILI	LLLYFLLTLLFTLTTLLLILI	-18.325	-17.7126	0.194474	0.753596	252.655
LLLYFLLTLLFTLTTLLLILI	LLLYVLLTLLFTLTTLLLILI	-17.7126	-18.325	0.753596	0.194474	230.526
LLLYVLLTLLFTLTTLLLILI	LLLVVLLTLLFTLTTLLLILI	-18.0301	-17.3605	0.489394	0.340616	209.776
LLLVVLLTLLFTLTTLLLILI	LLLVVLLTLLYTLTTLLLILI	-17.4611	-17.9757	0.240035	0.650378	190.417
LLLVVLLTLLYTLTTLLLILI	LLLYVLLTLLYTLTTLLLILI	-18.4316	-18.5351	0.194474	0.753596	172.439
LLLYVLLTLLYTLTTLLLILI	LLLYVLLTLLFTLTTLLLILI	-18.3359	-18.3874	0.952787	0.132101	155.814
LLLYVLLTLLFTLTTLLLILI	LLLVVLLTLLFTLTTLLLILI	-18.0301	-17.3605	0.489394	0.340616	140.501
LLLVVLLTLLFTLTTLLLILI	LLLVVLLTLLYTLTTLLLILI	-17.4611	-17.9757	0.240035	0.650378	113.597
LLLVVLLTLLYTLTTLLLILI	LLLYVLLTLLYTLTTLLLILI	-18.4316	-18.7096	0.194474	0.753596	81.5606
LLLYVLLTLLYTLTTLLLILI	LLLYVLLTLLFTLTTLLLILI	-18.5104	-18.3874	0.952787	0.132101	72.8169
LLLYVLLTLLFTLTTLLLILI	LLLYVLLTLLYTLTTLLLILI	-18.3874	-18.5104	0.132101	0.952787	64.9219
LLLYVLLTLLYTLTTLLLILI	LLLYFLLTLLYTLTTLLLILI	-19.1225	-18.9775	0.340616	0.489394	51.4049
LLLYFLLTLLYTLTTLLLILI	LLLYVLLTLLYTLTTLLLILI	-18.9775	-19.1225	0.489394	0.340616	45.6541
LLLYVLLTLLYTLTTLLLILI	LLLYVLLTLLFTLTTLLLILI	-18.5104	-18.3874	0.952787	0.132101	40.495
LLLYVLLTLLFTLTTLLLILI	LLLYVLLTLLYTLTTLLLILI	-18.3874	-18.5104	0.132101	0.952787	31.7355
Time: 136s
