***STARTING GEOMETRY:***
xShift: 8.67597
crossingAngle: 21
axialRotation: 50
zShift: 4.2

Number of MCCycles: 100
PrevSequence	CurrSequence	PrevEnergy	CurrEnergy	PrevEntropy	CurrEntropy	CurrentTemp
LLLWALLGLLTTLTSLLLILI	LLLWALLGLLTFLTSLLLILI	4.47295	5.12674	1.0043	0.119894	999.684
LLLWALLGLLTFLTSLLLILI	LLLWTLLGLLTFLTSLLLILI	5.09156	6.32929	0.0847157	1.19282	999.328
LLLWTLLGLLTFLTSLLLILI	LLLWALLGLLTFLTSLLLILI	6.32929	5.93018	1.19282	0.0847157	998.928
LLLWALLGLLTFLTSLLLILI	LLLWALLGLLTTLTSLLLILI	5.96536	5.21297	0.119894	1.0043	998.476
LLLWALLGLLTTLTSLLLILI	LLLYALLGLLTTLTSLLLILI	4.80754	6.45889	0.598868	0.267575	997.967
LLLYALLGLLTTLTSLLLILI	LLLYTLLGLLTTLTSLLLILI	6.25596	5.63948	0.064646	1.34306	997.394
LLLYTLLGLLTTLTSLLLILI	LLLYALLGLLTTLTSLLLILI	5.63948	6.34349	1.34306	0.064646	996.749
LLLYALLGLLTTLTSLLLILI	LLLWALLGLLTTLTSLLLILI	6.54642	3.13017	0.267575	0.598868	996.023
LLLWALLGLLTTLTSLLLILI	LLLWALLGLLTTLTALLLILI	2.93553	3.54818	0.404229	0.416521	995.205
LLLWALLGLLTTLTALLLILI	LLLWALLGLLYTLTALLLILI	3.82527	-0.767016	0.693609	0.219549	994.285
LLLWALLGLLYTLTALLLILI	LLLWTLLGLLYTLTALLLILI	-0.827752	-1.06319	0.158812	0.856576	993.249
LLLWTLLGLLYTLTALLLILI	LLLWTLLGLLYTLVALLLILI	-0.791309	2.53479	1.12845	0.0952708	992.084
LLLWTLLGLLYTLVALLLILI	LLLWTLLGLLFTLVALLLILI	3.08989	3.42248	0.650378	0.240035	990.773
LLLWTLLGLLFTLVALLLILI	LLLYTLLGLLFTLVALLLILI	3.78131	5.62626	0.598868	0.267575	989.3
LLLYTLLGLLFTLVALLLILI	LLLWTLLGLLFTLVALLLILI	5.62626	3.66188	0.267575	0.598868	987.644
LLLWTLLGLLFTLVALLLILI	LLLYTLLGLLFTLVALLLILI	3.66188	6.31035	0.598868	0.267575	985.783
LLLYTLLGLLFTLVALLLILI	LLLYTLLGLLFTLTALLLILI	6.13805	2.97845	0.0952708	1.12845	983.694
LLLYTLLGLLFTLTALLLILI	LLLYTLLGLLFTLTSLLLILI	2.09416	2.13205	0.244161	0.642213	981.348
LLLYTLLGLLFTLTSLLLILI	LLLYTLLGLLFTLTALLLILI	2.13205	2.7951	0.642213	0.244161	978.717
LLLYTLLGLLFTLTALLLILI	LLLYTLLGLLFTLTSLLLILI	2.7951	2.20044	0.244161	0.642213	975.768
LLLYTLLGLLFTLTSLLLILI	LLLYTLLGLLYTLTSLLLILI	1.69033	3.06011	0.132101	0.952787	972.463
LLLYTLLGLLYTLTSLLLILI	LLLYTLLALLYTLTSLLLILI	2.69145	4.9347	0.584123	0.276169	968.764
LLLYTLLALLYTLTSLLLILI	LLLWTLLALLYTLTSLLLILI	5.10972	2.07131	0.451187	0.372136	964.627
LLLWTLLALLYTLTSLLLILI	LLLWTLLGLLYTLTSLLLILI	1.97534	-0.704891	0.276169	0.584123	960.005
LLLWTLLGLLYTLTSLLLILI	LLLWTLLGLLYFLTSLLLILI	-0.284716	-0.196398	1.0043	0.119894	954.846
LLLWTLLGLLYFLTSLLLILI	LLLWTLLGLLYFLTALLLILI	0.32592	0.969556	0.642213	0.244161	949.095
LLLWTLLGLLYFLTALLLILI	LLLWTLLGLLYFLVALLLILI	1.65625	4.06969	0.930859	0.137712	942.693
LLLWTLLGLLYFLVALLLILI	LLLWTLLGLLYFLVSLLLILI	4.17614	4.33287	0.244161	0.642213	935.578
LLLWTLLGLLYFLVSLLLILI	LLLWTLLGLLYTLVSLLLILI	3.86248	2.69344	0.171816	0.816184	927.683
LLLWTLLGLLYTLVSLLLILI	LLLWTLLGLLYTLTSLLLILI	1.97253	-0.531764	0.0952708	1.12845	918.939
LLLWTLLGLLYTLTSLLLILI	LLLWTLLGLLYTLTALLLILI	-1.018	-1.45683	0.642213	0.244161	909.276
LLLWTLLGLLYTLTALLLILI	LLLWALLGLLYTLTALLLILI	-0.844412	-0.359335	0.856576	0.158812	898.621
LLLWALLGLLYTLTALLLILI	LLLWALLGLLFTLTALLLILI	0.132231	0.593589	0.650378	0.240035	886.903
LLLWALLGLLFTLTALLLILI	LLLWTLLGLLFTLTALLLILI	0.512365	0.120236	0.158812	0.856576	874.051
LLLWTLLGLLFTLTALLLILI	LLLWTLLGLLFTLTSLLLILI	-0.492179	-0.725566	0.244161	0.642213	859.999
LLLWTLLGLLFTLTSLLLILI	LLLWTLLGLLFTLTALLLILI	-0.725566	-0.492179	0.642213	0.244161	844.686
LLLWTLLGLLFTLTALLLILI	LLLYTLLGLLFTLTALLLILI	-0.137472	2.00112	0.598868	0.267575	828.061
LLLYTLLGLLFTLTALLLILI	LLLYTLLGLLFTLVALLLILI	2.862	5.2811	1.12845	0.0952708	810.083
LLLYTLLGLLFTLVALLLILI	LLLYTLLGLLYTLVALLLILI	5.31793	5.71063	0.132101	0.952787	790.724
LLLYTLLGLLYTLVALLLILI	LLLYTLLGLLFTLVALLLILI	5.71063	5.31793	0.952787	0.132101	769.974
LLLYTLLGLLFTLVALLLILI	LLLYTLLGLLFTLTALLLILI	5.2811	4.88483	0.0952708	1.12845	747.845
LLLYTLLGLLFTLTALLLILI	LLLYTLLGLLFTLTSLLLILI	4.00054	2.15217	0.244161	0.642213	724.369
LLLYTLLGLLFTLTSLLLILI	LLLYTLLALLFTLTSLLLILI	2.09408	6.31249	0.584123	0.276169	699.602
LLLYTLLALLFTLTSLLLILI	LLLWTLLALLFTLTSLLLILI	6.3039	4.4767	0.267575	0.598868	673.628
LLLWTLLALLFTLTSLLLILI	LLLWALLALLFTLTSLLLILI	4.73441	5.13003	0.856576	0.158812	646.557
LLLWALLALLFTLTSLLLILI	LLLWTLLALLFTLTSLLLILI	5.13003	4.73441	0.158812	0.856576	618.524
LLLWTLLALLFTLTSLLLILI	LLLWTLLGLLFTLTSLLLILI	4.154	-0.439221	0.276169	0.584123	589.688
LLLWTLLGLLFTLTSLLLILI	LLLWTLLALLFTLTSLLLILI	-0.439221	3.70859	0.584123	0.276169	560.23
LLLWTLLALLFTLTSLLLILI	LLLWALLALLFTLTSLLLILI	4.289	4.65306	0.856576	0.158812	530.348
LLLWALLALLFTLTSLLLILI	LLLWALLALLFTLTALLLILI	4.79177	5.59421	0.297523	0.549849	500.25
LLLWALLALLFTLTALLLILI	LLLWALLGLLFTLTALLLILI	5.65033	0.617105	0.605976	0.263552	470.152
LLLWALLGLLFTLTALLLILI	LLLWTLLGLLFTLTALLLILI	0.512365	0.120236	0.158812	0.856576	440.27
LLLWTLLGLLFTLTALLLILI	LLLWTLLGLLYTLTALLLILI	-0.496304	-1.42331	0.240035	0.650378	410.812
LLLWTLLGLLYTLTALLLILI	LLLWALLGLLYTLTALLLILI	-1.21711	-0.359335	0.856576	0.158812	276.131
LLLWALLGLLYTLTALLLILI	LLLWTLLGLLYTLTALLLILI	-0.359335	-1.21711	0.158812	0.856576	252.655
LLLWTLLGLLYTLTALLLILI	LLLWTLLGLLYTLTSLLLILI	-1.82953	-1.01837	0.244161	0.642213	230.526
LLLWTLLGLLYTLTSLLLILI	LLLWTLLGLLYTLTALLLILI	-1.01837	-1.46156	0.642213	0.244161	209.776
LLLWTLLGLLYTLTALLLILI	LLLWTLLGLLYTLTSLLLILI	-1.46156	-1.07557	0.244161	0.642213	190.417
LLLWTLLGLLYTLTSLLLILI	LLLWTLLGLLYTLTALLLILI	-1.07557	-1.46156	0.642213	0.244161	155.814
LLLWTLLGLLYTLTALLLILI	LLLWTLLGLLYTLTSLLLILI	-1.46156	-1.32437	0.244161	0.642213	72.8169
LLLWTLLGLLYTLTSLLLILI	LLLWALLGLLYTLTSLLLILI	-0.773759	-0.450226	1.19282	0.0847157	57.8066
LLLWALLGLLYTLTSLLLILI	LLLWALLGLLYTLTALLLILI	-0.130712	-0.101627	0.404229	0.416521	51.4049
LLLWALLGLLYTLTALLLILI	LLLWTLLGLLYTLTALLLILI	-0.359335	-0.849145	0.158812	0.856576	45.6541
LLLWTLLGLLYTLTALLLILI	LLLWTLLGLLYTLTSLLLILI	-1.46156	-1.38634	0.244161	0.642213	31.7355
LLLWTLLGLLYTLTSLLLILI	LLLWTLLGLLYTLTALLLILI	-1.38634	-1.46156	0.642213	0.244161	14.717
Time: 79s
