***STARTING GEOMETRY:***
xShift: 8.67597
crossingAngle: 26.19
axialRotation: 100
zShift: 2.2

Number of MCCycles: 100
PrevSequence	CurrSequence	PrevEnergy	CurrEnergy	PrevEntropy	CurrEntropy	CurrentTemp
LLLYALLALLTSLTTLLLILI	LLLYGLLALLTSLTTLLLILI	-9.97457	-11.2996	0.463748	0.36136	999.684
LLLYGLLALLTSLTTLLLILI	LLLYGLLALLTWLTTLLLILI	-11.4688	-10.0809	0.192199	0.759486	999.328
LLLYGLLALLTWLTTLLLILI	LLLYGLLFLLTWLTTLLLILI	-10.5314	-12.7311	0.308996	0.532699	998.928
LLLYGLLFLLTWLTTLLLILI	LLLYGLLWLLTWLTTLLLILI	-13.1848	-13.7332	0.0790506	1.23103	998.476
LLLYGLLWLLTWLTTLLLILI	LLLYGLLWLLFWLTTLLLILI	-13.9599	-15.7224	1.0043	0.119894	997.967
LLLYGLLWLLFWLTTLLLILI	LLLYGLLWLLTWLTTLLLILI	-15.7224	-16.8229	0.119894	1.0043	996.023
LLLYGLLWLLTWLTTLLLILI	LLLYGLLWLLTSLTTLLLILI	-16.7457	-21.2679	1.0815	0.103866	995.205
LLLYGLLWLLTSLTTLLLILI	LLLYGLLWLLTSLTFLLLILI	-20.3674	-21.8684	1.0043	0.119894	994.285
LLLYGLLWLLTSLTFLLLILI	LLLYGLLWLLTSLTYLLLILI	-21.8562	-25.3659	0.132101	0.952787	993.249
LLLYGLLWLLTSLTYLLLILI	LLLYGLLWLLTSLTFLLLILI	-25.3659	-21.6129	0.952787	0.132101	990.773
LLLYGLLWLLTSLTFLLLILI	LLLYGLLWLLTALTFLLLILI	-21.1028	-22.3044	0.642213	0.244161	989.3
LLLYGLLWLLTALTFLLLILI	LLLYGLLWLLFALTFLLLILI	-22.0097	-17.7414	0.538845	0.30482	987.644
LLLYGLLWLLFALTFLLLILI	LLLYGLLWLLTALTFLLLILI	-17.7414	-18.4831	0.30482	0.538845	985.783
LLLYGLLWLLTALTFLLLILI	LLLYGLLWLLTALVFLLLILI	-18.0911	-16.7403	0.930859	0.137712	983.694
LLLYGLLWLLTALVFLLLILI	LLLYGLLFLLTALVFLLLILI	-16.2791	-13.4718	0.598868	0.267575	981.348
LLLYGLLFLLTALVFLLLILI	LLLYGLLFLLTSLVFLLLILI	-13.4952	-13.7205	0.244161	0.642213	978.717
LLLYGLLFLLTSLVFLLLILI	LLLFGLLFLLTSLVFLLLILI	-14.0603	-12.7299	0.302409	0.542444	975.768
LLLFGLLFLLTSLVFLLLILI	LLLFGLLFLLTSLTFLLLILI	-13.1347	-16.5426	0.137712	0.930859	972.463
LLLFGLLFLLTSLTFLLLILI	LLLYGLLFLLTSLTFLLLILI	-16.931	-19.6842	0.542444	0.302409	968.764
LLLYGLLFLLTSLTFLLLILI	LLLYGLLWLLTSLTFLLLILI	-19.719	-23.2073	0.267575	0.598868	960.005
LLLYGLLWLLTSLTFLLLILI	LLLFGLLWLLTSLTFLLLILI	-23.3958	-18.6314	0.410343	0.410343	954.846
LLLFGLLWLLTSLTFLLLILI	LLLFGLLWLLTGLTFLLLILI	-18.7701	-18.826	0.271616	0.591862	949.095
LLLFGLLWLLTGLTFLLLILI	LLLLGLLWLLTGLTFLLLILI	-18.9853	-19.2867	0.432574	0.388917	942.693
LLLLGLLWLLTGLTFLLLILI	LLLLGLLWLLTSLTFLLLILI	-19.0838	-19.1578	0.591862	0.271616	935.578
LLLLGLLWLLTSLTFLLLILI	LLLLGLLWLLTSLTYLLLILI	-19.1893	-17.9291	0.240035	0.650378	927.683
LLLLGLLWLLTSLTYLLLILI	LLLYGLLWLLTSLTYLLLILI	-18.3536	-22.1123	0.225838	0.679837	918.939
LLLYGLLWLLTSLTYLLLILI	LLLYGLLWLLTALTYLLLILI	-22.1499	-22.4827	0.642213	0.244161	909.276
LLLYGLLWLLTALTYLLLILI	LLLYGLLWLLTSLTYLLLILI	-22.4827	-21.8469	0.244161	0.642213	898.621
LLLYGLLWLLTSLTYLLLILI	LLLYGLLWLLTSLYYLLLILI	-22.251	-19.8233	0.238039	0.654392	886.903
LLLYGLLWLLTSLYYLLLILI	LLLYGLLWLLTSLTYLLLILI	-19.8233	-20.8623	0.654392	0.238039	874.051
LLLYGLLWLLTSLTYLLLILI	LLLYGLLWLLTSLTFLLLILI	-20.1476	-20.9846	0.952787	0.132101	859.999
LLLYGLLWLLTSLTFLLLILI	LLLYGLLWLLTALTFLLLILI	-20.4745	-20.4549	0.642213	0.244161	844.686
LLLYGLLWLLTALTFLLLILI	LLLFGLLWLLTALTFLLLILI	-20.2887	-19.3784	0.410343	0.410343	828.061
LLLFGLLWLLTALTFLLLILI	LLLYGLLWLLTALTFLLLILI	-19.3784	-20.3135	0.410343	0.410343	810.083
LLLYGLLWLLTALTFLLLILI	LLLYGLLWLLTALVFLLLILI	-19.793	-18.5898	0.930859	0.137712	790.724
LLLYGLLWLLTALVFLLLILI	LLLYGLLWLLTALVYLLLILI	-18.5954	-16.14	0.132101	0.952787	769.974
LLLYGLLWLLTALVYLLLILI	LLLYGLLWLLTALTYLLLILI	-16.9551	-19.8796	0.137712	0.930859	747.845
LLLYGLLWLLTALTYLLLILI	LLLYGLLWLLYALTYLLLILI	-20.5724	-17.9082	0.238039	0.654392	724.369
LLLYGLLWLLYALTYLLLILI	LLLYGLLWLLTALTYLLLILI	-17.9082	-18.9614	0.654392	0.238039	699.602
LLLYGLLWLLTALTYLLLILI	LLLFGLLWLLTALTYLLLILI	-18.2466	-18.8751	0.952787	0.132101	673.628
LLLFGLLWLLTALTYLLLILI	LLLFGLLWLLTALTFLLLILI	-18.5969	-19.3784	0.410343	0.410343	646.557
LLLFGLLWLLTALTFLLLILI	LLLFGLLWLLTALTYLLLILI	-19.3784	-18.7361	0.410343	0.410343	618.524
LLLFGLLWLLTALTYLLLILI	LLLFGLLFLLTALTYLLLILI	-18.5476	-17.3097	0.598868	0.267575	589.688
LLLFGLLFLLTALTYLLLILI	LLLFGLLYLLTALTYLLLILI	-17.3373	-18.263	0.240035	0.650378	560.23
LLLFGLLYLLTALTYLLLILI	LLLFGLLYLLTSLTYLLLILI	-18.6692	-16.6482	0.244161	0.642213	530.348
LLLFGLLYLLTSLTYLLLILI	LLLWGLLYLLTSLTYLLLILI	-17.1416	-21.2062	0.148778	0.890414	500.25
LLLWGLLYLLTSLTYLLLILI	LLLYGLLYLLTSLTYLLLILI	-21.8246	-21.8293	0.272043	0.591129	440.27
LLLYGLLYLLTSLTYLLLILI	LLLYGLLYLLTALTYLLLILI	-21.7782	-21.0745	0.642213	0.244161	410.812
LLLYGLLYLLTALTYLLLILI	LLLYGLLWLLTALTYLLLILI	-20.7275	-20.9319	0.591129	0.272043	381.976
LLLYGLLWLLTALTYLLLILI	LLLYGLLWLLTALTFLLLILI	-20.2511	-21.7138	0.952787	0.132101	353.943
LLLYGLLWLLTALTFLLLILI	LLLYGLLWLLTALTYLLLILI	-21.7138	-21.7121	0.132101	0.952787	326.872
LLLYGLLWLLTALTYLLLILI	LLLYGLLWLLTSLTYLLLILI	-22.4208	-22.1499	0.244161	0.642213	300.898
LLLYGLLWLLTSLTYLLLILI	LLLYGLLWLLTSLTFLLLILI	-21.8393	-22.6865	0.952787	0.132101	252.655
LLLYGLLWLLTSLTFLLLILI	LLLYGLLWLLTSLTYLLLILI	-22.6865	-21.8253	0.132101	0.952787	230.526
LLLYGLLWLLTSLTYLLLILI	LLLYGLLYLLTSLTYLLLILI	-22.506	-23.6032	0.272043	0.591129	209.776
LLLYGLLYLLTSLTYLLLILI	LLLYGLLWLLTSLTYLLLILI	-23.6032	-24.1971	0.591129	0.272043	40.495
LLLYGLLWLLTSLTYLLLILI	LLLYGLLWLLTSLTFLLLILI	-23.5164	-24.5112	0.952787	0.132101	19.1517
Time: 414s
