MCAccept 0 xShift: 8.42 crossingAngle: -42.05 axialRotation: -94.7307 zShift: 3.02 energy: 1.97034
MCAccept 1 xShift: 8.41696 crossingAngle: -42.05 axialRotation: -94.7307 zShift: 3.02 energy: 1.29271
MCAccept 2 xShift: 8.41696 crossingAngle: -42.0104 axialRotation: -94.7307 zShift: 3.02 energy: 0.84674
MCAccept 3 xShift: 8.41696 crossingAngle: -42.0104 axialRotation: -94.6372 zShift: 3.02 energy: 0.828235
MCAccept 4 xShift: 8.41686 crossingAngle: -42.0104 axialRotation: -94.6372 zShift: 3.02 energy: 0.828235
MCAccept 5 xShift: 8.41686 crossingAngle: -42.0791 axialRotation: -94.6372 zShift: 3.02 energy: 0.828235
MCAccept 6 xShift: 8.41686 crossingAngle: -41.9579 axialRotation: -94.6372 zShift: 3.02 energy: 0.84674
MCAccept 7 xShift: 8.4086 crossingAngle: -41.9579 axialRotation: -94.6372 zShift: 3.02 energy: 0.828235
MCAccept 8 xShift: 8.4086 crossingAngle: -41.7911 axialRotation: -94.6372 zShift: 3.02 energy: 0.828235
MCAccept 9 xShift: 8.4086 crossingAngle: -41.755 axialRotation: -94.6372 zShift: 3.02 energy: 0.828235
MCAccept 10 xShift: 8.40924 crossingAngle: -41.755 axialRotation: -94.6372 zShift: 3.02 energy: 0.828235
MCReject   xShift: 8.41902 crossingAngle: -41.755 axialRotation: -94.6372 zShift: 3.02 energy: 1.29271
MCAccept 11 xShift: 8.40924 crossingAngle: -41.755 axialRotation: -94.6128 zShift: 3.02 energy: 0.828235
MCAccept 12 xShift: 8.40924 crossingAngle: -41.643 axialRotation: -94.6128 zShift: 3.02 energy: 0.828235
MCReject   xShift: 8.40924 crossingAngle: -41.643 axialRotation: -94.7286 zShift: 3.02 energy: 1.29271
MCAccept 13 xShift: 8.40924 crossingAngle: -41.643 axialRotation: -94.6128 zShift: 3.03035 energy: 0.774189
MCReject   xShift: 8.40924 crossingAngle: -41.643 axialRotation: -94.547 zShift: 3.03035 energy: 1.79718
MCAccept 14 xShift: 8.40924 crossingAngle: -41.6419 axialRotation: -94.6128 zShift: 3.03035 energy: 0.746294
MCReject   xShift: 8.42484 crossingAngle: -41.6419 axialRotation: -94.6128 zShift: 3.03035 energy: 1.79718
MCAccept 15 xShift: 8.40924 crossingAngle: -41.6419 axialRotation: -94.6128 zShift: 3.03254 energy: 0.758873
MCAccept 16 xShift: 8.40611 crossingAngle: -41.6419 axialRotation: -94.6128 zShift: 3.03254 energy: 0.729004
MCReject   xShift: 8.42503 crossingAngle: -41.6419 axialRotation: -94.6128 zShift: 3.03254 energy: 0.758873
MCAccept 17 xShift: 8.3918 crossingAngle: -41.6419 axialRotation: -94.6128 zShift: 3.03254 energy: 0.758873
MCAccept 18 xShift: 8.3918 crossingAngle: -41.6769 axialRotation: -94.6128 zShift: 3.03254 energy: 0.729004
MCReject   xShift: 8.38411 crossingAngle: -41.6769 axialRotation: -94.6128 zShift: 3.03254 energy: 1.20784
MCAccept 19 xShift: 8.3918 crossingAngle: -41.6769 axialRotation: -94.678 zShift: 3.03254 energy: 0.758873
MCAccept 20 xShift: 8.3918 crossingAngle: -41.6769 axialRotation: -94.6308 zShift: 3.03254 energy: 0.729004
MCAccept 21 xShift: 8.3918 crossingAngle: -41.6769 axialRotation: -94.6308 zShift: 3.02521 energy: 0.78697
MCAccept 22 xShift: 8.3918 crossingAngle: -41.6769 axialRotation: -94.9741 zShift: 3.02521 energy: 0.78697
MCReject   xShift: 8.3918 crossingAngle: -41.6769 axialRotation: -94.9741 zShift: 3.0256 energy: 1.93372
MCAccept 23 xShift: 8.3918 crossingAngle: -41.6769 axialRotation: -94.9741 zShift: 3.02388 energy: 0.819525
MCReject   xShift: 8.3918 crossingAngle: -41.6769 axialRotation: -95.0051 zShift: 3.02388 energy: 1.26643
MCReject   xShift: 8.3918 crossingAngle: -41.7434 axialRotation: -94.9741 zShift: 3.02388 energy: 1.84062
MCAccept 24 xShift: 8.3918 crossingAngle: -41.7761 axialRotation: -94.9741 zShift: 3.02388 energy: 0.79749
MCReject   xShift: 8.3918 crossingAngle: -41.7761 axialRotation: -95.0364 zShift: 3.02388 energy: 1.84062
MCAccept 25 xShift: 8.3918 crossingAngle: -41.7761 axialRotation: -94.972 zShift: 3.02388 energy: 0.819525
MCAccept 26 xShift: 8.378 crossingAngle: -41.7761 axialRotation: -94.972 zShift: 3.02388 energy: 0.79749
MCAccept 27 xShift: 8.378 crossingAngle: -41.7761 axialRotation: -94.8366 zShift: 3.02388 energy: 0.79749
MCAccept 28 xShift: 8.378 crossingAngle: -41.7761 axialRotation: -94.8335 zShift: 3.02388 energy: 0.79749
MCAccept 29 xShift: 8.378 crossingAngle: -41.7761 axialRotation: -94.8335 zShift: 3.02078 energy: 0.82202
MCReject   xShift: 8.378 crossingAngle: -41.7761 axialRotation: -94.757 zShift: 3.02078 energy: 0.841238
MCAccept 30 xShift: 8.3868 crossingAngle: -41.7761 axialRotation: -94.8335 zShift: 3.02078 energy: 0.82202
MCAccept 31 xShift: 8.3868 crossingAngle: -41.7542 axialRotation: -94.8335 zShift: 3.02078 energy: 0.82202
MCAccept 32 xShift: 8.3868 crossingAngle: -41.6897 axialRotation: -94.8335 zShift: 3.02078 energy: 0.82202
MCAccept 33 xShift: 8.3868 crossingAngle: -41.6107 axialRotation: -94.8335 zShift: 3.02078 energy: 0.82202
MCReject   xShift: 8.3868 crossingAngle: -41.6107 axialRotation: -94.8335 zShift: 3.00019 energy: 1.42706
MCAccept 34 xShift: 8.41105 crossingAngle: -41.6107 axialRotation: -94.8335 zShift: 3.02078 energy: 0.841238
MCAccept 35 xShift: 8.41105 crossingAngle: -41.8032 axialRotation: -94.8335 zShift: 3.02078 energy: 0.82202
MCAccept 36 xShift: 8.41105 crossingAngle: -41.8032 axialRotation: -94.8335 zShift: 3.01302 energy: 0.883603
MCAccept 37 xShift: 8.41105 crossingAngle: -41.7031 axialRotation: -94.8335 zShift: 3.01302 energy: 0.883603
MCAccept 38 xShift: 8.41105 crossingAngle: -41.7031 axialRotation: -94.7085 zShift: 3.01302 energy: 0.883603
MCAccept 39 xShift: 8.41105 crossingAngle: -41.7031 axialRotation: -94.5774 zShift: 3.01302 energy: 0.895728
MCAccept 40 xShift: 8.41105 crossingAngle: -41.5416 axialRotation: -94.5774 zShift: 3.01302 energy: 0.883603
MCAccept 41 xShift: 8.41105 crossingAngle: -41.5416 axialRotation: -94.5774 zShift: 3.01532 energy: 0.865362
MCReject   xShift: 8.41105 crossingAngle: -41.5416 axialRotation: -94.5051 zShift: 3.01532 energy: 1.32444
MCAccept 42 xShift: 8.41105 crossingAngle: -41.6072 axialRotation: -94.5774 zShift: 3.01532 energy: 0.865362
MCAccept 43 xShift: 8.41105 crossingAngle: -41.6072 axialRotation: -94.5774 zShift: 3.00706 energy: 0.930912
MCAccept 44 xShift: 8.41105 crossingAngle: -41.6072 axialRotation: -94.5774 zShift: 3.03198 energy: 0.733444
MCAccept 45 xShift: 8.41105 crossingAngle: -41.5589 axialRotation: -94.5774 zShift: 3.03198 energy: 0.733444
MCAccept 46 xShift: 8.41105 crossingAngle: -41.5589 axialRotation: -94.3008 zShift: 3.03198 energy: 0.733444
MCAccept 47 xShift: 8.41105 crossingAngle: -41.5589 axialRotation: -94.3008 zShift: 3.02679 energy: 0.774467
MCAccept 48 xShift: 8.41105 crossingAngle: -41.5589 axialRotation: -94.3832 zShift: 3.02679 energy: 0.774467
MCAccept 49 xShift: 8.42047 crossingAngle: -41.5589 axialRotation: -94.3832 zShift: 3.02679 energy: 0.774467
MCAccept 50 xShift: 8.43829 crossingAngle: -41.5589 axialRotation: -94.3832 zShift: 3.02679 energy: 0.774467
MCReject   xShift: 8.43829 crossingAngle: -41.5589 axialRotation: -94.1626 zShift: 3.02679 energy: 1.92594
MCAccept 51 xShift: 8.43829 crossingAngle: -41.5589 axialRotation: -94.4168 zShift: 3.02679 energy: 0.774467
MCAccept 52 xShift: 8.43829 crossingAngle: -41.587 axialRotation: -94.4168 zShift: 3.02679 energy: 0.774467
MCAccept 53 xShift: 8.44482 crossingAngle: -41.587 axialRotation: -94.4168 zShift: 3.02679 energy: 0.774467
MCAccept 54 xShift: 8.44482 crossingAngle: -41.5677 axialRotation: -94.4168 zShift: 3.02679 energy: 0.799141
MCAccept 55 xShift: 8.44482 crossingAngle: -41.5677 axialRotation: -94.4168 zShift: 3.02193 energy: 0.812904
MCReject   xShift: 8.44482 crossingAngle: -41.3665 axialRotation: -94.4168 zShift: 3.02193 energy: 1.85369
MCReject   xShift: 8.44482 crossingAngle: -41.4144 axialRotation: -94.4168 zShift: 3.02193 energy: 1.27961
MCAccept 56 xShift: 8.44482 crossingAngle: -41.5677 axialRotation: -94.4168 zShift: 3.03137 energy: 0.738246
MCAccept 57 xShift: 8.44482 crossingAngle: -41.5677 axialRotation: -94.5997 zShift: 3.03137 energy: 0.738246
MCAccept 58 xShift: 8.44482 crossingAngle: -41.5677 axialRotation: -94.6678 zShift: 3.03137 energy: 0.738246
MCReject   xShift: 8.44482 crossingAngle: -41.5677 axialRotation: -94.7116 zShift: 3.03137 energy: 1.21575
MCAccept 59 xShift: 8.44482 crossingAngle: -41.4873 axialRotation: -94.6678 zShift: 3.03137 energy: 0.76706
MCAccept 60 xShift: 8.44482 crossingAngle: -41.5144 axialRotation: -94.6678 zShift: 3.03137 energy: 0.76706
MCAccept 61 xShift: 8.43874 crossingAngle: -41.5144 axialRotation: -94.6678 zShift: 3.03137 energy: 0.738246
MCReject   xShift: 8.43874 crossingAngle: -41.5685 axialRotation: -94.6678 zShift: 3.03137 energy: 0.76706
MCAccept 62 xShift: 8.43874 crossingAngle: -41.5144 axialRotation: -94.6678 zShift: 3.04486 energy: 0.631812
MCReject   xShift: 8.43874 crossingAngle: -41.5144 axialRotation: -94.6873 zShift: 3.04486 energy: 0.672719
MCReject   xShift: 8.43874 crossingAngle: -41.5144 axialRotation: -94.6678 zShift: 3.0316 energy: 0.765427
MCAccept 63 xShift: 8.43529 crossingAngle: -41.5144 axialRotation: -94.6678 zShift: 3.04486 energy: 0.672719
MCAccept 64 xShift: 8.43529 crossingAngle: -41.5509 axialRotation: -94.6678 zShift: 3.04486 energy: 0.631812
MCReject   xShift: 8.43529 crossingAngle: -41.5509 axialRotation: -94.6678 zShift: 3.03909 energy: 0.677261
MCReject   xShift: 8.43529 crossingAngle: -41.5509 axialRotation: -94.6678 zShift: 3.03427 energy: 1.19617
MCReject   xShift: 8.43529 crossingAngle: -41.4379 axialRotation: -94.6678 zShift: 3.04486 energy: 0.672719
MCReject   xShift: 8.43465 crossingAngle: -41.5509 axialRotation: -94.6678 zShift: 3.04486 energy: 0.672719
MCReject   xShift: 8.43529 crossingAngle: -41.5509 axialRotation: -94.6678 zShift: 3.03056 energy: 0.744686
MCReject   xShift: 8.41554 crossingAngle: -41.5509 axialRotation: -94.6678 zShift: 3.04486 energy: 0.672719
MCAccept 65 xShift: 8.45127 crossingAngle: -41.5509 axialRotation: -94.6678 zShift: 3.04486 energy: 0.631812
MCAccept 66 xShift: 8.44084 crossingAngle: -41.5509 axialRotation: -94.6678 zShift: 3.04486 energy: 0.631812
MCReject   xShift: 8.44084 crossingAngle: -41.5509 axialRotation: -94.6678 zShift: 3.03077 energy: 0.742983
MCReject   xShift: 8.44084 crossingAngle: -41.5509 axialRotation: -94.5234 zShift: 3.04486 energy: 1.69997
MCAccept 67 xShift: 8.44084 crossingAngle: -41.5509 axialRotation: -94.6678 zShift: 3.05607 energy: 0.543595
MCReject   xShift: 8.44084 crossingAngle: -41.5509 axialRotation: -94.7295 zShift: 3.05607 energy: 0.594431
MCAccept 68 xShift: 8.44084 crossingAngle: -41.5509 axialRotation: -94.6036 zShift: 3.05607 energy: 0.543595
MCAccept 69 xShift: 8.44084 crossingAngle: -41.5509 axialRotation: -94.5557 zShift: 3.05607 energy: 0.543595
MCAccept 70 xShift: 8.429 crossingAngle: -41.5509 axialRotation: -94.5557 zShift: 3.05607 energy: 0.543595
MCAccept 71 xShift: 8.42482 crossingAngle: -41.5509 axialRotation: -94.5557 zShift: 3.05607 energy: 0.543595
MCAccept 72 xShift: 8.42482 crossingAngle: -41.5509 axialRotation: -94.5557 zShift: 3.05339 energy: 0.564649
MCAccept 73 xShift: 8.42482 crossingAngle: -41.3551 axialRotation: -94.5557 zShift: 3.05339 energy: 0.564649
MCReject   xShift: 8.42155 crossingAngle: -41.3551 axialRotation: -94.5557 zShift: 3.05339 energy: 0.613124
MCAccept 74 xShift: 8.42482 crossingAngle: -41.3551 axialRotation: -94.5626 zShift: 3.05339 energy: 0.564649
MCAccept 75 xShift: 8.42482 crossingAngle: -41.3583 axialRotation: -94.5626 zShift: 3.05339 energy: 0.564649
MCAccept 76 xShift: 8.42482 crossingAngle: -41.3583 axialRotation: -94.4958 zShift: 3.05339 energy: 0.564649
MCReject   xShift: 8.42482 crossingAngle: -41.3735 axialRotation: -94.4958 zShift: 3.05339 energy: 1.64286
MCAccept 77 xShift: 8.42143 crossingAngle: -41.3583 axialRotation: -94.4958 zShift: 3.05339 energy: 0.564649
MCAccept 78 xShift: 8.43313 crossingAngle: -41.3583 axialRotation: -94.4958 zShift: 3.05339 energy: 0.564649
MCAccept 79 xShift: 8.42056 crossingAngle: -41.3583 axialRotation: -94.4958 zShift: 3.05339 energy: 0.564649
MCAccept 80 xShift: 8.42056 crossingAngle: -41.3016 axialRotation: -94.4958 zShift: 3.05339 energy: 0.564649
MCReject   xShift: 8.42121 crossingAngle: -41.3016 axialRotation: -94.4958 zShift: 3.05339 energy: 0.613124
MCReject   xShift: 8.42056 crossingAngle: -41.2817 axialRotation: -94.4958 zShift: 3.05339 energy: 1.64286
MCReject   xShift: 8.42056 crossingAngle: -41.3016 axialRotation: -94.5571 zShift: 3.05339 energy: 1.06704
MCAccept 81 xShift: 8.42056 crossingAngle: -41.3016 axialRotation: -94.6398 zShift: 3.05339 energy: 0.564649
MCAccept 82 xShift: 8.42056 crossingAngle: -41.4831 axialRotation: -94.6398 zShift: 3.05339 energy: 0.564649
MCAccept 83 xShift: 8.42056 crossingAngle: -41.6488 axialRotation: -94.6398 zShift: 3.05339 energy: 0.564649
MCAccept 84 xShift: 8.42056 crossingAngle: -41.6488 axialRotation: -94.6398 zShift: 3.05788 energy: 0.529425
MCAccept 85 xShift: 8.42056 crossingAngle: -41.6488 axialRotation: -94.5876 zShift: 3.05788 energy: 0.529425
MCReject   xShift: 8.42056 crossingAngle: -41.6256 axialRotation: -94.5876 zShift: 3.05788 energy: 0.581848
MCReject   xShift: 8.42056 crossingAngle: -41.6488 axialRotation: -94.4521 zShift: 3.05788 energy: 0.581848
MCAccept 86 xShift: 8.41368 crossingAngle: -41.6488 axialRotation: -94.5876 zShift: 3.05788 energy: 0.529425
MCAccept 87 xShift: 8.41368 crossingAngle: -41.7185 axialRotation: -94.5876 zShift: 3.05788 energy: 0.529425
MCAccept 88 xShift: 8.41997 crossingAngle: -41.7185 axialRotation: -94.5876 zShift: 3.05788 energy: 0.529425
MCReject   xShift: 8.41997 crossingAngle: -41.7185 axialRotation: -94.6752 zShift: 3.05788 energy: 0.581848
MCAccept 89 xShift: 8.41997 crossingAngle: -41.6113 axialRotation: -94.5876 zShift: 3.05788 energy: 0.529425
MCReject   xShift: 8.41997 crossingAngle: -41.6113 axialRotation: -94.5876 zShift: 3.06137 energy: 1.01331
MCAccept 90 xShift: 8.41991 crossingAngle: -41.6113 axialRotation: -94.5876 zShift: 3.05788 energy: 0.529425
MCReject   xShift: 8.42675 crossingAngle: -41.6113 axialRotation: -94.5876 zShift: 3.05788 energy: 0.581848
MCAccept 91 xShift: 8.41314 crossingAngle: -41.6113 axialRotation: -94.5876 zShift: 3.05788 energy: 0.529425
MCAccept 92 xShift: 8.41314 crossingAngle: -41.6113 axialRotation: -94.6597 zShift: 3.05788 energy: 0.529425
MCAccept 93 xShift: 8.41314 crossingAngle: -41.5685 axialRotation: -94.6597 zShift: 3.05788 energy: 0.529425
MCAccept 94 xShift: 8.41314 crossingAngle: -41.5685 axialRotation: -94.5889 zShift: 3.05788 energy: 0.529425
MCReject   xShift: 8.41314 crossingAngle: -41.5685 axialRotation: -94.4191 zShift: 3.05788 energy: 1.03683
MCReject   xShift: 8.41314 crossingAngle: -41.6411 axialRotation: -94.5889 zShift: 3.05788 energy: 1.03683
MCAccept 95 xShift: 8.44237 crossingAngle: -41.5685 axialRotation: -94.5889 zShift: 3.05788 energy: 0.529425
MCAccept 96 xShift: 8.44237 crossingAngle: -41.5685 axialRotation: -94.5889 zShift: 3.06397 energy: 0.481682
MCReject   xShift: 8.44651 crossingAngle: -41.5685 axialRotation: -94.5889 zShift: 3.06397 energy: 0.539432
MCAccept 97 xShift: 8.44237 crossingAngle: -41.5685 axialRotation: -94.4324 zShift: 3.06397 energy: 0.481682
MCReject   xShift: 8.44791 crossingAngle: -41.5685 axialRotation: -94.4324 zShift: 3.06397 energy: 0.539432
MCReject   xShift: 8.44237 crossingAngle: -41.5685 axialRotation: -94.5167 zShift: 3.06397 energy: 0.539432
MCReject   xShift: 8.4389 crossingAngle: -41.5685 axialRotation: -94.4324 zShift: 3.06397 energy: 1.6836
MCAccept 98 xShift: 8.436 crossingAngle: -41.5685 axialRotation: -94.4324 zShift: 3.06397 energy: 0.481682
Energy #0: 0.481682
***GEOMETRY SHIFT***
xShift;        Before: 8.42; After: 8.436
crossingAngle; Before: -42.05; After: -41.5685
axialRotation; Before: -94.48; After: -94.4324
zShift;        Before: 3.02; After: 3.06397
Energy;        Before: 35241.2; After: 0.481682

Completed all cycles. Accepted 99/144
Monte Carlo repack complete. Time: 31.8333min

