***STARTING GEOMETRY:***
xShift: 8.67597
crossingAngle: 21
axialRotation: 75.6518
zShift: 3.22877

Number of MCCycles: 100
PrevSequence	CurrSequence	PrevEnergy	CurrEnergy	PrevEntropy	CurrEntropy	CurrentTemp
LLLYWLLGLLTTLTTLLLILI	LLLYWLLGLLTFLTTLLLILI	443.965	443.454	1.14683	0.0921195	999.684
LLLYWLLGLLTFLTTLLLILI	LLLYWLLGLLWFLTTLLLILI	443.654	442.074	0.291546	0.559121	999.328
LLLYWLLGLLWFLTTLLLILI	LLLYVLLGLLWFLTTLLLILI	442.878	444.965	1.36313	0.0623734	998.928
LLLYVLLGLLWFLTTLLLILI	LLLYWLLGLLWFLTTLLLILI	444.965	443.87	0.0623734	1.36313	998.476
LLLYWLLGLLWFLTTLLLILI	LLLYWLLGLLWYLTTLLLILI	442.639	442.21	0.132101	0.952787	997.967
LLLYWLLGLLWYLTTLLLILI	LLLYWLLGLLWYLTGLLLILI	441.747	447.482	0.489954	0.34018	997.394
LLLYWLLGLLWYLTGLLLILI	LLLYWLLGLLWWLTGLLLILI	447.333	447.478	0.191082	0.76241	996.749
LLLYWLLGLLWWLTGLLLILI	LLLYWLLGLLYWLTGLLLILI	447.478	448.849	0.76241	0.191082	996.023
LLLYWLLGLLYWLTGLLLILI	LLLYVLLGLLYWLTGLLLILI	450.021	450.405	1.36313	0.0623734	995.205
LLLYVLLGLLYWLTGLLLILI	LLLYVLLGLLWWLTGLLLILI	450.61	449.64	0.267575	0.598868	994.285
LLLYVLLGLLWWLTGLLLILI	LLLYVLLGLLWWLVGLLLILI	449.438	453.131	0.396733	0.424273	993.249
LLLYVLLGLLWWLVGLLLILI	LLLYVLLGLLWFLVGLLLILI	453.938	454.131	1.23103	0.0790506	992.084
LLLYVLLGLLWFLVGLLLILI	LLLYWLLGLLWFLVGLLLILI	454.171	453.884	0.118797	1.00921	990.773
LLLYWLLGLLWFLVGLLLILI	LLLYWLLGLLWYLVGLLLILI	453.007	452.624	0.132101	0.952787	989.3
LLLYWLLGLLWYLVGLLLILI	LLLYWLLGLLWYLTGLLLILI	451.92	449.408	0.249358	0.632162	987.644
LLLYWLLGLLWYLTGLLLILI	LLLFWLLGLLWYLTGLLLILI	449.729	450.048	0.952787	0.132101	985.783
LLLFWLLGLLWYLTGLLLILI	LLLFWLLGLLWWLTGLLLILI	450.019	451.491	0.103217	1.08489	983.694
LLLFWLLGLLWWLTGLLLILI	LLLFWLLGLLWWLVGLLLILI	451.039	452.467	0.632162	0.249358	981.348
LLLFWLLGLLWWLVGLLLILI	LLLYWLLGLLWWLVGLLLILI	452.458	452.077	0.240035	0.650378	978.717
LLLYWLLGLLWWLVGLLLILI	LLLYWLLGLLWWLTGLLLILI	451.676	448.304	0.249358	0.632162	975.768
LLLYWLLGLLWWLTGLLLILI	LLLYWLLGLLWYLTGLLLILI	448.434	448.334	0.76241	0.191082	972.463
LLLYWLLGLLWYLTGLLLILI	LLLYVLLGLLWYLTGLLLILI	449.506	451.169	1.36313	0.0623734	968.764
LLLYVLLGLLWYLTGLLLILI	LLLYVLLGLLTYLTGLLLILI	451.567	451.756	0.460972	0.363705	964.627
LLLYVLLGLLTYLTGLLLILI	LLLYWLLGLLTYLTGLLLILI	451.511	452.145	0.118797	1.00921	960.005
LLLYWLLGLLTYLTGLLLILI	LLLYWLLGLLWYLTGLLLILI	451.346	448.853	0.209355	0.716965	954.846
LLLYWLLGLLWYLTGLLLILI	LLLYWLLGLLWFLTGLLLILI	449.088	448.356	0.952787	0.132101	949.095
LLLYWLLGLLWFLTGLLLILI	LLLFWLLGLLWFLTGLLLILI	448.635	450.416	0.410343	0.410343	935.578
LLLFWLLGLLWFLTGLLLILI	LLLFWLLGLLWWLTGLLLILI	450.109	450.541	0.103217	1.08489	927.683
LLLFWLLGLLWWLTGLLLILI	LLLYWLLGLLWWLTGLLLILI	449.696	448.322	0.240035	0.650378	918.939
LLLYWLLGLLWWLTGLLLILI	LLLYVLLGLLWWLTGLLLILI	449.255	450.04	1.5831	0.0423037	909.276
LLLYVLLGLLWWLTGLLLILI	LLLYVLLGLLWFLTGLLLILI	451.228	450.686	1.23103	0.0790506	898.621
LLLYVLLGLLWFLTGLLLILI	LLLYWLLGLLWFLTGLLLILI	450.67	450.964	0.0623734	1.36313	886.903
LLLYWLLGLLWFLTGLLLILI	LLLLWLLGLLWFLTGLLLILI	450.128	451.213	0.526939	0.312976	874.051
LLLLWLLGLLWFLTGLLLILI	LLLLWLLGLLWYLTGLLLILI	451.14	450.471	0.240035	0.650378	859.999
LLLLWLLGLLWYLTGLLLILI	LLLYWLLGLLWYLTGLLLILI	449.997	447.943	0.176934	0.801241	844.686
LLLYWLLGLLWYLTGLLLILI	LLLYWLLGLLWWLTGLLLILI	447.333	447.478	0.191082	0.76241	828.061
LLLYWLLGLLWWLTGLLLILI	LLLYWLLGLLWYLTGLLLILI	447.478	447.333	0.76241	0.191082	810.083
LLLYWLLGLLWYLTGLLLILI	LLLYWLLGLLWWLTGLLLILI	447.333	448.434	0.191082	0.76241	790.724
LLLYWLLGLLWWLTGLLLILI	LLLYWLLGLLTWLTGLLLILI	448.567	449.189	0.895094	0.147448	769.974
LLLYWLLGLLTWLTGLLLILI	LLLYVLLGLLTWLTGLLLILI	450.404	449.565	1.36313	0.0623734	747.845
LLLYVLLGLLTWLTGLLLILI	LLLYVLLGLLWWLTGLLLILI	449.712	449.758	0.209355	0.716965	724.369
LLLYVLLGLLWWLTGLLLILI	LLLYVLLGLLTWLTGLLLILI	449.758	449.712	0.716965	0.209355	699.602
LLLYVLLGLLTWLTGLLLILI	LLLYVLLGLLTFLTGLLLILI	450.393	452.167	0.890414	0.148778	673.628
LLLYVLLGLLTFLTGLLLILI	LLLYVLLGLLTWLTGLLLILI	452.167	450.393	0.148778	0.890414	646.557
LLLYVLLGLLTWLTGLLLILI	LLLYVLLGLLTWLVGLLLILI	450.135	453.353	0.632162	0.249358	618.524
LLLYVLLGLLTWLVGLLLILI	LLLYVLLGLLTFLVGLLLILI	453.994	454.55	0.890414	0.148778	589.688
LLLYVLLGLLTFLVGLLLILI	LLLYVLLGLLWFLVGLLLILI	454.61	455.795	0.209355	0.716965	560.23
LLLYVLLGLLWFLVGLLLILI	LLLYVLLGLLWFLTGLLLILI	455.502	451.678	0.424273	0.396733	530.348
LLLYVLLGLLWFLTGLLLILI	LLLYWLLGLLWFLTGLLLILI	451.344	451.74	0.0623734	1.36313	500.25
LLLYWLLGLLWFLTGLLLILI	LLLYVLLGLLWFLTGLLLILI	451.74	451.673	1.36313	0.0623734	470.152
LLLYVLLGLLWFLTGLLLILI	LLLYVLLGLLTFLTGLLLILI	452.072	451.385	0.460972	0.363705	440.27
LLLYVLLGLLTFLTGLLLILI	LLLYVLLGLLTWLTGLLLILI	451.17	450.393	0.148778	0.890414	410.812
LLLYVLLGLLTWLTGLLLILI	LLLYVLLGLLTFLTGLLLILI	450.393	452.167	0.890414	0.148778	381.976
LLLYVLLGLLTFLTGLLLILI	LLLYWLLGLLTFLTGLLLILI	452.137	451.424	0.118797	1.00921	353.943
LLLYWLLGLLTFLTGLLLILI	LLLYWLLGLLTWLTGLLLILI	450.494	451.229	0.0790506	1.23103	326.872
LLLYWLLGLLTWLTGLLLILI	LLLYWLLGLLWWLTGLLLILI	450.145	448.574	0.147448	0.895094	300.898
LLLYWLLGLLWWLTGLLLILI	LLLYWLLGLLYWLTGLLLILI	448.441	448.849	0.76241	0.191082	276.131
LLLYWLLGLLYWLTGLLLILI	LLLYWLLGLLWWLTGLLLILI	448.849	447.478	0.191082	0.76241	252.655
LLLYWLLGLLWWLTGLLLILI	LLLYWLLGLLWYLTGLLLILI	447.478	447.333	0.76241	0.191082	230.526
LLLYWLLGLLWYLTGLLLILI	LLLYWLLGLLWFLTGLLLILI	448.094	448.356	0.952787	0.132101	209.776
LLLYWLLGLLWFLTGLLLILI	LLLYWLLGLLWYLTGLLLILI	448.356	449.095	0.132101	0.952787	172.439
LLLYWLLGLLWYLTGLLLILI	LLLYWLLGLLWWLTGLLLILI	448.334	447.478	0.191082	0.76241	155.814
LLLYWLLGLLWWLTGLLLILI	LLLYWLLGLLWFLTGLLLILI	448.162	448.278	1.44587	0.0538553	126.449
LLLYWLLGLLWFLTGLLLILI	LLLYWLLGLLWYLTGLLLILI	448.356	448.094	0.132101	0.952787	57.8066
Time: 155s
