***STARTING GEOMETRY:***
xShift: 8.82214
crossingAngle: -34.7649
axialRotation: 51.0769
zShift: 2.97244

Number of MCCycles: 100
PrevSequence	CurrSequence	PrevEnergy	CurrEnergy	PrevEntropy	CurrEntropy	CurrentTemp
LLLGLLTTLLGTLLTTLLILI	LLLGLLTTLLGTLLTYLLILI	-23.6407	-25.364	0.917682	0.141213	999.684
LLLGLLTTLLGTLLTYLLILI	LLLGLLTTLLTTLLTYLLILI	-25.3451	-31.5909	0.160122	0.85234	999.328
LLLGLLTTLLTTLLTYLLILI	LLLGLLYTLLTTLLTYLLILI	-31.822	-27.8267	0.62127	0.255144	998.476
LLLGLLYTLLTTLLTYLLILI	LLLGLLTTLLTTLLTYLLILI	-27.8267	-31.822	0.255144	0.62127	997.967
LLLGLLTTLLTTLLTYLLILI	LLLGLLTTLLFTLLTYLLILI	-31.1816	-28.6597	1.26162	0.0748068	996.749
LLLGLLTTLLFTLLTYLLILI	LLLGLLTTLLTTLLTYLLILI	-28.6597	-31.1816	0.0748068	1.26162	996.023
LLLGLLTTLLTTLLTYLLILI	LLLGLLTTLLTTLLVYLLILI	-31.0487	-28.9921	1.39457	0.0589809	995.205
LLLGLLTTLLTTLLVYLLILI	LLLGLLTTLLTTLLVTLLILI	-28.9099	-29.7443	0.141213	0.917682	993.249
LLLGLLTTLLTTLLVTLLILI	LLLGLLTTLLTTLLTTLLILI	-30.6124	-31.2411	0.0495498	1.49307	992.084
LLLGLLTTLLTTLLTTLLILI	LLLALLTTLLTTLLTTLLILI	-32.1501	-27.0708	0.584123	0.276169	990.773
LLLALLTTLLTTLLTTLLILI	LLLGLLTTLLTTLLTTLLILI	-27.0708	-25.9075	0.276169	0.584123	989.3
LLLGLLTTLLTTLLTTLLILI	LLLGLLTTLLTTLLTYLLILI	-25.4873	-26.0807	1.0043	0.119894	987.644
LLLGLLTTLLTTLLTYLLILI	LLLGLLTTLLFTLLTYLLILI	-24.939	-22.4389	1.26162	0.0748068	985.783
LLLGLLTTLLFTLLTYLLILI	LLLALLTTLLFTLLTYLLILI	-21.9296	-23.1015	0.584123	0.276169	983.694
LLLALLTTLLFTLLTYLLILI	LLLALLTTLLFTLLTTLLILI	-23.2365	-22.7245	0.141213	0.917682	981.348
LLLALLTTLLFTLLTTLLILI	LLLALLTTLLFTLLTYLLILI	-22.7245	-23.2365	0.917682	0.141213	978.717
LLLALLTTLLFTLLTYLLILI	LLLALLTTLLTTLLTYLLILI	-23.3029	-25.7943	0.0748068	1.26162	975.768
LLLALLTTLLTTLLTYLLILI	LLLALLTTLLTTLLVYLLILI	-25.6614	-23.6048	1.39457	0.0589809	972.463
LLLALLTTLLTTLLVYLLILI	LLLALLTTLLTTLLVTLLILI	-23.5226	-24.357	0.141213	0.917682	968.764
LLLALLTTLLTTLLVTLLILI	LLLALLTTLLTTLLVYLLILI	-24.357	-23.5226	0.917682	0.141213	964.627
LLLALLTTLLTTLLVYLLILI	LLLALLTTLLTTLLTYLLILI	-23.6048	-25.6614	0.0589809	1.39457	960.005
LLLALLTTLLTTLLTYLLILI	LLLALLTTLLFTLLTYLLILI	-25.7943	-23.3029	1.26162	0.0748068	954.846
LLLALLTTLLFTLLTYLLILI	LLLALLTTLLFTLLTTLLILI	-23.2365	-22.7245	0.141213	0.917682	942.693
LLLALLTTLLFTLLTTLLILI	LLLALLYTLLFTLLTTLLILI	-22.7245	-19.1803	0.917682	0.141213	935.578
LLLALLYTLLFTLLTTLLILI	LLLALLYTLLFTLLVTLLILI	-18.0452	-16.2532	1.27634	0.0728516	927.683
LLLALLYTLLFTLLVTLLILI	LLLALLTTLLFTLLVTLLILI	-16.1542	-20.4896	0.171816	0.816184	918.939
LLLALLTTLLFTLLVTLLILI	LLLALLTTLLFTLLTTLLILI	-21.2468	-22.2476	0.0589809	1.39457	909.276
LLLALLTTLLFTLLTTLLILI	LLLALLTTLLFTLLTFLLILI	-22.7245	-21.3257	0.917682	0.141213	886.903
LLLALLTTLLFTLLTFLLILI	LLLALLTTLLFTLLTYLLILI	-21.0566	-22.9673	0.410343	0.410343	874.051
LLLALLTTLLFTLLTYLLILI	LLLGLLTTLLFTLLTYLLILI	-23.1015	-21.9296	0.276169	0.584123	844.686
LLLGLLTTLLFTLLTYLLILI	LLLGLLTTLLTTLLTYLLILI	-22.4389	-24.939	0.0748068	1.26162	828.061
LLLGLLTTLLTTLLTYLLILI	LLLGLLTTLLTTLLTTLLILI	-26.0807	-25.4873	0.119894	1.0043	810.083
LLLGLLTTLLTTLLTTLLILI	LLLGLLTTLLTTLLVTLLILI	-24.9985	-24.3698	1.49307	0.0495498	790.724
LLLGLLTTLLTTLLVTLLILI	LLLGLLTTLLTTLLTTLLILI	-24.3698	-24.9985	0.0495498	1.49307	769.974
LLLGLLTTLLTTLLTTLLILI	LLLALLTTLLTTLLTTLLILI	-25.9075	-27.0708	0.584123	0.276169	747.845
LLLALLTTLLTTLLTTLLILI	LLLALLTTLLTTLLTYLLILI	-26.3426	-26.9361	1.0043	0.119894	724.369
LLLALLTTLLTTLLTYLLILI	LLLALLTTLLTTLLTTLLILI	-26.9361	-26.3426	0.119894	1.0043	618.524
LLLALLTTLLTTLLTTLLILI	LLLALLTTLLTTLLVTLLILI	-25.8539	-25.2252	1.49307	0.0495498	589.688
LLLALLTTLLTTLLVTLLILI	LLLALLTTLLTTLLVYLLILI	-24.357	-23.5226	0.917682	0.141213	560.23
LLLALLTTLLTTLLVYLLILI	LLLALLTTLLTTLLVTLLILI	-23.5226	-24.357	0.141213	0.917682	530.348
LLLALLTTLLTTLLVTLLILI	LLLALLTTLLFTLLVTLLILI	-24.0131	-21.231	1.26162	0.0748068	500.25
LLLALLTTLLFTLLVTLLILI	LLLALLTTLLFTLLTTLLILI	-21.2468	-22.2476	0.0589809	1.39457	470.152
LLLALLTTLLFTLLTTLLILI	LLLALLTTLLTTLLTTLLILI	-23.5792	-25.9892	0.0629772	1.35772	440.27
LLLALLTTLLTTLLTTLLILI	LLLALLTTLLTTLLTYLLILI	-26.3426	-26.9361	1.0043	0.119894	410.812
LLLALLTTLLTTLLTYLLILI	LLLALLTTLLTTLLVYLLILI	-25.6614	-23.6048	1.39457	0.0589809	353.943
LLLALLTTLLTTLLVYLLILI	LLLALLTTLLTTLLTYLLILI	-23.6048	-25.6614	0.0589809	1.39457	326.872
LLLALLTTLLTTLLTYLLILI	LLLALLTTLLTTLLTTLLILI	-26.9361	-26.3426	0.119894	1.0043	276.131
LLLALLTTLLTTLLTTLLILI	LLLALLTTLLTTLLTYLLILI	-26.3426	-26.9361	1.0043	0.119894	209.776
LLLALLTTLLTTLLTYLLILI	LLLALLTTLLTTLLTTLLILI	-26.9361	-26.3426	0.119894	1.0043	155.814
LLLALLTTLLTTLLTTLLILI	LLLALLTTLLTTLLTYLLILI	-26.3426	-26.9361	1.0043	0.119894	126.449
Time: 276s
