***STARTING GEOMETRY:***
xShift: 8.83631
crossingAngle: -35.1749
axialRotation: 51.0332
zShift: 2.97711

Number of MCCycles: 100
PrevSequence	CurrSequence	PrevEnergy	CurrEnergy	PrevEntropy	CurrEntropy	CurrentTemp
LLLGLLTTLLGTLLTTLLILI	LLLGLLTTLLGTLLTYLLILI	-23.6794	-25.3872	0.917682	0.141213	999.684
LLLGLLTTLLGTLLTYLLILI	LLLGLLTTLLTTLLTYLLILI	-25.3683	-31.6028	0.160122	0.85234	999.328
LLLGLLTTLLTTLLTYLLILI	LLLGLLTTLLTTLLTTLLILI	-32.3352	-31.7413	0.119894	1.0043	998.928
LLLGLLTTLLTTLLTTLLILI	LLLGLLTTLLTTLLTYLLILI	-31.7413	-32.3352	1.0043	0.119894	998.476
LLLGLLTTLLTTLLTYLLILI	LLLGLLTTLLTTLLVYLLILI	-31.0605	-28.9941	1.39457	0.0589809	997.967
LLLGLLTTLLTTLLVYLLILI	LLLGLLTTLLTTLLVTLLILI	-28.9119	-29.7486	0.141213	0.917682	996.749
LLLGLLTTLLTTLLVTLLILI	LLLGLLTTLLTTLLVFLLILI	-29.4047	-27.9943	1.26162	0.0748068	996.023
LLLGLLTTLLTTLLVFLLILI	LLLGLLTTLLTTLLTFLLILI	-28.0101	-29.1663	0.0589809	1.39457	995.205
LLLGLLTTLLTTLLTFLLILI	LLLGLLTTLLTTLLVFLLILI	-29.1663	-28.0101	1.39457	0.0589809	994.285
LLLGLLTTLLTTLLVFLLILI	LLLGLLTTLLTTLLVYLLILI	-27.8291	-28.4027	0.240035	0.650378	992.084
LLLGLLTTLLTTLLVYLLILI	LLLGLLTTLLTTLLVTLLILI	-28.9119	-29.7486	0.141213	0.917682	990.773
LLLGLLTTLLTTLLVTLLILI	LLLGLLTTLLTTLLVYLLILI	-29.7486	-28.9119	0.917682	0.141213	989.3
LLLGLLTTLLTTLLVYLLILI	LLLGLLTTLLTTLLTYLLILI	-28.9941	-31.0605	0.0589809	1.39457	987.644
LLLGLLTTLLTTLLTYLLILI	LLLGLLTTLLTTLLTTLLILI	-32.3352	-31.7413	0.119894	1.0043	981.348
LLLGLLTTLLTTLLTTLLILI	LLLGLLTTLLFTLLTTLLILI	-31.3879	-28.915	1.35772	0.0629772	978.717
LLLGLLTTLLFTLLTTLLILI	LLLGLLTTLLFTLLVTLLILI	-27.5834	-26.5755	1.39457	0.0589809	975.768
LLLGLLTTLLFTLLVTLLILI	LLLGLLTTLLFTLLVFLLILI	-25.8183	-23.8717	0.816184	0.171816	968.764
LLLGLLTTLLFTLLVFLLILI	LLLGLLTTLLFTLLTFLLILI	-23.9706	-25.527	0.0728516	1.27634	964.627
LLLGLLTTLLFTLLTFLLILI	LLLGLLTTLLTTLLTFLLILI	-26.6621	-29.6432	0.141213	0.917682	960.005
LLLGLLTTLLTTLLTFLLILI	LLLGLLTTLLTTLLVFLLILI	-29.1663	-28.0101	1.39457	0.0589809	954.846
LLLGLLTTLLTTLLVFLLILI	LLLGLLTTLLTTLLVTLLILI	-27.9943	-29.4047	0.0748068	1.26162	949.095
LLLGLLTTLLTTLLVTLLILI	LLLGLLTTLLTTLLTTLLILI	-30.6167	-31.2525	0.0495498	1.49307	942.693
LLLGLLTTLLTTLLTTLLILI	LLLGLLTTLLTTLLVTLLILI	-31.2525	-30.6167	1.49307	0.0495498	935.578
LLLGLLTTLLTTLLVTLLILI	LLLGLLTTLLYTLLVTLLILI	-29.7486	-25.8543	0.917682	0.141213	918.939
LLLGLLTTLLYTLLVTLLILI	LLLGLLTTLLYTLLVYLLILI	-25.4567	-24.1053	0.538845	0.30482	909.276
LLLGLLTTLLYTLLVYLLILI	LLLGLLTTLLYTLLVTLLILI	-24.1053	-25.4567	0.30482	0.538845	898.621
LLLGLLTTLLYTLLVTLLILI	LLLGLLTTLLYTLLTTLLILI	-25.9365	-26.7324	0.0589809	1.39457	886.903
LLLGLLTTLLYTLLTTLLILI	LLLGLLTTLLYTLLVTLLILI	-26.7324	-25.9365	1.39457	0.0589809	874.051
LLLGLLTTLLYTLLVTLLILI	LLLGLLTTLLTTLLVTLLILI	-25.8543	-29.7486	0.141213	0.917682	859.999
LLLGLLTTLLTTLLVTLLILI	LLLGLLTTLLTTLLTTLLILI	-30.6167	-31.2525	0.0495498	1.49307	844.686
LLLGLLTTLLTTLLTTLLILI	LLLGLLTTLLTTLLTYLLILI	-31.7413	-32.3352	1.0043	0.119894	828.061
LLLGLLTTLLTTLLTYLLILI	LLLGLLTTLLFTLLTYLLILI	-31.1935	-28.6392	1.26162	0.0748068	790.724
LLLGLLTTLLFTLLTYLLILI	LLLGLLTTLLTTLLTYLLILI	-28.6392	-31.1935	0.0748068	1.26162	769.974
LLLGLLTTLLTTLLTYLLILI	LLLGLLYTLLTTLLTYLLILI	-31.8338	-28.4949	0.62127	0.255144	747.845
LLLGLLYTLLTTLLTYLLILI	LLLGLLTTLLTTLLTYLLILI	-28.4949	-31.8338	0.255144	0.62127	699.602
LLLGLLTTLLTTLLTYLLILI	LLLGLLTTLLTTLLTTLLILI	-32.3352	-31.7413	0.119894	1.0043	646.557
LLLGLLTTLLTTLLTTLLILI	LLLGLLTTLLTTLLTWLLILI	-31.9963	-29.6577	0.749274	0.196163	560.23
LLLGLLTTLLTTLLTWLLILI	LLLGLLTTLLTTLLTYLLILI	-29.255	-32.1875	0.598868	0.267575	470.152
LLLGLLTTLLTTLLTYLLILI	LLLGLLTTLLTTLLTTLLILI	-32.3352	-31.7413	0.119894	1.0043	440.27
LLLGLLTTLLTTLLTTLLILI	LLLGLLTTLLTTLLTYLLILI	-31.7413	-32.3352	1.0043	0.119894	353.943
LLLGLLTTLLTTLLTYLLILI	LLLGLLTTLLTTLLTTLLILI	-32.3352	-31.7413	0.119894	1.0043	230.526
LLLGLLTTLLTTLLTTLLILI	LLLGLLTTLLTTLLTYLLILI	-31.7413	-32.3352	1.0043	0.119894	209.776
LLLGLLTTLLTTLLTYLLILI	LLLGLLTTLLTTLLTTLLILI	-32.3352	-31.7413	0.119894	1.0043	155.814
LLLGLLTTLLTTLLTTLLILI	LLLGLLTTLLTTLLTYLLILI	-31.7413	-32.3352	1.0043	0.119894	140.501
Time: 206s
