***STARTING GEOMETRY:***
xShift: 8.64271
crossingAngle: 26.8806
axialRotation: 99.9043
zShift: 3.18654

Number of MCCycles: 100
PrevSequence	CurrSequence	PrevEnergy	CurrEnergy	PrevEntropy	CurrEntropy	CurrentTemp
LLLWALLTLLTSLTYLLLILI	LLLYALLTLLTSLTYLLLILI	-25.3767	-23.1325	0.372136	0.451187	999.684
LLLYALLTLLTSLTYLLLILI	LLLYGLLTLLTSLTYLLLILI	-23.3075	-22.7588	0.276169	0.584123	999.328
LLLYGLLTLLTSLTYLLLILI	LLLYGLLTLLTSLVYLLLILI	-22.2145	-19.0445	1.12845	0.0952708	998.928
LLLYGLLTLLTSLVYLLLILI	LLLYGLLTLLTSLTYLLLILI	-19.0445	-23.2017	0.0952708	1.12845	998.476
LLLYGLLTLLTSLTYLLLILI	LLLYGLLTLLTSLTFLLLILI	-23.3773	-22.9434	0.952787	0.132101	997.967
LLLYGLLTLLTSLTFLLLILI	LLLYGLLTLLTSLTYLLLILI	-22.9434	-22.5983	0.132101	0.952787	997.394
LLLYGLLTLLTSLTYLLLILI	LLLWGLLTLLTSLTYLLLILI	-23.0999	-27.1692	0.451187	0.372136	996.749
LLLWGLLTLLTSLTYLLLILI	LLLFGLLTLLTSLTYLLLILI	-26.6509	-23.3996	0.890414	0.148778	996.023
LLLFGLLTLLTSLTYLLLILI	LLLWGLLTLLTSLTYLLLILI	-23.3996	-27.0273	0.148778	0.890414	994.285
LLLWGLLTLLTSLTYLLLILI	LLLWGLLTLLTSLTFLLLILI	-27.2673	-27.8883	0.650378	0.240035	993.249
LLLWGLLTLLTSLTFLLLILI	LLLWGLLTLLTALTFLLLILI	-27.4861	-24.7625	0.642213	0.244161	992.084
LLLWGLLTLLTALTFLLLILI	LLLWGLLTLLTALTYLLLILI	-24.7666	-27.1764	0.240035	0.650378	990.773
LLLWGLLTLLTALTYLLLILI	LLLWGLLWLLTALTYLLLILI	-27.5352	-25.2538	0.291546	0.559121	987.644
LLLWGLLWLLTALTYLLLILI	LLLWGLLWLLTSLTYLLLILI	-25.5688	-27.7499	0.244161	0.642213	985.783
LLLWGLLWLLTSLTYLLLILI	LLLWGLLWLLTSLTFLLLILI	-27.7418	-25.5902	0.650378	0.240035	983.694
LLLWGLLWLLTSLTFLLLILI	LLLYGLLWLLTSLTFLLLILI	-24.9398	-26.6854	0.890414	0.148778	981.348
LLLYGLLWLLTSLTFLLLILI	LLLWGLLWLLTSLTFLLLILI	-26.6854	-26.0077	0.148778	0.890414	978.717
LLLWGLLWLLTSLTFLLLILI	LLLWGLLWLLTSLTYLLLILI	-26.658	-26.2168	0.240035	0.650378	975.768
LLLWGLLWLLTSLTYLLLILI	LLLWGLLWLLTSLTTLLLILI	-26.6477	-24.687	0.219549	0.693609	972.463
LLLWGLLWLLTSLTTLLLILI	LLLWGLLWLLTSLTYLLLILI	-24.687	-26.6216	0.693609	0.219549	968.764
LLLWGLLWLLTSLTYLLLILI	LLLWGLLWLLTSLVYLLLILI	-25.9103	-24.4096	0.930859	0.137712	964.627
LLLWGLLWLLTSLVYLLLILI	LLLWGLLWLLTSLTYLLLILI	-24.4096	-27.4613	0.137712	0.930859	960.005
LLLWGLLWLLTSLTYLLLILI	LLLWGLLWLLTSLTFLLLILI	-27.7418	-26.658	0.650378	0.240035	954.846
LLLWGLLWLLTSLTFLLLILI	LLLFGLLWLLTSLTFLLLILI	-26.0077	-26.525	0.890414	0.148778	949.095
LLLFGLLWLLTSLTFLLLILI	LLLYGLLWLLTSLTFLLLILI	-26.2635	-25.9276	0.410343	0.410343	942.693
LLLYGLLWLLTSLTFLLLILI	LLLYGLLWLLTGLTFLLLILI	-26.0663	-26.3699	0.271616	0.591862	935.578
LLLYGLLWLLTGLTFLLLILI	LLLYGLLYLLTGLTFLLLILI	-26.5896	-26.7471	0.372136	0.451187	927.683
LLLYGLLYLLTGLTFLLLILI	LLLYGLLWLLTGLTFLLLILI	-26.7471	-26.5896	0.451187	0.372136	918.939
LLLYGLLWLLTGLTFLLLILI	LLLYGLLWLLTGLTYLLLILI	-26.8297	-28.3706	0.132101	0.952787	909.276
LLLYGLLWLLTGLTYLLLILI	LLLYGLLWLLTSLTYLLLILI	-28.7315	-29.5825	0.591862	0.271616	898.621
LLLYGLLWLLTSLTYLLLILI	LLLYGLLWLLTGLTYLLLILI	-29.5825	-28.7315	0.271616	0.591862	886.903
LLLYGLLWLLTGLTYLLLILI	LLLYGLLYLLTGLTYLLLILI	-29.0513	-28.3144	0.272043	0.591129	874.051
LLLYGLLYLLTGLTYLLLILI	LLLYGLLYLLTSLTYLLLILI	-28.3136	-28.3521	0.591862	0.271616	859.999
LLLYGLLYLLTSLTYLLLILI	LLLYGLLFLLTSLTYLLLILI	-27.4717	-29.2925	1.15198	0.0912572	844.686
LLLYGLLFLLTSLTYLLLILI	LLLYALLFLLTSLTYLLLILI	-28.7997	-24.455	0.584123	0.276169	828.061
LLLYALLFLLTSLTYLLLILI	LLLYALLFLLTSLTFLLLILI	-24.0808	-23.7487	0.650378	0.240035	810.083
LLLYALLFLLTSLTFLLLILI	LLLYALLYLLTSLTFLLLILI	-23.7487	-23.576	0.240035	0.650378	790.724
LLLYALLYLLTSLTFLLLILI	LLLYGLLYLLTSLTFLLLILI	-23.9503	-27.3666	0.276169	0.584123	769.974
LLLYGLLYLLTSLTFLLLILI	LLLLGLLYLLTSLTFLLLILI	-27.2709	-26.0295	0.679837	0.225838	747.845
LLLLGLLYLLTSLTFLLLILI	LLLLGLLYLLTALTFLLLILI	-25.6131	-23.831	0.642213	0.244161	724.369
LLLLGLLYLLTALTFLLLILI	LLLLGLLYLLTALTYLLLILI	-23.9431	-25.442	0.132101	0.952787	699.602
LLLLGLLYLLTALTYLLLILI	LLLLGLLYLLTSLTYLLLILI	-26.1507	-25.7227	0.244161	0.642213	673.628
LLLLGLLYLLTSLTYLLLILI	LLLLGLLYLLTSLTFLLLILI	-25.4122	-25.3115	0.952787	0.132101	646.557
LLLLGLLYLLTSLTFLLLILI	LLLLGLLWLLTSLTFLLLILI	-25.176	-24.8257	0.267575	0.598868	618.524
LLLLGLLWLLTSLTFLLLILI	LLLYGLLWLLTSLTFLLLILI	-25.0356	-26.419	0.388917	0.432574	589.688
LLLYGLLWLLTSLTFLLLILI	LLLYGLLFLLTSLTFLLLILI	-26.2527	-26.9971	0.598868	0.267575	560.23
LLLYGLLFLLTSLTFLLLILI	LLLYGLLYLLTSLTFLLLILI	-27.0247	-27.8064	0.240035	0.650378	530.348
LLLYGLLYLLTSLTFLLLILI	LLLYGLLYLLTSLTYLLLILI	-28.3656	-27.7897	0.0912572	1.15198	500.25
LLLYGLLYLLTSLTYLLLILI	LLLYGLLYLLTSLTFLLLILI	-27.7897	-27.3637	1.15198	0.0912572	470.152
LLLYGLLYLLTSLTFLLLILI	LLLYGLLYLLTSLTYLLLILI	-27.3637	-29.3227	0.0912572	1.15198	440.27
LLLYGLLYLLTSLTYLLLILI	LLLYGLLYLLTSLTFLLLILI	-29.3227	-29.0866	1.15198	0.0912572	410.812
LLLYGLLYLLTSLTFLLLILI	LLLFGLLYLLTSLTFLLLILI	-28.5274	-26.9191	0.650378	0.240035	353.943
LLLFGLLYLLTSLTFLLLILI	LLLFGLLYLLTGLTFLLLILI	-26.8876	-24.1522	0.271616	0.591862	326.872
LLLFGLLYLLTGLTFLLLILI	LLLYGLLYLLTGLTFLLLILI	-24.504	-24.5767	0.240035	0.650378	300.898
LLLYGLLYLLTGLTFLLLILI	LLLYGLLWLLTGLTFLLLILI	-24.7759	-27.0262	0.451187	0.372136	276.131
LLLYGLLWLLTGLTFLLLILI	LLLYGLLWLLTGLTYLLLILI	-27.2662	-27.1876	0.132101	0.952787	209.776
LLLYGLLWLLTGLTYLLLILI	LLLYGLLYLLTGLTYLLLILI	-27.8683	-28.3133	0.272043	0.591129	190.417
LLLYGLLYLLTGLTYLLLILI	LLLYGLLWLLTGLTYLLLILI	-28.3133	-29.0513	0.591129	0.272043	172.439
LLLYGLLWLLTGLTYLLLILI	LLLYGLLWLLTSLTYLLLILI	-28.7315	-29.7981	0.591862	0.271616	140.501
LLLYGLLWLLTSLTYLLLILI	LLLYGLLWLLTSLTFLLLILI	-29.1169	-28.1325	0.952787	0.132101	126.449
LLLYGLLWLLTSLTFLLLILI	LLLYGLLWLLTSLTYLLLILI	-28.1325	-29.8836	0.132101	0.952787	113.597
Time: 144s
