***STARTING GEOMETRY:***
xShift: 8.82214
crossingAngle: -40.3047
axialRotation: 17.4903
zShift: 5.24152

Number of MCCycles: 100
PrevSequence	CurrSequence	PrevEnergy	CurrEnergy	PrevEntropy	CurrEntropy	CurrentTemp
LLLLLLATLLTTLLTTLLILI	LLLLLLGTLLTTLLTTLLILI	-19.1123	-19.1777	0.276169	0.584123	999.684
LLLLLLGTLLTTLLTTLLILI	LLLLLLGTLLTYLLTTLLILI	-18.8441	-17.682	0.917682	0.141213	999.328
LLLLLLGTLLTYLLTTLLILI	LLLLLLGTLLTTLLTTLLILI	-17.682	-18.1644	0.141213	0.917682	998.928
LLLLLLGTLLTTLLTTLLILI	LLLWLLGTLLTTLLTTLLILI	-18.8837	-25.265	0.198389	0.743646	998.476
LLLWLLGTLLTTLLTTLLILI	LLLFLLGTLLTTLLTTLLILI	-25.1182	-24.7768	0.890414	0.148778	997.967
LLLFLLGTLLTTLLTTLLILI	LLLFLLGTLLTTLLWTLLILI	-24.2518	-24.941	0.673827	0.22865	997.394
LLLFLLGTLLTTLLWTLLILI	LLLFLLGTLLTTLLWVLLILI	-23.8933	-23.8738	1.27634	0.0728516	996.749
LLLFLLGTLLTTLLWVLLILI	LLLFLLGTLLTTLLWTLLILI	-23.8738	-23.8933	0.0728516	1.27634	995.205
LLLFLLGTLLTTLLWTLLILI	LLLWLLGTLLTTLLWTLLILI	-25.0906	-24.53	0.0790506	1.23103	994.285
LLLWLLGTLLTTLLWTLLILI	LLLFLLGTLLTTLLWTLLILI	-24.53	-27.3912	1.23103	0.0790506	993.249
LLLFLLGTLLTTLLWTLLILI	LLLFLLGTLLTTLLTTLLILI	-27.2416	-23.8295	0.22865	0.673827	992.084
LLLFLLGTLLTTLLTTLLILI	LLLFLLGTLLTYLLTTLLILI	-23.5856	-22.9824	0.917682	0.141213	990.773
LLLFLLGTLLTYLLTTLLILI	LLLFLLGTLLTYLLTVLLILI	-21.8473	-19.3026	1.27634	0.0728516	989.3
LLLFLLGTLLTYLLTVLLILI	LLLFLLGTLLTYLLTTLLILI	-19.3026	-21.8473	0.0728516	1.27634	987.644
LLLFLLGTLLTYLLTTLLILI	LLLFLLGVLLTYLLTTLLILI	-21.8473	-15.482	1.27634	0.0728516	985.783
LLLFLLGVLLTYLLTTLLILI	LLLFLLGVLLTYLLTVLLILI	-14.7547	-11.6941	0.800152	0.177314	983.694
LLLFLLGVLLTYLLTVLLILI	LLLFLLGVLLTTLLTVLLILI	-11.6519	-14.7491	0.219549	0.693609	981.348
LLLFLLGVLLTTLLTVLLILI	LLLFLLGVLLTTLLTTLLILI	-15.305	-18.2061	0.137712	0.930859	978.717
LLLFLLGVLLTTLLTTLLILI	LLLFLLGTLLTTLLTTLLILI	-19.0779	-23.5274	0.0589809	1.39457	975.768
LLLFLLGTLLTTLLTTLLILI	LLLWLLGTLLTTLLTTLLILI	-24.7732	-25.1182	0.148778	0.890414	972.463
LLLWLLGTLLTTLLTTLLILI	LLLWLLGTLLTYLLTTLLILI	-25.0909	-24.1514	0.917682	0.141213	968.764
LLLWLLGTLLTYLLTTLLILI	LLLWLLGTLLTYLLSTLLILI	-23.2916	-18.6917	1.001	0.120637	964.627
LLLWLLGTLLTYLLSTLLILI	LLLFLLGTLLTYLLSTLLILI	-17.9219	-17.4947	0.890414	0.148778	960.005
LLLFLLGTLLTYLLSTLLILI	LLLWLLGTLLTYLLSTLLILI	-17.4947	-17.9219	0.148778	0.890414	954.846
LLLWLLGTLLTYLLSTLLILI	LLLWLLGTLLTYLLTTLLILI	-18.6917	-23.288	0.120637	1.001	949.095
LLLWLLGTLLTYLLTTLLILI	LLLWLLGTLLTYLLTVLLILI	-23.0127	-20.4717	1.27634	0.0728516	942.693
LLLWLLGTLLTYLLTVLLILI	LLLWLLGTLLTYLLTTLLILI	-20.4717	-23.0163	0.0728516	1.27634	935.578
LLLWLLGTLLTYLLTTLLILI	LLLWLLGTLLTTLLTTLLILI	-24.1514	-25.0909	0.141213	0.917682	927.683
LLLWLLGTLLTTLLTTLLILI	LLLFLLGTLLTTLLTTLLILI	-25.1182	-24.7732	0.890414	0.148778	918.939
LLLFLLGTLLTTLLTTLLILI	LLLFLLGTLLTTLLWTLLILI	-24.2481	-24.941	0.673827	0.22865	909.276
LLLFLLGTLLTTLLWTLLILI	LLLFLLGTLLTTLLWILLILI	-24.2577	-22.6063	0.911943	0.142768	898.621
LLLFLLGTLLTTLLWILLILI	LLLFLLGTLLTTLLWTLLILI	-22.6063	-24.1867	0.142768	0.911943	874.051
LLLFLLGTLLTTLLWTLLILI	LLLFLLGTLLTTLLTTLLILI	-24.8699	-24.2481	0.22865	0.673827	859.999
LLLFLLGTLLTTLLTTLLILI	LLLFLLGTLLTTLLWTLLILI	-24.2481	-24.5199	0.673827	0.22865	844.686
LLLFLLGTLLTTLLWTLLILI	LLLFLLGTLLTTLLWVLLILI	-23.4722	-21.3975	1.27634	0.0728516	828.061
LLLFLLGTLLTTLLWVLLILI	LLLFLLGTLLTTLLTVLLILI	-21.1961	-20.6401	0.274265	0.58734	810.083
LLLFLLGTLLTTLLTVLLILI	LLLFLLGTLLTTLLWVLLILI	-20.6401	-21.1961	0.58734	0.274265	790.724
LLLFLLGTLLTTLLWVLLILI	LLLWLLGTLLTTLLWVLLILI	-21.3913	-23.7999	0.0790506	1.23103	769.974
LLLWLLGTLLTTLLWVLLILI	LLLWLLGTLLTTLLWTLLILI	-24.9581	-27.2782	0.0728516	1.27634	724.369
LLLWLLGTLLTTLLWTLLILI	LLLWLLGTLLTTLLWILLILI	-27.6426	-23.6906	0.911943	0.142768	699.602
LLLWLLGTLLTTLLWILLILI	LLLWLLGTLLTTLLWTLLILI	-23.6906	-27.6426	0.142768	0.911943	673.628
LLLWLLGTLLTTLLWTLLILI	LLLFLLGTLLTTLLWTLLILI	-27.3235	-27.3912	1.23103	0.0790506	646.557
LLLFLLGTLLTTLLWTLLILI	LLLWLLGTLLTTLLWTLLILI	-27.3912	-27.3235	0.0790506	1.23103	381.976
LLLWLLGTLLTTLLWTLLILI	LLLFLLGTLLTTLLWTLLILI	-27.3235	-27.3912	1.23103	0.0790506	172.439
LLLFLLGTLLTTLLWTLLILI	LLLWLLGTLLTTLLWTLLILI	-27.3912	-27.3235	0.0790506	1.23103	101.879
LLLWLLGTLLTTLLWTLLILI	LLLFLLGTLLTTLLWTLLILI	-27.3235	-27.3912	1.23103	0.0790506	91.2238
LLLFLLGTLLTTLLWTLLILI	LLLWLLGTLLTTLLWTLLILI	-27.3912	-27.3235	0.0790506	1.23103	31.7355
LLLWLLGTLLTTLLWTLLILI	LLLFLLGTLLTTLLWTLLILI	-27.3235	-27.3912	1.23103	0.0790506	16.8064
Time: 131s
