***STARTING GEOMETRY:***
xShift: 7.27174
crossingAngle: -40.0814
axialRotation: -87.5077
zShift: 4.72899

Number of MCCycles: 200
PrevSequence	CurrSequence	PrevEnergy	CurrEnergy	PrevEntropy	CurrEntropy	CurrentTemp
LLLTLLLGTLLGTLLTTLILI	LLLTLLLGTLLGTLLTWLILI	-5.68369	-7.41396	0.673827	0.22865	999.847
LLLTLLLGTLLGTLLTWLILI	LLLTWLLGTLLGTLLTWLILI	-7.56884	-9.65276	0.0737664	1.2694	999.684
LLLTWLLGTLLGTLLTWLILI	LLLTWLLGTLLGTLLGWLILI	-10.3304	-6.8934	0.591758	0.271676	999.512
LLLTWLLGTLLGTLLGWLILI	LLLTWLLGTLLGFLLGWLILI	-6.16078	-4.31093	1.0043	0.119894	999.328
LLLTWLLGTLLGFLLGWLILI	LLLTWLLGTLLGTLLGWLILI	-4.31093	-6.16078	0.119894	1.0043	999.134
LLLTWLLGTLLGTLLGWLILI	LLLTWLLGTLLGFLLGWLILI	-6.16078	-4.32795	1.0043	0.119894	998.928
LLLTWLLGTLLGFLLGWLILI	LLLTWLLGTLLGTLLGWLILI	-4.32795	-6.16078	0.119894	1.0043	998.708
LLLTWLLGTLLGTLLGWLILI	LLLGWLLGTLLGTLLGWLILI	-6.76491	-4.25684	0.400165	0.420699	998.476
LLLGWLLGTLLGTLLGWLILI	LLLGWLLGTLLGTLLGTLILI	-4.11842	-5.51492	0.559121	0.291546	998.229
LLLGWLLGTLLGTLLGTLILI	LLLGYLLGTLLGTLLGTLILI	-5.20759	-8.51179	0.598868	0.267575	997.967
LLLGYLLGTLLGTLLGTLILI	LLLGYLLGWLLGTLLGTLILI	-8.29334	-8.6574	0.48602	0.343253	997.394
LLLGYLLGWLLGTLLGTLILI	LLLSYLLGWLLGTLLGTLILI	-8.11881	-10.717	0.88184	0.151251	996.749
LLLSYLLGWLLGTLLGTLILI	LLLSYLLGTLLGTLLGTLILI	-10.525	-13.0531	0.343253	0.48602	996.397
LLLSYLLGTLLGTLLGTLILI	LLLSYLLGYLLGTLLGTLILI	-13.0961	-11.2802	0.443059	0.379341	996.023
LLLSYLLGYLLGTLLGTLILI	LLLSYLLGTLLGTLLGTLILI	-11.2802	-13.1132	0.379341	0.443059	995.626
LLLSYLLGTLLGTLLGTLILI	LLLSYLLGTLLGTLLGWLILI	-13.0702	-12.084	0.48602	0.343253	995.205
LLLSYLLGTLLGTLLGWLILI	LLLYYLLGTLLGTLLGWLILI	-12.256	-7.34121	0.171321	0.817658	993.782
LLLYYLLGTLLGTLLGWLILI	LLLYYLLGTLLGTLLGTLILI	-7.81562	-8.3818	0.343253	0.48602	993.249
LLLYYLLGTLLGTLLGTLILI	LLLSYLLGTLLGTLLGTLILI	-8.05016	-9.97068	0.817658	0.171321	992.683
LLLSYLLGTLLGTLLGTLILI	LLLSYLLGWLLGTLLGTLILI	-9.65598	-13.4862	0.48602	0.343253	992.084
LLLSYLLGWLLGTLLGTLILI	LLLSYLLGTLLGTLLGTLILI	-13.4862	-13.0702	0.343253	0.48602	989.3
LLLSYLLGTLLGTLLGTLILI	LLLSYLLGTLLGWLLGTLILI	-13.0702	-11.6206	0.48602	0.343253	986.74
LLLSYLLGTLLGWLLGTLILI	LLLSYLLGWLLGWLLGTLILI	-11.7545	-9.61393	0.209355	0.716965	985.783
LLLSYLLGWLLGWLLGTLILI	LLLSYLLGWLLGWLLGFLILI	-9.79205	-5.87221	0.538845	0.30482	984.769
LLLSYLLGWLLGWLLGFLILI	LLLSYLLGWLLGTLLGFLILI	-5.1452	-8.34378	1.03184	0.113884	983.694
LLLSYLLGWLLGTLLGFLILI	LLLSYLLGWLLGTLLGTLILI	-8.28585	-10.035	0.171816	0.816184	982.555
LLLSYLLGWLLGTLLGTLILI	LLLSYLLGTLLGTLLGTLILI	-10.5079	-13.0531	0.343253	0.48602	981.348
LLLSYLLGTLLGTLLGTLILI	LLLSYLLGTLLGTLLGWLILI	-13.0531	-12.1011	0.48602	0.343253	980.071
LLLSYLLGTLLGTLLGWLILI	LLLSYLLGTLLGTLLGTLILI	-12.1011	-13.0702	0.343253	0.48602	977.285
LLLSYLLGTLLGTLLGTLILI	LLLSYLLGTLLGTLLGWLILI	-13.0702	-12.1011	0.48602	0.343253	975.768
LLLSYLLGTLLGTLLGWLILI	LLLSYLLGTLLGYLLGWLILI	-12.1156	-8.55126	0.328724	0.505042	974.162
LLLSYLLGTLLGYLLGWLILI	LLLSYLLGTLLGFLLGWLILI	-8.10351	-9.51841	0.952787	0.132101	972.463
LLLSYLLGTLLGFLLGWLILI	LLLSYLLGTLLGTLLGWLILI	-9.4787	-11.6111	0.171816	0.816184	970.666
LLLSYLLGTLLGTLLGWLILI	LLLYYLLGTLLGTLLGWLILI	-12.256	-7.34121	0.171321	0.817658	968.764
LLLYYLLGTLLGTLLGWLILI	LLLYYLLGTLLGTLLGTLILI	-7.81562	-8.80178	0.343253	0.48602	966.754
LLLYYLLGTLLGTLLGTLILI	LLLYFLLGTLLGTLLGTLILI	-8.33501	-7.089	0.952787	0.132101	962.38
LLLYFLLGTLLGTLLGTLILI	LLLYYLLGTLLGTLLGTLILI	-7.089	-8.33501	0.132101	0.952787	960.005
LLLYYLLGTLLGTLLGTLILI	LLLYFLLGTLLGTLLGTLILI	-8.33501	-7.27523	0.952787	0.132101	957.496
LLLYFLLGTLLGTLLGTLILI	LLLYYLLGTLLGTLLGTLILI	-7.27523	-7.39563	0.132101	0.952787	954.846
LLLYYLLGTLLGTLLGTLILI	LLLYFLLGTLLGTLLGTLILI	-7.39563	-5.86587	0.952787	0.132101	952.048
LLLYFLLGTLLGTLLGTLILI	LLLYYLLGTLLGTLLGTLILI	-5.86587	-8.33501	0.132101	0.952787	949.095
LLLYYLLGTLLGTLLGTLILI	LLLYYLLGYLLGTLLGTLILI	-8.95907	-6.89321	0.328724	0.505042	945.979
LLLYYLLGYLLGTLLGTLILI	LLLYYLLGYLLGTLLGWLILI	-7.03455	-5.809	0.363705	0.460972	942.693
LLLYYLLGYLLGTLLGWLILI	LLLYYLLGYLLGFLLGWLILI	-5.73112	-2.83175	0.538845	0.30482	939.229
LLLYYLLGYLLGFLLGWLILI	LLLYYLLGTLLGFLLGWLILI	-2.17897	-4.18749	0.9576	0.130904	935.578
LLLYYLLGTLLGFLLGWLILI	LLLYYLLGTLLGFLLGTLILI	-3.85743	-6.03299	0.460972	0.363705	931.732
LLLYYLLGTLLGFLLGTLILI	LLLSYLLGTLLGFLLGTLILI	-5.57904	-8.54916	0.817658	0.171321	927.683
LLLSYLLGTLLGFLLGTLILI	LLLSYLLGTLLGTLLGTLILI	-8.60058	-12.5519	0.119894	1.0043	923.422
LLLSYLLGTLLGTLLGTLILI	LLLSYLLGTLLGTLLGWLILI	-13.0702	-12.084	0.48602	0.343253	918.939
LLLSYLLGTLLGTLLGWLILI	LLLSYLLGTLLGFLLGWLILI	-11.6111	-9.49572	0.816184	0.171816	909.276
LLLSYLLGTLLGFLLGWLILI	LLLSYLLGTLLGFLLGTLILI	-9.20657	-10.658	0.460972	0.363705	898.621
LLLSYLLGTLLGFLLGTLILI	LLLTYLLGTLLGFLLGTLILI	-10.8658	-5.99085	0.155943	0.865998	892.899
LLLTYLLGTLLGFLLGTLILI	LLLSYLLGTLLGFLLGTLILI	-5.99085	-10.8487	0.865998	0.155943	886.903
LLLSYLLGTLLGFLLGTLILI	LLLSYLLGLLLGFLLGTLILI	-10.1555	-8.39223	0.849143	0.161118	880.623
LLLSYLLGLLLGFLLGTLILI	LLLSYLLGLLLGTLLGTLILI	-8.38154	-10.2234	0.171816	0.816184	874.051
LLLSYLLGLLLGTLLGTLILI	LLLSYLLGLLLGFLLGTLILI	-10.2234	-8.38154	0.816184	0.171816	859.999
LLLSYLLGLLLGFLLGTLILI	LLLSYLLGTLLGFLLGTLILI	-8.39223	-10.1726	0.161118	0.849143	852.504
LLLSYLLGTLLGFLLGTLILI	LLLSYLLGTLLGTLLGTLILI	-10.9018	-12.5519	0.119894	1.0043	844.686
LLLSYLLGTLLGTLLGTLILI	LLLSYLLGTLLGTLLGWLILI	-13.0702	-12.084	0.48602	0.343253	836.541
LLLSYLLGTLLGTLLGWLILI	LLLSYLLGTLLGYLLGWLILI	-12.0986	-8.55126	0.328724	0.505042	828.061
LLLSYLLGTLLGYLLGWLILI	LLLSYLLGTLLGTLLGWLILI	-8.55126	-12.0986	0.505042	0.328724	819.243
LLLSYLLGTLLGTLLGWLILI	LLLSYLLGWLLGTLLGWLILI	-12.2179	-10.4771	0.209355	0.716965	810.083
LLLSYLLGWLLGTLLGWLILI	LLLSYLLGWLLGTLLGFLILI	-9.96302	-9.86086	1.23103	0.0790506	790.724
LLLSYLLGWLLGTLLGFLILI	LLLSYLLGWLLGTLLGTLILI	-9.76809	-11.5327	0.171816	0.816184	780.523
LLLSYLLGWLLGTLLGTLILI	LLLSYLLGTLLGTLLGTLILI	-12.0057	-13.0531	0.343253	0.48602	769.974
LLLSYLLGTLLGTLLGTLILI	LLLSYLLGYLLGTLLGTLILI	-13.0961	-11.2802	0.443059	0.379341	759.081
LLLSYLLGYLLGTLLGTLILI	LLLSYLLGVLLGTLLGTLILI	-10.5849	-10.7069	1.07465	0.105187	747.845
LLLSYLLGVLLGTLLGTLILI	LLLSYLLGYLLGTLLGTLILI	-10.7069	-10.602	0.105187	1.07465	736.272
LLLSYLLGYLLGTLLGTLILI	LLLSYLLGTLLGTLLGTLILI	-11.2974	-13.1132	0.379341	0.443059	724.369
LLLSYLLGTLLGTLLGTLILI	LLLSYLLGTLLGTLLGWLILI	-13.0702	-12.1011	0.48602	0.343253	699.602
LLLSYLLGTLLGTLLGWLILI	LLLSYLLGTLLGTLLGYLILI	-12.0722	-11.9838	0.372136	0.451187	673.628
LLLSYLLGTLLGTLLGYLILI	LLLSYLLGWLLGTLLGYLILI	-12.0713	-12.2541	0.363705	0.460972	660.222
LLLSYLLGWLLGTLLGYLILI	LLLSYLLGWLLGTLLGTLILI	-12.21	-10.5395	0.505042	0.328724	632.651
LLLSYLLGWLLGTLLGTLILI	LLLSYLLGTLLGTLLGTLILI	-10.525	-13.0702	0.343253	0.48602	618.524
LLLSYLLGTLLGTLLGTLILI	LLLSYLLGWLLGTLLGTLILI	-13.0702	-12.0057	0.48602	0.343253	604.196
LLLSYLLGWLLGTLLGTLILI	LLLSYLLGTLLGTLLGTLILI	-12.0057	-13.0531	0.343253	0.48602	589.688
LLLSYLLGTLLGTLLGTLILI	LLLSYLLGTLLGTLLGWLILI	-13.0531	-12.1011	0.48602	0.343253	545.329
LLLSYLLGTLLGTLLGWLILI	LLLSYLLGTLLGFLLGWLILI	-11.6281	-9.4787	0.816184	0.171816	530.348
LLLSYLLGTLLGFLLGWLILI	LLLSYLLGTLLGFLLGFLILI	-9.05165	-8.90371	0.598868	0.267575	515.312
LLLSYLLGTLLGFLLGFLILI	LLLSYLLGTLLGFLLGTLILI	-8.86647	-10.4829	0.30482	0.538845	500.25
LLLSYLLGTLLGFLLGTLILI	LLLSYLLGTLLGYLLGTLILI	-10.8896	-10.0086	0.132101	0.952787	485.188
LLLSYLLGTLLGYLLGTLILI	LLLSYLLGTLLGFLLGTLILI	-10.0086	-10.8725	0.952787	0.132101	470.152
LLLSYLLGTLLGFLLGTLILI	LLLSYLLGTLLGTLLGTLILI	-10.8847	-12.5519	0.119894	1.0043	455.171
LLLSYLLGTLLGTLLGTLILI	LLLSYLLGTLLGTLLGWLILI	-13.0702	-12.1011	0.48602	0.343253	425.475
LLLSYLLGTLLGTLLGWLILI	LLLSYLLGTLLGTLLGTLILI	-12.1011	-13.0702	0.343253	0.48602	367.849
LLLSYLLGTLLGTLLGTLILI	LLLSYLLGLLLGTLLGTLILI	-12.516	-10.9274	1.04019	0.112128	300.898
LLLSYLLGLLLGTLLGTLILI	LLLSYLLGTLLGTLLGTLILI	-10.9274	-12.516	0.112128	1.04019	288.358
LLLSYLLGTLLGTLLGTLILI	LLLSYLLGWLLGTLLGTLILI	-13.0702	-13.4862	0.48602	0.343253	219.977
LLLSYLLGWLLGTLLGTLILI	LLLSYLLGTLLGTLLGTLILI	-13.4862	-13.0702	0.343253	0.48602	190.417
LLLSYLLGTLLGTLLGTLILI	LLLSYLLGTLLGTLLGWLILI	-13.0702	-12.084	0.48602	0.343253	181.257
LLLSYLLGTLLGTLLGWLILI	LLLSYLLGTLLGTLLGYLILI	-12.0552	-12.0008	0.372136	0.451187	172.439
LLLSYLLGTLLGTLLGYLILI	LLLSYLLGTLLGTLLGTLILI	-12.0727	-13.0961	0.379341	0.443059	163.959
LLLSYLLGTLLGTLLGTLILI	LLLSYLLGWLLGTLLGTLILI	-13.0531	-13.4691	0.48602	0.343253	72.8169
LLLSYLLGWLLGTLLGTLILI	LLLSYLLGTLLGTLLGTLILI	-13.4691	-13.0702	0.343253	0.48602	64.9219
LLLSYLLGTLLGTLLGTLILI	LLLSYLLGWLLGTLLGTLILI	-13.0702	-13.4691	0.48602	0.343253	40.495
Time: 336s
