***STARTING GEOMETRY:***
xShift: 6.95103
crossingAngle: -44.1903
axialRotation: -18.1237
zShift: 3.05382

Number of MCCycles: 200
PrevSequence	CurrSequence	PrevEnergy	CurrEnergy	PrevEntropy	CurrEntropy	CurrentTemp
LLLYGLLTGLLTGLLTTLILI	LLLGGLLTGLLTGLLTTLILI	41.4612	42.6617	0.213262	0.707856	999.847
LLLGGLLTGLLTGLLTTLILI	LLLYGLLTGLLTGLLTTLILI	42.6617	41.1409	0.707856	0.213262	999.684
LLLYGLLTGLLTGLLTTLILI	LLLYGLLTGLLYGLLTTLILI	41.4665	44.8047	0.538845	0.30482	999.512
LLLYGLLTGLLYGLLTTLILI	LLLYGLLTGLLTGLLTTLILI	44.8047	41.4665	0.30482	0.538845	999.328
LLLYGLLTGLLTGLLTTLILI	LLLYALLTGLLTGLLTTLILI	41.993	43.0187	1.06535	0.107014	999.134
LLLYALLTGLLTGLLTTLILI	LLLYALLTGLLYGLLTTLILI	43.4505	47.7684	0.538845	0.30482	998.928
LLLYALLTGLLYGLLTTLILI	LLLGALLTGLLYGLLTTLILI	47.9185	48.6718	0.454934	0.368877	998.708
LLLGALLTGLLYGLLTTLILI	LLLGALLTGLLTGLLTTLILI	48.4748	44.5692	0.171816	0.816184	998.476
LLLGALLTGLLTGLLTTLILI	LLLGGLLTGLLTGLLTTLILI	43.8351	43.146	0.0820187	1.21066	998.229
LLLGGLLTGLLTGLLTTLILI	LLLGGLLTGLLTGLLITLILI	43.1906	45.2124	1.2552	0.0756774	997.967
LLLGGLLTGLLTGLLITLILI	LLLYGLLTGLLTGLLITLILI	45.8446	44.3423	0.707856	0.213262	997.689
LLLYGLLTGLLTGLLITLILI	LLLYGLLTGLLTGLLTTLILI	44.2047	42.1829	0.0756774	1.2552	997.394
LLLYGLLTGLLTGLLTTLILI	LLLYGLLTGLLYGLLTTLILI	41.4665	44.8047	0.538845	0.30482	997.081
LLLYGLLTGLLYGLLTTLILI	LLLGGLLTGLLYGLLTTLILI	44.8696	45.9541	0.369715	0.453966	996.749
LLLGGLLTGLLYGLLTTLILI	LLLGGLLTGLLTGLLTTLILI	45.6719	42.7515	0.171816	0.816184	996.397
LLLGGLLTGLLTGLLTTLILI	LLLYGLLTGLLTGLLTTLILI	42.6432	41.1409	0.707856	0.213262	996.023
LLLYGLLTGLLTGLLTTLILI	LLLYGLLTGLLTGLLTSLILI	41.9287	44.5323	1.001	0.120637	995.626
LLLYGLLTGLLTGLLTSLILI	LLLYGLLTGLLTGLLTTLILI	44.5323	43.8199	0.120637	1.001	995.205
LLLYGLLTGLLTGLLTTLILI	LLLYGLLTGLLYGLLTTLILI	43.3577	42.3513	0.538845	0.30482	994.758
LLLYGLLTGLLYGLLTTLILI	LLLYGLLTGLLYGLLITLILI	43.1546	45.8433	1.10811	0.098896	994.285
LLLYGLLTGLLYGLLITLILI	LLLYGLLTGLLYGLLTTLILI	45.8433	43.1501	0.098896	1.10811	993.782
LLLYGLLTGLLYGLLTTLILI	LLLYGLLTGLLTGLLTTLILI	42.3468	38.0627	0.30482	0.538845	993.249
LLLYGLLTGLLTGLLTTLILI	LLLYGLLTGLLTGLLITLILI	38.7791	41.081	1.2552	0.0756774	992.683
LLLYGLLTGLLTGLLITLILI	LLLYGLLTGLLTGLLTTLILI	41.081	38.7791	0.0756774	1.2552	992.084
LLLYGLLTGLLTGLLTTLILI	LLLGGLLTGLLTGLLTTLILI	37.7372	39.2394	0.213262	0.707856	991.448
LLLGGLLTGLLTGLLTTLILI	LLLGGLLYGLLTGLLTTLILI	39.3478	41.7774	0.816184	0.171816	990.773
LLLGGLLYGLLTGLLTTLILI	LLLYGLLYGLLTGLLTTLILI	42.0595	40.7708	0.453966	0.369715	990.058
LLLYGLLYGLLTGLLTTLILI	LLLYALLYGLLTGLLTTLILI	41.4665	42.5125	1.06535	0.107014	989.3
LLLYALLYGLLTGLLTTLILI	LLLYALLTGLLTGLLTTLILI	42.7103	40.0467	0.30482	0.538845	988.496
LLLYALLTGLLTGLLTTLILI	LLLYGLLTGLLTGLLTTLILI	39.6149	38.5892	0.107014	1.06535	987.644
LLLYGLLTGLLTGLLTTLILI	LLLGGLLTGLLTGLLTTLILI	37.7372	39.2394	0.213262	0.707856	986.74
LLLGGLLTGLLTGLLTTLILI	LLLYGLLTGLLTGLLTTLILI	39.2394	37.7417	0.707856	0.213262	985.783
LLLYGLLTGLLTGLLTTLILI	LLLGGLLTGLLTGLLTTLILI	37.7417	39.244	0.213262	0.707856	983.694
LLLGGLLTGLLTGLLTTLILI	LLLGALLTGLLTGLLTTLILI	39.7468	40.4313	1.21066	0.0820187	982.555
LLLGALLTGLLTGLLTTLILI	LLLGGLLTGLLTGLLTTLILI	40.4313	39.7422	0.0820187	1.21066	981.348
LLLGGLLTGLLTGLLTTLILI	LLLYGLLTGLLTGLLTTLILI	39.2394	37.7417	0.707856	0.213262	980.071
LLLYGLLTGLLTGLLTTLILI	LLLYGLLYGLLTGLLTTLILI	38.0673	40.7059	0.538845	0.30482	978.717
LLLYGLLYGLLTGLLTTLILI	LLLYGLLYGLLTGLLITLILI	41.5092	43.9841	1.10811	0.098896	977.285
LLLYGLLYGLLTGLLITLILI	LLLWGLLYGLLTGLLITLILI	44.3364	45.4596	0.451187	0.372136	975.768
LLLWGLLYGLLTGLLITLILI	LLLWGLLTGLLTGLLITLILI	45.307	44.5541	0.219549	0.693609	974.162
LLLWGLLTGLLTGLLITLILI	LLLWGLLYGLLTGLLITLILI	44.5541	45.307	0.693609	0.219549	970.666
LLLWGLLYGLLTGLLITLILI	LLLWGLLTGLLTGLLITLILI	45.307	44.5587	0.219549	0.693609	968.764
LLLWGLLTGLLTGLLITLILI	LLLYGLLTGLLTGLLITLILI	44.4639	41.2774	0.598868	0.267575	966.754
LLLYGLLTGLLTGLLITLILI	LLLYALLTGLLTGLLITLILI	42.0752	43.1009	1.06535	0.107014	964.627
LLLYALLTGLLTGLLITLILI	LLLYALLTGLLTGLLTTLILI	43.0695	40.7676	0.0756774	1.2552	962.38
LLLYALLTGLLTGLLTTLILI	LLLYGLLTGLLTGLLTTLILI	39.6194	38.5938	0.107014	1.06535	960.005
LLLYGLLTGLLTGLLTTLILI	LLLYGLLTGLLYGLLTTLILI	38.0673	42.3468	0.538845	0.30482	957.496
LLLYGLLTGLLYGLLTTLILI	LLLGGLLTGLLYGLLTTLILI	42.4117	43.5017	0.369715	0.453966	954.846
LLLGGLLTGLLYGLLTTLILI	LLLGGLLTGLLTGLLTTLILI	43.2195	39.3478	0.171816	0.816184	952.048
LLLGGLLTGLLTGLLTTLILI	LLLGGLLTGLLTGLLITLILI	39.7868	42.0887	1.2552	0.0756774	949.095
LLLGGLLTGLLTGLLITLILI	LLLYGLLTGLLTGLLITLILI	42.7208	41.2186	0.707856	0.213262	945.979
LLLYGLLTGLLTGLLITLILI	LLLYGLLTGLLTGLLTTLILI	41.081	38.7836	0.0756774	1.2552	942.693
LLLYGLLTGLLTGLLTTLILI	LLLYALLTGLLTGLLTTLILI	38.5938	39.6149	1.06535	0.107014	939.229
LLLYALLTGLLTGLLTTLILI	LLLYALLTGLLTGLLITLILI	40.7631	43.065	1.2552	0.0756774	931.732
LLLYALLTGLLTGLLITLILI	LLLYALLTGLLTGLLTTLILI	43.065	40.7676	0.0756774	1.2552	927.683
LLLYALLTGLLTGLLTTLILI	LLLYALLTGLLYGLLTTLILI	40.0513	44.3684	0.538845	0.30482	923.422
LLLYALLTGLLYGLLTTLILI	LLLTALLTGLLYGLLTTLILI	44.3684	44.6664	0.30482	0.538845	918.939
LLLTALLTGLLYGLLTTLILI	LLLTALLTGLLTGLLTTLILI	44.2687	41.4391	0.141213	0.917682	914.227
LLLTALLTGLLTGLLTTLILI	LLLTALLTGLLYGLLTTLILI	41.4391	45.214	0.917682	0.141213	909.276
LLLTALLTGLLYGLLTTLILI	LLLTGLLTGLLYGLLTTLILI	45.1798	44.237	0.107014	1.06535	904.077
LLLTGLLTGLLYGLLTTLILI	LLLTGLLTGLLTGLLTTLILI	43.3129	39.5757	0.141213	0.917682	898.621
LLLTGLLTGLLTGLLTTLILI	LLLGGLLTGLLTGLLTTLILI	39.2259	38.8221	0.567901	0.286026	886.903
LLLGGLLTGLLTGLLTTLILI	LLLGGLLTGLLYGLLTTLILI	39.3523	43.2241	0.816184	0.171816	880.623
LLLGGLLTGLLYGLLTTLILI	LLLYGLLTGLLYGLLTTLILI	43.5062	42.4117	0.453966	0.369715	874.051
LLLYGLLTGLLYGLLTTLILI	LLLYGLLWGLLYGLLTTLILI	42.528	47.8724	0.48602	0.343253	867.179
LLLYGLLWGLLYGLLTTLILI	LLLYGLLWGLLTGLLTTLILI	47.9085	43.5083	0.379341	0.443059	859.999
LLLYGLLWGLLTGLLTTLILI	LLLGGLLWGLLTGLLTTLILI	43.2785	45.0574	0.213262	0.707856	852.504
LLLGGLLWGLLTGLLTTLILI	LLLGALLWGLLTGLLTTLILI	45.5602	45.9249	1.21066	0.0820187	836.541
LLLGALLWGLLTGLLTTLILI	LLLYALLWGLLTGLLTTLILI	46.4373	45.0053	0.594419	0.270132	828.061
LLLYALLWGLLTGLLTTLILI	LLLYALLWGLLYGLLTTLILI	45.1783	49.6139	0.443059	0.379341	819.243
LLLYALLWGLLYGLLTTLILI	LLLYGLLWGLLYGLLTTLILI	49.3416	49.4497	0.107014	1.06535	810.083
LLLYGLLWGLLYGLLTTLILI	LLLYGLLYGLLYGLLTTLILI	48.6564	46.6317	0.272043	0.591129	800.577
LLLYGLLYGLLYGLLTTLILI	LLLGGLLYGLLYGLLTTLILI	46.5339	47.5626	0.493345	0.337561	790.724
LLLGGLLYGLLYGLLTTLILI	LLLYGLLYGLLYGLLTTLILI	47.5626	46.5294	0.337561	0.493345	780.523
LLLYGLLYGLLYGLLTTLILI	LLLYALLYGLLYGLLTTLILI	47.1014	48.1847	1.06535	0.107014	769.974
LLLYALLYGLLYGLLTTLILI	LLLYALLYGLLYGLLITLILI	48.9897	51.9248	0.911943	0.142768	759.081
LLLYALLYGLLYGLLITLILI	LLLYALLYGLLTGLLITLILI	52.4364	46.1322	0.654392	0.238039	747.845
LLLYALLYGLLTGLLITLILI	LLLYALLTGLLTGLLITLILI	46.2735	43.4324	0.379341	0.443059	736.272
LLLYALLTGLLTGLLITLILI	LLLYGLLTGLLTGLLITLILI	43.0963	42.0706	0.107014	1.06535	724.369
LLLYGLLTGLLTGLLITLILI	LLLYALLTGLLTGLLITLILI	42.0706	43.0963	1.06535	0.107014	712.142
LLLYALLTGLLTGLLITLILI	LLLYALLTGLLTGLLTTLILI	43.065	40.7631	0.0756774	1.2552	699.602
LLLYALLTGLLTGLLTTLILI	LLLYGLLTGLLTGLLTTLILI	39.6149	38.5892	0.107014	1.06535	673.628
LLLYGLLTGLLTGLLTTLILI	LLLYGLLYGLLTGLLTTLILI	38.0627	40.7059	0.538845	0.30482	618.524
LLLYGLLYGLLTGLLTTLILI	LLLYGLLTGLLTGLLTTLILI	40.7059	38.0673	0.30482	0.538845	604.196
LLLYGLLTGLLTGLLTTLILI	LLLGGLLTGLLTGLLTTLILI	37.7417	39.2579	0.213262	0.707856	560.23
LLLGGLLTGLLTGLLTTLILI	LLLYGLLTGLLTGLLTTLILI	39.2579	37.7372	0.707856	0.213262	545.329
LLLYGLLTGLLTGLLTTLILI	LLLYALLTGLLTGLLTTLILI	38.5892	39.6194	1.06535	0.107014	530.348
LLLYALLTGLLTGLLTTLILI	LLLYALLVGLLTGLLTTLILI	40.7888	43.3288	1.27634	0.0728516	515.312
LLLYALLVGLLTGLLTTLILI	LLLYGLLVGLLTGLLTTLILI	43.363	42.1252	0.107014	1.06535	500.25
LLLYGLLVGLLTGLLTTLILI	LLLYALLVGLLTGLLTTLILI	42.1252	43.3675	1.06535	0.107014	485.188
LLLYALLVGLLTGLLTTLILI	LLLYGLLVGLLTGLLTTLILI	43.3675	42.1252	0.107014	1.06535	470.152
LLLYGLLVGLLTGLLTTLILI	LLLYGLLTGLLTGLLTTLILI	41.1327	38.8002	0.0728516	1.27634	440.27
LLLYGLLTGLLTGLLTTLILI	LLLGGLLTGLLTGLLTTLILI	37.7372	39.244	0.213262	0.707856	425.475
LLLGGLLTGLLTGLLTTLILI	LLLYGLLTGLLTGLLTTLILI	39.244	37.7372	0.707856	0.213262	396.304
LLLYGLLTGLLTGLLTTLILI	LLLYGLLTGLLTGLLITLILI	38.7791	41.0855	1.2552	0.0756774	367.849
LLLYGLLTGLLTGLLITLILI	LLLYGLLTGLLTGLLTTLILI	41.0855	38.7791	0.0756774	1.2552	300.898
LLLYGLLTGLLTGLLTTLILI	LLLGGLLTGLLTGLLTTLILI	37.7372	39.2579	0.213262	0.707856	276.131
LLLGGLLTGLLTGLLTTLILI	LLLYGLLTGLLTGLLTTLILI	39.2579	37.7417	0.707856	0.213262	252.655
LLLYGLLTGLLTGLLTTLILI	LLLYALLTGLLTGLLTTLILI	38.5938	39.6194	1.06535	0.107014	172.439
LLLYALLTGLLTGLLTTLILI	LLLYGLLTGLLTGLLTTLILI	39.6194	38.5892	0.107014	1.06535	163.959
Time: 271s
