***STARTING GEOMETRY:***
xShift: 7.40692
crossingAngle: -37.6078
axialRotation: -81.6083
zShift: 3.65472

Number of MCCycles: 200
PrevSequence	CurrSequence	PrevEnergy	CurrEnergy	PrevEntropy	CurrEntropy	CurrentTemp
LLLTVLLSTLLGTLLSTLILI	LLLTVLLSTLLGWLLSTLILI	-4.37119	-5.34547	0.58734	0.274265	999.847
LLLTVLLSTLLGWLLSTLILI	LLLTVLLSTLLGTLLSTLILI	-5.34547	-6.45814	0.274265	0.58734	999.684
LLLTVLLSTLLGTLLSTLILI	LLLTVLLSTLLGTLLSWLILI	-6.45814	-5.99995	0.58734	0.274265	999.512
LLLTVLLSTLLGTLLSWLILI	LLLTFLLSTLLGTLLSWLILI	-5.93359	-9.55228	0.340616	0.489394	999.328
LLLTFLLSTLLGTLLSWLILI	LLLYFLLSTLLGTLLSWLILI	-9.34807	-7.94424	0.693609	0.219549	999.134
LLLYFLLSTLLGTLLSWLILI	LLLYYLLSTLLGTLLSWLILI	-8.03169	-8.28071	0.132101	0.952787	998.928
LLLYYLLSTLLGTLLSWLILI	LLLYYLLSTLLGWLLSWLILI	-9.02414	-6.0402	0.209355	0.716965	998.708
LLLYYLLSTLLGWLLSWLILI	LLLGYLLSTLLGWLLSWLILI	-6.1616	-7.91252	0.595564	0.269472	998.476
LLLGYLLSTLLGWLLSWLILI	LLLGYLLSTLLGTLLSWLILI	-7.46503	-10.765	0.716965	0.209355	998.229
LLLGYLLSTLLGTLLSWLILI	LLLGYLLSTLLGTLLSTLILI	-10.6311	-11.4242	0.343253	0.48602	997.967
LLLGYLLSTLLGTLLSTLILI	LLLWYLLSTLLGTLLSTLILI	-11.6106	-12.9077	0.299616	0.546658	997.689
LLLWYLLSTLLGTLLSTLILI	LLLWYLLSTLLGYLLSTLILI	-13.0113	-7.31586	0.443059	0.379341	997.081
LLLWYLLSTLLGYLLSTLILI	LLLTYLLSTLLGYLLSTLILI	-7.35195	-8.17911	0.343253	0.48602	996.749
LLLTYLLSTLLGYLLSTLILI	LLLTWLLSTLLGYLLSTLILI	-8.21394	-8.6536	0.451187	0.372136	996.397
LLLTWLLSTLLGYLLSTLILI	LLLYWLLSTLLGYLLSTLILI	-8.58268	-6.71996	0.443059	0.379341	996.023
LLLYWLLSTLLGYLLSTLILI	LLLYWLLSTLLGTLLSTLILI	-6.71996	-9.05046	0.379341	0.443059	995.626
LLLYWLLSTLLGTLLSTLILI	LLLTWLLSTLLGTLLSTLILI	-9.3217	-10.5205	0.171816	0.816184	995.205
LLLTWLLSTLLGTLLSTLILI	LLLYWLLSTLLGTLLSTLILI	-10.5205	-9.23868	0.816184	0.171816	994.758
LLLYWLLSTLLGTLLSTLILI	LLLYYLLSTLLGTLLSTLILI	-9.03836	-9.88673	0.372136	0.451187	994.285
LLLYYLLSTLLGTLLSTLILI	LLLYFLLSTLLGTLLSTLILI	-9.38513	-9.15966	0.952787	0.132101	993.782
LLLYFLLSTLLGTLLSTLILI	LLLYWLLSTLLGTLLSTLILI	-9.14298	-8.60311	0.148778	0.890414	993.249
LLLYWLLSTLLGTLLSTLILI	LLLTWLLSTLLGTLLSTLILI	-9.3217	-10.5205	0.171816	0.816184	992.683
LLLTWLLSTLLGTLLSTLILI	LLLYWLLSTLLGTLLSTLILI	-10.5205	-9.80463	0.816184	0.171816	992.084
LLLYWLLSTLLGTLLSTLILI	LLLYWLLSTLLGTLLGTLILI	-9.51934	-7.73804	0.457104	0.367007	991.448
LLLYWLLSTLLGTLLGTLILI	LLLYYLLSTLLGTLLGTLILI	-7.73291	-7.383	0.372136	0.451187	990.773
LLLYYLLSTLLGTLLGTLILI	LLLAYLLSTLLGTLLGTLILI	-6.69618	-6.97916	1.13801	0.0936181	990.058
LLLAYLLSTLLGTLLGTLILI	LLLWYLLSTLLGTLLGTLILI	-6.96692	-9.69531	0.105861	1.0712	989.3
LLLWYLLSTLLGTLLGTLILI	LLLWYLLSTLLGTLLGWLILI	-10.475	-9.96569	0.291546	0.559121	988.496
LLLWYLLSTLLGTLLGWLILI	LLLWYLLSTLLGFLLGWLILI	-9.70863	-6.92652	0.816184	0.171816	987.644
LLLWYLLSTLLGFLLGWLILI	LLLWFLLSTLLGFLLGWLILI	-6.68799	-2.75895	0.410343	0.410343	986.74
LLLWFLLSTLLGFLLGWLILI	LLLWFLLSTLLGFLLGTLILI	-2.45233	-4.05254	0.716965	0.209355	985.783
LLLWFLLSTLLGFLLGTLILI	LLLWFLLSILLGFLLGTLILI	-3.34995	-1.06668	0.911943	0.142768	984.769
LLLWFLLSILLGFLLGTLILI	LLLWYLLSILLGFLLGTLILI	-0.799107	-1.7132	0.410343	0.410343	983.694
LLLWYLLSILLGFLLGTLILI	LLLWYLLSILLGTLLGTLILI	-1.95173	-2.14184	0.171816	0.816184	982.555
LLLWYLLSILLGTLLGTLILI	LLLWYLLSTLLGTLLGTLILI	-2.85913	-10.2821	0.098896	1.10811	981.348
LLLWYLLSTLLGTLLGTLILI	LLLWYLLSTLLGTLLGYLILI	-10.9472	-10.1195	0.443059	0.379341	980.071
LLLWYLLSTLLGTLLGYLILI	LLLWYLLSTLLGTLLGFLILI	-9.54607	-8.81647	0.952787	0.132101	977.285
LLLWYLLSTLLGTLLGFLILI	LLLWYLLSVLLGTLLGFLILI	-8.01771	-6.19007	0.930859	0.137712	974.162
LLLWYLLSVLLGTLLGFLILI	LLLYYLLSVLLGTLLGFLILI	-5.95565	-5.72976	0.372136	0.451187	972.463
LLLYYLLSVLLGTLLGFLILI	LLLTYLLSVLLGTLLGFLILI	-5.67591	-3.46649	0.505042	0.328724	970.666
LLLTYLLSVLLGTLLGFLILI	LLLTWLLSVLLGTLLGFLILI	-3.52764	-3.58292	0.267575	0.598868	968.764
LLLTWLLSVLLGTLLGFLILI	LLLTWLLSVLLGTLLGTLILI	-4.06189	-5.35887	0.119894	1.0043	966.754
LLLTWLLSVLLGTLLGTLILI	LLLTWLLSTLLGTLLGTLILI	-6.29032	-7.83285	0.0728516	1.27634	964.627
LLLTWLLSTLLGTLLGTLILI	LLLTYLLSTLLGTLLGTLILI	-8.51033	-8.78587	0.598868	0.267575	962.38
LLLTYLLSTLLGTLLGTLILI	LLLTYLLSTLLGTLLGWLILI	-8.46611	-10.9483	0.58734	0.274265	960.005
LLLTYLLSTLLGTLLGWLILI	LLLTYLLSTLLGFLLGWLILI	-10.2183	-7.67368	1.0043	0.119894	954.846
LLLTYLLSTLLGFLLGWLILI	LLLWYLLSTLLGFLLGWLILI	-7.58422	-7.11203	0.209355	0.716965	952.048
LLLWYLLSTLLGFLLGWLILI	LLLWYLLSTLLGFLLGFLILI	-6.93858	-3.60995	0.890414	0.148778	949.095
LLLWYLLSTLLGFLLGFLILI	LLLWYLLGTLLGFLLGFLILI	-3.56458	-3.22187	0.19415	0.754431	945.979
LLLWYLLGTLLGFLLGFLILI	LLLWYLLGVLLGFLLGFLILI	-3.34414	-0.559742	0.632162	0.249358	942.693
LLLWYLLGVLLGFLLGFLILI	LLLYYLLGVLLGFLLGFLILI	-0.436964	0.540915	0.372136	0.451187	939.229
LLLYYLLGVLLGFLLGFLILI	LLLYYLLGVLLGWLLGFLILI	0.357304	0.137584	0.267575	0.598868	931.732
LLLYYLLGVLLGWLLGFLILI	LLLYYLLGVLLGWLLGTLILI	-0.156464	-1.99023	0.30482	0.538845	927.683
LLLYYLLGVLLGWLLGTLILI	LLLYFLLGVLLGWLLGTLILI	-1.57629	1.73288	0.952787	0.132101	923.422
LLLYFLLGVLLGWLLGTLILI	LLLYFLLGTLLGWLLGTLILI	1.73849	-0.163169	0.137712	0.930859	918.939
LLLYFLLGTLLGWLLGTLILI	LLLYYLLGTLLGWLLGTLILI	-0.961927	-4.31816	0.132101	0.952787	914.227
LLLYYLLGTLLGWLLGTLILI	LLLWYLLGTLLGWLLGTLILI	-5.00337	-4.95425	0.267575	0.598868	909.276
LLLWYLLGTLLGWLLGTLILI	LLLWYLLGTLLGTLLGTLILI	-4.99399	-7.8013	0.559121	0.291546	904.077
LLLWYLLGTLLGTLLGTLILI	LLLWYLLGVLLGTLLGTLILI	-6.96439	-4.62306	1.12845	0.0952708	898.621
LLLWYLLGVLLGTLLGTLILI	LLLWYLLGTLLGTLLGTLILI	-4.62306	-2.35838	0.0952708	1.12845	892.899
LLLWYLLGTLLGTLLGTLILI	LLLWYLLGTLLGFLLGTLILI	-2.48253	0.0880122	1.0043	0.119894	886.903
LLLWYLLGTLLGFLLGTLILI	LLLWFLLGTLLGFLLGTLILI	0.378461	1.04037	0.410343	0.410343	880.623
LLLWFLLGTLLGFLLGTLILI	LLLTFLLGTLLGFLLGTLILI	0.973276	-0.751678	0.343253	0.48602	874.051
LLLTFLLGTLLGFLLGTLILI	LLLYFLLGTLLGFLLGTLILI	-0.544089	-0.635373	0.693609	0.219549	867.179
LLLYFLLGTLLGFLLGTLILI	LLLYYLLGTLLGFLLGTLILI	-0.614887	-2.13459	0.240035	0.650378	859.999
LLLYYLLGTLLGFLLGTLILI	LLLYYLLGTLLGTLLGTLILI	-2.66507	-4.84015	0.119894	1.0043	852.504
LLLYYLLGTLLGTLLGTLILI	LLLYYLLGVLLGTLLGTLILI	-4.716	-4.34063	1.12845	0.0952708	836.541
LLLYYLLGVLLGTLLGTLILI	LLLYYLLGVLLGTLLGYLILI	-4.19786	-3.5109	0.238039	0.654392	819.243
LLLYYLLGVLLGTLLGYLILI	LLLYYLLGTLLGTLLGYLILI	-4.02758	-5.27667	0.137712	0.930859	810.083
LLLYYLLGTLLGTLLGYLILI	LLLTYLLGTLLGTLLGYLILI	-5.70248	-6.53683	0.505042	0.328724	800.577
LLLTYLLGTLLGTLLGYLILI	LLLTYLLGTLLGTLLGTLILI	-6.56073	-7.33584	0.30482	0.538845	769.974
LLLTYLLGTLLGTLLGTLILI	LLLWYLLGTLLGTLLGTLILI	-7.28735	-7.70065	0.58734	0.274265	747.845
LLLWYLLGTLLGTLLGTLILI	LLLWYLLGTLLGTLLGWLILI	-7.68337	-6.55061	0.291546	0.559121	736.272
LLLWYLLGTLLGTLLGWLILI	LLLWYLLGTLLGTLLGYLILI	-6.51086	-6.03433	0.598868	0.267575	699.602
LLLWYLLGTLLGTLLGYLILI	LLLWFLLGTLLGTLLGYLILI	-5.34912	-1.52101	0.952787	0.132101	686.76
LLLWFLLGTLLGTLLGYLILI	LLLTFLLGTLLGTLLGYLILI	-1.30986	-2.22685	0.343253	0.48602	673.628
LLLTFLLGTLLGTLLGYLILI	LLLTFLLGTLLGWLLGYLILI	-2.22685	-0.0615916	0.48602	0.343253	660.222
LLLTFLLGTLLGWLLGYLILI	LLLTFLLGTLLGWLLGTLILI	-0.185295	-2.15889	0.219549	0.693609	646.557
LLLTFLLGTLLGWLLGTLILI	LLLTFLLGTLLGWLLGYLILI	-2.15889	-1.03104	0.693609	0.219549	632.651
LLLTFLLGTLLGWLLGYLILI	LLLYFLLGTLLGWLLGYLILI	-0.921863	0.580846	0.328724	0.505042	618.524
LLLYFLLGTLLGWLLGYLILI	LLLTFLLGTLLGWLLGYLILI	0.580846	-0.194254	0.505042	0.328724	604.196
LLLTFLLGTLLGWLLGYLILI	LLLTFLLGTLLGWLLGTLILI	-0.30343	-0.69502	0.219549	0.693609	589.688
LLLTFLLGTLLGWLLGTLILI	LLLTFLLGILLGWLLGTLILI	-0.280523	0.509597	1.10811	0.098896	575.025
LLLTFLLGILLGWLLGTLILI	LLLTFLLGILLGTLLGTLILI	0.753953	-0.539704	0.343253	0.48602	560.23
LLLTFLLGILLGTLLGTLILI	LLLTFLLGTLLGTLLGTLILI	-0.950047	-2.46688	0.0756774	1.2552	530.348
LLLTFLLGTLLGTLLGTLILI	LLLYFLLGTLLGTLLGTLILI	-2.90589	-3.18264	0.816184	0.171816	515.312
LLLYFLLGTLLGTLLGTLILI	LLLYYLLGTLLGTLLGTLILI	-3.22236	-2.78687	0.132101	0.952787	500.25
LLLYYLLGTLLGTLLGTLILI	LLLWYLLGTLLGTLLGTLILI	-3.28847	-3.23263	0.451187	0.372136	485.188
LLLWYLLGTLLGTLLGTLILI	LLLWYLLGTLLGTLLGFLILI	-2.60046	-4.72188	1.0043	0.119894	455.171
LLLWYLLGTLLGTLLGFLILI	LLLTYLLGTLLGTLLGFLILI	-4.49852	-4.82916	0.343253	0.48602	440.27
LLLTYLLGTLLGTLLGFLILI	LLLYYLLGTLLGTLLGFLILI	-4.87212	-5.17754	0.443059	0.379341	425.475
LLLYYLLGTLLGTLLGFLILI	LLLYYLLGTLLGTLLGTLILI	-5.43698	-4.46898	0.119894	1.0043	396.304
LLLYYLLGTLLGTLLGTLILI	LLLYYLLGYLLGTLLGTLILI	-5.14455	-3.02201	0.328724	0.505042	381.976
LLLYYLLGYLLGTLLGTLILI	LLLYYLLGTLLGTLLGTLILI	-3.02201	-5.62046	0.505042	0.328724	353.943
LLLYYLLGTLLGTLLGTLILI	LLLYYLLGILLGTLLGTLILI	-4.84107	-4.31118	1.10811	0.098896	326.872
LLLYYLLGILLGTLLGTLILI	LLLYYLLGTLLGTLLGTLILI	-4.31118	-4.98889	0.098896	1.10811	264.228
LLLYYLLGTLLGTLLGTLILI	LLLYYLLGTLLGWLLGTLILI	-5.61097	-5.11516	0.48602	0.343253	252.655
LLLYYLLGTLLGWLLGTLILI	LLLYYLLGTLLGTLLGTLILI	-5.11516	-6.79003	0.343253	0.48602	230.526
LLLYYLLGTLLGTLLGTLILI	LLLYYLLGTLLGYLLGTLILI	-6.94732	-4.9731	0.328724	0.505042	190.417
LLLYYLLGTLLGYLLGTLILI	LLLYYLLGTLLGTLLGTLILI	-4.9731	-7.36442	0.505042	0.328724	163.959
LLLYYLLGTLLGTLLGTLILI	LLLTYLLGTLLGTLLGTLILI	-7.38833	-7.33584	0.30482	0.538845	147.996
LLLTYLLGTLLGTLLGTLILI	LLLYYLLGTLLGTLLGTLILI	-7.33584	-7.37322	0.538845	0.30482	107.601
LLLYYLLGTLLGTLLGTLILI	LLLTYLLGTLLGTLLGTLILI	-7.37322	-7.21791	0.30482	0.538845	77.0783
LLLTYLLGTLLGTLLGTLILI	LLLWYLLGTLLGTLLGTLILI	-7.16941	-7.81858	0.58734	0.274265	61.271
Time: 367s
