***STARTING GEOMETRY:***
xShift: 6.75461
crossingAngle: -50.1872
axialRotation: 6.5883
zShift: 4.45178

Number of MCCycles: 100
PrevSequence	CurrSequence	PrevEnergy	CurrEnergy	PrevEntropy	CurrEntropy	CurrentTemp
LLLYLLGTLLGTLLTTLLILI	LLLYLLGTLLGYLLTTLLILI	-28.7939	-30.2556	0.443059	0.379341	999.684
LLLYLLGTLLGYLLTTLLILI	LLLYLLGTLLGFLLTTLLILI	-29.6821	-29.5044	0.952787	0.132101	999.328
LLLYLLGTLLGFLLTTLLILI	LLLYLLGTLLGFLLTYLLILI	-29.2262	-25.3168	0.410343	0.410343	998.928
LLLYLLGTLLGFLLTYLLILI	LLLYLLGTLLGYLLTYLLILI	-25.595	-25.1774	0.132101	0.952787	998.476
LLLYLLGTLLGYLLTYLLILI	LLLYLLGTLLGFLLTYLLILI	-25.1774	-25.3894	0.952787	0.132101	997.967
LLLYLLGTLLGFLLTYLLILI	LLLYLLGTLLGYLLTYLLILI	-25.3894	-25.1774	0.132101	0.952787	997.394
LLLYLLGTLLGYLLTYLLILI	LLLYLLGTLLGYLLSYLLILI	-25.4394	-22.7355	0.690823	0.220804	996.749
LLLYLLGTLLGYLLSYLLILI	LLLYLLGTLLGYLLSTLLILI	-22.5459	-27.1486	0.410343	0.410343	996.023
LLLYLLGTLLGYLLSTLLILI	LLLYLLGTLLGYLLATLLILI	-26.9167	-26.5367	0.642213	0.244161	995.205
LLLYLLGTLLGYLLATLLILI	LLLFLLGTLLGYLLATLLILI	-25.828	-24.6271	0.952787	0.132101	994.285
LLLFLLGTLLGYLLATLLILI	LLLYLLGTLLGYLLATLLILI	-24.6271	-25.828	0.132101	0.952787	993.249
LLLYLLGTLLGYLLATLLILI	LLLYLLGTLLGYLLSTLLILI	-26.5367	-26.9167	0.244161	0.642213	992.084
LLLYLLGTLLGYLLSTLLILI	LLLFLLGTLLGYLLSTLLILI	-26.6062	-25.4052	0.952787	0.132101	990.773
LLLFLLGTLLGYLLSTLLILI	LLLFLLGTLLGYLLATLLILI	-24.8951	-24.597	0.642213	0.244161	989.3
LLLFLLGTLLGYLLATLLILI	LLLFLLGTLLGYLLSTLLILI	-24.597	-24.8951	0.244161	0.642213	987.644
LLLFLLGTLLGYLLSTLLILI	LLLYLLGTLLGYLLSTLLILI	-25.4052	-26.6062	0.132101	0.952787	985.783
LLLYLLGTLLGYLLSTLLILI	LLLYLLGTLLGFLLSTLLILI	-26.6062	-26.4	0.952787	0.132101	983.694
LLLYLLGTLLGFLLSTLLILI	LLLYLLGILLGFLLSTLLILI	-25.9156	-21.6955	0.616541	0.257708	981.348
LLLYLLGILLGFLLSTLLILI	LLLYLLGILLGFLLATLLILI	-21.311	-20.3725	0.642213	0.244161	978.717
LLLYLLGILLGFLLATLLILI	LLLYLLGTLLGFLLATLLILI	-20.3589	-25.082	0.257708	0.616541	975.768
LLLYLLGTLLGFLLATLLILI	LLLYLLGTLLGFLLSTLLILI	-25.4543	-25.8899	0.244161	0.642213	972.463
LLLYLLGTLLGFLLSTLLILI	LLLYLLGTLLGFLLATLLILI	-25.8899	-25.4543	0.642213	0.244161	968.764
LLLYLLGTLLGFLLATLLILI	LLLYLLGTLLGYLLATLLILI	-25.5664	-25.6155	0.132101	0.952787	964.627
LLLYLLGTLLGYLLATLLILI	LLLYLLGTLLGYLLSTLLILI	-26.3241	-26.9167	0.244161	0.642213	960.005
LLLYLLGTLLGYLLSTLLILI	LLLFLLGTLLGYLLSTLLILI	-26.6062	-25.4894	0.952787	0.132101	954.846
LLLFLLGTLLGYLLSTLLILI	LLLYLLGTLLGYLLSTLLILI	-25.4894	-26.7323	0.132101	0.952787	949.095
LLLYLLGTLLGYLLSTLLILI	LLLYLLGTLLGYLLSVLLILI	-27.2747	-23.4266	0.410343	0.410343	942.693
LLLYLLGTLLGYLLSVLLILI	LLLYLLGTLLGYLLSTLLILI	-23.4266	-27.1486	0.410343	0.410343	935.578
LLLYLLGTLLGYLLSTLLILI	LLLYLLGTLLGFLLSTLLILI	-26.6062	-26.4	0.952787	0.132101	927.683
LLLYLLGTLLGFLLSTLLILI	LLLYLLGTLLGFLLSVLLILI	-26.1218	-22.136	0.410343	0.410343	918.939
LLLYLLGTLLGFLLSVLLILI	LLLFLLGTLLGFLLSVLLILI	-22.136	-20.4103	0.410343	0.410343	909.276
LLLFLLGTLLGFLLSVLLILI	LLLFLLGTLLGFLLSTLLILI	-20.4103	-24.4303	0.410343	0.410343	898.621
LLLFLLGTLLGFLLSTLLILI	LLLFLLGTLLGYLLSTLLILI	-24.4303	-25.2089	0.410343	0.410343	886.903
LLLFLLGTLLGYLLSTLLILI	LLLFLLGTLLGFLLSTLLILI	-25.2089	-24.2934	0.410343	0.410343	874.051
LLLFLLGTLLGFLLSTLLILI	LLLFLLGTLLGFLLATLLILI	-24.0615	-23.5385	0.642213	0.244161	859.999
LLLFLLGTLLGFLLATLLILI	LLLYLLGTLLGFLLATLLILI	-23.3723	-25.2882	0.410343	0.410343	844.686
LLLYLLGTLLGFLLATLLILI	LLLYLLGTLLGFLLSTLLILI	-25.4543	-25.8899	0.244161	0.642213	828.061
LLLYLLGTLLGFLLSTLLILI	LLLYLLGTLLGFLLSYLLILI	-26.1218	-22.1144	0.410343	0.410343	810.083
LLLYLLGTLLGFLLSYLLILI	LLLYLLGTLLGFLLAYLLILI	-21.8825	-21.3961	0.642213	0.244161	790.724
LLLYLLGTLLGFLLAYLLILI	LLLYLLGTLLGFLLATLLILI	-21.2299	-25.0825	0.410343	0.410343	769.974
LLLYLLGTLLGFLLATLLILI	LLLFLLGTLLGFLLATLLILI	-25.0825	-23.3723	0.410343	0.410343	747.845
LLLFLLGTLLGFLLATLLILI	LLLFLLGTLLGFLLSTLLILI	-23.5385	-23.8369	0.244161	0.642213	724.369
LLLFLLGTLLGFLLSTLLILI	LLLFLLGTLLGYLLSTLLILI	-24.0687	-25.2089	0.410343	0.410343	699.602
LLLFLLGTLLGYLLSTLLILI	LLLFLLGTLLGFLLSTLLILI	-25.2089	-24.2059	0.410343	0.410343	673.628
LLLFLLGTLLGFLLSTLLILI	LLLFLLGTLLGYLLSTLLILI	-24.2059	-25.3352	0.410343	0.410343	646.557
LLLFLLGTLLGYLLSTLLILI	LLLFLLGTLLGYLLATLLILI	-25.1034	-24.597	0.642213	0.244161	618.524
LLLFLLGTLLGYLLATLLILI	LLLFLLGTLLGYLLSTLLILI	-24.597	-24.979	0.244161	0.642213	589.688
LLLFLLGTLLGYLLSTLLILI	LLLYLLGTLLGYLLSTLLILI	-25.4891	-26.6062	0.132101	0.952787	560.23
LLLYLLGTLLGYLLSTLLILI	LLLYLLGTLLGFLLSTLLILI	-26.6062	-26.1943	0.952787	0.132101	530.348
LLLYLLGTLLGFLLSTLLILI	LLLYLLGTLLGFLLATLLILI	-25.6842	-25.2487	0.642213	0.244161	500.25
LLLYLLGTLLGFLLATLLILI	LLLYLLGTLLGFLLSTLLILI	-25.2487	-25.8899	0.244161	0.642213	470.152
LLLYLLGTLLGFLLSTLLILI	LLLYLLGTLLGFLLATLLILI	-25.8899	-25.4543	0.642213	0.244161	440.27
LLLYLLGTLLGFLLATLLILI	LLLYLLGTLLGYLLATLLILI	-25.5664	-25.828	0.132101	0.952787	410.812
LLLYLLGTLLGYLLATLLILI	LLLYLLGTLLGYLLSTLLILI	-26.5367	-26.9167	0.244161	0.642213	381.976
LLLYLLGTLLGYLLSTLLILI	LLLYLLGTLLGYLLATLLILI	-26.9167	-26.5367	0.642213	0.244161	353.943
LLLYLLGTLLGYLLATLLILI	LLLYLLGTLLGFLLATLLILI	-25.828	-25.5664	0.952787	0.132101	326.872
LLLYLLGTLLGFLLATLLILI	LLLYLLGTLLGFLLSTLLILI	-25.4543	-25.8899	0.244161	0.642213	300.898
LLLYLLGTLLGFLLSTLLILI	LLLYLLGTLLGFLLATLLILI	-25.8899	-25.4543	0.642213	0.244161	276.131
LLLYLLGTLLGFLLATLLILI	LLLYLLGTLLGFLLSTLLILI	-25.4543	-25.8899	0.244161	0.642213	252.655
LLLYLLGTLLGFLLSTLLILI	LLLYLLGTLLGYLLSTLLILI	-26.4	-26.6062	0.132101	0.952787	230.526
LLLYLLGTLLGYLLSTLLILI	LLLYLLGTLLGYLLATLLILI	-26.9167	-26.5367	0.642213	0.244161	209.776
LLLYLLGTLLGYLLATLLILI	LLLYLLGTLLGFLLATLLILI	-25.828	-25.5664	0.952787	0.132101	190.417
LLLYLLGTLLGFLLATLLILI	LLLYLLGTLLGYLLATLLILI	-25.5664	-25.828	0.132101	0.952787	172.439
LLLYLLGTLLGYLLATLLILI	LLLYLLGTLLGYLLSTLLILI	-26.5367	-26.9167	0.244161	0.642213	140.501
LLLYLLGTLLGYLLSTLLILI	LLLYLLGTLLGYLLATLLILI	-26.9167	-26.5367	0.642213	0.244161	126.449
LLLYLLGTLLGYLLATLLILI	LLLYLLGTLLGYLLSTLLILI	-26.5367	-26.9167	0.244161	0.642213	101.879
LLLYLLGTLLGYLLSTLLILI	LLLYLLGTLLGYLLATLLILI	-26.9167	-26.5367	0.642213	0.244161	91.2238
LLLYLLGTLLGYLLATLLILI	LLLYLLGTLLGYLLSTLLILI	-26.5367	-26.9167	0.244161	0.642213	81.5606
LLLYLLGTLLGYLLSTLLILI	LLLYLLGTLLGFLLSTLLILI	-26.6062	-26.6245	0.952787	0.132101	64.9219
LLLYLLGTLLGFLLSTLLILI	LLLYLLGTLLGYLLSTLLILI	-26.6245	-26.6062	0.132101	0.952787	57.8066
LLLYLLGTLLGYLLSTLLILI	LLLYLLGTLLGFLLSTLLILI	-26.6062	-26.6245	0.952787	0.132101	51.4049
LLLYLLGTLLGFLLSTLLILI	LLLYLLGTLLGYLLSTLLILI	-26.6245	-26.7325	0.132101	0.952787	45.6541
Time: 93s
