***STARTING GEOMETRY:***
xShift: 8.67597
crossingAngle: 31
axialRotation: 100
zShift: 3.22877

Number of MCCycles: 100
PrevSequence	CurrSequence	PrevEnergy	CurrEnergy	PrevEntropy	CurrEntropy	CurrentTemp
LLLYALLALLTSLTYLLLILI	LLLYALLALLTALTYLLLILI	-15.166	-16.2501	0.297523	0.549849	999.684
LLLYALLALLTALTYLLLILI	LLLGALLALLTALTYLLLILI	-15.9135	-15.9753	0.886373	0.149938	999.328
LLLGALLALLTALTYLLLILI	LLLGALLALLTALTFLLLILI	-15.4749	-14.1115	0.650378	0.240035	998.928
LLLGALLALLTALTFLLLILI	LLLGALLALLTALTYLLLILI	-14.1115	-13.0935	0.240035	0.650378	998.476
LLLGALLALLTALTYLLLILI	LLLGALLYLLTALTYLLLILI	-13.4984	-20.8772	0.24553	0.639541	997.967
LLLGALLYLLTALTYLLLILI	LLLGALLYLLTALTFLLLILI	-20.5639	-22.415	0.952787	0.132101	997.394
LLLGALLYLLTALTFLLLILI	LLLWALLYLLTALTFLLLILI	-22.3785	-23.5495	0.168564	0.825949	996.749
LLLWALLYLLTALTFLLLILI	LLLWGLLYLLTALTFLLLILI	-23.9117	-22.2039	0.463748	0.36136	996.023
LLLWGLLYLLTALTFLLLILI	LLLWGLLWLLTALTFLLLILI	-22.4165	-22.1168	0.148778	0.890414	995.205
LLLWGLLWLLTALTFLLLILI	LLLLGLLWLLTALTFLLLILI	-22.0826	-23.9836	0.924643	0.139351	994.285
LLLLGLLWLLTALTFLLLILI	LLLLGLLWLLTSLTFLLLILI	-23.8788	-23.4317	0.244161	0.642213	993.249
LLLLGLLWLLTSLTFLLLILI	LLLLGLLYLLTSLTFLLLILI	-23.4751	-23.3916	0.598868	0.267575	992.084
LLLLGLLYLLTSLTFLLLILI	LLLLGLLYLLTSLTYLLLILI	-23.5271	-21.0051	0.132101	0.952787	990.773
LLLLGLLYLLTSLTYLLLILI	LLLLGLLYLLTGLTYLLLILI	-21.6862	-22.8346	0.271616	0.591862	989.3
LLLLGLLYLLTGLTYLLLILI	LLLLALLYLLTGLTYLLLILI	-22.5541	-19.1766	0.872342	0.154044	987.644
LLLLALLYLLTGLTYLLLILI	LLLLALLYLLTGLTFLLLILI	-18.3778	-18.5764	0.952787	0.132101	985.783
LLLLALLYLLTGLTFLLLILI	LLLLALLYLLTGLTYLLLILI	-18.5764	-19.5878	0.132101	0.952787	983.694
LLLLALLYLLTGLTYLLLILI	LLLLALLFLLTGLTYLLLILI	-19.5878	-19.8611	0.952787	0.132101	981.348
LLLLALLFLLTGLTYLLLILI	LLLLALLYLLTGLTYLLLILI	-19.8611	-21.3899	0.132101	0.952787	978.717
LLLLALLYLLTGLTYLLLILI	LLLYALLYLLTGLTYLLLILI	-22.183	-22.7422	0.159692	0.853726	975.768
LLLYALLYLLTGLTYLLLILI	LLLYALLYLLTALTYLLLILI	-23.2346	-23.6098	0.36136	0.463748	968.764
LLLYALLYLLTALTYLLLILI	LLLYALLFLLTALTYLLLILI	-22.9216	-22.049	1.15198	0.0912572	964.627
LLLYALLFLLTALTYLLLILI	LLLYALLYLLTALTYLLLILI	-22.049	-21.3083	0.0912572	1.15198	960.005
LLLYALLYLLTALTYLLLILI	LLLYALLYLLIALTYLLLILI	-21.5484	-18.3961	0.911943	0.142768	954.846
LLLYALLYLLIALTYLLLILI	LLLYALLFLLIALTYLLLILI	-17.3869	-16.6083	1.15198	0.0912572	949.095
LLLYALLFLLIALTYLLLILI	LLLYALLFLLTALTYLLLILI	-16.5568	-21.1686	0.142768	0.911943	942.693
LLLYALLFLLTALTYLLLILI	LLLYALLFLLVALTYLLLILI	-21.1497	-17.6746	0.930859	0.137712	935.578
LLLYALLFLLVALTYLLLILI	LLLYGLLFLLVALTYLLLILI	-17.3486	-17.9954	0.463748	0.36136	927.683
LLLYGLLFLLVALTYLLLILI	LLLYGLLFLLVSLTYLLLILI	-18.1126	-17.1045	0.244161	0.642213	918.939
LLLYGLLFLLVSLTYLLLILI	LLLYGLLFLLTSLTYLLLILI	-17.609	-21.2165	0.137712	0.930859	909.276
LLLYGLLFLLTSLTYLLLILI	LLLYGLLFLLTSLTFLLLILI	-21.4969	-21.9319	0.650378	0.240035	898.621
LLLYGLLFLLTSLTFLLLILI	LLLYALLFLLTSLTFLLLILI	-21.5878	-20.5214	0.584123	0.276169	886.903
LLLYALLFLLTSLTFLLLILI	LLLFALLFLLTSLTFLLLILI	-20.4952	-20.6996	0.302409	0.542444	874.051
LLLFALLFLLTSLTFLLLILI	LLLYALLFLLTSLTFLLLILI	-20.6996	-21.1175	0.542444	0.302409	859.999
LLLYALLFLLTSLTFLLLILI	LLLYALLYLLTSLTFLLLILI	-21.1798	-22.4995	0.240035	0.650378	844.686
LLLYALLYLLTSLTFLLLILI	LLLYGLLYLLTSLTFLLLILI	-22.8737	-22.8638	0.276169	0.584123	828.061
LLLYGLLYLLTSLTFLLLILI	LLLYGLLYLLTALTFLLLILI	-22.8057	-24.9307	0.642213	0.244161	810.083
LLLYGLLYLLTALTFLLLILI	LLLFGLLYLLTALTFLLLILI	-24.5244	-21.4515	0.650378	0.240035	790.724
LLLFGLLYLLTALTFLLLILI	LLLYGLLYLLTALTFLLLILI	-21.4515	-22.9122	0.240035	0.650378	769.974
LLLYGLLYLLTALTFLLLILI	LLLYGLLYLLTSLTFLLLILI	-23.3184	-24.0007	0.244161	0.642213	747.845
LLLYGLLYLLTSLTFLLLILI	LLLYGLLWLLTSLTFLLLILI	-24.1918	-24.7926	0.451187	0.372136	724.369
LLLYGLLWLLTSLTFLLLILI	LLLYGLLWLLTSLTYLLLILI	-25.0327	-24.7784	0.132101	0.952787	699.602
LLLYGLLWLLTSLTYLLLILI	LLLYGLLWLLTSLTFLLLILI	-24.7784	-27.3841	0.952787	0.132101	673.628
LLLYGLLWLLTSLTFLLLILI	LLLYGLLWLLTALTFLLLILI	-26.874	-27.0066	0.642213	0.244161	618.524
LLLYGLLWLLTALTFLLLILI	LLLYGLLWLLTALTYLLLILI	-27.1186	-24.8738	0.132101	0.952787	560.23
LLLYGLLWLLTALTYLLLILI	LLLYGLLWLLTALTFLLLILI	-24.8738	-24.9176	0.952787	0.132101	530.348
LLLYGLLWLLTALTFLLLILI	LLLYGLLYLLTALTFLLLILI	-24.6775	-24.7236	0.372136	0.451187	500.25
LLLYGLLYLLTALTFLLLILI	LLLYGLLWLLTALTFLLLILI	-24.7236	-24.6013	0.451187	0.372136	470.152
LLLYGLLWLLTALTFLLLILI	LLLFGLLWLLTALTFLLLILI	-24.5631	-24.1514	0.410343	0.410343	440.27
LLLFGLLWLLTALTFLLLILI	LLLFGLLWLLTSLTFLLLILI	-24.3176	-23.1736	0.244161	0.642213	410.812
LLLFGLLWLLTSLTFLLLILI	LLLFGLLWLLTSLTYLLLILI	-23.4055	-24.024	0.410343	0.410343	381.976
LLLFGLLWLLTSLTYLLLILI	LLLFGLLWLLTSLTFLLLILI	-24.024	-24.167	0.410343	0.410343	353.943
LLLFGLLWLLTSLTFLLLILI	LLLFGLLWLLTSLTYLLLILI	-24.167	-24.9533	0.410343	0.410343	326.872
LLLFGLLWLLTSLTYLLLILI	LLLFGLLWLLTALTYLLLILI	-24.7214	-25.7553	0.642213	0.244161	276.131
LLLFGLLWLLTALTYLLLILI	LLLFGLLWLLTSLTYLLLILI	-25.7553	-23.7863	0.244161	0.642213	209.776
LLLFGLLWLLTSLTYLLLILI	LLLFGLLWLLTALTYLLLILI	-23.7863	-24.2966	0.642213	0.244161	190.417
LLLFGLLWLLTALTYLLLILI	LLLFGLLWLLTALTFLLLILI	-24.1304	-23.9011	0.410343	0.410343	155.814
LLLFGLLWLLTALTFLLLILI	LLLFGLLWLLTALTYLLLILI	-23.9011	-24.1894	0.410343	0.410343	140.501
LLLFGLLWLLTALTYLLLILI	LLLYGLLWLLTALTYLLLILI	-24.4676	-24.95	0.132101	0.952787	101.879
LLLYGLLWLLTALTYLLLILI	LLLYGLLWLLTGLTYLLLILI	-25.7488	-25.8193	0.154044	0.872342	91.2238
LLLYGLLWLLTGLTYLLLILI	LLLYGLLWLLTALTYLLLILI	-25.8193	-26.4151	0.872342	0.154044	81.5606
LLLYGLLWLLTALTYLLLILI	LLLFGLLWLLTALTYLLLILI	-25.6164	-25.8673	0.952787	0.132101	64.9219
LLLFGLLWLLTALTYLLLILI	LLLFGLLWLLTSLTYLLLILI	-25.7553	-26.1367	0.244161	0.642213	4.47717
Time: 179s
