***STARTING GEOMETRY:***
xShift: 8.67597
crossingAngle: 21
axialRotation: 100
zShift: 4.2

Number of MCCycles: 100
PrevSequence	CurrSequence	PrevEnergy	CurrEnergy	PrevEntropy	CurrEntropy	CurrentTemp
LLLYGLLFLLTSLTTLLLILI	LLLYGLLFLLTSLTYLLLILI	0.830662	-2.20079	0.443059	0.379341	999.684
LLLYGLLFLLTSLTYLLLILI	LLLYALLFLLTSLTYLLLILI	-1.99601	-2.02056	0.584123	0.276169	999.328
LLLYALLFLLTSLTYLLLILI	LLLFALLFLLTSLTYLLLILI	-1.64635	-3.15935	0.650378	0.240035	998.928
LLLFALLFLLTSLTYLLLILI	LLLFGLLFLLTSLTYLLLILI	-3.12321	-1.72664	0.276169	0.584123	998.476
LLLFGLLFLLTSLTYLLLILI	LLLYGLLFLLTSLTYLLLILI	-2.07073	-3.76719	0.240035	0.650378	997.967
LLLYGLLFLLTSLTYLLLILI	LLLYGLLFLLTSLVYLLLILI	-3.48671	-0.0419491	0.930859	0.137712	997.394
LLLYGLLFLLTSLVYLLLILI	LLLYALLFLLTSLVYLLLILI	0.404462	3.76181	0.584123	0.276169	996.749
LLLYALLFLLTSLVYLLLILI	LLLYALLFLLTGLVYLLLILI	3.94274	1.85471	0.457104	0.367007	996.023
LLLYALLFLLTGLVYLLLILI	LLLYALLFLLTGLTYLLLILI	1.62542	-1.3346	0.137712	0.930859	995.205
LLLYALLFLLTGLTYLLLILI	LLLYALLYLLTGLTYLLLILI	-2.1742	-0.841572	0.0912572	1.15198	994.285
LLLYALLYLLTGLTYLLLILI	LLLYGLLYLLTGLTYLLLILI	-1.83951	-2.78699	0.154044	0.872342	993.249
LLLYGLLYLLTGLTYLLLILI	LLLYGLLYLLTSLTYLLLILI	-3.06747	-6.10033	0.591862	0.271616	992.084
LLLYGLLYLLTSLTYLLLILI	LLLYGLLYLLTSLTTLLLILI	-5.86691	-3.5754	0.505042	0.328724	990.773
LLLYGLLYLLTSLTTLLLILI	LLLYGLLYLLTSLTFLLLILI	-2.89983	-3.00962	1.0043	0.119894	989.3
LLLYGLLYLLTSLTFLLLILI	LLLFGLLYLLTSLTFLLLILI	-2.47914	-2.01424	0.650378	0.240035	987.644
LLLFGLLYLLTSLTFLLLILI	LLLFGLLYLLTSLTYLLLILI	-2.01424	-3.26719	0.240035	0.650378	985.783
LLLFGLLYLLTSLTYLLLILI	LLLFALLYLLTSLTYLLLILI	-3.33345	-2.19685	0.584123	0.276169	983.694
LLLFALLYLLTSLTYLLLILI	LLLFALLYLLTGLTYLLLILI	-2.01591	0.710216	0.457104	0.367007	981.348
LLLFALLYLLTGLTYLLLILI	LLLFGLLYLLTGLTYLLLILI	0.497254	-0.25891	0.154044	0.872342	978.717
LLLFGLLYLLTGLTYLLLILI	LLLYGLLYLLTGLTYLLLILI	-1.03999	-2.50736	0.0912572	1.15198	975.768
LLLYGLLYLLTGLTYLLLILI	LLLFGLLYLLTGLTYLLLILI	-2.50736	-1.23306	1.15198	0.0912572	972.463
LLLFGLLYLLTGLTYLLLILI	LLLFGLLYLLTSLTYLLLILI	-0.732456	-4.02727	0.591862	0.271616	968.764
LLLFGLLYLLTSLTYLLLILI	LLLWGLLYLLTSLTYLLLILI	-4.1501	-3.1624	0.148778	0.890414	964.627
LLLWGLLYLLTSLTYLLLILI	LLLYGLLYLLTSLTYLLLILI	-3.78077	-5.78082	0.272043	0.591129	960.005
LLLYGLLYLLTSLTYLLLILI	LLLYGLLYLLTSLTTLLLILI	-5.86691	-3.5754	0.505042	0.328724	954.846
LLLYGLLYLLTSLTTLLLILI	LLLYGLLYLLTSLTYLLLILI	-3.5754	-5.86691	0.328724	0.505042	949.095
LLLYGLLYLLTSLTYLLLILI	LLLYALLYLLTSLTYLLLILI	-5.78782	-4.63214	0.584123	0.276169	942.693
LLLYALLYLLTSLTYLLLILI	LLLYALLYLLTGLTYLLLILI	-4.4512	-1.74642	0.457104	0.367007	935.578
LLLYALLYLLTGLTYLLLILI	LLLYALLYLLTSLTYLLLILI	-1.74642	-4.47276	0.367007	0.457104	927.683
LLLYALLYLLTSLTYLLLILI	LLLYALLFLLTSLTYLLLILI	-3.77788	-5.49907	1.15198	0.0912572	918.939
LLLYALLFLLTSLTYLLLILI	LLLYALLFLLTSLTTLLLILI	-5.21099	-2.34176	0.379341	0.443059	898.621
LLLYALLFLLTSLTTLLLILI	LLLYGLLFLLTSLTTLLLILI	-2.50865	-1.27787	0.276169	0.584123	886.903
LLLYGLLFLLTSLTTLLLILI	LLLYGLLFLLTSLTYLLLILI	-1.41894	-3.92601	0.443059	0.379341	874.051
LLLYGLLFLLTSLTYLLLILI	LLLYGLLYLLTSLTYLLLILI	-4.21409	-2.68806	0.0912572	1.15198	859.999
LLLYGLLYLLTSLTYLLLILI	LLLYALLYLLTSLTYLLLILI	-3.25592	-1.95009	0.584123	0.276169	844.686
LLLYALLYLLTSLTYLLLILI	LLLVALLYLLTSLTYLLLILI	-0.944603	-3.19019	1.28166	0.0721588	828.061
LLLVALLYLLTSLTYLLLILI	LLLVALLFLLTSLTYLLLILI	-2.30956	-1.86905	0.952787	0.132101	810.083
LLLVALLFLLTSLTYLLLILI	LLLFALLFLLTSLTYLLLILI	-1.80668	-2.47017	0.194474	0.753596	790.724
LLLFALLFLLTSLTYLLLILI	LLLFGLLFLLTSLTYLLLILI	-2.9476	-1.89073	0.276169	0.584123	747.845
LLLFGLLFLLTSLTYLLLILI	LLLYGLLFLLTSLTYLLLILI	-2.23482	-3.48908	0.240035	0.650378	724.369
LLLYGLLFLLTSLTYLLLILI	LLLYALLFLLTSLTYLLLILI	-3.55533	-5.18394	0.584123	0.276169	699.602
LLLYALLFLLTSLTYLLLILI	LLLYALLYLLTSLTYLLLILI	-5.36885	-3.75633	0.0912572	1.15198	673.628
LLLYALLYLLTSLTYLLLILI	LLLYALLFLLTSLTYLLLILI	-3.75633	-5.36885	1.15198	0.0912572	646.557
LLLYALLFLLTSLTYLLLILI	LLLYGLLFLLTSLTYLLLILI	-5.18394	-3.68837	0.276169	0.584123	589.688
LLLYGLLFLLTSLTYLLLILI	LLLYALLFLLTSLTYLLLILI	-3.68837	-5.00833	0.584123	0.276169	560.23
LLLYALLFLLTSLTYLLLILI	LLLYGLLFLLTSLTYLLLILI	-5.00833	-3.66808	0.276169	0.584123	530.348
LLLYGLLFLLTSLTYLLLILI	LLLYGLLYLLTSLTYLLLILI	-4.16094	-4.92395	0.0912572	1.15198	500.25
LLLYGLLYLLTSLTYLLLILI	LLLYALLYLLTSLTYLLLILI	-5.49181	-4.80775	0.584123	0.276169	470.152
LLLYALLYLLTSLTYLLLILI	LLLLALLYLLTSLTYLLLILI	-4.23019	-3.6557	0.853726	0.159692	381.976
LLLLALLYLLTSLTYLLLILI	LLLLALLFLLTSLTYLLLILI	-2.8626	-2.06959	0.952787	0.132101	353.943
LLLLALLFLLTSLTYLLLILI	LLLLALLYLLTSLTYLLLILI	-2.06959	-2.24491	0.132101	0.952787	326.872
LLLLALLYLLTSLTYLLLILI	LLLYALLYLLTSLTYLLLILI	-3.03801	-3.75107	0.159692	0.853726	300.898
LLLYALLYLLTSLTYLLLILI	LLLYGLLYLLTSLTYLLLILI	-4.32862	-5.96344	0.276169	0.584123	252.655
Time: 179s
