***STARTING GEOMETRY:***
xShift: 8.67597
crossingAngle: 31
axialRotation: 50
zShift: 3.22877

Number of MCCycles: 100
PrevSequence	CurrSequence	PrevEnergy	CurrEnergy	PrevEntropy	CurrEntropy	CurrentTemp
LLLYVLLALLTTLTTLLLILI	LLLYFLLALLTTLTTLLLILI	6850.11	6849.12	0.340616	0.489394	999.684
LLLYFLLALLTTLTTLLLILI	LLLYFLLALLTFLTTLLLILI	6849.44	6850.29	0.816184	0.171816	999.328
LLLYFLLALLTFLTTLLLILI	LLLYFLLALLTTLTTLLLILI	6850.29	6849	0.171816	0.816184	998.928
LLLYFLLALLTTLTTLLLILI	LLLYFLLGLLTTLTTLLLILI	6848.46	6849.9	0.276169	0.584123	998.476
LLLYFLLGLLTTLTTLLLILI	LLLYFLLGLLTFLTTLLLILI	6850.13	6851.27	0.816184	0.171816	997.967
LLLYFLLGLLTFLTTLLLILI	LLLYFLLGLLTFLVTLLLILI	6852.22	6854.63	1.12845	0.0952708	997.394
LLLYFLLGLLTFLVTLLLILI	LLLYVLLGLLTFLVTLLLILI	6855.02	6853.48	0.489394	0.340616	996.749
LLLYVLLGLLTFLVTLLLILI	LLLYVLLGLLTFLTTLLLILI	6853.32	6850.65	0.177314	0.800152	996.023
LLLYVLLGLLTFLTTLLLILI	LLLYVLLGLLTTLTTLLLILI	6849.94	6849.55	0.0921195	1.14683	995.205
LLLYVLLGLLTTLTTLLLILI	LLLYVLLGLLYTLTTLLLILI	6848.95	6843.08	0.538845	0.30482	994.285
LLLYVLLGLLYTLTTLLLILI	LLLYVLLGLLYFLTTLLLILI	6843.78	6841.57	1.0043	0.119894	993.249
LLLYVLLGLLYFLTTLLLILI	LLLYFLLGLLYFLTTLLLILI	6841.64	6843.4	0.194474	0.753596	992.084
LLLYFLLGLLYFLTTLLLILI	LLLYVLLGLLYFLTTLLLILI	6843.4	6841.7	0.753596	0.194474	990.773
LLLYVLLGLLYFLTTLLLILI	LLLYVLLGLLFFLTTLLLILI	6842.15	6845.02	0.650378	0.240035	989.3
LLLYVLLGLLFFLTTLLLILI	LLLWVLLGLLFFLTTLLLILI	6845.05	6846.92	0.267575	0.598868	987.644
LLLWVLLGLLFFLTTLLLILI	LLLWVLLGLLFYLTTLLLILI	6846.74	6846.4	0.410343	0.410343	985.783
LLLWVLLGLLFYLTTLLLILI	LLLYVLLGLLFYLTTLLLILI	6846.37	6845.13	0.372136	0.451187	983.694
LLLYVLLGLLFYLTTLLLILI	LLLYFLLGLLFYLTTLLLILI	6844.87	6846.8	0.194474	0.753596	981.348
LLLYFLLGLLFYLTTLLLILI	LLLYFLLGLLFLLTTLLLILI	6846.85	6846.28	0.801241	0.176934	978.717
LLLYFLLGLLFLLTTLLLILI	LLLYFLLGLLYLLTTLLLILI	6846.34	6843.32	0.240035	0.650378	975.768
LLLYFLLGLLYLLTTLLLILI	LLLWFLLGLLYLLTTLLLILI	6843.12	6846.47	0.451187	0.372136	968.764
LLLWFLLGLLYLLTTLLLILI	LLLWFLLGLLYFLTTLLLILI	6846.41	6844.98	0.312976	0.526939	964.627
LLLWFLLGLLYFLTTLLLILI	LLLWFLLGLLYLLTTLLLILI	6844.98	6844.77	0.526939	0.312976	960.005
LLLWFLLGLLYLLTTLLLILI	LLLWFLLGLLFLLTTLLLILI	6844.87	6848.8	0.410343	0.410343	954.846
LLLWFLLGLLFLLTTLLLILI	LLLWFLLGLLYLLTTLLLILI	6848.8	6845.58	0.410343	0.410343	949.095
LLLWFLLGLLYLLTTLLLILI	LLLWFLLGLLYFLTTLLLILI	6845.48	6844.94	0.312976	0.526939	942.693
LLLWFLLGLLYFLTTLLLILI	LLLWVLLGLLYFLTTLLLILI	6845.16	6842.52	0.753596	0.194474	935.578
LLLWVLLGLLYFLTTLLLILI	LLLWVLLGLLYLLTTLLLILI	6842.64	6842.89	0.320259	0.516639	927.683
LLLWVLLGLLYLLTTLLLILI	LLLWILLGLLYLLTTLLLILI	6842.77	6844.26	0.398479	0.42245	918.939
LLLWILLGLLYLLTTLLLILI	LLLWILLGLLFLLTTLLLILI	6844.49	6848.3	0.650378	0.240035	909.276
LLLWILLGLLFLLTTLLLILI	LLLWILLGLLFLLVTLLLILI	6848.99	6851.61	0.930859	0.137712	898.621
LLLWILLGLLFLLVTLLLILI	LLLYILLGLLFLLVTLLLILI	6852.07	6851.33	0.598868	0.267575	886.903
LLLYILLGLLFLLVTLLLILI	LLLYILLGLLYLLVTLLLILI	6851.19	6849.02	0.132101	0.952787	874.051
LLLYILLGLLYLLVTLLLILI	LLLWILLGLLYLLVTLLLILI	6848.52	6848.49	0.451187	0.372136	859.999
LLLWILLGLLYLLVTLLLILI	LLLYILLGLLYLLVTLLLILI	6848.49	6848.87	0.372136	0.451187	844.686
LLLYILLGLLYLLVTLLLILI	LLLYILLGLLYLLTTLLLILI	6848.56	6844.87	0.137712	0.930859	828.061
LLLYILLGLLYLLTTLLLILI	LLLYILLGLLYFLTTLLLILI	6844.45	6844.09	0.516639	0.320259	810.083
LLLYILLGLLYFLTTLLLILI	LLLYVLLGLLYFLTTLLLILI	6844.19	6841.85	0.42245	0.398479	790.724
LLLYVLLGLLYFLTTLLLILI	LLLYVLLGLLYLLTTLLLILI	6841.77	6842.14	0.320259	0.516639	769.974
LLLYVLLGLLYLLTTLLLILI	LLLYVLLGLLYFLTTLLLILI	6842.14	6841.77	0.516639	0.320259	747.845
LLLYVLLGLLYFLTTLLLILI	LLLYVLLGLLYFLVTLLLILI	6842.08	6845.19	0.632162	0.249358	724.369
LLLYVLLGLLYFLVTLLLILI	LLLWVLLGLLYFLVTLLLILI	6845.39	6846.14	0.451187	0.372136	699.602
LLLWVLLGLLYFLVTLLLILI	LLLYVLLGLLYFLVTLLLILI	6846.14	6845.44	0.372136	0.451187	673.628
LLLYVLLGLLYFLVTLLLILI	LLLWVLLGLLYFLVTLLLILI	6845.44	6846.14	0.451187	0.372136	618.524
LLLWVLLGLLYFLVTLLLILI	LLLWVLLGLLYFLTTLLLILI	6846.01	6842.95	0.249358	0.632162	589.688
LLLWVLLGLLYFLTTLLLILI	LLLYVLLGLLYFLTTLLLILI	6842.69	6841.9	0.372136	0.451187	560.23
LLLYVLLGLLYFLTTLLLILI	LLLYVLLGLLYLLTTLLLILI	6841.77	6842.14	0.320259	0.516639	500.25
LLLYVLLGLLYLLTTLLLILI	LLLYVLLGLLYFLTTLLLILI	6842.14	6841.77	0.516639	0.320259	470.152
LLLYVLLGLLYFLTTLLLILI	LLLYVLLGLLYLLTTLLLILI	6841.77	6842.14	0.320259	0.516639	440.27
LLLYVLLGLLYLLTTLLLILI	LLLYVLLGLLYFLTTLLLILI	6842.14	6841.83	0.516639	0.320259	410.812
LLLYVLLGLLYFLTTLLLILI	LLLYVLLGLLYLLTTLLLILI	6841.83	6842.14	0.320259	0.516639	353.943
LLLYVLLGLLYLLTTLLLILI	LLLYVLLGLLYFLTTLLLILI	6842.14	6841.77	0.516639	0.320259	300.898
LLLYVLLGLLYFLTTLLLILI	LLLYVLLGLLYLLTTLLLILI	6841.77	6842.14	0.320259	0.516639	276.131
LLLYVLLGLLYLLTTLLLILI	LLLYVLLGLLYFLTTLLLILI	6842.14	6841.77	0.516639	0.320259	252.655
LLLYVLLGLLYFLTTLLLILI	LLLWVLLGLLYFLTTLLLILI	6841.9	6842.69	0.451187	0.372136	209.776
LLLWVLLGLLYFLTTLLLILI	LLLWVLLGLLYYLTTLLLILI	6842.45	6843.34	0.132101	0.952787	190.417
LLLWVLLGLLYYLTTLLLILI	LLLYVLLGLLYYLTTLLLILI	6842.66	6842.18	0.272043	0.591129	155.814
LLLYVLLGLLYYLTTLLLILI	LLLYVLLGLLYFLTTLLLILI	6842.74	6841.59	1.15198	0.0912572	140.501
Time: 123s
