***STARTING GEOMETRY:***
xShift: 8.65428
crossingAngle: -35.7833
axialRotation: 33.0804
zShift: 5.44189

Number of MCCycles: 100
PrevSequence	CurrSequence	PrevEnergy	CurrEnergy	PrevEntropy	CurrEntropy	CurrentTemp
LLLALLTGLLYTLLTTLLILI	LLLSLLTGLLYTLLTTLLILI	-19.4875	-19.7495	0.244161	0.642213	999.684
LLLSLLTGLLYTLLTTLLILI	LLLSLLVGLLYTLLTTLLILI	-19.1154	-16.4372	1.27634	0.0728516	999.328
LLLSLLVGLLYTLLTTLLILI	LLLSLLVGLLTTLLTTLLILI	-16.3382	-15.8723	0.171816	0.816184	998.928
LLLSLLVGLLTTLLTTLLILI	LLLALLVGLLTTLLTTLLILI	-16.0463	-19.383	0.642213	0.244161	998.476
LLLALLVGLLTTLLTTLLILI	LLLALLVGLLYTLLTTLLILI	-18.811	-16.6413	0.816184	0.171816	997.967
LLLALLVGLLYTLLTTLLILI	LLLALLTGLLYTLLTTLLILI	-16.7403	-20.4051	0.0728516	1.27634	997.394
LLLALLTGLLYTLLTTLLILI	LLLALLTGLLFTLLTTLLILI	-21.031	-20.8498	0.650378	0.240035	996.749
LLLALLTGLLFTLLTTLLILI	LLLALLTGLLFVLLTTLLILI	-19.8134	-17.8019	1.27634	0.0728516	996.023
LLLALLTGLLFVLLTTLLILI	LLLALLVGLLFVLLTTLLILI	-17.0746	-12.2838	0.800152	0.177314	995.205
LLLALLVGLLFVLLTTLLILI	LLLALLTGLLFVLLTTLLILI	-12.2838	-17.0746	0.177314	0.800152	994.285
LLLALLTGLLFVLLTTLLILI	LLLALLTGLLFTLLTTLLILI	-17.8019	-19.8134	0.0728516	1.27634	993.249
LLLALLTGLLFTLLTTLLILI	LLLALLTGLLTTLLTTLLILI	-21.015	-22.1722	0.0748068	1.26162	992.084
LLLALLTGLLTTLLTTLLILI	LLLALLFGLLTTLLTTLLILI	-22.1722	-22.6849	1.26162	0.0748068	990.773
LLLALLFGLLTTLLTTLLILI	LLLGLLFGLLTTLLTTLLILI	-22.6057	-19.929	0.154044	0.872342	989.3
LLLGLLFGLLTTLLTTLLILI	LLLGLLFGLLTTLLTYLLILI	-19.9851	-17.8748	0.816184	0.171816	987.644
LLLGLLFGLLTTLLTYLLILI	LLLGLLTGLLTTLLTYLLILI	-17.9545	-17.3825	0.0921195	1.14683	985.783
LLLGLLTGLLTTLLTYLLILI	LLLALLTGLLTTLLTYLLILI	-17.657	-20.5251	0.872342	0.154044	983.694
LLLALLTGLLTTLLTYLLILI	LLLALLYGLLTTLLTYLLILI	-20.1403	-19.7461	0.538845	0.30482	978.717
LLLALLYGLLTTLLTYLLILI	LLLALLYGLLTTLLTTLLILI	-19.7461	-22.265	0.30482	0.538845	975.768
LLLALLYGLLTTLLTTLLILI	LLLALLFGLLTTLLTTLLILI	-22.1535	-22.5197	0.650378	0.240035	972.463
LLLALLFGLLTTLLTTLLILI	LLLGLLFGLLTTLLTTLLILI	-22.6057	-19.929	0.154044	0.872342	968.764
LLLGLLFGLLTTLLTTLLILI	LLLGLLFGLLYTLLTTLLILI	-19.9851	-13.6815	0.816184	0.171816	964.627
LLLGLLFGLLYTLLTTLLILI	LLLALLFGLLYTLLTTLLILI	-12.9809	-16.3315	0.872342	0.154044	960.005
LLLALLFGLLYTLLTTLLILI	LLLALLFGLLYTLLTYLLILI	-16.0424	-14.6521	0.443059	0.379341	954.846
LLLALLFGLLYTLLTYLLILI	LLLALLTGLLYTLLTYLLILI	-14.9116	-17.9382	0.119894	1.0043	949.095
LLLALLTGLLYTLLTYLLILI	LLLALLTGLLTTLLTYLLILI	-18.6376	-18.4183	0.30482	0.538845	942.693
LLLALLTGLLTTLLTYLLILI	LLLALLYGLLTTLLTYLLILI	-18.4183	-19.7461	0.538845	0.30482	935.578
LLLALLYGLLTTLLTYLLILI	LLLALLTGLLTTLLTYLLILI	-19.7461	-20.1403	0.30482	0.538845	927.683
LLLALLTGLLTTLLTYLLILI	LLLALLFGLLTTLLTYLLILI	-19.5323	-18.1511	1.14683	0.0921195	918.939
LLLALLFGLLTTLLTYLLILI	LLLALLFGLLTTLLTTLLILI	-18.0714	-21.9436	0.171816	0.816184	909.276
LLLALLFGLLTTLLTTLLILI	LLLALLYGLLTTLLTTLLILI	-22.5197	-22.1535	0.240035	0.650378	898.621
LLLALLYGLLTTLLTTLLILI	LLLALLFGLLTTLLTTLLILI	-22.1535	-20.654	0.650378	0.240035	886.903
LLLALLFGLLTTLLTTLLILI	LLLALLFGLLTTLLTVLLILI	-19.6177	-18.8793	1.27634	0.0728516	874.051
LLLALLFGLLTTLLTVLLILI	LLLALLFGLLTTLLTTLLILI	-18.8793	-21.4834	0.0728516	1.27634	859.999
LLLALLFGLLTTLLTTLLILI	LLLALLFGLLTTLLTYLLILI	-21.9436	-19.8333	0.816184	0.171816	828.061
LLLALLFGLLTTLLTYLLILI	LLLALLFGLLTTLLTTLLILI	-19.8333	-21.9436	0.171816	0.816184	810.083
LLLALLFGLLTTLLTTLLILI	LLLALLTGLLTTLLTTLLILI	-22.6849	-22.1722	0.0748068	1.26162	790.724
LLLALLTGLLTTLLTTLLILI	LLLALLTGLLYTLLTTLLILI	-22.5161	-21.5402	0.917682	0.141213	769.974
LLLALLTGLLYTLLTTLLILI	LLLALLTGLLFTLLTTLLILI	-21.031	-20.8498	0.650378	0.240035	747.845
LLLALLTGLLFTLLTTLLILI	LLLALLVGLLFTLLTTLLILI	-19.8134	-15.6023	1.27634	0.0728516	724.369
LLLALLVGLLFTLLTTLLILI	LLLALLVGLLTTLLTTLLILI	-15.5831	-18.4804	0.0921195	1.14683	699.602
LLLALLVGLLTTLLTTLLILI	LLLALLYGLLTTLLTTLLILI	-19.4327	-22.0503	0.194474	0.753596	673.628
LLLALLYGLLTTLLTTLLILI	LLLALLYGLLTTLLTFLLILI	-21.657	-18.8697	1.14683	0.0921195	646.557
LLLALLYGLLTTLLTFLLILI	LLLALLTGLLTTLLTFLLILI	-18.79	-18.7754	0.171816	0.816184	618.524
LLLALLTGLLTTLLTFLLILI	LLLALLTGLLTTLLTTLLILI	-19.5168	-20.3064	0.0748068	1.26162	589.688
LLLALLTGLLTTLLTTLLILI	LLLALLTGLLYTLLTTLLILI	-20.6504	-21.5402	0.917682	0.141213	560.23
LLLALLTGLLYTLLTTLLILI	LLLALLTGLLTTLLTTLLILI	-21.5402	-22.5161	0.141213	0.917682	500.25
LLLALLTGLLTTLLTTLLILI	LLLALLFGLLTTLLTTLLILI	-22.1722	-22.6849	1.26162	0.0748068	470.152
LLLALLFGLLTTLLTTLLILI	LLLALLFGLLTTLLTYLLILI	-21.9436	-19.8333	0.816184	0.171816	410.812
LLLALLFGLLTTLLTYLLILI	LLLALLFGLLTTLLTTLLILI	-19.8333	-21.9436	0.171816	0.816184	381.976
LLLALLFGLLTTLLTTLLILI	LLLALLFGLLTVLLTTLLILI	-21.4834	-19.5945	1.27634	0.0728516	353.943
LLLALLFGLLTVLLTTLLILI	LLLALLTGLLTVLLTTLLILI	-19.5752	-19.1966	0.0921195	1.14683	326.872
LLLALLTGLLTVLLTTLLILI	LLLALLYGLLTVLLTTLLILI	-19.5272	-19.528	0.816184	0.171816	300.898
LLLALLYGLLTVLLTTLLILI	LLLALLYGLLTTLLTTLLILI	-19.627	-21.5275	0.0728516	1.27634	276.131
LLLALLYGLLTTLLTTLLILI	LLLALLTGLLTTLLTTLLILI	-22.6627	-22.5161	0.141213	0.917682	230.526
LLLALLTGLLTTLLTTLLILI	LLLALLFGLLTTLLTTLLILI	-22.1722	-22.6849	1.26162	0.0748068	209.776
LLLALLFGLLTTLLTTLLILI	LLLALLYGLLTTLLTTLLILI	-22.5197	-22.1535	0.240035	0.650378	172.439
LLLALLYGLLTTLLTTLLILI	LLLALLTGLLTTLLTTLLILI	-22.6627	-22.5161	0.141213	0.917682	155.814
LLLALLTGLLTTLLTTLLILI	LLLALLFGLLTTLLTTLLILI	-22.1722	-22.6849	1.26162	0.0748068	113.597
Time: 96s
