MCAccept 0 xShift: 7.16 crossingAngle: -37.49 axialRotation: -20.7586 zShift: 0.3 energy: 69.396
MCAccept 1 xShift: 7.16 crossingAngle: -37.49 axialRotation: -20.6179 zShift: 0.3 energy: 69.4054
MCAccept 2 xShift: 7.16 crossingAngle: -37.49 axialRotation: -20.6179 zShift: 0.289456 energy: 69.7942
MCReject   xShift: 7.16 crossingAngle: -37.49 axialRotation: -20.6379 zShift: 0.289456 energy: 70.2187
MCAccept 3 xShift: 7.16 crossingAngle: -37.49 axialRotation: -20.6179 zShift: 0.286354 energy: 69.945
MCAccept 4 xShift: 7.16 crossingAngle: -37.49 axialRotation: -20.6179 zShift: 0.290244 energy: 69.7528
MCReject   xShift: 7.16 crossingAngle: -37.49 axialRotation: -20.6179 zShift: 0.281989 energy: 70.1
MCReject   xShift: 7.16875 crossingAngle: -37.49 axialRotation: -20.6179 zShift: 0.290244 energy: 70.1922
MCReject   xShift: 7.16 crossingAngle: -37.49 axialRotation: -20.5376 zShift: 0.290244 energy: 70.1828
MCReject   xShift: 7.16 crossingAngle: -37.49 axialRotation: -20.6179 zShift: 0.289809 energy: 70.212
MCAccept 5 xShift: 7.16 crossingAngle: -37.49 axialRotation: -20.5367 zShift: 0.290244 energy: 70.1828
MCAccept 6 xShift: 7.16 crossingAngle: -37.49 axialRotation: -20.427 zShift: 0.290244 energy: 69.3667
MCReject   xShift: 7.16 crossingAngle: -37.49 axialRotation: -20.427 zShift: 0.290628 energy: 70.1653
MCReject   xShift: 7.16 crossingAngle: -37.4524 axialRotation: -20.427 zShift: 0.290244 energy: 69.7962
MCAccept 7 xShift: 7.17159 crossingAngle: -37.49 axialRotation: -20.427 zShift: 0.290244 energy: 69.3573
MCReject   xShift: 7.17159 crossingAngle: -37.2706 axialRotation: -20.427 zShift: 0.290244 energy: 69.7622
MCReject   xShift: 7.17159 crossingAngle: -37.49 axialRotation: -20.427 zShift: 0.276875 energy: 70.8018
MCReject   xShift: 7.17159 crossingAngle: -37.3427 axialRotation: -20.427 zShift: 0.290244 energy: 70.1922
MCAccept 8 xShift: 7.15524 crossingAngle: -37.49 axialRotation: -20.427 zShift: 0.290244 energy: 69.7622
MCReject   xShift: 7.15524 crossingAngle: -37.49 axialRotation: -20.3811 zShift: 0.290244 energy: 70.1828
MCAccept 9 xShift: 7.16427 crossingAngle: -37.49 axialRotation: -20.427 zShift: 0.290244 energy: 69.7868
MCAccept 10 xShift: 7.16427 crossingAngle: -37.49 axialRotation: -20.3712 zShift: 0.290244 energy: 69.7528
MCAccept 11 xShift: 7.16427 crossingAngle: -37.49 axialRotation: -20.1926 zShift: 0.290244 energy: 69.7622
MCAccept 12 xShift: 7.16427 crossingAngle: -37.6816 axialRotation: -20.1926 zShift: 0.290244 energy: 69.7528
MCAccept 13 xShift: 7.17268 crossingAngle: -37.6816 axialRotation: -20.1926 zShift: 0.290244 energy: 69.3667
MCAccept 14 xShift: 7.17268 crossingAngle: -37.6816 axialRotation: -19.9077 zShift: 0.290244 energy: 69.7528
MCAccept 15 xShift: 7.17268 crossingAngle: -37.6816 axialRotation: -19.9077 zShift: 0.294611 energy: 69.5767
MCReject   xShift: 7.17268 crossingAngle: -37.6816 axialRotation: -19.9077 zShift: 0.289344 energy: 70.2238
MCAccept 16 xShift: 7.17268 crossingAngle: -37.6816 axialRotation: -19.9995 zShift: 0.294611 energy: 69.5767
MCAccept 17 xShift: 7.17113 crossingAngle: -37.6816 axialRotation: -19.9995 zShift: 0.294611 energy: 69.5861
MCAccept 18 xShift: 7.17113 crossingAngle: -37.6873 axialRotation: -19.9995 zShift: 0.294611 energy: 69.2126
MCReject   xShift: 7.17113 crossingAngle: -37.6873 axialRotation: -19.9995 zShift: 0.295738 energy: 69.541
MCReject   xShift: 7.17113 crossingAngle: -37.6873 axialRotation: -20.3476 zShift: 0.294611 energy: 69.6107
MCReject   xShift: 7.17113 crossingAngle: -37.6873 axialRotation: -19.9995 zShift: 0.283676 energy: 70.4845
MCAccept 19 xShift: 7.17113 crossingAngle: -37.6873 axialRotation: -19.9995 zShift: 0.299439 energy: 69.0439
MCReject   xShift: 7.17113 crossingAngle: -37.6873 axialRotation: -19.9995 zShift: 0.292051 energy: 70.1006
MCReject   xShift: 7.16728 crossingAngle: -37.6873 axialRotation: -19.9995 zShift: 0.299439 energy: 69.7778
MCReject   xShift: 7.16706 crossingAngle: -37.6873 axialRotation: -19.9995 zShift: 0.299439 energy: 69.4276
MCReject   xShift: 7.17113 crossingAngle: -37.6873 axialRotation: -19.9995 zShift: 0.287029 energy: 69.9175
MCReject   xShift: 7.17113 crossingAngle: -37.6227 axialRotation: -19.9995 zShift: 0.299439 energy: 69.7778
MCReject   xShift: 7.17113 crossingAngle: -37.6873 axialRotation: -19.9995 zShift: 0.290841 energy: 69.772
MCReject   xShift: 7.17178 crossingAngle: -37.6873 axialRotation: -19.9995 zShift: 0.299439 energy: 69.4276
MCReject   xShift: 7.17113 crossingAngle: -37.6873 axialRotation: -19.9995 zShift: 0.303267 energy: 69.5986
MCReject   xShift: 7.17113 crossingAngle: -37.6873 axialRotation: -19.9995 zShift: 0.293966 energy: 69.6121
MCAccept 20 xShift: 7.17724 crossingAngle: -37.6873 axialRotation: -19.9995 zShift: 0.299439 energy: 69.3841
MCAccept 21 xShift: 7.1852 crossingAngle: -37.6873 axialRotation: -19.9995 zShift: 0.299439 energy: 69.3841
MCAccept 22 xShift: 7.1852 crossingAngle: -37.6873 axialRotation: -20.0286 zShift: 0.299439 energy: 69.7684
MCAccept 23 xShift: 7.1852 crossingAngle: -37.6873 axialRotation: -19.8566 zShift: 0.299439 energy: 69.7684
MCAccept 24 xShift: 7.1852 crossingAngle: -37.6873 axialRotation: -19.7997 zShift: 0.299439 energy: 69.3841
MCReject   xShift: 7.1852 crossingAngle: -37.7741 axialRotation: -19.7997 zShift: 0.299439 energy: 69.7684
MCAccept 25 xShift: 7.1852 crossingAngle: -37.6873 axialRotation: -19.7997 zShift: 0.319108 energy: 68.9129
MCAccept 26 xShift: 7.1852 crossingAngle: -37.8236 axialRotation: -19.7997 zShift: 0.319108 energy: 68.3661
MCReject   xShift: 7.1852 crossingAngle: -37.8236 axialRotation: -19.7997 zShift: 0.316656 energy: 68.4477
MCReject   xShift: 7.1852 crossingAngle: -37.8236 axialRotation: -19.7586 zShift: 0.319108 energy: 68.6659
MCAccept 27 xShift: 7.1852 crossingAngle: -37.8236 axialRotation: -19.7997 zShift: 0.329353 energy: 68.484
MCAccept 28 xShift: 7.20215 crossingAngle: -37.8236 axialRotation: -19.7997 zShift: 0.329353 energy: 68.484
MCAccept 29 xShift: 7.20215 crossingAngle: -37.8236 axialRotation: -19.7181 zShift: 0.329353 energy: 68.4934
MCAccept 30 xShift: 7.20215 crossingAngle: -37.8236 axialRotation: -19.73 zShift: 0.329353 energy: 68.2836
MCAccept 31 xShift: 7.20257 crossingAngle: -37.8236 axialRotation: -19.73 zShift: 0.329353 energy: 68.2836
MCReject   xShift: 7.1981 crossingAngle: -37.8236 axialRotation: -19.73 zShift: 0.329353 energy: 68.484
MCAccept 32 xShift: 7.19286 crossingAngle: -37.8236 axialRotation: -19.73 zShift: 0.329353 energy: 68.2741
MCAccept 33 xShift: 7.19286 crossingAngle: -37.8236 axialRotation: -19.6193 zShift: 0.329353 energy: 68.2489
MCReject   xShift: 7.19286 crossingAngle: -37.6561 axialRotation: -19.6193 zShift: 0.329353 energy: 68.484
MCAccept 34 xShift: 7.19286 crossingAngle: -37.8236 axialRotation: -19.6193 zShift: 0.352962 energy: 67.5393
MCAccept 35 xShift: 7.17712 crossingAngle: -37.8236 axialRotation: -19.6193 zShift: 0.352962 energy: 67.396
MCAccept 36 xShift: 7.17635 crossingAngle: -37.8236 axialRotation: -19.6193 zShift: 0.352962 energy: 67.5393
MCAccept 37 xShift: 7.17635 crossingAngle: -37.7344 axialRotation: -19.6193 zShift: 0.352962 energy: 67.396
MCAccept 38 xShift: 7.17635 crossingAngle: -37.7344 axialRotation: -19.6193 zShift: 0.366741 energy: 67.0162
MCAccept 39 xShift: 7.17635 crossingAngle: -37.7344 axialRotation: -19.4337 zShift: 0.366741 energy: 67.0162
MCAccept 40 xShift: 7.17635 crossingAngle: -37.5797 axialRotation: -19.4337 zShift: 0.366741 energy: 67.0257
MCAccept 41 xShift: 7.17635 crossingAngle: -37.5797 axialRotation: -19.4337 zShift: 0.369206 energy: 66.9249
MCAccept 42 xShift: 7.17635 crossingAngle: -37.5797 axialRotation: -19.4337 zShift: 0.369403 energy: 66.9271
MCAccept 43 xShift: 7.17635 crossingAngle: -37.5797 axialRotation: -19.4337 zShift: 0.373951 energy: 66.7364
MCAccept 44 xShift: 7.16466 crossingAngle: -37.5797 axialRotation: -19.4337 zShift: 0.373951 energy: 66.7009
MCAccept 45 xShift: 7.18639 crossingAngle: -37.5797 axialRotation: -19.4337 zShift: 0.373951 energy: 66.7509
MCAccept 46 xShift: 7.18639 crossingAngle: -37.4896 axialRotation: -19.4337 zShift: 0.373951 energy: 66.7009
MCAccept 47 xShift: 7.18639 crossingAngle: -37.4896 axialRotation: -19.4534 zShift: 0.373951 energy: 66.7009
MCReject   xShift: 7.18329 crossingAngle: -37.4896 axialRotation: -19.4534 zShift: 0.373951 energy: 66.7509
MCAccept 48 xShift: 7.18639 crossingAngle: -37.4896 axialRotation: -19.5754 zShift: 0.373951 energy: 66.7009
MCAccept 49 xShift: 7.18639 crossingAngle: -37.4896 axialRotation: -19.5754 zShift: 0.369474 energy: 66.8064
MCReject   xShift: 7.18639 crossingAngle: -37.4673 axialRotation: -19.5754 zShift: 0.369474 energy: 66.9244
MCReject   xShift: 7.18639 crossingAngle: -37.4896 axialRotation: -19.4795 zShift: 0.369474 energy: 66.9244
MCReject   xShift: 7.18639 crossingAngle: -37.4896 axialRotation: -19.5736 zShift: 0.369474 energy: 66.915
MCAccept 50 xShift: 7.18 crossingAngle: -37.4896 axialRotation: -19.5754 zShift: 0.369474 energy: 66.8735
MCAccept 51 xShift: 7.17656 crossingAngle: -37.4896 axialRotation: -19.5754 zShift: 0.369474 energy: 66.915
MCAccept 52 xShift: 7.17656 crossingAngle: -37.4219 axialRotation: -19.5754 zShift: 0.369474 energy: 66.915
MCAccept 53 xShift: 7.17656 crossingAngle: -37.5877 axialRotation: -19.5754 zShift: 0.369474 energy: 66.8475
MCAccept 54 xShift: 7.17656 crossingAngle: -37.6628 axialRotation: -19.5754 zShift: 0.369474 energy: 66.915
MCAccept 55 xShift: 7.17656 crossingAngle: -37.6628 axialRotation: -19.548 zShift: 0.369474 energy: 66.915
MCAccept 56 xShift: 7.17656 crossingAngle: -37.6628 axialRotation: -19.6386 zShift: 0.369474 energy: 66.915
MCAccept 57 xShift: 7.17656 crossingAngle: -37.6628 axialRotation: -19.7014 zShift: 0.369474 energy: 66.915
MCAccept 58 xShift: 7.17656 crossingAngle: -37.6628 axialRotation: -19.7014 zShift: 0.372554 energy: 66.8113
MCAccept 59 xShift: 7.17656 crossingAngle: -37.506 axialRotation: -19.7014 zShift: 0.372554 energy: 66.8019
MCReject   xShift: 7.17656 crossingAngle: -37.506 axialRotation: -19.7014 zShift: 0.358427 energy: 67.3387
MCAccept 60 xShift: 7.17656 crossingAngle: -37.506 axialRotation: -19.7535 zShift: 0.372554 energy: 66.737
MCReject   xShift: 7.17656 crossingAngle: -37.506 axialRotation: -19.7535 zShift: 0.367324 energy: 66.8691
MCAccept 61 xShift: 7.17817 crossingAngle: -37.506 axialRotation: -19.7535 zShift: 0.372554 energy: 66.8019
MCAccept 62 xShift: 7.17817 crossingAngle: -37.506 axialRotation: -19.8697 zShift: 0.372554 energy: 66.737
MCReject   xShift: 7.17817 crossingAngle: -37.569 axialRotation: -19.8697 zShift: 0.372554 energy: 66.8113
MCReject   xShift: 7.19063 crossingAngle: -37.506 axialRotation: -19.8697 zShift: 0.372554 energy: 66.8019
MCReject   xShift: 7.17817 crossingAngle: -37.506 axialRotation: -19.9455 zShift: 0.372554 energy: 66.8019
MCReject   xShift: 7.17817 crossingAngle: -37.506 axialRotation: -19.8053 zShift: 0.372554 energy: 66.8019
MCReject   xShift: 7.17817 crossingAngle: -37.506 axialRotation: -19.7459 zShift: 0.372554 energy: 66.8113
MCReject   xShift: 7.17817 crossingAngle: -37.506 axialRotation: -19.8697 zShift: 0.370994 energy: 66.859
MCAccept 63 xShift: 7.17817 crossingAngle: -37.6348 axialRotation: -19.8697 zShift: 0.372554 energy: 66.7464
MCAccept 64 xShift: 7.17817 crossingAngle: -37.6475 axialRotation: -19.8697 zShift: 0.372554 energy: 66.7174
MCAccept 65 xShift: 7.17817 crossingAngle: -37.6475 axialRotation: -19.6741 zShift: 0.372554 energy: 66.7079
MCReject   xShift: 7.17817 crossingAngle: -37.6423 axialRotation: -19.6741 zShift: 0.372554 energy: 66.7464
MCReject   xShift: 7.17817 crossingAngle: -37.6143 axialRotation: -19.6741 zShift: 0.372554 energy: 66.8019
MCReject   xShift: 7.17817 crossingAngle: -37.6475 axialRotation: -19.6741 zShift: 0.362264 energy: 67.0879
MCReject   xShift: 7.18637 crossingAngle: -37.6475 axialRotation: -19.6741 zShift: 0.372554 energy: 66.7464
MCAccept 66 xShift: 7.17817 crossingAngle: -37.6475 axialRotation: -19.6741 zShift: 0.37469 energy: 66.7241
MCAccept 67 xShift: 7.17817 crossingAngle: -37.6475 axialRotation: -19.6741 zShift: 0.378871 energy: 66.5732
MCAccept 68 xShift: 7.1973 crossingAngle: -37.6475 axialRotation: -19.6741 zShift: 0.378871 energy: 66.5827
MCReject   xShift: 7.1973 crossingAngle: -37.6475 axialRotation: -19.6741 zShift: 0.375534 energy: 66.7029
MCAccept 69 xShift: 7.1973 crossingAngle: -37.6475 axialRotation: -19.7294 zShift: 0.378871 energy: 66.5682
MCAccept 70 xShift: 7.1973 crossingAngle: -37.6475 axialRotation: -19.5639 zShift: 0.378871 energy: 66.542
MCReject   xShift: 7.1973 crossingAngle: -37.6851 axialRotation: -19.5639 zShift: 0.378871 energy: 66.5732
MCReject   xShift: 7.18434 crossingAngle: -37.6475 axialRotation: -19.5639 zShift: 0.378871 energy: 66.5732
MCAccept 71 xShift: 7.1973 crossingAngle: -37.6407 axialRotation: -19.5639 zShift: 0.378871 energy: 66.5326
MCReject   xShift: 7.1973 crossingAngle: -37.6407 axialRotation: -19.5639 zShift: 0.350687 energy: 67.4844
MCReject   xShift: 7.1973 crossingAngle: -37.7028 axialRotation: -19.5639 zShift: 0.378871 energy: 66.5732
MCReject   xShift: 7.1973 crossingAngle: -37.6407 axialRotation: -19.5457 zShift: 0.378871 energy: 66.5827
MCAccept 72 xShift: 7.1973 crossingAngle: -37.6407 axialRotation: -19.5639 zShift: 0.38786 energy: 66.2651
MCAccept 73 xShift: 7.1973 crossingAngle: -37.6904 axialRotation: -19.5639 zShift: 0.38786 energy: 66.2556
MCAccept 74 xShift: 7.1973 crossingAngle: -37.6093 axialRotation: -19.5639 zShift: 0.38786 energy: 66.2556
MCReject   xShift: 7.1973 crossingAngle: -37.6648 axialRotation: -19.5639 zShift: 0.38786 energy: 66.2651
MCAccept 75 xShift: 7.19514 crossingAngle: -37.6093 axialRotation: -19.5639 zShift: 0.38786 energy: 66.2556
MCAccept 76 xShift: 7.19308 crossingAngle: -37.6093 axialRotation: -19.5639 zShift: 0.38786 energy: 66.2486
MCReject   xShift: 7.18634 crossingAngle: -37.6093 axialRotation: -19.5639 zShift: 0.38786 energy: 66.2651
MCReject   xShift: 7.19308 crossingAngle: -37.6093 axialRotation: -19.4463 zShift: 0.38786 energy: 66.2556
MCReject   xShift: 7.19308 crossingAngle: -37.6093 axialRotation: -19.6361 zShift: 0.38786 energy: 66.2556
MCReject   xShift: 7.19308 crossingAngle: -37.4538 axialRotation: -19.5639 zShift: 0.38786 energy: 66.2556
MCAccept 77 xShift: 7.19308 crossingAngle: -37.6093 axialRotation: -19.5639 zShift: 0.397905 energy: 65.921
MCAccept 78 xShift: 7.18758 crossingAngle: -37.6093 axialRotation: -19.5639 zShift: 0.397905 energy: 65.921
MCAccept 79 xShift: 7.18758 crossingAngle: -37.6093 axialRotation: -19.6339 zShift: 0.397905 energy: 65.921
MCAccept 80 xShift: 7.18758 crossingAngle: -37.5237 axialRotation: -19.6339 zShift: 0.397905 energy: 65.921
MCAccept 81 xShift: 7.18758 crossingAngle: -37.5237 axialRotation: -19.6075 zShift: 0.397905 energy: 65.9115
MCAccept 82 xShift: 7.18758 crossingAngle: -37.5237 axialRotation: -19.4467 zShift: 0.397905 energy: 65.9115
MCAccept 83 xShift: 7.18758 crossingAngle: -37.5237 axialRotation: -19.4467 zShift: 0.409205 energy: 65.5478
MCAccept 84 xShift: 7.18758 crossingAngle: -37.5237 axialRotation: -19.4467 zShift: 0.419607 energy: 65.2079
MCReject   xShift: 7.20511 crossingAngle: -37.5237 axialRotation: -19.4467 zShift: 0.419607 energy: 65.2174
MCAccept 85 xShift: 7.18758 crossingAngle: -37.5237 axialRotation: -19.3963 zShift: 0.419607 energy: 65.2079
MCReject   xShift: 7.18758 crossingAngle: -37.3662 axialRotation: -19.3963 zShift: 0.419607 energy: 65.2174
MCReject   xShift: 7.18758 crossingAngle: -37.5237 axialRotation: -19.3714 zShift: 0.419607 energy: 65.2174
MCAccept 86 xShift: 7.1876 crossingAngle: -37.5237 axialRotation: -19.3963 zShift: 0.419607 energy: 65.2079
MCAccept 87 xShift: 7.1876 crossingAngle: -37.5237 axialRotation: -19.5304 zShift: 0.419607 energy: 65.2079
MCAccept 88 xShift: 7.1876 crossingAngle: -37.4006 axialRotation: -19.5304 zShift: 0.419607 energy: 65.2079
MCReject   xShift: 7.1876 crossingAngle: -37.4006 axialRotation: -19.5304 zShift: 0.417764 energy: 65.2655
MCAccept 89 xShift: 7.1856 crossingAngle: -37.4006 axialRotation: -19.5304 zShift: 0.419607 energy: 65.2079
MCAccept 90 xShift: 7.1856 crossingAngle: -37.4006 axialRotation: -19.5304 zShift: 0.433036 energy: 64.8098
MCAccept 91 xShift: 7.1856 crossingAngle: -37.2617 axialRotation: -19.5304 zShift: 0.433036 energy: 64.8003
MCAccept 92 xShift: 7.1856 crossingAngle: -37.2302 axialRotation: -19.5304 zShift: 0.433036 energy: 64.8003
MCReject   xShift: 7.1856 crossingAngle: -37.2302 axialRotation: -19.3832 zShift: 0.433036 energy: 64.8098
MCAccept 93 xShift: 7.1856 crossingAngle: -37.2575 axialRotation: -19.5304 zShift: 0.433036 energy: 64.8003
MCReject   xShift: 7.1856 crossingAngle: -37.2575 axialRotation: -19.5304 zShift: 0.419176 energy: 65.2213
MCAccept 94 xShift: 7.1856 crossingAngle: -37.2575 axialRotation: -19.5542 zShift: 0.433036 energy: 64.8003
MCReject   xShift: 7.1856 crossingAngle: -37.2575 axialRotation: -19.5542 zShift: 0.424829 energy: 65.0563
MCAccept 95 xShift: 7.1856 crossingAngle: -37.1758 axialRotation: -19.5542 zShift: 0.433036 energy: 64.8003
MCReject   xShift: 7.1856 crossingAngle: -37.1758 axialRotation: -19.5542 zShift: 0.426399 energy: 64.9991
MCAccept 96 xShift: 7.1856 crossingAngle: -37.1758 axialRotation: -19.6335 zShift: 0.433036 energy: 64.8003
MCAccept 97 xShift: 7.1856 crossingAngle: -37.3444 axialRotation: -19.6335 zShift: 0.433036 energy: 64.8003
Energy #0: 64.8003
***GEOMETRY SHIFT***
xShift;        Before: 7.16; After: 7.1856
crossingAngle; Before: -37.49; After: -37.3444
axialRotation; Before: -20.61; After: -19.6335
zShift;        Before: 0.3; After: 0.433036
Energy;        Before: 726.572; After: 64.8003

Completed all cycles. Accepted 98/162
Monte Carlo repack complete. Time: 27.8667min

