***STARTING GEOMETRY:***
xShift: 8.54576
crossingAngle: -34.7649
axialRotation: 17.4903
zShift: 4.10698

Number of MCCycles: 100
PrevSequence	CurrSequence	PrevEnergy	CurrEnergy	PrevEntropy	CurrEntropy	CurrentTemp
LLLALLVFLLTTLLATLLILI	LLLALLVFLLTVLLATLLILI	-11.8355	-11.5082	0.800152	0.177314	999.684
LLLALLVFLLTVLLATLLILI	LLLALLVFLLTTLLATLLILI	-11.5082	-15.4126	0.177314	0.800152	999.328
LLLALLVFLLTTLLATLLILI	LLLALLVFLLTTLLGTLLILI	-15.749	-14.6276	0.463748	0.36136	998.928
LLLALLVFLLTTLLGTLLILI	LLLALLTFLLTTLLGTLLILI	-14.9161	-13.5158	0.0728516	1.27634	998.476
LLLALLTFLLTTLLGTLLILI	LLLALLVFLLTTLLGTLLILI	-13.5158	-14.9161	1.27634	0.0728516	997.967
LLLALLVFLLTTLLGTLLILI	LLLALLVWLLTTLLGTLLILI	-14.8401	-13.6985	0.148778	0.890414	996.749
LLLALLVWLLTTLLGTLLILI	LLLALLVWLLTTLLATLLILI	-14.2275	-15.3472	0.36136	0.463748	996.023
LLLALLVWLLTTLLATLLILI	LLLGLLVWLLTTLLATLLILI	-15.3472	-15.7697	0.463748	0.36136	995.205
LLLGLLVWLLTTLLATLLILI	LLLALLVWLLTTLLATLLILI	-15.7697	-14.9828	0.36136	0.463748	994.285
LLLALLVWLLTTLLATLLILI	LLLALLVWLLGTLLATLLILI	-14.5101	-8.58311	0.936418	0.136265	993.249
LLLALLVWLLGTLLATLLILI	LLLALLTWLLGTLLATLLILI	-8.6241	-7.52152	0.0952708	1.12845	992.084
LLLALLTWLLGTLLATLLILI	LLLSLLTWLLGTLLATLLILI	-8.23346	-8.63486	0.416521	0.404229	990.773
LLLSLLTWLLGTLLATLLILI	LLLSLLTFLLGTLLATLLILI	-8.14867	-9.52083	0.890414	0.148778	989.3
LLLSLLTFLLGTLLATLLILI	LLLGLLTFLLGTLLATLLILI	-9.39799	-9.67642	0.271616	0.591862	987.644
LLLGLLTFLLGTLLATLLILI	LLLALLTFLLGTLLATLLILI	-9.68416	-9.58843	0.584123	0.276169	985.783
LLLALLTFLLGTLLATLLILI	LLLALLVFLLGTLLATLLILI	-8.73614	-9.3346	1.12845	0.0952708	983.694
LLLALLVFLLGTLLATLLILI	LLLALLTFLLGTLLATLLILI	-9.3346	-8.7312	0.0952708	1.12845	981.348
LLLALLTFLLGTLLATLLILI	LLLGLLTFLLGTLLATLLILI	-9.58349	-9.68416	0.276169	0.584123	978.717
LLLGLLTFLLGTLLATLLILI	LLLGLLTYLLGTLLATLLILI	-10.0282	-9.88764	0.240035	0.650378	975.768
LLLGLLTYLLGTLLATLLILI	LLLGLLTFLLGTLLATLLILI	-9.88764	-10.0282	0.650378	0.240035	972.463
LLLGLLTFLLGTLLATLLILI	LLLGLLTFLLGTLLSTLLILI	-10.0241	-8.3459	0.244161	0.642213	968.764
LLLGLLTFLLGTLLSTLLILI	LLLGLLFFLLGTLLSTLLILI	-8.2945	-10.2497	0.693609	0.219549	964.627
LLLGLLFFLLGTLLSTLLILI	LLLGLLFTLLGTLLSTLLILI	-10.2497	-10.8271	0.219549	0.693609	960.005
LLLGLLFTLLGTLLSTLLILI	LLLGLLFFLLGTLLSTLLILI	-10.8271	-8.79587	0.693609	0.219549	954.846
LLLGLLFFLLGTLLSTLLILI	LLLGLLFFLLGTLLSVLLILI	-8.08456	-6.58248	0.930859	0.137712	949.095
LLLGLLFFLLGTLLSVLLILI	LLLGLLFFLLGTLLAVLLILI	-6.07798	-7.75476	0.642213	0.244161	942.693
LLLGLLFFLLGTLLAVLLILI	LLLGLLFFLLGTLLATLLILI	-7.8612	-10.7975	0.137712	0.930859	935.578
LLLGLLFFLLGTLLATLLILI	LLLGLLFTLLGTLLATLLILI	-11.5088	-12.1191	0.219549	0.693609	927.683
LLLGLLFTLLGTLLATLLILI	LLLGLLWTLLGTLLATLLILI	-12.664	-12.1884	0.148778	0.890414	918.939
LLLGLLWTLLGTLLATLLILI	LLLGLLYTLLGTLLATLLILI	-12.48	-13.568	0.598868	0.267575	909.276
LLLGLLYTLLGTLLATLLILI	LLLGLLYTLLGTLLAVLLILI	-12.7071	-10.0103	1.12845	0.0952708	886.903
LLLGLLYTLLGTLLAVLLILI	LLLGLLYLLLGTLLAVLLILI	-9.4298	-7.60643	0.67574	0.227751	874.051
LLLGLLYLLLGTLLAVLLILI	LLLGLLWLLLGTLLAVLLILI	-7.56661	-5.93796	0.267575	0.598868	859.999
LLLGLLWLLLGTLLAVLLILI	LLLGLLWTLLGTLLAVLLILI	-6.30908	-8.67313	0.227751	0.67574	844.686
LLLGLLWTLLGTLLAVLLILI	LLLGLLYTLLGTLLAVLLILI	-8.75001	-9.83797	0.598868	0.267575	828.061
LLLGLLYTLLGTLLAVLLILI	LLLGLLYFLLGTLLAVLLILI	-9.28936	-7.52727	0.816184	0.171816	810.083
LLLGLLYFLLGTLLAVLLILI	LLLGLLYFLLGTLLATLLILI	-7.56137	-9.95186	0.137712	0.930859	790.724
LLLGLLYFLLGTLLATLLILI	LLLGLLYFLLGYLLATLLILI	-10.554	-10.4345	0.328724	0.505042	769.974
LLLGLLYFLLGYLLATLLILI	LLLGLLYFLLGTLLATLLILI	-10.4345	-10.5622	0.505042	0.328724	747.845
LLLGLLYFLLGTLLATLLILI	LLLGLLFFLLGTLLATLLILI	-10.4806	-11.318	0.410343	0.410343	724.369
LLLGLLFFLLGTLLATLLILI	LLLGLLFTLLGTLLATLLILI	-11.5088	-11.195	0.219549	0.693609	699.602
LLLGLLFTLLGTLLATLLILI	LLLGLLWTLLGTLLATLLILI	-11.7398	-12.1884	0.148778	0.890414	673.628
LLLGLLWTLLGTLLATLLILI	LLLGLLWTLLGTLLSTLLILI	-12.8347	-11.1434	0.244161	0.642213	618.524
LLLGLLWTLLGTLLSTLLILI	LLLGLLYTLLGTLLSTLLILI	-11.1867	-12.2756	0.598868	0.267575	589.688
LLLGLLYTLLGTLLSTLLILI	LLLGLLYTLLGTLLATLLILI	-11.9009	-12.2137	0.642213	0.244161	560.23
LLLGLLYTLLGTLLATLLILI	LLLGLLYTLLGFLLATLLILI	-11.4535	-11.3418	1.0043	0.119894	530.348
LLLGLLYTLLGFLLATLLILI	LLLGLLYFLLGFLLATLLILI	-10.9228	-9.93952	0.538845	0.30482	500.25
LLLGLLYFLLGFLLATLLILI	LLLGLLYFLLGTLLATLLILI	-9.93952	-10.8682	0.30482	0.538845	470.152
LLLGLLYFLLGTLLATLLILI	LLLGLLFFLLGTLLATLLILI	-10.9967	-11.318	0.410343	0.410343	440.27
LLLGLLFFLLGTLLATLLILI	LLLGLLYFLLGTLLATLLILI	-11.318	-10.9865	0.410343	0.410343	381.976
LLLGLLYFLLGTLLATLLILI	LLLGLLFFLLGTLLATLLILI	-10.9865	-11.318	0.410343	0.410343	353.943
LLLGLLFFLLGTLLATLLILI	LLLGLLYFLLGTLLATLLILI	-11.318	-10.4566	0.410343	0.410343	326.872
LLLGLLYFLLGTLLATLLILI	LLLGLLYTLLGTLLATLLILI	-10.7471	-12.8313	0.119894	1.0043	300.898
LLLGLLYTLLGTLLATLLILI	LLLGLLYTLLGFLLATLLILI	-12.8313	-11.3418	1.0043	0.119894	276.131
LLLGLLYTLLGFLLATLLILI	LLLGLLYTLLGYLLATLLILI	-11.3296	-11.7142	0.132101	0.952787	252.655
LLLGLLYTLLGYLLATLLILI	LLLGLLWTLLGYLLATLLILI	-12.2158	-11.5629	0.451187	0.372136	230.526
LLLGLLWTLLGYLLATLLILI	LLLGLLWTLLGTLLATLLILI	-11.7154	-12.3852	0.219549	0.693609	209.776
LLLGLLWTLLGTLLATLLILI	LLLGLLYTLLGTLLATLLILI	-12.48	-13.568	0.598868	0.267575	172.439
Time: 110s
