***STARTING GEOMETRY:***
xShift: 8.33006
crossingAngle: -34.6011
axialRotation: 34.6298
zShift: 5.29784

Number of MCCycles: 100
PrevSequence	CurrSequence	PrevEnergy	CurrEnergy	PrevEntropy	CurrEntropy	CurrentTemp
LLLALLTGLLTSLLTTLLILI	LLLALLTGLLTSLLTYLLILI	-12.2934	-15.49	0.816184	0.171816	999.684
LLLALLTGLLTSLLTYLLILI	LLLALLFGLLTSLLTYLLILI	-14.6575	-15.1985	1.0043	0.119894	999.328
LLLALLFGLLTSLLTYLLILI	LLLALLFGLLTALLTYLLILI	-14.9142	-14.33	0.404229	0.416521	998.928
LLLALLFGLLTALLTYLLILI	LLLALLTGLLTALLTYLLILI	-14.6266	-14.0979	0.119894	1.0043	998.476
LLLALLTGLLTALLTYLLILI	LLLALLTGLLTALLTTLLILI	-14.9304	-17.4443	0.171816	0.816184	997.967
LLLALLTGLLTALLTTLLILI	LLLALLFGLLTALLTTLLILI	-17.1136	-17.8117	1.14683	0.0921195	997.394
LLLALLFGLLTALLTTLLILI	LLLALLFGLLTSLLTTLLILI	-17.4873	-18.0339	0.416521	0.404229	996.749
LLLALLFGLLTSLLTTLLILI	LLLALLFGLLTALLTTLLILI	-18.0339	-17.4873	0.404229	0.416521	996.023
LLLALLFGLLTALLTTLLILI	LLLALLFGLLTSLLTTLLILI	-17.4873	-18.0339	0.416521	0.404229	995.205
LLLALLFGLLTSLLTTLLILI	LLLGLLFGLLTSLLTTLLILI	-18.2841	-15.5145	0.154044	0.872342	994.285
LLLGLLFGLLTSLLTTLLILI	LLLGLLTGLLTSLLTTLLILI	-16.2947	-15.383	0.0921195	1.14683	993.249
LLLGLLTGLLTSLLTTLLILI	LLLGLLFGLLTSLLTTLLILI	-15.383	-16.2947	1.14683	0.0921195	992.084
LLLGLLFGLLTSLLTTLLILI	LLLGLLFGLLVSLLTTLLILI	-15.2584	-13.1772	1.12845	0.0952708	990.773
LLLGLLFGLLVSLLTTLLILI	LLLGLLFGLLVSLLTYLLILI	-12.7336	-9.87807	0.538845	0.30482	989.3
LLLGLLFGLLVSLLTYLLILI	LLLGLLTGLLVSLLTYLLILI	-10.0111	-9.66413	0.171816	0.816184	987.644
LLLGLLTGLLVSLLTYLLILI	LLLGLLTGLLVALLTYLLILI	-9.83811	-9.66888	0.642213	0.244161	985.783
LLLGLLTGLLVALLTYLLILI	LLLALLTGLLVALLTYLLILI	-9.32891	-11.8917	0.584123	0.276169	983.694
LLLALLTGLLVALLTYLLILI	LLLALLTGLLVALLTTLLILI	-11.9483	-14.6023	0.219549	0.693609	981.348
LLLALLTGLLVALLTTLLILI	LLLALLFGLLVALLTTLLILI	-14.2916	-14.6654	1.0043	0.119894	978.717
LLLALLFGLLVALLTTLLILI	LLLGLLFGLLVALLTTLLILI	-14.5092	-12.1509	0.276169	0.584123	975.768
LLLGLLFGLLVALLTTLLILI	LLLGLLFGLLVWLLTTLLILI	-12.6292	-12.6855	0.105861	1.0712	972.463
LLLGLLFGLLVWLLTTLLILI	LLLGLLTGLLVWLLTTLLILI	-13.6368	-13.2302	0.119894	1.0043	968.764
LLLGLLTGLLVWLLTTLLILI	LLLGLLTGLLVLLLTTLLILI	-13.4909	-13.6185	0.743646	0.198389	964.627
LLLGLLTGLLVLLLTTLLILI	LLLALLTGLLVLLLTTLLILI	-12.9445	-11.1738	0.872342	0.154044	960.005
LLLALLTGLLVLLLTTLLILI	LLLALLTGLLVLLLTVLLILI	-10.5277	-12.6076	0.800152	0.177314	954.846
LLLALLTGLLVLLLTVLLILI	LLLALLTGLLVLLLTTLLILI	-12.6076	-15.2587	0.177314	0.800152	949.095
LLLALLTGLLVLLLTTLLILI	LLLALLTGLLTLLLTTLLILI	-15.986	-16.5821	0.0728516	1.27634	942.693
LLLALLTGLLTLLLTTLLILI	LLLALLTGLLVLLLTTLLILI	-16.5821	-15.986	1.27634	0.0728516	935.578
LLLALLTGLLVLLLTTLLILI	LLLALLTGLLVSLLTTLLILI	-15.6374	-15.4214	0.421461	0.39943	927.683
LLLALLTGLLVSLLTTLLILI	LLLGLLTGLLVSLLTTLLILI	-15.6668	-12.6976	0.154044	0.872342	918.939
LLLGLLTGLLVSLLTTLLILI	LLLALLTGLLVSLLTTLLILI	-12.6976	-15.6668	0.872342	0.154044	909.276
LLLALLTGLLVSLLTTLLILI	LLLALLTGLLVLLLTTLLILI	-15.4214	-15.6374	0.39943	0.421461	898.621
LLLALLTGLLVLLLTTLLILI	LLLALLFGLLVLLLTTLLILI	-15.0546	-15.2492	1.0043	0.119894	886.903
LLLALLFGLLVLLLTTLLILI	LLLALLFGLLVSLLTTLLILI	-14.9477	-14.9232	0.421461	0.39943	874.051
LLLALLFGLLVSLLTTLLILI	LLLALLTGLLVSLLTTLLILI	-15.2027	-14.8166	0.119894	1.0043	859.999
LLLALLTGLLVSLLTTLLILI	LLLALLTGLLVWLLTTLLILI	-15.6287	-15.742	0.192199	0.759486	844.686
LLLALLTGLLVWLLTTLLILI	LLLALLTGLLVSLLTTLLILI	-15.742	-15.6287	0.759486	0.192199	828.061
LLLALLTGLLVSLLTTLLILI	LLLGLLTGLLVSLLTTLLILI	-15.6668	-12.6976	0.154044	0.872342	810.083
LLLGLLTGLLVSLLTTLLILI	LLLGLLTGLLVWLLTTLLILI	-13.3778	-13.5131	0.192199	0.759486	790.724
LLLGLLTGLLVWLLTTLLILI	LLLGLLTGLLTWLLTTLLILI	-14.1997	-15.0184	0.0728516	1.27634	769.974
LLLGLLTGLLTWLLTTLLILI	LLLALLTGLLTWLLTTLLILI	-15.4224	-15.4297	0.872342	0.154044	747.845
LLLALLTGLLTWLLTTLLILI	LLLALLFGLLTWLLTTLLILI	-14.4369	-17.9561	1.14683	0.0921195	724.369
LLLALLFGLLTWLLTTLLILI	LLLALLFGLLTTLLTTLLILI	-17.7739	-24.6901	0.274265	0.58734	699.602
LLLALLFGLLTTLLTTLLILI	LLLALLFGLLTTLLTYLLILI	-24.4613	-22.8647	0.816184	0.171816	673.628
LLLALLFGLLTTLLTYLLILI	LLLALLFGLLTTLLTTLLILI	-22.8647	-24.4613	0.171816	0.816184	646.557
LLLALLFGLLTTLLTTLLILI	LLLALLFGLLTTLLTYLLILI	-24.4613	-22.6195	0.816184	0.171816	618.524
LLLALLFGLLTTLLTYLLILI	LLLGLLFGLLTTLLTYLLILI	-22.6373	-19.8933	0.154044	0.872342	589.688
LLLGLLFGLLTTLLTYLLILI	LLLALLFGLLTTLLTYLLILI	-19.8933	-22.8825	0.872342	0.154044	560.23
LLLALLFGLLTTLLTYLLILI	LLLALLTGLLTTLLTYLLILI	-22.9444	-22.0954	0.0921195	1.14683	530.348
LLLALLTGLLTTLLTYLLILI	LLLALLFGLLTTLLTYLLILI	-22.0954	-22.9444	1.14683	0.0921195	500.25
LLLALLFGLLTTLLTYLLILI	LLLALLFGLLTTLLTTLLILI	-22.8647	-24.6826	0.171816	0.816184	470.152
LLLALLFGLLTTLLTTLLILI	LLLALLTGLLTTLLTTLLILI	-25.424	-24.444	0.0748068	1.26162	410.812
LLLALLTGLLTTLLTTLLILI	LLLALLTGLLYTLLTTLLILI	-24.7879	-23.6854	0.917682	0.141213	353.943
LLLALLTGLLYTLLTTLLILI	LLLALLTGLLTTLLTTLLILI	-23.6854	-24.7879	0.141213	0.917682	326.872
LLLALLTGLLTTLLTTLLILI	LLLALLTGLLTTLLTYLLILI	-24.7879	-23.101	0.917682	0.141213	300.898
LLLALLTGLLTTLLTYLLILI	LLLALLTGLLTTLLTTLLILI	-23.101	-24.7879	0.141213	0.917682	276.131
LLLALLTGLLTTLLTTLLILI	LLLALLTGLLYTLLTTLLILI	-24.7879	-23.6854	0.917682	0.141213	252.655
LLLALLTGLLYTLLTTLLILI	LLLALLTGLLTTLLTTLLILI	-23.6854	-24.7879	0.141213	0.917682	230.526
LLLALLTGLLTTLLTTLLILI	LLLALLFGLLTTLLTTLLILI	-24.444	-24.9575	1.26162	0.0748068	209.776
LLLALLFGLLTTLLTTLLILI	LLLALLTGLLTTLLTTLLILI	-24.9575	-24.444	0.0748068	1.26162	190.417
LLLALLTGLLTTLLTTLLILI	LLLALLFGLLTTLLTTLLILI	-24.444	-25.2027	1.26162	0.0748068	155.814
Time: 91s
