***STARTING GEOMETRY:***
xShift: 8.56108
crossingAngle: -35.0236
axialRotation: 51.2114
zShift: 4.10884

Number of MCCycles: 100
PrevSequence	CurrSequence	PrevEnergy	CurrEnergy	PrevEntropy	CurrEntropy	CurrentTemp
LLLALLTALLTTLLTTLLILI	LLLALLTSLLTTLLTTLLILI	-20.6325	-24.0889	0.416521	0.404229	999.684
LLLALLTSLLTTLLTTLLILI	LLLALLTSLLTTLLTYLLILI	-23.5754	-23.8711	0.917682	0.141213	999.328
LLLALLTSLLTTLLTYLLILI	LLLALLTSLLTTLLTTLLILI	-23.8711	-23.5754	0.141213	0.917682	998.928
LLLALLTSLLTTLLTTLLILI	LLLALLTSLLTTLLTYLLILI	-23.5754	-23.8711	0.917682	0.141213	998.476
LLLALLTSLLTTLLTYLLILI	LLLALLTALLTTLLTYLLILI	-23.6081	-22.515	0.404229	0.416521	997.967
LLLALLTALLTTLLTYLLILI	LLLGLLTALLTTLLTYLLILI	-22.4677	-21.9777	0.463748	0.36136	997.394
LLLGLLTALLTTLLTYLLILI	LLLGLLTSLLTTLLTYLLILI	-22.0949	-22.7892	0.244161	0.642213	996.749
LLLGLLTSLLTTLLTYLLILI	LLLGLLFSLLTTLLTYLLILI	-22.2846	-20.6496	1.14683	0.0921195	996.023
LLLGLLFSLLTTLLTYLLILI	LLLALLFSLLTTLLTYLLILI	-20.1576	-20.9496	0.584123	0.276169	995.205
LLLALLFSLLTTLLTYLLILI	LLLALLFSLLTTLLVYLLILI	-20.0973	-16.5806	1.12845	0.0952708	994.285
LLLALLFSLLTTLLVYLLILI	LLLALLFALLTTLLVYLLILI	-16.2716	-14.8589	0.404229	0.416521	993.249
LLLALLFALLTTLLVYLLILI	LLLALLFSLLTTLLVYLLILI	-14.8589	-16.2716	0.416521	0.404229	992.084
LLLALLFSLLTTLLVYLLILI	LLLALLTSLLTTLLVYLLILI	-16.556	-18.4605	0.119894	1.0043	990.773
LLLALLTSLLTTLLVYLLILI	LLLALLTSLLTTLLTYLLILI	-19.3919	-22.736	0.0728516	1.27634	989.3
LLLALLTSLLTTLLTYLLILI	LLLALLTSLLTTLLTTLLILI	-23.8711	-23.5754	0.141213	0.917682	987.644
LLLALLTSLLTTLLTTLLILI	LLLGLLTSLLTTLLTTLLILI	-24.2169	-23.328	0.276169	0.584123	985.783
LLLGLLTSLLTTLLTTLLILI	LLLALLTSLLTTLLTTLLILI	-23.328	-24.2169	0.584123	0.276169	983.694
LLLALLTSLLTTLLTTLLILI	LLLALLTALLTTLLTTLLILI	-24.0889	-22.9997	0.404229	0.416521	981.348
LLLALLTALLTTLLTTLLILI	LLLALLTALLTTLLFTLLILI	-22.1546	-21.2204	1.26162	0.0748068	978.717
LLLALLTALLTTLLFTLLILI	LLLALLTALLTTLLFVLLILI	-20.0189	-17.5008	1.27634	0.0728516	975.768
LLLALLTALLTTLLFVLLILI	LLLGLLTALLTTLLFVLLILI	-17.1099	-16.6199	0.463748	0.36136	972.463
LLLGLLTALLTTLLFVLLILI	LLLGLLTSLLTTLLFVLLILI	-16.7371	-17.4286	0.244161	0.642213	968.764
LLLGLLTSLLTTLLFVLLILI	LLLALLTSLLTTLLFVLLILI	-17.4867	-18.3756	0.584123	0.276169	964.627
LLLALLTSLLTTLLFVLLILI	LLLALLTSLLTTLLFTLLILI	-18.5789	-21.0969	0.0728516	1.27634	960.005
LLLALLTSLLTTLLFTLLILI	LLLALLTALLTTLLFTLLILI	-21.969	-20.8787	0.404229	0.416521	954.846
LLLALLTALLTTLLFTLLILI	LLLGLLTALLTTLLFTLLILI	-20.8315	-20.3415	0.463748	0.36136	949.095
LLLGLLTALLTTLLFTLLILI	LLLGLLTSLLTTLLFTLLILI	-20.4587	-21.1501	0.244161	0.642213	942.693
LLLGLLTSLLTTLLFTLLILI	LLLGLLTSLLTTLLTTLLILI	-21.7175	-22.6505	0.0748068	1.26162	935.578
LLLGLLTSLLTTLLTTLLILI	LLLGLLTSLLTTLLTYLLILI	-22.9945	-23.2902	0.917682	0.141213	927.683
LLLGLLTSLLTTLLTYLLILI	LLLGLLFSLLTTLLTYLLILI	-22.2846	-20.6496	1.14683	0.0921195	918.939
LLLGLLFSLLTTLLTYLLILI	LLLALLFSLLTTLLTYLLILI	-20.1576	-20.9496	0.584123	0.276169	909.276
LLLALLFSLLTTLLTYLLILI	LLLALLFSLLTTLLTTLLILI	-21.0539	-20.8905	0.171816	0.816184	898.621
LLLALLFSLLTTLLTTLLILI	LLLALLFSLLTTLLFTLLILI	-20.8905	-19.4229	0.816184	0.171816	886.903
LLLALLFSLLTTLLFTLLILI	LLLALLFSLLTTLLTTLLILI	-19.4229	-20.8905	0.171816	0.816184	874.051
LLLALLFSLLTTLLTTLLILI	LLLALLTSLLTTLLTTLLILI	-21.6319	-23.2315	0.0748068	1.26162	859.999
LLLALLTSLLTTLLTTLLILI	LLLALLTSLLTTLLTYLLILI	-23.5754	-23.8711	0.917682	0.141213	844.686
LLLALLTSLLTTLLTYLLILI	LLLALLTALLTTLLTYLLILI	-23.6081	-22.515	0.404229	0.416521	828.061
LLLALLTALLTTLLTYLLILI	LLLALLTSLLTTLLTYLLILI	-22.515	-23.6081	0.416521	0.404229	810.083
LLLALLTSLLTTLLTYLLILI	LLLALLFSLLTTLLTYLLILI	-22.8655	-21.1336	1.14683	0.0921195	790.724
LLLALLFSLLTTLLTYLLILI	LLLALLTSLLTTLLTYLLILI	-21.1336	-22.8655	0.0921195	1.14683	769.974
LLLALLTSLLTTLLTYLLILI	LLLALLTALLTTLLTYLLILI	-23.6081	-22.515	0.404229	0.416521	747.845
LLLALLTALLTTLLTYLLILI	LLLGLLTALLTTLLTYLLILI	-22.4677	-21.9777	0.463748	0.36136	724.369
LLLGLLTALLTTLLTYLLILI	LLLGLLTALLTTLLTTLLILI	-22.1979	-21.9062	0.141213	0.917682	699.602
LLLGLLTALLTTLLTTLLILI	LLLALLTALLTTLLTTLLILI	-22.4625	-22.9525	0.36136	0.463748	673.628
LLLALLTALLTTLLTTLLILI	LLLALLTSLLTTLLTTLLILI	-22.9997	-24.0889	0.416521	0.404229	646.557
LLLALLTSLLTTLLTTLLILI	LLLALLTSLLTTLLTYLLILI	-23.5754	-23.8711	0.917682	0.141213	589.688
LLLALLTSLLTTLLTYLLILI	LLLALLTSLLTTLLTTLLILI	-23.8711	-23.5754	0.141213	0.917682	560.23
LLLALLTSLLTTLLTTLLILI	LLLALLTALLTTLLTTLLILI	-24.0889	-22.9997	0.404229	0.416521	530.348
LLLALLTALLTTLLTTLLILI	LLLALLFALLTTLLTTLLILI	-22.1546	-20.2312	1.26162	0.0748068	500.25
LLLALLFALLTTLLTTLLILI	LLLALLFSLLTTLLTTLLILI	-19.8895	-21.3025	0.416521	0.404229	470.152
LLLALLFSLLTTLLTTLLILI	LLLALLTSLLTTLLTTLLILI	-21.6319	-23.2315	0.0748068	1.26162	440.27
LLLALLTSLLTTLLTTLLILI	LLLALLFSLLTTLLTTLLILI	-23.2315	-21.6319	1.26162	0.0748068	410.812
LLLALLFSLLTTLLTTLLILI	LLLALLTSLLTTLLTTLLILI	-21.6319	-23.2315	0.0748068	1.26162	381.976
LLLALLTSLLTTLLTTLLILI	LLLALLTALLTTLLTTLLILI	-24.0889	-22.9997	0.404229	0.416521	353.943
LLLALLTALLTTLLTTLLILI	LLLALLTALLTTLLFTLLILI	-22.1546	-21.2204	1.26162	0.0748068	326.872
LLLALLTALLTTLLFTLLILI	LLLALLTALLTTLLTTLLILI	-21.2204	-22.1546	0.0748068	1.26162	300.898
LLLALLTALLTTLLTTLLILI	LLLGLLTALLTTLLTTLLILI	-22.9525	-22.4625	0.463748	0.36136	276.131
LLLGLLTALLTTLLTTLLILI	LLLGLLTALLTTLLTYLLILI	-21.9062	-22.1979	0.917682	0.141213	252.655
LLLGLLTALLTTLLTYLLILI	LLLGLLTALLTTLLTTLLILI	-22.1979	-21.9062	0.141213	0.917682	230.526
LLLGLLTALLTTLLTTLLILI	LLLGLLTSLLTTLLTTLLILI	-22.5797	-23.27	0.244161	0.642213	209.776
LLLGLLTSLLTTLLTTLLILI	LLLGLLFSLLTTLLTTLLILI	-22.6505	-21.1478	1.26162	0.0748068	190.417
LLLGLLFSLLTTLLTTLLILI	LLLGLLTSLLTTLLTTLLILI	-21.1478	-22.6505	0.0748068	1.26162	172.439
LLLGLLTSLLTTLLTTLLILI	LLLALLTSLLTTLLTTLLILI	-23.328	-24.2169	0.584123	0.276169	155.814
LLLALLTSLLTTLLTTLLILI	LLLALLTSLLTTLLTYLLILI	-23.5754	-23.8711	0.917682	0.141213	140.501
LLLALLTSLLTTLLTYLLILI	LLLALLTSLLTTLLTTLLILI	-23.8711	-23.5754	0.141213	0.917682	126.449
LLLALLTSLLTTLLTTLLILI	LLLALLTSLLTTLLTYLLILI	-23.5754	-23.8711	0.917682	0.141213	101.879
LLLALLTSLLTTLLTYLLILI	LLLALLTSLLTTLLTTLLILI	-23.8711	-23.5754	0.141213	0.917682	72.8169
LLLALLTSLLTTLLTTLLILI	LLLALLTSLLTTLLTYLLILI	-23.5754	-23.8711	0.917682	0.141213	64.9219
Time: 98s
