***STARTING GEOMETRY:***
xShift: 6.43411
crossingAngle: -43.4417
axialRotation: 74.1466
zShift: 3.67608

Number of MCCycles: 100
PrevSequence	CurrSequence	PrevEnergy	CurrEnergy	PrevEntropy	CurrEntropy	CurrentTemp
LLLGLLTGLLTGLLTTLLILI	LLLGLLYGLLTGLLTTLLILI	6939.16	6940.44	0.816184	0.171816	999.684
LLLGLLYGLLTGLLTTLLILI	LLLGLLTGLLTGLLTTLLILI	6940.44	6936.18	0.171816	0.816184	999.328
LLLGLLTGLLTGLLTTLLILI	LLLGLLTGLLTGLLITLLILI	6936.62	6939.28	1.2552	0.0756774	998.476
LLLGLLTGLLTGLLITLLILI	LLLGLLTGLLTGLLTTLLILI	6939.28	6936.62	0.0756774	1.2552	997.967
LLLGLLTGLLTGLLTTLLILI	LLLGLLYGLLTGLLTTLLILI	6936.18	6941.32	0.816184	0.171816	997.394
LLLGLLYGLLTGLLTTLLILI	LLLGLLTGLLTGLLTTLLILI	6941.32	6936.18	0.171816	0.816184	996.749
LLLGLLTGLLTGLLTTLLILI	LLLGLLTGLLTGLLITLLILI	6936.62	6939.28	1.2552	0.0756774	994.285
LLLGLLTGLLTGLLITLLILI	LLLGLLTGLLTGLLTTLLILI	6939.28	6936.62	0.0756774	1.2552	993.249
LLLGLLTGLLTGLLTTLLILI	LLLGLLYGLLTGLLTTLLILI	6936.18	6941.32	0.816184	0.171816	992.084
LLLGLLYGLLTGLLTTLLILI	LLLGLLTGLLTGLLTTLLILI	6941.32	6936.18	0.171816	0.816184	990.773
LLLGLLTGLLTGLLTTLLILI	LLLGLLTGLLTGLLITLLILI	6936.62	6939.28	1.2552	0.0756774	987.644
LLLGLLTGLLTGLLITLLILI	LLLGLLTGLLTGLLTTLLILI	6939.28	6936.62	0.0756774	1.2552	972.463
LLLGLLTGLLTGLLTTLLILI	LLLGLLTGLLSGLLTTLLILI	6936.37	6942.82	1.001	0.120637	964.627
LLLGLLTGLLSGLLTTLLILI	LLLGLLTGLLSGLLITLLILI	6943.81	6946.46	1.10811	0.098896	960.005
LLLGLLTGLLSGLLITLLILI	LLLGLLTGLLSGLLTTLLILI	6946.46	6943.81	0.098896	1.10811	954.846
LLLGLLTGLLSGLLTTLLILI	LLLGLLTGLLTGLLTTLLILI	6942.82	6936.37	0.120637	1.001	949.095
LLLGLLTGLLTGLLTTLLILI	LLLGLLTGLLTGLLITLLILI	6936.62	6939.28	1.2552	0.0756774	935.578
LLLGLLTGLLTGLLITLLILI	LLLGLLTGLLTGLLTTLLILI	6939.28	6936.62	0.0756774	1.2552	927.683
LLLGLLTGLLTGLLTTLLILI	LLLGLLTGLLTGLLTYLLILI	6936.18	6941.68	0.816184	0.171816	918.939
LLLGLLTGLLTGLLTYLLILI	LLLGLLYGLLTGLLTYLLILI	6941.95	6946.79	0.443059	0.379341	909.276
LLLGLLYGLLTGLLTYLLILI	LLLGLLYGLLTGLLTTLLILI	6946.79	6941.59	0.379341	0.443059	898.621
LLLGLLYGLLTGLLTTLLILI	LLLGLLTGLLTGLLTTLLILI	6941.32	6936.18	0.171816	0.816184	886.903
LLLGLLTGLLTGLLTTLLILI	LLLGLLTGLLSGLLTTLLILI	6936.37	6942.82	1.001	0.120637	859.999
LLLGLLTGLLSGLLTTLLILI	LLLGLLTGLLTGLLTTLLILI	6942.82	6936.37	0.120637	1.001	790.724
LLLGLLTGLLTGLLTTLLILI	LLLGLLTGLLTGLLITLLILI	6936.62	6939.28	1.2552	0.0756774	724.369
LLLGLLTGLLTGLLITLLILI	LLLGLLTGLLTGLLTTLLILI	6939.28	6936.62	0.0756774	1.2552	699.602
LLLGLLTGLLTGLLTTLLILI	LLLGLLTGLLTGLLITLLILI	6936.62	6939.28	1.2552	0.0756774	618.524
LLLGLLTGLLTGLLITLLILI	LLLGLLTGLLTGLLTTLLILI	6939.28	6936.62	0.0756774	1.2552	589.688
Time: 105s
