***STARTING GEOMETRY:***
xShift: 9.2
crossingAngle: 31
axialRotation: 50
zShift: 2.2

Number of MCCycles: 100
PrevSequence	CurrSequence	PrevEnergy	CurrEnergy	PrevEntropy	CurrEntropy	CurrentTemp
LLLYVLLGLLTTLTTLLLILI	LLLYVLLGLLTVLTTLLLILI	231.53	232.026	0.930859	0.137712	999.684
LLLYVLLGLLTVLTTLLLILI	LLLFVLLGLLTVLTTLLLILI	232.539	234.29	0.650378	0.240035	999.328
LLLFVLLGLLTVLTTLLLILI	LLLFVLLGLLTTLTTLLLILI	234.187	231.11	0.137712	0.930859	998.928
LLLFVLLGLLTTLTTLLLILI	LLLFVLLGLLYTLTTLLLILI	230.995	231.563	0.816184	0.171816	998.476
LLLFVLLGLLYTLTTLLLILI	LLLFILLGLLYTLTTLLLILI	231.789	233.407	0.398479	0.42245	997.967
LLLFILLGLLYTLTTLLLILI	LLLFILLGLLTTLTTLLLILI	233.156	232.984	0.171816	0.816184	997.394
LLLFILLGLLTTLTTLLLILI	LLLYILLGLLTTLTTLLLILI	232.408	230.127	0.240035	0.650378	996.749
LLLYILLGLLTTLTTLLLILI	LLLYILLGLLYTLTTLLLILI	230.015	230.983	0.538845	0.30482	996.023
LLLYILLGLLYTLTTLLLILI	LLLWILLGLLYTLTTLLLILI	231.129	232.858	0.451187	0.372136	995.205
LLLWILLGLLYTLTTLLLILI	LLLWVLLGLLYTLTTLLLILI	232.908	231.761	0.42245	0.398479	994.285
LLLWVLLGLLYTLTTLLLILI	LLLWVLLGLLYFLTTLLLILI	232.367	232.185	1.0043	0.119894	993.249
LLLWVLLGLLYFLTTLLLILI	LLLWVLLGLLYFLVTLLLILI	232.698	235.902	0.632162	0.249358	992.084
LLLWVLLGLLYFLVTLLLILI	LLLWVLLGLLYTLVTLLLILI	235.825	235.772	0.171816	0.816184	990.773
LLLWVLLGLLYTLVTLLLILI	LLLWALLGLLYTLVTLLLILI	235.658	235.775	0.701367	0.216099	989.3
LLLWALLGLLYTLVTLLLILI	LLLWALLALLYTLVTLLLILI	235.921	237.479	0.36136	0.463748	987.644
LLLWALLALLYTLVTLLLILI	LLLWALLALLYTLTTLLLILI	237.11	234.558	0.0952708	1.12845	985.783
LLLWALLALLYTLTTLLLILI	LLLWALLALLYLLTTLLLILI	234.278	234.677	0.849143	0.161118	983.694
LLLWALLALLYLLTTLLLILI	LLLWALLGLLYLLTTLLLILI	234.979	233.411	0.463748	0.36136	981.348
LLLWALLGLLYLLTTLLLILI	LLLWALLALLYLLTTLLLILI	233.411	234.979	0.36136	0.463748	978.717
LLLWALLALLYLLTTLLLILI	LLLYALLALLYLLTTLLLILI	234.888	236.6	0.372136	0.451187	975.768
LLLYALLALLYLLTTLLLILI	LLLYALLALLYLLTFLLLILI	236.965	238.67	0.816184	0.171816	972.463
LLLYALLALLYLLTFLLLILI	LLLWALLALLYLLTFLLLILI	238.949	238.386	0.451187	0.372136	968.764
LLLWALLALLYLLTFLLLILI	LLLWALLALLYTLTFLLLILI	238.241	237.756	0.227751	0.67574	964.627
LLLWALLALLYTLTFLLLILI	LLLVALLALLYTLTFLLLILI	238.089	239.999	1.00921	0.118797	960.005
LLLVALLALLYTLTFLLLILI	LLLVALLALLTTLTFLLLILI	240.099	238.813	0.219549	0.693609	954.846
LLLVALLALLTTLTFLLLILI	LLLVTLLALLTTLTFLLLILI	238.242	238.642	0.122923	0.990994	949.095
LLLVTLLALLTTLTFLLLILI	LLLVTLLALLTILTFLLLILI	238.906	242.763	1.2552	0.0756774	942.693
LLLVTLLALLTILTFLLLILI	LLLVTLLALLTTLTFLLLILI	242.763	238.853	0.0756774	1.2552	935.578
LLLVTLLALLTTLTFLLLILI	LLLVTLLGLLTTLTFLLLILI	237.874	236.856	0.276169	0.584123	927.683
LLLVTLLGLLTTLTFLLLILI	LLLVTLLGLLFTLTFLLLILI	237.089	236.254	0.816184	0.171816	918.939
LLLVTLLGLLFTLTFLLLILI	LLLVTLLGLLFTLTTLLLILI	236.254	235.16	0.171816	0.816184	909.276
LLLVTLLGLLFTLTTLLLILI	LLLYTLLGLLFTLTTLLLILI	234.538	233.45	0.194474	0.753596	898.621
LLLYTLLGLLFTLTTLLLILI	LLLYTLLGLLFTLVTLLLILI	233.973	236.295	1.27634	0.0728516	886.903
LLLYTLLGLLFTLVTLLLILI	LLLYTLLGLLTTLVTLLLILI	236.314	235.704	0.0921195	1.14683	874.051
LLLYTLLGLLTTLVTLLLILI	LLLYTLLGLLTTLVSLLLILI	235.558	239.405	1.001	0.120637	859.999
LLLYTLLGLLTTLVSLLLILI	LLLYTLLALLTTLVSLLLILI	239.869	242.447	0.584123	0.276169	844.686
LLLYTLLALLTTLVSLLLILI	LLLYTLLGLLTTLVSLLLILI	242.447	239.883	0.276169	0.584123	828.061
LLLYTLLGLLTTLVSLLLILI	LLLYVLLGLLTTLVSLLLILI	240.099	236.367	0.800152	0.177314	810.083
LLLYVLLGLLTTLVSLLLILI	LLLYVLLGLLTTLVTLLLILI	236.346	232.348	0.155943	0.865998	790.724
LLLYVLLGLLTTLVTLLLILI	LLLYVLLGLLYTLVTLLLILI	231.925	233.209	0.443059	0.379341	769.974
LLLYVLLGLLYTLVTLLLILI	LLLYVLLALLYTLVTLLLILI	233.414	235.353	0.584123	0.276169	747.845
LLLYVLLALLYTLVTLLLILI	LLLYVLLALLYTLTTLLLILI	235.254	232.284	0.177314	0.800152	724.369
LLLYVLLALLYTLTTLLLILI	LLLYVLLALLYFLTTLLLILI	232.488	232.788	1.0043	0.119894	699.602
LLLYVLLALLYFLTTLLLILI	LLLYILLALLYFLTTLLLILI	233.067	234.558	0.398479	0.42245	673.628
LLLYILLALLYFLTTLLLILI	LLLYVLLALLYFLTTLLLILI	234.558	233.067	0.42245	0.398479	646.557
LLLYVLLALLYFLTTLLLILI	LLLWVLLALLYFLTTLLLILI	233.119	235.211	0.451187	0.372136	618.524
LLLWVLLALLYFLTTLLLILI	LLLWWLLALLYFLTTLLLILI	234.902	234.101	0.0623734	1.36313	589.688
LLLWWLLALLYFLTTLLLILI	LLLWALLALLYFLTTLLLILI	233.809	234.699	1.0712	0.105861	560.23
LLLWALLALLYFLTTLLLILI	LLLWVLLALLYFLTTLLLILI	235.194	235.105	0.601496	0.266078	530.348
LLLWVLLALLYFLTTLLLILI	LLLWWLLALLYFLTTLLLILI	234.902	234.057	0.0623734	1.36313	500.25
LLLWWLLALLYFLTTLLLILI	LLLWWLLGLLYFLTTLLLILI	232.97	233.165	0.276169	0.584123	470.152
LLLWWLLGLLYFLTTLLLILI	LLLWVLLGLLYFLTTLLLILI	233.944	232.112	1.36313	0.0623734	440.27
LLLWVLLGLLYFLTTLLLILI	LLLWVLLGLLWFLTTLLLILI	232.198	231.601	0.148778	0.890414	410.812
LLLWVLLGLLWFLTTLLLILI	LLLWALLGLLWFLTTLLLILI	231.159	230.069	0.44899	0.374065	381.976
LLLWALLGLLWFLTTLLLILI	LLLYALLGLLWFLTTLLLILI	230.585	231.902	0.890414	0.148778	353.943
LLLYALLGLLWFLTTLLLILI	LLLYVLLGLLWFLTTLLLILI	232.127	228.768	0.374065	0.44899	326.872
LLLYVLLGLLWFLTTLLLILI	LLLYVLLGLLYFLTTLLLILI	228.692	230.334	0.372136	0.451187	172.439
LLLYVLLGLLYFLTTLLLILI	LLLYVLLGLLYTLTTLLLILI	230.002	230.221	0.119894	1.0043	155.814
LLLYVLLGLLYTLTTLLLILI	LLLYVLLGLLTTLTTLLLILI	229.522	228.558	0.30482	0.538845	140.501
Time: 63s
