***STARTING GEOMETRY:***
xShift: 8.59135
crossingAngle: -47.1478
axialRotation: 34.2173
zShift: 4.2507

Number of MCCycles: 100
PrevSequence	CurrSequence	PrevEnergy	CurrEnergy	PrevEntropy	CurrEntropy	CurrentTemp
LLLALLTALLSTLLTTLLILI	LLLALLTALLATLLTTLLILI	-17.9024	-19.3696	0.297523	0.549849	999.684
LLLALLTALLATLLTTLLILI	LLLWLLTALLATLLTTLLILI	-19.6459	-16.5161	0.273566	0.588527	999.328
LLLWLLTALLATLLTTLLILI	LLLWLLTTLLATLLTTLLILI	-17.0043	-25.5975	0.100296	1.10047	998.928
LLLWLLTTLLATLLTTLLILI	LLLWLLTTLLSTLLTTLLILI	-26.4538	-25.4554	0.244161	0.642213	998.476
LLLWLLTTLLSTLLTTLLILI	LLLWLLTTLLSTLLVTLLILI	-24.703	-25.1478	1.39457	0.0589809	997.967
LLLWLLTTLLSTLLVTLLILI	LLLWLLTTLLSTLLTTLLILI	-25.1478	-27.3116	0.0589809	1.39457	997.394
LLLWLLTTLLSTLLTTLLILI	LLLWLLTTLLSILLTTLLILI	-27.688	-24.3985	1.01811	0.116837	996.749
LLLWLLTTLLSILLTTLLILI	LLLALLTTLLSILLTTLLILI	-23.4441	-21.9437	1.0712	0.105861	996.023
LLLALLTTLLSILLTTLLILI	LLLALLTTLLSILLTVLLILI	-20.7733	-18.1886	1.27634	0.0728516	995.205
LLLALLTTLLSILLTVLLILI	LLLALLTTLLSILLTTLLILI	-18.1886	-20.7733	0.0728516	1.27634	994.285
LLLALLTTLLSILLTTLLILI	LLLALLTTLLSTLLTTLLILI	-21.9328	-25.2158	0.116837	1.01811	993.249
LLLALLTTLLSTLLTTLLILI	LLLALLTTLLATLLTTLLILI	-25.8297	-23.8005	0.404229	0.416521	992.084
LLLALLTTLLATLLTTLLILI	LLLALLTTLLATLLVTLLILI	-22.8224	-20.6274	1.39457	0.0589809	990.773
LLLALLTTLLATLLVTLLILI	LLLALLTTLLATLLTTLLILI	-20.6274	-22.8224	0.0589809	1.39457	989.3
LLLALLTTLLATLLTTLLILI	LLLALLTTLLATLLTYLLILI	-23.2993	-21.4149	0.917682	0.141213	987.644
LLLALLTTLLATLLTYLLILI	LLLWLLTTLLATLLTYLLILI	-21.3605	-23.2865	0.195632	0.750628	985.783
LLLWLLTTLLATLLTYLLILI	LLLWLLTTLLATLLTTLLILI	-23.8959	-25.7803	0.141213	0.917682	983.694
LLLWLLTTLLATLLTTLLILI	LLLWLLTTLLATLLTYLLILI	-25.7803	-23.8959	0.917682	0.141213	981.348
LLLWLLTTLLATLLTYLLILI	LLLWLLTTLLATLLTTLLILI	-23.8959	-25.7803	0.141213	0.917682	978.717
LLLWLLTTLLATLLTTLLILI	LLLWLLTTLLSTLLTTLLILI	-26.4538	-28.0639	0.244161	0.642213	972.463
LLLWLLTTLLSTLLTTLLILI	LLLWLLTTLLSTLLTYLLILI	-27.7885	-25.9084	0.917682	0.141213	968.764
LLLWLLTTLLSTLLTYLLILI	LLLWLLTTLLSTLLTTLLILI	-25.9084	-27.7885	0.141213	0.917682	964.627
LLLWLLTTLLSTLLTTLLILI	LLLWLLTTLLSTLLTYLLILI	-27.7885	-25.9084	0.917682	0.141213	960.005
LLLWLLTTLLSTLLTYLLILI	LLLWLLTTLLSTLLTTLLILI	-25.9084	-27.7885	0.141213	0.917682	954.846
LLLWLLTTLLSTLLTTLLILI	LLLWLLGTLLSTLLTTLLILI	-27.5181	-20.806	1.18802	0.0854581	949.095
LLLWLLGTLLSTLLTTLLILI	LLLWLLTTLLSTLLTTLLILI	-20.806	-27.5181	0.0854581	1.18802	942.693
LLLWLLTTLLSTLLTTLLILI	LLLWLLTTLLSTLLVTLLILI	-27.3116	-25.1478	1.39457	0.0589809	935.578
LLLWLLTTLLSTLLVTLLILI	LLLALLTTLLSTLLVTLLILI	-24.1356	-22.6287	1.0712	0.105861	927.683
LLLALLTTLLSTLLVTLLILI	LLLALLTTLLSTLLTTLLILI	-22.6756	-24.8394	0.0589809	1.39457	918.939
LLLALLTTLLSTLLTTLLILI	LLLALLTTLLSTLLTYLLILI	-25.3163	-23.4362	0.917682	0.141213	909.276
LLLALLTTLLSTLLTYLLILI	LLLWLLTTLLSTLLTYLLILI	-23.4715	-24.9784	0.105861	1.0712	898.621
LLLWLLTTLLSTLLTYLLILI	LLLWLLTTLLSTLLTTLLILI	-25.9084	-27.7885	0.141213	0.917682	886.903
LLLWLLTTLLSTLLTTLLILI	LLLWLLTTLLATLLTTLLILI	-28.0639	-26.4538	0.642213	0.244161	874.051
LLLWLLTTLLATLLTTLLILI	LLLWLLTTLLATLLVTLLILI	-25.3034	-23.1084	1.39457	0.0589809	859.999
LLLWLLTTLLATLLVTLLILI	LLLALLTTLLATLLVTLLILI	-22.4167	-20.4907	0.750628	0.195632	844.686
LLLALLTTLLATLLVTLLILI	LLLALLTTLLATLLTTLLILI	-20.6274	-22.8224	0.0589809	1.39457	828.061
LLLALLTTLLATLLTTLLILI	LLLWLLTTLLATLLTTLLILI	-24.0214	-25.9474	0.195632	0.750628	810.083
LLLWLLTTLLATLLTTLLILI	LLLALLTTLLATLLTTLLILI	-25.9474	-24.0214	0.750628	0.195632	790.724
LLLALLTTLLATLLTTLLILI	LLLWLLTTLLATLLTTLLILI	-24.0214	-23.2662	0.195632	0.750628	769.974
LLLWLLTTLLATLLTTLLILI	LLLWLLTTLLATLLTVLLILI	-22.6222	-22.9349	1.39457	0.0589809	747.845
LLLWLLTTLLATLLTVLLILI	LLLALLTTLLATLLTVLLILI	-22.2432	-20.3172	0.750628	0.195632	724.369
LLLALLTTLLATLLTVLLILI	LLLALLTTLLSTLLTVLLILI	-20.0963	-22.1242	0.416521	0.404229	699.602
LLLALLTTLLSTLLTVLLILI	LLLALLFTLLSTLLTVLLILI	-21.3816	-16.0244	1.14683	0.0921195	673.628
LLLALLFTLLSTLLTVLLILI	LLLALLTTLLSTLLTVLLILI	-16.0244	-21.3816	0.0921195	1.14683	646.557
LLLALLTTLLSTLLTVLLILI	LLLWLLTTLLSTLLTVLLILI	-22.4226	-23.9294	0.105861	1.0712	618.524
LLLWLLTTLLSTLLTVLLILI	LLLWLLTTLLSTLLTTLLILI	-24.9416	-27.3116	0.0589809	1.39457	589.688
LLLWLLTTLLSTLLTTLLILI	LLLALLTTLLSTLLTTLLILI	-27.635	-26.1281	1.0712	0.105861	530.348
LLLALLTTLLSTLLTTLLILI	LLLWLLTTLLSTLLTTLLILI	-26.1281	-27.635	0.105861	1.0712	500.25
LLLWLLTTLLSTLLTTLLILI	LLLWLLTTLLSTLLVTLLILI	-27.3116	-25.1478	1.39457	0.0589809	470.152
LLLWLLTTLLSTLLVTLLILI	LLLWLLTTLLSTLLTTLLILI	-25.1478	-27.3116	0.0589809	1.39457	410.812
LLLWLLTTLLSTLLTTLLILI	LLLWLLTTLLSTLLTYLLILI	-27.7885	-25.9084	0.917682	0.141213	381.976
LLLWLLTTLLSTLLTYLLILI	LLLALLTTLLSTLLTYLLILI	-24.9784	-23.4715	1.0712	0.105861	353.943
LLLALLTTLLSTLLTYLLILI	LLLWLLTTLLSTLLTYLLILI	-23.4715	-24.9784	0.105861	1.0712	326.872
LLLWLLTTLLSTLLTYLLILI	LLLWLLTTLLSTLLTTLLILI	-25.9084	-27.7885	0.141213	0.917682	300.898
Time: 103s
