***STARTING GEOMETRY:***
xShift: 9.13016
crossingAngle: 30.2385
axialRotation: 49.8148
zShift: 2.06479

Number of MCCycles: 100
PrevSequence	CurrSequence	PrevEnergy	CurrEnergy	PrevEntropy	CurrEntropy	CurrentTemp
LLLYVLLGLLTTLTTLLLILI	LLLYVLLALLTTLTTLLLILI	190.635	190.803	0.584123	0.276169	999.684
LLLYVLLALLTTLTTLLLILI	LLLYVLLALLTTLVTLLLILI	191.458	194.109	0.930859	0.137712	999.328
LLLYVLLALLTTLVTLLLILI	LLLYVLLGLLTTLVTLLLILI	194.247	191.547	0.276169	0.584123	998.928
LLLYVLLGLLTTLVTLLLILI	LLLYVLLGLLTVLVTLLLILI	191.595	194.973	0.632162	0.249358	998.476
LLLYVLLGLLTVLVTLLLILI	LLLYVLLGLLYVLVTLLLILI	195.053	196.891	0.328724	0.505042	997.967
LLLYVLLGLLYVLVTLLLILI	LLLFVLLGLLYVLVTLLLILI	197.339	198.853	0.952787	0.132101	997.394
LLLFVLLGLLYVLVTLLLILI	LLLYVLLGLLYVLVTLLLILI	198.853	197.339	0.132101	0.952787	996.749
LLLYVLLGLLYVLVTLLLILI	LLLYVLLGLLYFLVTLLLILI	197.099	193	0.712752	0.211152	996.023
LLLYVLLGLLYFLVTLLLILI	LLLYVLLGLLWFLVTLLLILI	193.24	191.533	0.451187	0.372136	995.205
LLLYVLLGLLWFLVTLLLILI	LLLYVLLGLLWFLTTLLLILI	191.41	188.179	0.249358	0.632162	994.285
LLLYVLLGLLWFLTTLLLILI	LLLYILLGLLWFLTTLLLILI	187.945	189.539	0.398479	0.42245	993.249
LLLYILLGLLWFLTTLLLILI	LLLYILLGLLWFLTFLLLILI	189.655	191.863	0.538845	0.30482	992.084
LLLYILLGLLWFLTFLLLILI	LLLYVLLGLLWFLTFLLLILI	191.981	190.333	0.42245	0.398479	990.773
LLLYVLLGLLWFLTFLLLILI	LLLYVLLGLLWWLTFLLLILI	190.083	190.538	0.148778	0.890414	989.3
LLLYVLLGLLWWLTFLLLILI	LLLYVLLGLLYWLTFLLLILI	190.246	191.066	0.598868	0.267575	987.644
LLLYVLLGLLYWLTFLLLILI	LLLYVLLGLLWWLTFLLLILI	191.066	191.108	0.267575	0.598868	985.783
LLLYVLLGLLWWLTFLLLILI	LLLYFLLGLLWWLTFLLLILI	190.703	191.825	0.194474	0.753596	983.694
LLLYFLLGLLWWLTFLLLILI	LLLYFLLGLLWFLTFLLLILI	191.784	191.814	0.712752	0.211152	981.348
LLLYFLLGLLWFLTFLLLILI	LLLYFLLGLLYFLTFLLLILI	191.975	194.969	0.372136	0.451187	978.717
LLLYFLLGLLYFLTFLLLILI	LLLYFLLGLLWFLTFLLLILI	194.969	191.941	0.451187	0.372136	975.768
LLLYFLLGLLWFLTFLLLILI	LLLYFLLGLLWLLTFLLLILI	192.249	191.927	0.679837	0.225838	972.463
LLLYFLLGLLWLLTFLLLILI	LLLYFLLGLLWLLTTLLLILI	192.006	190.197	0.30482	0.538845	968.764
LLLYFLLGLLWLLTTLLLILI	LLLYFLLGLLWFLTTLLLILI	189.971	189.749	0.312976	0.526939	964.627
LLLYFLLGLLWFLTTLLLILI	LLLYFLLGLLWFLTWLLLILI	189.432	191.746	0.209355	0.716965	960.005
LLLYFLLGLLWFLTWLLLILI	LLLYFLLGLLWFLTTLLLILI	191.746	192.775	0.716965	0.209355	954.846
LLLYFLLGLLWFLTTLLLILI	LLLYFLLGLLWFLVTLLLILI	193.496	192.916	0.930859	0.137712	949.095
LLLYFLLGLLWFLVTLLLILI	LLLYVLLGLLWFLVTLLLILI	193.268	191.501	0.489394	0.340616	942.693
LLLYVLLGLLWFLVTLLLILI	LLLYVLLGLLWLLVTLLLILI	191.481	192.209	0.320259	0.516639	935.578
LLLYVLLGLLWLLVTLLLILI	LLLYVLLGLLWFLVTLLLILI	192.209	191.481	0.516639	0.320259	927.683
LLLYVLLGLLWFLVTLLLILI	LLLYILLGLLWFLVTLLLILI	191.795	192.979	0.634506	0.248134	918.939
LLLYILLGLLWFLVTLLLILI	LLLYILLGLLWFLTTLLLILI	192.868	193.468	0.137712	0.930859	909.276
LLLYILLGLLWFLTTLLLILI	LLLYILLGLLWLLTTLLLILI	192.857	190.165	0.320259	0.516639	898.621
LLLYILLGLLWLLTTLLLILI	LLLYVLLGLLWLLTTLLLILI	190.071	188.503	0.42245	0.398479	886.903
LLLYVLLGLLWLLTTLLLILI	LLLYVLLGLLWLLVTLLLILI	188.737	191.966	0.632162	0.249358	874.051
LLLYVLLGLLWLLVTLLLILI	LLLYVLLGLLWLLTTLLLILI	191.966	188.713	0.249358	0.632162	859.999
LLLYVLLGLLWLLTTLLLILI	LLLYVLLGLLWFLTTLLLILI	188.597	187.867	0.516639	0.320259	844.686
LLLYVLLGLLWFLTTLLLILI	LLLYILLGLLWFLTTLLLILI	187.945	189.539	0.398479	0.42245	828.061
LLLYILLGLLWFLTTLLLILI	LLLWILLGLLWFLTTLLLILI	189.265	190.572	0.148778	0.890414	810.083
LLLWILLGLLWFLTTLLLILI	LLLWALLGLLWFLTTLLLILI	190.144	189.235	0.461854	0.362958	769.974
LLLWALLGLLWFLTTLLLILI	LLLWALLGLLWLLTTLLLILI	189.192	189.901	0.320259	0.516639	747.845
LLLWALLGLLWLLTTLLLILI	LLLWALLGLLWFLTTLLLILI	189.901	189.181	0.516639	0.320259	724.369
LLLWALLGLLWFLTTLLLILI	LLLWALLGLLWLLTTLLLILI	189.181	189.901	0.320259	0.516639	699.602
LLLWALLGLLWLLTTLLLILI	LLLWALLGLLWFLTTLLLILI	189.901	189.192	0.516639	0.320259	673.628
LLLWALLGLLWFLTTLLLILI	LLLWALLGLLYFLTTLLLILI	189.763	192.006	0.890414	0.148778	646.557
LLLWALLGLLYFLTTLLLILI	LLLWVLLGLLYFLTTLLLILI	192.232	191.9	0.374065	0.44899	618.524
LLLWVLLGLLYFLTTLLLILI	LLLWWLLGLLYFLTTLLLILI	191.513	190.993	0.0623734	1.36313	589.688
LLLWWLLGLLYFLTTLLLILI	LLLWVLLGLLYFLTTLLLILI	190.993	191.513	1.36313	0.0623734	560.23
LLLWVLLGLLYFLTTLLLILI	LLLYVLLGLLYFLTTLLLILI	191.823	189.635	0.372136	0.451187	530.348
LLLYVLLGLLYFLTTLLLILI	LLLYVLLGLLYTLTTLLLILI	189.304	190.01	0.119894	1.0043	500.25
LLLYVLLGLLYTLTTLLLILI	LLLYVLLGLLYFLTTLLLILI	190.01	189.304	1.0043	0.119894	470.152
LLLYVLLGLLYFLTTLLLILI	LLLYVLLGLLYTLTTLLLILI	189.304	190.01	0.119894	1.0043	440.27
LLLYVLLGLLYTLTTLLLILI	LLLYVLLGLLTTLTTLLLILI	189.311	188.033	0.30482	0.538845	381.976
LLLYVLLGLLTTLTTLLLILI	LLLYILLGLLTTLTTLLLILI	187.893	189.483	0.398479	0.42245	252.655
LLLYILLGLLTTLTTLLLILI	LLLYILLGLLYTLTTLLLILI	189.599	190.861	0.538845	0.30482	230.526
LLLYILLGLLYTLTTLLLILI	LLLYILLGLLTTLTTLLLILI	190.861	189.633	0.30482	0.538845	209.776
LLLYILLGLLTTLTTLLLILI	LLLYILLGLLYTLTTLLLILI	189.633	190.861	0.538845	0.30482	190.417
LLLYILLGLLYTLTTLLLILI	LLLYILLGLLTTLTTLLLILI	190.861	189.599	0.30482	0.538845	172.439
LLLYILLGLLTTLTTLLLILI	LLLYVLLGLLTTLTTLLLILI	189.483	187.917	0.42245	0.398479	155.814
Time: 61s
