***STARTING GEOMETRY:***
xShift: 7.16288
crossingAngle: -36.7124
axialRotation: 40.1487
zShift: 4.35807

Number of MCCycles: 100
PrevSequence	CurrSequence	PrevEnergy	CurrEnergy	PrevEntropy	CurrEntropy	CurrentTemp
LLLALLFSLLGTLLTTLLILI	LLLALLFALLGTLLTTLLILI	22.6136	22.2495	0.404229	0.416521	999.328
LLLALLFALLGTLLTTLLILI	LLLALLFALLGTLLTVLLILI	22.9614	26.3891	1.12845	0.0952708	998.928
LLLALLFALLGTLLTVLLILI	LLLALLFSLLGTLLTVLLILI	26.7104	26.3882	0.416521	0.404229	998.476
LLLALLFSLLGTLLTVLLILI	LLLALLFALLGTLLTVLLILI	26.3882	26.7104	0.404229	0.416521	997.394
LLLALLFALLGTLLTVLLILI	LLLALLFALLGTLLTTLLILI	26.3891	22.9614	0.0952708	1.12845	996.023
LLLALLFALLGTLLTTLLILI	LLLALLFALLGTLLTVLLILI	22.9614	26.3891	1.12845	0.0952708	995.205
LLLALLFALLGTLLTVLLILI	LLLALLFALLGTLLTTLLILI	26.3891	22.9614	0.0952708	1.12845	993.249
LLLALLFALLGTLLTTLLILI	LLLALLFALLGTLLTYLLILI	22.5266	26.5521	0.693609	0.219549	992.084
LLLALLFALLGTLLTYLLILI	LLLALLFSLLGTLLTYLLILI	26.7491	26.4258	0.416521	0.404229	990.773
LLLALLFSLLGTLLTYLLILI	LLLALLFSLLGTLLTFLLILI	26.4319	26.4514	0.410343	0.410343	987.644
LLLALLFSLLGTLLTFLLILI	LLLALLFSLLGTLLTTLLILI	26.2606	22.2167	0.219549	0.693609	985.783
LLLALLFSLLGTLLTTLLILI	LLLALLFALLGTLLTTLLILI	21.9273	22.2495	0.404229	0.416521	981.348
LLLALLFALLGTLLTTLLILI	LLLALLFSLLGTLLTTLLILI	22.2495	21.9273	0.416521	0.404229	978.717
LLLALLFSLLGTLLTTLLILI	LLLALLFALLGTLLTTLLILI	21.9273	22.2495	0.404229	0.416521	968.764
LLLALLFALLGTLLTTLLILI	LLLALLYALLGTLLTTLLILI	22.073	25.4717	0.240035	0.650378	960.005
LLLALLYALLGTLLTTLLILI	LLLALLYSLLGTLLTTLLILI	25.2378	24.8452	0.416521	0.404229	954.846
LLLALLYSLLGTLLTTLLILI	LLLALLYALLGTLLTTLLILI	24.8452	24.9566	0.404229	0.416521	949.095
LLLALLYALLGTLLTTLLILI	LLLGLLYALLGTLLTTLLILI	24.8162	24.297	0.276169	0.584123	942.693
LLLGLLYALLGTLLTTLLILI	LLLGLLLALLGTLLTTLLILI	24.2399	24.6792	0.526939	0.312976	935.578
LLLGLLLALLGTLLTTLLILI	LLLGLLYALLGTLLTTLLILI	24.6792	24.9678	0.312976	0.526939	927.683
LLLGLLYALLGTLLTTLLILI	LLLALLYALLGTLLTTLLILI	25.025	24.3259	0.584123	0.276169	918.939
LLLALLYALLGTLLTTLLILI	LLLALLYSLLGTLLTTLLILI	24.4663	24.5405	0.416521	0.404229	909.276
LLLALLYSLLGTLLTTLLILI	LLLALLFSLLGTLLTTLLILI	24.7866	21.7631	0.650378	0.240035	898.621
LLLALLFSLLGTLLTTLLILI	LLLALLFSLLGTLLTVLLILI	22.6515	26.0792	1.12845	0.0952708	874.051
LLLALLFSLLGTLLTVLLILI	LLLALLFALLGTLLTVLLILI	26.3882	26.7104	0.404229	0.416521	859.999
LLLALLFALLGTLLTVLLILI	LLLALLFALLGTLLTTLLILI	26.3891	22.9614	0.0952708	1.12845	844.686
LLLALLFALLGTLLTTLLILI	LLLALLYALLGTLLTTLLILI	22.073	24.6398	0.240035	0.650378	828.061
LLLALLYALLGTLLTTLLILI	LLLALLFALLGTLLTTLLILI	24.6398	22.073	0.650378	0.240035	810.083
LLLALLFALLGTLLTTLLILI	LLLALLFALLGTLLTVLLILI	22.9614	26.3891	1.12845	0.0952708	747.845
LLLALLFALLGTLLTVLLILI	LLLALLFSLLGTLLTVLLILI	26.7104	26.3882	0.416521	0.404229	724.369
LLLALLFSLLGTLLTVLLILI	LLLALLFSLLGTLLTYLLILI	26.1784	26.7752	0.194474	0.753596	699.602
LLLALLFSLLGTLLTYLLILI	LLLALLFSLLGTLLTTLLILI	26.2411	22.2167	0.219549	0.693609	673.628
LLLALLFSLLGTLLTTLLILI	LLLALLFALLGTLLTTLLILI	21.9273	22.2495	0.404229	0.416521	646.557
LLLALLFALLGTLLTTLLILI	LLLALLFSLLGTLLTTLLILI	22.2495	21.9273	0.416521	0.404229	589.688
LLLALLFSLLGTLLTTLLILI	LLLGLLFSLLGTLLTTLLILI	21.6771	25.6513	0.154044	0.872342	530.348
LLLGLLFSLLGTLLTTLLILI	LLLGLLLSLLGTLLTTLLILI	25.0992	24.3948	0.320259	0.516639	500.25
LLLGLLLSLLGTLLTTLLILI	LLLGLLYSLLGTLLTTLLILI	24.1911	24.6962	0.312976	0.526939	470.152
LLLGLLYSLLGTLLTTLLILI	LLLALLYSLLGTLLTTLLILI	25.0416	24.5751	0.872342	0.154044	440.27
LLLALLYSLLGTLLTTLLILI	LLLGLLYSLLGTLLTTLLILI	24.5751	25.0416	0.154044	0.872342	410.812
LLLGLLYSLLGTLLTTLLILI	LLLGLLYALLGTLLTTLLILI	24.8114	25.3782	0.642213	0.244161	381.976
LLLGLLYALLGTLLTTLLILI	LLLALLYALLGTLLTTLLILI	25.7181	25.0646	0.584123	0.276169	353.943
LLLALLYALLGTLLTTLLILI	LLLGLLYALLGTLLTTLLILI	25.0646	24.297	0.276169	0.584123	300.898
LLLGLLYALLGTLLTTLLILI	LLLGLLYSLLGTLLTTLLILI	23.9571	24.0867	0.244161	0.642213	276.131
LLLGLLYSLLGTLLTTLLILI	LLLGLLFSLLGTLLTTLLILI	24.0949	23.9273	0.650378	0.240035	230.526
LLLGLLFSLLGTLLTTLLILI	LLLGLLLSLLGTLLTTLLILI	24.0075	24.3948	0.320259	0.516639	209.776
LLLGLLLSLLGTLLTTLLILI	LLLGLLFSLLGTLLTTLLILI	24.3948	24.0075	0.516639	0.320259	140.501
LLLGLLFSLLGTLLTTLLILI	LLLGLLFALLGTLLTTLLILI	24.3295	24.2542	0.642213	0.244161	126.449
LLLGLLFALLGTLLTTLLILI	LLLALLFALLGTLLTTLLILI	24.5941	22.1091	0.584123	0.276169	113.597
LLLALLFALLGTLLTTLLILI	LLLALLFSLLGTLLTTLLILI	22.2495	21.9273	0.416521	0.404229	101.879
Time: 69s
