***STARTING GEOMETRY:***
xShift: 7.22792
crossingAngle: -37.4946
axialRotation: 41.0275
zShift: 4.18601

Number of MCCycles: 100
PrevSequence	CurrSequence	PrevEnergy	CurrEnergy	PrevEntropy	CurrEntropy	CurrentTemp
LLLALLFSLLGTLLTTLLILI	LLLALLFALLGTLLTTLLILI	17.1899	16.961	0.404229	0.416521	999.684
LLLALLFALLGTLLTTLLILI	LLLALLFSLLGTLLTTLLILI	16.961	16.4865	0.416521	0.404229	998.928
LLLALLFSLLGTLLTTLLILI	LLLALLWSLLGTLLTTLLILI	16.2311	21.0943	0.148778	0.890414	997.967
LLLALLWSLLGTLLTTLLILI	LLLGLLWSLLGTLLTTLLILI	20.3579	22.3888	0.154044	0.872342	997.394
LLLGLLWSLLGTLLTTLLILI	LLLGLLWALLGTLLTTLLILI	22.1587	22.6829	0.642213	0.244161	996.749
LLLGLLWALLGTLLTTLLILI	LLLGLLYALLGTLLTTLLILI	23.0376	19.0178	0.598868	0.267575	996.023
LLLGLLYALLGTLLTTLLILI	LLLALLYALLGTLLTTLLILI	19.3344	20.0152	0.584123	0.276169	995.205
LLLALLYALLGTLLTTLLILI	LLLALLYSLLGTLLTTLLILI	20.1556	20.3263	0.416521	0.404229	994.285
LLLALLYSLLGTLLTTLLILI	LLLALLFSLLGTLLTTLLILI	20.5725	16.3223	0.650378	0.240035	993.249
LLLALLFSLLGTLLTTLLILI	LLLALLWSLLGTLLTTLLILI	16.2311	18.2871	0.148778	0.890414	987.644
LLLALLWSLLGTLLTTLLILI	LLLGLLWSLLGTLLTTLLILI	17.5507	21.2683	0.154044	0.872342	985.783
LLLGLLWSLLGTLLTTLLILI	LLLGLLWALLGTLLTTLLILI	21.0382	21.7208	0.642213	0.244161	983.694
LLLGLLWALLGTLLTTLLILI	LLLALLWALLGTLLTTLLILI	22.0608	20.7701	0.584123	0.276169	981.348
LLLALLWALLGTLLTTLLILI	LLLALLFALLGTLLTTLLILI	21.3843	16.6933	0.890414	0.148778	978.717
LLLALLFALLGTLLTTLLILI	LLLALLYALLGTLLTTLLILI	16.7846	19.5726	0.240035	0.650378	975.768
LLLALLYALLGTLLTTLLILI	LLLALLYSLLGTLLTTLLILI	19.3388	18.9051	0.416521	0.404229	972.463
LLLALLYSLLGTLLTTLLILI	LLLALLYALLGTLLTTLLILI	18.9051	19.3388	0.404229	0.416521	968.764
LLLALLYALLGTLLTTLLILI	LLLALLFALLGTLLTTLLILI	19.5726	16.7846	0.650378	0.240035	964.627
LLLALLFALLGTLLTTLLILI	LLLGLLFALLGTLLTTLLILI	16.8207	19.4576	0.276169	0.584123	954.846
LLLGLLFALLGTLLTTLLILI	LLLGLLFSLLGTLLTTLLILI	19.1177	20.222	0.244161	0.642213	949.095
LLLGLLFSLLGTLLTTLLILI	LLLGLLYSLLGTLLTTLLILI	19.8198	19.1352	0.240035	0.650378	942.693
LLLGLLYSLLGTLLTTLLILI	LLLGLLLSLLGTLLTTLLILI	19.0117	19.5414	0.526939	0.312976	935.578
LLLGLLLSLLGTLLTTLLILI	LLLGLLLSLLGTLLTFLLILI	20.2327	23.5414	1.0043	0.119894	927.683
LLLGLLLSLLGTLLTFLLILI	LLLGLLLSLLGTLLTVLLILI	23.9109	24.1276	0.489394	0.340616	918.939
LLLGLLLSLLGTLLTVLLILI	LLLGLLYSLLGTLLTVLLILI	24.1	24.7777	0.312976	0.526939	909.276
LLLGLLYSLLGTLLTVLLILI	LLLGLLLSLLGTLLTVLLILI	24.7777	24.1	0.526939	0.312976	898.621
LLLGLLLSLLGTLLTVLLILI	LLLGLLLALLGTLLTVLLILI	24.4292	24.6723	0.642213	0.244161	886.903
LLLGLLLALLGTLLTVLLILI	LLLGLLLSLLGTLLTVLLILI	24.6723	24.4292	0.244161	0.642213	874.051
LLLGLLLSLLGTLLTVLLILI	LLLGLLLALLGTLLTVLLILI	24.4292	24.6723	0.642213	0.244161	859.999
LLLGLLLALLGTLLTVLLILI	LLLGLLLSLLGTLLTVLLILI	24.6723	24.4292	0.244161	0.642213	844.686
LLLGLLLSLLGTLLTVLLILI	LLLGLLLALLGTLLTVLLILI	24.4292	24.6723	0.642213	0.244161	828.061
LLLGLLLALLGTLLTVLLILI	LLLGLLFALLGTLLTVLLILI	24.9448	24.6046	0.516639	0.320259	810.083
LLLGLLFALLGTLLTVLLILI	LLLALLFALLGTLLTVLLILI	24.8684	21.3794	0.584123	0.276169	769.974
LLLALLFALLGTLLTVLLILI	LLLALLFALLGTLLTTLLILI	21.1985	17.673	0.0952708	1.12845	747.845
LLLALLFALLGTLLTTLLILI	LLLALLFSLLGTLLTTLLILI	16.961	16.4865	0.416521	0.404229	724.369
LLLALLFSLLGTLLTTLLILI	LLLALLFALLGTLLTTLLILI	16.4865	16.961	0.404229	0.416521	699.602
LLLALLFALLGTLLTTLLILI	LLLALLFSLLGTLLTTLLILI	16.961	16.4865	0.416521	0.404229	646.557
LLLALLFSLLGTLLTTLLILI	LLLALLFALLGTLLTTLLILI	16.4865	16.961	0.404229	0.416521	326.872
LLLALLFALLGTLLTTLLILI	LLLALLFSLLGTLLTTLLILI	16.961	16.4865	0.416521	0.404229	252.655
LLLALLFSLLGTLLTTLLILI	LLLALLFALLGTLLTTLLILI	16.4865	16.961	0.404229	0.416521	230.526
LLLALLFALLGTLLTTLLILI	LLLALLFSLLGTLLTTLLILI	16.961	16.4865	0.416521	0.404229	209.776
LLLALLFSLLGTLLTTLLILI	LLLALLFALLGTLLTTLLILI	16.4865	16.961	0.404229	0.416521	172.439
LLLALLFALLGTLLTTLLILI	LLLALLFSLLGTLLTTLLILI	16.961	16.4865	0.416521	0.404229	126.449
Time: 173s
