***STARTING GEOMETRY:***
xShift: 7.21709
crossingAngle: -37.4401
axialRotation: 73.6435
zShift: 3.48835

Number of MCCycles: 100
PrevSequence	CurrSequence	PrevEnergy	CurrEnergy	PrevEntropy	CurrEntropy	CurrentTemp
LLLGLLTGLLTGLLTTLLILI	LLLGLLTGLLTGLLTVLLILI	34.0617	35.4463	1.27634	0.0728516	999.684
LLLGLLTGLLTGLLTVLLILI	LLLGLLTGLLTGLLTTLLILI	35.4463	31.3678	0.0728516	1.27634	998.928
LLLGLLTGLLTGLLTTLLILI	LLLGLLTGLLTGLLFTLLILI	31.2382	31.425	1.14683	0.0921195	998.476
LLLGLLTGLLTGLLFTLLILI	LLLGLLTGLLTGLLTTLLILI	31.425	31.2382	0.0921195	1.14683	997.967
LLLGLLTGLLTGLLTTLLILI	LLLGLLTGLLTGLLFTLLILI	31.2382	31.425	1.14683	0.0921195	996.749
LLLGLLTGLLTGLLFTLLILI	LLLGLLTGLLLGLLFTLLILI	32.3731	37.5622	1.04019	0.112128	996.023
LLLGLLTGLLLGLLFTLLILI	LLLGLLTGLLTGLLFTLLILI	37.5622	32.3731	0.112128	1.04019	995.205
LLLGLLTGLLTGLLFTLLILI	LLLGLLTGLLTGLLTTLLILI	31.425	31.2382	0.0921195	1.14683	994.285
LLLGLLTGLLTGLLTTLLILI	LLLGLLTGLLTGLLTVLLILI	31.3678	35.4597	1.27634	0.0728516	993.249
LLLGLLTGLLTGLLTVLLILI	LLLGLLTGLLTGLLFVLLILI	36.3912	36.8902	1.0043	0.119894	992.084
LLLGLLTGLLTGLLFVLLILI	LLLGLLTGLLTGLLTVLLILI	36.8902	36.1695	0.119894	1.0043	989.3
LLLGLLTGLLTGLLTVLLILI	LLLGLLTGLLTGLLTTLLILI	35.2381	31.3678	0.0728516	1.27634	987.644
LLLGLLTGLLTGLLTTLLILI	LLLGLLTGLLTGLLFTLLILI	31.2382	31.425	1.14683	0.0921195	985.783
LLLGLLTGLLTGLLFTLLILI	LLLGLLTGLLTGLLTTLLILI	31.425	31.2382	0.0921195	1.14683	983.694
LLLGLLTGLLTGLLTTLLILI	LLLGLLTGLLTGLLFTLLILI	31.2382	31.425	1.14683	0.0921195	981.348
LLLGLLTGLLTGLLFTLLILI	LLLGLLTGLLTGLLTTLLILI	31.425	31.2382	0.0921195	1.14683	975.768
LLLGLLTGLLTGLLTTLLILI	LLLGLLTGLLIGLLTTLLILI	31.3466	36.1491	1.2552	0.0756774	972.463
LLLGLLTGLLIGLLTTLLILI	LLLGLLTGLLTGLLTTLLILI	36.1491	31.3466	0.0756774	1.2552	968.764
LLLGLLTGLLTGLLTTLLILI	LLLGLLVGLLTGLLTTLLILI	31.3678	33.6134	1.27634	0.0728516	964.627
LLLGLLVGLLTGLLTTLLILI	LLLGLLVGLLTGLLYTLLILI	34.2342	34.2081	0.693609	0.219549	960.005
LLLGLLVGLLTGLLYTLLILI	LLLGLLTGLLTGLLYTLLILI	34.0839	35.7246	0.0952708	1.12845	954.846
LLLGLLTGLLTGLLYTLLILI	LLLGLLTGLLTGLLTTLLILI	34.768	30.9076	0.171816	0.816184	949.095
LLLGLLTGLLTGLLTTLLILI	LLLGLLVGLLTGLLTTLLILI	31.3678	33.6134	1.27634	0.0728516	942.693
LLLGLLVGLLTGLLTTLLILI	LLLGLLVGLLTGLLTVLLILI	34.3407	38.9999	0.800152	0.177314	935.578
LLLGLLVGLLTGLLTVLLILI	LLLGLLVGLLTGLLTTLLILI	38.9999	34.3407	0.177314	0.800152	927.683
LLLGLLVGLLTGLLTTLLILI	LLLGLLVGLLTGLLFTLLILI	34.5449	34.8944	1.0043	0.119894	918.939
LLLGLLVGLLTGLLFTLLILI	LLLGLLTGLLTGLLFTLLILI	34.8698	32.4614	0.0952708	1.12845	909.276
LLLGLLTGLLTGLLFTLLILI	LLLGLLTGLLTGLLTTLLILI	31.425	31.2382	0.0921195	1.14683	886.903
LLLGLLTGLLTGLLTTLLILI	LLLGLLTGLLTGLLFTLLILI	31.2382	31.425	1.14683	0.0921195	874.051
LLLGLLTGLLTGLLFTLLILI	LLLGLLVGLLTGLLFTLLILI	32.4614	34.8698	1.12845	0.0952708	859.999
LLLGLLVGLLTGLLFTLLILI	LLLGLLTGLLTGLLFTLLILI	34.8698	32.4614	0.0952708	1.12845	844.686
LLLGLLTGLLTGLLFTLLILI	LLLGLLTGLLTGLLTTLLILI	31.425	31.2382	0.0921195	1.14683	828.061
LLLGLLTGLLTGLLTTLLILI	LLLGLLTGLLTGLLFTLLILI	31.2382	31.425	1.14683	0.0921195	810.083
LLLGLLTGLLTGLLFTLLILI	LLLGLLTGLLTGLLFVLLILI	32.4614	36.6741	1.12845	0.0952708	790.724
LLLGLLTGLLTGLLFVLLILI	LLLGLLTGLLTGLLTVLLILI	36.6987	36.1695	0.119894	1.0043	769.974
LLLGLLTGLLTGLLTVLLILI	LLLGLLTGLLTGLLFVLLILI	36.1695	36.6987	1.0043	0.119894	747.845
LLLGLLTGLLTGLLFVLLILI	LLLGLLTGLLTGLLFTLLILI	36.6741	32.4614	0.0952708	1.12845	724.369
LLLGLLTGLLTGLLFTLLILI	LLLGLLTGLLTGLLTTLLILI	31.425	31.2382	0.0921195	1.14683	699.602
LLLGLLTGLLTGLLTTLLILI	LLLGLLVGLLTGLLTTLLILI	31.3678	33.6134	1.27634	0.0728516	618.524
LLLGLLVGLLTGLLTTLLILI	LLLGLLVGLLTGLLFTLLILI	34.5449	34.8944	1.0043	0.119894	589.688
LLLGLLVGLLTGLLFTLLILI	LLLGLLTGLLTGLLFTLLILI	34.8698	32.4614	0.0952708	1.12845	560.23
LLLGLLTGLLTGLLFTLLILI	LLLGLLTGLLTGLLTTLLILI	31.425	31.2382	0.0921195	1.14683	530.348
LLLGLLTGLLTGLLTTLLILI	LLLGLLTGLLTGLLFTLLILI	31.2382	31.425	1.14683	0.0921195	470.152
LLLGLLTGLLTGLLFTLLILI	LLLGLLTGLLTGLLTTLLILI	31.425	31.2382	0.0921195	1.14683	440.27
LLLGLLTGLLTGLLTTLLILI	LLLGLLVGLLTGLLTTLLILI	31.3678	33.6134	1.27634	0.0728516	410.812
LLLGLLVGLLTGLLTTLLILI	LLLGLLTGLLTGLLTTLLILI	33.6134	31.3678	0.0728516	1.27634	381.976
LLLGLLTGLLTGLLTTLLILI	LLLGLLTGLLTGLLFTLLILI	31.2382	31.425	1.14683	0.0921195	326.872
LLLGLLTGLLTGLLFTLLILI	LLLGLLTGLLTGLLTTLLILI	31.425	31.2382	0.0921195	1.14683	276.131
LLLGLLTGLLTGLLTTLLILI	LLLGLLTGLLTGLLFTLLILI	31.2382	31.425	1.14683	0.0921195	252.655
LLLGLLTGLLTGLLFTLLILI	LLLGLLTGLLTGLLTTLLILI	31.425	31.2382	0.0921195	1.14683	209.776
LLLGLLTGLLTGLLTTLLILI	LLLGLLTGLLTGLLFTLLILI	31.2382	31.425	1.14683	0.0921195	172.439
LLLGLLTGLLTGLLFTLLILI	LLLGLLTGLLTGLLYTLLILI	31.5729	31.1901	0.240035	0.650378	155.814
LLLGLLTGLLTGLLYTLLILI	LLLGLLTGLLTGLLTTLLILI	30.7115	30.9076	0.171816	0.816184	101.879
LLLGLLTGLLTGLLTTLLILI	LLLGLLTGLLTGLLFTLLILI	31.2382	31.425	1.14683	0.0921195	91.2238
LLLGLLTGLLTGLLFTLLILI	LLLGLLTGLLTGLLTTLLILI	31.425	31.2382	0.0921195	1.14683	81.5606
Time: 56s
