***STARTING GEOMETRY:***
xShift: 8.30617
crossingAngle: 25.7633
axialRotation: 100.512
zShift: 3.30905

Number of MCCycles: 100
PrevSequence	CurrSequence	PrevEnergy	CurrEnergy	PrevEntropy	CurrEntropy	CurrentTemp
LLLYGLLYLLTSLTTLLLILI	LLLYGLLYLLTSLTYLLLILI	-34.9833	-31.341	0.328724	0.505042	999.684
LLLYGLLYLLTSLTYLLLILI	LLLYGLLYLLTSLTFLLLILI	-30.6941	-30.105	1.15198	0.0912572	999.328
LLLYGLLYLLTSLTFLLLILI	LLLFGLLYLLTSLTFLLLILI	-29.5459	-28.6139	0.650378	0.240035	998.928
LLLFGLLYLLTSLTFLLLILI	LLLYGLLYLLTSLTFLLLILI	-28.6139	-30.0389	0.240035	0.650378	998.476
LLLYGLLYLLTSLTFLLLILI	LLLYGLLFLLTSLTFLLLILI	-30.0389	-27.9103	0.650378	0.240035	997.967
LLLYGLLFLLTSLTFLLLILI	LLLYGLLFLLTALTFLLLILI	-27.5081	-27.277	0.642213	0.244161	997.394
LLLYGLLFLLTALTFLLLILI	LLLYGLLYLLTALTFLLLILI	-27.2811	-29.4211	0.240035	0.650378	996.749
LLLYGLLYLLTALTFLLLILI	LLLYGLLYLLTALTYLLLILI	-29.9802	-30.0228	0.0912572	1.15198	996.023
LLLYGLLYLLTALTYLLLILI	LLLYGLLFLLTALTYLLLILI	-30.0228	-28.5219	1.15198	0.0912572	995.205
LLLYGLLFLLTALTYLLLILI	LLLYGLLFLLTSLTYLLLILI	-28.369	-28.6577	0.244161	0.642213	994.285
LLLYGLLFLLTSLTYLLLILI	LLLYGLLFLLYSLTYLLLILI	-29.0619	-24.7871	0.238039	0.654392	993.249
LLLYGLLFLLYSLTYLLLILI	LLLYGLLYLLYSLTYLLLILI	-25.3718	-26.3904	0.0697276	1.30076	992.084
LLLYGLLYLLYSLTYLLLILI	LLLWGLLYLLYSLTYLLLILI	-26.9869	-26.5228	0.704234	0.21484	990.773
LLLWGLLYLLYSLTYLLLILI	LLLWGLLYLLTSLTYLLLILI	-26.0833	-29.4303	0.654392	0.238039	989.3
LLLWGLLYLLTSLTYLLLILI	LLLWGLLYLLTALTYLLLILI	-29.0262	-28.8397	0.642213	0.244161	987.644
LLLWGLLYLLTALTYLLLILI	LLLWGLLYLLTALVYLLLILI	-28.153	-24.9398	0.930859	0.137712	985.783
LLLWGLLYLLTALVYLLLILI	LLLYGLLYLLTALVYLLLILI	-24.8054	-26.767	0.272043	0.591129	983.694
LLLYGLLYLLTALVYLLLILI	LLLYGLLYLLTSLVYLLLILI	-27.1139	-27.3801	0.244161	0.642213	981.348
LLLYGLLYLLTSLVYLLLILI	LLLYGLLYLLTSLTYLLLILI	-27.8846	-30.9087	0.137712	0.930859	978.717
LLLYGLLYLLTSLTYLLLILI	LLLYGLLYLLTALTYLLLILI	-31.1974	-30.9306	0.642213	0.244161	975.768
LLLYGLLYLLTALTYLLLILI	LLLYGLLYLLTALVYLLLILI	-30.2439	-27.2204	0.930859	0.137712	972.463
LLLYGLLYLLTALVYLLLILI	LLLYGLLYLLTALTYLLLILI	-27.2204	-30.2504	0.137712	0.930859	968.764
LLLYGLLYLLTALTYLLLILI	LLLYGLLYLLTSLTYLLLILI	-30.9371	-31.2039	0.244161	0.642213	964.627
LLLYGLLYLLTSLTYLLLILI	LLLYGLLYLLTALTYLLLILI	-31.2039	-30.9371	0.642213	0.244161	960.005
LLLYGLLYLLTALTYLLLILI	LLLYGLLFLLTALTYLLLILI	-30.0293	-28.5219	1.15198	0.0912572	954.846
LLLYGLLFLLTALTYLLLILI	LLLYGLLYLLTALTYLLLILI	-28.5219	-30.0293	0.0912572	1.15198	949.095
LLLYGLLYLLTALTYLLLILI	LLLYGLLYLLTALTFLLLILI	-30.0293	-29.9802	1.15198	0.0912572	942.693
LLLYGLLYLLTALTFLLLILI	LLLYGLLYLLYALTFLLLILI	-29.8334	-26.025	0.238039	0.654392	935.578
LLLYGLLYLLYALTFLLLILI	LLLYGLLFLLYALTFLLLILI	-25.8588	-24.2777	0.820686	0.170308	927.683
LLLYGLLFLLYALTFLLLILI	LLLYGLLFLLYALTYLLLILI	-24.2777	-24.1404	0.170308	0.820686	918.939
LLLYGLLFLLYALTYLLLILI	LLLYGLLFLLYALTFLLLILI	-24.1404	-24.2755	0.820686	0.170308	909.276
LLLYGLLFLLYALTFLLLILI	LLLYGLLFLLYSLTFLLLILI	-24.2017	-24.2423	0.244161	0.642213	898.621
LLLYGLLFLLYSLTFLLLILI	LLLYGLLFLLYSLTYLLLILI	-24.7142	-24.6143	0.170308	0.820686	886.903
LLLYGLLFLLYSLTYLLLILI	LLLYGLLFLLYALTYLLLILI	-24.7928	-24.7104	0.642213	0.244161	874.051
LLLYGLLFLLYALTYLLLILI	LLLYGLLFLLTALTYLLLILI	-24.3002	-28.3751	0.654392	0.238039	859.999
LLLYGLLFLLTALTYLLLILI	LLLYGLLFLLTSLTYLLLILI	-28.369	-28.6642	0.244161	0.642213	844.686
LLLYGLLFLLTSLTYLLLILI	LLLFGLLFLLTSLTYLLLILI	-28.656	-27.3642	0.650378	0.240035	828.061
LLLFGLLFLLTSLTYLLLILI	LLLYGLLFLLTSLTYLLLILI	-27.3642	-28.656	0.240035	0.650378	810.083
LLLYGLLFLLTSLTYLLLILI	LLLYGLLFLLTALTYLLLILI	-28.6642	-28.3755	0.642213	0.244161	790.724
LLLYGLLFLLTALTYLLLILI	LLLYGLLFLLTALTFLLLILI	-27.9693	-27.284	0.650378	0.240035	769.974
LLLYGLLFLLTALTFLLLILI	LLLYGLLYLLTALTFLLLILI	-27.284	-29.4271	0.240035	0.650378	747.845
LLLYGLLYLLTALTFLLLILI	LLLYGLLYLLTALVFLLLILI	-29.1466	-26.1712	0.930859	0.137712	724.369
LLLYGLLYLLTALVFLLLILI	LLLYGLLYLLTALVYLLLILI	-26.2176	-26.1996	0.0912572	1.15198	699.602
LLLYGLLYLLTALVYLLLILI	LLLYGLLYLLTALTYLLLILI	-27.2139	-30.2504	0.137712	0.930859	673.628
LLLYGLLYLLTALTYLLLILI	LLLFGLLYLLTALTYLLLILI	-30.0293	-29.3356	1.15198	0.0912572	646.557
LLLFGLLYLLTALTYLLLILI	LLLFGLLYLLTSLTYLLLILI	-29.1827	-29.3633	0.244161	0.642213	618.524
LLLFGLLYLLTSLTYLLLILI	LLLFGLLYLLTALTYLLLILI	-29.3633	-29.1827	0.642213	0.244161	589.688
LLLFGLLYLLTALTYLLLILI	LLLFGLLYLLTALTFLLLILI	-28.7765	-28.0835	0.650378	0.240035	560.23
LLLFGLLYLLTALTFLLLILI	LLLFGLLYLLTSLTFLLLILI	-28.0794	-28.2919	0.244161	0.642213	530.348
LLLFGLLYLLTSLTFLLLILI	LLLFGLLYLLTSLTYLLLILI	-28.6941	-29.1737	0.240035	0.650378	500.25
LLLFGLLYLLTSLTYLLLILI	LLLYGLLYLLTSLTYLLLILI	-29.7329	-30.6941	0.0912572	1.15198	470.152
LLLYGLLYLLTSLTYLLLILI	LLLYGLLYLLTALTYLLLILI	-31.2039	-30.9371	0.642213	0.244161	440.27
LLLYGLLYLLTALTYLLLILI	LLLYGLLYLLTALVYLLLILI	-30.2504	-27.2204	0.930859	0.137712	381.976
LLLYGLLYLLTALVYLLLILI	LLLYGLLYLLTSLVYLLLILI	-27.1139	-27.3801	0.244161	0.642213	353.943
LLLYGLLYLLTSLVYLLLILI	LLLFGLLYLLTSLVYLLLILI	-26.8704	-26.1835	1.15198	0.0912572	326.872
LLLFGLLYLLTSLVYLLLILI	LLLYGLLYLLTSLVYLLLILI	-26.1835	-26.8704	0.0912572	1.15198	300.898
LLLYGLLYLLTSLVYLLLILI	LLLYGLLYLLTSLVFLLLILI	-26.8704	-26.8033	1.15198	0.0912572	276.131
LLLYGLLYLLTSLVFLLLILI	LLLYGLLYLLTSLTFLLLILI	-26.7568	-29.7584	0.137712	0.930859	252.655
LLLYGLLYLLTSLTFLLLILI	LLLYGLLYLLTSLTYLLLILI	-30.598	-30.6941	0.0912572	1.15198	230.526
LLLYGLLYLLTSLTYLLLILI	LLLYGLLYLLTSLTFLLLILI	-30.6941	-30.6033	1.15198	0.0912572	209.776
LLLYGLLYLLTSLTFLLLILI	LLLYGLLYLLTALTFLLLILI	-30.0523	-29.8304	0.642213	0.244161	190.417
LLLYGLLYLLTALTFLLLILI	LLLYGLLYLLTSLTFLLLILI	-29.8304	-30.0442	0.244161	0.642213	172.439
LLLYGLLYLLTSLTFLLLILI	LLLYGLLYLLTSLTYLLLILI	-30.5951	-30.6941	0.0912572	1.15198	155.814
LLLYGLLYLLTSLTYLLLILI	LLLYGLLYLLTSLTFLLLILI	-30.6941	-30.5905	1.15198	0.0912572	140.501
LLLYGLLYLLTSLTFLLLILI	LLLYGLLYLLTSLTYLLLILI	-30.5905	-30.6941	0.0912572	1.15198	91.2238
LLLYGLLYLLTSLTYLLLILI	LLLYGLLYLLTSLTFLLLILI	-30.6941	-30.598	1.15198	0.0912572	72.8169
LLLYGLLYLLTSLTFLLLILI	LLLYGLLYLLTSLTYLLLILI	-30.598	-30.6941	0.0912572	1.15198	64.9219
LLLYGLLYLLTSLTYLLLILI	LLLYGLLYLLTSLTFLLLILI	-30.6941	-30.6033	1.15198	0.0912572	45.6541
LLLYGLLYLLTSLTFLLLILI	LLLYGLLYLLTSLTYLLLILI	-30.6033	-30.6941	0.0912572	1.15198	40.495
LLLYGLLYLLTSLTYLLLILI	LLLYGLLYLLTSLTFLLLILI	-30.6941	-30.598	1.15198	0.0912572	24.7321
LLLYGLLYLLTSLTFLLLILI	LLLYGLLYLLTSLTYLLLILI	-30.598	-30.6941	0.0912572	1.15198	21.7826
Time: 296s
