***STARTING GEOMETRY:***
xShift: 8.26691
crossingAngle: 26.2987
axialRotation: 100.102
zShift: 3.44854

Number of MCCycles: 100
PrevSequence	CurrSequence	PrevEnergy	CurrEnergy	PrevEntropy	CurrEntropy	CurrentTemp
LLLYGLLYLLTSLTTLLLILI	LLLYGLLYLLTSLVTLLLILI	-34.3913	-32.0597	1.12845	0.0952708	999.684
LLLYGLLYLLTSLVTLLLILI	LLLYGLLYLLTSLTTLLLILI	-32.0597	-34.5868	0.0952708	1.12845	999.328
LLLYGLLYLLTSLTTLLLILI	LLLYGLLFLLTSLTTLLLILI	-34.7625	-33.4389	0.952787	0.132101	998.928
LLLYGLLFLLTSLTTLLLILI	LLLFGLLFLLTSLTTLLLILI	-33.1606	-31.7342	0.410343	0.410343	998.476
LLLFGLLFLLTSLTTLLLILI	LLLYGLLFLLTSLTTLLLILI	-31.7342	-33.1606	0.410343	0.410343	997.967
LLLYGLLFLLTSLTTLLLILI	LLLYGLLFLLSSLTTLLLILI	-32.992	-27.5544	0.578967	0.279255	997.394
LLLYGLLFLLSSLTTLLLILI	LLLYGLLYLLSSLTTLLLILI	-27.7015	-29.0143	0.132101	0.952787	996.749
LLLYGLLYLLSSLTTLLLILI	LLLYGLLYLLTSLTTLLLILI	-29.6878	-35.1363	0.279255	0.578967	996.023
LLLYGLLYLLTSLTTLLLILI	LLLYGLLYLLTALTTLLLILI	-35.073	-29.9183	0.642213	0.244161	995.205
LLLYGLLYLLTALTTLLLILI	LLLYGLLYLLTSLTTLLLILI	-29.9183	-35.073	0.244161	0.642213	994.285
LLLYGLLYLLTSLTTLLLILI	LLLYGLLYLLTSLVTLLLILI	-34.5868	-32.0597	1.12845	0.0952708	993.249
LLLYGLLYLLTSLVTLLLILI	LLLYGLLFLLTSLVTLLLILI	-31.2022	-29.8772	0.952787	0.132101	992.084
LLLYGLLFLLTSLVTLLLILI	LLLYGLLYLLTSLVTLLLILI	-29.8772	-31.2022	0.132101	0.952787	990.773
LLLYGLLYLLTSLVTLLLILI	LLLYGLLYLLTALVTLLLILI	-31.5128	-26.3667	0.642213	0.244161	989.3
LLLYGLLYLLTALVTLLLILI	LLLYGLLFLLTALVTLLLILI	-25.6581	-23.9661	0.952787	0.132101	987.644
LLLYGLLFLLTALVTLLLILI	LLLYGLLFLLTSLVTLLLILI	-23.854	-29.3671	0.244161	0.642213	985.783
LLLYGLLFLLTSLVTLLLILI	LLLFGLLFLLTSLVTLLLILI	-29.5989	-28.1725	0.410343	0.410343	981.348
LLLFGLLFLLTSLVTLLLILI	LLLFGLLFLLTSLTTLLLILI	-28.4875	-31.0161	0.0952708	1.12845	978.717
LLLFGLLFLLTSLTTLLLILI	LLLFGLLYLLTSLTTLLLILI	-31.7342	-33.6436	0.410343	0.410343	975.768
LLLFGLLYLLTSLTTLLLILI	LLLYGLLYLLTSLTTLLLILI	-33.9219	-34.7625	0.132101	0.952787	972.463
LLLYGLLYLLTSLTTLLLILI	LLLFGLLYLLTSLTTLLLILI	-34.7625	-33.9755	0.952787	0.132101	968.764
LLLFGLLYLLTSLTTLLLILI	LLLYGLLYLLTSLTTLLLILI	-33.9755	-34.7625	0.132101	0.952787	964.627
LLLYGLLYLLTSLTTLLLILI	LLLYGLLFLLTSLTTLLLILI	-34.7625	-33.4389	0.952787	0.132101	960.005
LLLYGLLFLLTSLTTLLLILI	LLLYGLLYLLTSLTTLLLILI	-33.4389	-34.7625	0.132101	0.952787	954.846
LLLYGLLYLLTSLTTLLLILI	LLLYGLLFLLTSLTTLLLILI	-34.7625	-33.4389	0.952787	0.132101	949.095
LLLYGLLFLLTSLTTLLLILI	LLLYGLLFLLSSLTTLLLILI	-32.992	-27.5544	0.578967	0.279255	942.693
LLLYGLLFLLSSLTTLLLILI	LLLYGLLYLLSSLTTLLLILI	-27.7015	-29.0143	0.132101	0.952787	935.578
LLLYGLLYLLSSLTTLLLILI	LLLYGLLFLLSSLTTLLLILI	-29.0143	-27.7015	0.952787	0.132101	927.683
LLLYGLLFLLSSLTTLLLILI	LLLYGLLYLLSSLTTLLLILI	-27.7015	-29.0143	0.132101	0.952787	918.939
LLLYGLLYLLSSLTTLLLILI	LLLFGLLYLLSSLTTLLLILI	-29.0143	-28.1578	0.952787	0.132101	909.276
LLLFGLLYLLSSLTTLLLILI	LLLFGLLFLLSSLTTLLLILI	-27.8796	-26.033	0.410343	0.410343	898.621
LLLFGLLFLLSSLTTLLLILI	LLLFGLLYLLSSLTTLLLILI	-26.033	-27.8796	0.410343	0.410343	886.903
LLLFGLLYLLSSLTTLLLILI	LLLYGLLYLLSSLTTLLLILI	-28.1578	-29.0143	0.132101	0.952787	874.051
LLLYGLLYLLSSLTTLLLILI	LLLYGLLYLLTSLTTLLLILI	-29.6878	-35.1363	0.279255	0.578967	859.999
LLLYGLLYLLTSLTTLLLILI	LLLFGLLYLLTSLTTLLLILI	-34.7625	-33.9219	0.952787	0.132101	828.061
LLLFGLLYLLTSLTTLLLILI	LLLYGLLYLLTSLTTLLLILI	-33.9219	-34.7625	0.132101	0.952787	747.845
LLLYGLLYLLTSLTTLLLILI	LLLYGLLFLLTSLTTLLLILI	-34.7625	-33.4389	0.952787	0.132101	724.369
LLLYGLLFLLTSLTTLLLILI	LLLYGLLYLLTSLTTLLLILI	-33.4389	-34.7625	0.132101	0.952787	673.628
LLLYGLLYLLTSLTTLLLILI	LLLYGLLYLLTSLTYLLLILI	-35.3865	-32.2125	0.328724	0.505042	646.557
LLLYGLLYLLTSLTYLLLILI	LLLFGLLYLLTSLTYLLLILI	-31.5656	-31.0187	1.15198	0.0912572	618.524
LLLFGLLYLLTSLTYLLLILI	LLLYGLLYLLTSLTYLLLILI	-31.0187	-31.5656	0.0912572	1.15198	589.688
LLLYGLLYLLTSLTYLLLILI	LLLYGLLYLLTALTYLLLILI	-32.0754	-31.796	0.642213	0.244161	560.23
LLLYGLLYLLTALTYLLLILI	LLLYGLLYLLTSLTYLLLILI	-31.796	-32.0754	0.244161	0.642213	530.348
LLLYGLLYLLTSLTYLLLILI	LLLFGLLYLLTSLTYLLLILI	-31.5656	-31.0187	1.15198	0.0912572	500.25
LLLFGLLYLLTSLTYLLLILI	LLLYGLLYLLTSLTYLLLILI	-31.0187	-31.5656	0.0912572	1.15198	470.152
LLLYGLLYLLTSLTYLLLILI	LLLYGLLYLLTALTYLLLILI	-32.0754	-31.796	0.642213	0.244161	440.27
LLLYGLLYLLTALTYLLLILI	LLLYGLLYLLTALTFLLLILI	-30.8882	-30.5846	1.15198	0.0912572	410.812
LLLYGLLYLLTALTFLLLILI	LLLYGLLYLLTSLTFLLLILI	-30.4317	-30.6551	0.244161	0.642213	381.976
LLLYGLLYLLTSLTFLLLILI	LLLYGLLYLLTSLTYLLLILI	-31.2061	-31.5656	0.0912572	1.15198	353.943
LLLYGLLYLLTSLTYLLLILI	LLLYGLLYLLTSLTFLLLILI	-31.5656	-30.7219	1.15198	0.0912572	326.872
LLLYGLLYLLTSLTFLLLILI	LLLYGLLYLLTSLTYLLLILI	-30.7219	-31.5656	0.0912572	1.15198	300.898
LLLYGLLYLLTSLTYLLLILI	LLLYGLLYLLTALTYLLLILI	-32.0754	-31.796	0.642213	0.244161	276.131
LLLYGLLYLLTALTYLLLILI	LLLYGLLYLLTSLTYLLLILI	-31.796	-32.0754	0.244161	0.642213	252.655
LLLYGLLYLLTSLTYLLLILI	LLLYGLLYLLTSLTFLLLILI	-31.5656	-31.1892	1.15198	0.0912572	230.526
LLLYGLLYLLTSLTFLLLILI	LLLYGLLYLLTSLTYLLLILI	-31.1892	-31.5656	0.0912572	1.15198	209.776
LLLYGLLYLLTSLTYLLLILI	LLLYGLLYLLTALTYLLLILI	-32.0754	-31.796	0.642213	0.244161	190.417
LLLYGLLYLLTALTYLLLILI	LLLYGLLYLLTSLTYLLLILI	-31.796	-32.0754	0.244161	0.642213	140.501
LLLYGLLYLLTSLTYLLLILI	LLLYGLLYLLTALTYLLLILI	-32.0754	-31.796	0.642213	0.244161	81.5606
LLLYGLLYLLTALTYLLLILI	LLLYGLLYLLTALTFLLLILI	-30.8882	-30.5846	1.15198	0.0912572	72.8169
LLLYGLLYLLTALTFLLLILI	LLLYGLLYLLTALTYLLLILI	-30.5846	-30.8882	0.0912572	1.15198	57.8066
LLLYGLLYLLTALTYLLLILI	LLLYGLLYLLTSLTYLLLILI	-31.796	-32.0754	0.244161	0.642213	51.4049
LLLYGLLYLLTSLTYLLLILI	LLLYGLLYLLTALTYLLLILI	-32.0754	-31.796	0.642213	0.244161	40.495
LLLYGLLYLLTALTYLLLILI	LLLYGLLYLLTSLTYLLLILI	-31.796	-32.0754	0.244161	0.642213	31.7355
Time: 421s
