***STARTING GEOMETRY:***
xShift: 8.12912
crossingAngle: -43.4134
axialRotation: 50.268
zShift: 2.95882

Number of MCCycles: 100
PrevSequence	CurrSequence	PrevEnergy	CurrEnergy	PrevEntropy	CurrEntropy	CurrentTemp
LLLALLTTLLGTLLVTLLILI	LLLALLTTLLGTLLTTLLILI	-19.9591	-25.1297	0.0589809	1.39457	999.684
LLLALLTTLLGTLLTTLLILI	LLLALLTTLLGTLLVTLLILI	-25.1297	-26.6994	1.39457	0.0589809	999.328
LLLALLTTLLGTLLVTLLILI	LLLALLTTLLGTLLTTLLILI	-26.6994	-25.1297	0.0589809	1.39457	998.928
LLLALLTTLLGTLLTTLLILI	LLLALLTTLLGTLLVTLLILI	-25.1297	-26.7326	1.39457	0.0589809	998.476
LLLALLTTLLGTLLVTLLILI	LLLALLYTLLGTLLVTLLILI	-25.9754	-23.6279	0.816184	0.171816	997.967
LLLALLYTLLGTLLVTLLILI	LLLALLYTLLGTLLVVLLILI	-22.9996	-20.1472	0.800152	0.177314	997.394
LLLALLYTLLGTLLVVLLILI	LLLALLYTLLATLLVVLLILI	-19.9632	-19.443	0.36136	0.463748	996.749
LLLALLYTLLATLLVVLLILI	LLLALLTTLLATLLVVLLILI	-19.6872	-22.3322	0.219549	0.693609	996.023
LLLALLTTLLATLLVVLLILI	LLLALLTTLLGTLLVVLLILI	-22.5621	-22.9552	0.463748	0.36136	995.205
LLLALLTTLLGTLLVVLLILI	LLLALLTTLLGTLLTVLLILI	-23.1788	-22.1045	0.137712	0.930859	994.285
LLLALLTTLLGTLLTVLLILI	LLLALLTTLLGTLLTYLLILI	-22.8409	-26.3072	0.194474	0.753596	993.249
LLLALLTTLLGTLLTYLLILI	LLLALLTTLLGTLLTTLLILI	-26.9196	-25.6066	0.141213	0.917682	992.084
LLLALLTTLLGTLLTTLLILI	LLLALLYTLLGTLLTTLLILI	-25.6066	-23.6021	0.917682	0.141213	990.773
LLLALLYTLLGTLLTTLLILI	LLLALLTTLLGTLLTTLLILI	-23.6021	-25.6066	0.141213	0.917682	989.3
LLLALLTTLLGTLLTTLLILI	LLLALLTTLLGILLTTLLILI	-25.5061	-21.9796	1.01811	0.116837	987.644
LLLALLTTLLGILLTTLLILI	LLLALLTTLLGILLSTLLILI	-21.0955	-21.6205	1.001	0.120637	985.783
LLLALLTTLLGILLSTLLILI	LLLALLTTLLGILLWTLLILI	-21.5489	-21.1379	0.192199	0.759486	983.694
LLLALLTTLLGILLWTLLILI	LLLALLYTLLGILLWTLLILI	-21.2038	-17.8739	0.693609	0.219549	981.348
LLLALLYTLLGILLWTLLILI	LLLALLYTLLGTLLWTLLILI	-17.9099	-18.3994	0.183612	0.782479	978.717
LLLALLYTLLGTLLWTLLILI	LLLALLYTLLGTLLWVLLILI	-18.0534	-16.0739	1.12845	0.0952708	975.768
LLLALLYTLLGTLLWVLLILI	LLLALLYTLLGVLLWVLLILI	-15.537	-14.5643	0.632162	0.249358	972.463
LLLALLYTLLGVLLWVLLILI	LLLALLYTLLGTLLWVLLILI	-14.5643	-15.537	0.249358	0.632162	968.764
LLLALLYTLLGTLLWVLLILI	LLLALLYTLLGTLLVVLLILI	-15.4714	-20.1069	0.697764	0.217693	964.627
LLLALLYTLLGTLLVVLLILI	LLLALLYTLLGTLLFVLLILI	-19.7691	-18.6382	0.555456	0.293891	960.005
LLLALLYTLLGTLLFVLLILI	LLLALLYTLLGTLLFLLLILI	-18.572	-18.2893	0.360112	0.465234	954.846
LLLALLYTLLGTLLFLLLILI	LLLALLYTLLGTLLFTLLILI	-18.6424	-18.9521	0.112128	1.04019	949.095
LLLALLYTLLGTLLFTLLILI	LLLALLYTLLATLLFTLLILI	-19.6309	-20.6355	0.36136	0.463748	942.693
LLLALLYTLLATLLFTLLILI	LLLALLYTLLATLLVTLLILI	-20.6099	-23.2455	0.489394	0.340616	935.578
LLLALLYTLLATLLVTLLILI	LLLALLTTLLATLLVTLLILI	-23.4143	-25.6858	0.171816	0.816184	927.683
LLLALLTTLLATLLVTLLILI	LLLALLTTLLGTLLVTLLILI	-26.0382	-26.4302	0.463748	0.36136	918.939
LLLALLTTLLGTLLVTLLILI	LLLALLTTLLGTLLTTLLILI	-26.7326	-25.1297	0.0589809	1.39457	909.276
LLLALLTTLLGTLLTTLLILI	LLLALLTTLLATLLTTLLILI	-26.1629	-25.7547	0.36136	0.463748	898.621
LLLALLTTLLATLLTTLLILI	LLLALLYTLLATLLTTLLILI	-25.3007	-22.212	0.917682	0.141213	886.903
LLLALLYTLLATLLTTLLILI	LLLALLTTLLATLLTTLLILI	-22.212	-25.3007	0.141213	0.917682	874.051
LLLALLTTLLATLLTTLLILI	LLLALLTTLLATLLVTLLILI	-24.8238	-26.443	1.39457	0.0589809	859.999
LLLALLTTLLATLLVTLLILI	LLLALLTTLLATLLTTLLILI	-26.443	-24.8238	0.0589809	1.39457	844.686
LLLALLTTLLATLLTTLLILI	LLLALLTTLLGTLLTTLLILI	-25.7547	-26.1629	0.463748	0.36136	828.061
LLLALLTTLLGTLLTTLLILI	LLLALLTTLLATLLTTLLILI	-26.1629	-25.7547	0.36136	0.463748	810.083
LLLALLTTLLATLLTTLLILI	LLLALLYTLLATLLTTLLILI	-25.3007	-23.1619	0.917682	0.141213	790.724
LLLALLYTLLATLLTTLLILI	LLLALLYTLLATLLVTLLILI	-22.0267	-23.3103	1.27634	0.0728516	769.974
LLLALLYTLLATLLVTLLILI	LLLALLYTLLGTLLVTLLILI	-22.9194	-22.6626	0.463748	0.36136	747.845
LLLALLYTLLGTLLVTLLILI	LLLALLTTLLGTLLVTLLILI	-22.8521	-25.9754	0.171816	0.816184	724.369
LLLALLTTLLGTLLVTLLILI	LLLTLLTTLLGTLLVTLLILI	-26.7393	-19.732	0.0522692	1.46278	699.602
LLLTLLTTLLGTLLVTLLILI	LLLALLTTLLGTLLVTLLILI	-19.732	-20.8754	1.46278	0.0522692	673.628
LLLALLTTLLGTLLVTLLILI	LLLALLTTLLATLLVTLLILI	-20.5663	-20.1637	0.36136	0.463748	589.688
LLLALLTTLLATLLVTLLILI	LLLALLYTLLATLLVTLLILI	-19.8113	-16.2043	0.816184	0.171816	560.23
LLLALLYTLLATLLVTLLILI	LLLGLLYTLLATLLVTLLILI	-15.9124	-15.6205	0.463748	0.36136	530.348
LLLGLLYTLLATLLVTLLILI	LLLGLLYGLLATLLVTLLILI	-15.3451	-12.0366	0.636769	0.246959	500.25
LLLGLLYGLLATLLVTLLILI	LLLTLLYGLLATLLVTLLILI	-12.0366	-13.0495	0.246959	0.636769	470.152
LLLTLLYGLLATLLVTLLILI	LLLTLLYGLLTTLLVTLLILI	-13.6216	-22.2893	0.064646	1.34306	440.27
LLLTLLYGLLTTLLVTLLILI	LLLGLLYGLLTTLLVTLLILI	-22.878	-22.2038	0.754313	0.194196	410.812
LLLGLLYGLLTTLLVTLLILI	LLLALLYGLLTTLLVTLLILI	-21.5256	-23.2408	0.872342	0.154044	381.976
LLLALLYGLLTTLLVTLLILI	LLLALLYGLLTTLLTTLLILI	-23.322	-21.9097	0.0728516	1.27634	326.872
LLLALLYGLLTTLLTTLLILI	LLLALLYGLLTTLLVTLLILI	-21.9097	-21.2967	1.27634	0.0728516	300.898
LLLALLYGLLTTLLVTLLILI	LLLALLYGLLTTLLTTLLILI	-21.2967	-21.9097	0.0728516	1.27634	276.131
LLLALLYGLLTTLLTTLLILI	LLLTLLYGLLTTLLTTLLILI	-23.1338	-23.2838	0.0522692	1.46278	252.655
LLLTLLYGLLTTLLTTLLILI	LLLTLLYGLLTTLLVTLLILI	-23.352	-24.8964	1.39457	0.0589809	230.526
Time: 112s
