***STARTING GEOMETRY:***
xShift: 8.67597
crossingAngle: 31
axialRotation: 50
zShift: 2.2

Number of MCCycles: 100
PrevSequence	CurrSequence	PrevEnergy	CurrEnergy	PrevEntropy	CurrEntropy	CurrentTemp
LLLYVLLALLGTLTTLLLILI	LLLYVLLGLLGTLTTLLLILI	1162.36	1162.27	0.154044	0.872342	999.684
LLLYVLLGLLGTLTTLLLILI	LLLYILLGLLGTLTTLLLILI	1161.8	1163.17	0.398479	0.42245	999.328
LLLYILLGLLGTLTTLLLILI	LLLYVLLGLLGTLTTLLLILI	1163.17	1161.8	0.42245	0.398479	998.928
LLLYVLLGLLGTLTTLLLILI	LLLYVLLGLLGTLTSLLLILI	1162.26	1165.12	0.865998	0.155943	998.476
LLLYVLLGLLGTLTSLLLILI	LLLYFLLGLLGTLTSLLLILI	1165.3	1166.85	0.340616	0.489394	997.967
LLLYFLLGLLGTLTSLLLILI	LLLYFLLGLLGYLTSLLLILI	1166.69	1166.2	0.328724	0.505042	997.394
LLLYFLLGLLGYLTSLLLILI	LLLYFLLGLLGFLTSLLLILI	1166.34	1166.52	0.650378	0.240035	996.749
LLLYFLLGLLGFLTSLLLILI	LLLYVLLGLLGFLTSLLLILI	1167.04	1165.31	0.753596	0.194474	996.023
LLLYVLLGLLGFLTSLLLILI	LLLYVLLGLLYFLTSLLLILI	1165.38	1159.98	0.269472	0.595564	995.205
LLLYVLLGLLYFLTSLLLILI	LLLWVLLGLLYFLTSLLLILI	1159.84	1161.42	0.451187	0.372136	994.285
LLLWVLLGLLYFLTSLLLILI	LLLWVLLGLLYFLTTLLLILI	1161.27	1158.66	0.220804	0.690823	993.249
LLLWVLLGLLYFLTTLLLILI	LLLWVLLGLLYLLTTLLLILI	1158.29	1158.29	0.320259	0.516639	990.773
LLLWVLLGLLYLLTTLLLILI	LLLYVLLGLLYLLTTLLLILI	1158.15	1156.6	0.372136	0.451187	989.3
LLLYVLLGLLYLLTTLLLILI	LLLYVLLGLLFLLTTLLLILI	1157.1	1159.47	0.952787	0.132101	987.644
LLLYVLLGLLFLLTTLLLILI	LLLYVLLGLLYLLTTLLLILI	1159.47	1157.1	0.132101	0.952787	985.783
LLLYVLLGLLYLLTTLLLILI	LLLWVLLGLLYLLTTLLLILI	1156.6	1158.15	0.451187	0.372136	983.694
LLLWVLLGLLYLLTTLLLILI	LLLWVLLGLLYFLTTLLLILI	1158.29	1158.29	0.516639	0.320259	981.348
LLLWVLLGLLYFLTTLLLILI	LLLWVLLGLLYFLTSLLLILI	1158.66	1161.27	0.690823	0.220804	978.717
LLLWVLLGLLYFLTSLLLILI	LLLWVLLGLLYFLTTLLLILI	1161.27	1158.66	0.220804	0.690823	975.768
LLLWVLLGLLYFLTTLLLILI	LLLYVLLGLLYFLTTLLLILI	1158.34	1156.76	0.372136	0.451187	972.463
LLLYVLLGLLYFLTTLLLILI	LLLYVLLGLLWFLTTLLLILI	1156.76	1158.4	0.451187	0.372136	968.764
LLLYVLLGLLWFLTTLLLILI	LLLYWLLGLLWFLTTLLLILI	1158.09	1160.63	0.0623734	1.36313	960.005
LLLYWLLGLLWFLTTLLLILI	LLLYWLLGLLWYLTTLLLILI	1159.4	1159.6	0.132101	0.952787	954.846
LLLYWLLGLLWYLTTLLLILI	LLLYWLLGLLWFLTTLLLILI	1159.6	1159.4	0.952787	0.132101	949.095
LLLYWLLGLLWFLTTLLLILI	LLLYVLLGLLWFLTTLLLILI	1160.63	1158.09	1.36313	0.0623734	942.693
LLLYVLLGLLWFLTTLLLILI	LLLYVLLGLLWFLTSLLLILI	1158.72	1161.08	0.690823	0.220804	935.578
LLLYVLLGLLWFLTSLLLILI	LLLYVLLGLLWFLTTLLLILI	1161.08	1160.16	0.220804	0.690823	927.683
LLLYVLLGLLWFLTTLLLILI	LLLYVLLGLLYFLTTLLLILI	1159.85	1156.76	0.372136	0.451187	918.939
LLLYVLLGLLYFLTTLLLILI	LLLYVLLGLLYFLVTLLLILI	1156.94	1160.24	0.632162	0.249358	909.276
LLLYVLLGLLYFLVTLLLILI	LLLWVLLGLLYFLVTLLLILI	1160.44	1162.03	0.451187	0.372136	898.621
LLLWVLLGLLYFLVTLLLILI	LLLWILLGLLYFLVTLLLILI	1162.29	1163.04	0.634506	0.248134	886.903
LLLWILLGLLYFLVTLLLILI	LLLWILLGLLYLLVTLLLILI	1163.11	1163.1	0.320259	0.516639	874.051
LLLWILLGLLYLLVTLLLILI	LLLWILLGLLYLLVSLLLILI	1163.02	1166.98	0.440933	0.381257	859.999
LLLWILLGLLYLLVSLLLILI	LLLWILLGLLYLLVTLLLILI	1166.98	1163.04	0.381257	0.440933	844.686
LLLWILLGLLYLLVTLLLILI	LLLWILLGLLFLLVTLLLILI	1163.25	1166.52	0.650378	0.240035	828.061
LLLWILLGLLFLLVTLLLILI	LLLWILLGLLFLLTTLLLILI	1166.42	1163.57	0.137712	0.930859	810.083
LLLWILLGLLFLLTTLLLILI	LLLWILLGLLYLLTTLLLILI	1162.88	1159.55	0.240035	0.650378	790.724
LLLWILLGLLYLLTTLLLILI	LLLWVLLGLLYLLTTLLLILI	1159.33	1158.18	0.42245	0.398479	769.974
LLLWVLLGLLYLLTTLLLILI	LLLYVLLGLLYLLTTLLLILI	1158.15	1156.6	0.372136	0.451187	747.845
LLLYVLLGLLYLLTTLLLILI	LLLWVLLGLLYLLTTLLLILI	1156.6	1158.15	0.451187	0.372136	724.369
LLLWVLLGLLYLLTTLLLILI	LLLWILLGLLYLLTTLLLILI	1158.18	1159.33	0.398479	0.42245	699.602
LLLWILLGLLYLLTTLLLILI	LLLWVLLGLLYLLTTLLLILI	1159.33	1158.17	0.42245	0.398479	673.628
LLLWVLLGLLYLLTTLLLILI	LLLWVLLGLLYFLTTLLLILI	1158.29	1158.29	0.516639	0.320259	646.557
LLLWVLLGLLYFLTTLLLILI	LLLYVLLGLLYFLTTLLLILI	1158.34	1156.76	0.372136	0.451187	618.524
LLLYVLLGLLYFLTTLLLILI	LLLYVLLGLLYLLTTLLLILI	1156.63	1156.66	0.320259	0.516639	589.688
LLLYVLLGLLYLLTTLLLILI	LLLYVLLGLLFLLTTLLLILI	1157.1	1159.47	0.952787	0.132101	530.348
LLLYVLLGLLFLLTTLLLILI	LLLYVLLGLLFYLTTLLLILI	1159.52	1160.07	0.176934	0.801241	500.25
LLLYVLLGLLFYLTTLLLILI	LLLYVLLGLLFWLTTLLLILI	1159.72	1158.97	0.451187	0.372136	470.152
LLLYVLLGLLFWLTTLLLILI	LLLYVLLGLLFLLTTLLLILI	1159.34	1159.54	0.743646	0.198389	440.27
LLLYVLLGLLFLLTTLLLILI	LLLYVLLGLLFYLTTLLLILI	1159.52	1160.07	0.176934	0.801241	410.812
LLLYVLLGLLFYLTTLLLILI	LLLFVLLGLLFYLTTLLLILI	1159.92	1162.02	0.650378	0.240035	381.976
LLLFVLLGLLFYLTTLLLILI	LLLFVLLGLLYYLTTLLLILI	1162.02	1159.52	0.240035	0.650378	353.943
LLLFVLLGLLYYLTTLLLILI	LLLYVLLGLLYYLTTLLLILI	1158.96	1157.5	0.0912572	1.15198	326.872
LLLYVLLGLLYYLTTLLLILI	LLLYVLLGLLYLLTTLLLILI	1157.33	1156.27	0.987966	0.123624	300.898
LLLYVLLGLLYLLTTLLLILI	LLLYILLGLLYLLTTLLLILI	1156.54	1157.92	0.398479	0.42245	276.131
LLLYILLGLLYLLTTLLLILI	LLLYVLLGLLYLLTTLLLILI	1157.92	1156.54	0.42245	0.398479	252.655
LLLYVLLGLLYLLTTLLLILI	LLLYVLLGLLYFLTTLLLILI	1156.66	1156.63	0.516639	0.320259	209.776
LLLYVLLGLLYFLTTLLLILI	LLLYVLLGLLYLLTTLLLILI	1156.63	1156.66	0.320259	0.516639	172.439
LLLYVLLGLLYLLTTLLLILI	LLLYVLLGLLYFLTTLLLILI	1156.66	1156.63	0.516639	0.320259	101.879
LLLYVLLGLLYFLTTLLLILI	LLLYVLLGLLYLLTTLLLILI	1156.63	1156.66	0.320259	0.516639	91.2238
LLLYVLLGLLYLLTTLLLILI	LLLYVLLGLLYFLTTLLLILI	1156.66	1156.63	0.516639	0.320259	64.9219
LLLYVLLGLLYFLTTLLLILI	LLLYVLLGLLYLLTTLLLILI	1156.63	1156.66	0.320259	0.516639	57.8066
LLLYVLLGLLYLLTTLLLILI	LLLYVLLGLLYFLTTLLLILI	1156.66	1156.63	0.516639	0.320259	51.4049
LLLYVLLGLLYFLTTLLLILI	LLLYVLLGLLYLLTTLLLILI	1156.63	1156.66	0.320259	0.516639	45.6541
LLLYVLLGLLYLLTTLLLILI	LLLYVLLGLLYFLTTLLLILI	1156.66	1156.63	0.516639	0.320259	40.495
LLLYVLLGLLYFLTTLLLILI	LLLYVLLGLLYLLTTLLLILI	1156.63	1156.66	0.320259	0.516639	35.8726
LLLYVLLGLLYLLTTLLLILI	LLLYVLLGLLYFLTTLLLILI	1156.66	1156.63	0.516639	0.320259	31.7355
Time: 85s
