***STARTING GEOMETRY:***
xShift: 6.7985
crossingAngle: -36.7124
axialRotation: 40.1487
zShift: 5.04005

Number of MCCycles: 100
PrevSequence	CurrSequence	PrevEnergy	CurrEnergy	PrevEntropy	CurrEntropy	CurrentTemp
LLLGLLYSLLGSLLSTLLILI	LLLGLLYSLLGTLLSTLLILI	1223.72	1224.28	0.507365	0.327006	999.684
LLLGLLYSLLGTLLSTLLILI	LLLGLLYALLGTLLSTLLILI	1224.9	1217.75	0.942975	0.13458	999.328
LLLGLLYALLGTLLSTLLILI	LLLGLLLALLGTLLSTLLILI	1218.14	1218.39	0.526939	0.312976	998.928
LLLGLLLALLGTLLSTLLILI	LLLGLLLALLGTLLSVLLILI	1219.01	1221.84	0.930859	0.137712	998.476
LLLGLLLALLGTLLSVLLILI	LLLGLLYALLGTLLSVLLILI	1222.02	1221.38	0.312976	0.526939	997.967
LLLGLLYALLGTLLSVLLILI	LLLGLLYALLGTLLSTLLILI	1220.99	1218.25	0.137712	0.930859	997.394
LLLGLLYALLGTLLSTLLILI	LLLGLLLALLGTLLSTLLILI	1217.84	1218.39	0.526939	0.312976	996.749
LLLGLLLALLGTLLSTLLILI	LLLGLLLALLGSLLSTLLILI	1218.52	1217.43	0.440933	0.381257	996.023
LLLGLLLALLGSLLSTLLILI	LLLGLLLALLGALLSTLLILI	1217.69	1218.21	0.642213	0.244161	995.205
LLLGLLLALLGALLSTLLILI	LLLGLLLALLGSLLSTLLILI	1218.21	1217.69	0.244161	0.642213	994.285
LLLGLLLALLGSLLSTLLILI	LLLGLLLALLGSLLSYLLILI	1217.38	1217.9	0.328724	0.505042	993.249
LLLGLLLALLGSLLSYLLILI	LLLGLLLALLGSLLSFLLILI	1218.05	1219.36	0.650378	0.240035	992.084
LLLGLLLALLGSLLSFLLILI	LLLGLLLALLGSLLSYLLILI	1219.36	1218.05	0.240035	0.650378	990.773
LLLGLLLALLGSLLSYLLILI	LLLGLLLALLGALLSYLLILI	1218.04	1218.26	0.642213	0.244161	989.3
LLLGLLLALLGALLSYLLILI	LLLGLLYALLGALLSYLLILI	1218.19	1217.45	0.176934	0.801241	985.783
LLLGLLYALLGALLSYLLILI	LLLGLLYALLGSLLSYLLILI	1216.9	1217.36	0.244161	0.642213	983.694
LLLGLLYALLGSLLSYLLILI	LLLGLLFALLGSLLSYLLILI	1217.67	1216.83	0.952787	0.132101	981.348
LLLGLLFALLGSLLSYLLILI	LLLGLLFALLGSLLWYLLILI	1217.04	1216.93	0.337057	0.494001	978.717
LLLGLLFALLGSLLWYLLILI	LLLGLLLALLGSLLWYLLILI	1216.76	1219.03	0.320259	0.516639	975.768
LLLGLLLALLGSLLWYLLILI	LLLGLLLALLGSLLSYLLILI	1219.01	1218.71	0.494001	0.337057	972.463
LLLGLLLALLGSLLSYLLILI	LLLGLLLALLGSLLWYLLILI	1218.71	1218.46	0.337057	0.494001	968.764
LLLGLLLALLGSLLWYLLILI	LLLGLLLALLGSLLWTLLILI	1218.47	1217.53	0.505042	0.328724	964.627
LLLGLLLALLGSLLWTLLILI	LLLGLLLALLGGLLWTLLILI	1217.4	1217.14	0.19415	0.754431	960.005
LLLGLLLALLGGLLWTLLILI	LLLGLLLALLGSLLWTLLILI	1217.14	1217.4	0.754431	0.19415	954.846
LLLGLLLALLGSLLWTLLILI	LLLGLLFALLGSLLWTLLILI	1217.72	1216.79	0.516639	0.320259	949.095
LLLGLLFALLGSLLWTLLILI	LLLGLLFALLGSLLTTLLILI	1216.93	1216.56	0.460972	0.363705	942.693
LLLGLLFALLGSLLTTLLILI	LLLGLLFALLGSLLSTLLILI	1216.64	1217.97	0.440933	0.381257	935.578
LLLGLLFALLGSLLSTLLILI	LLLGLLFALLGSLLTTLLILI	1217.97	1216.15	0.381257	0.440933	927.683
LLLGLLFALLGSLLTTLLILI	LLLGLLFALLGSLLWTLLILI	1216.07	1216.93	0.363705	0.460972	918.939
LLLGLLFALLGSLLWTLLILI	LLLGLLYALLGSLLWTLLILI	1216.71	1217.06	0.240035	0.650378	909.276
LLLGLLYALLGSLLWTLLILI	LLLGLLYALLGGLLWTLLILI	1216.61	1215.86	0.19415	0.754431	898.621
LLLGLLYALLGGLLWTLLILI	LLLGLLYALLGSLLWTLLILI	1215.86	1217.17	0.754431	0.19415	874.051
LLLGLLYALLGSLLWTLLILI	LLLGLLFALLGSLLWTLLILI	1217.63	1217.31	0.650378	0.240035	859.999
LLLGLLFALLGSLLWTLLILI	LLLGLLFALLGGLLWTLLILI	1217.26	1215.99	0.19415	0.754431	844.686
LLLGLLFALLGGLLWTLLILI	LLLGLLFALLGSLLWTLLILI	1215.99	1216.72	0.754431	0.19415	828.061
LLLGLLFALLGSLLWTLLILI	LLLGLLYALLGSLLWTLLILI	1216.77	1216.63	0.240035	0.650378	810.083
LLLGLLYALLGSLLWTLLILI	LLLGLLFALLGSLLWTLLILI	1216.63	1217.31	0.650378	0.240035	790.724
LLLGLLFALLGSLLWTLLILI	LLLGLLYALLGSLLWTLLILI	1217.31	1217.2	0.240035	0.650378	769.974
LLLGLLYALLGSLLWTLLILI	LLLGLLYALLGSLLWLLLILI	1216.98	1216.77	0.429465	0.391819	747.845
LLLGLLYALLGSLLWLLLILI	LLLGLLLALLGSLLWLLLILI	1216.81	1217.56	0.432574	0.388917	724.369
LLLGLLLALLGSLLWLLLILI	LLLGLLFALLGSLLWLLLILI	1217.79	1217.29	0.621635	0.254948	699.602
LLLGLLFALLGSLLWLLLILI	LLLGLLFALLGALLWLLLILI	1217.44	1218.6	0.404229	0.416521	673.628
LLLGLLFALLGALLWLLLILI	LLLGLLYALLGALLWLLLILI	1218.42	1218.13	0.240035	0.650378	646.557
LLLGLLYALLGALLWLLLILI	LLLGLLYALLGALLWFLLILI	1218	1217.79	0.516639	0.320259	618.524
LLLGLLYALLGALLWFLLILI	LLLGLLFALLGALLWFLLILI	1217.88	1218.46	0.410343	0.410343	589.688
LLLGLLFALLGALLWFLLILI	LLLGLLFALLGALLWLLLILI	1218.57	1218.44	0.526939	0.312976	560.23
LLLGLLFALLGALLWLLLILI	LLLGLLYALLGALLWLLLILI	1218.37	1218.16	0.240035	0.650378	530.348
LLLGLLYALLGALLWLLLILI	LLLGLLYALLGALLWYLLILI	1217.69	1217.23	0.176934	0.801241	500.25
LLLGLLYALLGALLWYLLILI	LLLGLLYALLGALLAYLLILI	1217.01	1218.16	0.588527	0.273566	470.152
LLLGLLYALLGALLAYLLILI	LLLGLLFALLGALLAYLLILI	1218.84	1218.68	0.952787	0.132101	440.27
LLLGLLFALLGALLAYLLILI	LLLGLLFALLGSLLAYLLILI	1219.1	1218.77	0.549849	0.297523	410.812
LLLGLLFALLGSLLAYLLILI	LLLGLLFALLGALLAYLLILI	1218.77	1219.05	0.297523	0.549849	381.976
LLLGLLFALLGALLAYLLILI	LLLGLLFALLGALLATLLILI	1219	1218.79	0.505042	0.328724	353.943
LLLGLLFALLGALLATLLILI	LLLGLLYALLGALLATLLILI	1218.7	1219.04	0.240035	0.650378	326.872
LLLGLLYALLGALLATLLILI	LLLGLLFALLGALLATLLILI	1219.04	1218.7	0.650378	0.240035	300.898
LLLGLLFALLGALLATLLILI	LLLGLLFALLGALLTTLLILI	1218.77	1217.06	0.311447	0.52914	276.131
LLLGLLFALLGALLTTLLILI	LLLGLLFALLGSLLTTLLILI	1216.95	1216.6	0.416521	0.404229	252.655
LLLGLLFALLGSLLTTLLILI	LLLGLLFALLGALLTTLLILI	1216.6	1216.89	0.404229	0.416521	230.526
LLLGLLFALLGALLTTLLILI	LLLGLLFALLGGLLTTLLILI	1216.67	1213.16	0.197612	0.745602	209.776
LLLGLLFALLGGLLTTLLILI	LLLGLLFALLGGLLVTLLILI	1213.35	1213.52	0.930859	0.137712	190.417
LLLGLLFALLGGLLVTLLILI	LLLGLLYALLGGLLVTLLILI	1213.63	1213.89	0.240035	0.650378	172.439
LLLGLLYALLGGLLVTLLILI	LLLGLLYALLGGLLTTLLILI	1213.37	1213.27	0.137712	0.930859	155.814
LLLGLLYALLGGLLTTLLILI	LLLGLLYALLGGLLVTLLILI	1213.27	1213.76	0.930859	0.137712	140.501
LLLGLLYALLGGLLVTLLILI	LLLGLLLALLGGLLVTLLILI	1214.14	1214.39	0.526939	0.312976	126.449
LLLGLLLALLGGLLVTLLILI	LLLGLLFALLGGLLVTLLILI	1214.6	1213.65	0.516639	0.320259	101.879
LLLGLLFALLGGLLVTLLILI	LLLGLLYALLGGLLVTLLILI	1213.57	1213.48	0.240035	0.650378	81.5606
LLLGLLYALLGGLLVTLLILI	LLLGLLFALLGGLLVTLLILI	1213.48	1213.57	0.650378	0.240035	72.8169
LLLGLLFALLGGLLVTLLILI	LLLGLLFALLGGLLTTLLILI	1213.47	1213.35	0.137712	0.930859	64.9219
LLLGLLFALLGGLLTTLLILI	LLLGLLFALLGGLLVTLLILI	1213.35	1213.52	0.930859	0.137712	45.6541
LLLGLLFALLGGLLVTLLILI	LLLGLLFALLGGLLTTLLILI	1213.52	1213.35	0.137712	0.930859	35.8726
LLLGLLFALLGGLLTTLLILI	LLLGLLYALLGGLLTTLLILI	1212.66	1212.51	0.240035	0.650378	9.72683
Time: 123s
