***STARTING GEOMETRY:***
xShift: 8.7519
crossingAngle: -45.1463
axialRotation: 33.8419
zShift: 3.08858

Number of MCCycles: 100
PrevSequence	CurrSequence	PrevEnergy	CurrEnergy	PrevEntropy	CurrEntropy	CurrentTemp
LLLLLLTTLLTTLLTTLLILI	LLLLLLTTLLTSLLTTLLILI	-22.9058	-23.4132	1.20349	0.0830916	999.684
LLLLLLTTLLTSLLTTLLILI	LLLLLLFTLLTSLLTTLLILI	-22.2347	-20.6554	1.26162	0.0748068	999.328
LLLLLLFTLLTSLLTTLLILI	LLLLLLTTLLTSLLTTLLILI	-20.6554	-22.9483	0.0748068	1.26162	998.928
LLLLLLTTLLTSLLTTLLILI	LLLLLLTTLLTTLLTTLLILI	-24.1268	-27.2941	0.0830916	1.20349	998.476
LLLLLLTTLLTTLLTTLLILI	LLLLLLTTLLATLLTTLLILI	-26.9353	-25.8696	1.56232	0.0438719	997.967
LLLLLLTTLLATLLTTLLILI	LLLLLLFTLLATLLTTLLILI	-24.6518	-22.8392	1.26162	0.0748068	997.394
LLLLLLFTLLATLLTTLLILI	LLLLLLFTLLTTLLTTLLILI	-22.8617	-23.5545	0.0522692	1.46278	996.749
LLLLLLFTLLTTLLTTLLILI	LLLLLLFGLLTTLLTTLLILI	-23.8293	-24.4889	1.18802	0.0854581	996.023
LLLLLLFGLLTTLLTTLLILI	LLLLLLFGLLTTLLTYLLILI	-23.7581	-21.642	0.816184	0.171816	995.205
LLLLLLFGLLTTLLTYLLILI	LLLYLLFGLLTTLLTYLLILI	-21.6368	-21.637	0.176934	0.801241	994.285
LLLYLLFGLLTTLLTYLLILI	LLLYLLFTLLTTLLTYLLILI	-22.3332	-23.1896	0.105025	1.07549	993.249
LLLYLLFTLLTTLLTYLLILI	LLLYLLFTLLTTLLTTLLILI	-24.0099	-26.8519	0.255144	0.62127	992.084
LLLYLLFTLLTTLLTTLLILI	LLLYLLFTLLATLLTTLLILI	-26.0104	-24.9197	1.46278	0.0522692	990.773
LLLYLLFTLLATLLTTLLILI	LLLYLLFTLLAVLLTTLLILI	-23.6957	-21.5689	1.27634	0.0728516	989.3
LLLYLLFTLLAVLLTTLLILI	LLLYLLTTLLAVLLTTLLILI	-21.5496	-25.0397	0.0921195	1.14683	987.644
LLLYLLTTLLAVLLTTLLILI	LLLYLLTTLLTVLLTTLLILI	-26.1343	-23.7166	0.0522692	1.46278	985.783
LLLYLLTTLLTVLLTTLLILI	LLLYLLTTLLTVLLTVLLILI	-24.1415	-21.2834	1.03786	0.112614	983.694
LLLYLLTTLLTVLLTVLLILI	LLLYLLTTLLAVLLTVLLILI	-20.0529	-22.3519	1.34306	0.064646	981.348
LLLYLLTTLLAVLLTVLLILI	LLLYLLTTLLATLLTVLLILI	-22.2788	-24.9285	0.137712	0.930859	978.717
LLLYLLTTLLATLLTVLLILI	LLLWLLTTLLATLLTVLLILI	-25.5918	-24.4803	0.267575	0.598868	975.768
LLLWLLTTLLATLLTVLLILI	LLLWLLTTLLTTLLTVLLILI	-25.0269	-24.1402	0.0522692	1.46278	972.463
LLLWLLTTLLTTLLTVLLILI	LLLYLLTTLLTTLLTVLLILI	-25.0041	-28.2676	0.598868	0.267575	968.764
LLLYLLTTLLTTLLTVLLILI	LLLYLLTTLLTTLLTTLLILI	-28.4856	-30.7454	0.0495498	1.49307	964.627
LLLYLLTTLLTTLLTTLLILI	LLLYLLYTLLTTLLTTLLILI	-31.5449	-28.7125	0.693609	0.219549	960.005
LLLYLLYTLLTTLLTTLLILI	LLLYLLYGLLTTLLTTLLILI	-27.7441	-27.5771	1.18802	0.0854581	954.846
LLLYLLYGLLTTLLTTLLILI	LLLYLLTGLLTTLLTTLLILI	-27.4074	-26.0874	0.255144	0.62127	949.095
LLLYLLTGLLTTLLTTLLILI	LLLYLLTGLLFTLLTTLLILI	-25.4471	-24.3757	1.26162	0.0748068	942.693
LLLYLLTGLLFTLLTTLLILI	LLLWLLTGLLFTLLTTLLILI	-24.183	-20.8651	0.267575	0.598868	935.578
LLLWLLTGLLFTLLTTLLILI	LLLYLLTGLLFTLLTTLLILI	-20.8651	-23.8802	0.598868	0.267575	927.683
LLLYLLTGLLFTLLTTLLILI	LLLYLLTGLLTTLLTTLLILI	-24.0729	-25.4468	0.0748068	1.26162	918.939
LLLYLLTGLLTTLLTTLLILI	LLLYLLTTLLTTLLTTLLILI	-26.6364	-30.956	0.0720446	1.28254	909.276
LLLYLLTTLLTTLLTTLLILI	LLLWLLTTLLTTLLTTLLILI	-31.9709	-30.375	0.267575	0.598868	898.621
LLLWLLTTLLTTLLTTLLILI	LLLYLLTTLLTTLLTTLLILI	-30.375	-31.9709	0.598868	0.267575	886.903
LLLYLLTTLLTTLLTTLLILI	LLLYLLTTLLATLLTTLLILI	-30.6762	-29.9349	1.56232	0.0438719	874.051
LLLYLLTTLLATLLTTLLILI	LLLYLLTTLLATLLTYLLILI	-29.3575	-26.9395	0.62127	0.255144	859.999
LLLYLLTTLLATLLTYLLILI	LLLWLLTTLLATLLTYLLILI	-26.7435	-23.9541	0.451187	0.372136	844.686
LLLWLLTTLLATLLTYLLILI	LLLWLLYTLLATLLTYLLILI	-23.7874	-23.9235	0.538845	0.30482	828.061
LLLWLLYTLLATLLTYLLILI	LLLWLLYTLLTTLLTYLLILI	-24.1637	-25.0893	0.064646	1.34306	810.083
LLLWLLYTLLTTLLTYLLILI	LLLWLLYTLLATLLTYLLILI	-25.0893	-24.1637	1.34306	0.064646	790.724
LLLWLLYTLLATLLTYLLILI	LLLWLLTTLLATLLTYLLILI	-23.9235	-23.7441	0.30482	0.538845	769.974
LLLWLLTTLLATLLTYLLILI	LLLYLLTTLLATLLTYLLILI	-23.9109	-26.44	0.372136	0.451187	747.845
LLLYLLTTLLATLLTYLLILI	LLLWLLTTLLATLLTYLLILI	-26.44	-25.6228	0.451187	0.372136	724.369
LLLWLLTTLLATLLTYLLILI	LLLWLLTVLLATLLTYLLILI	-24.7186	-20.7173	1.27634	0.0728516	699.602
LLLWLLTVLLATLLTYLLILI	LLLYLLTVLLATLLTYLLILI	-20.418	-21.7964	0.372136	0.451187	673.628
LLLYLLTVLLATLLTYLLILI	LLLYLLTVLLATLLTTLLILI	-21.9428	-24.4825	0.30482	0.538845	646.557
LLLYLLTVLLATLLTTLLILI	LLLYLLTVLLGTLLTTLLILI	-24.7452	-24.5096	0.276169	0.584123	618.524
LLLYLLTVLLGTLLTTLLILI	LLLYLLTTLLGTLLTTLLILI	-25.0348	-26.5157	0.0589809	1.39457	589.688
LLLYLLTTLLGTLLTTLLILI	LLLYLLTTLLTTLLTTLLILI	-27.8382	-30.956	0.0720446	1.28254	560.23
LLLYLLTTLLTTLLTTLLILI	LLLYLLTTLLTTLLTYLLILI	-31.5449	-29.2706	0.693609	0.219549	500.25
LLLYLLTTLLTTLLTYLLILI	LLLWLLTTLLTTLLTYLLILI	-29.039	-27.8534	0.451187	0.372136	470.152
LLLWLLTTLLTTLLTYLLILI	LLLYLLTTLLTTLLTYLLILI	-27.8534	-29.039	0.372136	0.451187	440.27
LLLYLLTTLLTTLLTYLLILI	LLLYLLTTLLTTLLTTLLILI	-29.2706	-31.5449	0.219549	0.693609	410.812
LLLYLLTTLLTTLLTTLLILI	LLLYLLTTLLATLLTTLLILI	-30.6762	-29.9349	1.56232	0.0438719	381.976
LLLYLLTTLLATLLTTLLILI	LLLYLLTTLLTTLLTTLLILI	-29.9349	-30.6762	0.0438719	1.56232	353.943
LLLYLLTTLLTTLLTTLLILI	LLLYLLTTLLATLLTTLLILI	-30.6762	-29.5153	1.56232	0.0438719	276.131
LLLYLLTTLLATLLTTLLILI	LLLYLLTTLLTTLLTTLLILI	-29.5153	-30.3726	0.0438719	1.56232	230.526
LLLYLLTTLLTTLLTTLLILI	LLLYLLTTLLATLLTTLLILI	-30.3726	-29.9349	1.56232	0.0438719	209.776
LLLYLLTTLLATLLTTLLILI	LLLYLLTTLLTTLLTTLLILI	-29.9349	-30.6762	0.0438719	1.56232	155.814
Time: 112s
