***STARTING GEOMETRY:***
xShift: 8.2
crossingAngle: 31
axialRotation: 50
zShift: 2.2

Number of MCCycles: 100
PrevSequence	CurrSequence	PrevEnergy	CurrEnergy	PrevEntropy	CurrEntropy	CurrentTemp
LLLYVLLGLLATLTSLLLILI	LLLYVLLGLLAFLTSLLLILI	7123.42	7124.28	0.816184	0.171816	999.684
LLLYVLLGLLAFLTSLLLILI	LLLYVLLGLLATLTSLLLILI	7124.28	7123.36	0.171816	0.816184	999.328
LLLYVLLGLLATLTSLLLILI	LLLYVLLGLLAFLTSLLLILI	7123.36	7124.28	0.816184	0.171816	998.928
LLLYVLLGLLAFLTSLLLILI	LLLYVLLGLLAWLTSLLLILI	7124.26	7125.08	0.148778	0.890414	998.476
LLLYVLLGLLAWLTSLLLILI	LLLFVLLGLLAWLTSLLLILI	7124.84	7127.43	0.650378	0.240035	997.967
LLLFVLLGLLAWLTSLLLILI	LLLFVLLGLLAWLTTLLLILI	7127.41	7129.92	0.220804	0.690823	997.394
LLLFVLLGLLAWLTTLLLILI	LLLYVLLGLLAWLTTLLLILI	7129.47	7126.88	0.240035	0.650378	996.749
LLLYVLLGLLAWLTTLLLILI	LLLYVLLGLLATLTTLLLILI	7126.57	7124.32	0.343253	0.48602	996.023
LLLYVLLGLLATLTTLLLILI	LLLYVLLGLLYTLTTLLLILI	7123.93	7125.96	0.0936181	1.13801	995.205
LLLYVLLGLLYTLTTLLLILI	LLLYVLLGLLSTLTTLLLILI	7125.64	7122.29	0.817658	0.171321	994.285
LLLYVLLGLLSTLTTLLLILI	LLLYFLLGLLSTLTTLLLILI	7122.46	7125.39	0.340616	0.489394	993.249
LLLYFLLGLLSTLTTLLLILI	LLLFFLLGLLSTLTTLLLILI	7125.31	7127.62	0.410343	0.410343	992.084
LLLFFLLGLLSTLTTLLLILI	LLLFILLGLLSTLTTLLLILI	7127.95	7127.72	0.736435	0.201285	990.773
LLLFILLGLLSTLTTLLLILI	LLLFILLGLLATLTTLLLILI	7128.17	7127.38	0.642213	0.244161	989.3
LLLFILLGLLATLTTLLLILI	LLLWILLGLLATLTTLLLILI	7127.28	7126.83	0.148778	0.890414	987.644
LLLWILLGLLATLTTLLLILI	LLLWILLGLLYTLTTLLLILI	7126.11	7127.72	0.174433	0.80848	985.783
LLLWILLGLLYTLTTLLLILI	LLLWILLGLLYTLTSLLLILI	7127.78	7126.15	0.865998	0.155943	983.694
LLLWILLGLLYTLTSLLLILI	LLLWILLGLLYLLTSLLLILI	7126.67	7120.64	0.67574	0.227751	981.348
LLLWILLGLLYLLTSLLLILI	LLLFILLGLLYLLTSLLLILI	7121.3	7122.53	0.890414	0.148778	975.768
LLLFILLGLLYLLTSLLLILI	LLLFFLLGLLYLLTSLLLILI	7122.58	7122.67	0.201285	0.736435	972.463
LLLFFLLGLLYLLTSLLLILI	LLLFFLLGLLYYLTSLLLILI	7122.11	7121.74	0.176934	0.801241	968.764
LLLFFLLGLLYYLTSLLLILI	LLLFFLLGLLYYLYSLLLILI	7121.07	7127.38	0.130904	0.9576	964.627
LLLFFLLGLLYYLYSLLLILI	LLLWFLLGLLYYLYSLLLILI	7126.69	7128.08	0.267575	0.598868	960.005
LLLWFLLGLLYYLYSLLLILI	LLLWFLLGLLYFLYSLLLILI	7128.31	7127.49	0.820686	0.170308	954.846
LLLWFLLGLLYFLYSLLLILI	LLLWLLLGLLYFLYSLLLILI	7127.84	7127.74	0.526939	0.312976	949.095
LLLWLLLGLLYFLYSLLLILI	LLLWLLLGLLYFLYTLLLILI	7127.81	7126.95	0.381257	0.440933	942.693
LLLWLLLGLLYFLYTLLLILI	LLLYLLLGLLYFLYTLLLILI	7126.78	7124.54	0.272043	0.591129	935.578
LLLYLLLGLLYFLYTLLLILI	LLLYLLLGLLYFLYSLLLILI	7124.39	7127.45	0.440933	0.381257	927.683
LLLYLLLGLLYFLYSLLLILI	LLLYLLLGLLYFLYWLLLILI	7127.26	7125.23	0.192199	0.759486	918.939
LLLYLLLGLLYFLYWLLLILI	LLLYLLLGLLYFLYYLLLILI	7124.69	7128.67	0.21484	0.704234	909.276
LLLYLLLGLLYFLYYLLLILI	LLLYTLLGLLYFLYYLLLILI	7128.35	7128.38	0.391819	0.429465	898.621
LLLYTLLGLLYFLYYLLLILI	LLLYTLLGLLYFLYTLLLILI	7128.72	7124.01	0.773553	0.186892	886.903
LLLYTLLGLLYFLYTLLLILI	LLLYTLLGLLYYLYTLLLILI	7123.89	7124.67	0.0697276	1.30076	874.051
LLLYTLLGLLYYLYTLLLILI	LLLWTLLGLLYYLYTLLLILI	7124.07	7124.43	0.704234	0.21484	859.999
LLLWTLLGLLYYLYTLLLILI	LLLWTLLGLLYFLYTLLLILI	7125.36	7124.75	1.15198	0.0912572	844.686
LLLWTLLGLLYFLYTLLLILI	LLLWVLLGLLYFLYTLLLILI	7125.59	7123.4	0.930859	0.137712	828.061
LLLWVLLGLLYFLYTLLLILI	LLLWVLLGLLYFLTTLLLILI	7123.76	7121.1	0.505042	0.328724	810.083
LLLWVLLGLLYFLTTLLLILI	LLLYVLLGLLYFLTTLLLILI	7121.15	7120.13	0.372136	0.451187	790.724
LLLYVLLGLLYFLTTLLLILI	LLLYVLLGLLYFLTSLLLILI	7120.37	7118.67	0.690823	0.220804	769.974
LLLYVLLGLLYFLTSLLLILI	LLLYVLLGLLYLLTSLLLILI	7118.77	7119.63	0.320259	0.516639	699.602
LLLYVLLGLLYLLTSLLLILI	LLLYVLLGLLYFLTSLLLILI	7119.63	7118.77	0.516639	0.320259	673.628
LLLYVLLGLLYFLTSLLLILI	LLLYVLLGLLYFLTALLLILI	7119.09	7122.06	0.642213	0.244161	618.524
LLLYVLLGLLYFLTALLLILI	LLLYVLLGLLFFLTALLLILI	7122.47	7123.91	0.650378	0.240035	589.688
LLLYVLLGLLFFLTALLLILI	LLLYVLLGLLFWLTALLLILI	7123.94	7125.54	0.267575	0.598868	530.348
LLLYVLLGLLFWLTALLLILI	LLLYVLLGLLFWLTSLLLILI	7125.18	7121.49	0.244161	0.642213	500.25
LLLYVLLGLLFWLTSLLLILI	LLLYVLLGLLYWLTSLLLILI	7120.98	7121.38	0.132101	0.952787	470.152
LLLYVLLGLLYWLTSLLLILI	LLLYVLLGLLYYLTSLLLILI	7120.7	7119.81	0.272043	0.591129	440.27
LLLYVLLGLLYYLTSLLLILI	LLLWVLLGLLYYLTSLLLILI	7119.81	7119.45	0.591129	0.272043	410.812
LLLWVLLGLLYYLTSLLLILI	LLLWVLLGLLYFLTSLLLILI	7120.13	7120.69	0.952787	0.132101	381.976
LLLWVLLGLLYFLTSLLLILI	LLLYVLLGLLYFLTSLLLILI	7120.93	7122.29	0.372136	0.451187	353.943
LLLYVLLGLLYFLTSLLLILI	LLLYVLLGLLFFLTSLLLILI	7122.49	7121.36	0.650378	0.240035	326.872
LLLYVLLGLLFFLTSLLLILI	LLLYWLLGLLFFLTSLLLILI	7121.24	7122.55	0.118797	1.00921	300.898
LLLYWLLGLLFFLTSLLLILI	LLLYYLLGLLFFLTSLLLILI	7121.91	7121.54	0.372136	0.451187	276.131
LLLYYLLGLLFFLTSLLLILI	LLLYTLLGLLFFLTSLLLILI	7121.59	7121.93	0.505042	0.328724	252.655
LLLYTLLGLLFFLTSLLLILI	LLLYTLLGLLYFLTSLLLILI	7121.85	7122.06	0.240035	0.650378	209.776
LLLYTLLGLLYFLTSLLLILI	LLLYWLLGLLYFLTSLLLILI	7121.77	7120.69	0.363705	0.460972	190.417
LLLYWLLGLLYFLTSLLLILI	LLLYLLLGLLYFLTSLLLILI	7120.97	7120.43	0.743646	0.198389	155.814
LLLYLLLGLLYFLTSLLLILI	LLLYVLLGLLYFLTSLLLILI	7120.84	7118.71	0.607728	0.262571	113.597
LLLYVLLGLLYFLTSLLLILI	LLLYVLLGLLYYLTSLLLILI	7118.54	7119.23	0.0912572	1.15198	101.879
LLLYVLLGLLYYLTSLLLILI	LLLYVLLGLLYFLTSLLLILI	7119.23	7118.54	1.15198	0.0912572	7.25111
Time: 106s
