***STARTING GEOMETRY:***
xShift: 6.66
crossingAngle: -35.69
axialRotation: -22.51
zShift: 3.21

Number of MCCycles: 200
PrevSequence	CurrSequence	PrevEnergy	CurrEnergy	PrevEntropy	CurrEntropy	CurrentTemp
LLLGGLLTGLLTGLLTSLILI	LLLGGLLTGLLTGLLTGLILI	480.178	468.562	0.123935	0.986625	999.847
LLLGGLLTGLLTGLLTGLILI	LLLGGLLTGLLTGLLYGLILI	468.269	468.466	0.693609	0.219549	999.684
LLLGGLLTGLLTGLLYGLILI	LLLGGLLTGLLTGLLTGLILI	468.466	468.269	0.219549	0.693609	999.512
LLLGGLLTGLLTGLLTGLILI	LLLGGLLVGLLTGLLTGLILI	468.703	471.189	1.12845	0.0952708	999.328
LLLGGLLVGLLTGLLTGLILI	LLLGGLLTGLLTGLLTGLILI	471.189	468.839	0.0952708	1.12845	999.134
LLLGGLLTGLLTGLLTGLILI	LLLGGLLTGLLTGLLYGLILI	468.404	468.601	0.693609	0.219549	998.708
LLLGGLLTGLLTGLLYGLILI	LLLYGLLTGLLTGLLYGLILI	468.91	468.241	0.528348	0.311996	998.476
LLLYGLLTGLLTGLLYGLILI	LLLTGLLTGLLTGLLYGLILI	468.308	468.615	0.379341	0.443059	998.229
LLLTGLLTGLLTGLLYGLILI	LLLTGLLTGLLTGLLTGLILI	468.344	468.317	0.171816	0.816184	997.967
LLLTGLLTGLLTGLLTGLILI	LLLTGLLTGLLTGLLYGLILI	468.317	468.344	0.816184	0.171816	997.689
LLLTGLLTGLLTGLLYGLILI	LLLTGLLVGLLTGLLYGLILI	469.301	471.717	1.12845	0.0952708	997.081
LLLTGLLVGLLTGLLYGLILI	LLLTGLLTGLLTGLLYGLILI	471.717	469.301	0.0952708	1.12845	996.749
LLLTGLLTGLLTGLLYGLILI	LLLTGLLTGLLTGLLTGLILI	468.344	468.317	0.171816	0.816184	996.397
LLLTGLLTGLLTGLLTGLILI	LLLYGLLTGLLTGLLTGLILI	468.317	467.43	0.816184	0.171816	996.023
LLLYGLLTGLLTGLLTGLILI	LLLYGLLYGLLTGLLTGLILI	467.701	469.462	0.443059	0.379341	995.626
LLLYGLLYGLLTGLLTGLILI	LLLYGLLTGLLTGLLTGLILI	469.462	467.701	0.379341	0.443059	995.205
LLLYGLLTGLLTGLLTGLILI	LLLTGLLTGLLTGLLTGLILI	467.43	468.317	0.171816	0.816184	994.758
LLLTGLLTGLLTGLLTGLILI	LLLYGLLTGLLTGLLTGLILI	468.317	467.534	0.816184	0.171816	994.285
LLLYGLLTGLLTGLLTGLILI	LLLTGLLTGLLTGLLTGLILI	467.534	468.429	0.171816	0.816184	993.782
LLLTGLLTGLLTGLLTGLILI	LLLYGLLTGLLTGLLTGLILI	468.429	467.43	0.816184	0.171816	993.249
LLLYGLLTGLLTGLLTGLILI	LLLYGLLTGLLTGLLTSLILI	468.14	473.745	0.88184	0.151251	992.683
LLLYGLLTGLLTGLLTSLILI	LLLYGLLTGLLTGLLTGLILI	473.745	468.14	0.151251	0.88184	992.084
LLLYGLLTGLLTGLLTGLILI	LLLYGLLYGLLTGLLTGLILI	467.701	469.578	0.443059	0.379341	991.448
LLLYGLLYGLLTGLLTGLILI	LLLYGLLYGLLTGLLFGLILI	470.015	470.267	0.816184	0.171816	990.773
LLLYGLLYGLLTGLLFGLILI	LLLYGLLYGLLTGLLTGLILI	470.267	469.899	0.171816	0.816184	990.058
LLLYGLLYGLLTGLLTGLILI	LLLGGLLYGLLTGLLTGLILI	469.394	470.108	0.311996	0.528348	989.3
LLLGGLLYGLLTGLLTGLILI	LLLYGLLYGLLTGLLTGLILI	470.108	469.394	0.528348	0.311996	988.496
LLLYGLLYGLLTGLLTGLILI	LLLGGLLYGLLTGLLTGLILI	469.394	470.108	0.311996	0.528348	987.644
LLLGGLLYGLLTGLLTGLILI	LLLYGLLYGLLTGLLTGLILI	470.108	469.394	0.528348	0.311996	986.74
LLLYGLLYGLLTGLLTGLILI	LLLYGLLTGLLTGLLTGLILI	469.462	467.701	0.379341	0.443059	985.783
LLLYGLLTGLLTGLLTGLILI	LLLTGLLTGLLTGLLTGLILI	467.43	468.317	0.171816	0.816184	984.769
LLLTGLLTGLLTGLLTGLILI	LLLTGLLTGLLTGLLYGLILI	468.317	468.456	0.816184	0.171816	983.694
LLLTGLLTGLLTGLLYGLILI	LLLYGLLTGLLTGLLYGLILI	468.727	468.308	0.443059	0.379341	981.348
LLLYGLLTGLLTGLLYGLILI	LLLYGLLTGLLTGLLTGLILI	468.308	467.701	0.379341	0.443059	980.071
LLLYGLLTGLLTGLLTGLILI	LLLYGLLTGLLTGLLIGLILI	468.366	468.485	1.10811	0.098896	978.717
LLLYGLLTGLLTGLLIGLILI	LLLTGLLTGLLTGLLIGLILI	468.605	469.322	0.219549	0.693609	977.285
LLLTGLLTGLLTGLLIGLILI	LLLYGLLTGLLTGLLIGLILI	469.322	468.605	0.693609	0.219549	975.768
LLLYGLLTGLLTGLLIGLILI	LLLYGLLYGLLTGLLIGLILI	468.714	470.717	0.328724	0.505042	974.162
LLLYGLLYGLLTGLLIGLILI	LLLYGLLYGLLTGLLTGLILI	470.355	469.994	0.142768	0.911943	972.463
LLLYGLLYGLLTGLLTGLILI	LLLYGLLYGLLTGLLIGLILI	469.994	470.355	0.911943	0.142768	970.666
LLLYGLLYGLLTGLLIGLILI	LLLYGLLYGLLTGLLTGLILI	470.355	469.994	0.142768	0.911943	968.764
LLLYGLLYGLLTGLLTGLILI	LLLYGLLYGLLFGLLTGLILI	469.899	472.973	0.816184	0.171816	966.754
LLLYGLLYGLLFGLLTGLILI	LLLGGLLYGLLFGLLTGLILI	473.113	473.718	0.311996	0.528348	962.38
LLLGGLLYGLLFGLLTGLILI	LLLYGLLYGLLFGLLTGLILI	473.718	472.997	0.528348	0.311996	960.005
LLLYGLLYGLLFGLLTGLILI	LLLYGLLYGLLTGLLTGLILI	472.857	469.899	0.171816	0.816184	957.496
LLLYGLLYGLLTGLLTGLILI	LLLYGLLTGLLTGLLTGLILI	469.462	467.701	0.379341	0.443059	954.846
LLLYGLLTGLLTGLLTGLILI	LLLYGLLTGLLFGLLTGLILI	468.262	470.627	1.0043	0.119894	952.048
LLLYGLLTGLLFGLLTGLILI	LLLYGLLTGLLTGLLTGLILI	470.627	468.366	0.119894	1.0043	945.979
LLLYGLLTGLLTGLLTGLILI	LLLYGLLTGLLTGLLYGLILI	467.805	468.308	0.443059	0.379341	942.693
LLLYGLLTGLLTGLLYGLILI	LLLYGLLTGLLTGLLTGLILI	468.308	467.701	0.379341	0.443059	939.229
LLLYGLLTGLLTGLLTGLILI	LLLYGLLYGLLTGLLTGLILI	467.701	469.462	0.443059	0.379341	935.578
LLLYGLLYGLLTGLLTGLILI	LLLGGLLYGLLTGLLTGLILI	469.394	470.108	0.311996	0.528348	931.732
LLLGGLLYGLLTGLLTGLILI	LLLGGLLTGLLTGLLTGLILI	469.799	468.376	0.219549	0.693609	927.683
LLLGGLLTGLLTGLLTGLILI	LLLYGLLTGLLTGLLTGLILI	468.485	467.538	0.803013	0.176318	923.422
LLLYGLLTGLLTGLLTGLILI	LLLTGLLTGLLTGLLTGLILI	467.534	468.317	0.171816	0.816184	918.939
LLLTGLLTGLLTGLLTGLILI	LLLYGLLTGLLTGLLTGLILI	468.317	467.43	0.816184	0.171816	909.276
LLLYGLLTGLLTGLLTGLILI	LLLYGLLYGLLTGLLTGLILI	467.701	469.578	0.443059	0.379341	904.077
LLLYGLLYGLLTGLLTGLILI	LLLYGLLTGLLTGLLTGLILI	469.578	467.701	0.379341	0.443059	898.621
LLLYGLLTGLLTGLLTGLILI	LLLYGLLYGLLTGLLTGLILI	467.701	469.578	0.443059	0.379341	886.903
LLLYGLLYGLLTGLLTGLILI	LLLYGLLTGLLTGLLTGLILI	469.578	467.701	0.379341	0.443059	880.623
LLLYGLLTGLLTGLLTGLILI	LLLYGLLTGLLTGLLFGLILI	468.262	468.391	1.0043	0.119894	874.051
LLLYGLLTGLLTGLLFGLILI	LLLYGLLTGLLTGLLTGLILI	468.391	468.262	0.119894	1.0043	867.179
LLLYGLLTGLLTGLLTGLILI	LLLYGLLYGLLTGLLTGLILI	467.701	469.462	0.443059	0.379341	859.999
LLLYGLLYGLLTGLLTGLILI	LLLGGLLYGLLTGLLTGLILI	469.394	470.108	0.311996	0.528348	852.504
LLLGGLLYGLLTGLLTGLILI	LLLGGLLTGLLTGLLTGLILI	469.799	468.376	0.219549	0.693609	844.686
LLLGGLLTGLLTGLLTGLILI	LLLYGLLTGLLTGLLTGLILI	468.485	467.434	0.803013	0.176318	836.541
LLLYGLLTGLLTGLLTGLILI	LLLYGLLYGLLTGLLTGLILI	467.701	469.462	0.443059	0.379341	828.061
LLLYGLLYGLLTGLLTGLILI	LLLGGLLYGLLTGLLTGLILI	469.394	470.108	0.311996	0.528348	819.243
LLLGGLLYGLLTGLLTGLILI	LLLGGLLYGLLTGLLFGLILI	470.396	470.765	0.816184	0.171816	810.083
LLLGGLLYGLLTGLLFGLILI	LLLGGLLTGLLTGLLFGLILI	470.898	469.913	0.30482	0.538845	800.577
LLLGGLLTGLLTGLLFGLILI	LLLTGLLTGLLTGLLFGLILI	469.866	468.853	0.491566	0.338931	790.724
LLLTGLLTGLLTGLLFGLILI	LLLYGLLTGLLTGLLFGLILI	469.208	468.595	0.693609	0.219549	780.523
LLLYGLLTGLLTGLLFGLILI	LLLYGLLTGLLTGLLTGLILI	468.495	468.262	0.119894	1.0043	769.974
LLLYGLLTGLLTGLLTGLILI	LLLTGLLTGLLTGLLTGLILI	467.43	468.317	0.171816	0.816184	759.081
LLLTGLLTGLLTGLLTGLILI	LLLYGLLTGLLTGLLTGLILI	468.317	467.43	0.816184	0.171816	747.845
LLLYGLLTGLLTGLLTGLILI	LLLYGLLTGLLTGLLFGLILI	468.262	468.391	1.0043	0.119894	736.272
LLLYGLLTGLLTGLLFGLILI	LLLTGLLTGLLTGLLFGLILI	468.491	469.208	0.219549	0.693609	724.369
LLLTGLLTGLLTGLLFGLILI	LLLYGLLTGLLTGLLFGLILI	469.208	468.491	0.693609	0.219549	712.142
LLLYGLLTGLLTGLLFGLILI	LLLTGLLTGLLTGLLFGLILI	468.491	469.208	0.219549	0.693609	686.76
LLLTGLLTGLLTGLLFGLILI	LLLYGLLTGLLTGLLFGLILI	469.208	468.595	0.693609	0.219549	673.628
LLLYGLLTGLLTGLLFGLILI	LLLYGLLTGLLTGLLTGLILI	468.495	468.262	0.119894	1.0043	660.222
LLLYGLLTGLLTGLLTGLILI	LLLYGLLYGLLTGLLTGLILI	467.701	469.462	0.443059	0.379341	646.557
LLLYGLLYGLLTGLLTGLILI	LLLYGLLTGLLTGLLTGLILI	469.462	467.701	0.379341	0.443059	632.651
LLLYGLLTGLLTGLLTGLILI	LLLTGLLTGLLTGLLTGLILI	467.43	468.317	0.171816	0.816184	618.524
LLLTGLLTGLLTGLLTGLILI	LLLYGLLTGLLTGLLTGLILI	468.317	467.43	0.816184	0.171816	604.196
LLLYGLLTGLLTGLLTGLILI	LLLYGLLYGLLTGLLTGLILI	467.701	469.462	0.443059	0.379341	589.688
LLLYGLLYGLLTGLLTGLILI	LLLYGLLYGLLTGLLIGLILI	469.994	470.355	0.911943	0.142768	575.025
LLLYGLLYGLLTGLLIGLILI	LLLYGLLTGLLTGLLIGLILI	470.717	468.714	0.505042	0.328724	560.23
LLLYGLLTGLLTGLLIGLILI	LLLYGLLTGLLTGLLTGLILI	468.485	468.366	0.098896	1.10811	545.329
LLLYGLLTGLLTGLLTGLILI	LLLYGLLTGLLTGLLYGLILI	467.701	468.308	0.443059	0.379341	530.348
LLLYGLLTGLLTGLLYGLILI	LLLYGLLTGLLTGLLTGLILI	468.308	467.701	0.379341	0.443059	500.25
LLLYGLLTGLLTGLLTGLILI	LLLTGLLTGLLTGLLTGLILI	467.43	468.317	0.171816	0.816184	425.475
LLLTGLLTGLLTGLLTGLILI	LLLYGLLTGLLTGLLTGLILI	468.317	467.43	0.816184	0.171816	410.812
LLLYGLLTGLLTGLLTGLILI	LLLTGLLTGLLTGLLTGLILI	467.43	468.317	0.171816	0.816184	396.304
LLLTGLLTGLLTGLLTGLILI	LLLTGLLTGLLTGLLYGLILI	468.317	468.344	0.816184	0.171816	381.976
LLLTGLLTGLLTGLLYGLILI	LLLTGLLTGLLTGLLTGLILI	468.344	468.317	0.171816	0.816184	353.943
LLLTGLLTGLLTGLLTGLILI	LLLYGLLTGLLTGLLTGLILI	468.317	467.43	0.816184	0.171816	340.278
LLLYGLLTGLLTGLLTGLILI	LLLTGLLTGLLTGLLTGLILI	467.43	468.317	0.171816	0.816184	326.872
LLLTGLLTGLLTGLLTGLILI	LLLTGLLVGLLTGLLTGLILI	468.777	471.022	1.27634	0.0728516	313.74
LLLTGLLVGLLTGLLTGLILI	LLLTGLLTGLLTGLLTGLILI	471.022	468.777	0.0728516	1.27634	300.898
LLLTGLLTGLLTGLLTGLILI	LLLTGLLTGLLTGLLYGLILI	468.317	468.344	0.816184	0.171816	276.131
LLLTGLLTGLLTGLLYGLILI	LLLYGLLTGLLTGLLYGLILI	468.615	468.308	0.443059	0.379341	264.228
LLLYGLLTGLLTGLLYGLILI	LLLTGLLTGLLTGLLYGLILI	468.308	468.615	0.379341	0.443059	252.655
LLLTGLLTGLLTGLLYGLILI	LLLYGLLTGLLTGLLYGLILI	468.615	468.413	0.443059	0.379341	241.419
LLLYGLLTGLLTGLLYGLILI	LLLTGLLTGLLTGLLYGLILI	468.413	468.933	0.379341	0.443059	230.526
LLLTGLLTGLLTGLLYGLILI	LLLTGLLTGLLTGLLTGLILI	468.662	468.317	0.171816	0.816184	219.977
LLLTGLLTGLLTGLLTGLILI	LLLYGLLTGLLTGLLTGLILI	468.317	467.43	0.816184	0.171816	209.776
LLLYGLLTGLLTGLLTGLILI	LLLYGLLTGLLTGLLFGLILI	468.262	468.391	1.0043	0.119894	155.814
LLLYGLLTGLLTGLLFGLILI	LLLYGLLTGLLTGLLTGLILI	468.391	468.262	0.119894	1.0043	140.501
LLLYGLLTGLLTGLLTGLILI	LLLYGLLTGLLTGLLFGLILI	468.262	468.391	1.0043	0.119894	101.879
LLLYGLLTGLLTGLLFGLILI	LLLYGLLTGLLTGLLTGLILI	468.391	468.262	0.119894	1.0043	68.7677
Time: 161s
