***STARTING GEOMETRY:***
xShift: 6.89618
crossingAngle: -36.2693
axialRotation: -22.0021
zShift: 3.04458

Number of MCCycles: 200
PrevSequence	CurrSequence	PrevEnergy	CurrEnergy	PrevEntropy	CurrEntropy	CurrentTemp
LLLGGLLTGLLTGLLTSLILI	LLLGGLLYGLLTGLLTSLILI	478.19	474.263	0.693609	0.219549	999.847
LLLGGLLYGLLTGLLTSLILI	LLLGGLLTGLLTGLLTSLILI	474.263	473.048	0.219549	0.693609	999.684
LLLGGLLTGLLTGLLTSLILI	LLLGGLLTGLLTGLLTGLILI	472.478	464.196	0.123935	0.986625	999.328
LLLGGLLTGLLTGLLTGLILI	LLLGGLLVGLLTGLLTGLILI	464.338	466.653	1.12845	0.0952708	999.134
LLLGGLLVGLLTGLLTGLILI	LLLYGLLVGLLTGLLTGLILI	467.36	466.911	0.803013	0.176318	998.928
LLLYGLLVGLLTGLLTGLILI	LLLTGLLVGLLTGLLTGLILI	466.954	467.324	0.219549	0.693609	998.476
LLLTGLLVGLLTGLLTGLILI	LLLTGLLTGLLTGLLTGLILI	466.703	464.479	0.0728516	1.27634	998.229
LLLTGLLTGLLTGLLTGLILI	LLLYGLLTGLLTGLLTGLILI	464.019	463.418	0.816184	0.171816	997.967
LLLYGLLTGLLTGLLTGLILI	LLLYGLLTGLLTGLLYGLILI	463.69	463.862	0.443059	0.379341	997.689
LLLYGLLTGLLTGLLYGLILI	LLLYGLLTGLLTGLLFGLILI	464.435	463.681	0.952787	0.132101	997.394
LLLYGLLTGLLTGLLFGLILI	LLLYGLLTGLLFGLLFGLILI	464.087	465.159	0.538845	0.30482	995.626
LLLYGLLTGLLFGLLFGLILI	LLLYGLLTGLLTGLLFGLILI	465.159	464.087	0.30482	0.538845	995.205
LLLYGLLTGLLTGLLFGLILI	LLLTGLLTGLLTGLLFGLILI	463.768	464.198	0.219549	0.693609	994.758
LLLTGLLTGLLTGLLFGLILI	LLLYGLLTGLLTGLLFGLILI	464.198	463.768	0.693609	0.219549	994.285
LLLYGLLTGLLTGLLFGLILI	LLLYGLLTGLLTGLLTGLILI	463.668	464.251	0.119894	1.0043	993.782
LLLYGLLTGLLTGLLTGLILI	LLLYGLLYGLLTGLLTGLILI	463.69	465.384	0.443059	0.379341	993.249
LLLYGLLYGLLTGLLTGLILI	LLLYGLLYGLLTGLLYGLILI	465.243	465.798	0.238039	0.654392	992.683
LLLYGLLYGLLTGLLYGLILI	LLLYGLLYGLLFGLLYGLILI	465.682	467.886	0.538845	0.30482	992.084
LLLYGLLYGLLFGLLYGLILI	LLLYGLLYGLLFGLLTGLILI	468.538	467.124	0.9576	0.130904	991.448
LLLYGLLYGLLFGLLTGLILI	LLLYGLLYGLLTGLLTGLILI	467.165	465.821	0.171816	0.816184	990.773
LLLYGLLYGLLTGLLTGLILI	LLLGGLLYGLLTGLLTGLILI	465.317	465.685	0.311996	0.528348	990.058
LLLGGLLYGLLTGLLTGLILI	LLLGGLLTGLLTGLLTGLILI	465.376	464.018	0.219549	0.693609	989.3
LLLGGLLTGLLTGLLTGLILI	LLLGGLLTGLLTGLLYGLILI	464.018	463.689	0.693609	0.219549	988.496
LLLGGLLTGLLTGLLYGLILI	LLLGGLLTGLLTGLLTGLILI	463.689	464.018	0.219549	0.693609	987.644
LLLGGLLTGLLTGLLTGLILI	LLLGGLLYGLLTGLLTGLILI	464.018	465.27	0.693609	0.219549	986.74
LLLGGLLYGLLTGLLTGLILI	LLLGGLLYGLLTGLLYGLILI	465.379	465.694	0.328724	0.505042	985.783
LLLGGLLYGLLTGLLYGLILI	LLLGGLLTGLLTGLLYGLILI	465.694	463.798	0.505042	0.328724	984.769
LLLGGLLTGLLTGLLYGLILI	LLLTGLLTGLLTGLLYGLILI	463.961	463.687	0.491566	0.338931	983.694
LLLTGLLTGLLTGLLYGLILI	LLLYGLLTGLLTGLLYGLILI	463.791	463.771	0.443059	0.379341	981.348
LLLYGLLTGLLTGLLYGLILI	LLLYGLLYGLLTGLLYGLILI	463.63	465.901	0.238039	0.654392	980.071
LLLYGLLYGLLTGLLYGLILI	LLLYGLLYGLLTGLLTGLILI	465.901	465.243	0.654392	0.238039	978.717
LLLYGLLYGLLTGLLTGLILI	LLLGGLLYGLLTGLLTGLILI	465.317	465.579	0.311996	0.528348	977.285
LLLGGLLYGLLTGLLTGLILI	LLLGGLLTGLLTGLLTGLILI	465.27	464.108	0.219549	0.693609	975.768
LLLGGLLTGLLTGLLTGLILI	LLLYGLLTGLLTGLLTGLILI	464.217	463.423	0.803013	0.176318	974.162
LLLYGLLTGLLTGLLTGLILI	LLLYGLLTGLLTGLLFGLILI	464.251	463.759	1.0043	0.119894	972.463
LLLYGLLTGLLTGLLFGLILI	LLLYGLLTGLLTGLLTGLILI	463.759	464.251	0.119894	1.0043	968.764
LLLYGLLTGLLTGLLTGLILI	LLLTGLLTGLLTGLLTGLILI	463.418	464.019	0.171816	0.816184	966.754
LLLTGLLTGLLTGLLTGLILI	LLLYGLLTGLLTGLLTGLILI	464.019	463.418	0.816184	0.171816	964.627
LLLYGLLTGLLTGLLTGLILI	LLLTGLLTGLLTGLLTGLILI	463.418	464.019	0.171816	0.816184	962.38
LLLTGLLTGLLTGLLTGLILI	LLLTGLLTGLLYGLLTGLILI	464.019	465.142	0.816184	0.171816	960.005
LLLTGLLTGLLYGLLTGLILI	LLLTGLLTGLLTGLLTGLILI	465.142	464.019	0.171816	0.816184	957.496
LLLTGLLTGLLTGLLTGLILI	LLLTGLLTGLLFGLLTGLILI	464.349	465.001	1.14683	0.0921195	954.846
LLLTGLLTGLLFGLLTGLILI	LLLYGLLTGLLFGLLTGLILI	465.602	465.179	0.693609	0.219549	952.048
LLLYGLLTGLLFGLLTGLILI	LLLYGLLTGLLFGLLFGLILI	465.498	465.159	0.538845	0.30482	949.095
LLLYGLLTGLLFGLLFGLILI	LLLYGLLTGLLTGLLFGLILI	465.159	464.877	0.30482	0.538845	945.979
LLLYGLLTGLLTGLLFGLILI	LLLYGLLTGLLFGLLFGLILI	464.877	465.069	0.538845	0.30482	939.229
LLLYGLLTGLLFGLLFGLILI	LLLGGLLTGLLFGLLFGLILI	464.94	465.648	0.176318	0.803013	935.578
LLLGGLLTGLLFGLLFGLILI	LLLGGLLTGLLFGLLIGLILI	465.582	465.854	0.736435	0.201285	931.732
LLLGGLLTGLLFGLLIGLILI	LLLGGLLTGLLTGLLIGLILI	465.825	465.034	0.171816	0.816184	927.683
LLLGGLLTGLLTGLLIGLILI	LLLYGLLTGLLTGLLIGLILI	465.021	464.318	0.803013	0.176318	923.422
LLLYGLLTGLLTGLLIGLILI	LLLTGLLTGLLTGLLIGLILI	464.361	464.791	0.219549	0.693609	918.939
LLLTGLLTGLLTGLLIGLILI	LLLYGLLTGLLTGLLIGLILI	464.791	464.361	0.693609	0.219549	914.227
LLLYGLLTGLLTGLLIGLILI	LLLTGLLTGLLTGLLIGLILI	464.361	464.891	0.219549	0.693609	909.276
LLLTGLLTGLLTGLLIGLILI	LLLTGLLTGLLFGLLIGLILI	465.201	465.642	1.0043	0.119894	904.077
LLLTGLLTGLLFGLLIGLILI	LLLTGLLTGLLTGLLIGLILI	465.642	465.101	0.119894	1.0043	898.621
LLLTGLLTGLLTGLLIGLILI	LLLYGLLTGLLTGLLIGLILI	464.791	464.361	0.693609	0.219549	892.899
LLLYGLLTGLLTGLLIGLILI	LLLYGLLYGLLTGLLIGLILI	464.47	466.406	0.328724	0.505042	886.903
LLLYGLLYGLLTGLLIGLILI	LLLGGLLYGLLTGLLIGLILI	466.213	466.473	0.311996	0.528348	880.623
LLLGGLLYGLLTGLLIGLILI	LLLYGLLYGLLTGLLIGLILI	466.473	466.213	0.528348	0.311996	874.051
LLLYGLLYGLLTGLLIGLILI	LLLYGLLYGLLTGLLFGLILI	466.252	465.886	0.351222	0.47603	867.179
LLLYGLLYGLLTGLLFGLILI	LLLGGLLYGLLTGLLFGLILI	465.722	465.881	0.311996	0.528348	859.999
LLLGGLLYGLLTGLLFGLILI	LLLYGLLYGLLTGLLFGLILI	465.881	465.722	0.528348	0.311996	852.504
LLLYGLLYGLLTGLLFGLILI	LLLYGLLYGLLTGLLTGLILI	465.582	465.821	0.171816	0.816184	844.686
LLLYGLLYGLLTGLLTGLILI	LLLYGLLTGLLTGLLTGLILI	465.384	463.69	0.379341	0.443059	836.541
LLLYGLLTGLLTGLLTGLILI	LLLTGLLTGLLTGLLTGLILI	463.418	464.019	0.171816	0.816184	828.061
LLLTGLLTGLLTGLLTGLILI	LLLTGLLTGLLTGLLFGLILI	464.349	463.696	1.14683	0.0921195	819.243
LLLTGLLTGLLTGLLFGLILI	LLLTGLLTGLLFGLLFGLILI	464.298	464.933	0.693609	0.219549	810.083
LLLTGLLTGLLFGLLFGLILI	LLLTGLLTGLLTGLLFGLILI	464.933	464.983	0.219549	0.693609	800.577
LLLTGLLTGLLTGLLFGLILI	LLLTGLLTGLLFGLLFGLILI	464.983	464.933	0.693609	0.219549	790.724
LLLTGLLTGLLFGLLFGLILI	LLLGGLLTGLLFGLLFGLILI	464.959	465.574	0.245985	0.638655	780.523
LLLGGLLTGLLFGLLFGLILI	LLLGGLLTGLLTGLLFGLILI	465.24	464.165	0.30482	0.538845	769.974
LLLGGLLTGLLTGLLFGLILI	LLLGGLLTGLLTGLLYGLILI	463.866	464.12	0.240035	0.650378	759.081
LLLGGLLTGLLTGLLYGLILI	LLLTGLLTGLLTGLLYGLILI	463.961	463.687	0.491566	0.338931	747.845
LLLTGLLTGLLTGLLYGLILI	LLLGGLLTGLLTGLLYGLILI	463.687	464.051	0.338931	0.491566	736.272
LLLGGLLTGLLTGLLYGLILI	LLLTGLLTGLLTGLLYGLILI	464.051	463.687	0.491566	0.338931	712.142
LLLTGLLTGLLTGLLYGLILI	LLLYGLLTGLLTGLLYGLILI	463.791	463.771	0.443059	0.379341	699.602
LLLYGLLTGLLTGLLYGLILI	LLLYGLLYGLLTGLLYGLILI	463.63	465.798	0.238039	0.654392	686.76
LLLYGLLYGLLTGLLYGLILI	LLLYGLLYGLLTGLLTGLILI	465.798	465.243	0.654392	0.238039	673.628
LLLYGLLYGLLTGLLTGLILI	LLLYGLLTGLLTGLLTGLILI	465.384	463.69	0.379341	0.443059	660.222
LLLYGLLTGLLTGLLTGLILI	LLLYGLLTGLLTGLLFGLILI	464.251	463.668	1.0043	0.119894	646.557
LLLYGLLTGLLTGLLFGLILI	LLLYGLLTGLLTGLLTGLILI	463.668	464.251	0.119894	1.0043	632.651
LLLYGLLTGLLTGLLTGLILI	LLLYGLLTGLLTGLLFGLILI	464.251	463.759	1.0043	0.119894	589.688
LLLYGLLTGLLTGLLFGLILI	LLLYGLLTGLLTGLLTGLILI	463.759	464.251	0.119894	1.0043	575.025
LLLYGLLTGLLTGLLTGLILI	LLLTGLLTGLLTGLLTGLILI	463.418	464.019	0.171816	0.816184	560.23
LLLTGLLTGLLTGLLTGLILI	LLLTGLLTGLLTGLLYGLILI	464.019	463.52	0.816184	0.171816	545.329
LLLTGLLTGLLTGLLYGLILI	LLLYGLLTGLLTGLLYGLILI	463.791	463.771	0.443059	0.379341	530.348
LLLYGLLTGLLTGLLYGLILI	LLLYGLLTGLLTGLLTGLILI	463.771	463.69	0.379341	0.443059	515.312
LLLYGLLTGLLTGLLTGLILI	LLLYGLLTGLLTGLLYGLILI	463.69	463.771	0.443059	0.379341	500.25
LLLYGLLTGLLTGLLYGLILI	LLLYGLLTGLLTGLLFGLILI	464.345	463.681	0.952787	0.132101	485.188
LLLYGLLTGLLTGLLFGLILI	LLLYGLLTGLLTGLLTGLILI	463.668	464.251	0.119894	1.0043	470.152
LLLYGLLTGLLTGLLTGLILI	LLLTGLLTGLLTGLLTGLILI	463.418	464.019	0.171816	0.816184	455.171
LLLTGLLTGLLTGLLTGLILI	LLLYGLLTGLLTGLLTGLILI	464.019	463.418	0.816184	0.171816	425.475
LLLYGLLTGLLTGLLTGLILI	LLLTGLLTGLLTGLLTGLILI	463.418	464.019	0.171816	0.816184	396.304
LLLTGLLTGLLTGLLTGLILI	LLLTGLLTGLLTGLLYGLILI	464.019	463.52	0.816184	0.171816	381.976
LLLTGLLTGLLTGLLYGLILI	LLLYGLLTGLLTGLLYGLILI	463.791	463.771	0.443059	0.379341	367.849
LLLYGLLTGLLTGLLYGLILI	LLLYGLLTGLLTGLLTGLILI	463.771	463.69	0.379341	0.443059	353.943
LLLYGLLTGLLTGLLTGLILI	LLLTGLLTGLLTGLLTGLILI	463.418	464.019	0.171816	0.816184	340.278
LLLTGLLTGLLTGLLTGLILI	LLLYGLLTGLLTGLLTGLILI	464.019	463.418	0.816184	0.171816	326.872
LLLYGLLTGLLTGLLTGLILI	LLLYGLLTGLLFGLLTGLILI	464.251	465.17	1.0043	0.119894	313.74
LLLYGLLTGLLFGLLTGLILI	LLLYGLLTGLLFGLLFGLILI	465.589	465.069	0.538845	0.30482	300.898
LLLYGLLTGLLFGLLFGLILI	LLLYGLLTGLLTGLLFGLILI	465.069	464.087	0.30482	0.538845	288.358
LLLYGLLTGLLTGLLFGLILI	LLLTGLLTGLLTGLLFGLILI	463.768	464.298	0.219549	0.693609	252.655
LLLTGLLTGLLTGLLFGLILI	LLLYGLLTGLLTGLLFGLILI	464.298	463.859	0.693609	0.219549	241.419
LLLYGLLTGLLTGLLFGLILI	LLLYGLLTGLLTGLLTGLILI	463.759	464.251	0.119894	1.0043	230.526
LLLYGLLTGLLTGLLTGLILI	LLLYGLLTGLLTGLLFGLILI	464.251	463.759	1.0043	0.119894	219.977
LLLYGLLTGLLTGLLFGLILI	LLLYGLLTGLLTGLLTGLILI	463.759	464.251	0.119894	1.0043	190.417
LLLYGLLTGLLTGLLTGLILI	LLLYGLLTGLLTGLLFGLILI	464.251	463.668	1.0043	0.119894	172.439
LLLYGLLTGLLTGLLFGLILI	LLLYGLLTGLLTGLLTGLILI	463.668	464.251	0.119894	1.0043	155.814
LLLYGLLTGLLTGLLTGLILI	LLLYGLLTGLLTGLLFGLILI	464.251	463.759	1.0043	0.119894	147.996
LLLYGLLTGLLTGLLFGLILI	LLLTGLLTGLLTGLLFGLILI	463.859	464.198	0.219549	0.693609	140.501
LLLTGLLTGLLTGLLFGLILI	LLLYGLLTGLLTGLLFGLILI	464.198	463.859	0.693609	0.219549	133.321
LLLYGLLTGLLTGLLFGLILI	LLLTGLLTGLLTGLLFGLILI	463.859	464.298	0.219549	0.693609	126.449
LLLTGLLTGLLTGLLFGLILI	LLLGGLLTGLLTGLLFGLILI	463.943	464.118	0.338931	0.491566	119.877
LLLGGLLTGLLTGLLFGLILI	LLLTGLLTGLLTGLLFGLILI	464.118	463.843	0.491566	0.338931	107.601
LLLTGLLTGLLTGLLFGLILI	LLLTGLLTGLLTGLLYGLILI	463.744	463.998	0.240035	0.650378	86.2728
LLLTGLLTGLLTGLLYGLILI	LLLTGLLTGLLTGLLFGLILI	463.998	463.844	0.650378	0.240035	81.5606
LLLTGLLTGLLTGLLFGLILI	LLLYGLLTGLLTGLLFGLILI	464.298	463.768	0.693609	0.219549	77.0783
LLLYGLLTGLLTGLLFGLILI	LLLTGLLTGLLTGLLFGLILI	463.768	464.198	0.219549	0.693609	61.271
LLLTGLLTGLLTGLLFGLILI	LLLYGLLTGLLTGLLFGLILI	464.198	463.768	0.693609	0.219549	57.8066
Time: 166s
