***STARTING GEOMETRY:***
xShift: 8.2
crossingAngle: 26.19
axialRotation: 100
zShift: 2.2

Number of MCCycles: 100
PrevSequence	CurrSequence	PrevEnergy	CurrEnergy	PrevEntropy	CurrEntropy	CurrentTemp
LLLYALLYLLTSLTFLLLILI	LLLYALLYLLTALTFLLLILI	-25.0139	-24.6583	0.404229	0.416521	999.684
LLLYALLYLLTALTFLLLILI	LLLYALLFLLTALTFLLLILI	-24.4245	-22.3423	0.650378	0.240035	999.328
LLLYALLFLLTALTFLLLILI	LLLYALLFLLTALVFLLLILI	-21.6515	-18.6574	0.930859	0.137712	998.928
LLLYALLFLLTALVFLLLILI	LLLYGLLFLLTALVFLLLILI	-18.3313	-18.3571	0.463748	0.36136	998.476
LLLYGLLFLLTALVFLLLILI	LLLYGLLFLLTALVYLLLILI	-18.4784	-17.0388	0.240035	0.650378	997.967
LLLYGLLFLLTALVYLLLILI	LLLYGLLYLLTALVYLLLILI	-17.5979	-19.1314	0.0912572	1.15198	997.394
LLLYGLLYLLTALVYLLLILI	LLLYGLLWLLTALVYLLLILI	-19.6922	-18.7706	0.591129	0.272043	996.749
LLLYGLLWLLTALVYLLLILI	LLLYGLLWLLTALTYLLLILI	-18.9049	-21.9347	0.137712	0.930859	996.023
LLLYGLLWLLTALTYLLLILI	LLLYGLLWLLTGLTYLLLILI	-22.7115	-20.5679	0.154044	0.872342	995.205
LLLYGLLWLLTGLTYLLLILI	LLLYGLLWLLTALTYLLLILI	-20.5679	-22.7115	0.872342	0.154044	994.285
LLLYGLLWLLTALTYLLLILI	LLLYGLLWLLTSLTYLLLILI	-22.6214	-22.6334	0.244161	0.642213	993.249
LLLYGLLWLLTSLTYLLLILI	LLLYGLLWLLTALTYLLLILI	-22.6334	-22.5638	0.642213	0.244161	992.084
LLLYGLLWLLTALTYLLLILI	LLLYGLLWLLTALTFLLLILI	-21.8551	-22.6826	0.952787	0.132101	990.773
LLLYGLLWLLTALTFLLLILI	LLLYGLLWLLTALTYLLLILI	-22.6826	-21.9128	0.132101	0.952787	989.3
LLLYGLLWLLTALTYLLLILI	LLLYGLLYLLTALTYLLLILI	-22.5935	-23.6086	0.272043	0.591129	987.644
LLLYGLLYLLTALTYLLLILI	LLLYGLLWLLTALTYLLLILI	-23.6086	-22.5397	0.591129	0.272043	985.783
LLLYGLLWLLTALTYLLLILI	LLLYGLLWLLTGLTYLLLILI	-22.6577	-20.7574	0.154044	0.872342	983.694
LLLYGLLWLLTGLTYLLLILI	LLLYGLLWLLTGLTFLLLILI	-20.6769	-21.9958	0.952787	0.132101	981.348
LLLYGLLWLLTGLTFLLLILI	LLLYGLLWLLTALTFLLLILI	-21.2555	-23.2585	0.872342	0.154044	978.717
LLLYGLLWLLTALTFLLLILI	LLLYGLLWLLTALTYLLLILI	-23.2805	-21.8551	0.132101	0.952787	975.768
LLLYGLLWLLTALTYLLLILI	LLLFGLLWLLTALTYLLLILI	-21.8551	-20.8157	0.952787	0.132101	972.463
LLLFGLLWLLTALTYLLLILI	LLLYGLLWLLTALTYLLLILI	-20.8157	-21.8589	0.132101	0.952787	968.764
LLLYGLLWLLTALTYLLLILI	LLLFGLLWLLTALTYLLLILI	-21.8589	-20.8119	0.952787	0.132101	964.627
LLLFGLLWLLTALTYLLLILI	LLLFGLLYLLTALTYLLLILI	-20.5719	-21.8176	0.372136	0.451187	960.005
LLLFGLLYLLTALTYLLLILI	LLLFGLLYLLTALVYLLLILI	-21.3379	-18.366	0.930859	0.137712	954.846
LLLFGLLYLLTALVYLLLILI	LLLFGLLYLLTALVFLLLILI	-17.8533	-19.1656	0.650378	0.240035	949.095
LLLFGLLYLLTALVFLLLILI	LLLYGLLYLLTALVFLLLILI	-19.1656	-19.9057	0.240035	0.650378	942.693
LLLYGLLYLLTALVFLLLILI	LLLFGLLYLLTALVFLLLILI	-19.9057	-19.1656	0.650378	0.240035	935.578
LLLFGLLYLLTALVFLLLILI	LLLFGLLYLLTALVYLLLILI	-19.1656	-17.9449	0.240035	0.650378	927.683
LLLFGLLYLLTALVYLLLILI	LLLFGLLYLLTALTYLLLILI	-18.4576	-21.4854	0.137712	0.930859	918.939
LLLFGLLYLLTALTYLLLILI	LLLYGLLYLLTALTYLLLILI	-22.3251	-23.0477	0.0912572	1.15198	909.276
LLLYGLLYLLTALTYLLLILI	LLLYGLLWLLTALTYLLLILI	-23.6086	-22.4472	0.591129	0.272043	886.903
LLLYGLLWLLTALTYLLLILI	LLLYGLLWLLTALVYLLLILI	-21.7884	-18.8141	0.930859	0.137712	874.051
LLLYGLLWLLTALVYLLLILI	LLLYGLLWLLTALTYLLLILI	-18.8141	-21.8771	0.137712	0.930859	859.999
LLLYGLLWLLTALTYLLLILI	LLLFGLLWLLTALTYLLLILI	-21.8551	-20.8696	0.952787	0.132101	844.686
LLLFGLLWLLTALTYLLLILI	LLLFGLLYLLTALTYLLLILI	-20.6295	-21.9651	0.372136	0.451187	828.061
LLLFGLLYLLTALTYLLLILI	LLLFGLLYLLTALTFLLLILI	-21.7659	-22.9179	0.650378	0.240035	810.083
LLLFGLLYLLTALTFLLLILI	LLLFGLLYLLTALTYLLLILI	-22.9179	-21.7115	0.240035	0.650378	769.974
LLLFGLLYLLTALTYLLLILI	LLLFGLLYLLTALVYLLLILI	-21.431	-18.4576	0.930859	0.137712	747.845
LLLFGLLYLLTALVYLLLILI	LLLFGLLYLLTALVFLLLILI	-17.9449	-18.5296	0.650378	0.240035	724.369
LLLFGLLYLLTALVFLLLILI	LLLFGLLYLLTALTFLLLILI	-18.6319	-22.2271	0.137712	0.930859	699.602
LLLFGLLYLLTALTFLLLILI	LLLYGLLYLLTALTFLLLILI	-22.9179	-24.291	0.240035	0.650378	673.628
LLLYGLLYLLTALTFLLLILI	LLLYGLLWLLTALTFLLLILI	-24.4902	-22.4426	0.451187	0.372136	646.557
LLLYGLLWLLTALTFLLLILI	LLLYGLLYLLTALTFLLLILI	-22.4426	-24.4902	0.372136	0.451187	618.524
LLLYGLLYLLTALTFLLLILI	LLLYGLLYLLTALTYLLLILI	-24.8501	-22.9895	0.0912572	1.15198	589.688
LLLYGLLYLLTALTYLLLILI	LLLYGLLWLLTALTYLLLILI	-23.5503	-22.5359	0.591129	0.272043	560.23
LLLYGLLWLLTALTYLLLILI	LLLYGLLWLLTALTFLLLILI	-21.8551	-22.6795	0.952787	0.132101	530.348
LLLYGLLWLLTALTFLLLILI	LLLYGLLYLLTALTFLLLILI	-22.4395	-23.8917	0.372136	0.451187	500.25
LLLYGLLYLLTALTFLLLILI	LLLYGLLYLLTSLTFLLLILI	-24.0987	-24.4895	0.244161	0.642213	470.152
LLLYGLLYLLTSLTFLLLILI	LLLYGLLYLLTALTFLLLILI	-24.4895	-24.6972	0.642213	0.244161	440.27
LLLYGLLYLLTALTFLLLILI	LLLYGLLYLLTSLTFLLLILI	-24.6972	-24.4895	0.244161	0.642213	381.976
LLLYGLLYLLTSLTFLLLILI	LLLYGLLYLLTALTFLLLILI	-24.4895	-24.6972	0.642213	0.244161	353.943
LLLYGLLYLLTALTFLLLILI	LLLYGLLWLLTALTFLLLILI	-24.4902	-23.0404	0.451187	0.372136	326.872
LLLYGLLWLLTALTFLLLILI	LLLYGLLYLLTALTFLLLILI	-23.0404	-24.4902	0.372136	0.451187	300.898
Time: 231s
