***STARTING GEOMETRY:***
xShift: 8.31355
crossingAngle: -34.586
axialRotation: 51.3664
zShift: 5.18099

Number of MCCycles: 100
PrevSequence	CurrSequence	PrevEnergy	CurrEnergy	PrevEntropy	CurrEntropy	CurrentTemp
LLLGLLTGLLTTLLTTLLILI	LLLGLLTGLLTVLLTTLLILI	-14.5535	-15.9999	1.39457	0.0589809	999.684
LLLGLLTGLLTVLLTTLLILI	LLLGLLTGLLTVLLVTLLILI	-15.128	-15.0656	0.930859	0.137712	999.328
LLLGLLTGLLTVLLVTLLILI	LLLGLLVGLLTVLLVTLLILI	-14.5711	-11.5096	0.632162	0.249358	998.928
LLLGLLVGLLTVLLVTLLILI	LLLGLLTGLLTVLLVTLLILI	-11.5096	-14.6038	0.249358	0.632162	998.476
LLLGLLTGLLTVLLVTLLILI	LLLGLLTALLTVLLVTLLILI	-14.3636	-14.6127	0.872342	0.154044	997.967
LLLGLLTALLTVLLVTLLILI	LLLGLLTALLTTLLVTLLILI	-14.629	-18.6953	0.137712	0.930859	997.394
LLLGLLTALLTTLLVTLLILI	LLLGLLTGLLTTLLVTLLILI	-19.4721	-19.1941	0.154044	0.872342	996.749
LLLGLLTGLLTTLLVTLLILI	LLLGLLTGLLTTLLTTLLILI	-20.0075	-21.7565	0.0589809	1.39457	996.023
LLLGLLTGLLTTLLTTLLILI	LLLGLLTGLLYTLLTTLLILI	-22.2334	-24.9227	0.917682	0.141213	995.205
LLLGLLTGLLYTLLTTLLILI	LLLGLLTGLLYTLLTFLLILI	-23.9171	-23.3554	1.14683	0.0921195	994.285
LLLGLLTGLLYTLLTFLLILI	LLLGLLTGLLYTLLTTLLILI	-23.3554	-24.2336	0.0921195	1.14683	993.249
LLLGLLTGLLYTLLTTLLILI	LLLGLLTGLLYTLLTFLLILI	-24.2336	-23.3554	1.14683	0.0921195	990.773
LLLGLLTGLLYTLLTFLLILI	LLLGLLTGLLYTLLTTLLILI	-23.3554	-24.2005	0.0921195	1.14683	989.3
LLLGLLTGLLYTLLTTLLILI	LLLGLLTGLLFTLLTTLLILI	-24.697	-23.6703	0.650378	0.240035	985.783
LLLGLLTGLLFTLLTTLLILI	LLLGLLTGLLYTLLTTLLILI	-23.6703	-24.0925	0.240035	0.650378	983.694
LLLGLLTGLLYTLLTTLLILI	LLLGLLTGLLYTLLTFLLILI	-23.596	-23.955	1.14683	0.0921195	981.348
LLLGLLTGLLYTLLTFLLILI	LLLGLLTGLLYTLLTTLLILI	-23.955	-24.2336	0.0921195	1.14683	978.717
LLLGLLTGLLYTLLTTLLILI	LLLGLLTGLLYTLLTFLLILI	-24.2336	-23.955	1.14683	0.0921195	975.768
LLLGLLTGLLYTLLTFLLILI	LLLGLLTGLLFTLLTFLLILI	-23.6368	-22.2084	0.410343	0.410343	968.764
LLLGLLTGLLFTLLTFLLILI	LLLGLLTGLLYTLLTFLLILI	-22.2084	-23.6368	0.410343	0.410343	964.627
LLLGLLTGLLYTLLTFLLILI	LLLGLLTGLLYTLLTTLLILI	-23.955	-24.2005	0.0921195	1.14683	960.005
LLLGLLTGLLYTLLTTLLILI	LLLGLLTGLLYTLLTFLLILI	-24.2005	-23.3162	1.14683	0.0921195	954.846
LLLGLLTGLLYTLLTFLLILI	LLLGLLTGLLFTLLTFLLILI	-22.9979	-22.2084	0.410343	0.410343	942.693
LLLGLLTGLLFTLLTFLLILI	LLLGLLTGLLFTLLTTLLILI	-22.4469	-23.0942	0.171816	0.816184	927.683
LLLGLLTGLLFTLLTTLLILI	LLLGLLTGLLFTLLTFLLILI	-23.0942	-22.4077	0.816184	0.171816	918.939
LLLGLLTGLLFTLLTFLLILI	LLLGLLTGLLYTLLTFLLILI	-22.1692	-23.676	0.410343	0.410343	909.276
LLLGLLTGLLYTLLTFLLILI	LLLGLLTGLLYTLLTTLLILI	-23.9942	-24.2005	0.0921195	1.14683	898.621
LLLGLLTGLLYTLLTTLLILI	LLLGLLTGLLFTLLTTLLILI	-24.697	-23.6703	0.650378	0.240035	886.903
LLLGLLTGLLFTLLTTLLILI	LLLGLLTGLLYTLLTTLLILI	-23.6703	-24.0925	0.240035	0.650378	874.051
LLLGLLTGLLYTLLTTLLILI	LLLGLLTGLLFTLLTTLLILI	-24.0925	-23.6703	0.650378	0.240035	859.999
LLLGLLTGLLFTLLTTLLILI	LLLGLLTGLLFTLLTFLLILI	-23.0942	-22.4469	0.816184	0.171816	844.686
LLLGLLTGLLFTLLTFLLILI	LLLGLLTGLLYTLLTFLLILI	-22.2084	-23.6368	0.410343	0.410343	828.061
LLLGLLTGLLYTLLTFLLILI	LLLGLLTGLLFTLLTFLLILI	-23.6368	-22.2084	0.410343	0.410343	810.083
LLLGLLTGLLFTLLTFLLILI	LLLGLLTGLLYTLLTFLLILI	-22.2084	-23.676	0.410343	0.410343	790.724
LLLGLLTGLLYTLLTFLLILI	LLLGLLTGLLFTLLTFLLILI	-23.676	-22.1692	0.410343	0.410343	769.974
LLLGLLTGLLFTLLTFLLILI	LLLGLLTGLLYTLLTFLLILI	-22.1692	-23.6368	0.410343	0.410343	747.845
LLLGLLTGLLYTLLTFLLILI	LLLGLLTGLLFTLLTFLLILI	-23.6368	-22.2084	0.410343	0.410343	724.369
LLLGLLTGLLFTLLTFLLILI	LLLGLLTGLLYTLLTFLLILI	-22.2084	-23.676	0.410343	0.410343	699.602
LLLGLLTGLLYTLLTFLLILI	LLLGLLTGLLFTLLTFLLILI	-23.676	-22.2084	0.410343	0.410343	673.628
LLLGLLTGLLFTLLTFLLILI	LLLGLLTGLLYTLLTFLLILI	-22.2084	-23.676	0.410343	0.410343	646.557
LLLGLLTGLLYTLLTFLLILI	LLLGLLTGLLYTLLTTLLILI	-23.9942	-24.2336	0.0921195	1.14683	589.688
LLLGLLTGLLYTLLTTLLILI	LLLGLLTGLLYTLLTFLLILI	-24.2336	-23.955	1.14683	0.0921195	560.23
LLLGLLTGLLYTLLTFLLILI	LLLGLLTGLLYTLLTTLLILI	-23.955	-23.9171	0.0921195	1.14683	530.348
LLLGLLTGLLYTLLTTLLILI	LLLGLLLGLLYTLLTTLLILI	-23.8796	-19.9594	1.18439	0.0860236	500.25
LLLGLLLGLLYTLLTTLLILI	LLLGLLLGLLYTLLTFLLILI	-19.0411	-18.1171	1.0043	0.119894	470.152
LLLGLLLGLLYTLLTFLLILI	LLLGLLLGLLYTLLTTLLILI	-18.1171	-19.4606	0.119894	1.0043	440.27
LLLGLLLGLLYTLLTTLLILI	LLLGLLLGLLYTLLTFLLILI	-19.4606	-18.6633	1.0043	0.119894	410.812
LLLGLLLGLLYTLLTFLLILI	LLLGLLLGLLYTLLTTLLILI	-18.6633	-18.6629	0.119894	1.0043	381.976
LLLGLLLGLLYTLLTTLLILI	LLLGLLLGLLYTLLTFLLILI	-18.6629	-19.0449	1.0043	0.119894	353.943
LLLGLLLGLLYTLLTFLLILI	LLLGLLTGLLYTLLTFLLILI	-19.0526	-23.007	0.112128	1.04019	326.872
LLLGLLTGLLYTLLTFLLILI	LLLGLLTGLLYTLLTTLLILI	-23.955	-24.2336	0.0921195	1.14683	300.898
LLLGLLTGLLYTLLTTLLILI	LLLGLLTGLLYTLLTFLLILI	-24.2336	-23.3554	1.14683	0.0921195	252.655
LLLGLLTGLLYTLLTFLLILI	LLLGLLTGLLYTLLTTLLILI	-23.3554	-23.596	0.0921195	1.14683	209.776
LLLGLLTGLLYTLLTTLLILI	LLLGLLTGLLYTLLTFLLILI	-23.596	-23.955	1.14683	0.0921195	190.417
LLLGLLTGLLYTLLTFLLILI	LLLGLLTGLLYTLLTTLLILI	-23.955	-24.2336	0.0921195	1.14683	155.814
LLLGLLTGLLYTLLTTLLILI	LLLGLLTGLLYTLLTFLLILI	-24.2336	-23.9942	1.14683	0.0921195	140.501
LLLGLLTGLLYTLLTFLLILI	LLLGLLTGLLYTLLTTLLILI	-23.9942	-24.2336	0.0921195	1.14683	91.2238
Time: 225s
