***STARTING GEOMETRY:***
xShift: 8.17299
crossingAngle: -38.99
axialRotation: -6.40786
zShift: 2.374

Number of MCCycles: 200
PrevSequence	CurrSequence	PrevEnergy	CurrEnergy	PrevEntropy	CurrEntropy	CurrentTemp
LLLGYLLTGLLTGLLTTLILI	LLLGYLLTGLLYGLLTTLILI	-6.49125	-6.84814	0.538845	0.30482	999.847
LLLGYLLTGLLYGLLTTLILI	LLLYYLLTGLLYGLLTTLILI	-6.88349	-7.259	0.269472	0.595564	999.684
LLLYYLLTGLLYGLLTTLILI	LLLGYLLTGLLYGLLTTLILI	-7.259	-6.88349	0.595564	0.269472	999.512
LLLGYLLTGLLYGLLTTLILI	LLLGYLLTGLLTGLLTTLILI	-6.84814	-7.8717	0.30482	0.538845	999.328
LLLGYLLTGLLTGLLTTLILI	LLLYYLLTGLLTGLLTTLILI	-8.04167	-8.69048	0.368877	0.454934	998.928
LLLYYLLTGLLTGLLTTLILI	LLLGYLLTGLLTGLLTTLILI	-8.69048	-8.00346	0.454934	0.368877	998.708
LLLGYLLTGLLTGLLTTLILI	LLLGYLLTGLLYGLLTTLILI	-7.83349	-6.84814	0.538845	0.30482	998.229
LLLGYLLTGLLYGLLTTLILI	LLLYYLLTGLLYGLLTTLILI	-6.88349	-7.297	0.269472	0.595564	997.967
LLLYYLLTGLLYGLLTTLILI	LLLYYLLTGLLTGLLTTLILI	-7.47921	-8.70019	0.413356	0.407346	997.689
LLLYYLLTGLLTGLLTTLILI	LLLGYLLTGLLTGLLTTLILI	-8.6526	-8.04167	0.454934	0.368877	997.081
LLLGYLLTGLLTGLLTTLILI	LLLGYLLTGLLTGLLTSLILI	-7.40955	-4.34984	1.001	0.120637	996.749
LLLGYLLTGLLTGLLTSLILI	LLLYYLLTGLLTGLLTSLILI	-4.1016	-4.75041	0.368877	0.454934	996.397
LLLYYLLTGLLTGLLTSLILI	LLLYYLLTGLLTGLLTTLILI	-5.08471	-5.1993	0.120637	1.001	996.023
LLLYYLLTGLLTGLLTTLILI	LLLYYLLTGLLTGLLTSLILI	-5.1993	-5.08471	1.001	0.120637	995.626
LLLYYLLTGLLTGLLTSLILI	LLLGYLLTGLLTGLLTSLILI	-4.75041	-4.1016	0.454934	0.368877	995.205
LLLGYLLTGLLTGLLTSLILI	LLLGYLLTGLLYGLLTSLILI	-4.02742	-2.78787	0.443059	0.379341	994.758
LLLGYLLTGLLYGLLTSLILI	LLLGYLLTGLLYGLLTTLILI	-3.01127	-5.76781	0.155943	0.865998	994.285
LLLGYLLTGLLYGLLTTLILI	LLLYYLLTGLLYGLLTTLILI	-6.36433	-6.81674	0.269472	0.595564	993.782
LLLYYLLTGLLYGLLTTLILI	LLLYYLLTGLLYGLLITLILI	-6.3042	-2.9034	1.10811	0.098896	993.249
LLLYYLLTGLLYGLLITLILI	LLLYYLLTGLLTGLLITLILI	-2.49725	-1.84945	0.505042	0.328724	992.683
LLLYYLLTGLLTGLLITLILI	LLLYYLLIGLLTGLLITLILI	-1.39569	1.95844	0.782479	0.183612	992.084
LLLYYLLIGLLTGLLITLILI	LLLYYLLIGLLTGLLTTLILI	1.95844	0.783987	0.183612	0.782479	991.448
LLLYYLLIGLLTGLLTTLILI	LLLYYLLIGLLVGLLTTLILI	1.12996	1.22515	1.12845	0.0952708	990.773
LLLYYLLIGLLVGLLTTLILI	LLLYYLLIGLLVGLLTALILI	2.12087	5.60941	0.990994	0.122923	990.058
LLLYYLLIGLLVGLLTALILI	LLLYYLLIGLLTGLLTALILI	5.6242	2.8217	0.137712	0.930859	989.3
LLLYYLLIGLLTGLLTALILI	LLLYYLLIGLLTGLLTTLILI	1.97555	1.23388	0.0847157	1.19282	988.496
LLLYYLLIGLLTGLLTTLILI	LLLYYLLIGLLVGLLTTLILI	1.16951	1.22571	1.12845	0.0952708	987.644
LLLYYLLIGLLVGLLTTLILI	LLLYYLLTGLLVGLLTTLILI	1.22934	-1.61725	0.098896	1.10811	986.74
LLLYYLLTGLLVGLLTTLILI	LLLYYLLTGLLVGLLTSLILI	-1.85936	-1.57421	0.865998	0.155943	985.783
LLLYYLLTGLLVGLLTSLILI	LLLYYLLTGLLVGLLTTLILI	-1.57421	-1.85706	0.155943	0.865998	984.769
LLLYYLLTGLLVGLLTTLILI	LLLYYLLTGLLTGLLTTLILI	-2.65021	-4.68808	0.0728516	1.27634	983.694
LLLYYLLTGLLTGLLTTLILI	LLLYYLLTGLLVGLLTTLILI	-4.68808	-5.08102	1.27634	0.0728516	982.555
LLLYYLLTGLLVGLLTTLILI	LLLGYLLTGLLVGLLTTLILI	-4.69893	-1.62258	0.454934	0.368877	981.348
LLLGYLLTGLLVGLLTTLILI	LLLGYLLTGLLVGLLITLILI	-0.88335	-0.156523	1.10811	0.098896	980.071
LLLGYLLTGLLVGLLITLILI	LLLYYLLTGLLVGLLITLILI	0.113459	-0.496508	0.368877	0.454934	978.717
LLLYYLLTGLLVGLLITLILI	LLLYYLLTGLLVGLLISLILI	-0.260618	2.1723	0.690823	0.220804	977.285
LLLYYLLTGLLVGLLISLILI	LLLYYLLTGLLVGLLITLILI	2.1723	1.98137	0.220804	0.690823	975.768
LLLYYLLTGLLVGLLITLILI	LLLYYLLTGLLVGLLISLILI	1.98137	2.1723	0.690823	0.220804	974.162
LLLYYLLTGLLVGLLISLILI	LLLYYLLTGLLVGLLITLILI	2.1723	-0.298494	0.220804	0.690823	972.463
LLLYYLLTGLLVGLLITLILI	LLLYYLLTGLLTGLLITLILI	-0.894047	-3.33501	0.0952708	1.12845	970.666
LLLYYLLTGLLTGLLITLILI	LLLYYLLTGLLTGLLYTLILI	-4.38851	-6.16796	0.0749593	1.26049	968.764
LLLYYLLTGLLTGLLYTLILI	LLLYYLLTGLLTGLLTTLILI	-7.01509	-5.79295	0.413356	0.407346	966.754
LLLYYLLTGLLTGLLTTLILI	LLLYYLLTGLLTGLLTSLILI	-5.1993	-5.08471	1.001	0.120637	964.627
LLLYYLLTGLLTGLLTSLILI	LLLYYLLTGLLTGLLTTLILI	-5.08471	-5.1993	0.120637	1.001	962.38
LLLYYLLTGLLTGLLTTLILI	LLLTYLLTGLLTGLLTTLILI	-5.94515	-7.31736	0.255144	0.62127	960.005
LLLTYLLTGLLTGLLTTLILI	LLLGYLLTGLLTGLLTTLILI	-7.26003	-7.70801	0.678597	0.226415	957.496
LLLGYLLTGLLTGLLTTLILI	LLLGGLLTGLLTGLLTTLILI	-7.72117	-0.801539	0.213262	0.707856	952.048
LLLGGLLTGLLTGLLTTLILI	LLLGGLLTGLLYGLLTTLILI	-0.693211	-0.024436	0.816184	0.171816	949.095
LLLGGLLTGLLYGLLTTLILI	LLLYGLLTGLLYGLLTTLILI	0.257714	-0.812406	0.453966	0.369715	945.979
LLLYGLLTGLLYGLLTTLILI	LLLYGLLTGLLTGLLTTLILI	-0.8773	-1.97312	0.30482	0.538845	942.693
LLLYGLLTGLLTGLLTTLILI	LLLYGLLTGLLYGLLTTLILI	-1.97312	-0.898114	0.538845	0.30482	939.229
LLLYGLLTGLLYGLLTTLILI	LLLYGLLTGLLYGLLVTLILI	-0.0744815	3.03689	1.12845	0.0952708	935.578
LLLYGLLTGLLYGLLVTLILI	LLLGGLLTGLLYGLLVTLILI	3.31133	6.62244	0.369715	0.453966	931.732
LLLGGLLTGLLYGLLVTLILI	LLLGGLLTGLLYGLLVSLILI	6.8593	7.05484	0.690823	0.220804	927.683
LLLGGLLTGLLYGLLVSLILI	LLLGGLLTGLLYGLLTSLILI	6.97175	4.20176	0.137712	0.930859	923.422
LLLGGLLTGLLYGLLTSLILI	LLLGGLLTGLLTGLLTSLILI	3.49045	2.6476	0.219549	0.693609	918.939
LLLGGLLTGLLTGLLTSLILI	LLLGGLLTGLLTGLLYSLILI	2.6476	4.75095	0.693609	0.219549	914.227
LLLGGLLTGLLTGLLYSLILI	LLLGGLLTGLLTGLLYTLILI	4.68734	4.83112	0.155943	0.865998	909.276
LLLGGLLTGLLTGLLYTLILI	LLLYGLLTGLLTGLLYTLILI	4.41909	1.05332	0.453966	0.369715	904.077
LLLYGLLTGLLTGLLYTLILI	LLLYYLLTGLLTGLLYTLILI	0.953073	-2.36386	0.269472	0.595564	898.621
LLLYYLLTGLLTGLLYTLILI	LLLYYLLTGLLTGLLYSLILI	-2.09343	-2.43346	0.865998	0.155943	892.899
LLLYYLLTGLLTGLLYSLILI	LLLYYLLTGLLTGLLYTLILI	-2.43346	-4.12019	0.155943	0.865998	886.903
LLLYYLLTGLLTGLLYTLILI	LLLWYLLTGLLTGLLYTLILI	-4.39506	-4.10851	0.591129	0.272043	880.623
LLLWYLLTGLLTGLLYTLILI	LLLYYLLTGLLTGLLYTLILI	-4.10851	-4.89299	0.272043	0.591129	874.051
LLLYYLLTGLLTGLLYTLILI	LLLGYLLTGLLTGLLYTLILI	-4.88855	-3.98291	0.595564	0.269472	867.179
LLLGYLLTGLLTGLLYTLILI	LLLYYLLTGLLTGLLYTLILI	-3.98291	-4.87763	0.269472	0.595564	859.999
LLLYYLLTGLLTGLLYTLILI	LLLYYLLTGLLTGLLTTLILI	-5.05983	-8.26195	0.413356	0.407346	844.686
LLLYYLLTGLLTGLLTTLILI	LLLYYLLTGLLYGLLTTLILI	-8.26195	-6.99838	0.407346	0.413356	836.541
LLLYYLLTGLLYGLLTTLILI	LLLGYLLTGLLYGLLTTLILI	-6.81618	-6.3649	0.595564	0.269472	828.061
LLLGYLLTGLLYGLLTTLILI	LLLYYLLTGLLYGLLTTLILI	-6.3649	-6.77817	0.269472	0.595564	819.243
LLLYYLLTGLLYGLLTTLILI	LLLTYLLTGLLYGLLTTLILI	-6.96038	-6.2392	0.413356	0.407346	810.083
LLLTYLLTGLLYGLLTTLILI	LLLYYLLTGLLYGLLTTLILI	-6.2392	-6.96038	0.407346	0.413356	800.577
LLLYYLLTGLLYGLLTTLILI	LLLGYLLTGLLYGLLTTLILI	-6.77817	-6.3649	0.595564	0.269472	790.724
LLLGYLLTGLLYGLLTTLILI	LLLGYLLTGLLYGLLVTLILI	-5.50591	-2.39398	1.12845	0.0952708	780.523
LLLGYLLTGLLYGLLVTLILI	LLLGYLLTGLLTGLLVTLILI	-2.10991	-3.36535	0.379341	0.443059	759.081
LLLGYLLTGLLTGLLVTLILI	LLLGYLLTGLLFGLLVTLILI	-2.80411	-0.285669	1.0043	0.119894	747.845
LLLGYLLTGLLFGLLVTLILI	LLLYYLLTGLLFGLLVTLILI	-0.0366863	1.53396	0.368877	0.454934	736.272
LLLYYLLTGLLFGLLVTLILI	LLLYYLLTGLLTGLLVTLILI	1.19892	-1.35562	0.119894	1.0043	724.369
LLLYYLLTGLLTGLLVTLILI	LLLTYLLTGLLTGLLVTLILI	-2.0551	-3.27384	0.30482	0.538845	712.142
LLLTYLLTGLLTGLLVTLILI	LLLYYLLTGLLTGLLVTLILI	-3.27384	-4.2761	0.538845	0.30482	699.602
LLLYYLLTGLLTGLLVTLILI	LLLYYLLTGLLYGLLVTLILI	-4.2522	-2.76215	0.328724	0.505042	686.76
LLLYYLLTGLLYGLLVTLILI	LLLYYLLTGLLYGLLTTLILI	-3.17192	-6.24528	0.0952708	1.12845	673.628
LLLYYLLTGLLYGLLTTLILI	LLLYYLLTGLLTGLLTTLILI	-6.96038	-5.75507	0.413356	0.407346	646.557
LLLYYLLTGLLTGLLTTLILI	LLLYYLLTGLLTGLLTSLILI	-5.16142	-5.08471	1.001	0.120637	632.651
LLLYYLLTGLLTGLLTSLILI	LLLYYLLTGLLTGLLTTLILI	-5.08471	-5.1993	0.120637	1.001	618.524
LLLYYLLTGLLTGLLTTLILI	LLLYYLLTGLLYGLLTTLILI	-5.79295	-6.99838	0.407346	0.413356	604.196
LLLYYLLTGLLYGLLTTLILI	LLLYYLLTGLLTGLLTTLILI	-6.99838	-8.22351	0.413356	0.407346	589.688
LLLYYLLTGLLTGLLTTLILI	LLLTYLLTGLLTGLLTTLILI	-8.37571	-7.27923	0.255144	0.62127	575.025
LLLTYLLTGLLTGLLTTLILI	LLLYYLLTGLLTGLLTTLILI	-7.27923	-8.37627	0.62127	0.255144	560.23
LLLYYLLTGLLTGLLTTLILI	LLLYYLLTGLLYGLLTTLILI	-8.22407	-6.99895	0.407346	0.413356	545.329
LLLYYLLTGLLYGLLTTLILI	LLLGYLLTGLLYGLLTTLILI	-6.81674	-6.36433	0.595564	0.269472	530.348
LLLGYLLTGLLYGLLTTLILI	LLLYYLLTGLLYGLLTTLILI	-6.36433	-6.81618	0.269472	0.595564	485.188
LLLYYLLTGLLYGLLTTLILI	LLLYYLLTGLLTGLLTTLILI	-6.99838	-5.79295	0.413356	0.407346	455.171
LLLYYLLTGLLTGLLTTLILI	LLLYYLLTGLLTGLLTSLILI	-5.1993	-5.08471	1.001	0.120637	440.27
LLLYYLLTGLLTGLLTSLILI	LLLYYLLTGLLTGLLTTLILI	-5.08471	-5.1993	0.120637	1.001	410.812
LLLYYLLTGLLTGLLTTLILI	LLLYYLLTGLLTGLLTSLILI	-5.1993	-5.04683	1.001	0.120637	396.304
LLLYYLLTGLLTGLLTSLILI	LLLGYLLTGLLTGLLTSLILI	-4.71253	-4.1016	0.454934	0.368877	381.976
LLLGYLLTGLLTGLLTSLILI	LLLGYLLTGLLTGLLTTLILI	-4.34984	-6.93343	0.120637	1.001	367.849
LLLGYLLTGLLTGLLTTLILI	LLLYYLLTGLLTGLLTTLILI	-7.56555	-5.70748	0.368877	0.454934	353.943
LLLYYLLTGLLTGLLTTLILI	LLLYYLLTGLLTGLLTSLILI	-5.16142	-5.08471	1.001	0.120637	340.278
LLLYYLLTGLLTGLLTSLILI	LLLYYLLTGLLTGLLTTLILI	-5.08471	-5.15912	0.120637	1.001	326.872
LLLYYLLTGLLTGLLTTLILI	LLLGYLLTGLLTGLLTTLILI	-5.70519	-5.09426	0.454934	0.368877	313.74
LLLGYLLTGLLTGLLTTLILI	LLLGYLLTGLLTGLLTSLILI	-4.46214	-4.34984	1.001	0.120637	300.898
LLLGYLLTGLLTGLLTSLILI	LLLGYLLTGLLTGLLTTLILI	-4.34984	-4.46443	0.120637	1.001	288.358
LLLGYLLTGLLTGLLTTLILI	LLLYYLLTGLLTGLLTTLILI	-5.09655	-8.21436	0.368877	0.454934	276.131
LLLYYLLTGLLTGLLTTLILI	LLLGYLLTGLLTGLLTTLILI	-8.21436	-7.52678	0.454934	0.368877	190.417
LLLGYLLTGLLTGLLTTLILI	LLLYYLLTGLLTGLLTTLILI	-7.52678	-8.2138	0.368877	0.454934	147.996
Time: 476s
