***STARTING GEOMETRY:***
xShift: 8.17
crossingAngle: -38.54
axialRotation: -6.89
zShift: 2.23

Number of MCCycles: 200
PrevSequence	CurrSequence	PrevEnergy	CurrEnergy	PrevEntropy	CurrEntropy	CurrentTemp
LLLGYLLTGLLTGLLTTLILI	LLLGYLLVGLLTGLLTTLILI	-5.62116	-3.85335	1.27634	0.0728516	999.847
LLLGYLLVGLLTGLLTTLILI	LLLYYLLVGLLTGLLTTLILI	-3.55732	-3.56128	0.368877	0.454934	999.684
LLLYYLLVGLLTGLLTTLILI	LLLYYLLTGLLTGLLTTLILI	-3.94336	-6.93769	0.0728516	1.27634	999.328
LLLYYLLTGLLTGLLTTLILI	LLLYYLLTGLLYGLLTTLILI	-7.80668	-6.56753	0.407346	0.413356	999.134
LLLYYLLTGLLYGLLTTLILI	LLLYYLLTGLLYGLLTSLILI	-6.11489	-2.88078	0.865998	0.155943	998.928
LLLYYLLTGLLYGLLTSLILI	LLLYYLLTGLLTGLLTSLILI	-2.53168	-3.98302	0.505042	0.328724	998.708
LLLYYLLTGLLTGLLTSLILI	LLLGYLLTGLLTGLLTSLILI	-3.85681	-3.59842	0.454934	0.368877	998.229
LLLGYLLTGLLTGLLTSLILI	LLLGYLLTGLLYGLLTSLILI	-3.52424	-2.34308	0.443059	0.379341	997.967
LLLGYLLTGLLYGLLTSLILI	LLLGYLLTGLLTGLLTSLILI	-2.34308	-3.52424	0.379341	0.443059	997.394
LLLGYLLTGLLTGLLTSLILI	LLLYYLLTGLLTGLLTSLILI	-3.59842	-3.85681	0.368877	0.454934	996.749
LLLYYLLTGLLTGLLTSLILI	LLLYYLLTGLLTGLLTTLILI	-4.19111	-4.15753	0.120637	1.001	996.397
LLLYYLLTGLLTGLLTTLILI	LLLYYLLTGLLTGLLTSLILI	-4.15753	-4.19111	1.001	0.120637	996.023
LLLYYLLTGLLTGLLTSLILI	LLLYYLLTGLLTGLLTTLILI	-4.19111	-5.63284	0.120637	1.001	995.626
LLLYYLLTGLLTGLLTTLILI	LLLYYLLTGLLTGLLYTLILI	-6.22649	-3.79495	0.407346	0.413356	994.758
LLLYYLLTGLLTGLLYTLILI	LLLYYLLTGLLTGLLTTLILI	-3.79495	-4.7856	0.413356	0.407346	994.285
LLLYYLLTGLLTGLLTTLILI	LLLYYLLTGLLTGLLTSLILI	-4.19194	-4.19111	1.001	0.120637	993.782
LLLYYLLTGLLTGLLTSLILI	LLLYYLLTGLLYGLLTSLILI	-3.98302	-2.56621	0.328724	0.505042	993.249
LLLYYLLTGLLYGLLTSLILI	LLLYYLLTGLLYGLLTTLILI	-2.91531	-3.05481	0.155943	0.865998	992.683
LLLYYLLTGLLYGLLTTLILI	LLLYYLLTGLLTGLLTTLILI	-3.50745	-4.78447	0.413356	0.407346	992.084
LLLYYLLTGLLTGLLTTLILI	LLLGYLLTGLLTGLLTTLILI	-4.73688	-4.47849	0.454934	0.368877	991.448
LLLGYLLTGLLTGLLTTLILI	LLLYYLLTGLLTGLLTTLILI	-4.47849	-4.73801	0.368877	0.454934	990.773
LLLYYLLTGLLTGLLTTLILI	LLLYYLLTGLLTGLLTSLILI	-4.19194	-4.19111	1.001	0.120637	990.058
LLLYYLLTGLLTGLLTSLILI	LLLYYLLTGLLTGLLTTLILI	-4.19111	-4.19194	0.120637	1.001	989.3
LLLYYLLTGLLTGLLTTLILI	LLLYYLLTGLLTGLLYTLILI	-4.7856	-3.79495	0.407346	0.413356	988.496
LLLYYLLTGLLTGLLYTLILI	LLLYYLLTGLLTGLLTTLILI	-3.79495	-4.78447	0.413356	0.407346	987.644
LLLYYLLTGLLTGLLTTLILI	LLLGYLLTGLLTGLLTTLILI	-4.73688	-4.47961	0.454934	0.368877	986.74
LLLGYLLTGLLTGLLTTLILI	LLLYYLLTGLLTGLLTTLILI	-4.47961	-4.73688	0.368877	0.454934	985.783
LLLYYLLTGLLTGLLTTLILI	LLLGYLLTGLLTGLLTTLILI	-4.73688	-4.51432	0.454934	0.368877	984.769
LLLGYLLTGLLTGLLTTLILI	LLLYYLLTGLLTGLLTTLILI	-4.51432	-6.1445	0.368877	0.454934	983.694
LLLYYLLTGLLTGLLTTLILI	LLLYYLLTGLLTGLLTSLILI	-5.59843	-4.19111	1.001	0.120637	982.555
LLLYYLLTGLLTGLLTSLILI	LLLYYLLTGLLTGLLYSLILI	-3.98302	-1.35435	0.328724	0.505042	981.348
LLLYYLLTGLLTGLLYSLILI	LLLYYLLTGLLTGLLYTLILI	-1.70345	-3.37559	0.155943	0.865998	980.071
LLLYYLLTGLLTGLLYTLILI	LLLYYLLTGLLTGLLTTLILI	-3.82823	-4.7856	0.413356	0.407346	978.717
LLLYYLLTGLLTGLLTTLILI	LLLGYLLTGLLTGLLTTLILI	-4.73801	-4.51319	0.454934	0.368877	977.285
LLLGYLLTGLLTGLLTTLILI	LLLGYLLVGLLTGLLTTLILI	-3.60573	-0.796336	1.27634	0.0728516	975.768
LLLGYLLVGLLTGLLTTLILI	LLLGYLLVGLLTGLLYTLILI	-0.426129	0.41741	0.443059	0.379341	974.162
LLLGYLLVGLLTGLLYTLILI	LLLGYLLVGLLTGLLTTLILI	0.41741	-1.86815	0.379341	0.443059	970.666
LLLGYLLVGLLTGLLTTLILI	LLLGGLLVGLLTGLLTTLILI	-2.09795	5.53964	0.213262	0.707856	968.764
LLLGGLLVGLLTGLLTTLILI	LLLYGLLVGLLTGLLTTLILI	5.53964	3.23399	0.707856	0.213262	966.754
LLLYGLLVGLLTGLLTTLILI	LLLYGLLVGLLTGLLTSLILI	3.88672	5.49877	0.865998	0.155943	964.627
LLLYGLLVGLLTGLLTSLILI	LLLYGLLVGLLTGLLTTLILI	5.49877	5.32762	0.155943	0.865998	962.38
LLLYGLLVGLLTGLLTTLILI	LLLYGLLVGLLVGLLTTLILI	5.26177	8.18072	0.800152	0.177314	960.005
LLLYGLLVGLLVGLLTTLILI	LLLTGLLVGLLVGLLTTLILI	8.22295	8.00027	0.219549	0.693609	957.496
LLLTGLLVGLLVGLLTTLILI	LLLTGLLVGLLVGLLTSLILI	8.17266	9.78235	0.865998	0.155943	954.846
LLLTGLLVGLLVGLLTSLILI	LLLTYLLVGLLVGLLTSLILI	10.2208	4.11256	0.594419	0.270132	952.048
LLLTYLLVGLLVGLLTSLILI	LLLYYLLVGLLVGLLTSLILI	4.17115	3.93555	0.328724	0.505042	949.095
LLLYYLLVGLLVGLLTSLILI	LLLYYLLVGLLVGLLTTLILI	3.65131	3.20533	0.220804	0.690823	945.979
LLLYYLLVGLLVGLLTTLILI	LLLYYLLTGLLVGLLTTLILI	2.69183	-0.917396	0.177314	0.800152	942.693
LLLYYLLTGLLVGLLTTLILI	LLLGYLLTGLLVGLLTTLILI	-1.26261	-1.00627	0.454934	0.368877	939.229
LLLGYLLTGLLVGLLTTLILI	LLLGYLLTGLLVGLLTSLILI	-0.509151	-0.372421	0.865998	0.155943	935.578
LLLGYLLTGLLVGLLTSLILI	LLLGYLLTGLLVGLLTTLILI	-0.372421	-0.542729	0.155943	0.865998	931.732
LLLGYLLTGLLVGLLTTLILI	LLLGYLLTGLLVGLLTSLILI	-0.542729	-0.372421	0.865998	0.155943	927.683
LLLGYLLTGLLVGLLTSLILI	LLLGYLLTGLLVGLLTTLILI	-0.372421	-0.543855	0.155943	0.865998	923.422
LLLGYLLTGLLVGLLTTLILI	LLLYYLLTGLLVGLLTTLILI	-1.04098	-2.702	0.368877	0.454934	918.939
LLLYYLLTGLLVGLLTTLILI	LLLTYLLTGLLVGLLTTLILI	-2.85211	-2.1257	0.30482	0.538845	914.227
LLLTYLLTGLLVGLLTTLILI	LLLTYLLTGLLTGLLTTLILI	-2.60557	-4.74698	0.0589809	1.39457	909.276
LLLTYLLTGLLTGLLTTLILI	LLLTYLLTGLLTGLLVTLILI	-4.74698	-1.97112	1.39457	0.0589809	904.077
LLLTYLLTGLLTGLLVTLILI	LLLGYLLTGLLTGLLVTLILI	-1.43834	-1.94145	0.591758	0.271676	898.621
LLLGYLLTGLLTGLLVTLILI	LLLYYLLTGLLTGLLVTLILI	-1.84425	-2.06824	0.368877	0.454934	892.899
LLLYYLLTGLLTGLLVTLILI	LLLYYLLVGLLTGLLVTLILI	-1.72302	3.0107	0.800152	0.177314	886.903
LLLYYLLVGLLTGLLVTLILI	LLLYYLLVGLLTGLLVSLILI	3.52421	3.57902	0.690823	0.220804	880.623
LLLYYLLVGLLTGLLVSLILI	LLLYYLLVGLLTGLLVTLILI	3.57902	3.52421	0.220804	0.690823	874.051
LLLYYLLVGLLTGLLVTLILI	LLLTYLLVGLLTGLLVTLILI	3.21273	2.49659	0.379341	0.443059	867.179
LLLTYLLVGLLTGLLVTLILI	LLLTYLLTGLLTGLLVTLILI	2.19124	0.128598	0.137712	0.930859	859.999
LLLTYLLTGLLTGLLVTLILI	LLLTYLLTGLLTGLLVSLILI	0.198739	-0.192544	1.001	0.120637	852.504
LLLTYLLTGLLTGLLVSLILI	LLLTYLLTGLLYGLLVSLILI	0.129877	1.36153	0.443059	0.379341	844.686
LLLTYLLTGLLYGLLVSLILI	LLLTYLLTGLLYGLLTSLILI	1.07746	-1.45308	0.0952708	1.12845	836.541
LLLTYLLTGLLYGLLTSLILI	LLLTYLLTGLLTGLLTSLILI	-2.27672	-3.28062	0.30482	0.538845	828.061
LLLTYLLTGLLTGLLTSLILI	LLLTYLLTGLLTGLLTTLILI	-3.72107	-3.55515	0.0983968	1.11086	819.243
LLLTYLLTGLLTGLLTTLILI	LLLTYLLVGLLTGLLTTLILI	-3.27144	-0.48903	1.39457	0.0589809	810.083
LLLTYLLVGLLTGLLTTLILI	LLLYYLLVGLLTGLLTTLILI	-0.00916562	-0.724808	0.538845	0.30482	800.577
LLLYYLLVGLLTGLLTTLILI	LLLYYLLTGLLTGLLTTLILI	-0.956777	-3.88219	0.0728516	1.27634	790.724
LLLYYLLTGLLTGLLTTLILI	LLLYYLLTGLLTGLLTSLILI	-4.15753	-4.19111	1.001	0.120637	780.523
LLLYYLLTGLLTGLLTSLILI	LLLYYLLTGLLYGLLTSLILI	-3.98302	-2.56621	0.328724	0.505042	769.974
LLLYYLLTGLLYGLLTSLILI	LLLYYLLTGLLYGLLTTLILI	-2.91531	-3.08934	0.155943	0.865998	759.081
LLLYYLLTGLLYGLLTTLILI	LLLYYLLTGLLTGLLTTLILI	-3.54199	-4.75119	0.413356	0.407346	747.845
LLLYYLLTGLLTGLLTTLILI	LLLGYLLTGLLTGLLTTLILI	-4.7036	-4.47961	0.454934	0.368877	736.272
LLLGYLLTGLLTGLLTTLILI	LLLYYLLTGLLTGLLTTLILI	-4.47961	-4.73688	0.368877	0.454934	712.142
LLLYYLLTGLLTGLLTTLILI	LLLGYLLTGLLTGLLTTLILI	-4.73688	-4.51432	0.454934	0.368877	699.602
LLLGYLLTGLLTGLLTTLILI	LLLGYLLTGLLTGLLTSLILI	-3.8822	-3.84666	1.001	0.120637	686.76
LLLGYLLTGLLTGLLTSLILI	LLLYYLLTGLLTGLLTSLILI	-3.59842	-3.85681	0.368877	0.454934	673.628
LLLYYLLTGLLTGLLTSLILI	LLLYYLLVGLLTGLLTSLILI	-3.1833	-0.0186535	1.12845	0.0952708	660.222
LLLYYLLVGLLTGLLTSLILI	LLLGYLLVGLLTGLLTSLILI	0.34101	0.344963	0.454934	0.368877	646.557
LLLGYLLVGLLTGLLTSLILI	LLLYYLLVGLLTGLLTSLILI	0.344963	0.306506	0.368877	0.454934	632.651
LLLYYLLVGLLTGLLTSLILI	LLLYYLLTGLLTGLLTSLILI	-0.0531566	-3.1833	0.0952708	1.12845	618.524
LLLYYLLTGLLTGLLTSLILI	LLLYYLLTGLLTGLLTTLILI	-4.19111	-4.19194	0.120637	1.001	604.196
LLLYYLLTGLLTGLLTTLILI	LLLYYLLTGLLYGLLTTLILI	-4.7856	-3.54199	0.407346	0.413356	589.688
LLLYYLLTGLLYGLLTTLILI	LLLGYLLTGLLYGLLTTLILI	-3.35978	-3.33704	0.595564	0.269472	575.025
LLLGYLLTGLLYGLLTTLILI	LLLGYLLTGLLYGLLTSLILI	-2.74051	-2.56648	0.865998	0.155943	560.23
LLLGYLLTGLLYGLLTSLILI	LLLYYLLTGLLYGLLTSLILI	-2.45295	-2.44116	0.269472	0.595564	545.329
LLLYYLLTGLLYGLLTSLILI	LLLYYLLTGLLYGLLVSLILI	-2.10586	0.664717	0.930859	0.137712	530.348
LLLYYLLTGLLYGLLVSLILI	LLLYYLLTGLLYGLLTSLILI	0.664717	0.0348655	0.137712	0.930859	515.312
LLLYYLLTGLLYGLLTSLILI	LLLGYLLTGLLYGLLTSLILI	-0.30043	-2.48778	0.595564	0.269472	500.25
LLLGYLLTGLLYGLLTSLILI	LLLGYLLTGLLTGLLTSLILI	-2.37791	-3.55894	0.379341	0.443059	485.188
LLLGYLLTGLLTGLLTSLILI	LLLYYLLTGLLTGLLTSLILI	-3.63313	-3.85681	0.368877	0.454934	470.152
LLLYYLLTGLLTGLLTSLILI	LLLGYLLTGLLTGLLTSLILI	-3.85681	-3.59842	0.454934	0.368877	455.171
LLLGYLLTGLLTGLLTSLILI	LLLYYLLTGLLTGLLTSLILI	-3.59842	-3.85681	0.368877	0.454934	440.27
LLLYYLLTGLLTGLLTSLILI	LLLYYLLTGLLTGLLTTLILI	-4.19111	-4.15641	0.120637	1.001	410.812
LLLYYLLTGLLTGLLTTLILI	LLLYYLLTGLLTGLLTALILI	-3.81435	-3.31421	1.34306	0.064646	396.304
LLLYYLLTGLLTGLLTALILI	LLLYYLLTGLLTGLLTTLILI	-3.31421	-3.84875	0.064646	1.34306	367.849
LLLYYLLTGLLTGLLTTLILI	LLLYYLLTGLLTGLLTSLILI	-4.19081	-4.19111	1.001	0.120637	326.872
LLLYYLLTGLLTGLLTSLILI	LLLYYLLTGLLTGLLTTLILI	-4.19111	-4.19194	0.120637	1.001	288.358
LLLYYLLTGLLTGLLTTLILI	LLLYYLLTGLLTGLLTSLILI	-4.19194	-4.19111	1.001	0.120637	276.131
LLLYYLLTGLLTGLLTSLILI	LLLYYLLTGLLTGLLTTLILI	-4.19111	-4.19081	0.120637	1.001	264.228
LLLYYLLTGLLTGLLTTLILI	LLLGYLLTGLLTGLLTTLILI	-4.73688	-4.47961	0.454934	0.368877	252.655
LLLGYLLTGLLTGLLTTLILI	LLLYYLLTGLLTGLLTTLILI	-4.47961	-4.7036	0.368877	0.454934	241.419
LLLYYLLTGLLTGLLTTLILI	LLLGYLLTGLLTGLLTTLILI	-4.7036	-4.51319	0.454934	0.368877	230.526
LLLGYLLTGLLTGLLTTLILI	LLLGYLLTGLLYGLLTTLILI	-4.34322	-4.77716	0.538845	0.30482	219.977
LLLGYLLTGLLYGLLTTLILI	LLLGYLLTGLLTGLLTTLILI	-4.77716	-4.34322	0.30482	0.538845	190.417
LLLGYLLTGLLTGLLTTLILI	LLLYYLLTGLLTGLLTTLILI	-4.51319	-4.73801	0.368877	0.454934	181.257
LLLYYLLTGLLTGLLTTLILI	LLLGYLLTGLLTGLLTTLILI	-4.73801	-4.47849	0.454934	0.368877	172.439
LLLGYLLTGLLTGLLTTLILI	LLLGYLLTGLLTGLLTSLILI	-3.84636	-3.84666	1.001	0.120637	163.959
LLLGYLLTGLLTGLLTSLILI	LLLYYLLTGLLTGLLTSLILI	-3.59842	-3.85681	0.368877	0.454934	155.814
LLLYYLLTGLLTGLLTSLILI	LLLYYLLTGLLTGLLTTLILI	-4.19111	-4.19081	0.120637	1.001	147.996
LLLYYLLTGLLTGLLTTLILI	LLLGYLLTGLLTGLLTTLILI	-4.73688	-4.51432	0.454934	0.368877	140.501
LLLGYLLTGLLTGLLTTLILI	LLLYYLLTGLLTGLLTTLILI	-4.51432	-4.73688	0.368877	0.454934	133.321
LLLYYLLTGLLTGLLTTLILI	LLLTYLLTGLLTGLLTTLILI	-4.93667	-5.51972	0.255144	0.62127	119.877
LLLTYLLTGLLTGLLTTLILI	LLLYYLLTGLLTGLLTTLILI	-5.51972	-4.90226	0.62127	0.255144	96.4228
LLLYYLLTGLLTGLLTTLILI	LLLYYLLTGLLTGLLTSLILI	-4.15641	-4.1567	1.001	0.120637	91.2238
LLLYYLLTGLLTGLLTSLILI	LLLYYLLTGLLTGLLTTLILI	-4.1567	-4.19194	0.120637	1.001	81.5606
LLLYYLLTGLLTGLLTTLILI	LLLYYLLTGLLTGLLTSLILI	-4.19194	-4.19111	1.001	0.120637	77.0783
LLLYYLLTGLLTGLLTSLILI	LLLYYLLTGLLTGLLTTLILI	-4.19111	-4.19081	0.120637	1.001	68.7677
LLLYYLLTGLLTGLLTTLILI	LLLYYLLTGLLTGLLTSLILI	-4.19081	-4.19111	1.001	0.120637	64.9219
LLLYYLLTGLLTGLLTSLILI	LLLYYLLTGLLTGLLTTLILI	-4.19111	-4.19194	0.120637	1.001	57.8066
LLLYYLLTGLLTGLLTTLILI	LLLYYLLTGLLTGLLTSLILI	-4.19194	-4.19111	1.001	0.120637	54.5206
LLLYYLLTGLLTGLLTSLILI	LLLYYLLTGLLTGLLTTLILI	-4.19111	-4.19081	0.120637	1.001	48.4519
LLLYYLLTGLLTGLLTTLILI	LLLTYLLTGLLTGLLTTLILI	-4.93667	-5.52028	0.255144	0.62127	45.6541
LLLTYLLTGLLTGLLTTLILI	LLLYYLLTGLLTGLLTTLILI	-5.52028	-6.34373	0.62127	0.255144	23.2154
Time: 337s
