MCAccept 0 xShift: 8.24 crossingAngle: -35.4808 axialRotation: -94.2 zShift: 4.43 energy: -15.3313
MCReject   xShift: 8.2456 crossingAngle: -35.4808 axialRotation: -94.2 zShift: 4.43 energy: -11.2436
MCAccept 1 xShift: 8.24 crossingAngle: -35.4451 axialRotation: -94.2 zShift: 4.43 energy: -18.052
MCReject   xShift: 8.24 crossingAngle: -35.4451 axialRotation: -94.2 zShift: 4.43109 energy: -4.56584
MCAccept 2 xShift: 8.24 crossingAngle: -35.4451 axialRotation: -94.0624 zShift: 4.43 energy: -18.052
MCAccept 3 xShift: 8.24 crossingAngle: -35.4451 axialRotation: -94.0624 zShift: 4.42268 energy: -17.9882
MCAccept 4 xShift: 8.24399 crossingAngle: -35.4451 axialRotation: -94.0624 zShift: 4.42268 energy: -17.9882
MCReject   xShift: 8.24536 crossingAngle: -35.4451 axialRotation: -94.0624 zShift: 4.42268 energy: -11.1962
MCReject   xShift: 8.24399 crossingAngle: -35.418 axialRotation: -94.0624 zShift: 4.42268 energy: -16.6306
MCReject   xShift: 8.24399 crossingAngle: -35.4451 axialRotation: -93.9367 zShift: 4.42268 energy: -16.4949
MCAccept 5 xShift: 8.24399 crossingAngle: -35.4451 axialRotation: -94.0624 zShift: 4.43269 energy: -18.0752
MCAccept 6 xShift: 8.24399 crossingAngle: -35.4451 axialRotation: -94.0624 zShift: 4.44381 energy: -18.1696
MCAccept 7 xShift: 8.25457 crossingAngle: -35.4451 axialRotation: -94.0624 zShift: 4.44381 energy: -18.1696
MCAccept 8 xShift: 8.23681 crossingAngle: -35.4451 axialRotation: -94.0624 zShift: 4.44381 energy: -18.1696
MCAccept 9 xShift: 8.23681 crossingAngle: -35.4197 axialRotation: -94.0624 zShift: 4.44381 energy: -18.1696
MCAccept 10 xShift: 8.23681 crossingAngle: -35.5591 axialRotation: -94.0624 zShift: 4.44381 energy: -18.1696
MCAccept 11 xShift: 8.23681 crossingAngle: -35.6169 axialRotation: -94.0624 zShift: 4.44381 energy: -18.1696
MCAccept 12 xShift: 8.22964 crossingAngle: -35.6169 axialRotation: -94.0624 zShift: 4.44381 energy: -18.1696
MCAccept 13 xShift: 8.22964 crossingAngle: -35.7222 axialRotation: -94.0624 zShift: 4.44381 energy: -18.1696
MCAccept 14 xShift: 8.22964 crossingAngle: -36.1 axialRotation: -94.0624 zShift: 4.44381 energy: -18.1696
MCAccept 15 xShift: 8.22964 crossingAngle: -36.1033 axialRotation: -94.0624 zShift: 4.44381 energy: -18.1696
MCReject   xShift: 8.22964 crossingAngle: -36.1033 axialRotation: -94.0624 zShift: 4.43541 energy: -18.0985
MCAccept 16 xShift: 8.22964 crossingAngle: -36.1256 axialRotation: -94.0624 zShift: 4.44381 energy: -18.1696
MCAccept 17 xShift: 8.21994 crossingAngle: -36.1256 axialRotation: -94.0624 zShift: 4.44381 energy: -18.1696
MCAccept 18 xShift: 8.21994 crossingAngle: -36.2365 axialRotation: -94.0624 zShift: 4.44381 energy: -18.1696
MCAccept 19 xShift: 8.21994 crossingAngle: -36.2594 axialRotation: -94.0624 zShift: 4.44381 energy: -18.1696
MCAccept 20 xShift: 8.21826 crossingAngle: -36.2594 axialRotation: -94.0624 zShift: 4.44381 energy: -18.1696
MCReject   xShift: 8.21826 crossingAngle: -36.2594 axialRotation: -94.0624 zShift: 4.43184 energy: -18.0679
MCAccept 21 xShift: 8.21826 crossingAngle: -36.1645 axialRotation: -94.0624 zShift: 4.44381 energy: -18.1696
MCAccept 22 xShift: 8.21826 crossingAngle: -36.1645 axialRotation: -94.0624 zShift: 4.44468 energy: -18.1768
MCAccept 23 xShift: 8.20771 crossingAngle: -36.1645 axialRotation: -94.0624 zShift: 4.44468 energy: -18.1768
MCAccept 24 xShift: 8.20771 crossingAngle: -35.9895 axialRotation: -94.0624 zShift: 4.44468 energy: -18.1768
MCAccept 25 xShift: 8.20771 crossingAngle: -35.9732 axialRotation: -94.0624 zShift: 4.44468 energy: -18.1768
MCAccept 26 xShift: 8.20771 crossingAngle: -35.8897 axialRotation: -94.0624 zShift: 4.44468 energy: -18.1768
MCAccept 27 xShift: 8.19968 crossingAngle: -35.8897 axialRotation: -94.0624 zShift: 4.44468 energy: -18.1768
MCAccept 28 xShift: 8.20197 crossingAngle: -35.8897 axialRotation: -94.0624 zShift: 4.44468 energy: -18.1768
MCAccept 29 xShift: 8.20197 crossingAngle: -35.8897 axialRotation: -94.1141 zShift: 4.44468 energy: -18.1768
MCAccept 30 xShift: 8.20197 crossingAngle: -35.7206 axialRotation: -94.1141 zShift: 4.44468 energy: -18.1768
MCAccept 31 xShift: 8.20197 crossingAngle: -35.7206 axialRotation: -94.3807 zShift: 4.44468 energy: -18.1768
MCAccept 32 xShift: 8.20197 crossingAngle: -35.7206 axialRotation: -94.3758 zShift: 4.44468 energy: -18.1768
MCAccept 33 xShift: 8.20804 crossingAngle: -35.7206 axialRotation: -94.3758 zShift: 4.44468 energy: -18.1768
MCAccept 34 xShift: 8.21279 crossingAngle: -35.7206 axialRotation: -94.3758 zShift: 4.44468 energy: -18.1768
MCAccept 35 xShift: 8.22933 crossingAngle: -35.7206 axialRotation: -94.3758 zShift: 4.44468 energy: -18.1768
MCAccept 36 xShift: 8.2343 crossingAngle: -35.7206 axialRotation: -94.3758 zShift: 4.44468 energy: -18.1768
MCAccept 37 xShift: 8.2343 crossingAngle: -35.7206 axialRotation: -94.3845 zShift: 4.44468 energy: -18.1768
MCAccept 38 xShift: 8.247 crossingAngle: -35.7206 axialRotation: -94.3845 zShift: 4.44468 energy: -18.1768
MCAccept 39 xShift: 8.247 crossingAngle: -35.7206 axialRotation: -94.3845 zShift: 4.43536 energy: -18.098
MCAccept 40 xShift: 8.247 crossingAngle: -35.7206 axialRotation: -94.5003 zShift: 4.43536 energy: -18.098
MCAccept 41 xShift: 8.247 crossingAngle: -35.4609 axialRotation: -94.5003 zShift: 4.43536 energy: -18.098
MCAccept 42 xShift: 8.24747 crossingAngle: -35.4609 axialRotation: -94.5003 zShift: 4.43536 energy: -18.098
MCAccept 43 xShift: 8.26133 crossingAngle: -35.4609 axialRotation: -94.5003 zShift: 4.43536 energy: -18.098
MCAccept 44 xShift: 8.24608 crossingAngle: -35.4609 axialRotation: -94.5003 zShift: 4.43536 energy: -18.098
MCAccept 45 xShift: 8.2478 crossingAngle: -35.4609 axialRotation: -94.5003 zShift: 4.43536 energy: -18.098
MCAccept 46 xShift: 8.2478 crossingAngle: -35.3238 axialRotation: -94.5003 zShift: 4.43536 energy: -18.098
MCAccept 47 xShift: 8.25964 crossingAngle: -35.3238 axialRotation: -94.5003 zShift: 4.43536 energy: -18.098
MCAccept 48 xShift: 8.25964 crossingAngle: -35.1215 axialRotation: -94.5003 zShift: 4.43536 energy: -18.098
MCReject   xShift: 8.25964 crossingAngle: -35.1215 axialRotation: -94.5003 zShift: 4.43152 energy: -15.3507
MCAccept 49 xShift: 8.25704 crossingAngle: -35.1215 axialRotation: -94.5003 zShift: 4.43536 energy: -18.098
MCAccept 50 xShift: 8.26461 crossingAngle: -35.1215 axialRotation: -94.5003 zShift: 4.43536 energy: -18.098
MCAccept 51 xShift: 8.26461 crossingAngle: -35.1215 axialRotation: -94.5003 zShift: 4.42993 energy: -18.0514
MCAccept 52 xShift: 8.26461 crossingAngle: -35.1215 axialRotation: -94.5003 zShift: 4.43916 energy: -18.1304
MCAccept 53 xShift: 8.26461 crossingAngle: -34.9243 axialRotation: -94.5003 zShift: 4.43916 energy: -18.1304
MCAccept 54 xShift: 8.26461 crossingAngle: -34.8124 axialRotation: -94.5003 zShift: 4.43916 energy: -18.1304
MCAccept 55 xShift: 8.26461 crossingAngle: -34.8124 axialRotation: -94.4138 zShift: 4.43916 energy: -18.1304
MCAccept 56 xShift: 8.26461 crossingAngle: -34.8124 axialRotation: -94.6616 zShift: 4.43916 energy: -18.1304
MCAccept 57 xShift: 8.26461 crossingAngle: -34.9125 axialRotation: -94.6616 zShift: 4.43916 energy: -18.1304
MCAccept 58 xShift: 8.26461 crossingAngle: -34.9465 axialRotation: -94.6616 zShift: 4.43916 energy: -18.1304
MCAccept 59 xShift: 8.26461 crossingAngle: -34.9465 axialRotation: -94.5218 zShift: 4.43916 energy: -18.1304
MCAccept 60 xShift: 8.26461 crossingAngle: -34.9465 axialRotation: -94.5218 zShift: 4.4445 energy: -18.1753
MCAccept 61 xShift: 8.26461 crossingAngle: -34.9465 axialRotation: -94.5479 zShift: 4.4445 energy: -18.1753
MCAccept 62 xShift: 8.26461 crossingAngle: -34.9939 axialRotation: -94.5479 zShift: 4.4445 energy: -18.1753
MCAccept 63 xShift: 8.26461 crossingAngle: -34.9366 axialRotation: -94.5479 zShift: 4.4445 energy: -18.1753
MCAccept 64 xShift: 8.25402 crossingAngle: -34.9366 axialRotation: -94.5479 zShift: 4.4445 energy: -18.1753
MCAccept 65 xShift: 8.23935 crossingAngle: -34.9366 axialRotation: -94.5479 zShift: 4.4445 energy: -18.1753
MCAccept 66 xShift: 8.23812 crossingAngle: -34.9366 axialRotation: -94.5479 zShift: 4.4445 energy: -18.1753
MCAccept 67 xShift: 8.23812 crossingAngle: -35.0748 axialRotation: -94.5479 zShift: 4.4445 energy: -18.1753
MCAccept 68 xShift: 8.23159 crossingAngle: -35.0748 axialRotation: -94.5479 zShift: 4.4445 energy: -18.1753
MCReject   xShift: 8.23159 crossingAngle: -35.0748 axialRotation: -94.5479 zShift: 4.43821 energy: -18.1224
MCAccept 69 xShift: 8.24639 crossingAngle: -35.0748 axialRotation: -94.5479 zShift: 4.4445 energy: -18.1753
MCAccept 70 xShift: 8.24639 crossingAngle: -35.0748 axialRotation: -94.6008 zShift: 4.4445 energy: -18.1753
MCAccept 71 xShift: 8.24639 crossingAngle: -35.2695 axialRotation: -94.6008 zShift: 4.4445 energy: -18.1753
MCAccept 72 xShift: 8.24639 crossingAngle: -35.2695 axialRotation: -94.6726 zShift: 4.4445 energy: -18.1753
MCAccept 73 xShift: 8.24639 crossingAngle: -35.1353 axialRotation: -94.6726 zShift: 4.4445 energy: -18.1753
Energy #0: -18.1753
***GEOMETRY SHIFT***
xShift;        Before: 8.24; After: 8.24639
crossingAngle; Before: -35.79; After: -35.1353
axialRotation; Before: -94.2; After: -94.6726
zShift;        Before: 4.43; After: 4.4445
Energy;        Before: 148.763; After: -18.1753

Reached 51 cycles without improvement of 0.001. Accepted 74/83
Monte Carlo repack complete. Time: 12.9333min

