***STARTING GEOMETRY:***
xShift: 8.24
crossingAngle: -35.79
axialRotation: -94.2
zShift: 4.43

Number of MCCycles: 200
PrevSequence	CurrSequence	PrevEnergy	CurrEnergy	PrevEntropy	CurrEntropy	CurrentTemp
LLLTFLLSTLLGTLLSTLILI	LLLTFLLSTLLGTLLATLILI	-3.35446	-3.52096	0.942975	0.13458	999.847
LLLTFLLSTLLGTLLATLILI	LLLTFLLSTLLGTLLAWLILI	-3.0682	-2.23084	0.58734	0.274265	999.684
LLLTFLLSTLLGTLLAWLILI	LLLTFLLSVLLGTLLAWLILI	-1.37666	1.55197	1.12845	0.0952708	999.512
LLLTFLLSVLLGTLLAWLILI	LLLTFLLSVLLGTLLATLILI	1.79995	0.801279	0.343253	0.48602	999.328
LLLTFLLSVLLGTLLATLILI	LLLTFLLSVLLGTLLSTLILI	0.449838	0.594584	0.13458	0.942975	999.134
LLLTFLLSVLLGTLLSTLILI	LLLTWLLSVLLGTLLSTLILI	-0.199613	0.775933	0.148778	0.890414	998.928
LLLTWLLSVLLGTLLSTLILI	LLLTWLLSTLLGTLLSTLILI	-0.0416297	-2.35764	0.0728516	1.27634	998.708
LLLTWLLSTLLGTLLSTLILI	LLLTFLLSTLLGTLLSTLILI	-2.74357	-4.16845	0.890414	0.148778	998.476
LLLTFLLSTLLGTLLSTLILI	LLLTWLLSTLLGTLLSTLILI	-4.16845	-2.98064	0.148778	0.890414	998.229
LLLTWLLSTLLGTLLSTLILI	LLLTWLLSTLLGTLLSWLILI	-3.50735	-2.37785	0.363705	0.460972	997.689
LLLTWLLSTLLGTLLSWLILI	LLLTWLLSTLLGTLLSTLILI	-2.37785	-3.27028	0.460972	0.363705	997.394
LLLTWLLSTLLGTLLSTLILI	LLLTWLLSTLLGYLLSTLILI	-2.8178	-2.25297	0.816184	0.171816	997.081
LLLTWLLSTLLGYLLSTLILI	LLLTWLLSTLLGTLLSTLILI	-2.25297	-2.94334	0.171816	0.816184	996.749
LLLTWLLSTLLGTLLSTLILI	LLLTFLLSTLLGTLLSTLILI	-2.86912	-4.16845	0.890414	0.148778	996.397
LLLTFLLSTLLGTLLSTLILI	LLLTFLLSTLLGTLLATLILI	-3.37425	-3.52096	0.942975	0.13458	996.023
LLLTFLLSTLLGTLLATLILI	LLLTWLLSTLLGTLLATLILI	-3.50676	-2.08188	0.148778	0.890414	995.626
LLLTWLLSTLLGTLLATLILI	LLLTWLLSTLLGTLLSTLILI	-2.83772	-2.69101	0.13458	0.942975	995.205
LLLTWLLSTLLGTLLSTLILI	LLLTWLLSTLLGYLLSTLILI	-2.8178	-2.25297	0.816184	0.171816	994.758
LLLTWLLSTLLGYLLSTLILI	LLLTWLLSTLLGTLLSTLILI	-2.25297	-2.8178	0.171816	0.816184	994.285
LLLTWLLSTLLGTLLSTLILI	LLLTWLLGTLLGTLLSTLILI	-3.17688	0.403875	0.457104	0.367007	993.782
LLLTWLLGTLLGTLLSTLILI	LLLTFLLGTLLGTLLSTLILI	0.927282	-0.520203	0.890414	0.148778	993.249
LLLTFLLGTLLGTLLSTLILI	LLLTFLLGTLLGTLLATLILI	-0.0267687	0.236923	0.642213	0.244161	992.683
LLLTFLLGTLLGTLLATLILI	LLLTFLLGTLLGTLLAWLILI	0.580102	1.41723	0.58734	0.274265	992.084
LLLTFLLGTLLGTLLAWLILI	LLLTFLLGTLLGYLLAWLILI	1.83657	3.9086	0.693609	0.219549	991.448
LLLTFLLGTLLGYLLAWLILI	LLLTFLLGTLLGYLLSWLILI	3.93321	3.14233	0.244161	0.642213	990.773
LLLTFLLGTLLGYLLSWLILI	LLLTFLLGTLLGTLLSWLILI	2.71967	0.910898	0.219549	0.693609	990.058
LLLTFLLGTLLGTLLSWLILI	LLLTFLLGTLLGTLLSTLILI	0.491554	-0.0816413	0.274265	0.58734	989.3
LLLTFLLGTLLGTLLSTLILI	LLLTFLLGTLLGTLLATLILI	-0.0267687	0.236923	0.642213	0.244161	988.496
LLLTFLLGTLLGTLLATLILI	LLLTWLLGTLLGTLLATLILI	0.14154	1.58903	0.148778	0.890414	987.644
LLLTWLLGTLLGTLLATLILI	LLLTFLLGTLLGTLLATLILI	1.58903	0.14154	0.890414	0.148778	986.74
LLLTFLLGTLLGTLLATLILI	LLLTFLLGTLLGTLLAWLILI	0.580102	1.41723	0.58734	0.274265	985.783
LLLTFLLGTLLGTLLAWLILI	LLLTFLLGTLLGTLLATLILI	1.41723	0.580102	0.274265	0.58734	984.769
LLLTFLLGTLLGTLLATLILI	LLLTFLLGTLLGTLLSTLILI	0.236923	-0.0267687	0.244161	0.642213	983.694
LLLTFLLGTLLGTLLSTLILI	LLLTFLLGTLLGYLLSTLILI	0.147203	1.06758	0.816184	0.171816	982.555
LLLTFLLGTLLGYLLSTLILI	LLLTFLLGTLLGTLLSTLILI	1.06758	0.147203	0.171816	0.816184	981.348
LLLTFLLGTLLGTLLSTLILI	LLLTFLLGTLLGTLLSWLILI	-0.0816413	0.491554	0.58734	0.274265	980.071
LLLTFLLGTLLGTLLSWLILI	LLLTFLLGVLLGTLLSWLILI	1.34574	4.28304	1.12845	0.0952708	978.717
LLLTFLLGVLLGTLLSWLILI	LLLTFLLGVLLGTLLSTLILI	4.53103	3.79652	0.343253	0.48602	977.285
LLLTFLLGVLLGTLLSTLILI	LLLTFLLGVLLGTLLATLILI	3.95271	4.21836	0.642213	0.244161	975.768
LLLTFLLGVLLGTLLATLILI	LLLTFLLGVLLGTLLSTLILI	4.21836	3.95271	0.244161	0.642213	974.162
LLLTFLLGVLLGTLLSTLILI	LLLGFLLGVLLGTLLSTLILI	3.80045	5.82147	0.489954	0.34018	972.463
LLLGFLLGVLLGTLLSTLILI	LLLGYLLGVLLGTLLSTLILI	5.72132	4.88064	0.240035	0.650378	970.666
LLLGYLLGVLLGTLLSTLILI	LLLGYLLGVLLGTLLATLILI	4.87247	4.20358	0.642213	0.244161	968.764
LLLGYLLGVLLGTLLATLILI	LLLSYLLGVLLGTLLATLILI	4.71385	2.62429	0.754431	0.19415	966.754
LLLSYLLGVLLGTLLATLILI	LLLSYLLGVLLGTLLAYLILI	2.75887	2.69624	0.328724	0.505042	964.627
LLLSYLLGVLLGTLLAYLILI	LLLSYLLGVLLGTLLATLILI	2.69624	1.27621	0.505042	0.328724	962.38
LLLSYLLGVLLGTLLATLILI	LLLSYLLGVLLGTLLSTLILI	1.08206	1.22675	0.13458	0.942975	952.048
LLLSYLLGVLLGTLLSTLILI	LLLSYLLGVLLGTLLSWLILI	0.64748	1.62202	0.363705	0.460972	949.095
LLLSYLLGVLLGTLLSWLILI	LLLSYLLGYLLGTLLSWLILI	1.26624	-1.19947	0.105187	1.07465	945.979
LLLSYLLGYLLGTLLSWLILI	LLLSYLLGFLLGTLLSWLILI	-1.32133	-1.4412	0.952787	0.132101	939.229
LLLSYLLGFLLGTLLSWLILI	LLLSYLLGFLLGTLLSTLILI	-1.11233	-2.11514	0.460972	0.363705	935.578
LLLSYLLGFLLGTLLSTLILI	LLLSYLLGFLLGTLLATLILI	-1.53587	-1.69194	0.942975	0.13458	931.732
LLLSYLLGFLLGTLLATLILI	LLLSYLLGFLLGYLLATLILI	-1.4978	0.9526	0.328724	0.505042	927.683
LLLSYLLGFLLGYLLATLILI	LLLSYLLGFLLGTLLATLILI	0.9526	0.297129	0.505042	0.328724	923.422
LLLSYLLGFLLGTLLATLILI	LLLSYLLGFLLGYLLATLILI	0.297129	0.9526	0.328724	0.505042	918.939
LLLSYLLGFLLGYLLATLILI	LLLSYLLGTLLGYLLATLILI	0.619374	2.92746	0.171816	0.816184	914.227
LLLSYLLGTLLGYLLATLILI	LLLSYLLGTLLGYLLAYLILI	2.34932	2.02526	0.238039	0.654392	909.276
LLLSYLLGTLLGYLLAYLILI	LLLSYLLGTLLGYLLSYLILI	1.50545	1.32043	0.13458	0.942975	904.077
LLLSYLLGTLLGYLLSYLILI	LLLSYLLGTLLGYLLSTLILI	1.03185	-0.0558445	0.654392	0.238039	898.621
LLLSYLLGTLLGYLLSTLILI	LLLSYLLGTLLGTLLSTLILI	0.0854581	-1.52966	0.379341	0.443059	892.899
LLLSYLLGTLLGTLLSTLILI	LLLSYLLGFLLGTLLSTLILI	-0.968417	-2.35895	1.0043	0.119894	886.903
LLLSYLLGFLLGTLLSTLILI	LLLSYLLGTLLGTLLSTLILI	-2.35895	-2.44819	0.119894	1.0043	859.999
LLLSYLLGTLLGTLLSTLILI	LLLSYLLGTLLGTLLSWLILI	-2.96647	-2.22297	0.48602	0.343253	852.504
LLLSYLLGTLLGTLLSWLILI	LLLSYLLGTLLGYLLSWLILI	-2.23749	0.27103	0.328724	0.505042	844.686
LLLSYLLGTLLGYLLSWLILI	LLLSYLLGFLLGYLLSWLILI	0.304833	1.46043	0.538845	0.30482	836.541
LLLSYLLGFLLGYLLSWLILI	LLLSYLLGFLLGTLLSWLILI	1.92916	0.472024	0.773553	0.186892	828.061
LLLSYLLGFLLGTLLSWLILI	LLLYYLLGFLLGTLLSWLILI	0.589161	1.10893	0.304028	0.540023	819.243
LLLYYLLGFLLGTLLSWLILI	LLLYYLLGTLLGTLLSWLILI	0.740724	2.14544	0.171816	0.816184	810.083
LLLYYLLGTLLGTLLSWLILI	LLLYFLLGTLLGTLLSWLILI	2.28205	2.83265	0.952787	0.132101	800.577
LLLYFLLGTLLGTLLSWLILI	LLLYFLLGTLLGTLLSTLILI	3.0438	2.3003	0.343253	0.48602	790.724
LLLYFLLGTLLGTLLSTLILI	LLLYFLLGTLLGTLLATLILI	2.45649	2.72018	0.642213	0.244161	780.523
LLLYFLLGTLLGTLLATLILI	LLLTFLLGTLLGTLLATLILI	2.64784	0.808946	0.171816	0.816184	769.974
LLLTFLLGTLLGTLLATLILI	LLLGFLLGTLLGTLLATLILI	0.58452	2.43936	0.591758	0.271676	747.845
LLLGFLLGTLLGTLLATLILI	LLLGFLLGFLLGTLLATLILI	2.86129	4.62559	0.693609	0.219549	736.272
LLLGFLLGFLLGTLLATLILI	LLLGFLLGTLLGTLLATLILI	4.62559	2.86129	0.219549	0.693609	724.369
LLLGFLLGTLLGTLLATLILI	LLLGFLLGTLLGTLLSTLILI	2.41184	2.14815	0.244161	0.642213	712.142
LLLGFLLGTLLGTLLSTLILI	LLLGFLLGTLLGTLLSWLILI	1.99196	2.73546	0.48602	0.343253	699.602
LLLGFLLGTLLGTLLSWLILI	LLLGYLLGTLLGTLLSWLILI	2.63224	1.09781	0.240035	0.650378	686.76
LLLGYLLGTLLGTLLSWLILI	LLLGYLLGTLLGTLLAWLILI	1.08965	2.55059	0.642213	0.244161	673.628
LLLGYLLGTLLGTLLAWLILI	LLLGYLLGTLLGYLLAWLILI	2.63516	4.47328	0.328724	0.505042	660.222
LLLGYLLGTLLGYLLAWLILI	LLLGYLLGTLLGYLLATLILI	4.42921	2.46366	0.460972	0.363705	646.557
LLLGYLLGTLLGYLLATLILI	LLLGYLLGFLLGYLLATLILI	2.91613	3.64928	0.816184	0.171816	632.651
LLLGYLLGFLLGYLLATLILI	LLLGYLLGFLLGTLLATLILI	3.98251	1.53244	0.505042	0.328724	618.524
LLLGYLLGFLLGTLLATLILI	LLLGYLLGFLLGTLLSTLILI	1.44788	1.19361	0.244161	0.642213	604.196
LLLGYLLGFLLGTLLSTLILI	LLLGYLLGTLLGTLLSTLILI	0.671295	0.565461	0.119894	1.0043	589.688
LLLGYLLGTLLGTLLSTLILI	LLLGYLLGFLLGTLLSTLILI	0.565461	0.671295	1.0043	0.119894	575.025
LLLGYLLGFLLGTLLSTLILI	LLLGYLLGFLLGYLLSTLILI	0.880125	3.06693	0.328724	0.505042	560.23
LLLGYLLGFLLGYLLSTLILI	LLLYYLLGFLLGYLLSTLILI	2.83136	3.62985	0.269472	0.595564	545.329
LLLYYLLGFLLGYLLSTLILI	LLLYYLLGFLLGTLLSTLILI	3.68868	1.7741	0.654392	0.238039	530.348
LLLYYLLGFLLGTLLSTLILI	LLLSYLLGFLLGTLLSTLILI	2.07608	-0.210185	0.540023	0.304028	515.312
LLLSYLLGFLLGTLLSTLILI	LLLSYLLGYLLGTLLSTLILI	-0.382112	-2.22462	0.132101	0.952787	500.25
LLLSYLLGYLLGTLLSTLILI	LLLSYLLGYLLGTLLATLILI	-2.23443	-2.38131	0.942975	0.13458	485.188
LLLSYLLGYLLGTLLATLILI	LLLSYLLGTLLGTLLATLILI	-2.13655	-0.867913	0.379341	0.443059	470.152
LLLSYLLGTLLGTLLATLILI	LLLSYLLGYLLGTLLATLILI	-0.867913	-2.13655	0.443059	0.379341	455.171
LLLSYLLGYLLGTLLATLILI	LLLSYLLGYLLGFLLATLILI	-1.69971	1.73109	0.816184	0.171816	396.304
LLLSYLLGYLLGFLLATLILI	LLLSYLLGFLLGFLLATLILI	2.20965	1.6368	0.650378	0.240035	381.976
LLLSYLLGFLLGFLLATLILI	LLLSYLLGFLLGFLLSTLILI	1.53135	1.31443	0.13458	0.942975	367.849
LLLSYLLGFLLGFLLSTLILI	LLLSYLLGTLLGFLLSTLILI	0.676279	0.381478	0.30482	0.538845	353.943
LLLSYLLGTLLGFLLSTLILI	LLLSYLLGYLLGFLLSTLILI	0.171357	1.0298	0.328724	0.505042	340.278
LLLSYLLGYLLGFLLSTLILI	LLLSYLLGYLLGTLLSTLILI	0.696575	-2.36122	0.171816	0.816184	313.74
LLLSYLLGYLLGTLLSTLILI	LLLSYLLGTLLGTLLSTLILI	-2.79807	-3.00943	0.379341	0.443059	300.898
LLLSYLLGTLLGTLLSTLILI	LLLSYLLGTLLGTLLATLILI	-2.50951	-2.65617	0.942975	0.13458	288.358
LLLSYLLGTLLGTLLATLILI	LLLSYLLGFLLGTLLATLILI	-1.78645	-1.70663	1.0043	0.119894	264.228
LLLSYLLGFLLGTLLATLILI	LLLSYLLGFLLGTLLSTLILI	-1.69194	-1.53587	0.13458	0.942975	219.977
LLLSYLLGFLLGTLLSTLILI	LLLSYLLGTLLGTLLSTLILI	-2.35895	-2.44819	0.119894	1.0043	209.776
LLLSYLLGTLLGTLLSTLILI	LLLSYLLGTLLGTLLATLILI	-2.50951	-2.65617	0.942975	0.13458	181.257
LLLSYLLGTLLGTLLATLILI	LLLSYLLGTLLGTLLAWLILI	-2.30472	-1.29729	0.48602	0.343253	147.996
LLLSYLLGTLLGTLLAWLILI	LLLSYLLGYLLGTLLAWLILI	-1.31182	-0.843632	0.328724	0.505042	140.501
LLLSYLLGYLLGTLLAWLILI	LLLSYLLGYLLGTLLSWLILI	-1.21409	-1.33115	0.13458	0.942975	133.321
LLLSYLLGYLLGTLLSWLILI	LLLSYLLGYLLGTLLSTLILI	-1.81315	-2.8137	0.460972	0.363705	107.601
LLLSYLLGYLLGTLLSTLILI	LLLSYLLGYLLGTLLATLILI	-2.23443	-2.38131	0.942975	0.13458	96.4228
LLLSYLLGYLLGTLLATLILI	LLLSYLLGFLLGTLLATLILI	-1.5631	-1.69442	0.952787	0.132101	77.0783
LLLSYLLGFLLGTLLATLILI	LLLSYLLGTLLGTLLATLILI	-1.70663	-1.78645	0.119894	1.0043	72.8169
LLLSYLLGTLLGTLLATLILI	LLLSYLLGTLLGTLLSTLILI	-2.65617	-2.50951	0.13458	0.942975	68.7677
LLLSYLLGTLLGTLLSTLILI	LLLSYLLGTLLGTLLATLILI	-2.50951	-2.65617	0.942975	0.13458	61.271
LLLSYLLGTLLGTLLATLILI	LLLSYLLGFLLGTLLATLILI	-1.78645	-1.70663	1.0043	0.119894	43.0041
LLLSYLLGFLLGTLLATLILI	LLLSYLLGTLLGTLLATLILI	-1.70663	-1.78645	0.119894	1.0043	40.495
LLLSYLLGTLLGTLLATLILI	LLLSYLLGFLLGTLLATLILI	-1.78645	-1.70663	1.0043	0.119894	33.7464
LLLSYLLGFLLGTLLATLILI	LLLSYLLGTLLGTLLATLILI	-1.70663	-1.78645	0.119894	1.0043	24.7321
LLLSYLLGTLLGTLLATLILI	LLLSYLLGFLLGTLLATLILI	-1.78645	-1.70663	1.0043	0.119894	20.4295
LLLSYLLGFLLGTLLATLILI	LLLSYLLGTLLGTLLATLILI	-1.70663	-1.78645	0.119894	1.0043	19.1517
Time: 164s
