***STARTING GEOMETRY:***
xShift: 6.7985
crossingAngle: -43.4417
axialRotation: 40.1487
zShift: 4.35807

Number of MCCycles: 100
PrevSequence	CurrSequence	PrevEnergy	CurrEnergy	PrevEntropy	CurrEntropy	CurrentTemp
LLLTLLGSLLGSLLGTLLILI	LLLTLLGSLLGTLLGTLLILI	1395.63	1387.2	0.279255	0.578967	999.684
LLLTLLGSLLGTLLGTLLILI	LLLTLLGSLLGTLLFTLLILI	1387.51	1388.83	0.884972	0.150342	999.328
LLLTLLGSLLGTLLFTLLILI	LLLTLLGSLLGTLLGTLLILI	1388.83	1387.51	0.150342	0.884972	998.928
LLLTLLGSLLGTLLGTLLILI	LLLTLLGALLGTLLGTLLILI	1387.26	1385.63	0.642213	0.244161	998.476
LLLTLLGALLGTLLGTLLILI	LLLTLLGALLGTLLSTLLILI	1386.14	1387.47	0.754431	0.19415	997.394
LLLTLLGALLGTLLSTLLILI	LLLTLLGALLGTLLGTLLILI	1387.47	1386.14	0.19415	0.754431	996.749
LLLTLLGALLGTLLGTLLILI	LLLALLGALLGTLLGTLLILI	1386.25	1392.38	0.856576	0.158812	996.023
LLLALLGALLGTLLGTLLILI	LLLALLGSLLGTLLGTLLILI	1392.63	1393.79	0.416521	0.404229	995.205
LLLALLGSLLGTLLGTLLILI	LLLALLGALLGTLLGTLLILI	1393.79	1392.63	0.404229	0.416521	994.285
LLLALLGALLGTLLGTLLILI	LLLALLGSLLGTLLGTLLILI	1392.63	1393.79	0.416521	0.404229	993.249
LLLALLGSLLGTLLGTLLILI	LLLTLLGSLLGTLLGTLLILI	1393.47	1387.82	0.0847157	1.19282	992.084
LLLTLLGSLLGTLLGTLLILI	LLLTLLGSLLGTLLGVLLILI	1387.75	1390.38	1.12845	0.0952708	990.773
LLLTLLGSLLGTLLGVLLILI	LLLTLLGALLGTLLGVLLILI	1390.93	1389.29	0.642213	0.244161	989.3
LLLTLLGALLGTLLGVLLILI	LLLTLLGALLGTLLSVLLILI	1389.81	1391.08	0.754431	0.19415	987.644
LLLTLLGALLGTLLSVLLILI	LLLTLLGALLGTLLGVLLILI	1391.08	1389.81	0.19415	0.754431	985.783
LLLTLLGALLGTLLGVLLILI	LLLTLLGALLGTLLGTLLILI	1389.15	1386.52	0.0952708	1.12845	981.348
LLLTLLGALLGTLLGTLLILI	LLLTLLGALLGTLLGVLLILI	1386.52	1389.15	1.12845	0.0952708	978.717
LLLTLLGALLGTLLGVLLILI	LLLTLLGALLGWLLGVLLILI	1389.41	1391.03	0.363705	0.460972	975.768
LLLTLLGALLGWLLGVLLILI	LLLTLLGALLGWLLGTLLILI	1390.7	1387.62	0.137712	0.930859	972.463
LLLTLLGALLGWLLGTLLILI	LLLTLLGALLGWLLGVLLILI	1387.62	1390.7	0.930859	0.137712	968.764
LLLTLLGALLGWLLGVLLILI	LLLTLLGALLGTLLGVLLILI	1391.03	1389.41	0.460972	0.363705	964.627
LLLTLLGALLGTLLGVLLILI	LLLTLLGALLGWLLGVLLILI	1389.41	1391.03	0.363705	0.460972	960.005
LLLTLLGALLGWLLGVLLILI	LLLTLLGALLGTLLGVLLILI	1391.03	1389.41	0.460972	0.363705	954.846
LLLTLLGALLGTLLGVLLILI	LLLTLLGALLGTLLGTLLILI	1389.15	1386.52	0.0952708	1.12845	942.693
LLLTLLGALLGTLLGTLLILI	LLLTLLGALLGWLLGTLLILI	1385.87	1387.03	0.48602	0.343253	927.683
LLLTLLGALLGWLLGTLLILI	LLLTLLGALLGTLLGTLLILI	1387.03	1385.87	0.343253	0.48602	918.939
LLLTLLGALLGTLLGTLLILI	LLLTLLGALLGWLLGTLLILI	1385.87	1387.03	0.48602	0.343253	909.276
LLLTLLGALLGWLLGTLLILI	LLLTLLGALLGTLLGTLLILI	1387.03	1385.87	0.343253	0.48602	898.621
LLLTLLGALLGTLLGTLLILI	LLLTLLGALLGWLLGTLLILI	1385.87	1387.03	0.48602	0.343253	886.903
LLLTLLGALLGWLLGTLLILI	LLLTLLGALLGTLLGTLLILI	1387.03	1385.87	0.343253	0.48602	874.051
LLLTLLGALLGTLLGTLLILI	LLLTLLGALLGWLLGTLLILI	1385.87	1387.03	0.48602	0.343253	859.999
LLLTLLGALLGWLLGTLLILI	LLLTLLGALLGTLLGTLLILI	1387.03	1385.87	0.343253	0.48602	844.686
LLLTLLGALLGTLLGTLLILI	LLLTLLGSLLGTLLGTLLILI	1385.63	1387.26	0.244161	0.642213	828.061
LLLTLLGSLLGTLLGTLLILI	LLLTLLGSLLGTLLGYLLILI	1387.32	1390.11	0.693609	0.219549	810.083
LLLTLLGSLLGTLLGYLLILI	LLLTLLGALLGTLLGYLLILI	1390.54	1388.91	0.642213	0.244161	790.724
LLLTLLGALLGTLLGYLLILI	LLLTLLGALLGTLLGTLLILI	1388.88	1386.08	0.219549	0.693609	747.845
LLLTLLGALLGTLLGTLLILI	LLLTLLGALLGTLLSTLLILI	1386.14	1387.47	0.754431	0.19415	724.369
LLLTLLGALLGTLLSTLLILI	LLLTLLGALLGTLLSFLLILI	1388.28	1390.43	1.0043	0.119894	699.602
LLLTLLGALLGTLLSFLLILI	LLLTLLGALLGTLLGFLLILI	1390.5	1390.83	0.19415	0.754431	673.628
LLLTLLGALLGTLLGFLLILI	LLLTLLGSLLGTLLGFLLILI	1390.32	1391.94	0.244161	0.642213	646.557
LLLTLLGSLLGTLLGFLLILI	LLLTLLGALLGTLLGFLLILI	1391.94	1390.14	0.642213	0.244161	618.524
LLLTLLGALLGTLLGFLLILI	LLLTLLGALLGTLLGTLLILI	1390.01	1386.39	0.119894	1.0043	589.688
LLLTLLGALLGTLLGTLLILI	LLLTLLGSLLGTLLGTLLILI	1385.63	1387.26	0.244161	0.642213	560.23
LLLTLLGSLLGTLLGTLLILI	LLLTLLGALLGTLLGTLLILI	1387.26	1385.63	0.642213	0.244161	530.348
LLLTLLGALLGTLLGTLLILI	LLLTLLGALLGTLLSTLLILI	1386.14	1387.47	0.754431	0.19415	500.25
LLLTLLGALLGTLLSTLLILI	LLLTLLGALLGTLLGTLLILI	1387.47	1386.14	0.19415	0.754431	470.152
LLLTLLGALLGTLLGTLLILI	LLLTLLGALLGTLLSTLLILI	1386.14	1387.47	0.754431	0.19415	440.27
LLLTLLGALLGTLLSTLLILI	LLLTLLGALLGTLLGTLLILI	1387.47	1386.14	0.19415	0.754431	410.812
LLLTLLGALLGTLLGTLLILI	LLLTLLGALLGTLLSTLLILI	1386.14	1387.47	0.754431	0.19415	381.976
LLLTLLGALLGTLLSTLLILI	LLLTLLGALLGTLLGTLLILI	1387.47	1386.14	0.19415	0.754431	353.943
LLLTLLGALLGTLLGTLLILI	LLLTLLGALLGTLLSTLLILI	1386.14	1387.47	0.754431	0.19415	326.872
LLLTLLGALLGTLLSTLLILI	LLLTLLGALLGTLLGTLLILI	1387.47	1386.14	0.19415	0.754431	300.898
LLLTLLGALLGTLLGTLLILI	LLLTLLGSLLGTLLGTLLILI	1385.63	1387.26	0.244161	0.642213	172.439
LLLTLLGSLLGTLLGTLLILI	LLLTLLGALLGTLLGTLLILI	1387.26	1385.63	0.642213	0.244161	155.814
Time: 86s
