***STARTING GEOMETRY:***
xShift: 8.2
crossingAngle: 26.19
axialRotation: 75.6518
zShift: 3.22877

Number of MCCycles: 100
PrevSequence	CurrSequence	PrevEnergy	CurrEnergy	PrevEntropy	CurrEntropy	CurrentTemp
LLLYVLLGLLGTLTSLLLILI	LLLYVLLGLLGVLTSLLLILI	-0.294892	2.33799	0.632162	0.249358	999.684
LLLYVLLGLLGVLTSLLLILI	LLLYWLLGLLGVLTSLLLILI	2.30633	3.72893	0.217693	0.697764	999.328
LLLYWLLGLLGVLTSLLLILI	LLLYWLLGLLGTLTSLLLILI	3.16888	0.749871	0.137712	0.930859	998.928
LLLYWLLGLLGTLTSLLLILI	LLLWWLLGLLGTLTSLLLILI	-0.0322095	2.11108	0.148778	0.890414	998.476
LLLWWLLGLLGTLTSLLLILI	LLLWYLLGLLGTLTSLLLILI	2.11108	0.928854	0.890414	0.148778	997.967
LLLWYLLGLLGTLTSLLLILI	LLLWYLLGLLFTLTSLLLILI	1.48793	3.33142	0.707856	0.213262	997.394
LLLWYLLGLLFTLTSLLLILI	LLLWYLLGLLFTLVSLLLILI	4.04902	6.83388	0.930859	0.137712	996.749
LLLWYLLGLLFTLVSLLLILI	LLLWWLLGLLFTLVSLLLILI	6.84495	7.98675	0.148778	0.890414	996.023
LLLWWLLGLLFTLVSLLLILI	LLLWWLLGLLFYLVSLLLILI	7.42506	5.1045	0.328724	0.505042	995.205
LLLWWLLGLLFYLVSLLLILI	LLLWWLLGLLFYLTSLLLILI	4.84881	1.59391	0.249358	0.632162	994.285
LLLWWLLGLLFYLTSLLLILI	LLLYWLLGLLFYLTSLLLILI	1.56062	-0.265042	0.598868	0.267575	993.249
LLLYWLLGLLFYLTSLLLILI	LLLYVLLGLLFYLTSLLLILI	0.476594	-0.0837643	1.00921	0.118797	992.084
LLLYVLLGLLFYLTSLLLILI	LLLYVLLGLLFWLTSLLLILI	0.248626	-0.702888	0.451187	0.372136	990.773
LLLYVLLGLLFWLTSLLLILI	LLLFVLLGLLFWLTSLLLILI	-0.664681	0.726198	0.410343	0.410343	989.3
LLLFVLLGLLFWLTSLLLILI	LLLFVLLGLLYWLTSLLLILI	0.726198	-1.44122	0.410343	0.410343	987.644
LLLFVLLGLLYWLTSLLLILI	LLLFVLLGLLYWLTGLLLILI	-1.57995	-0.521042	0.271616	0.591862	985.783
LLLFVLLGLLYWLTGLLLILI	LLLYVLLGLLYWLTGLLLILI	-0.980802	-1.55677	0.132101	0.952787	981.348
LLLYVLLGLLYWLTGLLLILI	LLLYVLLGLLFWLTGLLLILI	-1.55677	-0.0972022	0.952787	0.132101	978.717
LLLYVLLGLLFWLTGLLLILI	LLLYVLLGLLYWLTGLLLILI	-0.0972022	-1.55677	0.132101	0.952787	975.768
LLLYVLLGLLYWLTGLLLILI	LLLYVLLGLLYWLVGLLLILI	-2.11282	1.47209	0.396733	0.424273	972.463
LLLYVLLGLLYWLVGLLLILI	LLLYVLLGLLYWLTGLLLILI	1.47209	-2.11282	0.424273	0.396733	968.764
LLLYVLLGLLYWLTGLLLILI	LLLFVLLGLLYWLTGLLLILI	-1.55677	-0.980802	0.952787	0.132101	964.627
LLLFVLLGLLYWLTGLLLILI	LLLYVLLGLLYWLTGLLLILI	-0.980802	-1.55039	0.132101	0.952787	960.005
LLLYVLLGLLYWLTGLLLILI	LLLYFLLGLLYWLTGLLLILI	-2.16257	-1.21855	0.340616	0.489394	954.846
LLLYFLLGLLYWLTGLLLILI	LLLYVLLGLLYWLTGLLLILI	-1.21855	-2.16894	0.489394	0.340616	949.095
LLLYVLLGLLYWLTGLLLILI	LLLYVLLGLLFWLTGLLLILI	-1.55677	-0.103577	0.952787	0.132101	942.693
LLLYVLLGLLFWLTGLLLILI	LLLYVLLGLLYWLTGLLLILI	-0.103577	-1.55677	0.132101	0.952787	935.578
LLLYVLLGLLYWLTGLLLILI	LLLYVLLGLLYYLTGLLLILI	-2.23751	-0.732737	0.272043	0.591129	927.683
LLLYVLLGLLYYLTGLLLILI	LLLYVLLGLLYWLTGLLLILI	-0.732737	-2.23751	0.591129	0.272043	918.939
LLLYVLLGLLYWLTGLLLILI	LLLYYLLGLLYWLTGLLLILI	-2.4374	-1.39897	0.0721588	1.28166	898.621
LLLYYLLGLLYWLTGLLLILI	LLLYVLLGLLYWLTGLLLILI	-1.39897	-2.4374	1.28166	0.0721588	886.903
LLLYVLLGLLYWLTGLLLILI	LLLYYLLGLLYWLTGLLLILI	-2.4374	-1.39897	0.0721588	1.28166	874.051
LLLYYLLGLLYWLTGLLLILI	LLLYVLLGLLYWLTGLLLILI	-1.39897	-2.4374	1.28166	0.0721588	859.999
LLLYVLLGLLYWLTGLLLILI	LLLYVLLGLLFWLTGLLLILI	-1.55677	-0.0972022	0.952787	0.132101	844.686
LLLYVLLGLLFWLTGLLLILI	LLLYVLLGLLFYLTGLLLILI	0.142833	1.12686	0.372136	0.451187	810.083
LLLYVLLGLLFYLTGLLLILI	LLLYWLLGLLFYLTGLLLILI	0.79447	1.45505	0.118797	1.00921	790.724
LLLYWLLGLLFYLTGLLLILI	LLLYWLLGLLWYLTGLLLILI	0.52489	-0.862755	0.0790506	1.23103	769.974
LLLYWLLGLLWYLTGLLLILI	LLLYYLLGLLWYLTGLLLILI	-1.63606	-1.71885	0.457728	0.366471	747.845
LLLYYLLGLLWYLTGLLLILI	LLLYWLLGLLWYLTGLLLILI	-1.71885	-1.63606	0.366471	0.457728	724.369
LLLYWLLGLLWYLTGLLLILI	LLLYWLLGLLWFLTGLLLILI	-1.141	-1.06916	0.952787	0.132101	699.602
LLLYWLLGLLWFLTGLLLILI	LLLYWLLGLLYFLTGLLLILI	-0.602393	-0.4889	0.598868	0.267575	673.628
LLLYWLLGLLYFLTGLLLILI	LLLYVLLGLLYFLTGLLLILI	0.252736	-0.521783	1.00921	0.118797	646.557
LLLYVLLGLLYFLTGLLLILI	LLLYVLLGLLFFLTGLLLILI	0.00979859	1.41777	0.650378	0.240035	618.524
LLLYVLLGLLFFLTGLLLILI	LLLYVLLGLLFFLVGLLLILI	1.57447	5.14588	0.396733	0.424273	589.688
LLLYVLLGLLFFLVGLLLILI	LLLYYLLGLLFFLVGLLLILI	4.91608	5.35288	0.194474	0.753596	560.23
LLLYYLLGLLFFLVGLLLILI	LLLYYLLGLLFWLVGLLLILI	4.86686	3.84562	0.267575	0.598868	530.348
LLLYYLLGLLFWLVGLLLILI	LLLYVLLGLLFWLVGLLLILI	4.00035	3.5307	0.753596	0.194474	500.25
LLLYVLLGLLFWLVGLLLILI	LLLYVLLGLLFYLVGLLLILI	3.70836	4.63431	0.372136	0.451187	470.152
LLLYVLLGLLFYLVGLLLILI	LLLYVLLGLLFYLTGLLLILI	4.60739	1.07241	0.424273	0.396733	440.27
LLLYVLLGLLFYLTGLLLILI	LLLFVLLGLLFYLTGLLLILI	1.32605	2.31167	0.650378	0.240035	410.812
LLLFVLLGLLFYLTGLLLILI	LLLFVLLGLLFWLTGLLLILI	2.33921	1.75407	0.267575	0.598868	381.976
LLLFVLLGLLFWLTGLLLILI	LLLFVLLGLLYWLTGLLLILI	1.56554	-0.70256	0.410343	0.410343	353.943
LLLFVLLGLLYWLTGLLLILI	LLLFVLLGLLYYLTGLLLILI	-0.740767	0.529601	0.372136	0.451187	326.872
LLLFVLLGLLYYLTGLLLILI	LLLFVLLGLLYWLTGLLLILI	0.529601	-0.740767	0.451187	0.372136	300.898
LLLFVLLGLLYWLTGLLLILI	LLLYVLLGLLYWLTGLLLILI	-0.980802	-1.55677	0.132101	0.952787	276.131
LLLYVLLGLLYWLTGLLLILI	LLLYYLLGLLYWLTGLLLILI	-2.4374	-1.39897	0.0721588	1.28166	252.655
LLLYYLLGLLYWLTGLLLILI	LLLYVLLGLLYWLTGLLLILI	-1.39897	-2.4374	1.28166	0.0721588	230.526
LLLYVLLGLLYWLTGLLLILI	LLLFVLLGLLYWLTGLLLILI	-1.55677	-0.980802	0.952787	0.132101	172.439
LLLFVLLGLLYWLTGLLLILI	LLLYVLLGLLYWLTGLLLILI	-0.980802	-1.55677	0.132101	0.952787	140.501
Time: 126s
