***STARTING GEOMETRY:***
xShift: 6.43411
crossingAngle: -36.7124
axialRotation: 40.1487
zShift: 3.67608

Number of MCCycles: 100
PrevSequence	CurrSequence	PrevEnergy	CurrEnergy	PrevEntropy	CurrEntropy	CurrentTemp
LLLTLLGALLGGLLTTLLILI	LLLTLLGALLGGLLATLLILI	4254	4252.16	0.856576	0.158812	999.684
LLLTLLGALLGGLLATLLILI	LLLTLLGALLGSLLATLLILI	4252.75	4250.29	0.754431	0.19415	999.328
LLLTLLGALLGSLLATLLILI	LLLTLLGALLGALLATLLILI	4250.4	4250.28	0.297523	0.549849	998.928
LLLTLLGALLGALLATLLILI	LLLTLLGALLGSLLATLLILI	4250.28	4250.4	0.549849	0.297523	998.476
LLLTLLGALLGSLLATLLILI	LLLTLLGALLGALLATLLILI	4250.4	4250.28	0.297523	0.549849	997.967
LLLTLLGALLGALLATLLILI	LLLTLLGALLGALLGTLLILI	4250.01	4252.51	0.276169	0.584123	996.749
LLLTLLGALLGALLGTLLILI	LLLTLLGALLGALLATLLILI	4252.51	4250.01	0.584123	0.276169	996.023
LLLTLLGALLGALLATLLILI	LLLTLLGALLGALLAYLLILI	4250.27	4249.52	0.538845	0.30482	995.205
LLLTLLGALLGALLAYLLILI	LLLTLLGALLGSLLAYLLILI	4249.76	4250.19	0.549849	0.297523	994.285
LLLTLLGALLGSLLAYLLILI	LLLTLLGALLGSLLGYLLILI	4250.09	4251.26	0.197612	0.745602	993.249
LLLTLLGALLGSLLGYLLILI	LLLTLLGALLGTLLGYLLILI	4250.74	4248.78	0.220804	0.690823	992.084
LLLTLLGALLGTLLGYLLILI	LLLTLLGALLGTLLGTLLILI	4248.31	4248.55	0.219549	0.693609	990.773
LLLTLLGALLGTLLGTLLILI	LLLTLLGALLGTLLGYLLILI	4248.55	4248.31	0.693609	0.219549	987.644
LLLTLLGALLGTLLGYLLILI	LLLTLLGALLGTLLGTLLILI	4248.31	4248.55	0.219549	0.693609	985.783
LLLTLLGALLGTLLGTLLILI	LLLTLLGALLGTLLGYLLILI	4248.55	4248.31	0.693609	0.219549	983.694
LLLTLLGALLGTLLGYLLILI	LLLTLLGALLGTLLGTLLILI	4248.31	4248.55	0.219549	0.693609	981.348
LLLTLLGALLGTLLGTLLILI	LLLTLLGALLGTLLGYLLILI	4248.55	4248.31	0.693609	0.219549	978.717
LLLTLLGALLGTLLGYLLILI	LLLTLLGALLGTLLGTLLILI	4248.31	4248.55	0.219549	0.693609	972.463
LLLTLLGALLGTLLGTLLILI	LLLALLGALLGTLLGTLLILI	4248.72	4251.38	0.856576	0.158812	968.764
LLLALLGALLGTLLGTLLILI	LLLTLLGALLGTLLGTLLILI	4251.38	4248.72	0.158812	0.856576	964.627
LLLTLLGALLGTLLGTLLILI	LLLTLLGALLGWLLGTLLILI	4248.35	4249.48	0.48602	0.343253	954.846
LLLTLLGALLGWLLGTLLILI	LLLTLLGALLGWLLGVLLILI	4250.07	4253.23	0.930859	0.137712	949.095
LLLTLLGALLGWLLGVLLILI	LLLTLLGALLGWLLGTLLILI	4253.23	4252.86	0.137712	0.930859	942.693
LLLTLLGALLGWLLGTLLILI	LLLALLGALLGWLLGTLLILI	4252.61	4252.72	0.682386	0.224658	935.578
LLLALLGALLGWLLGTLLILI	LLLTLLGALLGWLLGTLLILI	4252.72	4249.82	0.224658	0.682386	927.683
LLLTLLGALLGWLLGTLLILI	LLLALLGALLGWLLGTLLILI	4249.82	4252.72	0.682386	0.224658	909.276
LLLALLGALLGWLLGTLLILI	LLLALLGALLGTLLGTLLILI	4252.95	4251.59	0.460972	0.363705	898.621
LLLALLGALLGTLLGTLLILI	LLLTLLGALLGTLLGTLLILI	4251.38	4248.72	0.158812	0.856576	886.903
LLLTLLGALLGTLLGTLLILI	LLLALLGALLGTLLGTLLILI	4248.72	4251.38	0.856576	0.158812	874.051
LLLALLGALLGTLLGTLLILI	LLLTLLGALLGTLLGTLLILI	4251.38	4248.72	0.158812	0.856576	859.999
LLLTLLGALLGTLLGTLLILI	LLLTLLGALLGTLLGYLLILI	4248.55	4248.31	0.693609	0.219549	844.686
LLLTLLGALLGTLLGYLLILI	LLLTLLGALLGSLLGYLLILI	4248.78	4250.74	0.690823	0.220804	810.083
LLLTLLGALLGSLLGYLLILI	LLLTLLGALLGSLLAYLLILI	4251.26	4249.83	0.745602	0.197612	790.724
LLLTLLGALLGSLLAYLLILI	LLLTLLGALLGALLAYLLILI	4249.93	4249.76	0.297523	0.549849	769.974
LLLTLLGALLGALLAYLLILI	LLLTLLGALLGSLLAYLLILI	4249.76	4249.93	0.549849	0.297523	747.845
LLLTLLGALLGSLLAYLLILI	LLLTLLGALLGSLLGYLLILI	4249.83	4251.26	0.197612	0.745602	724.369
LLLTLLGALLGSLLGYLLILI	LLLTLLGALLGTLLGYLLILI	4250.74	4248.78	0.220804	0.690823	699.602
LLLTLLGALLGTLLGYLLILI	LLLTLLGALLGSLLGYLLILI	4248.78	4250.74	0.690823	0.220804	673.628
LLLTLLGALLGSLLGYLLILI	LLLTLLGALLGSLLAYLLILI	4251.26	4249.83	0.745602	0.197612	646.557
LLLTLLGALLGSLLAYLLILI	LLLTLLGALLGALLAYLLILI	4249.93	4249.76	0.297523	0.549849	618.524
LLLTLLGALLGALLAYLLILI	LLLTLLGALLGALLGYLLILI	4249.49	4251.25	0.276169	0.584123	560.23
LLLTLLGALLGALLGYLLILI	LLLTLLGALLGALLAYLLILI	4251.25	4249.49	0.584123	0.276169	530.348
LLLTLLGALLGALLAYLLILI	LLLTLLGALLGSLLAYLLILI	4249.76	4249.93	0.549849	0.297523	500.25
LLLTLLGALLGSLLAYLLILI	LLLTLLGALLGSLLATLLILI	4249.94	4251.27	0.30482	0.538845	470.152
LLLTLLGALLGSLLATLLILI	LLLTLLGALLGALLATLLILI	4251.03	4251.06	0.297523	0.549849	440.27
LLLTLLGALLGALLATLLILI	LLLTLLGALLGSLLATLLILI	4251.06	4251.03	0.549849	0.297523	410.812
LLLTLLGALLGSLLATLLILI	LLLTLLGALLGALLATLLILI	4251.03	4251.06	0.297523	0.549849	381.976
LLLTLLGALLGALLATLLILI	LLLTLLGALLGALLAYLLILI	4251.05	4249.78	0.538845	0.30482	353.943
LLLTLLGALLGALLAYLLILI	LLLTLLGALLGSLLAYLLILI	4250.02	4249.93	0.549849	0.297523	326.872
LLLTLLGALLGSLLAYLLILI	LLLTLLGALLGSLLATLLILI	4249.94	4251.27	0.30482	0.538845	300.898
LLLTLLGALLGSLLATLLILI	LLLTLLGALLGALLATLLILI	4251.03	4251.06	0.297523	0.549849	276.131
LLLTLLGALLGALLATLLILI	LLLTLLGALLGALLAYLLILI	4251.05	4249.78	0.538845	0.30482	252.655
LLLTLLGALLGALLAYLLILI	LLLTLLGALLGSLLAYLLILI	4250.02	4249.93	0.549849	0.297523	190.417
LLLTLLGALLGSLLAYLLILI	LLLTLLGALLGALLAYLLILI	4249.93	4249.76	0.297523	0.549849	172.439
LLLTLLGALLGALLAYLLILI	LLLTLLGALLGSLLAYLLILI	4249.76	4249.93	0.549849	0.297523	64.9219
LLLTLLGALLGSLLAYLLILI	LLLTLLGALLGALLAYLLILI	4249.93	4249.76	0.297523	0.549849	57.8066
Time: 111s
