***STARTING GEOMETRY:***
xShift: 8.67597
crossingAngle: 31
axialRotation: 75.6518
zShift: 4.2

Number of MCCycles: 100
PrevSequence	CurrSequence	PrevEnergy	CurrEnergy	PrevEntropy	CurrEntropy	CurrentTemp
LLLYVLLGLLGTLTALLLILI	LLLYVLLGLLTTLTALLLILI	-3.64167	-14.2244	0.246959	0.636769	999.684
LLLYVLLGLLTTLTALLLILI	LLLYVLLGLLTTLTSLLLILI	-14.617	-13.6391	0.244161	0.642213	999.328
LLLYVLLGLLTTLTSLLLILI	LLLYVLLGLLTTLVSLLLILI	-13.4812	-10.6449	0.800152	0.177314	998.928
LLLYVLLGLLTTLVSLLLILI	LLLYVLLGLLTTLVALLLILI	-10.18	-11.2342	0.642213	0.244161	998.476
LLLYVLLGLLTTLVALLLILI	LLLYVLLGLLTTLTALLLILI	-11.301	-14.061	0.177314	0.800152	997.967
LLLYVLLGLLTTLTALLLILI	LLLYWLLGLLTTLTALLLILI	-14.7424	-13.1226	0.118797	1.00921	997.394
LLLYWLLGLLTTLTALLLILI	LLLYWLLGLLTTLTSLLLILI	-13.8876	-12.9102	0.244161	0.642213	996.749
LLLYWLLGLLTTLTSLLLILI	LLLFWLLGLLTTLTSLLLILI	-12.902	-11.6574	0.650378	0.240035	996.023
LLLFWLLGLLTTLTSLLLILI	LLLFVLLGLLTTLTSLLLILI	-10.8882	-12.5905	1.00921	0.118797	995.205
LLLFVLLGLLTTLTSLLLILI	LLLYVLLGLLTTLTSLLLILI	-12.4692	-13.6313	0.240035	0.650378	994.285
LLLYVLLGLLTTLTSLLLILI	LLLYVLLGLLTTLVSLLLILI	-13.4815	-10.6446	0.800152	0.177314	993.249
LLLYVLLGLLTTLVSLLLILI	LLLWVLLGLLTTLVSLLLILI	-10.5544	-9.30336	0.267575	0.598868	992.084
LLLWVLLGLLTTLVSLLLILI	LLLWVLLGLLTTLVALLLILI	-9.26002	-10.3145	0.642213	0.244161	990.773
LLLWVLLGLLTTLVALLLILI	LLLWVLLGLLTTLVSLLLILI	-10.3145	-9.26002	0.244161	0.642213	989.3
LLLWVLLGLLTTLVSLLLILI	LLLWVLLGLLTTLTSLLLILI	-9.72492	-12.5614	0.177314	0.800152	987.644
LLLWVLLGLLTTLTSLLLILI	LLLYVLLGLLTTLTSLLLILI	-12.7627	-14.0141	0.598868	0.267575	985.783
LLLYVLLGLLTTLTSLLLILI	LLLYVLLGLLTTLTALLLILI	-13.6394	-14.617	0.642213	0.244161	983.694
LLLYVLLGLLTTLTALLLILI	LLLWVLLGLLTTLTALLLILI	-14.5936	-13.3422	0.267575	0.598868	981.348
LLLWVLLGLLTTLTALLLILI	LLLWILLGLLTTLTALLLILI	-13.7089	-11.4759	0.232152	0.666466	978.717
LLLWILLGLLTTLTALLLILI	LLLWILLGLLTTLTSLLLILI	-11.8982	-10.9206	0.244161	0.642213	975.768
LLLWILLGLLTTLTSLLLILI	LLLWILLGLLTTLTALLLILI	-10.9206	-11.8982	0.642213	0.244161	972.463
LLLWILLGLLTTLTALLLILI	LLLWVLLGLLTTLTALLLILI	-11.4759	-13.7089	0.666466	0.232152	968.764
LLLWVLLGLLTTLTALLLILI	LLLYVLLGLLTTLTALLLILI	-13.3422	-14.5936	0.598868	0.267575	964.627
LLLYVLLGLLTTLTALLLILI	LLLYVLLGLLTTLTSLLLILI	-14.617	-13.6394	0.244161	0.642213	960.005
LLLYVLLGLLTTLTSLLLILI	LLLYWLLGLLTTLTSLLLILI	-14.1628	-12.5432	0.118797	1.00921	954.846
LLLYWLLGLLTTLTSLLLILI	LLLFWLLGLLTTLTSLLLILI	-12.902	-11.6574	0.650378	0.240035	949.095
LLLFWLLGLLTTLTSLLLILI	LLLFVLLGLLTTLTSLLLILI	-10.8882	-12.5905	1.00921	0.118797	942.693
LLLFVLLGLLTTLTSLLLILI	LLLYVLLGLLTTLTSLLLILI	-12.4692	-13.6313	0.240035	0.650378	935.578
LLLYVLLGLLTTLTSLLLILI	LLLYWLLGLLTTLTSLLLILI	-14.1628	-12.5432	0.118797	1.00921	927.683
LLLYWLLGLLTTLTSLLLILI	LLLYVLLGLLTTLTSLLLILI	-12.5432	-14.1628	1.00921	0.118797	918.939
LLLYVLLGLLTTLTSLLLILI	LLLYVLLGLLTTLTALLLILI	-13.6394	-14.617	0.642213	0.244161	909.276
LLLYVLLGLLTTLTALLLILI	LLLYWLLGLLTTLTALLLILI	-14.7424	-13.1226	0.118797	1.00921	898.621
LLLYWLLGLLTTLTALLLILI	LLLYWLLGLLTTLTSLLLILI	-13.8876	-12.9102	0.244161	0.642213	886.903
LLLYWLLGLLTTLTSLLLILI	LLLYWLLGLLTTLVSLLLILI	-12.424	-9.99761	1.12845	0.0952708	874.051
LLLYWLLGLLTTLVSLLLILI	LLLYWLLGLLTTLTSLLLILI	-9.99761	-12.424	0.0952708	1.12845	859.999
LLLYWLLGLLTTLTSLLLILI	LLLFWLLGLLTTLTSLLLILI	-12.902	-11.6574	0.650378	0.240035	844.686
LLLFWLLGLLTTLTSLLLILI	LLLFVLLGLLTTLTSLLLILI	-10.8882	-12.5905	1.00921	0.118797	828.061
LLLFVLLGLLTTLTSLLLILI	LLLFVLLGLLTTLTALLLILI	-12.067	-13.0446	0.642213	0.244161	810.083
LLLFVLLGLLTTLTALLLILI	LLLYVLLGLLTTLTALLLILI	-13.0487	-14.2108	0.240035	0.650378	790.724
LLLYVLLGLLTTLTALLLILI	LLLYVLLGLLTTLTSLLLILI	-14.617	-13.6394	0.244161	0.642213	769.974
LLLYVLLGLLTTLTSLLLILI	LLLYVLLGLLTTLTALLLILI	-13.6394	-14.6167	0.642213	0.244161	747.845
LLLYVLLGLLTTLTALLLILI	LLLYVLLGLLTTLTSLLLILI	-14.6167	-13.6394	0.244161	0.642213	724.369
LLLYVLLGLLTTLTSLLLILI	LLLWVLLGLLTTLTSLLLILI	-14.0141	-12.7627	0.267575	0.598868	699.602
LLLWVLLGLLTTLTSLLLILI	LLLYVLLGLLTTLTSLLLILI	-12.7627	-14.0141	0.598868	0.267575	673.628
LLLYVLLGLLTTLTSLLLILI	LLLYVLLGLLTTLTALLLILI	-13.6394	-14.617	0.642213	0.244161	646.557
LLLYVLLGLLTTLTALLLILI	LLLYVLLGLLTTLTSLLLILI	-14.617	-13.6391	0.244161	0.642213	618.524
LLLYVLLGLLTTLTSLLLILI	LLLWVLLGLLTTLTSLLLILI	-14.0137	-12.7627	0.267575	0.598868	589.688
LLLWVLLGLLTTLTSLLLILI	LLLWVLLGLLTTLTALLLILI	-12.7193	-13.6969	0.642213	0.244161	560.23
LLLWVLLGLLTTLTALLLILI	LLLYVLLGLLTTLTALLLILI	-13.3422	-14.5936	0.598868	0.267575	530.348
LLLYVLLGLLTTLTALLLILI	LLLYVLLGLLTTLTSLLLILI	-14.617	-13.6394	0.244161	0.642213	500.25
LLLYVLLGLLTTLTSLLLILI	LLLWVLLGLLTTLTSLLLILI	-14.0141	-12.7627	0.267575	0.598868	470.152
LLLWVLLGLLTTLTSLLLILI	LLLYVLLGLLTTLTSLLLILI	-12.7627	-14.0141	0.598868	0.267575	440.27
LLLYVLLGLLTTLTSLLLILI	LLLYVLLGLLTTLTALLLILI	-13.6394	-14.617	0.642213	0.244161	410.812
LLLYVLLGLLTTLTALLLILI	LLLYWLLGLLTTLTALLLILI	-14.7424	-13.1226	0.118797	1.00921	252.655
LLLYWLLGLLTTLTALLLILI	LLLYVLLGLLTTLTALLLILI	-13.1226	-14.742	1.00921	0.118797	230.526
LLLYVLLGLLTTLTALLLILI	LLLYVLLGLLTTLTSLLLILI	-14.6167	-13.6394	0.244161	0.642213	190.417
LLLYVLLGLLTTLTSLLLILI	LLLYVLLGLLTTLTALLLILI	-13.6394	-14.6167	0.642213	0.244161	155.814
Time: 153s
