***STARTING GEOMETRY:***
xShift: 6.79757
crossingAngle: -50.3046
axialRotation: 6.27961
zShift: 4.42874

Number of MCCycles: 100
PrevSequence	CurrSequence	PrevEnergy	CurrEnergy	PrevEntropy	CurrEntropy	CurrentTemp
LLLYLLGTLLGTLLTTLLILI	LLLYLLGTLLGYLLTTLLILI	-28.671	-30.122	0.443059	0.379341	999.684
LLLYLLGTLLGYLLTTLLILI	LLLFLLGTLLGYLLTTLLILI	-29.5486	-28.3024	0.952787	0.132101	999.328
LLLFLLGTLLGYLLTTLLILI	LLLFLLGTLLGFLLTTLLILI	-28.0242	-27.0497	0.410343	0.410343	998.928
LLLFLLGTLLGFLLTTLLILI	LLLFLLGTLLGFLLSTLLILI	-26.7692	-24.0823	0.690823	0.220804	998.476
LLLFLLGTLLGFLLSTLLILI	LLLFLLGTLLGYLLSTLLILI	-23.8928	-24.9368	0.410343	0.410343	997.967
LLLFLLGTLLGYLLSTLLILI	LLLYLLGTLLGYLLSTLLILI	-25.215	-26.4612	0.132101	0.952787	997.394
LLLYLLGTLLGYLLSTLLILI	LLLYLLGTLLGYLLATLLILI	-26.7717	-26.2831	0.642213	0.244161	996.749
LLLYLLGTLLGYLLATLLILI	LLLYLLGTLLGFLLATLLILI	-25.5745	-25.3079	0.952787	0.132101	996.023
LLLYLLGTLLGFLLATLLILI	LLLYLLGTLLGFLLSTLLILI	-25.1959	-25.7412	0.244161	0.642213	995.205
LLLYLLGTLLGFLLSTLLILI	LLLYLLGTLLGYLLSTLLILI	-26.2514	-26.4612	0.132101	0.952787	994.285
LLLYLLGTLLGYLLSTLLILI	LLLYLLGTLLGYLLATLLILI	-26.7717	-26.2831	0.642213	0.244161	993.249
LLLYLLGTLLGYLLATLLILI	LLLYLLGTLLGFLLATLLILI	-25.5745	-25.2998	0.952787	0.132101	992.084
LLLYLLGTLLGFLLATLLILI	LLLYLLGTLLGYLLATLLILI	-25.2998	-25.5745	0.132101	0.952787	990.773
LLLYLLGTLLGYLLATLLILI	LLLYLLGTLLGYLLSTLLILI	-26.2831	-26.7717	0.244161	0.642213	989.3
LLLYLLGTLLGYLLSTLLILI	LLLYLLGTLLGYLLATLLILI	-26.7717	-26.2831	0.642213	0.244161	987.644
LLLYLLGTLLGYLLATLLILI	LLLYLLGTLLGYLLSTLLILI	-26.2831	-26.7717	0.244161	0.642213	985.783
LLLYLLGTLLGYLLSTLLILI	LLLYLLGTLLGFLLSTLLILI	-26.4612	-26.2514	0.952787	0.132101	983.694
LLLYLLGTLLGFLLSTLLILI	LLLYLLGVLLGFLLSTLLILI	-25.7513	-21.5145	0.632162	0.249358	981.348
LLLYLLGVLLGFLLSTLLILI	LLLYLLGVLLGFLLATLLILI	-21.1217	-20.1059	0.642213	0.244161	978.717
LLLYLLGVLLGFLLATLLILI	LLLYLLGVLLGFLLSTLLILI	-20.1059	-21.1298	0.244161	0.642213	975.768
LLLYLLGVLLGFLLSTLLILI	LLLYLLGVLLGFLLATLLILI	-21.1298	-20.3596	0.642213	0.244161	972.463
LLLYLLGVLLGFLLATLLILI	LLLYLLGVLLGFLLSTLLILI	-20.3596	-21.1217	0.244161	0.642213	968.764
LLLYLLGVLLGFLLSTLLILI	LLLYLLGVLLGTLLSTLLILI	-21.4591	-22.6945	0.30482	0.538845	960.005
LLLYLLGVLLGTLLSTLLILI	LLLYLLGVLLGFLLSTLLILI	-22.6945	-21.4672	0.538845	0.30482	954.846
LLLYLLGVLLGFLLSTLLILI	LLLYLLGVLLGFLLATLLILI	-21.1298	-20.3596	0.642213	0.244161	949.095
LLLYLLGVLLGFLLATLLILI	LLLYLLGTLLGFLLATLLILI	-20.3544	-24.8079	0.249358	0.632162	942.693
LLLYLLGTLLGFLLATLLILI	LLLYLLGTLLGYLLATLLILI	-25.3079	-25.5745	0.132101	0.952787	935.578
LLLYLLGTLLGYLLATLLILI	LLLYLLGTLLGFLLATLLILI	-25.5745	-25.3079	0.952787	0.132101	918.939
LLLYLLGTLLGFLLATLLILI	LLLFLLGTLLGFLLATLLILI	-25.0297	-22.9493	0.410343	0.410343	909.276
LLLFLLGTLLGFLLATLLILI	LLLFLLGTLLGFLLSTLLILI	-23.1155	-23.6609	0.244161	0.642213	898.621
LLLFLLGTLLGFLLSTLLILI	LLLFLLGTLLGFLLATLLILI	-23.6609	-23.1569	0.642213	0.244161	886.903
LLLFLLGTLLGFLLATLLILI	LLLFLLGTLLGFLLSTLLILI	-23.1569	-23.8254	0.244161	0.642213	874.051
LLLFLLGTLLGFLLSTLLILI	LLLYLLGTLLGFLLSTLLILI	-24.0573	-26.0879	0.410343	0.410343	859.999
LLLYLLGTLLGFLLSTLLILI	LLLYLLGTLLGFLLSVLLILI	-26.0879	-21.9877	0.410343	0.410343	844.686
LLLYLLGTLLGFLLSVLLILI	LLLYLLGTLLGFLLSTLLILI	-21.9877	-25.9731	0.410343	0.410343	828.061
LLLYLLGTLLGFLLSTLLILI	LLLYLLGTLLGYLLSTLLILI	-26.2514	-26.4612	0.132101	0.952787	810.083
LLLYLLGTLLGYLLSTLLILI	LLLYLLGTLLGFLLSTLLILI	-26.4612	-26.3743	0.952787	0.132101	790.724
LLLYLLGTLLGFLLSTLLILI	LLLYLLGTLLGYLLSTLLILI	-26.3743	-26.4612	0.132101	0.952787	769.974
LLLYLLGTLLGYLLSTLLILI	LLLYLLGTLLGFLLSTLLILI	-26.4612	-26.2432	0.952787	0.132101	747.845
LLLYLLGTLLGFLLSTLLILI	LLLFLLGTLLGFLLSTLLILI	-25.965	-23.8509	0.410343	0.410343	724.369
LLLFLLGTLLGFLLSTLLILI	LLLFLLGTLLGYLLSTLLILI	-23.8509	-24.8686	0.410343	0.410343	699.602
LLLFLLGTLLGYLLSTLLILI	LLLFLLGTLLGYLLATLLILI	-24.6368	-24.2162	0.642213	0.244161	673.628
LLLFLLGTLLGYLLATLLILI	LLLYLLGTLLGYLLATLLILI	-24.3283	-25.5745	0.132101	0.952787	646.557
LLLYLLGTLLGYLLATLLILI	LLLYLLGTLLGFLLATLLILI	-25.5745	-25.0536	0.952787	0.132101	618.524
LLLYLLGTLLGFLLATLLILI	LLLYLLGTLLGFLLSTLLILI	-24.9416	-25.4692	0.244161	0.642213	589.688
LLLYLLGTLLGFLLSTLLILI	LLLYLLGTLLGYLLSTLLILI	-25.9794	-26.4861	0.132101	0.952787	560.23
LLLYLLGTLLGYLLSTLLILI	LLLFLLGTLLGYLLSTLLILI	-26.4861	-25.215	0.952787	0.132101	500.25
LLLFLLGTLLGYLLSTLLILI	LLLFLLGTLLGFLLSTLLILI	-24.9368	-23.9341	0.410343	0.410343	470.152
LLLFLLGTLLGFLLSTLLILI	LLLYLLGTLLGFLLSTLLILI	-23.9341	-25.9731	0.410343	0.410343	440.27
LLLYLLGTLLGFLLSTLLILI	LLLYLLGTLLGFLLATLLILI	-25.7412	-25.1877	0.642213	0.244161	410.812
LLLYLLGTLLGFLLATLLILI	LLLYLLGTLLGFLLSTLLILI	-25.1877	-25.5922	0.244161	0.642213	381.976
LLLYLLGTLLGFLLSTLLILI	LLLYLLGTLLGYLLSTLLILI	-26.1023	-26.4863	0.132101	0.952787	353.943
LLLYLLGTLLGYLLSTLLILI	LLLYLLGTLLGYLLATLLILI	-26.7969	-26.2831	0.642213	0.244161	326.872
LLLYLLGTLLGYLLATLLILI	LLLYLLGTLLGYLLSTLLILI	-26.2831	-26.7717	0.244161	0.642213	300.898
LLLYLLGTLLGYLLSTLLILI	LLLFLLGTLLGYLLSTLLILI	-26.4612	-25.2136	0.952787	0.132101	276.131
LLLFLLGTLLGYLLSTLLILI	LLLYLLGTLLGYLLSTLLILI	-25.2136	-26.4779	0.132101	0.952787	252.655
LLLYLLGTLLGYLLSTLLILI	LLLYLLGTLLGFLLSTLLILI	-26.4779	-26.2514	0.952787	0.132101	230.526
LLLYLLGTLLGFLLSTLLILI	LLLYLLGTLLGFLLATLLILI	-25.7412	-25.1877	0.642213	0.244161	190.417
LLLYLLGTLLGFLLATLLILI	LLLYLLGTLLGYLLATLLILI	-25.2998	-25.5745	0.132101	0.952787	172.439
LLLYLLGTLLGYLLATLLILI	LLLYLLGTLLGYLLSTLLILI	-26.2831	-26.7636	0.244161	0.642213	155.814
LLLYLLGTLLGYLLSTLLILI	LLLYLLGTLLGFLLSTLLILI	-26.453	-26.3745	0.952787	0.132101	113.597
LLLYLLGTLLGFLLSTLLILI	LLLYLLGTLLGYLLSTLLILI	-26.3745	-26.4612	0.132101	0.952787	91.2238
Time: 99s
