***STARTING GEOMETRY:***
xShift: 8.67597
crossingAngle: 26.19
axialRotation: 50
zShift: 4.2

Number of MCCycles: 100
PrevSequence	CurrSequence	PrevEnergy	CurrEnergy	PrevEntropy	CurrEntropy	CurrentTemp
LLLYVLLGLLATLTTLLLILI	LLLYVLLGLLYTLTTLLLILI	60806	206.568	0.0936181	1.13801	999.684
LLLYVLLGLLYTLTTLLLILI	LLLFVLLGLLYTLTTLLLILI	206.383	204.979	0.952787	0.132101	999.328
LLLFVLLGLLYTLTTLLLILI	LLLFVLLGLLYTLTSLLLILI	205.713	209.054	0.865998	0.155943	998.928
LLLFVLLGLLYTLTSLLLILI	LLLFVLLGLLYTLVSLLLILI	209.53	212.702	0.632162	0.249358	998.476
LLLFVLLGLLYTLVSLLLILI	LLLFVLLGLLYTLTSLLLILI	212.702	209.647	0.249358	0.632162	997.967
LLLFVLLGLLYTLTSLLLILI	LLLFVLLGLLYLLTSLLLILI	209.69	210.585	0.67574	0.227751	997.394
LLLFVLLGLLYLLTSLLLILI	LLLFVLLGLLFLLTSLLLILI	210.768	212.937	0.410343	0.410343	996.749
LLLFVLLGLLFLLTSLLLILI	LLLFILLGLLFLLTSLLLILI	212.925	213.853	0.398479	0.42245	996.023
LLLFILLGLLFLLTSLLLILI	LLLFILLGLLFTLTSLLLILI	213.658	211.589	0.227751	0.67574	995.205
LLLFILLGLLFTLTSLLLILI	LLLWILLGLLFTLTSLLLILI	211.181	207.651	0.267575	0.598868	994.285
LLLWILLGLLFTLTSLLLILI	LLLWILLGLLYTLTSLLLILI	207.292	207.276	0.240035	0.650378	993.249
LLLWILLGLLYTLTSLLLILI	LLLWILLGLLYFLTSLLLILI	207.442	207.196	0.816184	0.171816	992.084
LLLWILLGLLYFLTSLLLILI	LLLWILLGLLYTLTSLLLILI	207.196	207.442	0.171816	0.816184	990.773
LLLWILLGLLYTLTSLLLILI	LLLWVLLGLLYTLTSLLLILI	207.048	205.482	0.42245	0.398479	989.3
LLLWVLLGLLYTLTSLLLILI	LLLWVLLGLLYTLTTLLLILI	205.239	203.577	0.155943	0.865998	987.644
LLLWVLLGLLYTLTTLLLILI	LLLWTLLGLLYTLTTLLLILI	202.784	201.618	0.0728516	1.27634	985.783
LLLWTLLGLLYTLTTLLLILI	LLLWILLGLLYTLTTLLLILI	201.597	201.73	1.2552	0.0756774	983.694
LLLWILLGLLYTLTTLLLILI	LLLWILLSLLYTLTTLLLILI	202.022	206.395	0.367007	0.457104	978.717
LLLWILLSLLYTLTTLLLILI	LLLWILLGLLYTLTTLLLILI	206.395	203.283	0.457104	0.367007	975.768
LLLWILLGLLYTLTTLLLILI	LLLWILLGLLFTLTTLLLILI	203.567	203.709	0.650378	0.240035	972.463
LLLWILLGLLFTLTTLLLILI	LLLWILLGLLFYLTTLLLILI	204.163	207.781	0.693609	0.219549	968.764
LLLWILLGLLFYLTTLLLILI	LLLWVLLGLLFYLTTLLLILI	207.983	207.317	0.42245	0.398479	964.627
LLLWVLLGLLFYLTTLLLILI	LLLFVLLGLLFYLTTLLLILI	207.517	211.034	0.598868	0.267575	960.005
LLLFVLLGLLFYLTTLLLILI	LLLWVLLGLLFYLTTLLLILI	211.034	207.517	0.267575	0.598868	954.846
LLLWVLLGLLFYLTTLLLILI	LLLWVLLGLLFYLTSLLLILI	207.609	209.779	0.690823	0.220804	949.095
LLLWVLLGLLFYLTSLLLILI	LLLWTLLGLLFYLTSLLLILI	209.696	209.586	0.137712	0.930859	942.693
LLLWTLLGLLFYLTSLLLILI	LLLWVLLGLLFYLTSLLLILI	209.586	209.696	0.930859	0.137712	935.578
LLLWVLLGLLFYLTSLLLILI	LLLWVLLSLLFYLTSLLLILI	209.77	212.521	0.2115	0.71194	927.683
LLLWVLLSLLFYLTSLLLILI	LLLWVLLSLLFYLTTLLLILI	212.19	209.611	0.381257	0.440933	918.939
LLLWVLLSLLFYLTTLLLILI	LLLWVLLSLLYYLTTLLLILI	209.303	209.28	0.132101	0.952787	909.276
LLLWVLLSLLYYLTTLLLILI	LLLWTLLSLLYYLTTLLLILI	208.422	208.457	0.0952708	1.12845	898.621
LLLWTLLSLLYYLTTLLLILI	LLLWTLLGLLYYLTTLLLILI	207.785	203.143	0.457104	0.367007	886.903
LLLWTLLGLLYYLTTLLLILI	LLLWTLLGLLYYLTSLLLILI	203.642	206.091	0.865998	0.155943	859.999
LLLWTLLGLLYYLTSLLLILI	LLLWVLLGLLYYLTSLLLILI	206.866	207.356	0.930859	0.137712	844.686
LLLWVLLGLLYYLTSLLLILI	LLLWVLLGLLYYLTTLLLILI	207.439	205.051	0.220804	0.690823	828.061
LLLWVLLGLLYYLTTLLLILI	LLLWTLLGLLYYLTTLLLILI	204.455	205.373	0.0952708	1.12845	810.083
LLLWTLLGLLYYLTTLLLILI	LLLWTLLGLLYYLVTLLLILI	205.373	206.732	1.12845	0.0952708	790.724
LLLWTLLGLLYYLVTLLLILI	LLLWTLLGLLYYLITLLLILI	207.035	208.111	0.398479	0.42245	769.974
LLLWTLLGLLYYLITLLLILI	LLLWTLLGLLFYLITLLLILI	208.641	210.806	0.952787	0.132101	747.845
LLLWTLLGLLFYLITLLLILI	LLLWVLLGLLFYLITLLLILI	211.604	211.865	0.930859	0.137712	724.369
LLLWVLLGLLFYLITLLLILI	LLLWVLLGLLYYLITLLLILI	211.86	209.792	0.132101	0.952787	699.602
LLLWVLLGLLYYLITLLLILI	LLLWVLLGLLFYLITLLLILI	209.792	211.709	0.952787	0.132101	673.628
LLLWVLLGLLFYLITLLLILI	LLLWTLLGLLFYLITLLLILI	211.715	211.604	0.137712	0.930859	646.557
LLLWTLLGLLFYLITLLLILI	LLLWVLLGLLFYLITLLLILI	211.604	211.715	0.930859	0.137712	618.524
LLLWVLLGLLFYLITLLLILI	LLLWTLLGLLFYLITLLLILI	211.715	211.754	0.137712	0.930859	589.688
LLLWTLLGLLFYLITLLLILI	LLLWTLLGLLYYLITLLLILI	210.955	208.643	0.132101	0.952787	560.23
LLLWTLLGLLYYLITLLLILI	LLLWTLLGLLYTLITLLLILI	208.07	206.703	0.379341	0.443059	530.348
LLLWTLLGLLYTLITLLLILI	LLLWTLLGLLYFLITLLLILI	207.264	207.046	1.0043	0.119894	500.25
LLLWTLLGLLYFLITLLLILI	LLLWVLLGLLYFLITLLLILI	207.857	208.365	0.930859	0.137712	470.152
LLLWVLLGLLYFLITLLLILI	LLLWVLLGLLYTLITLLLILI	208.399	208.306	0.171816	0.816184	440.27
LLLWVLLGLLYTLITLLLILI	LLLWVLLGLLYFLITLLLILI	208.306	208.427	0.816184	0.171816	410.812
LLLWVLLGLLYFLITLLLILI	LLLWTLLGLLYFLITLLLILI	208.393	207.857	0.137712	0.930859	381.976
LLLWTLLGLLYFLITLLLILI	LLLWTLLGLLYFLVTLLLILI	207.348	206.25	0.42245	0.398479	326.872
LLLWTLLGLLYFLVTLLLILI	LLLWTLLGLLYFLTTLLLILI	205.947	203.413	0.0952708	1.12845	300.898
LLLWTLLGLLYFLTTLLLILI	LLLWVLLGLLYFLTTLLLILI	203.413	203.681	1.12845	0.0952708	276.131
LLLWVLLGLLYFLTTLLLILI	LLLWTLLGLLYFLTTLLLILI	203.681	203.413	0.0952708	1.12845	252.655
LLLWTLLGLLYFLTTLLLILI	LLLWTLLGLLYTLTTLLLILI	202.376	202.75	0.0921195	1.14683	209.776
LLLWTLLGLLYTLTTLLLILI	LLLWTLLGLLFTLTTLLLILI	202.253	202.267	0.650378	0.240035	190.417
LLLWTLLGLLFTLTTLLLILI	LLLWVLLGLLFTLTTLLLILI	203.303	203.627	1.27634	0.0728516	172.439
LLLWVLLGLLFTLTTLLLILI	LLLWVLLGLLYTLTTLLLILI	203.794	203.296	0.240035	0.650378	155.814
LLLWVLLGLLYTLTTLLLILI	LLLWTLLGLLYTLTTLLLILI	202.719	202.674	0.0728516	1.27634	140.501
LLLWTLLGLLYTLTTLLLILI	LLLWTLLGLLYFLTTLLLILI	202.544	202.376	1.14683	0.0921195	126.449
LLLWTLLGLLYFLTTLLLILI	LLLWTLLGLLYTLTTLLLILI	202.376	202.531	0.0921195	1.14683	57.8066
LLLWTLLGLLYTLTTLLLILI	LLLWTLLGLLYFLTTLLLILI	202.531	202.25	1.14683	0.0921195	51.4049
Time: 158s
