***STARTING GEOMETRY:***
xShift: 8.76755
crossingAngle: -40.3239
axialRotation: 50.9782
zShift: 4.1529

Number of MCCycles: 100
PrevSequence	CurrSequence	PrevEnergy	CurrEnergy	PrevEntropy	CurrEntropy	CurrentTemp
LLLYLLTTLLGTLLTYLLILI	LLLYLLTTLLGTLLTTLLILI	-23.6551	-23.3285	0.255144	0.62127	999.328
LLLYLLTTLLGTLLTTLLILI	LLLYLLVTLLGTLLTTLLILI	-22.5552	-19.9323	1.39457	0.0589809	998.928
LLLYLLVTLLGTLLTTLLILI	LLLYLLTTLLGTLLTTLLILI	-19.9323	-22.5552	0.0589809	1.39457	997.967
LLLYLLTTLLGTLLTTLLILI	LLLYLLTTLLGTLLTYLLILI	-23.3285	-23.8847	0.62127	0.255144	997.394
LLLYLLTTLLGTLLTYLLILI	LLLYLLTTLLGTLLTTLLILI	-23.8847	-23.3285	0.255144	0.62127	996.749
LLLYLLTTLLGTLLTTLLILI	LLLYLLTTLLGILLTTLLILI	-22.9316	-20.2869	1.01811	0.116837	996.023
LLLYLLTTLLGILLTTLLILI	LLLYLLTTLLGILLTYLLILI	-19.8649	-17.946	0.538845	0.30482	994.285
LLLYLLTTLLGILLTYLLILI	LLLYLLTTLLGTLLTYLLILI	-18.1081	-23.2279	0.142768	0.911943	993.249
LLLYLLTTLLGTLLTYLLILI	LLLYLLTSLLGTLLTYLLILI	-23.1389	-19.509	1.001	0.120637	990.773
LLLYLLTSLLGTLLTYLLILI	LLLYLLTSLLGTLLTTLLILI	-19.3249	-18.9072	0.30482	0.538845	989.3
LLLYLLTSLLGTLLTTLLILI	LLLYLLVSLLGTLLTTLLILI	-18.1697	-15.3528	1.27634	0.0728516	987.644
LLLYLLVSLLGTLLTTLLILI	LLLYLLVSLLGTLLTYLLILI	-14.9826	-15.2297	0.443059	0.379341	985.783
LLLYLLVSLLGTLLTYLLILI	LLLYLLVSLLGTLLTTLLILI	-15.2297	-14.9826	0.379341	0.443059	983.694
LLLYLLVSLLGTLLTTLLILI	LLLYLLVSLLGTLLTYLLILI	-14.9826	-15.2297	0.443059	0.379341	981.348
LLLYLLVSLLGTLLTYLLILI	LLLYLLTSLLGTLLTYLLILI	-15.5138	-18.5012	0.0952708	1.12845	978.717
LLLYLLTSLLGTLLTYLLILI	LLLYLLTSLLGTLLTTLLILI	-19.3249	-18.9072	0.30482	0.538845	975.768
LLLYLLTSLLGTLLTTLLILI	LLLYLLTSLLTTLLTTLLILI	-19.3606	-28.2352	0.0854581	1.18802	972.463
LLLYLLTSLLTTLLTTLLILI	LLLYLLTSLLTVLLTTLLILI	-28.0287	-25.7094	1.39457	0.0589809	968.764
LLLYLLTSLLTVLLTTLLILI	LLLYLLTALLTVLLTTLLILI	-25.1262	-24.6853	0.642213	0.244161	964.627
LLLYLLTALLTVLLTTLLILI	LLLYLLTALLTTLLTTLLILI	-24.8705	-27.2272	0.0589809	1.39457	960.005
LLLYLLTALLTTLLTTLLILI	LLLYLLTALLTTLLTYLLILI	-28.0005	-28.5895	0.62127	0.255144	954.846
LLLYLLTALLTTLLTYLLILI	LLLYLLTALLTTLLTTLLILI	-28.5895	-28.0005	0.255144	0.62127	949.095
LLLYLLTALLTTLLTTLLILI	LLLYLLTALLTVLLTTLLILI	-27.2272	-24.8705	1.39457	0.0589809	942.693
LLLYLLTALLTVLLTTLLILI	LLLYLLTALLTVLLYTLLILI	-24.3906	-22.6299	0.538845	0.30482	935.578
LLLYLLTALLTVLLYTLLILI	LLLYLLTSLLTVLLYTLLILI	-22.6906	-22.7049	0.244161	0.642213	927.683
LLLYLLTSLLTVLLYTLLILI	LLLYLLTSLLTTLLYTLLILI	-23.2743	-22.2928	0.0728516	1.27634	918.939
LLLYLLTSLLTTLLYTLLILI	LLLYLLTALLTTLLYTLLILI	-22.9269	-24.2481	0.642213	0.244161	909.276
LLLYLLTALLTTLLYTLLILI	LLLYLLTALLTTLLTTLLILI	-24.2371	-28.0005	0.255144	0.62127	898.621
LLLYLLTALLTTLLTTLLILI	LLLYLLTALLTVLLTTLLILI	-27.2272	-24.8705	1.39457	0.0589809	886.903
LLLYLLTALLTVLLTTLLILI	LLLYLLTALLTTLLTTLLILI	-24.8705	-27.2272	0.0589809	1.39457	874.051
LLLYLLTALLTTLLTTLLILI	LLLYLLTALLTTLLVTLLILI	-27.2272	-24.7592	1.39457	0.0589809	859.999
LLLYLLTALLTTLLVTLLILI	LLLYLLTALLTTLLTTLLILI	-24.7592	-27.2272	0.0589809	1.39457	844.686
LLLYLLTALLTTLLTTLLILI	LLLYLLTALLTTLLTYLLILI	-28.0005	-28.5895	0.62127	0.255144	828.061
LLLYLLTALLTTLLTYLLILI	LLLYLLTALLTTLLTTLLILI	-28.5895	-28.0005	0.255144	0.62127	790.724
LLLYLLTALLTTLLTTLLILI	LLLYLLTALLTTLLTYLLILI	-28.0005	-28.5895	0.62127	0.255144	769.974
LLLYLLTALLTTLLTYLLILI	LLLYLLTALLTTLLTTLLILI	-28.5895	-28.0005	0.255144	0.62127	747.845
LLLYLLTALLTTLLTTLLILI	LLLYLLTALLTVLLTTLLILI	-27.2272	-24.8705	1.39457	0.0589809	724.369
LLLYLLTALLTVLLTTLLILI	LLLYLLTALLTVLLVTLLILI	-23.9986	-22.2985	0.930859	0.137712	699.602
LLLYLLTALLTVLLVTLLILI	LLLYLLTALLTVLLTTLLILI	-22.2985	-23.9986	0.137712	0.930859	673.628
LLLYLLTALLTVLLTTLLILI	LLLYLLTSLLTVLLTTLLILI	-24.6853	-25.1262	0.244161	0.642213	646.557
LLLYLLTSLLTVLLTTLLILI	LLLYLLTALLTVLLTTLLILI	-25.1262	-24.6853	0.642213	0.244161	589.688
LLLYLLTALLTVLLTTLLILI	LLLYLLTALLTTLLTTLLILI	-24.8705	-27.2272	0.0589809	1.39457	560.23
LLLYLLTALLTTLLTTLLILI	LLLYLLTALLTTLLTYLLILI	-28.0005	-28.5895	0.62127	0.255144	530.348
LLLYLLTALLTTLLTYLLILI	LLLYLLTALLWTLLTYLLILI	-28.2573	-24.537	0.58734	0.274265	500.25
LLLYLLTALLWTLLTYLLILI	LLLYLLTALLTTLLTYLLILI	-24.537	-28.2573	0.274265	0.58734	470.152
LLLYLLTALLTTLLTYLLILI	LLLYLLTSLLTTLLTYLLILI	-28.6005	-29.0078	0.244161	0.642213	410.812
LLLYLLTSLLTTLLTYLLILI	LLLYLLTSLLTTLLTTLLILI	-29.3949	-28.802	0.255144	0.62127	300.898
LLLYLLTSLLTTLLTTLLILI	LLLYLLTSLLTTLLTYLLILI	-28.802	-29.3949	0.62127	0.255144	276.131
LLLYLLTSLLTTLLTYLLILI	LLLYLLTALLTTLLTYLLILI	-29.0078	-28.6005	0.642213	0.244161	252.655
LLLYLLTALLTTLLTYLLILI	LLLYLLTSLLTTLLTYLLILI	-28.6005	-29.0078	0.244161	0.642213	230.526
LLLYLLTSLLTTLLTYLLILI	LLLYLLTSLLTTLLTTLLILI	-29.3949	-28.802	0.255144	0.62127	209.776
LLLYLLTSLLTTLLTTLLILI	LLLYLLTSLLTTLLTYLLILI	-28.802	-29.3949	0.62127	0.255144	190.417
LLLYLLTSLLTTLLTYLLILI	LLLYLLTSLLTTLLTTLLILI	-29.3949	-28.802	0.255144	0.62127	172.439
LLLYLLTSLLTTLLTTLLILI	LLLYLLTALLTTLLTTLLILI	-28.781	-28.3776	0.642213	0.244161	113.597
LLLYLLTALLTTLLTTLLILI	LLLYLLTALLTTLLTYLLILI	-28.0005	-28.5895	0.62127	0.255144	101.879
LLLYLLTALLTTLLTYLLILI	LLLYLLTSLLTTLLTYLLILI	-28.6005	-29.0078	0.244161	0.642213	91.2238
LLLYLLTSLLTTLLTYLLILI	LLLYLLTSLLTTLLTTLLILI	-29.3949	-28.802	0.255144	0.62127	64.9219
LLLYLLTSLLTTLLTTLLILI	LLLYLLTSLLTTLLTYLLILI	-28.802	-29.3949	0.62127	0.255144	51.4049
Time: 131s
