MCAccept 0 xShift: 8.41801 crossingAngle: -35.51 axialRotation: -42.71 zShift: 3 energy: 1378.24
MCAccept 1 xShift: 8.41801 crossingAngle: -35.4771 axialRotation: -42.71 zShift: 3 energy: 1378.24
MCAccept 2 xShift: 8.41801 crossingAngle: -35.4886 axialRotation: -42.71 zShift: 3 energy: 1378.24
MCAccept 3 xShift: 8.41801 crossingAngle: -35.4886 axialRotation: -42.71 zShift: 3.00806 energy: 1340.85
MCAccept 4 xShift: 8.41801 crossingAngle: -35.4886 axialRotation: -42.7582 zShift: 3.00806 energy: 1340.85
MCReject   xShift: 8.41801 crossingAngle: -35.4886 axialRotation: -42.7582 zShift: 3.00547 energy: 1352.63
MCAccept 5 xShift: 8.41111 crossingAngle: -35.4886 axialRotation: -42.7582 zShift: 3.00806 energy: 1337.17
MCReject   xShift: 8.41111 crossingAngle: -35.3926 axialRotation: -42.7582 zShift: 3.00806 energy: 1341.03
MCReject   xShift: 8.41111 crossingAngle: -35.4886 axialRotation: -42.7582 zShift: 2.99209 energy: 1414.65
MCAccept 6 xShift: 8.41111 crossingAngle: -35.4886 axialRotation: -42.7876 zShift: 3.00806 energy: 1337.17
MCAccept 7 xShift: 8.41814 crossingAngle: -35.4886 axialRotation: -42.7876 zShift: 3.00806 energy: 1337
MCReject   xShift: 8.41814 crossingAngle: -35.4886 axialRotation: -42.7876 zShift: 3.00357 energy: 1359.09
MCAccept 8 xShift: 8.40728 crossingAngle: -35.4886 axialRotation: -42.7876 zShift: 3.00806 energy: 1337
MCAccept 9 xShift: 8.40728 crossingAngle: -35.4886 axialRotation: -42.9783 zShift: 3.00806 energy: 1337
MCReject   xShift: 8.40728 crossingAngle: -35.4886 axialRotation: -42.9783 zShift: 2.99901 energy: 1379.04
MCReject   xShift: 8.42232 crossingAngle: -35.4886 axialRotation: -42.9783 zShift: 3.00806 energy: 1340.85
MCAccept 10 xShift: 8.40728 crossingAngle: -35.5418 axialRotation: -42.9783 zShift: 3.00806 energy: 1337
MCAccept 11 xShift: 8.40728 crossingAngle: -35.5418 axialRotation: -42.9783 zShift: 3.03645 energy: 1225.51
MCAccept 12 xShift: 8.40063 crossingAngle: -35.5418 axialRotation: -42.9783 zShift: 3.03645 energy: 1225.51
MCAccept 13 xShift: 8.40063 crossingAngle: -35.5796 axialRotation: -42.9783 zShift: 3.03645 energy: 1221.88
MCAccept 14 xShift: 8.40011 crossingAngle: -35.5796 axialRotation: -42.9783 zShift: 3.03645 energy: 1222.06
MCReject   xShift: 8.40011 crossingAngle: -35.5796 axialRotation: -42.9783 zShift: 3.02428 energy: 1272.01
MCReject   xShift: 8.38714 crossingAngle: -35.5796 axialRotation: -42.9783 zShift: 3.03645 energy: 1225.51
MCReject   xShift: 8.40011 crossingAngle: -35.6463 axialRotation: -42.9783 zShift: 3.03645 energy: 1223.21
MCReject   xShift: 8.39327 crossingAngle: -35.5796 axialRotation: -42.9783 zShift: 3.03645 energy: 1225.69
MCAccept 15 xShift: 8.40011 crossingAngle: -35.5796 axialRotation: -42.9783 zShift: 3.04345 energy: 1197.07
MCReject   xShift: 8.40011 crossingAngle: -35.4452 axialRotation: -42.9783 zShift: 3.04345 energy: 1200.64
MCAccept 16 xShift: 8.40011 crossingAngle: -35.5796 axialRotation: -42.9783 zShift: 3.04866 energy: 1182.9
MCAccept 17 xShift: 8.40011 crossingAngle: -35.5796 axialRotation: -42.9967 zShift: 3.04866 energy: 1182.9
MCAccept 18 xShift: 8.40011 crossingAngle: -35.5796 axialRotation: -42.9967 zShift: 3.07104 energy: 1114.07
MCReject   xShift: 8.40011 crossingAngle: -35.5796 axialRotation: -42.9967 zShift: 3.06856 energy: 1117.78
MCAccept 19 xShift: 8.40011 crossingAngle: -35.4113 axialRotation: -42.9967 zShift: 3.07104 energy: 1110.73
MCAccept 20 xShift: 8.40011 crossingAngle: -35.4113 axialRotation: -42.9967 zShift: 3.08478 energy: 1077.05
MCAccept 21 xShift: 8.40011 crossingAngle: -35.4113 axialRotation: -42.9377 zShift: 3.08478 energy: 1075.18
MCReject   xShift: 8.4025 crossingAngle: -35.4113 axialRotation: -42.9377 zShift: 3.08478 energy: 1077.05
MCReject   xShift: 8.40011 crossingAngle: -35.4054 axialRotation: -42.9377 zShift: 3.08478 energy: 1077.05
MCAccept 22 xShift: 8.40011 crossingAngle: -35.4113 axialRotation: -42.9377 zShift: 3.09966 energy: 1040.96
MCAccept 23 xShift: 8.40011 crossingAngle: -35.4113 axialRotation: -43.0909 zShift: 3.09966 energy: 1039.28
MCReject   xShift: 8.40513 crossingAngle: -35.4113 axialRotation: -43.0909 zShift: 3.09966 energy: 1040.96
MCAccept 24 xShift: 8.40259 crossingAngle: -35.4113 axialRotation: -43.0909 zShift: 3.09966 energy: 1037.87
MCAccept 25 xShift: 8.40434 crossingAngle: -35.4113 axialRotation: -43.0909 zShift: 3.09966 energy: 1037.87
MCAccept 26 xShift: 8.40434 crossingAngle: -35.313 axialRotation: -43.0909 zShift: 3.09966 energy: 1038.05
MCAccept 27 xShift: 8.40434 crossingAngle: -35.2535 axialRotation: -43.0909 zShift: 3.09966 energy: 1037.87
MCAccept 28 xShift: 8.40434 crossingAngle: -35.2535 axialRotation: -43.0718 zShift: 3.09966 energy: 1038.05
MCReject   xShift: 8.42278 crossingAngle: -35.2535 axialRotation: -43.0718 zShift: 3.09966 energy: 1039.17
MCReject   xShift: 8.40434 crossingAngle: -35.2535 axialRotation: -43.0718 zShift: 3.09028 energy: 1061.53
MCAccept 29 xShift: 8.40434 crossingAngle: -35.2535 axialRotation: -43.0718 zShift: 3.10575 energy: 1025.44
MCReject   xShift: 8.40434 crossingAngle: -35.2535 axialRotation: -43.1482 zShift: 3.10575 energy: 1027.26
MCReject   xShift: 8.40434 crossingAngle: -35.2535 axialRotation: -43.0718 zShift: 3.10321 energy: 1032.9
MCAccept 30 xShift: 8.40434 crossingAngle: -35.2535 axialRotation: -43.0529 zShift: 3.10575 energy: 1025.33
MCReject   xShift: 8.40434 crossingAngle: -35.2535 axialRotation: -43.0529 zShift: 3.10125 energy: 1035.36
MCReject   xShift: 8.40434 crossingAngle: -35.2535 axialRotation: -43.0529 zShift: 3.0697 energy: 1115.75
MCReject   xShift: 8.40434 crossingAngle: -35.31 axialRotation: -43.0529 zShift: 3.10575 energy: 1025.5
MCAccept 31 xShift: 8.39435 crossingAngle: -35.2535 axialRotation: -43.0529 zShift: 3.10575 energy: 1025.33
MCAccept 32 xShift: 8.39435 crossingAngle: -35.2535 axialRotation: -43.0272 zShift: 3.10575 energy: 1024.22
MCAccept 33 xShift: 8.39435 crossingAngle: -35.2535 axialRotation: -43.0364 zShift: 3.10575 energy: 1024.22
MCReject   xShift: 8.39435 crossingAngle: -35.2535 axialRotation: -43.0364 zShift: 3.09781 energy: 1043.24
MCReject   xShift: 8.39435 crossingAngle: -35.2535 axialRotation: -43.0866 zShift: 3.10575 energy: 1025.5
MCReject   xShift: 8.39435 crossingAngle: -35.2321 axialRotation: -43.0364 zShift: 3.10575 energy: 1027.45
MCAccept 34 xShift: 8.39435 crossingAngle: -35.2535 axialRotation: -43.1754 zShift: 3.10575 energy: 1024.22
MCAccept 35 xShift: 8.39435 crossingAngle: -35.2535 axialRotation: -43.0284 zShift: 3.10575 energy: 1024.22
MCReject   xShift: 8.39435 crossingAngle: -35.2535 axialRotation: -43.0284 zShift: 3.10546 energy: 1024.86
MCReject   xShift: 8.39435 crossingAngle: -35.2535 axialRotation: -43.0655 zShift: 3.10575 energy: 1025.44
MCReject   xShift: 8.39435 crossingAngle: -35.2535 axialRotation: -42.8909 zShift: 3.10575 energy: 1027.26
MCReject   xShift: 8.39852 crossingAngle: -35.2535 axialRotation: -43.0284 zShift: 3.10575 energy: 1024.41
MCAccept 36 xShift: 8.39435 crossingAngle: -35.2535 axialRotation: -42.9776 zShift: 3.10575 energy: 1024.22
MCReject   xShift: 8.3975 crossingAngle: -35.2535 axialRotation: -42.9776 zShift: 3.10575 energy: 1024.41
MCAccept 37 xShift: 8.39435 crossingAngle: -35.2535 axialRotation: -42.9776 zShift: 3.1146 energy: 1008.59
MCAccept 38 xShift: 8.39435 crossingAngle: -35.2535 axialRotation: -43.1144 zShift: 3.1146 energy: 1006.51
MCReject   xShift: 8.41391 crossingAngle: -35.2535 axialRotation: -43.1144 zShift: 3.1146 energy: 1008.4
MCAccept 39 xShift: 8.39435 crossingAngle: -35.4806 axialRotation: -43.1144 zShift: 3.1146 energy: 1005.63
MCReject   xShift: 8.39435 crossingAngle: -35.4806 axialRotation: -43.1144 zShift: 3.11377 energy: 1007.35
MCReject   xShift: 8.39435 crossingAngle: -35.4022 axialRotation: -43.1144 zShift: 3.1146 energy: 1008.4
MCAccept 40 xShift: 8.39435 crossingAngle: -35.3857 axialRotation: -43.1144 zShift: 3.1146 energy: 1005.63
MCReject   xShift: 8.39435 crossingAngle: -35.3857 axialRotation: -42.9468 zShift: 3.1146 energy: 1006.51
MCReject   xShift: 8.40176 crossingAngle: -35.3857 axialRotation: -43.1144 zShift: 3.1146 energy: 1008.4
MCReject   xShift: 8.39435 crossingAngle: -35.3905 axialRotation: -43.1144 zShift: 3.1146 energy: 1008.4
MCAccept 41 xShift: 8.39435 crossingAngle: -35.3857 axialRotation: -42.9949 zShift: 3.1146 energy: 1005.63
MCReject   xShift: 8.3805 crossingAngle: -35.3857 axialRotation: -42.9949 zShift: 3.1146 energy: 1008.4
MCAccept 42 xShift: 8.39435 crossingAngle: -35.5146 axialRotation: -42.9949 zShift: 3.1146 energy: 1005.63
MCReject   xShift: 8.39435 crossingAngle: -35.2509 axialRotation: -42.9949 zShift: 3.1146 energy: 1008.4
MCReject   xShift: 8.39435 crossingAngle: -35.5096 axialRotation: -42.9949 zShift: 3.1146 energy: 1008.59
MCReject   xShift: 8.41151 crossingAngle: -35.5146 axialRotation: -42.9949 zShift: 3.1146 energy: 1008.59
MCReject   xShift: 8.39435 crossingAngle: -35.5146 axialRotation: -43.0663 zShift: 3.1146 energy: 1008.4
MCAccept 43 xShift: 8.39435 crossingAngle: -35.5146 axialRotation: -42.9949 zShift: 3.1167 energy: 1001.35
MCAccept 44 xShift: 8.4053 crossingAngle: -35.5146 axialRotation: -42.9949 zShift: 3.1167 energy: 1001.17
MCReject   xShift: 8.4053 crossingAngle: -35.3734 axialRotation: -42.9949 zShift: 3.1167 energy: 1002.23
MCReject   xShift: 8.4053 crossingAngle: -35.3154 axialRotation: -42.9949 zShift: 3.1167 energy: 1001.35
MCAccept 45 xShift: 8.4053 crossingAngle: -35.5469 axialRotation: -42.9949 zShift: 3.1167 energy: 1001.17
MCAccept 46 xShift: 8.4053 crossingAngle: -35.5469 axialRotation: -42.9949 zShift: 3.12145 energy: 994.619
MCAccept 47 xShift: 8.4053 crossingAngle: -35.5469 axialRotation: -42.8874 zShift: 3.12145 energy: 992.763
MCAccept 48 xShift: 8.4053 crossingAngle: -35.5983 axialRotation: -42.8874 zShift: 3.12145 energy: 992.763
MCAccept 49 xShift: 8.4053 crossingAngle: -35.5983 axialRotation: -42.8874 zShift: 3.12409 energy: 989.496
MCAccept 50 xShift: 8.4053 crossingAngle: -35.3949 axialRotation: -42.8874 zShift: 3.12409 energy: 989.683
MCAccept 51 xShift: 8.4053 crossingAngle: -35.3032 axialRotation: -42.8874 zShift: 3.12409 energy: 989.496
MCReject   xShift: 8.40898 crossingAngle: -35.3032 axialRotation: -42.8874 zShift: 3.12409 energy: 989.683
MCAccept 52 xShift: 8.38222 crossingAngle: -35.3032 axialRotation: -42.8874 zShift: 3.12409 energy: 986.613
MCReject   xShift: 8.38222 crossingAngle: -35.3032 axialRotation: -42.8874 zShift: 3.11947 energy: 996.805
MCAccept 53 xShift: 8.38222 crossingAngle: -35.3032 axialRotation: -42.8874 zShift: 3.12572 energy: 986.373
MCAccept 54 xShift: 8.38222 crossingAngle: -35.3032 axialRotation: -42.8874 zShift: 3.14037 energy: 958.432
MCReject   xShift: 8.38222 crossingAngle: -35.3032 axialRotation: -42.8354 zShift: 3.14037 energy: 959.882
MCAccept 55 xShift: 8.38222 crossingAngle: -35.3032 axialRotation: -42.8874 zShift: 3.14015 energy: 957.513
MCReject   xShift: 8.38222 crossingAngle: -35.3032 axialRotation: -42.9526 zShift: 3.14015 energy: 958.679
MCAccept 56 xShift: 8.38222 crossingAngle: -35.2059 axialRotation: -42.8874 zShift: 3.14015 energy: 957.701
MCReject   xShift: 8.38222 crossingAngle: -35.2059 axialRotation: -42.9123 zShift: 3.14015 energy: 960.258
MCReject   xShift: 8.38222 crossingAngle: -35.2059 axialRotation: -42.8874 zShift: 3.13386 energy: 969.696
MCAccept 57 xShift: 8.38222 crossingAngle: -35.2059 axialRotation: -42.8874 zShift: 3.14432 energy: 950.685
MCReject   xShift: 8.38222 crossingAngle: -35.2965 axialRotation: -42.8874 zShift: 3.14432 energy: 953.205
MCReject   xShift: 8.38222 crossingAngle: -35.2059 axialRotation: -42.8874 zShift: 3.13954 energy: 958.553
MCReject   xShift: 8.36964 crossingAngle: -35.2059 axialRotation: -42.8874 zShift: 3.14432 energy: 953.205
MCReject   xShift: 8.38222 crossingAngle: -35.059 axialRotation: -42.8874 zShift: 3.14432 energy: 951.465
MCReject   xShift: 8.37244 crossingAngle: -35.2059 axialRotation: -42.8874 zShift: 3.14432 energy: 953.205
MCAccept 58 xShift: 8.37002 crossingAngle: -35.2059 axialRotation: -42.8874 zShift: 3.14432 energy: 950.685
MCReject   xShift: 8.37002 crossingAngle: -35.2059 axialRotation: -42.8874 zShift: 3.13455 energy: 970.081
MCReject   xShift: 8.37002 crossingAngle: -35.0212 axialRotation: -42.8874 zShift: 3.14432 energy: 953.205
MCReject   xShift: 8.37002 crossingAngle: -35.2059 axialRotation: -43.0091 zShift: 3.14432 energy: 950.767
MCReject   xShift: 8.37002 crossingAngle: -35.2059 axialRotation: -43.0247 zShift: 3.14432 energy: 953.205
MCAccept 59 xShift: 8.37002 crossingAngle: -35.2059 axialRotation: -42.8874 zShift: 3.1585 energy: 930.886
MCAccept 60 xShift: 8.37522 crossingAngle: -35.2059 axialRotation: -42.8874 zShift: 3.1585 energy: 930.696
MCAccept 61 xShift: 8.37522 crossingAngle: -35.3151 axialRotation: -42.8874 zShift: 3.1585 energy: 930.696
MCAccept 62 xShift: 8.37522 crossingAngle: -35.3151 axialRotation: -42.828 zShift: 3.1585 energy: 930.696
MCAccept 63 xShift: 8.37522 crossingAngle: -35.3151 axialRotation: -42.7203 zShift: 3.1585 energy: 930.696
MCAccept 64 xShift: 8.37522 crossingAngle: -35.4078 axialRotation: -42.7203 zShift: 3.1585 energy: 930.696
MCAccept 65 xShift: 8.37522 crossingAngle: -35.5292 axialRotation: -42.7203 zShift: 3.1585 energy: 928.108
MCAccept 66 xShift: 8.37522 crossingAngle: -35.5292 axialRotation: -42.7203 zShift: 3.16333 energy: 923.73
MCAccept 67 xShift: 8.39364 crossingAngle: -35.5292 axialRotation: -42.7203 zShift: 3.16333 energy: 923.539
MCAccept 68 xShift: 8.39364 crossingAngle: -35.605 axialRotation: -42.7203 zShift: 3.16333 energy: 920.993
MCReject   xShift: 8.39364 crossingAngle: -35.605 axialRotation: -42.6784 zShift: 3.16333 energy: 923.73
MCAccept 69 xShift: 8.39364 crossingAngle: -35.605 axialRotation: -42.7203 zShift: 3.16411 energy: 920.76
MCAccept 70 xShift: 8.39364 crossingAngle: -35.5448 axialRotation: -42.7203 zShift: 3.16411 energy: 919.864
MCReject   xShift: 8.39364 crossingAngle: -35.5448 axialRotation: -42.6676 zShift: 3.16411 energy: 920.054
MCAccept 71 xShift: 8.39364 crossingAngle: -35.5448 axialRotation: -42.7203 zShift: 3.17049 energy: 911.914
MCReject   xShift: 8.40604 crossingAngle: -35.5448 axialRotation: -42.7203 zShift: 3.17049 energy: 913.341
MCAccept 72 xShift: 8.39364 crossingAngle: -35.5448 axialRotation: -42.8008 zShift: 3.17049 energy: 911.914
MCReject   xShift: 8.39364 crossingAngle: -35.4579 axialRotation: -42.8008 zShift: 3.17049 energy: 913.341
MCAccept 73 xShift: 8.39364 crossingAngle: -35.5448 axialRotation: -42.8008 zShift: 3.17603 energy: 903.362
MCAccept 74 xShift: 8.38895 crossingAngle: -35.5448 axialRotation: -42.8008 zShift: 3.17603 energy: 903.362
MCAccept 75 xShift: 8.38895 crossingAngle: -35.5448 axialRotation: -42.8523 zShift: 3.17603 energy: 903.362
MCReject   xShift: 8.38895 crossingAngle: -35.5448 axialRotation: -42.9867 zShift: 3.17603 energy: 904.357
MCReject   xShift: 8.38895 crossingAngle: -35.5448 axialRotation: -42.8523 zShift: 3.16588 energy: 919.854
MCReject   xShift: 8.38895 crossingAngle: -35.7925 axialRotation: -42.8523 zShift: 3.17603 energy: 905.799
MCReject   xShift: 8.38949 crossingAngle: -35.5448 axialRotation: -42.8523 zShift: 3.17603 energy: 905.991
MCAccept 76 xShift: 8.38924 crossingAngle: -35.5448 axialRotation: -42.8523 zShift: 3.17603 energy: 903.362
MCReject   xShift: 8.38289 crossingAngle: -35.5448 axialRotation: -42.8523 zShift: 3.17603 energy: 904.399
MCReject   xShift: 8.38924 crossingAngle: -35.5448 axialRotation: -42.6616 zShift: 3.17603 energy: 905.799
MCReject   xShift: 8.38924 crossingAngle: -35.5448 axialRotation: -42.8644 zShift: 3.17603 energy: 904.214
MCAccept 77 xShift: 8.38924 crossingAngle: -35.5448 axialRotation: -42.8523 zShift: 3.17943 energy: 901.311
MCAccept 78 xShift: 8.38924 crossingAngle: -35.498 axialRotation: -42.8523 zShift: 3.17943 energy: 898.902
MCAccept 79 xShift: 8.38924 crossingAngle: -35.498 axialRotation: -42.908 zShift: 3.17943 energy: 898.902
MCAccept 80 xShift: 8.38924 crossingAngle: -35.498 axialRotation: -42.908 zShift: 3.18997 energy: 885.916
MCAccept 81 xShift: 8.39301 crossingAngle: -35.498 axialRotation: -42.908 zShift: 3.18997 energy: 885.916
MCReject   xShift: 8.39346 crossingAngle: -35.498 axialRotation: -42.908 zShift: 3.18997 energy: 888.041
MCReject   xShift: 8.39301 crossingAngle: -35.498 axialRotation: -42.7873 zShift: 3.18997 energy: 886.709
MCAccept 82 xShift: 8.39301 crossingAngle: -35.498 axialRotation: -42.9601 zShift: 3.18997 energy: 885.916
MCReject   xShift: 8.39301 crossingAngle: -35.498 axialRotation: -42.9601 zShift: 3.18923 energy: 888.94
MCAccept 83 xShift: 8.39301 crossingAngle: -35.4681 axialRotation: -42.9601 zShift: 3.18997 energy: 885.916
MCReject   xShift: 8.39301 crossingAngle: -35.4681 axialRotation: -42.8706 zShift: 3.18997 energy: 888.234
MCReject   xShift: 8.39301 crossingAngle: -35.327 axialRotation: -42.9601 zShift: 3.18997 energy: 888.041
MCReject   xShift: 8.39301 crossingAngle: -35.4681 axialRotation: -42.9601 zShift: 3.18908 energy: 889.125
MCReject   xShift: 8.39301 crossingAngle: -35.229 axialRotation: -42.9601 zShift: 3.18997 energy: 888.041
MCAccept 84 xShift: 8.39301 crossingAngle: -35.4681 axialRotation: -42.8604 zShift: 3.18997 energy: 885.723
MCReject   xShift: 8.39301 crossingAngle: -35.4681 axialRotation: -42.81 zShift: 3.18997 energy: 888.041
MCReject   xShift: 8.39301 crossingAngle: -35.2782 axialRotation: -42.8604 zShift: 3.18997 energy: 886.523
MCReject   xShift: 8.39301 crossingAngle: -35.4253 axialRotation: -42.8604 zShift: 3.18997 energy: 888.234
MCReject   xShift: 8.39301 crossingAngle: -35.5202 axialRotation: -42.8604 zShift: 3.18997 energy: 888.041
MCAccept 85 xShift: 8.39301 crossingAngle: -35.4681 axialRotation: -42.8604 zShift: 3.1951 energy: 880.614
MCReject   xShift: 8.39301 crossingAngle: -35.4681 axialRotation: -42.9247 zShift: 3.1951 energy: 882.115
MCAccept 86 xShift: 8.39301 crossingAngle: -35.4681 axialRotation: -42.8034 zShift: 3.1951 energy: 879.841
MCAccept 87 xShift: 8.39301 crossingAngle: -35.3793 axialRotation: -42.8034 zShift: 3.1951 energy: 879.841
MCAccept 88 xShift: 8.39301 crossingAngle: -35.3793 axialRotation: -42.8034 zShift: 3.21523 energy: 857.732
MCReject   xShift: 8.39301 crossingAngle: -35.3356 axialRotation: -42.8034 zShift: 3.21523 energy: 858.592
MCAccept 89 xShift: 8.39811 crossingAngle: -35.3793 axialRotation: -42.8034 zShift: 3.21523 energy: 857.732
MCReject   xShift: 8.39811 crossingAngle: -35.1913 axialRotation: -42.8034 zShift: 3.21523 energy: 857.926
MCAccept 90 xShift: 8.39811 crossingAngle: -35.6245 axialRotation: -42.8034 zShift: 3.21523 energy: 857.732
MCReject   xShift: 8.39811 crossingAngle: -35.8032 axialRotation: -42.8034 zShift: 3.21523 energy: 858.433
MCReject   xShift: 8.38922 crossingAngle: -35.6245 axialRotation: -42.8034 zShift: 3.21523 energy: 858.621
MCAccept 91 xShift: 8.39811 crossingAngle: -35.6245 axialRotation: -42.8034 zShift: 3.22321 energy: 850.67
MCReject   xShift: 8.39811 crossingAngle: -35.6245 axialRotation: -42.7609 zShift: 3.22321 energy: 851.849
MCReject   xShift: 8.39811 crossingAngle: -35.6245 axialRotation: -42.8034 zShift: 3.21754 energy: 857.477
MCReject   xShift: 8.39811 crossingAngle: -35.6245 axialRotation: -42.8804 zShift: 3.22321 energy: 851.849
MCReject   xShift: 8.39811 crossingAngle: -35.6245 axialRotation: -42.8034 zShift: 3.21206 energy: 863.112
MCReject   xShift: 8.39811 crossingAngle: -35.6245 axialRotation: -42.8034 zShift: 3.21716 energy: 857.864
MCAccept 92 xShift: 8.39081 crossingAngle: -35.6245 axialRotation: -42.8034 zShift: 3.22321 energy: 849.817
MCReject   xShift: 8.39081 crossingAngle: -35.6245 axialRotation: -42.8655 zShift: 3.22321 energy: 851.849
MCReject   xShift: 8.39081 crossingAngle: -35.6245 axialRotation: -42.8908 zShift: 3.22321 energy: 852.045
MCReject   xShift: 8.3965 crossingAngle: -35.6245 axialRotation: -42.8034 zShift: 3.22321 energy: 850.483
MCReject   xShift: 8.39081 crossingAngle: -35.4345 axialRotation: -42.8034 zShift: 3.22321 energy: 850.483
MCReject   xShift: 8.39081 crossingAngle: -35.6245 axialRotation: -42.8034 zShift: 3.21947 energy: 853.474
MCReject   xShift: 8.39081 crossingAngle: -35.6245 axialRotation: -42.9855 zShift: 3.22321 energy: 850.483
MCReject   xShift: 8.38253 crossingAngle: -35.6245 axialRotation: -42.8034 zShift: 3.22321 energy: 850.012
MCAccept 93 xShift: 8.39081 crossingAngle: -35.5745 axialRotation: -42.8034 zShift: 3.22321 energy: 849.817
MCReject   xShift: 8.39081 crossingAngle: -35.5745 axialRotation: -42.8034 zShift: 3.2105 energy: 863.34
MCReject   xShift: 8.39081 crossingAngle: -35.5745 axialRotation: -42.7661 zShift: 3.22321 energy: 851.849
MCReject   xShift: 8.39503 crossingAngle: -35.5745 axialRotation: -42.8034 zShift: 3.22321 energy: 850.352
MCAccept 94 xShift: 8.39081 crossingAngle: -35.5745 axialRotation: -42.8034 zShift: 3.22673 energy: 847.1
MCAccept 95 xShift: 8.39081 crossingAngle: -35.5745 axialRotation: -42.6564 zShift: 3.22673 energy: 847.1
MCAccept 96 xShift: 8.38578 crossingAngle: -35.5745 axialRotation: -42.6564 zShift: 3.22673 energy: 846.647
MCReject   xShift: 8.38578 crossingAngle: -35.5777 axialRotation: -42.6564 zShift: 3.22673 energy: 847.1
MCAccept 97 xShift: 8.38578 crossingAngle: -35.5745 axialRotation: -42.6564 zShift: 3.22893 energy: 845.219
MCReject   xShift: 8.38578 crossingAngle: -35.4283 axialRotation: -42.6564 zShift: 3.22893 energy: 846.376
MCAccept 98 xShift: 8.40935 crossingAngle: -35.5745 axialRotation: -42.6564 zShift: 3.22893 energy: 845.031
Energy #0: 845.031
***GEOMETRY SHIFT***
xShift;        Before: 8.37; After: 8.40935
crossingAngle; Before: -35.51; After: -35.5745
axialRotation; Before: -42.71; After: -42.6564
zShift;        Before: 3; After: 3.22893
Energy;        Before: 2.76382e+08; After: 845.031

Completed all cycles. Accepted 99/201
Monte Carlo repack complete. Time: 37.0333min

Final energy is 845.031 after repack, indicating clashes. Choose a different geometry
