MCAccept 0 xShift: 8.52263 crossingAngle: -34.8366 axialRotation: -41.3129 zShift: 3.33472 energy: 766.633
MCAccept 1 xShift: 8.52263 crossingAngle: -34.8366 axialRotation: -41.2028 zShift: 3.33472 energy: 766.633
MCAccept 2 xShift: 8.52263 crossingAngle: -34.7236 axialRotation: -41.2028 zShift: 3.33472 energy: 766.633
MCAccept 3 xShift: 8.52263 crossingAngle: -34.5384 axialRotation: -41.2028 zShift: 3.33472 energy: 766.633
MCAccept 4 xShift: 8.52263 crossingAngle: -34.5384 axialRotation: -41.3718 zShift: 3.33472 energy: 766.633
MCReject   xShift: 8.52263 crossingAngle: -34.5384 axialRotation: -41.3718 zShift: 3.32515 energy: 772.075
MCReject   xShift: 8.52263 crossingAngle: -34.7225 axialRotation: -41.3718 zShift: 3.33472 energy: 766.839
MCAccept 5 xShift: 8.52263 crossingAngle: -34.5755 axialRotation: -41.3718 zShift: 3.33472 energy: 766.633
MCAccept 6 xShift: 8.52263 crossingAngle: -34.5755 axialRotation: -41.3681 zShift: 3.33472 energy: 766.633
MCAccept 7 xShift: 8.52263 crossingAngle: -34.5755 axialRotation: -41.5819 zShift: 3.33472 energy: 766.633
MCAccept 8 xShift: 8.52263 crossingAngle: -34.5594 axialRotation: -41.5819 zShift: 3.33472 energy: 766.633
MCReject   xShift: 8.52263 crossingAngle: -34.6755 axialRotation: -41.5819 zShift: 3.33472 energy: 766.839
MCAccept 9 xShift: 8.52263 crossingAngle: -34.5594 axialRotation: -41.5819 zShift: 3.35216 energy: 757.176
MCAccept 10 xShift: 8.52263 crossingAngle: -34.5594 axialRotation: -41.7604 zShift: 3.35216 energy: 757.176
MCAccept 11 xShift: 8.51562 crossingAngle: -34.5594 axialRotation: -41.7604 zShift: 3.35216 energy: 757.176
MCAccept 12 xShift: 8.51562 crossingAngle: -34.4871 axialRotation: -41.7604 zShift: 3.35216 energy: 757.176
MCAccept 13 xShift: 8.51562 crossingAngle: -34.4871 axialRotation: -41.7953 zShift: 3.35216 energy: 757.176
MCAccept 14 xShift: 8.51562 crossingAngle: -34.4871 axialRotation: -41.5692 zShift: 3.35216 energy: 757.176
MCAccept 15 xShift: 8.51562 crossingAngle: -34.4871 axialRotation: -41.6092 zShift: 3.35216 energy: 757.176
MCAccept 16 xShift: 8.51562 crossingAngle: -34.4871 axialRotation: -41.7269 zShift: 3.35216 energy: 757.176
MCAccept 17 xShift: 8.51562 crossingAngle: -34.4871 axialRotation: -41.6652 zShift: 3.35216 energy: 757.176
MCAccept 18 xShift: 8.51562 crossingAngle: -34.3671 axialRotation: -41.6652 zShift: 3.35216 energy: 757.176
MCAccept 19 xShift: 8.51562 crossingAngle: -34.2652 axialRotation: -41.6652 zShift: 3.35216 energy: 757.176
MCAccept 20 xShift: 8.53118 crossingAngle: -34.2652 axialRotation: -41.6652 zShift: 3.35216 energy: 757.38
MCAccept 21 xShift: 8.53118 crossingAngle: -34.2652 axialRotation: -41.4407 zShift: 3.35216 energy: 757.176
MCAccept 22 xShift: 8.53118 crossingAngle: -34.2089 axialRotation: -41.4407 zShift: 3.35216 energy: 757.176
MCAccept 23 xShift: 8.52533 crossingAngle: -34.2089 axialRotation: -41.4407 zShift: 3.35216 energy: 757.176
MCReject   xShift: 8.52533 crossingAngle: -34.2089 axialRotation: -41.4407 zShift: 3.34448 energy: 761.279
MCAccept 24 xShift: 8.53636 crossingAngle: -34.2089 axialRotation: -41.4407 zShift: 3.35216 energy: 757.176
MCAccept 25 xShift: 8.53636 crossingAngle: -34.2089 axialRotation: -41.4407 zShift: 3.35731 energy: 754.477
MCReject   xShift: 8.54543 crossingAngle: -34.2089 axialRotation: -41.4407 zShift: 3.35731 energy: 754.681
MCAccept 26 xShift: 8.53636 crossingAngle: -34.2089 axialRotation: -41.4407 zShift: 3.38429 energy: 740.963
MCAccept 27 xShift: 8.53636 crossingAngle: -34.2329 axialRotation: -41.4407 zShift: 3.38429 energy: 740.963
MCAccept 28 xShift: 8.53636 crossingAngle: -34.2329 axialRotation: -41.5719 zShift: 3.38429 energy: 740.963
MCAccept 29 xShift: 8.53636 crossingAngle: -34.2329 axialRotation: -41.6278 zShift: 3.38429 energy: 740.963
MCAccept 30 xShift: 8.53636 crossingAngle: -34.1227 axialRotation: -41.6278 zShift: 3.38429 energy: 740.963
MCReject   xShift: 8.53993 crossingAngle: -34.1227 axialRotation: -41.6278 zShift: 3.38429 energy: 741.17
MCAccept 31 xShift: 8.53636 crossingAngle: -34.0835 axialRotation: -41.6278 zShift: 3.38429 energy: 740.963
MCAccept 32 xShift: 8.53636 crossingAngle: -34.2413 axialRotation: -41.6278 zShift: 3.38429 energy: 740.963
MCAccept 33 xShift: 8.53636 crossingAngle: -34.2413 axialRotation: -41.6278 zShift: 3.38582 energy: 740.219
MCAccept 34 xShift: 8.53636 crossingAngle: -34.2001 axialRotation: -41.6278 zShift: 3.38582 energy: 740.219
MCAccept 35 xShift: 8.53636 crossingAngle: -34.2315 axialRotation: -41.6278 zShift: 3.38582 energy: 740.219
MCAccept 36 xShift: 8.53636 crossingAngle: -34.1723 axialRotation: -41.6278 zShift: 3.38582 energy: 740.219
MCAccept 37 xShift: 8.53636 crossingAngle: -34.274 axialRotation: -41.6278 zShift: 3.38582 energy: 740.219
MCAccept 38 xShift: 8.53636 crossingAngle: -34.274 axialRotation: -41.7529 zShift: 3.38582 energy: 740.219
MCAccept 39 xShift: 8.53636 crossingAngle: -34.274 axialRotation: -41.9794 zShift: 3.38582 energy: 740.219
MCAccept 40 xShift: 8.53636 crossingAngle: -34.274 axialRotation: -41.8892 zShift: 3.38582 energy: 740.219
MCAccept 41 xShift: 8.52097 crossingAngle: -34.274 axialRotation: -41.8892 zShift: 3.38582 energy: 740.219
MCAccept 42 xShift: 8.52097 crossingAngle: -34.274 axialRotation: -41.8866 zShift: 3.38582 energy: 740.426
MCReject   xShift: 8.52097 crossingAngle: -34.274 axialRotation: -41.8866 zShift: 3.3791 energy: 743.494
MCAccept 43 xShift: 8.53927 crossingAngle: -34.274 axialRotation: -41.8866 zShift: 3.38582 energy: 740.219
MCAccept 44 xShift: 8.53927 crossingAngle: -34.3485 axialRotation: -41.8866 zShift: 3.38582 energy: 740.219
MCAccept 45 xShift: 8.53927 crossingAngle: -34.473 axialRotation: -41.8866 zShift: 3.38582 energy: 740.426
MCAccept 46 xShift: 8.53927 crossingAngle: -34.473 axialRotation: -41.8866 zShift: 3.39384 energy: 736.374
MCReject   xShift: 8.53927 crossingAngle: -34.473 axialRotation: -41.8866 zShift: 3.36575 energy: 750.149
MCAccept 47 xShift: 8.53927 crossingAngle: -34.473 axialRotation: -41.8772 zShift: 3.39384 energy: 736.374
MCAccept 48 xShift: 8.53927 crossingAngle: -34.473 axialRotation: -41.8772 zShift: 3.4033 energy: 731.906
MCAccept 49 xShift: 8.51253 crossingAngle: -34.473 axialRotation: -41.8772 zShift: 3.4033 energy: 731.906
MCReject   xShift: 8.51253 crossingAngle: -34.473 axialRotation: -41.8772 zShift: 3.39206 energy: 737.224
MCAccept 50 xShift: 8.51253 crossingAngle: -34.473 axialRotation: -41.7441 zShift: 3.4033 energy: 731.906
MCReject   xShift: 8.51253 crossingAngle: -34.473 axialRotation: -41.7441 zShift: 3.39233 energy: 737.093
MCAccept 51 xShift: 8.50217 crossingAngle: -34.473 axialRotation: -41.7441 zShift: 3.4033 energy: 731.906
MCAccept 52 xShift: 8.50217 crossingAngle: -34.6592 axialRotation: -41.7441 zShift: 3.4033 energy: 731.906
MCReject   xShift: 8.50217 crossingAngle: -34.6592 axialRotation: -41.7441 zShift: 3.39463 energy: 735.996
MCReject   xShift: 8.50217 crossingAngle: -34.6592 axialRotation: -41.7836 zShift: 3.4033 energy: 732.114
MCAccept 53 xShift: 8.50219 crossingAngle: -34.6592 axialRotation: -41.7441 zShift: 3.4033 energy: 731.906
MCAccept 54 xShift: 8.50219 crossingAngle: -34.6592 axialRotation: -41.7262 zShift: 3.4033 energy: 731.906
MCAccept 55 xShift: 8.50219 crossingAngle: -34.6592 axialRotation: -41.8194 zShift: 3.4033 energy: 731.906
MCAccept 56 xShift: 8.50219 crossingAngle: -34.5044 axialRotation: -41.8194 zShift: 3.4033 energy: 731.906
MCReject   xShift: 8.50821 crossingAngle: -34.5044 axialRotation: -41.8194 zShift: 3.4033 energy: 732.114
MCReject   xShift: 8.50219 crossingAngle: -34.5044 axialRotation: -41.8194 zShift: 3.38544 energy: 740.406
MCAccept 57 xShift: 8.50219 crossingAngle: -34.5044 axialRotation: -41.8194 zShift: 3.40701 energy: 730.173
MCAccept 58 xShift: 8.48731 crossingAngle: -34.5044 axialRotation: -41.8194 zShift: 3.40701 energy: 730.382
MCAccept 59 xShift: 8.48731 crossingAngle: -34.6381 axialRotation: -41.8194 zShift: 3.40701 energy: 730.173
MCReject   xShift: 8.49796 crossingAngle: -34.6381 axialRotation: -41.8194 zShift: 3.40701 energy: 730.382
MCAccept 60 xShift: 8.48731 crossingAngle: -34.528 axialRotation: -41.8194 zShift: 3.40701 energy: 730.173
MCAccept 61 xShift: 8.48731 crossingAngle: -34.528 axialRotation: -41.8194 zShift: 3.41491 energy: 726.514
MCReject   xShift: 8.48731 crossingAngle: -34.528 axialRotation: -41.8194 zShift: 3.41263 energy: 727.777
MCAccept 62 xShift: 8.49692 crossingAngle: -34.528 axialRotation: -41.8194 zShift: 3.41491 energy: 726.514
MCAccept 63 xShift: 8.49692 crossingAngle: -34.528 axialRotation: -41.8194 zShift: 3.42473 energy: 722.01
MCAccept 64 xShift: 8.49692 crossingAngle: -34.528 axialRotation: -41.6974 zShift: 3.42473 energy: 722.01
MCAccept 65 xShift: 8.49692 crossingAngle: -34.528 axialRotation: -41.7546 zShift: 3.42473 energy: 722.01
MCReject   xShift: 8.49692 crossingAngle: -34.528 axialRotation: -41.7503 zShift: 3.42473 energy: 722.22
MCAccept 66 xShift: 8.49692 crossingAngle: -34.4658 axialRotation: -41.7546 zShift: 3.42473 energy: 722.01
MCAccept 67 xShift: 8.4974 crossingAngle: -34.4658 axialRotation: -41.7546 zShift: 3.42473 energy: 722.01
MCAccept 68 xShift: 8.49723 crossingAngle: -34.4658 axialRotation: -41.7546 zShift: 3.42473 energy: 722.01
MCAccept 69 xShift: 8.51619 crossingAngle: -34.4658 axialRotation: -41.7546 zShift: 3.42473 energy: 722.01
MCAccept 70 xShift: 8.51619 crossingAngle: -34.5858 axialRotation: -41.7546 zShift: 3.42473 energy: 722.01
MCAccept 71 xShift: 8.51619 crossingAngle: -34.5858 axialRotation: -41.7382 zShift: 3.42473 energy: 722.01
MCAccept 72 xShift: 8.51619 crossingAngle: -34.5858 axialRotation: -41.7382 zShift: 3.4403 energy: 714.954
MCAccept 73 xShift: 8.51619 crossingAngle: -34.6597 axialRotation: -41.7382 zShift: 3.4403 energy: 714.954
MCAccept 74 xShift: 8.51619 crossingAngle: -34.6597 axialRotation: -41.7382 zShift: 3.4507 energy: 710.275
MCAccept 75 xShift: 8.51619 crossingAngle: -34.803 axialRotation: -41.7382 zShift: 3.4507 energy: 710.275
MCAccept 76 xShift: 8.51619 crossingAngle: -34.9824 axialRotation: -41.7382 zShift: 3.4507 energy: 710.275
MCAccept 77 xShift: 8.51619 crossingAngle: -34.9824 axialRotation: -41.7722 zShift: 3.4507 energy: 710.275
MCReject   xShift: 8.51619 crossingAngle: -34.9824 axialRotation: -41.7722 zShift: 3.44797 energy: 711.501
MCAccept 78 xShift: 8.51619 crossingAngle: -34.9824 axialRotation: -41.7722 zShift: 3.47356 energy: 700.02
MCAccept 79 xShift: 8.53348 crossingAngle: -34.9824 axialRotation: -41.7722 zShift: 3.47356 energy: 700.02
MCReject   xShift: 8.53348 crossingAngle: -34.9824 axialRotation: -41.7722 zShift: 3.46391 energy: 704.351
MCAccept 80 xShift: 8.53348 crossingAngle: -34.9824 axialRotation: -41.8191 zShift: 3.47356 energy: 700.02
MCReject   xShift: 8.53348 crossingAngle: -35.0869 axialRotation: -41.8191 zShift: 3.47356 energy: 700.234
MCAccept 81 xShift: 8.54165 crossingAngle: -34.9824 axialRotation: -41.8191 zShift: 3.47356 energy: 700.02
MCReject   xShift: 8.5303 crossingAngle: -34.9824 axialRotation: -41.8191 zShift: 3.47356 energy: 700.234
MCAccept 82 xShift: 8.54165 crossingAngle: -34.9824 axialRotation: -41.7569 zShift: 3.47356 energy: 700.02
MCAccept 83 xShift: 8.54474 crossingAngle: -34.9824 axialRotation: -41.7569 zShift: 3.47356 energy: 700.02
MCReject   xShift: 8.54474 crossingAngle: -34.9824 axialRotation: -41.7569 zShift: 3.46476 energy: 703.967
MCReject   xShift: 8.54474 crossingAngle: -35.0688 axialRotation: -41.7569 zShift: 3.47356 energy: 700.234
MCAccept 84 xShift: 8.54474 crossingAngle: -34.9824 axialRotation: -41.6679 zShift: 3.47356 energy: 700.02
MCAccept 85 xShift: 8.54474 crossingAngle: -34.9668 axialRotation: -41.6679 zShift: 3.47356 energy: 700.02
MCAccept 86 xShift: 8.54474 crossingAngle: -35.0794 axialRotation: -41.6679 zShift: 3.47356 energy: 700.02
MCAccept 87 xShift: 8.54474 crossingAngle: -35.1271 axialRotation: -41.6679 zShift: 3.47356 energy: 700.02
MCAccept 88 xShift: 8.54474 crossingAngle: -35.1271 axialRotation: -41.6616 zShift: 3.47356 energy: 700.02
MCAccept 89 xShift: 8.54474 crossingAngle: -35.1271 axialRotation: -41.7926 zShift: 3.47356 energy: 700.02
MCAccept 90 xShift: 8.54474 crossingAngle: -35.1271 axialRotation: -41.8296 zShift: 3.47356 energy: 700.02
MCAccept 91 xShift: 8.54474 crossingAngle: -35.2152 axialRotation: -41.8296 zShift: 3.47356 energy: 700.02
MCAccept 92 xShift: 8.54474 crossingAngle: -35.1432 axialRotation: -41.8296 zShift: 3.47356 energy: 700.02
MCReject   xShift: 8.54474 crossingAngle: -35.0646 axialRotation: -41.8296 zShift: 3.47356 energy: 700.234
MCAccept 93 xShift: 8.54474 crossingAngle: -35.1432 axialRotation: -41.8296 zShift: 3.47855 energy: 697.776
MCAccept 94 xShift: 8.54474 crossingAngle: -35.3303 axialRotation: -41.8296 zShift: 3.47855 energy: 697.776
MCAccept 95 xShift: 8.5479 crossingAngle: -35.3303 axialRotation: -41.8296 zShift: 3.47855 energy: 697.776
MCReject   xShift: 8.5479 crossingAngle: -35.4189 axialRotation: -41.8296 zShift: 3.47855 energy: 697.99
MCReject   xShift: 8.5479 crossingAngle: -35.3303 axialRotation: -41.8296 zShift: 3.47703 energy: 698.461
MCAccept 96 xShift: 8.55889 crossingAngle: -35.3303 axialRotation: -41.8296 zShift: 3.47855 energy: 697.776
MCAccept 97 xShift: 8.55889 crossingAngle: -35.3418 axialRotation: -41.8296 zShift: 3.47855 energy: 697.776
MCAccept 98 xShift: 8.55445 crossingAngle: -35.3418 axialRotation: -41.8296 zShift: 3.47855 energy: 697.776
MCReject   xShift: 8.55445 crossingAngle: -35.3418 axialRotation: -41.9458 zShift: 3.47855 energy: 697.99
MCAccept 99 xShift: 8.55445 crossingAngle: -35.3418 axialRotation: -41.8296 zShift: 3.49409 energy: 690.771
Energy #2: 690.771
***GEOMETRY SHIFT***
xShift;        Before: 8.52263; After: 8.55445
crossingAngle; Before: -34.8366; After: -35.3418
axialRotation; Before: -41.6903; After: -41.8296
zShift;        Before: 3.33472; After: 3.49409
Energy;        Before: 1.57495e+07; After: 690.771

Completed all cycles. Accepted 100/127
Monte Carlo repack complete. Time: 19.3min

Final energy is 690.771 after repack, indicating clashes. Choose a different geometry
