***STARTING GEOMETRY:***
xShift: 6.43411
crossingAngle: -36.7124
axialRotation: 40.1487
zShift: 4.35807

Number of MCCycles: 100
PrevSequence	CurrSequence	PrevEnergy	CurrEnergy	PrevEntropy	CurrEntropy	CurrentTemp
LLLGLLGSLLGALLSYLLILI	LLLGLLGSLLGALLSTLLILI	166657	166659	0.505042	0.328724	999.684
LLLGLLGSLLGALLSTLLILI	LLLGLLGSLLGALLATLLILI	166659	166661	0.642213	0.244161	999.328
LLLGLLGSLLGALLATLLILI	LLLGLLGALLGALLATLLILI	166661	166653	0.297523	0.549849	998.928
LLLGLLGALLGALLATLLILI	LLLGLLGALLGSLLATLLILI	166653	166652	0.549849	0.297523	998.476
LLLGLLGALLGSLLATLLILI	LLLGLLGALLGSLLGTLLILI	166652	166654	0.154044	0.872342	997.967
LLLGLLGALLGSLLGTLLILI	LLLGLLGALLGSLLGYLLILI	166654	166652	0.328724	0.505042	997.394
LLLGLLGALLGSLLGYLLILI	LLLGLLGALLGTLLGYLLILI	166652	166649	0.381257	0.440933	996.749
LLLGLLGALLGTLLGYLLILI	LLLALLGALLGTLLGYLLILI	166650	166653	0.872342	0.154044	995.205
LLLALLGALLGTLLGYLLILI	LLLGLLGALLGTLLGYLLILI	166653	166650	0.154044	0.872342	994.285
LLLGLLGALLGTLLGYLLILI	LLLGLLGALLGTLLGTLLILI	166649	166649	0.30482	0.538845	992.084
LLLGLLGALLGTLLGTLLILI	LLLGLLGALLGTLLGYLLILI	166649	166649	0.538845	0.30482	990.773
LLLGLLGALLGTLLGYLLILI	LLLGLLAALLGTLLGYLLILI	166650	166652	0.872342	0.154044	987.644
LLLGLLAALLGTLLGYLLILI	LLLGLLGALLGTLLGYLLILI	166652	166650	0.154044	0.872342	985.783
LLLGLLGALLGTLLGYLLILI	LLLGLLGALLGTLLGTLLILI	166649	166649	0.30482	0.538845	983.694
LLLGLLGALLGTLLGTLLILI	LLLGLLGALLGTLLGYLLILI	166649	166649	0.538845	0.30482	972.463
LLLGLLGALLGTLLGYLLILI	LLLGLLAALLGTLLGYLLILI	166650	166652	0.872342	0.154044	968.764
LLLGLLAALLGTLLGYLLILI	LLLGLLAALLGTLLGFLLILI	166652	166655	0.650378	0.240035	964.627
LLLGLLAALLGTLLGFLLILI	LLLGLLAALLGTLLGYLLILI	166655	166652	0.240035	0.650378	960.005
LLLGLLAALLGTLLGYLLILI	LLLGLLGALLGTLLGYLLILI	166652	166650	0.154044	0.872342	954.846
LLLGLLGALLGTLLGYLLILI	LLLGLLGALLGSLLGYLLILI	166649	166652	0.440933	0.381257	949.095
LLLGLLGALLGSLLGYLLILI	LLLGLLGALLGTLLGYLLILI	166652	166649	0.381257	0.440933	942.693
LLLGLLGALLGTLLGYLLILI	LLLGLLGALLGTLLGTLLILI	166649	166649	0.30482	0.538845	935.578
LLLGLLGALLGTLLGTLLILI	LLLGLLAALLGTLLGTLLILI	166649	166652	0.872342	0.154044	927.683
LLLGLLAALLGTLLGTLLILI	LLLGLLGALLGTLLGTLLILI	166652	166649	0.154044	0.872342	918.939
LLLGLLGALLGTLLGTLLILI	LLLGLLGALLGFLLGTLLILI	166649	166654	0.816184	0.171816	909.276
LLLGLLGALLGFLLGTLLILI	LLLGLLGALLGTLLGTLLILI	166654	166649	0.171816	0.816184	898.621
LLLGLLGALLGTLLGTLLILI	LLLGLLGALLGTLLGYLLILI	166649	166649	0.538845	0.30482	886.903
LLLGLLGALLGTLLGYLLILI	LLLGLLGALLGTLLGTLLILI	166649	166649	0.30482	0.538845	874.051
LLLGLLGALLGTLLGTLLILI	LLLGLLGALLGTLLGYLLILI	166649	166649	0.538845	0.30482	859.999
LLLGLLGALLGTLLGYLLILI	LLLALLGALLGTLLGYLLILI	166650	166653	0.872342	0.154044	828.061
LLLALLGALLGTLLGYLLILI	LLLALLGALLGTLLGTLLILI	166653	166653	0.30482	0.538845	810.083
LLLALLGALLGTLLGTLLILI	LLLALLGALLGTLLGYLLILI	166653	166653	0.538845	0.30482	790.724
LLLALLGALLGTLLGYLLILI	LLLALLGALLGSLLGYLLILI	166653	166656	0.440933	0.381257	769.974
LLLALLGALLGSLLGYLLILI	LLLALLGALLGSLLAYLLILI	166656	166654	0.584123	0.276169	747.845
LLLALLGALLGSLLAYLLILI	LLLALLGALLGALLAYLLILI	166654	166654	0.235967	0.658601	699.602
LLLALLGALLGALLAYLLILI	LLLALLGALLGSLLAYLLILI	166654	166654	0.658601	0.235967	673.628
LLLALLGALLGSLLAYLLILI	LLLGLLGALLGSLLAYLLILI	166654	166650	0.276169	0.584123	646.557
LLLGLLGALLGSLLAYLLILI	LLLGLLGALLGALLAYLLILI	166650	166650	0.297523	0.549849	618.524
LLLGLLGALLGALLAYLLILI	LLLGLLGALLGSLLAYLLILI	166650	166650	0.549849	0.297523	589.688
LLLGLLGALLGSLLAYLLILI	LLLGLLGALLGALLAYLLILI	166650	166650	0.297523	0.549849	530.348
LLLGLLGALLGALLAYLLILI	LLLGLLGALLGALLSYLLILI	166650	166650	0.549849	0.297523	500.25
LLLGLLGALLGALLSYLLILI	LLLGLLGALLGALLAYLLILI	166650	166650	0.297523	0.549849	440.27
LLLGLLGALLGALLAYLLILI	LLLGLLGALLGSLLAYLLILI	166650	166650	0.549849	0.297523	410.812
LLLGLLGALLGSLLAYLLILI	LLLGLLGALLGALLAYLLILI	166650	166650	0.297523	0.549849	381.976
LLLGLLGALLGALLAYLLILI	LLLGLLGALLGALLSYLLILI	166650	166650	0.549849	0.297523	326.872
LLLGLLGALLGALLSYLLILI	LLLGLLGALLGALLAYLLILI	166650	166650	0.297523	0.549849	300.898
LLLGLLGALLGALLAYLLILI	LLLGLLGALLGSLLAYLLILI	166650	166650	0.549849	0.297523	276.131
LLLGLLGALLGSLLAYLLILI	LLLGLLGALLGALLAYLLILI	166650	166650	0.297523	0.549849	230.526
LLLGLLGALLGALLAYLLILI	LLLGLLGALLGSLLAYLLILI	166650	166650	0.549849	0.297523	190.417
Time: 185s
