***STARTING GEOMETRY:***
xShift: 8.94683
crossingAngle: -35.3691
axialRotation: -61.3564
zShift: 1.85089

Number of MCCycles: 200
PrevSequence	CurrSequence	PrevEnergy	CurrEnergy	PrevEntropy	CurrEntropy	CurrentTemp
LLLTYLLTTLLGTLLTTLILI	LLLTYLLTTLLGFLLTTLILI	-4.70691	-10.7722	1.35772	0.0629772	999.847
LLLTYLLTTLLGFLLTTLILI	LLLTYLLTTLLGYLLTTLILI	-10.7031	-11.8429	0.132101	0.952787	999.684
LLLTYLLTTLLGYLLTTLILI	LLLTVLLTTLLGYLLTTLILI	-11.7211	-11.2114	1.07465	0.105187	999.512
LLLTVLLTTLLGYLLTTLILI	LLLTVLLTTLLGTLLTTLILI	-11.1967	-9.59591	0.119894	1.0043	999.328
LLLTVLLTTLLGTLLTTLILI	LLLYVLLTTLLGTLLTTLILI	-9.59591	-10.5651	1.0043	0.119894	999.134
LLLYVLLTTLLGTLLTTLILI	LLLYVLLTTLLGTLLTYLILI	-10.0637	-9.51931	0.62127	0.255144	998.928
LLLYVLLTTLLGTLLTYLILI	LLLYVLLTTLLGTLLTTLILI	-9.51931	-10.0243	0.255144	0.62127	998.708
LLLYVLLTTLLGTLLTTLILI	LLLYFLLTTLLGTLLTTLILI	-10.3049	-10.5034	0.340616	0.489394	998.476
LLLYFLLTTLLGTLLTTLILI	LLLYFLLTTLLGYLLTTLILI	-10.3715	-10.0149	0.62127	0.255144	998.229
LLLYFLLTTLLGYLLTTLILI	LLLYFLLTTLLGYLLTYLILI	-9.86268	-8.14801	0.407346	0.413356	997.967
LLLYFLLTTLLGYLLTYLILI	LLLTFLLTTLLGYLLTYLILI	-8.14801	-9.03995	0.413356	0.407346	997.394
LLLTFLLTTLLGYLLTYLILI	LLLTFLLTTLLAYLLTYLILI	-8.86317	-4.09343	0.584123	0.276169	997.081
LLLTFLLTTLLAYLLTYLILI	LLLTVLLTTLLAYLLTYLILI	-3.8802	-3.9599	0.489394	0.340616	996.749
LLLTVLLTTLLAYLLTYLILI	LLLTVLLTTLLTYLLTYLILI	-4.24825	-2.72807	0.0522692	1.46278	996.397
LLLTVLLTTLLTYLLTYLILI	LLLTVLLTTLLAYLLTYLILI	-2.72807	-4.24825	1.46278	0.0522692	996.023
LLLTVLLTTLLAYLLTYLILI	LLLTVLLTTLLTYLLTYLILI	-4.24825	-2.72807	0.0522692	1.46278	995.626
LLLTVLLTTLLTYLLTYLILI	LLLTYLLTTLLTYLLTYLILI	-4.11869	-4.35722	0.0721588	1.28166	995.205
LLLTYLLTTLLTYLLTYLILI	LLLTVLLTTLLTYLLTYLILI	-4.35722	-4.11869	1.28166	0.0721588	994.758
LLLTVLLTTLLTYLLTYLILI	LLLTFLLTTLLTYLLTYLILI	-3.85024	-3.3567	0.340616	0.489394	994.285
LLLTFLLTTLLTYLLTYLILI	LLLGFLLTTLLTYLLTYLILI	-2.65808	-3.00224	1.18802	0.0854581	993.782
LLLGFLLTTLLTYLLTYLILI	LLLGFLLTTLLAYLLTYLILI	-1.74464	-3.15313	1.34306	0.064646	993.249
LLLGFLLTTLLAYLLTYLILI	LLLGFLLTTLLAYLLTTLILI	-2.91295	-4.44688	0.30482	0.538845	992.683
LLLGFLLTTLLAYLLTTLILI	LLLGYLLTTLLAYLLTTLILI	-4.85362	-10.8145	0.132101	0.952787	992.084
LLLGYLLTTLLAYLLTTLILI	LLLGYLLTTLLAFLLTTLILI	-10.8145	-10.6565	0.952787	0.132101	991.448
LLLGYLLTTLLAFLLTTLILI	LLLGYLLTTLLAFLLTYLILI	-10.2498	-9.13404	0.538845	0.30482	990.773
LLLGYLLTTLLAFLLTYLILI	LLLGYLLTTLLAFLLTTLILI	-9.13404	-10.2498	0.30482	0.538845	989.3
LLLGYLLTTLLAFLLTTLILI	LLLGYLLTTLLTFLLTTLILI	-10.7364	-9.2465	0.0522692	1.46278	988.496
LLLGYLLTTLLTFLLTTLILI	LLLGYLLTTLLTFLLTYLILI	-10.088	-9.5958	0.62127	0.255144	987.644
LLLGYLLTTLLTFLLTYLILI	LLLTYLLTTLLTFLLTYLILI	-9.76548	-4.65782	0.0854581	1.18802	986.74
LLLTYLLTTLLTFLLTYLILI	LLLTYLLTVLLTFLLTYLILI	-4.45127	-0.897733	1.39457	0.0589809	985.783
LLLTYLLTVLLTFLLTYLILI	LLLTYLLTVLLTFLLTFLILI	-0.306336	-0.28535	0.650378	0.240035	984.769
LLLTYLLTVLLTFLLTFLILI	LLLTYLLTVLLTFLLTTLILI	-0.384173	-0.51795	0.141213	0.917682	983.694
LLLTYLLTVLLTFLLTTLILI	LLLGYLLTVLLTFLLTTLILI	-0.247613	-5.40656	1.18802	0.0854581	982.555
LLLGYLLTVLLTFLLTTLILI	LLLGYLLTVLLAFLLTTLILI	-4.14896	-5.98594	1.34306	0.064646	981.348
LLLGYLLTVLLAFLLTTLILI	LLLGYLLTVLLAFLLTFLILI	-5.35697	-5.21909	0.693609	0.219549	980.071
LLLGYLLTVLLAFLLTFLILI	LLLGYLLTILLAFLLTFLILI	-5.04016	-4.41742	0.398479	0.42245	978.717
LLLGYLLTILLAFLLTFLILI	LLLGYLLTILLAFLLTTLILI	-4.62032	-4.77636	0.219549	0.693609	977.285
LLLGYLLTILLAFLLTTLILI	LLLGYLLTTLLAFLLTTLILI	-5.39429	-9.53345	0.0756774	1.2552	975.768
LLLGYLLTTLLAFLLTTLILI	LLLGYLLTTLLAFLLTFLILI	-9.97246	-9.07926	0.816184	0.171816	974.162
LLLGYLLTTLLAFLLTFLILI	LLLGYLLTTLLAFLLTTLILI	-9.07926	-9.93887	0.171816	0.816184	972.463
LLLGYLLTTLLAFLLTTLILI	LLLGYLLTTLLAYLLTTLILI	-10.623	-10.8145	0.132101	0.952787	970.666
LLLGYLLTTLLAYLLTTLILI	LLLGYLLTTLLAYLLTYLILI	-11.3599	-9.36641	0.407346	0.413356	966.754
LLLGYLLTTLLAYLLTYLILI	LLLGYLLTTLLAYLLTTLILI	-9.36641	-11.3264	0.413356	0.407346	964.627
LLLGYLLTTLLAYLLTTLILI	LLLGYLLTTLLAFLLTTLILI	-10.7809	-10.6565	0.952787	0.132101	960.005
LLLGYLLTTLLAFLLTTLILI	LLLGYLLVTLLAFLLTTLILI	-9.5123	-4.33501	1.27634	0.0728516	957.496
LLLGYLLVTLLAFLLTTLILI	LLLGYLLVVLLAFLLTTLILI	-3.60771	-0.00404711	0.800152	0.177314	954.846
LLLGYLLVVLLAFLLTTLILI	LLLGYLLVVLLATLLTTLILI	-0.0614665	-1.35871	0.119894	1.0043	952.048
LLLGYLLVVLLATLLTTLILI	LLLGYLLVVLLATLLTYLILI	-1.91995	-1.12098	0.443059	0.379341	949.095
LLLGYLLVVLLATLLTYLILI	LLLGYLLVVLLATLLTTLILI	-1.12098	-1.91995	0.379341	0.443059	945.979
LLLGYLLVVLLATLLTTLILI	LLLGYLLVFLLATLLTTLILI	-1.80755	-5.58668	0.555456	0.293891	942.693
LLLGYLLVFLLATLLTTLILI	LLLGYLLVFLLATLLTWLILI	-5.39455	-2.55466	0.48602	0.343253	939.229
LLLGYLLVFLLATLLTWLILI	LLLGYLLVFLLGTLLTWLILI	-2.74387	1.49632	0.154044	0.872342	935.578
LLLGYLLVFLLGTLLTWLILI	LLLGYLLVYLLGTLLTWLILI	0.756081	2.16585	0.132101	0.952787	931.732
LLLGYLLVYLLGTLLTWLILI	LLLGYLLVYLLGTLLTTLILI	1.55632	-2.39754	0.343253	0.48602	927.683
LLLGYLLVYLLGTLLTTLILI	LLLGYLLVYLLATLLTTLILI	-2.01122	-3.75013	0.872342	0.154044	923.422
LLLGYLLVYLLATLLTTLILI	LLLGYLLVYLLAVLLTTLILI	-3.10402	-0.144735	0.800152	0.177314	918.939
LLLGYLLVYLLAVLLTTLILI	LLLGYLLTYLLAVLLTTLILI	-0.144735	-4.96912	0.177314	0.800152	914.227
LLLGYLLTYLLAVLLTTLILI	LLLGYLLTYLLATLLTTLILI	-5.69643	-8.13125	0.0728516	1.27634	909.276
LLLGYLLTYLLATLLTTLILI	LLLGYLLTYLLGTLLTTLILI	-9.25355	-3.42311	0.154044	0.872342	904.077
LLLGYLLTYLLGTLLTTLILI	LLLGYLLTYLLGTLLGTLILI	-3.70369	-4.75469	0.591758	0.271676	898.621
LLLGYLLTYLLGTLLGTLILI	LLLGYLLTTLLGTLLGTLILI	-4.72155	-2.54819	0.30482	0.538845	867.179
LLLGYLLTTLLGTLLGTLILI	LLLGYLLTTLLATLLGTLILI	-2.02169	-5.01995	1.06535	0.107014	859.999
LLLGYLLTTLLATLLGTLILI	LLLGYLLTTLLTTLLGTLILI	-5.0747	-3.76702	0.0522692	1.46278	852.504
LLLGYLLTTLLTTLLGTLILI	LLLGYLLTTLLTYLLGTLILI	-4.60853	-4.42676	0.62127	0.255144	844.686
LLLGYLLTTLLTYLLGTLILI	LLLGYLLFTLLTYLLGTLILI	-3.53508	0.544714	1.14683	0.0921195	836.541
LLLGYLLFTLLTYLLGTLILI	LLLGYLLTTLLTYLLGTLILI	0.544714	-3.53508	0.0921195	1.14683	828.061
LLLGYLLTTLLTYLLGTLILI	LLLGYLLTTLLAYLLGTLILI	-3.33885	-5.2492	1.34306	0.064646	819.243
LLLGYLLTTLLAYLLGTLILI	LLLGYLLTTLLATLLGTLILI	-5.00902	-4.58812	0.30482	0.538845	810.083
LLLGYLLTTLLATLLGTLILI	LLLGYLLTTLLTTLLGTLILI	-5.0747	-3.76702	0.0522692	1.46278	800.577
LLLGYLLTTLLTTLLGTLILI	LLLGYLLTTLLATLLGTLILI	-3.76702	-5.10829	1.46278	0.0522692	790.724
LLLGYLLTTLLATLLGTLILI	LLLGYLLTTLLATLLGFLILI	-4.01372	-2.67542	1.14683	0.0921195	780.523
LLLGYLLTTLLATLLGFLILI	LLLGYLLTTLLATLLGTLILI	-2.67542	-3.98014	0.0921195	1.14683	759.081
LLLGYLLTTLLATLLGTLILI	LLLGYLLTTLLAYLLGTLILI	-4.58812	-5.00902	0.538845	0.30482	747.845
LLLGYLLTTLLAYLLGTLILI	LLLGYLLTTLLATLLGTLILI	-5.00902	-4.62171	0.30482	0.538845	712.142
LLLGYLLTTLLATLLGTLILI	LLLGYLLTTLLAFLLGTLILI	-4.01372	-4.17731	1.14683	0.0921195	699.602
LLLGYLLTTLLAFLLGTLILI	LLLGYLLTTLLAYLLGTLILI	-4.13733	-4.36105	0.132101	0.952787	686.76
LLLGYLLTTLLAYLLGTLILI	LLLGYLLTTLLATLLGTLILI	-5.00902	-4.62171	0.30482	0.538845	673.628
LLLGYLLTTLLATLLGTLILI	LLLGYLLTTLLAYLLGTLILI	-4.62171	-5.00902	0.538845	0.30482	660.222
LLLGYLLTTLLAYLLGTLILI	LLLGYLLTTLLAFLLGTLILI	-4.36105	-4.17091	0.952787	0.132101	646.557
LLLGYLLTTLLAFLLGTLILI	LLLGYLLTTLLAYLLGTLILI	-4.17091	-4.36105	0.132101	0.952787	632.651
LLLGYLLTTLLAYLLGTLILI	LLLGYLLTTLLATLLGTLILI	-5.00902	-4.62171	0.30482	0.538845	618.524
LLLGYLLTTLLATLLGTLILI	LLLGYLLTTLLAYLLGTLILI	-4.62171	-5.00902	0.538845	0.30482	604.196
LLLGYLLTTLLAYLLGTLILI	LLLGYLLTTLLATLLGTLILI	-5.00902	-4.62171	0.30482	0.538845	589.688
LLLGYLLTTLLATLLGTLILI	LLLGYLLTTLLAYLLGTLILI	-4.62171	-4.97543	0.538845	0.30482	575.025
LLLGYLLTTLLAYLLGTLILI	LLLGYLLTTLLATLLGTLILI	-4.97543	-4.58812	0.30482	0.538845	560.23
LLLGYLLTTLLATLLGTLILI	LLLGYLLTTLLATLLGYLILI	-4.58812	-3.69402	0.538845	0.30482	530.348
LLLGYLLTTLLATLLGYLILI	LLLGYLLTTLLAFLLGYLILI	-2.99454	-2.62866	1.0043	0.119894	515.312
LLLGYLLTTLLAFLLGYLILI	LLLGYLLTTLLAFLLGTLILI	-2.36921	-3.82637	0.379341	0.443059	500.25
LLLGYLLTTLLAFLLGTLILI	LLLGYLLTTLLTFLLGTLILI	-4.20478	-2.83005	0.064646	1.34306	485.188
LLLGYLLTTLLTFLLGTLILI	LLLGYLLTTLLAFLLGTLILI	-2.83005	-4.23837	1.34306	0.064646	470.152
LLLGYLLTTLLAFLLGTLILI	LLLGYLLTTLLTFLLGTLILI	-4.23837	-2.79646	0.064646	1.34306	455.171
LLLGYLLTTLLTFLLGTLILI	LLLGYLLTTLLAFLLGTLILI	-2.79646	-4.23837	1.34306	0.064646	440.27
LLLGYLLTTLLAFLLGTLILI	LLLGYLLTTLLAYLLGTLILI	-4.17091	-4.36105	0.132101	0.952787	425.475
LLLGYLLTTLLAYLLGTLILI	LLLGYLLTTLLAFLLGTLILI	-4.36105	-4.17091	0.952787	0.132101	396.304
LLLGYLLTTLLAFLLGTLILI	LLLGYLLTTLLATLLGTLILI	-4.2109	-4.01372	0.0921195	1.14683	367.849
LLLGYLLTTLLATLLGTLILI	LLLGYLLTTLLATLLGYLILI	-4.62171	-3.69402	0.538845	0.30482	353.943
LLLGYLLTTLLATLLGYLILI	LLLGYLLTTLLAFLLGYLILI	-2.99454	-2.62866	1.0043	0.119894	340.278
LLLGYLLTTLLAFLLGYLILI	LLLGYLLTTLLAFLLGFLILI	-2.09817	-2.21161	0.650378	0.240035	326.872
LLLGYLLTTLLAFLLGFLILI	LLLGYLLTTLLATLLGFLILI	-2.23209	-2.10752	0.219549	0.693609	313.74
LLLGYLLTTLLATLLGFLILI	LLLGYLLTTLLAFLLGFLILI	-2.10752	-2.23209	0.693609	0.219549	300.898
LLLGYLLTTLLAFLLGFLILI	LLLGYLLTTLLAFLLGTLILI	-2.23209	-3.57582	0.219549	0.693609	288.358
LLLGYLLTTLLAFLLGTLILI	LLLGYLLTTLLAYLLGTLILI	-4.13733	-4.32747	0.132101	0.952787	276.131
LLLGYLLTTLLAYLLGTLILI	LLLGYLLTTLLATLLGTLILI	-4.97543	-4.58812	0.30482	0.538845	230.526
LLLGYLLTTLLATLLGTLILI	LLLGYLLTVLLATLLGTLILI	-3.85063	-2.03253	1.27634	0.0728516	219.977
LLLGYLLTVLLATLLGTLILI	LLLGYLLTYLLATLLGTLILI	-2.00019	-2.09416	0.105187	1.07465	209.776
LLLGYLLTYLLATLLGTLILI	LLLGYLLTTLLATLLGTLILI	-2.864	-4.62171	0.30482	0.538845	190.417
LLLGYLLTTLLATLLGTLILI	LLLGYLLTTLLAFLLGTLILI	-4.01372	-4.17731	1.14683	0.0921195	181.257
LLLGYLLTTLLAFLLGTLILI	LLLGYLLTTLLAYLLGTLILI	-4.13733	-4.36105	0.132101	0.952787	172.439
Time: 574s
