***STARTING GEOMETRY:***
xShift: 8.95313
crossingAngle: -36.2918
axialRotation: -61.531
zShift: 1.61427

Number of MCCycles: 200
PrevSequence	CurrSequence	PrevEnergy	CurrEnergy	PrevEntropy	CurrEntropy	CurrentTemp
LLLTYLLTTLLGTLLTTLILI	LLLTFLLTTLLGTLLTTLILI	-10.8869	-13.4	0.650378	0.240035	999.847
LLLTFLLTTLLGTLLTTLILI	LLLTFLLTTLLGTLLTYLILI	-12.6358	-12.6253	1.0043	0.119894	999.684
LLLTFLLTTLLGTLLTYLILI	LLLTFLLTTLLGYLLTYLILI	-12.124	-11.9819	0.62127	0.255144	999.512
LLLTFLLTTLLGYLLTYLILI	LLLTFLLFTLLGYLLTYLILI	-11.4208	-6.9939	0.816184	0.171816	999.134
LLLTFLLFTLLGYLLTYLILI	LLLTYLLFTLLGYLLTYLILI	-6.9954	-8.23652	0.170308	0.820686	998.928
LLLTYLLFTLLGYLLTYLILI	LLLTYLLFTLLGYLLTFLILI	-8.23652	-9.59745	0.820686	0.170308	998.708
LLLTYLLFTLLGYLLTFLILI	LLLYYLLFTLLGYLLTFLILI	-9.43903	-7.03663	0.328724	0.505042	998.476
LLLYYLLFTLLGYLLTFLILI	LLLYYLLFTLLGYLLTYLILI	-7.40957	-6.97679	0.132101	0.952787	998.229
LLLYYLLFTLLGYLLTYLILI	LLLYYLLFTLLGTLLTYLILI	-7.3209	-6.85003	0.608671	0.262045	997.967
LLLYYLLFTLLGTLLTYLILI	LLLWYLLFTLLGTLLTYLILI	-6.52095	-6.17951	0.591129	0.272043	997.689
LLLWYLLFTLLGTLLTYLILI	LLLAYLLFTLLGTLLTYLILI	-5.38035	-5.65258	1.0712	0.105861	996.397
LLLAYLLFTLLGTLLTYLILI	LLLAYLLFTLLGTLLTTLILI	-5.45362	-6.26425	0.30482	0.538845	996.023
LLLAYLLFTLLGTLLTTLILI	LLLGYLLFTLLGTLLTTLILI	-6.64905	-2.20197	0.154044	0.872342	995.626
LLLGYLLFTLLGTLLTTLILI	LLLGYLLFTLLGTLLTVLILI	-1.79797	-9.93737	1.27634	0.0728516	995.205
LLLGYLLFTLLGTLLTVLILI	LLLGYLLFTLLGTLLTFLILI	-9.81575	-12.2179	0.194474	0.753596	994.758
LLLGYLLFTLLGTLLTFLILI	LLLGYLLFTLLGTLLTTLILI	-12.7997	-14.1442	0.171816	0.816184	994.285
LLLGYLLFTLLGTLLTTLILI	LLLGYLLFILLGTLLTTLILI	-13.7052	-9.5506	1.2552	0.0756774	993.782
LLLGYLLFILLGTLLTTLILI	LLLGYLLFFLLGTLLTTLILI	-9.425	-10.2373	0.201285	0.736435	993.249
LLLGYLLFFLLGTLLTTLILI	LLLGYLLFFLLGGLLTTLILI	-10.4837	-2.21903	0.489954	0.34018	992.683
LLLGYLLFFLLGGLLTTLILI	LLLGYLLFFLLGVLLTTLILI	-1.55572	-6.06225	1.00348	0.120077	992.084
LLLGYLLFFLLGVLLTTLILI	LLLGYLLFFLLGTLLTTLILI	-6.08706	-9.72102	0.0952708	1.12845	991.448
LLLGYLLFFLLGTLLTTLILI	LLLGYLLFFLLGTLLTYLILI	-10.4064	-9.72553	0.443059	0.379341	990.773
LLLGYLLFFLLGTLLTYLILI	LLLGYLLFLLLGTLLTYLILI	-9.57793	-7.54219	0.526939	0.312976	990.058
LLLGYLLFLLLGTLLTYLILI	LLLGYLLFLLLGTLLTVLILI	-6.78052	-3.64029	1.07465	0.105187	989.3
LLLGYLLFLLLGTLLTVLILI	LLLGYLLFLLLGTLLTFLILI	-3.551	-6.01001	0.194474	0.753596	988.496
LLLGYLLFLLLGTLLTFLILI	LLLGYLLFLLLGTLLTTLILI	-6.54406	-8.0029	0.219549	0.693609	987.644
LLLGYLLFLLLGTLLTTLILI	LLLGYLLFVLLGTLLTTLILI	-8.08878	-10.9479	0.607728	0.262571	986.74
LLLGYLLFVLLGTLLTTLILI	LLLTYLLFVLLGTLLTTLILI	-11.0163	-5.97817	0.194196	0.754313	985.783
LLLTYLLFVLLGTLLTTLILI	LLLTYLLFVLLGILLTTLILI	-5.47729	-1.02914	1.2552	0.0756774	984.769
LLLTYLLFVLLGILLTTLILI	LLLTYLLFVLLGTLLTTLILI	-1.02914	-5.11601	0.0756774	1.2552	983.694
LLLTYLLFVLLGTLLTTLILI	LLLTYLLFVLLGFLLTTLILI	-5.55503	-4.66483	0.816184	0.171816	982.555
LLLTYLLFVLLGFLLTTLILI	LLLTYLLFVLLGVLLTTLILI	-4.34726	-3.11432	0.489394	0.340616	981.348
LLLTYLLFVLLGVLLTTLILI	LLLTYLLFTLLGVLLTTLILI	-3.31722	-6.97046	0.137712	0.930859	980.071
LLLTYLLFTLLGVLLTTLILI	LLLTYLLTTLLGVLLTTLILI	-7.82652	-11.3893	0.0748068	1.26162	978.717
LLLTYLLTTLLGVLLTTLILI	LLLGYLLTTLLGVLLTTLILI	-11.7986	-15.9077	0.85234	0.160122	977.285
LLLGYLLTTLLGVLLTTLILI	LLLGYLLTTLLGWLLTTLILI	-15.9491	-14.5468	0.118797	1.00921	975.768
LLLGYLLTTLLGWLLTTLILI	LLLTYLLTTLLGWLLTTLILI	-15.3959	-10.3683	0.160122	0.85234	972.463
LLLTYLLTTLLGWLLTTLILI	LLLTFLLTTLLGWLLTTLILI	-10.5703	-9.0381	0.650378	0.240035	970.666
LLLTFLLTTLLGWLLTTLILI	LLLYFLLTTLLGWLLTTLILI	-8.36045	-10.5457	0.917682	0.141213	968.764
LLLYFLLTTLLGWLLTTLILI	LLLYFLLTTLLGYLLTTLILI	-10.3148	-13.5999	0.372136	0.451187	966.754
LLLYFLLTTLLGYLLTTLILI	LLLYYLLTTLLGYLLTTLILI	-13.9598	-14.4401	0.0912572	1.15198	964.627
LLLYYLLTTLLGYLLTTLILI	LLLYFLLTTLLGYLLTTLILI	-14.4401	-13.9598	1.15198	0.0912572	962.38
LLLYFLLTTLLGYLLTTLILI	LLLYYLLTTLLGYLLTTLILI	-13.9598	-14.4401	0.0912572	1.15198	960.005
LLLYYLLTTLLGYLLTTLILI	LLLYYLLTTLLGYLLTYLILI	-15.2633	-13.1436	0.328724	0.505042	957.496
LLLYYLLTTLLGYLLTYLILI	LLLYFLLTTLLGYLLTYLILI	-12.3479	-12.0379	1.30076	0.0697276	954.846
LLLYFLLTTLLGYLLTYLILI	LLLAFLLTTLLGYLLTYLILI	-10.7592	-8.2785	1.34845	0.0640271	952.048
LLLAFLLTTLLGYLLTYLILI	LLLAFLLTTLLGYLLTFLILI	-7.69214	-7.60019	0.650378	0.240035	949.095
LLLAFLLTTLLGYLLTFLILI	LLLAFLLTTLLGYLLTTLILI	-7.6684	-9.35575	0.171816	0.816184	945.979
LLLAFLLTTLLGYLLTTLILI	LLLTFLLTTLLGYLLTTLILI	-10.1197	-12.7172	0.0522692	1.46278	939.229
LLLTFLLTTLLGYLLTTLILI	LLLTFLLFTLLGYLLTTLILI	-13.2623	-8.98445	0.917682	0.141213	935.578
LLLTFLLFTLLGYLLTTLILI	LLLGFLLFTLLGYLLTTLILI	-8.37135	-8.07186	0.754313	0.194196	931.732
LLLGFLLFTLLGYLLTTLILI	LLLGFLLTTLLGYLLTTLILI	-8.09423	-11.7192	0.171816	0.816184	927.683
LLLGFLLTTLLGYLLTTLILI	LLLGFLLTTLLGFLLTTLILI	-12.125	-11.1642	0.410343	0.410343	923.422
LLLGFLLTTLLGFLLTTLILI	LLLGTLLTTLLGFLLTTLILI	-11.4333	-10.0101	0.141213	0.917682	918.939
LLLGTLLTTLLGFLLTTLILI	LLLGYLLTTLLGFLLTTLILI	-10.0101	-18.9264	0.917682	0.141213	914.227
LLLGYLLTTLLGFLLTTLILI	LLLTYLLTTLLGFLLTTLILI	-18.9075	-14.8246	0.160122	0.85234	909.276
LLLTYLLTTLLGFLLTTLILI	LLLGYLLTTLLGFLLTTLILI	-14.8246	-18.9075	0.85234	0.160122	898.621
LLLGYLLTTLLGFLLTTLILI	LLLGYLLTTLLGYLLTTLILI	-18.9355	-19.2985	0.132101	0.952787	867.179
LLLGYLLTTLLGYLLTTLILI	LLLGYLLTTLLGYLLTYLILI	-19.844	-17.861	0.407346	0.413356	852.504
LLLGYLLTTLLGYLLTYLILI	LLLGYLLTTLLGTLLTYLILI	-17.861	-18.4016	0.413356	0.407346	844.686
LLLGYLLTTLLGTLLTYLILI	LLLGYLLTTLLGFLLTYLILI	-17.6622	-17.6535	1.14683	0.0921195	828.061
LLLGYLLTTLLGFLLTYLILI	LLLGFLLTTLLGFLLTYLILI	-17.0953	-10.0466	0.650378	0.240035	819.243
LLLGFLLTTLLGFLLTYLILI	LLLGYLLTTLLGFLLTYLILI	-10.0466	-17.1293	0.240035	0.650378	810.083
LLLGYLLTTLLGFLLTYLILI	LLLGYLLTTLLSFLLTYLILI	-17.1878	-7.43029	0.591862	0.271616	800.577
LLLGYLLTTLLSFLLTYLILI	LLLGYLLTTLLSYLLTYLILI	-7.61065	-6.9546	0.0912572	1.15198	790.724
LLLGYLLTTLLSYLLTYLILI	LLLGYLLTTLLSYLLTTLILI	-7.69322	-9.64976	0.413356	0.407346	780.523
LLLGYLLTTLLSYLLTTLILI	LLLGYLLTTLLGYLLTTLILI	-9.78549	-11.4085	0.271616	0.591862	769.974
LLLGYLLTTLLGYLLTTLILI	LLLGYLLTTLLAYLLTTLILI	-11.128	-13.8115	0.872342	0.154044	759.081
LLLGYLLTTLLAYLLTTLILI	LLLGYLLTTLLATLLTTLILI	-13.7104	-12.9388	0.255144	0.62127	736.272
LLLGYLLTTLLATLLTTLILI	LLLGYLLTTLLAYLLTTLILI	-12.9388	-13.6763	0.62127	0.255144	724.369
LLLGYLLTTLLAYLLTTLILI	LLLGYLLTTLLAFLLTTLILI	-12.9787	-12.8071	0.952787	0.132101	699.602
LLLGYLLTTLLAFLLTTLILI	LLLGYLLTTLLAYLLTTLILI	-12.8071	-12.9787	0.132101	0.952787	673.628
LLLGYLLTTLLAYLLTTLILI	LLLGYLLTLLLAYLLTTLILI	-12.9484	-9.51897	0.983093	0.124761	660.222
LLLGYLLTLLLAYLLTTLILI	LLLGYLLTLLLAYLLTYLILI	-9.315	-7.19618	0.328724	0.505042	646.557
LLLGYLLTLLLAYLLTYLILI	LLLGYLLTLLLAYLLTTLILI	-7.19618	-9.28097	0.505042	0.328724	632.651
LLLGYLLTLLLAYLLTTLILI	LLLGYLLFLLLAYLLTTLILI	-8.6054	-5.26887	1.0043	0.119894	589.688
LLLGYLLFLLLAYLLTTLILI	LLLGYLLTLLLAYLLTTLILI	-5.26887	-8.6054	0.119894	1.0043	560.23
LLLGYLLTLLLAYLLTTLILI	LLLGYLLTVLLAYLLTTLILI	-9.00197	-9.02082	0.607728	0.262571	545.329
LLLGYLLTVLLAYLLTTLILI	LLLGYLLTTLLAYLLTTLILI	-9.21054	-12.6551	0.0728516	1.27634	530.348
LLLGYLLTTLLAYLLTTLILI	LLLGYLLTTLLAVLLTTLILI	-12.8568	-9.80317	1.07465	0.105187	500.25
LLLGYLLTTLLAVLLTTLILI	LLLGYLLTTLLAYLLTTLILI	-9.80317	-12.8568	0.105187	1.07465	485.188
LLLGYLLTTLLAYLLTTLILI	LLLGYLLTTLLAYLLTYLILI	-13.5241	-11.6053	0.407346	0.413356	455.171
LLLGYLLTTLLAYLLTYLILI	LLLGYLLTTLLATLLTYLILI	-11.6053	-12.2106	0.413356	0.407346	440.27
LLLGYLLTTLLATLLTYLILI	LLLGYLLTTLLATLLTTLILI	-12.3629	-12.9388	0.255144	0.62127	425.475
LLLGYLLTTLLATLLTTLILI	LLLGYLLTTLLAYLLTTLILI	-12.9388	-13.7104	0.62127	0.255144	410.812
LLLGYLLTTLLAYLLTTLILI	LLLGYLLTTLLAFLLTTLILI	-13.0127	-12.8071	0.952787	0.132101	381.976
LLLGYLLTTLLAFLLTTLILI	LLLGYLLTTLLAFLLTYLILI	-12.4003	-11.3272	0.538845	0.30482	367.849
LLLGYLLTTLLAFLLTYLILI	LLLGYLLTTLLATLLTYLILI	-11.5399	-11.4712	0.0921195	1.14683	353.943
LLLGYLLTTLLATLLTYLILI	LLLGYLLTTLLATLLTTLILI	-12.3629	-12.9048	0.255144	0.62127	300.898
LLLGYLLTTLLATLLTTLILI	LLLGYLLTVLLATLLTTLILI	-12.1315	-10.3861	1.39457	0.0589809	288.358
LLLGYLLTVLLATLLTTLILI	LLLGYLLTTLLATLLTTLILI	-10.3861	-12.1315	0.0589809	1.39457	276.131
LLLGYLLTTLLATLLTTLILI	LLLGYLLTTLLATLLTFLILI	-12.2645	-11.4615	1.26162	0.0748068	264.228
LLLGYLLTTLLATLLTFLILI	LLLGYLLTTLLAYLLTFLILI	-10.9975	-11.3213	0.538845	0.30482	241.419
LLLGYLLTTLLAYLLTFLILI	LLLGYLLTTLLAYLLTTLILI	-11.534	-12.8187	0.0921195	1.14683	219.977
LLLGYLLTTLLAYLLTTLILI	LLLGYLLTTLLAFLLTTLILI	-13.0127	-12.8411	0.952787	0.132101	181.257
LLLGYLLTTLLAFLLTTLILI	LLLGYLLTTLLAYLLTTLILI	-12.8411	-12.9787	0.132101	0.952787	172.439
Time: 511s
