***STARTING GEOMETRY:***
xShift: 8.52304
crossingAngle: -35.7612
axialRotation: 16.9295
zShift: 5.30685

Number of MCCycles: 100
PrevSequence	CurrSequence	PrevEnergy	CurrEnergy	PrevEntropy	CurrEntropy	CurrentTemp
LLLALLTFLLTTLLSTLLILI	LLLALLTFLLTVLLSTLLILI	-9.32721	-12.0156	1.27634	0.0728516	999.684
LLLALLTFLLTVLLSTLLILI	LLLALLTFLLAVLLSTLLILI	-11.2319	-7.2215	0.856576	0.158812	999.328
LLLALLTFLLAVLLSTLLILI	LLLALLTWLLAVLLSTLLILI	-7.23153	-5.78565	0.148778	0.890414	998.928
LLLALLTWLLAVLLSTLLILI	LLLALLTWLLAVLLATLLILI	-6.37854	-5.4827	0.297523	0.549849	998.476
LLLALLTWLLAVLLATLLILI	LLLALLTFLLAVLLATLLILI	-5.14214	-6.5925	0.890414	0.148778	997.967
LLLALLTFLLAVLLATLLILI	LLLALLVFLLAVLLATLLILI	-6.10912	-4.56461	0.632162	0.249358	997.394
LLLALLVFLLAVLLATLLILI	LLLALLVFLLATLLATLLILI	-4.56461	-8.4778	0.249358	0.632162	996.749
LLLALLVFLLATLLATLLILI	LLLALLTFLLATLLATLLILI	-9.01469	-9.90946	0.0952708	1.12845	996.023
LLLALLTFLLATLLATLLILI	LLLALLTWLLATLLATLLILI	-10.8891	-9.39658	0.148778	0.890414	995.205
LLLALLTWLLATLLATLLILI	LLLALLTWLLATLLSTLLILI	-9.73715	-10.8128	0.549849	0.297523	994.285
LLLALLTWLLATLLSTLLILI	LLLGLLTWLLATLLSTLLILI	-10.6465	-13.2483	0.463748	0.36136	993.249
LLLGLLTWLLATLLSTLLILI	LLLGLLTWLLATLLSYLLILI	-12.916	-10.0187	0.693609	0.219549	992.084
LLLGLLTWLLATLLSYLLILI	LLLGLLVWLLATLLSYLLILI	-9.30742	-8.07878	0.930859	0.137712	990.773
LLLGLLVWLLATLLSYLLILI	LLLGLLVWLLATLLSTLLILI	-7.91167	-11.0492	0.30482	0.538845	989.3
LLLGLLVWLLATLLSTLLILI	LLLGLLTWLLATLLSTLLILI	-11.4928	-12.4812	0.0952708	1.12845	987.644
LLLGLLTWLLATLLSTLLILI	LLLGLLTWLLATLLSYLLILI	-12.916	-10.0187	0.693609	0.219549	985.783
LLLGLLTWLLATLLSYLLILI	LLLGLLTWLLATLLSTLLILI	-10.0187	-12.916	0.219549	0.693609	983.694
LLLGLLTWLLATLLSTLLILI	LLLGLLTWLLAVLLSTLLILI	-12.4812	-9.78615	1.12845	0.0952708	981.348
LLLGLLTWLLAVLLSTLLILI	LLLGLLTWLLAVLLSVLLILI	-9.24926	-5.79967	0.632162	0.249358	978.717
LLLGLLTWLLAVLLSVLLILI	LLLGLLVWLLAVLLSVLLILI	-5.75748	-3.46823	0.291546	0.559121	975.768
LLLGLLVWLLAVLLSVLLILI	LLLGLLVWLLATLLSVLLILI	-3.46823	-7.53435	0.559121	0.291546	972.463
LLLGLLVWLLATLLSVLLILI	LLLGLLTWLLATLLSVLLILI	-7.57653	-9.2153	0.249358	0.632162	968.764
LLLGLLTWLLATLLSVLLILI	LLLGLLTYLLATLLSVLLILI	-9.24859	-10.9714	0.598868	0.267575	964.627
LLLGLLTYLLATLLSVLLILI	LLLGLLFYLLATLLSVLLILI	-10.4228	-8.13789	0.816184	0.171816	960.005
LLLGLLFYLLATLLSVLLILI	LLLGLLFYLLATLLGVLLILI	-8.03809	-6.92249	0.271616	0.591862	949.095
LLLGLLFYLLATLLGVLLILI	LLLGLLFTLLATLLGVLLILI	-7.20954	-8.1666	0.30482	0.538845	942.693
LLLGLLFTLLATLLGVLLILI	LLLGLLYTLLATLLGVLLILI	-8.46541	-9.42099	0.240035	0.650378	935.578
LLLGLLYTLLATLLGVLLILI	LLLGLLFTLLATLLGVLLILI	-9.42099	-8.46541	0.650378	0.240035	927.683
LLLGLLFTLLATLLGVLLILI	LLLGLLFTLLAYLLGVLLILI	-8.1666	-8.04713	0.538845	0.30482	918.939
LLLGLLFTLLAYLLGVLLILI	LLLGLLFTLLATLLGVLLILI	-8.04713	-8.1666	0.30482	0.538845	909.276
LLLGLLFTLLATLLGVLLILI	LLLGLLFTLLTTLLGVLLILI	-8.62073	-9.7007	0.0847157	1.19282	898.621
LLLGLLFTLLTTLLGVLLILI	LLLGLLFTLLTTLLSVLLILI	-10.3017	-12.9047	0.591862	0.271616	886.903
LLLGLLFTLLTTLLSVLLILI	LLLGLLFTLLTTLLAVLLILI	-12.5341	-12.3072	0.642213	0.244161	874.051
LLLGLLFTLLTTLLAVLLILI	LLLGLLFTLLTTLLSVLLILI	-12.3072	-12.742	0.244161	0.642213	859.999
LLLGLLFTLLTTLLSVLLILI	LLLGLLFVLLTTLLSVLLILI	-12.584	-7.70189	0.800152	0.177314	844.686
LLLGLLFVLLTTLLSVLLILI	LLLGLLFVLLTTLLSTLLILI	-7.70189	-10.8391	0.177314	0.800152	828.061
LLLGLLFVLLTTLLSTLLILI	LLLGLLFVLLTTLLATLLILI	-10.997	-10.7741	0.642213	0.244161	810.083
LLLGLLFVLLTTLLATLLILI	LLLGLLFTLLTTLLATLLILI	-10.9454	-15.0214	0.0728516	1.27634	790.724
LLLGLLFTLLTTLLATLLILI	LLLGLLYTLLTTLLATLLILI	-16.0577	-17.2043	0.240035	0.650378	769.974
LLLGLLYTLLTTLLATLLILI	LLLGLLYTLLTTLLSTLLILI	-17.6106	-18.0583	0.244161	0.642213	747.845
LLLGLLYTLLTTLLSTLLILI	LLLGLLYTLLTTLLATLLILI	-18.0583	-17.6106	0.642213	0.244161	724.369
LLLGLLYTLLTTLLATLLILI	LLLGLLYTLLTWLLATLLILI	-17.2674	-19.8771	0.58734	0.274265	699.602
LLLGLLYTLLTWLLATLLILI	LLLGLLYTLLTWLLSTLLILI	-19.9072	-21.0649	0.244161	0.642213	673.628
LLLGLLYTLLTWLLSTLLILI	LLLGLLFTLLTWLLSTLLILI	-21.0568	-19.5428	0.650378	0.240035	646.557
LLLGLLFTLLTWLLSTLLILI	LLLGLLFTLLTWLLATLLILI	-19.1406	-17.4448	0.642213	0.244161	618.524
LLLGLLFTLLTWLLATLLILI	LLLGLLFTLLTWLLAFLLILI	-16.9953	-13.8627	0.693609	0.219549	589.688
LLLGLLFTLLTWLLAFLLILI	LLLGLLFTLLTWLLSFLLILI	-13.838	-15.3907	0.244161	0.642213	560.23
LLLGLLFTLLTWLLSFLLILI	LLLGLLYTLLTWLLSFLLILI	-15.6226	-17.3579	0.410343	0.410343	470.152
LLLGLLYTLLTWLLSFLLILI	LLLGLLYTLLTWLLSTLLILI	-17.6483	-20.7028	0.119894	1.0043	440.27
LLLGLLYTLLTWLLSTLLILI	LLLGLLYTLLTTLLSTLLILI	-21.4329	-18.1131	0.274265	0.58734	353.943
LLLGLLYTLLTTLLSTLLILI	LLLGLLYTLLTTLLATLLILI	-18.0583	-17.6106	0.642213	0.244161	326.872
LLLGLLYTLLTTLLATLLILI	LLLGLLYTLLTTLLSTLLILI	-17.6106	-18.0583	0.244161	0.642213	300.898
LLLGLLYTLLTTLLSTLLILI	LLLGLLYTLLTWLLSTLLILI	-18.1131	-21.4329	0.58734	0.274265	230.526
Time: 151s
