MCAccept 0 xShift: 7.28 crossingAngle: -36.114 axialRotation: -90.98 zShift: 4.65 energy: -27.178
MCAccept 1 xShift: 7.28 crossingAngle: -36.114 axialRotation: -90.98 zShift: 4.61728 energy: -27.1587
MCAccept 2 xShift: 7.28 crossingAngle: -36.114 axialRotation: -90.98 zShift: 4.60438 energy: -27.1532
MCReject   xShift: 7.28 crossingAngle: -36.114 axialRotation: -90.98 zShift: 4.60077 energy: -19.9053
MCAccept 3 xShift: 7.26976 crossingAngle: -36.114 axialRotation: -90.98 zShift: 4.60438 energy: -27.1907
MCAccept 4 xShift: 7.26976 crossingAngle: -36.114 axialRotation: -90.9946 zShift: 4.60438 energy: -27.1532
MCAccept 5 xShift: 7.26976 crossingAngle: -36.1195 axialRotation: -90.9946 zShift: 4.60438 energy: -27.1907
MCAccept 6 xShift: 7.26976 crossingAngle: -36.1195 axialRotation: -91.2321 zShift: 4.60438 energy: -27.1907
MCAccept 7 xShift: 7.27201 crossingAngle: -36.1195 axialRotation: -91.2321 zShift: 4.60438 energy: -27.1907
MCAccept 8 xShift: 7.25591 crossingAngle: -36.1195 axialRotation: -91.2321 zShift: 4.60438 energy: -27.1907
MCReject   xShift: 7.25591 crossingAngle: -36.0708 axialRotation: -91.2321 zShift: 4.60438 energy: -20.1086
MCAccept 9 xShift: 7.25591 crossingAngle: -36.1478 axialRotation: -91.2321 zShift: 4.60438 energy: -27.1532
MCReject   xShift: 7.25591 crossingAngle: -36.23 axialRotation: -91.2321 zShift: 4.60438 energy: -20.1086
MCReject   xShift: 7.25591 crossingAngle: -36.1478 axialRotation: -91.1003 zShift: 4.60438 energy: -19.983
MCAccept 10 xShift: 7.25591 crossingAngle: -36.1478 axialRotation: -91.1251 zShift: 4.60438 energy: -27.1532
MCAccept 11 xShift: 7.25591 crossingAngle: -36.1608 axialRotation: -91.1251 zShift: 4.60438 energy: -27.1532
MCAccept 12 xShift: 7.25591 crossingAngle: -36.1608 axialRotation: -90.9205 zShift: 4.60438 energy: -28.102
MCReject   xShift: 7.25591 crossingAngle: -36.1608 axialRotation: -90.9205 zShift: 4.6031 energy: -19.9688
MCReject   xShift: 7.25017 crossingAngle: -36.1608 axialRotation: -90.9205 zShift: 4.60438 energy: -27.1907
MCReject   xShift: 7.25591 crossingAngle: -36.1608 axialRotation: -90.7758 zShift: 4.60438 energy: -19.9455
MCReject   xShift: 7.25591 crossingAngle: -36.1608 axialRotation: -90.9921 zShift: 4.60438 energy: -27.1907
MCReject   xShift: 7.25591 crossingAngle: -36.1608 axialRotation: -90.9205 zShift: 4.5935 energy: -27.1429
MCReject   xShift: 7.25735 crossingAngle: -36.1608 axialRotation: -90.9205 zShift: 4.60438 energy: -27.1907
MCReject   xShift: 7.25591 crossingAngle: -36.0607 axialRotation: -90.9205 zShift: 4.60438 energy: -20.2719
MCReject   xShift: 7.25591 crossingAngle: -36.1608 axialRotation: -90.7472 zShift: 4.60438 energy: -27.1532
MCReject   xShift: 7.26742 crossingAngle: -36.1608 axialRotation: -90.9205 zShift: 4.60438 energy: -27.1907
MCReject   xShift: 7.25591 crossingAngle: -36.1608 axialRotation: -90.9205 zShift: 4.60372 energy: -19.2042
MCReject   xShift: 7.25591 crossingAngle: -36.1608 axialRotation: -90.8289 zShift: 4.60438 energy: -27.1907
MCReject   xShift: 7.25591 crossingAngle: -36.1608 axialRotation: -90.9205 zShift: 4.60938 energy: -20.0001
MCReject   xShift: 7.25591 crossingAngle: -36.1608 axialRotation: -90.9205 zShift: 4.60123 energy: -27.1511
MCReject   xShift: 7.25591 crossingAngle: -36.1608 axialRotation: -90.9205 zShift: 4.60743 energy: -27.1922
MCReject   xShift: 7.27966 crossingAngle: -36.1608 axialRotation: -90.9205 zShift: 4.60438 energy: -27.1907
MCAccept 13 xShift: 7.25591 crossingAngle: -36.1608 axialRotation: -90.9205 zShift: 4.61858 energy: -28.1033
MCReject   xShift: 7.24809 crossingAngle: -36.1608 axialRotation: -90.9205 zShift: 4.61858 energy: -19.4554
MCReject   xShift: 7.25591 crossingAngle: -36.1608 axialRotation: -90.9205 zShift: 4.62062 energy: -20.2463
MCReject   xShift: 7.25591 crossingAngle: -36.0882 axialRotation: -90.9205 zShift: 4.61858 energy: -27.1593
MCReject   xShift: 7.26912 crossingAngle: -36.1608 axialRotation: -90.9205 zShift: 4.61858 energy: -19.4372
MCReject   xShift: 7.25591 crossingAngle: -36.1608 axialRotation: -90.9205 zShift: 4.63329 energy: -27.1965
MCReject   xShift: 7.26777 crossingAngle: -36.1608 axialRotation: -90.9205 zShift: 4.61858 energy: -20.2629
MCReject   xShift: 7.25638 crossingAngle: -36.1608 axialRotation: -90.9205 zShift: 4.61858 energy: -27.1593
MCAccept 14 xShift: 7.25591 crossingAngle: -36.1608 axialRotation: -90.9681 zShift: 4.61858 energy: -28.1033
MCReject   xShift: 7.25591 crossingAngle: -36.2115 axialRotation: -90.9681 zShift: 4.61858 energy: -27.1972
MCReject   xShift: 7.25231 crossingAngle: -36.1608 axialRotation: -90.9681 zShift: 4.61858 energy: -20.225
MCReject   xShift: 7.25591 crossingAngle: -36.1608 axialRotation: -90.7215 zShift: 4.61858 energy: -27.1593
MCReject   xShift: 7.25591 crossingAngle: -36.063 axialRotation: -90.9681 zShift: 4.61858 energy: -20.2629
MCReject   xShift: 7.25591 crossingAngle: -36.1313 axialRotation: -90.9681 zShift: 4.61858 energy: -27.1972
MCReject   xShift: 7.25591 crossingAngle: -36.1608 axialRotation: -90.9681 zShift: 4.62656 energy: -27.1986
MCReject   xShift: 7.25591 crossingAngle: -36.1608 axialRotation: -90.9681 zShift: 4.60494 energy: -27.1535
MCReject   xShift: 7.25591 crossingAngle: -36.1608 axialRotation: -91.0447 zShift: 4.61858 energy: -27.1972
MCReject   xShift: 7.25591 crossingAngle: -36.1608 axialRotation: -90.8884 zShift: 4.61858 energy: -27.1972
MCAccept 15 xShift: 7.25591 crossingAngle: -36.1608 axialRotation: -90.9681 zShift: 4.62138 energy: -28.1033
MCReject   xShift: 7.25544 crossingAngle: -36.1608 axialRotation: -90.9681 zShift: 4.62138 energy: -20.1263
MCReject   xShift: 7.25591 crossingAngle: -36.1547 axialRotation: -90.9681 zShift: 4.62138 energy: -27.1981
MCReject   xShift: 7.25591 crossingAngle: -36.1608 axialRotation: -90.9684 zShift: 4.62138 energy: -27.1602
MCReject   xShift: 7.25591 crossingAngle: -36.0634 axialRotation: -90.9681 zShift: 4.62138 energy: -20.2921
MCReject   xShift: 7.25591 crossingAngle: -36.1608 axialRotation: -91.1198 zShift: 4.62138 energy: -27.1981
MCAccept 16 xShift: 7.25591 crossingAngle: -36.1608 axialRotation: -91.0694 zShift: 4.62138 energy: -28.1033
MCReject   xShift: 7.25649 crossingAngle: -36.1608 axialRotation: -91.0694 zShift: 4.62138 energy: -20.2921
MCAccept 17 xShift: 7.25591 crossingAngle: -36.3354 axialRotation: -91.0694 zShift: 4.62138 energy: -28.1033
MCReject   xShift: 7.2504 crossingAngle: -36.3354 axialRotation: -91.0694 zShift: 4.62138 energy: -27.1981
MCReject   xShift: 7.25591 crossingAngle: -36.3354 axialRotation: -91.1244 zShift: 4.62138 energy: -19.5166
MCReject   xShift: 7.26724 crossingAngle: -36.3354 axialRotation: -91.0694 zShift: 4.62138 energy: -20.2542
MCAccept 18 xShift: 7.24079 crossingAngle: -36.3354 axialRotation: -91.0694 zShift: 4.62138 energy: -28.1033
MCReject   xShift: 7.24079 crossingAngle: -36.3354 axialRotation: -91.0694 zShift: 4.61579 energy: -27.1578
MCReject   xShift: 7.24079 crossingAngle: -36.3354 axialRotation: -91.2013 zShift: 4.62138 energy: -20.1642
MCReject   xShift: 7.24848 crossingAngle: -36.3354 axialRotation: -91.0694 zShift: 4.62138 energy: -27.1602
MCReject   xShift: 7.24079 crossingAngle: -36.3354 axialRotation: -91.2388 zShift: 4.62138 energy: -20.5258
MCReject   xShift: 7.23723 crossingAngle: -36.3354 axialRotation: -91.0694 zShift: 4.62138 energy: -27.1981
MCReject   xShift: 7.24079 crossingAngle: -36.3354 axialRotation: -90.8492 zShift: 4.62138 energy: -27.1602
MCReject   xShift: 7.24079 crossingAngle: -36.3354 axialRotation: -91.0694 zShift: 4.61636 energy: -27.1582
MCReject   xShift: 7.24079 crossingAngle: -36.3354 axialRotation: -91.0694 zShift: 4.62415 energy: -27.1986
MCAccept 19 xShift: 7.24882 crossingAngle: -36.3354 axialRotation: -91.0694 zShift: 4.62138 energy: -28.1033
MCReject   xShift: 7.24882 crossingAngle: -36.4003 axialRotation: -91.0694 zShift: 4.62138 energy: -27.1981
MCReject   xShift: 7.24882 crossingAngle: -36.4194 axialRotation: -91.0694 zShift: 4.62138 energy: -27.1981
MCReject   xShift: 7.24882 crossingAngle: -36.3354 axialRotation: -91.0694 zShift: 4.6168 energy: -27.1584
MCReject   xShift: 7.26391 crossingAngle: -36.3354 axialRotation: -91.0694 zShift: 4.62138 energy: -20.2921
MCReject   xShift: 7.25244 crossingAngle: -36.3354 axialRotation: -91.0694 zShift: 4.62138 energy: -20.2921
MCReject   xShift: 7.24882 crossingAngle: -36.3354 axialRotation: -91.0672 zShift: 4.62138 energy: -27.1602
MCReject   xShift: 7.2377 crossingAngle: -36.3354 axialRotation: -91.0694 zShift: 4.62138 energy: -20.1263
MCReject   xShift: 7.24882 crossingAngle: -36.3354 axialRotation: -91.0694 zShift: 4.63125 energy: -20.2249
MCReject   xShift: 7.24885 crossingAngle: -36.3354 axialRotation: -91.0694 zShift: 4.62138 energy: -27.1981
MCReject   xShift: 7.24882 crossingAngle: -36.3354 axialRotation: -91.0449 zShift: 4.62138 energy: -27.1981
MCReject   xShift: 7.24882 crossingAngle: -36.3354 axialRotation: -90.8789 zShift: 4.62138 energy: -27.1981
MCReject   xShift: 7.23722 crossingAngle: -36.3354 axialRotation: -91.0694 zShift: 4.62138 energy: -20.2921
MCReject   xShift: 7.24452 crossingAngle: -36.3354 axialRotation: -91.0694 zShift: 4.62138 energy: -13.0377
MCAccept 20 xShift: 7.24882 crossingAngle: -36.3354 axialRotation: -90.9233 zShift: 4.62138 energy: -28.1033
MCReject   xShift: 7.24882 crossingAngle: -36.3436 axialRotation: -90.9233 zShift: 4.62138 energy: -27.1602
MCReject   xShift: 7.24882 crossingAngle: -36.3354 axialRotation: -90.9486 zShift: 4.62138 energy: -27.1981
MCReject   xShift: 7.24882 crossingAngle: -36.3354 axialRotation: -90.9233 zShift: 4.62335 energy: -27.1985
MCReject   xShift: 7.24882 crossingAngle: -36.6992 axialRotation: -90.9233 zShift: 4.62138 energy: -27.1981
MCReject   xShift: 7.24882 crossingAngle: -36.3518 axialRotation: -90.9233 zShift: 4.62138 energy: -27.1981
MCReject   xShift: 7.24882 crossingAngle: -36.3354 axialRotation: -90.9385 zShift: 4.62138 energy: -20.2542
MCReject   xShift: 7.24882 crossingAngle: -36.3519 axialRotation: -90.9233 zShift: 4.62138 energy: -27.1981
MCReject   xShift: 7.24577 crossingAngle: -36.3354 axialRotation: -90.9233 zShift: 4.62138 energy: -27.1981
MCReject   xShift: 7.24882 crossingAngle: -36.3354 axialRotation: -90.8837 zShift: 4.62138 energy: -20.2542
MCReject   xShift: 7.24386 crossingAngle: -36.3354 axialRotation: -90.9233 zShift: 4.62138 energy: -20.1642
MCReject   xShift: 7.24882 crossingAngle: -36.3028 axialRotation: -90.9233 zShift: 4.62138 energy: -27.1981
MCReject   xShift: 7.24882 crossingAngle: -36.3354 axialRotation: -90.9271 zShift: 4.62138 energy: -27.1981
MCReject   xShift: 7.24292 crossingAngle: -36.3354 axialRotation: -90.9233 zShift: 4.62138 energy: -20.2921
MCReject   xShift: 7.25412 crossingAngle: -36.3354 axialRotation: -90.9233 zShift: 4.62138 energy: -27.1981
MCReject   xShift: 7.23726 crossingAngle: -36.3354 axialRotation: -90.9233 zShift: 4.62138 energy: -27.1981
MCAccept 21 xShift: 7.26742 crossingAngle: -36.3354 axialRotation: -90.9233 zShift: 4.62138 energy: -28.1033
MCReject   xShift: 7.26742 crossingAngle: -36.3354 axialRotation: -90.9071 zShift: 4.62138 energy: -27.1981
MCAccept 22 xShift: 7.2725 crossingAngle: -36.3354 axialRotation: -90.9233 zShift: 4.62138 energy: -28.1033
MCReject   xShift: 7.2725 crossingAngle: -36.3354 axialRotation: -90.9233 zShift: 4.61908 energy: -27.1595
MCReject   xShift: 7.2725 crossingAngle: -36.3354 axialRotation: -90.9233 zShift: 4.62755 energy: -27.1985
MCReject   xShift: 7.26787 crossingAngle: -36.3354 axialRotation: -90.9233 zShift: 4.62138 energy: -20.2542
MCReject   xShift: 7.29153 crossingAngle: -36.3354 axialRotation: -90.9233 zShift: 4.62138 energy: -27.1981
MCReject   xShift: 7.2725 crossingAngle: -36.3354 axialRotation: -90.9233 zShift: 4.62297 energy: -17.594
MCReject   xShift: 7.27825 crossingAngle: -36.3354 axialRotation: -90.9233 zShift: 4.62138 energy: -27.1602
MCReject   xShift: 7.2725 crossingAngle: -36.1396 axialRotation: -90.9233 zShift: 4.62138 energy: -27.1981
MCReject   xShift: 7.2725 crossingAngle: -36.3187 axialRotation: -90.9233 zShift: 4.62138 energy: -27.1981
MCReject   xShift: 7.28616 crossingAngle: -36.3354 axialRotation: -90.9233 zShift: 4.62138 energy: -27.1981
MCReject   xShift: 7.2725 crossingAngle: -36.3454 axialRotation: -90.9233 zShift: 4.62138 energy: -27.1981
MCReject   xShift: 7.2725 crossingAngle: -36.2916 axialRotation: -90.9233 zShift: 4.62138 energy: -27.1602
MCReject   xShift: 7.2725 crossingAngle: -36.3354 axialRotation: -91.0847 zShift: 4.62138 energy: -27.1602
MCReject   xShift: 7.2725 crossingAngle: -36.2264 axialRotation: -90.9233 zShift: 4.62138 energy: -27.1981
MCAccept 23 xShift: 7.26355 crossingAngle: -36.3354 axialRotation: -90.9233 zShift: 4.62138 energy: -28.1033
MCReject   xShift: 7.26355 crossingAngle: -36.2957 axialRotation: -90.9233 zShift: 4.62138 energy: -19.2969
MCReject   xShift: 7.26355 crossingAngle: -36.3354 axialRotation: -90.8716 zShift: 4.62138 energy: -20.1263
MCReject   xShift: 7.26355 crossingAngle: -36.2108 axialRotation: -90.9233 zShift: 4.62138 energy: -27.1602
MCReject   xShift: 7.27207 crossingAngle: -36.3354 axialRotation: -90.9233 zShift: 4.62138 energy: -27.1981
MCReject   xShift: 7.26355 crossingAngle: -36.3354 axialRotation: -90.9233 zShift: 4.63213 energy: -27.1589
MCReject   xShift: 7.26355 crossingAngle: -36.2833 axialRotation: -90.9233 zShift: 4.62138 energy: -20.4218
MCReject   xShift: 7.26355 crossingAngle: -36.3354 axialRotation: -90.9233 zShift: 4.60867 energy: -12.7808
MCReject   xShift: 7.26355 crossingAngle: -36.3354 axialRotation: -90.9233 zShift: 4.62091 energy: -27.198
MCReject   xShift: 7.26355 crossingAngle: -36.3354 axialRotation: -90.9233 zShift: 4.60335 energy: -27.1526
MCReject   xShift: 7.27742 crossingAngle: -36.3354 axialRotation: -90.9233 zShift: 4.62138 energy: -27.1602
MCAccept 24 xShift: 7.26355 crossingAngle: -36.3354 axialRotation: -90.9233 zShift: 4.61281 energy: -28.1017
MCReject   xShift: 7.26355 crossingAngle: -36.3354 axialRotation: -90.9776 zShift: 4.61281 energy: -20.2014
MCReject   xShift: 7.26355 crossingAngle: -36.3354 axialRotation: -90.9233 zShift: 4.59359 energy: -27.1803
MCReject   xShift: 7.2558 crossingAngle: -36.3354 axialRotation: -90.9233 zShift: 4.61281 energy: -20.1636
MCAccept 25 xShift: 7.26355 crossingAngle: -36.3354 axialRotation: -90.9149 zShift: 4.61281 energy: -28.1017
MCReject   xShift: 7.26355 crossingAngle: -36.4383 axialRotation: -90.9149 zShift: 4.61281 energy: -27.1557
MCReject   xShift: 7.26355 crossingAngle: -36.3354 axialRotation: -91.0048 zShift: 4.61281 energy: -27.1557
MCReject   xShift: 7.26204 crossingAngle: -36.3354 axialRotation: -90.9149 zShift: 4.61281 energy: -20.0369
MCReject   xShift: 7.26355 crossingAngle: -36.3354 axialRotation: -90.9149 zShift: 4.63081 energy: -27.1595
MCReject   xShift: 7.26526 crossingAngle: -36.3354 axialRotation: -90.9149 zShift: 4.61281 energy: -27.1557
MCReject   xShift: 7.26355 crossingAngle: -36.3354 axialRotation: -90.9149 zShift: 4.60383 energy: -18.8742
MCReject   xShift: 7.26355 crossingAngle: -36.3354 axialRotation: -90.9149 zShift: 4.60125 energy: -27.1511
MCAccept 26 xShift: 7.26355 crossingAngle: -36.3354 axialRotation: -90.9149 zShift: 4.62386 energy: -27.1986
MCAccept 27 xShift: 7.26355 crossingAngle: -36.4062 axialRotation: -90.9149 zShift: 4.62386 energy: -27.1986
MCAccept 28 xShift: 7.26355 crossingAngle: -36.4062 axialRotation: -90.9149 zShift: 4.62107 energy: -27.1981
MCAccept 29 xShift: 7.26355 crossingAngle: -36.4062 axialRotation: -90.6917 zShift: 4.62107 energy: -27.1981
MCReject   xShift: 7.26355 crossingAngle: -36.4062 axialRotation: -90.7866 zShift: 4.62107 energy: -21.0663
MCAccept 30 xShift: 7.26355 crossingAngle: -36.3979 axialRotation: -90.6917 zShift: 4.62107 energy: -27.1981
MCAccept 31 xShift: 7.2695 crossingAngle: -36.3979 axialRotation: -90.6917 zShift: 4.62107 energy: -27.1601
MCAccept 32 xShift: 7.2695 crossingAngle: -36.2751 axialRotation: -90.6917 zShift: 4.62107 energy: -27.1981
MCReject   xShift: 7.2695 crossingAngle: -36.2751 axialRotation: -90.6917 zShift: 4.60581 energy: -20.1246
MCAccept 33 xShift: 7.2695 crossingAngle: -36.2751 axialRotation: -90.6917 zShift: 4.64118 energy: -27.1901
MCReject   xShift: 7.2695 crossingAngle: -36.0627 axialRotation: -90.6917 zShift: 4.64118 energy: -20.4501
MCAccept 34 xShift: 7.26673 crossingAngle: -36.2751 axialRotation: -90.6917 zShift: 4.64118 energy: -27.1762
MCAccept 35 xShift: 7.26673 crossingAngle: -36.2098 axialRotation: -90.6917 zShift: 4.64118 energy: -27.1901
MCAccept 36 xShift: 7.26673 crossingAngle: -36.2098 axialRotation: -90.6917 zShift: 4.654 energy: -27.1321
MCReject   xShift: 7.27349 crossingAngle: -36.2098 axialRotation: -90.6917 zShift: 4.654 energy: -20.6056
MCAccept 37 xShift: 7.26673 crossingAngle: -36.1355 axialRotation: -90.6917 zShift: 4.654 energy: -27.1321
MCAccept 38 xShift: 7.26673 crossingAngle: -36.1355 axialRotation: -90.7288 zShift: 4.654 energy: -27.1707
MCAccept 39 xShift: 7.26673 crossingAngle: -36.1355 axialRotation: -90.7638 zShift: 4.654 energy: -27.1707
MCReject   xShift: 7.2558 crossingAngle: -36.1355 axialRotation: -90.7638 zShift: 4.654 energy: -27.1181
MCReject   xShift: 7.26673 crossingAngle: -36.1355 axialRotation: -90.7638 zShift: 4.66118 energy: -27.1409
MCReject   xShift: 7.26673 crossingAngle: -36.1355 axialRotation: -90.633 zShift: 4.654 energy: -27.1181
MCAccept 40 xShift: 7.26673 crossingAngle: -36.1355 axialRotation: -90.7638 zShift: 4.66024 energy: -28.0484
MCReject   xShift: 7.26673 crossingAngle: -36.1355 axialRotation: -90.7638 zShift: 4.65242 energy: -27.1737
MCReject   xShift: 7.25506 crossingAngle: -36.1355 axialRotation: -90.7638 zShift: 4.66024 energy: -20.621
MCReject   xShift: 7.26673 crossingAngle: -36.1549 axialRotation: -90.7638 zShift: 4.66024 energy: -27.1044
MCReject   xShift: 7.26673 crossingAngle: -36.1721 axialRotation: -90.7638 zShift: 4.66024 energy: -20.5272
MCReject   xShift: 7.26673 crossingAngle: -36.1123 axialRotation: -90.7638 zShift: 4.66024 energy: -27.1432
MCReject   xShift: 7.26553 crossingAngle: -36.1355 axialRotation: -90.7638 zShift: 4.66024 energy: -27.1184
MCReject   xShift: 7.26673 crossingAngle: -36.3115 axialRotation: -90.7638 zShift: 4.66024 energy: -27.1572
MCReject   xShift: 7.26219 crossingAngle: -36.1355 axialRotation: -90.7638 zShift: 4.66024 energy: -21.551
MCReject   xShift: 7.26673 crossingAngle: -36.1625 axialRotation: -90.7638 zShift: 4.66024 energy: -27.1044
MCReject   xShift: 7.26673 crossingAngle: -36.0285 axialRotation: -90.7638 zShift: 4.66024 energy: -27.1432
MCReject   xShift: 7.27568 crossingAngle: -36.1355 axialRotation: -90.7638 zShift: 4.66024 energy: -20.4869
MCReject   xShift: 7.26261 crossingAngle: -36.1355 axialRotation: -90.7638 zShift: 4.66024 energy: -20.6973
MCReject   xShift: 7.26673 crossingAngle: -36.2148 axialRotation: -90.7638 zShift: 4.66024 energy: -27.1044
MCReject   xShift: 7.29066 crossingAngle: -36.1355 axialRotation: -90.7638 zShift: 4.66024 energy: -27.1044
MCReject   xShift: 7.2557 crossingAngle: -36.1355 axialRotation: -90.7638 zShift: 4.66024 energy: -27.1432
MCReject   xShift: 7.26673 crossingAngle: -36.1355 axialRotation: -90.8439 zShift: 4.66024 energy: -27.1044
MCReject   xShift: 7.27519 crossingAngle: -36.1355 axialRotation: -90.7638 zShift: 4.66024 energy: -27.1432
MCReject   xShift: 7.26673 crossingAngle: -36.2634 axialRotation: -90.7638 zShift: 4.66024 energy: -27.1572
MCReject   xShift: 7.26673 crossingAngle: -36.2037 axialRotation: -90.7638 zShift: 4.66024 energy: -27.1432
MCReject   xShift: 7.26673 crossingAngle: -36.1355 axialRotation: -90.7638 zShift: 4.66304 energy: -27.1115
MCReject   xShift: 7.26673 crossingAngle: -36.1355 axialRotation: -90.7638 zShift: 4.64433 energy: -27.1864
MCReject   xShift: 7.25524 crossingAngle: -36.1355 axialRotation: -90.7638 zShift: 4.66024 energy: -27.1184
MCReject   xShift: 7.2493 crossingAngle: -36.1355 axialRotation: -90.7638 zShift: 4.66024 energy: -21.4184
MCReject   xShift: 7.26673 crossingAngle: -36.1355 axialRotation: -90.7638 zShift: 4.67488 energy: -27.1149
MCReject   xShift: 7.26673 crossingAngle: -36.1644 axialRotation: -90.7638 zShift: 4.66024 energy: -20.4884
MCReject   xShift: 7.26673 crossingAngle: -36.0926 axialRotation: -90.7638 zShift: 4.66024 energy: -27.1184
MCReject   xShift: 7.26673 crossingAngle: -36.1719 axialRotation: -90.7638 zShift: 4.66024 energy: -27.1572
MCReject   xShift: 7.26673 crossingAngle: -35.9755 axialRotation: -90.7638 zShift: 4.66024 energy: -27.1044
MCReject   xShift: 7.26673 crossingAngle: -36.1355 axialRotation: -90.6288 zShift: 4.66024 energy: -27.1184
MCAccept 41 xShift: 7.26673 crossingAngle: -36.1355 axialRotation: -90.7638 zShift: 4.65608 energy: -28.0592
MCReject   xShift: 7.27015 crossingAngle: -36.1355 axialRotation: -90.7638 zShift: 4.65608 energy: -27.1665
MCReject   xShift: 7.26673 crossingAngle: -36.1355 axialRotation: -90.7638 zShift: 4.65262 energy: -27.1348
MCReject   xShift: 7.26673 crossingAngle: -36.1355 axialRotation: -90.8471 zShift: 4.65608 energy: -27.1665
MCReject   xShift: 7.26673 crossingAngle: -36.1355 axialRotation: -90.7638 zShift: 4.67333 energy: -27.067
MCReject   xShift: 7.26673 crossingAngle: -36.0161 axialRotation: -90.7638 zShift: 4.65608 energy: -20.6238
MCReject   xShift: 7.25251 crossingAngle: -36.1355 axialRotation: -90.7638 zShift: 4.65608 energy: -27.1525
MCReject   xShift: 7.27757 crossingAngle: -36.1355 axialRotation: -90.7638 zShift: 4.65608 energy: -27.1278
MCReject   xShift: 7.26673 crossingAngle: -36.1355 axialRotation: -90.8025 zShift: 4.65608 energy: -27.1665
MCAccept 42 xShift: 7.26673 crossingAngle: -36.0767 axialRotation: -90.7638 zShift: 4.65608 energy: -28.0592
MCReject   xShift: 7.26673 crossingAngle: -36.0767 axialRotation: -90.7638 zShift: 4.64557 energy: -27.1324
MCReject   xShift: 7.26673 crossingAngle: -36.154 axialRotation: -90.7638 zShift: 4.65608 energy: -17.6321
MCReject   xShift: 7.26673 crossingAngle: -36.0767 axialRotation: -90.6729 zShift: 4.65608 energy: -27.1665
MCAccept 43 xShift: 7.26673 crossingAngle: -36.0767 axialRotation: -90.7638 zShift: 4.65752 energy: -28.0556
MCReject   xShift: 7.26673 crossingAngle: -36.0767 axialRotation: -90.6854 zShift: 4.65752 energy: -20.6363
MCReject   xShift: 7.26673 crossingAngle: -36.0767 axialRotation: -90.6646 zShift: 4.65752 energy: -27.1635
MCReject   xShift: 7.26673 crossingAngle: -36.0767 axialRotation: -90.9424 zShift: 4.65752 energy: -27.1635
MCReject   xShift: 7.26673 crossingAngle: -36.0767 axialRotation: -90.7638 zShift: 4.65513 energy: -20.4448
MCReject   xShift: 7.26673 crossingAngle: -36.0767 axialRotation: -90.7638 zShift: 4.65037 energy: -27.1774
MCReject   xShift: 7.26673 crossingAngle: -36.0684 axialRotation: -90.7638 zShift: 4.65752 energy: -20.6363
MCReject   xShift: 7.26673 crossingAngle: -36.3085 axialRotation: -90.7638 zShift: 4.65752 energy: -27.1107
MCReject   xShift: 7.26673 crossingAngle: -36.0767 axialRotation: -90.9171 zShift: 4.65752 energy: -27.1107
MCReject   xShift: 7.26673 crossingAngle: -36.0767 axialRotation: -90.7638 zShift: 4.65009 energy: -27.1393
MCReject   xShift: 7.26673 crossingAngle: -36.0767 axialRotation: -90.7548 zShift: 4.65752 energy: -20.5976
MCReject   xShift: 7.26673 crossingAngle: -35.9473 axialRotation: -90.7638 zShift: 4.65752 energy: -20.504
MCReject   xShift: 7.26673 crossingAngle: -36.1987 axialRotation: -90.7638 zShift: 4.65752 energy: -27.1635
MCReject   xShift: 7.26673 crossingAngle: -36.0767 axialRotation: -90.7638 zShift: 4.65172 energy: -20.5467
MCReject   xShift: 7.28084 crossingAngle: -36.0767 axialRotation: -90.7638 zShift: 4.65752 energy: -20.504
MCReject   xShift: 7.26673 crossingAngle: -36.0767 axialRotation: -90.6518 zShift: 4.65752 energy: -27.1107
MCReject   xShift: 7.26673 crossingAngle: -36.0923 axialRotation: -90.7638 zShift: 4.65752 energy: -20.5976
MCReject   xShift: 7.26673 crossingAngle: -36.0767 axialRotation: -90.7638 zShift: 4.67112 energy: -27.1272
MCReject   xShift: 7.26673 crossingAngle: -36.0767 axialRotation: -90.827 zShift: 4.65752 energy: -27.1107
MCReject   xShift: 7.26673 crossingAngle: -36.0826 axialRotation: -90.7638 zShift: 4.65752 energy: -27.1247
MCReject   xShift: 7.26673 crossingAngle: -36.0767 axialRotation: -90.8144 zShift: 4.65752 energy: -27.1495
MCReject   xShift: 7.27866 crossingAngle: -36.0767 axialRotation: -90.7638 zShift: 4.65752 energy: -20.6363
MCReject   xShift: 7.26673 crossingAngle: -36.1351 axialRotation: -90.7638 zShift: 4.65752 energy: -17.759
MCReject   xShift: 7.26673 crossingAngle: -36.0767 axialRotation: -90.7563 zShift: 4.65752 energy: -20.6801
MCReject   xShift: 7.26673 crossingAngle: -36.1426 axialRotation: -90.7638 zShift: 4.65752 energy: -27.1635
MCReject   xShift: 7.26673 crossingAngle: -36.0767 axialRotation: -90.7638 zShift: 4.65958 energy: -20.4828
MCReject   xShift: 7.26673 crossingAngle: -36.0767 axialRotation: -90.5948 zShift: 4.65752 energy: -27.1107
MCReject   xShift: 7.26396 crossingAngle: -36.0767 axialRotation: -90.7638 zShift: 4.65752 energy: -20.5976
MCReject   xShift: 7.26952 crossingAngle: -36.0767 axialRotation: -90.7638 zShift: 4.65752 energy: -27.1247
MCReject   xShift: 7.26673 crossingAngle: -36.0767 axialRotation: -90.7638 zShift: 4.64544 energy: -19.665
MCReject   xShift: 7.26673 crossingAngle: -36.0767 axialRotation: -90.8263 zShift: 4.65752 energy: -20.504
Energy #0: -28.0556
***GEOMETRY SHIFT***
xShift;        Before: 7.28; After: 7.26673
crossingAngle; Before: -36.09; After: -36.0767
axialRotation; Before: -90.98; After: -90.7638
zShift;        Before: 4.65; After: 4.65752
Energy;        Before: 4912.58; After: -28.0556

Reached 51 cycles without improvement of 0.001. Accepted 44/235
Monte Carlo repack complete. Time: 47.3667min

