***STARTING GEOMETRY:***
xShift: 7.28
crossingAngle: -36.09
axialRotation: -90.98
zShift: 4.65

Number of MCCycles: 200
PrevSequence	CurrSequence	PrevEnergy	CurrEnergy	PrevEntropy	CurrEntropy	CurrentTemp
LLLTWLLGTLLGTLLATLILI	LLLTWLLGTLLGTLLAWLILI	-8.41638	-8.40314	0.363705	0.460972	999.847
LLLTWLLGTLLGTLLAWLILI	LLLTWLLGILLGTLLAWLILI	-7.756	-6.07226	1.10811	0.098896	999.684
LLLTWLLGILLGTLLAWLILI	LLLTFLLGILLGTLLAWLILI	-4.94013	-4.65417	1.23103	0.0790506	999.512
LLLTFLLGILLGTLLAWLILI	LLLTFLLGTLLGTLLAWLILI	-4.63432	-6.49885	0.098896	1.10811	999.328
LLLTFLLGTLLGTLLAWLILI	LLLTYLLGTLLGTLLAWLILI	-7.36692	-9.00431	0.240035	0.650378	999.134
LLLTYLLGTLLGTLLAWLILI	LLLTFLLGTLLGTLLAWLILI	-9.00431	-8.94664	0.650378	0.240035	998.928
LLLTFLLGTLLGTLLAWLILI	LLLTFLLGTLLGTLLATLILI	-8.91241	-8.50122	0.274265	0.58734	998.476
LLLTFLLGTLLGTLLATLILI	LLLTFLLGTLLGTLLAYLILI	-8.27238	-8.87612	0.816184	0.171816	998.229
LLLTFLLGTLLGTLLAYLILI	LLLTFLLGTLLGLLLAYLILI	-8.00775	-3.89681	1.04019	0.112128	997.967
LLLTFLLGTLLGLLLAYLILI	LLLTFLLGTLLGTLLAYLILI	-3.89681	-7.00867	0.112128	1.04019	997.689
LLLTFLLGTLLGTLLAYLILI	LLLTWLLGTLLGTLLAYLILI	-7.90008	-6.88741	0.148778	0.890414	997.394
LLLTWLLGTLLGTLLAYLILI	LLLTYLLGTLLGTLLAYLILI	-7.40569	-8.06345	0.372136	0.451187	997.081
LLLTYLLGTLLGTLLAYLILI	LLLTYLLGVLLGTLLAYLILI	-7.38619	-5.42917	1.12845	0.0952708	996.749
LLLTYLLGVLLGTLLAYLILI	LLLTWLLGVLLGTLLAYLILI	-5.07325	-4.98101	0.451187	0.372136	996.397
LLLTWLLGVLLGTLLAYLILI	LLLTWLLGVLLGTLLATLILI	-5.1336	-4.72722	0.219549	0.693609	996.023
LLLTWLLGVLLGTLLATLILI	LLLTFLLGVLLGTLLATLILI	-4.53041	-5.62291	0.890414	0.148778	995.626
LLLTFLLGVLLGTLLATLILI	LLLTWLLGVLLGTLLATLILI	-5.62291	-5.40803	0.148778	0.890414	995.205
LLLTWLLGVLLGTLLATLILI	LLLTWLLGVLLGTLLGTLILI	-6.19143	-3.39368	0.107014	1.06535	994.758
LLLTWLLGVLLGTLLGTLILI	LLLTWLLGTLLGTLLGTLILI	-4.38617	-6.61995	0.0728516	1.27634	994.285
LLLTWLLGTLLGTLLGTLILI	LLLTYLLGTLLGTLLGTLILI	-7.29742	-9.27933	0.598868	0.267575	993.782
LLLTYLLGTLLGTLLGTLILI	LLLTYLLGTLLGTLLGYLILI	-9.00806	-7.1927	0.538845	0.30482	993.249
LLLTYLLGTLLGTLLGYLILI	LLLTYLLGTLLGTLLGTLILI	-7.1927	-8.10176	0.30482	0.538845	992.683
LLLTYLLGTLLGTLLGTLILI	LLLSYLLGTLLGTLLGTLILI	-7.6396	-9.81706	1.001	0.120637	992.084
LLLSYLLGTLLGTLLGTLILI	LLLGYLLGTLLGTLLGTLILI	-9.78645	-6.08539	0.151251	0.88184	991.448
LLLGYLLGTLLGTLLGTLILI	LLLTYLLGTLLGTLLGTLILI	-6.62705	-9.05695	0.34018	0.489954	990.058
LLLTYLLGTLLGTLLGTLILI	LLLTFLLGTLLGTLLGTLILI	-8.89653	-8.84219	0.650378	0.240035	989.3
LLLTFLLGTLLGTLLGTLILI	LLLTFLLGTLLGTLLGWLILI	-8.49489	-6.82073	0.58734	0.274265	988.496
LLLTFLLGTLLGTLLGWLILI	LLLTFLLGVLLGTLLGWLILI	-5.96655	-3.68968	1.12845	0.0952708	986.74
LLLTFLLGVLLGTLLGWLILI	LLLYFLLGVLLGTLLGWLILI	-3.24611	-1.60634	0.538845	0.30482	985.783
LLLYFLLGVLLGTLLGWLILI	LLLYFLLGTLLGTLLGWLILI	-1.77345	-5.30867	0.137712	0.930859	984.769
LLLYFLLGTLLGTLLGWLILI	LLLTFLLGTLLGTLLGWLILI	-6.01998	-7.45087	0.219549	0.693609	983.694
LLLTFLLGTLLGTLLGWLILI	LLLTYLLGTLLGTLLGWLILI	-7.90444	-6.95115	0.240035	0.650378	982.555
LLLTYLLGTLLGTLLGWLILI	LLLTFLLGTLLGTLLGWLILI	-6.95115	-7.90444	0.650378	0.240035	981.348
LLLTFLLGTLLGTLLGWLILI	LLLTWLLGTLLGTLLGWLILI	-8.06543	-5.58179	0.0790506	1.23103	980.071
LLLTWLLGTLLGTLLGWLILI	LLLYWLLGTLLGTLLGWLILI	-6.11921	-3.5326	0.693609	0.219549	978.717
LLLYWLLGTLLGTLLGWLILI	LLLYWLLGTLLGFLLGWLILI	-2.93596	-0.118871	0.816184	0.171816	977.285
LLLYWLLGTLLGFLLGWLILI	LLLYWLLGTLLGFLLGTLILI	0.426278	-1.3159	0.716965	0.209355	975.768
LLLYWLLGTLLGFLLGTLILI	LLLTWLLGTLLGFLLGTLILI	-1.3057	-4.29427	0.219549	0.693609	974.162
LLLTWLLGTLLGFLLGTLILI	LLLTFLLGTLLGFLLGTLILI	-4.38902	-3.4085	0.598868	0.267575	972.463
LLLTFLLGTLLGFLLGTLILI	LLLTFLLGTLLGWLLGTLILI	-3.4085	-4.5308	0.267575	0.598868	970.666
LLLTFLLGTLLGWLLGTLILI	LLLTFLLGTLLGFLLGTLILI	-4.5308	-5.52367	0.598868	0.267575	968.764
LLLTFLLGTLLGFLLGTLILI	LLLTWLLGTLLGFLLGTLILI	-5.52367	-4.85978	0.267575	0.598868	966.754
LLLTWLLGTLLGFLLGTLILI	LLLTFLLGTLLGFLLGTLILI	-4.85978	-5.52367	0.598868	0.267575	964.627
LLLTFLLGTLLGFLLGTLILI	LLLTFLLGTLLGFLLGWLILI	-5.30522	-3.84701	0.48602	0.343253	962.38
LLLTFLLGTLLGFLLGWLILI	LLLTFLLGTLLGFLLGYLILI	-3.59139	-4.50525	0.598868	0.267575	960.005
LLLTFLLGTLLGFLLGYLILI	LLLTFLLGTLLGTLLGYLILI	-4.55328	-6.37688	0.219549	0.693609	957.496
LLLTFLLGTLLGTLLGYLILI	LLLTFLLGTLLGTLLGFLILI	-6.66014	-6.2593	0.410343	0.410343	954.846
LLLTFLLGTLLGTLLGFLILI	LLLTWLLGTLLGTLLGFLILI	-6.40207	-4.96318	0.267575	0.598868	952.048
LLLTWLLGTLLGTLLGFLILI	LLLTWLLGTLLGTLLGTLILI	-5.46993	-6.74946	0.0921195	1.14683	949.095
LLLTWLLGTLLGTLLGTLILI	LLLTFLLGTLLGTLLGTLILI	-7.00587	-8.0658	0.890414	0.148778	945.979
LLLTFLLGTLLGTLLGTLILI	LLLTFLLGILLGTLLGTLILI	-6.95938	-5.56366	1.2552	0.0756774	942.693
LLLTFLLGILLGTLLGTLILI	LLLTFLLGILLGTLLGYLILI	-4.94572	-3.41731	0.693609	0.219549	939.229
LLLTFLLGILLGTLLGYLILI	LLLTWLLGILLGTLLGYLILI	-3.48808	-3.18337	0.148778	0.890414	935.578
LLLTWLLGILLGTLLGYLILI	LLLTWLLGILLGTLLGTLILI	-3.85423	-4.4988	0.219549	0.693609	931.732
LLLTWLLGILLGTLLGTLILI	LLLTWLLGTLLGTLLGTLILI	-5.11673	-6.60244	0.0756774	1.2552	927.683
LLLTWLLGTLLGTLLGTLILI	LLLTWLLGTLLGFLLGTLILI	-6.7108	-5.36653	1.14683	0.0921195	923.422
LLLTWLLGTLLGFLLGTLILI	LLLTWLLGTLLGTLLGTLILI	-5.36653	-6.74946	0.0921195	1.14683	918.939
LLLTWLLGTLLGTLLGTLILI	LLLTWLLGTLLGTLLGYLILI	-7.0801	-7.61733	0.816184	0.171816	914.227
LLLTWLLGTLLGTLLGYLILI	LLLTFLLGTLLGTLLGYLILI	-6.89873	-6.92171	0.890414	0.148778	909.276
LLLTFLLGTLLGTLLGYLILI	LLLTFLLGTLLGTLLGTLILI	-6.89867	-7.39839	0.171816	0.816184	904.077
LLLTFLLGTLLGTLLGTLILI	LLLTFLLGTLLGFLLGTLILI	-7.39839	-4.70822	0.816184	0.171816	898.621
LLLTFLLGTLLGFLLGTLILI	LLLTYLLGTLLGFLLGTLILI	-4.46969	-4.98771	0.410343	0.410343	892.899
LLLTYLLGTLLGFLLGTLILI	LLLTYLLGTLLGVLLGTLILI	-4.90866	-4.36348	0.489394	0.340616	886.903
LLLTYLLGTLLGVLLGTLILI	LLLTYLLGVLLGVLLGTLILI	-3.90395	-2.43582	0.800152	0.177314	880.623
LLLTYLLGVLLGVLLGTLILI	LLLTWLLGVLLGVLLGTLILI	-2.34556	-0.787672	0.267575	0.598868	874.051
LLLTWLLGVLLGVLLGTLILI	LLLTWLLGTLLGVLLGTLILI	-1.20923	-3.22354	0.177314	0.800152	867.179
LLLTWLLGTLLGVLLGTLILI	LLLTWLLGTLLGVLLGILILI	-2.91559	0.193625	1.10811	0.098896	859.999
LLLTWLLGTLLGVLLGILILI	LLLTWLLGTLLGTLLGILILI	0.189999	-1.76584	0.0952708	1.12845	852.504
LLLTWLLGTLLGTLLGILILI	LLLTWLLGILLGTLLGILILI	-2.11181	-0.911749	0.782479	0.183612	844.686
LLLTWLLGILLGTLLGILILI	LLLTWLLGILLGTLLGTLILI	-0.911749	-4.40993	0.183612	0.782479	836.541
LLLTWLLGILLGTLLGTLILI	LLLTWLLGILLGTLLGYLILI	-4.4988	-3.89288	0.693609	0.219549	828.061
LLLTWLLGILLGTLLGYLILI	LLLTFLLGILLGTLLGYLILI	-3.22201	-2.03564	0.890414	0.148778	819.243
LLLTFLLGILLGTLLGYLILI	LLLTFLLGTLLGTLLGYLILI	-2.08552	-5.96238	0.098896	1.10811	810.083
LLLTFLLGTLLGTLLGYLILI	LLLTFLLGTLLGTLLGWLILI	-6.80291	-7.54561	0.267575	0.598868	800.577
LLLTFLLGTLLGTLLGWLILI	LLLTFLLGTLLGTLLGTLILI	-7.87021	-7.62723	0.274265	0.58734	790.724
LLLTFLLGTLLGTLLGTLILI	LLLTFLLGTLLGWLLGTLILI	-7.62723	-5.76374	0.58734	0.274265	780.523
LLLTFLLGTLLGWLLGTLILI	LLLTYLLGTLLGWLLGTLILI	-5.79797	-4.96647	0.240035	0.650378	769.974
LLLTYLLGTLLGWLLGTLILI	LLLTFLLGTLLGWLLGTLILI	-4.96647	-4.88963	0.650378	0.240035	759.081
LLLTFLLGTLLGWLLGTLILI	LLLTFLLGTLLGTLLGTLILI	-4.8554	-7.02802	0.274265	0.58734	747.845
LLLTFLLGTLLGTLLGTLILI	LLLYFLLGTLLGTLLGTLILI	-6.79918	-7.00724	0.816184	0.171816	736.272
LLLYFLLGTLLGTLLGTLILI	LLLYWLLGTLLGTLLGTLILI	-7.03027	-3.90655	0.148778	0.890414	724.369
LLLYWLLGTLLGTLLGTLILI	LLLYYLLGTLLGTLLGTLILI	-4.42483	-6.53833	0.372136	0.451187	712.142
LLLYYLLGTLLGTLLGTLILI	LLLYFLLGTLLGTLLGTLILI	-6.03673	-6.1793	0.952787	0.132101	699.602
LLLYFLLGTLLGTLLGTLILI	LLLTFLLGTLLGTLLGTLILI	-6.13958	-7.39839	0.171816	0.816184	686.76
LLLTFLLGTLLGTLLGTLILI	LLLYFLLGTLLGTLLGTLILI	-7.39839	-6.13958	0.816184	0.171816	673.628
LLLYFLLGTLLGTLLGTLILI	LLLYYLLGTLLGTLLGTLILI	-6.1793	-6.43155	0.132101	0.952787	660.222
LLLYYLLGTLLGTLLGTLILI	LLLSYLLGTLLGTLLGTLILI	-6.56668	-9.76638	0.817658	0.171321	646.557
LLLSYLLGTLLGTLLGTLILI	LLLYYLLGTLLGTLLGTLILI	-9.76638	-6.69321	0.171321	0.817658	604.196
LLLYYLLGTLLGTLLGTLILI	LLLYFLLGTLLGTLLGTLILI	-6.55809	-6.14065	0.952787	0.132101	589.688
LLLYFLLGTLLGTLLGTLILI	LLLYFLLGTLLGFLLGTLILI	-5.57914	-2.75522	0.693609	0.219549	575.025
LLLYFLLGTLLGFLLGTLILI	LLLYYLLGTLLGFLLGTLILI	-2.73473	-2.49218	0.240035	0.650378	560.23
LLLYYLLGTLLGFLLGTLILI	LLLYYLLGTLLGFLLGYLILI	-2.90452	-1.91521	0.238039	0.654392	545.329
LLLYYLLGTLLGFLLGYLILI	LLLSYLLGTLLGFLLGYLILI	-1.56369	-3.50441	1.00591	0.119534	530.348
LLLSYLLGTLLGFLLGYLILI	LLLSYLLGFLLGFLLGYLILI	-3.29522	-3.01191	0.328724	0.505042	500.25
LLLSYLLGFLLGFLLGYLILI	LLLSYLLGFLLGTLLGYLILI	-3.01191	-6.11273	0.505042	0.328724	470.152
LLLSYLLGFLLGTLLGYLILI	LLLSYLLGWLLGTLLGYLILI	-6.29268	-6.03841	0.148778	0.890414	455.171
LLLSYLLGWLLGTLLGYLILI	LLLSYLLGTLLGTLLGYLILI	-6.46785	-7.62124	0.460972	0.363705	440.27
LLLSYLLGTLLGTLLGYLILI	LLLSYLLGTLLGTLLGTLILI	-7.60561	-8.6022	0.379341	0.443059	425.475
LLLSYLLGTLLGTLLGTLILI	LLLSYLLGWLLGTLLGTLILI	-8.55924	-9.1158	0.48602	0.343253	396.304
LLLSYLLGWLLGTLLGTLILI	LLLSYLLGWLLGTLLGFLILI	-8.64287	-6.6106	0.816184	0.171816	367.849
LLLSYLLGWLLGTLLGFLILI	LLLSYLLGTLLGTLLGFLILI	-6.32144	-7.40944	0.460972	0.363705	340.278
LLLSYLLGTLLGTLLGFLILI	LLLSYLLGTLLGTLLGWLILI	-7.62436	-7.11003	0.148778	0.890414	276.131
LLLSYLLGTLLGTLLGWLILI	LLLSYLLGTLLGTLLGTLILI	-7.65719	-8.59789	0.343253	0.48602	264.228
LLLSYLLGTLLGTLLGTLILI	LLLSYLLGTLLGTLLGWLILI	-8.59789	-8.65418	0.48602	0.343253	252.655
LLLSYLLGTLLGTLLGWLILI	LLLSYLLGTLLGTLLGTLILI	-8.65418	-8.59789	0.343253	0.48602	230.526
LLLSYLLGTLLGTLLGTLILI	LLLSYLLGTLLGTLLGFLILI	-8.07962	-7.77467	1.0043	0.119894	209.776
LLLSYLLGTLLGTLLGFLILI	LLLSYLLGWLLGTLLGFLILI	-7.53085	-7.69007	0.363705	0.460972	199.923
LLLSYLLGWLLGTLLGFLILI	LLLSYLLGTLLGTLLGFLILI	-7.69007	-7.40944	0.460972	0.363705	163.959
LLLSYLLGTLLGTLLGFLILI	LLLSYLLGTLLGTLLGTLILI	-7.65325	-8.06575	0.119894	1.0043	155.814
LLLSYLLGTLLGTLLGTLILI	LLLTYLLGTLLGTLLGTLILI	-8.94941	-8.54591	0.120637	1.001	147.996
LLLTYLLGTLLGTLLGTLILI	LLLSYLLGTLLGTLLGTLILI	-8.54591	-8.94941	1.001	0.120637	140.501
LLLSYLLGTLLGTLLGTLILI	LLLSYLLGTLLGTLLGYLILI	-8.62699	-8.57988	0.443059	0.379341	113.597
LLLSYLLGTLLGTLLGYLILI	LLLSYLLGTLLGTLLGTLILI	-8.57988	-8.6022	0.379341	0.443059	91.2238
LLLSYLLGTLLGTLLGTLILI	LLLSYLLGWLLGTLLGTLILI	-8.55924	-9.10199	0.48602	0.343253	68.7677
LLLSYLLGWLLGTLLGTLILI	LLLSYLLGTLLGTLLGTLILI	-9.10199	-9.56183	0.343253	0.48602	64.9219
Time: 357s
