***STARTING GEOMETRY:***
xShift: 8.54576
crossingAngle: -40.3047
axialRotation: 51.0769
zShift: 4.10698

Number of MCCycles: 100
PrevSequence	CurrSequence	PrevEnergy	CurrEnergy	PrevEntropy	CurrEntropy	CurrentTemp
LLLALLTGLLTTLLTYLLILI	LLLALLTGLLFTLLTYLLILI	-20.0449	-22.2344	1.14683	0.0921195	999.684
LLLALLTGLLFTLLTYLLILI	LLLALLTGLLTTLLTYLLILI	-22.2344	-22.8094	0.0921195	1.14683	999.328
LLLALLTGLLTTLLTYLLILI	LLLALLYGLLTTLLTYLLILI	-23.4174	-21.2529	0.538845	0.30482	998.476
LLLALLYGLLTTLLTYLLILI	LLLALLYALLTTLLTYLLILI	-21.1963	-24.1802	0.36136	0.463748	997.967
LLLALLYALLTTLLTYLLILI	LLLALLYALLTTLLTTLLILI	-24.3391	-23.3655	0.30482	0.538845	996.749
LLLALLYALLTTLLTTLLILI	LLLALLTALLTTLLTTLLILI	-23.7631	-24.5595	0.141213	0.917682	996.023
LLLALLTALLTTLLTTLLILI	LLLALLTSLLTTLLTTLLILI	-25.0606	-24.885	0.416521	0.404229	995.205
LLLALLTSLLTTLLTTLLILI	LLLALLTSLLTTLLVTLLILI	-23.8946	-21.701	1.39457	0.0589809	994.285
LLLALLTSLLTTLLVTLLILI	LLLALLTSLLTTLLVVLLILI	-20.8292	-18.1314	0.930859	0.137712	993.249
LLLALLTSLLTTLLVVLLILI	LLLALLTSLLTTLLTVLLILI	-18.1314	-20.8288	0.137712	0.930859	992.084
LLLALLTSLLTTLLTVLLILI	LLLALLTSLLTTLLTYLLILI	-21.5652	-25.2797	0.194474	0.753596	990.773
LLLALLTSLLTTLLTYLLILI	LLLGLLTSLLTTLLTYLLILI	-25.7571	-24.0449	0.276169	0.584123	989.3
LLLGLLTSLLTTLLTYLLILI	LLLGLLTALLTTLLTYLLILI	-23.9868	-24.598	0.642213	0.244161	987.644
LLLGLLTALLTTLLTYLLILI	LLLALLTALLTTLLTYLLILI	-24.4808	-25.795	0.36136	0.463748	985.783
LLLALLTALLTTLLTYLLILI	LLLGLLTALLTTLLTYLLILI	-25.795	-24.4808	0.463748	0.36136	983.694
LLLGLLTALLTTLLTYLLILI	LLLGLLTSLLTTLLTYLLILI	-24.598	-23.9868	0.244161	0.642213	981.348
LLLGLLTSLLTTLLTYLLILI	LLLGLLTSLLTTLLTTLLILI	-24.4878	-22.9672	0.141213	0.917682	978.717
LLLGLLTSLLTTLLTTLLILI	LLLGLLYSLLTTLLTTLLILI	-22.9672	-21.84	0.917682	0.141213	975.768
LLLGLLYSLLTTLLTTLLILI	LLLGLLYSLLTTLLVTLLILI	-20.7049	-18.3781	1.27634	0.0728516	972.463
LLLGLLYSLLTTLLVTLLILI	LLLGLLTSLLTTLLVTLLILI	-18.2791	-19.5396	0.171816	0.816184	968.764
LLLGLLTSLLTTLLVTLLILI	LLLGLLTSLLTVLLVTLLILI	-19.4249	-16.6851	0.930859	0.137712	964.627
LLLGLLTSLLTVLLVTLLILI	LLLALLTSLLTVLLVTLLILI	-16.2387	-17.9511	0.584123	0.276169	960.005
LLLALLTSLLTVLLVTLLILI	LLLALLTSLLTVLLTTLLILI	-18.0895	-17.7063	0.137712	0.930859	954.846
LLLALLTSLLTVLLTTLLILI	LLLALLTSLLTTLLTTLLILI	-18.5782	-23.8946	0.0589809	1.39457	949.095
LLLALLTSLLTTLLTTLLILI	LLLGLLTSLLTTLLTTLLILI	-25.013	-23.3008	0.276169	0.584123	942.693
LLLGLLTSLLTTLLTTLLILI	LLLGLLTSLLTTLLTYLLILI	-22.9672	-24.4878	0.917682	0.141213	935.578
LLLGLLTSLLTTLLTYLLILI	LLLALLTSLLTTLLTYLLILI	-24.0449	-25.7571	0.584123	0.276169	927.683
LLLALLTSLLTTLLTYLLILI	LLLGLLTSLLTTLLTYLLILI	-25.7571	-24.0449	0.276169	0.584123	918.939
LLLGLLTSLLTTLLTYLLILI	LLLALLTSLLTTLLTYLLILI	-24.0449	-25.7571	0.584123	0.276169	909.276
LLLALLTSLLTTLLTYLLILI	LLLALLTALLTTLLTYLLILI	-25.6291	-25.8423	0.404229	0.416521	898.621
LLLALLTALLTTLLTYLLILI	LLLALLTALLTTLLTTLLILI	-26.1176	-24.6013	0.141213	0.917682	886.903
LLLALLTALLTTLLTTLLILI	LLLGLLTALLTTLLTTLLILI	-25.0552	-23.7409	0.463748	0.36136	874.051
LLLGLLTALLTTLLTTLLILI	LLLGLLTALLTTLLTYLLILI	-23.1846	-24.7009	0.917682	0.141213	859.999
LLLGLLTALLTTLLTYLLILI	LLLGLLTSLLTTLLTYLLILI	-24.598	-23.9868	0.244161	0.642213	844.686
LLLGLLTSLLTTLLTYLLILI	LLLALLTSLLTTLLTYLLILI	-24.0449	-25.7571	0.584123	0.276169	828.061
LLLALLTSLLTTLLTYLLILI	LLLALLYSLLTTLLTYLLILI	-25.4944	-23.7634	0.538845	0.30482	810.083
LLLALLYSLLTTLLTYLLILI	LLLGLLYSLLTTLLTYLLILI	-23.7921	-22.1409	0.276169	0.584123	790.724
LLLGLLYSLLTTLLTYLLILI	LLLALLYSLLTTLLTYLLILI	-22.1409	-23.7921	0.584123	0.276169	769.974
LLLALLYSLLTTLLTYLLILI	LLLALLYSLLTSLLTYLLILI	-23.4893	-13.437	0.578967	0.279255	747.845
LLLALLYSLLTSLLTYLLILI	LLLALLYALLTSLLTYLLILI	-13.0741	-14.078	0.642213	0.244161	724.369
LLLALLYALLTSLLTYLLILI	LLLALLTALLTSLLTYLLILI	-13.9428	-15.5403	0.379341	0.443059	699.602
LLLALLTALLTSLLTYLLILI	LLLALLTALLTTLLTYLLILI	-15.8627	-25.2578	0.120637	1.001	673.628
LLLALLTALLTTLLTYLLILI	LLLALLTSLLTTLLTYLLILI	-25.8423	-25.6291	0.416521	0.404229	646.557
LLLALLTSLLTTLLTYLLILI	LLLALLTALLTTLLTYLLILI	-25.6291	-25.8423	0.404229	0.416521	618.524
LLLALLTALLTTLLTYLLILI	LLLALLTALLTTLLTTLLILI	-26.1176	-24.6013	0.141213	0.917682	589.688
LLLALLTALLTTLLTTLLILI	LLLALLYALLTTLLTTLLILI	-24.6013	-23.7631	0.917682	0.141213	560.23
LLLALLYALLTTLLTTLLILI	LLLALLTALLTTLLTTLLILI	-23.7631	-24.6013	0.141213	0.917682	530.348
LLLALLTALLTTLLTTLLILI	LLLALLTALLTTLLTYLLILI	-24.6013	-26.1176	0.917682	0.141213	500.25
LLLALLTALLTTLLTYLLILI	LLLALLTSLLTTLLTYLLILI	-25.8423	-25.6291	0.416521	0.404229	440.27
LLLALLTSLLTTLLTYLLILI	LLLALLTALLTTLLTYLLILI	-25.6291	-25.8423	0.404229	0.416521	410.812
LLLALLTALLTTLLTYLLILI	LLLALLTALLWTLLTYLLILI	-25.6715	-21.782	0.58734	0.274265	381.976
LLLALLTALLWTLLTYLLILI	LLLALLTALLTTLLTYLLILI	-21.782	-25.6715	0.274265	0.58734	326.872
LLLALLTALLTTLLTYLLILI	LLLALLTSLLTTLLTYLLILI	-25.8423	-25.6291	0.416521	0.404229	276.131
LLLALLTSLLTTLLTYLLILI	LLLALLTSLLTTLLTTLLILI	-25.8921	-24.3715	0.141213	0.917682	252.655
LLLALLTSLLTTLLTTLLILI	LLLALLTSLLTTLLTYLLILI	-24.3715	-25.8921	0.917682	0.141213	230.526
LLLALLTSLLTTLLTYLLILI	LLLALLTALLTTLLTYLLILI	-25.6291	-25.8423	0.404229	0.416521	209.776
LLLALLTALLTTLLTYLLILI	LLLGLLTALLTTLLTYLLILI	-25.795	-24.4808	0.463748	0.36136	190.417
LLLGLLTALLTTLLTYLLILI	LLLALLTALLTTLLTYLLILI	-24.4808	-25.795	0.36136	0.463748	172.439
LLLALLTALLTTLLTYLLILI	LLLALLTSLLTTLLTYLLILI	-25.8423	-25.6291	0.416521	0.404229	140.501
LLLALLTSLLTTLLTYLLILI	LLLALLTALLTTLLTYLLILI	-25.6291	-25.8423	0.404229	0.416521	126.449
LLLALLTALLTTLLTYLLILI	LLLALLTSLLTTLLTYLLILI	-25.8423	-25.6291	0.416521	0.404229	113.597
LLLALLTSLLTTLLTYLLILI	LLLALLTALLTTLLTYLLILI	-25.6291	-25.8007	0.404229	0.416521	91.2238
LLLALLTALLTTLLTYLLILI	LLLALLTSLLTTLLTYLLILI	-25.8007	-25.6291	0.416521	0.404229	81.5606
LLLALLTSLLTTLLTYLLILI	LLLALLTALLTTLLTYLLILI	-25.6291	-25.8423	0.404229	0.416521	72.8169
LLLALLTALLTTLLTYLLILI	LLLALLTSLLTTLLTYLLILI	-25.8423	-25.6291	0.416521	0.404229	64.9219
LLLALLTSLLTTLLTYLLILI	LLLALLTALLTTLLTYLLILI	-25.6291	-25.8423	0.404229	0.416521	35.8726
LLLALLTALLTTLLTYLLILI	LLLALLTSLLTTLLTYLLILI	-25.8423	-25.6291	0.416521	0.404229	31.7355
LLLALLTSLLTTLLTYLLILI	LLLALLTALLTTLLTYLLILI	-25.6291	-25.8423	0.404229	0.416521	28.0365
Time: 72s
