MCAccept 0 xShift: 8.71152 crossingAngle: -37.41 axialRotation: -45.15 zShift: 0.81 energy: 5820.47
MCAccept 1 xShift: 8.71152 crossingAngle: -37.41 axialRotation: -45.1506 zShift: 0.81 energy: 5820.47
MCAccept 2 xShift: 8.71152 crossingAngle: -37.41 axialRotation: -45.1781 zShift: 0.81 energy: 5820.78
MCReject   xShift: 8.71152 crossingAngle: -37.41 axialRotation: -45.1213 zShift: 0.81 energy: 117975
MCReject   xShift: 8.71152 crossingAngle: -37.3109 axialRotation: -45.1781 zShift: 0.81 energy: 117975
MCReject   xShift: 8.71626 crossingAngle: -37.41 axialRotation: -45.1781 zShift: 0.81 energy: 117975
MCReject   xShift: 8.71152 crossingAngle: -37.3534 axialRotation: -45.1781 zShift: 0.81 energy: 117975
MCAccept 3 xShift: 8.7067 crossingAngle: -37.41 axialRotation: -45.1781 zShift: 0.81 energy: 5820.47
MCAccept 4 xShift: 8.7067 crossingAngle: -37.41 axialRotation: -45.1781 zShift: 0.8116 energy: 5804.43
MCAccept 5 xShift: 8.70794 crossingAngle: -37.41 axialRotation: -45.1781 zShift: 0.8116 energy: 5804.44
MCAccept 6 xShift: 8.70794 crossingAngle: -37.41 axialRotation: -45.1781 zShift: 0.81993 energy: 5722.74
MCAccept 7 xShift: 8.70794 crossingAngle: -37.41 axialRotation: -45.1895 zShift: 0.81993 energy: 5722.74
MCReject   xShift: 8.70794 crossingAngle: -37.41 axialRotation: -45.1895 zShift: 0.817324 energy: 5748.12
MCAccept 8 xShift: 8.70794 crossingAngle: -37.3407 axialRotation: -45.1895 zShift: 0.81993 energy: 5722.43
MCAccept 9 xShift: 8.70794 crossingAngle: -37.3407 axialRotation: -45.0083 zShift: 0.81993 energy: 5722.43
MCReject   xShift: 8.70794 crossingAngle: -37.3407 axialRotation: -45.0083 zShift: 0.824057 energy: 112612
MCAccept 10 xShift: 8.70794 crossingAngle: -37.3407 axialRotation: -45.0828 zShift: 0.81993 energy: 5722.43
MCAccept 11 xShift: 8.70959 crossingAngle: -37.3407 axialRotation: -45.0828 zShift: 0.81993 energy: 5722.43
MCReject   xShift: 8.70048 crossingAngle: -37.3407 axialRotation: -45.0828 zShift: 0.81993 energy: 5722.75
MCAccept 12 xShift: 8.70959 crossingAngle: -37.3407 axialRotation: -44.9841 zShift: 0.81993 energy: 5722.43
MCAccept 13 xShift: 8.70959 crossingAngle: -37.3407 axialRotation: -44.9841 zShift: 0.820804 energy: 5714.3
MCAccept 14 xShift: 8.69961 crossingAngle: -37.3407 axialRotation: -44.9841 zShift: 0.820804 energy: 5714.29
MCReject   xShift: 8.68473 crossingAngle: -37.3407 axialRotation: -44.9841 zShift: 0.820804 energy: 113808
MCAccept 15 xShift: 8.70964 crossingAngle: -37.3407 axialRotation: -44.9841 zShift: 0.820804 energy: 5714.29
MCAccept 16 xShift: 8.70964 crossingAngle: -37.5558 axialRotation: -44.9841 zShift: 0.820804 energy: 5713.99
MCReject   xShift: 8.70964 crossingAngle: -37.5558 axialRotation: -44.853 zShift: 0.820804 energy: 5714.29
MCReject   xShift: 8.70964 crossingAngle: -37.5558 axialRotation: -44.9841 zShift: 0.80742 energy: 119017
MCReject   xShift: 8.70964 crossingAngle: -37.5558 axialRotation: -44.9841 zShift: 0.799061 energy: 5933.01
MCReject   xShift: 8.70964 crossingAngle: -37.4768 axialRotation: -44.9841 zShift: 0.820804 energy: 5714.29
MCReject   xShift: 8.70964 crossingAngle: -37.5558 axialRotation: -45.0119 zShift: 0.820804 energy: 113808
MCReject   xShift: 8.70964 crossingAngle: -37.4674 axialRotation: -44.9841 zShift: 0.820804 energy: 113808
MCReject   xShift: 8.70964 crossingAngle: -37.5558 axialRotation: -44.7763 zShift: 0.820804 energy: 113808
MCAccept 17 xShift: 8.70964 crossingAngle: -37.5558 axialRotation: -44.9841 zShift: 0.82296 energy: 5693.24
MCAccept 18 xShift: 8.70964 crossingAngle: -37.5558 axialRotation: -44.9841 zShift: 0.826351 energy: 5660.96
MCAccept 19 xShift: 8.70964 crossingAngle: -37.6557 axialRotation: -44.9841 zShift: 0.826351 energy: 5660.97
MCAccept 20 xShift: 8.70964 crossingAngle: -37.6956 axialRotation: -44.9841 zShift: 0.826351 energy: 5660.96
MCReject   xShift: 8.70964 crossingAngle: -37.772 axialRotation: -44.9841 zShift: 0.826351 energy: 111785
MCReject   xShift: 8.70964 crossingAngle: -37.6956 axialRotation: -44.9841 zShift: 0.817527 energy: 5746.14
MCReject   xShift: 8.69615 crossingAngle: -37.6956 axialRotation: -44.9841 zShift: 0.826351 energy: 111785
MCReject   xShift: 8.7122 crossingAngle: -37.6956 axialRotation: -44.9841 zShift: 0.826351 energy: 111785
MCAccept 21 xShift: 8.71445 crossingAngle: -37.6956 axialRotation: -44.9841 zShift: 0.826351 energy: 5660.96
MCAccept 22 xShift: 8.71132 crossingAngle: -37.6956 axialRotation: -44.9841 zShift: 0.826351 energy: 5661.27
MCReject   xShift: 8.7169 crossingAngle: -37.6956 axialRotation: -44.9841 zShift: 0.826351 energy: 111785
MCAccept 23 xShift: 8.71132 crossingAngle: -37.6956 axialRotation: -44.9841 zShift: 0.843009 energy: 5508.43
MCReject   xShift: 8.71132 crossingAngle: -37.6956 axialRotation: -45.013 zShift: 0.843009 energy: 106153
MCReject   xShift: 8.71132 crossingAngle: -37.6129 axialRotation: -44.9841 zShift: 0.843009 energy: 106153
MCAccept 24 xShift: 8.71132 crossingAngle: -37.6956 axialRotation: -44.8561 zShift: 0.843009 energy: 5508.43
MCAccept 25 xShift: 8.71132 crossingAngle: -37.5503 axialRotation: -44.8561 zShift: 0.843009 energy: 5508.75
MCReject   xShift: 8.69755 crossingAngle: -37.5503 axialRotation: -44.8561 zShift: 0.843009 energy: 106153
MCAccept 26 xShift: 8.71132 crossingAngle: -37.4657 axialRotation: -44.8561 zShift: 0.843009 energy: 5508.43
MCReject   xShift: 8.70152 crossingAngle: -37.4657 axialRotation: -44.8561 zShift: 0.843009 energy: 5508.75
MCAccept 27 xShift: 8.71132 crossingAngle: -37.4657 axialRotation: -44.8561 zShift: 0.85235 energy: 5427.24
MCAccept 28 xShift: 8.71132 crossingAngle: -37.4657 axialRotation: -44.8561 zShift: 0.868958 energy: 5290.43
MCAccept 29 xShift: 8.71132 crossingAngle: -37.4657 axialRotation: -44.7992 zShift: 0.868958 energy: 5290.43
MCReject   xShift: 8.71132 crossingAngle: -37.45 axialRotation: -44.7992 zShift: 0.868958 energy: 5290.75
MCReject   xShift: 8.7005 crossingAngle: -37.4657 axialRotation: -44.7992 zShift: 0.868958 energy: 5290.75
MCAccept 30 xShift: 8.71132 crossingAngle: -37.4657 axialRotation: -44.6603 zShift: 0.868958 energy: 5290.43
MCAccept 31 xShift: 8.72904 crossingAngle: -37.4657 axialRotation: -44.6603 zShift: 0.868958 energy: 5290.43
MCReject   xShift: 8.73039 crossingAngle: -37.4657 axialRotation: -44.6603 zShift: 0.868958 energy: 5290.75
MCAccept 32 xShift: 8.72904 crossingAngle: -37.5251 axialRotation: -44.6603 zShift: 0.868958 energy: 5290.43
MCReject   xShift: 8.72904 crossingAngle: -37.5251 axialRotation: -44.7626 zShift: 0.868958 energy: 98565.1
MCReject   xShift: 8.72904 crossingAngle: -37.5251 axialRotation: -44.6603 zShift: 0.868869 energy: 5291.46
MCAccept 33 xShift: 8.72904 crossingAngle: -37.4848 axialRotation: -44.6603 zShift: 0.868958 energy: 5290.43
MCReject   xShift: 8.72904 crossingAngle: -37.4848 axialRotation: -44.6603 zShift: 0.865819 energy: 99412.9
MCAccept 34 xShift: 8.69797 crossingAngle: -37.4848 axialRotation: -44.6603 zShift: 0.868958 energy: 5290.43
MCReject   xShift: 8.69797 crossingAngle: -37.4848 axialRotation: -44.6603 zShift: 0.854573 energy: 5408.68
MCReject   xShift: 8.69797 crossingAngle: -37.4848 axialRotation: -44.7403 zShift: 0.868958 energy: 5290.75
MCReject   xShift: 8.69797 crossingAngle: -37.5149 axialRotation: -44.6603 zShift: 0.868958 energy: 98565.1
MCAccept 35 xShift: 8.69797 crossingAngle: -37.4848 axialRotation: -44.6603 zShift: 0.872266 energy: 5264.33
MCAccept 36 xShift: 8.69797 crossingAngle: -37.4848 axialRotation: -44.6603 zShift: 0.872348 energy: 5264.01
MCAccept 37 xShift: 8.69797 crossingAngle: -37.746 axialRotation: -44.6603 zShift: 0.872348 energy: 5264.01
MCAccept 38 xShift: 8.69797 crossingAngle: -37.6255 axialRotation: -44.6603 zShift: 0.872348 energy: 5264.01
MCReject   xShift: 8.69797 crossingAngle: -37.6255 axialRotation: -44.6603 zShift: 0.866168 energy: 5312.74
MCAccept 39 xShift: 8.69797 crossingAngle: -37.6255 axialRotation: -44.6603 zShift: 0.876067 energy: 5234.81
MCAccept 40 xShift: 8.69574 crossingAngle: -37.6255 axialRotation: -44.6603 zShift: 0.876067 energy: 5234.81
MCAccept 41 xShift: 8.69574 crossingAngle: -37.6651 axialRotation: -44.6603 zShift: 0.876067 energy: 5234.81
MCAccept 42 xShift: 8.69574 crossingAngle: -37.6651 axialRotation: -44.6603 zShift: 0.888038 energy: 5145.39
MCReject   xShift: 8.69574 crossingAngle: -37.6651 axialRotation: -44.5475 zShift: 0.888038 energy: 93789.7
MCReject   xShift: 8.69574 crossingAngle: -37.6651 axialRotation: -44.6603 zShift: 0.889614 energy: 93422.8
MCAccept 43 xShift: 8.69574 crossingAngle: -37.6651 axialRotation: -44.441 zShift: 0.888038 energy: 5145.06
MCReject   xShift: 8.69574 crossingAngle: -37.6651 axialRotation: -44.441 zShift: 0.884453 energy: 94639.7
MCReject   xShift: 8.69574 crossingAngle: -37.6651 axialRotation: -44.4677 zShift: 0.888038 energy: 5145.39
MCReject   xShift: 8.69574 crossingAngle: -37.5481 axialRotation: -44.441 zShift: 0.888038 energy: 5145.39
MCReject   xShift: 8.69574 crossingAngle: -37.6651 axialRotation: -44.459 zShift: 0.888038 energy: 5145.07
MCReject   xShift: 8.69574 crossingAngle: -37.6651 axialRotation: -44.441 zShift: 0.874236 energy: 5249.29
MCReject   xShift: 8.69574 crossingAngle: -37.6651 axialRotation: -44.3963 zShift: 0.888038 energy: 93789.7
MCReject   xShift: 8.69574 crossingAngle: -37.5049 axialRotation: -44.441 zShift: 0.888038 energy: 5145.39
MCAccept 44 xShift: 8.69574 crossingAngle: -37.6651 axialRotation: -44.441 zShift: 0.897035 energy: 5081.17
MCAccept 45 xShift: 8.71209 crossingAngle: -37.6651 axialRotation: -44.441 zShift: 0.897035 energy: 5081.17
MCReject   xShift: 8.71209 crossingAngle: -37.7182 axialRotation: -44.441 zShift: 0.897035 energy: 91748.5
MCAccept 46 xShift: 8.71209 crossingAngle: -37.5986 axialRotation: -44.441 zShift: 0.897035 energy: 5080.84
MCReject   xShift: 8.71209 crossingAngle: -37.5709 axialRotation: -44.441 zShift: 0.897035 energy: 5081.17
MCAccept 47 xShift: 8.71209 crossingAngle: -37.5986 axialRotation: -44.4859 zShift: 0.897035 energy: 5080.85
MCReject   xShift: 8.71209 crossingAngle: -37.5986 axialRotation: -44.5082 zShift: 0.897035 energy: 91748.8
MCAccept 48 xShift: 8.71209 crossingAngle: -37.3624 axialRotation: -44.4859 zShift: 0.897035 energy: 5080.84
MCReject   xShift: 8.71706 crossingAngle: -37.3624 axialRotation: -44.4859 zShift: 0.897035 energy: 5081.17
MCAccept 49 xShift: 8.70891 crossingAngle: -37.3624 axialRotation: -44.4859 zShift: 0.897035 energy: 5080.85
MCAccept 50 xShift: 8.70891 crossingAngle: -37.3467 axialRotation: -44.4859 zShift: 0.897035 energy: 5080.85
MCAccept 51 xShift: 8.70891 crossingAngle: -37.3467 axialRotation: -44.4859 zShift: 0.903363 energy: 5037.65
MCReject   xShift: 8.70891 crossingAngle: -37.2165 axialRotation: -44.4859 zShift: 0.903363 energy: 90388.3
MCAccept 52 xShift: 8.72066 crossingAngle: -37.3467 axialRotation: -44.4859 zShift: 0.903363 energy: 5037.64
MCReject   xShift: 8.72066 crossingAngle: -37.3467 axialRotation: -44.2734 zShift: 0.903363 energy: 90388.3
MCAccept 53 xShift: 8.72066 crossingAngle: -37.3467 axialRotation: -44.4859 zShift: 0.908503 energy: 5003.29
MCAccept 54 xShift: 8.72066 crossingAngle: -37.4505 axialRotation: -44.4859 zShift: 0.908503 energy: 5002.96
MCAccept 55 xShift: 8.71975 crossingAngle: -37.4505 axialRotation: -44.4859 zShift: 0.908503 energy: 5002.96
MCReject   xShift: 8.71975 crossingAngle: -37.4505 axialRotation: -44.5221 zShift: 0.908503 energy: 5003.29
MCAccept 56 xShift: 8.73758 crossingAngle: -37.4505 axialRotation: -44.4859 zShift: 0.908503 energy: 5002.96
MCReject   xShift: 8.74954 crossingAngle: -37.4505 axialRotation: -44.4859 zShift: 0.908503 energy: 89327.5
MCReject   xShift: 8.73758 crossingAngle: -37.4505 axialRotation: -44.4834 zShift: 0.908503 energy: 89327.5
MCAccept 57 xShift: 8.73978 crossingAngle: -37.4505 axialRotation: -44.4859 zShift: 0.908503 energy: 5002.97
MCReject   xShift: 8.73978 crossingAngle: -37.6132 axialRotation: -44.4859 zShift: 0.908503 energy: 89327.7
MCReject   xShift: 8.73978 crossingAngle: -37.4505 axialRotation: -44.532 zShift: 0.908503 energy: 89327.5
MCAccept 58 xShift: 8.73978 crossingAngle: -37.4505 axialRotation: -44.4859 zShift: 0.909322 energy: 4997.9
MCAccept 59 xShift: 8.73419 crossingAngle: -37.4505 axialRotation: -44.4859 zShift: 0.909322 energy: 4997.57
MCAccept 60 xShift: 8.73483 crossingAngle: -37.4505 axialRotation: -44.4859 zShift: 0.909322 energy: 4997.57
MCReject   xShift: 8.7401 crossingAngle: -37.4505 axialRotation: -44.4859 zShift: 0.909322 energy: 89162.1
MCReject   xShift: 8.73483 crossingAngle: -37.4505 axialRotation: -44.4859 zShift: 0.908894 energy: 5000.72
MCReject   xShift: 8.73483 crossingAngle: -37.4505 axialRotation: -44.3628 zShift: 0.909322 energy: 4997.9
MCReject   xShift: 8.73483 crossingAngle: -37.4505 axialRotation: -44.632 zShift: 0.909322 energy: 89162.1
MCReject   xShift: 8.73483 crossingAngle: -37.4505 axialRotation: -44.4859 zShift: 0.90442 energy: 5030.18
MCAccept 61 xShift: 8.73483 crossingAngle: -37.4505 axialRotation: -44.4859 zShift: 0.914778 energy: 4962.56
MCAccept 62 xShift: 8.73483 crossingAngle: -37.4505 axialRotation: -44.6154 zShift: 0.914778 energy: 4962.23
MCAccept 63 xShift: 8.73483 crossingAngle: -37.4505 axialRotation: -44.6154 zShift: 0.916967 energy: 4948.33
MCReject   xShift: 8.73483 crossingAngle: -37.4505 axialRotation: -44.6846 zShift: 0.916967 energy: 4948.66
MCReject   xShift: 8.73483 crossingAngle: -37.4505 axialRotation: -44.5003 zShift: 0.916967 energy: 4948.66
MCReject   xShift: 8.73483 crossingAngle: -37.5986 axialRotation: -44.6154 zShift: 0.916967 energy: 4948.66
MCAccept 64 xShift: 8.72418 crossingAngle: -37.4505 axialRotation: -44.6154 zShift: 0.916967 energy: 4948.34
MCReject   xShift: 8.72418 crossingAngle: -37.5613 axialRotation: -44.6154 zShift: 0.916967 energy: 4948.66
MCAccept 65 xShift: 8.72418 crossingAngle: -37.4505 axialRotation: -44.6154 zShift: 0.927224 energy: 4885.36
MCAccept 66 xShift: 8.72418 crossingAngle: -37.6162 axialRotation: -44.6154 zShift: 0.927224 energy: 4885.36
MCAccept 67 xShift: 8.72418 crossingAngle: -37.6162 axialRotation: -44.5508 zShift: 0.927224 energy: 4885.35
MCAccept 68 xShift: 8.72418 crossingAngle: -37.6162 axialRotation: -44.5508 zShift: 0.940984 energy: 4806.4
MCReject   xShift: 8.71479 crossingAngle: -37.6162 axialRotation: -44.5508 zShift: 0.940984 energy: 83467.9
MCAccept 69 xShift: 8.72418 crossingAngle: -37.6162 axialRotation: -44.565 zShift: 0.940984 energy: 4806.4
MCAccept 70 xShift: 8.72418 crossingAngle: -37.6162 axialRotation: -44.4572 zShift: 0.940984 energy: 4806.4
MCReject   xShift: 8.72418 crossingAngle: -37.62 axialRotation: -44.4572 zShift: 0.940984 energy: 4806.73
MCReject   xShift: 8.72418 crossingAngle: -37.6162 axialRotation: -44.4572 zShift: 0.935344 energy: 4838.33
MCAccept 71 xShift: 8.72418 crossingAngle: -37.6162 axialRotation: -44.5049 zShift: 0.940984 energy: 4806.4
MCAccept 72 xShift: 8.72418 crossingAngle: -37.6162 axialRotation: -44.5049 zShift: 0.961629 energy: 4700.15
MCAccept 73 xShift: 8.72418 crossingAngle: -37.6162 axialRotation: -44.4549 zShift: 0.961629 energy: 4699.81
MCReject   xShift: 8.72418 crossingAngle: -37.6706 axialRotation: -44.4549 zShift: 0.961629 energy: 4700.14
MCReject   xShift: 8.72061 crossingAngle: -37.6162 axialRotation: -44.4549 zShift: 0.961629 energy: 4700.14
MCAccept 74 xShift: 8.72418 crossingAngle: -37.6162 axialRotation: -44.4549 zShift: 0.963016 energy: 4693.16
MCReject   xShift: 8.73103 crossingAngle: -37.6162 axialRotation: -44.4549 zShift: 0.963016 energy: 4693.5
MCReject   xShift: 8.72418 crossingAngle: -37.6162 axialRotation: -44.4549 zShift: 0.957318 energy: 4721.23
MCReject   xShift: 8.74334 crossingAngle: -37.6162 axialRotation: -44.4549 zShift: 0.963016 energy: 4693.5
MCReject   xShift: 8.72418 crossingAngle: -37.6162 axialRotation: -44.4928 zShift: 0.963016 energy: 4693.5
MCAccept 75 xShift: 8.72418 crossingAngle: -37.6162 axialRotation: -44.4549 zShift: 0.967425 energy: 4672.45
MCAccept 76 xShift: 8.72418 crossingAngle: -37.6162 axialRotation: -44.4549 zShift: 0.984142 energy: 4600.17
MCReject   xShift: 8.72418 crossingAngle: -37.6162 axialRotation: -44.4549 zShift: 0.982998 energy: 4604.51
MCAccept 77 xShift: 8.72418 crossingAngle: -37.6113 axialRotation: -44.4549 zShift: 0.984142 energy: 4599.83
MCReject   xShift: 8.72418 crossingAngle: -37.6113 axialRotation: -44.4549 zShift: 0.975175 energy: 78699.3
MCReject   xShift: 8.69492 crossingAngle: -37.6113 axialRotation: -44.4549 zShift: 0.984142 energy: 4600.17
MCReject   xShift: 8.72418 crossingAngle: -37.6113 axialRotation: -44.4549 zShift: 0.979471 energy: 4619.18
MCAccept 78 xShift: 8.71834 crossingAngle: -37.6113 axialRotation: -44.4549 zShift: 0.984142 energy: 4599.84
MCReject   xShift: 8.71834 crossingAngle: -37.6523 axialRotation: -44.4549 zShift: 0.984142 energy: 77660.9
MCReject   xShift: 8.71827 crossingAngle: -37.6113 axialRotation: -44.4549 zShift: 0.984142 energy: 4600.17
MCReject   xShift: 8.71834 crossingAngle: -37.6042 axialRotation: -44.4549 zShift: 0.984142 energy: 77660.6
MCAccept 79 xShift: 8.71834 crossingAngle: -37.5442 axialRotation: -44.4549 zShift: 0.984142 energy: 4599.84
MCAccept 80 xShift: 8.71834 crossingAngle: -37.5442 axialRotation: -44.4549 zShift: 0.985285 energy: 4595.21
MCAccept 81 xShift: 8.71834 crossingAngle: -37.5408 axialRotation: -44.4549 zShift: 0.985285 energy: 4595.21
MCReject   xShift: 8.71834 crossingAngle: -37.5408 axialRotation: -44.4316 zShift: 0.985285 energy: 4595.55
MCAccept 82 xShift: 8.71834 crossingAngle: -37.5408 axialRotation: -44.4549 zShift: 0.990796 energy: 4573.55
MCReject   xShift: 8.71169 crossingAngle: -37.5408 axialRotation: -44.4549 zShift: 0.990796 energy: 76943.7
MCReject   xShift: 8.71834 crossingAngle: -37.5408 axialRotation: -44.2395 zShift: 0.990796 energy: 4573.89
MCReject   xShift: 8.71834 crossingAngle: -37.5195 axialRotation: -44.4549 zShift: 0.990796 energy: 4573.89
MCReject   xShift: 8.71834 crossingAngle: -37.5408 axialRotation: -44.3472 zShift: 0.990796 energy: 4573.89
MCAccept 83 xShift: 8.71834 crossingAngle: -37.5408 axialRotation: -44.5749 zShift: 0.990796 energy: 4573.55
MCReject   xShift: 8.7169 crossingAngle: -37.5408 axialRotation: -44.5749 zShift: 0.990796 energy: 76943.7
MCReject   xShift: 8.71834 crossingAngle: -37.5839 axialRotation: -44.5749 zShift: 0.990796 energy: 4573.89
MCAccept 84 xShift: 8.74278 crossingAngle: -37.5408 axialRotation: -44.5749 zShift: 0.990796 energy: 4573.55
MCReject   xShift: 8.74278 crossingAngle: -37.5681 axialRotation: -44.5749 zShift: 0.990796 energy: 76943.7
MCAccept 85 xShift: 8.74278 crossingAngle: -37.5408 axialRotation: -44.5176 zShift: 0.990796 energy: 4573.55
MCReject   xShift: 8.75815 crossingAngle: -37.5408 axialRotation: -44.5176 zShift: 0.990796 energy: 76943.7
MCAccept 86 xShift: 8.74866 crossingAngle: -37.5408 axialRotation: -44.5176 zShift: 0.990796 energy: 4573.55
MCReject   xShift: 8.74866 crossingAngle: -37.5408 axialRotation: -44.3829 zShift: 0.990796 energy: 76943.7
MCReject   xShift: 8.75234 crossingAngle: -37.5408 axialRotation: -44.5176 zShift: 0.990796 energy: 4573.89
MCReject   xShift: 8.74866 crossingAngle: -37.5408 axialRotation: -44.416 zShift: 0.990796 energy: 76943.7
MCReject   xShift: 8.74866 crossingAngle: -37.5408 axialRotation: -44.5176 zShift: 0.971448 energy: 4654.12
MCReject   xShift: 8.74866 crossingAngle: -37.3898 axialRotation: -44.5176 zShift: 0.990796 energy: 76943.7
MCReject   xShift: 8.74866 crossingAngle: -37.5408 axialRotation: -44.5176 zShift: 0.983592 energy: 4602.42
MCAccept 87 xShift: 8.74866 crossingAngle: -37.5305 axialRotation: -44.5176 zShift: 0.990796 energy: 4573.55
MCAccept 88 xShift: 8.75057 crossingAngle: -37.5305 axialRotation: -44.5176 zShift: 0.990796 energy: 4573.55
MCReject   xShift: 8.75057 crossingAngle: -37.4155 axialRotation: -44.5176 zShift: 0.990796 energy: 4573.89
MCReject   xShift: 8.76274 crossingAngle: -37.5305 axialRotation: -44.5176 zShift: 0.990796 energy: 76943.7
MCAccept 89 xShift: 8.75057 crossingAngle: -37.4295 axialRotation: -44.5176 zShift: 0.990796 energy: 4573.55
MCReject   xShift: 8.75057 crossingAngle: -37.4295 axialRotation: -44.4348 zShift: 0.990796 energy: 4573.89
MCReject   xShift: 8.75057 crossingAngle: -37.4295 axialRotation: -44.686 zShift: 0.990796 energy: 76943.7
MCAccept 90 xShift: 8.75057 crossingAngle: -37.4295 axialRotation: -44.5685 zShift: 0.990796 energy: 4573.55
MCAccept 91 xShift: 8.75057 crossingAngle: -37.4295 axialRotation: -44.7294 zShift: 0.990796 energy: 4573.55
MCAccept 92 xShift: 8.75057 crossingAngle: -37.4295 axialRotation: -44.7294 zShift: 1.00663 energy: 4517.02
MCReject   xShift: 8.73485 crossingAngle: -37.4295 axialRotation: -44.7294 zShift: 1.00663 energy: 4517.02
MCAccept 93 xShift: 8.73997 crossingAngle: -37.4295 axialRotation: -44.7294 zShift: 1.00663 energy: 4517.02
MCReject   xShift: 8.72059 crossingAngle: -37.4295 axialRotation: -44.7294 zShift: 1.00663 energy: 4517.02
MCAccept 94 xShift: 8.73997 crossingAngle: -37.4295 axialRotation: -44.7294 zShift: 1.00836 energy: 4511.38
MCReject   xShift: 8.73997 crossingAngle: -37.4295 axialRotation: -44.7294 zShift: 1.00548 energy: 4520.83
MCAccept 95 xShift: 8.72884 crossingAngle: -37.4295 axialRotation: -44.7294 zShift: 1.00836 energy: 4511.38
MCAccept 96 xShift: 8.72884 crossingAngle: -37.5119 axialRotation: -44.7294 zShift: 1.00836 energy: 4511.38
Energy #0: 4511.38
***GEOMETRY SHIFT***
xShift;        Before: 8.68; After: 8.72884
crossingAngle; Before: -37.41; After: -37.5119
axialRotation; Before: -45.15; After: -44.7294
zShift;        Before: 0.81; After: 1.00836
Energy;        Before: 1.76867e+11; After: 4511.38

Completed all cycles. Accepted 97/198
Monte Carlo repack complete. Time: 41.1667min

Final energy is 4511.38 after repack, indicating clashes. Choose a different geometry
