***STARTING GEOMETRY:***
xShift: 6.84
crossingAngle: -40.46
axialRotation: -5.55
zShift: 4.62

Number of MCCycles: 200
PrevSequence	CurrSequence	PrevEnergy	CurrEnergy	PrevEntropy	CurrEntropy	CurrentTemp
LLLYGLLTGLLTGLLTSLILI	LLLYGLLTGLLTGLLTALILI	41.9219	38.9747	0.410343	0.410343	999.847
LLLYGLLTGLLTGLLTALILI	LLLYGLLTGLLTGLLTSLILI	38.9747	38.051	0.410343	0.410343	999.684
LLLYGLLTGLLTGLLTSLILI	LLLYALLTGLLTGLLTSLILI	38.706	39.7517	1.06535	0.107014	999.512
LLLYALLTGLLTGLLTSLILI	LLLYALLVGLLTGLLTSLILI	40.7732	42.8783	1.12845	0.0952708	999.328
LLLYALLVGLLTGLLTSLILI	LLLYALLTGLLTGLLTSLILI	42.8783	42.3818	0.0952708	1.12845	999.134
LLLYALLTGLLTGLLTSLILI	LLLYGLLTGLLTGLLTSLILI	41.3604	38.706	0.107014	1.06535	998.928
LLLYGLLTGLLTGLLTSLILI	LLLYALLTGLLTGLLTSLILI	38.706	41.3608	1.06535	0.107014	998.708
LLLYALLTGLLTGLLTSLILI	LLLYALLTGLLFGLLTSLILI	42.2581	43.2039	1.0043	0.119894	998.476
LLLYALLTGLLFGLLTSLILI	LLLYALLTGLLTGLLTSLILI	43.2039	42.2577	0.119894	1.0043	998.229
LLLYALLTGLLTGLLTSLILI	LLLYGLLTGLLTGLLTSLILI	41.3604	38.706	0.107014	1.06535	997.967
LLLYGLLTGLLTGLLTSLILI	LLLYGLLTGLLTGLLTALILI	38.051	38.9747	0.410343	0.410343	997.689
LLLYGLLTGLLTGLLTALILI	LLLYGLLTGLLTGLLTGLILI	38.9747	39.4502	0.410343	0.410343	997.394
LLLYGLLTGLLTGLLTGLILI	LLLYALLTGLLTGLLTGLILI	40.1053	41.151	1.06535	0.107014	997.081
LLLYALLTGLLTGLLTGLILI	LLLYGLLTGLLTGLLTGLILI	41.151	41.7084	0.107014	1.06535	996.749
LLLYGLLTGLLTGLLTGLILI	LLLYGLLVGLLTGLLTGLILI	41.7715	42.3621	1.12845	0.0952708	996.397
LLLYGLLVGLLTGLLTGLILI	LLLYGLLTGLLTGLLTGLILI	42.3621	40.1684	0.0952708	1.12845	996.023
LLLYGLLTGLLTGLLTGLILI	LLLYGLLTGLLTGLLTALILI	39.4502	38.9747	0.410343	0.410343	995.626
LLLYGLLTGLLTGLLTALILI	LLLGGLLTGLLTGLLTALILI	38.7776	40.0993	0.213262	0.707856	995.205
LLLGGLLTGLLTGLLTALILI	LLLGGLLTGLLTGLLTGLILI	39.8018	40.2773	0.410343	0.410343	994.758
LLLGGLLTGLLTGLLTGLILI	LLLGGLLTGLLTGLLVGLILI	40.9954	45.0871	1.12845	0.0952708	994.285
LLLGGLLTGLLTGLLVGLILI	LLLGGLLTGLLTGLLVSLILI	45.4022	42.6168	0.410343	0.410343	993.782
LLLGGLLTGLLTGLLVSLILI	LLLGGLLTGLLTGLLTSLILI	42.3018	41.2078	0.0952708	1.12845	993.249
LLLGGLLTGLLTGLLTSLILI	LLLGALLTGLLTGLLTSLILI	41.29	41.9843	1.21066	0.0820187	992.683
LLLGALLTGLLTGLLTSLILI	LLLGALLVGLLTGLLTSLILI	43.0308	43.3029	1.12845	0.0952708	992.084
LLLGALLVGLLTGLLTSLILI	LLLGALLTGLLTGLLTSLILI	43.3029	43.0308	0.0952708	1.12845	991.448
LLLGALLTGLLTGLLTSLILI	LLLTALLTGLLTGLLTSLILI	42.174	42.6895	0.271676	0.591758	990.773
LLLTALLTGLLTGLLTSLILI	LLLTALLTGLLFGLLTSLILI	43.2446	44.0166	1.14683	0.0921195	990.058
LLLTALLTGLLFGLLTSLILI	LLLYALLTGLLFGLLTSLILI	44.6181	43.3036	0.693609	0.219549	989.3
LLLYALLTGLLFGLLTSLILI	LLLYALLTGLLFGLLTALILI	43.4944	44.4114	0.410343	0.410343	988.496
LLLYALLTGLLFGLLTALILI	LLLGALLTGLLFGLLTALILI	44.2711	45.2621	0.270132	0.594419	987.644
LLLGALLTGLLFGLLTALILI	LLLYALLTGLLFGLLTALILI	45.2621	44.4834	0.594419	0.270132	986.74
LLLYALLTGLLFGLLTALILI	LLLYGLLTGLLFGLLTALILI	44.3203	43.5186	0.107014	1.06535	985.783
LLLYGLLTGLLFGLLTALILI	LLLYGLLTGLLTGLLTALILI	42.5732	39.5687	0.119894	1.0043	984.769
LLLYGLLTGLLTGLLTALILI	LLLYGLLTGLLTGLLTSLILI	38.9747	39.6619	0.410343	0.410343	983.694
LLLYGLLTGLLTGLLTSLILI	LLLYGLLTGLLTGLLTALILI	39.6619	40.5828	0.410343	0.410343	982.555
LLLYGLLTGLLTGLLTALILI	LLLGGLLTGLLTGLLTALILI	40.3857	41.7078	0.213262	0.707856	981.348
LLLGGLLTGLLTGLLTALILI	LLLGALLTGLLTGLLTALILI	42.2106	41.299	1.21066	0.0820187	980.071
LLLGALLTGLLTGLLTALILI	LLLGALLTGLLTGLLLALILI	42.0661	47.0555	0.849143	0.161118	978.717
LLLGALLTGLLTGLLLALILI	LLLYALLTGLLTGLLLALILI	47.4888	47.5312	0.594419	0.270132	977.285
LLLYALLTGLLTGLLLALILI	LLLYALLTGLLTGLLLSLILI	47.6714	46.8125	0.410343	0.410343	975.768
LLLYALLTGLLTGLLLSLILI	LLLYGLLTGLLTGLLLSLILI	46.5092	45.4655	0.107014	1.06535	974.162
LLLYGLLTGLLTGLLLSLILI	LLLGGLLTGLLTGLLLSLILI	44.6134	45.9356	0.213262	0.707856	972.463
LLLGGLLTGLLTGLLLSLILI	LLLGGLLTGLLTGLLTSLILI	45.3889	42.5384	0.161118	0.849143	970.666
LLLGGLLTGLLTGLLTSLILI	LLLGGLLTGLLTGLLTALILI	42.0996	41.4103	0.410343	0.410343	968.764
LLLGGLLTGLLTGLLTALILI	LLLYGLLTGLLTGLLTALILI	41.7078	38.7776	0.707856	0.213262	966.754
LLLYGLLTGLLTGLLTALILI	LLLYGLLVGLLTGLLTALILI	39.6928	41.8866	1.12845	0.0952708	964.627
LLLYGLLVGLLTGLLTALILI	LLLYGLLVGLLTGLLTGLILI	42.2017	42.6772	0.410343	0.410343	962.38
LLLYGLLVGLLTGLLTGLILI	LLLYGLLTGLLTGLLTGLILI	42.3621	41.7715	0.0952708	1.12845	960.005
LLLYGLLTGLLTGLLTGLILI	LLLYGLLTGLLTGLLVGLILI	41.7715	44.2596	1.12845	0.0952708	957.496
LLLYGLLTGLLTGLLVGLILI	LLLGGLLTGLLTGLLVGLILI	44.3775	45.6997	0.213262	0.707856	954.846
LLLGGLLTGLLTGLLVGLILI	LLLYGLLTGLLTGLLVGLILI	45.6997	42.8387	0.707856	0.213262	952.048
LLLYGLLTGLLTGLLVGLILI	LLLYGLLYGLLTGLLVGLILI	42.9542	45.4477	0.328724	0.505042	949.095
LLLYGLLYGLLTGLLVGLILI	LLLYGLLYGLLTGLLTGLILI	45.0803	44.2866	0.137712	0.930859	945.979
LLLYGLLYGLLTGLLTGLILI	LLLYGLLYGLLFGLLTGLILI	44.1719	44.0798	0.816184	0.171816	942.693
LLLYGLLYGLLFGLLTGLILI	LLLYGLLYGLLTGLLTGLILI	44.0798	42.1737	0.171816	0.816184	939.229
LLLYGLLYGLLTGLLTGLILI	LLLYGLLYGLLTGLLVGLILI	42.2884	45.0803	0.930859	0.137712	935.578
LLLYGLLYGLLTGLLVGLILI	LLLYGLLYGLLTGLLTGLILI	45.0803	42.2884	0.137712	0.930859	931.732
LLLYGLLYGLLTGLLTGLILI	LLLYGLLYGLLFGLLTGLILI	42.1737	44.0798	0.816184	0.171816	927.683
LLLYGLLYGLLFGLLTGLILI	LLLYALLYGLLFGLLTGLILI	44.9733	45.7282	1.06535	0.107014	923.422
LLLYALLYGLLFGLLTGLILI	LLLYGLLYGLLFGLLTGLILI	45.7282	44.9733	0.107014	1.06535	918.939
LLLYGLLYGLLFGLLTGLILI	LLLYGLLYGLLFGLLTSLILI	44.3183	42.9387	0.410343	0.410343	914.227
LLLYGLLYGLLFGLLTSLILI	LLLGGLLYGLLFGLLTSLILI	42.8981	44.0505	0.369715	0.453966	909.276
LLLGGLLYGLLFGLLTSLILI	LLLYGLLYGLLFGLLTSLILI	44.0505	42.8981	0.453966	0.369715	904.077
LLLYGLLYGLLFGLLTSLILI	LLLYALLYGLLFGLLTSLILI	43.5937	44.3486	1.06535	0.107014	898.621
LLLYALLYGLLFGLLTSLILI	LLLYALLYGLLTGLLTSLILI	44.4134	42.6243	0.171816	0.816184	892.899
LLLYALLYGLLTGLLTSLILI	LLLYALLVGLLTGLLTSLILI	42.8827	42.8882	1.07465	0.105187	886.903
LLLYALLVGLLTGLLTSLILI	LLLYGLLVGLLTGLLTSLILI	42.89	41.9329	0.107014	1.06535	880.623
LLLYGLLVGLLTGLLTSLILI	LLLYGLLVGLLTGLLTALILI	41.2779	42.2017	0.410343	0.410343	874.051
LLLYGLLVGLLTGLLTALILI	LLLYGLLVGLLTGLLTSLILI	42.2017	41.2779	0.410343	0.410343	867.179
LLLYGLLVGLLTGLLTSLILI	LLLYGLLVGLLTGLLTGLILI	41.2779	42.6772	0.410343	0.410343	859.999
LLLYGLLVGLLTGLLTGLILI	LLLYALLVGLLTGLLTGLILI	43.3322	44.2893	1.06535	0.107014	852.504
LLLYALLVGLLTGLLTGLILI	LLLYALLVGLLTGLLTALILI	44.5926	44.1171	0.410343	0.410343	844.686
LLLYALLVGLLTGLLTALILI	LLLYALLTGLLTGLLTALILI	43.802	43.3024	0.0952708	1.12845	836.541
LLLYALLTGLLTGLLTALILI	LLLYALLTGLLTGLLVALILI	43.3024	44.3295	1.12845	0.0952708	828.061
LLLYALLTGLLTGLLVALILI	LLLYGLLTGLLTGLLVALILI	44.3413	43.2955	0.107014	1.06535	819.243
LLLYGLLTGLLTGLLVALILI	LLLYGLLTGLLTGLLVSLILI	42.6405	41.7897	0.410343	0.410343	810.083
LLLYGLLTGLLTGLLVSLILI	LLLYGLLTGLLTGLLVGLILI	41.7897	43.0358	0.410343	0.410343	800.577
LLLYGLLTGLLTGLLVGLILI	LLLYALLTGLLTGLLVGLILI	43.6908	44.7365	1.06535	0.107014	790.724
LLLYALLTGLLTGLLVGLILI	LLLYALLTGLLTGLLVSLILI	45.0399	43.7938	0.410343	0.410343	780.523
LLLYALLTGLLTGLLVSLILI	LLLYGLLTGLLTGLLVSLILI	43.4905	43.9916	0.107014	1.06535	769.974
LLLYGLLTGLLTGLLVSLILI	LLLYGLLTGLLTGLLVALILI	43.3366	44.1842	0.410343	0.410343	759.081
LLLYGLLTGLLTGLLVALILI	LLLYGLLTGLLTGLLVSLILI	44.1842	41.7897	0.410343	0.410343	747.845
LLLYGLLTGLLTGLLVSLILI	LLLYGLLTGLLFGLLVSLILI	42.1956	45.4404	0.816184	0.171816	736.272
LLLYGLLTGLLFGLLVSLILI	LLLYGLLTGLLFGLLTSLILI	45.4063	42.3566	0.137712	0.930859	724.369
LLLYGLLTGLLFGLLTSLILI	LLLYALLTGLLFGLLTSLILI	42.491	43.191	1.06535	0.107014	712.142
LLLYALLTGLLFGLLTSLILI	LLLYALLTGLLTGLLTSLILI	43.2039	42.2581	0.119894	1.0043	699.602
LLLYALLTGLLTGLLTSLILI	LLLYALLVGLLTGLLTSLILI	42.3822	42.8783	1.12845	0.0952708	686.76
LLLYALLVGLLTGLLTSLILI	LLLYALLTGLLTGLLTSLILI	42.8783	42.3818	0.0952708	1.12845	673.628
LLLYALLTGLLTGLLTSLILI	LLLYALLTGLLTGLLTALILI	41.6637	40.9788	0.410343	0.410343	660.222
LLLYALLTGLLTGLLTALILI	LLLYALLTGLLTGLLTSLILI	40.9788	40.0551	0.410343	0.410343	646.557
LLLYALLTGLLTGLLTSLILI	LLLYGLLTGLLTGLLTSLILI	39.7517	38.706	0.107014	1.06535	618.524
LLLYGLLTGLLTGLLTSLILI	LLLYGLLTGLLTGLLTALILI	38.051	38.9747	0.410343	0.410343	604.196
LLLYGLLTGLLTGLLTALILI	LLLYGLLTGLLTGLLTSLILI	38.9747	38.051	0.410343	0.410343	575.025
LLLYGLLTGLLTGLLTSLILI	LLLYGLLTGLLTGLLTALILI	38.051	38.9747	0.410343	0.410343	560.23
LLLYGLLTGLLTGLLTALILI	LLLYALLTGLLTGLLTALILI	39.6297	40.6755	1.06535	0.107014	545.329
LLLYALLTGLLTGLLTALILI	LLLYALLTGLLTGLLTSLILI	40.9788	41.6641	0.410343	0.410343	515.312
LLLYALLTGLLTGLLTSLILI	LLLYALLYGLLTGLLTSLILI	41.6968	42.1874	0.443059	0.379341	500.25
LLLYALLYGLLTGLLTSLILI	LLLYALLTGLLTGLLTSLILI	42.1874	41.6964	0.379341	0.443059	485.188
LLLYALLTGLLTGLLTSLILI	LLLYGLLTGLLTGLLTSLILI	41.3604	38.706	0.107014	1.06535	470.152
LLLYGLLTGLLTGLLTSLILI	LLLYALLTGLLTGLLTSLILI	38.706	39.7517	1.06535	0.107014	455.171
LLLYALLTGLLTGLLTSLILI	LLLYGLLTGLLTGLLTSLILI	39.7517	38.706	0.107014	1.06535	440.27
LLLYGLLTGLLTGLLTSLILI	LLLYALLTGLLTGLLTSLILI	38.706	39.7517	1.06535	0.107014	425.475
LLLYALLTGLLTGLLTSLILI	LLLYGLLTGLLTGLLTSLILI	39.7517	38.706	0.107014	1.06535	410.812
LLLYGLLTGLLTGLLTSLILI	LLLTGLLTGLLTGLLTSLILI	37.8124	39.432	0.171816	0.816184	353.943
LLLTGLLTGLLTGLLTSLILI	LLLYGLLTGLLTGLLTSLILI	39.432	37.8124	0.816184	0.171816	326.872
LLLYGLLTGLLTGLLTSLILI	LLLYGLLTGLLTGLLTALILI	38.051	38.9747	0.410343	0.410343	252.655
LLLYGLLTGLLTGLLTALILI	LLLYGLLTGLLTGLLTSLILI	38.9747	38.051	0.410343	0.410343	199.923
LLLYGLLTGLLTGLLTSLILI	LLLYGLLTGLLTGLLTALILI	38.051	38.9747	0.410343	0.410343	155.814
LLLYGLLTGLLTGLLTALILI	LLLYGLLTGLLTGLLTSLILI	38.9747	39.6622	0.410343	0.410343	147.996
LLLYGLLTGLLTGLLTSLILI	LLLYGLLYGLLTGLLTSLILI	39.6949	40.338	0.443059	0.379341	140.501
LLLYGLLYGLLTGLLTSLILI	LLLYGLLVGLLTGLLTSLILI	41.0333	40.9728	1.07465	0.105187	126.449
LLLYGLLVGLLTGLLTSLILI	LLLYGLLTGLLTGLLTSLILI	40.9628	38.7691	0.0952708	1.12845	107.601
Time: 158s
