***STARTING GEOMETRY:***
xShift: 6.35485
crossingAngle: -36.7426
axialRotation: 6.15036
zShift: 5.02486

Number of MCCycles: 100
PrevSequence	CurrSequence	PrevEnergy	CurrEnergy	PrevEntropy	CurrEntropy	CurrentTemp
LLLLLLGTLLGTLLGTLLILI	LLLLLLGTLLGTLLGYLLILI	19.0587	18.8185	0.693609	0.219549	999.684
LLLLLLGTLLGTLLGYLLILI	LLLLLLGTLLGTLLGTLLILI	18.8185	15.9942	0.219549	0.693609	999.328
LLLLLLGTLLGTLLGTLLILI	LLLLLLGTLLGWLLGTLLILI	15.7866	16.8071	0.48602	0.343253	998.928
LLLLLLGTLLGWLLGTLLILI	LLLYLLGTLLGWLLGTLLILI	16.7768	9.13355	0.312976	0.526939	998.476
LLLYLLGTLLGWLLGTLLILI	LLLYLLGTLLGTLLGTLLILI	8.94987	10.1173	0.343253	0.48602	997.967
LLLYLLGTLLGTLLGTLLILI	LLLYLLGTLLGTLLGYLLILI	10.0743	13.4767	0.443059	0.379341	997.394
LLLYLLGTLLGTLLGYLLILI	LLLYLLGTLLGTLLGTLLILI	13.4767	10.218	0.379341	0.443059	996.749
LLLYLLGTLLGTLLGTLLILI	LLLFLLGTLLGTLLGTLLILI	10.4253	9.56051	0.650378	0.240035	996.023
LLLFLLGTLLGTLLGTLLILI	LLLYLLGTLLGTLLGTLLILI	9.56051	10.4253	0.240035	0.650378	995.205
LLLYLLGTLLGTLLGTLLILI	LLLYLLGTLLGWLLGTLLILI	10.2609	8.94987	0.48602	0.343253	994.285
LLLYLLGTLLGWLLGTLLILI	LLLYLLGTLLGTLLGTLLILI	8.94987	10.1173	0.343253	0.48602	993.249
LLLYLLGTLLGTLLGTLLILI	LLLYLLGTLLGTLLGVLLILI	10.7597	13.4458	1.12845	0.0952708	992.084
LLLYLLGTLLGTLLGVLLILI	LLLYLLGTLLGWLLGVLLILI	13.7142	13.2284	0.363705	0.460972	990.773
LLLYLLGTLLGWLLGVLLILI	LLLYLLGTLLGTLLGVLLILI	13.2284	13.7684	0.460972	0.363705	989.3
LLLYLLGTLLGTLLGVLLILI	LLLYLLGTLLGTLLGTLLILI	13.4999	10.7597	0.0952708	1.12845	987.644
LLLYLLGTLLGTLLGTLLILI	LLLYLLGVLLGTLLGTLLILI	10.7597	13.3585	1.12845	0.0952708	985.783
LLLYLLGVLLGTLLGTLLILI	LLLYLLGTLLGTLLGTLLILI	13.3585	10.7597	0.0952708	1.12845	983.694
LLLYLLGTLLGTLLGTLLILI	LLLFLLGTLLGTLLGTLLILI	10.2817	9.56051	0.650378	0.240035	981.348
LLLFLLGTLLGTLLGTLLILI	LLLFLLGTLLGWLLGTLLILI	9.80649	8.58362	0.48602	0.343253	978.717
LLLFLLGTLLGWLLGTLLILI	LLLFLLGTLLGWLLGVLLILI	9.17123	12.4149	0.930859	0.137712	964.627
LLLFLLGTLLGWLLGVLLILI	LLLFLLGTLLGTLLGVLLILI	12.7382	13.4033	0.460972	0.363705	960.005
LLLFLLGTLLGTLLGVLLILI	LLLFLLGTLLGWLLGVLLILI	13.4033	12.7382	0.363705	0.460972	954.846
LLLFLLGTLLGWLLGVLLILI	LLLFLLGTLLGTLLGVLLILI	12.7382	13.4033	0.460972	0.363705	949.095
LLLFLLGTLLGTLLGVLLILI	LLLFLLGTLLGTLLGTLLILI	13.1349	10.4489	0.0952708	1.12845	942.693
LLLFLLGTLLGTLLGTLLILI	LLLYLLGTLLGTLLGTLLILI	9.56051	10.3357	0.240035	0.650378	935.578
LLLYLLGTLLGTLLGTLLILI	LLLFLLGTLLGTLLGTLLILI	10.3357	9.56051	0.650378	0.240035	927.683
LLLFLLGTLLGTLLGTLLILI	LLLYLLGTLLGTLLGTLLILI	9.56051	10.3714	0.240035	0.650378	918.939
LLLYLLGTLLGTLLGTLLILI	LLLYLLGTLLGWLLGTLLILI	10.2071	8.94987	0.48602	0.343253	909.276
LLLYLLGTLLGWLLGTLLILI	LLLFLLGTLLGWLLGTLLILI	9.25699	8.4804	0.650378	0.240035	898.621
LLLFLLGTLLGWLLGTLLILI	LLLFLLGTLLGTLLGTLLILI	8.58362	9.80649	0.343253	0.48602	886.903
LLLFLLGTLLGTLLGTLLILI	LLLYLLGTLLGTLLGTLLILI	9.56051	10.2817	0.240035	0.650378	874.051
LLLYLLGTLLGTLLGTLLILI	LLLFLLGTLLGTLLGTLLILI	10.2817	9.56051	0.650378	0.240035	859.999
LLLFLLGTLLGTLLGTLLILI	LLLFLLGTLLGWLLGTLLILI	9.80649	8.58362	0.48602	0.343253	844.686
LLLFLLGTLLGWLLGTLLILI	LLLFLLGTLLGTLLGTLLILI	8.58362	9.80649	0.343253	0.48602	828.061
LLLFLLGTLLGTLLGTLLILI	LLLFLLGTLLGWLLGTLLILI	9.80649	8.58362	0.48602	0.343253	810.083
LLLFLLGTLLGWLLGTLLILI	LLLFLLGTLLGTLLGTLLILI	8.58362	9.80649	0.343253	0.48602	724.369
LLLFLLGTLLGTLLGTLLILI	LLLFLLGTLLGWLLGTLLILI	9.80649	8.58362	0.48602	0.343253	699.602
LLLFLLGTLLGWLLGTLLILI	LLLFLLGTLLGTLLGTLLILI	8.58362	9.80649	0.343253	0.48602	673.628
LLLFLLGTLLGTLLGTLLILI	LLLYLLGTLLGTLLGTLLILI	9.56051	10.2817	0.240035	0.650378	646.557
LLLYLLGTLLGTLLGTLLILI	LLLYLLGTLLGWLLGTLLILI	10.1173	10.9207	0.48602	0.343253	618.524
LLLYLLGTLLGWLLGTLLILI	LLLFLLGTLLGWLLGTLLILI	11.2278	10.5746	0.650378	0.240035	589.688
LLLFLLGTLLGWLLGTLLILI	LLLFLLGTLLGTLLGTLLILI	10.6778	9.80649	0.343253	0.48602	530.348
LLLFLLGTLLGTLLGTLLILI	LLLYLLGTLLGTLLGTLLILI	9.56051	10.2817	0.240035	0.650378	500.25
LLLYLLGTLLGTLLGTLLILI	LLLFLLGTLLGTLLGTLLILI	10.2817	9.56051	0.650378	0.240035	440.27
LLLFLLGTLLGTLLGTLLILI	LLLYLLGTLLGTLLGTLLILI	9.56051	10.3357	0.240035	0.650378	410.812
LLLYLLGTLLGTLLGTLLILI	LLLYLLGVLLGTLLGTLLILI	10.8137	13.3494	1.12845	0.0952708	381.976
LLLYLLGVLLGTLLGTLLILI	LLLFLLGVLLGTLLGTLLILI	13.9045	13.5616	0.650378	0.240035	353.943
LLLFLLGVLLGTLLGTLLILI	LLLFLLGTLLGTLLGTLLILI	13.4168	10.4489	0.0952708	1.12845	300.898
LLLFLLGTLLGTLLGTLLILI	LLLFLLGTLLGWLLGTLLILI	9.80649	8.58362	0.48602	0.343253	209.776
Time: 133s
