MCAccept 0 xShift: 7.48 crossingAngle: -41.21 axialRotation: -38.6468 zShift: 5.25 energy: 2.75178
MCAccept 1 xShift: 7.48 crossingAngle: -41.21 axialRotation: -38.6468 zShift: 5.25216 energy: 2.75202
MCAccept 2 xShift: 7.48 crossingAngle: -41.21 axialRotation: -38.6468 zShift: 5.25555 energy: 2.75246
MCAccept 3 xShift: 7.48 crossingAngle: -41.3098 axialRotation: -38.6468 zShift: 5.25555 energy: 2.75246
MCAccept 4 xShift: 7.48 crossingAngle: -41.3498 axialRotation: -38.6468 zShift: 5.25555 energy: 2.75246
MCAccept 5 xShift: 7.48 crossingAngle: -41.4262 axialRotation: -38.6468 zShift: 5.25555 energy: 2.75246
MCAccept 6 xShift: 7.48 crossingAngle: -41.4262 axialRotation: -38.6468 zShift: 5.24672 energy: 2.75148
MCAccept 7 xShift: 7.46651 crossingAngle: -41.4262 axialRotation: -38.6468 zShift: 5.24672 energy: 2.75148
MCAccept 8 xShift: 7.46907 crossingAngle: -41.4262 axialRotation: -38.6468 zShift: 5.24672 energy: 2.75148
MCAccept 9 xShift: 7.47388 crossingAngle: -41.4262 axialRotation: -38.6468 zShift: 5.24672 energy: 2.75148
MCAccept 10 xShift: 7.47074 crossingAngle: -41.4262 axialRotation: -38.6468 zShift: 5.24672 energy: 2.75148
MCAccept 11 xShift: 7.47633 crossingAngle: -41.4262 axialRotation: -38.6468 zShift: 5.24672 energy: 2.75148
MCAccept 12 xShift: 7.47633 crossingAngle: -41.4262 axialRotation: -38.6468 zShift: 5.26338 energy: 2.75376
MCAccept 13 xShift: 7.47633 crossingAngle: -41.4262 axialRotation: -38.6758 zShift: 5.26338 energy: 2.75376
MCAccept 14 xShift: 7.47633 crossingAngle: -41.3435 axialRotation: -38.6758 zShift: 5.26338 energy: 2.75376
MCAccept 15 xShift: 7.47633 crossingAngle: -41.3435 axialRotation: -38.5478 zShift: 5.26338 energy: 2.75376
MCAccept 16 xShift: 7.47633 crossingAngle: -41.1982 axialRotation: -38.5478 zShift: 5.26338 energy: 2.75376
MCAccept 17 xShift: 7.46256 crossingAngle: -41.1982 axialRotation: -38.5478 zShift: 5.26338 energy: 2.75376
MCAccept 18 xShift: 7.46256 crossingAngle: -41.1136 axialRotation: -38.5478 zShift: 5.26338 energy: 2.75376
MCAccept 19 xShift: 7.45276 crossingAngle: -41.1136 axialRotation: -38.5478 zShift: 5.26338 energy: 2.75376
MCAccept 20 xShift: 7.45276 crossingAngle: -41.1136 axialRotation: -38.5478 zShift: 5.27272 energy: 2.7558
MCAccept 21 xShift: 7.45276 crossingAngle: -41.1136 axialRotation: -38.5478 zShift: 5.28933 energy: 2.76072
MCAccept 22 xShift: 7.45276 crossingAngle: -41.1136 axialRotation: -38.4909 zShift: 5.28933 energy: 2.76072
MCAccept 23 xShift: 7.45276 crossingAngle: -41.0978 axialRotation: -38.4909 zShift: 5.28933 energy: 2.76072
MCAccept 24 xShift: 7.44194 crossingAngle: -41.0978 axialRotation: -38.4909 zShift: 5.28933 energy: 2.76072
MCAccept 25 xShift: 7.44194 crossingAngle: -41.0978 axialRotation: -38.352 zShift: 5.28933 energy: 2.76072
MCAccept 26 xShift: 7.45967 crossingAngle: -41.0978 axialRotation: -38.352 zShift: 5.28933 energy: 2.76072
MCAccept 27 xShift: 7.46101 crossingAngle: -41.0978 axialRotation: -38.352 zShift: 5.28933 energy: 2.76072
MCAccept 28 xShift: 7.46101 crossingAngle: -41.1572 axialRotation: -38.352 zShift: 5.28933 energy: 2.76072
MCAccept 29 xShift: 7.46101 crossingAngle: -41.1572 axialRotation: -38.4543 zShift: 5.28933 energy: 2.76072
MCAccept 30 xShift: 7.46101 crossingAngle: -41.1572 axialRotation: -38.4543 zShift: 5.28924 energy: 2.76068
MCAccept 31 xShift: 7.46101 crossingAngle: -41.1169 axialRotation: -38.4543 zShift: 5.28924 energy: 2.76068
MCAccept 32 xShift: 7.46101 crossingAngle: -41.1169 axialRotation: -38.4543 zShift: 5.2861 energy: 2.75963
MCAccept 33 xShift: 7.42994 crossingAngle: -41.1169 axialRotation: -38.4543 zShift: 5.2861 energy: 2.75963
MCAccept 34 xShift: 7.42994 crossingAngle: -41.1169 axialRotation: -38.4543 zShift: 5.27172 energy: 2.75555
MCAccept 35 xShift: 7.42994 crossingAngle: -41.1169 axialRotation: -38.5343 zShift: 5.27172 energy: 2.75555
MCAccept 36 xShift: 7.42994 crossingAngle: -41.147 axialRotation: -38.5343 zShift: 5.27172 energy: 2.75555
MCAccept 37 xShift: 7.42994 crossingAngle: -41.147 axialRotation: -38.5343 zShift: 5.27503 energy: 2.75638
MCAccept 38 xShift: 7.42994 crossingAngle: -41.147 axialRotation: -38.5343 zShift: 5.27511 energy: 2.7564
MCAccept 39 xShift: 7.42994 crossingAngle: -41.4083 axialRotation: -38.5343 zShift: 5.27511 energy: 2.7564
MCAccept 40 xShift: 7.42994 crossingAngle: -41.2877 axialRotation: -38.5343 zShift: 5.27511 energy: 2.7564
MCAccept 41 xShift: 7.42994 crossingAngle: -41.2877 axialRotation: -38.5343 zShift: 5.26893 energy: 2.7549
MCAccept 42 xShift: 7.42994 crossingAngle: -41.2877 axialRotation: -38.5343 zShift: 5.27265 energy: 2.75578
MCAccept 43 xShift: 7.42771 crossingAngle: -41.2877 axialRotation: -38.5343 zShift: 5.27265 energy: 2.75578
MCAccept 44 xShift: 7.42771 crossingAngle: -41.3274 axialRotation: -38.5343 zShift: 5.27265 energy: 2.75578
MCAccept 45 xShift: 7.42771 crossingAngle: -41.3274 axialRotation: -38.5343 zShift: 5.28462 energy: 2.75916
MCAccept 46 xShift: 7.42771 crossingAngle: -41.3274 axialRotation: -38.4215 zShift: 5.28462 energy: 2.75916
MCAccept 47 xShift: 7.42771 crossingAngle: -41.3274 axialRotation: -38.4215 zShift: 5.28619 energy: 2.75966
MCAccept 48 xShift: 7.42771 crossingAngle: -41.3274 axialRotation: -38.2023 zShift: 5.28619 energy: 2.75966
MCAccept 49 xShift: 7.42771 crossingAngle: -41.3274 axialRotation: -38.2023 zShift: 5.28261 energy: 2.75853
MCAccept 50 xShift: 7.42771 crossingAngle: -41.3274 axialRotation: -38.2289 zShift: 5.28261 energy: 2.75853
MCAccept 51 xShift: 7.42771 crossingAngle: -41.2103 axialRotation: -38.2289 zShift: 5.28261 energy: 2.75853
Energy #0: 2.75853
***GEOMETRY SHIFT***
xShift;        Before: 7.48; After: 7.42771
crossingAngle; Before: -41.21; After: -41.2103
axialRotation; Before: -39.27; After: -38.2289
zShift;        Before: 5.25; After: 5.28261
Energy;        Before: 153.616; After: 2.75853

Reached 51 cycles without improvement of 0.001. Accepted 52/52
Monte Carlo repack complete. Time: 7.3min

