***STARTING GEOMETRY:***
xShift: 7.42771
crossingAngle: -41.2103
axialRotation: -38.2289
zShift: 5.28261

Number of MCCycles: 200
PrevSequence	CurrSequence	PrevEnergy	CurrEnergy	PrevEntropy	CurrEntropy	CurrentTemp
LLLTGLLTGLLTALLTTLILI	LLLTGLLTGLLTSLLTTLILI	-2.56726	-2.30738	0.244161	0.642213	999.847
LLLTGLLTGLLTSLLTTLILI	LLLTGLLTGLLISLLTTLILI	-1.57668	-0.74835	1.37292	0.0612961	999.684
LLLTGLLTGLLISLLTTLILI	LLLTGLLTGLLTSLLTTLILI	-0.74835	-1.57668	0.0612961	1.37292	999.512
LLLTGLLTGLLTSLLTTLILI	LLLYGLLTGLLTSLLTTLILI	-2.03191	-3.07236	0.917682	0.141213	999.328
LLLYGLLTGLLTSLLTTLILI	LLLYGLLTGLLTSLLTILILI	-1.95838	0.218416	1.2552	0.0756774	999.134
LLLYGLLTGLLTSLLTILILI	LLLTGLLTGLLTSLLTILILI	0.314554	1.22291	0.171816	0.816184	998.928
LLLTGLLTGLLTSLLTILILI	LLLYGLLTGLLTSLLTILILI	1.22291	0.314554	0.816184	0.171816	998.708
LLLYGLLTGLLTSLLTILILI	LLLYGLLTGLLTALLTILILI	0.784951	0.416348	0.642213	0.244161	998.476
LLLYGLLTGLLTALLTILILI	LLLYGLLTGLLTSLLTILILI	0.416348	0.784951	0.244161	0.642213	998.229
LLLYGLLTGLLTSLLTILILI	LLLYGLLTGLLTSLLTTLILI	0.218416	-1.95838	0.0756774	1.2552	997.967
LLLYGLLTGLLTSLLTTLILI	LLLYGLLTGLLTSLLTILILI	-1.95838	0.218416	1.2552	0.0756774	997.689
LLLYGLLTGLLTSLLTILILI	LLLYGLLTGLLTSLLTTLILI	0.218416	-1.95838	0.0756774	1.2552	997.394
LLLYGLLTGLLTSLLTTLILI	LLLYGLLTGLLTALLTTLILI	-2.57136	-3.03176	0.642213	0.244161	997.081
LLLYGLLTGLLTALLTTLILI	LLLYGLLYGLLTALLTTLILI	-2.73707	-1.79048	0.538845	0.30482	996.397
LLLYGLLYGLLTALLTTLILI	LLLYGLLYGLLTALLTILILI	-0.987191	1.4519	1.10811	0.098896	996.023
LLLYGLLYGLLTALLTILILI	LLLYGLLYGLLTALLTTLILI	1.4519	-0.987191	0.098896	1.10811	995.626
LLLYGLLYGLLTALLTTLILI	LLLYGLLTGLLTALLTTLILI	-1.79048	-2.73707	0.30482	0.538845	995.205
LLLYGLLTGLLTALLTTLILI	LLLYGLLTGLLTSLLTTLILI	-3.03176	-2.57136	0.244161	0.642213	994.758
LLLYGLLTGLLTSLLTTLILI	LLLYGLLTGLLTALLTTLILI	-2.57136	-3.03176	0.642213	0.244161	994.285
LLLYGLLTGLLTALLTTLILI	LLLYGLLTGLLTALLVTLILI	-1.99958	0.242218	1.27634	0.0728516	993.782
LLLYGLLTGLLTALLVTLILI	LLLYGLLTGLLTALLTTLILI	0.242218	-1.99958	0.0728516	1.27634	993.249
LLLYGLLTGLLTALLTTLILI	LLLGGLLTGLLTALLTTLILI	-3.00579	-2.18086	0.270132	0.594419	992.683
LLLGGLLTGLLTALLTTLILI	LLLGGLLTGLLIALLTTLILI	-1.52008	-0.541754	1.2552	0.0756774	992.084
LLLGGLLTGLLIALLTTLILI	LLLYGLLTGLLIALLTTLILI	-0.0230119	-0.845212	0.594419	0.270132	991.448
LLLYGLLTGLLIALLTTLILI	LLLYGLLYGLLIALLTTLILI	-0.672286	0.65026	0.443059	0.379341	990.773
LLLYGLLYGLLIALLTTLILI	LLLYGLLTGLLIALLTTLILI	0.65026	-0.672286	0.379341	0.443059	990.058
LLLYGLLTGLLIALLTTLILI	LLLYGLLTGLLISLLTTLILI	-0.871184	-0.428597	0.244161	0.642213	989.3
LLLYGLLTGLLISLLTTLILI	LLLYGLLTGLLIALLTTLILI	-0.428597	-0.871184	0.642213	0.244161	988.496
LLLYGLLTGLLIALLTTLILI	LLLYGLLTGLLISLLTTLILI	-0.871184	-0.428597	0.244161	0.642213	987.644
LLLYGLLTGLLISLLTTLILI	LLLYGLLTGLLIALLTTLILI	-0.428597	-0.871184	0.642213	0.244161	986.74
LLLYGLLTGLLIALLTTLILI	LLLTGLLTGLLIALLTTLILI	-0.943528	-0.0379344	0.171816	0.816184	985.783
LLLTGLLTGLLIALLTTLILI	LLLTGLLTGLLTALLTTLILI	-0.792823	-1.63896	0.0612961	1.37292	984.769
LLLTGLLTGLLTALLTTLILI	LLLTGLLTGLLIALLTTLILI	-1.63896	-0.792823	1.37292	0.0612961	983.694
LLLTGLLTGLLIALLTTLILI	LLLTGLLTGLLTALLTTLILI	-0.792823	-1.63896	0.0612961	1.37292	982.555
LLLTGLLTGLLTALLTTLILI	LLLYGLLTGLLTALLTTLILI	-2.09419	-3.13471	0.917682	0.141213	981.348
LLLYGLLTGLLTALLTTLILI	LLLGGLLTGLLTALLTTLILI	-3.00579	-2.18086	0.270132	0.594419	980.071
LLLGGLLTGLLTALLTTLILI	LLLGGLLTGLLTALLVTLILI	-1.49893	0.742862	1.27634	0.0728516	978.717
LLLGGLLTGLLTALLVTLILI	LLLGGLLTGLLIALLVTLILI	1.77812	3.01116	1.10811	0.098896	977.285
LLLGGLLTGLLIALLVTLILI	LLLGGLLTGLLIALLTTLILI	3.00753	0.511022	0.0952708	1.12845	975.768
LLLGGLLTGLLIALLTTLILI	LLLGGLLTGLLTALLTTLILI	-0.541754	-1.52008	0.0756774	1.2552	974.162
LLLGGLLTGLLTALLTTLILI	LLLGGLLTGLLIALLTTLILI	-1.52008	-0.541754	1.2552	0.0756774	972.463
LLLGGLLTGLLIALLTTLILI	LLLYGLLTGLLIALLTTLILI	-0.0230119	-0.845212	0.594419	0.270132	970.666
LLLYGLLTGLLIALLTTLILI	LLLYGLLTGLLISLLTTLILI	-0.871184	-0.428597	0.244161	0.642213	968.764
LLLYGLLTGLLISLLTTLILI	LLLYGLLTGLLTSLLTTLILI	-0.995133	-1.95838	0.0756774	1.2552	966.754
LLLYGLLTGLLTSLLTTLILI	LLLYGLLTGLLTALLTTLILI	-2.57136	-3.03176	0.642213	0.244161	964.627
LLLYGLLTGLLTALLTTLILI	LLLYGLLTGLLTALLVTLILI	-1.99958	0.242218	1.27634	0.0728516	962.38
LLLYGLLTGLLTALLVTLILI	LLLYGLLTGLLTSLLVTLILI	0.413528	0.508694	0.244161	0.642213	960.005
LLLYGLLTGLLTSLLVTLILI	LLLYGLLTGLLTSLLTTLILI	-0.0606677	-1.93724	0.0728516	1.27634	957.496
LLLYGLLTGLLTSLLTTLILI	LLLYGLLTGLLTSLLTILILI	-1.95838	0.218416	1.2552	0.0756774	954.846
LLLYGLLTGLLTSLLTILILI	LLLYGLLTGLLTALLTILILI	0.784951	0.416348	0.642213	0.244161	952.048
LLLYGLLTGLLTALLTILILI	LLLYGLLTGLLTALLTTLILI	0.247864	-2.02072	0.0756774	1.2552	949.095
LLLYGLLTGLLTALLTTLILI	LLLYGLLTGLLTSLLTTLILI	-3.03176	-2.57136	0.244161	0.642213	945.979
LLLYGLLTGLLTSLLTTLILI	LLLYGLLTGLLTALLTTLILI	-2.57136	-3.03176	0.642213	0.244161	942.693
LLLYGLLTGLLTALLTTLILI	LLLYALLTGLLTALLTTLILI	-2.6918	3.0135	0.584123	0.276169	935.578
LLLYALLTGLLTALLTTLILI	LLLYGLLTGLLTALLTTLILI	3.0135	-2.6918	0.276169	0.584123	931.732
LLLYGLLTGLLTALLTTLILI	LLLYGLLTGLLIALLTTLILI	-2.02072	-1.03967	1.2552	0.0756774	927.683
LLLYGLLTGLLIALLTTLILI	LLLYGLLTGLLISLLTTLILI	-0.871184	-0.428597	0.244161	0.642213	923.422
LLLYGLLTGLLISLLTTLILI	LLLYGLLTGLLIALLTTLILI	-0.428597	-0.871184	0.642213	0.244161	918.939
LLLYGLLTGLLIALLTTLILI	LLLYGLLTGLLISLLTTLILI	-0.871184	-0.428597	0.244161	0.642213	914.227
LLLYGLLTGLLISLLTTLILI	LLLYGLLYGLLISLLTTLILI	-0.627751	0.705863	0.443059	0.379341	909.276
LLLYGLLYGLLISLLTTLILI	LLLYGLLYGLLTSLLTTLILI	0.425418	-0.913782	0.098896	1.10811	904.077
LLLYGLLYGLLTSLLTTLILI	LLLYGLLTGLLTSLLTTLILI	-1.71707	-2.67473	0.30482	0.538845	898.621
LLLYGLLTGLLTSLLTTLILI	LLLGGLLTGLLTSLLTTLILI	-2.94344	-2.11857	0.270132	0.594419	892.899
LLLGGLLTGLLTSLLTTLILI	LLLYGLLTGLLTSLLTTLILI	-2.11857	-2.94344	0.594419	0.270132	886.903
LLLYGLLTGLLTSLLTTLILI	LLLYGLLTGLLTALLTTLILI	-2.57136	-3.03176	0.642213	0.244161	880.623
LLLYGLLTGLLTALLTTLILI	LLLYGLLTGLLTSLLTTLILI	-3.03176	-2.57136	0.244161	0.642213	874.051
LLLYGLLTGLLTSLLTTLILI	LLLYGLLYGLLTSLLTTLILI	-2.67473	-1.71707	0.538845	0.30482	867.179
LLLYGLLYGLLTSLLTTLILI	LLLYGLLYGLLTSLLVTLILI	-0.893436	1.15405	1.12845	0.0952708	859.999
LLLYGLLYGLLTSLLVTLILI	LLLYGLLYGLLTSLLTTLILI	1.15405	-0.893436	0.0952708	1.12845	852.504
LLLYGLLYGLLTSLLTTLILI	LLLYGLLYGLLISLLTTLILI	-0.913782	0.425418	1.10811	0.098896	844.686
LLLYGLLYGLLISLLTTLILI	LLLYGLLYGLLISLLVTLILI	1.25738	3.62932	0.930859	0.137712	836.541
LLLYGLLYGLLISLLVTLILI	LLLYGLLYGLLISLLTTLILI	3.62932	1.25738	0.137712	0.930859	828.061
LLLYGLLYGLLISLLTTLILI	LLLYGLLTGLLISLLTTLILI	0.705863	-0.627751	0.379341	0.443059	819.243
LLLYGLLTGLLISLLTTLILI	LLLYGLLTGLLIALLTTLILI	-0.428597	-0.871184	0.642213	0.244161	810.083
LLLYGLLTGLLIALLTTLILI	LLLYGLLYGLLIALLTTLILI	-0.672286	0.65026	0.443059	0.379341	800.577
LLLYGLLYGLLIALLTTLILI	LLLYGLLYGLLTALLTTLILI	0.369815	-0.987191	0.098896	1.10811	790.724
LLLYGLLYGLLTALLTTLILI	LLLGGLLYGLLTALLTTLILI	-1.64036	-1.09638	0.454934	0.368877	780.523
LLLGGLLYGLLTALLTTLILI	LLLYGLLYGLLTALLTTLILI	-1.09638	-1.64036	0.368877	0.454934	769.974
LLLYGLLYGLLTALLTTLILI	LLLYGLLTGLLTALLTTLILI	-1.79048	-2.73707	0.30482	0.538845	759.081
LLLYGLLTGLLTALLTTLILI	LLLYGLLYGLLTALLTTLILI	-2.73707	-1.79048	0.538845	0.30482	747.845
LLLYGLLYGLLTALLTTLILI	LLLYGLLTGLLTALLTTLILI	-1.79048	-2.73707	0.30482	0.538845	736.272
LLLYGLLTGLLTALLTTLILI	LLLYGLLTGLLIALLTTLILI	-2.02072	-1.03967	1.2552	0.0756774	724.369
LLLYGLLTGLLIALLTTLILI	LLLTGLLTGLLIALLTTLILI	-0.943528	-0.0379344	0.171816	0.816184	712.142
LLLTGLLTGLLIALLTTLILI	LLLTGLLTGLLISLLTTLILI	-0.609958	-0.167433	0.244161	0.642213	699.602
LLLTGLLTGLLISLLTTLILI	LLLTGLLTGLLTSLLTTLILI	-0.74835	-1.57668	0.0612961	1.37292	686.76
LLLTGLLTGLLTSLLTTLILI	LLLTGLLTGLLTSLLVTLILI	-1.55502	0.189446	1.39457	0.0589809	673.628
LLLTGLLTGLLTSLLVTLILI	LLLTGLLTGLLTSLLTTLILI	0.189446	-1.55502	0.0589809	1.39457	660.222
LLLTGLLTGLLTSLLTTLILI	LLLTGLLTGLLTALLTTLILI	-2.30738	-2.76771	0.642213	0.244161	646.557
LLLTGLLTGLLTALLTTLILI	LLLTGLLVGLLTALLTTLILI	-1.6173	0.494147	1.39457	0.0589809	632.651
LLLTGLLVGLLTALLTTLILI	LLLYGLLVGLLTALLTTLILI	1.25135	0.398673	0.816184	0.171816	604.196
LLLYGLLVGLLTALLTTLILI	LLLYGLLVGLLTALLTILILI	1.33496	3.77386	1.10811	0.098896	589.688
LLLYGLLVGLLTALLTILILI	LLLYGLLVGLLTSLLTILILI	3.91913	4.28538	0.244161	0.642213	575.025
LLLYGLLVGLLTSLLTILILI	LLLYGLLVGLLTALLTILILI	4.28538	3.91913	0.642213	0.244161	560.23
LLLYGLLVGLLTALLTILILI	LLLYGLLTGLLTALLTILILI	3.77024	1.30064	0.0952708	1.12845	545.329
LLLYGLLTGLLTALLTILILI	LLLYGLLTGLLTALLTTLILI	0.247864	-2.02072	0.0756774	1.2552	530.348
LLLYGLLTGLLTALLTTLILI	LLLYGLLYGLLTALLTTLILI	-2.73707	-1.79048	0.538845	0.30482	515.312
LLLYGLLYGLLTALLTTLILI	LLLYGLLYGLLIALLTTLILI	-0.987191	0.369815	1.10811	0.098896	500.25
LLLYGLLYGLLIALLTTLILI	LLLGGLLYGLLIALLTTLILI	0.725853	1.26711	0.454934	0.368877	485.188
LLLGGLLYGLLIALLTTLILI	LLLGGLLYGLLISLLTTLILI	1.1424	1.59599	0.244161	0.642213	470.152
LLLGGLLYGLLISLLTTLILI	LLLGGLLYGLLTSLLTTLILI	1.05267	-0.283796	0.098896	1.10811	455.171
LLLGGLLYGLLTSLLTTLILI	LLLYGLLYGLLTSLLTTLILI	-1.02303	-1.56696	0.368877	0.454934	440.27
LLLYGLLYGLLTSLLTTLILI	LLLYGLLTGLLTSLLTTLILI	-1.71707	-2.67473	0.30482	0.538845	425.475
LLLYGLLTGLLTSLLTTLILI	LLLYGLLTGLLTALLTTLILI	-2.57136	-3.03176	0.642213	0.244161	410.812
LLLYGLLTGLLTALLTTLILI	LLLYGLLYGLLTALLTTLILI	-2.73707	-1.79048	0.538845	0.30482	396.304
LLLYGLLYGLLTALLTTLILI	LLLYGLLTGLLTALLTTLILI	-1.79048	-2.73707	0.30482	0.538845	367.849
LLLYGLLTGLLTALLTTLILI	LLLYGLLYGLLTALLTTLILI	-2.73707	-1.79048	0.538845	0.30482	353.943
LLLYGLLYGLLTALLTTLILI	LLLYGLLTGLLTALLTTLILI	-1.79048	-2.73707	0.30482	0.538845	340.278
LLLYGLLTGLLTALLTTLILI	LLLYGLLYGLLTALLTTLILI	-2.73707	-1.79048	0.538845	0.30482	300.898
LLLYGLLYGLLTALLTTLILI	LLLYGLLYGLLTSLLTTLILI	-1.85114	-1.37968	0.244161	0.642213	288.358
LLLYGLLYGLLTSLLTTLILI	LLLGGLLYGLLTSLLTTLILI	-1.56696	-1.02303	0.454934	0.368877	276.131
LLLGGLLYGLLTSLLTTLILI	LLLYGLLYGLLTSLLTTLILI	-1.02303	-1.56696	0.368877	0.454934	264.228
LLLYGLLYGLLTSLLTTLILI	LLLYGLLYGLLTALLTTLILI	-1.37968	-1.85114	0.642213	0.244161	252.655
LLLYGLLYGLLTALLTTLILI	LLLYGLLTGLLTALLTTLILI	-1.79048	-2.73707	0.30482	0.538845	241.419
LLLYGLLTGLLTALLTTLILI	LLLYGLLTGLLTSLLTTLILI	-3.03176	-2.57136	0.244161	0.642213	190.417
LLLYGLLTGLLTSLLTTLILI	LLLYGLLTGLLTALLTTLILI	-2.57136	-3.03176	0.642213	0.244161	163.959
LLLYGLLTGLLTALLTTLILI	LLLYGLLTGLLTSLLTTLILI	-3.03176	-2.57136	0.244161	0.642213	113.597
LLLYGLLTGLLTSLLTTLILI	LLLYGLLTGLLTALLTTLILI	-2.57136	-3.03176	0.642213	0.244161	107.601
LLLYGLLTGLLTALLTTLILI	LLLYGLLTGLLTSLLTTLILI	-3.03176	-2.57136	0.244161	0.642213	51.4049
LLLYGLLTGLLTSLLTTLILI	LLLYGLLTGLLTALLTTLILI	-2.57136	-3.03176	0.642213	0.244161	43.0041
Time: 130s
