***STARTING GEOMETRY:***
xShift: 8.2
crossingAngle: 21
axialRotation: 100
zShift: 3.22877

Number of MCCycles: 100
PrevSequence	CurrSequence	PrevEnergy	CurrEnergy	PrevEntropy	CurrEntropy	CurrentTemp
LLLWALLTLLTGLTFLLLILI	LLLWGLLTLLTGLTFLLLILI	16.8723	9.14549	0.154044	0.872342	999.684
LLLWGLLTLLTGLTFLLLILI	LLLWGLLTLLYGLTFLLLILI	8.96676	10.1327	0.693609	0.219549	999.328
LLLWGLLTLLYGLTFLLLILI	LLLWGLLTLLTGLTFLLLILI	10.1327	8.14729	0.219549	0.693609	998.928
LLLWGLLTLLTGLTFLLLILI	LLLWGLLTLLTALTFLLLILI	8.32603	9.17249	0.872342	0.154044	998.476
LLLWGLLTLLTALTFLLLILI	LLLWGLLTLLTSLTFLLLILI	9.26261	7.28065	0.244161	0.642213	997.967
LLLWGLLTLLTSLTFLLLILI	LLLWGLLYLLTSLTFLLLILI	7.33205	6.95244	0.693609	0.219549	997.394
LLLWGLLYLLTSLTFLLLILI	LLLFGLLYLLTSLTFLLLILI	7.33176	5.2602	0.598868	0.267575	996.749
LLLFGLLYLLTSLTFLLLILI	LLLFGLLYLLTSLTTLLLILI	5.21217	4.20474	0.219549	0.693609	996.023
LLLFGLLYLLTSLTTLLLILI	LLLFGLLYLLTSLTALLLILI	4.70395	5.76495	1.19282	0.0847157	995.205
LLLFGLLYLLTSLTALLLILI	LLLYGLLYLLTSLTALLLILI	5.81233	4.3543	0.132101	0.952787	994.285
LLLYGLLYLLTSLTALLLILI	LLLYGLLYLLTSLTTLLLILI	3.48623	2.29032	0.0847157	1.19282	993.249
LLLYGLLYLLTSLTTLLLILI	LLLYGLLFLLTSLTTLLLILI	2.05028	2.0384	0.952787	0.132101	992.084
LLLYGLLFLLTSLTTLLLILI	LLLYGLLFLLTSLVTLLLILI	3.03475	5.67876	1.12845	0.0952708	990.773
LLLYGLLFLLTSLVTLLLILI	LLLYGLLFLLTSLVALLLILI	6.57448	7.8085	0.990994	0.122923	989.3
LLLYGLLFLLTSLVALLLILI	LLLYGLLFLLTSLTALLLILI	7.82329	5.38915	0.137712	0.930859	987.644
LLLYGLLFLLTSLTALLLILI	LLLYGLLFLLTSLTTLLLILI	4.54301	3.50916	0.0847157	1.19282	985.783
LLLYGLLFLLTSLTTLLLILI	LLLYGLLFLLTSLTALLLILI	3.50916	4.65251	1.19282	0.0847157	983.694
LLLYGLLFLLTSLTALLLILI	LLLYGLLFLLTSLTTLLLILI	4.65251	3.70196	0.0847157	1.19282	981.348
LLLYGLLFLLTSLTTLLLILI	LLLFGLLFLLTSLTTLLLILI	2.91948	5.02185	0.410343	0.410343	978.717
LLLFGLLFLLTSLTTLLLILI	LLLFGLLFLLTSLVTLLLILI	5.73996	7.90596	1.12845	0.0952708	975.768
LLLFGLLFLLTSLVTLLLILI	LLLFGLLYLLTSLVTLLLILI	8.22103	7.47669	0.410343	0.410343	972.463
LLLFGLLYLLTSLVTLLLILI	LLLYGLLYLLTSLVTLLLILI	7.19845	5.60545	0.132101	0.952787	968.764
LLLYGLLYLLTSLVTLLLILI	LLLYGLLFLLTSLVTLLLILI	5.60545	6.36631	0.952787	0.132101	964.627
LLLYGLLFLLTSLVTLLLILI	LLLYGLLFLLTSLTTLLLILI	6.32948	3.41842	0.0952708	1.12845	960.005
LLLYGLLFLLTSLTTLLLILI	LLLYGLLYLLTSLTTLLLILI	2.42207	2.3395	0.132101	0.952787	954.846
LLLYGLLYLLTSLTTLLLILI	LLLYGLLYLLTSLTALLLILI	2.57953	3.53185	1.19282	0.0847157	949.095
LLLYGLLYLLTSLTALLLILI	LLLYGLLFLLTSLTALLLILI	4.39993	4.10939	0.952787	0.132101	942.693
LLLYGLLFLLTSLTALLLILI	LLLYGLLFLLTSLTTLLLILI	4.062	3.09912	0.0847157	1.19282	935.578
LLLYGLLFLLTSLTTLLLILI	LLLYGLLFLLTSLTALLLILI	3.09912	4.062	1.19282	0.0847157	927.683
LLLYGLLFLLTSLTALLLILI	LLLYGLLFLLTSLTTLLLILI	4.062	3.8441	0.0847157	1.19282	918.939
LLLYGLLFLLTSLTTLLLILI	LLLYGLLFLLTSLVTLLLILI	3.77973	5.67876	1.12845	0.0952708	909.276
LLLYGLLFLLTSLVTLLLILI	LLLFGLLFLLTSLVTLLLILI	5.99383	8.07213	0.410343	0.410343	898.621
LLLFGLLFLLTSLVTLLLILI	LLLFGLLYLLTSLVTLLLILI	8.07213	7.47387	0.410343	0.410343	886.903
LLLFGLLYLLTSLVTLLLILI	LLLFGLLYLLTSLTTLLLILI	7.1588	4.63676	0.0952708	1.12845	874.051
LLLFGLLYLLTSLTTLLLILI	LLLYGLLYLLTSLTTLLLILI	3.64041	2.05028	0.132101	0.952787	859.999
LLLYGLLYLLTSLTTLLLILI	LLLYGLLFLLTSLTTLLLILI	2.05028	2.15896	0.952787	0.132101	844.686
LLLYGLLFLLTSLTTLLLILI	LLLYGLLFLLTSLTALLLILI	3.21968	4.45944	1.19282	0.0847157	828.061
LLLYGLLFLLTSLTALLLILI	LLLYGLLYLLTSLTALLLILI	4.50682	4.2222	0.132101	0.952787	810.083
LLLYGLLYLLTSLTALLLILI	LLLYGLLFLLTSLTALLLILI	4.2222	4.39887	0.952787	0.132101	790.724
LLLYGLLFLLTSLTALLLILI	LLLYGLLFLLTSLVALLLILI	5.19762	7.56018	0.930859	0.137712	769.974
LLLYGLLFLLTSLVALLLILI	LLLYGLLFLLTSLTALLLILI	7.56018	5.0161	0.137712	0.930859	747.845
LLLYGLLFLLTSLTALLLILI	LLLYGLLYLLTSLTALLLILI	4.21734	4.11425	0.132101	0.952787	724.369
LLLYGLLYLLTSLTALLLILI	LLLYGLLFLLTSLTALLLILI	4.11425	4.59039	0.952787	0.132101	699.602
LLLYGLLFLLTSLTALLLILI	LLLFGLLFLLTSLTALLLILI	4.86864	7.12876	0.410343	0.410343	673.628
LLLFGLLFLLTSLTALLLILI	LLLFGLLYLLTSLTALLLILI	7.12876	5.95205	0.410343	0.410343	646.557
LLLFGLLYLLTSLTALLLILI	LLLFGLLFLLTSLTALLLILI	5.95205	6.58658	0.410343	0.410343	618.524
LLLFGLLFLLTSLTALLLILI	LLLYGLLFLLTSLTALLLILI	6.58658	4.38763	0.410343	0.410343	589.688
LLLYGLLFLLTSLTALLLILI	LLLYGLLYLLTSLTALLLILI	4.10939	4.2222	0.132101	0.952787	560.23
LLLYGLLYLLTSLTALLLILI	LLLYGLLYLLTSLTTLLLILI	3.35413	2.41088	0.0847157	1.19282	530.348
LLLYGLLYLLTSLTTLLLILI	LLLYGLLYLLTSLTALLLILI	2.41088	3.24618	1.19282	0.0847157	440.27
LLLYGLLYLLTSLTALLLILI	LLLYGLLYLLTSLTTLLLILI	3.24618	2.29032	0.0847157	1.19282	410.812
LLLYGLLYLLTSLTTLLLILI	LLLFGLLYLLTSLTTLLLILI	2.05028	3.67502	0.952787	0.132101	381.976
LLLFGLLYLLTSLTTLLLILI	LLLYGLLYLLTSLTTLLLILI	3.67502	2.17084	0.132101	0.952787	353.943
LLLYGLLYLLTSLTTLLLILI	LLLYGLLYLLTSLTALLLILI	2.41088	3.37827	1.19282	0.0847157	326.872
LLLYGLLYLLTSLTALLLILI	LLLFGLLYLLTSLTALLLILI	4.24634	5.84694	0.952787	0.132101	300.898
LLLFGLLYLLTSLTALLLILI	LLLYGLLYLLTSLTALLLILI	5.84694	4.11425	0.132101	0.952787	276.131
LLLYGLLYLLTSLTALLLILI	LLLYGLLFLLTSLTALLLILI	4.11425	4.62816	0.952787	0.132101	252.655
LLLYGLLFLLTSLTALLLILI	LLLYGLLFLLTSLTTLLLILI	4.58078	3.58096	0.0847157	1.19282	190.417
LLLYGLLFLLTSLTTLLLILI	LLLYGLLYLLTSLTTLLLILI	2.52024	2.18238	0.132101	0.952787	172.439
LLLYGLLYLLTSLTTLLLILI	LLLYGLLFLLTSLTTLLLILI	2.18238	2.32788	0.952787	0.132101	155.814
LLLYGLLFLLTSLTTLLLILI	LLLYGLLYLLTSLTTLLLILI	2.32788	2.17084	0.132101	0.952787	140.501
LLLYGLLYLLTSLTTLLLILI	LLLYGLLFLLTSLTTLLLILI	2.17084	2.0384	0.952787	0.132101	126.449
LLLYGLLFLLTSLTTLLLILI	LLLYGLLYLLTSLTTLLLILI	2.0384	2.05028	0.132101	0.952787	101.879
LLLYGLLYLLTSLTTLLLILI	LLLYGLLFLLTSLTTLLLILI	2.05028	2.0384	0.952787	0.132101	19.1517
Time: 134s
