MCAccept 0 xShift: 7.22817 crossingAngle: -39.5821 axialRotation: -85.1291 zShift: 5.30879 energy: -18.5392
MCAccept 1 xShift: 7.22817 crossingAngle: -39.5157 axialRotation: -85.1291 zShift: 5.30879 energy: -19.8043
MCReject   xShift: 7.22817 crossingAngle: -39.5157 axialRotation: -85.1291 zShift: 5.30038 energy: -18.9569
MCAccept 2 xShift: 7.22817 crossingAngle: -39.5157 axialRotation: -85.1087 zShift: 5.30879 energy: -20.3569
MCReject   xShift: 7.22817 crossingAngle: -39.5157 axialRotation: -85.0681 zShift: 5.30879 energy: -19.3461
MCReject   xShift: 7.22817 crossingAngle: -39.5157 axialRotation: -85.1087 zShift: 5.31475 energy: -19.1325
MCReject   xShift: 7.22817 crossingAngle: -39.4489 axialRotation: -85.1087 zShift: 5.30879 energy: -18.727
MCReject   xShift: 7.24394 crossingAngle: -39.5157 axialRotation: -85.1087 zShift: 5.30879 energy: -18.2772
MCReject   xShift: 7.22369 crossingAngle: -39.5157 axialRotation: -85.1087 zShift: 5.30879 energy: -19.3461
MCReject   xShift: 7.22817 crossingAngle: -39.5157 axialRotation: -85.1087 zShift: 5.31222 energy: -19.4076
MCReject   xShift: 7.23213 crossingAngle: -39.5157 axialRotation: -85.1087 zShift: 5.30879 energy: -19.15
MCReject   xShift: 7.22817 crossingAngle: -39.5157 axialRotation: -85.1141 zShift: 5.30879 energy: -19.3461
MCReject   xShift: 7.22817 crossingAngle: -39.5157 axialRotation: -85.1482 zShift: 5.30879 energy: -19.0041
MCReject   xShift: 7.22817 crossingAngle: -39.5157 axialRotation: -85.1087 zShift: 5.30368 energy: -18.7115
MCReject   xShift: 7.22817 crossingAngle: -39.5157 axialRotation: -85.1087 zShift: 5.29191 energy: -19.1443
MCReject   xShift: 7.22817 crossingAngle: -39.3375 axialRotation: -85.1087 zShift: 5.30879 energy: -19.4114
MCReject   xShift: 7.22817 crossingAngle: -39.6441 axialRotation: -85.1087 zShift: 5.30879 energy: -19.9115
MCReject   xShift: 7.22817 crossingAngle: -39.6072 axialRotation: -85.1087 zShift: 5.30879 energy: -18.6768
MCReject   xShift: 7.22817 crossingAngle: -39.546 axialRotation: -85.1087 zShift: 5.30879 energy: -20.2916
MCReject   xShift: 7.22817 crossingAngle: -39.5157 axialRotation: -85.1087 zShift: 5.31206 energy: -18.2395
MCReject   xShift: 7.22817 crossingAngle: -39.5157 axialRotation: -85.1087 zShift: 5.29385 energy: -19.9195
MCReject   xShift: 7.22817 crossingAngle: -39.5157 axialRotation: -85.1087 zShift: 5.29805 energy: -18.3837
MCReject   xShift: 7.22817 crossingAngle: -39.5157 axialRotation: -85.203 zShift: 5.30879 energy: -18.7421
MCReject   xShift: 7.22817 crossingAngle: -39.5766 axialRotation: -85.1087 zShift: 5.30879 energy: -19.6247
MCReject   xShift: 7.22817 crossingAngle: -39.5157 axialRotation: -84.9537 zShift: 5.30879 energy: -19.8968
MCReject   xShift: 7.22817 crossingAngle: -39.5157 axialRotation: -85.1087 zShift: 5.31824 energy: -19.5689
MCReject   xShift: 7.22817 crossingAngle: -39.4043 axialRotation: -85.1087 zShift: 5.30879 energy: -19.4114
MCReject   xShift: 7.23369 crossingAngle: -39.5157 axialRotation: -85.1087 zShift: 5.30879 energy: -18.966
MCReject   xShift: 7.22817 crossingAngle: -39.5157 axialRotation: -85.284 zShift: 5.30879 energy: -19.15
MCAccept 3 xShift: 7.22817 crossingAngle: -39.5157 axialRotation: -85.1345 zShift: 5.30879 energy: -20.3569
MCReject   xShift: 7.22817 crossingAngle: -39.4165 axialRotation: -85.1345 zShift: 5.30879 energy: -18.4906
MCReject   xShift: 7.22817 crossingAngle: -39.5157 axialRotation: -85.1634 zShift: 5.30879 energy: -19.3649
MCReject   xShift: 7.22817 crossingAngle: -39.5157 axialRotation: -85.0927 zShift: 5.30879 energy: -18.2119
MCReject   xShift: 7.22817 crossingAngle: -39.4516 axialRotation: -85.1345 zShift: 5.30879 energy: -20.2916
MCReject   xShift: 7.22817 crossingAngle: -39.5157 axialRotation: -85.1345 zShift: 5.29602 energy: -19.03
MCReject   xShift: 7.2062 crossingAngle: -39.5157 axialRotation: -85.1345 zShift: 5.30879 energy: -19.8968
MCReject   xShift: 7.22817 crossingAngle: -39.7332 axialRotation: -85.1345 zShift: 5.30879 energy: -18.3954
MCReject   xShift: 7.22817 crossingAngle: -39.5157 axialRotation: -85.1345 zShift: 5.31172 energy: -18.4199
MCReject   xShift: 7.22817 crossingAngle: -39.5157 axialRotation: -85.1345 zShift: 5.31729 energy: -19.4784
MCReject   xShift: 7.23941 crossingAngle: -39.5157 axialRotation: -85.1345 zShift: 5.30879 energy: -18.3954
MCReject   xShift: 7.22817 crossingAngle: -39.7197 axialRotation: -85.1345 zShift: 5.30879 energy: -18.7421
MCReject   xShift: 7.22817 crossingAngle: -39.5157 axialRotation: -85.0304 zShift: 5.30879 energy: -18.3833
MCReject   xShift: 7.22817 crossingAngle: -39.5157 axialRotation: -85.1951 zShift: 5.30879 energy: -18.2772
MCReject   xShift: 7.22817 crossingAngle: -39.5157 axialRotation: -85.1386 zShift: 5.30879 energy: -18.2772
MCReject   xShift: 7.22817 crossingAngle: -39.5157 axialRotation: -85.2132 zShift: 5.30879 energy: -19.8968
MCReject   xShift: 7.22468 crossingAngle: -39.5157 axialRotation: -85.1345 zShift: 5.30879 energy: -18.4426
MCReject   xShift: 7.22932 crossingAngle: -39.5157 axialRotation: -85.1345 zShift: 5.30879 energy: -18.2967
MCReject   xShift: 7.24493 crossingAngle: -39.5157 axialRotation: -85.1345 zShift: 5.30879 energy: -19.3461
MCReject   xShift: 7.22817 crossingAngle: -39.5726 axialRotation: -85.1345 zShift: 5.30879 energy: -18.727
MCReject   xShift: 7.22817 crossingAngle: -39.2065 axialRotation: -85.1345 zShift: 5.30879 energy: -19.8043
MCAccept 4 xShift: 7.22817 crossingAngle: -39.5157 axialRotation: -85.2377 zShift: 5.30879 energy: -20.3569
MCReject   xShift: 7.22817 crossingAngle: -39.5157 axialRotation: -85.4043 zShift: 5.30879 energy: -18.2772
MCReject   xShift: 7.22817 crossingAngle: -39.2686 axialRotation: -85.2377 zShift: 5.30879 energy: -17.95
MCReject   xShift: 7.24765 crossingAngle: -39.5157 axialRotation: -85.2377 zShift: 5.30879 energy: -17.8319
MCReject   xShift: 7.22817 crossingAngle: -39.5157 axialRotation: -85.261 zShift: 5.30879 energy: -18.6768
MCReject   xShift: 7.23167 crossingAngle: -39.5157 axialRotation: -85.2377 zShift: 5.30879 energy: -19.0041
MCReject   xShift: 7.22817 crossingAngle: -39.4411 axialRotation: -85.2377 zShift: 5.30879 energy: -18.3954
MCReject   xShift: 7.22817 crossingAngle: -39.3786 axialRotation: -85.2377 zShift: 5.30879 energy: -18.6087
MCReject   xShift: 7.22484 crossingAngle: -39.5157 axialRotation: -85.2377 zShift: 5.30879 energy: -19.8043
MCReject   xShift: 7.22817 crossingAngle: -39.5157 axialRotation: -85.1086 zShift: 5.30879 energy: -19.3461
MCReject   xShift: 7.22817 crossingAngle: -39.5157 axialRotation: -85.2377 zShift: 5.3237 energy: -19.643
MCReject   xShift: 7.22817 crossingAngle: -39.7342 axialRotation: -85.2377 zShift: 5.30879 energy: -18.2772
MCReject   xShift: 7.23486 crossingAngle: -39.5157 axialRotation: -85.2377 zShift: 5.30879 energy: -18.3954
MCReject   xShift: 7.22817 crossingAngle: -39.5577 axialRotation: -85.2377 zShift: 5.30879 energy: -18.4906
MCReject   xShift: 7.22817 crossingAngle: -39.5563 axialRotation: -85.2377 zShift: 5.30879 energy: -18.6768
MCReject   xShift: 7.22817 crossingAngle: -39.4242 axialRotation: -85.2377 zShift: 5.30879 energy: -17.5012
MCAccept 5 xShift: 7.23039 crossingAngle: -39.5157 axialRotation: -85.2377 zShift: 5.30879 energy: -20.3569
MCReject   xShift: 7.24701 crossingAngle: -39.5157 axialRotation: -85.2377 zShift: 5.30879 energy: -18.3301
MCReject   xShift: 7.23039 crossingAngle: -39.5157 axialRotation: -85.2377 zShift: 5.29589 energy: -18.2839
MCReject   xShift: 7.23039 crossingAngle: -39.5157 axialRotation: -85.126 zShift: 5.30879 energy: -18.7421
MCReject   xShift: 7.23039 crossingAngle: -39.4472 axialRotation: -85.2377 zShift: 5.30879 energy: -18.3301
MCReject   xShift: 7.23039 crossingAngle: -39.5825 axialRotation: -85.2377 zShift: 5.30879 energy: -19.4114
MCReject   xShift: 7.23039 crossingAngle: -39.7616 axialRotation: -85.2377 zShift: 5.30879 energy: -18.6768
MCReject   xShift: 7.21085 crossingAngle: -39.5157 axialRotation: -85.2377 zShift: 5.30879 energy: -19.4114
MCReject   xShift: 7.23039 crossingAngle: -39.5157 axialRotation: -85.0238 zShift: 5.30879 energy: -19.3461
MCReject   xShift: 7.22113 crossingAngle: -39.5157 axialRotation: -85.2377 zShift: 5.30879 energy: -18.7421
MCAccept 6 xShift: 7.23039 crossingAngle: -39.5157 axialRotation: -85.2377 zShift: 5.30971 energy: -20.6281
MCReject   xShift: 7.2234 crossingAngle: -39.5157 axialRotation: -85.2377 zShift: 5.30971 energy: -19.3605
MCReject   xShift: 7.23039 crossingAngle: -39.633 axialRotation: -85.2377 zShift: 5.30971 energy: -18.4032
MCReject   xShift: 7.23039 crossingAngle: -39.6059 axialRotation: -85.2377 zShift: 5.30971 energy: -19.3605
MCReject   xShift: 7.23039 crossingAngle: -39.4456 axialRotation: -85.2377 zShift: 5.30971 energy: -19.8435
MCReject   xShift: 7.23039 crossingAngle: -39.5157 axialRotation: -85.2377 zShift: 5.30707 energy: -18.2625
MCReject   xShift: 7.23039 crossingAngle: -39.5157 axialRotation: -85.2335 zShift: 5.30971 energy: -18.6822
MCReject   xShift: 7.23039 crossingAngle: -39.5157 axialRotation: -85.1612 zShift: 5.30971 energy: -18.4032
MCReject   xShift: 7.23039 crossingAngle: -39.5157 axialRotation: -85.2059 zShift: 5.30971 energy: -18.8776
MCReject   xShift: 7.23039 crossingAngle: -39.4517 axialRotation: -85.2377 zShift: 5.30971 energy: -18.6822
MCReject   xShift: 7.23039 crossingAngle: -39.5157 axialRotation: -85.2377 zShift: 5.30479 energy: -18.2962
MCReject   xShift: 7.23039 crossingAngle: -39.5157 axialRotation: -85.3106 zShift: 5.30971 energy: -17.2889
MCReject   xShift: 7.23039 crossingAngle: -39.5157 axialRotation: -85.215 zShift: 5.30971 energy: -18.4032
MCReject   xShift: 7.24217 crossingAngle: -39.5157 axialRotation: -85.2377 zShift: 5.30971 energy: -18.2851
MCReject   xShift: 7.23039 crossingAngle: -39.5157 axialRotation: -85.2377 zShift: 5.30702 energy: -19.3836
MCReject   xShift: 7.23039 crossingAngle: -39.5147 axialRotation: -85.2377 zShift: 5.30971 energy: -19.3605
MCReject   xShift: 7.23039 crossingAngle: -39.5157 axialRotation: -85.2377 zShift: 5.31067 energy: -19.1113
MCReject   xShift: 7.23039 crossingAngle: -39.4232 axialRotation: -85.2377 zShift: 5.30971 energy: -19.4259
MCReject   xShift: 7.23039 crossingAngle: -39.5157 axialRotation: -85.2377 zShift: 5.29817 energy: -19.1788
MCReject   xShift: 7.23042 crossingAngle: -39.5157 axialRotation: -85.2377 zShift: 5.30971 energy: -18.8934
MCReject   xShift: 7.23438 crossingAngle: -39.5157 axialRotation: -85.2377 zShift: 5.30971 energy: -19.6388
MCReject   xShift: 7.23039 crossingAngle: -39.5157 axialRotation: -85.2377 zShift: 5.3091 energy: -19.0058
MCReject   xShift: 7.23039 crossingAngle: -39.5157 axialRotation: -85.2377 zShift: 5.30019 energy: -18.5876
MCReject   xShift: 7.23081 crossingAngle: -39.5157 axialRotation: -85.2377 zShift: 5.30971 energy: -19.3605
MCReject   xShift: 7.23039 crossingAngle: -39.5157 axialRotation: -85.2377 zShift: 5.29901 energy: -20.2535
MCReject   xShift: 7.23039 crossingAngle: -39.299 axialRotation: -85.2377 zShift: 5.30971 energy: -18.3881
MCReject   xShift: 7.23902 crossingAngle: -39.5157 axialRotation: -85.2377 zShift: 5.30971 energy: -18.3378
MCReject   xShift: 7.22808 crossingAngle: -39.5157 axialRotation: -85.2377 zShift: 5.30971 energy: -19.0091
MCReject   xShift: 7.23039 crossingAngle: -39.5157 axialRotation: -85.2377 zShift: 5.2919 energy: -17.5307
MCReject   xShift: 7.23039 crossingAngle: -39.6126 axialRotation: -85.2377 zShift: 5.30971 energy: -19.4259
MCReject   xShift: 7.23039 crossingAngle: -39.5106 axialRotation: -85.2377 zShift: 5.30971 energy: -20.1217
MCReject   xShift: 7.23039 crossingAngle: -39.3056 axialRotation: -85.2377 zShift: 5.30971 energy: -19.8163
MCReject   xShift: 7.24001 crossingAngle: -39.5157 axialRotation: -85.2377 zShift: 5.30971 energy: -18.3874
MCReject   xShift: 7.23039 crossingAngle: -39.5157 axialRotation: -85.2377 zShift: 5.30073 energy: -18.2075
MCReject   xShift: 7.23039 crossingAngle: -39.5157 axialRotation: -85.2377 zShift: 5.29716 energy: -19.2279
MCReject   xShift: 7.23039 crossingAngle: -39.5157 axialRotation: -85.1344 zShift: 5.30971 energy: -18.3378
MCReject   xShift: 7.22967 crossingAngle: -39.5157 axialRotation: -85.2377 zShift: 5.30971 energy: -18.4475
MCReject   xShift: 7.23039 crossingAngle: -39.5157 axialRotation: -85.2377 zShift: 5.32091 energy: -19.0184
MCReject   xShift: 7.23039 crossingAngle: -39.5489 axialRotation: -85.2377 zShift: 5.30971 energy: -19.3605
MCReject   xShift: 7.23039 crossingAngle: -39.3366 axialRotation: -85.2377 zShift: 5.30971 energy: -19.1063
MCReject   xShift: 7.23039 crossingAngle: -39.6471 axialRotation: -85.2377 zShift: 5.30971 energy: -19.4259
MCReject   xShift: 7.246 crossingAngle: -39.5157 axialRotation: -85.2377 zShift: 5.30971 energy: -18.3378
MCReject   xShift: 7.23039 crossingAngle: -39.5157 axialRotation: -85.1536 zShift: 5.30971 energy: -20.0946
MCReject   xShift: 7.23039 crossingAngle: -39.5157 axialRotation: -85.4062 zShift: 5.30971 energy: -19.4259
MCReject   xShift: 7.23039 crossingAngle: -39.4456 axialRotation: -85.2377 zShift: 5.30971 energy: -19.4259
MCReject   xShift: 7.23039 crossingAngle: -39.5157 axialRotation: -85.2377 zShift: 5.32022 energy: -19.5893
MCReject   xShift: 7.24187 crossingAngle: -39.5157 axialRotation: -85.2377 zShift: 5.30971 energy: -18.8934
MCReject   xShift: 7.23039 crossingAngle: -39.5157 axialRotation: -85.4313 zShift: 5.30971 energy: -19.4259
MCReject   xShift: 7.23039 crossingAngle: -39.5157 axialRotation: -85.2377 zShift: 5.30379 energy: -18.7933
MCReject   xShift: 7.23039 crossingAngle: -39.5157 axialRotation: -85.4063 zShift: 5.30971 energy: -19.4259
MCReject   xShift: 7.23039 crossingAngle: -39.5157 axialRotation: -84.9922 zShift: 5.30971 energy: -18.3378
MCReject   xShift: 7.23039 crossingAngle: -39.3308 axialRotation: -85.2377 zShift: 5.30971 energy: -18.7475
MCReject   xShift: 7.23621 crossingAngle: -39.5157 axialRotation: -85.2377 zShift: 5.30971 energy: -18.616
MCAccept 7 xShift: 7.23039 crossingAngle: -39.5157 axialRotation: -85.2377 zShift: 5.30142 energy: -20.2526
MCReject   xShift: 7.23039 crossingAngle: -39.5157 axialRotation: -85.304 zShift: 5.30142 energy: -18.3324
MCReject   xShift: 7.23039 crossingAngle: -39.5157 axialRotation: -85.1873 zShift: 5.30142 energy: -18.4789
MCReject   xShift: 7.23728 crossingAngle: -39.5157 axialRotation: -85.2377 zShift: 5.30142 energy: -19.2954
MCReject   xShift: 7.23039 crossingAngle: -39.5157 axialRotation: -85.2377 zShift: 5.32075 energy: -17.2979
MCReject   xShift: 7.24266 crossingAngle: -39.5157 axialRotation: -85.2377 zShift: 5.30142 energy: -18.6976
MCReject   xShift: 7.23039 crossingAngle: -39.5157 axialRotation: -85.2329 zShift: 5.30142 energy: -19.7076
MCReject   xShift: 7.22268 crossingAngle: -39.5157 axialRotation: -85.2377 zShift: 5.30142 energy: -20.0166
MCReject   xShift: 7.23039 crossingAngle: -39.4049 axialRotation: -85.2377 zShift: 5.30142 energy: -18.8441
MCReject   xShift: 7.23039 crossingAngle: -39.5157 axialRotation: -85.2803 zShift: 5.30142 energy: -19.3584
MCReject   xShift: 7.23039 crossingAngle: -39.5157 axialRotation: -85.1969 zShift: 5.30142 energy: -18.3324
MCReject   xShift: 7.23039 crossingAngle: -39.5157 axialRotation: -85.2377 zShift: 5.30006 energy: -18.6892
MCReject   xShift: 7.25674 crossingAngle: -39.5157 axialRotation: -85.2377 zShift: 5.30142 energy: -18.5492
MCReject   xShift: 7.2427 crossingAngle: -39.5157 axialRotation: -85.2377 zShift: 5.30142 energy: -19.2302
MCReject   xShift: 7.23794 crossingAngle: -39.5157 axialRotation: -85.2377 zShift: 5.30142 energy: -19.5122
MCReject   xShift: 7.23039 crossingAngle: -39.5157 axialRotation: -85.2377 zShift: 5.29304 energy: -18.8653
MCReject   xShift: 7.23039 crossingAngle: -39.5157 axialRotation: -85.0761 zShift: 5.30142 energy: -18.779
MCReject   xShift: 7.23039 crossingAngle: -39.43 axialRotation: -85.2377 zShift: 5.30142 energy: -18.779
MCAccept 8 xShift: 7.23039 crossingAngle: -39.5157 axialRotation: -85.2377 zShift: 5.30269 energy: -20.2275
MCReject   xShift: 7.24468 crossingAngle: -39.5157 axialRotation: -85.2377 zShift: 5.30269 energy: -18.8518
MCReject   xShift: 7.23039 crossingAngle: -39.3783 axialRotation: -85.2377 zShift: 5.30269 energy: -18.9216
MCReject   xShift: 7.23039 crossingAngle: -39.5157 axialRotation: -85.4309 zShift: 5.30269 energy: -18.3505
MCReject   xShift: 7.23039 crossingAngle: -39.511 axialRotation: -85.2377 zShift: 5.30269 energy: -20.0328
MCReject   xShift: 7.23039 crossingAngle: -39.5157 axialRotation: -85.2377 zShift: 5.28642 energy: -19.3284
MCReject   xShift: 7.25371 crossingAngle: -39.5157 axialRotation: -85.2377 zShift: 5.30269 energy: -19.2503
MCReject   xShift: 7.23039 crossingAngle: -39.5157 axialRotation: -85.2377 zShift: 5.2999 energy: -19.3391
MCReject   xShift: 7.23039 crossingAngle: -39.5157 axialRotation: -85.2552 zShift: 5.30269 energy: -18.6403
MCReject   xShift: 7.23039 crossingAngle: -39.5157 axialRotation: -85.2229 zShift: 5.30269 energy: -18.9216
MCAccept 9 xShift: 7.23039 crossingAngle: -39.5157 axialRotation: -85.2377 zShift: 5.29632 energy: -20.2245
MCReject   xShift: 7.23039 crossingAngle: -39.5748 axialRotation: -85.2377 zShift: 5.29632 energy: -19.2145
MCReject   xShift: 7.22678 crossingAngle: -39.5157 axialRotation: -85.2377 zShift: 5.29632 energy: -19.9242
MCReject   xShift: 7.24034 crossingAngle: -39.5157 axialRotation: -85.2377 zShift: 5.29632 energy: -19.2145
MCReject   xShift: 7.21858 crossingAngle: -39.5157 axialRotation: -85.2377 zShift: 5.29632 energy: -19.6671
MCAccept 10 xShift: 7.23009 crossingAngle: -39.5157 axialRotation: -85.2377 zShift: 5.29632 energy: -19.64
MCReject   xShift: 7.23009 crossingAngle: -39.4604 axialRotation: -85.2377 zShift: 5.29632 energy: -19.2145
MCAccept 11 xShift: 7.23009 crossingAngle: -39.5157 axialRotation: -85.2377 zShift: 5.30377 energy: -19.7385
MCAccept 12 xShift: 7.23009 crossingAngle: -39.5157 axialRotation: -85.23 zShift: 5.30377 energy: -19.8021
MCAccept 13 xShift: 7.23009 crossingAngle: -39.5157 axialRotation: -85.23 zShift: 5.27361 energy: -20.252
MCReject   xShift: 7.23009 crossingAngle: -39.5157 axialRotation: -85.23 zShift: 5.29174 energy: -19.1415
MCReject   xShift: 7.23009 crossingAngle: -39.4588 axialRotation: -85.23 zShift: 5.27361 energy: -18.3562
MCReject   xShift: 7.23009 crossingAngle: -39.5157 axialRotation: -85.3393 zShift: 5.27361 energy: -17.6517
MCReject   xShift: 7.23009 crossingAngle: -39.5065 axialRotation: -85.23 zShift: 5.27361 energy: -19.1267
MCReject   xShift: 7.23009 crossingAngle: -39.5157 axialRotation: -85.23 zShift: 5.27254 energy: -18.225
MCReject   xShift: 7.23009 crossingAngle: -39.5157 axialRotation: -85.1553 zShift: 5.27361 energy: -17.4941
MCReject   xShift: 7.23009 crossingAngle: -39.5157 axialRotation: -85.23 zShift: 5.26692 energy: -18.1724
MCReject   xShift: 7.23009 crossingAngle: -39.5157 axialRotation: -85.0593 zShift: 5.27361 energy: -18.7417
MCReject   xShift: 7.23009 crossingAngle: -39.5682 axialRotation: -85.23 zShift: 5.27361 energy: -18.3638
MCReject   xShift: 7.23009 crossingAngle: -39.5157 axialRotation: -85.213 zShift: 5.27361 energy: -19.6539
MCReject   xShift: 7.25115 crossingAngle: -39.5157 axialRotation: -85.23 zShift: 5.27361 energy: -18.3082
MCReject   xShift: 7.23009 crossingAngle: -39.7222 axialRotation: -85.23 zShift: 5.27361 energy: -18.3082
MCReject   xShift: 7.23009 crossingAngle: -39.4255 axialRotation: -85.23 zShift: 5.27361 energy: -18.3562
MCReject   xShift: 7.23009 crossingAngle: -39.317 axialRotation: -85.23 zShift: 5.27361 energy: -18.7897
MCReject   xShift: 7.23009 crossingAngle: -39.547 axialRotation: -85.23 zShift: 5.27361 energy: -17.4941
MCReject   xShift: 7.21945 crossingAngle: -39.5157 axialRotation: -85.23 zShift: 5.27361 energy: -19.6539
MCReject   xShift: 7.23009 crossingAngle: -39.5157 axialRotation: -85.23 zShift: 5.27593 energy: -19.1153
MCReject   xShift: 7.23009 crossingAngle: -39.5157 axialRotation: -85.23 zShift: 5.26464 energy: -18.615
MCReject   xShift: 7.23009 crossingAngle: -39.4252 axialRotation: -85.23 zShift: 5.27361 energy: -18.8905
MCReject   xShift: 7.23009 crossingAngle: -39.5157 axialRotation: -85.23 zShift: 5.28044 energy: -18.3698
MCReject   xShift: 7.23009 crossingAngle: -39.4795 axialRotation: -85.23 zShift: 5.27361 energy: -19.7019
MCReject   xShift: 7.23009 crossingAngle: -39.5157 axialRotation: -85.0952 zShift: 5.27361 energy: -18.7417
MCReject   xShift: 7.23009 crossingAngle: -39.7214 axialRotation: -85.23 zShift: 5.27361 energy: -19.1267
MCReject   xShift: 7.23009 crossingAngle: -39.5157 axialRotation: -85.23 zShift: 5.26215 energy: -18.9438
MCReject   xShift: 7.23009 crossingAngle: -39.3969 axialRotation: -85.23 zShift: 5.27361 energy: -18.8905
MCReject   xShift: 7.23009 crossingAngle: -39.4688 axialRotation: -85.23 zShift: 5.27361 energy: -18.1869
MCReject   xShift: 7.21843 crossingAngle: -39.5157 axialRotation: -85.23 zShift: 5.27361 energy: -18.0851
MCReject   xShift: 7.23009 crossingAngle: -39.5985 axialRotation: -85.23 zShift: 5.27361 energy: -19.0787
MCReject   xShift: 7.23009 crossingAngle: -39.5157 axialRotation: -85.23 zShift: 5.2925 energy: -19.902
MCReject   xShift: 7.24246 crossingAngle: -39.5157 axialRotation: -85.23 zShift: 5.27361 energy: -19.1267
MCReject   xShift: 7.23009 crossingAngle: -39.5157 axialRotation: -85.23 zShift: 5.255 energy: -18.1805
MCReject   xShift: 7.23009 crossingAngle: -39.5167 axialRotation: -85.23 zShift: 5.27361 energy: -18.9389
MCReject   xShift: 7.23009 crossingAngle: -39.5157 axialRotation: -85.23 zShift: 5.28487 energy: -17.5185
MCReject   xShift: 7.23009 crossingAngle: -39.5157 axialRotation: -85.23 zShift: 5.27887 energy: -19.6037
MCReject   xShift: 7.23009 crossingAngle: -39.5157 axialRotation: -85.2891 zShift: 5.27361 energy: -19.0787
MCReject   xShift: 7.23009 crossingAngle: -39.44 axialRotation: -85.23 zShift: 5.27361 energy: -19.0787
MCReject   xShift: 7.22608 crossingAngle: -39.5157 axialRotation: -85.23 zShift: 5.27361 energy: -19.3926
MCReject   xShift: 7.23009 crossingAngle: -39.5428 axialRotation: -85.23 zShift: 5.27361 energy: -18.3082
MCReject   xShift: 7.23009 crossingAngle: -39.3938 axialRotation: -85.23 zShift: 5.27361 energy: -19.627
MCReject   xShift: 7.23009 crossingAngle: -39.6621 axialRotation: -85.23 zShift: 5.27361 energy: -19.0787
MCReject   xShift: 7.23526 crossingAngle: -39.5157 axialRotation: -85.23 zShift: 5.27361 energy: -19.0787
MCReject   xShift: 7.23009 crossingAngle: -39.6371 axialRotation: -85.23 zShift: 5.27361 energy: -19.6539
MCReject   xShift: 7.23009 crossingAngle: -39.5157 axialRotation: -85.23 zShift: 5.27342 energy: -18.3544
MCReject   xShift: 7.23009 crossingAngle: -39.5157 axialRotation: -85.23 zShift: 5.28779 energy: -18.4343
MCReject   xShift: 7.23009 crossingAngle: -39.5157 axialRotation: -85.23 zShift: 5.26466 energy: -19.5336
MCReject   xShift: 7.25724 crossingAngle: -39.5157 axialRotation: -85.23 zShift: 5.27361 energy: -17.4941
MCReject   xShift: 7.23061 crossingAngle: -39.5157 axialRotation: -85.23 zShift: 5.27361 energy: -19.1267
MCReject   xShift: 7.24792 crossingAngle: -39.5157 axialRotation: -85.23 zShift: 5.27361 energy: -18.9385
MCReject   xShift: 7.23009 crossingAngle: -39.5157 axialRotation: -85.23 zShift: 5.27321 energy: -18.3046
MCReject   xShift: 7.23009 crossingAngle: -39.4534 axialRotation: -85.23 zShift: 5.27361 energy: -19.489
MCReject   xShift: 7.23009 crossingAngle: -39.5157 axialRotation: -85.206 zShift: 5.27361 energy: -18.2349
MCReject   xShift: 7.23009 crossingAngle: -39.5157 axialRotation: -85.1976 zShift: 5.27361 energy: -18.8905
MCReject   xShift: 7.23009 crossingAngle: -39.5832 axialRotation: -85.23 zShift: 5.27361 energy: -19.675
MCReject   xShift: 7.22569 crossingAngle: -39.5157 axialRotation: -85.23 zShift: 5.27361 energy: -18.3082
MCReject   xShift: 7.23009 crossingAngle: -39.5185 axialRotation: -85.23 zShift: 5.27361 energy: -19.1267
MCReject   xShift: 7.23734 crossingAngle: -39.5157 axialRotation: -85.23 zShift: 5.27361 energy: -19.1267
MCReject   xShift: 7.23009 crossingAngle: -39.5157 axialRotation: -85.23 zShift: 5.25694 energy: -18.6251
MCReject   xShift: 7.23009 crossingAngle: -39.4515 axialRotation: -85.23 zShift: 5.27361 energy: -17.4461
MCReject   xShift: 7.23009 crossingAngle: -39.5157 axialRotation: -85.23 zShift: 5.28142 energy: -19.7304
MCReject   xShift: 7.23474 crossingAngle: -39.5157 axialRotation: -85.23 zShift: 5.27361 energy: -18.7417
MCReject   xShift: 7.23009 crossingAngle: -39.6494 axialRotation: -85.23 zShift: 5.27361 energy: -19.1267
MCReject   xShift: 7.23009 crossingAngle: -39.5157 axialRotation: -85.23 zShift: 5.26902 energy: -19.9379
MCAccept 14 xShift: 7.23009 crossingAngle: -39.3787 axialRotation: -85.23 zShift: 5.27361 energy: -20.252
MCReject   xShift: 7.23009 crossingAngle: -39.3787 axialRotation: -85.2669 zShift: 5.27361 energy: -17.4941
MCReject   xShift: 7.23009 crossingAngle: -39.3787 axialRotation: -85.1536 zShift: 5.27361 energy: -18.3562
MCReject   xShift: 7.23009 crossingAngle: -39.3787 axialRotation: -85.3299 zShift: 5.27361 energy: -19.7019
MCReject   xShift: 7.23009 crossingAngle: -39.3787 axialRotation: -85.1561 zShift: 5.27361 energy: -18.9385
MCReject   xShift: 7.23009 crossingAngle: -39.3787 axialRotation: -85.4598 zShift: 5.27361 energy: -18.8905
MCReject   xShift: 7.23009 crossingAngle: -39.3787 axialRotation: -85.23 zShift: 5.25797 energy: -18.0866
MCReject   xShift: 7.23009 crossingAngle: -39.3787 axialRotation: -85.23 zShift: 5.29297 energy: -18.8649
MCReject   xShift: 7.22703 crossingAngle: -39.3787 axialRotation: -85.23 zShift: 5.27361 energy: -18.2349
MCReject   xShift: 7.23009 crossingAngle: -39.3787 axialRotation: -85.23 zShift: 5.28017 energy: -19.7409
MCReject   xShift: 7.23009 crossingAngle: -39.3672 axialRotation: -85.23 zShift: 5.27361 energy: -19.1267
MCReject   xShift: 7.23009 crossingAngle: -39.3083 axialRotation: -85.23 zShift: 5.27361 energy: -18.3562
MCReject   xShift: 7.23009 crossingAngle: -39.3787 axialRotation: -85.3557 zShift: 5.27361 energy: -19.1267
MCReject   xShift: 7.23009 crossingAngle: -39.3787 axialRotation: -85.23 zShift: 5.25795 energy: -18.2091
MCReject   xShift: 7.23009 crossingAngle: -39.3787 axialRotation: -85.23 zShift: 5.29608 energy: -18.2856
MCReject   xShift: 7.23009 crossingAngle: -39.4944 axialRotation: -85.23 zShift: 5.27361 energy: -19.1267
MCReject   xShift: 7.23009 crossingAngle: -39.3432 axialRotation: -85.23 zShift: 5.27361 energy: -19.6539
MCReject   xShift: 7.23009 crossingAngle: -39.3787 axialRotation: -85.4392 zShift: 5.27361 energy: -19.675
MCReject   xShift: 7.20543 crossingAngle: -39.3787 axialRotation: -85.23 zShift: 5.27361 energy: -19.1267
MCReject   xShift: 7.23009 crossingAngle: -39.3787 axialRotation: -85.23 zShift: 5.26769 energy: -19.5955
MCReject   xShift: 7.23009 crossingAngle: -39.3757 axialRotation: -85.23 zShift: 5.27361 energy: -19.0787
MCReject   xShift: 7.23009 crossingAngle: -39.3787 axialRotation: -85.23 zShift: 5.27347 energy: -18.8896
MCReject   xShift: 7.23009 crossingAngle: -39.3787 axialRotation: -85.2917 zShift: 5.27361 energy: -18.7417
MCReject   xShift: 7.23009 crossingAngle: -39.337 axialRotation: -85.23 zShift: 5.27361 energy: -18.8905
MCReject   xShift: 7.23009 crossingAngle: -39.3787 axialRotation: -85.23 zShift: 5.2734 energy: -19.1234
MCReject   xShift: 7.23009 crossingAngle: -39.3787 axialRotation: -85.3463 zShift: 5.27361 energy: -19.1267
MCReject   xShift: 7.23009 crossingAngle: -39.3787 axialRotation: -85.23 zShift: 5.27505 energy: -19.673
MCReject   xShift: 7.22371 crossingAngle: -39.3787 axialRotation: -85.23 zShift: 5.27361 energy: -19.6539
MCReject   xShift: 7.23009 crossingAngle: -39.4707 axialRotation: -85.23 zShift: 5.27361 energy: -19.7019
MCReject   xShift: 7.23009 crossingAngle: -39.3787 axialRotation: -85.1944 zShift: 5.27361 energy: -19.1267
MCReject   xShift: 7.23009 crossingAngle: -39.3787 axialRotation: -85.23 zShift: 5.26251 energy: -18.2527
MCReject   xShift: 7.23009 crossingAngle: -39.3787 axialRotation: -85.17 zShift: 5.27361 energy: -17.6517
MCAccept 15 xShift: 7.23009 crossingAngle: -39.3787 axialRotation: -85.23 zShift: 5.28375 energy: -20.3126
MCReject   xShift: 7.23466 crossingAngle: -39.3787 axialRotation: -85.23 zShift: 5.28375 energy: -19.2866
MCReject   xShift: 7.23009 crossingAngle: -39.3787 axialRotation: -85.23 zShift: 5.29069 energy: -18.851
MCReject   xShift: 7.23009 crossingAngle: -39.4088 axialRotation: -85.23 zShift: 5.28375 energy: -19.8362
MCAccept 16 xShift: 7.23009 crossingAngle: -39.4413 axialRotation: -85.23 zShift: 5.28375 energy: -20.3126
MCReject   xShift: 7.23009 crossingAngle: -39.6251 axialRotation: -85.23 zShift: 5.28375 energy: -19.2866
MCReject   xShift: 7.23009 crossingAngle: -39.4413 axialRotation: -85.235 zShift: 5.28375 energy: -18.0921
MCReject   xShift: 7.23009 crossingAngle: -39.4413 axialRotation: -85.23 zShift: 5.26453 energy: -20.1525
MCReject   xShift: 7.2158 crossingAngle: -39.4413 axialRotation: -85.23 zShift: 5.28375 energy: -19.0041
MCReject   xShift: 7.23009 crossingAngle: -39.4413 axialRotation: -85.23 zShift: 5.28757 energy: -19.2981
MCReject   xShift: 7.23009 crossingAngle: -39.4413 axialRotation: -85.23 zShift: 5.29224 energy: -19.241
MCAccept 17 xShift: 7.23009 crossingAngle: -39.2838 axialRotation: -85.23 zShift: 5.28375 energy: -20.3608
MCReject   xShift: 7.22993 crossingAngle: -39.2838 axialRotation: -85.23 zShift: 5.28375 energy: -18.3269
MCReject   xShift: 7.23009 crossingAngle: -39.2838 axialRotation: -85.23 zShift: 5.30164 energy: -18.7803
MCReject   xShift: 7.23009 crossingAngle: -39.2838 axialRotation: -85.23 zShift: 5.28826 energy: -19.0858
MCReject   xShift: 7.23009 crossingAngle: -39.2237 axialRotation: -85.23 zShift: 5.28375 energy: -18.2987
MCReject   xShift: 7.2327 crossingAngle: -39.2838 axialRotation: -85.23 zShift: 5.28375 energy: -18.8079
MCReject   xShift: 7.23009 crossingAngle: -39.2838 axialRotation: -85.23 zShift: 5.29046 energy: -19.121
MCReject   xShift: 7.23009 crossingAngle: -39.2838 axialRotation: -85.23 zShift: 5.28375 energy: -18.0921
MCReject   xShift: 7.23009 crossingAngle: -39.5497 axialRotation: -85.23 zShift: 5.28375 energy: -19.2384
MCReject   xShift: 7.23009 crossingAngle: -39.2838 axialRotation: -85.3469 zShift: 5.28375 energy: -18.3269
MCReject   xShift: 7.23009 crossingAngle: -39.1114 axialRotation: -85.23 zShift: 5.28375 energy: -18.3269
MCReject   xShift: 7.23009 crossingAngle: -39.3677 axialRotation: -85.23 zShift: 5.28375 energy: -18.8079
MCReject   xShift: 7.23009 crossingAngle: -39.2838 axialRotation: -85.23 zShift: 5.29434 energy: -19.7056
MCReject   xShift: 7.23009 crossingAngle: -39.2838 axialRotation: -85.3168 zShift: 5.28375 energy: -18.4473
MCReject   xShift: 7.22451 crossingAngle: -39.2838 axialRotation: -85.23 zShift: 5.28375 energy: -20.3126
MCReject   xShift: 7.25876 crossingAngle: -39.2838 axialRotation: -85.23 zShift: 5.28375 energy: -19.0041
MCReject   xShift: 7.23009 crossingAngle: -39.2838 axialRotation: -85.23 zShift: 5.29168 energy: -19.643
MCReject   xShift: 7.23009 crossingAngle: -39.2482 axialRotation: -85.23 zShift: 5.28375 energy: -18.3991
MCReject   xShift: 7.23009 crossingAngle: -39.4611 axialRotation: -85.23 zShift: 5.28375 energy: -18.4473
MCReject   xShift: 7.23009 crossingAngle: -39.2838 axialRotation: -85.23 zShift: 5.2819 energy: -17.5127
MCAccept 18 xShift: 7.21865 crossingAngle: -39.2838 axialRotation: -85.23 zShift: 5.28375 energy: -20.3608
MCReject   xShift: 7.21865 crossingAngle: -39.2838 axialRotation: -85.1758 zShift: 5.28375 energy: -19.2384
MCReject   xShift: 7.21865 crossingAngle: -39.2838 axialRotation: -85.23 zShift: 5.28885 energy: -18.8881
MCReject   xShift: 7.22039 crossingAngle: -39.2838 axialRotation: -85.23 zShift: 5.28375 energy: -18.3991
MCReject   xShift: 7.21865 crossingAngle: -39.2838 axialRotation: -85.181 zShift: 5.28375 energy: -19.2866
MCReject   xShift: 7.21807 crossingAngle: -39.2838 axialRotation: -85.23 zShift: 5.28375 energy: -20.3126
MCReject   xShift: 7.21865 crossingAngle: -39.2904 axialRotation: -85.23 zShift: 5.28375 energy: -18.8561
MCReject   xShift: 7.21865 crossingAngle: -39.2838 axialRotation: -85.2474 zShift: 5.28375 energy: -19.2384
MCReject   xShift: 7.21865 crossingAngle: -39.2838 axialRotation: -85.23 zShift: 5.2859 energy: -19.0174
MCReject   xShift: 7.21865 crossingAngle: -39.2838 axialRotation: -85.23 zShift: 5.26429 energy: -18.978
MCReject   xShift: 7.21865 crossingAngle: -39.2838 axialRotation: -85.3329 zShift: 5.28375 energy: -19.2866
MCReject   xShift: 7.21865 crossingAngle: -39.2838 axialRotation: -85.2062 zShift: 5.28375 energy: -19.5967
MCReject   xShift: 7.23179 crossingAngle: -39.2838 axialRotation: -85.23 zShift: 5.28375 energy: -18.8079
MCReject   xShift: 7.21559 crossingAngle: -39.2838 axialRotation: -85.23 zShift: 5.28375 energy: -18.4473
MCAccept 19 xShift: 7.21865 crossingAngle: -39.3045 axialRotation: -85.23 zShift: 5.28375 energy: -20.3608
MCReject   xShift: 7.20802 crossingAngle: -39.3045 axialRotation: -85.23 zShift: 5.28375 energy: -19.2384
MCReject   xShift: 7.21582 crossingAngle: -39.3045 axialRotation: -85.23 zShift: 5.28375 energy: -18.2787
MCReject   xShift: 7.21865 crossingAngle: -39.3045 axialRotation: -85.1397 zShift: 5.28375 energy: -18.8561
MCReject   xShift: 7.21865 crossingAngle: -39.3045 axialRotation: -85.2986 zShift: 5.28375 energy: -19.0453
MCReject   xShift: 7.21865 crossingAngle: -39.2021 axialRotation: -85.23 zShift: 5.28375 energy: -17.5164
MCReject   xShift: 7.21865 crossingAngle: -39.3045 axialRotation: -85.2435 zShift: 5.28375 energy: -18.9559
MCReject   xShift: 7.21865 crossingAngle: -39.3045 axialRotation: -85.3184 zShift: 5.28375 energy: -17.5164
MCReject   xShift: 7.21865 crossingAngle: -39.3045 axialRotation: -85.1938 zShift: 5.28375 energy: -19.0722
MCReject   xShift: 7.21865 crossingAngle: -39.4142 axialRotation: -85.23 zShift: 5.28375 energy: -19.8362
MCReject   xShift: 7.21865 crossingAngle: -39.3045 axialRotation: -85.0663 zShift: 5.28375 energy: -18.2787
MCReject   xShift: 7.21942 crossingAngle: -39.3045 axialRotation: -85.23 zShift: 5.28375 energy: -19.0041
MCReject   xShift: 7.22946 crossingAngle: -39.3045 axialRotation: -85.23 zShift: 5.28375 energy: -18.3991
MCReject   xShift: 7.21865 crossingAngle: -39.3045 axialRotation: -85.23 zShift: 5.27833 energy: -18.821
MCReject   xShift: 7.21865 crossingAngle: -39.3045 axialRotation: -85.23 zShift: 5.28062 energy: -18.2988
MCReject   xShift: 7.21865 crossingAngle: -39.3045 axialRotation: -85.1107 zShift: 5.28375 energy: -18.2787
MCReject   xShift: 7.21865 crossingAngle: -39.3045 axialRotation: -85.2191 zShift: 5.28375 energy: -19.8362
MCReject   xShift: 7.21865 crossingAngle: -39.6245 axialRotation: -85.23 zShift: 5.28375 energy: -19.2384
MCReject   xShift: 7.21487 crossingAngle: -39.3045 axialRotation: -85.23 zShift: 5.28375 energy: -18.8561
MCReject   xShift: 7.21865 crossingAngle: -39.3045 axialRotation: -85.23 zShift: 5.27417 energy: -18.8942
MCReject   xShift: 7.21865 crossingAngle: -39.3045 axialRotation: -85.23 zShift: 5.29278 energy: -19.8786
MCAccept 20 xShift: 7.21865 crossingAngle: -39.3045 axialRotation: -85.1318 zShift: 5.28375 energy: -20.3126
MCReject   xShift: 7.21064 crossingAngle: -39.3045 axialRotation: -85.1318 zShift: 5.28375 energy: -19.7611
MCReject   xShift: 7.21865 crossingAngle: -39.3045 axialRotation: -85.2224 zShift: 5.28375 energy: -18.2787
MCReject   xShift: 7.20318 crossingAngle: -39.3045 axialRotation: -85.1318 zShift: 5.28375 energy: -18.3269
MCReject   xShift: 7.21503 crossingAngle: -39.3045 axialRotation: -85.1318 zShift: 5.28375 energy: -19.2384
MCReject   xShift: 7.21865 crossingAngle: -39.3045 axialRotation: -85.1318 zShift: 5.28629 energy: -20.1179
MCReject   xShift: 7.21865 crossingAngle: -39.3045 axialRotation: -85.1318 zShift: 5.28662 energy: -18.9737
MCReject   xShift: 7.21865 crossingAngle: -39.3045 axialRotation: -85.1318 zShift: 5.29153 energy: -19.1381
MCReject   xShift: 7.21865 crossingAngle: -39.3045 axialRotation: -85.1318 zShift: 5.27468 energy: -20.2155
MCReject   xShift: 7.21865 crossingAngle: -39.3045 axialRotation: -85.1318 zShift: 5.27864 energy: -18.4018
MCReject   xShift: 7.21865 crossingAngle: -39.3045 axialRotation: -85.1318 zShift: 5.29112 energy: -19.1315
MCReject   xShift: 7.20289 crossingAngle: -39.3045 axialRotation: -85.1318 zShift: 5.28375 energy: -18.3991
MCReject   xShift: 7.22441 crossingAngle: -39.3045 axialRotation: -85.1318 zShift: 5.28375 energy: -19.2866
Energy #1: -20.3126
***GEOMETRY SHIFT***
xShift;        Before: 7.22817; After: 7.21865
crossingAngle; Before: -39.0654; After: -39.3045
axialRotation; Before: -85.1291; After: -85.1318
zShift;        Before: 5.30879; After: 5.28375
Energy;        Before: 1629.74; After: -20.3126

Reached 51 cycles without improvement of 0.001. Accepted 21/340
Monte Carlo repack complete. Time: 81.5167min

