***STARTING GEOMETRY:***
xShift: 7.21865
crossingAngle: -39.3045
axialRotation: -85.1318
zShift: 5.28375

Number of MCCycles: 200
PrevSequence	CurrSequence	PrevEnergy	CurrEnergy	PrevEntropy	CurrEntropy	CurrentTemp
LLLGVLLSTLLGTLLTTLILI	LLLGYLLSTLLGTLLTTLILI	-16.2359	-20.0393	0.194474	0.753596	999.847
LLLGYLLSTLLGTLLTTLILI	LLLGYLLGTLLGTLLTTLILI	-20.5987	-17.5625	0.19415	0.754431	999.684
LLLGYLLGTLLGTLLTTLILI	LLLGYLLGTLLGYLLTTLILI	-17.7781	-18.3977	0.538845	0.30482	999.512
LLLGYLLGTLLGYLLTTLILI	LLLGYLLGTLLGTLLTTLILI	-18.3977	-18.3908	0.30482	0.538845	999.328
LLLGYLLGTLLGTLLTTLILI	LLLGYLLGVLLGTLLTTLILI	-17.6533	-15.4706	1.27634	0.0728516	999.134
LLLGYLLGVLLGTLLTTLILI	LLLGYLLGTLLGTLLTTLILI	-15.4706	-16.2409	0.0728516	1.27634	998.928
LLLGYLLGTLLGTLLTTLILI	LLLGYLLGTLLGTLLTYLILI	-16.9784	-17.8036	0.538845	0.30482	998.708
LLLGYLLGTLLGTLLTYLILI	LLLGYLLGTLLGTLLTTLILI	-17.8036	-16.5264	0.30482	0.538845	998.229
LLLGYLLGTLLGTLLTTLILI	LLLTYLLGTLLGTLLTTLILI	-16.8389	-17.6861	0.226415	0.678597	997.967
LLLTYLLGTLLGTLLTTLILI	LLLTFLLGTLLGTLLTTLILI	-17.7143	-17.6269	0.650378	0.240035	997.689
LLLTFLLGTLLGTLLTTLILI	LLLTFLLGTLLGYLLTTLILI	-16.9493	-18.7416	0.917682	0.141213	997.394
LLLTFLLGTLLGYLLTTLILI	LLLTFLLGVLLGYLLTTLILI	-17.6065	-11.9076	1.27634	0.0728516	996.749
LLLTFLLGVLLGYLLTTLILI	LLLTFLLGVLLGYLLTYLILI	-11.5374	-9.82924	0.443059	0.379341	996.397
LLLTFLLGVLLGYLLTYLILI	LLLTFLLGVLLGTLLTYLILI	-9.82924	-13.6394	0.379341	0.443059	996.023
LLLTFLLGVLLGTLLTYLILI	LLLTFLLGVLLGTLLTTLILI	-13.9107	-14.3418	0.171816	0.816184	995.205
LLLTFLLGVLLGTLLTTLILI	LLLTWLLGVLLGTLLTTLILI	-15.0092	-13.5284	0.148778	0.890414	994.758
LLLTWLLGVLLGTLLTTLILI	LLLTWLLGVLLGTLLTYLILI	-13.6026	-13.1711	0.816184	0.171816	994.285
LLLTWLLGVLLGTLLTYLILI	LLLTWLLGTLLGTLLTYLILI	-13.27	-15.1196	0.0728516	1.27634	993.782
LLLTWLLGTLLGTLLTYLILI	LLLTWLLGTLLGTLLTTLILI	-16.2547	-16.5633	0.141213	0.917682	993.249
LLLTWLLGTLLGTLLTTLILI	LLLTWLLGVLLGTLLTTLILI	-16.0864	-14.3598	1.39457	0.0589809	992.683
LLLTWLLGVLLGTLLTTLILI	LLLTFLLGVLLGTLLTTLILI	-13.5284	-15.0092	0.890414	0.148778	992.084
LLLTFLLGVLLGTLLTTLILI	LLLTFLLGTLLGTLLTTLILI	-15.099	-16.4724	0.0589809	1.39457	991.448
LLLTFLLGTLLGTLLTTLILI	LLLTFLLGTLLGTLLTYLILI	-16.9493	-16.4305	0.917682	0.141213	990.773
LLLTFLLGTLLGTLLTYLILI	LLLTFLLGTLLGTLLTTLILI	-16.4305	-16.7138	0.141213	0.917682	990.058
LLLTFLLGTLLGTLLTTLILI	LLLTFLLGTLLGTLLTYLILI	-16.7138	-16.6411	0.917682	0.141213	989.3
LLLTFLLGTLLGTLLTYLILI	LLLTFLLGTLLGTLLTTLILI	-16.6411	-16.9493	0.141213	0.917682	988.496
LLLTFLLGTLLGTLLTTLILI	LLLTFLLGTLLGYLLTTLILI	-16.9493	-18.7416	0.917682	0.141213	987.644
LLLTFLLGTLLGYLLTTLILI	LLLTFLLGTLLGTLLTTLILI	-18.7416	-16.7138	0.141213	0.917682	986.74
LLLTFLLGTLLGTLLTTLILI	LLLTYLLGTLLGTLLTTLILI	-17.3914	-17.7251	0.240035	0.650378	985.783
LLLTYLLGTLLGTLLTTLILI	LLLTFLLGTLLGTLLTTLILI	-17.7251	-17.6269	0.650378	0.240035	984.769
LLLTFLLGTLLGTLLTTLILI	LLLTFLLGTLLGTLLGTLILI	-17.1883	-12.702	0.678597	0.226415	983.694
LLLTFLLGTLLGTLLGTLILI	LLLYFLLGTLLGTLLGTLILI	-12.1122	-10.1285	0.816184	0.171816	982.555
LLLYFLLGTLLGTLLGTLILI	LLLYYLLGTLLGTLLGTLILI	-10.1682	-9.78007	0.132101	0.952787	981.348
LLLYYLLGTLLGTLLGTLILI	LLLYFLLGTLLGTLLGTLILI	-9.78007	-10.1964	0.952787	0.132101	980.071
LLLYFLLGTLLGTLLGTLILI	LLLTFLLGTLLGTLLGTLILI	-10.1567	-12.1122	0.171816	0.816184	978.717
LLLTFLLGTLLGTLLGTLILI	LLLTFLLGTLLGYLLGTLILI	-12.1122	-13.7843	0.816184	0.171816	977.285
LLLTFLLGTLLGYLLGTLILI	LLLYFLLGTLLGYLLGTLILI	-13.513	-10.9702	0.443059	0.379341	975.768
LLLYFLLGTLLGYLLGTLILI	LLLYFLLGTLLGYLLGYLILI	-11.1115	-8.5272	0.238039	0.654392	974.162
LLLYFLLGTLLGYLLGYLILI	LLLYYLLGTLLGYLLGYLILI	-9.11187	-8.90808	0.0697276	1.30076	972.463
LLLYYLLGTLLGYLLGYLILI	LLLYYLLGTLLGYLLGTLILI	-9.43528	-11.5711	0.773553	0.186892	970.666
LLLYYLLGTLLGYLLGTLILI	LLLYYLLGTLLGTLLGTLILI	-11.253	-10.9957	0.505042	0.328724	968.764
LLLYYLLGTLLGTLLGTLILI	LLLYYLLGLLLGTLLGTLILI	-10.2842	-9.39695	1.04019	0.112128	966.754
LLLYYLLGLLLGTLLGTLILI	LLLYYLLGTLLGTLLGTLILI	-9.39695	-13.8452	0.112128	1.04019	964.627
LLLYYLLGTLLGTLLGTLILI	LLLGYLLGTLLGTLLGTLILI	-14.5157	-12.4525	0.369715	0.453966	960.005
LLLGYLLGTLLGTLLGTLILI	LLLYYLLGTLLGTLLGTLILI	-12.4525	-12.9991	0.453966	0.369715	957.496
LLLYYLLGTLLGTLLGTLILI	LLLYYLLGTLLGTLLGFLILI	-12.3646	-12.2053	1.0043	0.119894	954.846
LLLYYLLGTLLGTLLGFLILI	LLLYYLLGTLLGWLLGFLILI	-11.9615	-10.9664	0.363705	0.460972	952.048
LLLYYLLGTLLGWLLGFLILI	LLLYYLLGTLLGWLLGTLILI	-11.2556	-11.322	0.171816	0.816184	949.095
LLLYYLLGTLLGWLLGTLILI	LLLYYLLGTLLGTLLGTLILI	-11.7949	-14.3993	0.343253	0.48602	945.979
LLLYYLLGTLLGTLLGTLILI	LLLYYLLGTLLGTLLGWLILI	-14.3993	-9.829	0.48602	0.343253	942.693
LLLYYLLGTLLGTLLGWLILI	LLLYYLLGVLLGTLLGWLILI	-9.24139	-8.70791	0.930859	0.137712	939.229
LLLYYLLGVLLGTLLGWLILI	LLLYYLLGTLLGTLLGWLILI	-8.70791	-9.72138	0.137712	0.930859	935.578
LLLYYLLGTLLGTLLGWLILI	LLLGYLLGTLLGTLLGWLILI	-10.2825	-9.99955	0.369715	0.453966	931.732
LLLGYLLGTLLGTLLGWLILI	LLLGYLLGTLLGTLLGTLILI	-10.1103	-12.99	0.343253	0.48602	927.683
LLLGYLLGTLLGTLLGTLILI	LLLTYLLGTLLGTLLGTLILI	-13.1358	-12.4003	0.34018	0.489954	923.422
LLLTYLLGTLLGTLLGTLILI	LLLTYLLGVLLGTLLGTLILI	-11.6139	-10.3636	1.27634	0.0728516	918.939
LLLTYLLGVLLGTLLGTLILI	LLLTYLLGTLLGTLLGTLILI	-10.3636	-12.3478	0.0728516	1.27634	909.276
LLLTYLLGTLLGTLLGTLILI	LLLYYLLGTLLGTLLGTLILI	-13.0853	-13.8604	0.538845	0.30482	904.077
LLLYYLLGTLLGTLLGTLILI	LLLYYLLGTLLGTLLGYLILI	-13.8365	-13.2002	0.328724	0.505042	898.621
LLLYYLLGTLLGTLLGYLILI	LLLYYLLGTLLGTLLGWLILI	-13.1141	-11.3564	0.591129	0.272043	886.903
LLLYYLLGTLLGTLLGWLILI	LLLYYLLGTLLGTLLGFLILI	-10.738	-11.8955	0.890414	0.148778	880.623
LLLYYLLGTLLGTLLGFLILI	LLLYYLLGTLLGYLLGFLILI	-11.8062	-12.5071	0.238039	0.654392	867.179
LLLYYLLGTLLGYLLGFLILI	LLLYYLLGTLLGFLLGFLILI	-12.3408	-10.8294	0.820686	0.170308	859.999
LLLYYLLGTLLGFLLGFLILI	LLLGYLLGTLLGFLLGFLILI	-10.63	-9.02425	0.369715	0.453966	844.686
LLLGYLLGTLLGFLLGFLILI	LLLGYLLGTLLGFLLGTLILI	-9.1734	-12.9742	0.30482	0.538845	836.541
LLLGYLLGTLLGFLLGTLILI	LLLGYLLGTLLGYLLGTLILI	-13.381	-13.3146	0.132101	0.952787	819.243
LLLGYLLGTLLGYLLGTLILI	LLLGYLLGTLLGWLLGTLILI	-13.8162	-12.5005	0.451187	0.372136	800.577
LLLGYLLGTLLGWLLGTLILI	LLLGYLLGVLLGWLLGTLILI	-11.9417	-10.7698	0.930859	0.137712	780.523
LLLGYLLGVLLGWLLGTLILI	LLLYYLLGVLLGWLLGTLILI	-10.4536	-9.87516	0.453966	0.369715	769.974
LLLYYLLGVLLGWLLGTLILI	LLLYYLLGVLLGTLLGTLILI	-9.7839	-11.9436	0.460972	0.363705	759.081
LLLYYLLGVLLGTLLGTLILI	LLLYYLLGVLLGYLLGTLILI	-12.0693	-8.4497	0.238039	0.654392	699.602
LLLYYLLGVLLGYLLGTLILI	LLLYYLLGVLLGLLLGTLILI	-7.9145	-7.03385	1.18959	0.0852143	686.76
LLLYYLLGVLLGLLLGTLILI	LLLYYLLGILLGLLLGTLILI	-6.72059	-5.83623	0.398479	0.42245	673.628
LLLYYLLGILLGLLLGTLILI	LLLGYLLGILLGLLLGTLILI	-5.88897	-4.9771	0.369715	0.453966	660.222
LLLGYLLGILLGLLLGTLILI	LLLAYLLGILLGLLLGTLILI	-4.22041	-2.80451	1.21066	0.0820187	646.557
LLLAYLLGILLGLLLGTLILI	LLLGYLLGILLGLLLGTLILI	-2.80451	-3.12983	0.0820187	1.21066	632.651
LLLGYLLGILLGLLLGTLILI	LLLGYLLGILLGWLLGTLILI	-4.20113	-8.85258	0.139351	0.924643	618.524
LLLGYLLGILLGWLLGTLILI	LLLGYLLGTLLGWLLGTLILI	-9.63446	-11.9504	0.142768	0.911943	604.196
LLLGYLLGTLLGWLLGTLILI	LLLGYLLGTLLGYLLGTLILI	-12.4902	-12.5344	0.372136	0.451187	589.688
LLLGYLLGTLLGYLLGTLILI	LLLGYLLGTLLGYLLGFLILI	-12.1694	-12.6121	0.816184	0.171816	575.025
LLLGYLLGTLLGYLLGFLILI	LLLTYLLGTLLGYLLGFLILI	-12.2291	-8.57719	0.55485	0.29428	560.23
LLLTYLLGTLLGYLLGFLILI	LLLTFLLGTLLGYLLGFLILI	-8.22109	-10.9272	0.650378	0.240035	545.329
LLLTFLLGTLLGYLLGFLILI	LLLTYLLGTLLGYLLGFLILI	-10.9272	-11.3169	0.240035	0.650378	530.348
LLLTYLLGTLLGYLLGFLILI	LLLTYLLGTLLGFLLGFLILI	-11.3169	-10.3299	0.650378	0.240035	515.312
LLLTYLLGTLLGFLLGFLILI	LLLGYLLGTLLGFLLGFLILI	-10.2756	-8.35257	0.29428	0.55485	485.188
LLLGYLLGTLLGFLLGFLILI	LLLGYLLGTLLGTLLGFLILI	-8.6026	-11.7794	0.30482	0.538845	470.152
LLLGYLLGTLLGTLLGFLILI	LLLGYLLGTLLGTLLGTLILI	-12.1984	-12.4717	0.119894	1.0043	440.27
LLLGYLLGTLLGTLLGTLILI	LLLGYLLGTLLGYLLGTLILI	-13.0329	-14.8525	0.443059	0.379341	425.475
LLLGYLLGTLLGYLLGTLILI	LLLYYLLGTLLGYLLGTLILI	-14.8943	-13.9013	0.337561	0.493345	264.228
LLLYYLLGTLLGYLLGTLILI	LLLYYLLGTLLGWLLGTLILI	-13.8035	-13.6321	0.591129	0.272043	230.526
LLLYYLLGTLLGWLLGTLILI	LLLYYLLGTLLGYLLGTLILI	-13.6321	-15.3592	0.272043	0.591129	219.977
LLLYYLLGTLLGYLLGTLILI	LLLGYLLGTLLGYLLGTLILI	-15.457	-15.4221	0.493345	0.337561	43.0041
Time: 378s
