***STARTING GEOMETRY:***
xShift: 8.95358
crossingAngle: -38.4592
axialRotation: 34.6495
zShift: 2.99891

Number of MCCycles: 100
PrevSequence	CurrSequence	PrevEnergy	CurrEnergy	PrevEntropy	CurrEntropy	CurrentTemp
LLLWLLGTLLTTLLTTLLILI	LLLWLLGTLLTYLLTTLLILI	-17.3909	-21.2698	0.917682	0.141213	999.684
LLLWLLGTLLTYLLTTLLILI	LLLFLLGTLLTYLLTTLLILI	-20.5206	-17.6601	0.890414	0.148778	999.328
LLLFLLGTLLTYLLTTLLILI	LLLFLLGTLLGYLLTTLLILI	-17.0545	-15.9869	0.754313	0.194196	998.928
LLLFLLGTLLGYLLTTLLILI	LLLFLLGTLLTYLLTTLLILI	-15.9869	-17.0545	0.194196	0.754313	998.476
LLLFLLGTLLTYLLTTLLILI	LLLFLLGTLLTTLLTTLLILI	-17.6676	-18.9746	0.141213	0.917682	997.967
LLLFLLGTLLTTLLTTLLILI	LLLFLLGTLLATLLTTLLILI	-18.4295	-16.9892	1.46278	0.0522692	996.749
LLLFLLGTLLATLLTTLLILI	LLLWLLGTLLATLLTTLLILI	-16.8927	-17.8945	0.148778	0.890414	996.023
LLLWLLGTLLATLLTTLLILI	LLLWLLGTLLATLLTYLLILI	-17.9687	-15.7198	0.816184	0.171816	995.205
LLLWLLGTLLATLLTYLLILI	LLLWLLGTLLATLLTTLLILI	-15.7198	-17.9687	0.171816	0.816184	994.285
LLLWLLGTLLATLLTTLLILI	LLLWLLTTLLATLLTTLLILI	-18.6994	-19.7893	0.0854581	1.18802	993.249
LLLWLLTTLLATLLTTLLILI	LLLWLLTTLLATLLTYLLILI	-20.0597	-17.9739	0.917682	0.141213	992.084
LLLWLLTTLLATLLTYLLILI	LLLILLTTLLATLLTYLLILI	-17.4338	-18.0865	0.681272	0.225173	990.773
LLLILLTTLLATLLTYLLILI	LLLILLTTLLTTLLTYLLILI	-18.2594	-18.4009	0.0522692	1.46278	989.3
LLLILLTTLLTTLLTYLLILI	LLLILLTTLLTTLLTTLLILI	-19.7438	-23.5413	0.119894	1.0043	987.644
LLLILLTTLLTTLLTTLLILI	LLLILLTTLLTYLLTTLLILI	-23.5413	-24.1788	1.0043	0.119894	985.783
LLLILLTTLLTYLLTTLLILI	LLLWLLTTLLTYLLTTLLILI	-24.0735	-22.5931	0.225173	0.681272	983.694
LLLWLLTTLLTYLLTTLLILI	LLLWLLGTLLTYLLTTLLILI	-22.0864	-21.3256	1.18802	0.0854581	981.348
LLLWLLGTLLTYLLTTLLILI	LLLWLLGTLLTTLLTTLLILI	-21.2698	-20.9914	0.141213	0.917682	978.717
LLLWLLGTLLTTLLTTLLILI	LLLWLLGTLLTTLLTYLLILI	-20.9914	-18.4801	0.917682	0.141213	975.768
LLLWLLGTLLTTLLTYLLILI	LLLFLLGTLLTTLLTYLLILI	-17.7309	-14.9274	0.890414	0.148778	972.463
LLLFLLGTLLTTLLTYLLILI	LLLFLLGTLLTTLLTTLLILI	-14.9349	-18.5127	0.141213	0.917682	968.764
LLLFLLGTLLTTLLTTLLILI	LLLFLLGTLLTYLLTTLLILI	-18.5127	-19.0659	0.917682	0.141213	964.627
LLLFLLGTLLTYLLTTLLILI	LLLWLLGTLLTYLLTTLLILI	-19.0583	-20.5206	0.148778	0.890414	960.005
LLLWLLGTLLTYLLTTLLILI	LLLWLLGTLLTTLLTTLLILI	-21.2698	-20.7642	0.141213	0.917682	954.846
LLLWLLGTLLTTLLTTLLILI	LLLWLLGTLLTTLLTYLLILI	-20.7642	-18.4801	0.917682	0.141213	949.095
LLLWLLGTLLTTLLTYLLILI	LLLWLLGTLLTSLLTYLLILI	-17.6203	-15.8771	1.001	0.120637	942.693
LLLWLLGTLLTSLLTYLLILI	LLLWLLTTLLTSLLTYLLILI	-15.8927	-16.7964	0.105025	1.07549	935.578
LLLWLLTTLLTSLLTYLLILI	LLLWLLTTLLTALLTYLLILI	-17.2297	-16.9765	0.642213	0.244161	927.683
LLLWLLTTLLTALLTYLLILI	LLLILLTTLLTALLTYLLILI	-16.5394	-16.2577	0.681272	0.225173	918.939
LLLILLTTLLTALLTYLLILI	LLLWLLTTLLTALLTYLLILI	-16.2577	-16.5394	0.225173	0.681272	909.276
LLLWLLTTLLTALLTYLLILI	LLLWLLTTLLTTLLTYLLILI	-17.1684	-18.0414	0.0522692	1.46278	898.621
LLLWLLTTLLTTLLTYLLILI	LLLWLLGTLLTTLLTYLLILI	-18.3161	-18.5358	1.18802	0.0854581	886.903
LLLWLLGTLLTTLLTYLLILI	LLLWLLGTLLATLLTYLLILI	-17.2782	-14.0693	1.34306	0.064646	874.051
LLLWLLGTLLATLLTYLLILI	LLLWLLGTLLTTLLTYLLILI	-14.0693	-15.6485	0.064646	1.34306	859.999
LLLWLLGTLLTTLLTYLLILI	LLLWLLGTLLTSLLTYLLILI	-15.9905	-15.8771	1.001	0.120637	844.686
LLLWLLGTLLTSLLTYLLILI	LLLWLLGTLLTTLLTYLLILI	-15.8771	-17.6203	0.120637	1.001	828.061
LLLWLLGTLLTTLLTYLLILI	LLLWLLGTLLTTLLTTLLILI	-18.4801	-20.7642	0.141213	0.917682	810.083
LLLWLLGTLLTTLLTTLLILI	LLLWLLGTLLTTLLTFLLILI	-20.4203	-17.3348	1.26162	0.0748068	790.724
LLLWLLGTLLTTLLTFLLILI	LLLWLLGTLLTSLLTFLLILI	-16.4086	-15.2228	1.001	0.120637	769.974
LLLWLLGTLLTSLLTFLLILI	LLLWLLGTLLTSLLTTLLILI	-15.2513	-18.3664	0.0921195	1.14683	747.845
LLLWLLGTLLTSLLTTLLILI	LLLWLLTTLLTSLLTTLLILI	-19.4277	-20.8536	0.0854581	1.18802	724.369
LLLWLLTTLLTSLLTTLLILI	LLLWLLGTLLTSLLTTLLILI	-20.8536	-19.4277	1.18802	0.0854581	699.602
LLLWLLGTLLTSLLTTLLILI	LLLFLLGTLLTSLLTTLLILI	-18.6228	-17.139	0.890414	0.148778	673.628
LLLFLLGTLLTSLLTTLLILI	LLLWLLGTLLTSLLTTLLILI	-17.139	-18.6228	0.148778	0.890414	646.557
LLLWLLGTLLTSLLTTLLILI	LLLWLLTTLLTSLLTTLLILI	-19.4277	-20.7032	0.0854581	1.18802	618.524
LLLWLLTTLLTSLLTTLLILI	LLLWLLTTLLTSLLTYLLILI	-20.9735	-18.3849	0.917682	0.141213	589.688
LLLWLLTTLLTSLLTYLLILI	LLLWLLGTLLTSLLTYLLILI	-17.4506	-15.8927	1.07549	0.105025	560.23
LLLWLLGTLLTSLLTYLLILI	LLLWLLGTLLTTLLTYLLILI	-15.8771	-17.6203	0.120637	1.001	530.348
LLLWLLGTLLTTLLTYLLILI	LLLWLLGTLLTSLLTYLLILI	-17.6203	-15.8771	1.001	0.120637	470.152
LLLWLLGTLLTSLLTYLLILI	LLLWLLTTLLTSLLTYLLILI	-15.8927	-15.5107	0.105025	1.07549	440.27
LLLWLLTTLLTSLLTYLLILI	LLLILLTTLLTSLLTYLLILI	-15.905	-16.8635	0.681272	0.225173	410.812
LLLILLTTLLTSLLTYLLILI	LLLVLLTTLLTSLLTYLLILI	-16.4222	-16.4758	0.666466	0.232152	381.976
LLLVLLTTLLTSLLTYLLILI	LLLVLLTTLLTTLLTYLLILI	-16.6095	-16.4203	0.0983968	1.11086	353.943
LLLVLLTTLLTTLLTYLLILI	LLLVLLTTLLTTLLTTLLILI	-17.4112	-21.1601	0.119894	1.0043	326.872
LLLVLLTTLLTTLLTTLLILI	LLLILLTTLLTTLLTTLLILI	-21.9322	-23.6682	0.232152	0.666466	300.898
LLLILLTTLLTTLLTTLLILI	LLLILLTTLLATLLTTLLILI	-22.7724	-21.8971	1.56232	0.0438719	276.131
LLLILLTTLLATLLTTLLILI	LLLILLTTLLTTLLTTLLILI	-21.8971	-22.9833	0.0438719	1.56232	190.417
LLLILLTTLLTTLLTTLLILI	LLLILLTTLLTYLLTTLLILI	-23.5413	-23.4179	1.0043	0.119894	172.439
LLLILLTTLLTYLLTTLLILI	LLLILLTTLLTFLLTTLLILI	-22.8874	-23.401	0.650378	0.240035	155.814
LLLILLTTLLTFLLTTLLILI	LLLWLLTTLLTFLLTTLLILI	-23.4159	-22.5894	0.225173	0.681272	126.449
LLLWLLTTLLTFLLTTLLILI	LLLILLTTLLTFLLTTLLILI	-22.5894	-23.4159	0.681272	0.225173	113.597
LLLILLTTLLTFLLTTLLILI	LLLILLTTLLTYLLTTLLILI	-23.401	-23.6483	0.240035	0.650378	72.8169
Time: 291s
