***STARTING GEOMETRY:***
xShift: 8.04
crossingAngle: -38.98
axialRotation: -65.32
zShift: 0.69

Number of MCCycles: 200
PrevSequence	CurrSequence	PrevEnergy	CurrEnergy	PrevEntropy	CurrEntropy	CurrentTemp
LLLWTLLTTLLGTLLGTLILI	LLLWTLLVTLLGTLLGTLILI	-9.51506	-7.87002	1.39457	0.0589809	999.847
LLLWTLLVTLLGTLLGTLILI	LLLWTLLVYLLGTLLGTLILI	-7.11281	-8.26571	0.816184	0.171816	999.684
LLLWTLLVYLLGTLLGTLILI	LLLWTLLTYLLGTLLGTLILI	-8.36467	-9.04306	0.0728516	1.27634	999.512
LLLWTLLTYLLGTLLGTLILI	LLLWTLLTYLLGYLLGTLILI	-9.78056	-9.92503	0.538845	0.30482	999.328
LLLWTLLTYLLGYLLGTLILI	LLLWTLLTFLLGYLLGTLILI	-9.27707	-8.22788	0.952787	0.132101	999.134
LLLWTLLTFLLGYLLGTLILI	LLLWTLLVFLLGYLLGTLILI	-7.23153	-6.30345	1.12845	0.0952708	998.928
LLLWTLLVFLLGYLLGTLILI	LLLWTLLTFLLGYLLGTLILI	-6.30345	-7.23153	0.0952708	1.12845	998.708
LLLWTLLTFLLGYLLGTLILI	LLLWTLLVFLLGYLLGTLILI	-7.23153	-6.30345	1.12845	0.0952708	998.476
LLLWTLLVFLLGYLLGTLILI	LLLWTLLVFLLGYLLGWLILI	-6.18937	-4.3746	0.209355	0.716965	998.229
LLLWTLLVFLLGYLLGWLILI	LLLWTLLVFLLGTLLGWLILI	-4.78675	-4.86922	0.30482	0.538845	997.967
LLLWTLLVFLLGTLLGWLILI	LLLWTLLVFLLGYLLGWLILI	-4.86922	-4.78675	0.538845	0.30482	997.689
LLLWTLLVFLLGYLLGWLILI	LLLWTLLTFLLGYLLGWLILI	-4.95385	-6.47553	0.137712	0.930859	997.394
LLLWTLLTFLLGYLLGWLILI	LLLWTLLTYLLGYLLGWLILI	-7.27429	-7.97245	0.132101	0.952787	997.081
LLLWTLLTYLLGYLLGWLILI	LLLYTLLTYLLGYLLGWLILI	-8.46751	-7.63823	0.457728	0.366471	996.749
LLLYTLLTYLLGYLLGWLILI	LLLYTLLTTLLGYLLGWLILI	-7.49966	-7.73537	0.505042	0.328724	996.397
LLLYTLLTTLLGYLLGWLILI	LLLWTLLTTLLGYLLGWLILI	-7.79652	-8.24179	0.267575	0.598868	996.023
LLLWTLLTTLLGYLLGWLILI	LLLWTLLTTLLGFLLGWLILI	-8.19028	-7.92606	0.650378	0.240035	995.626
LLLWTLLTTLLGFLLGWLILI	LLLWTLLTYLLGFLLGWLILI	-7.47249	-8.06192	0.693609	0.219549	995.205
LLLWTLLTYLLGFLLGWLILI	LLLWTLLVYLLGFLLGWLILI	-7.35061	-6.30377	0.930859	0.137712	994.758
LLLWTLLVYLLGFLLGWLILI	LLLWTLLVYLLGTLLGWLILI	-6.26966	-7.04546	0.171816	0.816184	994.285
LLLWTLLVYLLGTLLGWLILI	LLLWTLLVYLLGTLLGTLILI	-7.30252	-8.14598	0.559121	0.291546	993.782
LLLWTLLVYLLGTLLGTLILI	LLLWTLLTYLLGTLLGTLILI	-8.36467	-9.04383	0.0728516	1.27634	993.249
LLLWTLLTYLLGTLLGTLILI	LLLWTLLTYLLGTLLGYLILI	-9.78133	-9.52073	0.538845	0.30482	992.683
LLLWTLLTYLLGTLLGYLILI	LLLWTLLVYLLGTLLGYLILI	-8.69709	-7.849	1.12845	0.0952708	992.084
LLLWTLLVYLLGTLLGYLILI	LLLWTLLTYLLGTLLGYLILI	-7.849	-8.69709	0.0952708	1.12845	991.448
LLLWTLLTYLLGTLLGYLILI	LLLWTLLTYLLGTLLGTLILI	-9.52073	-9.78133	0.30482	0.538845	990.773
LLLWTLLTYLLGTLLGTLILI	LLLYTLLTYLLGTLLGTLILI	-9.94804	-8.91891	0.372136	0.451187	990.058
LLLYTLLTYLLGTLLGTLILI	LLLWTLLTYLLGTLLGTLILI	-8.91891	-9.94727	0.451187	0.372136	989.3
LLLWTLLTYLLGTLLGTLILI	LLLWTLLTYLLGFLLGTLILI	-9.17258	-8.97436	1.14683	0.0921195	988.496
LLLWTLLTYLLGFLLGTLILI	LLLWTLLTYLLGFLLGFLILI	-8.37287	-7.84683	0.693609	0.219549	987.644
LLLWTLLTYLLGFLLGFLILI	LLLWTLLTYLLGFLLGTLILI	-7.84683	-8.37287	0.219549	0.693609	986.74
LLLWTLLTYLLGFLLGTLILI	LLLWTLLVYLLGFLLGTLILI	-7.93803	-7.13139	1.12845	0.0952708	985.783
LLLWTLLVYLLGFLLGTLILI	LLLWTLLVYLLGFLLGYLILI	-6.89793	-5.94796	0.328724	0.505042	984.769
LLLWTLLVYLLGFLLGYLILI	LLLWTLLVTLLGFLLGYLILI	-5.94796	-5.64028	0.505042	0.328724	983.694
LLLWTLLVTLLGFLLGYLILI	LLLWTLLVTLLGFLLGTLILI	-5.74945	-5.79322	0.219549	0.693609	982.555
LLLWTLLVTLLGFLLGTLILI	LLLWTLLTTLLGFLLGTLILI	-6.41398	-8.21855	0.0728516	1.27634	981.348
LLLWTLLTTLLGFLLGTLILI	LLLYTLLTTLLGFLLGTLILI	-8.89602	-7.77572	0.598868	0.267575	980.071
LLLYTLLTTLLGFLLGTLILI	LLLWTLLTTLLGFLLGTLILI	-7.77572	-8.23506	0.267575	0.598868	978.717
LLLWTLLTTLLGFLLGTLILI	LLLWTLLTTLLGYLLGTLILI	-8.59389	-9.46759	0.240035	0.650378	977.285
LLLWTLLTTLLGYLLGTLILI	LLLWTLLTYLLGYLLGTLILI	-9.57912	-9.92427	0.538845	0.30482	975.768
LLLWTLLTYLLGYLLGTLILI	LLLYTLLTYLLGYLLGTLILI	-9.95704	-8.71819	0.272043	0.591129	974.162
LLLYTLLTYLLGYLLGTLILI	LLLYTLLTYLLGTLLGTLILI	-8.89597	-8.96275	0.413356	0.407346	972.463
LLLYTLLTYLLGTLLGTLILI	LLLYTLLTTLLGTLLGTLILI	-9.11495	-8.87199	0.255144	0.62127	970.666
LLLYTLLTTLLGTLLGTLILI	LLLYTLLTTLLGTLLGYLILI	-8.87199	-8.73275	0.62127	0.255144	968.764
LLLYTLLTTLLGTLLGYLILI	LLLYTLLTTLLGTLLGTLILI	-8.73275	-8.87199	0.255144	0.62127	966.754
LLLYTLLTTLLGTLLGTLILI	LLLYTLLTTLLGYLLGTLILI	-8.87199	-9.08536	0.62127	0.255144	964.627
LLLYTLLTTLLGYLLGTLILI	LLLYTLLVTLLGYLLGTLILI	-8.06417	-7.26552	1.27634	0.0728516	962.38
LLLYTLLVTLLGYLLGTLILI	LLLYTLLVTLLGTLLGTLILI	-7.03355	-6.95016	0.30482	0.538845	960.005
LLLYTLLVTLLGTLLGTLILI	LLLYTLLVTLLGTLLGYLILI	-6.95016	-6.67858	0.538845	0.30482	957.496
LLLYTLLVTLLGTLLGYLILI	LLLYTLLVTLLGFLLGYLILI	-5.9791	-5.4083	1.0043	0.119894	954.846
LLLYTLLVTLLGFLLGYLILI	LLLYTLLVYLLGFLLGYLILI	-5.29016	-5.18193	0.238039	0.654392	952.048
LLLYTLLVYLLGFLLGYLILI	LLLYTLLTYLLGFLLGYLILI	-5.69861	-6.44656	0.137712	0.930859	949.095
LLLYTLLTYLLGFLLGYLILI	LLLYTLLTYLLGTLLGYLILI	-7.25752	-7.87264	0.119894	1.0043	945.979
LLLYTLLTYLLGTLLGYLILI	LLLWTLLTYLLGTLLGYLILI	-8.28581	-6.23135	0.591129	0.272043	942.693
LLLWTLLTYLLGTLLGYLILI	LLLWTLLVYLLGTLLGYLILI	-5.37494	-7.849	1.12845	0.0952708	939.229
LLLWTLLVYLLGTLLGYLILI	LLLWTLLVYLLGFLLGYLILI	-7.12808	-6.28119	0.816184	0.171816	935.578
LLLWTLLVYLLGFLLGYLILI	LLLYTLLVYLLGFLLGYLILI	-6.18096	-5.24519	0.272043	0.591129	931.732
LLLYTLLVYLLGFLLGYLILI	LLLWTLLVYLLGFLLGYLILI	-5.24519	-6.18096	0.591129	0.272043	927.683
LLLWTLLVYLLGFLLGYLILI	LLLWTLLVYLLGTLLGYLILI	-6.28119	-7.12808	0.171816	0.816184	918.939
LLLWTLLVYLLGTLLGYLILI	LLLYTLLVYLLGTLLGYLILI	-7.67222	-6.73712	0.272043	0.591129	914.227
LLLYTLLVYLLGTLLGYLILI	LLLYTLLVTLLGTLLGYLILI	-6.82321	-6.65467	0.505042	0.328724	909.276
LLLYTLLVTLLGTLLGYLILI	LLLYTLLVTLLGFLLGYLILI	-5.9791	-5.4083	1.0043	0.119894	904.077
LLLYTLLVTLLGFLLGYLILI	LLLYTLLVTLLGFLLGTLILI	-5.14886	-5.60297	0.379341	0.443059	898.621
LLLYTLLVTLLGFLLGTLILI	LLLWTLLVTLLGFLLGTLILI	-5.77846	-5.88797	0.267575	0.598868	892.899
LLLWTLLVTLLGFLLGTLILI	LLLWTLLVTLLGYLLGTLILI	-6.2468	-7.13047	0.240035	0.650378	886.903
LLLWTLLVTLLGYLLGTLILI	LLLWTLLVTLLGTLLGTLILI	-7.60903	-7.11281	0.171816	0.816184	880.623
LLLWTLLVTLLGTLLGTLILI	LLLWTLLVTLLGTLLGYLILI	-7.11281	-7.25172	0.816184	0.171816	874.051
LLLWTLLVTLLGTLLGYLILI	LLLWTLLVTLLGYLLGYLILI	-6.98048	-5.88685	0.443059	0.379341	867.179
LLLWTLLVTLLGYLLGYLILI	LLLWTLLVTLLGTLLGYLILI	-5.88685	-6.98048	0.379341	0.443059	859.999
LLLWTLLVTLLGTLLGYLILI	LLLWTLLVYLLGTLLGYLILI	-6.98048	-7.56493	0.443059	0.379341	852.504
LLLWTLLVYLLGTLLGYLILI	LLLWTLLVYLLGTLLGTLILI	-7.56493	-7.99446	0.379341	0.443059	844.686
LLLWTLLVYLLGTLLGTLILI	LLLWTLLVYLLGTLLGYLILI	-7.99446	-7.56493	0.443059	0.379341	836.541
LLLWTLLVYLLGTLLGYLILI	LLLWTLLVYLLGTLLGTLILI	-7.56493	-7.99446	0.379341	0.443059	828.061
LLLWTLLVYLLGTLLGTLILI	LLLWTLLVYLLGYLLGTLILI	-7.99446	-8.00608	0.443059	0.379341	819.243
LLLWTLLVYLLGYLLGTLILI	LLLWTLLVYLLGTLLGTLILI	-8.00608	-7.99446	0.379341	0.443059	810.083
LLLWTLLVYLLGTLLGTLILI	LLLWTLLVYLLGTLLGYLILI	-7.99446	-7.56493	0.443059	0.379341	800.577
LLLWTLLVYLLGTLLGYLILI	LLLWTLLVYLLGFLLGYLILI	-7.12808	-6.28119	0.816184	0.171816	790.724
LLLWTLLVYLLGFLLGYLILI	LLLWTLLVYLLGFLLGTLILI	-5.94796	-6.89793	0.505042	0.328724	780.523
LLLWTLLVYLLGFLLGTLILI	LLLWTLLTYLLGFLLGTLILI	-7.13139	-7.93803	0.0952708	1.12845	769.974
LLLWTLLTYLLGFLLGTLILI	LLLWTLLTTLLGFLLGTLILI	-8.89467	-8.01865	0.171816	0.816184	759.081
LLLWTLLTTLLGFLLGTLILI	LLLWTLLTTLLGFLLGYLILI	-8.01865	-8.14541	0.816184	0.171816	747.845
LLLWTLLTTLLGFLLGYLILI	LLLWTLLTFLLGFLLGYLILI	-7.62362	-7.03701	0.693609	0.219549	736.272
LLLWTLLTFLLGFLLGYLILI	LLLWTLLTYLLGFLLGYLILI	-7.01653	-7.66555	0.240035	0.650378	724.369
LLLWTLLTYLLGFLLGYLILI	LLLWTLLTYLLGTLLGYLILI	-8.19603	-8.82048	0.119894	1.0043	712.142
LLLWTLLTYLLGTLLGYLILI	LLLWTLLTTLLGTLLGYLILI	-9.51996	-9.25051	0.30482	0.538845	699.602
LLLWTLLTTLLGTLLGYLILI	LLLWTLLTTLLGTLLGTLILI	-9.64814	-9.3785	0.141213	0.917682	686.76
LLLWTLLTTLLGTLLGTLILI	LLLWTLLTTLLGFLLGTLILI	-9.03457	-9.42008	1.26162	0.0748068	673.628
LLLWTLLTTLLGFLLGTLILI	LLLWTLLTTLLGYLLGTLILI	-9.25485	-9.46759	0.240035	0.650378	660.222
LLLWTLLTTLLGYLLGTLILI	LLLWTLLTTLLGTLLGTLILI	-9.97675	-9.3785	0.141213	0.917682	646.557
LLLWTLLTTLLGTLLGTLILI	LLLWTLLTTLLGTLLGYLILI	-9.3785	-9.64814	0.917682	0.141213	632.651
LLLWTLLTTLLGTLLGYLILI	LLLWTLLVTLLGTLLGYLILI	-8.51301	-7.35068	1.27634	0.0728516	618.524
LLLWTLLVTLLGTLLGYLILI	LLLWTLLTTLLGTLLGYLILI	-7.35068	-8.51211	0.0728516	1.27634	604.196
LLLWTLLTTLLGTLLGYLILI	LLLWTLLTTLLGTLLGTLILI	-9.64723	-9.3785	0.141213	0.917682	589.688
LLLWTLLTTLLGTLLGTLILI	LLLWTLLTFLLGTLLGTLILI	-9.03457	-8.0599	1.26162	0.0748068	575.025
LLLWTLLTFLLGTLLGTLILI	LLLYTLLTFLLGTLLGTLILI	-7.53584	-7.79277	0.598868	0.267575	560.23
LLLYTLLTFLLGTLLGTLILI	LLLYTLLTFLLGYLLGTLILI	-7.5215	-8.15926	0.538845	0.30482	545.329
LLLYTLLTFLLGYLLGTLILI	LLLYTLLTTLLGYLLGTLILI	-8.37196	-8.19368	0.0921195	1.14683	530.348
LLLYTLLTTLLGYLLGTLILI	LLLWTLLTTLLGYLLGTLILI	-8.88932	-9.74583	0.451187	0.372136	515.312
LLLWTLLTTLLGYLLGTLILI	LLLWTLLTTLLGYLLGWLILI	-9.75426	-8.37968	0.363705	0.460972	500.25
LLLWTLLTTLLGYLLGWLILI	LLLWTLLTYLLGYLLGWLILI	-8.3976	-8.54589	0.443059	0.379341	485.188
LLLWTLLTYLLGYLLGWLILI	LLLWTLLTYLLGYLLGTLILI	-8.36611	-9.93754	0.559121	0.291546	470.152
LLLWTLLTYLLGYLLGTLILI	LLLWTLLTYLLGYLLGWLILI	-9.93754	-8.36535	0.291546	0.559121	455.171
LLLWTLLTYLLGYLLGWLILI	LLLWTLLTYLLGYLLGTLILI	-8.36535	-9.93831	0.559121	0.291546	425.475
LLLWTLLTYLLGYLLGTLILI	LLLWTLLVYLLGYLLGTLILI	-9.1014	-8.29015	1.12845	0.0952708	410.812
LLLWTLLVYLLGYLLGTLILI	LLLWTLLTYLLGYLLGTLILI	-8.29015	-9.10063	0.0952708	1.12845	396.304
LLLWTLLTYLLGYLLGTLILI	LLLWTLLTFLLGYLLGTLILI	-9.2763	-8.56608	0.952787	0.132101	367.849
LLLWTLLTFLLGYLLGTLILI	LLLWTLLTFLLGTLLGTLILI	-8.52637	-7.31852	0.171816	0.816184	353.943
LLLWTLLTFLLGTLLGTLILI	LLLYTLLTFLLGTLLGTLILI	-7.53584	-7.79277	0.598868	0.267575	340.278
LLLYTLLTFLLGTLLGTLILI	LLLYTLLTFLLGYLLGTLILI	-7.5215	-8.15926	0.538845	0.30482	326.872
LLLYTLLTFLLGYLLGTLILI	LLLYTLLTTLLGYLLGTLILI	-8.37196	-8.19368	0.0921195	1.14683	313.74
LLLYTLLTTLLGYLLGTLILI	LLLYTLLTYLLGYLLGTLILI	-8.93316	-8.89597	0.407346	0.413356	300.898
LLLYTLLTYLLGYLLGTLILI	LLLWTLLTYLLGYLLGTLILI	-8.71819	-9.95704	0.591129	0.272043	288.358
LLLWTLLTYLLGYLLGTLILI	LLLWTLLTYLLGTLLGTLILI	-9.92427	-9.78133	0.30482	0.538845	276.131
LLLWTLLTYLLGTLLGTLILI	LLLWTLLVYLLGTLLGTLILI	-9.04383	-8.36467	1.27634	0.0728516	264.228
LLLWTLLVYLLGTLLGTLILI	LLLWTLLVYLLGYLLGTLILI	-7.99446	-8.00608	0.443059	0.379341	252.655
LLLWTLLVYLLGYLLGTLILI	LLLWTLLVYLLGTLLGTLILI	-8.00608	-7.99446	0.379341	0.443059	241.419
LLLWTLLVYLLGTLLGTLILI	LLLWTLLVYLLGYLLGTLILI	-7.99446	-8.00608	0.443059	0.379341	230.526
LLLWTLLVYLLGYLLGTLILI	LLLYTLLVYLLGYLLGTLILI	-8.11337	-7.17518	0.272043	0.591129	219.977
LLLYTLLVYLLGYLLGTLILI	LLLYTLLVYLLGTLLGTLILI	-7.26126	-7.49293	0.505042	0.328724	209.776
LLLYTLLVYLLGTLLGTLILI	LLLYTLLVYLLGYLLGTLILI	-7.49293	-7.26126	0.328724	0.505042	199.923
LLLYTLLVYLLGYLLGTLILI	LLLWTLLVYLLGYLLGTLILI	-7.17518	-8.11337	0.591129	0.272043	190.417
LLLWTLLVYLLGYLLGTLILI	LLLWTLLTYLLGYLLGTLILI	-8.29015	-9.1014	0.0952708	1.12845	172.439
LLLWTLLTYLLGYLLGTLILI	LLLWTLLTTLLGYLLGTLILI	-9.92503	-9.57822	0.30482	0.538845	163.959
LLLWTLLTTLLGYLLGTLILI	LLLYTLLTTLLGYLLGTLILI	-9.74493	-8.88932	0.372136	0.451187	140.501
LLLYTLLTTLLGYLLGTLILI	LLLWTLLTTLLGYLLGTLILI	-8.88932	-9.74493	0.451187	0.372136	133.321
LLLWTLLTTLLGYLLGTLILI	LLLWTLLTTLLGTLLGTLILI	-9.97585	-10.0264	0.141213	0.917682	126.449
LLLWTLLTTLLGTLLGTLILI	LLLWTLLTTLLGTLLGYLILI	-10.0264	-9.64814	0.917682	0.141213	119.877
LLLWTLLTTLLGTLLGYLILI	LLLWTLLTYLLGTLLGYLILI	-9.25051	-9.52073	0.538845	0.30482	107.601
LLLWTLLTYLLGTLLGYLILI	LLLWTLLTTLLGTLLGYLILI	-9.52073	-9.2496	0.30482	0.538845	96.4228
LLLWTLLTTLLGTLLGYLILI	LLLWTLLTTLLGTLLGTLILI	-9.64723	-10.0264	0.141213	0.917682	81.5606
LLLWTLLTTLLGTLLGTLILI	LLLWTLLTTLLGYLLGTLILI	-10.0264	-9.97675	0.917682	0.141213	72.8169
LLLWTLLTTLLGYLLGTLILI	LLLWTLLTYLLGYLLGTLILI	-9.57912	-9.92503	0.538845	0.30482	61.271
LLLWTLLTYLLGYLLGTLILI	LLLWTLLTYLLGTLLGTLILI	-9.92503	-10.1583	0.30482	0.538845	45.6541
LLLWTLLTYLLGTLLGTLILI	LLLWTLLTYLLGYLLGTLILI	-10.1583	-10.3365	0.538845	0.30482	4.47717
Time: 336s
