***STARTING GEOMETRY:***
xShift: 8.33857
crossingAngle: -40.7161
axialRotation: 33.6635
zShift: 2.96294

Number of MCCycles: 100
PrevSequence	CurrSequence	PrevEnergy	CurrEnergy	PrevEntropy	CurrEntropy	CurrentTemp
LLLWLLGTLLATLLATLLILI	LLLWLLTTLLATLLATLLILI	-14.0274	-21.2474	0.105025	1.07549	999.684
LLLWLLTTLLATLLATLLILI	LLLWLLGTLLATLLATLLILI	-21.2474	-18.6519	1.07549	0.105025	999.328
LLLWLLGTLLATLLATLLILI	LLLWLLTTLLATLLATLLILI	-18.6519	-21.2474	0.105025	1.07549	998.928
LLLWLLTTLLATLLATLLILI	LLLALLTTLLATLLATLLILI	-21.7343	-19.7366	0.588527	0.273566	998.476
LLLALLTTLLATLLATLLILI	LLLALLTTLLAYLLATLLILI	-19.194	-19.4647	0.816184	0.171816	997.967
LLLALLTTLLAYLLATLLILI	LLLWLLTTLLAYLLATLLILI	-19.3629	-21.3234	0.273566	0.588527	997.394
LLLWLLTTLLAYLLATLLILI	LLLWLLGTLLAYLLATLLILI	-20.9755	-17.5818	0.936418	0.136265	996.749
LLLWLLGTLLAYLLATLLILI	LLLWLLTTLLAYLLATLLILI	-17.5818	-20.9755	0.136265	0.936418	996.023
LLLWLLTTLLAYLLATLLILI	LLLWLLTTLLGYLLATLLILI	-21.4482	-20.2967	0.463748	0.36136	995.205
LLLWLLTTLLGYLLATLLILI	LLLWLLTTLLGWLLATLLILI	-20.5093	-18.9767	0.148778	0.890414	994.285
LLLWLLTTLLGWLLATLLILI	LLLWLLGTLLGWLLATLLILI	-19.2304	-16.1407	0.636769	0.246959	993.249
LLLWLLGTLLGWLLATLLILI	LLLWLLTTLLGWLLATLLILI	-16.1407	-19.2304	0.246959	0.636769	992.084
LLLWLLTTLLGWLLATLLILI	LLLWLLTTLLGYLLATLLILI	-18.9767	-20.5093	0.890414	0.148778	990.773
LLLWLLTTLLGYLLATLLILI	LLLALLTTLLGYLLATLLILI	-19.9075	-18.239	0.750628	0.195632	989.3
LLLALLTTLLGYLLATLLILI	LLLALLTTLLGWLLATLLILI	-18.1671	-16.9537	0.267575	0.598868	987.644
LLLALLTTLLGWLLATLLILI	LLLALLTTLLGWLLTTLLILI	-17.4297	-13.627	0.122923	0.990994	985.783
LLLALLTTLLGWLLTTLLILI	LLLALLTTLLGWLLSTLLILI	-13.617	-13.5351	1.001	0.120637	983.694
LLLALLTTLLGWLLSTLLILI	LLLALLTTLLGYLLSTLLILI	-13.0569	-16.9512	0.598868	0.267575	981.348
LLLALLTTLLGYLLSTLLILI	LLLALLTTLLGYLLATLLILI	-16.8145	-16.4642	0.404229	0.416521	978.717
LLLALLTTLLGYLLATLLILI	LLLALLTTLLGYLLSTLLILI	-16.4642	-16.8145	0.416521	0.404229	975.768
LLLALLTTLLGYLLSTLLILI	LLLWLLTTLLGYLLSTLLILI	-17.1129	-18.3783	0.105861	1.0712	972.463
LLLWLLTTLLGYLLSTLLILI	LLLALLTTLLGYLLSTLLILI	-18.3783	-17.1129	1.0712	0.105861	968.764
LLLALLTTLLGYLLSTLLILI	LLLWLLTTLLGYLLSTLLILI	-17.1129	-18.3783	0.105861	1.0712	964.627
LLLWLLTTLLGYLLSTLLILI	LLLWLLTTLLAYLLSTLLILI	-18.8654	-23.2068	0.584123	0.276169	960.005
LLLWLLTTLLAYLLSTLLILI	LLLWLLTTLLGYLLSTLLILI	-23.2068	-18.8654	0.276169	0.584123	954.846
LLLWLLTTLLGYLLSTLLILI	LLLWLLTTLLGYLLATLLILI	-18.8073	-18.8673	0.642213	0.244161	942.693
LLLWLLTTLLGYLLATLLILI	LLLWLLTTLLGYLLSTLLILI	-18.8673	-18.8073	0.244161	0.642213	935.578
LLLWLLTTLLGYLLSTLLILI	LLLWLLTTLLGYLLATLLILI	-18.8073	-18.8673	0.642213	0.244161	927.683
LLLWLLTTLLGYLLATLLILI	LLLWLLTTLLAYLLATLLILI	-18.7501	-22.553	0.36136	0.463748	918.939
LLLWLLTTLLAYLLATLLILI	LLLWLLGTLLAYLLATLLILI	-22.0804	-19.4092	0.936418	0.136265	909.276
LLLWLLGTLLAYLLATLLILI	LLLWLLTTLLAYLLATLLILI	-19.4092	-22.0804	0.136265	0.936418	898.621
LLLWLLTTLLAYLLATLLILI	LLLWLLTTLLAYLLAVLLILI	-21.8883	-19.0546	1.12845	0.0952708	886.903
LLLWLLTTLLAYLLAVLLILI	LLLWLLTTLLAYLLSVLLILI	-18.7334	-19.2025	0.416521	0.404229	874.051
LLLWLLTTLLAYLLSVLLILI	LLLWLLGTLLAYLLSVLLILI	-18.8524	-15.9413	0.754313	0.194196	859.999
LLLWLLGTLLAYLLSVLLILI	LLLWLLTTLLAYLLSVLLILI	-15.9413	-18.8524	0.194196	0.754313	844.686
LLLWLLTTLLAYLLSVLLILI	LLLWLLTTLLAYLLSTLLILI	-19.5115	-22.3545	0.0952708	1.12845	828.061
LLLWLLTTLLAYLLSTLLILI	LLLWLLTTLLAYLLATLLILI	-23.0788	-22.6003	0.404229	0.416521	810.083
LLLWLLTTLLAYLLATLLILI	LLLWLLTTLLAFLLATLLILI	-22.3664	-19.7901	0.650378	0.240035	790.724
LLLWLLTTLLAFLLATLLILI	LLLWLLTTLLAFLLSTLLILI	-19.6136	-20.0717	0.416521	0.404229	769.974
LLLWLLTTLLAFLLSTLLILI	LLLALLTTLLAFLLSTLLILI	-19.7253	-18.0323	0.750628	0.195632	747.845
LLLALLTTLLAFLLSTLLILI	LLLWLLTTLLAFLLSTLLILI	-18.0323	-19.7253	0.195632	0.750628	724.369
LLLWLLTTLLAFLLSTLLILI	LLLALLTTLLAFLLSTLLILI	-19.7253	-18.0004	0.750628	0.195632	699.602
LLLALLTTLLAFLLSTLLILI	LLLALLTTLLAFLLSYLLILI	-17.5025	-15.1433	0.693609	0.219549	673.628
LLLALLTTLLAFLLSYLLILI	LLLWLLTTLLAFLLSYLLILI	-15.1672	-16.8594	0.195632	0.750628	646.557
LLLWLLTTLLAFLLSYLLILI	LLLWLLTTLLAFLLSTLLILI	-17.3904	-19.7824	0.219549	0.693609	618.524
LLLWLLTTLLAFLLSTLLILI	LLLWLLTTLLAFLLATLLILI	-20.0717	-19.6136	0.404229	0.416521	589.688
LLLWLLTTLLAFLLATLLILI	LLLWLLTTLLAYLLATLLILI	-19.7901	-22.3664	0.240035	0.650378	560.23
LLLWLLTTLLAYLLATLLILI	LLLWLLTTLLAYLLSTLLILI	-22.6003	-23.0788	0.416521	0.404229	500.25
LLLWLLTTLLAYLLSTLLILI	LLLWLLTTLLAYLLATLLILI	-23.0788	-22.6003	0.404229	0.416521	440.27
LLLWLLTTLLAYLLATLLILI	LLLWLLTTLLAYLLSTLLILI	-22.6003	-23.0788	0.416521	0.404229	410.812
LLLWLLTTLLAYLLSTLLILI	LLLWLLTTLLAYLLATLLILI	-23.0788	-22.6003	0.404229	0.416521	381.976
LLLWLLTTLLAYLLATLLILI	LLLWLLTTLLAYLLSTLLILI	-22.6003	-23.0788	0.416521	0.404229	353.943
LLLWLLTTLLAYLLSTLLILI	LLLWLLTTLLAYLLATLLILI	-23.0788	-22.6003	0.404229	0.416521	230.526
LLLWLLTTLLAYLLATLLILI	LLLWLLTTLLAYLLSTLLILI	-22.6003	-23.0788	0.416521	0.404229	209.776
LLLWLLTTLLAYLLSTLLILI	LLLWLLTTLLAYLLATLLILI	-23.0788	-22.6003	0.404229	0.416521	140.501
LLLWLLTTLLAYLLATLLILI	LLLWLLTTLLAYLLSTLLILI	-22.6003	-23.0788	0.416521	0.404229	72.8169
Time: 104s
