MCAccept 0 xShift: 9.01958 crossingAngle: -36.2962 axialRotation: -77.4262 zShift: 2.54054 energy: -0.548917
MCReject   xShift: 9.01958 crossingAngle: -36.2962 axialRotation: -77.5658 zShift: 2.54054 energy: 3.89372
MCReject   xShift: 9.01958 crossingAngle: -36.365 axialRotation: -77.4262 zShift: 2.54054 energy: 4.44643
MCAccept 1 xShift: 8.99242 crossingAngle: -36.2962 axialRotation: -77.4262 zShift: 2.54054 energy: -0.498168
MCReject   xShift: 8.99242 crossingAngle: -36.2962 axialRotation: -77.2979 zShift: 2.54054 energy: 2.07609
MCReject   xShift: 8.99187 crossingAngle: -36.2962 axialRotation: -77.4262 zShift: 2.54054 energy: 2.11452
MCAccept 2 xShift: 8.99242 crossingAngle: -36.4496 axialRotation: -77.4262 zShift: 2.54054 energy: -0.548917
MCReject   xShift: 8.99242 crossingAngle: -36.414 axialRotation: -77.4262 zShift: 2.54054 energy: -0.498168
MCReject   xShift: 8.99242 crossingAngle: -36.4496 axialRotation: -77.4262 zShift: 2.53473 energy: 1.2362
MCReject   xShift: 8.99242 crossingAngle: -36.5922 axialRotation: -77.4262 zShift: 2.54054 energy: 3.78287
MCReject   xShift: 8.99242 crossingAngle: -36.5767 axialRotation: -77.4262 zShift: 2.54054 energy: 2.06377
MCReject   xShift: 8.99242 crossingAngle: -36.587 axialRotation: -77.4262 zShift: 2.54054 energy: 2.02534
MCAccept 3 xShift: 8.99242 crossingAngle: -36.4496 axialRotation: -77.3881 zShift: 2.54054 energy: -0.498168
MCAccept 4 xShift: 8.99242 crossingAngle: -36.4496 axialRotation: -77.3881 zShift: 2.54751 energy: -0.49766
MCReject   xShift: 8.99242 crossingAngle: -36.4564 axialRotation: -77.3881 zShift: 2.54751 energy: 2.01668
MCReject   xShift: 8.99242 crossingAngle: -36.3696 axialRotation: -77.3881 zShift: 2.54751 energy: 2.01668
MCAccept 5 xShift: 9.00007 crossingAngle: -36.4496 axialRotation: -77.3881 zShift: 2.54751 energy: -0.548632
MCReject   xShift: 8.98575 crossingAngle: -36.4496 axialRotation: -77.3881 zShift: 2.54751 energy: -0.49766
MCReject   xShift: 9.00007 crossingAngle: -36.5485 axialRotation: -77.3881 zShift: 2.54751 energy: 2.06765
MCAccept 6 xShift: 9.00007 crossingAngle: -36.2616 axialRotation: -77.3881 zShift: 2.54751 energy: -0.548632
MCAccept 7 xShift: 9.00007 crossingAngle: -36.2616 axialRotation: -77.3668 zShift: 2.54751 energy: -1.47558
MCReject   xShift: 9.00007 crossingAngle: -36.2616 axialRotation: -77.3668 zShift: 2.54868 energy: -0.497517
MCReject   xShift: 8.99661 crossingAngle: -36.2616 axialRotation: -77.3668 zShift: 2.54751 energy: 2.01668
MCReject   xShift: 8.99442 crossingAngle: -36.2616 axialRotation: -77.3668 zShift: 2.54751 energy: -0.49766
MCReject   xShift: 9.00007 crossingAngle: -36.2616 axialRotation: -77.3668 zShift: 2.53533 energy: 2.08293
MCReject   xShift: 9.00007 crossingAngle: -36.2616 axialRotation: -77.3668 zShift: 2.52814 energy: 1.2142
MCReject   xShift: 9.00007 crossingAngle: -36.2616 axialRotation: -77.3666 zShift: 2.54751 energy: -0.49766
MCReject   xShift: 9.00007 crossingAngle: -36.2616 axialRotation: -77.3668 zShift: 2.54937 energy: -0.548457
MCReject   xShift: 9.00007 crossingAngle: -36.2616 axialRotation: -77.2563 zShift: 2.54751 energy: -0.49766
MCReject   xShift: 8.99629 crossingAngle: -36.2616 axialRotation: -77.3668 zShift: 2.54751 energy: -0.49766
MCReject   xShift: 9.00007 crossingAngle: -36.2616 axialRotation: -77.3668 zShift: 2.54979 energy: -0.548412
MCAccept 8 xShift: 9.00007 crossingAngle: -36.2616 axialRotation: -77.3943 zShift: 2.54751 energy: -1.42461
MCReject   xShift: 9.00007 crossingAngle: -36.2455 axialRotation: -77.3943 zShift: 2.54751 energy: -0.49766
MCReject   xShift: 9.00007 crossingAngle: -36.2616 axialRotation: -77.3943 zShift: 2.54379 energy: -0.548857
MCReject   xShift: 9.00007 crossingAngle: -36.2616 axialRotation: -77.3943 zShift: 2.55468 energy: -0.496526
MCReject   xShift: 9.00007 crossingAngle: -36.2616 axialRotation: -77.3943 zShift: 2.55101 energy: -0.497184
MCReject   xShift: 9.00007 crossingAngle: -36.2616 axialRotation: -77.2016 zShift: 2.54751 energy: -0.548632
MCReject   xShift: 8.9967 crossingAngle: -36.2616 axialRotation: -77.3943 zShift: 2.54751 energy: -0.548632
MCReject   xShift: 9.00007 crossingAngle: -36.2616 axialRotation: -77.0835 zShift: 2.54751 energy: -0.548632
MCReject   xShift: 9.00007 crossingAngle: -36.375 axialRotation: -77.3943 zShift: 2.54751 energy: 4.50326
MCReject   xShift: 9.00007 crossingAngle: -36.4866 axialRotation: -77.3943 zShift: 2.54751 energy: -0.49766
MCReject   xShift: 9.00007 crossingAngle: -36.2616 axialRotation: -77.1592 zShift: 2.54751 energy: -0.49766
MCAccept 9 xShift: 9.02054 crossingAngle: -36.2616 axialRotation: -77.3943 zShift: 2.54751 energy: -0.548632
MCReject   xShift: 9.02054 crossingAngle: -36.3056 axialRotation: -77.3943 zShift: 2.54751 energy: 1.32436
MCAccept 10 xShift: 9.02054 crossingAngle: -36.2111 axialRotation: -77.3943 zShift: 2.54751 energy: -0.548632
MCAccept 11 xShift: 9.02054 crossingAngle: -36.1612 axialRotation: -77.3943 zShift: 2.54751 energy: -0.49766
MCReject   xShift: 9.02054 crossingAngle: -35.9387 axialRotation: -77.3943 zShift: 2.54751 energy: 1.32006
MCReject   xShift: 9.02054 crossingAngle: -36.1612 axialRotation: -77.3342 zShift: 2.54751 energy: 3.14957
MCAccept 12 xShift: 9.02054 crossingAngle: -36.1612 axialRotation: -77.3943 zShift: 2.55433 energy: -0.547787
MCReject   xShift: 9.02054 crossingAngle: -36.095 axialRotation: -77.3943 zShift: 2.55433 energy: 2.00901
MCAccept 13 xShift: 9.00873 crossingAngle: -36.1612 axialRotation: -77.3943 zShift: 2.55433 energy: -0.547787
MCAccept 14 xShift: 9.00873 crossingAngle: -36.1612 axialRotation: -77.3943 zShift: 2.55673 energy: -0.547357
MCAccept 15 xShift: 9.00873 crossingAngle: -36.1373 axialRotation: -77.3943 zShift: 2.55673 energy: -0.547357
MCAccept 16 xShift: 9.00873 crossingAngle: -36.1373 axialRotation: -77.3943 zShift: 2.55522 energy: -0.496417
MCReject   xShift: 9.00873 crossingAngle: -36.0374 axialRotation: -77.3943 zShift: 2.55522 energy: 2.0465
MCAccept 17 xShift: 9.00873 crossingAngle: -36.0656 axialRotation: -77.3943 zShift: 2.55522 energy: -0.496417
MCAccept 18 xShift: 9.00873 crossingAngle: -36.0656 axialRotation: -77.0983 zShift: 2.55522 energy: -0.547636
MCAccept 19 xShift: 9.00873 crossingAngle: -36.0656 axialRotation: -77.1923 zShift: 2.55522 energy: -0.547636
MCAccept 20 xShift: 9.00873 crossingAngle: -36.0656 axialRotation: -77.1923 zShift: 2.55906 energy: -0.546872
MCReject   xShift: 9.01559 crossingAngle: -36.0656 axialRotation: -77.1923 zShift: 2.55906 energy: 3.73857
MCReject   xShift: 9.00873 crossingAngle: -36.0366 axialRotation: -77.1923 zShift: 2.55906 energy: 2.09392
MCReject   xShift: 9.00873 crossingAngle: -36.0656 axialRotation: -77.1923 zShift: 2.53571 energy: 1.23461
MCAccept 21 xShift: 9.00873 crossingAngle: -36.0656 axialRotation: -77.2465 zShift: 2.55906 energy: -0.546872
MCReject   xShift: 9.00873 crossingAngle: -36.0656 axialRotation: -77.2465 zShift: 2.56414 energy: -0.494085
MCAccept 22 xShift: 9.00763 crossingAngle: -36.0656 axialRotation: -77.2465 zShift: 2.55906 energy: -0.49553
MCAccept 23 xShift: 9.00763 crossingAngle: -36.1475 axialRotation: -77.2465 zShift: 2.55906 energy: -1.39173
MCReject   xShift: 9.00763 crossingAngle: -36.1475 axialRotation: -77.2465 zShift: 2.56316 energy: 2.09015
MCReject   xShift: 8.99462 crossingAngle: -36.1475 axialRotation: -77.2465 zShift: 2.55906 energy: -0.546872
MCAccept 24 xShift: 9.00763 crossingAngle: -36.1525 axialRotation: -77.2465 zShift: 2.55906 energy: -1.39173
MCAccept 25 xShift: 9.00763 crossingAngle: -36.1525 axialRotation: -77.2465 zShift: 2.56112 energy: -1.32512
MCReject   xShift: 9.00573 crossingAngle: -36.1525 axialRotation: -77.2465 zShift: 2.56112 energy: -0.54639
MCReject   xShift: 9.00763 crossingAngle: -36.1525 axialRotation: -77.2507 zShift: 2.56112 energy: -0.494981
MCReject   xShift: 9.00763 crossingAngle: -36.1525 axialRotation: -77.2465 zShift: 2.56767 energy: -0.492897
MCAccept 26 xShift: 9.00763 crossingAngle: -36.1525 axialRotation: -77.2657 zShift: 2.56112 energy: -1.32512
MCReject   xShift: 9.00763 crossingAngle: -36.1525 axialRotation: -77.1048 zShift: 2.56112 energy: -0.54639
MCAccept 27 xShift: 9.00763 crossingAngle: -36.2716 axialRotation: -77.2657 zShift: 2.56112 energy: -1.32512
MCAccept 28 xShift: 9.00763 crossingAngle: -36.2716 axialRotation: -77.2657 zShift: 2.55525 energy: -1.41967
MCReject   xShift: 9.00763 crossingAngle: -36.2716 axialRotation: -77.2657 zShift: 2.55529 energy: 2.05922
MCReject   xShift: 9.00763 crossingAngle: -36.2716 axialRotation: -77.0031 zShift: 2.55525 energy: 3.69623
MCReject   xShift: 9.00763 crossingAngle: -36.2716 axialRotation: -77.2657 zShift: 2.54992 energy: 2.05232
MCReject   xShift: 9.00122 crossingAngle: -36.2716 axialRotation: -77.2657 zShift: 2.55525 energy: -0.54763
MCReject   xShift: 8.99915 crossingAngle: -36.2716 axialRotation: -77.2657 zShift: 2.55525 energy: 3.69623
MCReject   xShift: 9.00763 crossingAngle: -36.2716 axialRotation: -77.2657 zShift: 2.56882 energy: -0.492478
MCReject   xShift: 9.00763 crossingAngle: -36.3847 axialRotation: -77.2657 zShift: 2.55525 energy: 2.05926
MCReject   xShift: 9.00763 crossingAngle: -36.2716 axialRotation: -77.2657 zShift: 2.55437 energy: -0.496588
MCReject   xShift: 9.00763 crossingAngle: -36.1353 axialRotation: -77.2657 zShift: 2.55525 energy: -0.496411
MCReject   xShift: 9.00194 crossingAngle: -36.2716 axialRotation: -77.2657 zShift: 2.55525 energy: -0.496411
MCReject   xShift: 9.00763 crossingAngle: -36.2716 axialRotation: -77.4608 zShift: 2.55525 energy: -0.496411
MCReject   xShift: 9.00548 crossingAngle: -36.2716 axialRotation: -77.2657 zShift: 2.55525 energy: 3.06895
MCReject   xShift: 8.98683 crossingAngle: -36.2716 axialRotation: -77.2657 zShift: 2.55525 energy: -0.496411
MCReject   xShift: 9.00763 crossingAngle: -36.0351 axialRotation: -77.2657 zShift: 2.55525 energy: -0.54763
MCReject   xShift: 9.00763 crossingAngle: -36.2208 axialRotation: -77.2657 zShift: 2.55525 energy: -0.496411
MCReject   xShift: 9.01408 crossingAngle: -36.2716 axialRotation: -77.2657 zShift: 2.55525 energy: -0.54763
MCReject   xShift: 9.00763 crossingAngle: -36.2716 axialRotation: -77.2657 zShift: 2.53846 energy: -0.548889
MCReject   xShift: 9.00763 crossingAngle: -36.2716 axialRotation: -77.2657 zShift: 2.54994 energy: -0.497345
MCReject   xShift: 9.00763 crossingAngle: -36.2716 axialRotation: -77.2837 zShift: 2.55525 energy: 3.14586
MCReject   xShift: 9.00763 crossingAngle: -36.2716 axialRotation: -77.0633 zShift: 2.55525 energy: 1.34295
MCReject   xShift: 9.02568 crossingAngle: -36.2716 axialRotation: -77.2657 zShift: 2.55525 energy: 1.29775
MCReject   xShift: 9.00763 crossingAngle: -36.2716 axialRotation: -77.3405 zShift: 2.55525 energy: -0.496411
MCReject   xShift: 9.00763 crossingAngle: -36.478 axialRotation: -77.2657 zShift: 2.55525 energy: 1.34295
MCReject   xShift: 9.00763 crossingAngle: -36.2716 axialRotation: -77.2523 zShift: 2.55525 energy: 2.04647
MCReject   xShift: 9.01336 crossingAngle: -36.2716 axialRotation: -77.2657 zShift: 2.55525 energy: 2.00804
MCReject   xShift: 9.00763 crossingAngle: -36.2255 axialRotation: -77.2657 zShift: 2.55525 energy: 2.09769
MCReject   xShift: 9.00763 crossingAngle: -36.3075 axialRotation: -77.2657 zShift: 2.55525 energy: -0.54763
MCReject   xShift: 9.00763 crossingAngle: -36.2716 axialRotation: -77.0902 zShift: 2.55525 energy: 1.29775
MCReject   xShift: 9.00763 crossingAngle: -36.2716 axialRotation: -77.2657 zShift: 2.55491 energy: 3.06683
MCReject   xShift: 9.00763 crossingAngle: -36.2716 axialRotation: -77.2657 zShift: 2.57222 energy: 1.33751
MCReject   xShift: 9.00763 crossingAngle: -36.2716 axialRotation: -77.2657 zShift: 2.56254 energy: -0.546027
MCReject   xShift: 8.98961 crossingAngle: -36.2716 axialRotation: -77.2657 zShift: 2.55525 energy: 4.53868
MCReject   xShift: 9.00763 crossingAngle: -36.2716 axialRotation: -77.1654 zShift: 2.55525 energy: 4.51161
MCReject   xShift: 9.00763 crossingAngle: -36.2716 axialRotation: -77.2657 zShift: 2.55416 energy: 3.06217
MCReject   xShift: 9.02831 crossingAngle: -36.2716 axialRotation: -77.2657 zShift: 2.55525 energy: 2.05926
MCReject   xShift: 9.00763 crossingAngle: -36.2716 axialRotation: -77.363 zShift: 2.55525 energy: -1.36845
MCReject   xShift: 9.00763 crossingAngle: -36.2716 axialRotation: -77.2657 zShift: 2.53953 energy: -0.54891
MCReject   xShift: 9.00763 crossingAngle: -36.2716 axialRotation: -77.2657 zShift: 2.54509 energy: -0.548798
MCReject   xShift: 9.00763 crossingAngle: -36.128 axialRotation: -77.2657 zShift: 2.55525 energy: -0.496411
MCAccept 29 xShift: 9.02819 crossingAngle: -36.2716 axialRotation: -77.2657 zShift: 2.55525 energy: -1.36845
MCAccept 30 xShift: 9.02819 crossingAngle: -36.2716 axialRotation: -77.2657 zShift: 2.57317 energy: -1.2407
MCReject   xShift: 9.02819 crossingAngle: -36.2716 axialRotation: -77.4336 zShift: 2.57317 energy: -0.542541
MCReject   xShift: 9.02819 crossingAngle: -36.2716 axialRotation: -77.2808 zShift: 2.57317 energy: 1.35974
MCReject   xShift: 9.02819 crossingAngle: -36.3208 axialRotation: -77.2657 zShift: 2.57317 energy: -0.490745
MCReject   xShift: 9.02819 crossingAngle: -36.2716 axialRotation: -77.1211 zShift: 2.57317 energy: 2.0437
MCReject   xShift: 9.0455 crossingAngle: -36.2716 axialRotation: -77.2657 zShift: 2.57317 energy: -0.490745
MCReject   xShift: 9.02819 crossingAngle: -36.2716 axialRotation: -77.2657 zShift: 2.58632 energy: -0.484122
MCReject   xShift: 9.02819 crossingAngle: -36.2238 axialRotation: -77.2657 zShift: 2.57317 energy: 1.39209
MCReject   xShift: 9.02819 crossingAngle: -36.2716 axialRotation: -77.2657 zShift: 2.5849 energy: -0.484943
MCReject   xShift: 9.02819 crossingAngle: -36.2716 axialRotation: -77.2657 zShift: 2.57841 energy: -0.488358
MCAccept 31 xShift: 9.02819 crossingAngle: -36.3559 axialRotation: -77.2657 zShift: 2.57317 energy: -1.2407
MCReject   xShift: 9.02819 crossingAngle: -36.2836 axialRotation: -77.2657 zShift: 2.57317 energy: -0.542541
MCReject   xShift: 9.02819 crossingAngle: -36.3559 axialRotation: -77.2657 zShift: 2.56856 energy: -0.544221
MCReject   xShift: 9.04425 crossingAngle: -36.3559 axialRotation: -77.2657 zShift: 2.57317 energy: -0.490745
MCReject   xShift: 9.04458 crossingAngle: -36.3559 axialRotation: -77.2657 zShift: 2.57317 energy: 2.03034
MCReject   xShift: 9.02819 crossingAngle: -36.3559 axialRotation: -77.1095 zShift: 2.57317 energy: -0.542541
MCAccept 32 xShift: 9.02819 crossingAngle: -36.3559 axialRotation: -77.2657 zShift: 2.5641 energy: -1.30287
MCReject   xShift: 9.02819 crossingAngle: -36.2169 axialRotation: -77.2657 zShift: 2.5641 energy: -0.545601
MCAccept 33 xShift: 9.02819 crossingAngle: -36.3559 axialRotation: -77.2657 zShift: 2.56785 energy: -1.32885
MCReject   xShift: 9.03254 crossingAngle: -36.3559 axialRotation: -77.2657 zShift: 2.56785 energy: 3.20219
MCReject   xShift: 9.0381 crossingAngle: -36.3559 axialRotation: -77.2657 zShift: 2.56785 energy: -0.544458
MCReject   xShift: 9.04374 crossingAngle: -36.3559 axialRotation: -77.2657 zShift: 2.56785 energy: -0.492834
MCReject   xShift: 9.02819 crossingAngle: -36.3559 axialRotation: -77.3749 zShift: 2.56785 energy: -0.544458
MCReject   xShift: 9.02819 crossingAngle: -36.3559 axialRotation: -77.2657 zShift: 2.56717 energy: -0.544677
MCReject   xShift: 9.02819 crossingAngle: -36.3559 axialRotation: -77.4944 zShift: 2.56785 energy: -0.492834
MCReject   xShift: 9.05263 crossingAngle: -36.3559 axialRotation: -77.2657 zShift: 2.56785 energy: -0.492834
MCReject   xShift: 9.02819 crossingAngle: -36.3559 axialRotation: -77.2657 zShift: 2.55124 energy: 2.10192
MCReject   xShift: 9.02337 crossingAngle: -36.3559 axialRotation: -77.2657 zShift: 2.56785 energy: -0.492834
MCReject   xShift: 9.01752 crossingAngle: -36.3559 axialRotation: -77.2657 zShift: 2.56785 energy: -0.544458
MCReject   xShift: 9.03278 crossingAngle: -36.3559 axialRotation: -77.2657 zShift: 2.56785 energy: 1.3405
MCReject   xShift: 9.02819 crossingAngle: -36.3559 axialRotation: -77.2657 zShift: 2.55851 energy: -0.495668
MCReject   xShift: 9.02819 crossingAngle: -36.3634 axialRotation: -77.2657 zShift: 2.56785 energy: -0.492834
MCReject   xShift: 9.02819 crossingAngle: -36.3559 axialRotation: -77.171 zShift: 2.56785 energy: 3.71858
MCReject   xShift: 9.02819 crossingAngle: -36.4521 axialRotation: -77.2657 zShift: 2.56785 energy: -0.544458
MCReject   xShift: 9.03806 crossingAngle: -36.3559 axialRotation: -77.2657 zShift: 2.56785 energy: -0.544458
MCReject   xShift: 9.02819 crossingAngle: -36.3559 axialRotation: -77.2657 zShift: 2.57834 energy: -0.488392
MCAccept 34 xShift: 9.02193 crossingAngle: -36.3559 axialRotation: -77.2657 zShift: 2.56785 energy: -1.27722
MCReject   xShift: 9.02193 crossingAngle: -36.3072 axialRotation: -77.2657 zShift: 2.56785 energy: 2.04776
MCReject   xShift: 9.02193 crossingAngle: -36.7193 axialRotation: -77.2657 zShift: 2.56785 energy: -0.492834
MCReject   xShift: 9.02193 crossingAngle: -36.3559 axialRotation: -77.1173 zShift: 2.56785 energy: -0.492834
MCReject   xShift: 9.02193 crossingAngle: -36.3559 axialRotation: -77.2657 zShift: 2.56585 energy: -0.493527
MCReject   xShift: 9.02193 crossingAngle: -36.3979 axialRotation: -77.2657 zShift: 2.56785 energy: -0.544458
MCReject   xShift: 9.02193 crossingAngle: -36.3559 axialRotation: -77.2657 zShift: 2.56762 energy: 1.99632
MCReject   xShift: 9.00997 crossingAngle: -36.3559 axialRotation: -77.2657 zShift: 2.56785 energy: 2.03456
MCReject   xShift: 9.02838 crossingAngle: -36.3559 axialRotation: -77.2657 zShift: 2.56785 energy: -0.492834
MCReject   xShift: 9.02193 crossingAngle: -36.5152 axialRotation: -77.2657 zShift: 2.56785 energy: -0.492834
MCReject   xShift: 9.02193 crossingAngle: -36.1669 axialRotation: -77.2657 zShift: 2.56785 energy: -0.544458
MCReject   xShift: 9.02393 crossingAngle: -36.3559 axialRotation: -77.2657 zShift: 2.56785 energy: -0.492834
MCReject   xShift: 9.02193 crossingAngle: -36.3559 axialRotation: -77.2657 zShift: 2.56627 energy: 2.03591
MCReject   xShift: 9.02193 crossingAngle: -36.2187 axialRotation: -77.2657 zShift: 2.56785 energy: -0.492834
MCAccept 35 xShift: 9.01621 crossingAngle: -36.3559 axialRotation: -77.2657 zShift: 2.56785 energy: -1.32885
MCReject   xShift: 9.01621 crossingAngle: -36.3559 axialRotation: -77.2657 zShift: 2.57297 energy: 2.08228
MCReject   xShift: 9.01621 crossingAngle: -36.3559 axialRotation: -77.2657 zShift: 2.58915 energy: -0.534739
MCReject   xShift: 9.01621 crossingAngle: -36.3559 axialRotation: -77.2863 zShift: 2.56785 energy: -0.544458
MCReject   xShift: 9.01621 crossingAngle: -36.326 axialRotation: -77.2657 zShift: 2.56785 energy: -0.492834
MCReject   xShift: 9.01621 crossingAngle: -36.3559 axialRotation: -77.2496 zShift: 2.56785 energy: -0.544458
MCReject   xShift: 9.01621 crossingAngle: -36.3559 axialRotation: -77.2657 zShift: 2.55028 energy: -0.548356
MCReject   xShift: 9.01621 crossingAngle: -36.3074 axialRotation: -77.2657 zShift: 2.56785 energy: 3.22771
MCReject   xShift: 9.01485 crossingAngle: -36.3559 axialRotation: -77.2657 zShift: 2.56785 energy: -0.544458
MCReject   xShift: 9.01621 crossingAngle: -36.2052 axialRotation: -77.2657 zShift: 2.56785 energy: -0.492834
MCReject   xShift: 9.01621 crossingAngle: -36.3559 axialRotation: -77.2421 zShift: 2.56785 energy: -0.544458
MCReject   xShift: 9.00037 crossingAngle: -36.3559 axialRotation: -77.2657 zShift: 2.56785 energy: -0.544458
MCReject   xShift: 9.01621 crossingAngle: -36.3559 axialRotation: -77.2657 zShift: 2.55297 energy: -0.496854
MCReject   xShift: 9.01621 crossingAngle: -36.3559 axialRotation: -77.0619 zShift: 2.56785 energy: -0.544458
MCReject   xShift: 9.01621 crossingAngle: -36.3559 axialRotation: -77.2141 zShift: 2.56785 energy: -0.544458
MCReject   xShift: 9.01621 crossingAngle: -36.3559 axialRotation: -77.396 zShift: 2.56785 energy: 3.15057
MCReject   xShift: 9.01621 crossingAngle: -36.3559 axialRotation: -77.2943 zShift: 2.56785 energy: 3.20219
MCReject   xShift: 9.02047 crossingAngle: -36.3559 axialRotation: -77.2657 zShift: 2.56785 energy: 1.39212
MCReject   xShift: 9.03303 crossingAngle: -36.3559 axialRotation: -77.2657 zShift: 2.56785 energy: 1.39212
MCReject   xShift: 9.01621 crossingAngle: -36.3559 axialRotation: -77.4889 zShift: 2.56785 energy: -0.544458
MCReject   xShift: 9.01621 crossingAngle: -36.3559 axialRotation: -77.2283 zShift: 2.56785 energy: 2.03456
MCAccept 36 xShift: 9.01824 crossingAngle: -36.3559 axialRotation: -77.2657 zShift: 2.56785 energy: -1.27722
MCAccept 37 xShift: 9.02054 crossingAngle: -36.3559 axialRotation: -77.2657 zShift: 2.56785 energy: -1.27722
MCReject   xShift: 9.02054 crossingAngle: -36.3559 axialRotation: -77.2657 zShift: 2.56234 energy: -0.54608
MCReject   xShift: 9.021 crossingAngle: -36.3559 axialRotation: -77.2657 zShift: 2.56785 energy: -0.544458
MCReject   xShift: 9.02511 crossingAngle: -36.3559 axialRotation: -77.2657 zShift: 2.56785 energy: -0.544458
MCReject   xShift: 9.02054 crossingAngle: -36.3559 axialRotation: -77.2657 zShift: 2.57484 energy: -0.541872
MCReject   xShift: 9.02054 crossingAngle: -36.3559 axialRotation: -77.2657 zShift: 2.58081 energy: -0.487153
MCReject   xShift: 9.02054 crossingAngle: -36.3559 axialRotation: -77.2657 zShift: 2.55266 energy: -0.496909
MCReject   xShift: 9.02054 crossingAngle: -36.3559 axialRotation: -77.0732 zShift: 2.56785 energy: -0.492834
MCReject   xShift: 9.02054 crossingAngle: -36.3559 axialRotation: -77.3135 zShift: 2.56785 energy: 1.39212
MCReject   xShift: 9.02054 crossingAngle: -36.3559 axialRotation: -77.3454 zShift: 2.56785 energy: -0.544458
MCReject   xShift: 9.02054 crossingAngle: -36.3278 axialRotation: -77.2657 zShift: 2.56785 energy: 2.03456
MCReject   xShift: 9.00988 crossingAngle: -36.3559 axialRotation: -77.2657 zShift: 2.56785 energy: -0.544458
MCReject   xShift: 9.02054 crossingAngle: -36.1764 axialRotation: -77.2657 zShift: 2.56785 energy: 1.99613
MCReject   xShift: 9.0238 crossingAngle: -36.3559 axialRotation: -77.2657 zShift: 2.56785 energy: -0.492834
MCReject   xShift: 9.04425 crossingAngle: -36.3559 axialRotation: -77.2657 zShift: 2.56785 energy: -0.544458
MCReject   xShift: 9.02054 crossingAngle: -36.3559 axialRotation: -77.3237 zShift: 2.56785 energy: -0.492834
MCReject   xShift: 9.02054 crossingAngle: -36.3559 axialRotation: -77.1802 zShift: 2.56785 energy: -0.492834
MCAccept 38 xShift: 9.02289 crossingAngle: -36.3559 axialRotation: -77.2657 zShift: 2.56785 energy: -1.27722
MCReject   xShift: 9.02289 crossingAngle: -36.3559 axialRotation: -77.2649 zShift: 2.56785 energy: -0.492834
MCReject   xShift: 9.00866 crossingAngle: -36.3559 axialRotation: -77.2657 zShift: 2.56785 energy: -0.544458
MCReject   xShift: 9.02289 crossingAngle: -36.2825 axialRotation: -77.2657 zShift: 2.56785 energy: -0.492834
MCReject   xShift: 9.01818 crossingAngle: -36.3559 axialRotation: -77.2657 zShift: 2.56785 energy: 1.39212
MCReject   xShift: 9.03722 crossingAngle: -36.3559 axialRotation: -77.2657 zShift: 2.56785 energy: -0.492834
MCReject   xShift: 9.02289 crossingAngle: -36.3559 axialRotation: -77.4749 zShift: 2.56785 energy: -0.544458
MCReject   xShift: 9.02289 crossingAngle: -36.3559 axialRotation: -77.2657 zShift: 2.57414 energy: -0.542157
MCReject   xShift: 9.02289 crossingAngle: -36.3559 axialRotation: -77.1304 zShift: 2.56785 energy: -0.492834
MCReject   xShift: 9.02289 crossingAngle: -36.3559 axialRotation: -77.1469 zShift: 2.56785 energy: -0.544458
MCReject   xShift: 9.02289 crossingAngle: -36.3559 axialRotation: -77.3847 zShift: 2.56785 energy: -0.544458
MCAccept 39 xShift: 9.02289 crossingAngle: -36.3559 axialRotation: -77.2657 zShift: 2.56175 energy: -1.32041
Energy #1: -1.32041
***GEOMETRY SHIFT***
xShift;        Before: 9.01958; After: 9.02289
crossingAngle; Before: -36.341; After: -36.3559
axialRotation; Before: -77.4262; After: -77.2657
zShift;        Before: 2.54054; After: 2.56175
Energy;        Before: 5.69797e+07; After: -1.32041

Reached 51 cycles without improvement of 0.001. Accepted 40/218
Monte Carlo repack complete. Time: 28.7833min

