***STARTING GEOMETRY:***
xShift: 9.01958
crossingAngle: -36.341
axialRotation: -77.4262
zShift: 2.54054

Number of MCCycles: 200
PrevSequence	CurrSequence	PrevEnergy	CurrEnergy	PrevEntropy	CurrEntropy	CurrentTemp
LLLTFLLTTLLGTLLTTLILI	LLLYFLLTTLLGTLLTTLILI	-3.8575	-4.61217	1.0043	0.119894	999.847
LLLYFLLTTLLGTLLTTLILI	LLLYFLLTTLLGYLLTTLILI	-4.11079	-2.71529	0.62127	0.255144	999.684
LLLYFLLTTLLGYLLTTLILI	LLLYYLLTTLLGYLLTTLILI	-2.87918	-4.99592	0.0912572	1.15198	999.512
LLLYYLLTTLLGYLLTTLILI	LLLYYLLTTLLGTLLTTLILI	-5.79725	-7.56714	0.350648	0.476739	999.328
LLLYYLLTTLLGTLLTTLILI	LLLYYLLTTLLGTLLTFLILI	-6.78226	-6.57985	1.26162	0.0748068	999.134
LLLYYLLTTLLGTLLTFLILI	LLLYYLLTYLLGTLLTFLILI	-6.24731	-6.01669	0.407346	0.413356	998.928
LLLYYLLTYLLGTLLTFLILI	LLLYYLLTTLLGTLLTFLILI	-6.01669	-6.41554	0.413356	0.407346	998.708
LLLYYLLTTLLGTLLTFLILI	LLLGYLLTTLLGTLLTFLILI	-6.22733	-5.16617	0.595564	0.269472	998.229
LLLGYLLTTLLGTLLTFLILI	LLLGYLLTTLLGTLLTTLILI	-5.36083	-6.57431	0.0748068	1.26162	997.967
LLLGYLLTTLLGTLLTTLILI	LLLGYLLTTLLGTLLGTLILI	-7.15733	-2.74879	0.678597	0.226415	997.394
LLLGYLLTTLLGTLLGTLILI	LLLYYLLTTLLGTLLGTLILI	-2.60633	-2.66693	0.368877	0.454934	997.081
LLLYYLLTTLLGTLLGTLILI	LLLGYLLTTLLGTLLGTLILI	-2.66693	-2.60633	0.454934	0.368877	996.749
LLLGYLLTTLLGTLLGTLILI	LLLGYLLTTLLGYLLGTLILI	-2.43636	-0.752856	0.538845	0.30482	996.397
LLLGYLLTTLLGYLLGTLILI	LLLGYLLTTLLGYLLATLILI	0.00767018	0.752892	1.06535	0.107014	996.023
LLLGYLLTTLLGYLLATLILI	LLLGYLLTTLLGTLLATLILI	0.950699	-0.765642	0.30482	0.538845	995.626
LLLGYLLTTLLGTLLATLILI	LLLGYLLTFLLGTLLATLILI	-0.157656	1.32719	1.14683	0.0921195	995.205
LLLGYLLTFLLGTLLATLILI	LLLYYLLTFLLGTLLATLILI	1.50455	-1.15873	0.269472	0.595564	994.758
LLLYYLLTFLLGTLLATLILI	LLLYYLLTFLLGTLLGTLILI	-1.60025	-2.18924	0.154044	0.872342	994.285
LLLYYLLTFLLGTLLGTLILI	LLLGYLLTFLLGTLLGTLILI	-2.60665	-0.617231	0.454934	0.368877	993.782
LLLGYLLTFLLGTLLGTLILI	LLLGYLLTTLLGTLLGTLILI	-0.893989	-1.82837	0.0921195	1.14683	993.249
LLLGYLLTTLLGTLLGTLILI	LLLGYLLTTLLGTLLATLILI	-1.90986	-1.20556	1.06535	0.107014	992.683
LLLGYLLTTLLGTLLATLILI	LLLGYLLTTLLGTLLGTLILI	-1.20556	-1.90986	0.107014	1.06535	992.084
LLLGYLLTTLLGTLLGTLILI	LLLGYLLTTLLGYLLGTLILI	-2.43636	-0.710193	0.538845	0.30482	991.448
LLLGYLLTTLLGYLLGTLILI	LLLYYLLTTLLGYLLGTLILI	-0.745541	-1.58571	0.269472	0.595564	990.773
LLLYYLLTTLLGYLLGTLILI	LLLYYLLWTLLGYLLGTLILI	-1.69526	-0.54694	0.48602	0.343253	990.058
LLLYYLLWTLLGYLLGTLILI	LLLYYLLWTLLGYLLATLILI	-0.0178507	1.67146	0.872342	0.154044	989.3
LLLYYLLWTLLGYLLATLILI	LLLYYLLWTLLGYLLGTLILI	1.67146	0.675601	0.154044	0.872342	988.496
LLLYYLLWTLLGYLLGTLILI	LLLYYLLTTLLGYLLGTLILI	0.146511	-1.8738	0.343253	0.48602	987.644
LLLYYLLTTLLGYLLGTLILI	LLLYYLLTTLLGTLLGTLILI	-1.94647	-2.76773	0.413356	0.407346	986.74
LLLYYLLTTLLGTLLGTLILI	LLLYYLLTWLLGTLLGTLILI	-2.58773	-0.982921	0.58734	0.274265	985.783
LLLYYLLTWLLGTLLGTLILI	LLLYYLLTWLLGTLLGFLILI	-0.252887	1.2761	1.0043	0.119894	984.769
LLLYYLLTWLLGTLLGFLILI	LLLYGLLTWLLGTLLGFLILI	1.61114	4.92447	0.454934	0.368877	983.694
LLLYGLLTWLLGTLLGFLILI	LLLYYLLTWLLGTLLGFLILI	4.92447	5.03681	0.368877	0.454934	982.555
LLLYYLLTWLLGTLLGFLILI	LLLYYLLTWLLGFLLGFLILI	5.12072	4.86908	0.538845	0.30482	981.348
LLLYYLLTWLLGFLLGFLILI	LLLTYLLTWLLGFLLGFLILI	5.0693	8.54497	0.505042	0.328724	980.071
LLLTYLLTWLLGFLLGFLILI	LLLTYLLTWLLGFLLGTLILI	8.4358	6.63426	0.219549	0.693609	978.717
LLLTYLLTWLLGFLLGTLILI	LLLWYLLTWLLGFLLGTLILI	6.2322	5.4549	0.291546	0.559121	975.768
LLLWYLLTWLLGFLLGTLILI	LLLWYLLTTLLGFLLGTLILI	5.4549	3.08981	0.559121	0.291546	974.162
LLLWYLLTTLLGFLLGTLILI	LLLWTLLTTLLGFLLGTLILI	2.97008	2.78293	0.171816	0.816184	972.463
LLLWTLLTTLLGFLLGTLILI	LLLWTLLTYLLGFLLGTLILI	2.78293	-1.73432	0.816184	0.171816	970.666
LLLWTLLTYLLGFLLGTLILI	LLLWTLLTYLLGFLLGFLILI	-1.21253	-0.0914244	0.693609	0.219549	968.764
LLLWTLLTYLLGFLLGFLILI	LLLWTLLIYLLGFLLGFLILI	0.305567	4.94454	0.616541	0.257708	966.754
LLLWTLLIYLLGFLLGFLILI	LLLWTLLIYLLGFLLGYLILI	4.92687	5.06817	0.240035	0.650378	964.627
LLLWTLLIYLLGFLLGYLILI	LLLWTLLVYLLGFLLGYLILI	5.08426	2.95417	0.666466	0.232152	962.38
LLLWTLLVYLLGFLLGYLILI	LLLWTLLVYLLGTLLGYLILI	2.89384	3.06155	0.171816	0.816184	960.005
LLLWTLLVYLLGTLLGYLILI	LLLWTLLVVLLGTLLGYLILI	2.99896	2.10622	0.753596	0.194474	957.496
LLLWTLLVVLLGTLLGYLILI	LLLWTLLTVLLGTLLGYLILI	2.08906	-0.364618	0.177314	0.800152	954.846
LLLWTLLTVLLGTLLGYLILI	LLLWTLLTVLLGTLLGFLILI	-0.514392	0.24411	0.650378	0.240035	952.048
LLLWTLLTVLLGTLLGFLILI	LLLWTLLTVLLGTLLAFLILI	0.876417	1.69661	0.872342	0.154044	949.095
LLLWTLLTVLLGTLLAFLILI	LLLWTLLTVLLGTLLAYLILI	1.7826	1.07471	0.240035	0.650378	945.979
LLLWTLLTVLLGTLLAYLILI	LLLWTLLTVLLGTLLATLILI	0.596147	-0.161699	0.171816	0.816184	942.693
LLLWTLLTVLLGTLLATLILI	LLLWTLLTTLLGTLLATLILI	-0.918902	-3.38133	0.0589809	1.39457	939.229
LLLWTLLTTLLGTLLATLILI	LLLWTLLTTLLGTLLGTLILI	-4.62186	-5.56188	0.154044	0.872342	935.578
LLLWTLLTTLLGTLLGTLILI	LLLWTLLVTLLGTLLGTLILI	-5.03965	-3.28538	1.39457	0.0589809	931.732
LLLWTLLVTLLGTLLGTLILI	LLLWTLLTTLLGTLLGTLILI	-3.28538	-5.0904	0.0589809	1.39457	927.683
LLLWTLLTTLLGTLLGTLILI	LLLWTLLTTLLGTLLGYLILI	-5.56728	-4.86309	0.917682	0.141213	923.422
LLLWTLLTTLLGTLLGYLILI	LLLWTLLTTLLGFLLGYLILI	-3.85747	-1.27999	1.14683	0.0921195	918.939
LLLWTLLTTLLGFLLGYLILI	LLLWTLLTTLLGFLLGTLILI	-1.20029	-2.38425	0.171816	0.816184	909.276
LLLWTLLTTLLGFLLGTLILI	LLLWTLLVTLLGFLLGTLILI	-1.9241	-0.0471669	1.27634	0.0728516	904.077
LLLWTLLVTLLGFLLGTLILI	LLLWTLLTTLLGFLLGTLILI	-0.0471669	-1.97485	0.0728516	1.27634	898.621
LLLWTLLTTLLGFLLGTLILI	LLLWTLLTTLLGFLLATLILI	-2.37885	-1.40101	0.872342	0.154044	892.899
LLLWTLLTTLLGFLLATLILI	LLLWTLLTTLLGFLLGTLILI	-1.40101	-2.37885	0.154044	0.872342	886.903
LLLWTLLTTLLGFLLGTLILI	LLLWTLLTTLLGFLLGYLILI	-2.435	-1.20029	0.816184	0.171816	880.623
LLLWTLLTTLLGFLLGYLILI	LLLWTLLTTLLGTLLGYLILI	-1.27999	-3.85747	0.0921195	1.14683	874.051
LLLWTLLTTLLGTLLGYLILI	LLLWTLLTTLLGTLLGTLILI	-4.86309	-5.56728	0.141213	0.917682	867.179
LLLWTLLTTLLGTLLGTLILI	LLLWTLLTTLLGYLLGTLILI	-5.56728	-5.21633	0.917682	0.141213	852.504
LLLWTLLTTLLGYLLGTLILI	LLLWTLLVTLLGYLLGTLILI	-4.0812	-1.32054	1.27634	0.0728516	844.686
LLLWTLLVTLLGYLLGTLILI	LLLWTLLTTLLGYLLGTLILI	-1.32054	-3.30322	0.0728516	1.27634	836.541
LLLWTLLTTLLGYLLGTLILI	LLLWTLLTTLLGFLLGTLILI	-3.92919	-3.01115	0.650378	0.240035	828.061
LLLWTLLTTLLGFLLGTLILI	LLLWTLLTTLLGTLLGTLILI	-3.17638	-5.1726	0.0748068	1.26162	819.243
LLLWTLLTTLLGTLLGTLILI	LLLWTLLTTLLGTLLGYLILI	-5.51654	-4.91383	0.917682	0.141213	810.083
LLLWTLLTTLLGTLLGYLILI	LLLWTLLTFLLGTLLGYLILI	-3.90821	-2.71216	1.14683	0.0921195	790.724
LLLWTLLTFLLGTLLGYLILI	LLLWTLLTWLLGTLLGYLILI	-2.72523	-2.61599	0.0790506	1.23103	780.523
LLLWTLLTWLLGTLLGYLILI	LLLWTLLTTLLGTLLGYLILI	-3.38605	-4.6406	0.460972	0.363705	759.081
LLLWTLLTTLLGTLLGYLILI	LLLWTLLTVLLGTLLGYLILI	-3.72796	-1.09192	1.27634	0.0728516	747.845
LLLWTLLTVLLGTLLGYLILI	LLLWTLLTVLLGTLLGTLILI	-0.992954	-1.8201	0.171816	0.816184	736.272
LLLWTLLTVLLGTLLGTLILI	LLLWTLLTTLLGTLLGTLILI	-2.5773	-3.10421	0.0589809	1.39457	724.369
LLLWTLLTTLLGTLLGTLILI	LLLWTLLTTLLGTLLATLILI	-3.62644	-4.62186	0.872342	0.154044	712.142
LLLWTLLTTLLGTLLATLILI	LLLWTLLTTLLGYLLATLILI	-3.85822	-2.72671	0.917682	0.141213	699.602
LLLWTLLTTLLGYLLATLILI	LLLWTLLTTLLGYLLGTLILI	-2.71388	-1.74164	0.154044	0.872342	673.628
LLLWTLLTTLLGYLLGTLILI	LLLWTLLVTLLGYLLGTLILI	-1.33764	-1.37129	1.27634	0.0728516	660.222
LLLWTLLVTLLGYLLGTLILI	LLLWTLLVTLLGTLLGTLILI	-1.27232	-2.47743	0.171816	0.816184	646.557
LLLWTLLVTLLGTLLGTLILI	LLLWTLLTTLLGTLLGTLILI	-3.23463	-5.03965	0.0589809	1.39457	632.651
LLLWTLLTTLLGTLLGTLILI	LLLWTLLTYLLGTLLGTLILI	-5.51654	-4.62917	0.917682	0.141213	618.524
LLLWTLLTYLLGTLLGTLILI	LLLWTLLTTLLGTLLGTLILI	-4.62917	-5.56728	0.141213	0.917682	589.688
LLLWTLLTTLLGTLLGTLILI	LLLWTLLVTLLGTLLGTLILI	-5.0904	-3.23463	1.39457	0.0589809	575.025
LLLWTLLVTLLGTLLGTLILI	LLLWTLLTTLLGTLLGTLILI	-3.23463	-5.0904	0.0589809	1.39457	560.23
LLLWTLLTTLLGTLLGTLILI	LLLWTLLTTLLGYLLGTLILI	-5.56728	-4.43835	0.917682	0.141213	545.329
LLLWTLLTTLLGYLLGTLILI	LLLWTLLTTLLGTLLGTLILI	-4.43835	-5.56728	0.141213	0.917682	530.348
LLLWTLLTTLLGTLLGTLILI	LLLWTLLTTLLGTLLGYLILI	-5.56728	-5.7153	0.917682	0.141213	515.312
LLLWTLLTTLLGTLLGYLILI	LLLWTLLTTLLGTLLGTLILI	-5.7153	-6.36874	0.141213	0.917682	500.25
LLLWTLLTTLLGTLLGTLILI	LLLWTLLTTLLGTLLGYLILI	-6.36874	-5.7153	0.917682	0.141213	470.152
LLLWTLLTTLLGTLLGYLILI	LLLWTLLVTLLGTLLGYLILI	-4.58017	-1.84106	1.27634	0.0728516	440.27
LLLWTLLVTLLGTLLGYLILI	LLLWTLLVYLLGTLLGYLILI	-1.47085	-0.15599	0.443059	0.379341	425.475
LLLWTLLVYLLGTLLGYLILI	LLLWTLLVYLLGTLLGTLILI	-0.15599	-0.0939017	0.379341	0.443059	410.812
LLLWTLLVYLLGTLLGTLILI	LLLWTLLVYLLGYLLGTLILI	-0.0939017	0.573438	0.443059	0.379341	396.304
LLLWTLLVYLLGYLLGTLILI	LLLWTLLTYLLGYLLGTLILI	0.289368	-1.5376	0.0952708	1.12845	381.976
LLLWTLLTYLLGYLLGTLILI	LLLWTLLTYLLGFLLGTLILI	-1.71327	-1.82479	0.952787	0.132101	367.849
LLLWTLLTYLLGFLLGTLILI	LLLWTLLTTLLGFLLGTLILI	-1.78507	-3.21483	0.171816	0.816184	340.278
LLLWTLLTTLLGFLLGTLILI	LLLWTLLTTLLGFLLATLILI	-3.15867	-1.40101	0.872342	0.154044	326.872
LLLWTLLTTLLGFLLATLILI	LLLWTLLTTLLGFLLGTLILI	-1.40101	-2.37885	0.154044	0.872342	313.74
LLLWTLLTTLLGFLLGTLILI	LLLWTLLTTLLGTLLGTLILI	-3.17638	-5.1726	0.0748068	1.26162	300.898
LLLWTLLTTLLGTLLGTLILI	LLLWTLLTFLLGTLLGTLILI	-5.1726	-4.78239	1.26162	0.0748068	276.131
LLLWTLLTFLLGTLLGTLILI	LLLWTLLTTLLGTLLGTLILI	-4.78239	-6.02481	0.0748068	1.26162	241.419
LLLWTLLTTLLGTLLGTLILI	LLLWTLLTTLLGYLLGTLILI	-6.36874	-5.21633	0.917682	0.141213	209.776
LLLWTLLTTLLGYLLGTLILI	LLLWTLLTTLLGTLLGTLILI	-5.21633	-5.56728	0.141213	0.917682	190.417
LLLWTLLTTLLGTLLGTLILI	LLLWTLLTTLLGTLLGYLILI	-5.56728	-5.7153	0.917682	0.141213	155.814
LLLWTLLTTLLGTLLGYLILI	LLLWTLLTTLLGTLLGFLILI	-5.20613	-4.40106	0.650378	0.240035	147.996
LLLWTLLTTLLGTLLGFLILI	LLLWTLLTTLLGTLLGTLILI	-4.56629	-5.1726	0.0748068	1.26162	140.501
LLLWTLLTTLLGTLLGTLILI	LLLWTLLTYLLGTLLGTLILI	-5.51654	-6.00409	0.917682	0.141213	113.597
LLLWTLLTYLLGTLLGTLILI	LLLWTLLTTLLGTLLGTLILI	-6.00409	-5.56728	0.141213	0.917682	77.0783
LLLWTLLTTLLGTLLGTLILI	LLLWTLLTYLLGTLLGTLILI	-5.56728	-5.95331	0.917682	0.141213	45.6541
LLLWTLLTYLLGTLLGTLILI	LLLWTLLTTLLGTLLGTLILI	-5.95331	-6.41949	0.141213	0.917682	43.0041
Time: 173s
