***STARTING GEOMETRY:***
xShift: 9.02289
crossingAngle: -36.3559
axialRotation: -77.2657
zShift: 2.56175

Number of MCCycles: 200
PrevSequence	CurrSequence	PrevEnergy	CurrEnergy	PrevEntropy	CurrEntropy	CurrentTemp
LLLTFLLTTLLGTLLTTLILI	LLLTFLLTTLLGYLLTTLILI	-3.97891	-3.47607	1.0043	0.119894	999.847
LLLTFLLTTLLGYLLTTLILI	LLLYFLLTTLLGYLLTTLILI	-2.9747	-2.87832	0.62127	0.255144	999.684
LLLYFLLTTLLGYLLTTLILI	LLLTFLLTTLLGYLLTTLILI	-2.87832	-2.9747	0.255144	0.62127	999.512
LLLTFLLTTLLGYLLTTLILI	LLLTWLLTTLLGYLLTTLILI	-3.44719	-2.92913	0.148778	0.890414	999.328
LLLTWLLTTLLGYLLTTLILI	LLLYWLLTTLLGYLLTTLILI	-3.19827	-3.16533	0.62127	0.255144	999.134
LLLYWLLTTLLGYLLTTLILI	LLLYWLLTYLLGYLLTTLILI	-3.01313	-3.14205	0.407346	0.413356	998.928
LLLYWLLTYLLGYLLTTLILI	LLLYWLLTFLLGYLLTTLILI	-2.40343	-3.13184	1.15198	0.0912572	998.476
LLLYWLLTFLLGYLLTTLILI	LLLYWLLTFLLGYLLTFLILI	-2.52949	-0.114458	0.693609	0.219549	998.229
LLLYWLLTFLLGYLLTFLILI	LLLYWLLTFLLGFLLTFLILI	0.167593	-0.506041	0.5016	0.331293	997.967
LLLYWLLTFLLGFLLTFLILI	LLLYWLLTFLLGTLLTFLILI	-0.532513	-2.4054	0.30482	0.538845	997.689
LLLYWLLTFLLGTLLTFLILI	LLLYWLLTFLLGFLLTFLILI	-2.4054	-0.528356	0.538845	0.30482	997.394
LLLYWLLTFLLGFLLTFLILI	LLLYWLLTFLLGFLLTTLILI	-0.528356	-2.21147	0.30482	0.538845	997.081
LLLYWLLTFLLGFLLTTLILI	LLLYWLLTYLLGFLLTTLILI	-2.51028	-2.38129	0.240035	0.650378	996.749
LLLYWLLTYLLGFLLTTLILI	LLLYYLLTYLLGFLLTTLILI	-2.75962	-4.60659	0.272043	0.591129	996.397
LLLYYLLTYLLGFLLTTLILI	LLLYYLLTTLLGFLLTTLILI	-4.78437	-5.51051	0.413356	0.407346	996.023
LLLYYLLTTLLGFLLTTLILI	LLLGYLLTTLLGFLLTTLILI	-5.3223	-4.58845	0.595564	0.269472	995.626
LLLGYLLTTLLGFLLTTLILI	LLLYYLLTTLLGFLLTTLILI	-4.58845	-4.27571	0.269472	0.595564	995.205
LLLYYLLTTLLGFLLTTLILI	LLLGYLLTTLLGFLLTTLILI	-4.27571	-4.58845	0.595564	0.269472	994.758
LLLGYLLTTLLGFLLTTLILI	LLLYYLLTTLLGFLLTTLILI	-4.58845	-5.41466	0.269472	0.595564	994.285
LLLYYLLTTLLGFLLTTLILI	LLLYYLLTTLLGTLLTTLILI	-5.93542	-6.92478	0.0748068	1.26162	993.782
LLLYYLLTTLLGTLLTTLILI	LLLGYLLTTLLGTLLTTLILI	-7.59083	-7.74477	0.595564	0.269472	993.249
LLLGYLLTTLLGTLLTTLILI	LLLGYLLTFLLGTLLTTLILI	-6.75262	-5.39753	1.26162	0.0748068	992.683
LLLGYLLTFLLGTLLTTLILI	LLLGYLLSFLLGTLLTTLILI	-4.47134	-1.00826	1.001	0.120637	992.084
LLLGYLLSFLLGTLLTTLILI	LLLGYLLSFLLGTLLGTLILI	-0.63894	4.02342	0.489954	0.34018	991.448
LLLGYLLSFLLGTLLGTLILI	LLLGYLLSFLLGTLLATLILI	4.74859	5.44007	1.06535	0.107014	990.773
LLLGYLLSFLLGTLLATLILI	LLLGYLLSTLLGTLLATLILI	5.45295	5.16147	0.119894	1.0043	990.058
LLLGYLLSTLLGTLLATLILI	LLLYYLLSTLLGTLLATLILI	4.42664	5.97773	0.269472	0.595564	989.3
LLLYYLLSTLLGTLLATLILI	LLLGYLLSTLLGTLLATLILI	5.97773	4.47196	0.595564	0.269472	988.496
LLLGYLLSTLLGTLLATLILI	LLLGYLLSTLLGTLLAYLILI	4.64555	5.98982	0.443059	0.379341	987.644
LLLGYLLSTLLGTLLAYLILI	LLLGYLLSTLLGTLLATLILI	5.98982	4.60023	0.379341	0.443059	986.74
LLLGYLLSTLLGTLLATLILI	LLLGYLLSTLLGYLLATLILI	4.60023	6.57068	0.443059	0.379341	985.783
LLLGYLLSTLLGYLLATLILI	LLLGYLLSTLLGTLLATLILI	6.57068	4.60678	0.379341	0.443059	984.769
LLLGYLLSTLLGTLLATLILI	LLLGYLLSYLLGTLLATLILI	4.60678	5.03713	0.443059	0.379341	983.694
LLLGYLLSYLLGTLLATLILI	LLLGYLLSTLLGTLLATLILI	5.03713	4.64555	0.379341	0.443059	982.555
LLLGYLLSTLLGTLLATLILI	LLLGYLLTTLLGTLLATLILI	4.32313	-0.492359	0.120637	1.001	981.348
LLLGYLLTTLLGTLLATLILI	LLLGYLLTTLLGYLLATLILI	-0.954514	0.720174	0.538845	0.30482	980.071
LLLGYLLTTLLGYLLATLILI	LLLGYLLTTLLGYLLGTLILI	0.522367	-0.172409	0.107014	1.06535	978.717
LLLGYLLTTLLGYLLGTLILI	LLLGYLLTTLLGTLLGTLILI	-0.932936	-2.61355	0.30482	0.538845	977.285
LLLGYLLTTLLGTLLGTLILI	LLLGYLLTFLLGTLLGTLILI	-2.00557	-0.518681	1.14683	0.0921195	975.768
LLLGYLLTFLLGTLLGTLILI	LLLGYLLTTLLGTLLGTLILI	-0.518681	-2.00557	0.0921195	1.14683	974.162
LLLGYLLTTLLGTLLGTLILI	LLLYYLLTTLLGTLLGTLILI	-2.78352	-3.98228	0.368877	0.454934	972.463
LLLYYLLTTLLGTLLGTLILI	LLLYYLLTYLLGTLLGTLILI	-4.02987	-3.16657	0.407346	0.413356	970.666
LLLYYLLTYLLGTLLGTLILI	LLLGYLLTYLLGTLLGTLILI	-2.98436	-1.36251	0.595564	0.269472	968.764
LLLGYLLTYLLGTLLGTLILI	LLLGYLLTYLLGTLLATLILI	-0.566639	0.19066	1.06535	0.107014	966.754
LLLGYLLTYLLGTLLATLILI	LLLYYLLTYLLGTLLATLILI	0.276168	-1.45068	0.192521	0.758648	962.38
LLLYYLLTYLLGTLLATLILI	LLLTYLLTYLLGTLLATLILI	-1.79597	-0.883461	0.413356	0.407346	960.005
LLLTYLLTYLLGTLLATLILI	LLLYYLLTYLLGTLLATLILI	-0.883461	-1.83945	0.407346	0.413356	954.846
LLLYYLLTYLLGTLLATLILI	LLLYYLLTTLLGTLLATLILI	-1.83945	-1.2495	0.413356	0.407346	952.048
LLLYYLLTTLLGTLLATLILI	LLLYYLLTYLLGTLLATLILI	-1.2495	-1.79597	0.407346	0.413356	949.095
LLLYYLLTYLLGTLLATLILI	LLLYWLLTYLLGTLLATLILI	-1.6182	0.105907	0.591129	0.272043	945.979
LLLYWLLTYLLGTLLATLILI	LLLYGLLTYLLGTLLATLILI	0.380521	1.05221	0.546658	0.299616	942.693
LLLYGLLTYLLGTLLATLILI	LLLYFLLTYLLGTLLATLILI	1.46045	1.665	0.707856	0.213262	939.229
LLLYFLLTYLLGTLLATLILI	LLLYFLLTTLLGTLLATLILI	1.75656	2.35533	0.30482	0.538845	935.578
LLLYFLLTTLLGTLLATLILI	LLLYYLLTTLLGTLLATLILI	1.94859	-0.747496	0.132101	0.952787	931.732
LLLYYLLTTLLGTLLATLILI	LLLYYLLFTLLGTLLATLILI	-0.553453	0.236037	1.14683	0.0921195	927.683
LLLYYLLFTLLGTLLATLILI	LLLYYLLTTLLGTLLATLILI	0.236037	-1.36335	0.0921195	1.14683	923.422
LLLYYLLTTLLGTLLATLILI	LLLGYLLTTLLGTLLATLILI	-1.91461	-1.26921	0.595564	0.269472	918.939
LLLGYLLTTLLGTLLATLILI	LLLGYLLTTLLGYLLATLILI	-0.999836	0.720174	0.538845	0.30482	914.227
LLLGYLLTTLLGYLLATLILI	LLLGYLLTTLLGYLLGTLILI	0.522367	-0.172409	0.107014	1.06535	909.276
LLLGYLLTTLLGYLLGTLILI	LLLGYLLTFLLGYLLGTLILI	-0.233458	1.36557	1.0043	0.119894	904.077
LLLGYLLTFLLGYLLGTLILI	LLLGYLLTFLLGTLLGTLILI	1.62502	-0.67686	0.379341	0.443059	898.621
LLLGYLLTFLLGTLLGTLILI	LLLGYLLTTLLGTLLGTLILI	-1.0278	-1.95414	0.0921195	1.14683	892.899
LLLGYLLTTLLGTLLGTLILI	LLLGYLLTFLLGTLLGTLILI	-1.95414	-0.510008	1.14683	0.0921195	886.903
LLLGYLLTFLLGTLLGTLILI	LLLGYLLTFLLGTLLATLILI	0.463219	1.10908	1.06535	0.107014	880.623
LLLGYLLTFLLGTLLATLILI	LLLGYLLTFLLGTLLGTLILI	1.10908	0.454547	0.107014	1.06535	874.051
LLLGYLLTFLLGTLLGTLILI	LLLGYLLTFLLGTLLATLILI	0.454547	1.11776	1.06535	0.107014	867.179
LLLGYLLTFLLGTLLATLILI	LLLGYLLTTLLGTLLATLILI	1.10286	-0.391851	0.0921195	1.14683	859.999
LLLGYLLTTLLGTLLATLILI	LLLYYLLTTLLGTLLATLILI	-1.26921	-2.22351	0.269472	0.595564	852.504
LLLYYLLTTLLGTLLATLILI	LLLGYLLTTLLGTLLATLILI	-2.22351	-1.26921	0.595564	0.269472	844.686
LLLGYLLTTLLGTLLATLILI	LLLGYLLTTLLGTLLGTLILI	-1.43167	-2.07838	0.107014	1.06535	836.541
LLLGYLLTTLLGTLLGTLILI	LLLGYLLTTLLGTLLGYLILI	-2.60488	-1.41728	0.538845	0.30482	828.061
LLLGYLLTTLLGTLLGYLILI	LLLGYLLTTLLGTLLAYLILI	-0.656755	-0.019983	1.06535	0.107014	819.243
LLLGYLLTTLLGTLLAYLILI	LLLGYLLWTLLGTLLAYLILI	0.359024	2.15902	0.48602	0.343253	810.083
LLLGYLLWTLLGTLLAYLILI	LLLGYLLWTLLGYLLAYLILI	2.05381	6.59043	0.238039	0.654392	800.577
LLLGYLLWTLLGYLLAYLILI	LLLYYLLWTLLGYLLAYLILI	6.08597	3.97214	0.149938	0.886373	790.724
LLLYYLLWTLLGYLLAYLILI	LLLYYLLTTLLGYLLAYLILI	3.54674	2.32792	0.460972	0.363705	780.523
LLLYYLLTTLLGYLLAYLILI	LLLYYLLTTLLGTLLAYLILI	2.57289	-0.948739	0.608671	0.262045	769.974
LLLYYLLTTLLGTLLAYLILI	LLLYYLLTTLLGTLLATLILI	-0.797429	-2.10283	0.413356	0.407346	759.081
LLLYYLLTTLLGTLLATLILI	LLLYYLLWTLLGTLLATLILI	-1.92284	-0.98945	0.58734	0.274265	747.845
LLLYYLLWTLLGTLLATLILI	LLLYYLLWTLLGTLLGTLILI	-1.10967	-1.21563	0.154044	0.872342	736.272
LLLYYLLWTLLGTLLGTLILI	LLLGYLLWTLLGTLLGTLILI	-1.63304	-0.843568	0.454934	0.368877	724.369
LLLGYLLWTLLGTLLGTLILI	LLLYYLLWTLLGTLLGTLILI	-0.843568	-2.47037	0.368877	0.454934	712.142
LLLYYLLWTLLGTLLGTLILI	LLLYYLLWTLLGTLLGYLILI	-2.59658	-0.989698	0.328724	0.505042	686.76
LLLYYLLWTLLGTLLGYLILI	LLLYYLLTTLLGTLLGYLILI	-1.15149	-2.35041	0.343253	0.48602	673.628
LLLYYLLTTLLGTLLGYLILI	LLLYYLLTFLLGTLLGYLILI	-1.83213	-2.02531	1.0043	0.119894	660.222
LLLYYLLTFLLGTLLGYLILI	LLLYYLLTFLLGTLLAYLILI	-1.27286	-0.333944	0.872342	0.154044	632.651
LLLYYLLTFLLGTLLAYLILI	LLLYYLLTFLLGTLLATLILI	0.0170538	-1.61213	0.505042	0.328724	618.524
LLLYYLLTFLLGTLLATLILI	LLLYYLLTTLLGTLLATLILI	-1.84873	-1.47564	0.0921195	1.14683	604.196
LLLYYLLTTLLGTLLATLILI	LLLYYLLTYLLGTLLATLILI	-2.21512	-2.0537	0.407346	0.413356	589.688
LLLYYLLTYLLGTLLATLILI	LLLYYLLTTLLGTLLATLILI	-2.0537	-2.05751	0.413356	0.407346	575.025
LLLYYLLTTLLGTLLATLILI	LLLYYLLTYLLGTLLATLILI	-2.05751	-2.07521	0.407346	0.413356	560.23
LLLYYLLTYLLGTLLATLILI	LLLYYLLTTLLGTLLATLILI	-2.07521	-1.11277	0.413356	0.407346	530.348
LLLYYLLTTLLGTLLATLILI	LLLYYLLWTLLGTLLATLILI	-0.93278	-1.03477	0.58734	0.274265	515.312
LLLYYLLWTLLGTLLATLILI	LLLWYLLWTLLGTLLATLILI	-1.04146	1.56151	0.267575	0.598868	500.25
LLLWYLLWTLLGTLLATLILI	LLLWYLLWTLLGTLLGTLILI	1.11668	0.662884	0.154044	0.872342	485.188
LLLWYLLWTLLGTLLGTLILI	LLLYYLLWTLLGTLLGTLILI	0.38941	-1.88796	0.598868	0.267575	470.152
LLLYYLLWTLLGTLLGTLILI	LLLYYLLWTLLGTLLATLILI	-1.2832	-1.10967	0.872342	0.154044	455.171
LLLYYLLWTLLGTLLATLILI	LLLYYLLWVLLGTLLATLILI	-0.135262	2.51282	1.12845	0.0952708	440.27
LLLYYLLWVLLGTLLATLILI	LLLYYLLTVLLGTLLATLILI	2.7608	1.75158	0.343253	0.48602	425.475
LLLYYLLTVLLGTLLATLILI	LLLYYLLTFLLGTLLATLILI	1.60618	-1.4749	0.340616	0.489394	410.812
LLLYYLLTFLLGTLLATLILI	LLLYYLLTYLLGTLLATLILI	-1.87304	-1.33876	0.0912572	1.15198	381.976
LLLYYLLTYLLGTLLATLILI	LLLYYLLTTLLGTLLATLILI	-2.07738	-2.42222	0.413356	0.407346	367.849
LLLYYLLTTLLGTLLATLILI	LLLYYLLTYLLGTLLATLILI	-2.42222	-2.09902	0.407346	0.413356	340.278
LLLYYLLTYLLGTLLATLILI	LLLYYLLTTLLGTLLATLILI	-2.09902	-2.39883	0.413356	0.407346	326.872
LLLYYLLTTLLGTLLATLILI	LLLGYLLTTLLGTLLATLILI	-2.21061	-1.26921	0.595564	0.269472	313.74
LLLGYLLTTLLGTLLATLILI	LLLGYLLTTLLGTLLGTLILI	-1.43167	-2.07838	0.107014	1.06535	300.898
LLLGYLLTTLLGTLLGTLILI	LLLGYLLTTLLGTLLATLILI	-2.07838	-1.43167	1.06535	0.107014	288.358
LLLGYLLTTLLGTLLATLILI	LLLGYLLTTLLGTLLGTLILI	-1.43167	-2.03562	0.107014	1.06535	276.131
LLLGYLLTTLLGTLLGTLILI	LLLYYLLTTLLGTLLGTLILI	-2.73209	-2.80952	0.368877	0.454934	264.228
LLLYYLLTTLLGTLLGTLILI	LLLGYLLTTLLGTLLGTLILI	-2.80952	-2.78352	0.454934	0.368877	252.655
LLLGYLLTTLLGTLLGTLILI	LLLYYLLTTLLGTLLGTLILI	-2.78352	-2.86095	0.368877	0.454934	241.419
LLLYYLLTTLLGTLLGTLILI	LLLYYLLWTLLGTLLGTLILI	-2.72854	-2.65104	0.58734	0.274265	230.526
LLLYYLLWTLLGTLLGTLILI	LLLYYLLWTLLGTLLATLILI	-2.05296	-1.10967	0.872342	0.154044	209.776
LLLYYLLWTLLGTLLATLILI	LLLYYLLWTLLGTLLGTLILI	-1.10967	-2.00153	0.154044	0.872342	199.923
LLLYYLLWTLLGTLLGTLILI	LLLYYLLTTLLGTLLGTLILI	-2.59961	-2.54039	0.274265	0.58734	181.257
LLLYYLLTTLLGTLLGTLILI	LLLGYLLTTLLGTLLGTLILI	-2.6728	-2.77485	0.454934	0.368877	172.439
LLLGYLLTTLLGTLLGTLILI	LLLGYLLTTLLGTLLATLILI	-2.07838	-1.43167	1.06535	0.107014	133.321
LLLGYLLTTLLGTLLATLILI	LLLGYLLTTLLGTLLGTLILI	-1.43167	-2.07838	0.107014	1.06535	126.449
LLLGYLLTTLLGTLLGTLILI	LLLYYLLTTLLGTLLGTLILI	-2.77485	-3.66272	0.368877	0.454934	119.877
LLLYYLLTTLLGTLLGTLILI	LLLYYLLTYLLGTLLGTLILI	-3.71031	-3.41532	0.407346	0.413356	107.601
LLLYYLLTYLLGTLLGTLILI	LLLYYLLTFLLGTLLGTLILI	-2.6767	-3.22906	1.15198	0.0912572	86.2728
LLLYYLLTFLLGTLLGTLILI	LLLYYLLTYLLGTLLGTLILI	-3.22906	-2.95197	0.0912572	1.15198	81.5606
LLLYYLLTYLLGTLLGTLILI	LLLYYLLTFLLGTLLGTLILI	-2.95197	-3.4626	1.15198	0.0912572	77.0783
LLLYYLLTFLLGTLLGTLILI	LLLYYLLTTLLGTLLGTLILI	-3.46174	-3.29038	0.0921195	1.14683	45.6541
LLLYYLLTTLLGTLLGTLILI	LLLYYLLTFLLGTLLGTLILI	-3.29038	-3.41031	1.14683	0.0921195	38.12
Time: 220s
