***STARTING GEOMETRY:***
xShift: 7.19271
crossingAngle: -36.2756
axialRotation: 6.02046
zShift: 4.43005

Number of MCCycles: 100
PrevSequence	CurrSequence	PrevEnergy	CurrEnergy	PrevEntropy	CurrEntropy	CurrentTemp
LLLLLLGTLLGTLLTTLLILI	LLLLLLGTLLGTLLTYLLILI	-20.5461	-20.9631	0.816184	0.171816	999.684
LLLLLLGTLLGTLLTYLLILI	LLLLLLGTLLGTLLGYLLILI	-20.6449	-17.1724	0.489954	0.34018	999.328
LLLLLLGTLLGTLLGYLLILI	LLLYLLGTLLGTLLGYLLILI	-17.3357	-22.6652	0.176934	0.801241	998.928
LLLYLLGTLLGTLLGYLLILI	LLLYLLGTLLGTLLGTLLILI	-23.0871	-26.0441	0.379341	0.443059	998.476
LLLYLLGTLLGTLLGTLLILI	LLLFLLGTLLGTLLGTLLILI	-25.8368	-24.1948	0.650378	0.240035	997.967
LLLFLLGTLLGTLLGTLLILI	LLLWLLGTLLGTLLGTLLILI	-24.2861	-22.2093	0.148778	0.890414	997.394
LLLWLLGTLLGTLLGTLLILI	LLLWLLGVLLGTLLGTLLILI	-21.9712	-20.0853	1.12845	0.0952708	996.749
LLLWLLGVLLGTLLGTLLILI	LLLWLLGTLLGTLLGTLLILI	-20.0853	-21.9712	0.0952708	1.12845	995.205
LLLWLLGTLLGTLLGTLLILI	LLLWLLGTLLGWLLGTLLILI	-22.8082	-22.6222	0.291546	0.559121	994.285
LLLWLLGTLLGWLLGTLLILI	LLLFLLGTLLGWLLGTLLILI	-21.9503	-23.9101	1.23103	0.0790506	992.084
LLLFLLGTLLGWLLGTLLILI	LLLYLLGTLLGWLLGTLLILI	-23.7491	-25.8671	0.240035	0.650378	990.773
LLLYLLGTLLGWLLGTLLILI	LLLYLLGTLLGTLLGTLLILI	-26.1742	-26.0012	0.343253	0.48602	989.3
LLLYLLGTLLGTLLGTLLILI	LLLFLLGTLLGTLLGTLLILI	-25.8368	-24.1948	0.650378	0.240035	987.644
LLLFLLGTLLGTLLGTLLILI	LLLFLLGTLLGYLLGTLLILI	-23.7413	-22.1498	0.693609	0.219549	985.783
LLLFLLGTLLGYLLGTLLILI	LLLFLLGTLLGTLLGTLLILI	-22.1498	-23.7413	0.219549	0.693609	983.694
LLLFLLGTLLGTLLGTLLILI	LLLFLLGTLLGTLLGYLLILI	-23.7413	-20.7047	0.693609	0.219549	981.348
LLLFLLGTLLGTLLGYLLILI	LLLFLLGTLLGTLLGTLLILI	-20.7047	-23.7413	0.219549	0.693609	978.717
LLLFLLGTLLGTLLGTLLILI	LLLFLLGVLLGTLLGTLLILI	-23.3064	-21.4712	1.12845	0.0952708	975.768
LLLFLLGVLLGTLLGTLLILI	LLLYLLGVLLGTLLGTLLILI	-21.3265	-23.5494	0.240035	0.650378	968.764
LLLYLLGVLLGTLLGTLLILI	LLLFLLGVLLGTLLGTLLILI	-23.5494	-21.3265	0.650378	0.240035	964.627
LLLFLLGVLLGTLLGTLLILI	LLLFLLGVLLGYLLGTLLILI	-21.0276	-17.6343	0.538845	0.30482	960.005
LLLFLLGVLLGYLLGTLLILI	LLLFLLGVLLGYLLGVLLILI	-17.5424	-13.7269	0.396733	0.424273	954.846
LLLFLLGVLLGYLLGVLLILI	LLLFLLGVLLGTLLGVLLILI	-13.6461	-17.5047	0.505042	0.328724	949.095
LLLFLLGVLLGTLLGVLLILI	LLLFLLGTLLGTLLGVLLILI	-17.5841	-20.0739	0.249358	0.632162	942.693
LLLFLLGTLLGTLLGVLLILI	LLLFLLGTLLGWLLGVLLILI	-20.3423	-19.4823	0.363705	0.460972	935.578
LLLFLLGTLLGWLLGVLLILI	LLLYLLGTLLGWLLGVLLILI	-19.7032	-21.821	0.240035	0.650378	927.683
LLLYLLGTLLGWLLGVLLILI	LLLYLLGTLLGWLLGTLLILI	-22.3337	-25.0873	0.137712	0.930859	918.939
LLLYLLGTLLGWLLGTLLILI	LLLFLLGTLLGWLLGTLLILI	-25.3678	-23.7491	0.650378	0.240035	909.276
LLLFLLGTLLGWLLGTLLILI	LLLFLLGTLLGTLLGTLLILI	-23.6459	-23.9489	0.343253	0.48602	886.903
LLLFLLGTLLGTLLGTLLILI	LLLFLLGTLLGWLLGTLLILI	-23.9489	-21.9372	0.48602	0.343253	874.051
LLLFLLGTLLGWLLGTLLILI	LLLYLLGTLLGWLLGTLLILI	-22.0404	-23.7029	0.240035	0.650378	859.999
LLLYLLGTLLGWLLGTLLILI	LLLFLLGTLLGWLLGTLLILI	-23.7029	-23.7491	0.650378	0.240035	844.686
LLLFLLGTLLGWLLGTLLILI	LLLFLLGTLLGTLLGTLLILI	-23.6459	-23.9489	0.343253	0.48602	828.061
LLLFLLGTLLGTLLGTLLILI	LLLFLLGTLLGWLLGTLLILI	-23.9489	-21.9372	0.48602	0.343253	810.083
LLLFLLGTLLGWLLGTLLILI	LLLFLLGTLLGTLLGTLLILI	-21.9372	-23.9489	0.343253	0.48602	790.724
LLLFLLGTLLGTLLGTLLILI	LLLYLLGTLLGTLLGTLLILI	-24.1948	-26.2627	0.240035	0.650378	769.974
LLLYLLGTLLGTLLGTLLILI	LLLYLLGVLLGTLLGTLLILI	-25.7846	-24.1752	1.12845	0.0952708	747.845
LLLYLLGVLLGTLLGTLLILI	LLLYLLGTLLGTLLGTLLILI	-24.1752	-25.3587	0.0952708	1.12845	699.602
LLLYLLGTLLGTLLGTLLILI	LLLYLLGVLLGTLLGTLLILI	-25.3587	-24.1752	1.12845	0.0952708	673.628
LLLYLLGVLLGTLLGTLLILI	LLLYLLGTLLGTLLGTLLILI	-24.1752	-25.3587	0.0952708	1.12845	646.557
LLLYLLGTLLGTLLGTLLILI	LLLYLLGVLLGTLLGTLLILI	-25.3587	-23.6496	1.12845	0.0952708	618.524
LLLYLLGVLLGTLLGTLLILI	LLLYLLGTLLGTLLGTLLILI	-23.6496	-26.2701	0.0952708	1.12845	589.688
LLLYLLGTLLGTLLGTLLILI	LLLYLLGTLLGWLLGTLLILI	-26.9125	-25.6749	0.48602	0.343253	530.348
LLLYLLGTLLGWLLGTLLILI	LLLYLLGTLLGTLLGTLLILI	-25.6749	-26.4853	0.343253	0.48602	500.25
LLLYLLGTLLGTLLGTLLILI	LLLYLLGVLLGTLLGTLLILI	-25.8428	-23.6191	1.12845	0.0952708	470.152
LLLYLLGVLLGTLLGTLLILI	LLLYLLGTLLGTLLGTLLILI	-23.6191	-25.3587	0.0952708	1.12845	410.812
LLLYLLGTLLGTLLGTLLILI	LLLYLLGTLLGWLLGTLLILI	-26.0012	-26.1742	0.48602	0.343253	326.872
LLLYLLGTLLGWLLGTLLILI	LLLYLLGTLLGTLLGTLLILI	-26.1742	-26.4853	0.343253	0.48602	300.898
LLLYLLGTLLGTLLGTLLILI	LLLYLLGTLLGWLLGTLLILI	-26.4853	-26.116	0.48602	0.343253	276.131
LLLYLLGTLLGWLLGTLLILI	LLLYLLGTLLGTLLGTLLILI	-26.116	-26.0012	0.343253	0.48602	230.526
LLLYLLGTLLGTLLGTLLILI	LLLYLLGTLLGWLLGTLLILI	-26.0012	-26.1742	0.48602	0.343253	172.439
LLLYLLGTLLGWLLGTLLILI	LLLYLLGTLLGTLLGTLLILI	-26.1742	-26.0012	0.343253	0.48602	155.814
LLLYLLGTLLGTLLGTLLILI	LLLYLLGTLLGWLLGTLLILI	-26.0012	-26.1742	0.48602	0.343253	113.597
LLLYLLGTLLGWLLGTLLILI	LLLYLLGTLLGTLLGTLLILI	-26.1742	-26.0012	0.343253	0.48602	72.8169
LLLYLLGTLLGTLLGTLLILI	LLLYLLGTLLGWLLGTLLILI	-26.0012	-26.1742	0.48602	0.343253	12.8564
LLLYLLGTLLGWLLGTLLILI	LLLYLLGTLLGTLLGTLLILI	-26.1742	-26.427	0.343253	0.48602	8.41632
Time: 82s
