MCAccept 0 xShift: 6.9 crossingAngle: -41.47 axialRotation: -4.58984 zShift: 1.04 energy: 287.839
MCAccept 1 xShift: 6.9 crossingAngle: -41.5859 axialRotation: -4.58984 zShift: 1.04 energy: 287.981
MCAccept 2 xShift: 6.9 crossingAngle: -41.5859 axialRotation: -4.58984 zShift: 1.04453 energy: 286.9
MCReject   xShift: 6.9 crossingAngle: -41.5859 axialRotation: -4.58984 zShift: 1.04352 energy: 287.248
MCReject   xShift: 6.9 crossingAngle: -41.5859 axialRotation: -4.58984 zShift: 1.03841 energy: 288.319
MCReject   xShift: 6.9 crossingAngle: -41.5326 axialRotation: -4.58984 zShift: 1.04453 energy: 287.044
MCReject   xShift: 6.9 crossingAngle: -41.5859 axialRotation: -4.49454 zShift: 1.04453 energy: 287.044
MCReject   xShift: 6.9 crossingAngle: -41.5859 axialRotation: -4.58984 zShift: 1.03999 energy: 287.984
MCReject   xShift: 6.9 crossingAngle: -41.4113 axialRotation: -4.58984 zShift: 1.04453 energy: 287.044
MCAccept 3 xShift: 6.9 crossingAngle: -41.5859 axialRotation: -4.58984 zShift: 1.05298 energy: 285.157
MCAccept 4 xShift: 6.9 crossingAngle: -41.5859 axialRotation: -4.42032 zShift: 1.05298 energy: 285.465
MCAccept 5 xShift: 6.9 crossingAngle: -41.5859 axialRotation: -4.42032 zShift: 1.05289 energy: 285.302
MCAccept 6 xShift: 6.9 crossingAngle: -41.5859 axialRotation: -4.42032 zShift: 1.05555 energy: 284.627
MCAccept 7 xShift: 6.9 crossingAngle: -41.5859 axialRotation: -4.42032 zShift: 1.05683 energy: 284.492
MCAccept 8 xShift: 6.91327 crossingAngle: -41.5859 axialRotation: -4.42032 zShift: 1.05683 energy: 284.492
MCReject   xShift: 6.91327 crossingAngle: -41.5859 axialRotation: -4.42032 zShift: 1.03545 energy: 288.939
MCAccept 9 xShift: 6.91387 crossingAngle: -41.5859 axialRotation: -4.42032 zShift: 1.05683 energy: 284.363
MCAccept 10 xShift: 6.91387 crossingAngle: -41.5859 axialRotation: -4.31223 zShift: 1.05683 energy: 284.485
MCAccept 11 xShift: 6.91387 crossingAngle: -41.4946 axialRotation: -4.31223 zShift: 1.05683 energy: 284.363
MCAccept 12 xShift: 6.91387 crossingAngle: -41.4946 axialRotation: -4.31223 zShift: 1.07989 energy: 279.937
MCAccept 13 xShift: 6.91387 crossingAngle: -41.4946 axialRotation: -4.31223 zShift: 1.08664 energy: 278.37
MCAccept 14 xShift: 6.91387 crossingAngle: -41.4946 axialRotation: -4.31223 zShift: 1.09485 energy: 276.712
MCAccept 15 xShift: 6.91387 crossingAngle: -41.4946 axialRotation: -4.31223 zShift: 1.10712 energy: 274.237
MCAccept 16 xShift: 6.91387 crossingAngle: -41.4946 axialRotation: -4.41191 zShift: 1.10712 energy: 274.237
MCAccept 17 xShift: 6.90157 crossingAngle: -41.4946 axialRotation: -4.41191 zShift: 1.10712 energy: 274.237
MCReject   xShift: 6.90157 crossingAngle: -41.4946 axialRotation: -4.09007 zShift: 1.10712 energy: 274.243
MCAccept 18 xShift: 6.90157 crossingAngle: -41.4783 axialRotation: -4.41191 zShift: 1.10712 energy: 274.243
MCAccept 19 xShift: 6.90157 crossingAngle: -41.3203 axialRotation: -4.41191 zShift: 1.10712 energy: 274.181
MCReject   xShift: 6.90157 crossingAngle: -41.3203 axialRotation: -4.41191 zShift: 1.10009 energy: 275.581
MCAccept 20 xShift: 6.90157 crossingAngle: -41.3236 axialRotation: -4.41191 zShift: 1.10712 energy: 274.182
MCAccept 21 xShift: 6.90157 crossingAngle: -41.1559 axialRotation: -4.41191 zShift: 1.10712 energy: 274.243
MCAccept 22 xShift: 6.91043 crossingAngle: -41.1559 axialRotation: -4.41191 zShift: 1.10712 energy: 274.243
MCAccept 23 xShift: 6.91043 crossingAngle: -41.1559 axialRotation: -4.21872 zShift: 1.10712 energy: 274.237
MCAccept 24 xShift: 6.91043 crossingAngle: -41.1434 axialRotation: -4.21872 zShift: 1.10712 energy: 274.181
MCAccept 25 xShift: 6.91043 crossingAngle: -41.1434 axialRotation: -4.17662 zShift: 1.10712 energy: 274.237
MCAccept 26 xShift: 6.91043 crossingAngle: -41.1434 axialRotation: -4.17662 zShift: 1.11292 energy: 273.083
MCAccept 27 xShift: 6.91043 crossingAngle: -41.1434 axialRotation: -4.26039 zShift: 1.11292 energy: 273.031
MCAccept 28 xShift: 6.91043 crossingAngle: -41.1434 axialRotation: -4.26039 zShift: 1.12731 energy: 270.224
MCAccept 29 xShift: 6.9279 crossingAngle: -41.1434 axialRotation: -4.26039 zShift: 1.12731 energy: 270.23
MCAccept 30 xShift: 6.9279 crossingAngle: -41.0571 axialRotation: -4.26039 zShift: 1.12731 energy: 270.23
MCAccept 31 xShift: 6.9279 crossingAngle: -41.0571 axialRotation: -4.17482 zShift: 1.12731 energy: 270.197
MCReject   xShift: 6.9279 crossingAngle: -41.3159 axialRotation: -4.17482 zShift: 1.12731 energy: 270.23
MCReject   xShift: 6.9279 crossingAngle: -41.1742 axialRotation: -4.17482 zShift: 1.12731 energy: 270.437
MCReject   xShift: 6.9279 crossingAngle: -41.0571 axialRotation: -4.22135 zShift: 1.12731 energy: 270.2
MCAccept 32 xShift: 6.9338 crossingAngle: -41.0571 axialRotation: -4.17482 zShift: 1.12731 energy: 270.2
MCAccept 33 xShift: 6.9338 crossingAngle: -41.0571 axialRotation: -4.10795 zShift: 1.12731 energy: 270.224
MCAccept 34 xShift: 6.9338 crossingAngle: -41.0571 axialRotation: -4.12359 zShift: 1.12731 energy: 270.224
MCAccept 35 xShift: 6.9338 crossingAngle: -41.1067 axialRotation: -4.12359 zShift: 1.12731 energy: 270.2
MCAccept 36 xShift: 6.9338 crossingAngle: -41.015 axialRotation: -4.12359 zShift: 1.12731 energy: 270.197
MCAccept 37 xShift: 6.9338 crossingAngle: -41.0969 axialRotation: -4.12359 zShift: 1.12731 energy: 270.197
MCAccept 38 xShift: 6.9338 crossingAngle: -41.2095 axialRotation: -4.12359 zShift: 1.12731 energy: 270.2
MCAccept 39 xShift: 6.92963 crossingAngle: -41.2095 axialRotation: -4.12359 zShift: 1.12731 energy: 270.224
MCReject   xShift: 6.92963 crossingAngle: -41.2095 axialRotation: -4.12359 zShift: 1.12404 energy: 270.869
MCReject   xShift: 6.92963 crossingAngle: -41.2095 axialRotation: -4.12359 zShift: 1.12013 energy: 271.644
MCAccept 40 xShift: 6.9241 crossingAngle: -41.2095 axialRotation: -4.12359 zShift: 1.12731 energy: 270.197
MCAccept 41 xShift: 6.9241 crossingAngle: -41.2095 axialRotation: -3.98263 zShift: 1.12731 energy: 270.2
MCAccept 42 xShift: 6.9241 crossingAngle: -41.2095 axialRotation: -3.98263 zShift: 1.12879 energy: 269.909
MCReject   xShift: 6.9241 crossingAngle: -41.2095 axialRotation: -3.98263 zShift: 1.114 energy: 273.564
MCAccept 43 xShift: 6.9241 crossingAngle: -41.2095 axialRotation: -4.00774 zShift: 1.12879 energy: 269.934
MCAccept 44 xShift: 6.93319 crossingAngle: -41.2095 axialRotation: -4.00774 zShift: 1.12879 energy: 269.934
MCAccept 45 xShift: 6.93319 crossingAngle: -41.2095 axialRotation: -4.16697 zShift: 1.12879 energy: 269.934
MCReject   xShift: 6.93319 crossingAngle: -41.2095 axialRotation: -4.16697 zShift: 1.12355 energy: 270.935
MCAccept 46 xShift: 6.93623 crossingAngle: -41.2095 axialRotation: -4.16697 zShift: 1.12879 energy: 269.912
MCReject   xShift: 6.93623 crossingAngle: -41.2095 axialRotation: -4.08869 zShift: 1.12879 energy: 269.934
MCAccept 47 xShift: 6.93623 crossingAngle: -41.2716 axialRotation: -4.16697 zShift: 1.12879 energy: 269.934
MCAccept 48 xShift: 6.93623 crossingAngle: -41.2272 axialRotation: -4.16697 zShift: 1.12879 energy: 269.934
MCReject   xShift: 6.94374 crossingAngle: -41.2272 axialRotation: -4.16697 zShift: 1.12879 energy: 270.131
MCAccept 49 xShift: 6.93623 crossingAngle: -41.3567 axialRotation: -4.16697 zShift: 1.12879 energy: 269.912
MCReject   xShift: 6.93623 crossingAngle: -41.3567 axialRotation: -4.16697 zShift: 1.11911 energy: 272.055
MCAccept 50 xShift: 6.94962 crossingAngle: -41.3567 axialRotation: -4.16697 zShift: 1.12879 energy: 269.934
MCAccept 51 xShift: 6.96164 crossingAngle: -41.3567 axialRotation: -4.16697 zShift: 1.12879 energy: 269.909
MCReject   xShift: 6.96164 crossingAngle: -41.3567 axialRotation: -4.16697 zShift: 1.12714 energy: 270.257
MCAccept 52 xShift: 6.96164 crossingAngle: -41.3567 axialRotation: -4.16697 zShift: 1.13423 energy: 269.478
MCAccept 53 xShift: 6.96164 crossingAngle: -41.4269 axialRotation: -4.16697 zShift: 1.13423 energy: 268.851
MCAccept 54 xShift: 6.96164 crossingAngle: -41.3384 axialRotation: -4.16697 zShift: 1.13423 energy: 268.87
MCAccept 55 xShift: 6.96164 crossingAngle: -41.3384 axialRotation: -4.1902 zShift: 1.13423 energy: 268.851
MCReject   xShift: 6.96164 crossingAngle: -41.3384 axialRotation: -4.10262 zShift: 1.13423 energy: 269.641
MCReject   xShift: 6.96753 crossingAngle: -41.3384 axialRotation: -4.1902 zShift: 1.13423 energy: 269.478
MCAccept 56 xShift: 6.94624 crossingAngle: -41.3384 axialRotation: -4.1902 zShift: 1.13423 energy: 268.87
MCAccept 57 xShift: 6.95547 crossingAngle: -41.3384 axialRotation: -4.1902 zShift: 1.13423 energy: 268.87
MCAccept 58 xShift: 6.95547 crossingAngle: -41.3384 axialRotation: -4.1902 zShift: 1.1445 energy: 266.862
MCAccept 59 xShift: 6.95547 crossingAngle: -41.3384 axialRotation: -4.1902 zShift: 1.1448 energy: 266.805
MCReject   xShift: 6.95547 crossingAngle: -41.3384 axialRotation: -4.1902 zShift: 1.14067 energy: 267.607
MCReject   xShift: 6.95547 crossingAngle: -41.3384 axialRotation: -4.1902 zShift: 1.13017 energy: 269.639
MCReject   xShift: 6.95547 crossingAngle: -41.3384 axialRotation: -4.1902 zShift: 1.13965 energy: 267.803
MCReject   xShift: 6.95547 crossingAngle: -41.3384 axialRotation: -4.1902 zShift: 1.13859 energy: 268.018
MCAccept 60 xShift: 6.95547 crossingAngle: -41.3384 axialRotation: -4.24053 zShift: 1.1448 energy: 266.805
MCAccept 61 xShift: 6.95547 crossingAngle: -41.3384 axialRotation: -4.13254 zShift: 1.1448 energy: 266.805
MCAccept 62 xShift: 6.95547 crossingAngle: -41.3384 axialRotation: -4.13254 zShift: 1.14658 energy: 266.459
MCAccept 63 xShift: 6.95547 crossingAngle: -41.3384 axialRotation: -3.97568 zShift: 1.14658 energy: 266.459
MCAccept 64 xShift: 6.95547 crossingAngle: -41.3384 axialRotation: -3.97568 zShift: 1.15167 energy: 265.67
MCAccept 65 xShift: 6.95547 crossingAngle: -41.3384 axialRotation: -3.99127 zShift: 1.15167 energy: 265.476
MCAccept 66 xShift: 6.95547 crossingAngle: -41.3384 axialRotation: -3.96908 zShift: 1.15167 energy: 265.476
MCAccept 67 xShift: 6.95547 crossingAngle: -41.4515 axialRotation: -3.96908 zShift: 1.15167 energy: 265.476
MCAccept 68 xShift: 6.95547 crossingAngle: -41.3208 axialRotation: -3.96908 zShift: 1.15167 energy: 265.482
MCAccept 69 xShift: 6.95547 crossingAngle: -41.2458 axialRotation: -3.96908 zShift: 1.15167 energy: 265.492
MCAccept 70 xShift: 6.95547 crossingAngle: -41.2458 axialRotation: -3.91904 zShift: 1.15167 energy: 265.476
MCAccept 71 xShift: 6.95547 crossingAngle: -41.2458 axialRotation: -3.76725 zShift: 1.15167 energy: 265.476
MCAccept 72 xShift: 6.95547 crossingAngle: -41.44 axialRotation: -3.76725 zShift: 1.15167 energy: 265.482
MCAccept 73 xShift: 6.95654 crossingAngle: -41.44 axialRotation: -3.76725 zShift: 1.15167 energy: 265.476
MCAccept 74 xShift: 6.95654 crossingAngle: -41.4687 axialRotation: -3.76725 zShift: 1.15167 energy: 265.482
MCReject   xShift: 6.95654 crossingAngle: -41.3583 axialRotation: -3.76725 zShift: 1.15167 energy: 265.67
MCAccept 75 xShift: 6.96052 crossingAngle: -41.4687 axialRotation: -3.76725 zShift: 1.15167 energy: 265.482
MCAccept 76 xShift: 6.95243 crossingAngle: -41.4687 axialRotation: -3.76725 zShift: 1.15167 energy: 265.476
MCReject   xShift: 6.9765 crossingAngle: -41.4687 axialRotation: -3.76725 zShift: 1.15167 energy: 265.489
MCReject   xShift: 6.95961 crossingAngle: -41.4687 axialRotation: -3.76725 zShift: 1.15167 energy: 266.246
MCAccept 77 xShift: 6.94827 crossingAngle: -41.4687 axialRotation: -3.76725 zShift: 1.15167 energy: 265.476
MCAccept 78 xShift: 6.94827 crossingAngle: -41.3012 axialRotation: -3.76725 zShift: 1.15167 energy: 265.476
MCAccept 79 xShift: 6.95259 crossingAngle: -41.3012 axialRotation: -3.76725 zShift: 1.15167 energy: 265.482
MCAccept 80 xShift: 6.93144 crossingAngle: -41.3012 axialRotation: -3.76725 zShift: 1.15167 energy: 265.476
MCAccept 81 xShift: 6.93144 crossingAngle: -41.3012 axialRotation: -3.76725 zShift: 1.15353 energy: 265.124
MCAccept 82 xShift: 6.93144 crossingAngle: -41.3151 axialRotation: -3.76725 zShift: 1.15353 energy: 265.118
MCAccept 83 xShift: 6.93144 crossingAngle: -41.2497 axialRotation: -3.76725 zShift: 1.15353 energy: 265.118
MCReject   xShift: 6.93144 crossingAngle: -41.2244 axialRotation: -3.76725 zShift: 1.15353 energy: 265.124
MCReject   xShift: 6.93144 crossingAngle: -41.2497 axialRotation: -3.51185 zShift: 1.15353 energy: 265.124
MCAccept 84 xShift: 6.93144 crossingAngle: -41.2497 axialRotation: -3.76725 zShift: 1.16283 energy: 263.572
MCAccept 85 xShift: 6.93144 crossingAngle: -41.1928 axialRotation: -3.76725 zShift: 1.16283 energy: 263.337
MCAccept 86 xShift: 6.94862 crossingAngle: -41.1928 axialRotation: -3.76725 zShift: 1.16283 energy: 263.337
MCAccept 87 xShift: 6.94862 crossingAngle: -41.1928 axialRotation: -4.01991 zShift: 1.16283 energy: 263.337
MCReject   xShift: 6.94862 crossingAngle: -41.1928 axialRotation: -4.0688 zShift: 1.16283 energy: 263.343
MCAccept 88 xShift: 6.94862 crossingAngle: -41.3587 axialRotation: -4.01991 zShift: 1.16283 energy: 263.337
MCAccept 89 xShift: 6.94862 crossingAngle: -41.3235 axialRotation: -4.01991 zShift: 1.16283 energy: 263.337
MCReject   xShift: 6.93983 crossingAngle: -41.3235 axialRotation: -4.01991 zShift: 1.16283 energy: 263.343
MCReject   xShift: 6.94862 crossingAngle: -41.3235 axialRotation: -3.99833 zShift: 1.16283 energy: 263.343
MCReject   xShift: 6.94862 crossingAngle: -41.3235 axialRotation: -4.01991 zShift: 1.15022 energy: 265.755
MCAccept 90 xShift: 6.92616 crossingAngle: -41.3235 axialRotation: -4.01991 zShift: 1.16283 energy: 263.337
MCReject   xShift: 6.92616 crossingAngle: -41.3224 axialRotation: -4.01991 zShift: 1.16283 energy: 263.343
MCAccept 91 xShift: 6.92616 crossingAngle: -41.3235 axialRotation: -4.01991 zShift: 1.16594 energy: 262.787
MCReject   xShift: 6.92616 crossingAngle: -41.3235 axialRotation: -4.01991 zShift: 1.15999 energy: 263.909
MCAccept 92 xShift: 6.92616 crossingAngle: -41.3235 axialRotation: -4.01991 zShift: 1.1717 energy: 261.654
MCReject   xShift: 6.92694 crossingAngle: -41.3235 axialRotation: -4.01991 zShift: 1.1717 energy: 261.66
MCAccept 93 xShift: 6.93805 crossingAngle: -41.3235 axialRotation: -4.01991 zShift: 1.1717 energy: 261.654
MCReject   xShift: 6.93805 crossingAngle: -41.38 axialRotation: -4.01991 zShift: 1.1717 energy: 261.66
MCReject   xShift: 6.93805 crossingAngle: -41.3235 axialRotation: -4.01991 zShift: 1.15786 energy: 264.287
MCReject   xShift: 6.93805 crossingAngle: -41.3235 axialRotation: -4.01991 zShift: 1.17514 energy: 261.785
MCReject   xShift: 6.93805 crossingAngle: -41.3235 axialRotation: -4.09649 zShift: 1.1717 energy: 261.66
MCReject   xShift: 6.93805 crossingAngle: -41.3235 axialRotation: -4.01991 zShift: 1.1667 energy: 262.6
MCAccept 94 xShift: 6.94468 crossingAngle: -41.3235 axialRotation: -4.01991 zShift: 1.1717 energy: 261.654
MCReject   xShift: 6.93228 crossingAngle: -41.3235 axialRotation: -4.01991 zShift: 1.1717 energy: 262.434
MCAccept 95 xShift: 6.94468 crossingAngle: -41.3235 axialRotation: -4.01991 zShift: 1.18132 energy: 259.846
MCAccept 96 xShift: 6.94468 crossingAngle: -41.3235 axialRotation: -4.01991 zShift: 1.20197 energy: 256.141
MCReject   xShift: 6.94468 crossingAngle: -41.3235 axialRotation: -4.00449 zShift: 1.20197 energy: 256.781
MCAccept 97 xShift: 6.94468 crossingAngle: -41.4533 axialRotation: -4.01991 zShift: 1.20197 energy: 256.035
MCAccept 98 xShift: 6.94468 crossingAngle: -41.4533 axialRotation: -4.01991 zShift: 1.21903 energy: 253.074
Energy #0: 253.074
***GEOMETRY SHIFT***
xShift;        Before: 6.9; After: 6.94468
crossingAngle; Before: -41.47; After: -41.4533
axialRotation; Before: -4.32; After: -4.01991
zShift;        Before: 1.04; After: 1.21903
Energy;        Before: 9.08579e+09; After: 253.074

Completed all cycles. Accepted 99/144
Monte Carlo repack complete. Time: 53.6333min

Final energy is 253.074 after repack, indicating clashes. Choose a different geometry
