***STARTING GEOMETRY:***
xShift: 6.70033
crossingAngle: -42.9872
axialRotation: -30.3808
zShift: 4.46248

Number of MCCycles: 200
PrevSequence	CurrSequence	PrevEnergy	CurrEnergy	PrevEntropy	CurrEntropy	CurrentTemp
LLLYGLLTGLLTGLLTTLILI	LLLYGLLYGLLTGLLTTLILI	564.098	564.99	0.538845	0.30482	999.847
LLLYGLLYGLLTGLLTTLILI	LLLYGLLTGLLTGLLTTLILI	564.99	563.686	0.30482	0.538845	999.684
LLLYGLLTGLLTGLLTTLILI	LLLYGLLTGLLTGLLITLILI	564.403	565.969	1.2552	0.0756774	999.512
LLLYGLLTGLLTGLLITLILI	LLLYGLLYGLLTGLLITLILI	566.337	567.814	0.443059	0.379341	999.328
LLLYGLLYGLLTGLLITLILI	LLLYGLLYGLLIGLLITLILI	568.051	571.48	0.616541	0.257708	999.134
LLLYGLLYGLLIGLLITLILI	LLLYGLLYGLLTGLLITLILI	571.48	568.051	0.257708	0.616541	998.928
LLLYGLLYGLLTGLLITLILI	LLLYGLLYGLLTGLLTTLILI	567.534	565.793	0.098896	1.10811	998.708
LLLYGLLYGLLTGLLTTLILI	LLLYGLLTGLLTGLLTTLILI	564.99	563.686	0.30482	0.538845	998.476
LLLYGLLTGLLTGLLTTLILI	LLLGGLLTGLLTGLLTTLILI	563.361	564.42	0.213262	0.707856	998.229
LLLGGLLTGLLTGLLTTLILI	LLLGGLLYGLLTGLLTTLILI	564.528	565.579	0.816184	0.171816	997.967
LLLGGLLYGLLTGLLTTLILI	LLLYGLLYGLLTGLLTTLILI	565.861	565.055	0.453966	0.369715	997.689
LLLYGLLYGLLTGLLTTLILI	LLLYGLLYGLLTGLLTVLILI	565.813	569.03	1.12845	0.0952708	997.394
LLLYGLLYGLLTGLLTVLILI	LLLYGLLYGLLTGLLTTLILI	569.03	565.813	0.0952708	1.12845	997.081
LLLYGLLYGLLTGLLTTLILI	LLLYGLLYGLLTGLLITLILI	565.793	567.534	1.10811	0.098896	996.749
LLLYGLLYGLLTGLLITLILI	LLLYGLLYGLLIGLLITLILI	568.051	571.48	0.616541	0.257708	996.397
LLLYGLLYGLLIGLLITLILI	LLLYGLLYGLLIGLLTTLILI	571.48	569.132	0.257708	0.616541	996.023
LLLYGLLYGLLIGLLTTLILI	LLLYGLLYGLLTGLLTTLILI	568.614	565.793	0.098896	1.10811	995.626
LLLYGLLYGLLTGLLTTLILI	LLLYGLLTGLLTGLLTTLILI	564.99	563.686	0.30482	0.538845	995.205
LLLYGLLTGLLTGLLTTLILI	LLLGGLLTGLLTGLLTTLILI	563.361	564.42	0.213262	0.707856	993.782
LLLGGLLTGLLTGLLTTLILI	LLLGGLLYGLLTGLLTTLILI	564.528	565.579	0.816184	0.171816	993.249
LLLGGLLYGLLTGLLTTLILI	LLLYGLLYGLLTGLLTTLILI	565.861	565.055	0.453966	0.369715	992.683
LLLYGLLYGLLTGLLTTLILI	LLLYGLLYGLLIGLLTTLILI	565.793	568.614	1.10811	0.098896	992.084
LLLYGLLYGLLIGLLTTLILI	LLLYGLLTGLLIGLLTTLILI	568.895	567.207	0.379341	0.443059	991.448
LLLYGLLTGLLIGLLTTLILI	LLLYGLLYGLLIGLLTTLILI	567.207	568.895	0.443059	0.379341	990.773
LLLYGLLYGLLIGLLTTLILI	LLLYGLLYGLLIGLLITLILI	569.132	571.48	0.616541	0.257708	989.3
LLLYGLLYGLLIGLLITLILI	LLLGGLLYGLLIGLLITLILI	571.592	572.386	0.369715	0.453966	988.496
LLLGGLLYGLLIGLLITLILI	LLLYGLLYGLLIGLLITLILI	572.386	571.592	0.453966	0.369715	987.644
LLLYGLLYGLLIGLLITLILI	LLLGGLLYGLLIGLLITLILI	571.592	572.386	0.369715	0.453966	986.74
LLLGGLLYGLLIGLLITLILI	LLLGGLLYGLLTGLLITLILI	572.19	568.772	0.257708	0.616541	985.783
LLLGGLLYGLLTGLLITLILI	LLLGGLLYGLLTGLLTTLILI	568.254	566.515	0.098896	1.10811	984.769
LLLGGLLYGLLTGLLTTLILI	LLLYGLLYGLLTGLLTTLILI	565.861	565.055	0.453966	0.369715	983.694
LLLYGLLYGLLTGLLTTLILI	LLLYGLLTGLLTGLLTTLILI	564.99	563.686	0.30482	0.538845	982.555
LLLYGLLTGLLTGLLTTLILI	LLLGGLLTGLLTGLLTTLILI	563.361	564.42	0.213262	0.707856	981.348
LLLGGLLTGLLTGLLTTLILI	LLLYGLLTGLLTGLLTTLILI	564.42	563.361	0.707856	0.213262	980.071
LLLYGLLTGLLTGLLTTLILI	LLLYGLLTGLLTGLLITLILI	564.403	565.969	1.2552	0.0756774	978.717
LLLYGLLTGLLTGLLITLILI	LLLYGLLTGLLTGLLIVLILI	567.022	570.267	1.12845	0.0952708	977.285
LLLYGLLTGLLTGLLIVLILI	LLLTGLLTGLLTGLLIVLILI	570.391	571.23	0.219549	0.693609	975.768
LLLTGLLTGLLTGLLIVLILI	LLLTGLLTGLLTGLLITLILI	570.609	567.535	0.0728516	1.27634	974.162
LLLTGLLTGLLTGLLITLILI	LLLTGLLTGLLTGLLTTLILI	566.32	564.885	0.0612961	1.37292	972.463
LLLTGLLTGLLTGLLTTLILI	LLLYGLLTGLLTGLLTTLILI	564.43	563.289	0.917682	0.141213	970.666
LLLYGLLTGLLTGLLTTLILI	LLLGGLLTGLLTGLLTTLILI	563.361	564.42	0.213262	0.707856	966.754
LLLGGLLTGLLTGLLTTLILI	LLLGGLLYGLLTGLLTTLILI	564.528	565.579	0.816184	0.171816	964.627
LLLGGLLYGLLTGLLTTLILI	LLLGGLLTGLLTGLLTTLILI	565.579	564.528	0.171816	0.816184	962.38
LLLGGLLTGLLTGLLTTLILI	LLLYGLLTGLLTGLLTTLILI	564.42	563.361	0.707856	0.213262	960.005
LLLYGLLTGLLTGLLTTLILI	LLLYGLLYGLLTGLLTTLILI	563.686	564.99	0.538845	0.30482	957.496
LLLYGLLYGLLTGLLTTLILI	LLLYGLLYGLLTGLLTVLILI	565.813	569.03	1.12845	0.0952708	954.846
LLLYGLLYGLLTGLLTVLILI	LLLYGLLYGLLTGLLTTLILI	569.03	565.813	0.0952708	1.12845	952.048
LLLYGLLYGLLTGLLTTLILI	LLLYGLLTGLLTGLLTTLILI	564.99	563.686	0.30482	0.538845	949.095
LLLYGLLTGLLTGLLTTLILI	LLLGGLLTGLLTGLLTTLILI	563.361	564.42	0.213262	0.707856	942.693
LLLGGLLTGLLTGLLTTLILI	LLLGGLLTGLLTGLLITLILI	564.967	566.534	1.2552	0.0756774	939.229
LLLGGLLTGLLTGLLITLILI	LLLYGLLTGLLTGLLITLILI	567.166	566.107	0.707856	0.213262	931.732
LLLYGLLTGLLTGLLITLILI	LLLYGLLTGLLTGLLIVLILI	567.022	570.267	1.12845	0.0952708	927.683
LLLYGLLTGLLTGLLIVLILI	LLLYGLLTGLLTGLLTVLILI	570.27	568.507	0.098896	1.10811	923.422
LLLYGLLTGLLTGLLTVLILI	LLLYGLLTGLLTGLLIVLILI	568.507	570.27	1.10811	0.098896	914.227
LLLYGLLTGLLTGLLIVLILI	LLLTGLLTGLLTGLLIVLILI	570.391	571.23	0.219549	0.693609	909.276
LLLTGLLTGLLTGLLIVLILI	LLLTGLLTGLLTGLLTVLILI	570.612	569.019	0.0756774	1.2552	904.077
LLLTGLLTGLLTGLLTVLILI	LLLTGLLTGLLTGLLTTLILI	567.823	564.907	0.0589809	1.39457	898.621
LLLTGLLTGLLTGLLTTLILI	LLLTGLLTGLLTGLLITLILI	564.885	566.32	1.37292	0.0612961	892.899
LLLTGLLTGLLTGLLITLILI	LLLTGLLVGLLTGLLITLILI	567.535	570.047	1.27634	0.0728516	886.903
LLLTGLLVGLLTGLLITLILI	LLLYGLLVGLLTGLLITLILI	570.668	569.883	0.693609	0.219549	880.623
LLLYGLLVGLLTGLLITLILI	LLLYGLLVGLLTGLLTTLILI	569.762	568.026	0.098896	1.10811	874.051
LLLYGLLVGLLTGLLTTLILI	LLLGGLLVGLLTGLLTTLILI	567.131	568.005	0.213262	0.707856	859.999
LLLGGLLVGLLTGLLTTLILI	LLLYGLLVGLLTGLLTTLILI	568.005	567.131	0.707856	0.213262	852.504
LLLYGLLVGLLTGLLTTLILI	LLLYGLLVGLLIGLLTTLILI	568.026	570.631	1.10811	0.098896	844.686
LLLYGLLVGLLIGLLTTLILI	LLLYGLLTGLLIGLLTTLILI	570.627	567.892	0.0952708	1.12845	836.541
LLLYGLLTGLLIGLLTTLILI	LLLYGLLTGLLTGLLTTLILI	566.839	564.403	0.0756774	1.2552	828.061
LLLYGLLTGLLTGLLTTLILI	LLLYGLLTGLLTGLLYTLILI	563.686	565.664	0.538845	0.30482	819.243
LLLYGLLTGLLTGLLYTLILI	LLLGGLLTGLLTGLLYTLILI	565.728	569.92	0.369715	0.453966	810.083
LLLGGLLTGLLTGLLYTLILI	LLLYGLLTGLLTGLLYTLILI	569.92	567.353	0.453966	0.369715	800.577
LLLYGLLTGLLTGLLYTLILI	LLLYGLLTGLLTGLLTTLILI	567.288	563.686	0.30482	0.538845	790.724
LLLYGLLTGLLTGLLTTLILI	LLLYGLLTGLLTGLLITLILI	564.403	565.969	1.2552	0.0756774	780.523
LLLYGLLTGLLTGLLITLILI	LLLYGLLTGLLTGLLTTLILI	565.969	564.403	0.0756774	1.2552	769.974
LLLYGLLTGLLTGLLTTLILI	LLLYGLLTGLLIGLLTTLILI	564.403	566.839	1.2552	0.0756774	759.081
LLLYGLLTGLLIGLLTTLILI	LLLTGLLTGLLIGLLTTLILI	566.936	567.942	0.171816	0.816184	747.845
LLLTGLLTGLLIGLLTTLILI	LLLTGLLTGLLTGLLTTLILI	567.187	564.885	0.0612961	1.37292	736.272
LLLTGLLTGLLTGLLTTLILI	LLLYGLLTGLLTGLLTTLILI	564.43	563.289	0.917682	0.141213	724.369
LLLYGLLTGLLTGLLTTLILI	LLLYGLLTGLLTGLLTVLILI	564.424	567.472	1.27634	0.0728516	712.142
LLLYGLLTGLLTGLLTVLILI	LLLYGLLTGLLTGLLTTLILI	567.472	564.424	0.0728516	1.27634	699.602
LLLYGLLTGLLTGLLTTLILI	LLLGGLLTGLLTGLLTTLILI	563.361	564.42	0.213262	0.707856	673.628
LLLGGLLTGLLTGLLTTLILI	LLLYGLLTGLLTGLLTTLILI	564.42	563.361	0.707856	0.213262	660.222
LLLYGLLTGLLTGLLTTLILI	LLLYGLLTGLLTGLLYTLILI	563.686	563.746	0.538845	0.30482	646.557
LLLYGLLTGLLTGLLYTLILI	LLLYGLLTGLLTGLLTTLILI	563.746	563.686	0.30482	0.538845	618.524
LLLYGLLTGLLTGLLTTLILI	LLLGGLLTGLLTGLLTTLILI	563.361	564.42	0.213262	0.707856	604.196
LLLGGLLTGLLTGLLTTLILI	LLLYGLLTGLLTGLLTTLILI	564.42	563.361	0.707856	0.213262	589.688
LLLYGLLTGLLTGLLTTLILI	LLLGGLLTGLLTGLLTTLILI	563.361	564.42	0.213262	0.707856	575.025
LLLGGLLTGLLTGLLTTLILI	LLLYGLLTGLLTGLLTTLILI	564.42	563.361	0.707856	0.213262	560.23
LLLYGLLTGLLTGLLTTLILI	LLLYGLLYGLLTGLLTTLILI	563.686	564.99	0.538845	0.30482	515.312
LLLYGLLYGLLTGLLTTLILI	LLLYGLLTGLLTGLLTTLILI	564.99	563.686	0.30482	0.538845	500.25
LLLYGLLTGLLTGLLTTLILI	LLLYGLLTGLLTGLLITLILI	564.403	565.969	1.2552	0.0756774	470.152
LLLYGLLTGLLTGLLITLILI	LLLTGLLTGLLTGLLITLILI	566.065	567.075	0.171816	0.816184	455.171
LLLTGLLTGLLTGLLITLILI	LLLTGLLVGLLTGLLITLILI	567.535	570.047	1.27634	0.0728516	425.475
LLLTGLLVGLLTGLLITLILI	LLLTGLLTGLLTGLLITLILI	570.047	567.535	0.0728516	1.27634	410.812
LLLTGLLTGLLTGLLITLILI	LLLYGLLTGLLTGLLITLILI	567.075	566.065	0.816184	0.171816	396.304
LLLYGLLTGLLTGLLITLILI	LLLYGLLTGLLTGLLTTLILI	565.969	564.403	0.0756774	1.2552	381.976
LLLYGLLTGLLTGLLTTLILI	LLLGGLLTGLLTGLLTTLILI	563.361	564.42	0.213262	0.707856	353.943
LLLGGLLTGLLTGLLTTLILI	LLLYGLLTGLLTGLLTTLILI	564.42	563.361	0.707856	0.213262	326.872
LLLYGLLTGLLTGLLTTLILI	LLLGGLLTGLLTGLLTTLILI	563.361	564.42	0.213262	0.707856	241.419
LLLGGLLTGLLTGLLTTLILI	LLLYGLLTGLLTGLLTTLILI	564.42	563.361	0.707856	0.213262	219.977
LLLYGLLTGLLTGLLTTLILI	LLLYGLLTGLLTGLLITLILI	564.403	565.969	1.2552	0.0756774	190.417
LLLYGLLTGLLTGLLITLILI	LLLYGLLTGLLTGLLTTLILI	565.969	564.403	0.0756774	1.2552	181.257
Time: 203s
