***STARTING GEOMETRY:***
xShift: 6.75
crossingAngle: -44.26
axialRotation: -30
zShift: 4.51

Number of MCCycles: 200
PrevSequence	CurrSequence	PrevEnergy	CurrEnergy	PrevEntropy	CurrEntropy	CurrentTemp
LLLYGLLTGLLTGLLTTLILI	LLLYGLLYGLLTGLLTTLILI	592.283	593.189	0.538845	0.30482	999.847
LLLYGLLYGLLTGLLTTLILI	LLLYGLLTGLLTGLLTTLILI	593.189	591.87	0.30482	0.538845	999.512
LLLYGLLTGLLTGLLTTLILI	LLLYGLLYGLLTGLLTTLILI	591.87	593.189	0.538845	0.30482	999.328
LLLYGLLYGLLTGLLTTLILI	LLLYGLLTGLLTGLLTTLILI	593.189	591.87	0.30482	0.538845	999.134
LLLYGLLTGLLTGLLTTLILI	LLLYGLLYGLLTGLLTTLILI	591.87	593.189	0.538845	0.30482	998.928
LLLYGLLYGLLTGLLTTLILI	LLLYGLLYGLLTGLLTVLILI	594.012	597.165	1.12845	0.0952708	998.708
LLLYGLLYGLLTGLLTVLILI	LLLYGLLYGLLTGLLTTLILI	597.165	594.012	0.0952708	1.12845	998.476
LLLYGLLYGLLTGLLTTLILI	LLLGGLLYGLLTGLLTTLILI	593.253	594.146	0.369715	0.453966	998.229
LLLGGLLYGLLTGLLTTLILI	LLLGGLLYGLLIGLLTTLILI	594.8	598.008	1.10811	0.098896	997.967
LLLGGLLYGLLIGLLTTLILI	LLLGGLLYGLLTGLLTTLILI	598.008	594.8	0.098896	1.10811	997.394
LLLGGLLYGLLTGLLTTLILI	LLLGGLLTGLLTGLLTTLILI	593.864	592.794	0.171816	0.816184	997.081
LLLGGLLTGLLTGLLTTLILI	LLLGGLLYGLLTGLLTTLILI	592.794	593.864	0.816184	0.171816	996.749
LLLGGLLYGLLTGLLTTLILI	LLLGGLLTGLLTGLLTTLILI	593.864	592.794	0.171816	0.816184	996.397
LLLGGLLTGLLTGLLTTLILI	LLLGGLLTGLLTGLLTVLILI	593.254	596.239	1.27634	0.0728516	996.023
LLLGGLLTGLLTGLLTVLILI	LLLGGLLTGLLTGLLIVLILI	597.274	599.032	1.10811	0.098896	995.626
LLLGGLLTGLLTGLLIVLILI	LLLGGLLTGLLTGLLITLILI	599.028	595.848	0.0952708	1.12845	995.205
LLLGGLLTGLLTGLLITLILI	LLLGGLLTGLLTGLLTTLILI	594.795	593.233	0.0756774	1.2552	994.758
LLLGGLLTGLLTGLLTTLILI	LLLGGLLYGLLTGLLTTLILI	592.794	593.864	0.816184	0.171816	994.285
LLLGGLLYGLLTGLLTTLILI	LLLGGLLTGLLTGLLTTLILI	593.864	592.794	0.171816	0.816184	993.782
LLLGGLLTGLLTGLLTTLILI	LLLYGLLTGLLTGLLTTLILI	592.685	591.545	0.707856	0.213262	993.249
LLLYGLLTGLLTGLLTTLILI	LLLYGLLTGLLIGLLTTLILI	592.587	595.421	1.2552	0.0756774	992.683
LLLYGLLTGLLIGLLTTLILI	LLLTGLLTGLLIGLLTTLILI	595.517	596.604	0.171816	0.816184	992.084
LLLTGLLTGLLIGLLTTLILI	LLLYGLLTGLLIGLLTTLILI	596.604	595.517	0.816184	0.171816	991.448
LLLYGLLTGLLIGLLTTLILI	LLLYGLLTGLLIGLLTVLILI	596.473	599.63	1.12845	0.0952708	990.773
LLLYGLLTGLLIGLLTVLILI	LLLYGLLTGLLIGLLTTLILI	599.63	596.473	0.0952708	1.12845	990.058
LLLYGLLTGLLIGLLTTLILI	LLLYGLLYGLLIGLLTTLILI	595.788	597.491	0.443059	0.379341	989.3
LLLYGLLYGLLIGLLTTLILI	LLLYGLLYGLLIGLLITLILI	597.729	600.072	0.616541	0.257708	988.496
LLLYGLLYGLLIGLLITLILI	LLLYGLLYGLLIGLLTTLILI	600.072	597.729	0.257708	0.616541	987.644
LLLYGLLYGLLIGLLTTLILI	LLLGGLLYGLLIGLLTTLILI	597.482	598.363	0.369715	0.453966	986.74
LLLGGLLYGLLIGLLTTLILI	LLLYGLLYGLLIGLLTTLILI	598.363	597.482	0.453966	0.369715	985.783
LLLYGLLYGLLIGLLTTLILI	LLLGGLLYGLLIGLLTTLILI	597.482	598.363	0.369715	0.453966	984.769
LLLGGLLYGLLIGLLTTLILI	LLLYGLLYGLLIGLLTTLILI	598.363	597.482	0.453966	0.369715	983.694
LLLYGLLYGLLIGLLTTLILI	LLLYGLLTGLLIGLLTTLILI	597.491	595.788	0.379341	0.443059	982.555
LLLYGLLTGLLIGLLTTLILI	LLLYGLLTGLLTGLLTTLILI	595.421	592.587	0.0756774	1.2552	981.348
LLLYGLLTGLLTGLLTTLILI	LLLYGLLTGLLTGLLTVLILI	592.608	595.593	1.27634	0.0728516	980.071
LLLYGLLTGLLTGLLTVLILI	LLLYGLLYGLLTGLLTVLILI	595.963	597.449	0.443059	0.379341	978.717
LLLYGLLYGLLTGLLTVLILI	LLLYGLLYGLLTGLLIVLILI	597.982	599.983	0.911943	0.142768	977.285
LLLYGLLYGLLTGLLIVLILI	LLLYGLLYGLLTGLLITLILI	599.978	596.56	0.137712	0.930859	975.768
LLLYGLLYGLLTGLLITLILI	LLLYGLLYGLLTGLLTTLILI	595.728	593.992	0.098896	1.10811	974.162
LLLYGLLYGLLTGLLTTLILI	LLLGGLLYGLLTGLLTTLILI	593.253	594.146	0.369715	0.453966	972.463
LLLGGLLYGLLTGLLTTLILI	LLLGGLLTGLLTGLLTTLILI	593.864	592.794	0.171816	0.816184	970.666
LLLGGLLTGLLTGLLTTLILI	LLLYGLLTGLLTGLLTTLILI	592.685	591.545	0.707856	0.213262	968.764
LLLYGLLTGLLTGLLTTLILI	LLLYGLLYGLLTGLLTTLILI	591.87	593.189	0.538845	0.30482	966.754
LLLYGLLYGLLTGLLTTLILI	LLLYGLLYGLLIGLLTTLILI	593.992	597.211	1.10811	0.098896	962.38
LLLYGLLYGLLIGLLTTLILI	LLLGGLLYGLLIGLLTTLILI	597.482	598.363	0.369715	0.453966	957.496
LLLGGLLYGLLIGLLTTLILI	LLLYGLLYGLLIGLLTTLILI	598.363	597.482	0.453966	0.369715	954.846
LLLYGLLYGLLIGLLTTLILI	LLLYGLLYGLLTGLLTTLILI	597.211	593.992	0.098896	1.10811	952.048
LLLYGLLYGLLTGLLTTLILI	LLLYGLLTGLLTGLLTTLILI	593.189	591.87	0.30482	0.538845	949.095
LLLYGLLTGLLTGLLTTLILI	LLLYGLLTGLLIGLLTTLILI	592.587	595.421	1.2552	0.0756774	945.979
LLLYGLLTGLLIGLLTTLILI	LLLYGLLTGLLTGLLTTLILI	595.421	592.587	0.0756774	1.2552	939.229
LLLYGLLTGLLTGLLTTLILI	LLLYGLLTGLLTGLLITLILI	592.587	594.149	1.2552	0.0756774	935.578
LLLYGLLTGLLTGLLITLILI	LLLYGLLTGLLTGLLTTLILI	594.149	592.587	0.0756774	1.2552	931.732
LLLYGLLTGLLTGLLTTLILI	LLLYGLLYGLLTGLLTTLILI	591.87	593.189	0.538845	0.30482	927.683
LLLYGLLYGLLTGLLTTLILI	LLLGGLLYGLLTGLLTTLILI	593.253	594.146	0.369715	0.453966	923.422
LLLGGLLYGLLTGLLTTLILI	LLLGGLLTGLLTGLLTTLILI	593.864	592.794	0.171816	0.816184	918.939
LLLGGLLTGLLTGLLTTLILI	LLLYGLLTGLLTGLLTTLILI	592.685	591.545	0.707856	0.213262	914.227
LLLYGLLTGLLTGLLTTLILI	LLLGGLLTGLLTGLLTTLILI	591.545	592.685	0.213262	0.707856	892.899
LLLGGLLTGLLTGLLTTLILI	LLLGGLLYGLLTGLLTTLILI	592.794	593.864	0.816184	0.171816	880.623
LLLGGLLYGLLTGLLTTLILI	LLLGGLLTGLLTGLLTTLILI	593.864	592.794	0.171816	0.816184	874.051
LLLGGLLTGLLTGLLTTLILI	LLLGGLLYGLLTGLLTTLILI	592.794	593.864	0.816184	0.171816	867.179
LLLGGLLYGLLTGLLTTLILI	LLLGGLLTGLLTGLLTTLILI	593.864	592.794	0.171816	0.816184	859.999
LLLGGLLTGLLTGLLTTLILI	LLLYGLLTGLLTGLLTTLILI	592.685	591.545	0.707856	0.213262	852.504
LLLYGLLTGLLTGLLTTLILI	LLLYGLLYGLLTGLLTTLILI	591.87	593.189	0.538845	0.30482	844.686
LLLYGLLYGLLTGLLTTLILI	LLLYGLLTGLLTGLLTTLILI	593.189	591.87	0.30482	0.538845	836.541
LLLYGLLTGLLTGLLTTLILI	LLLYGLLYGLLTGLLTTLILI	591.87	593.189	0.538845	0.30482	828.061
LLLYGLLYGLLTGLLTTLILI	LLLGGLLYGLLTGLLTTLILI	593.253	594.146	0.369715	0.453966	819.243
LLLGGLLYGLLTGLLTTLILI	LLLGGLLTGLLTGLLTTLILI	593.864	592.794	0.171816	0.816184	800.577
LLLGGLLTGLLTGLLTTLILI	LLLYGLLTGLLTGLLTTLILI	592.685	591.545	0.707856	0.213262	790.724
LLLYGLLTGLLTGLLTTLILI	LLLGGLLTGLLTGLLTTLILI	591.545	592.685	0.213262	0.707856	769.974
LLLGGLLTGLLTGLLTTLILI	LLLYGLLTGLLTGLLTTLILI	592.685	591.545	0.707856	0.213262	747.845
LLLYGLLTGLLTGLLTTLILI	LLLYGLLTGLLTGLLITLILI	592.587	594.149	1.2552	0.0756774	736.272
LLLYGLLTGLLTGLLITLILI	LLLYGLLTGLLIGLLITLILI	594.856	598.229	0.782479	0.183612	724.369
LLLYGLLTGLLIGLLITLILI	LLLYGLLTGLLTGLLITLILI	598.229	594.856	0.183612	0.782479	712.142
LLLYGLLTGLLTGLLITLILI	LLLTGLLTGLLTGLLITLILI	594.245	595.335	0.171816	0.816184	699.602
LLLTGLLTGLLTGLLITLILI	LLLTGLLVGLLTGLLITLILI	595.796	598.309	1.27634	0.0728516	686.76
LLLTGLLVGLLTGLLITLILI	LLLTGLLTGLLTGLLITLILI	598.309	595.796	0.0728516	1.27634	673.628
LLLTGLLTGLLTGLLITLILI	LLLYGLLTGLLTGLLITLILI	595.335	594.245	0.816184	0.171816	660.222
LLLYGLLTGLLTGLLITLILI	LLLYGLLYGLLTGLLITLILI	594.516	596.008	0.443059	0.379341	632.651
LLLYGLLYGLLTGLLITLILI	LLLYGLLYGLLTGLLTTLILI	595.728	593.992	0.098896	1.10811	618.524
LLLYGLLYGLLTGLLTTLILI	LLLYGLLYGLLTGLLITLILI	593.992	595.728	1.10811	0.098896	589.688
LLLYGLLYGLLTGLLITLILI	LLLYGLLYGLLTGLLIVLILI	596.56	599.978	0.930859	0.137712	575.025
LLLYGLLYGLLTGLLIVLILI	LLLYGLLYGLLTGLLTVLILI	599.983	597.982	0.142768	0.911943	560.23
LLLYGLLYGLLTGLLTVLILI	LLLYGLLTGLLTGLLTVLILI	597.449	595.963	0.379341	0.443059	545.329
LLLYGLLTGLLTGLLTVLILI	LLLYGLLTGLLTGLLTTLILI	595.593	592.608	0.0728516	1.27634	500.25
LLLYGLLTGLLTGLLTTLILI	LLLYGLLTGLLTGLLITLILI	592.587	594.149	1.2552	0.0756774	485.188
LLLYGLLTGLLTGLLITLILI	LLLYGLLTGLLTGLLTTLILI	594.149	592.587	0.0756774	1.2552	470.152
LLLYGLLTGLLTGLLTTLILI	LLLYGLLYGLLTGLLTTLILI	591.87	593.189	0.538845	0.30482	381.976
LLLYGLLYGLLTGLLTTLILI	LLLGGLLYGLLTGLLTTLILI	593.253	594.146	0.369715	0.453966	353.943
LLLGGLLYGLLTGLLTTLILI	LLLYGLLYGLLTGLLTTLILI	594.146	593.253	0.453966	0.369715	340.278
LLLYGLLYGLLTGLLTTLILI	LLLYGLLTGLLTGLLTTLILI	593.189	591.87	0.30482	0.538845	326.872
LLLYGLLTGLLTGLLTTLILI	LLLYGLLYGLLTGLLTTLILI	591.87	593.189	0.538845	0.30482	313.74
LLLYGLLYGLLTGLLTTLILI	LLLYGLLTGLLTGLLTTLILI	593.189	591.87	0.30482	0.538845	300.898
LLLYGLLTGLLTGLLTTLILI	LLLGGLLTGLLTGLLTTLILI	591.545	592.685	0.213262	0.707856	264.228
LLLGGLLTGLLTGLLTTLILI	LLLYGLLTGLLTGLLTTLILI	592.685	591.545	0.707856	0.213262	252.655
Time: 208s
