***STARTING GEOMETRY:***
xShift: 7.24554
crossingAngle: -37.1112
axialRotation: 39.6277
zShift: 5.06479

Number of MCCycles: 100
PrevSequence	CurrSequence	PrevEnergy	CurrEnergy	PrevEntropy	CurrEntropy	CurrentTemp
LLLGLLYSLLGTLLTTLLILI	LLLGLLYALLGTLLTTLLILI	39.9827	37.6231	0.642213	0.244161	999.684
LLLGLLYALLGTLLTTLLILI	LLLGLLYSLLGTLLTTLLILI	37.6231	37.615	0.244161	0.642213	999.328
LLLGLLYSLLGTLLTTLLILI	LLLALLYSLLGTLLTTLLILI	37.8452	46.1988	0.872342	0.154044	998.928
LLLALLYSLLGTLLTTLLILI	LLLALLYALLGTLLTTLLILI	46.449	45.1176	0.404229	0.416521	998.476
LLLALLYALLGTLLTTLLILI	LLLALLFALLGTLLTTLLILI	45.3514	43.0587	0.650378	0.240035	997.967
LLLALLFALLGTLLTTLLILI	LLLALLYALLGTLLTTLLILI	43.0587	45.3514	0.240035	0.650378	997.394
LLLALLYALLGTLLTTLLILI	LLLGLLYALLGTLLTTLLILI	44.9772	36.1188	0.276169	0.584123	996.749
LLLGLLYALLGTLLTTLLILI	LLLGLLLALLGTLLTTLLILI	36.0617	36.1319	0.526939	0.312976	995.205
LLLGLLLALLGTLLTTLLILI	LLLGLLLALLGTLLWTLLILI	36.305	39.357	0.48602	0.343253	993.249
LLLGLLLALLGTLLWTLLILI	LLLGLLYALLGTLLWTLLILI	39.3267	39.2745	0.312976	0.526939	992.084
LLLGLLYALLGTLLWTLLILI	LLLGLLYALLGTLLTTLLILI	39.0908	37.0221	0.343253	0.48602	990.773
LLLGLLYALLGTLLTTLLILI	LLLGLLLALLGTLLTTLLILI	37.0631	36.1319	0.526939	0.312976	989.3
LLLGLLLALLGTLLTTLLILI	LLLGLLYALLGTLLTTLLILI	36.1319	36.8862	0.312976	0.526939	987.644
LLLGLLYALLGTLLTTLLILI	LLLGLLLALLGTLLTTLLILI	36.8862	36.1319	0.526939	0.312976	985.783
LLLGLLLALLGTLLTTLLILI	LLLGLLLALLGTLLTVLLILI	36.9474	39.7187	1.12845	0.0952708	981.348
LLLGLLLALLGTLLTVLLILI	LLLGLLYALLGTLLTVLLILI	39.9364	40.7121	0.312976	0.526939	978.717
LLLGLLYALLGTLLTVLLILI	LLLGLLLALLGTLLTVLLILI	40.7121	39.9364	0.526939	0.312976	972.463
LLLGLLLALLGTLLTVLLILI	LLLGLLLSLLGTLLTVLLILI	39.8676	41.4913	0.244161	0.642213	968.764
LLLGLLLSLLGTLLTVLLILI	LLLGLLLSLLGTLLTTLLILI	40.9443	38.1731	0.0952708	1.12845	964.627
LLLGLLLSLLGTLLTTLLILI	LLLGLLLSLLGTLLWTLLILI	37.5306	40.591	0.48602	0.343253	960.005
LLLGLLLSLLGTLLWTLLILI	LLLGLLYSLLGTLLWTLLILI	40.5607	40.721	0.312976	0.526939	954.846
LLLGLLYSLLGTLLWTLLILI	LLLGLLYALLGTLLWTLLILI	40.8362	38.9917	0.642213	0.244161	949.095
LLLGLLYALLGTLLWTLLILI	LLLGLLLALLGTLLWTLLILI	39.2745	39.3267	0.526939	0.312976	942.693
LLLGLLLALLGTLLWTLLILI	LLLGLLLALLGTLLTTLLILI	39.357	36.305	0.343253	0.48602	935.578
LLLGLLLALLGTLLTTLLILI	LLLGLLYALLGTLLTTLLILI	36.1319	36.0617	0.312976	0.526939	927.683
LLLGLLYALLGTLLTTLLILI	LLLGLLYALLGTLLTILLILI	36.3172	40.3954	0.782479	0.183612	918.939
LLLGLLYALLGTLLTILLILI	LLLGLLLALLGTLLTILLILI	40.7387	40.8088	0.526939	0.312976	909.276
LLLGLLLALLGTLLTILLILI	LLLGLLLSLLGTLLTILLILI	40.74	42.3637	0.244161	0.642213	898.621
LLLGLLLSLLGTLLTILLILI	LLLGLLLALLGTLLTILLILI	42.3637	40.74	0.642213	0.244161	886.903
LLLGLLLALLGTLLTILLILI	LLLGLLLALLGTLLSILLILI	41.1866	45.8367	0.690823	0.220804	874.051
LLLGLLLALLGTLLSILLILI	LLLGLLLALLGTLLSTLLILI	45.8736	41.4545	0.257708	0.616541	859.999
LLLGLLLALLGTLLSTLLILI	LLLGLLLALLGVLLSTLLILI	41.7688	42.9257	0.930859	0.137712	844.686
LLLGLLLALLGVLLSTLLILI	LLLGLLLALLGTLLSTLLILI	42.9257	41.7688	0.137712	0.930859	828.061
LLLGLLLALLGTLLSTLLILI	LLLGLLLALLGTLLSYLLILI	41.3768	42.7363	0.538845	0.30482	810.083
LLLGLLLALLGTLLSYLLILI	LLLGLLLALLGTLLYYLLILI	42.6028	41.6244	0.171321	0.817658	790.724
LLLGLLLALLGTLLYYLLILI	LLLGLLLALLGTLLYGLLILI	41.2617	37.7563	0.454934	0.368877	769.974
LLLGLLLALLGTLLYGLLILI	LLLGLLLALLGTLLFGLLILI	38.0378	38.9177	0.650378	0.240035	747.845
LLLGLLLALLGTLLFGLLILI	LLLGLLLALLGTLLYGLLILI	38.9177	38.0378	0.240035	0.650378	724.369
LLLGLLLALLGTLLYGLLILI	LLLGLLLALLGTLLFGLLILI	38.0378	38.9177	0.650378	0.240035	699.602
LLLGLLLALLGTLLFGLLILI	LLLGLLYALLGTLLFGLLILI	38.9906	39.9417	0.312976	0.526939	646.557
LLLGLLYALLGTLLFGLLILI	LLLGLLYALLGTLLYGLLILI	39.5468	38.0552	0.132101	0.952787	618.524
LLLGLLYALLGTLLYGLLILI	LLLGLLLALLGTLLYGLLILI	37.9037	37.5643	0.801241	0.176934	589.688
LLLGLLLALLGTLLYGLLILI	LLLGLLLALLGTLLYSLLILI	38.1418	39.7562	0.754431	0.19415	560.23
LLLGLLLALLGTLLYSLLILI	LLLGLLLALLGTLLFSLLILI	40.2125	41.2919	0.650378	0.240035	530.348
LLLGLLLALLGTLLFSLLILI	LLLGLLLALLGTLLFGLLILI	41.2461	39.4321	0.19415	0.754431	500.25
LLLGLLLALLGTLLFGLLILI	LLLGLLLALLGTLLYGLLILI	38.9177	38.0378	0.240035	0.650378	470.152
LLLGLLLALLGTLLYGLLILI	LLLGLLLALLGTLLYSLLILI	38.1418	39.7562	0.754431	0.19415	440.27
LLLGLLLALLGTLLYSLLILI	LLLGLLLALLGTLLFSLLILI	40.2125	41.2919	0.650378	0.240035	381.976
LLLGLLLALLGTLLFSLLILI	LLLGLLYALLGTLLFSLLILI	41.3649	42.2961	0.312976	0.526939	353.943
LLLGLLYALLGTLLFSLLILI	LLLGLLLALLGTLLFSLLILI	42.2961	41.3649	0.526939	0.312976	326.872
LLLGLLLALLGTLLFSLLILI	LLLGLLLALLGTLLYSLLILI	41.2919	40.2213	0.240035	0.650378	300.898
LLLGLLLALLGTLLYSLLILI	LLLGLLLALLGTLLYGLLILI	39.765	38.1418	0.19415	0.754431	276.131
LLLGLLLALLGTLLYGLLILI	LLLGLLYALLGTLLYGLLILI	37.5643	37.9037	0.176934	0.801241	230.526
LLLGLLYALLGTLLYGLLILI	LLLGLLLALLGTLLYGLLILI	37.9037	37.5643	0.801241	0.176934	190.417
LLLGLLLALLGTLLYGLLILI	LLLGLLFALLGTLLYGLLILI	37.904	38.5832	0.516639	0.320259	155.814
LLLGLLFALLGTLLYGLLILI	LLLGLLLALLGTLLYGLLILI	38.5832	37.904	0.320259	0.516639	140.501
Time: 136s
