***STARTING GEOMETRY:***
xShift: 6.73147
crossingAngle: -43.189
axialRotation: 6.90702
zShift: 4.42745

Number of MCCycles: 100
PrevSequence	CurrSequence	PrevEnergy	CurrEnergy	PrevEntropy	CurrEntropy	CurrentTemp
LLLLLLGTLLGTLLATLLILI	LLLLLLGTLLGTLLAYLLILI	-23.5077	-23.3086	0.693609	0.219549	999.684
LLLLLLGTLLGTLLAYLLILI	LLLLLLGVLLGTLLAYLLILI	-22.5973	-21.2521	0.930859	0.137712	999.328
LLLLLLGVLLGTLLAYLLILI	LLLLLLGVLLGTLLATLLILI	-21.085	-24.392	0.30482	0.538845	998.928
LLLLLLGVLLGTLLATLLILI	LLLLLLGVLLGTLLAYLLILI	-24.392	-21.085	0.538845	0.30482	998.476
LLLLLLGVLLGTLLAYLLILI	LLLLLLGVLLGWLLAYLLILI	-21.1804	-18.3906	0.209355	0.716965	997.967
LLLLLLGVLLGWLLAYLLILI	LLLLLLGVLLGWLLSYLLILI	-18.8634	-17.6767	0.244161	0.642213	997.394
LLLLLLGVLLGWLLSYLLILI	LLLYLLGVLLGWLLSYLLILI	-18.1419	-19.4842	0.176934	0.801241	996.749
LLLYLLGVLLGWLLSYLLILI	LLLFLLGVLLGWLLSYLLILI	-19.3326	-18.8776	0.952787	0.132101	996.023
LLLFLLGVLLGWLLSYLLILI	LLLFLLGVLLGTLLSYLLILI	-18.2928	-20.5601	0.716965	0.209355	995.205
LLLFLLGVLLGTLLSYLLILI	LLLYLLGVLLGTLLSYLLILI	-20.6373	-21.0889	0.132101	0.952787	994.285
LLLYLLGVLLGTLLSYLLILI	LLLYLLGTLLGTLLSYLLILI	-21.904	-23.3697	0.137712	0.930859	993.249
LLLYLLGTLLGTLLSYLLILI	LLLYLLGTLLGTLLAYLLILI	-23.6584	-25.383	0.642213	0.244161	992.084
LLLYLLGTLLGTLLAYLLILI	LLLFLLGTLLGTLLAYLLILI	-24.6744	-24.3788	0.952787	0.132101	990.773
LLLFLLGTLLGTLLAYLLILI	LLLFLLGTLLGYLLAYLLILI	-24.1821	-23.6989	0.328724	0.505042	989.3
LLLFLLGTLLGYLLAYLLILI	LLLFLLGTLLGYLLSYLLILI	-23.9598	-22.5025	0.244161	0.642213	987.644
LLLFLLGTLLGYLLSYLLILI	LLLFLLGTLLGYLLSTLLILI	-22.6397	-27.3055	0.505042	0.328724	985.783
LLLFLLGTLLGYLLSTLLILI	LLLYLLGTLLGYLLSTLLILI	-27.5021	-27.7884	0.132101	0.952787	983.694
LLLYLLGTLLGYLLSTLLILI	LLLFLLGTLLGYLLSTLLILI	-27.7884	-27.5021	0.952787	0.132101	981.348
LLLFLLGTLLGYLLSTLLILI	LLLYLLGTLLGYLLSTLLILI	-27.5021	-27.7884	0.132101	0.952787	978.717
LLLYLLGTLLGYLLSTLLILI	LLLYLLGTLLGYLLATLLILI	-28.099	-29.617	0.642213	0.244161	975.768
LLLYLLGTLLGYLLATLLILI	LLLYLLGTLLGYLLSTLLILI	-29.617	-28.1083	0.244161	0.642213	972.463
LLLYLLGTLLGYLLSTLLILI	LLLYLLGTLLGYLLATLLILI	-28.1083	-29.617	0.642213	0.244161	968.764
LLLYLLGTLLGYLLATLLILI	LLLWLLGTLLGYLLATLLILI	-29.41	-30.1768	0.451187	0.372136	964.627
LLLWLLGTLLGYLLATLLILI	LLLWLLGTLLGYLLAVLLILI	-29.618	-26.6209	0.930859	0.137712	960.005
LLLWLLGTLLGYLLAVLLILI	LLLYLLGTLLGYLLAVLLILI	-26.3865	-25.6229	0.372136	0.451187	954.846
LLLYLLGTLLGYLLAVLLILI	LLLYLLGTLLGYLLATLLILI	-25.9364	-28.9303	0.137712	0.930859	949.095
LLLYLLGTLLGYLLATLLILI	LLLYLLGTLLGYLLSTLLILI	-29.617	-28.1083	0.244161	0.642213	942.693
LLLYLLGTLLGYLLSTLLILI	LLLYLLGTLLGYLLATLLILI	-28.1083	-29.617	0.642213	0.244161	935.578
LLLYLLGTLLGYLLATLLILI	LLLWLLGTLLGYLLATLLILI	-29.41	-30.1768	0.451187	0.372136	927.683
LLLWLLGTLLGYLLATLLILI	LLLWLLGTLLGYLLGTLLILI	-30.4419	-28.7042	0.107014	1.06535	918.939
LLLWLLGTLLGYLLGTLLILI	LLLYLLGTLLGYLLGTLLILI	-29.3974	-28.6242	0.372136	0.451187	909.276
LLLYLLGTLLGYLLGTLLILI	LLLYLLGTLLGYLLATLLILI	-28.0101	-29.7449	1.06535	0.107014	898.621
LLLYLLGTLLGYLLATLLILI	LLLYLLGTLLGYLLAVLLILI	-28.9211	-25.9271	0.930859	0.137712	886.903
LLLYLLGTLLGYLLAVLLILI	LLLYLLGTLLGYLLATLLILI	-25.9271	-28.9303	0.137712	0.930859	874.051
LLLYLLGTLLGYLLATLLILI	LLLFLLGTLLGYLLATLLILI	-28.9084	-28.6128	0.952787	0.132101	859.999
LLLFLLGTLLGYLLATLLILI	LLLFLLGTLLGTLLATLLILI	-28.5254	-27.3685	0.219549	0.693609	844.686
LLLFLLGTLLGTLLATLLILI	LLLFLLGTLLGYLLATLLILI	-27.3685	-28.0265	0.693609	0.219549	828.061
LLLFLLGTLLGYLLATLLILI	LLLFLLGTLLGTLLATLLILI	-28.0265	-27.37	0.219549	0.693609	810.083
LLLFLLGTLLGTLLATLLILI	LLLFLLGTLLGYLLATLLILI	-27.37	-28.5254	0.693609	0.219549	790.724
LLLFLLGTLLGYLLATLLILI	LLLYLLGTLLGYLLATLLILI	-28.6128	-28.8991	0.132101	0.952787	769.974
LLLYLLGTLLGYLLATLLILI	LLLFLLGTLLGYLLATLLILI	-28.8991	-28.6142	0.952787	0.132101	747.845
LLLFLLGTLLGYLLATLLILI	LLLFLLGTLLGTLLATLLILI	-28.5267	-27.3685	0.219549	0.693609	724.369
LLLFLLGTLLGTLLATLLILI	LLLFLLGTLLGYLLATLLILI	-27.3685	-28.5254	0.693609	0.219549	699.602
LLLFLLGTLLGYLLATLLILI	LLLYLLGTLLGYLLATLLILI	-28.6128	-28.9084	0.132101	0.952787	673.628
LLLYLLGTLLGYLLATLLILI	LLLYLLGTLLGTLLATLLILI	-29.4818	-28.7353	0.379341	0.443059	646.557
LLLYLLGTLLGTLLATLLILI	LLLYLLGTLLGTLLAVLLILI	-28.05	-25.3643	1.12845	0.0952708	618.524
LLLYLLGTLLGTLLAVLLILI	LLLYLLGTLLGTLLATLLILI	-25.3643	-28.05	0.0952708	1.12845	589.688
LLLYLLGTLLGTLLATLLILI	LLLYLLGTLLGYLLATLLILI	-28.7353	-29.4818	0.443059	0.379341	560.23
LLLYLLGTLLGYLLATLLILI	LLLYLLGTLLGYLLSTLLILI	-29.617	-28.099	0.244161	0.642213	500.25
LLLYLLGTLLGYLLSTLLILI	LLLYLLGTLLGYLLATLLILI	-28.099	-29.6078	0.642213	0.244161	470.152
LLLYLLGTLLGYLLATLLILI	LLLWLLGTLLGYLLATLLILI	-29.4007	-30.1768	0.451187	0.372136	410.812
LLLWLLGTLLGYLLATLLILI	LLLWLLGTLLGYLLGTLLILI	-30.4419	-28.7042	0.107014	1.06535	353.943
LLLWLLGTLLGYLLGTLLILI	LLLWLLGTLLGYLLSTLLILI	-29.0151	-29.2461	0.754431	0.19415	326.872
LLLWLLGTLLGYLLSTLLILI	LLLWLLGTLLGYLLGTLLILI	-29.2461	-29.0151	0.19415	0.754431	300.898
LLLWLLGTLLGYLLGTLLILI	LLLWLLGTLLGTLLGTLLILI	-29.55	-28.3159	0.219549	0.693609	230.526
LLLWLLGTLLGTLLGTLLILI	LLLWLLGTLLGTLLSTLLILI	-28.2551	-28.2208	0.754431	0.19415	209.776
LLLWLLGTLLGTLLSTLLILI	LLLWLLGTLLGTLLATLLILI	-27.7728	-29.5546	0.642213	0.244161	190.417
LLLWLLGTLLGTLLATLLILI	LLLWLLGTLLGYLLATLLILI	-29.1052	-30.3294	0.693609	0.219549	155.814
LLLWLLGTLLGYLLATLLILI	LLLYLLGTLLGYLLATLLILI	-30.1768	-29.41	0.372136	0.451187	140.501
LLLYLLGTLLGYLLATLLILI	LLLYLLGTLLGTLLATLLILI	-29.4818	-28.7445	0.379341	0.443059	126.449
LLLYLLGTLLGTLLATLLILI	LLLYLLGTLLGYLLATLLILI	-28.7445	-29.4818	0.443059	0.379341	101.879
LLLYLLGTLLGYLLATLLILI	LLLWLLGTLLGYLLATLLILI	-29.41	-30.1768	0.451187	0.372136	9.72683
Time: 97s
