MCAccept 0 xShift: 8.6998 crossingAngle: -42.06 axialRotation: -41.95 zShift: 3.09 energy: -2.52762
MCAccept 1 xShift: 8.6998 crossingAngle: -42.0389 axialRotation: -41.95 zShift: 3.09 energy: -2.44494
MCAccept 2 xShift: 8.69802 crossingAngle: -42.0389 axialRotation: -41.95 zShift: 3.09 energy: -2.63835
MCAccept 3 xShift: 8.69802 crossingAngle: -42.0389 axialRotation: -41.9463 zShift: 3.09 energy: -2.5319
MCAccept 4 xShift: 8.69802 crossingAngle: -42.0389 axialRotation: -41.942 zShift: 3.09 energy: -2.55899
MCAccept 5 xShift: 8.69802 crossingAngle: -42.1868 axialRotation: -41.942 zShift: 3.09 energy: -2.57619
MCReject   xShift: 8.69999 crossingAngle: -42.1868 axialRotation: -41.942 zShift: 3.09 energy: -1.42858
MCAccept 6 xShift: 8.69802 crossingAngle: -42.1868 axialRotation: -41.8876 zShift: 3.09 energy: -3.69758
MCReject   xShift: 8.69802 crossingAngle: -42.0807 axialRotation: -41.8876 zShift: 3.09 energy: -2.47203
MCReject   xShift: 8.69802 crossingAngle: -42.0775 axialRotation: -41.8876 zShift: 3.09 energy: -2.52762
MCReject   xShift: 8.69802 crossingAngle: -42.1868 axialRotation: -41.8876 zShift: 3.0748 energy: -0.834999
MCReject   xShift: 8.69802 crossingAngle: -42.1868 axialRotation: -41.6957 zShift: 3.09 energy: -1.42858
MCReject   xShift: 8.69802 crossingAngle: -42.0793 axialRotation: -41.8876 zShift: 3.09 energy: -2.5342
MCReject   xShift: 8.69802 crossingAngle: -42.1868 axialRotation: -41.8876 zShift: 3.07684 energy: -3.17965
MCReject   xShift: 8.69481 crossingAngle: -42.1868 axialRotation: -41.8876 zShift: 3.09 energy: -1.41139
MCReject   xShift: 8.69802 crossingAngle: -42.1773 axialRotation: -41.8876 zShift: 3.09 energy: -1.41139
MCReject   xShift: 8.69213 crossingAngle: -42.1868 axialRotation: -41.8876 zShift: 3.09 energy: -1.42858
MCReject   xShift: 8.67654 crossingAngle: -42.1868 axialRotation: -41.8876 zShift: 3.09 energy: -2.3747
MCReject   xShift: 8.69141 crossingAngle: -42.1868 axialRotation: -41.8876 zShift: 3.09 energy: -1.34846
MCReject   xShift: 8.69802 crossingAngle: -42.1868 axialRotation: -42.0295 zShift: 3.09 energy: -2.5491
MCReject   xShift: 8.69802 crossingAngle: -42.1868 axialRotation: -41.9319 zShift: 3.09 energy: -2.5491
MCReject   xShift: 8.69802 crossingAngle: -42.1868 axialRotation: -41.8464 zShift: 3.09 energy: -2.44494
MCReject   xShift: 8.69559 crossingAngle: -42.1868 axialRotation: -41.8876 zShift: 3.09 energy: -2.5319
MCReject   xShift: 8.69721 crossingAngle: -42.1868 axialRotation: -41.8876 zShift: 3.09 energy: -1.41139
MCReject   xShift: 8.69802 crossingAngle: -42.1773 axialRotation: -41.8876 zShift: 3.09 energy: -1.36565
MCReject   xShift: 8.69802 crossingAngle: -42.1868 axialRotation: -41.8069 zShift: 3.09 energy: -2.63835
MCReject   xShift: 8.69802 crossingAngle: -42.1046 axialRotation: -41.8876 zShift: 3.09 energy: -2.47203
MCReject   xShift: 8.69565 crossingAngle: -42.1868 axialRotation: -41.8876 zShift: 3.09 energy: -1.42858
MCReject   xShift: 8.69802 crossingAngle: -42.1868 axialRotation: -41.8876 zShift: 3.09672 energy: -2.57311
MCReject   xShift: 8.69802 crossingAngle: -42.1868 axialRotation: -41.8757 zShift: 3.09 energy: -1.36565
MCReject   xShift: 8.69802 crossingAngle: -42.1868 axialRotation: -41.9329 zShift: 3.09 energy: -1.42858
MCReject   xShift: 8.69802 crossingAngle: -42.1868 axialRotation: -41.8876 zShift: 3.08651 energy: -2.35637
MCReject   xShift: 8.70979 crossingAngle: -42.1868 axialRotation: -41.8876 zShift: 3.09 energy: -2.48543
MCReject   xShift: 8.69802 crossingAngle: -42.1868 axialRotation: -41.9055 zShift: 3.09 energy: -2.46546
MCReject   xShift: 8.69802 crossingAngle: -41.9966 axialRotation: -41.8876 zShift: 3.09 energy: -1.41139
MCReject   xShift: 8.69802 crossingAngle: -42.1868 axialRotation: -41.969 zShift: 3.09 energy: -1.34846
MCReject   xShift: 8.70549 crossingAngle: -42.1868 axialRotation: -41.8876 zShift: 3.09 energy: -1.42858
MCReject   xShift: 8.69802 crossingAngle: -42.1868 axialRotation: -41.8876 zShift: 3.08256 energy: -1.10938
MCReject   xShift: 8.69802 crossingAngle: -42.2797 axialRotation: -41.8876 zShift: 3.09 energy: -1.36565
MCReject   xShift: 8.69802 crossingAngle: -42.1157 axialRotation: -41.8876 zShift: 3.09 energy: -1.42858
MCReject   xShift: 8.69802 crossingAngle: -42.1868 axialRotation: -41.8876 zShift: 3.07908 energy: -2.03814
MCReject   xShift: 8.69802 crossingAngle: -42.1287 axialRotation: -41.8876 zShift: 3.09 energy: -1.32443
MCReject   xShift: 8.69958 crossingAngle: -42.1868 axialRotation: -41.8876 zShift: 3.09 energy: -2.5491
MCReject   xShift: 8.69802 crossingAngle: -42.2422 axialRotation: -41.8876 zShift: 3.09 energy: -1.42858
MCReject   xShift: 8.69802 crossingAngle: -42.1868 axialRotation: -41.8876 zShift: 3.07666 energy: -1.95253
MCReject   xShift: 8.69802 crossingAngle: -42.2545 axialRotation: -41.8876 zShift: 3.09 energy: -1.36565
MCReject   xShift: 8.69802 crossingAngle: -42.1868 axialRotation: -41.8505 zShift: 3.09 energy: -1.42858
MCAccept 7 xShift: 8.69802 crossingAngle: -42.4178 axialRotation: -41.8876 zShift: 3.09 energy: -3.74329
MCReject   xShift: 8.69802 crossingAngle: -42.6456 axialRotation: -41.8876 zShift: 3.09 energy: -2.47203
MCReject   xShift: 8.69802 crossingAngle: -42.5254 axialRotation: -41.8876 zShift: 3.09 energy: -1.42858
MCReject   xShift: 8.69802 crossingAngle: -42.2612 axialRotation: -41.8876 zShift: 3.09 energy: -2.62116
MCReject   xShift: 8.69802 crossingAngle: -42.4178 axialRotation: -41.8876 zShift: 3.08355 energy: -1.22158
MCReject   xShift: 8.69802 crossingAngle: -42.4297 axialRotation: -41.8876 zShift: 3.09 energy: -2.48543
MCReject   xShift: 8.69802 crossingAngle: -42.4657 axialRotation: -41.8876 zShift: 3.09 energy: -2.57619
MCReject   xShift: 8.69802 crossingAngle: -42.4178 axialRotation: -41.8876 zShift: 3.09914 energy: -2.81166
MCReject   xShift: 8.69802 crossingAngle: -42.2161 axialRotation: -41.8876 zShift: 3.09 energy: -1.42858
MCReject   xShift: 8.69802 crossingAngle: -42.4936 axialRotation: -41.8876 zShift: 3.09 energy: -1.41139
MCReject   xShift: 8.69942 crossingAngle: -42.4178 axialRotation: -41.8876 zShift: 3.09 energy: -2.3747
MCReject   xShift: 8.69802 crossingAngle: -42.4178 axialRotation: -41.9616 zShift: 3.09 energy: -1.34846
MCReject   xShift: 8.70078 crossingAngle: -42.4178 axialRotation: -41.8876 zShift: 3.09 energy: -2.43837
MCAccept 8 xShift: 8.69802 crossingAngle: -42.4178 axialRotation: -41.8876 zShift: 3.09524 energy: -3.90618
MCReject   xShift: 8.69802 crossingAngle: -42.4178 axialRotation: -41.7782 zShift: 3.09524 energy: -1.52946
MCReject   xShift: 8.69802 crossingAngle: -42.4178 axialRotation: -41.9059 zShift: 3.09524 energy: -2.61938
MCReject   xShift: 8.69802 crossingAngle: -42.44 axialRotation: -41.8876 zShift: 3.09524 energy: -1.57527
MCReject   xShift: 8.69802 crossingAngle: -42.4178 axialRotation: -41.9047 zShift: 3.09524 energy: -2.63149
MCReject   xShift: 8.69802 crossingAngle: -42.4178 axialRotation: -41.8876 zShift: 3.08964 energy: -2.52054
MCReject   xShift: 8.69802 crossingAngle: -42.3401 axialRotation: -41.8876 zShift: 3.09524 energy: -1.51225
MCReject   xShift: 8.71116 crossingAngle: -42.4178 axialRotation: -41.8876 zShift: 3.09524 energy: -1.59249
MCReject   xShift: 8.69802 crossingAngle: -42.4178 axialRotation: -41.9032 zShift: 3.09524 energy: -1.57527
MCReject   xShift: 8.67909 crossingAngle: -42.4178 axialRotation: -41.8876 zShift: 3.09524 energy: -1.59249
MCReject   xShift: 8.69802 crossingAngle: -42.4178 axialRotation: -41.8876 zShift: 3.09392 energy: -1.55146
MCReject   xShift: 8.69802 crossingAngle: -42.4178 axialRotation: -41.8876 zShift: 3.08095 energy: -2.24109
MCReject   xShift: 8.69802 crossingAngle: -42.4151 axialRotation: -41.8876 zShift: 3.09524 energy: -1.59249
MCReject   xShift: 8.69802 crossingAngle: -42.4178 axialRotation: -41.8876 zShift: 3.09803 energy: -1.66068
MCReject   xShift: 8.70859 crossingAngle: -42.4178 axialRotation: -41.8876 zShift: 3.09524 energy: -1.51225
MCReject   xShift: 8.69802 crossingAngle: -42.5754 axialRotation: -41.8876 zShift: 3.09524 energy: -1.51225
MCReject   xShift: 8.69802 crossingAngle: -42.3504 axialRotation: -41.8876 zShift: 3.09524 energy: -1.4855
MCReject   xShift: 8.69802 crossingAngle: -42.4351 axialRotation: -41.8876 zShift: 3.09524 energy: -1.59249
MCAccept 9 xShift: 8.69307 crossingAngle: -42.4178 axialRotation: -41.8876 zShift: 3.09524 energy: -3.90618
MCReject   xShift: 8.69307 crossingAngle: -42.4178 axialRotation: -41.8832 zShift: 3.09524 energy: -2.62596
MCReject   xShift: 8.67503 crossingAngle: -42.4178 axialRotation: -41.8876 zShift: 3.09524 energy: -2.64871
MCReject   xShift: 8.69307 crossingAngle: -42.4178 axialRotation: -41.7346 zShift: 3.09524 energy: -2.71247
MCReject   xShift: 8.69307 crossingAngle: -42.4178 axialRotation: -41.9909 zShift: 3.09524 energy: -1.52946
MCReject   xShift: 8.69307 crossingAngle: -42.4178 axialRotation: -41.8174 zShift: 3.09524 energy: -2.68163
MCReject   xShift: 8.71152 crossingAngle: -42.4178 axialRotation: -41.8876 zShift: 3.09524 energy: -2.63255
MCReject   xShift: 8.69307 crossingAngle: -42.4178 axialRotation: -41.907 zShift: 3.09524 energy: -3.74024
MCReject   xShift: 8.69307 crossingAngle: -42.2589 axialRotation: -41.8876 zShift: 3.09524 energy: -2.62596
MCReject   xShift: 8.69307 crossingAngle: -42.2408 axialRotation: -41.8876 zShift: 3.09524 energy: -1.59249
MCReject   xShift: 8.69307 crossingAngle: -42.4178 axialRotation: -41.8699 zShift: 3.09524 energy: -2.69526
MCReject   xShift: 8.69307 crossingAngle: -42.4715 axialRotation: -41.8876 zShift: 3.09524 energy: -1.42247
MCReject   xShift: 8.69307 crossingAngle: -42.5356 axialRotation: -41.8876 zShift: 3.09524 energy: -1.51225
MCReject   xShift: 8.69307 crossingAngle: -42.4178 axialRotation: -41.8452 zShift: 3.09524 energy: -1.51225
MCReject   xShift: 8.69307 crossingAngle: -42.4178 axialRotation: -41.8876 zShift: 3.07529 energy: -3.17916
MCReject   xShift: 8.69307 crossingAngle: -42.4652 axialRotation: -41.8876 zShift: 3.09524 energy: -2.60548
MCReject   xShift: 8.69307 crossingAngle: -42.4178 axialRotation: -41.8876 zShift: 3.08763 energy: -2.37106
MCReject   xShift: 8.69307 crossingAngle: -42.4178 axialRotation: -41.8886 zShift: 3.09524 energy: -2.68822
MCReject   xShift: 8.69307 crossingAngle: -42.4178 axialRotation: -41.5801 zShift: 3.09524 energy: -1.57527
MCReject   xShift: 8.69307 crossingAngle: -42.4178 axialRotation: -41.8876 zShift: 3.09114 energy: -2.5696
MCReject   xShift: 8.69819 crossingAngle: -42.4178 axialRotation: -41.8876 zShift: 3.09524 energy: -2.62596
MCReject   xShift: 8.69307 crossingAngle: -42.4178 axialRotation: -41.7693 zShift: 3.09524 energy: -1.59249
MCReject   xShift: 8.68178 crossingAngle: -42.4178 axialRotation: -41.8876 zShift: 3.09524 energy: -2.68163
MCReject   xShift: 8.69307 crossingAngle: -42.4178 axialRotation: -41.8876 zShift: 3.08601 energy: -2.49413
MCReject   xShift: 8.69307 crossingAngle: -42.3565 axialRotation: -41.8876 zShift: 3.09524 energy: -1.47891
MCReject   xShift: 8.70801 crossingAngle: -42.4178 axialRotation: -41.8876 zShift: 3.09524 energy: -2.61938
MCReject   xShift: 8.69307 crossingAngle: -42.4228 axialRotation: -41.8876 zShift: 3.09524 energy: -2.73954
MCReject   xShift: 8.69307 crossingAngle: -42.4178 axialRotation: -41.8876 zShift: 3.08391 energy: -3.46543
MCReject   xShift: 8.69307 crossingAngle: -42.3008 axialRotation: -41.8876 zShift: 3.09524 energy: -2.69481
MCReject   xShift: 8.69307 crossingAngle: -42.4178 axialRotation: -41.8876 zShift: 3.10501 energy: -2.98352
MCReject   xShift: 8.69307 crossingAngle: -42.4178 axialRotation: -41.8876 zShift: 3.08984 energy: -3.582
MCReject   xShift: 8.69307 crossingAngle: -42.553 axialRotation: -41.8876 zShift: 3.09524 energy: -2.63149
MCReject   xShift: 8.69422 crossingAngle: -42.4178 axialRotation: -41.8876 zShift: 3.09524 energy: -1.51225
MCReject   xShift: 8.68194 crossingAngle: -42.4178 axialRotation: -41.8876 zShift: 3.09524 energy: -1.57527
MCReject   xShift: 8.69307 crossingAngle: -42.524 axialRotation: -41.8876 zShift: 3.09524 energy: -2.68822
MCReject   xShift: 8.69256 crossingAngle: -42.4178 axialRotation: -41.8876 zShift: 3.09524 energy: -1.57527
MCReject   xShift: 8.69307 crossingAngle: -42.4178 axialRotation: -41.8876 zShift: 3.11136 energy: -3.15761
MCReject   xShift: 8.69307 crossingAngle: -42.4178 axialRotation: -41.8843 zShift: 3.09524 energy: -2.72232
MCReject   xShift: 8.69307 crossingAngle: -42.5841 axialRotation: -41.8876 zShift: 3.09524 energy: -2.73954
MCReject   xShift: 8.69307 crossingAngle: -42.4178 axialRotation: -41.8876 zShift: 3.09031 energy: -2.47788
MCReject   xShift: 8.69307 crossingAngle: -42.5212 axialRotation: -41.8876 zShift: 3.09524 energy: -2.60548
MCReject   xShift: 8.69802 crossingAngle: -42.4178 axialRotation: -41.8876 zShift: 3.09524 energy: -2.63255
MCReject   xShift: 8.69307 crossingAngle: -42.4178 axialRotation: -41.8692 zShift: 3.09524 energy: -2.69526
MCReject   xShift: 8.69307 crossingAngle: -42.5353 axialRotation: -41.8876 zShift: 3.09524 energy: -1.47891
MCReject   xShift: 8.69307 crossingAngle: -42.4178 axialRotation: -41.8876 zShift: 3.10586 energy: -3.00794
MCReject   xShift: 8.71024 crossingAngle: -42.4178 axialRotation: -41.8876 zShift: 3.09524 energy: -1.59249
MCReject   xShift: 8.69307 crossingAngle: -42.4178 axialRotation: -41.9769 zShift: 3.09524 energy: -1.57527
MCReject   xShift: 8.69307 crossingAngle: -42.4178 axialRotation: -42.0507 zShift: 3.09524 energy: -2.68822
MCReject   xShift: 8.69307 crossingAngle: -42.4178 axialRotation: -42.0575 zShift: 3.09524 energy: -1.59249
MCAccept 10 xShift: 8.66985 crossingAngle: -42.4178 axialRotation: -41.8876 zShift: 3.09524 energy: -3.80324
MCReject   xShift: 8.66317 crossingAngle: -42.4178 axialRotation: -41.8876 zShift: 3.09524 energy: -2.72232
MCReject   xShift: 8.66985 crossingAngle: -42.4178 axialRotation: -41.8876 zShift: 3.09334 energy: -2.5746
MCReject   xShift: 8.66985 crossingAngle: -42.4178 axialRotation: -41.8876 zShift: 3.08846 energy: -2.43675
MCReject   xShift: 8.66985 crossingAngle: -42.3728 axialRotation: -41.8876 zShift: 3.09524 energy: -2.69526
MCReject   xShift: 8.66985 crossingAngle: -42.4178 axialRotation: -41.7992 zShift: 3.09524 energy: -1.59249
MCReject   xShift: 8.68771 crossingAngle: -42.4178 axialRotation: -41.8876 zShift: 3.09524 energy: -1.51225
MCReject   xShift: 8.67686 crossingAngle: -42.4178 axialRotation: -41.8876 zShift: 3.09524 energy: -2.72232
MCReject   xShift: 8.66545 crossingAngle: -42.4178 axialRotation: -41.8876 zShift: 3.09524 energy: -2.78458
MCReject   xShift: 8.66985 crossingAngle: -42.417 axialRotation: -41.8876 zShift: 3.09524 energy: -1.57527
MCReject   xShift: 8.66985 crossingAngle: -42.4178 axialRotation: -42.0557 zShift: 3.09524 energy: -1.59249
MCReject   xShift: 8.66985 crossingAngle: -42.5684 axialRotation: -41.8876 zShift: 3.09524 energy: -2.62596
MCReject   xShift: 8.65238 crossingAngle: -42.4178 axialRotation: -41.8876 zShift: 3.09524 energy: -2.78458
MCReject   xShift: 8.66985 crossingAngle: -42.4178 axialRotation: -41.8154 zShift: 3.09524 energy: -1.52946
MCReject   xShift: 8.69564 crossingAngle: -42.4178 axialRotation: -41.8876 zShift: 3.09524 energy: -2.60548
MCReject   xShift: 8.66985 crossingAngle: -42.4178 axialRotation: -41.8876 zShift: 3.08985 energy: -2.4609
MCReject   xShift: 8.66985 crossingAngle: -42.4178 axialRotation: -41.913 zShift: 3.09524 energy: -2.60548
MCAccept 11 xShift: 8.66985 crossingAngle: -42.4178 axialRotation: -42.1438 zShift: 3.09524 energy: -3.74682
MCReject   xShift: 8.66985 crossingAngle: -42.4178 axialRotation: -42.2454 zShift: 3.09524 energy: -1.51225
MCReject   xShift: 8.67153 crossingAngle: -42.4178 axialRotation: -42.1438 zShift: 3.09524 energy: -1.57527
MCReject   xShift: 8.66985 crossingAngle: -42.4924 axialRotation: -42.1438 zShift: 3.09524 energy: -2.72232
MCReject   xShift: 8.66985 crossingAngle: -42.631 axialRotation: -42.1438 zShift: 3.09524 energy: -2.61938
MCReject   xShift: 8.68396 crossingAngle: -42.4178 axialRotation: -42.1438 zShift: 3.09524 energy: -2.59889
MCReject   xShift: 8.66392 crossingAngle: -42.4178 axialRotation: -42.1438 zShift: 3.09524 energy: -2.72232
MCReject   xShift: 8.66985 crossingAngle: -42.4178 axialRotation: -42.1438 zShift: 3.07616 energy: -0.885754
MCReject   xShift: 8.66868 crossingAngle: -42.4178 axialRotation: -42.1438 zShift: 3.09524 energy: -1.57527
MCReject   xShift: 8.68006 crossingAngle: -42.4178 axialRotation: -42.1438 zShift: 3.09524 energy: -2.72232
MCReject   xShift: 8.66985 crossingAngle: -42.3755 axialRotation: -42.1438 zShift: 3.09524 energy: -2.68822
MCReject   xShift: 8.66985 crossingAngle: -42.4178 axialRotation: -41.8794 zShift: 3.09524 energy: -2.63255
MCAccept 12 xShift: 8.66985 crossingAngle: -42.4178 axialRotation: -42.1438 zShift: 3.09514 energy: -3.75019
MCReject   xShift: 8.66985 crossingAngle: -42.4178 axialRotation: -42.2462 zShift: 3.09514 energy: -2.71903
MCReject   xShift: 8.66985 crossingAngle: -42.4178 axialRotation: -42.1438 zShift: 3.06901 energy: -2.98542
MCReject   xShift: 8.66985 crossingAngle: -42.4178 axialRotation: -42.1438 zShift: 3.07812 energy: -2.00312
MCReject   xShift: 8.66985 crossingAngle: -42.443 axialRotation: -42.1438 zShift: 3.09514 energy: -2.62819
MCReject   xShift: 8.67977 crossingAngle: -42.4178 axialRotation: -42.1438 zShift: 3.09514 energy: -2.62819
MCReject   xShift: 8.66985 crossingAngle: -42.4178 axialRotation: -42.0224 zShift: 3.09514 energy: -2.67839
MCReject   xShift: 8.66878 crossingAngle: -42.4178 axialRotation: -42.1438 zShift: 3.09514 energy: -2.60224
MCReject   xShift: 8.66985 crossingAngle: -42.4178 axialRotation: -42.0198 zShift: 3.09514 energy: -2.58907
MCReject   xShift: 8.66985 crossingAngle: -42.6156 axialRotation: -42.1438 zShift: 3.09514 energy: -1.57196
MCReject   xShift: 8.66985 crossingAngle: -42.3543 axialRotation: -42.1438 zShift: 3.09514 energy: -1.52616
MCReject   xShift: 8.66253 crossingAngle: -42.4178 axialRotation: -42.1438 zShift: 3.09514 energy: -1.58918
MCReject   xShift: 8.66985 crossingAngle: -42.3535 axialRotation: -42.1438 zShift: 3.09514 energy: -1.57196
MCReject   xShift: 8.66985 crossingAngle: -42.4202 axialRotation: -42.1438 zShift: 3.09514 energy: -2.67839
MCReject   xShift: 8.66985 crossingAngle: -42.4178 axialRotation: -42.1438 zShift: 3.08542 energy: -2.2379
MCReject   xShift: 8.66985 crossingAngle: -42.4429 axialRotation: -42.1438 zShift: 3.09514 energy: -2.68498
MCReject   xShift: 8.66985 crossingAngle: -42.4178 axialRotation: -42.2476 zShift: 3.09514 energy: -1.58918
MCReject   xShift: 8.66985 crossingAngle: -42.4178 axialRotation: -42.1438 zShift: 3.10937 energy: -3.13351
MCReject   xShift: 8.66985 crossingAngle: -42.4178 axialRotation: -41.9848 zShift: 3.09514 energy: -2.78128
MCReject   xShift: 8.66985 crossingAngle: -42.262 axialRotation: -42.1438 zShift: 3.09514 energy: -2.73624
MCReject   xShift: 8.66985 crossingAngle: -42.4178 axialRotation: -42.1438 zShift: 3.12202 energy: -2.37033
MCReject   xShift: 8.66985 crossingAngle: -42.4178 axialRotation: -42.1061 zShift: 3.09514 energy: -2.62272
MCReject   xShift: 8.66985 crossingAngle: -42.4178 axialRotation: -42.1678 zShift: 3.09514 energy: -2.69196
MCReject   xShift: 8.66985 crossingAngle: -42.4178 axialRotation: -42.2993 zShift: 3.09514 energy: -2.68498
MCReject   xShift: 8.66985 crossingAngle: -42.4178 axialRotation: -42.1438 zShift: 3.10632 energy: -1.8458
MCAccept 13 xShift: 8.68581 crossingAngle: -42.4178 axialRotation: -42.1438 zShift: 3.09514 energy: -3.81318
MCReject   xShift: 8.68042 crossingAngle: -42.4178 axialRotation: -42.1438 zShift: 3.09514 energy: -2.62931
MCReject   xShift: 8.68581 crossingAngle: -42.4178 axialRotation: -42.1438 zShift: 3.08443 energy: -1.25031
MCReject   xShift: 8.68581 crossingAngle: -42.3377 axialRotation: -42.1438 zShift: 3.09514 energy: -1.57196
MCReject   xShift: 8.6627 crossingAngle: -42.4178 axialRotation: -42.1438 zShift: 3.09514 energy: -2.53848
MCReject   xShift: 8.68581 crossingAngle: -42.1971 axialRotation: -42.1438 zShift: 3.09514 energy: -1.58918
MCReject   xShift: 8.68581 crossingAngle: -42.4178 axialRotation: -42.0992 zShift: 3.09514 energy: -2.78128
MCReject   xShift: 8.68581 crossingAngle: -42.4178 axialRotation: -42.1501 zShift: 3.09514 energy: -3.75019
MCReject   xShift: 8.69955 crossingAngle: -42.4178 axialRotation: -42.1438 zShift: 3.09514 energy: -1.58918
MCReject   xShift: 8.68581 crossingAngle: -42.4178 axialRotation: -42.2331 zShift: 3.09514 energy: -2.71903
MCReject   xShift: 8.68581 crossingAngle: -42.4178 axialRotation: -42.1438 zShift: 3.10291 energy: -2.84692
MCReject   xShift: 8.67247 crossingAngle: -42.4178 axialRotation: -42.1438 zShift: 3.09514 energy: -1.58918
MCReject   xShift: 8.69177 crossingAngle: -42.4178 axialRotation: -42.1438 zShift: 3.09514 energy: -1.58918
MCReject   xShift: 8.68581 crossingAngle: -42.4178 axialRotation: -42.1116 zShift: 3.09514 energy: -1.57196
MCAccept 14 xShift: 8.68581 crossingAngle: -42.4178 axialRotation: -42.1438 zShift: 3.09174 energy: -3.81496
MCReject   xShift: 8.68581 crossingAngle: -42.4213 axialRotation: -42.1438 zShift: 3.09174 energy: -2.51914
MCReject   xShift: 8.68504 crossingAngle: -42.4178 axialRotation: -42.1438 zShift: 3.09174 energy: -1.46619
MCReject   xShift: 8.68581 crossingAngle: -42.5933 axialRotation: -42.1438 zShift: 3.09174 energy: -1.48339
MCReject   xShift: 8.69154 crossingAngle: -42.4178 axialRotation: -42.1438 zShift: 3.09174 energy: -1.40323
MCReject   xShift: 8.68581 crossingAngle: -42.461 axialRotation: -42.1438 zShift: 3.09174 energy: -2.52573
MCReject   xShift: 8.68581 crossingAngle: -42.4178 axialRotation: -42.1438 zShift: 3.09809 energy: -2.69087
MCReject   xShift: 8.69339 crossingAngle: -42.4178 axialRotation: -42.1438 zShift: 3.09174 energy: -1.48339
MCReject   xShift: 8.68581 crossingAngle: -42.3579 axialRotation: -42.1438 zShift: 3.09174 energy: -2.54003
MCReject   xShift: 8.68581 crossingAngle: -42.4178 axialRotation: -42.0818 zShift: 3.09174 energy: -2.61361
MCReject   xShift: 8.68581 crossingAngle: -42.4178 axialRotation: -42.1438 zShift: 3.10527 energy: -2.83764
MCReject   xShift: 8.68581 crossingAngle: -42.4178 axialRotation: -42.1438 zShift: 3.07356 energy: -1.85233
MCReject   xShift: 8.68759 crossingAngle: -42.4178 axialRotation: -42.1438 zShift: 3.09174 energy: -1.48339
MCAccept 15 xShift: 8.68581 crossingAngle: -42.4427 axialRotation: -42.1438 zShift: 3.09174 energy: -3.75203
MCReject   xShift: 8.68581 crossingAngle: -42.4427 axialRotation: -42.1438 zShift: 3.09259 energy: -2.70227
MCReject   xShift: 8.68581 crossingAngle: -42.4427 axialRotation: -42.2418 zShift: 3.09174 energy: -1.42043
MCAccept 16 xShift: 8.68349 crossingAngle: -42.4427 axialRotation: -42.1438 zShift: 3.09174 energy: -3.73482
MCReject   xShift: 8.68349 crossingAngle: -42.4427 axialRotation: -42.1219 zShift: 3.09174 energy: -1.48339
MCReject   xShift: 8.69273 crossingAngle: -42.4427 axialRotation: -42.1438 zShift: 3.09174 energy: -1.42043
MCReject   xShift: 8.67581 crossingAngle: -42.4427 axialRotation: -42.1438 zShift: 3.09174 energy: -2.69301
MCReject   xShift: 8.68349 crossingAngle: -42.4427 axialRotation: -42.2783 zShift: 3.09174 energy: -2.58134
MCReject   xShift: 8.68349 crossingAngle: -42.4427 axialRotation: -42.1438 zShift: 3.08751 energy: -1.34922
MCReject   xShift: 8.68349 crossingAngle: -42.4427 axialRotation: -42.1438 zShift: 3.11014 energy: -3.1655
MCReject   xShift: 8.68349 crossingAngle: -42.529 axialRotation: -42.1438 zShift: 3.09174 energy: -2.69301
MCReject   xShift: 8.69044 crossingAngle: -42.4427 axialRotation: -42.1438 zShift: 3.09174 energy: -1.46619
MCReject   xShift: 8.68349 crossingAngle: -42.4427 axialRotation: -42.0629 zShift: 3.09174 energy: -2.69301
MCReject   xShift: 8.67291 crossingAngle: -42.4427 axialRotation: -42.1438 zShift: 3.09174 energy: -1.42043
MCReject   xShift: 8.68349 crossingAngle: -42.4427 axialRotation: -42.1438 zShift: 3.08496 energy: -2.47747
MCReject   xShift: 8.68349 crossingAngle: -42.4427 axialRotation: -42.245 zShift: 3.09174 energy: -2.52283
MCAccept 17 xShift: 8.68349 crossingAngle: -42.1254 axialRotation: -42.1438 zShift: 3.09174 energy: -3.70988
MCReject   xShift: 8.68785 crossingAngle: -42.1254 axialRotation: -42.1438 zShift: 3.09174 energy: -1.48339
MCReject   xShift: 8.70444 crossingAngle: -42.1254 axialRotation: -42.1438 zShift: 3.09174 energy: -1.40323
MCReject   xShift: 8.68349 crossingAngle: -42.2128 axialRotation: -42.1438 zShift: 3.09174 energy: -2.69301
MCReject   xShift: 8.68349 crossingAngle: -42.1671 axialRotation: -42.1438 zShift: 3.09174 energy: -1.46619
MCReject   xShift: 8.68349 crossingAngle: -42.1254 axialRotation: -42.1438 zShift: 3.0952 energy: -2.6802
MCReject   xShift: 8.68349 crossingAngle: -42.0774 axialRotation: -42.1438 zShift: 3.09174 energy: -2.58792
MCReject   xShift: 8.69543 crossingAngle: -42.1254 axialRotation: -42.1438 zShift: 3.09174 energy: -2.60373
MCReject   xShift: 8.68349 crossingAngle: -42.1254 axialRotation: -42.0417 zShift: 3.09174 energy: -1.48339
MCReject   xShift: 8.68349 crossingAngle: -42.1578 axialRotation: -42.1438 zShift: 3.09174 energy: -2.49206
MCReject   xShift: 8.68349 crossingAngle: -42.1254 axialRotation: -42.1402 zShift: 3.09174 energy: -2.51914
MCReject   xShift: 8.68254 crossingAngle: -42.1254 axialRotation: -42.1438 zShift: 3.09174 energy: -2.54003
MCReject   xShift: 8.68897 crossingAngle: -42.1254 axialRotation: -42.1438 zShift: 3.09174 energy: -2.60373
MCReject   xShift: 8.6688 crossingAngle: -42.1254 axialRotation: -42.1438 zShift: 3.09174 energy: -1.42043
MCReject   xShift: 8.68349 crossingAngle: -42.1254 axialRotation: -42.1443 zShift: 3.09174 energy: -2.58653
MCReject   xShift: 8.67477 crossingAngle: -42.1254 axialRotation: -42.1438 zShift: 3.09174 energy: -1.42043
MCReject   xShift: 8.68349 crossingAngle: -42.1254 axialRotation: -42.1438 zShift: 3.0751 energy: -2.05443
MCReject   xShift: 8.68349 crossingAngle: -42.1254 axialRotation: -41.9335 zShift: 3.09174 energy: -2.43494
MCReject   xShift: 8.68349 crossingAngle: -42.1254 axialRotation: -42.2395 zShift: 3.09174 energy: -1.46619
MCReject   xShift: 8.70118 crossingAngle: -42.1254 axialRotation: -42.1438 zShift: 3.09174 energy: -1.48339
MCReject   xShift: 8.68349 crossingAngle: -42.0631 axialRotation: -42.1438 zShift: 3.09174 energy: -1.46619
MCReject   xShift: 8.68349 crossingAngle: -42.1254 axialRotation: -42.1371 zShift: 3.09174 energy: -2.67581
MCReject   xShift: 8.68349 crossingAngle: -42.1254 axialRotation: -42.1438 zShift: 3.07014 energy: -0.67129
MCReject   xShift: 8.68286 crossingAngle: -42.1254 axialRotation: -42.1438 zShift: 3.09174 energy: -1.46619
MCReject   xShift: 8.68349 crossingAngle: -41.941 axialRotation: -42.1438 zShift: 3.09174 energy: -1.46619
MCReject   xShift: 8.68349 crossingAngle: -42.1254 axialRotation: -42.1373 zShift: 3.09174 energy: -2.58653
MCReject   xShift: 8.67733 crossingAngle: -42.1254 axialRotation: -42.1438 zShift: 3.09174 energy: -2.61361
MCReject   xShift: 8.68349 crossingAngle: -42.1254 axialRotation: -42.0118 zShift: 3.09174 energy: -2.42836
MCReject   xShift: 8.68349 crossingAngle: -42.1254 axialRotation: -42.3057 zShift: 3.09174 energy: -2.63081
MCReject   xShift: 8.68349 crossingAngle: -42.1254 axialRotation: -42.0929 zShift: 3.09174 energy: -2.52283
MCReject   xShift: 8.68349 crossingAngle: -42.1254 axialRotation: -42.1777 zShift: 3.09174 energy: -1.48339
MCReject   xShift: 8.68349 crossingAngle: -42.1338 axialRotation: -42.1438 zShift: 3.09174 energy: -2.61361
MCReject   xShift: 8.68349 crossingAngle: -42.1254 axialRotation: -42.2101 zShift: 3.09174 energy: -1.42043
MCReject   xShift: 8.68349 crossingAngle: -42.1453 axialRotation: -42.1438 zShift: 3.09174 energy: -2.63081
MCReject   xShift: 8.68349 crossingAngle: -42.1254 axialRotation: -42.102 zShift: 3.09174 energy: -1.40323
MCReject   xShift: 8.68349 crossingAngle: -42.2548 axialRotation: -42.1438 zShift: 3.09174 energy: -3.64694
MCReject   xShift: 8.68349 crossingAngle: -42.1254 axialRotation: -42.1438 zShift: 3.08441 energy: -2.20596
MCReject   xShift: 8.68349 crossingAngle: -42.1157 axialRotation: -42.1438 zShift: 3.09174 energy: -1.46619
MCReject   xShift: 8.68349 crossingAngle: -42.1254 axialRotation: -42.1358 zShift: 3.09174 energy: -2.54003
MCReject   xShift: 8.68349 crossingAngle: -42.1254 axialRotation: -42.1051 zShift: 3.09174 energy: -2.52283
MCReject   xShift: 8.68349 crossingAngle: -42.2332 axialRotation: -42.1438 zShift: 3.09174 energy: -1.3783
MCReject   xShift: 8.68349 crossingAngle: -42.1254 axialRotation: -42.1438 zShift: 3.10082 energy: -2.86493
MCReject   xShift: 8.68349 crossingAngle: -41.9242 axialRotation: -42.1438 zShift: 3.09174 energy: -1.48339
MCReject   xShift: 8.68349 crossingAngle: -42.1254 axialRotation: -42.1438 zShift: 3.08346 energy: -2.34977
MCReject   xShift: 8.68349 crossingAngle: -42.1983 axialRotation: -42.1438 zShift: 3.09174 energy: -2.67581
MCReject   xShift: 8.68349 crossingAngle: -42.1778 axialRotation: -42.1438 zShift: 3.09174 energy: -2.61361
MCReject   xShift: 8.68349 crossingAngle: -42.1254 axialRotation: -42.1438 zShift: 3.08833 energy: -1.37561
MCReject   xShift: 8.68349 crossingAngle: -42.1254 axialRotation: -42.1438 zShift: 3.11879 energy: -2.20087
MCReject   xShift: 8.68349 crossingAngle: -42.1254 axialRotation: -42.1438 zShift: 3.10014 energy: -2.78049
MCReject   xShift: 8.68349 crossingAngle: -42.1254 axialRotation: -41.9608 zShift: 3.09174 energy: -1.46619
MCReject   xShift: 8.69434 crossingAngle: -42.1254 axialRotation: -42.1438 zShift: 3.09174 energy: -2.51914
MCReject   xShift: 8.68349 crossingAngle: -42.3777 axialRotation: -42.1438 zShift: 3.09174 energy: -1.48339
MCReject   xShift: 8.68349 crossingAngle: -42.1254 axialRotation: -42.2311 zShift: 3.09174 energy: -1.46619
MCReject   xShift: 8.68349 crossingAngle: -42.1254 axialRotation: -42.1438 zShift: 3.08766 energy: -3.51417
MCReject   xShift: 8.69701 crossingAngle: -42.1254 axialRotation: -42.1438 zShift: 3.09174 energy: -2.58134
MCReject   xShift: 8.68349 crossingAngle: -42.1254 axialRotation: -42.0768 zShift: 3.09174 energy: -1.42043
MCReject   xShift: 8.6865 crossingAngle: -42.1254 axialRotation: -42.1438 zShift: 3.09174 energy: -2.58134
MCReject   xShift: 8.66672 crossingAngle: -42.1254 axialRotation: -42.1438 zShift: 3.09174 energy: -1.40323
MCReject   xShift: 8.68349 crossingAngle: -42.1254 axialRotation: -42.1438 zShift: 3.08668 energy: -2.45362
MCReject   xShift: 8.68349 crossingAngle: -42.1254 axialRotation: -42.0267 zShift: 3.09174 energy: -2.49864
MCReject   xShift: 8.70044 crossingAngle: -42.1254 axialRotation: -42.1438 zShift: 3.09174 energy: -1.40323
MCReject   xShift: 8.68349 crossingAngle: -42.0217 axialRotation: -42.1438 zShift: 3.09174 energy: -2.58653
MCReject   xShift: 8.68625 crossingAngle: -42.1254 axialRotation: -42.1438 zShift: 3.09174 energy: -2.61361
MCReject   xShift: 8.68349 crossingAngle: -42.1254 axialRotation: -42.2844 zShift: 3.09174 energy: -1.46619
MCReject   xShift: 8.67167 crossingAngle: -42.1254 axialRotation: -42.1438 zShift: 3.09174 energy: -1.48339
MCAccept 18 xShift: 8.68349 crossingAngle: -42.1254 axialRotation: -42.1438 zShift: 3.096 energy: -3.76951
MCReject   xShift: 8.68075 crossingAngle: -42.1254 axialRotation: -42.1438 zShift: 3.096 energy: -1.53548
MCReject   xShift: 8.68813 crossingAngle: -42.1254 axialRotation: -42.1438 zShift: 3.096 energy: -2.74549
MCReject   xShift: 8.68349 crossingAngle: -42.1254 axialRotation: -42.1139 zShift: 3.096 energy: -2.65531
MCReject   xShift: 8.68349 crossingAngle: -42.1254 axialRotation: -42.1438 zShift: 3.1053 energy: -2.82523
MCReject   xShift: 8.68349 crossingAngle: -42.1833 axialRotation: -42.1438 zShift: 3.096 energy: -1.61574
MCReject   xShift: 8.68349 crossingAngle: -41.9984 axialRotation: -42.1438 zShift: 3.096 energy: -2.71843
MCReject   xShift: 8.68349 crossingAngle: -42.2415 axialRotation: -42.1438 zShift: 3.096 energy: -1.61574
MCReject   xShift: 8.68349 crossingAngle: -42.1144 axialRotation: -42.1438 zShift: 3.096 energy: -1.61574
MCAccept 19 xShift: 8.67897 crossingAngle: -42.1254 axialRotation: -42.1438 zShift: 3.096 energy: -3.86628
MCReject   xShift: 8.67897 crossingAngle: -42.1254 axialRotation: -42.2506 zShift: 3.096 energy: -1.59852
MCReject   xShift: 8.67897 crossingAngle: -42.2899 axialRotation: -42.1438 zShift: 3.096 energy: -2.71843
MCReject   xShift: 8.67897 crossingAngle: -42.0229 axialRotation: -42.1438 zShift: 3.096 energy: -2.80776
MCReject   xShift: 8.67897 crossingAngle: -42.1254 axialRotation: -42.2736 zShift: 3.096 energy: -1.61574
MCReject   xShift: 8.68363 crossingAngle: -42.1254 axialRotation: -42.1438 zShift: 3.096 energy: -1.59852
MCReject   xShift: 8.7 crossingAngle: -42.1254 axialRotation: -42.1438 zShift: 3.096 energy: -1.59852
MCReject   xShift: 8.67897 crossingAngle: -42.1878 axialRotation: -42.1438 zShift: 3.096 energy: -2.65465
MCReject   xShift: 8.67897 crossingAngle: -42.2555 axialRotation: -42.1438 zShift: 3.096 energy: -1.5527
MCReject   xShift: 8.67897 crossingAngle: -42.2393 axialRotation: -42.1438 zShift: 3.096 energy: -2.71758
MCReject   xShift: 8.67897 crossingAngle: -42.1254 axialRotation: -42.1438 zShift: 3.09775 energy: -1.56112
MCReject   xShift: 8.66896 crossingAngle: -42.1254 axialRotation: -42.1438 zShift: 3.096 energy: -2.61507
MCReject   xShift: 8.67897 crossingAngle: -42.1254 axialRotation: -42.2051 zShift: 3.096 energy: -2.65465
MCReject   xShift: 8.6749 crossingAngle: -42.1254 axialRotation: -42.1438 zShift: 3.096 energy: -2.55787
MCReject   xShift: 8.67694 crossingAngle: -42.1254 axialRotation: -42.1438 zShift: 3.096 energy: -1.50834
MCReject   xShift: 8.67897 crossingAngle: -42.1254 axialRotation: -42.0128 zShift: 3.096 energy: -2.70441
MCReject   xShift: 8.67897 crossingAngle: -42.1254 axialRotation: -42.1438 zShift: 3.1111 energy: -1.98426
MCReject   xShift: 8.67897 crossingAngle: -42.1254 axialRotation: -42.1438 zShift: 3.10246 energy: -1.81187
MCReject   xShift: 8.67897 crossingAngle: -42.1254 axialRotation: -42.1438 zShift: 3.10735 energy: -1.95637
MCReject   xShift: 8.67897 crossingAngle: -42.1073 axialRotation: -42.1438 zShift: 3.096 energy: -2.74549
MCReject   xShift: 8.66588 crossingAngle: -42.1254 axialRotation: -42.1438 zShift: 3.096 energy: -1.59852
MCReject   xShift: 8.67897 crossingAngle: -42.0834 axialRotation: -42.1438 zShift: 3.096 energy: -1.61574
MCReject   xShift: 8.67897 crossingAngle: -42.117 axialRotation: -42.1438 zShift: 3.096 energy: -2.67187
MCReject   xShift: 8.67897 crossingAngle: -42.1254 axialRotation: -42.3766 zShift: 3.096 energy: -1.59852
MCReject   xShift: 8.67897 crossingAngle: -41.962 axialRotation: -42.1438 zShift: 3.096 energy: -2.64872
MCReject   xShift: 8.67781 crossingAngle: -42.1254 axialRotation: -42.1438 zShift: 3.096 energy: -1.59852
MCReject   xShift: 8.66734 crossingAngle: -42.1254 axialRotation: -42.1438 zShift: 3.096 energy: -1.5527
MCReject   xShift: 8.67897 crossingAngle: -42.1254 axialRotation: -42.1438 zShift: 3.07238 energy: -0.762025
MCReject   xShift: 8.67897 crossingAngle: -42.1254 axialRotation: -42.135 zShift: 3.096 energy: -2.71099
MCReject   xShift: 8.67897 crossingAngle: -42.1254 axialRotation: -42.1159 zShift: 3.096 energy: -2.74549
MCReject   xShift: 8.67469 crossingAngle: -42.1254 axialRotation: -42.1438 zShift: 3.096 energy: -2.74549
MCReject   xShift: 8.67897 crossingAngle: -42.1254 axialRotation: -42.1438 zShift: 3.09237 energy: -2.60632
MCReject   xShift: 8.67897 crossingAngle: -42.1938 axialRotation: -42.1438 zShift: 3.096 energy: -2.70441
MCReject   xShift: 8.67136 crossingAngle: -42.1254 axialRotation: -42.1438 zShift: 3.096 energy: -1.59852
MCReject   xShift: 8.68266 crossingAngle: -42.1254 axialRotation: -42.1438 zShift: 3.096 energy: -3.76292
MCReject   xShift: 8.67897 crossingAngle: -42.1254 axialRotation: -42.1438 zShift: 3.09918 energy: -2.81274
MCReject   xShift: 8.67897 crossingAngle: -42.0171 axialRotation: -42.1438 zShift: 3.096 energy: -1.5527
Energy #0: -3.86628
***GEOMETRY SHIFT***
xShift;        Before: 8.73; After: 8.67897
crossingAngle; Before: -42.06; After: -42.1254
axialRotation; Before: -41.95; After: -42.1438
zShift;        Before: 3.09; After: 3.096
Energy;        Before: 771.072; After: -3.86628

Reached 51 cycles without improvement of 0.001. Accepted 20/335
Monte Carlo repack complete. Time: 61.1333min

