***STARTING GEOMETRY:***
xShift: 8.67897
crossingAngle: -42.1254
axialRotation: -42.1438
zShift: 3.096

Number of MCCycles: 200
PrevSequence	CurrSequence	PrevEnergy	CurrEnergy	PrevEntropy	CurrEntropy	CurrentTemp
LLLTTLLTTLLGTLLGFLILI	LLLTTLLTTLLFTLLGFLILI	1.59831	-4.6162	0.453966	0.369715	999.847
LLLTTLLTTLLFTLLGFLILI	LLLTTLLTTLLFTLLSFLILI	-4.61891	-4.44965	0.367007	0.457104	999.684
LLLTTLLTTLLFTLLSFLILI	LLLTTLLTTLLFTLLAFLILI	-4.26454	-4.07903	0.642213	0.244161	999.512
LLLTTLLTTLLFTLLAFLILI	LLLYTLLTTLLFTLLAFLILI	-3.4055	-3.71364	0.917682	0.141213	999.328
LLLYTLLTTLLFTLLAFLILI	LLLGTLLTTLLFTLLAFLILI	-3.25929	-3.8829	0.595564	0.269472	999.134
LLLGTLLTTLLFTLLAFLILI	LLLGTLLTTLLFVLLAFLILI	-2.87604	1.2818	1.27634	0.0728516	998.928
LLLGTLLTTLLFVLLAFLILI	LLLYTLLTTLLFVLLAFLILI	1.47842	1.76611	0.269472	0.595564	998.708
LLLYTLLTTLLFVLLAFLILI	LLLYTLLTTLLFTLLAFLILI	1.24339	-2.94898	0.0728516	1.27634	998.476
LLLYTLLTTLLFTLLAFLILI	LLLYTLLTTLLFVLLAFLILI	-2.94898	1.20908	1.27634	0.0728516	998.229
LLLYTLLTTLLFVLLAFLILI	LLLGTLLTTLLFVLLAFLILI	1.73179	1.47842	0.595564	0.269472	997.967
LLLGTLLTTLLFVLLAFLILI	LLLGTLLTTLLFVLLATLILI	1.38076	0.0978308	0.171816	0.816184	997.689
LLLGTLLTTLLFVLLATLILI	LLLGTLLYTLLFVLLATLILI	0.0978308	2.38926	0.816184	0.171816	997.394
LLLGTLLYTLLFVLLATLILI	LLLGTLLYTLLFTLLATLILI	2.29029	0.694831	0.0728516	1.27634	997.081
LLLGTLLYTLLFTLLATLILI	LLLGTLLYTLLFTLLAWLILI	0.00583026	-1.78407	0.58734	0.274265	996.749
LLLGTLLYTLLFTLLAWLILI	LLLGTLLTTLLFTLLAWLILI	-1.88652	-4.14754	0.171816	0.816184	996.397
LLLGTLLTTLLFTLLAWLILI	LLLGTLLTTLLFTLLAYLILI	-4.36486	-3.88109	0.598868	0.267575	996.023
LLLGTLLTTLLFTLLAYLILI	LLLGTLLTTLLYTLLAYLILI	-4.01656	-2.69051	0.132101	0.952787	995.626
LLLGTLLTTLLYTLLAYLILI	LLLYTLLTTLLYTLLAYLILI	-3.53925	-2.63865	0.104052	1.08052	995.205
LLLYTLLTTLLYTLLAYLILI	LLLYTLLTTLLFTLLAYLILI	-2.5672	-4.13035	1.15198	0.0912572	994.758
LLLYTLLTTLLFTLLAYLILI	LLLYGLLTTLLFTLLAYLILI	-3.14612	-2.30732	1.07549	0.105025	994.285
LLLYGLLTTLLFTLLAYLILI	LLLYGLLTTLLYTLLAYLILI	-2.32109	-0.761126	0.0912572	1.15198	993.782
LLLYGLLTTLLYTLLAYLILI	LLLYTLLTTLLYTLLAYLILI	-1.80808	-1.47584	0.105025	1.07549	993.249
LLLYTLLTTLLYTLLAYLILI	LLLYGLLTTLLYTLLAYLILI	-1.47584	-1.80808	1.07549	0.105025	992.683
LLLYGLLTTLLYTLLAYLILI	LLLYTLLTTLLYTLLAYLILI	-1.80808	-1.99893	0.105025	1.07549	992.084
LLLYTLLTTLLYTLLAYLILI	LLLYTLLTTLLFTLLAYLILI	-1.92244	-3.46534	1.15198	0.0912572	991.448
LLLYTLLTTLLFTLLAYLILI	LLLYTLLTTLLFTLLAWLILI	-3.10541	-4.05283	0.451187	0.372136	990.773
LLLYTLLTTLLFTLLAWLILI	LLLYGLLTTLLFTLLAWLILI	-3.34948	-3.16876	1.07549	0.105025	990.058
LLLYGLLTTLLFTLLAWLILI	LLLYTLLTTLLFTLLAWLILI	-3.16876	-3.34948	0.105025	1.07549	989.3
LLLYTLLTTLLFTLLAWLILI	LLLYTLLTTLLFTLLAYLILI	-4.05283	-3.13042	0.372136	0.451187	988.496
LLLYTLLTTLLFTLLAYLILI	LLLGTLLTTLLFTLLAYLILI	-2.69524	-3.30347	0.886373	0.149938	987.644
LLLGTLLTTLLFTLLAYLILI	LLLGGLLTTLLFTLLAYLILI	-2.69909	-1.91839	0.754313	0.194196	986.74
LLLGGLLTTLLFTLLAYLILI	LLLGGLLTTLLYTLLAYLILI	-1.98048	-0.616732	0.132101	0.952787	985.783
LLLGGLLTTLLYTLLAYLILI	LLLGTLLTTLLYTLLAYLILI	-1.37532	-2.09208	0.194196	0.754313	984.769
LLLGTLLTTLLYTLLAYLILI	LLLGTLLTTLLFTLLAYLILI	-1.8936	-3.33853	0.952787	0.132101	983.694
LLLGTLLTTLLFTLLAYLILI	LLLYTLLTTLLFTLLAYLILI	-3.32069	-2.69524	0.149938	0.886373	982.555
LLLYTLLTTLLFTLLAYLILI	LLLYTLLTTLLFVLLAYLILI	-2.30527	1.05136	1.27634	0.0728516	981.348
LLLYTLLTTLLFVLLAYLILI	LLLYTLLTTLLFVLLATLILI	1.28333	0.387672	0.30482	0.538845	980.071
LLLYTLLTTLLFVLLATLILI	LLLYTLLTTLLFVLLSTLILI	0.0929876	-0.912011	0.244161	0.642213	978.717
LLLYTLLTTLLFVLLSTLILI	LLLGTLLTTLLFVLLSTLILI	-0.95866	-1.09371	0.595564	0.269472	977.285
LLLGTLLTTLLFVLLSTLILI	LLLYTLLTTLLFVLLSTLILI	-1.09371	-0.95866	0.269472	0.595564	975.768
LLLYTLLTTLLFVLLSTLILI	LLLYTLLTTLLFVLLSYLILI	-1.01538	-0.318491	0.538845	0.30482	974.162
LLLYTLLTTLLFVLLSYLILI	LLLGTLLTTLLFVLLSYLILI	0.263061	-0.387621	0.886373	0.149938	972.463
LLLGTLLTTLLFVLLSYLILI	LLLGTLLTTLLYVLLSYLILI	-0.405458	1.36999	0.132101	0.952787	970.666
LLLGTLLTTLLYVLLSYLILI	LLLGTLLTTLLYTLLSYLILI	0.490052	-1.63179	0.0728516	1.27634	968.764
LLLGTLLTTLLYTLLSYLILI	LLLGTLLTTLLYTLLSWLILI	-2.45695	-4.47055	0.451187	0.372136	966.754
LLLGTLLTTLLYTLLSWLILI	LLLYTLLTTLLYTLLSWLILI	-4.69275	-4.06244	0.149938	0.886373	964.627
LLLYTLLTTLLYTLLSWLILI	LLLGTLLTTLLYTLLSWLILI	-4.06244	-4.70997	0.886373	0.149938	962.38
LLLGTLLTTLLYTLLSWLILI	LLLGTLLTTLLFTLLSWLILI	-4.20953	-5.4531	0.650378	0.240035	960.005
LLLGTLLTTLLFTLLSWLILI	LLLGTLLTTLLFTLLAWLILI	-5.05092	-4.0526	0.642213	0.244161	957.496
LLLGTLLTTLLFTLLAWLILI	LLLYTLLTTLLFTLLAWLILI	-4.02729	-3.8294	0.269472	0.595564	954.846
LLLYTLLTTLLFTLLAWLILI	LLLYTLLTTLLFTLLAYLILI	-4.05283	-3.01431	0.372136	0.451187	952.048
LLLYTLLTTLLFTLLAYLILI	LLLYTLLYTLLFTLLAYLILI	-3.05815	-0.348944	0.407346	0.413356	949.095
LLLYTLLYTLLFTLLAYLILI	LLLYGLLYTLLFTLLAYLILI	0.174118	0.449549	0.936418	0.136265	945.979
LLLYGLLYTLLFTLLAYLILI	LLLYTLLYTLLFTLLAYLILI	0.449549	0.142573	0.136265	0.936418	942.693
LLLYTLLYTLLFTLLAYLILI	LLLYTLLYTLLYTLLAYLILI	-0.724117	2.15335	0.0697276	1.30076	939.229
LLLYTLLYTLLYTLLAYLILI	LLLYTLLYTLLFTLLAYLILI	2.15335	-0.724117	1.30076	0.0697276	935.578
LLLYTLLYTLLFTLLAYLILI	LLLYTLLYTLLFTLLAWLILI	-0.202716	-1.33277	0.591129	0.272043	931.732
LLLYTLLYTLLFTLLAWLILI	LLLYTLLYTLLFTLLSWLILI	-1.36065	-2.39093	0.244161	0.642213	927.683
LLLYTLLYTLLFTLLSWLILI	LLLGTLLYTLLFTLLSWLILI	-2.14677	-2.56556	0.886373	0.149938	923.422
LLLGTLLYTLLFTLLSWLILI	LLLGVLLYTLLFTLLSWLILI	-1.58704	-1.30943	1.12845	0.0952708	918.939
LLLGVLLYTLLFTLLSWLILI	LLLGTLLYTLLFTLLSWLILI	-1.30943	-1.67144	0.0952708	1.12845	914.227
LLLGTLLYTLLFTLLSWLILI	LLLYTLLYTLLFTLLSWLILI	-2.64996	-2.11523	0.149938	0.886373	909.276
LLLYTLLYTLLFTLLSWLILI	LLLGTLLYTLLFTLLSWLILI	-2.11523	-2.64996	0.886373	0.149938	904.077
LLLGTLLYTLLFTLLSWLILI	LLLYTLLYTLLFTLLSWLILI	-2.64996	-2.14677	0.149938	0.886373	898.621
LLLYTLLYTLLFTLLSWLILI	LLLYGLLYTLLFTLLSWLILI	-2.09673	-1.78975	0.936418	0.136265	892.899
LLLYGLLYTLLFTLLSWLILI	LLLYGLLYTLLFTLLSFLILI	-1.32715	-0.0562016	0.598868	0.267575	886.903
LLLYGLLYTLLFTLLSFLILI	LLLYGLLTTLLFTLLSFLILI	0.0555645	-2.62392	0.379341	0.443059	880.623
LLLYGLLTTLLFTLLSFLILI	LLLYGLLTTLLYTLLSFLILI	-2.82695	-1.52922	0.240035	0.650378	874.051
LLLYGLLTTLLYTLLSFLILI	LLLYTLLTTLLYTLLSFLILI	-2.07458	-2.2585	0.105025	1.07549	867.179
LLLYTLLTTLLYTLLSFLILI	LLLYTLLYTLLYTLLSFLILI	-2.92664	0.457773	0.407346	0.413356	859.999
LLLYTLLYTLLYTLLSFLILI	LLLYTLLYTLLFTLLSFLILI	0.865103	-1.22905	0.820686	0.170308	852.504
LLLYTLLYTLLFTLLSFLILI	LLLYTLLYTLLFGLLSFLILI	-0.462943	3.84173	0.936418	0.136265	844.686
LLLYTLLYTLLFGLLSFLILI	LLLYTLLYTLLFGLLTFLILI	3.86141	-3.90042	0.155943	0.865998	836.541
LLLYTLLYTLLFGLLTFLILI	LLLYTLLYTLLFGLLTWLILI	-4.49885	-5.85672	0.267575	0.598868	828.061
LLLYTLLYTLLFGLLTWLILI	LLLYGLLYTLLFGLLTWLILI	-5.81882	-5.1832	0.636769	0.246959	819.243
LLLYGLLYTLLFGLLTWLILI	LLLGGLLYTLLFGLLTWLILI	-4.97523	-4.63075	0.454934	0.368877	810.083
LLLGGLLYTLLFGLLTWLILI	LLLGGLLYTLLFGLLTFLILI	-4.40076	-3.10812	0.598868	0.267575	800.577
LLLGGLLYTLLFGLLTFLILI	LLLGGLLYTLLFGLLTWLILI	-3.10812	-4.40076	0.267575	0.598868	790.724
LLLGGLLYTLLFGLLTWLILI	LLLGGLLTTLLFGLLTWLILI	-4.78008	-7.21445	0.219549	0.693609	780.523
LLLGGLLTTLLFGLLTWLILI	LLLGGLLTTLLFGLLTFLILI	-7.3092	-5.99395	0.598868	0.267575	747.845
LLLGGLLTTLLFGLLTFLILI	LLLGTLLTTLLFGLLTFLILI	-5.98985	-6.90413	0.271676	0.591758	736.272
LLLGTLLTTLLFGLLTFLILI	LLLGTLLYTLLFGLLTFLILI	-6.6797	-4.34092	0.816184	0.171816	724.369
LLLGTLLYTLLFGLLTFLILI	LLLYTLLYTLLFGLLTFLILI	-4.24327	-4.23609	0.269472	0.595564	712.142
LLLYTLLYTLLFGLLTFLILI	LLLYTLLTTLLFGLLTFLILI	-4.52684	-7.04205	0.30482	0.538845	699.602
LLLYTLLTTLLFGLLTFLILI	LLLYTLLTTLLFGLLTWLILI	-7.31332	-8.67099	0.267575	0.598868	660.222
LLLYTLLTTLLFGLLTWLILI	LLLYTLLTTLLFGLLTFLILI	-8.67099	-7.37856	0.598868	0.267575	646.557
LLLYTLLTTLLFGLLTFLILI	LLLYTLLTTLLFGLLTWLILI	-7.37856	-8.67099	0.267575	0.598868	632.651
LLLYTLLTTLLFGLLTWLILI	LLLYTLLYTLLFGLLTWLILI	-8.73101	-6.08772	0.538845	0.30482	618.524
LLLYTLLYTLLFGLLTWLILI	LLLYTLLTTLLFGLLTWLILI	-6.08772	-8.73101	0.30482	0.538845	604.196
LLLYTLLTTLLFGLLTWLILI	LLLGTLLTTLLFGLLTWLILI	-8.90014	-8.73088	0.369715	0.453966	589.688
LLLGTLLTTLLFGLLTWLILI	LLLGVLLTTLLFGLLTWLILI	-7.9085	-7.63322	1.27634	0.0728516	575.025
LLLGVLLTTLLFGLLTWLILI	LLLGTLLTTLLFGLLTWLILI	-7.63322	-7.82824	0.0728516	1.27634	560.23
LLLGTLLTTLLFGLLTWLILI	LLLGVLLTTLLFGLLTWLILI	-7.82824	-7.69114	1.27634	0.0728516	545.329
LLLGVLLTTLLFGLLTWLILI	LLLGVLLYTLLFGLLTWLILI	-7.07038	-4.67308	0.693609	0.219549	530.348
LLLGVLLYTLLFGLLTWLILI	LLLGTLLYTLLFGLLTWLILI	-4.79736	-5.09485	0.0952708	1.12845	515.312
LLLGTLLYTLLFGLLTWLILI	LLLYTLLYTLLFGLLTWLILI	-5.95383	-5.79698	0.269472	0.595564	500.25
LLLYTLLYTLLFGLLTWLILI	LLLGTLLYTLLFGLLTWLILI	-5.79698	-5.95383	0.595564	0.269472	485.188
LLLGTLLYTLLFGLLTWLILI	LLLGTLLTTLLFGLLTWLILI	-6.05148	-8.30562	0.171816	0.816184	470.152
LLLGTLLTTLLFGLLTWLILI	LLLYTLLTTLLFGLLTWLILI	-8.66784	-8.90014	0.453966	0.369715	455.171
LLLYTLLTTLLFGLLTWLILI	LLLYTLLTTLLFGLLTFLILI	-8.67099	-7.40357	0.598868	0.267575	440.27
LLLYTLLTTLLFGLLTFLILI	LLLGTLLTTLLFGLLTFLILI	-7.30143	-7.10716	0.369715	0.453966	425.475
LLLGTLLTTLLFGLLTFLILI	LLLGTLLTTLLFGLLTWLILI	-7.29355	-8.56876	0.267575	0.598868	410.812
LLLGTLLTTLLFGLLTWLILI	LLLYTLLTTLLFGLLTWLILI	-8.71366	-8.90014	0.453966	0.369715	396.304
LLLYTLLTTLLFGLLTWLILI	LLLGTLLTTLLFGLLTWLILI	-8.90014	-8.73088	0.369715	0.453966	381.976
LLLGTLLTTLLFGLLTWLILI	LLLYTLLTTLLFGLLTWLILI	-8.73088	-8.8371	0.453966	0.369715	367.849
LLLYTLLTTLLFGLLTWLILI	LLLGTLLTTLLFGLLTWLILI	-8.8371	-8.66784	0.369715	0.453966	353.943
LLLGTLLTTLLFGLLTWLILI	LLLGVLLTTLLFGLLTWLILI	-7.84547	-7.69114	1.27634	0.0728516	340.278
LLLGVLLTTLLFGLLTWLILI	LLLGTLLTTLLFGLLTWLILI	-7.69114	-7.82824	0.0728516	1.27634	326.872
LLLGTLLTTLLFGLLTWLILI	LLLYTLLTTLLFGLLTWLILI	-8.65062	-8.92515	0.453966	0.369715	313.74
LLLYTLLTTLLFGLLTWLILI	LLLGTLLTTLLFGLLTWLILI	-8.92515	-8.71366	0.369715	0.453966	300.898
LLLGTLLTTLLFGLLTWLILI	LLLYTLLTTLLFGLLTWLILI	-8.71366	-8.86211	0.453966	0.369715	276.131
LLLYTLLTTLLFGLLTWLILI	LLLYTLLTTLLFGLLTFLILI	-8.63296	-7.31332	0.598868	0.267575	264.228
LLLYTLLTTLLFGLLTFLILI	LLLYGLLTTLLFGLLTFLILI	-6.82659	-6.40702	0.754313	0.194196	252.655
LLLYGLLTTLLFGLLTFLILI	LLLYGLLTTLLFGLLTWLILI	-6.33364	-7.60799	0.267575	0.598868	241.419
LLLYGLLTTLLFGLLTWLILI	LLLYGLLTTLLFGLLTFLILI	-7.60799	-6.31556	0.598868	0.267575	199.923
LLLYGLLTTLLFGLLTFLILI	LLLYGLLTTLLFGLLTWLILI	-6.31556	-7.60799	0.267575	0.598868	190.417
LLLYGLLTTLLFGLLTWLILI	LLLYTLLTTLLFGLLTWLILI	-8.01266	-8.54055	0.194196	0.754313	181.257
LLLYTLLTTLLFGLLTWLILI	LLLGTLLTTLLFGLLTWLILI	-8.92515	-8.71366	0.369715	0.453966	172.439
LLLGTLLTTLLFGLLTWLILI	LLLYTLLTTLLFGLLTWLILI	-8.71366	-8.86211	0.453966	0.369715	163.959
LLLYTLLTTLLFGLLTWLILI	LLLGTLLTTLLFGLLTWLILI	-8.86211	-8.71366	0.369715	0.453966	155.814
LLLGTLLTTLLFGLLTWLILI	LLLGVLLTTLLFGLLTWLILI	-7.89128	-7.69114	1.27634	0.0728516	147.996
LLLGVLLTTLLFGLLTWLILI	LLLGTLLTTLLFGLLTWLILI	-7.69114	-7.89128	0.0728516	1.27634	126.449
LLLGTLLTTLLFGLLTWLILI	LLLYTLLTTLLFGLLTWLILI	-8.71366	-8.90014	0.453966	0.369715	119.877
LLLYTLLTTLLFGLLTWLILI	LLLGTLLTTLLFGLLTWLILI	-8.90014	-8.73088	0.369715	0.453966	96.4228
LLLGTLLTTLLFGLLTWLILI	LLLYTLLTTLLFGLLTWLILI	-8.73088	-8.92515	0.453966	0.369715	91.2238
LLLYTLLTTLLFGLLTWLILI	LLLGTLLTTLLFGLLTWLILI	-8.92515	-8.65062	0.369715	0.453966	81.5606
LLLGTLLTTLLFGLLTWLILI	LLLYTLLTTLLFGLLTWLILI	-8.65062	-8.92515	0.453966	0.369715	77.0783
LLLYTLLTTLLFGLLTWLILI	LLLGTLLTTLLFGLLTWLILI	-8.92515	-8.65062	0.369715	0.453966	64.9219
LLLGTLLTTLLFGLLTWLILI	LLLYTLLTTLLFGLLTWLILI	-8.65062	-8.90014	0.453966	0.369715	61.271
LLLYTLLTTLLFGLLTWLILI	LLLGTLLTTLLFGLLTWLILI	-8.90014	-8.71366	0.369715	0.453966	45.6541
LLLGTLLTTLLFGLLTWLILI	LLLYTLLTTLLFGLLTWLILI	-8.71366	-8.92515	0.453966	0.369715	43.0041
Time: 254s
