***STARTING GEOMETRY:***
xShift: 6.76612
crossingAngle: -41.5193
axialRotation: 39.3303
zShift: 3.38119

Number of MCCycles: 100
PrevSequence	CurrSequence	PrevEnergy	CurrEnergy	PrevEntropy	CurrEntropy	CurrentTemp
LLLGLLFSLLGALLTTLLILI	LLLGLLFSLLGGLLTTLLILI	51.1853	50.7104	0.107014	1.06535	999.684
LLLGLLFSLLGGLLTTLLILI	LLLGLLYSLLGGLLTTLLILI	49.8851	50.6453	0.240035	0.650378	998.928
LLLGLLYSLLGGLLTTLLILI	LLLGLLYALLGGLLTTLLILI	50.6371	50.7557	0.642213	0.244161	998.476
LLLGLLYALLGGLLTTLLILI	LLLGLLYSLLGGLLTTLLILI	50.7557	50.8422	0.244161	0.642213	997.967
LLLGLLYSLLGGLLTTLLILI	LLLGLLYALLGGLLTTLLILI	50.8422	52.2491	0.642213	0.244161	997.394
LLLGLLYALLGGLLTTLLILI	LLLGLLFALLGGLLTTLLILI	52.6553	50.318	0.650378	0.240035	996.749
LLLGLLFALLGGLLTTLLILI	LLLGLLFSLLGGLLTTLLILI	50.3221	50.2873	0.244161	0.642213	996.023
LLLGLLFSLLGGLLTTLLILI	LLLGLLFALLGGLLTTLLILI	50.2873	50.2894	0.642213	0.244161	995.205
LLLGLLFALLGGLLTTLLILI	LLLGLLFALLGALLTTLLILI	50.7908	51.579	0.745602	0.197612	994.285
LLLGLLFALLGALLTTLLILI	LLLGLLFALLGGLLTTLLILI	51.579	50.7908	0.197612	0.745602	993.249
LLLGLLFALLGGLLTTLLILI	LLLGLLYALLGGLLTTLLILI	50.2852	51.1946	0.240035	0.650378	992.084
LLLGLLYALLGGLLTTLLILI	LLLGLLFALLGGLLTTLLILI	51.1946	50.318	0.650378	0.240035	990.773
LLLGLLFALLGGLLTTLLILI	LLLGLLFALLGGLLTYLLILI	50.6168	53.0527	0.538845	0.30482	989.3
LLLGLLFALLGGLLTYLLILI	LLLGLLFSLLGGLLTYLLILI	52.992	53.5006	0.244161	0.642213	987.644
LLLGLLFSLLGGLLTYLLILI	LLLGLLFSLLGGLLTTLLILI	53.1632	50.1512	0.30482	0.538845	985.783
LLLGLLFSLLGGLLTTLLILI	LLLGLLFSLLGALLTTLLILI	50.6777	51.0611	1.06535	0.107014	983.694
LLLGLLFSLLGALLTTLLILI	LLLGLLFSLLGGLLTTLLILI	51.0611	50.7104	0.107014	1.06535	981.348
LLLGLLFSLLGGLLTTLLILI	LLLGLLFALLGGLLTTLLILI	50.2873	50.2894	0.642213	0.244161	978.717
LLLGLLFALLGGLLTTLLILI	LLLGLLFSLLGGLLTTLLILI	50.2894	50.2545	0.244161	0.642213	975.768
LLLGLLFSLLGGLLTTLLILI	LLLGLLFALLGGLLTTLLILI	50.2545	50.2894	0.642213	0.244161	972.463
LLLGLLFALLGGLLTTLLILI	LLLGLLFALLGGLLTYLLILI	50.5841	53.0024	0.538845	0.30482	968.764
LLLGLLFALLGGLLTYLLILI	LLLGLLFSLLGGLLTYLLILI	52.9417	53.1049	0.244161	0.642213	964.627
LLLGLLFSLLGGLLTYLLILI	LLLGLLYSLLGGLLTYLLILI	52.5947	54.1821	0.132101	0.952787	960.005
LLLGLLYSLLGGLLTYLLILI	LLLGLLFSLLGGLLTYLLILI	54.1821	52.3934	0.952787	0.132101	954.846
LLLGLLFSLLGGLLTYLLILI	LLLGLLFALLGGLLTYLLILI	52.9035	52.9417	0.642213	0.244161	949.095
LLLGLLFALLGGLLTYLLILI	LLLGLLFSLLGGLLTYLLILI	52.9417	53.1049	0.244161	0.642213	942.693
LLLGLLFSLLGGLLTYLLILI	LLLGLLFSLLGGLLTTLLILI	52.7675	50.1839	0.30482	0.538845	935.578
LLLGLLFSLLGGLLTTLLILI	LLLGLLFSLLGALLTTLLILI	50.7104	51.0611	1.06535	0.107014	927.683
LLLGLLFSLLGALLTTLLILI	LLLGLLYSLLGALLTTLLILI	51.1941	51.947	0.240035	0.650378	918.939
LLLGLLYSLLGALLTTLLILI	LLLGLLYALLGALLTTLLILI	51.7008	52.5015	0.404229	0.416521	909.276
LLLGLLYALLGALLTTLLILI	LLLGLLYALLGGLLTTLLILI	52.2825	51.2899	0.197612	0.745602	898.621
LLLGLLYALLGGLLTTLLILI	LLLGLLYALLGALLTTLLILI	51.2899	52.0744	0.745602	0.197612	886.903
LLLGLLYALLGALLTTLLILI	LLLGLLYSLLGALLTTLLILI	52.2933	51.9409	0.416521	0.404229	874.051
LLLGLLYSLLGALLTTLLILI	LLLGLLYALLGALLTTLLILI	51.9409	52.2577	0.404229	0.416521	859.999
LLLGLLYALLGALLTTLLILI	LLLGLLYSLLGALLTTLLILI	52.2577	53.2115	0.416521	0.404229	844.686
LLLGLLYSLLGALLTTLLILI	LLLGLLFSLLGALLTTLLILI	53.4577	51.1941	0.650378	0.240035	828.061
LLLGLLFSLLGALLTTLLILI	LLLGLLFALLGALLTTLLILI	51.3583	51.7979	0.404229	0.416521	810.083
LLLGLLFALLGALLTTLLILI	LLLGLLFSLLGALLTTLLILI	51.7979	51.3583	0.416521	0.404229	790.724
LLLGLLFSLLGALLTTLLILI	LLLGLLFALLGALLTTLLILI	51.3583	51.7979	0.404229	0.416521	769.974
LLLGLLFALLGALLTTLLILI	LLLGLLFSLLGALLTTLLILI	51.7979	51.3583	0.416521	0.404229	747.845
LLLGLLFSLLGALLTTLLILI	LLLGLLFALLGALLTTLLILI	51.3583	51.7979	0.404229	0.416521	724.369
LLLGLLFALLGALLTTLLILI	LLLGLLFALLGGLLTTLLILI	51.579	50.7908	0.197612	0.745602	699.602
LLLGLLFALLGGLLTTLLILI	LLLGLLYALLGGLLTTLLILI	50.2852	51.3689	0.240035	0.650378	673.628
LLLGLLYALLGGLLTTLLILI	LLLGLLYSLLGGLLTTLLILI	50.9626	50.6364	0.244161	0.642213	646.557
LLLGLLYSLLGGLLTTLLILI	LLLGLLFSLLGGLLTTLLILI	50.6446	49.8859	0.650378	0.240035	618.524
LLLGLLFSLLGGLLTTLLILI	LLLGLLFALLGGLLTTLLILI	50.288	50.3221	0.642213	0.244161	589.688
LLLGLLFALLGGLLTTLLILI	LLLGLLFALLGALLTTLLILI	50.8236	51.579	0.745602	0.197612	530.348
LLLGLLFALLGALLTTLLILI	LLLGLLFSLLGALLTTLLILI	51.7979	51.3583	0.416521	0.404229	500.25
LLLGLLFSLLGALLTTLLILI	LLLGLLFSLLGGLLTTLLILI	51.0611	50.7104	0.107014	1.06535	470.152
LLLGLLFSLLGGLLTTLLILI	LLLGLLFSLLGGLLTYLLILI	50.1839	52.6164	0.538845	0.30482	440.27
LLLGLLFSLLGGLLTYLLILI	LLLGLLFALLGGLLTYLLILI	52.9538	52.9417	0.642213	0.244161	410.812
LLLGLLFALLGGLLTYLLILI	LLLGLLFSLLGGLLTYLLILI	52.9417	53.0551	0.244161	0.642213	381.976
LLLGLLFSLLGGLLTYLLILI	LLLGLLFALLGGLLTYLLILI	53.0551	52.9417	0.642213	0.244161	326.872
LLLGLLFALLGGLLTYLLILI	LLLGLLFALLGGLLTTLLILI	53.0024	50.5841	0.30482	0.538845	300.898
LLLGLLFALLGGLLTTLLILI	LLLGLLFSLLGGLLTTLLILI	50.2894	50.2873	0.244161	0.642213	276.131
LLLGLLFSLLGGLLTTLLILI	LLLGLLFALLGGLLTTLLILI	50.2873	50.3221	0.642213	0.244161	230.526
LLLGLLFALLGGLLTTLLILI	LLLGLLFSLLGGLLTTLLILI	50.3221	50.2545	0.244161	0.642213	209.776
LLLGLLFSLLGGLLTTLLILI	LLLGLLFALLGGLLTTLLILI	50.2545	50.3221	0.642213	0.244161	190.417
LLLGLLFALLGGLLTTLLILI	LLLGLLFSLLGGLLTTLLILI	50.3221	50.2873	0.244161	0.642213	155.814
LLLGLLFSLLGGLLTTLLILI	LLLGLLYSLLGGLLTTLLILI	49.8851	50.6118	0.240035	0.650378	101.879
LLLGLLYSLLGGLLTTLLILI	LLLGLLFSLLGGLLTTLLILI	50.6118	49.8524	0.650378	0.240035	91.2238
LLLGLLFSLLGGLLTTLLILI	LLLGLLFALLGGLLTTLLILI	50.2545	50.3221	0.642213	0.244161	64.9219
LLLGLLFALLGGLLTTLLILI	LLLGLLFSLLGGLLTTLLILI	50.3221	50.2545	0.244161	0.642213	57.8066
LLLGLLFSLLGGLLTTLLILI	LLLGLLFALLGGLLTTLLILI	50.2545	50.3229	0.642213	0.244161	40.495
LLLGLLFALLGGLLTTLLILI	LLLGLLFSLLGGLLTTLLILI	50.3229	50.2873	0.244161	0.642213	35.8726
LLLGLLFSLLGGLLTTLLILI	LLLGLLFALLGGLLTTLLILI	50.2873	50.3229	0.642213	0.244161	31.7355
LLLGLLFALLGGLLTTLLILI	LLLGLLFSLLGGLLTTLLILI	50.3229	50.2873	0.244161	0.642213	28.0365
LLLGLLFSLLGGLLTTLLILI	LLLGLLFALLGGLLTTLLILI	50.2873	50.3221	0.642213	0.244161	21.7826
LLLGLLFALLGGLLTTLLILI	LLLGLLFSLLGGLLTTLLILI	50.3221	50.2545	0.244161	0.642213	16.8064
Time: 99s
