***STARTING GEOMETRY:***
xShift: 8.24162
crossingAngle: -35.2297
axialRotation: 18.5347
zShift: 4.06883

Number of MCCycles: 100
PrevSequence	CurrSequence	PrevEnergy	CurrEnergy	PrevEntropy	CurrEntropy	CurrentTemp
LLLGLLWSLLGTLLATLLILI	LLLGLLWSLLGYLLATLLILI	-6.03025	-9.30722	0.538845	0.30482	999.684
LLLGLLWSLLGYLLATLLILI	LLLGLLFSLLGYLLATLLILI	-8.72163	-9.18365	0.890414	0.148778	999.328
LLLGLLFSLLGYLLATLLILI	LLLGLLFTLLGYLLATLLILI	-9.11162	-15.474	0.220804	0.690823	998.928
LLLGLLFTLLGYLLATLLILI	LLLGLLFTLLGTLLATLLILI	-15.9452	-15.5683	0.219549	0.693609	998.476
LLLGLLFTLLGTLLATLLILI	LLLGLLFTLLGYLLATLLILI	-15.5683	-16.0331	0.693609	0.219549	997.967
LLLGLLFTLLGYLLATLLILI	LLLGLLFTLLGTLLATLLILI	-16.0331	-15.5683	0.219549	0.693609	997.394
LLLGLLFTLLGTLLATLLILI	LLLGLLFTLLGYLLATLLILI	-15.5683	-15.8895	0.693609	0.219549	996.749
LLLGLLFTLLGYLLATLLILI	LLLGLLFTLLGYLLGTLLILI	-16.002	-14.5119	0.107014	1.06535	996.023
LLLGLLFTLLGYLLGTLLILI	LLLGLLFTLLGTLLGTLLILI	-15.3577	-14.7598	0.219549	0.693609	995.205
LLLGLLFTLLGTLLGTLLILI	LLLGLLFTLLGYLLGTLLILI	-14.7598	-15.3577	0.693609	0.219549	994.285
LLLGLLFTLLGYLLGTLLILI	LLLGLLYTLLGYLLGTLLILI	-15.4451	-16.43	0.132101	0.952787	993.249
LLLGLLYTLLGYLLGTLLILI	LLLGLLYTLLGYLLATLLILI	-16.3174	-17.6358	1.06535	0.107014	992.084
LLLGLLYTLLGYLLATLLILI	LLLGLLYTLLGTLLATLLILI	-17.3635	-17.3069	0.379341	0.443059	990.773
LLLGLLYTLLGTLLATLLILI	LLLGLLYTLLGTLLGTLLILI	-17.6429	-16.3307	0.107014	1.06535	989.3
LLLGLLYTLLGTLLGTLLILI	LLLGLLYTLLGYLLGTLLILI	-16.953	-17.0034	0.443059	0.379341	985.783
LLLGLLYTLLGYLLGTLLILI	LLLGLLYTLLGYLLGVLLILI	-16.4519	-13.4615	0.930859	0.137712	983.694
LLLGLLYTLLGYLLGVLLILI	LLLGLLWTLLGYLLGVLLILI	-13.148	-13.0371	0.451187	0.372136	981.348
LLLGLLWTLLGYLLGVLLILI	LLLGLLYTLLGYLLGVLLILI	-13.0371	-13.148	0.372136	0.451187	978.717
LLLGLLYTLLGYLLGVLLILI	LLLGLLYTLLGTLLGVLLILI	-13.0942	-13.3387	0.505042	0.328724	975.768
LLLGLLYTLLGTLLGVLLILI	LLLGLLYTLLGTLLGTLLILI	-13.5721	-16.2676	0.0952708	1.12845	972.463
LLLGLLYTLLGTLLGTLLILI	LLLGLLYTLLGTLLATLLILI	-16.3307	-17.6429	1.06535	0.107014	968.764
LLLGLLYTLLGTLLATLLILI	LLLGLLYTLLGTLLGTLLILI	-17.6429	-16.3307	0.107014	1.06535	964.627
LLLGLLYTLLGTLLGTLLILI	LLLGLLYTLLGTLLATLLILI	-16.3307	-17.6429	1.06535	0.107014	960.005
LLLGLLYTLLGTLLATLLILI	LLLGLLYTLLGYLLATLLILI	-17.3069	-17.3635	0.443059	0.379341	954.846
LLLGLLYTLLGYLLATLLILI	LLLGLLYLLLGYLLATLLILI	-17.0671	-13.5728	0.67574	0.227751	949.095
LLLGLLYLLLGYLLATLLILI	LLLGLLYLLLGYLLAVLLILI	-13.1684	-10.9961	0.632162	0.249358	942.693
LLLGLLYLLLGYLLAVLLILI	LLLGLLWLLLGYLLAVLLILI	-10.7943	-10.6995	0.451187	0.372136	935.578
LLLGLLWLLLGYLLAVLLILI	LLLGLLWLLLGTLLAVLLILI	-10.5666	-10.2253	0.505042	0.328724	927.683
LLLGLLWLLLGTLLAVLLILI	LLLGLLWLLLGTLLATLLILI	-10.4163	-13.6316	0.137712	0.930859	918.939
LLLGLLWLLLGTLLATLLILI	LLLGLLWLLLGYLLATLLILI	-14.0236	-14.5472	0.538845	0.30482	909.276
LLLGLLWLLLGYLLATLLILI	LLLGLLWTLLGYLLATLLILI	-14.6243	-13.9541	0.227751	0.67574	898.621
LLLGLLWTLLGYLLATLLILI	LLLGLLWTLLGYLLGTLLILI	-14.5229	-13.2904	0.107014	1.06535	886.903
LLLGLLWTLLGYLLGTLLILI	LLLGLLWTLLGYLLATLLILI	-13.2904	-17.3215	1.06535	0.107014	874.051
LLLGLLWTLLGYLLATLLILI	LLLGLLYTLLGYLLATLLILI	-17.0564	-17.2916	0.372136	0.451187	859.999
LLLGLLYTLLGYLLATLLILI	LLLGLLYTLLGYLLGTLLILI	-17.6358	-16.3174	0.107014	1.06535	844.686
LLLGLLYTLLGYLLGTLLILI	LLLGLLWTLLGYLLGTLLILI	-16.9316	-16.5558	0.451187	0.372136	828.061
LLLGLLWTLLGYLLGTLLILI	LLLGLLWLLLGYLLGTLLILI	-16.2522	-14.2582	0.67574	0.227751	810.083
LLLGLLWLLLGYLLGTLLILI	LLLGLLYLLLGYLLGTLLILI	-14.1138	-14.2108	0.372136	0.451187	790.724
LLLGLLYLLLGYLLGTLLILI	LLLGLLYTLLGYLLGTLLILI	-14.4343	-15.5689	0.227751	0.67574	769.974
LLLGLLYTLLGYLLGTLLILI	LLLGLLYTLLGYLLGVLLILI	-15.3138	-13.4615	0.930859	0.137712	747.845
LLLGLLYTLLGYLLGVLLILI	LLLGLLWTLLGYLLGVLLILI	-13.148	-12.7723	0.451187	0.372136	724.369
LLLGLLWTLLGYLLGVLLILI	LLLGLLWTLLGTLLGVLLILI	-12.8396	-12.9016	0.30482	0.538845	699.602
LLLGLLWTLLGTLLGVLLILI	LLLGLLWTLLGYLLGVLLILI	-12.9016	-13.1044	0.538845	0.30482	673.628
LLLGLLWTLLGYLLGVLLILI	LLLGLLWTLLGYLLAVLLILI	-12.3439	-13.4025	1.06535	0.107014	646.557
LLLGLLWTLLGYLLAVLLILI	LLLGLLWTLLGYLLATLLILI	-13.3718	-16.4977	0.137712	0.930859	618.524
LLLGLLWTLLGYLLATLLILI	LLLGLLYTLLGYLLATLLILI	-17.0564	-17.2916	0.372136	0.451187	589.688
LLLGLLYTLLGYLLATLLILI	LLLGLLYTLLGTLLATLLILI	-17.3635	-17.3069	0.379341	0.443059	560.23
LLLGLLYTLLGTLLATLLILI	LLLGLLYTLLGTLLAVLLILI	-16.6215	-13.9289	1.12845	0.0952708	530.348
LLLGLLYTLLGTLLAVLLILI	LLLGLLYTLLGTLLGVLLILI	-13.9172	-12.602	0.107014	1.06535	500.25
LLLGLLYTLLGTLLGVLLILI	LLLGLLWTLLGTLLGVLLILI	-13.3998	-12.5521	0.267575	0.598868	470.152
LLLGLLWTLLGTLLGVLLILI	LLLGLLWTLLGTLLGTLLILI	-13.0557	-16.0407	0.0952708	1.12845	440.27
LLLGLLWTLLGTLLGTLLILI	LLLGLLYTLLGTLLGTLLILI	-16.5703	-17.1285	0.598868	0.267575	410.812
LLLGLLYTLLGTLLGTLLILI	LLLGLLYTLLGYLLGTLLILI	-16.953	-17.0034	0.443059	0.379341	381.976
LLLGLLYTLLGYLLGTLLILI	LLLGLLYTLLGYLLATLLILI	-16.3174	-17.6358	1.06535	0.107014	353.943
LLLGLLYTLLGYLLATLLILI	LLLGLLYTLLGTLLATLLILI	-17.3635	-17.3069	0.379341	0.443059	326.872
LLLGLLYTLLGTLLATLLILI	LLLGLLWTLLGTLLATLLILI	-17.4824	-16.7875	0.267575	0.598868	300.898
LLLGLLWTLLGTLLATLLILI	LLLGLLYTLLGTLLATLLILI	-16.7875	-17.4824	0.598868	0.267575	276.131
LLLGLLYTLLGTLLATLLILI	LLLGLLYTLLGYLLATLLILI	-17.3069	-17.3635	0.443059	0.379341	252.655
LLLGLLYTLLGYLLATLLILI	LLLGLLYTLLGTLLATLLILI	-17.3635	-17.3069	0.379341	0.443059	230.526
LLLGLLYTLLGTLLATLLILI	LLLGLLYTLLGYLLATLLILI	-17.3069	-17.3635	0.443059	0.379341	172.439
LLLGLLYTLLGYLLATLLILI	LLLGLLWTLLGYLLATLLILI	-17.2916	-17.0564	0.451187	0.372136	155.814
LLLGLLWTLLGYLLATLLILI	LLLGLLYTLLGYLLATLLILI	-17.0564	-17.2916	0.372136	0.451187	126.449
LLLGLLYTLLGYLLATLLILI	LLLGLLYTLLGTLLATLLILI	-17.3635	-17.3069	0.379341	0.443059	113.597
LLLGLLYTLLGTLLATLLILI	LLLGLLYFLLGTLLATLLILI	-16.7456	-16.7578	1.0043	0.119894	101.879
LLLGLLYFLLGTLLATLLILI	LLLGLLWFLLGTLLATLLILI	-16.6101	-16.9076	0.267575	0.598868	81.5606
LLLGLLWFLLGTLLATLLILI	LLLGLLYFLLGTLLATLLILI	-16.9076	-17.5558	0.598868	0.267575	64.9219
LLLGLLYFLLGTLLATLLILI	LLLGLLYYLLGTLLATLLILI	-17.6913	-18.5936	0.132101	0.952787	40.495
LLLGLLYYLLGTLLATLLILI	LLLGLLFYLLGTLLATLLILI	-18.5936	-19.1206	0.952787	0.132101	5.29494
Time: 236s
