***STARTING GEOMETRY:***
xShift: 8.21147
crossingAngle: 31.7405
axialRotation: 100.56
zShift: 3.33726

Number of MCCycles: 100
PrevSequence	CurrSequence	PrevEnergy	CurrEnergy	PrevEntropy	CurrEntropy	CurrentTemp
LLLYALLTLLTALTGLLLILI	LLLYGLLTLLTALTGLLLILI	-17.9843	-17.9406	0.276169	0.584123	999.684
LLLYGLLTLLTALTGLLLILI	LLLYGLLTLLTALTYLLLILI	-18.2552	-17.6963	0.269472	0.595564	999.328
LLLYGLLTLLTALTYLLLILI	LLLYGLLTLLTSLTYLLLILI	-18.0477	-18.6011	0.244161	0.642213	998.928
LLLYGLLTLLTSLTYLLLILI	LLLYGLLTLLTSLVYLLLILI	-18.1149	-15.3967	1.12845	0.0952708	998.476
LLLYGLLTLLTSLVYLLLILI	LLLYGLLTLLTSLTYLLLILI	-15.3967	-18.1149	0.0952708	1.12845	997.967
LLLYGLLTLLTSLTYLLLILI	LLLFGLLTLLTSLTYLLLILI	-18.2905	-18.2687	0.952787	0.132101	997.394
LLLFGLLTLLTSLTYLLLILI	LLLYGLLTLLTSLTYLLLILI	-18.2687	-18.2905	0.132101	0.952787	996.749
LLLYGLLTLLTSLTYLLLILI	LLLYGLLTLLTSLVYLLLILI	-18.1149	-15.3967	1.12845	0.0952708	996.023
LLLYGLLTLLTSLVYLLLILI	LLLYGLLTLLTSLTYLLLILI	-15.3967	-18.1149	0.0952708	1.12845	995.205
LLLYGLLTLLTSLTYLLLILI	LLLWGLLTLLTSLTYLLLILI	-18.7921	-18.8088	0.451187	0.372136	994.285
LLLWGLLTLLTSLTYLLLILI	LLLWGLLTLLYSLTYLLLILI	-18.7378	-15.7294	0.443059	0.379341	993.249
LLLWGLLTLLYSLTYLLLILI	LLLWGLLTLLYALTYLLLILI	-15.4666	-14.6944	0.642213	0.244161	992.084
LLLWGLLTLLYALTYLLLILI	LLLWGLLTLLTALTYLLLILI	-14.5592	-17.9089	0.379341	0.443059	990.773
LLLWGLLTLLTALTYLLLILI	LLLWGLLTLLYALTYLLLILI	-17.9089	-14.5592	0.443059	0.379341	989.3
LLLWGLLTLLYALTYLLLILI	LLLWGLLTLLYSLTYLLLILI	-14.6944	-15.4666	0.244161	0.642213	987.644
LLLWGLLTLLYSLTYLLLILI	LLLYGLLTLLYSLTYLLLILI	-15.8367	-15.0934	0.272043	0.591129	985.783
LLLYGLLTLLYSLTYLLLILI	LLLWGLLTLLYSLTYLLLILI	-15.0934	-15.1995	0.591129	0.272043	983.694
LLLWGLLTLLYSLTYLLLILI	LLLWGLLTLLTSLTYLLLILI	-15.0922	-18.2031	0.379341	0.443059	981.348
LLLWGLLTLLTSLTYLLLILI	LLLWGLLTLLTALTYLLLILI	-18.0039	-17.3571	0.642213	0.244161	978.717
LLLWGLLTLLTALTYLLLILI	LLLWGLLTLLTALTFLLLILI	-16.9509	-16.016	0.650378	0.240035	975.768
LLLWGLLTLLTALTFLLLILI	LLLWGLLTLLYALTFLLLILI	-15.5624	-14.6092	0.693609	0.219549	972.463
LLLWGLLTLLYALTFLLLILI	LLLWGLLTLLTALTFLLLILI	-14.6092	-16.1049	0.219549	0.693609	968.764
LLLWGLLTLLTALTFLLLILI	LLLWGLLYLLTALTFLLLILI	-16.1049	-22.8944	0.693609	0.219549	964.627
LLLWGLLYLLTALTFLLLILI	LLLWGLLYLLTALVFLLLILI	-22.1831	-19.2301	0.930859	0.137712	960.005
LLLWGLLYLLTALVFLLLILI	LLLWGLLYLLTALTFLLLILI	-19.2301	-22.1831	0.137712	0.930859	954.846
LLLWGLLYLLTALTFLLLILI	LLLWGLLYLLTALVFLLLILI	-22.1831	-19.2301	0.930859	0.137712	949.095
LLLWGLLYLLTALVFLLLILI	LLLYGLLYLLTALVFLLLILI	-18.9957	-20.3889	0.372136	0.451187	942.693
LLLYGLLYLLTALVFLLLILI	LLLYGLLYLLTSLVFLLLILI	-20.5959	-19.3795	0.244161	0.642213	935.578
LLLYGLLYLLTSLVFLLLILI	LLLYGLLYLLTALVFLLLILI	-19.3795	-20.6123	0.642213	0.244161	927.683
LLLYGLLYLLTALVFLLLILI	LLLYGLLYLLTALTFLLLILI	-20.7188	-23.6554	0.137712	0.930859	918.939
LLLYGLLYLLTALTFLLLILI	LLLYGLLFLLTALTFLLLILI	-23.9358	-21.7472	0.650378	0.240035	909.276
LLLYGLLFLLTALTFLLLILI	LLLYGLLFLLTALTYLLLILI	-21.7472	-22.1405	0.240035	0.650378	898.621
LLLYGLLFLLTALTYLLLILI	LLLYGLLFLLTALTFLLLILI	-22.1405	-21.7472	0.650378	0.240035	886.903
LLLYGLLFLLTALTFLLLILI	LLLYGLLYLLTALTFLLLILI	-21.7472	-23.9358	0.240035	0.650378	874.051
LLLYGLLYLLTALTFLLLILI	LLLYGLLYLLTALVFLLLILI	-23.6554	-20.7023	0.930859	0.137712	859.999
LLLYGLLYLLTALVFLLLILI	LLLFGLLYLLTALVFLLLILI	-20.1897	-19.6831	0.650378	0.240035	844.686
LLLFGLLYLLTALVFLLLILI	LLLFGLLYLLTALTFLLLILI	-19.7854	-22.6874	0.137712	0.930859	828.061
LLLFGLLYLLTALTFLLLILI	LLLYGLLYLLTALTFLLLILI	-23.3782	-23.9358	0.240035	0.650378	810.083
LLLYGLLYLLTALTFLLLILI	LLLYGLLYLLTALTYLLLILI	-24.495	-23.7102	0.0912572	1.15198	790.724
LLLYGLLYLLTALTYLLLILI	LLLYGLLFLLTALTYLLLILI	-23.7102	-22.6997	1.15198	0.0912572	769.974
LLLYGLLFLLTALTYLLLILI	LLLYGLLFLLTSLTYLLLILI	-22.5468	-22.9378	0.244161	0.642213	747.845
LLLYGLLFLLTSLTYLLLILI	LLLYGLLYLLTSLTYLLLILI	-23.4887	-24.6286	0.0912572	1.15198	724.369
LLLYGLLYLLTSLTYLLLILI	LLLLGLLYLLTSLTYLLLILI	-24.9268	-24.6737	0.853726	0.159692	699.602
LLLLGLLYLLTSLTYLLLILI	LLLYGLLYLLTSLTYLLLILI	-24.6737	-24.9268	0.159692	0.853726	673.628
LLLYGLLYLLTSLTYLLLILI	LLLYGLLFLLTSLTYLLLILI	-24.6286	-23.4887	1.15198	0.0912572	646.557
LLLYGLLFLLTSLTYLLLILI	LLLFGLLFLLTSLTYLLLILI	-22.9296	-22.6567	0.650378	0.240035	618.524
LLLFGLLFLLTSLTYLLLILI	LLLFGLLYLLTSLTYLLLILI	-22.6567	-24.2136	0.240035	0.650378	589.688
LLLFGLLYLLTSLTYLLLILI	LLLFGLLYLLTALTYLLLILI	-24.2218	-24.1865	0.642213	0.244161	560.23
LLLFGLLYLLTALTYLLLILI	LLLFGLLYLLTSLTYLLLILI	-24.1865	-24.2218	0.244161	0.642213	530.348
LLLFGLLYLLTSLTYLLLILI	LLLYGLLYLLTSLTYLLLILI	-24.7727	-24.6286	0.0912572	1.15198	470.152
LLLYGLLYLLTSLTYLLLILI	LLLYGLLYLLTGLTYLLLILI	-25.5089	-24.7186	0.271616	0.591862	440.27
LLLYGLLYLLTGLTYLLLILI	LLLYGLLYLLTSLTYLLLILI	-24.7186	-25.5089	0.591862	0.271616	410.812
LLLYGLLYLLTSLTYLLLILI	LLLYGLLFLLTSLTYLLLILI	-24.6286	-23.4887	1.15198	0.0912572	381.976
LLLYGLLFLLTSLTYLLLILI	LLLYGLLYLLTSLTYLLLILI	-23.4887	-24.6286	0.0912572	1.15198	353.943
LLLYGLLYLLTSLTYLLLILI	LLLYGLLYLLTALTYLLLILI	-25.1383	-25.1034	0.642213	0.244161	326.872
LLLYGLLYLLTALTYLLLILI	LLLFGLLYLLTALTYLLLILI	-24.1956	-24.3394	1.15198	0.0912572	300.898
LLLFGLLYLLTALTYLLLILI	LLLFGLLYLLTALTFLLLILI	-23.7803	-23.4293	0.650378	0.240035	276.131
LLLFGLLYLLTALTFLLLILI	LLLYGLLYLLTALTFLLLILI	-23.4293	-23.9358	0.240035	0.650378	252.655
LLLYGLLYLLTALTFLLLILI	LLLFGLLYLLTALTFLLLILI	-23.9358	-23.4293	0.650378	0.240035	230.526
LLLFGLLYLLTALTFLLLILI	LLLYGLLYLLTALTFLLLILI	-23.4293	-23.9358	0.240035	0.650378	209.776
LLLYGLLYLLTALTFLLLILI	LLLYGLLYLLTALTYLLLILI	-24.495	-23.7102	0.0912572	1.15198	190.417
LLLYGLLYLLTALTYLLLILI	LLLFGLLYLLTALTYLLLILI	-23.7102	-24.3394	1.15198	0.0912572	172.439
LLLFGLLYLLTALTYLLLILI	LLLYGLLYLLTALTYLLLILI	-24.3394	-24.1956	0.0912572	1.15198	155.814
LLLYGLLYLLTALTYLLLILI	LLLFGLLYLLTALTYLLLILI	-24.1956	-24.3394	1.15198	0.0912572	140.501
LLLFGLLYLLTALTYLLLILI	LLLFGLLYLLTALTFLLLILI	-23.7803	-23.4293	0.650378	0.240035	126.449
LLLFGLLYLLTALTFLLLILI	LLLYGLLYLLTALTFLLLILI	-23.4293	-23.9358	0.240035	0.650378	113.597
Time: 208s
