***STARTING GEOMETRY:***
xShift: 8.2
crossingAngle: 31
axialRotation: 100
zShift: 3.22877

Number of MCCycles: 100
PrevSequence	CurrSequence	PrevEnergy	CurrEnergy	PrevEntropy	CurrEntropy	CurrentTemp
LLLYALLTLLTALTGLLLILI	LLLYGLLTLLTALTGLLLILI	-17.8238	-17.9915	0.276169	0.584123	999.684
LLLYGLLTLLTALTGLLLILI	LLLYGLLTLLTSLTGLLLILI	-18.3314	-18.3651	0.244161	0.642213	999.328
LLLYGLLTLLTSLTGLLLILI	LLLWGLLTLLTSLTGLLLILI	-18.7397	-18.4053	0.267575	0.598868	998.928
LLLWGLLTLLTSLTGLLLILI	LLLYGLLTLLTSLTGLLLILI	-18.4053	-18.7397	0.598868	0.267575	998.476
LLLYGLLTLLTSLTGLLLILI	LLLYGLLTLLWSLTGLLLILI	-18.5213	-17.295	0.48602	0.343253	997.967
LLLYGLLTLLWSLTGLLLILI	LLLYGLLYLLWSLTGLLLILI	-17.3096	-18.0249	0.328724	0.505042	997.394
LLLYGLLYLLWSLTGLLLILI	LLLYGLLYLLWFLTGLLLILI	-18.0261	-18.5996	0.503913	0.329564	996.749
LLLYGLLYLLWFLTGLLLILI	LLLYGLLYLLGFLTGLLLILI	-18.5153	-23.0358	0.413856	0.40685	996.023
LLLYGLLYLLGFLTGLLLILI	LLLFGLLYLLGFLTGLLLILI	-22.7922	-22.1949	0.650378	0.240035	995.205
LLLFGLLYLLGFLTGLLLILI	LLLFGLLYLLGFLVGLLLILI	-21.8027	-18.7081	0.632162	0.249358	994.285
LLLFGLLYLLGFLVGLLLILI	LLLYGLLYLLGFLVGLLLILI	-18.7174	-19.3149	0.240035	0.650378	993.249
LLLYGLLYLLGFLVGLLLILI	LLLYGLLYLLYFLVGLLLILI	-19.6958	-18.6679	0.269472	0.595564	992.084
LLLYGLLYLLYFLVGLLLILI	LLLWGLLYLLYFLVGLLLILI	-18.6724	-18.7793	0.591129	0.272043	990.773
LLLWGLLYLLYFLVGLLLILI	LLLWGLLFLLYFLVGLLLILI	-18.401	-16.4195	0.650378	0.240035	989.3
LLLWGLLFLLYFLVGLLLILI	LLLWGLLFLLGFLVGLLLILI	-16.3894	-15.658	0.270132	0.594419	987.644
LLLWGLLFLLGFLVGLLLILI	LLLWGLLFLLGYLVGLLLILI	-15.8421	-15.776	0.410343	0.410343	985.783
LLLWGLLFLLGYLVGLLLILI	LLLWGLLFLLYYLVGLLLILI	-15.8175	-15.4145	0.368877	0.454934	983.694
LLLWGLLFLLYYLVGLLLILI	LLLWGLLYLLYYLVGLLLILI	-15.7782	-18.0079	0.0912572	1.15198	981.348
LLLWGLLYLLYYLVGLLLILI	LLLWGLLYLLYYLTGLLLILI	-18.9105	-21.6859	0.249358	0.632162	978.717
LLLWGLLYLLYYLTGLLLILI	LLLWGLLYLLYFLTGLLLILI	-21.1661	-23.291	1.15198	0.0912572	975.768
LLLWGLLYLLYFLTGLLLILI	LLLYGLLYLLYFLTGLLLILI	-23.1102	-23.0172	0.272043	0.591129	972.463
LLLYGLLYLLYFLTGLLLILI	LLLYGLLFLLYFLTGLLLILI	-22.7877	-21.9135	0.820686	0.170308	968.764
LLLYGLLFLLYFLTGLLLILI	LLLYGLLYLLYFLTGLLLILI	-21.9135	-22.1976	0.170308	0.820686	964.627
LLLYGLLYLLYFLTGLLLILI	LLLYGLLYLLGFLTGLLLILI	-22.4228	-23.1732	0.595564	0.269472	960.005
LLLYGLLYLLGFLTGLLLILI	LLLYGLLYLLGFLTALLLILI	-22.3773	-17.2928	1.06535	0.107014	954.846
LLLYGLLYLLGFLTALLLILI	LLLYGLLYLLGWLTALLLILI	-17.251	-18.3956	0.148778	0.890414	949.095
LLLYGLLYLLGWLTALLLILI	LLLYGLLFLLGWLTALLLILI	-18.3333	-16.9953	0.952787	0.132101	942.693
LLLYGLLFLLGWLTALLLILI	LLLYGLLFLLGWLVALLLILI	-16.4952	-13.4659	0.632162	0.249358	935.578
LLLYGLLFLLGWLVALLLILI	LLLFGLLFLLGWLVALLLILI	-13.3049	-12.536	0.410343	0.410343	927.683
LLLFGLLFLLGWLVALLLILI	LLLFGLLFLLGWLTALLLILI	-12.697	-15.7264	0.249358	0.632162	918.939
LLLFGLLFLLGWLTALLLILI	LLLFGLLYLLGWLTALLLILI	-15.9482	-17.8737	0.410343	0.410343	909.276
LLLFGLLYLLGWLTALLLILI	LLLFGLLYLLGFLTALLLILI	-17.6851	-16.1245	0.598868	0.267575	898.621
LLLFGLLYLLGFLTALLLILI	LLLFGLLYLLGFLTTLLLILI	-16.2692	-15.3651	0.122923	0.990994	886.903
LLLFGLLYLLGFLTTLLLILI	LLLFGLLYLLGFLTALLLILI	-15.3651	-16.2692	0.990994	0.122923	874.051
LLLFGLLYLLGFLTALLLILI	LLLFGLLYLLGWLTALLLILI	-16.1245	-17.6851	0.267575	0.598868	859.999
LLLFGLLYLLGWLTALLLILI	LLLYGLLYLLGWLTALLLILI	-18.1519	-18.3333	0.132101	0.952787	844.686
LLLYGLLYLLGWLTALLLILI	LLLFGLLYLLGWLTALLLILI	-18.3333	-18.1519	0.952787	0.132101	828.061
LLLFGLLYLLGWLTALLLILI	LLLFGLLFLLGWLTALLLILI	-17.8737	-15.9482	0.410343	0.410343	810.083
LLLFGLLFLLGWLTALLLILI	LLLYGLLFLLGWLTALLLILI	-15.9482	-16.717	0.410343	0.410343	790.724
LLLYGLLFLLGWLTALLLILI	LLLYGLLFLLGFLTALLLILI	-16.5285	-15.3405	0.598868	0.267575	769.974
LLLYGLLFLLGFLTALLLILI	LLLYGLLFLLYFLTALLLILI	-15.3386	-16.4453	0.269472	0.595564	747.845
LLLYGLLFLLYFLTALLLILI	LLLFGLLFLLYFLTALLLILI	-16.5393	-15.916	0.5016	0.331293	724.369
LLLFGLLFLLYFLTALLLILI	LLLFGLLYLLYFLTALLLILI	-15.916	-17.0359	0.331293	0.5016	699.602
LLLFGLLYLLYFLTALLLILI	LLLFGLLYLLGFLTALLLILI	-16.9419	-16.1226	0.595564	0.269472	673.628
LLLFGLLYLLGFLTALLLILI	LLLFGLLYLLGWLTALLLILI	-16.1245	-17.6851	0.267575	0.598868	646.557
LLLFGLLYLLGWLTALLLILI	LLLYGLLYLLGWLTALLLILI	-18.1519	-18.3333	0.132101	0.952787	618.524
LLLYGLLYLLGWLTALLLILI	LLLFGLLYLLGWLTALLLILI	-18.3333	-18.1519	0.952787	0.132101	560.23
LLLFGLLYLLGWLTALLLILI	LLLYGLLYLLGWLTALLLILI	-18.1519	-18.3333	0.132101	0.952787	530.348
LLLYGLLYLLGWLTALLLILI	LLLYGLLYLLGFLTALLLILI	-18.3956	-17.251	0.890414	0.148778	500.25
LLLYGLLYLLGFLTALLLILI	LLLYGLLYLLYFLTALLLILI	-17.2073	-17.806	0.192521	0.758648	470.152
LLLYGLLYLLYFLTALLLILI	LLLWGLLYLLYFLTALLLILI	-17.9735	-18.0804	0.591129	0.272043	440.27
LLLWGLLYLLYFLTALLLILI	LLLYGLLYLLYFLTALLLILI	-18.0804	-17.9735	0.272043	0.591129	381.976
LLLYGLLYLLYFLTALLLILI	LLLYGLLYLLYFLTGLLLILI	-18.4106	-16.6912	0.154044	0.872342	353.943
LLLYGLLYLLYFLTGLLLILI	LLLWGLLYLLYFLTGLLLILI	-16.9724	-17.0793	0.591129	0.272043	326.872
LLLWGLLYLLYFLTGLLLILI	LLLYGLLYLLYFLTGLLLILI	-17.0793	-16.9724	0.272043	0.591129	276.131
LLLYGLLYLLYFLTGLLLILI	LLLYGLLYLLYFLTALLLILI	-16.6912	-18.4106	0.872342	0.154044	252.655
LLLYGLLYLLYFLTALLLILI	LLLWGLLYLLYFLTALLLILI	-17.9735	-18.0804	0.591129	0.272043	209.776
LLLWGLLYLLYFLTALLLILI	LLLYGLLYLLYFLTALLLILI	-18.0804	-17.9735	0.272043	0.591129	190.417
LLLYGLLYLLYFLTALLLILI	LLLWGLLYLLYFLTALLLILI	-17.9735	-18.0804	0.591129	0.272043	140.501
LLLWGLLYLLYFLTALLLILI	LLLYGLLYLLYFLTALLLILI	-18.0804	-17.9735	0.272043	0.591129	126.449
LLLYGLLYLLYFLTALLLILI	LLLWGLLYLLYFLTALLLILI	-17.9735	-18.0804	0.591129	0.272043	81.5606
LLLWGLLYLLYFLTALLLILI	LLLYGLLYLLYFLTALLLILI	-18.0804	-17.9735	0.272043	0.591129	45.6541
LLLYGLLYLLYFLTALLLILI	LLLWGLLYLLYFLTALLLILI	-17.9735	-18.0804	0.591129	0.272043	35.8726
LLLWGLLYLLYFLTALLLILI	LLLYGLLYLLYFLTALLLILI	-18.0804	-17.9735	0.272043	0.591129	31.7355
LLLYGLLYLLYFLTALLLILI	LLLWGLLYLLYFLTALLLILI	-17.9735	-18.0804	0.591129	0.272043	21.7826
LLLWGLLYLLYFLTALLLILI	LLLYGLLYLLYFLTALLLILI	-18.0804	-17.9735	0.272043	0.591129	8.41632
LLLYGLLYLLYFLTALLLILI	LLLWGLLYLLYFLTALLLILI	-17.9735	-18.0804	0.591129	0.272043	7.25111
Time: 266s
