***STARTING GEOMETRY:***
xShift: 8.88519
crossingAngle: -40.5966
axialRotation: 51.0578
zShift: 5.2872

Number of MCCycles: 100
PrevSequence	CurrSequence	PrevEnergy	CurrEnergy	PrevEntropy	CurrEntropy	CurrentTemp
LLLALLTALLTTLLTTLLILI	LLLALLVALLTTLLTTLLILI	-18.4895	-18.6597	1.39457	0.0589809	999.684
LLLALLVALLTTLLTTLLILI	LLLALLTALLTTLLTTLLILI	-18.6597	-21.1638	0.0589809	1.39457	999.328
LLLALLTALLTTLLTTLLILI	LLLALLTALLTTLLTYLLILI	-21.6407	-22.3309	0.917682	0.141213	998.928
LLLALLTALLTTLLTYLLILI	LLLALLTSLLTTLLTYLLILI	-22.0556	-21.0774	0.416521	0.404229	998.476
LLLALLTSLLTTLLTYLLILI	LLLALLTSLLTTLLSYLLILI	-20.7908	-16.0057	0.690823	0.220804	997.967
LLLALLTSLLTTLLSYLLILI	LLLALLTSLLTTLLTYLLILI	-16.0057	-20.7908	0.220804	0.690823	997.394
LLLALLTSLLTTLLTYLLILI	LLLALLTSLLTTLLTTLLILI	-21.3404	-20.6461	0.141213	0.917682	996.749
LLLALLTSLLTTLLTTLLILI	LLLALLTSLLTTLLVTLLILI	-20.1692	-17.4651	1.39457	0.0589809	996.023
LLLALLTSLLTTLLVTLLILI	LLLALLTSLLTVLLVTLLILI	-16.5932	-14.6923	0.930859	0.137712	995.205
LLLALLTSLLTVLLVTLLILI	LLLALLTSLLTTLLVTLLILI	-14.6923	-16.5932	0.137712	0.930859	994.285
LLLALLTSLLTTLLVTLLILI	LLLALLTALLTTLLVTLLILI	-17.1198	-18.1042	0.404229	0.416521	993.249
LLLALLTALLTTLLVTLLILI	LLLGLLTALLTTLLVTLLILI	-18.057	-17.2687	0.463748	0.36136	992.084
LLLGLLTALLTTLLVTLLILI	LLLALLTALLTTLLVTLLILI	-17.2687	-18.057	0.36136	0.463748	990.773
LLLALLTALLTTLLVTLLILI	LLLALLTALLTTLLTTLLILI	-18.4618	-21.1638	0.0589809	1.39457	989.3
LLLALLTALLTTLLTTLLILI	LLLGLLTALLTTLLTTLLILI	-22.0946	-21.3063	0.463748	0.36136	987.644
LLLGLLTALLTTLLTTLLILI	LLLGLLTALLTTLLTYLLILI	-20.75	-21.4402	0.917682	0.141213	985.783
LLLGLLTALLTTLLTYLLILI	LLLGLLTALLTTLLTTLLILI	-21.4402	-20.75	0.141213	0.917682	983.694
LLLGLLTALLTTLLTTLLILI	LLLGLLTALLTTLLTYLLILI	-20.75	-21.4402	0.917682	0.141213	981.348
LLLGLLTALLTTLLTYLLILI	LLLALLTALLTTLLTYLLILI	-21.22	-22.0083	0.36136	0.463748	978.717
LLLALLTALLTTLLTYLLILI	LLLALLTALLVTLLTYLLILI	-21.1958	-17.8695	1.27634	0.0728516	975.768
LLLALLTALLVTLLTYLLILI	LLLALLTALLVTLLTTLLILI	-17.7705	-17.172	0.171816	0.816184	972.463
LLLALLTALLVTLLTTLLILI	LLLALLTALLTTLLTTLLILI	-17.9292	-21.1638	0.0589809	1.39457	968.764
LLLALLTALLTTLLTTLLILI	LLLALLTALLTVLLTTLLILI	-21.1638	-19.761	1.39457	0.0589809	964.627
LLLALLTALLTVLLTTLLILI	LLLALLTALLTVLLTYLLILI	-19.0038	-17.3726	0.816184	0.171816	960.005
LLLALLTALLTVLLTYLLILI	LLLALLTALLTTLLTYLLILI	-17.4716	-21.1958	0.0728516	1.27634	954.846
LLLALLTALLTTLLTYLLILI	LLLALLTSLLTTLLTYLLILI	-22.0556	-21.0774	0.416521	0.404229	949.095
LLLALLTSLLTTLLTYLLILI	LLLALLTSLLTVLLTYLLILI	-20.2053	-16.5144	1.27634	0.0728516	942.693
LLLALLTSLLTVLLTYLLILI	LLLALLTALLTVLLTYLLILI	-16.183	-17.1279	0.404229	0.416521	935.578
LLLALLTALLTVLLTYLLILI	LLLALLTALLTVLLTTLLILI	-17.3726	-19.0038	0.171816	0.816184	927.683
LLLALLTALLTVLLTTLLILI	LLLGLLTALLTVLLTTLLILI	-19.3563	-18.5678	0.463748	0.36136	918.939
LLLGLLTALLTVLLTTLLILI	LLLALLTALLTVLLTTLLILI	-18.5678	-19.3563	0.36136	0.463748	909.276
LLLALLTALLTVLLTTLLILI	LLLALLTSLLTVLLTTLLILI	-19.4035	-18.4568	0.416521	0.404229	898.621
LLLALLTSLLTVLLTTLLILI	LLLALLTALLTVLLTTLLILI	-18.4568	-19.4035	0.404229	0.416521	886.903
LLLALLTALLTVLLTTLLILI	LLLALLTALLTTLLTTLLILI	-19.761	-21.1638	0.0589809	1.39457	859.999
LLLALLTALLTTLLTTLLILI	LLLGLLTALLTTLLTTLLILI	-22.0946	-21.3063	0.463748	0.36136	844.686
LLLGLLTALLTTLLTTLLILI	LLLGLLTALLTTLLVTLLILI	-20.2731	-17.5711	1.39457	0.0589809	828.061
LLLGLLTALLTTLLVTLLILI	LLLGLLTSLLTTLLVTLLILI	-17.3859	-16.0025	0.244161	0.642213	810.083
LLLGLLTSLLTTLLVTLLILI	LLLGLLTSLLTTLLTTLLILI	-16.5857	-19.2898	0.0589809	1.39457	790.724
LLLGLLTSLLTTLLTTLLILI	LLLGLLTALLTTLLTTLLILI	-20.0422	-21.4235	0.642213	0.244161	769.974
LLLGLLTALLTTLLTTLLILI	LLLGLLVALLTTLLTTLLILI	-20.2731	-18.0545	1.39457	0.0589809	747.845
LLLGLLVALLTTLLTTLLILI	LLLGLLTALLTTLLTTLLILI	-18.0545	-20.2731	0.0589809	1.39457	724.369
LLLGLLTALLTTLLTTLLILI	LLLALLTALLTTLLTTLLILI	-21.3063	-22.0946	0.36136	0.463748	699.602
LLLALLTALLTTLLTTLLILI	LLLALLTALLTVLLTTLLILI	-21.1638	-19.761	1.39457	0.0589809	673.628
LLLALLTALLTVLLTTLLILI	LLLALLTALLTVLLTYLLILI	-19.0038	-17.3726	0.816184	0.171816	646.557
LLLALLTALLTVLLTYLLILI	LLLALLTALLTVLLVYLLILI	-16.7443	-11.8562	0.800152	0.177314	618.524
LLLALLTALLTVLLVYLLILI	LLLALLTALLTVLLVTLLILI	-11.814	-15.0974	0.219549	0.693609	589.688
LLLALLTALLTVLLVTLLILI	LLLGLLTALLTVLLVTLLILI	-15.3273	-14.5388	0.463748	0.36136	560.23
LLLGLLTALLTVLLVTLLILI	LLLGLLTALLTVLLTTLLILI	-14.7625	-17.9983	0.137712	0.930859	530.348
LLLGLLTALLTVLLTTLLILI	LLLGLLTALLTTLLTTLLILI	-18.8702	-20.2731	0.0589809	1.39457	500.25
LLLGLLTALLTTLLTTLLILI	LLLGLLTALLTTLLTYLLILI	-20.75	-21.4402	0.917682	0.141213	470.152
LLLGLLTALLTTLLTYLLILI	LLLALLTALLTTLLTYLLILI	-21.22	-22.0083	0.36136	0.463748	440.27
LLLALLTALLTTLLTYLLILI	LLLGLLTALLTTLLTYLLILI	-22.0083	-21.22	0.463748	0.36136	381.976
LLLGLLTALLTTLLTYLLILI	LLLALLTALLTTLLTYLLILI	-21.22	-22.0083	0.36136	0.463748	353.943
LLLALLTALLTTLLTYLLILI	LLLALLTSLLTTLLTYLLILI	-22.0556	-21.0774	0.416521	0.404229	326.872
LLLALLTSLLTTLLTYLLILI	LLLALLTALLTTLLTYLLILI	-21.0774	-22.0556	0.404229	0.416521	276.131
LLLALLTALLTTLLTYLLILI	LLLALLTALLTTLLTTLLILI	-22.3309	-21.6407	0.141213	0.917682	252.655
LLLALLTALLTTLLTTLLILI	LLLALLTALLTTLLTYLLILI	-21.6407	-22.3309	0.917682	0.141213	230.526
LLLALLTALLTTLLTYLLILI	LLLALLTALLTTLLTTLLILI	-22.3309	-21.6407	0.141213	0.917682	140.501
LLLALLTALLTTLLTTLLILI	LLLALLTALLTTLLTYLLILI	-21.6407	-22.3309	0.917682	0.141213	101.879
Time: 185s
