MCAccept 0 xShift: 8.67174 crossingAngle: -42.4636 axialRotation: -93.2138 zShift: 2.27768 energy: 35560.1
MCAccept 1 xShift: 8.67174 crossingAngle: -42.4636 axialRotation: -93.2138 zShift: 2.28997 energy: 31949.9
MCAccept 2 xShift: 8.67174 crossingAngle: -42.4636 axialRotation: -93.2141 zShift: 2.28997 energy: 31949.9
MCAccept 3 xShift: 8.67174 crossingAngle: -42.4841 axialRotation: -93.2141 zShift: 2.28997 energy: 31949.9
MCAccept 4 xShift: 8.67174 crossingAngle: -42.4841 axialRotation: -93.0597 zShift: 2.28997 energy: 31949.9
MCAccept 5 xShift: 8.67174 crossingAngle: -42.4841 axialRotation: -93.1471 zShift: 2.28997 energy: 31949.9
MCAccept 6 xShift: 8.66165 crossingAngle: -42.4841 axialRotation: -93.1471 zShift: 2.28997 energy: 31949.9
MCAccept 7 xShift: 8.66165 crossingAngle: -42.4499 axialRotation: -93.1471 zShift: 2.28997 energy: 31949.9
MCReject   xShift: 8.66165 crossingAngle: -42.4499 axialRotation: -93.1471 zShift: 2.26918 energy: 38305.6
MCAccept 8 xShift: 8.66165 crossingAngle: -42.4499 axialRotation: -93.1471 zShift: 2.29345 energy: 31000.2
MCAccept 9 xShift: 8.66165 crossingAngle: -42.4499 axialRotation: -93.1471 zShift: 2.30463 energy: 28141.3
MCAccept 10 xShift: 8.66165 crossingAngle: -42.4499 axialRotation: -93.2732 zShift: 2.30463 energy: 28141.3
MCAccept 11 xShift: 8.66165 crossingAngle: -42.4499 axialRotation: -93.015 zShift: 2.30463 energy: 28141.3
MCAccept 12 xShift: 8.66165 crossingAngle: -42.3586 axialRotation: -93.015 zShift: 2.30463 energy: 28141.3
MCAccept 13 xShift: 8.6478 crossingAngle: -42.3586 axialRotation: -93.015 zShift: 2.30463 energy: 28141.3
MCAccept 14 xShift: 8.6478 crossingAngle: -42.3586 axialRotation: -93.015 zShift: 2.30487 energy: 28082.2
MCAccept 15 xShift: 8.6478 crossingAngle: -42.5276 axialRotation: -93.015 zShift: 2.30487 energy: 28082.2
MCAccept 16 xShift: 8.6478 crossingAngle: -42.5276 axialRotation: -92.8591 zShift: 2.30487 energy: 28082.2
MCAccept 17 xShift: 8.6478 crossingAngle: -42.8158 axialRotation: -92.8591 zShift: 2.30487 energy: 28082.2
MCAccept 18 xShift: 8.64648 crossingAngle: -42.8158 axialRotation: -92.8591 zShift: 2.30487 energy: 28082.2
MCAccept 19 xShift: 8.64648 crossingAngle: -42.7776 axialRotation: -92.8591 zShift: 2.30487 energy: 28082.2
MCReject   xShift: 8.64648 crossingAngle: -42.7776 axialRotation: -92.8591 zShift: 2.30087 energy: 29069
MCAccept 20 xShift: 8.64648 crossingAngle: -42.7776 axialRotation: -92.8591 zShift: 2.31834 energy: 25009.3
MCAccept 21 xShift: 8.6594 crossingAngle: -42.7776 axialRotation: -92.8591 zShift: 2.31834 energy: 25009.3
MCAccept 22 xShift: 8.6594 crossingAngle: -42.7776 axialRotation: -92.8591 zShift: 2.3195 energy: 24761.4
MCAccept 23 xShift: 8.66231 crossingAngle: -42.7776 axialRotation: -92.8591 zShift: 2.3195 energy: 24761.4
MCAccept 24 xShift: 8.66231 crossingAngle: -42.7588 axialRotation: -92.8591 zShift: 2.3195 energy: 24761.4
MCAccept 25 xShift: 8.66231 crossingAngle: -42.7588 axialRotation: -92.9428 zShift: 2.3195 energy: 24761.4
MCAccept 26 xShift: 8.66231 crossingAngle: -42.7588 axialRotation: -92.9428 zShift: 2.3388 energy: 21001.8
MCReject   xShift: 8.66231 crossingAngle: -42.7588 axialRotation: -92.9428 zShift: 2.32863 energy: 22901.3
MCReject   xShift: 8.66231 crossingAngle: -42.7588 axialRotation: -92.9428 zShift: 2.33837 energy: 21078.2
MCAccept 27 xShift: 8.67685 crossingAngle: -42.7588 axialRotation: -92.9428 zShift: 2.3388 energy: 21001.8
MCAccept 28 xShift: 8.67006 crossingAngle: -42.7588 axialRotation: -92.9428 zShift: 2.3388 energy: 21001.8
MCAccept 29 xShift: 8.67006 crossingAngle: -42.9728 axialRotation: -92.9428 zShift: 2.3388 energy: 21001.8
MCAccept 30 xShift: 8.67006 crossingAngle: -42.9728 axialRotation: -93.0846 zShift: 2.3388 energy: 21001.8
MCAccept 31 xShift: 8.67006 crossingAngle: -42.9728 axialRotation: -93.2016 zShift: 2.3388 energy: 21001.8
MCAccept 32 xShift: 8.67843 crossingAngle: -42.9728 axialRotation: -93.2016 zShift: 2.3388 energy: 21001.8
MCAccept 33 xShift: 8.67843 crossingAngle: -42.9728 axialRotation: -93.3391 zShift: 2.3388 energy: 21001.8
MCAccept 34 xShift: 8.67843 crossingAngle: -42.9728 axialRotation: -93.3185 zShift: 2.3388 energy: 21001.8
MCAccept 35 xShift: 8.66411 crossingAngle: -42.9728 axialRotation: -93.3185 zShift: 2.3388 energy: 21001.8
MCAccept 36 xShift: 8.66411 crossingAngle: -42.9728 axialRotation: -93.2778 zShift: 2.3388 energy: 21001.8
MCAccept 37 xShift: 8.66411 crossingAngle: -43.01 axialRotation: -93.2778 zShift: 2.3388 energy: 21001.8
MCAccept 38 xShift: 8.66411 crossingAngle: -43.01 axialRotation: -93.2778 zShift: 2.35057 energy: 19009.4
MCAccept 39 xShift: 8.66931 crossingAngle: -43.01 axialRotation: -93.2778 zShift: 2.35057 energy: 19009.4
MCAccept 40 xShift: 8.68563 crossingAngle: -43.01 axialRotation: -93.2778 zShift: 2.35057 energy: 19009.4
MCAccept 41 xShift: 8.68563 crossingAngle: -43.122 axialRotation: -93.2778 zShift: 2.35057 energy: 19009.4
MCAccept 42 xShift: 8.68563 crossingAngle: -43.122 axialRotation: -93.2778 zShift: 2.36283 energy: 17146.6
MCAccept 43 xShift: 8.68563 crossingAngle: -43.1274 axialRotation: -93.2778 zShift: 2.36283 energy: 17146.6
MCAccept 44 xShift: 8.67635 crossingAngle: -43.1274 axialRotation: -93.2778 zShift: 2.36283 energy: 17146.6
MCReject   xShift: 8.67635 crossingAngle: -43.1274 axialRotation: -93.2778 zShift: 2.35873 energy: 17747.8
MCReject   xShift: 8.67635 crossingAngle: -43.1274 axialRotation: -93.2778 zShift: 2.35681 energy: 18036.1
MCReject   xShift: 8.67635 crossingAngle: -43.1274 axialRotation: -93.2778 zShift: 2.3501 energy: 19084.9
MCAccept 45 xShift: 8.69385 crossingAngle: -43.1274 axialRotation: -93.2778 zShift: 2.36283 energy: 17146.6
MCReject   xShift: 8.69385 crossingAngle: -43.1274 axialRotation: -93.2778 zShift: 2.35843 energy: 17791.4
MCAccept 46 xShift: 8.68139 crossingAngle: -43.1274 axialRotation: -93.2778 zShift: 2.36283 energy: 17146.6
MCAccept 47 xShift: 8.67035 crossingAngle: -43.1274 axialRotation: -93.2778 zShift: 2.36283 energy: 17146.6
MCAccept 48 xShift: 8.67035 crossingAngle: -43.146 axialRotation: -93.2778 zShift: 2.36283 energy: 17146.6
MCAccept 49 xShift: 8.67035 crossingAngle: -43.3477 axialRotation: -93.2778 zShift: 2.36283 energy: 17146.6
MCAccept 50 xShift: 8.67035 crossingAngle: -43.497 axialRotation: -93.2778 zShift: 2.36283 energy: 17146.6
MCReject   xShift: 8.67035 crossingAngle: -43.497 axialRotation: -93.2778 zShift: 2.35793 energy: 17866.2
MCAccept 51 xShift: 8.65682 crossingAngle: -43.497 axialRotation: -93.2778 zShift: 2.36283 energy: 17146.6
MCAccept 52 xShift: 8.66229 crossingAngle: -43.497 axialRotation: -93.2778 zShift: 2.36283 energy: 17146.6
MCAccept 53 xShift: 8.66229 crossingAngle: -43.3897 axialRotation: -93.2778 zShift: 2.36283 energy: 17146.6
MCAccept 54 xShift: 8.66229 crossingAngle: -43.3897 axialRotation: -93.1055 zShift: 2.36283 energy: 17146.6
MCAccept 55 xShift: 8.66229 crossingAngle: -43.3612 axialRotation: -93.1055 zShift: 2.36283 energy: 17146.6
MCAccept 56 xShift: 8.66229 crossingAngle: -43.3612 axialRotation: -93.2605 zShift: 2.36283 energy: 17146.6
MCAccept 57 xShift: 8.66229 crossingAngle: -43.3612 axialRotation: -93.2605 zShift: 2.36644 energy: 16635.5
MCAccept 58 xShift: 8.66697 crossingAngle: -43.3612 axialRotation: -93.2605 zShift: 2.36644 energy: 16635.5
MCAccept 59 xShift: 8.65839 crossingAngle: -43.3612 axialRotation: -93.2605 zShift: 2.36644 energy: 16635.5
MCAccept 60 xShift: 8.66 crossingAngle: -43.3612 axialRotation: -93.2605 zShift: 2.36644 energy: 16635.5
MCAccept 61 xShift: 8.66 crossingAngle: -43.3612 axialRotation: -93.2264 zShift: 2.36644 energy: 16635.5
MCAccept 62 xShift: 8.64704 crossingAngle: -43.3612 axialRotation: -93.2264 zShift: 2.36644 energy: 16635.5
MCAccept 63 xShift: 8.64704 crossingAngle: -43.3612 axialRotation: -93.4163 zShift: 2.36644 energy: 16635.5
MCAccept 64 xShift: 8.64704 crossingAngle: -43.6412 axialRotation: -93.4163 zShift: 2.36644 energy: 16635.5
MCAccept 65 xShift: 8.64704 crossingAngle: -43.6412 axialRotation: -93.4163 zShift: 2.36997 energy: 16152.4
MCAccept 66 xShift: 8.64704 crossingAngle: -43.6412 axialRotation: -93.4163 zShift: 2.3879 energy: 13916
MCAccept 67 xShift: 8.65635 crossingAngle: -43.6412 axialRotation: -93.4163 zShift: 2.3879 energy: 13916
MCReject   xShift: 8.65635 crossingAngle: -43.6412 axialRotation: -93.4163 zShift: 2.37009 energy: 16135.7
MCReject   xShift: 8.66012 crossingAngle: -43.6412 axialRotation: -93.4163 zShift: 2.3879 energy: 13918.2
MCAccept 68 xShift: 8.65635 crossingAngle: -43.7162 axialRotation: -93.4163 zShift: 2.3879 energy: 13916
MCAccept 69 xShift: 8.65635 crossingAngle: -43.7162 axialRotation: -93.4217 zShift: 2.3879 energy: 13916
MCAccept 70 xShift: 8.64645 crossingAngle: -43.7162 axialRotation: -93.4217 zShift: 2.3879 energy: 13916
MCAccept 71 xShift: 8.64645 crossingAngle: -43.7241 axialRotation: -93.4217 zShift: 2.3879 energy: 13916
MCAccept 72 xShift: 8.64959 crossingAngle: -43.7241 axialRotation: -93.4217 zShift: 2.3879 energy: 13916
MCAccept 73 xShift: 8.66437 crossingAngle: -43.7241 axialRotation: -93.4217 zShift: 2.3879 energy: 13916
MCAccept 74 xShift: 8.66437 crossingAngle: -43.79 axialRotation: -93.4217 zShift: 2.3879 energy: 13916
MCAccept 75 xShift: 8.68744 crossingAngle: -43.79 axialRotation: -93.4217 zShift: 2.3879 energy: 13916
MCReject   xShift: 8.68744 crossingAngle: -43.79 axialRotation: -93.4217 zShift: 2.38018 energy: 14835.8
MCReject   xShift: 8.68744 crossingAngle: -43.79 axialRotation: -93.4217 zShift: 2.3761 energy: 15347.2
MCAccept 76 xShift: 8.71224 crossingAngle: -43.79 axialRotation: -93.4217 zShift: 2.3879 energy: 13916
MCReject   xShift: 8.72551 crossingAngle: -43.79 axialRotation: -93.4217 zShift: 2.3879 energy: 13918.9
MCReject   xShift: 8.71224 crossingAngle: -43.7907 axialRotation: -93.4217 zShift: 2.3879 energy: 13918.9
MCAccept 77 xShift: 8.71224 crossingAngle: -43.79 axialRotation: -93.4217 zShift: 2.39629 energy: 12986.3
MCAccept 78 xShift: 8.71224 crossingAngle: -43.79 axialRotation: -93.3128 zShift: 2.39629 energy: 12986.3
MCAccept 79 xShift: 8.72641 crossingAngle: -43.79 axialRotation: -93.3128 zShift: 2.39629 energy: 12986.3
MCReject   xShift: 8.71785 crossingAngle: -43.79 axialRotation: -93.3128 zShift: 2.39629 energy: 12989.2
MCReject   xShift: 8.72641 crossingAngle: -43.79 axialRotation: -93.2339 zShift: 2.39629 energy: 12989.2
MCAccept 80 xShift: 8.72641 crossingAngle: -43.79 axialRotation: -93.3128 zShift: 2.41643 energy: 11015.8
MCAccept 81 xShift: 8.72641 crossingAngle: -43.9803 axialRotation: -93.3128 zShift: 2.41643 energy: 11015.8
MCReject   xShift: 8.73227 crossingAngle: -43.9803 axialRotation: -93.3128 zShift: 2.41643 energy: 11017.9
MCAccept 82 xShift: 8.72641 crossingAngle: -43.9803 axialRotation: -93.3128 zShift: 2.41658 energy: 11002.6
MCAccept 83 xShift: 8.72641 crossingAngle: -43.9803 axialRotation: -93.3128 zShift: 2.4187 energy: 10814.7
MCAccept 84 xShift: 8.72641 crossingAngle: -43.8556 axialRotation: -93.3128 zShift: 2.4187 energy: 10814.7
MCAccept 85 xShift: 8.72728 crossingAngle: -43.8556 axialRotation: -93.3128 zShift: 2.4187 energy: 10814.7
MCAccept 86 xShift: 8.73662 crossingAngle: -43.8556 axialRotation: -93.3128 zShift: 2.4187 energy: 10814.7
MCAccept 87 xShift: 8.73662 crossingAngle: -43.9981 axialRotation: -93.3128 zShift: 2.4187 energy: 10814.7
MCAccept 88 xShift: 8.73662 crossingAngle: -43.9981 axialRotation: -93.3128 zShift: 2.43628 energy: 9386.38
MCReject   xShift: 8.74071 crossingAngle: -43.9981 axialRotation: -93.3128 zShift: 2.43628 energy: 9388.22
MCAccept 89 xShift: 8.73662 crossingAngle: -43.9981 axialRotation: -93.3128 zShift: 2.43754 energy: 9294.11
MCReject   xShift: 8.73662 crossingAngle: -43.9981 axialRotation: -93.4883 zShift: 2.43754 energy: 9295.06
MCAccept 90 xShift: 8.71061 crossingAngle: -43.9981 axialRotation: -93.3128 zShift: 2.43754 energy: 9292.28
MCAccept 91 xShift: 8.71061 crossingAngle: -43.9981 axialRotation: -93.0318 zShift: 2.43754 energy: 9292.28
MCReject   xShift: 8.71061 crossingAngle: -43.9981 axialRotation: -93.0318 zShift: 2.4274 energy: 10080.4
MCAccept 92 xShift: 8.71061 crossingAngle: -43.9981 axialRotation: -92.9362 zShift: 2.43754 energy: 9292.28
MCReject   xShift: 8.71061 crossingAngle: -43.9981 axialRotation: -92.9362 zShift: 2.43685 energy: 9343.56
MCAccept 93 xShift: 8.69494 crossingAngle: -43.9981 axialRotation: -92.9362 zShift: 2.43754 energy: 9292.28
MCAccept 94 xShift: 8.69494 crossingAngle: -43.9981 axialRotation: -93.0134 zShift: 2.43754 energy: 9292.28
MCAccept 95 xShift: 8.69494 crossingAngle: -43.9981 axialRotation: -93.0134 zShift: 2.44388 energy: 8833.76
MCReject   xShift: 8.68682 crossingAngle: -43.9981 axialRotation: -93.0134 zShift: 2.44388 energy: 8835.57
MCAccept 96 xShift: 8.69494 crossingAngle: -43.9981 axialRotation: -93.0134 zShift: 2.44582 energy: 8698.1
MCAccept 97 xShift: 8.69494 crossingAngle: -43.9981 axialRotation: -92.9204 zShift: 2.44582 energy: 8698.1
MCAccept 98 xShift: 8.69494 crossingAngle: -43.9981 axialRotation: -92.9204 zShift: 2.45293 energy: 8221.26
MCAccept 99 xShift: 8.69494 crossingAngle: -43.9981 axialRotation: -92.9204 zShift: 2.45939 energy: 7813.2
Energy #1: 7813.2
***GEOMETRY SHIFT***
xShift;        Before: 8.67174; After: 8.69494
crossingAngle; Before: -42.7902; After: -43.9981
axialRotation; Before: -93.2138; After: -92.9204
zShift;        Before: 2.27768; After: 2.45939
Energy;        Before: 678336; After: 7813.2

Completed all cycles. Accepted 100/123
Monte Carlo repack complete. Time: 23.1667min

Final energy is 7813.2 after repack, indicating clashes. Choose a different geometry
