***STARTING GEOMETRY:***
xShift: 8.69494
crossingAngle: -43.9981
axialRotation: -92.9204
zShift: 2.45939

Number of MCCycles: 200
PrevSequence	CurrSequence	PrevEnergy	CurrEnergy	PrevEntropy	CurrEntropy	CurrentTemp
LLLTVLLTTLLGTLLTTLILI	LLLYVLLTTLLGTLLTTLILI	-2.41769	-5.74677	1.0043	0.119894	999.847
LLLYVLLTTLLGTLLTTLILI	LLLYVLLTTLLGTLLSTLILI	-4.75581	-5.32738	1.11086	0.0983968	999.684
LLLYVLLTTLLGTLLSTLILI	LLLYVLLTTLLGTLLATLILI	-4.78356	-4.49759	0.642213	0.244161	999.512
LLLYVLLTTLLGTLLATLILI	LLLYVLLTTLLGYLLATLILI	-4.20291	-2.21234	0.538845	0.30482	999.328
LLLYVLLTTLLGYLLATLILI	LLLYVLLTTLLGTLLATLILI	-2.21234	-4.20291	0.30482	0.538845	999.134
LLLYVLLTTLLGTLLATLILI	LLLYVLLTTLLGTLLAWLILI	-4.15441	-3.2483	0.58734	0.274265	998.928
LLLYVLLTTLLGTLLAWLILI	LLLYVLLTTLLGTLLSWLILI	-3.2784	-3.86181	0.244161	0.642213	998.708
LLLYVLLTTLLGTLLSWLILI	LLLYVLLTTLLGTLLSTLILI	-4.22975	-4.83843	0.274265	0.58734	998.229
LLLYVLLTTLLGTLLSTLILI	LLLWVLLTTLLGTLLSTLILI	-5.1582	-3.98918	0.267575	0.598868	997.967
LLLWVLLTTLLGTLLSTLILI	LLLWVLLTTLLGYLLSTLILI	-3.77186	-1.35766	0.816184	0.171816	997.689
LLLWVLLTTLLGYLLSTLILI	LLLWYLLTTLLGYLLSTLILI	-1.42429	-3.46484	0.105187	1.07465	997.394
LLLWYLLTTLLGYLLSTLILI	LLLWYLLTTLLGTLLSTLILI	-4.23467	-3.81861	0.30482	0.538845	997.081
LLLWYLLTTLLGTLLSTLILI	LLLWYLLTTLLGTLLATLILI	-3.71525	-4.59628	0.642213	0.244161	996.749
LLLWYLLTTLLGTLLATLILI	LLLYYLLTTLLGTLLATLILI	-4.4683	-4.62659	0.372136	0.451187	996.397
LLLYYLLTTLLGTLLATLILI	LLLYYLLTTLLGTLLSTLILI	-4.83361	-4.43271	0.244161	0.642213	996.023
LLLYYLLTTLLGTLLSTLILI	LLLYYLLTTLLGTLLATLILI	-4.43271	-4.18659	0.642213	0.244161	995.626
LLLYYLLTTLLGTLLATLILI	LLLYTLLTTLLGTLLATLILI	-4.1756	-5.41943	0.255144	0.62127	995.205
LLLYTLLTTLLGTLLATLILI	LLLYTLLTTLLGTLLAFLILI	-4.77908	-6.19815	1.26162	0.0748068	994.758
LLLYTLLTTLLGTLLAFLILI	LLLYWLLTTLLGTLLAFLILI	-5.68561	-2.27736	0.58734	0.274265	994.285
LLLYWLLTTLLGTLLAFLILI	LLLYTLLTTLLGTLLAFLILI	-2.27736	-2.93998	0.274265	0.58734	993.782
LLLYTLLTTLLGTLLAFLILI	LLLYTLLTYLLGTLLAFLILI	-2.98848	-1.28955	0.538845	0.30482	993.249
LLLYTLLTYLLGTLLAFLILI	LLLYTLLTYLLGTLLATLILI	-1.50225	-2.96378	0.0921195	1.14683	992.683
LLLYTLLTYLLGTLLATLILI	LLLYTLLTYLLGVLLATLILI	-2.83427	0.809935	1.27634	0.0728516	992.084
LLLYTLLTYLLGVLLATLILI	LLLYTLLTYLLGYLLATLILI	0.809242	0.335026	0.0721588	1.28166	990.773
LLLYTLLTYLLGYLLATLILI	LLLYWLLTYLLGYLLATLILI	-0.460612	2.52068	0.48602	0.343253	990.058
LLLYWLLTYLLGYLLATLILI	LLLYTLLTYLLGYLLATLILI	2.52068	-0.460612	0.343253	0.48602	989.3
LLLYTLLTYLLGYLLATLILI	LLLYTLLTTLLGYLLATLILI	-0.533277	-3.35843	0.413356	0.407346	988.496
LLLYTLLTTLLGYLLATLILI	LLLYTLLGTLLGYLLATLILI	-3.01146	2.30076	0.754313	0.194196	987.644
LLLYTLLGTLLGYLLATLILI	LLLYTLLGTLLGYLLAFLILI	3.11087	2.34236	1.0043	0.119894	986.74
LLLYTLLGTLLGYLLAFLILI	LLLYTLLGTLLGYLLAYLILI	2.31373	2.78962	0.0912572	1.15198	985.783
LLLYTLLGTLLGYLLAYLILI	LLLYTLLGTLLGTLLAYLILI	2.14268	-1.31834	0.505042	0.328724	984.769
LLLYTLLGTLLGTLLAYLILI	LLLYTLLGTLLGSLLAYLILI	-0.781063	5.58367	0.865998	0.155943	983.694
LLLYTLLGTLLGSLLAYLILI	LLLYTLLGTLLGSLLSYLILI	5.56231	5.29402	0.13458	0.942975	981.348
LLLYTLLGTLLGSLLSYLILI	LLLYTLLGTLLGTLLSYLILI	4.6303	0.9626	0.279255	0.578967	980.071
LLLYTLLGTLLGTLLSYLILI	LLLYTLLGTLLGTLLAYLILI	1.02585	2.06238	0.642213	0.244161	978.717
LLLYTLLGTLLGTLLAYLILI	LLLYTLLGTLLGTLLAWLILI	2.26941	2.08509	0.451187	0.372136	977.285
LLLYTLLGTLLGTLLAWLILI	LLLYTLLGTLLGTLLSWLILI	1.95711	1.37485	0.244161	0.642213	975.768
LLLYTLLGTLLGTLLSWLILI	LLLYTLLGTLLGTLLAWLILI	1.37485	1.29041	0.642213	0.244161	974.162
LLLYTLLGTLLGTLLAWLILI	LLLYTLLGTLLGTLLAYLILI	1.41838	-1.19587	0.372136	0.451187	972.463
LLLYTLLGTLLGTLLAYLILI	LLLYTLLGTLLGTLLSYLILI	-1.4029	1.69255	0.244161	0.642213	970.666
LLLYTLLGTLLGTLLSYLILI	LLLYTLLGTLLGTLLAYLILI	1.69255	-1.4029	0.642213	0.244161	968.764
LLLYTLLGTLLGTLLAYLILI	LLLYTLLGTLLGTLLSYLILI	-1.4029	-1.77273	0.244161	0.642213	966.754
LLLYTLLGTLLGTLLSYLILI	LLLYTLLGILLGTLLSYLILI	-1.63246	3.0773	0.782479	0.183612	964.627
LLLYTLLGILLGTLLSYLILI	LLLYTLLGTLLGTLLSYLILI	3.0773	1.83282	0.183612	0.782479	960.005
LLLYTLLGTLLGTLLSYLILI	LLLYTLLGLLLGTLLSYLILI	1.89948	2.24771	0.849143	0.161118	957.496
LLLYTLLGLLLGTLLSYLILI	LLLYTLLGLLLGTLLAYLILI	2.72881	3.10244	0.642213	0.244161	952.048
LLLYTLLGLLLGTLLAYLILI	LLLYTLLGLLLGTLLATLILI	3.23762	1.96835	0.379341	0.443059	949.095
LLLYTLLGLLLGTLLATLILI	LLLYTLLGLLLGTLLSTLILI	1.76945	1.48009	0.244161	0.642213	945.979
LLLYTLLGLLLGTLLSTLILI	LLLYTLLGFLLGTLLSTLILI	1.35451	1.89723	0.516639	0.320259	939.229
LLLYTLLGFLLGTLLSTLILI	LLLYTLLGYLLGTLLSTLILI	1.70907	2.16815	0.132101	0.952787	935.578
LLLYTLLGYLLGTLLSTLILI	LLLYTLLGYLLGYLLSTLILI	1.54409	4.78865	0.328724	0.505042	931.732
LLLYTLLGYLLGYLLSTLILI	LLLYTLLGWLLGYLLSTLILI	4.87473	4.59671	0.591129	0.272043	927.683
LLLYTLLGWLLGYLLSTLILI	LLLYTLLGWLLGTLLSTLILI	4.70401	2.57355	0.379341	0.443059	923.422
LLLYTLLGWLLGTLLSTLILI	LLLYTLLGTLLGTLLSTLILI	2.40475	-0.269612	0.274265	0.58734	918.939
LLLYTLLGTLLGTLLSTLILI	LLLYTLLGTLLGTLLGTLILI	-0.662803	-0.899237	0.19415	0.754431	914.227
LLLYTLLGTLLGTLLGTLILI	LLLYTLLGTLLGVLLGTLILI	-0.377327	2.5089	1.27634	0.0728516	909.276
LLLYTLLGTLLGVLLGTLILI	LLLYTLLGTLLGTLLGTLILI	2.5089	2.42125	0.0728516	1.27634	904.077
LLLYTLLGTLLGTLLGTLILI	LLLYTLLGTLLGTLLGWLILI	1.73224	2.67116	0.58734	0.274265	898.621
LLLYTLLGTLLGTLLGWLILI	LLLYTLLGTLLGTLLGTLILI	2.67116	2.39895	0.274265	0.58734	892.899
LLLYTLLGTLLGTLLGTLILI	LLLYWLLGTLLGTLLGTLILI	2.39895	2.73519	0.58734	0.274265	886.903
LLLYWLLGTLLGTLLGTLILI	LLLTWLLGTLLGTLLGTLILI	2.63274	3.5767	0.171816	0.816184	880.623
LLLTWLLGTLLGTLLGTLILI	LLLTWLLGTLLGYLLGTLILI	3.5767	5.16226	0.816184	0.171816	874.051
LLLTWLLGTLLGYLLGTLILI	LLLYWLLGTLLGYLLGTLILI	5.4335	4.8819	0.443059	0.379341	867.179
LLLYWLLGTLLGYLLGTLILI	LLLYFLLGTLLGYLLGTLILI	5.39297	4.77072	0.890414	0.148778	859.999
LLLYFLLGTLLGYLLGTLILI	LLLYTLLGTLLGYLLGTLILI	4.74184	4.35698	0.119894	1.0043	852.504
LLLYTLLGTLLGYLLGTLILI	LLLYWLLGTLLGYLLGTLILI	3.83871	5.06979	0.48602	0.343253	844.686
LLLYWLLGTLLGYLLGTLILI	LLLYTLLGTLLGYLLGTLILI	5.06979	3.83871	0.343253	0.48602	836.541
LLLYTLLGTLLGYLLGTLILI	LLLYFLLGTLLGYLLGTLILI	4.35698	4.74184	1.0043	0.119894	828.061
LLLYFLLGTLLGYLLGTLILI	LLLYFLLGTLLGYLLSTLILI	5.37637	3.49757	0.754431	0.19415	819.243
LLLYFLLGTLLGYLLSTLILI	LLLYTLLGTLLGYLLSTLILI	3.42332	2.16413	0.119894	1.0043	810.083
LLLYTLLGTLLGYLLSTLILI	LLLYTLLGTLLGYLLATLILI	1.80205	2.38315	0.642213	0.244161	800.577
LLLYTLLGTLLGYLLATLILI	LLLYTLLGTLLGTLLATLILI	2.44381	0.364773	0.30482	0.538845	790.724
LLLYTLLGTLLGTLLATLILI	LLLYTLLGTLLGTLLSTLILI	0.0700882	-3.01331	0.244161	0.642213	780.523
LLLYTLLGTLLGTLLSTLILI	LLLYTLLGTLLGTLLATLILI	-3.01331	-2.72848	0.642213	0.244161	759.081
LLLYTLLGTLLGTLLATLILI	LLLYYLLGTLLGTLLATLILI	-2.4338	1.03512	0.538845	0.30482	712.142
LLLYYLLGTLLGTLLATLILI	LLLTYLLGTLLGTLLATLILI	1.03512	1.87837	0.30482	0.538845	699.602
LLLTYLLGTLLGTLLATLILI	LLLYYLLGTLLGTLLATLILI	1.87837	1.03512	0.538845	0.30482	686.76
LLLYYLLGTLLGTLLATLILI	LLLTYLLGTLLGTLLATLILI	1.03512	1.87837	0.30482	0.538845	673.628
LLLTYLLGTLLGTLLATLILI	LLLTWLLGTLLGTLLATLILI	1.6071	2.04041	0.267575	0.598868	660.222
LLLTWLLGTLLGTLLATLILI	LLLYWLLGTLLGTLLATLILI	2.25773	1.4942	0.816184	0.171816	646.557
LLLYWLLGTLLGTLLATLILI	LLLYWLLGTLLGTLLSTLILI	1.56654	0.561855	0.244161	0.642213	632.651
LLLYWLLGTLLGTLLSTLILI	LLLYWLLGTLLGTLLSYLILI	0.362701	1.5239	0.443059	0.379341	618.524
LLLYWLLGTLLGTLLSYLILI	LLLYWLLGTLLGTLLAYLILI	1.78677	2.89702	0.642213	0.244161	604.196
LLLYWLLGTLLGTLLAYLILI	LLLYYLLGTLLGTLLAYLILI	2.9249	2.64701	0.272043	0.591129	589.688
LLLYYLLGTLLGTLLAYLILI	LLLYYLLGTLLGTLLSYLILI	2.30004	1.93022	0.244161	0.642213	575.025
LLLYYLLGTLLGTLLSYLILI	LLLYYLLGTLLGTLLAYLILI	1.93022	2.35489	0.642213	0.244161	560.23
LLLYYLLGTLLGTLLAYLILI	LLLYYLLGTLLGTLLSYLILI	2.35489	1.93022	0.244161	0.642213	545.329
LLLYYLLGTLLGTLLSYLILI	LLLYYLLGTLLGTLLSTLILI	1.79305	0.376142	0.505042	0.328724	530.348
LLLYYLLGTLLGTLLSTLILI	LLLTYLLGTLLGTLLSTLILI	0.352238	1.19549	0.30482	0.538845	515.312
LLLTYLLGTLLGTLLSTLILI	LLLTYLLGTLLGYLLSTLILI	1.19549	4.01932	0.538845	0.30482	500.25
LLLTYLLGTLLGYLLSTLILI	LLLTWLLGTLLGYLLSTLILI	4.16568	3.16972	0.451187	0.372136	485.188
LLLTWLLGTLLGYLLSTLILI	LLLYWLLGTLLGYLLSTLILI	3.24064	2.171	0.443059	0.379341	470.152
LLLYWLLGTLLGYLLSTLILI	LLLYTLLGTLLGYLLSTLILI	2.13491	2.31292	0.343253	0.48602	455.171
LLLYTLLGTLLGYLLSTLILI	LLLYWLLGTLLGYLLSTLILI	2.31292	2.27347	0.48602	0.343253	425.475
LLLYWLLGTLLGYLLSTLILI	LLLYWLLGTLLGTLLSTLILI	2.30956	1.08095	0.379341	0.443059	410.812
LLLYWLLGTLLGTLLSTLILI	LLLYTLLGTLLGTLLSTLILI	0.912156	0.397095	0.274265	0.58734	396.304
LLLYTLLGTLLGTLLSTLILI	LLLYTLLGTLLGTLLATLILI	0.451968	0.0700882	0.642213	0.244161	381.976
LLLYTLLGTLLGTLLATLILI	LLLYTLLGTLLGFLLATLILI	0.972758	0.769763	1.14683	0.0921195	367.849
LLLYTLLGTLLGFLLATLILI	LLLYTLLGTLLGTLLATLILI	0.769763	-1.82581	0.0921195	1.14683	353.943
LLLYTLLGTLLGTLLATLILI	LLLYTLLGTLLGTLLSTLILI	-2.72848	-3.01331	0.244161	0.642213	326.872
LLLYTLLGTLLGTLLSTLILI	LLLYTLLGTLLGTLLSFLILI	-2.50869	-1.25473	1.14683	0.0921195	252.655
LLLYTLLGTLLGTLLSFLILI	LLLYTLLGTLLGTLLSTLILI	-1.25473	-2.50869	0.0921195	1.14683	199.923
Time: 237s
