***STARTING GEOMETRY:***
xShift: 8.87224
crossingAngle: -39.9678
axialRotation: 17.1864
zShift: 4.20804

Number of MCCycles: 100
PrevSequence	CurrSequence	PrevEnergy	CurrEnergy	PrevEntropy	CurrEntropy	CurrentTemp
LLLWLLVTLLATLLTTLLILI	LLLWLLGTLLATLLTTLLILI	-13.9333	-15.1789	0.305221	0.53825	999.684
LLLWLLGTLLATLLTTLLILI	LLLWLLGTLLGTLLTTLLILI	-15.5631	-13.4219	0.154044	0.872342	999.328
LLLWLLGTLLGTLLTTLLILI	LLLWLLGTLLATLLTTLLILI	-13.4219	-15.5631	0.872342	0.154044	998.928
LLLWLLGTLLATLLTTLLILI	LLLWLLGTLLATLLSTLLILI	-14.7161	-12.5784	1.001	0.120637	998.476
LLLWLLGTLLATLLSTLLILI	LLLWLLTTLLATLLSTLLILI	-12.594	-11.1566	0.105025	1.07549	997.967
LLLWLLTTLLATLLSTLLILI	LLLWLLGTLLATLLSTLLILI	-11.1566	-12.594	1.07549	0.105025	997.394
LLLWLLGTLLATLLSTLLILI	LLLWLLGVLLATLLSTLLILI	-11.5705	-9.5492	1.12845	0.0952708	996.749
LLLWLLGVLLATLLSTLLILI	LLLWLLGVLLATLLATLLILI	-9.24024	-8.84308	0.404229	0.416521	996.023
LLLWLLGVLLATLLATLLILI	LLLWLLGVLLATLLSTLLILI	-8.84308	-9.24024	0.416521	0.404229	995.205
LLLWLLGVLLATLLSTLLILI	LLLWLLGTLLATLLSTLLILI	-9.5492	-11.5705	0.0952708	1.12845	994.285
LLLWLLGTLLATLLSTLLILI	LLLYLLGTLLATLLSTLLILI	-12.1001	-13.2393	0.598868	0.267575	993.249
LLLYLLGTLLATLLSTLLILI	LLLYLLGTLLAYLLSTLLILI	-13.0638	-12.6553	0.443059	0.379341	992.084
LLLYLLGTLLAYLLSTLLILI	LLLWLLGTLLAYLLSTLLILI	-12.5834	-12.2825	0.451187	0.372136	990.773
LLLWLLGTLLAYLLSTLLILI	LLLWLLGTLLAYLLATLLILI	-12.2504	-11.4598	0.404229	0.416521	989.3
LLLWLLGTLLAYLLATLLILI	LLLYLLGTLLAYLLATLLILI	-11.5042	-11.9265	0.372136	0.451187	987.644
LLLYLLGTLLAYLLATLLILI	LLLYLLGTLLGYLLATLLILI	-12.1015	-9.80357	0.276169	0.584123	985.783
LLLYLLGTLLGYLLATLLILI	LLLYLLGTLLGYLLAVLLILI	-9.45684	-6.16185	0.930859	0.137712	983.694
LLLYLLGTLLGYLLAVLLILI	LLLYLLGTLLAYLLAVLLILI	-5.71544	-7.93538	0.584123	0.276169	981.348
LLLYLLGTLLAYLLAVLLILI	LLLYLLGTLLAYLLSVLLILI	-7.79502	-8.83799	0.416521	0.404229	978.717
LLLYLLGTLLAYLLSVLLILI	LLLWLLGTLLAYLLSVLLILI	-8.79103	-8.50766	0.451187	0.372136	975.768
LLLWLLGTLLAYLLSVLLILI	LLLWLLGTLLATLLSVLLILI	-8.57498	-8.43996	0.30482	0.538845	972.463
LLLWLLGTLLATLLSVLLILI	LLLWLLGTLLATLLAVLLILI	-8.57458	-8.20409	0.404229	0.416521	968.764
LLLWLLGTLLATLLAVLLILI	LLLWLLGFLLATLLAVLLILI	-7.80443	-7.53386	0.816184	0.171816	964.627
LLLWLLGFLLATLLAVLLILI	LLLWLLVFLLATLLAVLLILI	-7.37738	-8.39432	0.3283	0.505614	960.005
LLLWLLVFLLATLLAVLLILI	LLLWLLVFLLATLLATLLILI	-8.65057	-11.9841	0.249358	0.632162	954.846
LLLWLLVFLLATLLATLLILI	LLLWLLGFLLATLLATLLILI	-12.3111	-10.8691	0.305221	0.53825	949.095
LLLWLLGFLLATLLATLLILI	LLLWLLGTLLATLLATLLILI	-11.2875	-11.3129	0.119894	1.0043	942.693
LLLWLLGTLLATLLATLLILI	LLLWLLGTLLATLLSTLLILI	-11.9007	-12.2948	0.416521	0.404229	935.578
LLLWLLGTLLATLLSTLLILI	LLLWLLGFLLATLLSTLLILI	-11.6947	-11.6773	1.0043	0.119894	927.683
LLLWLLGFLLATLLSTLLILI	LLLWLLGFLLATLLATLLILI	-11.3929	-10.9908	0.404229	0.416521	918.939
LLLWLLGFLLATLLATLLILI	LLLWLLVFLLATLLATLLILI	-10.8691	-12.2964	0.53825	0.305221	909.276
LLLWLLVFLLATLLATLLILI	LLLWLLVFLLGTLLATLLILI	-12.1378	-10.239	0.463748	0.36136	898.621
LLLWLLVFLLGTLLATLLILI	LLLWLLVFLLATLLATLLILI	-10.239	-12.1378	0.36136	0.463748	886.903
LLLWLLVFLLATLLATLLILI	LLLWLLVFLLATLLSTLLILI	-12.1851	-12.5871	0.416521	0.404229	874.051
LLLWLLVFLLATLLSTLLILI	LLLWLLVFLLATLLATLLILI	-12.5871	-12.1998	0.404229	0.416521	859.999
LLLWLLVFLLATLLATLLILI	LLLWLLGFLLATLLATLLILI	-12.3111	-10.8691	0.305221	0.53825	844.686
LLLWLLGFLLATLLATLLILI	LLLYLLGFLLATLLATLLILI	-10.8085	-8.67013	0.598868	0.267575	828.061
LLLYLLGFLLATLLATLLILI	LLLYLLVFLLATLLATLLILI	-8.39945	-7.51578	0.53825	0.305221	810.083
LLLYLLVFLLATLLATLLILI	LLLWLLVFLLATLLATLLILI	-7.55342	-12.0027	0.267575	0.598868	790.724
LLLWLLVFLLATLLATLLILI	LLLWLLGFLLATLLATLLILI	-12.2964	-10.8691	0.305221	0.53825	769.974
LLLWLLGFLLATLLATLLILI	LLLWLLGTLLATLLATLLILI	-11.2875	-11.3129	0.119894	1.0043	747.845
LLLWLLGTLLATLLATLLILI	LLLWLLGTLLAYLLATLLILI	-11.6236	-11.6568	0.693609	0.219549	724.369
LLLWLLGTLLAYLLATLLILI	LLLWLLGTLLAYLLSTLLILI	-11.4598	-12.2504	0.416521	0.404229	699.602
LLLWLLGTLLAYLLSTLLILI	LLLWLLGTLLATLLSTLLILI	-12.4351	-12.0054	0.219549	0.693609	673.628
LLLWLLGTLLATLLSTLLILI	LLLYLLGTLLATLLSTLLILI	-12.1001	-13.1762	0.598868	0.267575	646.557
LLLYLLGTLLATLLSTLLILI	LLLWLLGTLLATLLSTLLILI	-13.1762	-12.1001	0.267575	0.598868	618.524
LLLWLLGTLLATLLSTLLILI	LLLYLLGTLLATLLSTLLILI	-12.1001	-13.2393	0.598868	0.267575	589.688
LLLYLLGTLLATLLSTLLILI	LLLWLLGTLLATLLSTLLILI	-13.2393	-12.1001	0.267575	0.598868	560.23
LLLWLLGTLLATLLSTLLILI	LLLYLLGTLLATLLSTLLILI	-12.1001	-13.2393	0.598868	0.267575	530.348
LLLYLLGTLLATLLSTLLILI	LLLYLLGTLLAYLLSTLLILI	-13.0638	-12.9357	0.443059	0.379341	500.25
LLLYLLGTLLAYLLSTLLILI	LLLYLLGTLLATLLSTLLILI	-12.9357	-12.9142	0.379341	0.443059	470.152
LLLYLLGTLLATLLSTLLILI	LLLYLLGTLLATLLATLLILI	-12.953	-12.1422	0.404229	0.416521	440.27
LLLYLLGTLLATLLATLLILI	LLLYLLGTLLAYLLATLLILI	-12.1157	-11.5834	0.443059	0.379341	410.812
LLLYLLGTLLAYLLATLLILI	LLLYLLGTLLAYLLSTLLILI	-11.5463	-12.3368	0.416521	0.404229	381.976
LLLYLLGTLLAYLLSTLLILI	LLLYLLGTLLATLLSTLLILI	-12.3617	-12.4974	0.379341	0.443059	353.943
LLLYLLGTLLATLLSTLLILI	LLLYLLGTLLATLLATLLILI	-12.5363	-12.7161	0.404229	0.416521	326.872
LLLYLLGTLLATLLATLLILI	LLLWLLGTLLATLLATLLILI	-12.8651	-11.7184	0.267575	0.598868	300.898
LLLWLLGTLLATLLATLLILI	LLLWLLGFLLATLLATLLILI	-11.3129	-11.2875	1.0043	0.119894	276.131
LLLWLLGFLLATLLATLLILI	LLLWLLVFLLATLLATLLILI	-10.8691	-12.2964	0.53825	0.305221	252.655
LLLWLLVFLLATLLATLLILI	LLLWLLVFLLATLLSTLLILI	-12.1851	-12.5871	0.416521	0.404229	230.526
LLLWLLVFLLATLLSTLLILI	LLLWLLVFLLATLLATLLILI	-12.5871	-12.1851	0.404229	0.416521	190.417
LLLWLLVFLLATLLATLLILI	LLLWLLVFLLATLLSTLLILI	-12.1851	-12.5871	0.416521	0.404229	126.449
LLLWLLVFLLATLLSTLLILI	LLLWLLVFLLATLLATLLILI	-12.5871	-12.1998	0.404229	0.416521	101.879
LLLWLLVFLLATLLATLLILI	LLLWLLVFLLATLLSTLLILI	-12.1998	-12.6018	0.416521	0.404229	91.2238
Time: 117s
