MCAccept 0 xShift: 8.31562 crossingAngle: -38.547 axialRotation: -30.3417 zShift: 2.28395 energy: -7.74504
MCAccept 1 xShift: 8.30635 crossingAngle: -38.547 axialRotation: -30.3417 zShift: 2.28395 energy: -7.73886
MCAccept 2 xShift: 8.30635 crossingAngle: -38.7264 axialRotation: -30.3417 zShift: 2.28395 energy: -7.73886
MCAccept 3 xShift: 8.30635 crossingAngle: -38.7264 axialRotation: -30.3371 zShift: 2.28395 energy: -7.26519
MCReject   xShift: 8.30635 crossingAngle: -38.5822 axialRotation: -30.3371 zShift: 2.28395 energy: -4.27615
MCAccept 4 xShift: 8.30635 crossingAngle: -38.7264 axialRotation: -30.3371 zShift: 2.28993 energy: -7.27008
MCAccept 5 xShift: 8.30635 crossingAngle: -38.6273 axialRotation: -30.3371 zShift: 2.28993 energy: -7.34261
MCAccept 6 xShift: 8.29405 crossingAngle: -38.6273 axialRotation: -30.3371 zShift: 2.28993 energy: -7.61898
MCReject   xShift: 8.28305 crossingAngle: -38.6273 axialRotation: -30.3371 zShift: 2.28993 energy: -7.34261
MCAccept 7 xShift: 8.29405 crossingAngle: -38.8494 axialRotation: -30.3371 zShift: 2.28993 energy: -7.34261
MCAccept 8 xShift: 8.29405 crossingAngle: -38.8494 axialRotation: -30.3371 zShift: 2.27651 energy: -7.74347
MCAccept 9 xShift: 8.30474 crossingAngle: -38.8494 axialRotation: -30.3371 zShift: 2.27651 energy: -7.74347
MCAccept 10 xShift: 8.30474 crossingAngle: -38.8494 axialRotation: -30.3371 zShift: 2.27554 energy: -7.75016
MCReject   xShift: 8.30474 crossingAngle: -38.7517 axialRotation: -30.3371 zShift: 2.27554 energy: -7.32353
MCAccept 11 xShift: 8.30353 crossingAngle: -38.8494 axialRotation: -30.3371 zShift: 2.27554 energy: -7.74403
MCAccept 12 xShift: 8.30353 crossingAngle: -38.97 axialRotation: -30.3371 zShift: 2.27554 energy: -7.74403
MCAccept 13 xShift: 8.30869 crossingAngle: -38.97 axialRotation: -30.3371 zShift: 2.27554 energy: -7.74403
MCAccept 14 xShift: 8.30869 crossingAngle: -38.97 axialRotation: -30.3371 zShift: 2.28128 energy: -7.74057
MCReject   xShift: 8.30869 crossingAngle: -38.97 axialRotation: -30.3371 zShift: 2.28038 energy: -4.3343
MCAccept 15 xShift: 8.30869 crossingAngle: -38.97 axialRotation: -30.3371 zShift: 2.27599 energy: -7.74991
MCReject   xShift: 8.30869 crossingAngle: -38.97 axialRotation: -30.3371 zShift: 2.28467 energy: -4.27614
MCReject   xShift: 8.3259 crossingAngle: -38.97 axialRotation: -30.3371 zShift: 2.27599 energy: -7.25799
MCReject   xShift: 8.30869 crossingAngle: -38.97 axialRotation: -30.3371 zShift: 2.28854 energy: -7.213
MCAccept 16 xShift: 8.30332 crossingAngle: -38.97 axialRotation: -30.3371 zShift: 2.27599 energy: -7.74991
MCAccept 17 xShift: 8.30332 crossingAngle: -38.9895 axialRotation: -30.3371 zShift: 2.27599 energy: -7.33011
MCAccept 18 xShift: 8.32158 crossingAngle: -38.9895 axialRotation: -30.3371 zShift: 2.27599 energy: -7.74991
MCAccept 19 xShift: 8.31628 crossingAngle: -38.9895 axialRotation: -30.3371 zShift: 2.27599 energy: -7.74377
MCReject   xShift: 8.30854 crossingAngle: -38.9895 axialRotation: -30.3371 zShift: 2.27599 energy: -7.33011
MCReject   xShift: 8.31628 crossingAngle: -38.9895 axialRotation: -30.3371 zShift: 2.28285 energy: -4.27617
MCReject   xShift: 8.31628 crossingAngle: -38.9895 axialRotation: -30.3371 zShift: 2.28785 energy: -4.33433
MCAccept 20 xShift: 8.31628 crossingAngle: -38.9895 axialRotation: -30.3439 zShift: 2.27599 energy: -7.74991
MCAccept 21 xShift: 8.31896 crossingAngle: -38.9895 axialRotation: -30.3439 zShift: 2.27599 energy: -7.74377
MCAccept 22 xShift: 8.31896 crossingAngle: -38.9895 axialRotation: -30.3439 zShift: 2.28579 energy: -7.74383
MCReject   xShift: 8.31896 crossingAngle: -38.9895 axialRotation: -30.3407 zShift: 2.28579 energy: -7.33295
MCReject   xShift: 8.32412 crossingAngle: -38.9895 axialRotation: -30.3439 zShift: 2.28579 energy: -7.49712
MCReject   xShift: 8.31896 crossingAngle: -38.9895 axialRotation: -30.3439 zShift: 2.27826 energy: -7.26012
MCAccept 23 xShift: 8.31896 crossingAngle: -38.9895 axialRotation: -30.2232 zShift: 2.28579 energy: -7.73764
MCAccept 24 xShift: 8.34389 crossingAngle: -38.9895 axialRotation: -30.2232 zShift: 2.28579 energy: -7.74383
MCReject   xShift: 8.34613 crossingAngle: -38.9895 axialRotation: -30.2232 zShift: 2.28579 energy: -7.33295
MCAccept 25 xShift: 8.32251 crossingAngle: -38.9895 axialRotation: -30.2232 zShift: 2.28579 energy: -7.74383
MCReject   xShift: 8.32251 crossingAngle: -38.9895 axialRotation: -30.2636 zShift: 2.28579 energy: -7.26674
MCAccept 26 xShift: 8.32251 crossingAngle: -38.9895 axialRotation: -30.2232 zShift: 2.27363 energy: -7.75123
MCAccept 27 xShift: 8.29368 crossingAngle: -38.9895 axialRotation: -30.2232 zShift: 2.27363 energy: -7.75123
MCAccept 28 xShift: 8.29368 crossingAngle: -38.9895 axialRotation: -30.064 zShift: 2.27363 energy: -7.75123
MCReject   xShift: 8.29368 crossingAngle: -38.9895 axialRotation: -30.064 zShift: 2.26469 energy: -7.62545
MCReject   xShift: 8.29368 crossingAngle: -38.9853 axialRotation: -30.064 zShift: 2.27363 energy: -7.32775
MCAccept 29 xShift: 8.29243 crossingAngle: -38.9895 axialRotation: -30.064 zShift: 2.27363 energy: -7.74512
MCReject   xShift: 8.29243 crossingAngle: -38.9895 axialRotation: -29.9409 zShift: 2.27363 energy: -7.25571
MCAccept 30 xShift: 8.29243 crossingAngle: -38.9895 axialRotation: -30.0394 zShift: 2.27363 energy: -7.61792
MCAccept 31 xShift: 8.29243 crossingAngle: -38.9895 axialRotation: -30.0409 zShift: 2.27363 energy: -7.62404
MCAccept 32 xShift: 8.29631 crossingAngle: -38.9895 axialRotation: -30.0409 zShift: 2.27363 energy: -7.32775
MCAccept 33 xShift: 8.29631 crossingAngle: -39.0853 axialRotation: -30.0409 zShift: 2.27363 energy: -7.75123
MCReject   xShift: 8.2981 crossingAngle: -39.0853 axialRotation: -30.0409 zShift: 2.27363 energy: -7.32164
MCAccept 34 xShift: 8.29631 crossingAngle: -38.9769 axialRotation: -30.0409 zShift: 2.27363 energy: -7.75123
MCAccept 35 xShift: 8.29631 crossingAngle: -38.9769 axialRotation: -29.8768 zShift: 2.27363 energy: -7.74512
MCReject   xShift: 8.29631 crossingAngle: -38.9769 axialRotation: -29.7093 zShift: 2.27363 energy: -7.32164
MCAccept 36 xShift: 8.29631 crossingAngle: -39.0418 axialRotation: -29.8768 zShift: 2.27363 energy: -7.75123
MCAccept 37 xShift: 8.29631 crossingAngle: -39.0418 axialRotation: -29.8768 zShift: 2.28065 energy: -7.74097
MCAccept 38 xShift: 8.28467 crossingAngle: -39.0418 axialRotation: -29.8768 zShift: 2.28065 energy: -7.74097
MCAccept 39 xShift: 8.28467 crossingAngle: -39.0418 axialRotation: -29.8768 zShift: 2.28721 energy: -7.73668
MCReject   xShift: 8.28467 crossingAngle: -39.0019 axialRotation: -29.8768 zShift: 2.28721 energy: -7.34036
MCReject   xShift: 8.28467 crossingAngle: -39.0418 axialRotation: -29.8768 zShift: 2.27953 energy: -7.62256
MCReject   xShift: 8.28467 crossingAngle: -38.8347 axialRotation: -29.8768 zShift: 2.28721 energy: -7.33415
MCAccept 40 xShift: 8.29987 crossingAngle: -39.0418 axialRotation: -29.8768 zShift: 2.28721 energy: -7.73668
MCReject   xShift: 8.29579 crossingAngle: -39.0418 axialRotation: -29.8768 zShift: 2.28721 energy: -4.26983
MCReject   xShift: 8.30578 crossingAngle: -39.0418 axialRotation: -29.8768 zShift: 2.28721 energy: -7.27412
MCAccept 41 xShift: 8.29987 crossingAngle: -39.0364 axialRotation: -29.8768 zShift: 2.28721 energy: -7.61373
MCAccept 42 xShift: 8.29987 crossingAngle: -39.0364 axialRotation: -30.0143 zShift: 2.28721 energy: -7.74288
MCAccept 43 xShift: 8.29987 crossingAngle: -39.0364 axialRotation: -30.0143 zShift: 2.27291 energy: -7.75163
MCReject   xShift: 8.30286 crossingAngle: -39.0364 axialRotation: -30.0143 zShift: 2.27291 energy: -7.32702
MCAccept 44 xShift: 8.29987 crossingAngle: -39.1109 axialRotation: -30.0143 zShift: 2.27291 energy: -7.75163
MCAccept 45 xShift: 8.29987 crossingAngle: -39.1285 axialRotation: -30.0143 zShift: 2.27291 energy: -7.74552
MCReject   xShift: 8.32191 crossingAngle: -39.1285 axialRotation: -30.0143 zShift: 2.27291 energy: -7.25499
MCReject   xShift: 8.29987 crossingAngle: -39.1285 axialRotation: -29.9686 zShift: 2.27291 energy: -7.32702
MCReject   xShift: 8.29987 crossingAngle: -39.1285 axialRotation: -30.0423 zShift: 2.27291 energy: -7.32702
MCReject   xShift: 8.30889 crossingAngle: -39.1285 axialRotation: -30.0143 zShift: 2.27291 energy: -7.62393
MCReject   xShift: 8.29987 crossingAngle: -39.008 axialRotation: -30.0143 zShift: 2.27291 energy: -7.3209
MCReject   xShift: 8.29987 crossingAngle: -39.1285 axialRotation: -30.2796 zShift: 2.27291 energy: -7.32702
MCReject   xShift: 8.29987 crossingAngle: -39.1285 axialRotation: -29.9217 zShift: 2.27291 energy: -7.49638
MCReject   xShift: 8.29886 crossingAngle: -39.1285 axialRotation: -30.0143 zShift: 2.27291 energy: -7.3209
MCReject   xShift: 8.29987 crossingAngle: -39.1285 axialRotation: -30.0143 zShift: 2.26132 energy: -7.30828
MCReject   xShift: 8.29987 crossingAngle: -39.1285 axialRotation: -30.1108 zShift: 2.27291 energy: -7.3209
MCReject   xShift: 8.29757 crossingAngle: -39.1285 axialRotation: -30.0143 zShift: 2.27291 energy: -7.61782
MCReject   xShift: 8.29987 crossingAngle: -39.1285 axialRotation: -29.9641 zShift: 2.27291 energy: -7.12728
MCAccept 46 xShift: 8.29987 crossingAngle: -39.1285 axialRotation: -30.0143 zShift: 2.26067 energy: -7.75762
MCAccept 47 xShift: 8.29987 crossingAngle: -39.1285 axialRotation: -30.0143 zShift: 2.26344 energy: -7.75639
MCReject   xShift: 8.29987 crossingAngle: -39.1285 axialRotation: -29.981 zShift: 2.26344 energy: -7.25108
MCReject   xShift: 8.29563 crossingAngle: -39.1285 axialRotation: -30.0143 zShift: 2.26344 energy: -4.32602
MCReject   xShift: 8.29526 crossingAngle: -39.1285 axialRotation: -30.0143 zShift: 2.26344 energy: -7.61958
MCReject   xShift: 8.29987 crossingAngle: -39.1285 axialRotation: -30.0143 zShift: 2.26901 energy: -7.32294
MCAccept 48 xShift: 8.29987 crossingAngle: -39.1285 axialRotation: -30.0143 zShift: 2.24438 energy: -7.76342
MCAccept 49 xShift: 8.29987 crossingAngle: -39.1285 axialRotation: -30.0143 zShift: 2.23839 energy: -7.75903
MCAccept 50 xShift: 8.29987 crossingAngle: -39.1285 axialRotation: -30.0143 zShift: 2.21824 energy: -7.76747
MCReject   xShift: 8.29987 crossingAngle: -39.1285 axialRotation: -30.1007 zShift: 2.21824 energy: -7.24612
MCReject   xShift: 8.29987 crossingAngle: -39.1285 axialRotation: -30.0143 zShift: 2.21289 energy: -7.23667
MCReject   xShift: 8.2931 crossingAngle: -39.1285 axialRotation: -30.0143 zShift: 2.21824 energy: -4.30508
MCAccept 51 xShift: 8.29987 crossingAngle: -38.977 axialRotation: -30.0143 zShift: 2.21824 energy: -7.7617
MCAccept 52 xShift: 8.30173 crossingAngle: -38.977 axialRotation: -30.0143 zShift: 2.21824 energy: -7.76747
MCAccept 53 xShift: 8.30173 crossingAngle: -38.977 axialRotation: -29.9647 zShift: 2.21824 energy: -7.7617
MCReject   xShift: 8.30173 crossingAngle: -38.977 axialRotation: -29.9647 zShift: 2.21133 energy: -7.23958
MCAccept 54 xShift: 8.30173 crossingAngle: -38.9429 axialRotation: -29.9647 zShift: 2.21824 energy: -7.7617
MCAccept 55 xShift: 8.30173 crossingAngle: -38.9429 axialRotation: -29.9676 zShift: 2.21824 energy: -7.76747
MCReject   xShift: 8.30173 crossingAngle: -38.9429 axialRotation: -29.9676 zShift: 2.2029 energy: -7.15937
MCAccept 56 xShift: 8.29578 crossingAngle: -38.9429 axialRotation: -29.9676 zShift: 2.21824 energy: -7.7617
MCReject   xShift: 8.29578 crossingAngle: -38.9429 axialRotation: -29.9676 zShift: 2.21526 energy: -7.18207
MCReject   xShift: 8.29578 crossingAngle: -38.9429 axialRotation: -30.0449 zShift: 2.21824 energy: -7.24612
MCAccept 57 xShift: 8.29578 crossingAngle: -38.9429 axialRotation: -29.9676 zShift: 2.21913 energy: -7.76167
MCReject   xShift: 8.29578 crossingAngle: -38.9429 axialRotation: -29.9607 zShift: 2.21913 energy: -4.30571
MCReject   xShift: 8.29578 crossingAngle: -38.9429 axialRotation: -29.9676 zShift: 2.19765 energy: -7.1491
MCReject   xShift: 8.29578 crossingAngle: -39.0549 axialRotation: -29.9676 zShift: 2.21913 energy: -7.18298
MCAccept 58 xShift: 8.29881 crossingAngle: -38.9429 axialRotation: -29.9676 zShift: 2.21913 energy: -7.76167
MCReject   xShift: 8.29881 crossingAngle: -39.0359 axialRotation: -29.9676 zShift: 2.21913 energy: -7.18875
MCReject   xShift: 8.29881 crossingAngle: -38.9429 axialRotation: -30.0506 zShift: 2.21913 energy: -7.18298
MCReject   xShift: 8.29881 crossingAngle: -38.9529 axialRotation: -29.9676 zShift: 2.21913 energy: -7.24765
MCReject   xShift: 8.29881 crossingAngle: -38.9429 axialRotation: -30.0621 zShift: 2.21913 energy: -7.18875
MCAccept 59 xShift: 8.29881 crossingAngle: -38.9429 axialRotation: -29.9874 zShift: 2.21913 energy: -7.76744
MCReject   xShift: 8.29881 crossingAngle: -38.9429 axialRotation: -29.9874 zShift: 2.21567 energy: -7.24163
MCReject   xShift: 8.29881 crossingAngle: -38.9669 axialRotation: -29.9874 zShift: 2.21913 energy: -7.24765
MCAccept 60 xShift: 8.30503 crossingAngle: -38.9429 axialRotation: -29.9874 zShift: 2.21913 energy: -7.76167
MCReject   xShift: 8.30503 crossingAngle: -38.9429 axialRotation: -29.9874 zShift: 2.2212 energy: -7.19223
MCAccept 61 xShift: 8.30503 crossingAngle: -38.9429 axialRotation: -29.9874 zShift: 2.22158 energy: -7.76732
MCReject   xShift: 8.30503 crossingAngle: -38.9429 axialRotation: -30.0224 zShift: 2.22158 energy: -7.76153
MCAccept 62 xShift: 8.30503 crossingAngle: -38.9429 axialRotation: -29.8758 zShift: 2.22158 energy: -7.76732
MCAccept 63 xShift: 8.30503 crossingAngle: -38.9429 axialRotation: -29.7245 zShift: 2.22158 energy: -7.76732
MCReject   xShift: 8.29654 crossingAngle: -38.9429 axialRotation: -29.7245 zShift: 2.22158 energy: -7.76153
MCReject   xShift: 8.30503 crossingAngle: -38.9429 axialRotation: -29.7245 zShift: 2.23336 energy: -7.27072
MCReject   xShift: 8.28827 crossingAngle: -38.9429 axialRotation: -29.7245 zShift: 2.22158 energy: -7.18709
MCReject   xShift: 8.31499 crossingAngle: -38.9429 axialRotation: -29.7245 zShift: 2.22158 energy: -7.2576
MCAccept 64 xShift: 8.30503 crossingAngle: -39.0476 axialRotation: -29.7245 zShift: 2.22158 energy: -7.76153
MCReject   xShift: 8.30503 crossingAngle: -39.0896 axialRotation: -29.7245 zShift: 2.22158 energy: -7.25181
MCAccept 65 xShift: 8.30126 crossingAngle: -39.0476 axialRotation: -29.7245 zShift: 2.22158 energy: -7.76153
MCAccept 66 xShift: 8.31232 crossingAngle: -39.0476 axialRotation: -29.7245 zShift: 2.22158 energy: -7.76153
MCReject   xShift: 8.31232 crossingAngle: -39.0476 axialRotation: -29.7245 zShift: 2.22323 energy: -7.18981
MCAccept 67 xShift: 8.31232 crossingAngle: -39.0476 axialRotation: -29.7245 zShift: 2.20424 energy: -7.76692
MCReject   xShift: 8.31232 crossingAngle: -39.0476 axialRotation: -29.7245 zShift: 2.21196 energy: -7.23499
MCAccept 68 xShift: 8.31232 crossingAngle: -39.0476 axialRotation: -29.7245 zShift: 2.19273 energy: -7.76503
MCReject   xShift: 8.31232 crossingAngle: -39.0476 axialRotation: -29.7245 zShift: 2.17708 energy: -6.96971
MCAccept 69 xShift: 8.31232 crossingAngle: -39.0476 axialRotation: -29.7245 zShift: 2.18397 energy: -7.75715
MCReject   xShift: 8.31232 crossingAngle: -39.0476 axialRotation: -29.8348 zShift: 2.18397 energy: -7.12051
MCReject   xShift: 8.31232 crossingAngle: -39.0476 axialRotation: -29.7245 zShift: 2.17481 energy: -7.09439
MCReject   xShift: 8.30441 crossingAngle: -39.0476 axialRotation: -29.7245 zShift: 2.18397 energy: -7.17882
MCReject   xShift: 8.31232 crossingAngle: -39.0476 axialRotation: -29.7245 zShift: 2.16473 energy: -7.13918
MCReject   xShift: 8.31232 crossingAngle: -39.0476 axialRotation: -29.6987 zShift: 2.18397 energy: -7.12051
MCReject   xShift: 8.3311 crossingAngle: -39.0476 axialRotation: -29.7245 zShift: 2.18397 energy: -7.6202
MCReject   xShift: 8.31232 crossingAngle: -39.0476 axialRotation: -29.8014 zShift: 2.18397 energy: -7.18437
MCAccept 70 xShift: 8.31232 crossingAngle: -39.0476 axialRotation: -29.9381 zShift: 2.18397 energy: -7.75715
MCReject   xShift: 8.31232 crossingAngle: -39.0476 axialRotation: -29.9381 zShift: 2.19178 energy: -7.2012
MCReject   xShift: 8.31232 crossingAngle: -39.0476 axialRotation: -29.9381 zShift: 2.19031 energy: -7.19808
MCReject   xShift: 8.31232 crossingAngle: -39.0012 axialRotation: -29.9381 zShift: 2.18397 energy: -7.17882
MCReject   xShift: 8.31232 crossingAngle: -39.0476 axialRotation: -29.881 zShift: 2.18397 energy: -7.17882
MCAccept 71 xShift: 8.32905 crossingAngle: -39.0476 axialRotation: -29.9381 zShift: 2.18397 energy: -7.7627
MCReject   xShift: 8.32017 crossingAngle: -39.0476 axialRotation: -29.9381 zShift: 2.18397 energy: -7.18437
MCReject   xShift: 8.32905 crossingAngle: -39.0476 axialRotation: -29.9381 zShift: 2.18491 energy: -7.18642
MCReject   xShift: 8.32905 crossingAngle: -38.7905 axialRotation: -29.9381 zShift: 2.18397 energy: -7.75715
MCReject   xShift: 8.32905 crossingAngle: -38.9333 axialRotation: -29.9381 zShift: 2.18397 energy: -7.12051
MCAccept 72 xShift: 8.32905 crossingAngle: -39.0476 axialRotation: -30.1011 zShift: 2.18397 energy: -7.7627
MCAccept 73 xShift: 8.32905 crossingAngle: -38.9276 axialRotation: -30.1011 zShift: 2.18397 energy: -7.7627
MCReject   xShift: 8.33355 crossingAngle: -38.9276 axialRotation: -30.1011 zShift: 2.18397 energy: -7.11496
MCReject   xShift: 8.32905 crossingAngle: -38.9369 axialRotation: -30.1011 zShift: 2.18397 energy: -7.18437
MCReject   xShift: 8.32905 crossingAngle: -38.806 axialRotation: -30.1011 zShift: 2.18397 energy: -7.18437
MCReject   xShift: 8.32469 crossingAngle: -38.9276 axialRotation: -30.1011 zShift: 2.18397 energy: -7.11496
MCReject   xShift: 8.32905 crossingAngle: -38.8407 axialRotation: -30.1011 zShift: 2.18397 energy: -4.27929
MCReject   xShift: 8.32905 crossingAngle: -38.7617 axialRotation: -30.1011 zShift: 2.18397 energy: -7.18437
MCReject   xShift: 8.31261 crossingAngle: -38.9276 axialRotation: -30.1011 zShift: 2.18397 energy: -7.18437
MCReject   xShift: 8.32905 crossingAngle: -38.9276 axialRotation: -30.1011 zShift: 2.16766 energy: -7.00788
MCReject   xShift: 8.32905 crossingAngle: -39.0323 axialRotation: -30.1011 zShift: 2.18397 energy: -7.18437
MCReject   xShift: 8.32905 crossingAngle: -38.9276 axialRotation: -30.0427 zShift: 2.18397 energy: -6.91332
MCReject   xShift: 8.32905 crossingAngle: -38.9276 axialRotation: -30.1289 zShift: 2.18397 energy: -7.17882
MCReject   xShift: 8.32905 crossingAngle: -38.9654 axialRotation: -30.1011 zShift: 2.18397 energy: -7.12051
MCAccept 74 xShift: 8.32905 crossingAngle: -38.9276 axialRotation: -30.1011 zShift: 2.18725 energy: -7.75809
MCReject   xShift: 8.32905 crossingAngle: -38.9276 axialRotation: -30.1011 zShift: 2.19728 energy: -7.2069
MCReject   xShift: 8.32905 crossingAngle: -38.9276 axialRotation: -29.8773 zShift: 2.18725 energy: -4.28291
MCReject   xShift: 8.32905 crossingAngle: -38.8321 axialRotation: -30.1011 zShift: 2.18725 energy: -7.12761
MCAccept 75 xShift: 8.32905 crossingAngle: -38.9276 axialRotation: -30.0754 zShift: 2.18725 energy: -7.76366
MCReject   xShift: 8.32905 crossingAngle: -38.9276 axialRotation: -30.0754 zShift: 2.17467 energy: -7.16319
MCReject   xShift: 8.32905 crossingAngle: -38.9276 axialRotation: -30.226 zShift: 2.18725 energy: -4.27733
MCReject   xShift: 8.32905 crossingAngle: -38.9276 axialRotation: -30.0754 zShift: 2.18922 energy: -7.19577
MCAccept 76 xShift: 8.32905 crossingAngle: -38.9276 axialRotation: -29.9572 zShift: 2.18725 energy: -7.76366
MCReject   xShift: 8.32905 crossingAngle: -38.9276 axialRotation: -29.9572 zShift: 2.18401 energy: -7.62605
MCReject   xShift: 8.32905 crossingAngle: -38.7978 axialRotation: -29.9572 zShift: 2.18725 energy: -7.19154
MCReject   xShift: 8.32905 crossingAngle: -38.9276 axialRotation: -29.9572 zShift: 2.19129 energy: -7.19456
MCReject   xShift: 8.32905 crossingAngle: -38.9539 axialRotation: -29.9572 zShift: 2.18725 energy: -7.12761
MCReject   xShift: 8.33726 crossingAngle: -38.9276 axialRotation: -29.9572 zShift: 2.18725 energy: -7.19154
MCAccept 77 xShift: 8.32905 crossingAngle: -39.0662 axialRotation: -29.9572 zShift: 2.18725 energy: -7.76366
MCReject   xShift: 8.32905 crossingAngle: -39.0662 axialRotation: -30.0431 zShift: 2.18725 energy: -6.85013
MCReject   xShift: 8.33573 crossingAngle: -39.0662 axialRotation: -29.9572 zShift: 2.18725 energy: -7.75809
MCReject   xShift: 8.32905 crossingAngle: -39.0662 axialRotation: -29.9207 zShift: 2.18725 energy: -7.19154
MCReject   xShift: 8.32905 crossingAngle: -39.0662 axialRotation: -30.1856 zShift: 2.18725 energy: -7.19154
MCAccept 78 xShift: 8.33465 crossingAngle: -39.0662 axialRotation: -29.9572 zShift: 2.18725 energy: -7.76366
MCReject   xShift: 8.33465 crossingAngle: -39.0662 axialRotation: -29.9572 zShift: 2.18858 energy: -4.28434
MCAccept 79 xShift: 8.34301 crossingAngle: -39.0662 axialRotation: -29.9572 zShift: 2.18725 energy: -7.75809
MCReject   xShift: 8.34301 crossingAngle: -39.0662 axialRotation: -29.9193 zShift: 2.18725 energy: -7.19154
MCReject   xShift: 8.34301 crossingAngle: -39.0662 axialRotation: -29.9572 zShift: 2.17571 energy: -7.16012
MCAccept 80 xShift: 8.33232 crossingAngle: -39.0662 axialRotation: -29.9572 zShift: 2.18725 energy: -7.76366
MCAccept 81 xShift: 8.33232 crossingAngle: -39.0662 axialRotation: -29.9336 zShift: 2.18725 energy: -7.76366
MCAccept 82 xShift: 8.33232 crossingAngle: -39.0662 axialRotation: -29.9271 zShift: 2.18725 energy: -7.76366
MCReject   xShift: 8.33232 crossingAngle: -39.0662 axialRotation: -29.9989 zShift: 2.18725 energy: -7.12761
MCReject   xShift: 8.33232 crossingAngle: -39.0662 axialRotation: -29.9271 zShift: 2.18235 energy: -7.75664
MCReject   xShift: 8.33232 crossingAngle: -39.0662 axialRotation: -29.9271 zShift: 2.19797 energy: -7.21392
MCReject   xShift: 8.33232 crossingAngle: -39.0662 axialRotation: -29.9546 zShift: 2.18725 energy: -7.12761
MCReject   xShift: 8.33232 crossingAngle: -39.1863 axialRotation: -29.9271 zShift: 2.18725 energy: -6.98531
MCAccept 83 xShift: 8.33232 crossingAngle: -39.1742 axialRotation: -29.9271 zShift: 2.18725 energy: -7.76366
MCAccept 84 xShift: 8.33232 crossingAngle: -39.1742 axialRotation: -29.9158 zShift: 2.18725 energy: -7.75809
MCAccept 85 xShift: 8.33232 crossingAngle: -39.1742 axialRotation: -29.9158 zShift: 2.18736 energy: -7.75812
MCReject   xShift: 8.33232 crossingAngle: -39.1742 axialRotation: -29.9158 zShift: 2.18342 energy: -7.18313
MCAccept 86 xShift: 8.33232 crossingAngle: -39.266 axialRotation: -29.9158 zShift: 2.18736 energy: -7.75812
MCAccept 87 xShift: 8.33232 crossingAngle: -39.266 axialRotation: -29.9004 zShift: 2.18736 energy: -7.76369
MCReject   xShift: 8.33232 crossingAngle: -39.266 axialRotation: -29.8292 zShift: 2.18736 energy: -7.19177
MCReject   xShift: 8.33232 crossingAngle: -39.112 axialRotation: -29.9004 zShift: 2.18736 energy: -7.75812
MCReject   xShift: 8.34462 crossingAngle: -39.266 axialRotation: -29.9004 zShift: 2.18736 energy: -7.75812
MCReject   xShift: 8.33964 crossingAngle: -39.266 axialRotation: -29.9004 zShift: 2.18736 energy: -7.19177
MCReject   xShift: 8.34232 crossingAngle: -39.266 axialRotation: -29.9004 zShift: 2.18736 energy: -7.12227
MCReject   xShift: 8.32842 crossingAngle: -39.266 axialRotation: -29.9004 zShift: 2.18736 energy: -7.75812
MCAccept 88 xShift: 8.31524 crossingAngle: -39.266 axialRotation: -29.9004 zShift: 2.18736 energy: -7.76369
MCAccept 89 xShift: 8.31524 crossingAngle: -39.4084 axialRotation: -29.9004 zShift: 2.18736 energy: -7.76369
MCReject   xShift: 8.31524 crossingAngle: -39.2671 axialRotation: -29.9004 zShift: 2.18736 energy: -7.12784
MCReject   xShift: 8.31524 crossingAngle: -39.4084 axialRotation: -29.9004 zShift: 2.17637 energy: -7.16715
MCReject   xShift: 8.31524 crossingAngle: -39.5317 axialRotation: -29.9004 zShift: 2.18736 energy: -7.12784
MCAccept 90 xShift: 8.31524 crossingAngle: -39.2049 axialRotation: -29.9004 zShift: 2.18736 energy: -7.76369
MCAccept 91 xShift: 8.31524 crossingAngle: -39.2049 axialRotation: -29.9602 zShift: 2.18736 energy: -7.76369
MCAccept 92 xShift: 8.30233 crossingAngle: -39.2049 axialRotation: -29.9602 zShift: 2.18736 energy: -7.76369
MCReject   xShift: 8.30171 crossingAngle: -39.2049 axialRotation: -29.9602 zShift: 2.18736 energy: -7.75812
MCAccept 93 xShift: 8.30233 crossingAngle: -39.0416 axialRotation: -29.9602 zShift: 2.18736 energy: -7.76369
Energy #2: -7.76369
***GEOMETRY SHIFT***
xShift;        Before: 8.33974; After: 8.30233
crossingAngle; Before: -38.547; After: -39.0416
axialRotation; Before: -30.3417; After: -29.9602
zShift;        Before: 2.28395; After: 2.18736
Energy;        Before: 635.384; After: -7.76369

Completed all cycles. Accepted 94/223
Monte Carlo repack complete. Time: 45.3667min

