MCAccept 0 xShift: 8.30387 crossingAngle: -39.3011 axialRotation: -30.4451 zShift: 2.31961 energy: -9.08064
MCAccept 1 xShift: 8.30931 crossingAngle: -39.3011 axialRotation: -30.4451 zShift: 2.31961 energy: -9.08706
MCAccept 2 xShift: 8.30931 crossingAngle: -39.3011 axialRotation: -30.3683 zShift: 2.31961 energy: -9.02529
MCAccept 3 xShift: 8.30931 crossingAngle: -39.2571 axialRotation: -30.3683 zShift: 2.31961 energy: -8.98043
MCAccept 4 xShift: 8.29418 crossingAngle: -39.2571 axialRotation: -30.3683 zShift: 2.31961 energy: -9.08064
MCAccept 5 xShift: 8.29418 crossingAngle: -39.2571 axialRotation: -30.3683 zShift: 2.30752 energy: -8.94766
MCAccept 6 xShift: 8.29418 crossingAngle: -39.3521 axialRotation: -30.3683 zShift: 2.30752 energy: -8.84007
MCAccept 7 xShift: 8.30321 crossingAngle: -39.3521 axialRotation: -30.3683 zShift: 2.30752 energy: -9.00925
MCAccept 8 xShift: 8.30321 crossingAngle: -39.3521 axialRotation: -30.3683 zShift: 2.31059 energy: -9.02276
MCReject   xShift: 8.30321 crossingAngle: -39.3487 axialRotation: -30.3683 zShift: 2.31059 energy: -8.96749
MCAccept 9 xShift: 8.30321 crossingAngle: -39.3899 axialRotation: -30.3683 zShift: 2.31059 energy: -8.92576
MCAccept 10 xShift: 8.30321 crossingAngle: -39.3899 axialRotation: -30.4215 zShift: 2.31059 energy: -8.86508
MCAccept 11 xShift: 8.30321 crossingAngle: -39.2555 axialRotation: -30.4215 zShift: 2.31059 energy: -9.02912
MCAccept 12 xShift: 8.30321 crossingAngle: -39.2555 axialRotation: -30.4389 zShift: 2.31059 energy: -9.02276
MCAccept 13 xShift: 8.30321 crossingAngle: -39.2555 axialRotation: -30.6221 zShift: 2.31059 energy: -8.96113
MCReject   xShift: 8.30321 crossingAngle: -39.2555 axialRotation: -30.7041 zShift: 2.31059 energy: -8.85872
MCAccept 14 xShift: 8.30321 crossingAngle: -39.2555 axialRotation: -30.5868 zShift: 2.31059 energy: -9.02276
MCAccept 15 xShift: 8.30321 crossingAngle: -39.0623 axialRotation: -30.5868 zShift: 2.31059 energy: -9.02276
MCAccept 16 xShift: 8.32628 crossingAngle: -39.0623 axialRotation: -30.5868 zShift: 2.31059 energy: -9.02276
MCAccept 17 xShift: 8.32628 crossingAngle: -39.0623 axialRotation: -30.5108 zShift: 2.31059 energy: -8.96113
MCAccept 18 xShift: 8.32563 crossingAngle: -39.0623 axialRotation: -30.5108 zShift: 2.31059 energy: -8.96749
MCAccept 19 xShift: 8.32563 crossingAngle: -39.0623 axialRotation: -30.5108 zShift: 2.30507 energy: -8.99324
MCAccept 20 xShift: 8.32563 crossingAngle: -39.0623 axialRotation: -30.4527 zShift: 2.30507 energy: -8.99324
MCReject   xShift: 8.32563 crossingAngle: -39.0471 axialRotation: -30.4527 zShift: 2.30507 energy: -8.93169
MCAccept 21 xShift: 8.32563 crossingAngle: -38.9622 axialRotation: -30.4527 zShift: 2.30507 energy: -8.93169
MCAccept 22 xShift: 8.3309 crossingAngle: -38.9622 axialRotation: -30.4527 zShift: 2.30507 energy: -8.93169
MCAccept 23 xShift: 8.3309 crossingAngle: -38.9344 axialRotation: -30.4527 zShift: 2.30507 energy: -8.98692
MCAccept 24 xShift: 8.3309 crossingAngle: -38.9344 axialRotation: -30.3521 zShift: 2.30507 energy: -8.99324
MCAccept 25 xShift: 8.32362 crossingAngle: -38.9344 axialRotation: -30.3521 zShift: 2.30507 energy: -8.98692
MCAccept 26 xShift: 8.31057 crossingAngle: -38.9344 axialRotation: -30.3521 zShift: 2.30507 energy: -8.99324
MCAccept 27 xShift: 8.2959 crossingAngle: -38.9344 axialRotation: -30.3521 zShift: 2.30507 energy: -8.92537
MCAccept 28 xShift: 8.2959 crossingAngle: -38.9344 axialRotation: -30.3521 zShift: 2.31516 energy: -9.05857
MCAccept 29 xShift: 8.2959 crossingAngle: -38.9344 axialRotation: -30.3521 zShift: 2.32382 energy: -9.04555
MCAccept 30 xShift: 8.2959 crossingAngle: -38.9344 axialRotation: -30.2514 zShift: 2.32382 energy: -9.00571
MCAccept 31 xShift: 8.2959 crossingAngle: -38.9344 axialRotation: -30.259 zShift: 2.32382 energy: -8.99927
MCAccept 32 xShift: 8.2959 crossingAngle: -38.7503 axialRotation: -30.259 zShift: 2.32382 energy: -8.99927
MCAccept 33 xShift: 8.2959 crossingAngle: -38.7503 axialRotation: -30.156 zShift: 2.32382 energy: -9.04555
MCAccept 34 xShift: 8.2959 crossingAngle: -38.7503 axialRotation: -30.156 zShift: 2.30167 energy: -8.86474
MCAccept 35 xShift: 8.2959 crossingAngle: -38.7503 axialRotation: -30.156 zShift: 2.3011 energy: -8.9673
MCReject   xShift: 8.2959 crossingAngle: -38.8593 axialRotation: -30.156 zShift: 2.3011 energy: -8.80704
MCReject   xShift: 8.2959 crossingAngle: -38.7503 axialRotation: -30.156 zShift: 2.29044 energy: -8.89045
MCAccept 36 xShift: 8.2959 crossingAngle: -38.7638 axialRotation: -30.156 zShift: 2.3011 energy: -8.90581
MCAccept 37 xShift: 8.2959 crossingAngle: -38.7638 axialRotation: -30.1274 zShift: 2.3011 energy: -8.89951
MCAccept 38 xShift: 8.301 crossingAngle: -38.7638 axialRotation: -30.1274 zShift: 2.3011 energy: -8.89951
MCAccept 39 xShift: 8.301 crossingAngle: -38.562 axialRotation: -30.1274 zShift: 2.3011 energy: -8.80704
MCAccept 40 xShift: 8.32317 crossingAngle: -38.562 axialRotation: -30.1274 zShift: 2.3011 energy: -8.961
MCReject   xShift: 8.32317 crossingAngle: -38.562 axialRotation: -30.1274 zShift: 2.30251 energy: -8.9087
MCReject   xShift: 8.32019 crossingAngle: -38.562 axialRotation: -30.1274 zShift: 2.3011 energy: -8.86755
MCAccept 41 xShift: 8.32446 crossingAngle: -38.562 axialRotation: -30.1274 zShift: 2.3011 energy: -8.9673
MCReject   xShift: 8.32446 crossingAngle: -38.562 axialRotation: -30.0663 zShift: 2.3011 energy: -8.90581
MCAccept 42 xShift: 8.32446 crossingAngle: -38.547 axialRotation: -30.1274 zShift: 2.3011 energy: -8.86755
MCAccept 43 xShift: 8.32446 crossingAngle: -38.547 axialRotation: -30.245 zShift: 2.3011 energy: -8.961
MCAccept 44 xShift: 8.32446 crossingAngle: -38.547 axialRotation: -30.4256 zShift: 2.3011 energy: -8.9673
MCAccept 45 xShift: 8.32432 crossingAngle: -38.547 axialRotation: -30.4256 zShift: 2.3011 energy: -8.90581
MCAccept 46 xShift: 8.32432 crossingAngle: -38.547 axialRotation: -30.4256 zShift: 2.29766 energy: -8.94459
MCReject   xShift: 8.32432 crossingAngle: -38.4992 axialRotation: -30.4256 zShift: 2.29766 energy: -8.8462
MCAccept 47 xShift: 8.33583 crossingAngle: -38.547 axialRotation: -30.4256 zShift: 2.29766 energy: -8.93832
MCAccept 48 xShift: 8.33583 crossingAngle: -38.547 axialRotation: -30.4256 zShift: 2.28395 energy: -8.8531
MCAccept 49 xShift: 8.33583 crossingAngle: -38.547 axialRotation: -30.3609 zShift: 2.28395 energy: -8.84692
MCAccept 50 xShift: 8.33974 crossingAngle: -38.547 axialRotation: -30.3609 zShift: 2.28395 energy: -8.79187
MCAccept 51 xShift: 8.33974 crossingAngle: -38.547 axialRotation: -30.3122 zShift: 2.28395 energy: -8.79187
MCAccept 52 xShift: 8.33974 crossingAngle: -38.547 axialRotation: -30.3417 zShift: 2.28395 energy: -8.84692
Energy #1: -8.84692
***GEOMETRY SHIFT***
xShift;        Before: 8.30387; After: 8.33974
crossingAngle; Before: -39.3011; After: -38.547
axialRotation; Before: -30.4451; After: -30.3417
zShift;        Before: 2.33076; After: 2.28395
Energy;        Before: 212.366; After: -8.84692

Reached 51 cycles without improvement of 0.001. Accepted 53/62
Monte Carlo repack complete. Time: 14.5667min

