***STARTING GEOMETRY:***
xShift: 8.33974
crossingAngle: -38.547
axialRotation: -30.3417
zShift: 2.28395

Number of MCCycles: 200
PrevSequence	CurrSequence	PrevEnergy	CurrEnergy	PrevEntropy	CurrEntropy	CurrentTemp
LLLGGLLTALLTSLLFTLILI	LLLYGLLTALLTSLLFTLILI	-8.38071	-8.95004	0.453966	0.369715	999.847
LLLYGLLTALLTSLLFTLILI	LLLYGLLTALLTSLLSTLILI	-9.13233	-6.77744	0.187425	0.772117	999.684
LLLYGLLTALLTSLLSTLILI	LLLYGLLTALLTSLLFTLILI	-6.77744	-8.55277	0.772117	0.187425	999.512
LLLYGLLTALLTSLLFTLILI	LLLYGLLTALLTGLLFTLILI	-8.46857	-8.18945	0.271616	0.591862	999.328
LLLYGLLTALLTGLLFTLILI	LLLYGLLYALLTGLLFTLILI	-8.33826	-5.9053	0.443059	0.379341	999.134
LLLYGLLYALLTGLLFTLILI	LLLYGLLYALLTGLLTTLILI	-6.16474	-7.92999	0.119894	1.0043	998.928
LLLYGLLYALLTGLLTTLILI	LLLYGLLYSLLTGLLTTLILI	-8.69012	-6.70358	0.244161	0.642213	998.708
LLLYGLLYSLLTGLLTTLILI	LLLYGLLYSLLTGLLFTLILI	-6.3415	-4.16586	1.0043	0.119894	998.476
LLLYGLLYSLLTGLLFTLILI	LLLGGLLYSLLTGLLFTLILI	-3.83082	-3.81553	0.454934	0.368877	998.229
LLLGGLLYSLLTGLLFTLILI	LLLGGLLYSLLTSLLFTLILI	-3.69436	-3.7091	0.490046	0.340109	997.967
LLLGGLLYSLLTSLLFTLILI	LLLGALLYSLLTSLLFTLILI	-3.17687	-2.34764	0.872342	0.154044	997.689
LLLGALLYSLLTSLLFTLILI	LLLGALLYALLTSLLFTLILI	-1.85947	-3.66096	0.642213	0.244161	997.394
LLLGALLYALLTSLLFTLILI	LLLGALLYALLTSLLYTLILI	-3.77302	-1.71259	0.132101	0.952787	997.081
LLLGALLYALLTSLLYTLILI	LLLGGLLYALLTSLLYTLILI	-2.3892	-2.71519	0.276169	0.584123	996.749
LLLGGLLYALLTSLLYTLILI	LLLGGLLYSLLTSLLYTLILI	-3.16473	-0.863455	0.13458	0.942975	996.397
LLLGGLLYSLLTSLLYTLILI	LLLGGLLTSLLTSLLYTLILI	-1.42709	-4.36578	0.379341	0.443059	996.023
LLLGGLLTSLLTSLLYTLILI	LLLGGLLTSLLTSLLYGLILI	-4.31888	-0.930914	0.489954	0.34018	995.626
LLLGGLLTSLLTSLLYGLILI	LLLGGLLTSLLVSLLYGLILI	-0.340235	3.00688	0.930859	0.137712	995.205
LLLGGLLTSLLVSLLYGLILI	LLLGGLLTALLVSLLYGLILI	3.81214	2.38271	0.942975	0.13458	994.758
LLLGGLLTALLVSLLYGLILI	LLLYGLLTALLVSLLYGLILI	2.61701	1.84059	0.368877	0.454934	994.285
LLLYGLLTALLVSLLYGLILI	LLLYGLLTALLTSLLYGLILI	1.52337	-2.4949	0.137712	0.930859	993.782
LLLYGLLTALLTSLLYGLILI	LLLGGLLTALLTSLLYGLILI	-2.97082	-2.45762	0.454934	0.368877	992.683
LLLGGLLTALLTSLLYGLILI	LLLGGLLTALLTSLLTGLILI	-2.60695	-4.30646	0.219549	0.693609	992.084
LLLGGLLTALLTSLLTGLILI	LLLYGLLTALLTSLLTGLILI	-4.40565	-5.32302	0.594419	0.270132	991.448
LLLYGLLTALLTSLLTGLILI	LLLYGLLTALLTSLLFGLILI	-4.58885	-3.91294	1.0043	0.119894	990.773
LLLYGLLTALLTSLLFGLILI	LLLYGLLYALLTSLLFGLILI	-3.70411	-0.884503	0.328724	0.505042	990.058
LLLYGLLYALLTSLLFGLILI	LLLWGLLYALLTSLLFGLILI	-0.938358	-0.00404881	0.451187	0.372136	989.3
LLLWGLLYALLTSLLFGLILI	LLLWGLLYALLTSLLTGLILI	-0.204369	-1.1197	0.171816	0.816184	988.496
LLLWGLLYALLTSLLTGLILI	LLLWGLLTALLTSLLTGLILI	-1.71633	-1.54894	0.219549	0.693609	987.644
LLLWGLLTALLTSLLTGLILI	LLLWGLLTALLTSLLTALILI	-1.65843	-3.02083	0.584123	0.276169	986.74
LLLWGLLTALLTSLLTALILI	LLLWGLLTSLLTSLLTALILI	-3.05283	-1.33691	0.244161	0.642213	985.783
LLLWGLLTSLLTSLLTALILI	LLLWGLLYSLLTSLLTALILI	-1.28552	-1.1865	0.693609	0.219549	984.769
LLLWGLLYSLLTSLLTALILI	LLLWALLYSLLTSLLTALILI	-1.04469	-0.0359446	0.36136	0.463748	983.694
LLLWALLYSLLTSLLTALILI	LLLWGLLYSLLTSLLTALILI	-0.0359446	-1.05681	0.463748	0.36136	982.555
LLLWGLLYSLLTSLLTALILI	LLLWGLLYALLTSLLTALILI	-0.775955	-2.74589	0.642213	0.244161	981.348
LLLWGLLYALLTSLLTALILI	LLLWGLLTALLTSLLTALILI	-2.7705	-2.60339	0.219549	0.693609	980.071
LLLWGLLTALLTSLLTALILI	LLLWGLLTALLTSLLTSLILI	-3.05283	-2.76987	0.244161	0.642213	978.717
LLLWGLLTALLTSLLTSLILI	LLLYGLLTALLTSLLTSLILI	-2.81322	-6.50564	0.598868	0.267575	977.285
LLLYGLLTALLTSLLTSLILI	LLLYALLTALLTSLLTSLILI	-6.41186	-5.21452	0.36136	0.463748	975.768
LLLYALLTALLTSLLTSLILI	LLLGALLTALLTSLLTSLILI	-5.08271	-4.99065	0.595564	0.269472	974.162
LLLGALLTALLTSLLTSLILI	LLLGGLLTALLTSLLTSLILI	-4.98395	-5.60602	0.276169	0.584123	972.463
LLLGGLLTALLTSLLTSLILI	LLLYGLLTALLTSLLTSLILI	-5.73617	-6.4035	0.453966	0.369715	970.666
LLLYGLLTALLTSLLTSLILI	LLLYGLLTALLTSLLTALILI	-6.131	-6.40343	0.642213	0.244161	968.764
LLLYGLLTALLTSLLTALILI	LLLYALLTALLTSLLTALILI	-6.38404	-4.97415	0.263552	0.605976	966.754
LLLYALLTALLTSLLTALILI	LLLYALLTALLTSLLTSLILI	-5.24354	-5.21115	0.336591	0.494608	964.627
LLLYALLTALLTSLLTSLILI	LLLYGLLTALLTSLLTSLILI	-5.24201	-6.41804	0.463748	0.36136	962.38
LLLYGLLTALLTSLLTSLILI	LLLYGLLTSLLTSLLTSLILI	-6.68637	-4.32272	0.0930288	1.14146	960.005
LLLYGLLTSLLTSLLTSLILI	LLLYGLLTSLLYSLLTSLILI	-5.02112	1.02095	0.443059	0.379341	957.496
LLLYGLLTSLLYSLLTSLILI	LLLYALLTSLLYSLLTSLILI	1.22573	1.9974	0.584123	0.276169	954.846
LLLYALLTSLLYSLLTSLILI	LLLYALLTGLLYSLLTSLILI	2.61074	-2.2348	0.889512	0.149036	952.048
LLLYALLTGLLYSLLTSLILI	LLLYGLLTGLLYSLLTSLILI	-2.22979	-2.52948	0.154044	0.872342	949.095
LLLYGLLTGLLYSLLTSLILI	LLLYGLLTGLLYSLLFSLILI	-2.58564	3.11208	0.816184	0.171816	945.979
LLLYGLLTGLLYSLLFSLILI	LLLTGLLTGLLYSLLFSLILI	3.44531	3.62294	0.505042	0.328724	942.693
LLLTGLLTGLLYSLLFSLILI	LLLTALLTGLLYSLLFSLILI	4.16656	4.3453	0.872342	0.154044	939.229
LLLTALLTGLLYSLLFSLILI	LLLTGLLTGLLYSLLFSLILI	4.3453	4.16656	0.154044	0.872342	935.578
LLLTGLLTGLLYSLLFSLILI	LLLTGLLTGLLYSLLFTLILI	3.57347	-2.68571	0.279255	0.578967	931.732
LLLTGLLTGLLYSLLFTLILI	LLLTGLLTGLLTSLLFTLILI	-3.09286	-4.40837	0.171816	0.816184	927.683
LLLTGLLTGLLTSLLFTLILI	LLLTGLLTGLLYSLLFTLILI	-4.40837	-3.67239	0.816184	0.171816	923.422
LLLTGLLTGLLYSLLFTLILI	LLLTGLLTGLLYSLLFGLILI	-3.35425	0.443617	0.489954	0.34018	918.939
LLLTGLLTGLLYSLLFGLILI	LLLTGLLTGLLTSLLFGLILI	0.322986	-0.62838	0.219549	0.693609	914.227
LLLTGLLTGLLTSLLFGLILI	LLLTGLLTGLLTALLFGLILI	-0.679777	1.52067	0.642213	0.244161	909.276
LLLTGLLTGLLTALLFGLILI	LLLTGLLTGLLYALLFGLILI	1.97011	2.65386	0.693609	0.219549	904.077
LLLTGLLTGLLYALLFGLILI	LLLTGLLTGLLTALLFGLILI	2.65386	1.97011	0.219549	0.693609	898.621
LLLTGLLTGLLTALLFGLILI	LLLTGLLTGLLYALLFGLILI	1.97011	2.65386	0.693609	0.219549	892.899
LLLTGLLTGLLYALLFGLILI	LLLTSLLTGLLYALLFGLILI	3.18874	3.46736	0.754431	0.19415	886.903
LLLTSLLTGLLYALLFGLILI	LLLTSLLTGLLYALLFTLILI	3.52017	0.383281	0.246959	0.636769	880.623
LLLTSLLTGLLYALLFTLILI	LLLTSLLTGLLYTLLFTLILI	-0.188841	-5.01063	0.064646	1.34306	874.051
LLLTSLLTGLLYTLLFTLILI	LLLTGLLTGLLYTLLFTLILI	-6.08207	-6.01755	0.271616	0.591862	867.179
LLLTGLLTGLLYTLLFTLILI	LLLTSLLTGLLYTLLFTLILI	-6.01755	-6.09447	0.591862	0.271616	859.999
LLLTSLLTGLLYTLLFTLILI	LLLTGLLTGLLYTLLFTLILI	-6.09447	-6.01755	0.271616	0.591862	852.504
LLLTGLLTGLLYTLLFTLILI	LLLYGLLTGLLYTLLFTLILI	-6.07056	-7.23597	0.538845	0.30482	844.686
LLLYGLLTGLLYTLLFTLILI	LLLGGLLTGLLYTLLFTLILI	-7.08586	-6.58432	0.454934	0.368877	836.541
LLLGGLLTGLLYTLLFTLILI	LLLGALLTGLLYTLLFTLILI	-5.88785	-6.00035	1.06535	0.107014	810.083
LLLGALLTGLLYTLLFTLILI	LLLGSLLTGLLYTLLFTLILI	-5.8632	-5.46225	0.244161	0.642213	800.577
LLLGSLLTGLLYTLLFTLILI	LLLGSLLTGLLFTLLFTLILI	-5.69412	-4.72162	0.410343	0.410343	790.724
LLLGSLLTGLLFTLLFTLILI	LLLGSLLTGLLYTLLFTLILI	-4.72162	-5.69412	0.410343	0.410343	780.523
LLLGSLLTGLLYTLLFTLILI	LLLGSLLTGLLFTLLFTLILI	-5.69412	-5.38745	0.410343	0.410343	769.974
LLLGSLLTGLLFTLLFTLILI	LLLGSLLTGLLYTLLFTLILI	-5.38745	-5.69412	0.410343	0.410343	759.081
LLLGSLLTGLLYTLLFTLILI	LLLTSLLTGLLYTLLFTLILI	-5.91027	-5.61177	0.194196	0.754313	747.845
LLLTSLLTGLLYTLLFTLILI	LLLTSLLTGLLFTLLFTLILI	-5.95574	-4.97603	0.410343	0.410343	724.369
LLLTSLLTGLLFTLLFTLILI	LLLTSLLTGLLFTLLFGLILI	-4.63206	-1.99843	0.754313	0.194196	712.142
LLLTSLLTGLLFTLLFGLILI	LLLTGLLTGLLFTLLFGLILI	-1.99848	-2.3158	0.19415	0.754431	699.602
LLLTGLLTGLLFTLLFGLILI	LLLTGLLTGLLFTLLFTLILI	-2.79855	-5.66176	0.271676	0.591758	686.76
LLLTGLLTGLLFTLLFTLILI	LLLTALLTGLLFTLLFTLILI	-5.38117	-5.18688	0.872342	0.154044	673.628
LLLTALLTGLLFTLLFTLILI	LLLTGLLTGLLFTLLFTLILI	-5.18688	-5.31502	0.154044	0.872342	660.222
LLLTGLLTGLLFTLLFTLILI	LLLTALLTGLLFTLLFTLILI	-5.31502	-5.74111	0.872342	0.154044	646.557
LLLTALLTGLLFTLLFTLILI	LLLTALLTGLLYTLLFTLILI	-5.48481	-5.88533	0.410343	0.410343	632.651
LLLTALLTGLLYTLLFTLILI	LLLTALLTGLLFTLLFTLILI	-5.88533	-5.51382	0.410343	0.410343	618.524
LLLTALLTGLLFTLLFTLILI	LLLTALLTGLLFTLLGTLILI	-5.55445	-3.98983	0.369715	0.453966	604.196
LLLTALLTGLLFTLLGTLILI	LLLTALLTGLLYTLLGTLILI	-4.20376	-4.87254	0.240035	0.650378	589.688
LLLTALLTGLLYTLLGTLILI	LLLTALLTGLLYTLLFTLILI	-4.81507	-6.0534	0.707856	0.213262	575.025
LLLTALLTGLLYTLLFTLILI	LLLGALLTGLLYTLLFTLILI	-5.51235	-5.88461	0.754313	0.194196	560.23
LLLGALLTGLLYTLLFTLILI	LLLGGLLTGLLYTLLFTLILI	-5.97179	-5.88785	0.107014	1.06535	545.329
LLLGGLLTGLLYTLLFTLILI	LLLYGLLTGLLYTLLFTLILI	-6.58432	-7.09204	0.368877	0.454934	515.312
LLLYGLLTGLLYTLLFTLILI	LLLYALLTGLLYTLLFTLILI	-6.67464	-6.34743	0.872342	0.154044	500.25
LLLYALLTGLLYTLLFTLILI	LLLGALLTGLLYTLLFTLILI	-5.90591	-5.83789	0.595564	0.269472	485.188
LLLGALLTGLLYTLLFTLILI	LLLGALLTGLLFTLLFTLILI	-5.69702	-4.74441	0.410343	0.410343	470.152
LLLGALLTGLLFTLLFTLILI	LLLGSLLTGLLFTLLFTLILI	-4.91059	-5.14363	0.244161	0.642213	455.171
LLLGSLLTGLLFTLLFTLILI	LLLGSLLTGLLYTLLFTLILI	-5.3755	-5.19843	0.410343	0.410343	440.27
LLLGSLLTGLLYTLLFTLILI	LLLGSLLTGLLFTLLFTLILI	-5.19843	-5.2998	0.410343	0.410343	425.475
LLLGSLLTGLLFTLLFTLILI	LLLGSLLTGLLYTLLFTLILI	-5.2998	-5.76534	0.410343	0.410343	410.812
LLLGSLLTGLLYTLLFTLILI	LLLYSLLTGLLYTLLFTLILI	-5.90621	-5.12926	0.269472	0.595564	396.304
LLLYSLLTGLLYTLLFTLILI	LLLYGLLTGLLYTLLFTLILI	-5.45321	-6.94893	0.271616	0.591862	381.976
LLLYGLLTGLLYTLLFTLILI	LLLYGLLTALLYTLLFTLILI	-6.66845	-3.01843	0.872342	0.154044	367.849
LLLYGLLTALLYTLLFTLILI	LLLYGLLTALLTTLLFTLILI	-2.86766	-4.79725	0.30482	0.538845	353.943
LLLYGLLTALLTTLLFTLILI	LLLYALLTALLTTLLFTLILI	-4.97474	-3.80487	0.36136	0.463748	340.278
LLLYALLTALLTTLLFTLILI	LLLYGLLTALLTTLLFTLILI	-3.80487	-4.98092	0.463748	0.36136	326.872
LLLYGLLTALLTTLLFTLILI	LLLGGLLTALLTTLLFTLILI	-4.97257	-4.87216	0.369715	0.453966	313.74
LLLGGLLTALLTTLLFTLILI	LLLYGLLTALLTTLLFTLILI	-4.87216	-5.55595	0.453966	0.369715	300.898
LLLYGLLTALLTTLLFTLILI	LLLYGLLTALLTSLLFTLILI	-4.92466	-7.83736	1.001	0.120637	288.358
LLLYGLLTALLTSLLFTLILI	LLLYGLLTALLTGLLFTLILI	-7.68638	-6.3892	0.271616	0.591862	252.655
LLLYGLLTALLTGLLFTLILI	LLLYGLLTALLTSLLFTLILI	-6.3892	-7.68638	0.591862	0.271616	241.419
LLLYGLLTALLTSLLFTLILI	LLLGGLLTALLTSLLFTLILI	-7.58829	-6.91096	0.369715	0.453966	219.977
LLLGGLLTALLTSLLFTLILI	LLLYGLLTALLTSLLFTLILI	-6.91096	-7.58829	0.453966	0.369715	199.923
LLLYGLLTALLTSLLFTLILI	LLLYALLTALLTSLLFTLILI	-7.59664	-6.39931	0.36136	0.463748	147.996
LLLYALLTALLTSLLFTLILI	LLLYGLLTALLTSLLFTLILI	-6.39931	-7.02326	0.463748	0.36136	140.501
LLLYGLLTALLTSLLFTLILI	LLLYGLLTALLTGLLFTLILI	-7.113	-6.83385	0.271616	0.591862	107.601
LLLYGLLTALLTGLLFTLILI	LLLYGLLTALLTGLLTTLILI	-7.33359	-8.86825	0.0921195	1.14683	96.4228
LLLYGLLTALLTGLLTTLILI	LLLYGLLTALLFGLLTTLILI	-8.86825	-9.23013	1.14683	0.0921195	81.5606
LLLYGLLTALLFGLLTTLILI	LLLYGLLTALLTGLLTTLILI	-9.23013	-9.22052	0.0921195	1.14683	72.8169
LLLYGLLTALLTGLLTTLILI	LLLYGLLTALLFGLLTTLILI	-9.22052	-9.23013	1.14683	0.0921195	68.7677
LLLYGLLTALLFGLLTTLILI	LLLYGLLTALLTGLLTTLILI	-9.23013	-9.22052	0.0921195	1.14683	51.4049
LLLYGLLTALLTGLLTTLILI	LLLYGLLTALLFGLLTTLILI	-9.22052	-9.23013	1.14683	0.0921195	45.6541
LLLYGLLTALLFGLLTTLILI	LLLYGLLTALLTGLLTTLILI	-9.23013	-9.22052	0.0921195	1.14683	33.7464
LLLYGLLTALLTGLLTTLILI	LLLYGLLTALLFGLLTTLILI	-9.22052	-9.23013	1.14683	0.0921195	20.4295
LLLYGLLTALLFGLLTTLILI	LLLYGLLTALLTGLLTTLILI	-9.23013	-9.21434	0.0921195	1.14683	17.9453
LLLYGLLTALLTGLLTTLILI	LLLYGLLTALLFGLLTTLILI	-9.21434	-9.23013	1.14683	0.0921195	15.7315
LLLYGLLTALLFGLLTTLILI	LLLYGLLTALLTGLLTTLILI	-9.23013	-9.22052	0.0921195	1.14683	13.7596
LLLYGLLTALLTGLLTTLILI	LLLYGLLTALLFGLLTTLILI	-9.22052	-9.22394	1.14683	0.0921195	9.72683
LLLYGLLTALLFGLLTTLILI	LLLYGLLTALLTGLLTTLILI	-9.22394	-9.22052	0.0921195	1.14683	8.41632
LLLYGLLTALLTGLLTTLILI	LLLYGLLTALLFGLLTTLILI	-9.22052	-9.22394	1.14683	0.0921195	6.71797
LLLYGLLTALLFGLLTTLILI	LLLYGLLTALLTGLLTTLILI	-9.22394	-9.22052	0.0921195	1.14683	6.21537
LLLYGLLTALLTGLLTTLILI	LLLYGLLTALLFGLLTTLILI	-9.22052	-9.23013	1.14683	0.0921195	5.74156
LLLYGLLTALLFGLLTTLILI	LLLYGLLTALLTGLLTTLILI	-9.23013	-9.22052	0.0921195	1.14683	2.27079
LLLYGLLTALLTGLLTTLILI	LLLYGLLTALLFGLLTTLILI	-9.22052	-9.23013	1.14683	0.0921195	1.79151
Time: 312s
