***STARTING GEOMETRY:***
xShift: 8.7
crossingAngle: -42.04
axialRotation: -72.66
zShift: 2.25

Number of MCCycles: 200
PrevSequence	CurrSequence	PrevEnergy	CurrEnergy	PrevEntropy	CurrEntropy	CurrentTemp
LLLYYLLTFLLSTLLATLILI	LLLYYLLTFLLSTLLAWLILI	-2.1427	-3.14941	0.48602	0.343253	999.847
LLLYYLLTFLLSTLLAWLILI	LLLYYLLTFLLSTLLGWLILI	-3.2165	-2.23176	0.276169	0.584123	999.684
LLLYYLLTFLLSTLLGWLILI	LLLYYLLTFLLSTLLGTLILI	-2.47263	-3.41229	0.343253	0.48602	999.512
LLLYYLLTFLLSTLLGTLILI	LLLYTLLTFLLSTLLGTLILI	-3.59349	-11.3611	0.30482	0.538845	999.328
LLLYTLLTFLLSTLLGTLILI	LLLYTLLTYLLSTLLGTLILI	-11.7679	-11.751	0.132101	0.952787	999.134
LLLYTLLTYLLSTLLGTLILI	LLLYTLLVYLLSTLLGTLILI	-11.4275	-9.50518	1.27634	0.0728516	998.928
LLLYTLLVYLLSTLLGTLILI	LLLYTLLTYLLSTLLGTLILI	-9.50518	-10.8233	0.0728516	1.27634	998.708
LLLYTLLTYLLSTLLGTLILI	LLLYTLLTYLLSTLLGWLILI	-11.5123	-12.1341	0.58734	0.274265	998.476
LLLYTLLTYLLSTLLGWLILI	LLLYTLLTYLLSFLLGWLILI	-11.4041	-10.0825	1.0043	0.119894	998.229
LLLYTLLTYLLSFLLGWLILI	LLLYTLLTFLLSFLLGWLILI	-9.55206	-10.4599	0.650378	0.240035	997.689
LLLYTLLTFLLSFLLGWLILI	LLLYTLLTFLLSTLLGWLILI	-10.4804	-9.87571	0.219549	0.693609	997.081
LLLYTLLTFLLSTLLGWLILI	LLLYTLLTFLLSFLLGWLILI	-9.87571	-10.004	0.693609	0.219549	996.749
LLLYTLLTFLLSFLLGWLILI	LLLYTLLTFLLSFLLGTLILI	-9.88025	-10.4431	0.343253	0.48602	996.397
LLLYTLLTFLLSFLLGTLILI	LLLYTLLTFLLSFLLGWLILI	-10.4431	-10.2645	0.48602	0.343253	996.023
LLLYTLLTFLLSFLLGWLILI	LLLYTLLTFLLSTLLGWLILI	-10.3882	-9.6986	0.219549	0.693609	995.626
LLLYTLLTFLLSTLLGWLILI	LLLYTLLTYLLSTLLGWLILI	-10.2601	-11.3595	0.132101	0.952787	995.205
LLLYTLLTYLLSTLLGWLILI	LLLYTLLTYLLGTLLGWLILI	-12.0406	-8.00053	0.271616	0.591862	994.285
LLLYTLLTYLLGTLLGWLILI	LLLYTLLTYLLGTLLGTLILI	-8.31812	-9.42538	0.274265	0.58734	993.782
LLLYTLLTYLLGTLLGTLILI	LLLYTLLVYLLGTLLGTLILI	-8.73638	-6.08693	1.27634	0.0728516	992.683
LLLYTLLVYLLGTLLGTLILI	LLLYTLLVYLLGFLLGTLILI	-5.15548	-5.55047	1.0043	0.119894	992.084
LLLYTLLVYLLGFLLGTLILI	LLLYTLLVTLLGFLLGTLILI	-5.29102	-2.77169	0.379341	0.443059	991.448
LLLYTLLVTLLGFLLGTLILI	LLLYTLLTTLLGFLLGTLILI	-3.1419	-4.96586	0.0728516	1.27634	990.773
LLLYTLLTTLLGFLLGTLILI	LLLYTLLTTLLGYLLGTLILI	-6.1101	-8.16705	0.132101	0.952787	990.058
LLLYTLLTTLLGYLLGTLILI	LLLYTLLTYLLGYLLGTLILI	-8.71249	-8.38749	0.407346	0.413356	989.3
LLLYTLLTYLLGYLLGTLILI	LLLYTLLTYLLGYLLGWLILI	-8.31483	-6.48927	0.48602	0.343253	988.496
LLLYTLLTYLLGYLLGWLILI	LLLYTLLTTLLGYLLGWLILI	-6.32748	-6.26291	0.505042	0.328724	987.644
LLLYTLLTTLLGYLLGWLILI	LLLYTLLVTLLGYLLGWLILI	-5.46318	-2.91043	1.12845	0.0952708	986.74
LLLYTLLVTLLGYLLGWLILI	LLLYTLLVTLLGTLLGWLILI	-2.62636	-3.18126	0.379341	0.443059	985.783
LLLYTLLVTLLGTLLGWLILI	LLLYTLLVTLLGYLLGWLILI	-3.18126	-3.16584	0.443059	0.379341	984.769
LLLYTLLVTLLGYLLGWLILI	LLLYTLLVTLLGTLLGWLILI	-3.16584	-3.27351	0.379341	0.443059	983.694
LLLYTLLVTLLGTLLGWLILI	LLLYTLLTTLLGTLLGWLILI	-3.64372	-8.29084	0.0728516	1.27634	982.555
LLLYTLLTTLLGTLLGWLILI	LLLYTLLTTLLGTLLGTLILI	-9.33853	-9.29579	0.22865	0.673827	981.348
LLLYTLLTTLLGTLLGTLILI	LLLYTLLVTLLGTLLGTLILI	-8.57504	-5.8357	1.39457	0.0589809	980.071
LLLYTLLVTLLGTLLGTLILI	LLLYTLLVYLLGTLLGTLILI	-5.35583	-5.7494	0.538845	0.30482	978.717
LLLYTLLVYLLGTLLGTLILI	LLLYTLLVYLLGYLLGTLILI	-5.72549	-5.09108	0.328724	0.505042	977.285
LLLYTLLVYLLGYLLGTLILI	LLLYTLLVYLLGTLLGTLILI	-5.09108	-5.83105	0.505042	0.328724	975.768
LLLYTLLVYLLGTLLGTLILI	LLLYTLLVYLLGFLLGTLILI	-5.15548	-5.4543	1.0043	0.119894	974.162
LLLYTLLVYLLGFLLGTLILI	LLLYTLLVYLLGTLLGTLILI	-5.4543	-5.15548	0.119894	1.0043	972.463
LLLYTLLVYLLGTLLGTLILI	LLLYTLLVYLLGTLLGYLILI	-5.83105	-4.26793	0.328724	0.505042	970.666
LLLYTLLVYLLGTLLGYLILI	LLLYTLLVTLLGTLLGYLILI	-4.26793	-4.32827	0.505042	0.328724	968.764
LLLYTLLVTLLGTLLGYLILI	LLLYTLLVTLLGFLLGYLILI	-3.65269	-2.92462	1.0043	0.119894	966.754
LLLYTLLVTLLGFLLGYLILI	LLLYTLLVTLLGTLLGYLILI	-2.92462	-2.90256	0.119894	1.0043	964.627
LLLYTLLVTLLGTLLGYLILI	LLLYTLLVTLLGTLLGTLILI	-3.60204	-5.33863	0.30482	0.538845	962.38
LLLYTLLVTLLGTLLGTLILI	LLLYTLLVTLLGTLLGWLILI	-5.29014	-4.38665	0.58734	0.274265	960.005
LLLYTLLVTLLGTLLGWLILI	LLLYTLLVTLLGTLLGTLILI	-4.38665	-5.19397	0.274265	0.58734	957.496
LLLYTLLVTLLGTLLGTLILI	LLLYTLLVTLLGTLLGWLILI	-5.19397	-3.71542	0.58734	0.274265	954.846
LLLYTLLVTLLGTLLGWLILI	LLLYTLLVTLLGTLLGTLILI	-3.71542	-4.28339	0.274265	0.58734	952.048
LLLYTLLVTLLGTLLGTLILI	LLLYTLLVTLLGTLLGWLILI	-4.28339	-5.1793	0.58734	0.274265	949.095
LLLYTLLVTLLGTLLGWLILI	LLLYTLLTTLLGTLLGWLILI	-5.38071	-7.45968	0.0728516	1.27634	942.693
LLLYTLLTTLLGTLLGWLILI	LLLYTLLTYLLGTLLGWLILI	-8.19717	-8.53982	0.538845	0.30482	939.229
LLLYTLLTYLLGTLLGWLILI	LLLYTLLTYLLGTLLGTLILI	-8.57038	-9.42538	0.274265	0.58734	935.578
LLLYTLLTYLLGTLLGTLILI	LLLYTLLTYLLGTLLGFLILI	-8.86589	-7.51432	1.14683	0.0921195	931.732
LLLYTLLTYLLGTLLGFLILI	LLLYTLLTYLLGYLLGFLILI	-7.27771	-5.94129	0.328724	0.505042	927.683
LLLYTLLTYLLGYLLGFLILI	LLLYTLLTYLLGFLLGFLILI	-5.62565	-5.93792	0.820686	0.170308	923.422
LLLYTLLTYLLGFLLGFLILI	LLLYTLLTYLLGFLLGTLILI	-5.88867	-6.73541	0.219549	0.693609	918.939
LLLYTLLTYLLGFLLGTLILI	LLLYTLLTFLLGFLLGTLILI	-6.77864	-7.50166	0.650378	0.240035	914.227
LLLYTLLTFLLGFLLGTLILI	LLLYTLLTTLLGFLLGTLILI	-7.56988	-6.28181	0.171816	0.816184	909.276
LLLYTLLTTLLGFLLGTLILI	LLLYTLLTTLLGFLLGWLILI	-6.51065	-6.2082	0.58734	0.274265	904.077
LLLYTLLTTLLGFLLGWLILI	LLLYTLLTTLLGTLLGWLILI	-6.39034	-5.87579	0.0921195	1.14683	898.621
LLLYTLLTTLLGTLLGWLILI	LLLYTLLTTLLGTLLGTLILI	-6.79398	-9.40845	0.22865	0.673827	892.899
LLLYTLLTTLLGTLLGTLILI	LLLYTLLTTLLGYLLGTLILI	-9.461	-8.18989	0.62127	0.255144	886.903
LLLYTLLTTLLGYLLGTLILI	LLLYTLLTYLLGYLLGTLILI	-8.03768	-9.16455	0.407346	0.413356	880.623
LLLYTLLTYLLGYLLGTLILI	LLLYTLLTYLLGTLLGTLILI	-9.16455	-8.47725	0.413356	0.407346	874.051
LLLYTLLTYLLGTLLGTLILI	LLLYTLLTYLLGTLLGWLILI	-8.29725	-8.31812	0.58734	0.274265	867.179
LLLYTLLTYLLGTLLGWLILI	LLLYTLLVYLLGTLLGWLILI	-7.46393	-4.7028	1.12845	0.0952708	859.999
LLLYTLLVYLLGTLLGWLILI	LLLYTLLTYLLGTLLGWLILI	-4.7028	-6.33146	0.0952708	1.12845	852.504
LLLYTLLTYLLGTLLGWLILI	LLLYTLLTYLLGTLLGTLILI	-7.18565	-7.59564	0.274265	0.58734	844.686
LLLYTLLTYLLGTLLGTLILI	LLLYTLLTYLLGTLLGWLILI	-7.59564	-7.57395	0.58734	0.274265	836.541
LLLYTLLTYLLGTLLGWLILI	LLLYTLLTTLLGTLLGWLILI	-7.54339	-8.40594	0.30482	0.538845	828.061
LLLYTLLTTLLGTLLGWLILI	LLLYTLLTYLLGTLLGWLILI	-8.40594	-8.44757	0.538845	0.30482	819.243
LLLYTLLTYLLGTLLGWLILI	LLLYTLLTYLLGTLLGTLILI	-8.47812	-8.48474	0.274265	0.58734	810.083
LLLYTLLTYLLGTLLGTLILI	LLLYTLLTTLLGTLLGTLILI	-8.81694	-9.461	0.255144	0.62127	800.577
LLLYTLLTTLLGTLLGTLILI	LLLYTLLVTLLGTLLGTLILI	-8.6877	-5.93187	1.39457	0.0589809	790.724
LLLYTLLVTLLGTLLGTLILI	LLLYTLLVTLLGTLLGWLILI	-5.40351	-4.38665	0.58734	0.274265	780.523
LLLYTLLVTLLGTLLGWLILI	LLLYTLLVYLLGTLLGWLILI	-4.21786	-5.45125	0.443059	0.379341	769.974
LLLYTLLVYLLGTLLGWLILI	LLLYTLLVYLLGTLLGTLILI	-5.48734	-5.67376	0.343253	0.48602	759.081
LLLYTLLVYLLGTLLGTLILI	LLLYTLLVYLLGFLLGTLILI	-5.15548	-5.1975	1.0043	0.119894	747.845
LLLYTLLVYLLGFLLGTLILI	LLLYTLLVTLLGFLLGTLILI	-4.93805	-3.53821	0.379341	0.443059	736.272
LLLYTLLVTLLGFLLGTLILI	LLLYTLLVYLLGFLLGTLILI	-3.53821	-4.37318	0.443059	0.379341	724.369
LLLYTLLVYLLGFLLGTLILI	LLLYTLLVFLLGFLLGTLILI	-4.10215	-3.73477	0.650378	0.240035	712.142
LLLYTLLVFLLGFLLGTLILI	LLLYTLLTFLLGFLLGTLILI	-3.87953	-6.92158	0.0952708	1.12845	699.602
LLLYTLLTFLLGFLLGTLILI	LLLYTLLTFLLGFLLGWLILI	-7.56402	-6.9242	0.48602	0.343253	686.76
LLLYTLLTFLLGFLLGWLILI	LLLYTLLTYLLGFLLGWLILI	-7.02741	-5.74769	0.240035	0.650378	660.222
LLLYTLLTYLLGFLLGWLILI	LLLYTLLTYLLGTLLGWLILI	-6.27818	-8.01734	0.119894	1.0043	646.557
LLLYTLLTYLLGTLLGWLILI	LLLYTLLTTLLGTLLGWLILI	-8.71682	-8.29329	0.30482	0.538845	632.651
LLLYTLLTTLLGTLLGWLILI	LLLYTLLTTLLGYLLGWLILI	-8.29329	-7.42625	0.538845	0.30482	618.524
LLLYTLLTTLLGYLLGWLILI	LLLYTLLTTLLGTLLGWLILI	-7.42625	-8.30983	0.30482	0.538845	589.688
LLLYTLLTTLLGTLLGWLILI	LLLYTLLTTLLGFLLGWLILI	-7.70185	-6.39034	1.14683	0.0921195	560.23
LLLYTLLTTLLGFLLGWLILI	LLLYTLLTTLLGTLLGWLILI	-6.39034	-6.91324	0.0921195	1.14683	545.329
LLLYTLLTTLLGTLLGWLILI	LLLYTLLTTLLGTLLGTLILI	-7.83142	-9.15184	0.22865	0.673827	530.348
LLLYTLLTTLLGTLLGTLILI	LLLYTLLTTLLGYLLGTLILI	-9.2044	-9.69471	0.62127	0.255144	515.312
LLLYTLLTTLLGYLLGTLILI	LLLYTLLTYLLGYLLGTLILI	-9.54251	-8.32136	0.407346	0.413356	485.188
LLLYTLLTYLLGYLLGTLILI	LLLYTLLTYLLGTLLGTLILI	-8.32136	-8.90436	0.413356	0.407346	470.152
LLLYTLLTYLLGTLLGTLILI	LLLYTLLTYLLGTLLGWLILI	-8.72437	-8.74737	0.58734	0.274265	455.171
LLLYTLLTYLLGTLLGWLILI	LLLYTLLTYLLGTLLGTLILI	-8.74737	-8.74134	0.274265	0.58734	440.27
LLLYTLLTYLLGTLLGTLILI	LLLYTLLTYLLGYLLGTLILI	-8.92134	-8.9079	0.407346	0.413356	425.475
LLLYTLLTYLLGYLLGTLILI	LLLYTLLTTLLGYLLGTLILI	-8.9079	-8.56851	0.413356	0.407346	410.812
LLLYTLLTTLLGYLLGTLILI	LLLYTLLTYLLGYLLGTLILI	-8.56851	-9.16455	0.407346	0.413356	367.849
LLLYTLLTYLLGYLLGTLILI	LLLYTLLTYLLGTLLGTLILI	-9.16455	-9.95814	0.413356	0.407346	340.278
LLLYTLLTYLLGTLLGTLILI	LLLYTLLTYLLGTLLGWLILI	-9.77815	-8.56546	0.58734	0.274265	288.358
LLLYTLLTYLLGTLLGWLILI	LLLYTLLTTLLGTLLGWLILI	-8.5349	-8.85134	0.30482	0.538845	264.228
LLLYTLLTTLLGTLLGWLILI	LLLYTLLTYLLGTLLGWLILI	-8.85134	-8.81293	0.538845	0.30482	241.419
LLLYTLLTYLLGTLLGWLILI	LLLYTLLTYLLGTLLGTLILI	-8.84349	-9.25279	0.274265	0.58734	209.776
LLLYTLLTYLLGTLLGTLILI	LLLYTLLTTLLGTLLGTLILI	-9.58499	-9.55717	0.255144	0.62127	199.923
LLLYTLLTTLLGTLLGTLILI	LLLYTLLTTLLGYLLGTLILI	-9.55717	-7.93325	0.62127	0.255144	181.257
LLLYTLLTTLLGYLLGTLILI	LLLYTLLTTLLGTLLGTLILI	-7.93325	-9.55717	0.255144	0.62127	172.439
LLLYTLLTTLLGTLLGTLILI	LLLYTLLTYLLGTLLGTLILI	-9.55717	-10.0142	0.62127	0.255144	155.814
LLLYTLLTYLLGTLLGTLILI	LLLYTLLTTLLGTLLGTLILI	-10.0142	-10.2757	0.255144	0.62127	33.7464
Time: 297s
