***STARTING GEOMETRY:***
xShift: 8.4
crossingAngle: -41.51
axialRotation: -6.82
zShift: 4.76

Number of MCCycles: 200
PrevSequence	CurrSequence	PrevEnergy	CurrEnergy	PrevEntropy	CurrEntropy	CurrentTemp
LLLYTLLTGLLTGLLTTLILI	LLLYTLLTGLLYGLLTTLILI	-0.647823	0.710852	0.62127	0.255144	999.847
LLLYTLLTGLLYGLLTTLILI	LLLYYLLTGLLYGLLTTLILI	0.863054	-0.604271	0.407346	0.413356	999.684
LLLYYLLTGLLYGLLTTLILI	LLLYTLLTGLLYGLLTTLILI	-0.604271	0.863054	0.413356	0.407346	999.512
LLLYTLLTGLLYGLLTTLILI	LLLYTLLTGLLTGLLTTLILI	0.710852	-0.926392	0.255144	0.62127	999.328
LLLYTLLTGLLTGLLTTLILI	LLLYTLLTGLLYGLLTTLILI	-0.926392	0.710852	0.62127	0.255144	999.134
LLLYTLLTGLLYGLLTTLILI	LLLYTLLTGLLYGLLTWLILI	1.04305	4.18936	0.58734	0.274265	998.928
LLLYTLLTGLLYGLLTWLILI	LLLYYLLTGLLYGLLTWLILI	4.24382	1.78899	0.328724	0.505042	998.708
LLLYYLLTGLLYGLLTWLILI	LLLYTLLTGLLYGLLTWLILI	1.78899	3.04706	0.505042	0.328724	998.476
LLLYTLLTGLLYGLLTWLILI	LLLYTLLTGLLTGLLTWLILI	3.02316	1.96276	0.30482	0.538845	998.229
LLLYTLLTGLLTGLLTWLILI	LLLYTLLTGLLTGLLTTLILI	1.65256	-0.873835	0.22865	0.673827	997.967
LLLYTLLTGLLTGLLTTLILI	LLLYYLLTGLLTGLLTTLILI	-0.926392	-2.74587	0.62127	0.255144	997.689
LLLYYLLTGLLTGLLTTLILI	LLLYYLLTGLLTGLLTWLILI	-2.41367	-0.281057	0.58734	0.274265	997.394
LLLYYLLTGLLTGLLTWLILI	LLLGYLLTGLLTGLLTWLILI	-0.100388	0.147707	0.454934	0.368877	997.081
LLLGYLLTGLLTGLLTWLILI	LLLGYLLTGLLTGLLTTLILI	0.0530942	-1.90139	0.274265	0.58734	996.749
LLLGYLLTGLLTGLLTTLILI	LLLGYLLTGLLYGLLTTLILI	-1.94988	-0.150244	0.538845	0.30482	996.397
LLLGYLLTGLLYGLLTTLILI	LLLGYLLTGLLTGLLTTLILI	-0.150244	-1.99608	0.30482	0.538845	995.626
LLLGYLLTGLLTGLLTTLILI	LLLYYLLTGLLTGLLTTLILI	-2.16604	-2.54538	0.368877	0.454934	994.758
LLLYYLLTGLLTGLLTTLILI	LLLYTLLTGLLTGLLTTLILI	-2.74517	-0.926392	0.255144	0.62127	994.285
LLLYTLLTGLLTGLLTTLILI	LLLGTLLTGLLTGLLTTLILI	-1.27753	-0.361638	0.270132	0.594419	993.782
LLLGTLLTGLLTGLLTTLILI	LLLGTLLTGLLTGLLVTLILI	0.438515	2.6468	1.39457	0.0589809	993.249
LLLGTLLTGLLTGLLVTLILI	LLLGYLLTGLLTGLLVTLILI	3.40401	1.18007	0.816184	0.171816	992.683
LLLGYLLTGLLTGLLVTLILI	LLLGYLLVGLLTGLLVTLILI	1.80841	5.22253	0.800152	0.177314	992.084
LLLGYLLVGLLTGLLVTLILI	LLLGYLLTGLLTGLLVTLILI	5.22253	1.856	0.177314	0.800152	991.448
LLLGYLLTGLLTGLLVTLILI	LLLGYLLTGLLTGLLTTLILI	1.1287	-1.25858	0.0728516	1.27634	990.773
LLLGYLLTGLLTGLLTTLILI	LLLGYLLTGLLTGLLTWLILI	-1.94758	0.364752	0.58734	0.274265	990.058
LLLGYLLTGLLTGLLTWLILI	LLLGYLLTGLLYGLLTWLILI	0.533546	2.18691	0.443059	0.379341	989.3
LLLGYLLTGLLYGLLTWLILI	LLLGYLLTGLLYGLLTTLILI	2.15082	0.243213	0.343253	0.48602	988.496
LLLGYLLTGLLYGLLTTLILI	LLLGYLLTGLLTGLLTTLILI	0.062013	-1.8999	0.30482	0.538845	987.644
LLLGYLLTGLLTGLLTTLILI	LLLYYLLTGLLTGLLTTLILI	-2.06987	-2.36025	0.368877	0.454934	986.74
LLLYYLLTGLLTGLLTTLILI	LLLGYLLTGLLTGLLTTLILI	-2.36025	-2.16675	0.454934	0.368877	985.783
LLLGYLLTGLLTGLLTTLILI	LLLGYLLTGLLTGLLTWLILI	-1.94828	1.20383	0.58734	0.274265	984.769
LLLGYLLTGLLTGLLTWLILI	LLLGYLLTGLLTGLLTTLILI	1.20383	-1.90068	0.274265	0.58734	983.694
LLLGYLLTGLLTGLLTTLILI	LLLYYLLTGLLTGLLTTLILI	-2.11915	-2.36095	0.368877	0.454934	982.555
LLLYYLLTGLLTGLLTTLILI	LLLYYLLTGLLTGLLTWLILI	-2.22854	-0.274062	0.58734	0.274265	981.348
LLLYYLLTGLLTGLLTWLILI	LLLGYLLTGLLTGLLTWLILI	-0.0933925	0.343117	0.454934	0.368877	980.071
LLLGYLLTGLLTGLLTWLILI	LLLYYLLTGLLTGLLTWLILI	0.343117	0.00792635	0.368877	0.454934	978.717
LLLYYLLTGLLTGLLTWLILI	LLLGYLLTGLLTGLLTWLILI	0.00792635	0.343117	0.454934	0.368877	977.285
LLLGYLLTGLLTGLLTWLILI	LLLGYLLTGLLTGLLTTLILI	0.248504	-1.85071	0.274265	0.58734	975.768
LLLGYLLTGLLTGLLTTLILI	LLLGTLLTGLLTGLLTTLILI	-2.29684	-0.0383748	0.141213	0.917682	974.162
LLLGTLLTGLLTGLLTTLILI	LLLGTLLTGLLTGLLTWLILI	-0.282229	2.73778	0.673827	0.22865	972.463
LLLGTLLTGLLTGLLTWLILI	LLLGTLLTGLLYGLLTWLILI	3.32531	3.47957	0.816184	0.171816	970.666
LLLGTLLTGLLYGLLTWLILI	LLLGTLLTGLLYGLLGWLILI	3.70792	1.61905	0.400165	0.420699	968.764
LLLGTLLTGLLYGLLGWLILI	LLLGYLLTGLLYGLLGWLILI	1.52708	0.192945	0.328724	0.505042	966.754
LLLGYLLTGLLYGLLGWLILI	LLLYYLLTGLLYGLLGWLILI	0.0254634	-0.288443	0.337561	0.493345	962.38
LLLYYLLTGLLYGLLGWLILI	LLLGYLLTGLLYGLLGWLILI	-0.288443	0.0287278	0.493345	0.337561	960.005
LLLGYLLTGLLYGLLGWLILI	LLLYYLLTGLLYGLLGWLILI	0.0287278	-0.332111	0.337561	0.493345	957.496
LLLYYLLTGLLYGLLGWLILI	LLLYYLLTGLLTGLLGWLILI	-0.171064	-2.04648	0.654392	0.238039	954.846
LLLYYLLTGLLTGLLGWLILI	LLLYYLLTGLLTGLLTWLILI	-1.94434	-0.0653674	0.34018	0.489954	952.048
LLLYYLLTGLLTGLLTWLILI	LLLYYLLTGLLTGLLGWLILI	-0.0653674	-2.21974	0.489954	0.34018	949.095
LLLYYLLTGLLTGLLGWLILI	LLLYYLLTGLLYGLLGWLILI	-2.32188	-0.217704	0.238039	0.654392	945.979
LLLYYLLTGLLYGLLGWLILI	LLLYTLLTGLLYGLLGWLILI	-0.217704	0.839978	0.654392	0.238039	942.693
LLLYTLLTGLLYGLLGWLILI	LLLYYLLTGLLYGLLGWLILI	0.839978	-0.0226472	0.238039	0.654392	939.229
LLLYYLLTGLLYGLLGWLILI	LLLYTLLTGLLYGLLGWLILI	-0.0226472	0.883647	0.654392	0.238039	935.578
LLLYTLLTGLLYGLLGWLILI	LLLYYLLTGLLYGLLGWLILI	0.883647	0.0232168	0.238039	0.654392	931.732
LLLYYLLTGLLYGLLGWLILI	LLLYYLLTGLLYGLLTWLILI	-0.173983	2.3611	0.457192	0.366931	923.422
LLLYYLLTGLLYGLLTWLILI	LLLYYLLTGLLYGLLTTLILI	2.33742	-0.532307	0.343253	0.48602	918.939
LLLYYLLTGLLYGLLTTLILI	LLLYYLLTGLLTGLLTTLILI	-0.604972	-2.59367	0.413356	0.407346	914.227
LLLYYLLTGLLTGLLTTLILI	LLLYTLLTGLLTGLLTTLILI	-2.74587	-0.925691	0.255144	0.62127	909.276
LLLYTLLTGLLTGLLTTLILI	LLLYTLLTGLLTGLLTWLILI	-0.873134	0.948544	0.673827	0.22865	904.077
LLLYTLLTGLLTGLLTWLILI	LLLYTLLTGLLTGLLGWLILI	1.31165	-0.788294	0.591758	0.271676	898.621
LLLYTLLTGLLTGLLGWLILI	LLLYTLLYGLLTGLLGWLILI	-0.616912	2.54025	0.443059	0.379341	892.899
LLLYTLLYGLLTGLLGWLILI	LLLGTLLYGLLTGLLGWLILI	2.53062	3.41323	0.369715	0.453966	886.903
LLLGTLLYGLLTGLLGWLILI	LLLGTLLTGLLTGLLGWLILI	3.17882	0.225244	0.219549	0.693609	880.623
LLLGTLLTGLLTGLLGWLILI	LLLYTLLTGLLTGLLGWLILI	0.239491	-0.846709	0.707856	0.213262	874.051
LLLYTLLTGLLTGLLGWLILI	LLLYYLLTGLLTGLLGWLILI	-0.616912	-2.13398	0.443059	0.379341	867.179
LLLYYLLTGLLTGLLGWLILI	LLLYTLLTGLLTGLLGWLILI	-2.13398	-0.573244	0.379341	0.443059	859.999
LLLYTLLTGLLTGLLGWLILI	LLLYTLLYGLLTGLLGWLILI	-0.573244	2.54025	0.443059	0.379341	852.504
LLLYTLLYGLLTGLLGWLILI	LLLYTLLTGLLTGLLGWLILI	2.54025	-0.616912	0.379341	0.443059	844.686
LLLYTLLTGLLTGLLGWLILI	LLLYYLLTGLLTGLLGWLILI	-0.616912	-1.78767	0.443059	0.379341	836.541
LLLYYLLTGLLTGLLGWLILI	LLLTYLLTGLLTGLLGWLILI	-1.78767	-1.36077	0.379341	0.443059	828.061
LLLTYLLTGLLTGLLGWLILI	LLLTYLLVGLLTGLLGWLILI	-0.67538	2.3714	1.12845	0.0952708	819.243
LLLTYLLVGLLTGLLGWLILI	LLLTYLLTGLLTGLLGWLILI	2.3714	-0.503521	0.0952708	1.12845	810.083
LLLTYLLTGLLTGLLGWLILI	LLLTYLLTGLLYGLLGWLILI	-1.18892	0.209831	0.443059	0.379341	800.577
LLLTYLLTGLLYGLLGWLILI	LLLTTLLTGLLYGLLGWLILI	0.209831	1.84476	0.379341	0.443059	780.523
LLLTTLLTGLLYGLLGWLILI	LLLTTLLTGLLTGLLGWLILI	1.57352	0.558633	0.171816	0.816184	769.974
LLLTTLLTGLLTGLLGWLILI	LLLTYLLTGLLTGLLGWLILI	0.558633	-1.63927	0.816184	0.171816	759.081
LLLTYLLTGLLTGLLGWLILI	LLLYYLLTGLLTGLLGWLILI	-1.36803	-2.13398	0.443059	0.379341	747.845
LLLYYLLTGLLTGLLGWLILI	LLLYTLLTGLLTGLLGWLILI	-2.13398	-0.573244	0.379341	0.443059	736.272
LLLYTLLTGLLTGLLGWLILI	LLLYYLLTGLLTGLLGWLILI	-0.573244	-2.13691	0.443059	0.379341	724.369
LLLYYLLTGLLTGLLGWLILI	LLLYTLLTGLLTGLLGWLILI	-2.13691	-0.616912	0.379341	0.443059	712.142
LLLYTLLTGLLTGLLGWLILI	LLLYYLLTGLLTGLLGWLILI	-0.616912	-1.94885	0.443059	0.379341	699.602
LLLYYLLTGLLTGLLGWLILI	LLLYTLLTGLLTGLLGWLILI	-1.94885	-0.616912	0.379341	0.443059	686.76
LLLYTLLTGLLTGLLGWLILI	LLLYYLLTGLLTGLLGWLILI	-0.616912	-2.13398	0.443059	0.379341	673.628
LLLYYLLTGLLTGLLGWLILI	LLLYYLLVGLLTGLLGWLILI	-1.58246	1.74899	0.930859	0.137712	646.557
LLLYYLLVGLLTGLLGWLILI	LLLGYLLVGLLTGLLGWLILI	1.98099	2.44328	0.369715	0.453966	632.651
LLLGYLLVGLLTGLLGWLILI	LLLYYLLVGLLTGLLGWLILI	2.44328	1.98099	0.453966	0.369715	618.524
LLLYYLLVGLLTGLLGWLILI	LLLYYLLVGLLTGLLTWLILI	2.06847	3.95454	0.457192	0.366931	604.196
LLLYYLLVGLLTGLLTWLILI	LLLYYLLVGLLTGLLTTLILI	3.93086	1.60966	0.343253	0.48602	589.688
LLLYYLLVGLLTGLLTTLILI	LLLYTLLVGLLTGLLTTLILI	1.42846	3.11453	0.30482	0.538845	575.025
LLLYTLLVGLLTGLLTTLILI	LLLYYLLVGLLTGLLTTLILI	3.11453	1.47917	0.538845	0.30482	560.23
LLLYYLLVGLLTGLLTTLILI	LLLYYLLVGLLTGLLVTLILI	1.9745	4.84449	0.800152	0.177314	545.329
LLLYYLLVGLLTGLLVTLILI	LLLYYLLVGLLTGLLTTLILI	4.84449	1.92309	0.177314	0.800152	530.348
LLLYYLLVGLLTGLLTTLILI	LLLGYLLVGLLTGLLTTLILI	1.57787	1.86985	0.454934	0.368877	515.312
LLLGYLLVGLLTGLLTTLILI	LLLGYLLTGLLTGLLTTLILI	1.57383	-1.21238	0.0728516	1.27634	500.25
LLLGYLLTGLLTGLLTTLILI	LLLYYLLTGLLTGLLTTLILI	-2.11985	-2.36095	0.368877	0.454934	470.152
LLLYYLLTGLLTGLLTTLILI	LLLYTLLTGLLTGLLTTLILI	-2.56074	-0.926392	0.255144	0.62127	313.74
LLLYTLLTGLLTGLLTTLILI	LLLYYLLTGLLTGLLTTLILI	-0.926392	-2.56074	0.62127	0.255144	300.898
LLLYYLLTGLLTGLLTTLILI	LLLGYLLTGLLTGLLTTLILI	-2.36095	-2.11985	0.454934	0.368877	288.358
LLLGYLLTGLLTGLLTTLILI	LLLYYLLTGLLTGLLTTLILI	-2.11985	-2.59268	0.368877	0.454934	276.131
LLLYYLLTGLLTGLLTTLILI	LLLGYLLTGLLTGLLTTLILI	-2.59268	-2.11985	0.454934	0.368877	241.419
LLLGYLLTGLLTGLLTTLILI	LLLYYLLTGLLTGLLTTLILI	-2.11985	-2.54608	0.368877	0.454934	230.526
LLLYYLLTGLLTGLLTTLILI	LLLGYLLTGLLTGLLTTLILI	-2.54608	-2.16675	0.454934	0.368877	209.776
LLLGYLLTGLLTGLLTTLILI	LLLYYLLTGLLTGLLTTLILI	-2.16675	-2.36095	0.368877	0.454934	190.417
LLLYYLLTGLLTGLLTTLILI	LLLGYLLTGLLTGLLTTLILI	-2.36095	-2.11985	0.454934	0.368877	163.959
LLLGYLLTGLLTGLLTTLILI	LLLYYLLTGLLTGLLTTLILI	-2.11985	-2.59198	0.368877	0.454934	147.996
LLLYYLLTGLLTGLLTTLILI	LLLGYLLTGLLTGLLTTLILI	-2.59198	-2.11915	0.454934	0.368877	119.877
LLLGYLLTGLLTGLLTTLILI	LLLYYLLTGLLTGLLTTLILI	-2.11915	-2.59198	0.368877	0.454934	113.597
Time: 239s
