***STARTING GEOMETRY:***
xShift: 8.78
crossingAngle: -40.76
axialRotation: -75.99
zShift: 5.54

Number of MCCycles: 200
PrevSequence	CurrSequence	PrevEnergy	CurrEnergy	PrevEntropy	CurrEntropy	CurrentTemp
LLLTVLLSTLLTTLLATLILI	LLLTVLLSTLLTTLLAWLILI	-10.8449	-11.9361	0.673827	0.22865	999.847
LLLTVLLSTLLTTLLAWLILI	LLLTVLLSTLLTTLLTWLILI	-12.1125	-10.2285	0.0522692	1.46278	999.684
LLLTVLLSTLLTTLLTWLILI	LLLTVLLATLLTTLLTWLILI	-11.0491	-10.3243	0.642213	0.244161	999.512
LLLTVLLATLLTTLLTWLILI	LLLTVLLATLLTTLLTTLILI	-10.3723	-10.4861	0.196163	0.749274	999.328
LLLTVLLATLLTTLLTTLILI	LLLYVLLATLLTTLLTTLILI	-10.2311	-11.1176	1.0043	0.119894	999.134
LLLYVLLATLLTTLLTTLILI	LLLYVLLATLLTTLLTWLILI	-10.5636	-10.2636	0.673827	0.22865	998.928
LLLYVLLATLLTTLLTWLILI	LLLYVLLATLLTTLLSWLILI	-9.49129	-7.08217	1.001	0.120637	998.708
LLLYVLLATLLTTLLSWLILI	LLLYILLATLLTTLLSWLILI	-6.80433	-5.63225	0.398479	0.42245	998.476
LLLYILLATLLTTLLSWLILI	LLLYILLGTLLTTLLSWLILI	-5.77853	-4.65122	0.276169	0.584123	998.229
LLLYILLGTLLTTLLSWLILI	LLLYILLATLLTTLLSWLILI	-4.65122	-5.77213	0.584123	0.276169	997.967
LLLYILLATLLTTLLSWLILI	LLLYILLGTLLTTLLSWLILI	-5.77213	-4.43465	0.276169	0.584123	997.689
LLLYILLGTLLTTLLSWLILI	LLLYILLGTLLTTLLSTLILI	-4.74451	-5.19531	0.274265	0.58734	997.394
LLLYILLGTLLTTLLSTLILI	LLLYFLLGTLLTTLLSTLILI	-5.43143	-9.51847	0.351222	0.47603	997.081
LLLYFLLGTLLTTLLSTLILI	LLLYWLLGTLLTTLLSTLILI	-9.84572	-8.67485	0.148778	0.890414	996.749
LLLYWLLGTLLTTLLSTLILI	LLLYWLLGTLLTYLLSTLILI	-9.02642	-9.41769	0.538845	0.30482	996.397
LLLYWLLGTLLTYLLSTLILI	LLLYWLLGTLLTTLLSTLILI	-9.41769	-9.94479	0.30482	0.538845	996.023
LLLYWLLGTLLTTLLSTLILI	LLLYWLLGTLLTTLLSWLILI	-10.1199	-9.25878	0.363705	0.460972	995.626
LLLYWLLGTLLTTLLSWLILI	LLLYWLLGTLLTTLLSTLILI	-9.25878	-9.96844	0.460972	0.363705	995.205
LLLYWLLGTLLTTLLSTLILI	LLLYWLLGTLLTYLLSTLILI	-9.7933	-9.41127	0.538845	0.30482	994.758
LLLYWLLGTLLTYLLSTLILI	LLLYWLLGTLLTTLLSTLILI	-9.41127	-9.7933	0.30482	0.538845	994.285
LLLYWLLGTLLTTLLSTLILI	LLLYFLLGTLLTTLLSTLILI	-9.44173	-9.84572	0.890414	0.148778	993.782
LLLYFLLGTLLTTLLSTLILI	LLLYFLLGTLLTTLLTTLILI	-9.8961	-12.0566	0.0983968	1.11086	993.249
LLLYFLLGTLLTTLLTTLILI	LLLYWLLGTLLTTLLTTLILI	-13.0187	-11.7065	0.148778	0.890414	992.683
LLLYWLLGTLLTTLLTTLILI	LLLYWLLTTLLTTLLTTLILI	-12.5249	-10.5568	0.0720446	1.28254	992.084
LLLYWLLTTLLTTLLTTLILI	LLLYWLLTTLLTTLLSTLILI	-10.6358	-13.3257	1.20349	0.0830916	991.448
LLLYWLLTTLLTTLLSTLILI	LLLYWLLGTLLTTLLSTLILI	-12.2207	-10.4046	1.18802	0.0854581	990.773
LLLYWLLGTLLTTLLSTLILI	LLLYFLLGTLLTTLLSTLILI	-9.59964	-9.85214	0.890414	0.148778	990.058
LLLYFLLGTLLTTLLSTLILI	LLLYFLLGTLLTTLLTTLILI	-9.90252	-12.0792	0.0983968	1.11086	989.3
LLLYFLLGTLLTTLLTTLILI	LLLYFLLGTLLTTLLTWLILI	-12.5162	-12.1989	0.673827	0.22865	988.496
LLLYFLLGTLLTTLLTWLILI	LLLYFLLGTLLTTLLTTLILI	-12.1989	-12.5253	0.22865	0.673827	987.644
LLLYFLLGTLLTTLLTTLILI	LLLYFLLGTLLTTLLTWLILI	-12.5253	-12.285	0.673827	0.22865	986.74
LLLYFLLGTLLTTLLTWLILI	LLLYFLLGTLLTYLLTWLILI	-11.9748	-11.1024	0.538845	0.30482	985.783
LLLYFLLGTLLTYLLTWLILI	LLLYFLLGTLLTYLLSWLILI	-10.5413	-7.5961	0.865998	0.155943	984.769
LLLYFLLGTLLTYLLSWLILI	LLLYFLLGTLLTYLLSTLILI	-7.40879	-8.68551	0.343253	0.48602	983.694
LLLYFLLGTLLTYLLSTLILI	LLLYFLLGTLLTYLLTTLILI	-9.05089	-11.7623	0.120637	1.001	982.555
LLLYFLLGTLLTYLLTTLILI	LLLYWLLGTLLTYLLTTLILI	-12.6145	-12.3924	0.148778	0.890414	981.348
LLLYWLLGTLLTYLLTTLILI	LLLYWLLTTLLTYLLTTLILI	-13.1974	-14.646	0.0854581	1.18802	980.071
LLLYWLLTTLLTYLLTTLILI	LLLYYLLTTLLTYLLTTLILI	-15.5619	-18.6403	0.272043	0.591129	978.717
LLLYYLLTTLLTYLLTTLILI	LLLYYLLTTLLTYLLTWLILI	-18.5576	-17.6694	0.673827	0.22865	977.285
LLLYYLLTTLLTYLLTWLILI	LLLYYLLTTLLTYLLTTLILI	-17.6694	-18.5715	0.22865	0.673827	975.768
LLLYYLLTTLLTYLLTTLILI	LLLGYLLTTLLTYLLTTLILI	-18.1648	-21.2135	1.08052	0.104052	974.162
LLLGYLLTTLLTYLLTTLILI	LLLGYLLTTLLTTLLTTLILI	-21.098	-20.9037	0.219549	0.693609	972.463
LLLGYLLTTLLTTLLTTLILI	LLLGYLLTTLLTFLLTTLILI	-20.2396	-20.1549	1.35772	0.0629772	970.666
LLLGYLLTTLLTFLLTTLILI	LLLGYLLTTLLTTLLTTLILI	-20.1549	-21.2006	0.0629772	1.35772	968.764
LLLGYLLTTLLTTLLTTLILI	LLLGYLLTTLLTTLLTYLILI	-21.8647	-20.5399	0.693609	0.219549	966.754
LLLGYLLTTLLTTLLTYLILI	LLLGYLLTILLTTLLTYLILI	-19.3866	-16.3708	1.37292	0.0612961	964.627
LLLGYLLTILLTTLLTYLILI	LLLGYLLTILLTTLLTTLILI	-16.177	-17.0318	0.255144	0.62127	962.38
LLLGYLLTILLTTLLTTLILI	LLLGYLLTILLTTLLWTLILI	-16.9792	-16.1017	0.673827	0.22865	960.005
LLLGYLLTILLTTLLWTLILI	LLLGYLLTILLTTLLTTLILI	-16.1017	-16.9702	0.22865	0.673827	957.496
LLLGYLLTILLTTLLTTLILI	LLLGYLLTILLTTLLTWLILI	-16.9702	-16.9097	0.673827	0.22865	954.846
LLLGYLLTILLTTLLTWLILI	LLLGYLLTTLLTTLLTWLILI	-17.0771	-19.676	0.0612961	1.37292	952.048
LLLGYLLTTLLTTLLTWLILI	LLLYYLLTTLLTTLLTWLILI	-20.899	-18.3307	0.149938	0.886373	949.095
LLLYYLLTTLLTTLLTWLILI	LLLGYLLTTLLTTLLTWLILI	-18.3307	-21.7207	0.886373	0.149938	945.979
LLLGYLLTTLLTTLLTWLILI	LLLGYLLTTLLTTLLTTLILI	-21.6744	-21.8368	0.196163	0.749274	942.693
LLLGYLLTTLLTTLLTTLILI	LLLGYLLTTLLTYLLTTLILI	-21.8925	-21.4923	0.693609	0.219549	939.229
LLLGYLLTTLLTYLLTTLILI	LLLGYLLTTLLTFLLTTLILI	-20.7591	-21.0499	0.952787	0.132101	935.578
LLLGYLLTTLLTFLLTTLILI	LLLGYLLTTLLTFLLSTLILI	-20.0711	-17.5269	1.11086	0.0983968	931.732
LLLGYLLTTLLTFLLSTLILI	LLLGYLLTTLLTTLLSTLILI	-17.5505	-18.1204	0.0748068	1.26162	927.683
LLLGYLLTTLLTTLLSTLILI	LLLGYLLTTLLTWLLSTLILI	-18.7082	-17.5812	0.673827	0.22865	923.422
LLLGYLLTTLLTWLLSTLILI	LLLGYLLTTLLTWLLGTLILI	-17.5382	-16.8166	0.271616	0.591862	918.939
LLLGYLLTTLLTWLLGTLILI	LLLYYLLTTLLTWLLGTLILI	-17.139	-15.0763	0.269472	0.595564	914.227
LLLYYLLTTLLTWLLGTLILI	LLLYYLLTTLLTTLLGTLILI	-15.4432	-14.4016	0.22865	0.673827	909.276
LLLYYLLTTLLTTLLGTLILI	LLLGYLLTTLLTTLLGTLILI	-14.4799	-17.6626	0.595564	0.269472	904.077
LLLGYLLTTLLTTLLGTLILI	LLLGYLLFTLLTTLLGTLILI	-16.6704	-14.126	1.26162	0.0748068	898.621
LLLGYLLFTLLTTLLGTLILI	LLLGYLLFTLLTTLLTTLILI	-14.0407	-18.2588	0.160122	0.85234	892.899
LLLGYLLFTLLTTLLTTLILI	LLLGYLLFTLLTTLLWTLILI	-18.4373	-17.8935	0.673827	0.22865	886.903
LLLGYLLFTLLTTLLWTLILI	LLLGYLLFTLLTTLLTTLILI	-17.8935	-18.4335	0.22865	0.673827	880.623
LLLGYLLFTLLTTLLTTLILI	LLLGYLLFTLLTYLLTTLILI	-18.4861	-18.2152	0.62127	0.255144	874.051
LLLGYLLFTLLTYLLTTLILI	LLLGYLLFTLLTTLLTTLILI	-18.2152	-18.5177	0.255144	0.62127	867.179
LLLGYLLFTLLTTLLTTLILI	LLLGYLLFTLLTFLLTTLILI	-18.2213	-17.6082	0.917682	0.141213	859.999
LLLGYLLFTLLTFLLTTLILI	LLLGYLLFTLLTYLLTTLILI	-17.5094	-18.0328	0.240035	0.650378	852.504
LLLGYLLFTLLTYLLTTLILI	LLLGYLLFTLLTTLLTTLILI	-18.428	-18.2996	0.255144	0.62127	844.686
LLLGYLLFTLLTTLLTTLILI	LLLGYLLFTLLTTLLTWLILI	-18.247	-18.197	0.673827	0.22865	836.541
LLLGYLLFTLLTTLLTWLILI	LLLGYLLFTLLTTLLTTLILI	-18.197	-18.4652	0.22865	0.673827	828.061
LLLGYLLFTLLTTLLTTLILI	LLLGYLLFTLLTYLLTTLILI	-18.5177	-18.4468	0.62127	0.255144	819.243
LLLGYLLFTLLTYLLTTLILI	LLLGYLLFTLLTTLLTTLILI	-18.4468	-18.2859	0.255144	0.62127	810.083
LLLGYLLFTLLTTLLTTLILI	LLLGYLLFTLLTTLLTWLILI	-18.2334	-18.2248	0.673827	0.22865	800.577
LLLGYLLFTLLTTLLTWLILI	LLLGYLLFTLLTTLLTTLILI	-18.2248	-18.4561	0.22865	0.673827	790.724
LLLGYLLFTLLTTLLTTLILI	LLLGYLLFTLLTTLLTWLILI	-18.4561	-17.984	0.673827	0.22865	780.523
LLLGYLLFTLLTTLLTWLILI	LLLGYLLFTLLTTLLTTLILI	-17.984	-18.2334	0.22865	0.673827	769.974
LLLGYLLFTLLTTLLTTLILI	LLLGYLLTTLLTTLLTTLILI	-18.8442	-21.1669	0.0629772	1.35772	759.081
LLLGYLLTTLLTTLLTTLILI	LLLGYLLTTLLTTLLWTLILI	-21.7754	-21.2199	0.749274	0.196163	747.845
LLLGYLLTTLLTTLLWTLILI	LLLGYLLTILLTTLLWTLILI	-20.0432	-16.7883	1.37292	0.0612961	736.272
LLLGYLLTILLTTLLWTLILI	LLLGYLLTTLLTTLLWTLILI	-16.7883	-20.4219	0.0612961	1.37292	712.142
LLLGYLLTTLLTTLLWTLILI	LLLGYLLTTLLTTLLTTLILI	-21.5986	-21.5791	0.196163	0.749274	604.196
LLLGYLLTTLLTTLLTTLILI	LLLGYLLTTLLTTLLTWLILI	-21.5791	-21.7043	0.749274	0.196163	589.688
LLLGYLLTTLLTTLLTWLILI	LLLGYLLTTLLTYLLTWLILI	-21.2792	-20.5297	0.62127	0.255144	575.025
LLLGYLLTTLLTYLLTWLILI	LLLGYLLTTLLTTLLTWLILI	-20.5297	-20.333	0.255144	0.62127	545.329
LLLGYLLTTLLTTLLTWLILI	LLLGYLLTTLLTFLLTWLILI	-19.6926	-20.512	1.26162	0.0748068	515.312
LLLGYLLTTLLTFLLTWLILI	LLLGYLLTTLLTYLLTWLILI	-20.4547	-19.802	0.132101	0.952787	500.25
LLLGYLLTTLLTYLLTWLILI	LLLGYLLTTLLTTLLTWLILI	-20.4997	-21.2475	0.255144	0.62127	485.188
LLLGYLLTTLLTTLLTWLILI	LLLGYLLTTLLTTLLTTLILI	-21.6726	-21.7791	0.196163	0.749274	470.152
LLLGYLLTTLLTTLLTTLILI	LLLGYLLTTLLTFLLTTLILI	-21.1706	-20.2953	1.35772	0.0629772	455.171
LLLGYLLTTLLTFLLTTLILI	LLLGYLLFTLLTFLLTTLILI	-19.4406	-17.3804	0.917682	0.141213	440.27
LLLGYLLFTLLTFLLTTLILI	LLLGYLLFTLLTTLLTTLILI	-17.3804	-17.9579	0.141213	0.917682	425.475
LLLGYLLFTLLTTLLTTLILI	LLLGYLLFTLLTYLLTTLILI	-18.2543	-18.1964	0.62127	0.255144	410.812
LLLGYLLFTLLTYLLTTLILI	LLLGYLLFTLLTTLLTTLILI	-18.1964	-18.2859	0.255144	0.62127	396.304
LLLGYLLFTLLTTLLTTLILI	LLLGYLLFTLLTTLLTWLILI	-18.2334	-17.9931	0.673827	0.22865	381.976
LLLGYLLFTLLTTLLTWLILI	LLLGYLLFTLLTTLLTTLILI	-17.9931	-18.4652	0.22865	0.673827	367.849
LLLGYLLFTLLTTLLTTLILI	LLLGYLLFTLLTTLLWTLILI	-18.4652	-17.3442	0.673827	0.22865	353.943
LLLGYLLFTLLTTLLWTLILI	LLLGYLLFTLLTTLLTTLILI	-17.3442	-18.1385	0.22865	0.673827	340.278
LLLGYLLFTLLTTLLTTLILI	LLLGYLLFTLLTTLLTYLILI	-18.1911	-17.9956	0.62127	0.255144	326.872
LLLGYLLFTLLTTLLTYLILI	LLLGYLLTTLLTTLLTYLILI	-18.1759	-20.4351	0.0748068	1.26162	300.898
LLLGYLLTTLLTTLLTYLILI	LLLGYLLTTLLTFLLTYLILI	-20.4351	-20.2052	1.26162	0.0748068	276.131
LLLGYLLTTLLTFLLTYLILI	LLLGYLLTTLLTFLLTTLILI	-20.0248	-20.5885	0.255144	0.62127	264.228
LLLGYLLTTLLTFLLTTLILI	LLLGYLLTTLLTTLLTTLILI	-21.1467	-20.8421	0.0629772	1.35772	252.655
LLLGYLLTTLLTTLLTTLILI	LLLGYLLTTLLTYLLTTLILI	-21.5062	-21.8898	0.693609	0.219549	241.419
LLLGYLLTTLLTYLLTTLILI	LLLGYLLTTLLTYLLTFLILI	-20.8478	-19.636	1.26162	0.0748068	219.977
LLLGYLLTTLLTYLLTFLILI	LLLGYLLTTLLTTLLTFLILI	-19.4556	-19.9508	0.255144	0.62127	190.417
LLLGYLLTTLLTTLLTFLILI	LLLGYLLTTLLTFLLTFLILI	-19.6544	-19.8252	0.917682	0.141213	181.257
LLLGYLLTTLLTFLLTFLILI	LLLGYLLTTLLTFLLTTLILI	-19.8252	-20.2306	0.141213	0.917682	172.439
LLLGYLLTTLLTFLLTTLILI	LLLGYLLTTLLTTLLTTLILI	-21.0853	-20.7953	0.0629772	1.35772	163.959
LLLGYLLTTLLTTLLTTLILI	LLLGYLLTTLLTFLLTTLILI	-20.7953	-21.119	1.35772	0.0629772	155.814
LLLGYLLTTLLTFLLTTLILI	LLLGYLLTTLLTFLLTWLILI	-20.5081	-20.1301	0.673827	0.22865	147.996
LLLGYLLTTLLTFLLTWLILI	LLLGYLLTTLLTFLLTTLILI	-20.1301	-20.4969	0.22865	0.673827	140.501
LLLGYLLTTLLTFLLTTLILI	LLLGYLLTTLLTTLLTTLILI	-21.1078	-21.1967	0.0629772	1.35772	126.449
LLLGYLLTTLLTTLLTTLILI	LLLGYLLTTLLTTLLTWLILI	-21.8052	-21.8988	0.749274	0.196163	119.877
LLLGYLLTTLLTTLLTWLILI	LLLGYLLTTLLTTLLTYLILI	-21.7228	-21.2247	0.372136	0.451187	101.879
LLLGYLLTTLLTTLLTYLILI	LLLGYLLTTLLTTLLTTLILI	-21.4563	-21.0598	0.219549	0.693609	96.4228
LLLGYLLTTLLTTLLTTLILI	LLLGYLLTTLLTTLLTWLILI	-21.0042	-21.2751	0.749274	0.196163	91.2238
LLLGYLLTTLLTTLLTWLILI	LLLGYLLTTLLTFLLTWLILI	-20.2096	-20.3137	1.26162	0.0748068	77.0783
LLLGYLLTTLLTFLLTWLILI	LLLGYLLTTLLTTLLTWLILI	-20.3137	-20.5774	0.0748068	1.26162	72.8169
LLLGYLLTTLLTTLLTWLILI	LLLGYLLTTLLTFLLTWLILI	-20.5774	-20.5444	1.26162	0.0748068	68.7677
LLLGYLLTTLLTFLLTWLILI	LLLGYLLTTLLTFLLTTLILI	-20.3905	-20.4781	0.22865	0.673827	64.9219
LLLGYLLTTLLTFLLTTLILI	LLLGYLLTTLLTTLLTTLILI	-21.089	-21.1986	0.0629772	1.35772	54.5206
LLLGYLLTTLLTTLLTTLILI	LLLGYLLTTLLTTLLTWLILI	-21.807	-21.6726	0.749274	0.196163	48.4519
LLLGYLLTTLLTTLLTWLILI	LLLGYLLTTLLTTLLTTLILI	-21.6726	-21.807	0.196163	0.749274	33.7464
LLLGYLLTTLLTTLLTTLILI	LLLGYLLTTLLTYLLTTLILI	-21.8627	-21.8637	0.693609	0.219549	28.0365
LLLGYLLTTLLTYLLTTLILI	LLLGYLLTTLLTTLLTTLILI	-21.8637	-21.8835	0.219549	0.693609	26.3376
LLLGYLLTTLLTTLLTTLILI	LLLGYLLTTLLTYLLTTLILI	-21.8835	-21.8898	0.693609	0.219549	20.4295
LLLGYLLTTLLTYLLTTLILI	LLLGYLLTTLLTTLLTTLILI	-21.8898	-21.8535	0.219549	0.693609	9.05236
LLLGYLLTTLLTTLLTTLILI	LLLGYLLTTLLTYLLTTLILI	-21.8535	-21.9215	0.693609	0.219549	6.71797
Time: 333s
