MCAccept 0 xShift: 7.15329 crossingAngle: -42.4386 axialRotation: -68.8205 zShift: 0.541392 energy: 20.5875
MCReject   xShift: 7.15329 crossingAngle: -42.1872 axialRotation: -68.8205 zShift: 0.541392 energy: 20.8245
MCReject   xShift: 7.1274 crossingAngle: -42.4386 axialRotation: -68.8205 zShift: 0.541392 energy: 20.6368
MCAccept 1 xShift: 7.15346 crossingAngle: -42.4386 axialRotation: -68.8205 zShift: 0.541392 energy: 20.8245
MCAccept 2 xShift: 7.15346 crossingAngle: -42.4386 axialRotation: -68.8552 zShift: 0.541392 energy: 20.8245
MCAccept 3 xShift: 7.15346 crossingAngle: -42.4386 axialRotation: -68.77 zShift: 0.541392 energy: 20.8245
MCAccept 4 xShift: 7.15346 crossingAngle: -42.5586 axialRotation: -68.77 zShift: 0.541392 energy: 20.8245
MCAccept 5 xShift: 7.15346 crossingAngle: -42.5586 axialRotation: -68.7075 zShift: 0.541392 energy: 20.6368
MCAccept 6 xShift: 7.15346 crossingAngle: -42.5586 axialRotation: -68.7075 zShift: 0.54653 energy: 20.7179
MCAccept 7 xShift: 7.15346 crossingAngle: -42.6442 axialRotation: -68.7075 zShift: 0.54653 energy: 20.7179
MCAccept 8 xShift: 7.15346 crossingAngle: -42.6442 axialRotation: -68.5638 zShift: 0.54653 energy: 20.5363
MCAccept 9 xShift: 7.15346 crossingAngle: -42.6442 axialRotation: -68.5307 zShift: 0.54653 energy: 20.5363
MCAccept 10 xShift: 7.15346 crossingAngle: -42.7162 axialRotation: -68.5307 zShift: 0.54653 energy: 20.5363
MCReject   xShift: 7.16204 crossingAngle: -42.7162 axialRotation: -68.5307 zShift: 0.54653 energy: 20.7179
MCAccept 11 xShift: 7.15346 crossingAngle: -42.7162 axialRotation: -68.827 zShift: 0.54653 energy: 20.5363
MCAccept 12 xShift: 7.15346 crossingAngle: -42.7162 axialRotation: -68.827 zShift: 0.554007 energy: 20.3439
MCReject   xShift: 7.15245 crossingAngle: -42.7162 axialRotation: -68.827 zShift: 0.554007 energy: 20.5662
MCAccept 13 xShift: 7.15346 crossingAngle: -42.7162 axialRotation: -68.827 zShift: 0.557342 energy: 20.2814
MCReject   xShift: 7.15346 crossingAngle: -42.7162 axialRotation: -68.827 zShift: 0.550946 energy: 20.6278
MCReject   xShift: 7.15346 crossingAngle: -42.76 axialRotation: -68.827 zShift: 0.557342 energy: 20.4998
MCReject   xShift: 7.15346 crossingAngle: -42.7162 axialRotation: -68.827 zShift: 0.564187 energy: 20.3662
MCAccept 14 xShift: 7.14031 crossingAngle: -42.7162 axialRotation: -68.827 zShift: 0.557342 energy: 20.2814
MCAccept 15 xShift: 7.14031 crossingAngle: -42.7162 axialRotation: -68.6191 zShift: 0.557342 energy: 20.2814
MCReject   xShift: 7.14031 crossingAngle: -42.7162 axialRotation: -68.6156 zShift: 0.557342 energy: 20.4998
MCAccept 16 xShift: 7.13386 crossingAngle: -42.7162 axialRotation: -68.6191 zShift: 0.557342 energy: 20.331
MCAccept 17 xShift: 7.13386 crossingAngle: -42.7162 axialRotation: -68.4324 zShift: 0.557342 energy: 20.331
MCReject   xShift: 7.13386 crossingAngle: -42.7162 axialRotation: -68.4231 zShift: 0.557342 energy: 20.4998
MCAccept 18 xShift: 7.13386 crossingAngle: -42.7162 axialRotation: -68.4264 zShift: 0.557342 energy: 20.039
MCReject   xShift: 7.13386 crossingAngle: -42.7162 axialRotation: -68.3174 zShift: 0.557342 energy: 20.4998
MCReject   xShift: 7.13567 crossingAngle: -42.7162 axialRotation: -68.4264 zShift: 0.557342 energy: 20.4998
MCReject   xShift: 7.13386 crossingAngle: -42.7162 axialRotation: -68.4264 zShift: 0.567801 energy: 20.1405
MCReject   xShift: 7.13386 crossingAngle: -42.7162 axialRotation: -68.4264 zShift: 0.554853 energy: 20.5493
MCReject   xShift: 7.13386 crossingAngle: -42.8995 axialRotation: -68.4264 zShift: 0.557342 energy: 20.4998
MCReject   xShift: 7.13386 crossingAngle: -42.7162 axialRotation: -68.4264 zShift: 0.561566 energy: 20.2531
MCReject   xShift: 7.13183 crossingAngle: -42.7162 axialRotation: -68.4264 zShift: 0.557342 energy: 20.331
MCReject   xShift: 7.15149 crossingAngle: -42.7162 axialRotation: -68.4264 zShift: 0.557342 energy: 20.4998
MCReject   xShift: 7.13386 crossingAngle: -42.7162 axialRotation: -68.4227 zShift: 0.557342 energy: 20.2814
MCAccept 19 xShift: 7.13386 crossingAngle: -42.7162 axialRotation: -68.4687 zShift: 0.557342 energy: 20.4998
MCReject   xShift: 7.13386 crossingAngle: -42.7162 axialRotation: -68.4687 zShift: 0.534878 energy: 20.9625
MCAccept 20 xShift: 7.15089 crossingAngle: -42.7162 axialRotation: -68.4687 zShift: 0.557342 energy: 20.4998
MCAccept 21 xShift: 7.15089 crossingAngle: -42.7093 axialRotation: -68.4687 zShift: 0.557342 energy: 20.2814
MCAccept 22 xShift: 7.15089 crossingAngle: -42.869 axialRotation: -68.4687 zShift: 0.557342 energy: 20.4998
MCAccept 23 xShift: 7.15089 crossingAngle: -42.9019 axialRotation: -68.4687 zShift: 0.557342 energy: 20.4998
MCAccept 24 xShift: 7.15089 crossingAngle: -42.8396 axialRotation: -68.4687 zShift: 0.557342 energy: 20.2814
MCReject   xShift: 7.15089 crossingAngle: -42.622 axialRotation: -68.4687 zShift: 0.557342 energy: 20.4998
MCAccept 25 xShift: 7.15089 crossingAngle: -42.8396 axialRotation: -68.6648 zShift: 0.557342 energy: 20.4998
MCAccept 26 xShift: 7.15089 crossingAngle: -42.8396 axialRotation: -68.6648 zShift: 0.564088 energy: 20.3681
MCAccept 27 xShift: 7.15089 crossingAngle: -42.8396 axialRotation: -68.6648 zShift: 0.566346 energy: 20.1168
MCReject   xShift: 7.16385 crossingAngle: -42.8396 axialRotation: -68.6648 zShift: 0.566346 energy: 20.1666
MCAccept 28 xShift: 7.15089 crossingAngle: -42.8396 axialRotation: -68.6648 zShift: 0.556754 energy: 20.5115
MCAccept 29 xShift: 7.15089 crossingAngle: -42.8396 axialRotation: -68.6507 zShift: 0.556754 energy: 20.5115
MCAccept 30 xShift: 7.157 crossingAngle: -42.8396 axialRotation: -68.6507 zShift: 0.556754 energy: 20.5115
MCAccept 31 xShift: 7.15237 crossingAngle: -42.8396 axialRotation: -68.6507 zShift: 0.556754 energy: 20.5115
MCAccept 32 xShift: 7.16303 crossingAngle: -42.8396 axialRotation: -68.6507 zShift: 0.556754 energy: 20.342
MCReject   xShift: 7.16303 crossingAngle: -42.8396 axialRotation: -68.8317 zShift: 0.556754 energy: 20.5115
MCAccept 33 xShift: 7.16303 crossingAngle: -42.8396 axialRotation: -68.4514 zShift: 0.556754 energy: 20.5115
MCAccept 34 xShift: 7.16303 crossingAngle: -42.8396 axialRotation: -68.5609 zShift: 0.556754 energy: 20.342
MCReject   xShift: 7.15806 crossingAngle: -42.8396 axialRotation: -68.5609 zShift: 0.556754 energy: 20.5115
MCAccept 35 xShift: 7.16303 crossingAngle: -42.8396 axialRotation: -68.5609 zShift: 0.565399 energy: 20.1836
MCAccept 36 xShift: 7.16303 crossingAngle: -42.8396 axialRotation: -68.5609 zShift: 0.564312 energy: 20.1535
MCAccept 37 xShift: 7.16303 crossingAngle: -42.8396 axialRotation: -68.5609 zShift: 0.58203 energy: 19.8942
MCAccept 38 xShift: 7.16303 crossingAngle: -42.7116 axialRotation: -68.5609 zShift: 0.58203 energy: 20.0338
MCAccept 39 xShift: 7.16303 crossingAngle: -42.7116 axialRotation: -68.5609 zShift: 0.604049 energy: 19.4914
MCAccept 40 xShift: 7.15848 crossingAngle: -42.7116 axialRotation: -68.5609 zShift: 0.604049 energy: 19.6558
MCAccept 41 xShift: 7.15848 crossingAngle: -42.7116 axialRotation: -68.5227 zShift: 0.604049 energy: 19.5419
MCAccept 42 xShift: 7.16726 crossingAngle: -42.7116 axialRotation: -68.5227 zShift: 0.604049 energy: 19.4914
MCAccept 43 xShift: 7.16726 crossingAngle: -42.7116 axialRotation: -68.4869 zShift: 0.604049 energy: 19.6558
MCAccept 44 xShift: 7.16726 crossingAngle: -42.7116 axialRotation: -68.4869 zShift: 0.598159 energy: 19.5823
MCAccept 45 xShift: 7.16726 crossingAngle: -42.7116 axialRotation: -68.4869 zShift: 0.605827 energy: 19.515
MCReject   xShift: 7.16726 crossingAngle: -42.677 axialRotation: -68.4869 zShift: 0.605827 energy: 19.6268
MCAccept 46 xShift: 7.16726 crossingAngle: -42.7116 axialRotation: -68.4869 zShift: 0.622801 energy: 19.2187
MCReject   xShift: 7.16726 crossingAngle: -42.8865 axialRotation: -68.4869 zShift: 0.622801 energy: 19.3617
MCAccept 47 xShift: 7.16726 crossingAngle: -42.7116 axialRotation: -68.4869 zShift: 0.622915 energy: 19.2172
MCReject   xShift: 7.16726 crossingAngle: -42.6525 axialRotation: -68.4869 zShift: 0.622915 energy: 19.36
MCReject   xShift: 7.17266 crossingAngle: -42.7116 axialRotation: -68.4869 zShift: 0.622915 energy: 19.36
MCReject   xShift: 7.15634 crossingAngle: -42.7116 axialRotation: -68.4869 zShift: 0.622915 energy: 19.36
MCReject   xShift: 7.16726 crossingAngle: -42.7116 axialRotation: -68.6054 zShift: 0.622915 energy: 19.36
MCAccept 48 xShift: 7.16726 crossingAngle: -42.7116 axialRotation: -68.2988 zShift: 0.622915 energy: 19.36
MCAccept 49 xShift: 7.16726 crossingAngle: -42.7116 axialRotation: -68.4818 zShift: 0.622915 energy: 19.36
MCAccept 50 xShift: 7.17254 crossingAngle: -42.7116 axialRotation: -68.4818 zShift: 0.622915 energy: 19.36
MCAccept 51 xShift: 7.17254 crossingAngle: -42.7116 axialRotation: -68.5557 zShift: 0.622915 energy: 19.36
MCAccept 52 xShift: 7.17254 crossingAngle: -42.7116 axialRotation: -68.4674 zShift: 0.622915 energy: 19.2681
MCReject   xShift: 7.17254 crossingAngle: -42.7116 axialRotation: -68.6254 zShift: 0.622915 energy: 19.36
MCAccept 53 xShift: 7.17254 crossingAngle: -42.7116 axialRotation: -68.6494 zShift: 0.622915 energy: 19.2172
MCAccept 54 xShift: 7.17254 crossingAngle: -42.7116 axialRotation: -68.6558 zShift: 0.622915 energy: 19.2172
MCReject   xShift: 7.17254 crossingAngle: -42.5718 axialRotation: -68.6558 zShift: 0.622915 energy: 19.36
MCReject   xShift: 7.16553 crossingAngle: -42.7116 axialRotation: -68.6558 zShift: 0.622915 energy: 19.36
MCReject   xShift: 7.17254 crossingAngle: -42.7516 axialRotation: -68.6558 zShift: 0.622915 energy: 19.2681
MCReject   xShift: 7.17254 crossingAngle: -42.5855 axialRotation: -68.6558 zShift: 0.622915 energy: 19.2681
MCReject   xShift: 7.17254 crossingAngle: -42.7116 axialRotation: -68.6558 zShift: 0.610224 energy: 19.5561
MCReject   xShift: 7.17254 crossingAngle: -42.8534 axialRotation: -68.6558 zShift: 0.622915 energy: 19.36
MCAccept 55 xShift: 7.17254 crossingAngle: -42.7116 axialRotation: -68.6558 zShift: 0.637196 energy: 19.0781
MCAccept 56 xShift: 7.17254 crossingAngle: -42.7191 axialRotation: -68.6558 zShift: 0.637196 energy: 19.1535
MCAccept 57 xShift: 7.17254 crossingAngle: -42.7232 axialRotation: -68.6558 zShift: 0.637196 energy: 19.1535
MCAccept 58 xShift: 7.17254 crossingAngle: -42.7232 axialRotation: -68.8889 zShift: 0.637196 energy: 19.0268
MCReject   xShift: 7.17254 crossingAngle: -42.9424 axialRotation: -68.8889 zShift: 0.637196 energy: 19.0781
MCAccept 59 xShift: 7.17254 crossingAngle: -42.9591 axialRotation: -68.8889 zShift: 0.637196 energy: 19.0268
MCReject   xShift: 7.17254 crossingAngle: -42.9591 axialRotation: -68.8889 zShift: 0.640685 energy: 19.1053
MCAccept 60 xShift: 7.17078 crossingAngle: -42.9591 axialRotation: -68.8889 zShift: 0.637196 energy: 19.0268
MCReject   xShift: 7.17078 crossingAngle: -43.1778 axialRotation: -68.8889 zShift: 0.637196 energy: 19.1535
MCReject   xShift: 7.17078 crossingAngle: -42.7517 axialRotation: -68.8889 zShift: 0.637196 energy: 19.1535
MCReject   xShift: 7.17078 crossingAngle: -42.9591 axialRotation: -69.0731 zShift: 0.637196 energy: 19.1535
MCReject   xShift: 7.17078 crossingAngle: -42.9591 axialRotation: -68.9085 zShift: 0.637196 energy: 19.0781
MCReject   xShift: 7.16422 crossingAngle: -42.9591 axialRotation: -68.8889 zShift: 0.637196 energy: 19.1535
MCReject   xShift: 7.17078 crossingAngle: -42.9591 axialRotation: -68.8929 zShift: 0.637196 energy: 19.0781
MCAccept 61 xShift: 7.17078 crossingAngle: -42.9591 axialRotation: -68.8889 zShift: 0.63457 energy: 19.1119
MCReject   xShift: 7.17078 crossingAngle: -43.0246 axialRotation: -68.8889 zShift: 0.63457 energy: 19.1903
MCReject   xShift: 7.17078 crossingAngle: -42.9591 axialRotation: -68.8889 zShift: 0.628357 energy: 19.2796
MCAccept 62 xShift: 7.17078 crossingAngle: -42.9407 axialRotation: -68.8889 zShift: 0.63457 energy: 19.0607
MCReject   xShift: 7.17662 crossingAngle: -42.9407 axialRotation: -68.8889 zShift: 0.63457 energy: 19.1119
MCReject   xShift: 7.17078 crossingAngle: -42.989 axialRotation: -68.8889 zShift: 0.63457 energy: 19.1903
MCReject   xShift: 7.17078 crossingAngle: -42.9407 axialRotation: -68.9112 zShift: 0.63457 energy: 19.1119
MCReject   xShift: 7.17997 crossingAngle: -42.9407 axialRotation: -68.8889 zShift: 0.63457 energy: 19.1119
MCReject   xShift: 7.17078 crossingAngle: -42.9407 axialRotation: -69.0108 zShift: 0.63457 energy: 19.1903
MCAccept 63 xShift: 7.17078 crossingAngle: -43.0202 axialRotation: -68.8889 zShift: 0.63457 energy: 18.91
MCReject   xShift: 7.17078 crossingAngle: -43.0202 axialRotation: -68.8373 zShift: 0.63457 energy: 19.1903
MCReject   xShift: 7.17078 crossingAngle: -43.0202 axialRotation: -69.1556 zShift: 0.63457 energy: 19.0607
MCReject   xShift: 7.17078 crossingAngle: -43.0202 axialRotation: -68.9979 zShift: 0.63457 energy: 19.1903
MCReject   xShift: 7.17078 crossingAngle: -43.1168 axialRotation: -68.8889 zShift: 0.63457 energy: 19.1903
MCReject   xShift: 7.17078 crossingAngle: -43.0202 axialRotation: -68.796 zShift: 0.63457 energy: 19.0607
MCReject   xShift: 7.17078 crossingAngle: -43.0202 axialRotation: -68.768 zShift: 0.63457 energy: 19.0607
MCAccept 64 xShift: 7.18518 crossingAngle: -43.0202 axialRotation: -68.8889 zShift: 0.63457 energy: 18.91
MCReject   xShift: 7.18518 crossingAngle: -43.0202 axialRotation: -68.8889 zShift: 0.643349 energy: 19.0691
MCReject   xShift: 7.17973 crossingAngle: -43.0202 axialRotation: -68.8889 zShift: 0.63457 energy: 19.1119
MCReject   xShift: 7.18518 crossingAngle: -42.985 axialRotation: -68.8889 zShift: 0.63457 energy: 19.0607
MCReject   xShift: 7.18518 crossingAngle: -43.0202 axialRotation: -68.8889 zShift: 0.650825 energy: 18.9703
MCAccept 65 xShift: 7.18518 crossingAngle: -43.0202 axialRotation: -68.8889 zShift: 0.646706 energy: 18.9082
MCAccept 66 xShift: 7.18518 crossingAngle: -43.0202 axialRotation: -68.8889 zShift: 0.657599 energy: 18.8843
MCReject   xShift: 7.18518 crossingAngle: -43.0202 axialRotation: -68.8889 zShift: 0.643727 energy: 18.9961
MCReject   xShift: 7.18518 crossingAngle: -43.0202 axialRotation: -68.8889 zShift: 0.644326 energy: 19.0559
MCAccept 67 xShift: 7.18518 crossingAngle: -43.0202 axialRotation: -68.8889 zShift: 0.663701 energy: 18.7645
MCAccept 68 xShift: 7.18537 crossingAngle: -43.0202 axialRotation: -68.8889 zShift: 0.663701 energy: 18.7127
MCReject   xShift: 7.18537 crossingAngle: -43.112 axialRotation: -68.8889 zShift: 0.663701 energy: 18.8097
MCAccept 69 xShift: 7.18537 crossingAngle: -43.054 axialRotation: -68.8889 zShift: 0.663701 energy: 18.7127
MCReject   xShift: 7.18537 crossingAngle: -42.9907 axialRotation: -68.8889 zShift: 0.663701 energy: 18.8097
MCReject   xShift: 7.18537 crossingAngle: -43.054 axialRotation: -68.6396 zShift: 0.663701 energy: 18.8097
MCReject   xShift: 7.18175 crossingAngle: -43.054 axialRotation: -68.8889 zShift: 0.663701 energy: 18.8097
MCAccept 70 xShift: 7.19736 crossingAngle: -43.054 axialRotation: -68.8889 zShift: 0.663701 energy: 18.7127
MCReject   xShift: 7.18342 crossingAngle: -43.054 axialRotation: -68.8889 zShift: 0.663701 energy: 18.8097
MCReject   xShift: 7.19736 crossingAngle: -43.054 axialRotation: -68.8889 zShift: 0.649668 energy: 18.8726
MCAccept 71 xShift: 7.19736 crossingAngle: -43.1222 axialRotation: -68.8889 zShift: 0.663701 energy: 18.7127
MCReject   xShift: 7.19736 crossingAngle: -43.1695 axialRotation: -68.8889 zShift: 0.663701 energy: 18.8097
MCReject   xShift: 7.21283 crossingAngle: -43.1222 axialRotation: -68.8889 zShift: 0.663701 energy: 18.8097
MCReject   xShift: 7.19736 crossingAngle: -43.2563 axialRotation: -68.8889 zShift: 0.663701 energy: 18.8097
MCReject   xShift: 7.20933 crossingAngle: -43.1222 axialRotation: -68.8889 zShift: 0.663701 energy: 18.7645
MCAccept 72 xShift: 7.19736 crossingAngle: -43.1222 axialRotation: -68.8889 zShift: 0.670929 energy: 18.6879
MCAccept 73 xShift: 7.19736 crossingAngle: -43.1222 axialRotation: -68.8889 zShift: 0.674468 energy: 18.6847
MCAccept 74 xShift: 7.19736 crossingAngle: -43.1222 axialRotation: -68.884 zShift: 0.674468 energy: 18.6847
MCAccept 75 xShift: 7.18444 crossingAngle: -43.1222 axialRotation: -68.884 zShift: 0.674468 energy: 18.5997
MCReject   xShift: 7.16021 crossingAngle: -43.1222 axialRotation: -68.884 zShift: 0.674468 energy: 18.6847
MCReject   xShift: 7.17108 crossingAngle: -43.1222 axialRotation: -68.884 zShift: 0.674468 energy: 18.6847
MCReject   xShift: 7.18444 crossingAngle: -43.1511 axialRotation: -68.884 zShift: 0.674468 energy: 18.6847
MCReject   xShift: 7.18444 crossingAngle: -43.1222 axialRotation: -68.7643 zShift: 0.674468 energy: 18.6847
MCReject   xShift: 7.19389 crossingAngle: -43.1222 axialRotation: -68.884 zShift: 0.674468 energy: 18.6847
MCReject   xShift: 7.18444 crossingAngle: -43.1222 axialRotation: -68.8822 zShift: 0.674468 energy: 18.6518
MCReject   xShift: 7.18444 crossingAngle: -43.1222 axialRotation: -68.884 zShift: 0.672449 energy: 18.7075
MCAccept 76 xShift: 7.17837 crossingAngle: -43.1222 axialRotation: -68.884 zShift: 0.674468 energy: 18.5997
MCReject   xShift: 7.17837 crossingAngle: -43.1222 axialRotation: -68.7677 zShift: 0.674468 energy: 18.6518
MCReject   xShift: 7.17837 crossingAngle: -43.1222 axialRotation: -69.1393 zShift: 0.674468 energy: 18.6518
MCReject   xShift: 7.19763 crossingAngle: -43.1222 axialRotation: -68.884 zShift: 0.674468 energy: 18.6518
MCReject   xShift: 7.17837 crossingAngle: -43.1936 axialRotation: -68.884 zShift: 0.674468 energy: 18.6847
MCReject   xShift: 7.16886 crossingAngle: -43.1222 axialRotation: -68.884 zShift: 0.674468 energy: 18.6847
MCReject   xShift: 7.17837 crossingAngle: -43.1222 axialRotation: -68.884 zShift: 0.67385 energy: 18.606
MCAccept 77 xShift: 7.17837 crossingAngle: -43.1222 axialRotation: -68.9108 zShift: 0.674468 energy: 18.5997
MCAccept 78 xShift: 7.17837 crossingAngle: -43.0946 axialRotation: -68.9108 zShift: 0.674468 energy: 18.5997
MCReject   xShift: 7.17837 crossingAngle: -42.9379 axialRotation: -68.9108 zShift: 0.674468 energy: 18.6518
MCAccept 79 xShift: 7.17837 crossingAngle: -43.0946 axialRotation: -68.9108 zShift: 0.694863 energy: 18.4088
MCReject   xShift: 7.17837 crossingAngle: -43.0946 axialRotation: -68.9108 zShift: 0.686205 energy: 18.5582
MCReject   xShift: 7.17837 crossingAngle: -43.1119 axialRotation: -68.9108 zShift: 0.694863 energy: 18.4714
MCReject   xShift: 7.17837 crossingAngle: -43.0946 axialRotation: -68.9186 zShift: 0.694863 energy: 18.4714
MCReject   xShift: 7.1749 crossingAngle: -43.0946 axialRotation: -68.9108 zShift: 0.694863 energy: 18.4714
MCAccept 80 xShift: 7.17837 crossingAngle: -43.2411 axialRotation: -68.9108 zShift: 0.694863 energy: 18.4088
MCReject   xShift: 7.17837 crossingAngle: -43.2411 axialRotation: -68.9108 zShift: 0.685327 energy: 18.5673
MCAccept 81 xShift: 7.16311 crossingAngle: -43.2411 axialRotation: -68.9108 zShift: 0.694863 energy: 18.4088
MCReject   xShift: 7.16311 crossingAngle: -43.2411 axialRotation: -68.9108 zShift: 0.699164 energy: 18.4303
MCAccept 82 xShift: 7.16311 crossingAngle: -43.1757 axialRotation: -68.9108 zShift: 0.694863 energy: 18.4088
MCReject   xShift: 7.16311 crossingAngle: -43.1757 axialRotation: -68.796 zShift: 0.694863 energy: 18.4613
MCReject   xShift: 7.16311 crossingAngle: -43.1757 axialRotation: -68.9108 zShift: 0.675478 energy: 18.6734
MCAccept 83 xShift: 7.16311 crossingAngle: -43.1757 axialRotation: -69.0284 zShift: 0.694863 energy: 18.3274
MCReject   xShift: 7.16311 crossingAngle: -43.1992 axialRotation: -69.0284 zShift: 0.694863 energy: 18.4714
MCReject   xShift: 7.16311 crossingAngle: -43.1757 axialRotation: -69.0284 zShift: 0.704298 energy: 18.3831
MCReject   xShift: 7.15835 crossingAngle: -43.1757 axialRotation: -69.0284 zShift: 0.694863 energy: 18.4714
MCReject   xShift: 7.16311 crossingAngle: -43.1757 axialRotation: -69.0284 zShift: 0.697841 energy: 18.4428
MCReject   xShift: 7.16311 crossingAngle: -43.1757 axialRotation: -69.1247 zShift: 0.694863 energy: 18.4714
MCReject   xShift: 7.16311 crossingAngle: -43.1757 axialRotation: -69.1065 zShift: 0.694863 energy: 18.4714
MCReject   xShift: 7.15876 crossingAngle: -43.1757 axialRotation: -69.0284 zShift: 0.694863 energy: 18.4714
MCReject   xShift: 7.15223 crossingAngle: -43.1757 axialRotation: -69.0284 zShift: 0.694863 energy: 18.4714
MCReject   xShift: 7.16311 crossingAngle: -43.1757 axialRotation: -69.0284 zShift: 0.7016 energy: 18.3524
MCReject   xShift: 7.16311 crossingAngle: -43.1757 axialRotation: -68.9529 zShift: 0.694863 energy: 18.4088
MCReject   xShift: 7.15634 crossingAngle: -43.1757 axialRotation: -69.0284 zShift: 0.694863 energy: 18.4088
MCReject   xShift: 7.15887 crossingAngle: -43.1757 axialRotation: -69.0284 zShift: 0.694863 energy: 18.4088
MCReject   xShift: 7.16311 crossingAngle: -43.1757 axialRotation: -69.0212 zShift: 0.694863 energy: 18.4088
MCReject   xShift: 7.16311 crossingAngle: -43.0017 axialRotation: -69.0284 zShift: 0.694863 energy: 18.4714
MCReject   xShift: 7.16157 crossingAngle: -43.1757 axialRotation: -69.0284 zShift: 0.694863 energy: 18.4714
MCReject   xShift: 7.16311 crossingAngle: -43.1757 axialRotation: -68.863 zShift: 0.694863 energy: 18.4714
MCReject   xShift: 7.16311 crossingAngle: -43.0971 axialRotation: -69.0284 zShift: 0.694863 energy: 18.4613
MCReject   xShift: 7.16311 crossingAngle: -43.1757 axialRotation: -69.0284 zShift: 0.697828 energy: 18.443
MCReject   xShift: 7.16311 crossingAngle: -43.1757 axialRotation: -69.0284 zShift: 0.695187 energy: 18.4683
MCReject   xShift: 7.16311 crossingAngle: -43.1757 axialRotation: -69.0284 zShift: 0.694108 energy: 18.4788
MCReject   xShift: 7.15494 crossingAngle: -43.1757 axialRotation: -69.0284 zShift: 0.694863 energy: 18.4714
MCReject   xShift: 7.16311 crossingAngle: -43.1757 axialRotation: -69.0284 zShift: 0.680734 energy: 18.5378
MCReject   xShift: 7.17262 crossingAngle: -43.1757 axialRotation: -69.0284 zShift: 0.694863 energy: 18.4714
MCAccept 84 xShift: 7.16311 crossingAngle: -43.1589 axialRotation: -69.0284 zShift: 0.694863 energy: 18.3274
MCReject   xShift: 7.16757 crossingAngle: -43.1589 axialRotation: -69.0284 zShift: 0.694863 energy: 18.4714
MCReject   xShift: 7.16311 crossingAngle: -43.3116 axialRotation: -69.0284 zShift: 0.694863 energy: 18.4714
MCReject   xShift: 7.15007 crossingAngle: -43.1589 axialRotation: -69.0284 zShift: 0.694863 energy: 18.4714
MCReject   xShift: 7.16311 crossingAngle: -43.1589 axialRotation: -69.1319 zShift: 0.694863 energy: 18.4613
MCReject   xShift: 7.16311 crossingAngle: -43.0084 axialRotation: -69.0284 zShift: 0.694863 energy: 18.4613
MCReject   xShift: 7.16311 crossingAngle: -43.1589 axialRotation: -69.0269 zShift: 0.694863 energy: 18.4714
MCReject   xShift: 7.16311 crossingAngle: -43.1589 axialRotation: -69.0028 zShift: 0.694863 energy: 18.4088
MCReject   xShift: 7.16311 crossingAngle: -43.1589 axialRotation: -69.0503 zShift: 0.694863 energy: 18.4714
MCReject   xShift: 7.16311 crossingAngle: -43.1589 axialRotation: -69.0581 zShift: 0.694863 energy: 18.4088
MCAccept 85 xShift: 7.16311 crossingAngle: -43.1589 axialRotation: -69.0284 zShift: 0.711531 energy: 18.2753
MCReject   xShift: 7.16311 crossingAngle: -43.1589 axialRotation: -69.0405 zShift: 0.711531 energy: 18.3199
MCReject   xShift: 7.16311 crossingAngle: -43.1589 axialRotation: -69.2079 zShift: 0.711531 energy: 18.3199
MCReject   xShift: 7.16311 crossingAngle: -43.1589 axialRotation: -69.1432 zShift: 0.711531 energy: 18.3199
MCReject   xShift: 7.16311 crossingAngle: -43.175 axialRotation: -69.0284 zShift: 0.711531 energy: 18.3199
MCReject   xShift: 7.16311 crossingAngle: -42.9978 axialRotation: -69.0284 zShift: 0.711531 energy: 18.3199
MCAccept 86 xShift: 7.18495 crossingAngle: -43.1589 axialRotation: -69.0284 zShift: 0.711531 energy: 18.2753
MCReject   xShift: 7.19472 crossingAngle: -43.1589 axialRotation: -69.0284 zShift: 0.711531 energy: 18.3199
MCReject   xShift: 7.18495 crossingAngle: -43.1589 axialRotation: -69.0476 zShift: 0.711531 energy: 18.3199
MCAccept 87 xShift: 7.17587 crossingAngle: -43.1589 axialRotation: -69.0284 zShift: 0.711531 energy: 18.2753
MCReject   xShift: 7.17587 crossingAngle: -43.1589 axialRotation: -68.972 zShift: 0.711531 energy: 18.3199
MCReject   xShift: 7.17587 crossingAngle: -43.1589 axialRotation: -69.0417 zShift: 0.711531 energy: 18.3199
MCReject   xShift: 7.18329 crossingAngle: -43.1589 axialRotation: -69.0284 zShift: 0.711531 energy: 18.3199
MCReject   xShift: 7.18048 crossingAngle: -43.1589 axialRotation: -69.0284 zShift: 0.711531 energy: 18.3199
MCReject   xShift: 7.18089 crossingAngle: -43.1589 axialRotation: -69.0284 zShift: 0.711531 energy: 18.3199
MCReject   xShift: 7.17587 crossingAngle: -43.1589 axialRotation: -68.9924 zShift: 0.711531 energy: 18.3199
MCReject   xShift: 7.16805 crossingAngle: -43.1589 axialRotation: -69.0284 zShift: 0.711531 energy: 18.3199
MCAccept 88 xShift: 7.16705 crossingAngle: -43.1589 axialRotation: -69.0284 zShift: 0.711531 energy: 18.2126
Energy #1: 18.2126
***GEOMETRY SHIFT***
xShift;        Before: 7.15329; After: 7.16705
crossingAngle; Before: -41.7004; After: -43.1589
axialRotation; Before: -68.8205; After: -69.0284
zShift;        Before: 0.541392; After: 0.711531
Energy;        Before: 6.85962e+07; After: 18.2126

Completed all cycles. Accepted 89/230
Monte Carlo repack complete. Time: 51.4min

