***STARTING GEOMETRY:***
xShift: 7.15329
crossingAngle: -41.7004
axialRotation: -68.8205
zShift: 0.541392

Number of MCCycles: 200
PrevSequence	CurrSequence	PrevEnergy	CurrEnergy	PrevEntropy	CurrEntropy	CurrentTemp
LLLTFLLSTLLGTLLGYLILI	LLLWFLLSTLLGTLLGYLILI	27.8501	28.2189	0.48602	0.343253	999.847
LLLWFLLSTLLGTLLGYLILI	LLLWTLLSTLLGTLLGYLILI	27.9955	21.8902	0.119894	1.0043	999.684
LLLWTLLSTLLGTLLGYLILI	LLLWTLLGTLLGTLLGYLILI	21.08	24.9562	0.19415	0.754431	999.512
LLLWTLLGTLLGTLLGYLILI	LLLWTLLATLLGTLLGYLILI	25.2671	25.407	1.06535	0.107014	999.328
LLLWTLLATLLGTLLGYLILI	LLLWTLLAYLLGTLLGYLILI	25.7431	26.9306	0.443059	0.379341	999.134
LLLWTLLAYLLGTLLGYLILI	LLLYTLLAYLLGTLLGYLILI	26.8233	26.6548	0.272043	0.591129	998.928
LLLYTLLAYLLGTLLGYLILI	LLLYTLLGYLLGTLLGYLILI	26.1707	26.6223	0.107014	1.06535	998.708
LLLYTLLGYLLGTLLGYLILI	LLLYTLLAYLLGTLLGYLILI	26.6223	26.1707	1.06535	0.107014	998.476
LLLYTLLAYLLGTLLGYLILI	LLLWTLLAYLLGTLLGYLILI	26.6548	26.8233	0.591129	0.272043	997.967
LLLWTLLAYLLGTLLGYLILI	LLLWTLLATLLGTLLGYLILI	26.9306	25.9127	0.379341	0.443059	997.689
LLLWTLLATLLGTLLGYLILI	LLLYTLLATLLGTLLGYLILI	25.8417	25.4144	0.372136	0.451187	997.394
LLLYTLLATLLGTLLGYLILI	LLLWTLLATLLGTLLGYLILI	25.4144	25.7249	0.451187	0.372136	997.081
LLLWTLLATLLGTLLGYLILI	LLLWTLLGTLLGTLLGYLILI	25.4598	24.7591	0.107014	1.06535	996.749
LLLWTLLGTLLGTLLGYLILI	LLLWTLLGTLLGLLLGYLILI	24.7339	27.4038	1.04019	0.112128	996.023
LLLWTLLGTLLGLLLGYLILI	LLLWTLLATLLGLLLGYLILI	28.357	28.4971	1.06535	0.107014	995.626
LLLWTLLATLLGLLLGYLILI	LLLWTLLGTLLGLLLGYLILI	28.4971	28.357	0.107014	1.06535	995.205
LLLWTLLGTLLGLLLGYLILI	LLLWTLLGTLLGLLLGTLILI	27.5112	28.4644	0.219549	0.693609	994.758
LLLWTLLGTLLGLLLGTLILI	LLLWTLLGTLLGLLLGYLILI	28.4644	27.3186	0.693609	0.219549	994.285
LLLWTLLGTLLGLLLGYLILI	LLLWTLLATLLGLLLGYLILI	28.1644	28.6668	1.06535	0.107014	993.782
LLLWTLLATLLGLLLGYLILI	LLLWTLLATLLGTLLGYLILI	28.6719	26.3402	0.112128	1.04019	993.249
LLLWTLLATLLGTLLGYLILI	LLLYTLLATLLGTLLGYLILI	25.6722	25.4144	0.372136	0.451187	992.683
LLLYTLLATLLGTLLGYLILI	LLLYTLLGTLLGTLLGYLILI	25.0702	25.2323	0.107014	1.06535	992.084
LLLYTLLGTLLGTLLGYLILI	LLLWTLLGTLLGTLLGYLILI	24.6181	24.5739	0.451187	0.372136	991.448
LLLWTLLGTLLGTLLGYLILI	LLLWTLLATLLGTLLGYLILI	25.2671	25.4598	1.06535	0.107014	990.773
LLLWTLLATLLGTLLGYLILI	LLLWTLLGTLLGTLLGYLILI	25.4598	25.2671	0.107014	1.06535	990.058
LLLWTLLGTLLGTLLGYLILI	LLLWTLLGTLLGLLLGYLILI	25.2419	27.2112	1.04019	0.112128	989.3
LLLWTLLGTLLGLLLGYLILI	LLLWTLLGTLLGLLLGTLILI	27.3186	28.4644	0.219549	0.693609	988.496
LLLWTLLGTLLGLLLGTLILI	LLLWYLLGTLLGLLLGTLILI	28.4644	34.8706	0.693609	0.219549	987.644
LLLWYLLGTLLGLLLGTLILI	LLLWTLLGTLLGLLLGTLILI	34.8706	28.4644	0.219549	0.693609	986.74
LLLWTLLGTLLGLLLGTLILI	LLLWTLLGTLLGTLLGTLILI	27.8568	25.8315	0.0860236	1.18439	985.783
LLLWTLLGTLLGTLLGTLILI	LLLWTLLATLLGTLLGTLILI	25.7125	25.9048	1.06535	0.107014	984.769
LLLWTLLATLLGTLLGTLILI	LLLWTLLATLLGLLLGTLILI	26.9822	29.1246	1.18439	0.0860236	983.694
LLLWTLLATLLGLLLGTLILI	LLLWTLLGTLLGLLLGTLILI	29.1456	28.5944	0.107014	1.06535	982.555
LLLWTLLGTLLGLLLGTLILI	LLLWTLLGTLLGTLLGTLILI	27.6151	25.8315	0.0860236	1.18439	980.071
LLLWTLLGTLLGTLLGTLILI	LLLWTLLGTLLGTLLGYLILI	25.4633	24.3736	0.816184	0.171816	978.717
LLLWTLLGTLLGTLLGYLILI	LLLWTLLATLLGTLLGYLILI	25.2671	25.5766	1.06535	0.107014	977.285
LLLWTLLATLLGTLLGYLILI	LLLYTLLATLLGTLLGYLILI	25.8417	25.4144	0.372136	0.451187	975.768
LLLYTLLATLLGTLLGYLILI	LLLYTLLATLLGTLLGWLILI	25.4144	25.4068	0.451187	0.372136	974.162
LLLYTLLATLLGTLLGWLILI	LLLYTLLGTLLGTLLGWLILI	25.1417	26.8851	0.107014	1.06535	972.463
LLLYTLLGTLLGTLLGWLILI	LLLYTLLATLLGTLLGWLILI	26.8851	25.1417	1.06535	0.107014	970.666
LLLYTLLATLLGTLLGWLILI	LLLYTLLGTLLGTLLGWLILI	25.1417	25.3038	0.107014	1.06535	968.764
LLLYTLLGTLLGTLLGWLILI	LLLYTLLATLLGTLLGWLILI	25.3038	26.7257	1.06535	0.107014	966.754
LLLYTLLATLLGTLLGWLILI	LLLYTLLGTLLGTLLGWLILI	26.7257	25.3038	0.107014	1.06535	964.627
LLLYTLLGTLLGTLLGWLILI	LLLWTLLGTLLGTLLGWLILI	24.3873	25.1639	0.148778	0.890414	962.38
LLLWTLLGTLLGTLLGWLILI	LLLWTLLGYLLGTLLGWLILI	24.9671	26.0908	0.693609	0.219549	960.005
LLLWTLLGYLLGTLLGWLILI	LLLYTLLGYLLGTLLGWLILI	26.4701	27.4988	0.598868	0.267575	957.496
LLLYTLLGYLLGTLLGWLILI	LLLWTLLGYLLGTLLGWLILI	27.4988	26.4701	0.267575	0.598868	954.846
LLLWTLLGYLLGTLLGWLILI	LLLWTLLAYLLGTLLGWLILI	26.9366	26.7535	1.06535	0.107014	952.048
LLLWTLLAYLLGTLLGWLILI	LLLWTLLAFLLGTLLGWLILI	27.2968	27.2147	0.650378	0.240035	949.095
LLLWTLLAFLLGTLLGWLILI	LLLYTLLAFLLGTLLGWLILI	27.8651	27.0152	0.890414	0.148778	945.979
LLLYTLLAFLLGTLLGWLILI	LLLYTLLAFLLGTLLGYLILI	27.2385	27.2279	0.372136	0.451187	942.693
LLLYTLLAFLLGTLLGYLILI	LLLYTLLAFLLGTLLGWLILI	27.2279	27.2836	0.451187	0.372136	939.229
LLLYTLLAFLLGTLLGWLILI	LLLYTLLAFLLGTLLGYLILI	27.2836	27.2279	0.372136	0.451187	935.578
LLLYTLLAFLLGTLLGYLILI	LLLYTLLATLLGTLLGYLILI	26.8966	25.9675	0.119894	1.0043	931.732
LLLYTLLATLLGTLLGYLILI	LLLWTLLATLLGTLLGYLILI	25.4144	25.8417	0.451187	0.372136	927.683
LLLWTLLATLLGTLLGYLILI	LLLWTLLATLLGLLLGYLILI	26.5098	28.6719	1.04019	0.112128	923.422
LLLWTLLATLLGLLLGYLILI	LLLYTLLATLLGLLLGYLILI	28.9319	28.505	0.372136	0.451187	918.939
LLLYTLLATLLGLLLGYLILI	LLLWTLLATLLGLLLGYLILI	28.505	28.9319	0.451187	0.372136	914.227
LLLWTLLATLLGLLLGYLILI	LLLYTLLATLLGLLLGYLILI	28.9319	28.505	0.372136	0.451187	909.276
LLLYTLLATLLGLLLGYLILI	LLLWTLLATLLGLLLGYLILI	28.505	28.9319	0.451187	0.372136	904.077
LLLWTLLATLLGLLLGYLILI	LLLYTLLATLLGLLLGYLILI	28.9319	28.505	0.372136	0.451187	898.621
LLLYTLLATLLGLLLGYLILI	LLLWTLLATLLGLLLGYLILI	28.505	28.9319	0.451187	0.372136	892.899
LLLWTLLATLLGLLLGYLILI	LLLWTLLATLLGLLLGFLILI	29.2101	29.6624	0.650378	0.240035	886.903
LLLWTLLATLLGLLLGFLILI	LLLWTLLGTLLGLLLGFLILI	29.5294	29.3366	0.107014	1.06535	880.623
LLLWTLLGTLLGLLLGFLILI	LLLWTLLGTLLGLLLGYLILI	28.5113	27.942	0.240035	0.650378	874.051
LLLWTLLGTLLGLLLGYLILI	LLLWTLLGTLLGTLLGYLILI	27.4038	25.2419	0.112128	1.04019	867.179
LLLWTLLGTLLGTLLGYLILI	LLLWTLLGTLLGTLLGTLILI	24.3736	25.2217	0.171816	0.816184	859.999
LLLWTLLGTLLGTLLGTLILI	LLLWTLLGTLLGTLLGYLILI	25.2217	24.3736	0.816184	0.171816	852.504
LLLWTLLGTLLGTLLGYLILI	LLLWTLLATLLGTLLGYLILI	25.2671	25.5766	1.06535	0.107014	844.686
LLLWTLLATLLGTLLGYLILI	LLLWTLLGTLLGTLLGYLILI	25.5766	25.0254	0.107014	1.06535	836.541
LLLWTLLGTLLGTLLGYLILI	LLLWTLLGFLLGTLLGYLILI	24.9644	26.0495	1.0043	0.119894	828.061
LLLWTLLGFLLGTLLGYLILI	LLLWTLLAFLLGTLLGYLILI	26.9949	26.9918	1.06535	0.107014	819.243
LLLWTLLAFLLGTLLGYLILI	LLLYTLLAFLLGTLLGYLILI	27.2569	27.0251	0.372136	0.451187	810.083
LLLYTLLAFLLGTLLGYLILI	LLLYTLLGFLLGTLLGYLILI	26.681	27.2834	0.107014	1.06535	800.577
LLLYTLLGFLLGTLLGYLILI	LLLWTLLGFLLGTLLGYLILI	26.6693	26.477	0.451187	0.372136	790.724
LLLWTLLGFLLGTLLGYLILI	LLLYTLLGFLLGTLLGYLILI	26.477	26.844	0.372136	0.451187	780.523
LLLYTLLGFLLGTLLGYLILI	LLLWTLLGFLLGTLLGYLILI	26.844	26.477	0.451187	0.372136	769.974
LLLWTLLGFLLGTLLGYLILI	LLLWTLLAFLLGTLLGYLILI	27.1703	26.8921	1.06535	0.107014	759.081
LLLWTLLAFLLGTLLGYLILI	LLLWTLLATLLGTLLGYLILI	26.905	26.4739	0.119894	1.0043	747.845
LLLWTLLATLLGTLLGYLILI	LLLWTLLATLLGLLLGYLILI	26.5098	28.6719	1.04019	0.112128	736.272
LLLWTLLATLLGLLLGYLILI	LLLWTLLATLLGTLLGYLILI	28.6719	26.3929	0.112128	1.04019	724.369
LLLWTLLATLLGTLLGYLILI	LLLWTLLGTLLGTLLGYLILI	25.4598	25.2671	0.107014	1.06535	712.142
LLLWTLLGTLLGTLLGYLILI	LLLWTLLGFLLGTLLGYLILI	25.206	26.0024	1.0043	0.119894	699.602
LLLWTLLGFLLGTLLGYLILI	LLLYTLLGFLLGTLLGYLILI	26.2547	26.6693	0.372136	0.451187	686.76
LLLYTLLGFLLGTLLGYLILI	LLLYTLLGFLLGTLLGTLILI	26.5974	26.9529	0.379341	0.443059	673.628
LLLYTLLGFLLGTLLGTLILI	LLLYTLLAFLLGTLLGTLILI	27.5751	27.1277	1.06535	0.107014	660.222
LLLYTLLAFLLGTLLGTLILI	LLLYTLLAFLLGTLLGYLILI	27.4637	27.156	0.443059	0.379341	646.557
LLLYTLLAFLLGTLLGYLILI	LLLYTLLATLLGTLLGYLILI	26.8966	25.9675	0.119894	1.0043	632.651
LLLYTLLATLLGTLLGYLILI	LLLYTLLGTLLGTLLGYLILI	25.0702	25.2323	0.107014	1.06535	618.524
LLLYTLLGTLLGTLLGYLILI	LLLYTLLGTLLGTLLGWLILI	24.6181	24.6106	0.451187	0.372136	604.196
LLLYTLLGTLLGTLLGWLILI	LLLWTLLGTLLGTLLGWLILI	24.3873	25.1639	0.148778	0.890414	589.688
LLLWTLLGTLLGTLLGWLILI	LLLYTLLGTLLGTLLGWLILI	25.1639	24.3873	0.890414	0.148778	575.025
LLLYTLLGTLLGTLLGWLILI	LLLWTLLGTLLGTLLGWLILI	24.3873	25.1639	0.148778	0.890414	560.23
LLLWTLLGTLLGTLLGWLILI	LLLYTLLGTLLGTLLGWLILI	25.1639	24.3873	0.890414	0.148778	545.329
LLLYTLLGTLLGTLLGWLILI	LLLYTLLGTLLGTLLGYLILI	24.6106	24.6181	0.372136	0.451187	530.348
LLLYTLLGTLLGTLLGYLILI	LLLWTLLGTLLGTLLGYLILI	24.6181	24.5739	0.451187	0.372136	515.312
LLLWTLLGTLLGTLLGYLILI	LLLYTLLGTLLGTLLGYLILI	24.5739	24.6181	0.372136	0.451187	500.25
LLLYTLLGTLLGTLLGYLILI	LLLYTLLGYLLGTLLGYLILI	24.4957	26.062	0.328724	0.505042	485.188
LLLYTLLGYLLGTLLGYLILI	LLLYTLLGTLLGTLLGYLILI	26.062	24.4957	0.505042	0.328724	470.152
LLLYTLLGTLLGTLLGYLILI	LLLYTLLATLLGTLLGYLILI	25.2323	25.0702	1.06535	0.107014	455.171
LLLYTLLATLLGTLLGYLILI	LLLWTLLATLLGTLLGYLILI	25.4144	25.8417	0.451187	0.372136	440.27
LLLWTLLATLLGTLLGYLILI	LLLWTLLATLLGTLLGFLILI	26.12	26.5485	0.650378	0.240035	425.475
LLLWTLLATLLGTLLGFLILI	LLLWTLLATLLGLLLGFLILI	27.3487	29.6515	1.04019	0.112128	410.812
LLLWTLLATLLGLLLGFLILI	LLLWTLLATLLGLLLGYLILI	29.7794	29.2101	0.240035	0.650378	396.304
LLLWTLLATLLGLLLGYLILI	LLLWTLLATLLGTLLGYLILI	28.6719	26.5098	0.112128	1.04019	381.976
LLLWTLLATLLGTLLGYLILI	LLLWTLLATLLGTLLGWLILI	25.6184	26.4317	0.148778	0.890414	367.849
LLLWTLLATLLGTLLGWLILI	LLLWTLLGTLLGTLLGWLILI	25.6483	25.3389	0.107014	1.06535	353.943
LLLWTLLGTLLGTLLGWLILI	LLLWTLLGTLLGTLLGYLILI	25.1639	24.3505	0.890414	0.148778	340.278
LLLWTLLGTLLGTLLGYLILI	LLLWTLLGTLLGTLLGTLILI	24.3736	25.2708	0.171816	0.816184	326.872
LLLWTLLGTLLGTLLGTLILI	LLLWTLLGTLLGTLLGYLILI	25.2708	24.3736	0.816184	0.171816	313.74
LLLWTLLGTLLGTLLGYLILI	LLLYTLLGTLLGTLLGYLILI	24.5739	24.6181	0.372136	0.451187	288.358
LLLYTLLGTLLGTLLGYLILI	LLLYTLLATLLGTLLGYLILI	25.2323	25.0702	1.06535	0.107014	276.131
LLLYTLLATLLGTLLGYLILI	LLLWTLLATLLGTLLGYLILI	25.4144	25.8417	0.451187	0.372136	264.228
LLLWTLLATLLGTLLGYLILI	LLLWTLLAFLLGTLLGYLILI	26.4739	27.0047	1.0043	0.119894	252.655
LLLWTLLAFLLGTLLGYLILI	LLLYTLLAFLLGTLLGYLILI	27.2569	27.2279	0.372136	0.451187	241.419
LLLYTLLAFLLGTLLGYLILI	LLLYTLLAFLLGTLLGWLILI	27.2279	27.2836	0.451187	0.372136	230.526
LLLYTLLAFLLGTLLGWLILI	LLLYTLLATLLGTLLGWLILI	27.0314	26.039	0.119894	1.0043	199.923
LLLYTLLATLLGTLLGWLILI	LLLYTLLGTLLGTLLGWLILI	25.1417	25.3038	0.107014	1.06535	190.417
LLLYTLLGTLLGTLLGWLILI	LLLYTLLGTLLGTLLGYLILI	24.6106	24.6181	0.372136	0.451187	181.257
LLLYTLLGTLLGTLLGYLILI	LLLYTLLATLLGTLLGYLILI	25.2323	25.0702	1.06535	0.107014	172.439
LLLYTLLATLLGTLLGYLILI	LLLWTLLATLLGTLLGYLILI	25.4144	25.8417	0.451187	0.372136	163.959
LLLWTLLATLLGTLLGYLILI	LLLYTLLATLLGTLLGYLILI	25.8417	25.4144	0.372136	0.451187	155.814
LLLYTLLATLLGTLLGYLILI	LLLYTLLGTLLGTLLGYLILI	25.0702	25.0293	0.107014	1.06535	140.501
LLLYTLLGTLLGTLLGYLILI	LLLYTLLGTLLGTLLGWLILI	24.4152	24.6106	0.451187	0.372136	133.321
LLLYTLLGTLLGTLLGWLILI	LLLYTLLATLLGTLLGWLILI	25.3038	25.1417	1.06535	0.107014	126.449
LLLYTLLATLLGTLLGWLILI	LLLYTLLATLLGTLLGYLILI	25.4068	25.4144	0.372136	0.451187	113.597
LLLYTLLATLLGTLLGYLILI	LLLYTLLATLLGTLLGWLILI	25.4144	25.4068	0.451187	0.372136	101.879
LLLYTLLATLLGTLLGWLILI	LLLYTLLATLLGTLLGYLILI	25.4068	25.4144	0.372136	0.451187	96.4228
LLLYTLLATLLGTLLGYLILI	LLLYTLLGTLLGTLLGYLILI	25.0702	25.2323	0.107014	1.06535	91.2238
LLLYTLLGTLLGTLLGYLILI	LLLYTLLATLLGTLLGYLILI	25.2323	25.0702	1.06535	0.107014	81.5606
LLLYTLLATLLGTLLGYLILI	LLLYTLLGTLLGTLLGYLILI	25.0702	25.2323	0.107014	1.06535	77.0783
LLLYTLLGTLLGTLLGYLILI	LLLYTLLATLLGTLLGYLILI	25.2323	25.0702	1.06535	0.107014	72.8169
LLLYTLLATLLGTLLGYLILI	LLLYTLLATLLGTLLGWLILI	25.4144	25.4068	0.451187	0.372136	68.7677
LLLYTLLATLLGTLLGWLILI	LLLYTLLATLLGTLLGYLILI	25.4068	25.4144	0.372136	0.451187	64.9219
LLLYTLLATLLGTLLGYLILI	LLLYTLLGTLLGTLLGYLILI	25.0702	25.0293	0.107014	1.06535	61.271
LLLYTLLGTLLGTLLGYLILI	LLLYTLLATLLGTLLGYLILI	25.0293	25.0702	1.06535	0.107014	51.4049
LLLYTLLATLLGTLLGYLILI	LLLYTLLGTLLGTLLGYLILI	25.0702	25.0293	0.107014	1.06535	48.4519
LLLYTLLGTLLGTLLGYLILI	LLLWTLLGTLLGTLLGYLILI	24.4152	24.3814	0.451187	0.372136	45.6541
LLLWTLLGTLLGTLLGYLILI	LLLWTLLATLLGTLLGYLILI	25.0746	25.5766	1.06535	0.107014	40.495
LLLWTLLATLLGTLLGYLILI	LLLYTLLATLLGTLLGYLILI	25.8417	25.4144	0.372136	0.451187	38.12
LLLYTLLATLLGTLLGYLILI	LLLYTLLATLLGTLLGWLILI	25.4144	25.4068	0.451187	0.372136	35.8726
LLLYTLLATLLGTLLGWLILI	LLLYTLLATLLGTLLGYLILI	25.4068	25.4144	0.372136	0.451187	33.7464
LLLYTLLATLLGTLLGYLILI	LLLYTLLATLLGTLLGWLILI	25.4144	25.4068	0.451187	0.372136	31.7355
LLLYTLLATLLGTLLGWLILI	LLLYTLLATLLGTLLGYLILI	25.4068	25.4144	0.372136	0.451187	29.8341
LLLYTLLATLLGTLLGYLILI	LLLYTLLATLLGTLLGWLILI	25.4144	25.4068	0.451187	0.372136	26.3376
LLLYTLLATLLGTLLGWLILI	LLLYTLLATLLGTLLGYLILI	25.4068	25.4144	0.372136	0.451187	24.7321
LLLYTLLATLLGTLLGYLILI	LLLYTLLATLLGTLLGWLILI	25.4144	25.4068	0.451187	0.372136	21.7826
LLLYTLLATLLGTLLGWLILI	LLLYTLLATLLGTLLGYLILI	25.4068	25.4144	0.372136	0.451187	20.4295
LLLYTLLATLLGTLLGYLILI	LLLYTLLATLLGTLLGWLILI	25.4144	25.4068	0.451187	0.372136	19.1517
LLLYTLLATLLGTLLGWLILI	LLLYTLLATLLGTLLGYLILI	25.4068	25.4144	0.372136	0.451187	17.9453
LLLYTLLATLLGTLLGYLILI	LLLYTLLATLLGTLLGWLILI	25.4144	25.4068	0.451187	0.372136	16.8064
LLLYTLLATLLGTLLGWLILI	LLLYTLLATLLGTLLGYLILI	25.4068	25.4144	0.372136	0.451187	15.7315
LLLYTLLATLLGTLLGYLILI	LLLYTLLGTLLGTLLGYLILI	25.0702	25.0293	0.107014	1.06535	13.7596
LLLYTLLGTLLGTLLGYLILI	LLLYTLLATLLGTLLGYLILI	25.0293	25.0702	1.06535	0.107014	9.05236
LLLYTLLATLLGTLLGYLILI	LLLYTLLATLLGTLLGWLILI	25.4144	25.4068	0.451187	0.372136	8.41632
LLLYTLLATLLGTLLGWLILI	LLLYTLLATLLGTLLGYLILI	25.4068	25.4144	0.372136	0.451187	7.81658
LLLYTLLATLLGTLLGYLILI	LLLYTLLGTLLGTLLGYLILI	25.0702	25.0293	0.107014	1.06535	5.74156
LLLYTLLGTLLGTLLGYLILI	LLLWTLLGTLLGTLLGYLILI	24.4152	24.3322	0.451187	0.372136	5.29494
Time: 229s
