***STARTING GEOMETRY:***
xShift: 8.20955
crossingAngle: -40.2848
axialRotation: 16.9206
zShift: 4.08486

Number of MCCycles: 100
PrevSequence	CurrSequence	PrevEnergy	CurrEnergy	PrevEntropy	CurrEntropy	CurrentTemp
LLLILLATLLGYLLSTLLILI	LLLFLLATLLGYLLSTLLILI	-13.7631	-18.3836	0.570162	0.284626	999.684
LLLFLLATLLGYLLSTLLILI	LLLFLLATLLGWLLSTLLILI	-18.4006	-17.3317	0.267575	0.598868	999.328
LLLFLLATLLGWLLSTLLILI	LLLFLLGTLLGWLLSTLLILI	-17.7766	-16.4541	0.154044	0.872342	998.928
LLLFLLGTLLGWLLSTLLILI	LLLYLLGTLLGWLLSTLLILI	-17.0864	-19.2486	0.240035	0.650378	998.476
LLLYLLGTLLGWLLSTLLILI	LLLFLLGTLLGWLLSTLLILI	-19.2486	-19.0133	0.650378	0.240035	997.967
LLLFLLGTLLGWLLSTLLILI	LLLWLLGTLLGWLLSTLLILI	-19.1743	-18.5374	0.0790506	1.23103	997.394
LLLWLLGTLLGWLLSTLLILI	LLLWLLGTLLGYLLSTLLILI	-18.878	-22.4285	0.890414	0.148778	996.749
LLLWLLGTLLGYLLSTLLILI	LLLWLLGTLLGFLLSTLLILI	-21.9269	-20.9062	0.650378	0.240035	996.023
LLLWLLGTLLGFLLSTLLILI	LLLWLLGTLLGFLLATLLILI	-20.504	-19.7628	0.642213	0.244161	995.205
LLLWLLGTLLGFLLATLLILI	LLLWLLGTLLGYLLATLLILI	-19.7669	-20.7086	0.240035	0.650378	994.285
LLLWLLGTLLGYLLATLLILI	LLLWLLGTLLGYLLSTLLILI	-21.1148	-21.9351	0.244161	0.642213	993.249
LLLWLLGTLLGYLLSTLLILI	LLLWLLGTLLGFLLSTLLILI	-21.9269	-20.9062	0.650378	0.240035	992.084
LLLWLLGTLLGFLLSTLLILI	LLLWLLGTLLGYLLSTLLILI	-20.9062	-21.9269	0.240035	0.650378	990.773
LLLWLLGTLLGYLLSTLLILI	LLLWLLGTLLGYLLSVLLILI	-21.6464	-18.6742	0.930859	0.137712	989.3
LLLWLLGTLLGYLLSVLLILI	LLLWLLGTLLGYLLSTLLILI	-18.6742	-21.6464	0.137712	0.930859	987.644
LLLWLLGTLLGYLLSTLLILI	LLLWLLGTLLGYLLATLLILI	-21.9351	-21.1148	0.642213	0.244161	985.783
LLLWLLGTLLGYLLATLLILI	LLLWLLGTLLGTLLATLLILI	-21.1394	-19.9074	0.219549	0.693609	983.694
LLLWLLGTLLGTLLATLLILI	LLLYLLGTLLGTLLATLLILI	-20.0021	-20.5409	0.598868	0.267575	981.348
LLLYLLGTLLGTLLATLLILI	LLLYLLGTLLGTLLAVLLILI	-19.68	-16.9843	1.12845	0.0952708	978.717
LLLYLLGTLLGTLLAVLLILI	LLLYLLGTLLGTLLATLLILI	-16.9843	-17.8453	0.0952708	1.12845	975.768
LLLYLLGTLLGTLLATLLILI	LLLWLLGTLLGTLLATLLILI	-18.7062	-20.0021	0.267575	0.598868	972.463
LLLWLLGTLLGTLLATLLILI	LLLYLLGTLLGTLLATLLILI	-20.0021	-18.7062	0.598868	0.267575	968.764
LLLYLLGTLLGTLLATLLILI	LLLYLLGTLLGTLLSTLLILI	-18.7296	-19.1395	0.244161	0.642213	964.627
LLLYLLGTLLGTLLSTLLILI	LLLYLLGTLLGFLLSTLLILI	-18.7774	-20.9718	1.0043	0.119894	960.005
LLLYLLGTLLGFLLSTLLILI	LLLYLLGTLLGYLLSTLLILI	-20.9596	-19.6478	0.132101	0.952787	954.846
LLLYLLGTLLGYLLSTLLILI	LLLYLLGTLLGTLLSTLLILI	-20.2213	-19.3386	0.379341	0.443059	949.095
LLLYLLGTLLGTLLSTLLILI	LLLYLLGWLLGTLLSTLLILI	-19.2957	-17.0937	0.48602	0.343253	942.693
LLLYLLGWLLGTLLSTLLILI	LLLYLLGTLLGTLLSTLLILI	-17.0937	-19.2957	0.343253	0.48602	935.578
LLLYLLGTLLGTLLSTLLILI	LLLYLLGTLLGYLLSTLLILI	-19.3386	-22.0944	0.443059	0.379341	927.683
LLLYLLGTLLGYLLSTLLILI	LLLWLLGTLLGYLLSTLLILI	-22.0226	-22.2052	0.451187	0.372136	918.939
LLLWLLGTLLGYLLSTLLILI	LLLWLLGTLLGYLLATLLILI	-21.9351	-21.1148	0.642213	0.244161	909.276
LLLWLLGTLLGYLLATLLILI	LLLWLLGTLLGTLLATLLILI	-21.1394	-19.9074	0.219549	0.693609	898.621
LLLWLLGTLLGTLLATLLILI	LLLWLLGTLLGTLLSTLLILI	-20.3568	-20.7708	0.244161	0.642213	886.903
LLLWLLGTLLGTLLSTLLILI	LLLWLLGTLLGYLLSTLLILI	-20.7194	-22.3577	0.693609	0.219549	874.051
LLLWLLGTLLGYLLSTLLILI	LLLWLLGTLLGYLLATLLILI	-21.9351	-21.1148	0.642213	0.244161	859.999
LLLWLLGTLLGYLLATLLILI	LLLFLLGTLLGYLLATLLILI	-20.4685	-18.5411	0.890414	0.148778	844.686
LLLFLLGTLLGYLLATLLILI	LLLWLLGTLLGYLLATLLILI	-18.5411	-20.4685	0.148778	0.890414	828.061
LLLWLLGTLLGYLLATLLILI	LLLYLLGTLLGYLLATLLILI	-20.9868	-20.8124	0.372136	0.451187	810.083
LLLYLLGTLLGYLLATLLILI	LLLYLLGTLLGYLLAVLLILI	-20.3327	-17.3418	0.930859	0.137712	790.724
LLLYLLGTLLGYLLAVLLILI	LLLWLLGTLLGYLLAVLLILI	-17.0284	-17.2414	0.451187	0.372136	769.974
LLLWLLGTLLGYLLAVLLILI	LLLWLLGTLLGYLLATLLILI	-17.4758	-20.4281	0.137712	0.930859	747.845
LLLWLLGTLLGYLLATLLILI	LLLWLLGTLLGTLLATLLILI	-21.1394	-19.9074	0.219549	0.693609	724.369
LLLWLLGTLLGTLLATLLILI	LLLWLLGTLLGYLLATLLILI	-19.9074	-21.1394	0.693609	0.219549	699.602
LLLWLLGTLLGYLLATLLILI	LLLWLLGTLLGYLLSTLLILI	-21.1148	-21.9351	0.244161	0.642213	673.628
LLLWLLGTLLGYLLSTLLILI	LLLYLLGTLLGYLLSTLLILI	-22.2052	-20.2749	0.372136	0.451187	530.348
LLLYLLGTLLGYLLSTLLILI	LLLYLLGTLLGYLLGTLLILI	-20.532	-19.8495	0.19415	0.754431	500.25
LLLYLLGTLLGYLLGTLLILI	LLLYLLGTLLGYLLSTLLILI	-19.8495	-20.4065	0.754431	0.19415	470.152
LLLYLLGTLLGYLLSTLLILI	LLLYLLGTLLGYLLSVLLILI	-19.6698	-16.8056	0.930859	0.137712	440.27
LLLYLLGTLLGYLLSVLLILI	LLLYLLGTLLGYLLSTLLILI	-16.8056	-19.6698	0.137712	0.930859	410.812
LLLYLLGTLLGYLLSTLLILI	LLLYLLGTLLGYLLATLLILI	-19.9584	-21.0194	0.642213	0.244161	381.976
LLLYLLGTLLGYLLATLLILI	LLLYLLGTLLGTLLATLLILI	-20.8843	-20.3654	0.379341	0.443059	353.943
LLLYLLGTLLGTLLATLLILI	LLLYLLGTLLGYLLATLLILI	-20.3654	-19.007	0.443059	0.379341	276.131
LLLYLLGTLLGYLLATLLILI	LLLYLLGTLLGTLLATLLILI	-19.007	-18.4052	0.379341	0.443059	252.655
LLLYLLGTLLGTLLATLLILI	LLLYLLGTLLGWLLATLLILI	-18.3623	-20.1315	0.48602	0.343253	230.526
LLLYLLGTLLGWLLATLLILI	LLLYLLGTLLGYLLATLLILI	-20.1026	-20.8124	0.372136	0.451187	209.776
LLLYLLGTLLGYLLATLLILI	LLLWLLGTLLGYLLATLLILI	-20.8124	-20.9868	0.451187	0.372136	172.439
LLLWLLGTLLGYLLATLLILI	LLLWLLGTLLGYLLSTLLILI	-21.1148	-21.9351	0.244161	0.642213	140.501
Time: 208s
