***STARTING GEOMETRY:***
xShift: 7.23
crossingAngle: -38.47
axialRotation: -51.76
zShift: 0.14

Number of MCCycles: 200
PrevSequence	CurrSequence	PrevEnergy	CurrEnergy	PrevEntropy	CurrEntropy	CurrentTemp
LLLTYLLVTLLGTLLGYLILI	LLLTYLLVTLLGTLLGWLILI	1.16956e+06	411156	0.451187	0.372136	999.847
LLLTYLLVTLLGTLLGWLILI	LLLTYLLTTLLGTLLGWLILI	411156	411156	0.0728516	1.27634	999.684
LLLTYLLTTLLGTLLGWLILI	LLLTYLLTTLLGTLLGYLILI	411155	411154	0.372136	0.451187	999.512
LLLTYLLTTLLGTLLGYLILI	LLLTFLLTTLLGTLLGYLILI	411154	411156	0.952787	0.132101	999.328
LLLTFLLTTLLGTLLGYLILI	LLLTFLLTFLLGTLLGYLILI	411157	411154	0.816184	0.171816	999.134
LLLTFLLTFLLGTLLGYLILI	LLLTFLLTTLLGTLLGYLILI	411154	411154	0.171816	0.816184	998.928
LLLTFLLTTLLGTLLGYLILI	LLLTFLLTTLLGTLLGFLILI	411154	411155	0.410343	0.410343	998.708
LLLTFLLTTLLGTLLGFLILI	LLLTYLLTTLLGTLLGFLILI	411155	411147	0.410343	0.410343	998.476
LLLTYLLTTLLGTLLGFLILI	LLLTYLLTTLLGLLLGFLILI	411148	411149	1.18439	0.0860236	998.229
LLLTYLLTTLLGLLLGFLILI	LLLYYLLTTLLGLLLGFLILI	411149	411153	0.443059	0.379341	997.967
LLLYYLLTTLLGLLLGFLILI	LLLYYLLTTLLGTLLGFLILI	411153	411152	0.112128	1.04019	997.689
LLLYYLLTTLLGTLLGFLILI	LLLTYLLTTLLGTLLGFLILI	411151	411147	0.30482	0.538845	997.394
LLLTYLLTTLLGTLLGFLILI	LLLTYLLTTLLGLLLGFLILI	411148	411149	1.18439	0.0860236	997.081
LLLTYLLTTLLGLLLGFLILI	LLLTYLLTYLLGLLLGFLILI	411149	411148	0.443059	0.379341	996.749
LLLTYLLTYLLGLLLGFLILI	LLLTYLLAYLLGLLLGFLILI	411148	411157	0.990994	0.122923	995.205
LLLTYLLAYLLGLLLGFLILI	LLLTYLLAYLLGTLLGFLILI	411157	411160	0.161118	0.849143	994.758
LLLTYLLAYLLGTLLGFLILI	LLLTYLLATLLGTLLGFLILI	411159	411156	0.379341	0.443059	994.285
LLLTYLLATLLGTLLGFLILI	LLLGYLLATLLGTLLGFLILI	411156	411156	0.489954	0.34018	993.782
LLLGYLLATLLGTLLGFLILI	LLLTYLLATLLGTLLGFLILI	411156	411155	0.34018	0.489954	993.249
LLLTYLLATLLGTLLGFLILI	LLLTYLLATLLGTLLGYLILI	411155	411155	0.132101	0.952787	992.683
LLLTYLLATLLGTLLGYLILI	LLLGYLLATLLGTLLGYLILI	411154	411155	0.489954	0.34018	992.084
LLLGYLLATLLGTLLGYLILI	LLLGYLLTTLLGTLLGYLILI	411155	411151	0.0847157	1.19282	991.448
LLLGYLLTTLLGTLLGYLILI	LLLTYLLTTLLGTLLGYLILI	411150	411146	0.271676	0.591758	990.773
LLLTYLLTTLLGTLLGYLILI	LLLTYLLTYLLGTLLGYLILI	411146	411147	0.407346	0.413356	990.058
LLLTYLLTYLLGTLLGYLILI	LLLTYLLTYLLGTLLGWLILI	411147	411145	0.591129	0.272043	989.3
LLLTYLLTYLLGTLLGWLILI	LLLTYLLTYLLGTLLGFLILI	411146	411145	0.890414	0.148778	978.717
LLLTYLLTYLLGTLLGFLILI	LLLTYLLTYLLGTLLGWLILI	411145	411149	0.148778	0.890414	977.285
LLLTYLLTYLLGTLLGWLILI	LLLTYLLTYLLGTLLGFLILI	411149	411151	0.890414	0.148778	975.768
LLLTYLLTYLLGTLLGFLILI	LLLTYLLTYLLGLLLGFLILI	411152	411150	1.04019	0.112128	974.162
LLLTYLLTYLLGLLLGFLILI	LLLTYLLYYLLGLLLGFLILI	411151	411153	0.238039	0.654392	970.666
LLLTYLLYYLLGLLLGFLILI	LLLTYLLYFLLGLLLGFLILI	411153	411154	0.820686	0.170308	968.764
LLLTYLLYFLLGLLLGFLILI	LLLTYLLTFLLGLLLGFLILI	411154	411151	0.505042	0.328724	966.754
LLLTYLLTFLLGLLLGFLILI	LLLTYLLTFLLGTLLGFLILI	411151	411150	0.112128	1.04019	964.627
LLLTYLLTFLLGTLLGFLILI	LLLTYLLTFLLGTLLGYLILI	411149	411149	0.240035	0.650378	962.38
LLLTYLLTFLLGTLLGYLILI	LLLTYLLTTLLGTLLGYLILI	411149	411147	0.0921195	1.14683	960.005
LLLTYLLTTLLGTLLGYLILI	LLLTYLLTTLLGLLLGYLILI	411147	411149	1.18439	0.0860236	957.496
LLLTYLLTTLLGLLLGYLILI	LLLTYLLYTLLGLLLGYLILI	411149	411151	0.328724	0.505042	954.846
LLLTYLLYTLLGLLLGYLILI	LLLTYLLTTLLGLLLGYLILI	411151	411148	0.505042	0.328724	952.048
LLLTYLLTTLLGLLLGYLILI	LLLTYLLTTLLGLLLGFLILI	411149	411149	0.952787	0.132101	949.095
LLLTYLLTTLLGLLLGFLILI	LLLTYLLTTLLGLLLGYLILI	411149	411149	0.132101	0.952787	945.979
LLLTYLLTTLLGLLLGYLILI	LLLTYLLTVLLGLLLGYLILI	411149	411150	1.12845	0.0952708	942.693
LLLTYLLTVLLGLLLGYLILI	LLLTYLLTVLLGLLLGWLILI	411151	411152	0.451187	0.372136	939.229
LLLTYLLTVLLGLLLGWLILI	LLLTYLLTVLLGTLLGWLILI	411152	411152	0.112128	1.04019	935.578
LLLTYLLTVLLGTLLGWLILI	LLLTYLLYVLLGTLLGWLILI	411151	411152	0.443059	0.379341	931.732
LLLTYLLYVLLGTLLGWLILI	LLLTYLLYVLLGTLLGYLILI	411152	411152	0.272043	0.591129	927.683
LLLTYLLYVLLGTLLGYLILI	LLLTYLLYTLLGTLLGYLILI	411151	411150	0.0952708	1.12845	923.422
LLLTYLLYTLLGTLLGYLILI	LLLTYLLTTLLGTLLGYLILI	411149	411147	0.413356	0.407346	918.939
LLLTYLLTTLLGTLLGYLILI	LLLTYLLTTLLGTLLGWLILI	411147	411147	0.451187	0.372136	914.227
LLLTYLLTTLLGTLLGWLILI	LLLTYLLTTLLGTLLGYLILI	411147	411146	0.372136	0.451187	909.276
LLLTYLLTTLLGTLLGYLILI	LLLTYLLTVLLGTLLGYLILI	411147	411149	1.27634	0.0728516	904.077
LLLTYLLTVLLGTLLGYLILI	LLLTYLLTVLLGLLLGYLILI	411150	411150	1.04019	0.112128	898.621
LLLTYLLTVLLGLLLGYLILI	LLLTYLLTTLLGLLLGYLILI	411150	411149	0.0952708	1.12845	892.899
LLLTYLLTTLLGLLLGYLILI	LLLTYLLTVLLGLLLGYLILI	411149	411151	1.12845	0.0952708	886.903
LLLTYLLTVLLGLLLGYLILI	LLLTYLLTVLLGTLLGYLILI	411151	411150	0.112128	1.04019	880.623
LLLTYLLTVLLGTLLGYLILI	LLLTYLLTVLLGLLLGYLILI	411150	411152	1.04019	0.112128	874.051
LLLTYLLTVLLGLLLGYLILI	LLLTYLLTVLLGTLLGYLILI	411152	411150	0.112128	1.04019	867.179
LLLTYLLTVLLGTLLGYLILI	LLLTYLLTTLLGTLLGYLILI	411149	411148	0.0728516	1.27634	859.999
LLLTYLLTTLLGTLLGYLILI	LLLTYLLTTLLGLLLGYLILI	411148	411149	1.18439	0.0860236	852.504
LLLTYLLTTLLGLLLGYLILI	LLLTYLLTTLLGTLLGYLILI	411149	411147	0.0860236	1.18439	844.686
LLLTYLLTTLLGTLLGYLILI	LLLTYLLTTLLGTLLGWLILI	411146	411147	0.451187	0.372136	836.541
LLLTYLLTTLLGTLLGWLILI	LLLTYLLTTLLGTLLGYLILI	411147	411147	0.372136	0.451187	828.061
LLLTYLLTTLLGTLLGYLILI	LLLTYLLTTLLGTLLGFLILI	411147	411147	0.952787	0.132101	819.243
LLLTYLLTTLLGTLLGFLILI	LLLTYLLTTLLGTLLGYLILI	411147	411147	0.132101	0.952787	810.083
LLLTYLLTTLLGTLLGYLILI	LLLTYLLTTLLGTLLGFLILI	411147	411147	0.952787	0.132101	800.577
LLLTYLLTTLLGTLLGFLILI	LLLTYLLTTLLGLLLGFLILI	411148	411149	1.18439	0.0860236	790.724
LLLTYLLTTLLGLLLGFLILI	LLLTYLLYTLLGLLLGFLILI	411149	411152	0.443059	0.379341	780.523
LLLTYLLYTLLGLLLGFLILI	LLLTYLLTTLLGLLLGFLILI	411152	411149	0.379341	0.443059	769.974
LLLTYLLTTLLGLLLGFLILI	LLLTYLLTVLLGLLLGFLILI	411150	411151	1.12845	0.0952708	759.081
LLLTYLLTVLLGLLLGFLILI	LLLTYLLTTLLGLLLGFLILI	411151	411150	0.0952708	1.12845	747.845
LLLTYLLTTLLGLLLGFLILI	LLLTYLLTVLLGLLLGFLILI	411150	411151	1.12845	0.0952708	736.272
LLLTYLLTVLLGLLLGFLILI	LLLTYLLTVLLGTLLGFLILI	411151	411150	0.112128	1.04019	712.142
LLLTYLLTVLLGTLLGFLILI	LLLTYLLTTLLGTLLGFLILI	411149	411148	0.0728516	1.27634	699.602
LLLTYLLTTLLGTLLGFLILI	LLLTYLLTTLLGTLLGYLILI	411147	411147	0.132101	0.952787	686.76
LLLTYLLTTLLGTLLGYLILI	LLLGYLLTTLLGTLLGYLILI	411147	411150	0.591758	0.271676	673.628
LLLGYLLTTLLGTLLGYLILI	LLLTYLLTTLLGTLLGYLILI	411150	411148	0.271676	0.591758	660.222
LLLTYLLTTLLGTLLGYLILI	LLLTYLLTTLLGLLLGYLILI	411149	411148	1.18439	0.0860236	646.557
LLLTYLLTTLLGLLLGYLILI	LLLTYLLTTLLGLLLGFLILI	411149	411149	0.952787	0.132101	632.651
LLLTYLLTTLLGLLLGFLILI	LLLTYLLTYLLGLLLGFLILI	411149	411148	0.443059	0.379341	604.196
LLLTYLLTYLLGLLLGFLILI	LLLTYLLTYLLGTLLGFLILI	411148	411148	0.112128	1.04019	560.23
LLLTYLLTYLLGTLLGFLILI	LLLTYLLTYLLGTLLGYLILI	411147	411146	0.0912572	1.15198	530.348
LLLTYLLTYLLGTLLGYLILI	LLLTYLLFYLLGTLLGYLILI	411146	411147	1.0043	0.119894	396.304
LLLTYLLFYLLGTLLGYLILI	LLLTYLLFYLLGTLLGFLILI	411148	411148	0.820686	0.170308	381.976
LLLTYLLFYLLGTLLGFLILI	LLLGYLLFYLLGTLLGFLILI	411148	411148	0.366931	0.457192	353.943
LLLGYLLFYLLGTLLGFLILI	LLLGYLLFYLLGTLLGYLILI	411148	411148	0.170308	0.820686	340.278
LLLGYLLFYLLGTLLGYLILI	LLLGYLLFYLLGTLLGFLILI	411148	411148	0.820686	0.170308	313.74
LLLGYLLFYLLGTLLGFLILI	LLLGYLLFYLLGTLLGWLILI	411148	411148	0.267575	0.598868	241.419
LLLGYLLFYLLGTLLGWLILI	LLLGYLLFYLLGTLLGYLILI	411148	411147	0.272043	0.591129	172.439
LLLGYLLFYLLGTLLGYLILI	LLLTYLLFYLLGTLLGYLILI	411147	411147	0.457192	0.366931	113.597
LLLTYLLFYLLGTLLGYLILI	LLLGYLLFYLLGTLLGYLILI	411147	411147	0.366931	0.457192	81.5606
Time: 523s
