***STARTING GEOMETRY:***
xShift: 7.16288
crossingAngle: -50.171
axialRotation: 6.15087
zShift: 4.35807

Number of MCCycles: 100
PrevSequence	CurrSequence	PrevEnergy	CurrEnergy	PrevEntropy	CurrEntropy	CurrentTemp
LLLYLLGTLLGYLLTTLLILI	LLLYLLGWLLGYLLTTLLILI	-24.0127	-23.7532	0.48602	0.343253	999.684
LLLYLLGWLLGYLLTTLLILI	LLLYLLGWLLGYLLSTLLILI	-23.4057	-19.4301	0.690823	0.220804	999.328
LLLYLLGWLLGYLLSTLLILI	LLLYLLGTLLGYLLSTLLILI	-19.1899	-21.1375	0.460972	0.363705	998.928
LLLYLLGTLLGYLLSTLLILI	LLLYLLGTLLGFLLSTLLILI	-20.5485	-20.3157	0.952787	0.132101	998.476
LLLYLLGTLLGFLLSTLLILI	LLLFLLGTLLGFLLSTLLILI	-20.0374	-17.7273	0.410343	0.410343	997.967
LLLFLLGTLLGFLLSTLLILI	LLLFLLGTLLGYLLSTLLILI	-17.7273	-18.784	0.410343	0.410343	997.394
LLLFLLGTLLGYLLSTLLILI	LLLFLLGTLLGYLLATLLILI	-18.5521	-18.1322	0.642213	0.244161	996.749
LLLFLLGTLLGYLLATLLILI	LLLFLLGTLLGFLLATLLILI	-17.966	-16.8887	0.410343	0.410343	996.023
LLLFLLGTLLGFLLATLLILI	LLLFLLGWLLGFLLATLLILI	-16.9354	-17.153	0.363705	0.460972	995.205
LLLFLLGWLLGFLLATLLILI	LLLYLLGWLLGFLLATLLILI	-17.2036	-19.1763	0.410343	0.410343	994.285
LLLYLLGWLLGFLLATLLILI	LLLYLLGWLLGFLLSTLLILI	-19.3425	-19.7742	0.244161	0.642213	993.249
LLLYLLGWLLGFLLSTLLILI	LLLYLLGWLLGFLLGTLLILI	-20.2222	-18.3668	0.19415	0.754431	992.084
LLLYLLGWLLGFLLGTLLILI	LLLYLLGWLLGYLLGTLLILI	-18.9891	-18.7767	0.132101	0.952787	990.773
LLLYLLGWLLGYLLGTLLILI	LLLYLLGWLLGYLLATLLILI	-18.6641	-20.0519	1.06535	0.107014	989.3
LLLYLLGWLLGYLLATLLILI	LLLYLLGTLLGYLLATLLILI	-19.698	-20.3195	0.460972	0.363705	987.644
LLLYLLGTLLGYLLATLLILI	LLLYLLGTLLGYLLSTLLILI	-20.4391	-20.859	0.244161	0.642213	985.783
LLLYLLGTLLGYLLSTLLILI	LLLYLLGTLLGFLLSTLLILI	-20.5485	-20.3157	0.952787	0.132101	983.694
LLLYLLGTLLGFLLSTLLILI	LLLYLLGTLLGFLLATLLILI	-19.8056	-19.3651	0.642213	0.244161	981.348
LLLYLLGTLLGFLLATLLILI	LLLYLLGWLLGFLLATLLILI	-19.2455	-19.1256	0.363705	0.460972	978.717
LLLYLLGWLLGFLLATLLILI	LLLYLLGTLLGFLLATLLILI	-19.1256	-19.2455	0.460972	0.363705	975.768
LLLYLLGTLLGFLLATLLILI	LLLYLLGWLLGFLLATLLILI	-19.2455	-19.1256	0.363705	0.460972	972.463
LLLYLLGWLLGFLLATLLILI	LLLYLLGWLLGYLLATLLILI	-19.4545	-19.2075	0.132101	0.952787	968.764
LLLYLLGWLLGYLLATLLILI	LLLYLLGWLLGYLLSTLLILI	-19.9162	-19.6648	0.244161	0.642213	964.627
LLLYLLGWLLGYLLSTLLILI	LLLYLLGTLLGYLLSTLLILI	-19.846	-21.1375	0.460972	0.363705	960.005
LLLYLLGTLLGYLLSTLLILI	LLLYLLGTLLGYLLATLLILI	-20.859	-20.4391	0.642213	0.244161	954.846
LLLYLLGTLLGYLLATLLILI	LLLYLLGTLLGYLLSTLLILI	-20.4391	-20.859	0.244161	0.642213	949.095
LLLYLLGTLLGYLLSTLLILI	LLLYLLGTLLGYLLATLLILI	-20.859	-20.4391	0.642213	0.244161	942.693
LLLYLLGTLLGYLLATLLILI	LLLFLLGTLLGYLLATLLILI	-19.7305	-18.2443	0.952787	0.132101	935.578
LLLFLLGTLLGYLLATLLILI	LLLFLLGTLLGYLLAVLLILI	-17.4455	-14.445	0.930859	0.137712	927.683
LLLFLLGTLLGYLLAVLLILI	LLLFLLGWLLGYLLAVLLILI	-14.3733	-13.6734	0.209355	0.716965	918.939
LLLFLLGWLLGYLLAVLLILI	LLLFLLGTLLGYLLAVLLILI	-13.6734	-14.3733	0.716965	0.209355	909.276
LLLFLLGTLLGYLLAVLLILI	LLLFLLGWLLGYLLAVLLILI	-14.3733	-12.2753	0.209355	0.716965	898.621
LLLFLLGWLLGYLLAVLLILI	LLLYLLGWLLGYLLAVLLILI	-12.8602	-15.4106	0.132101	0.952787	886.903
LLLYLLGWLLGYLLAVLLILI	LLLYLLGTLLGYLLAVLLILI	-15.6464	-16.6802	0.716965	0.209355	874.051
LLLYLLGTLLGYLLAVLLILI	LLLYLLGTLLGYLLSVLLILI	-16.6454	-17.0484	0.244161	0.642213	859.999
LLLYLLGTLLGYLLSVLLILI	LLLFLLGTLLGYLLSVLLILI	-16.7378	-15.2516	0.952787	0.132101	844.686
LLLFLLGTLLGYLLSVLLILI	LLLYLLGTLLGYLLSVLLILI	-15.2516	-16.7378	0.132101	0.952787	828.061
LLLYLLGTLLGYLLSVLLILI	LLLYLLGTLLGYLLAVLLILI	-17.0484	-16.6454	0.642213	0.244161	810.083
LLLYLLGTLLGYLLAVLLILI	LLLYLLGTLLGYLLSVLLILI	-16.6454	-17.0484	0.244161	0.642213	790.724
LLLYLLGTLLGYLLSVLLILI	LLLYLLGTLLGYLLSTLLILI	-17.5529	-20.5704	0.137712	0.930859	769.974
LLLYLLGTLLGYLLSTLLILI	LLLYLLGTLLGFLLSTLLILI	-20.5485	-20.3157	0.952787	0.132101	747.845
LLLYLLGTLLGFLLSTLLILI	LLLYLLGTLLGYLLSTLLILI	-20.3157	-20.5485	0.132101	0.952787	724.369
LLLYLLGTLLGYLLSTLLILI	LLLYLLGTLLGYLLSVLLILI	-20.5704	-17.5529	0.930859	0.137712	699.602
LLLYLLGTLLGYLLSVLLILI	LLLFLLGTLLGYLLSVLLILI	-16.7378	-15.2516	0.952787	0.132101	673.628
LLLFLLGTLLGYLLSVLLILI	LLLYLLGTLLGYLLSVLLILI	-15.2516	-16.7378	0.132101	0.952787	646.557
LLLYLLGTLLGYLLSVLLILI	LLLYLLGTLLGFLLSVLLILI	-16.7378	-16.3301	0.952787	0.132101	618.524
LLLYLLGTLLGFLLSVLLILI	LLLYLLGTLLGFLLAVLLILI	-15.82	-15.3992	0.642213	0.244161	589.688
LLLYLLGTLLGFLLAVLLILI	LLLFLLGTLLGFLLAVLLILI	-15.233	-12.9229	0.410343	0.410343	560.23
LLLFLLGTLLGFLLAVLLILI	LLLYLLGTLLGFLLAVLLILI	-12.9229	-15.233	0.410343	0.410343	530.348
LLLYLLGTLLGFLLAVLLILI	LLLYLLGTLLGYLLAVLLILI	-15.5113	-15.9368	0.132101	0.952787	500.25
LLLYLLGTLLGYLLAVLLILI	LLLYLLGTLLGTLLAVLLILI	-16.3845	-15.7859	0.505042	0.328724	470.152
LLLYLLGTLLGTLLAVLLILI	LLLYLLGTLLGTLLATLLILI	-16.0193	-18.7212	0.0952708	1.12845	440.27
LLLYLLGTLLGTLLATLLILI	LLLYLLGTLLGTLLSTLLILI	-19.6055	-19.7063	0.244161	0.642213	410.812
LLLYLLGTLLGTLLSTLLILI	LLLYLLGTLLGYLLSTLLILI	-19.9055	-21.1219	0.443059	0.379341	381.976
LLLYLLGTLLGYLLSTLLILI	LLLYLLGTLLGFLLSTLLILI	-20.5485	-20.3157	0.952787	0.132101	353.943
LLLYLLGTLLGFLLSTLLILI	LLLYLLGWLLGFLLSTLLILI	-20.0841	-19.9554	0.363705	0.460972	326.872
LLLYLLGWLLGFLLSTLLILI	LLLYLLGTLLGFLLSTLLILI	-19.9554	-20.0841	0.460972	0.363705	276.131
LLLYLLGTLLGFLLSTLLILI	LLLYLLGTLLGYLLSTLLILI	-20.3157	-20.5485	0.132101	0.952787	252.655
LLLYLLGTLLGYLLSTLLILI	LLLYLLGTLLGYLLATLLILI	-20.859	-20.4391	0.642213	0.244161	172.439
LLLYLLGTLLGYLLATLLILI	LLLYLLGTLLGFLLATLLILI	-19.7305	-19.4771	0.952787	0.132101	155.814
LLLYLLGTLLGFLLATLLILI	LLLYLLGTLLGYLLATLLILI	-19.4771	-19.7305	0.132101	0.952787	140.501
LLLYLLGTLLGYLLATLLILI	LLLYLLGTLLGYLLSTLLILI	-20.4391	-20.859	0.244161	0.642213	91.2238
Time: 161s
