***STARTING GEOMETRY:***
xShift: 7.13399
crossingAngle: -49.6988
axialRotation: 6.15467
zShift: 4.46773

Number of MCCycles: 100
PrevSequence	CurrSequence	PrevEnergy	CurrEnergy	PrevEntropy	CurrEntropy	CurrentTemp
LLLYLLGTLLGYLLTTLLILI	LLLFLLGTLLGYLLTTLLILI	-24.5404	-23.2149	0.952787	0.132101	999.684
LLLFLLGTLLGYLLTTLLILI	LLLYLLGTLLGYLLTTLLILI	-23.2149	-24.7448	0.132101	0.952787	999.328
LLLYLLGTLLGYLLTTLLILI	LLLYLLGTLLGFLLTTLLILI	-24.7448	-24.4415	0.952787	0.132101	997.967
LLLYLLGTLLGFLLTTLLILI	LLLYLLGTLLGFLLTVLLILI	-23.4451	-20.5093	1.12845	0.0952708	997.394
LLLYLLGTLLGFLLTVLLILI	LLLYLLGTLLGFLLSVLLILI	-19.9138	-17.261	0.690823	0.220804	996.749
LLLYLLGTLLGFLLSVLLILI	LLLYLLGTLLGYLLSVLLILI	-17.3497	-17.8839	0.132101	0.952787	996.023
LLLYLLGTLLGYLLSVLLILI	LLLYLLGTLLGFLLSVLLILI	-17.8839	-17.3497	0.952787	0.132101	995.205
LLLYLLGTLLGFLLSVLLILI	LLLYLLGTLLGFLLSTLLILI	-17.3441	-20.5384	0.137712	0.930859	994.285
LLLYLLGTLLGFLLSTLLILI	LLLYLLGTLLGFLLSVLLILI	-20.5384	-17.3441	0.930859	0.137712	993.249
LLLYLLGTLLGFLLSVLLILI	LLLYLLGTLLGYLLSVLLILI	-17.3497	-17.8839	0.132101	0.952787	992.084
LLLYLLGTLLGYLLSVLLILI	LLLYLLGTLLGYLLTVLLILI	-18.6159	-17.7676	0.220804	0.690823	990.773
LLLYLLGTLLGYLLTVLLILI	LLLYLLGTLLGFLLTVLLILI	-17.5057	-17.034	0.952787	0.132101	989.3
LLLYLLGTLLGFLLTVLLILI	LLLYLLGTLLGFLLSVLLILI	-16.4753	-17.261	0.690823	0.220804	987.644
LLLYLLGTLLGFLLSVLLILI	LLLYLLGTLLGYLLSVLLILI	-17.3497	-17.8839	0.132101	0.952787	985.783
LLLYLLGTLLGYLLSVLLILI	LLLYLLGTLLGYLLSTLLILI	-18.699	-21.7184	0.137712	0.930859	983.694
LLLYLLGTLLGYLLSTLLILI	LLLYLLGTLLGFLLSTLLILI	-21.6965	-21.3371	0.952787	0.132101	981.348
LLLYLLGTLLGFLLSTLLILI	LLLYLLGTLLGYLLSTLLILI	-21.3371	-21.685	0.132101	0.952787	978.717
LLLYLLGTLLGYLLSTLLILI	LLLFLLGTLLGYLLSTLLILI	-21.685	-20.1666	0.952787	0.132101	975.768
LLLFLLGTLLGYLLSTLLILI	LLLFLLGTLLGFLLSTLLILI	-19.8883	-18.7087	0.410343	0.410343	972.463
LLLFLLGTLLGFLLSTLLILI	LLLFLLGWLLGFLLSTLLILI	-18.7553	-16.9781	0.363705	0.460972	968.764
LLLFLLGWLLGFLLSTLLILI	LLLFLLGTLLGFLLSTLLILI	-16.9781	-18.7553	0.460972	0.363705	964.627
LLLFLLGTLLGFLLSTLLILI	LLLFLLGTLLGFLLTTLLILI	-18.9631	-17.9035	0.155943	0.865998	960.005
LLLFLLGTLLGFLLTTLLILI	LLLFLLGTLLGYLLTTLLILI	-18.3592	-19.4791	0.410343	0.410343	954.846
LLLFLLGTLLGYLLTTLLILI	LLLYLLGTLLGYLLTTLLILI	-19.7574	-21.2872	0.132101	0.952787	949.095
LLLYLLGTLLGYLLTTLLILI	LLLYLLGTLLGYLLSTLLILI	-21.374	-22.4933	0.865998	0.155943	942.693
LLLYLLGTLLGYLLSTLLILI	LLLYLLGTLLGYLLTTLLILI	-22.4933	-21.3713	0.155943	0.865998	935.578
LLLYLLGTLLGYLLTTLLILI	LLLFLLGTLLGYLLTTLLILI	-21.2845	-19.7574	0.952787	0.132101	927.683
LLLFLLGTLLGYLLTTLLILI	LLLFLLGTLLGYLLTVLLILI	-18.761	-16.0154	1.12845	0.0952708	918.939
LLLFLLGTLLGYLLTVLLILI	LLLYLLGTLLGYLLTVLLILI	-15.9786	-17.5084	0.132101	0.952787	909.276
LLLYLLGTLLGYLLTVLLILI	LLLYLLGTLLGYLLSVLLILI	-17.7704	-18.6045	0.690823	0.220804	898.621
LLLYLLGTLLGYLLSVLLILI	LLLYLLGTLLGYLLSTLLILI	-18.6876	-21.707	0.137712	0.930859	886.903
LLLYLLGTLLGYLLSTLLILI	LLLYLLGTLLGYLLTTLLILI	-22.4819	-21.374	0.155943	0.865998	874.051
LLLYLLGTLLGYLLTTLLILI	LLLYLLGTLLGYLLSTLLILI	-21.374	-22.4819	0.865998	0.155943	859.999
LLLYLLGTLLGYLLSTLLILI	LLLYLLGTLLGYLLSVLLILI	-21.707	-18.6876	0.930859	0.137712	844.686
LLLYLLGTLLGYLLSVLLILI	LLLYLLGTLLGFLLSVLLILI	-17.8725	-17.3497	0.952787	0.132101	828.061
LLLYLLGTLLGFLLSVLLILI	LLLYLLGTLLGYLLSVLLILI	-17.3497	-17.8839	0.132101	0.952787	810.083
LLLYLLGTLLGYLLSVLLILI	LLLYLLGTLLGFLLSVLLILI	-17.8839	-17.3497	0.952787	0.132101	790.724
LLLYLLGTLLGFLLSVLLILI	LLLYLLGTLLGFLLSTLLILI	-17.3441	-20.5384	0.137712	0.930859	769.974
LLLYLLGTLLGFLLSTLLILI	LLLFLLGTLLGFLLSTLLILI	-21.0589	-18.7087	0.410343	0.410343	747.845
LLLFLLGTLLGFLLSTLLILI	LLLYLLGTLLGFLLSTLLILI	-18.7087	-21.0589	0.410343	0.410343	724.369
LLLYLLGTLLGFLLSTLLILI	LLLYLLGTLLGYLLSTLLILI	-21.3371	-21.685	0.132101	0.952787	699.602
LLLYLLGTLLGYLLSTLLILI	LLLYLLGTLLGFLLSTLLILI	-21.685	-21.3371	0.952787	0.132101	673.628
LLLYLLGTLLGFLLSTLLILI	LLLYLLGTLLGYLLSTLLILI	-21.3371	-21.6965	0.132101	0.952787	646.557
LLLYLLGTLLGYLLSTLLILI	LLLFLLGTLLGYLLSTLLILI	-21.6965	-20.1666	0.952787	0.132101	618.524
LLLFLLGTLLGYLLSTLLILI	LLLYLLGTLLGYLLSTLLILI	-20.1666	-21.6965	0.132101	0.952787	589.688
LLLYLLGTLLGYLLSTLLILI	LLLYLLGTLLGFLLSTLLILI	-21.6965	-21.3371	0.952787	0.132101	560.23
LLLYLLGTLLGFLLSTLLILI	LLLYLLGTLLGYLLSTLLILI	-21.3371	-21.6965	0.132101	0.952787	530.348
LLLYLLGTLLGYLLSTLLILI	LLLFLLGTLLGYLLSTLLILI	-21.6965	-20.1666	0.952787	0.132101	500.25
LLLFLLGTLLGYLLSTLLILI	LLLFLLGTLLGYLLTTLLILI	-20.1427	-19.0235	0.155943	0.865998	470.152
LLLFLLGTLLGYLLTTLLILI	LLLFLLGTLLGFLLTTLLILI	-19.4791	-18.3592	0.410343	0.410343	440.27
LLLFLLGTLLGFLLTTLLILI	LLLFLLGTLLGYLLTTLLILI	-18.3592	-19.4791	0.410343	0.410343	381.976
LLLFLLGTLLGYLLTTLLILI	LLLFLLGTLLGFLLTTLLILI	-19.4791	-18.3592	0.410343	0.410343	353.943
LLLFLLGTLLGFLLTTLLILI	LLLYLLGTLLGFLLTTLLILI	-18.3592	-20.7094	0.410343	0.410343	326.872
LLLYLLGTLLGFLLTTLLILI	LLLYLLGTLLGFLLSTLLILI	-20.2538	-21.3133	0.865998	0.155943	300.898
LLLYLLGTLLGFLLSTLLILI	LLLYLLGTLLGYLLSTLLILI	-21.3371	-21.6965	0.132101	0.952787	276.131
LLLYLLGTLLGYLLSTLLILI	LLLYLLGTLLGFLLSTLLILI	-21.6965	-21.3371	0.952787	0.132101	209.776
LLLYLLGTLLGFLLSTLLILI	LLLYLLGTLLGYLLSTLLILI	-21.3371	-21.685	0.132101	0.952787	190.417
Time: 161s
