***STARTING GEOMETRY:***
xShift: 8.64553
crossingAngle: 27.2111
axialRotation: 99.7537
zShift: 2.25855

Number of MCCycles: 100
PrevSequence	CurrSequence	PrevEnergy	CurrEnergy	PrevEntropy	CurrEntropy	CurrentTemp
LLLYALLALLTSLTTLLLILI	LLLYALLFLLTSLTTLLLILI	-9.92181	-21.5468	0.510988	0.324348	999.684
LLLYALLFLLTSLTTLLLILI	LLLYALLFLLTSLTFLLLILI	-21.1775	-21.5019	0.693609	0.219549	999.328
LLLYALLFLLTSLTFLLLILI	LLLYGLLFLLTSLTFLLLILI	-21.4453	-19.1513	0.276169	0.584123	998.928
LLLYGLLFLLTSLTFLLLILI	LLLYGLLWLLTSLTFLLLILI	-19.4678	-20.3409	0.267575	0.598868	998.476
LLLYGLLWLLTSLTFLLLILI	LLLYGLLWLLTALTFLLLILI	-20.2976	-20.9195	0.642213	0.244161	997.967
LLLYGLLWLLTALTFLLLILI	LLLYGLLWLLTSLTFLLLILI	-20.9195	-24.8996	0.244161	0.642213	997.394
LLLYGLLWLLTSLTFLLLILI	LLLYGLLYLLTSLTFLLLILI	-25.1697	-19.7888	0.372136	0.451187	996.749
LLLYGLLYLLTSLTFLLLILI	LLLYGLLYLLTSLTTLLLILI	-20.1201	-19.1557	0.119894	1.0043	996.023
LLLYGLLYLLTSLTTLLLILI	LLLLGLLYLLTSLTTLLLILI	-19.4801	-19.9341	0.679837	0.225838	995.205
LLLLGLLYLLTSLTTLLLILI	LLLYGLLYLLTSLTTLLLILI	-19.9341	-19.4801	0.225838	0.679837	994.285
LLLYGLLYLLTSLTTLLLILI	LLLYGLLYLLTSLTFLLLILI	-19.1557	-21.7351	1.0043	0.119894	993.249
LLLYGLLYLLTSLTFLLLILI	LLLYGLLYLLTALTFLLLILI	-21.2128	-21.5499	0.642213	0.244161	992.084
LLLYGLLYLLTALTFLLLILI	LLLYGLLYLLTSLTFLLLILI	-21.5499	-19.5978	0.244161	0.642213	990.773
LLLYGLLYLLTSLTFLLLILI	LLLWGLLYLLTSLTFLLLILI	-19.7888	-20.0499	0.451187	0.372136	989.3
LLLWGLLYLLTSLTFLLLILI	LLLWGLLTLLTSLTFLLLILI	-20.2025	-23.0735	0.219549	0.693609	987.644
LLLWGLLTLLTSLTFLLLILI	LLLYGLLTLLTSLTFLLLILI	-23.1683	-17.1581	0.598868	0.267575	985.783
LLLYGLLTLLTSLTFLLLILI	LLLYGLLTLLTALTFLLLILI	-16.7835	-17.8416	0.642213	0.244161	983.694
LLLYGLLTLLTALTFLLLILI	LLLWGLLTLLTALTFLLLILI	-17.8181	-21.3125	0.267575	0.598868	981.348
LLLWGLLTLLTALTFLLLILI	LLLWGLLTLLTSLTFLLLILI	-21.6673	-23.1358	0.244161	0.642213	978.717
LLLWGLLTLLTSLTFLLLILI	LLLWGLLTLLTSLTYLLLILI	-23.538	-23.5013	0.240035	0.650378	975.768
LLLWGLLTLLTSLTYLLLILI	LLLWGLLYLLTSLTYLLLILI	-23.7087	-19.024	0.443059	0.379341	972.463
LLLWGLLYLLTSLTYLLLILI	LLLWGLLYLLTSLTLLLLILI	-18.7235	-18.5773	0.679837	0.225838	968.764
LLLWGLLYLLTSLTLLLLILI	LLLWGLLWLLTSLTLLLLILI	-18.6543	-19.8191	0.148778	0.890414	964.627
LLLWGLLWLLTSLTLLLLILI	LLLFGLLWLLTSLTLLLLILI	-19.4785	-21.0627	1.23103	0.0790506	960.005
LLLFGLLWLLTSLTLLLLILI	LLLFALLWLLTSLTLLLLILI	-20.5576	-12.3309	0.584123	0.276169	949.095
LLLFALLWLLTSLTLLLLILI	LLLFALLWLLTSLTYLLLILI	-12.2182	-16.2073	0.388917	0.432574	942.693
LLLFALLWLLTSLTYLLLILI	LLLFALLWLLTSLTTLLLILI	-16.4203	-11.2769	0.219549	0.693609	935.578
LLLFALLWLLTSLTTLLLILI	LLLYALLWLLTSLTTLLLILI	-11.7305	-12.7292	0.240035	0.650378	927.683
LLLYALLWLLTSLTTLLLILI	LLLYALLWLLTSLITLLLILI	-12.2715	-10.1345	1.10811	0.098896	918.939
LLLYALLWLLTSLITLLLILI	LLLYGLLWLLTSLITLLLILI	-9.95724	-14.8629	0.276169	0.584123	909.276
LLLYGLLWLLTSLITLLLILI	LLLYGLLWLLTALITLLLILI	-14.8048	-13.2066	0.642213	0.244161	898.621
LLLYGLLWLLTALITLLLILI	LLLYGLLWLLTALIFLLLILI	-12.6345	-17.5041	0.816184	0.171816	886.903
LLLYGLLWLLTALIFLLLILI	LLLYGLLWLLTALTFLLLILI	-17.5332	-20.5686	0.142768	0.911943	874.051
LLLYGLLWLLTALTFLLLILI	LLLFGLLWLLTALTFLLLILI	-21.0702	-20.9308	0.410343	0.410343	859.999
LLLFGLLWLLTALTFLLLILI	LLLFGLLWLLTSLTFLLLILI	-21.097	-20.2875	0.244161	0.642213	828.061
LLLFGLLWLLTSLTFLLLILI	LLLFGLLWLLTSLVFLLLILI	-19.9988	-19.2911	0.930859	0.137712	810.083
LLLFGLLWLLTSLVFLLLILI	LLLFGLLWLLTSLVYLLLILI	-19.0184	-19.2115	0.410343	0.410343	790.724
LLLFGLLWLLTSLVYLLLILI	LLLFGLLWLLTSLTYLLLILI	-19.4842	-20.9881	0.137712	0.930859	747.845
LLLFGLLWLLTSLTYLLLILI	LLLFGLLWLLTSLTFLLLILI	-21.5086	-21.8019	0.410343	0.410343	724.369
LLLFGLLWLLTSLTFLLLILI	LLLFGLLWLLTSLTYLLLILI	-21.8019	-23.1806	0.410343	0.410343	699.602
LLLFGLLWLLTSLTYLLLILI	LLLFGLLWLLTSLTTLLLILI	-23.3714	-21.5188	0.219549	0.693609	673.628
LLLFGLLWLLTSLTTLLLILI	LLLYGLLWLLTSLTTLLLILI	-21.9724	-19.9845	0.240035	0.650378	618.524
LLLYGLLWLLTSLTTLLLILI	LLLYGLLWLLTSLTFLLLILI	-19.6306	-21.738	1.0043	0.119894	589.688
LLLYGLLWLLTSLTFLLLILI	LLLYGLLWLLTSLTYLLLILI	-21.7258	-24.3762	0.132101	0.952787	560.23
LLLYGLLWLLTSLTYLLLILI	LLLYGLLWLLTSLTFLLLILI	-24.3762	-24.0736	0.952787	0.132101	440.27
LLLYGLLWLLTSLTFLLLILI	LLLYGLLWLLTSLTYLLLILI	-24.0736	-24.5284	0.132101	0.952787	326.872
LLLYGLLWLLTSLTYLLLILI	LLLYGLLFLLTSLTYLLLILI	-24.5908	-23.9158	0.890414	0.148778	155.814
LLLYGLLFLLTSLTYLLLILI	LLLYGLLWLLTSLTYLLLILI	-23.9158	-24.2583	0.148778	0.890414	24.7321
LLLYGLLWLLTSLTYLLLILI	LLLYGLLWLLTSLTFLLLILI	-24.1959	-24.3715	0.952787	0.132101	9.72683
LLLYGLLWLLTSLTFLLLILI	LLLYGLLWLLTSLTYLLLILI	-24.3715	-24.3806	0.132101	0.952787	7.25111
LLLYGLLWLLTSLTYLLLILI	LLLYGLLWLLTSLTFLLLILI	-24.3806	-24.3715	0.952787	0.132101	3.75076
LLLYGLLWLLTSLTFLLLILI	LLLYGLLWLLTSLTYLLLILI	-24.3715	-26.2227	0.132101	0.952787	1.17158
Time: 418s
