MCAccept 0 xShift: 8.09775 crossingAngle: -38.3373 axialRotation: -97.7352 zShift: 0.37086 energy: 4304.36
MCReject   xShift: 8.09775 crossingAngle: -38.3373 axialRotation: -97.769 zShift: 0.37086 energy: 4304.88
MCAccept 1 xShift: 8.10339 crossingAngle: -38.3373 axialRotation: -97.7352 zShift: 0.37086 energy: 4303.69
MCReject   xShift: 8.10339 crossingAngle: -38.3373 axialRotation: -97.7352 zShift: 0.394503 energy: 4817.45
MCReject   xShift: 8.10339 crossingAngle: -38.3373 axialRotation: -97.6243 zShift: 0.37086 energy: 4304.26
MCReject   xShift: 8.08835 crossingAngle: -38.3373 axialRotation: -97.7352 zShift: 0.37086 energy: 4304.27
MCAccept 2 xShift: 8.10339 crossingAngle: -38.3373 axialRotation: -97.7352 zShift: 0.362264 energy: 4130.78
MCReject   xShift: 8.08127 crossingAngle: -38.3373 axialRotation: -97.7352 zShift: 0.362264 energy: 4133.47
MCReject   xShift: 8.09925 crossingAngle: -38.3373 axialRotation: -97.7352 zShift: 0.362264 energy: 4133.59
MCReject   xShift: 8.10339 crossingAngle: -38.3373 axialRotation: -97.6565 zShift: 0.362264 energy: 4134.09
MCReject   xShift: 8.10339 crossingAngle: -38.3391 axialRotation: -97.7352 zShift: 0.362264 energy: 4133.98
MCReject   xShift: 8.10339 crossingAngle: -38.3373 axialRotation: -97.6415 zShift: 0.362264 energy: 4130.87
MCReject   xShift: 8.10339 crossingAngle: -38.3373 axialRotation: -97.6845 zShift: 0.362264 energy: 4134.76
MCReject   xShift: 8.10339 crossingAngle: -38.3373 axialRotation: -97.7066 zShift: 0.362264 energy: 4134.21
MCReject   xShift: 8.10479 crossingAngle: -38.3373 axialRotation: -97.7352 zShift: 0.362264 energy: 4134.69
MCAccept 3 xShift: 8.10339 crossingAngle: -38.3373 axialRotation: -97.7352 zShift: 0.3485 energy: 3878.24
MCAccept 4 xShift: 8.10339 crossingAngle: -38.2704 axialRotation: -97.7352 zShift: 0.3485 energy: 3874.19
MCAccept 5 xShift: 8.10339 crossingAngle: -38.2424 axialRotation: -97.7352 zShift: 0.3485 energy: 3874.19
MCReject   xShift: 8.10339 crossingAngle: -38.3216 axialRotation: -97.7352 zShift: 0.3485 energy: 3879.3
MCReject   xShift: 8.10339 crossingAngle: -38.3834 axialRotation: -97.7352 zShift: 0.3485 energy: 3878.05
MCReject   xShift: 8.09324 crossingAngle: -38.2424 axialRotation: -97.7352 zShift: 0.3485 energy: 3878.14
MCReject   xShift: 8.10711 crossingAngle: -38.2424 axialRotation: -97.7352 zShift: 0.3485 energy: 3876.39
MCReject   xShift: 8.10692 crossingAngle: -38.2424 axialRotation: -97.7352 zShift: 0.3485 energy: 3878.05
MCReject   xShift: 8.10089 crossingAngle: -38.2424 axialRotation: -97.7352 zShift: 0.3485 energy: 3877.93
MCReject   xShift: 8.08912 crossingAngle: -38.2424 axialRotation: -97.7352 zShift: 0.3485 energy: 3878.05
MCReject   xShift: 8.10339 crossingAngle: -38.2424 axialRotation: -97.7703 zShift: 0.3485 energy: 3879.77
MCReject   xShift: 8.10339 crossingAngle: -38.3092 axialRotation: -97.7352 zShift: 0.3485 energy: 3879.53
MCReject   xShift: 8.10339 crossingAngle: -38.2281 axialRotation: -97.7352 zShift: 0.3485 energy: 3878.73
MCReject   xShift: 8.10339 crossingAngle: -38.3919 axialRotation: -97.7352 zShift: 0.3485 energy: 3879.34
MCReject   xShift: 8.10339 crossingAngle: -38.3165 axialRotation: -97.7352 zShift: 0.3485 energy: 3879.34
MCReject   xShift: 8.10339 crossingAngle: -38.2731 axialRotation: -97.7352 zShift: 0.3485 energy: 3878.55
MCReject   xShift: 8.09944 crossingAngle: -38.2424 axialRotation: -97.7352 zShift: 0.3485 energy: 3879.23
MCReject   xShift: 8.10339 crossingAngle: -38.2424 axialRotation: -97.8167 zShift: 0.3485 energy: 3879.15
MCReject   xShift: 8.09546 crossingAngle: -38.2424 axialRotation: -97.7352 zShift: 0.3485 energy: 3879.8
MCReject   xShift: 8.10339 crossingAngle: -38.2424 axialRotation: -97.7674 zShift: 0.3485 energy: 3879.92
MCReject   xShift: 8.08754 crossingAngle: -38.2424 axialRotation: -97.7352 zShift: 0.3485 energy: 3878.7
MCReject   xShift: 8.10339 crossingAngle: -38.2424 axialRotation: -97.7933 zShift: 0.3485 energy: 3879.15
MCReject   xShift: 8.09027 crossingAngle: -38.2424 axialRotation: -97.7352 zShift: 0.3485 energy: 3878.55
MCReject   xShift: 8.10339 crossingAngle: -38.2424 axialRotation: -97.7406 zShift: 0.3485 energy: 3878.7
MCReject   xShift: 8.10339 crossingAngle: -38.0919 axialRotation: -97.7352 zShift: 0.3485 energy: 3879.68
MCReject   xShift: 8.11943 crossingAngle: -38.2424 axialRotation: -97.7352 zShift: 0.3485 energy: 3875.3
MCReject   xShift: 8.10339 crossingAngle: -38.2424 axialRotation: -97.7352 zShift: 0.365882 energy: 4205.28
MCReject   xShift: 8.10339 crossingAngle: -38.2424 axialRotation: -97.5757 zShift: 0.3485 energy: 3879.44
MCReject   xShift: 8.10339 crossingAngle: -38.1078 axialRotation: -97.7352 zShift: 0.3485 energy: 3879.19
MCAccept 6 xShift: 8.09789 crossingAngle: -38.2424 axialRotation: -97.7352 zShift: 0.3485 energy: 3874.12
MCAccept 7 xShift: 8.09789 crossingAngle: -38.2424 axialRotation: -97.7352 zShift: 0.330596 energy: 3573.7
MCReject   xShift: 8.0923 crossingAngle: -38.2424 axialRotation: -97.7352 zShift: 0.330596 energy: 3574.31
MCAccept 8 xShift: 8.09672 crossingAngle: -38.2424 axialRotation: -97.7352 zShift: 0.330596 energy: 3573.82
MCAccept 9 xShift: 8.09672 crossingAngle: -38.2424 axialRotation: -97.8527 zShift: 0.330596 energy: 3573.98
MCAccept 10 xShift: 8.09672 crossingAngle: -38.2424 axialRotation: -97.9285 zShift: 0.330596 energy: 3569.27
MCReject   xShift: 8.11518 crossingAngle: -38.2424 axialRotation: -97.9285 zShift: 0.330596 energy: 3573.86
MCReject   xShift: 8.09672 crossingAngle: -38.2424 axialRotation: -98.0002 zShift: 0.330596 energy: 3574.31
MCReject   xShift: 8.09672 crossingAngle: -38.2424 axialRotation: -97.9285 zShift: 0.332465 energy: 3605.61
MCReject   xShift: 8.09672 crossingAngle: -38.2175 axialRotation: -97.9285 zShift: 0.330596 energy: 3575.11
MCReject   xShift: 8.0944 crossingAngle: -38.2424 axialRotation: -97.9285 zShift: 0.330596 energy: 3573.82
MCAccept 11 xShift: 8.10009 crossingAngle: -38.2424 axialRotation: -97.9285 zShift: 0.330596 energy: 3569.24
MCReject   xShift: 8.10009 crossingAngle: -38.2424 axialRotation: -97.9285 zShift: 0.332543 energy: 3606.62
MCReject   xShift: 8.10009 crossingAngle: -38.2424 axialRotation: -97.9285 zShift: 0.351499 energy: 3932.13
MCReject   xShift: 8.10009 crossingAngle: -38.2424 axialRotation: -98.0144 zShift: 0.330596 energy: 3572.11
MCReject   xShift: 8.10009 crossingAngle: -38.2424 axialRotation: -97.8543 zShift: 0.330596 energy: 3575.01
MCReject   xShift: 8.10009 crossingAngle: -38.2424 axialRotation: -97.9285 zShift: 0.334763 energy: 3642.63
MCAccept 12 xShift: 8.10009 crossingAngle: -38.2424 axialRotation: -97.9285 zShift: 0.323847 energy: 3465.04
MCReject   xShift: 8.10468 crossingAngle: -38.2424 axialRotation: -97.9285 zShift: 0.323847 energy: 3468.45
MCReject   xShift: 8.09295 crossingAngle: -38.2424 axialRotation: -97.9285 zShift: 0.323847 energy: 3467.25
MCAccept 13 xShift: 8.10009 crossingAngle: -38.2424 axialRotation: -97.9285 zShift: 0.31863 energy: 3387.26
MCAccept 14 xShift: 8.10009 crossingAngle: -38.3128 axialRotation: -97.9285 zShift: 0.31863 energy: 3386.75
MCAccept 15 xShift: 8.10009 crossingAngle: -38.174 axialRotation: -97.9285 zShift: 0.31863 energy: 3379.71
MCReject   xShift: 8.09672 crossingAngle: -38.174 axialRotation: -97.9285 zShift: 0.31863 energy: 3387.3
MCReject   xShift: 8.10009 crossingAngle: -38.4326 axialRotation: -97.9285 zShift: 0.31863 energy: 3386.68
MCAccept 16 xShift: 8.10009 crossingAngle: -38.174 axialRotation: -97.9285 zShift: 0.303512 energy: 3168.99
MCAccept 17 xShift: 8.10009 crossingAngle: -38.2052 axialRotation: -97.9285 zShift: 0.303512 energy: 3167.64
MCAccept 18 xShift: 8.10009 crossingAngle: -38.2052 axialRotation: -97.9285 zShift: 0.298122 energy: 3093.08
MCReject   xShift: 8.10009 crossingAngle: -38.2052 axialRotation: -97.9285 zShift: 0.306546 energy: 3207.96
MCAccept 19 xShift: 8.10009 crossingAngle: -38.1029 axialRotation: -97.9285 zShift: 0.298122 energy: 3093.05
MCAccept 20 xShift: 8.10009 crossingAngle: -38.1349 axialRotation: -97.9285 zShift: 0.298122 energy: 3093.08
MCReject   xShift: 8.08269 crossingAngle: -38.1349 axialRotation: -97.9285 zShift: 0.298122 energy: 3094.44
MCAccept 21 xShift: 8.10009 crossingAngle: -38.1349 axialRotation: -97.9285 zShift: 0.291441 energy: 3005.85
MCAccept 22 xShift: 8.10009 crossingAngle: -38.1349 axialRotation: -97.8693 zShift: 0.291441 energy: 3004.85
MCAccept 23 xShift: 8.10009 crossingAngle: -38.2671 axialRotation: -97.8693 zShift: 0.291441 energy: 3004.74
MCAccept 24 xShift: 8.09766 crossingAngle: -38.2671 axialRotation: -97.8693 zShift: 0.291441 energy: 2999.47
MCReject   xShift: 8.09766 crossingAngle: -38.0285 axialRotation: -97.8693 zShift: 0.291441 energy: 3004.3
MCReject   xShift: 8.09766 crossingAngle: -38.2671 axialRotation: -97.8693 zShift: 0.296873 energy: 3076.53
MCReject   xShift: 8.09974 crossingAngle: -38.2671 axialRotation: -97.8693 zShift: 0.291441 energy: 3005.34
MCAccept 25 xShift: 8.09766 crossingAngle: -38.2671 axialRotation: -97.8693 zShift: 0.279093 energy: 2843.49
MCReject   xShift: 8.09766 crossingAngle: -38.3376 axialRotation: -97.8693 zShift: 0.279093 energy: 2849.24
MCReject   xShift: 8.1006 crossingAngle: -38.2671 axialRotation: -97.8693 zShift: 0.279093 energy: 2848.66
MCReject   xShift: 8.10312 crossingAngle: -38.2671 axialRotation: -97.8693 zShift: 0.279093 energy: 2848.66
MCReject   xShift: 8.08755 crossingAngle: -38.2671 axialRotation: -97.8693 zShift: 0.279093 energy: 2848.69
MCReject   xShift: 8.09766 crossingAngle: -38.2671 axialRotation: -97.7876 zShift: 0.279093 energy: 2849.5
MCReject   xShift: 8.09766 crossingAngle: -38.3241 axialRotation: -97.8693 zShift: 0.279093 energy: 2849.18
MCReject   xShift: 8.07932 crossingAngle: -38.2671 axialRotation: -97.8693 zShift: 0.279093 energy: 2849.98
MCReject   xShift: 8.09775 crossingAngle: -38.2671 axialRotation: -97.8693 zShift: 0.279093 energy: 2848.07
MCAccept 26 xShift: 8.09766 crossingAngle: -38.2671 axialRotation: -97.8693 zShift: 0.275726 energy: 2808.36
MCAccept 27 xShift: 8.09438 crossingAngle: -38.2671 axialRotation: -97.8693 zShift: 0.275726 energy: 2807.26
MCAccept 28 xShift: 8.09438 crossingAngle: -38.2671 axialRotation: -97.9781 zShift: 0.275726 energy: 2807.12
MCReject   xShift: 8.09438 crossingAngle: -38.2674 axialRotation: -97.9781 zShift: 0.275726 energy: 2807.6
MCReject   xShift: 8.09438 crossingAngle: -38.2671 axialRotation: -97.9781 zShift: 0.277698 energy: 2832.24
MCReject   xShift: 8.09438 crossingAngle: -38.2671 axialRotation: -97.9781 zShift: 0.287202 energy: 2951.08
MCReject   xShift: 8.09438 crossingAngle: -38.2208 axialRotation: -97.9781 zShift: 0.275726 energy: 2808.42
MCAccept 29 xShift: 8.09292 crossingAngle: -38.2671 axialRotation: -97.9781 zShift: 0.275726 energy: 2805.45
MCReject   xShift: 8.09292 crossingAngle: -38.3251 axialRotation: -97.9781 zShift: 0.275726 energy: 2808.42
MCReject   xShift: 8.09292 crossingAngle: -38.2671 axialRotation: -97.7934 zShift: 0.275726 energy: 2808.62
MCReject   xShift: 8.09292 crossingAngle: -38.2671 axialRotation: -97.9781 zShift: 0.279839 energy: 2857.09
MCReject   xShift: 8.09201 crossingAngle: -38.2671 axialRotation: -97.9781 zShift: 0.275726 energy: 2808.62
MCReject   xShift: 8.09452 crossingAngle: -38.2671 axialRotation: -97.9781 zShift: 0.275726 energy: 2807.26
MCAccept 30 xShift: 8.09292 crossingAngle: -38.2671 axialRotation: -97.9781 zShift: 0.274141 energy: 2788.15
MCReject   xShift: 8.0908 crossingAngle: -38.2671 axialRotation: -97.9781 zShift: 0.274141 energy: 2789.92
MCAccept 31 xShift: 8.09292 crossingAngle: -38.2671 axialRotation: -97.9781 zShift: 0.256225 energy: 2584.6
MCAccept 32 xShift: 8.09292 crossingAngle: -38.2671 axialRotation: -97.9781 zShift: 0.254571 energy: 2567.95
MCAccept 33 xShift: 8.09292 crossingAngle: -38.4582 axialRotation: -97.9781 zShift: 0.254571 energy: 2567.27
MCReject   xShift: 8.09292 crossingAngle: -38.4582 axialRotation: -97.9781 zShift: 0.263636 energy: 2668.15
MCAccept 34 xShift: 8.09292 crossingAngle: -38.4582 axialRotation: -97.8642 zShift: 0.254571 energy: 2567.18
MCAccept 35 xShift: 8.10985 crossingAngle: -38.4582 axialRotation: -97.8642 zShift: 0.254571 energy: 2566.5
MCAccept 36 xShift: 8.10985 crossingAngle: -38.2911 axialRotation: -97.8642 zShift: 0.254571 energy: 2561.8
MCReject   xShift: 8.10985 crossingAngle: -38.2911 axialRotation: -97.8642 zShift: 0.261107 energy: 2638.02
MCReject   xShift: 8.10985 crossingAngle: -38.2911 axialRotation: -97.955 zShift: 0.254571 energy: 2564.8
MCReject   xShift: 8.10985 crossingAngle: -38.2911 axialRotation: -97.9101 zShift: 0.254571 energy: 2566.67
MCReject   xShift: 8.08021 crossingAngle: -38.2911 axialRotation: -97.8642 zShift: 0.254571 energy: 2568.26
MCReject   xShift: 8.10985 crossingAngle: -38.2911 axialRotation: -97.6725 zShift: 0.254571 energy: 2566.97
MCReject   xShift: 8.10985 crossingAngle: -38.2911 axialRotation: -97.8642 zShift: 0.26032 energy: 2630.49
MCAccept 37 xShift: 8.10985 crossingAngle: -38.2911 axialRotation: -97.8642 zShift: 0.249535 energy: 2510.21
MCReject   xShift: 8.11436 crossingAngle: -38.2911 axialRotation: -97.8642 zShift: 0.249535 energy: 2513.02
MCReject   xShift: 8.10985 crossingAngle: -38.3402 axialRotation: -97.8642 zShift: 0.249535 energy: 2515.02
MCReject   xShift: 8.12497 crossingAngle: -38.2911 axialRotation: -97.8642 zShift: 0.249535 energy: 2514.23
MCAccept 38 xShift: 8.10985 crossingAngle: -38.2911 axialRotation: -97.8642 zShift: 0.234571 energy: 2362.21
MCReject   xShift: 8.10985 crossingAngle: -38.2911 axialRotation: -97.8746 zShift: 0.234571 energy: 2363.34
MCReject   xShift: 8.10985 crossingAngle: -38.2911 axialRotation: -97.9467 zShift: 0.234571 energy: 2364.05
MCReject   xShift: 8.11515 crossingAngle: -38.2911 axialRotation: -97.8642 zShift: 0.234571 energy: 2363.54
MCReject   xShift: 8.10985 crossingAngle: -38.2911 axialRotation: -97.8642 zShift: 0.249791 energy: 2516.94
MCAccept 39 xShift: 8.10985 crossingAngle: -38.2911 axialRotation: -98.0426 zShift: 0.234571 energy: 2362.19
MCReject   xShift: 8.10985 crossingAngle: -38.2012 axialRotation: -98.0426 zShift: 0.234571 energy: 2362.66
MCReject   xShift: 8.10985 crossingAngle: -38.0884 axialRotation: -98.0426 zShift: 0.234571 energy: 2362.75
MCAccept 40 xShift: 8.10985 crossingAngle: -38.1143 axialRotation: -98.0426 zShift: 0.234571 energy: 2359.15
MCReject   xShift: 8.10985 crossingAngle: -38.161 axialRotation: -98.0426 zShift: 0.234571 energy: 2363.69
MCReject   xShift: 8.09294 crossingAngle: -38.1143 axialRotation: -98.0426 zShift: 0.234571 energy: 2364.05
MCReject   xShift: 8.10874 crossingAngle: -38.1143 axialRotation: -98.0426 zShift: 0.234571 energy: 2363.89
MCReject   xShift: 8.10985 crossingAngle: -38.1143 axialRotation: -98.149 zShift: 0.234571 energy: 2363.79
MCReject   xShift: 8.10985 crossingAngle: -38.1564 axialRotation: -98.0426 zShift: 0.234571 energy: 2363.79
MCAccept 41 xShift: 8.10985 crossingAngle: -38.069 axialRotation: -98.0426 zShift: 0.234571 energy: 2359.04
MCReject   xShift: 8.10985 crossingAngle: -38.069 axialRotation: -98.0828 zShift: 0.234571 energy: 2363.83
MCReject   xShift: 8.10985 crossingAngle: -38.069 axialRotation: -98.0426 zShift: 0.236898 energy: 2383.05
MCReject   xShift: 8.09877 crossingAngle: -38.069 axialRotation: -98.0426 zShift: 0.234571 energy: 2364.07
MCReject   xShift: 8.10985 crossingAngle: -38.069 axialRotation: -98.0426 zShift: 0.257319 energy: 2596.44
MCReject   xShift: 8.10985 crossingAngle: -38.0477 axialRotation: -98.0426 zShift: 0.234571 energy: 2362.04
MCReject   xShift: 8.10985 crossingAngle: -38.1208 axialRotation: -98.0426 zShift: 0.234571 energy: 2363.24
MCReject   xShift: 8.10985 crossingAngle: -38.069 axialRotation: -98.0426 zShift: 0.241726 energy: 2433.49
MCReject   xShift: 8.10985 crossingAngle: -38.069 axialRotation: -98.1342 zShift: 0.234571 energy: 2363.64
MCReject   xShift: 8.10985 crossingAngle: -38.069 axialRotation: -98.0368 zShift: 0.234571 energy: 2362.79
MCAccept 42 xShift: 8.09996 crossingAngle: -38.069 axialRotation: -98.0426 zShift: 0.234571 energy: 2357.29
MCReject   xShift: 8.09996 crossingAngle: -38.069 axialRotation: -98.1175 zShift: 0.234571 energy: 2363.24
MCReject   xShift: 8.09996 crossingAngle: -38.069 axialRotation: -98.0426 zShift: 0.25313 energy: 2551.2
MCReject   xShift: 8.11124 crossingAngle: -38.069 axialRotation: -98.0426 zShift: 0.234571 energy: 2362.17
MCReject   xShift: 8.09996 crossingAngle: -38.069 axialRotation: -98.1046 zShift: 0.234571 energy: 2362.19
MCReject   xShift: 8.09996 crossingAngle: -37.9786 axialRotation: -98.0426 zShift: 0.234571 energy: 2363.28
MCAccept 43 xShift: 8.09996 crossingAngle: -38.069 axialRotation: -98.0426 zShift: 0.216838 energy: 2198.87
MCReject   xShift: 8.10919 crossingAngle: -38.069 axialRotation: -98.0426 zShift: 0.216838 energy: 2199.46
MCAccept 44 xShift: 8.09996 crossingAngle: -38.0743 axialRotation: -98.0426 zShift: 0.216838 energy: 2198.09
MCReject   xShift: 8.09996 crossingAngle: -38.0743 axialRotation: -98.0975 zShift: 0.216838 energy: 2198.63
MCReject   xShift: 8.09996 crossingAngle: -38.0743 axialRotation: -98.0426 zShift: 0.222534 energy: 2250.75
MCReject   xShift: 8.09996 crossingAngle: -38.0743 axialRotation: -98.0426 zShift: 0.239308 energy: 2408.81
MCAccept 45 xShift: 8.09243 crossingAngle: -38.0743 axialRotation: -98.0426 zShift: 0.216838 energy: 2197.56
MCAccept 46 xShift: 8.06817 crossingAngle: -38.0743 axialRotation: -98.0426 zShift: 0.216838 energy: 2192.65
MCReject   xShift: 8.06817 crossingAngle: -38.0743 axialRotation: -97.9884 zShift: 0.216838 energy: 2197.56
MCReject   xShift: 8.06817 crossingAngle: -38.1434 axialRotation: -98.0426 zShift: 0.216838 energy: 2198.87
MCReject   xShift: 8.06817 crossingAngle: -38.2191 axialRotation: -98.0426 zShift: 0.216838 energy: 2199.2
MCReject   xShift: 8.06817 crossingAngle: -38.0743 axialRotation: -97.9549 zShift: 0.216838 energy: 2197.6
MCAccept 47 xShift: 8.06817 crossingAngle: -38.0743 axialRotation: -98.0426 zShift: 0.204862 energy: 2089.98
MCReject   xShift: 8.06817 crossingAngle: -38.0743 axialRotation: -98.0896 zShift: 0.204862 energy: 2095.88
MCAccept 48 xShift: 8.06817 crossingAngle: -38.0743 axialRotation: -98.0426 zShift: 0.191399 energy: 1987.1
MCAccept 49 xShift: 8.06817 crossingAngle: -38.0743 axialRotation: -97.9464 zShift: 0.191399 energy: 1985.52
MCReject   xShift: 8.08961 crossingAngle: -38.0743 axialRotation: -97.9464 zShift: 0.191399 energy: 1986.52
MCAccept 50 xShift: 8.07034 crossingAngle: -38.0743 axialRotation: -97.9464 zShift: 0.191399 energy: 1985.52
MCAccept 51 xShift: 8.07034 crossingAngle: -38.1816 axialRotation: -97.9464 zShift: 0.191399 energy: 1985.5
MCAccept 52 xShift: 8.07034 crossingAngle: -38.1816 axialRotation: -97.9464 zShift: 0.17633 energy: 1868.76
MCAccept 53 xShift: 8.07034 crossingAngle: -38.1816 axialRotation: -97.9464 zShift: 0.148156 energy: 1680.34
MCReject   xShift: 8.07034 crossingAngle: -38.1816 axialRotation: -97.9864 zShift: 0.148156 energy: 1681.42
MCAccept 54 xShift: 8.07034 crossingAngle: -38.1816 axialRotation: -97.9464 zShift: 0.14716 energy: 1674.07
MCReject   xShift: 8.07034 crossingAngle: -38.1002 axialRotation: -97.9464 zShift: 0.14716 energy: 1674.46
MCReject   xShift: 8.07034 crossingAngle: -38.3373 axialRotation: -97.9464 zShift: 0.14716 energy: 1675.38
MCAccept 55 xShift: 8.07034 crossingAngle: -38.1816 axialRotation: -97.9464 zShift: 0.142033 energy: 1643.54
MCAccept 56 xShift: 8.07034 crossingAngle: -38.38 axialRotation: -97.9464 zShift: 0.142033 energy: 1643.51
MCAccept 57 xShift: 8.07034 crossingAngle: -38.38 axialRotation: -97.9001 zShift: 0.142033 energy: 1643.37
MCAccept 58 xShift: 8.07034 crossingAngle: -38.3581 axialRotation: -97.9001 zShift: 0.142033 energy: 1642.01
MCAccept 59 xShift: 8.07034 crossingAngle: -38.3581 axialRotation: -97.9001 zShift: 0.13176 energy: 1582.02
MCAccept 60 xShift: 8.07034 crossingAngle: -38.3581 axialRotation: -97.9001 zShift: 0.119146 energy: 1509.17
MCReject   xShift: 8.07034 crossingAngle: -38.3581 axialRotation: -97.9492 zShift: 0.119146 energy: 1509.61
MCAccept 61 xShift: 8.07034 crossingAngle: -38.4579 axialRotation: -97.9001 zShift: 0.119146 energy: 1506.18
MCAccept 62 xShift: 8.07034 crossingAngle: -38.4579 axialRotation: -97.9001 zShift: 0.116716 energy: 1496.17
MCAccept 63 xShift: 8.07245 crossingAngle: -38.4579 axialRotation: -97.9001 zShift: 0.116716 energy: 1487.35
MCAccept 64 xShift: 8.07245 crossingAngle: -38.4579 axialRotation: -97.9001 zShift: 0.108065 energy: 1449.69
MCAccept 65 xShift: 8.08272 crossingAngle: -38.4579 axialRotation: -97.9001 zShift: 0.108065 energy: 1448.26
MCReject   xShift: 8.08272 crossingAngle: -38.4579 axialRotation: -97.8603 zShift: 0.108065 energy: 1448.56
MCAccept 66 xShift: 8.068 crossingAngle: -38.4579 axialRotation: -97.9001 zShift: 0.108065 energy: 1443.03
MCAccept 67 xShift: 8.068 crossingAngle: -38.4579 axialRotation: -97.9466 zShift: 0.108065 energy: 1440.64
MCReject   xShift: 8.068 crossingAngle: -38.5365 axialRotation: -97.9466 zShift: 0.108065 energy: 1448.26
MCReject   xShift: 8.068 crossingAngle: -38.4579 axialRotation: -98.0634 zShift: 0.108065 energy: 1448.47
MCReject   xShift: 8.0724 crossingAngle: -38.4579 axialRotation: -97.9466 zShift: 0.108065 energy: 1449.26
MCReject   xShift: 8.068 crossingAngle: -38.4579 axialRotation: -97.9466 zShift: 0.120637 energy: 1516.45
MCReject   xShift: 8.068 crossingAngle: -38.4579 axialRotation: -98.0808 zShift: 0.108065 energy: 1448.66
MCReject   xShift: 8.068 crossingAngle: -38.4579 axialRotation: -97.9466 zShift: 0.108606 energy: 1451.11
MCReject   xShift: 8.068 crossingAngle: -38.4579 axialRotation: -97.8941 zShift: 0.108065 energy: 1449.87
MCReject   xShift: 8.068 crossingAngle: -38.2131 axialRotation: -97.9466 zShift: 0.108065 energy: 1448.1
MCAccept 68 xShift: 8.068 crossingAngle: -38.4579 axialRotation: -97.9466 zShift: 0.0980708 energy: 1397.19
MCAccept 69 xShift: 8.05372 crossingAngle: -38.4579 axialRotation: -97.9466 zShift: 0.0980708 energy: 1397.19
MCAccept 70 xShift: 8.0867 crossingAngle: -38.4579 axialRotation: -97.9466 zShift: 0.0980708 energy: 1396.55
MCReject   xShift: 8.0867 crossingAngle: -38.4583 axialRotation: -97.9466 zShift: 0.0980708 energy: 1397.21
MCAccept 71 xShift: 8.0867 crossingAngle: -38.4579 axialRotation: -97.9466 zShift: 0.0891294 energy: 1353.09
MCReject   xShift: 8.0867 crossingAngle: -38.312 axialRotation: -97.9466 zShift: 0.0891294 energy: 1353.56
MCAccept 72 xShift: 8.0867 crossingAngle: -38.7353 axialRotation: -97.9466 zShift: 0.0891294 energy: 1349.35
MCReject   xShift: 8.0867 crossingAngle: -38.7353 axialRotation: -97.9895 zShift: 0.0891294 energy: 1350.66
MCReject   xShift: 8.0867 crossingAngle: -38.7353 axialRotation: -97.9466 zShift: 0.0937384 energy: 1375.18
MCReject   xShift: 8.08158 crossingAngle: -38.7353 axialRotation: -97.9466 zShift: 0.0891294 energy: 1350.66
MCReject   xShift: 8.0867 crossingAngle: -38.8429 axialRotation: -97.9466 zShift: 0.0891294 energy: 1352.86
MCReject   xShift: 8.07826 crossingAngle: -38.7353 axialRotation: -97.9466 zShift: 0.0891294 energy: 1352.42
MCAccept 73 xShift: 8.0867 crossingAngle: -38.9095 axialRotation: -97.9466 zShift: 0.0891294 energy: 1349.35
MCReject   xShift: 8.0867 crossingAngle: -38.9095 axialRotation: -98.1334 zShift: 0.0891294 energy: 1353.09
MCReject   xShift: 8.09084 crossingAngle: -38.9095 axialRotation: -97.9466 zShift: 0.0891294 energy: 1350.68
MCReject   xShift: 8.0867 crossingAngle: -38.9095 axialRotation: -97.9466 zShift: 0.0982669 energy: 1399.23
MCReject   xShift: 8.0867 crossingAngle: -38.9095 axialRotation: -97.958 zShift: 0.0891294 energy: 1353.84
MCReject   xShift: 8.08082 crossingAngle: -38.9095 axialRotation: -97.9466 zShift: 0.0891294 energy: 1354.32
MCAccept 74 xShift: 8.0867 crossingAngle: -38.9095 axialRotation: -97.9387 zShift: 0.0891294 energy: 1347.39
MCAccept 75 xShift: 8.0867 crossingAngle: -38.9095 axialRotation: -97.9387 zShift: 0.0877653 energy: 1342.77
MCReject   xShift: 8.05794 crossingAngle: -38.9095 axialRotation: -97.9387 zShift: 0.0877653 energy: 1345.95
MCReject   xShift: 8.06287 crossingAngle: -38.9095 axialRotation: -97.9387 zShift: 0.0877653 energy: 1345.99
MCReject   xShift: 8.0867 crossingAngle: -38.9095 axialRotation: -97.6917 zShift: 0.0877653 energy: 1347.08
MCReject   xShift: 8.08004 crossingAngle: -38.9095 axialRotation: -97.9387 zShift: 0.0877653 energy: 1345.95
MCReject   xShift: 8.07996 crossingAngle: -38.9095 axialRotation: -97.9387 zShift: 0.0877653 energy: 1347.5
MCReject   xShift: 8.07445 crossingAngle: -38.9095 axialRotation: -97.9387 zShift: 0.0877653 energy: 1344.12
MCAccept 76 xShift: 8.0867 crossingAngle: -38.9095 axialRotation: -97.9387 zShift: 0.0853105 energy: 1334.11
MCAccept 77 xShift: 8.0867 crossingAngle: -38.9189 axialRotation: -97.9387 zShift: 0.0853105 energy: 1329.17
MCReject   xShift: 8.0769 crossingAngle: -38.9189 axialRotation: -97.9387 zShift: 0.0853105 energy: 1336.1
MCReject   xShift: 8.0867 crossingAngle: -38.9189 axialRotation: -98.1192 zShift: 0.0853105 energy: 1335.61
MCReject   xShift: 8.0867 crossingAngle: -38.9438 axialRotation: -97.9387 zShift: 0.0853105 energy: 1334.65
MCReject   xShift: 8.08673 crossingAngle: -38.9189 axialRotation: -97.9387 zShift: 0.0853105 energy: 1335.77
MCAccept 78 xShift: 8.0867 crossingAngle: -38.9189 axialRotation: -97.9387 zShift: 0.078875 energy: 1300.95
MCReject   xShift: 8.0867 crossingAngle: -38.9189 axialRotation: -97.9387 zShift: 0.0893346 energy: 1353.42
MCAccept 79 xShift: 8.0867 crossingAngle: -38.9189 axialRotation: -97.9387 zShift: 0.0713714 energy: 1264.82
MCReject   xShift: 8.08069 crossingAngle: -38.9189 axialRotation: -97.9387 zShift: 0.0713714 energy: 1271.1
MCReject   xShift: 8.0867 crossingAngle: -38.9189 axialRotation: -97.9387 zShift: 0.0780793 energy: 1302.12
MCReject   xShift: 8.09529 crossingAngle: -38.9189 axialRotation: -97.9387 zShift: 0.0713714 energy: 1271.58
MCReject   xShift: 8.07181 crossingAngle: -38.9189 axialRotation: -97.9387 zShift: 0.0713714 energy: 1271.37
MCAccept 80 xShift: 8.0867 crossingAngle: -38.9189 axialRotation: -97.9387 zShift: 0.0662706 energy: 1247.48
MCAccept 81 xShift: 8.0867 crossingAngle: -38.9189 axialRotation: -98.0979 zShift: 0.0662706 energy: 1242.84
MCReject   xShift: 8.0867 crossingAngle: -38.9408 axialRotation: -98.0979 zShift: 0.0662706 energy: 1242.85
MCReject   xShift: 8.0867 crossingAngle: -38.9189 axialRotation: -98.0979 zShift: 0.0804475 energy: 1308.17
MCReject   xShift: 8.0867 crossingAngle: -38.9189 axialRotation: -98.0979 zShift: 0.0696096 energy: 1254.65
MCAccept 82 xShift: 8.0867 crossingAngle: -38.9189 axialRotation: -98.1921 zShift: 0.0662706 energy: 1242.84
MCReject   xShift: 8.0867 crossingAngle: -38.9556 axialRotation: -98.1921 zShift: 0.0662706 energy: 1244.27
MCReject   xShift: 8.0867 crossingAngle: -38.9908 axialRotation: -98.1921 zShift: 0.0662706 energy: 1247.35
MCReject   xShift: 8.0867 crossingAngle: -38.8343 axialRotation: -98.1921 zShift: 0.0662706 energy: 1248.02
MCAccept 83 xShift: 8.0867 crossingAngle: -38.9189 axialRotation: -98.1921 zShift: 0.0632695 energy: 1234.33
MCReject   xShift: 8.07299 crossingAngle: -38.9189 axialRotation: -98.1921 zShift: 0.0632695 energy: 1236
MCReject   xShift: 8.09493 crossingAngle: -38.9189 axialRotation: -98.1921 zShift: 0.0632695 energy: 1234.75
MCReject   xShift: 8.0867 crossingAngle: -38.9189 axialRotation: -98.2297 zShift: 0.0632695 energy: 1235.71
MCAccept 84 xShift: 8.0867 crossingAngle: -38.9189 axialRotation: -98.1921 zShift: 0.0412697 energy: 1143.94
MCAccept 85 xShift: 8.07715 crossingAngle: -38.9189 axialRotation: -98.1921 zShift: 0.0412697 energy: 1140.89
MCReject   xShift: 8.07715 crossingAngle: -38.9189 axialRotation: -98.3466 zShift: 0.0412697 energy: 1142.19
MCReject   xShift: 8.07715 crossingAngle: -39.0114 axialRotation: -98.1921 zShift: 0.0412697 energy: 1142.23
MCAccept 86 xShift: 8.07715 crossingAngle: -38.8836 axialRotation: -98.1921 zShift: 0.0412697 energy: 1136.55
MCReject   xShift: 8.07715 crossingAngle: -38.8836 axialRotation: -98.2721 zShift: 0.0412697 energy: 1138.93
MCReject   xShift: 8.07715 crossingAngle: -38.8876 axialRotation: -98.1921 zShift: 0.0412697 energy: 1143.98
MCReject   xShift: 8.07715 crossingAngle: -38.8836 axialRotation: -98.133 zShift: 0.0412697 energy: 1139.68
MCReject   xShift: 8.07715 crossingAngle: -38.8836 axialRotation: -98.2958 zShift: 0.0412697 energy: 1144.98
MCReject   xShift: 8.07715 crossingAngle: -38.803 axialRotation: -98.1921 zShift: 0.0412697 energy: 1138.86
MCReject   xShift: 8.07715 crossingAngle: -38.822 axialRotation: -98.1921 zShift: 0.0412697 energy: 1145.54
MCReject   xShift: 8.07715 crossingAngle: -38.8625 axialRotation: -98.1921 zShift: 0.0412697 energy: 1142.23
MCReject   xShift: 8.07436 crossingAngle: -38.8836 axialRotation: -98.1921 zShift: 0.0412697 energy: 1142.21
MCAccept 87 xShift: 8.07715 crossingAngle: -38.8836 axialRotation: -98.1921 zShift: 0.0262915 energy: 1088.26
MCAccept 88 xShift: 8.07715 crossingAngle: -38.8836 axialRotation: -98.2875 zShift: 0.0262915 energy: 1082.61
Energy #2: 1082.61
***GEOMETRY SHIFT***
xShift;        Before: 8.09775; After: 8.07715
crossingAngle; Before: -38.3373; After: -38.8836
axialRotation; Before: -97.7285; After: -98.2875
zShift;        Before: 0.37086; After: 0.0262915
Energy;        Before: 8.5807e+13; After: 1082.61

Completed all cycles. Accepted 89/269
Monte Carlo repack complete. Time: 112.95min

Final energy is 1082.61 after repack, indicating clashes. Choose a different geometry
