***STARTING GEOMETRY:***
xShift: 8.09775
crossingAngle: -38.3373
axialRotation: -97.7285
zShift: 0.37086

Number of MCCycles: 200
PrevSequence	CurrSequence	PrevEnergy	CurrEnergy	PrevEntropy	CurrEntropy	CurrentTemp
LLLTYLLTTLLGTLLGTLILI	LLLTYLLTTLLGYLLGTLILI	-3.94964	-5.95689	0.62127	0.255144	999.847
LLLTYLLTTLLGYLLGTLILI	LLLTYLLTFLLGYLLGTLILI	-5.06521	-1.55177	1.14683	0.0921195	999.684
LLLTYLLTFLLGYLLGTLILI	LLLTYLLTTLLGYLLGTLILI	-1.55177	-5.06521	0.0921195	1.14683	999.512
LLLTYLLTTLLGYLLGTLILI	LLLTYLLTTLLGYLLGFLILI	-5.06521	-3.27828	1.14683	0.0921195	999.328
LLLTYLLTTLLGYLLGFLILI	LLLTVLLTTLLGYLLGFLILI	-2.29575	-1.55383	1.07465	0.105187	999.134
LLLTVLLTTLLGYLLGFLILI	LLLTVLLTTLLGTLLGFLILI	-1.4872	-4.14601	0.171816	0.816184	998.928
LLLTVLLTTLLGTLLGFLILI	LLLYVLLTTLLGTLLGFLILI	-4.14601	-4.30226	0.816184	0.171816	998.708
LLLYVLLTTLLGTLLGFLILI	LLLTVLLTTLLGTLLGFLILI	-4.30226	-4.14601	0.171816	0.816184	998.476
LLLTVLLTTLLGTLLGFLILI	LLLTVLLTTLLGTLLGTLILI	-4.88739	-6.16994	0.0748068	1.26162	998.229
LLLTVLLTTLLGTLLGTLILI	LLLYVLLTTLLGTLLGTLILI	-6.51388	-6.80223	0.917682	0.141213	997.967
LLLYVLLTTLLGTLLGTLILI	LLLTVLLTTLLGTLLGTLILI	-6.80223	-6.51388	0.141213	0.917682	997.689
LLLTVLLTTLLGTLLGTLILI	LLLTVLLTTLLGTLLGYLILI	-6.51388	-5.98475	0.917682	0.141213	997.394
LLLTVLLTTLLGTLLGYLILI	LLLTVLLTTLLGTLLSYLILI	-5.5341	-5.09553	0.591862	0.271616	997.081
LLLTVLLTTLLGTLLSYLILI	LLLYVLLTTLLGTLLSYLILI	-4.8283	-4.57421	0.538845	0.30482	996.749
LLLYVLLTTLLGTLLSYLILI	LLLTVLLTTLLGTLLSYLILI	-4.57421	-4.8283	0.30482	0.538845	996.397
LLLTVLLTTLLGTLLSYLILI	LLLTVLLTTLLGTLLSTLILI	-5.22594	-5.74819	0.141213	0.917682	996.023
LLLTVLLTTLLGTLLSTLILI	LLLTVLLTVLLGTLLSTLILI	-5.62801	-2.45102	1.03786	0.112614	995.626
LLLTVLLTVLLGTLLSTLILI	LLLTVLLTTLLGTLLSTLILI	-2.45102	-5.62801	0.112614	1.03786	995.205
LLLTVLLTTLLGTLLSTLILI	LLLTVLLTTLLGTLLGTLILI	-6.39425	-6.8397	0.271616	0.591862	994.758
LLLTVLLTTLLGTLLGTLILI	LLLTVLLTTLLGTLLSTLILI	-6.8397	-6.39425	0.591862	0.271616	994.285
LLLTVLLTTLLGTLLSTLILI	LLLTVLLTTLLGTLLSYLILI	-5.74819	-5.22594	0.917682	0.141213	993.782
LLLTVLLTTLLGTLLSYLILI	LLLTVLLTTLLGTLLSTLILI	-5.22594	-5.74819	0.141213	0.917682	993.249
LLLTVLLTTLLGTLLSTLILI	LLLTVLLTTLLGTLLGTLILI	-6.39425	-6.43483	0.271616	0.591862	992.683
LLLTVLLTTLLGTLLGTLILI	LLLTVLLTTLLGTLLGYLILI	-6.10901	-5.98475	0.917682	0.141213	992.084
LLLTVLLTTLLGTLLGYLILI	LLLTVLLTTLLGTLLSYLILI	-5.5341	-5.09553	0.591862	0.271616	991.448
LLLTVLLTTLLGTLLSYLILI	LLLTYLLTTLLGTLLSYLILI	-5.26196	-6.01219	0.105187	1.07465	990.773
LLLTYLLTTLLGTLLSYLILI	LLLTYLLTTLLGTLLGYLILI	-6.81522	-7.25379	0.271616	0.591862	990.058
LLLTYLLTTLLGTLLGYLILI	LLLTYLLTTLLGTLLSYLILI	-7.25379	-6.81522	0.591862	0.271616	989.3
LLLTYLLTTLLGTLLSYLILI	LLLTYLLTVLLGTLLSYLILI	-5.8105	-2.93354	1.27634	0.0728516	988.496
LLLTYLLTVLLGTLLSYLILI	LLLTYLLTVLLGLLLSYLILI	-1.9662	2.49525	1.04019	0.112128	987.644
LLLTYLLTVLLGLLLSYLILI	LLLYYLLTVLLGLLLSYLILI	2.62116	0.48331	0.238039	0.654392	986.74
LLLYYLLTVLLGLLLSYLILI	LLLYYLLTTLLGLLLSYLILI	-0.0333695	-0.531645	0.137712	0.930859	985.783
LLLYYLLTTLLGLLLSYLILI	LLLYGLLTTLLGLLLSYLILI	-0.703855	-0.824547	0.758648	0.192521	984.769
LLLYGLLTTLLGLLLSYLILI	LLLYGLLTTLLGTLLSYLILI	-0.90494	-4.46903	0.112128	1.04019	983.694
LLLYGLLTTLLGTLLSYLILI	LLLYYLLTTLLGTLLSYLILI	-5.31669	-6.39303	0.192521	0.758648	982.555
LLLYYLLTTLLGTLLSYLILI	LLLYFLLTTLLGTLLSYLILI	-5.9997	-5.95671	1.15198	0.0912572	981.348
LLLYFLLTTLLGTLLSYLILI	LLLYFLLTTLLGTLLGYLILI	-5.77635	-5.91396	0.271616	0.591862	980.071
LLLYFLLTTLLGTLLGYLILI	LLLYGLLTTLLGTLLGYLILI	-6.35548	-6.588	0.150342	0.884972	978.717
LLLYGLLTTLLGTLLGYLILI	LLLYGLLTTLLGTLLGTLILI	-7.16815	-8.23972	0.30482	0.538845	977.285
LLLYGLLTTLLGTLLGTLILI	LLLYYLLTTLLGTLLGTLILI	-8.40969	-8.76116	0.368877	0.454934	975.768
LLLYYLLTTLLGTLLGTLILI	LLLYYLLTTLLGTLLATLILI	-8.34375	-11.2128	0.872342	0.154044	974.162
LLLYYLLTTLLGTLLATLILI	LLLYYLLTTLLGTLLGTLILI	-11.2128	-12.0009	0.154044	0.872342	970.666
LLLYYLLTTLLGTLLGTLILI	LLLYYLLTTLLGTLLSTLILI	-12.2814	-7.6486	0.591862	0.271616	964.627
LLLYYLLTTLLGTLLSTLILI	LLLYYLLTTLLGTLLGTLILI	-7.6486	-8.62423	0.271616	0.591862	962.38
LLLYYLLTTLLGTLLGTLILI	LLLYYLLTLLLGTLLGTLILI	-8.0317	-7.47342	1.18439	0.0860236	960.005
LLLYYLLTLLLGTLLGTLILI	LLLYYLLTTLLGTLLGTLILI	-7.47342	-7.42355	0.0860236	1.18439	957.496
LLLYYLLTTLLGTLLGTLILI	LLLYYLLTVLLGTLLGTLILI	-7.3316	-8.71159	1.27634	0.0728516	954.846
LLLYYLLTVLLGTLLGTLILI	LLLYYLLTVLLGTLLSTLILI	-8.19258	-3.55714	0.591862	0.271616	949.095
LLLYYLLTVLLGTLLSTLILI	LLLYYLLTVLLGWLLSTLILI	-3.34274	-0.281173	0.48602	0.343253	945.979
LLLYYLLTVLLGWLLSTLILI	LLLYYLLTVLLGTLLSTLILI	-0.281173	-3.88986	0.343253	0.48602	942.693
LLLYYLLTVLLGTLLSTLILI	LLLYYLLTVLLGTLLSYLILI	-4.04716	-2.58127	0.328724	0.505042	939.229
LLLYYLLTVLLGTLLSYLILI	LLLYYLLTTLLGTLLSYLILI	-2.99104	-6.02323	0.0952708	1.12845	935.578
LLLYYLLTTLLGTLLSYLILI	LLLYYLLTFLLGTLLSYLILI	-6.14738	-6.75173	1.0043	0.119894	931.732
LLLYYLLTFLLGTLLSYLILI	LLLTYLLTFLLGTLLSYLILI	-6.36659	-1.35311	0.505042	0.328724	927.683
LLLTYLLTFLLGTLLSYLILI	LLLTYLLTFLLGFLLSYLILI	-0.988224	2.33401	0.693609	0.219549	923.422
LLLTYLLTFLLGFLLSYLILI	LLLTYLLTTLLGFLLSYLILI	2.33401	-0.154561	0.219549	0.693609	918.939
LLLTYLLTTLLGFLLSYLILI	LLLTYLLTFLLGFLLSYLILI	-0.154561	2.01496	0.693609	0.219549	914.227
LLLTYLLTFLLGFLLSYLILI	LLLYYLLTFLLGFLLSYLILI	2.03345	4.11119	0.238039	0.654392	909.276
LLLYYLLTFLLGFLLSYLILI	LLLYGLLTFLLGFLLSYLILI	4.21544	2.4801	0.758648	0.192521	904.077
LLLYGLLTFLLGFLLSYLILI	LLLYGLLTFLLGFLLGYLILI	2.48173	1.62311	0.19415	0.754431	898.621
LLLYGLLTFLLGFLLGYLILI	LLLYGLLTTLLGFLLGYLILI	1.1735	-1.10688	0.30482	0.538845	892.899
LLLYGLLTTLLGFLLGYLILI	LLLYGLLTTLLGFLLAYLILI	-0.580376	-0.384611	1.06535	0.107014	886.903
LLLYGLLTTLLGFLLAYLILI	LLLYGLLTTLLGTLLAYLILI	-0.37173	-3.61753	0.119894	1.0043	880.623
LLLYGLLTTLLGTLLAYLILI	LLLTGLLTTLLGTLLAYLILI	-4.31701	-3.77889	0.30482	0.538845	874.051
LLLTGLLTTLLGTLLAYLILI	LLLTYLLTTLLGTLLAYLILI	-4.04827	-4.40458	0.269472	0.595564	867.179
LLLTYLLTTLLGTLLAYLILI	LLLTVLLTTLLGTLLAYLILI	-3.92549	-4.37458	1.07465	0.105187	859.999
LLLTVLLTTLLGTLLAYLILI	LLLTVLLTVLLGTLLAYLILI	-3.54891	-0.247303	0.930859	0.137712	852.504
LLLTVLLTVLLGTLLAYLILI	LLLTVLLTVLLGTLLGYLILI	-0.230971	-1.15827	0.154044	0.872342	844.686
LLLTVLLTVLLGTLLGYLILI	LLLTVLLTVLLGTLLGTLILI	-1.8588	-2.51087	0.171816	0.816184	836.541
LLLTVLLTVLLGTLLGTLILI	LLLYVLLTVLLGTLLGTLILI	-2.51087	-2.6653	0.816184	0.171816	828.061
LLLYVLLTVLLGTLLGTLILI	LLLTVLLTVLLGTLLGTLILI	-2.6653	-2.51087	0.171816	0.816184	819.243
LLLTVLLTVLLGTLLGTLILI	LLLTYLLTVLLGTLLGTLILI	-2.98644	-2.88319	0.340616	0.489394	810.083
LLLTYLLTVLLGTLLGTLILI	LLLYYLLTVLLGTLLGTLILI	-2.83374	-4.28736	0.538845	0.30482	800.577
LLLYYLLTVLLGTLLGTLILI	LLLYYLLTVLLGTLLSTLILI	-4.00032	-3.53024	0.591862	0.271616	790.724
LLLYYLLTVLLGTLLSTLILI	LLLYFLLTVLLGTLLSTLILI	-2.84907	-2.94071	0.952787	0.132101	780.523
LLLYFLLTVLLGTLLSTLILI	LLLYGLLTVLLGTLLSTLILI	-2.85955	-2.9482	0.213262	0.707856	769.974
LLLYGLLTVLLGTLLSTLILI	LLLYGLLTVLLGTLLATLILI	-3.01384	-3.01903	0.642213	0.244161	759.081
LLLYGLLTVLLGTLLATLILI	LLLYGLLTTLLGTLLATLILI	-3.19034	-5.88698	0.0728516	1.27634	747.845
LLLYGLLTTLLGTLLATLILI	LLLYGLLTTLLGTLLGTLILI	-7.05631	-7.71322	0.107014	1.06535	736.272
LLLYGLLTTLLGTLLGTLILI	LLLYGLLTTLLGTLLGYLILI	-8.23972	-7.16815	0.538845	0.30482	724.369
LLLYGLLTTLLGTLLGYLILI	LLLYGLLTTLLGTLLGTLILI	-7.16815	-8.23972	0.30482	0.538845	712.142
LLLYGLLTTLLGTLLGTLILI	LLLYGLLTTLLGTLLGYLILI	-8.23972	-7.16815	0.538845	0.30482	699.602
LLLYGLLTTLLGTLLGYLILI	LLLYGLLTTLLGTLLGTLILI	-7.16815	-8.23972	0.30482	0.538845	686.76
LLLYGLLTTLLGTLLGTLILI	LLLYYLLTTLLGTLLGTLILI	-8.40969	-8.76116	0.368877	0.454934	673.628
LLLYYLLTTLLGTLLGTLILI	LLLYYLLTTLLGYLLGTLILI	-8.80874	-8.24285	0.407346	0.413356	660.222
LLLYYLLTTLLGYLLGTLILI	LLLYGLLTTLLGYLLGTLILI	-8.06064	-5.5642	0.595564	0.269472	632.651
LLLYGLLTTLLGYLLGTLILI	LLLYYLLTTLLGYLLGTLILI	-5.5642	-5.53467	0.269472	0.595564	618.524
LLLYYLLTTLLGYLLGTLILI	LLLYFLLTTLLGYLLGTLILI	-4.97825	-5.18587	1.15198	0.0912572	604.196
LLLYFLLTTLLGYLLGTLILI	LLLYGLLTTLLGYLLGTLILI	-5.12679	-4.9487	0.150342	0.884972	589.688
LLLYGLLTTLLGYLLGTLILI	LLLYGLLTTLLGYLLSTLILI	-5.07924	-4.44064	0.754431	0.19415	575.025
LLLYGLLTTLLGYLLSTLILI	LLLTGLLTTLLGYLLSTLILI	-4.32997	-2.58717	0.30482	0.538845	560.23
LLLTGLLTTLLGYLLSTLILI	LLLTGLLTTLLGTLLSTLILI	-2.9848	-5.58616	0.141213	0.917682	545.329
LLLTGLLTTLLGTLLSTLILI	LLLTYLLTTLLGTLLSTLILI	-6.04988	-8.01584	0.453966	0.369715	530.348
LLLTYLLTTLLGTLLSTLILI	LLLTVLLTTLLGTLLSTLILI	-7.63196	-6.47139	0.753596	0.194474	500.25
LLLTVLLTTLLGTLLSTLILI	LLLYVLLTTLLGTLLSTLILI	-5.74819	-6.03654	0.917682	0.141213	485.188
LLLYVLLTTLLGTLLSTLILI	LLLTVLLTTLLGTLLSTLILI	-6.03654	-5.74819	0.141213	0.917682	470.152
LLLTVLLTTLLGTLLSTLILI	LLLTVLLTTLLGTLLSYLILI	-5.74819	-5.22594	0.917682	0.141213	455.171
LLLTVLLTTLLGTLLSYLILI	LLLTYLLTTLLGTLLSYLILI	-5.26196	-5.23863	0.105187	1.07465	440.27
LLLTYLLTTLLGTLLSYLILI	LLLTYLLTTLLGTLLGYLILI	-6.04166	-7.25379	0.271616	0.591862	425.475
LLLTYLLTTLLGTLLGYLILI	LLLTYLLTTLLGTLLGTLILI	-7.59051	-8.08538	0.255144	0.62127	410.812
LLLTYLLTTLLGTLLGTLILI	LLLYYLLTTLLGTLLGTLILI	-8.08538	-8.3528	0.62127	0.255144	396.304
LLLYYLLTTLLGTLLGTLILI	LLLYYLLTTLLGTLLSTLILI	-8.01608	-7.57063	0.591862	0.271616	381.976
LLLYYLLTTLLGTLLSTLILI	LLLYYLLTTLLGYLLSTLILI	-7.43491	-8.32167	0.407346	0.413356	367.849
LLLYYLLTTLLGYLLSTLILI	LLLYYLLTTLLGTLLSTLILI	-8.32167	-10.5301	0.413356	0.407346	340.278
LLLYYLLTTLLGTLLSTLILI	LLLYYLLTTLLGTLLGTLILI	-10.6658	-12.2814	0.271616	0.591862	288.358
LLLYYLLTTLLGTLLGTLILI	LLLYYLLTTLLGTLLGYLILI	-12.4659	-12.0232	0.407346	0.413356	276.131
LLLYYLLTTLLGTLLGYLILI	LLLYYLLTTLLGTLLGFLILI	-11.2845	-11.1815	1.15198	0.0912572	181.257
LLLYYLLTTLLGTLLGFLILI	LLLYYLLTTLLGTLLGTLILI	-11.1806	-11.8353	0.0921195	1.14683	126.449
LLLYYLLTTLLGTLLGTLILI	LLLYYLLTTLLGTLLGYLILI	-12.5747	-15.1043	0.407346	0.413356	12.0042
Time: 586s
