***STARTING GEOMETRY:***
xShift: 8.67597
crossingAngle: 31
axialRotation: 75.6518
zShift: 2.2

Number of MCCycles: 100
PrevSequence	CurrSequence	PrevEnergy	CurrEnergy	PrevEntropy	CurrEntropy	CurrentTemp
LLLYILLTLLYYLTTLLLILI	LLLYILLTLLYYLVTLLLILI	-13.8999	-13.9803	1.12845	0.0952708	999.684
LLLYILLTLLYYLVTLLLILI	LLLYILLTLLYWLVTLLLILI	-13.4845	-14.0587	0.591129	0.272043	999.328
LLLYILLTLLYWLVTLLLILI	LLLYTLLTLLYWLVTLLLILI	-14.1472	-14.2789	0.183612	0.782479	998.928
LLLYTLLTLLYWLVTLLLILI	LLLYTLLTLLYFLVTLLLILI	-14.1709	-13.5721	0.890414	0.148778	998.476
LLLYTLLTLLYFLVTLLLILI	LLLYFLLTLLYFLVTLLLILI	-13.0272	-13.265	0.693609	0.219549	997.967
LLLYFLLTLLYFLVTLLLILI	LLLYFLLTLLYFLTTLLLILI	-13.3893	-16.059	0.0952708	1.12845	997.394
LLLYFLLTLLYFLTTLLLILI	LLLYFLLTLLYFLVTLLLILI	-16.059	-13.3893	1.12845	0.0952708	996.749
LLLYFLLTLLYFLVTLLLILI	LLLYFLLTLLYWLVTLLLILI	-13.217	-13.8337	0.267575	0.598868	996.023
LLLYFLLTLLYWLVTLLLILI	LLLYTLLTLLYWLVTLLLILI	-14.3127	-14.057	0.119894	1.0043	995.205
LLLYTLLTLLYWLVTLLLILI	LLLYTLLTLLYWLTTLLLILI	-14.9885	-17.4754	0.0728516	1.27634	994.285
LLLYTLLTLLYWLTTLLLILI	LLLLTLLTLLYWLTTLLLILI	-18.0719	-17.2678	0.679837	0.225838	993.249
LLLLTLLTLLYWLTTLLLILI	LLLYTLLTLLYWLTTLLLILI	-17.2678	-18.0719	0.225838	0.679837	992.084
LLLYTLLTLLYWLTTLLLILI	LLLYTLLTLLWWLTTLLLILI	-18.4841	-16.4032	0.267575	0.598868	990.773
LLLYTLLTLLWWLTTLLLILI	LLLYTLLTLLWFLTTLLLILI	-15.771	-17.8306	1.23103	0.0790506	989.3
LLLYTLLTLLWFLTTLLLILI	LLLYFLLTLLWFLTTLLLILI	-17.0935	-17.6767	0.816184	0.171816	987.644
LLLYFLLTLLWFLTTLLLILI	LLLYFLLTLLWYLTTLLLILI	-17.6085	-17.2866	0.240035	0.650378	985.783
LLLYFLLTLLWYLTTLLLILI	LLLYFLLTLLWFLTTLLLILI	-17.2866	-17.7437	0.650378	0.240035	983.694
LLLYFLLTLLWFLTTLLLILI	LLLYTLLTLLWFLTTLLLILI	-17.8119	-17.2458	0.171816	0.816184	981.348
LLLYTLLTLLWFLTTLLLILI	LLLVTLLTLLWFLTTLLLILI	-17.3084	-16.6459	0.753596	0.194474	978.717
LLLVTLLTLLWFLTTLLLILI	LLLVTLLTLLYFLTTLLLILI	-16.2415	-15.9041	0.598868	0.267575	975.768
LLLVTLLTLLYFLTTLLLILI	LLLVTLLTLLWFLTTLLLILI	-15.9041	-16.2415	0.267575	0.598868	972.463
LLLVTLLTLLWFLTTLLLILI	LLLVTLLTLLYFLTTLLLILI	-16.2415	-15.8674	0.598868	0.267575	968.764
LLLVTLLTLLYFLTTLLLILI	LLLVTLLTLLYWLTTLLLILI	-15.9862	-16.4794	0.148778	0.890414	964.627
LLLVTLLTLLYWLTTLLLILI	LLLVTLLTLLYFLTTLLLILI	-16.4794	-15.9862	0.890414	0.148778	960.005
LLLVTLLTLLYFLTTLLLILI	LLLVTLLTLLWFLTTLLLILI	-15.8674	-16.2415	0.267575	0.598868	954.846
LLLVTLLTLLWFLTTLLLILI	LLLVTLLTLLWYLTTLLLILI	-16.6004	-16.1257	0.240035	0.650378	949.095
LLLVTLLTLLWYLTTLLLILI	LLLYTLLTLLWYLTTLLLILI	-16.6709	-17.0398	0.105187	1.07465	942.693
LLLYTLLTLLWYLTTLLLILI	LLLYFLLTLLWYLTTLLLILI	-16.9676	-17.8449	1.14683	0.0921195	935.578
LLLYFLLTLLWYLTTLLLILI	LLLGFLLTLLWYLTTLLLILI	-17.0506	-16.8767	0.886373	0.149938	927.683
LLLGFLLTLLWYLTTLLLILI	LLLGFLLTLLWFLTTLLLILI	-16.6163	-16.6601	0.410343	0.410343	918.939
LLLGFLLTLLWFLTTLLLILI	LLLGFLLTLLWYLTTLLLILI	-16.6601	-16.6823	0.410343	0.410343	909.276
LLLGFLLTLLWYLTTLLLILI	LLLGFLLTLLWFLTTLLLILI	-16.6823	-16.5369	0.410343	0.410343	886.903
LLLGFLLTLLWFLTTLLLILI	LLLGFLLTLLWYLTTLLLILI	-16.5369	-16.6823	0.410343	0.410343	874.051
LLLGFLLTLLWYLTTLLLILI	LLLYFLLTLLWYLTTLLLILI	-16.9427	-17.1859	0.149938	0.886373	859.999
LLLYFLLTLLWYLTTLLLILI	LLLGFLLTLLWYLTTLLLILI	-17.1859	-16.9999	0.886373	0.149938	844.686
LLLGFLLTLLWYLTTLLLILI	LLLGFLLTLLYYLTTLLLILI	-16.7777	-15.8252	0.372136	0.451187	828.061
LLLGFLLTLLYYLTTLLLILI	LLLGFLLTLLWYLTTLLLILI	-15.8252	-16.7205	0.451187	0.372136	810.083
LLLGFLLTLLWYLTTLLLILI	LLLGYLLTLLWYLTTLLLILI	-16.9605	-16.2864	0.132101	0.952787	790.724
LLLGYLLTLLWYLTTLLLILI	LLLYYLLTLLWYLTTLLLILI	-17.1351	-16.8502	0.104052	1.08052	769.974
LLLYYLLTLLWYLTTLLLILI	LLLYFLLTLLWYLTTLLLILI	-16.7788	-17.981	1.15198	0.0912572	747.845
LLLYFLLTLLWYLTTLLLILI	LLLGFLLTLLWYLTTLLLILI	-17.1859	-16.9999	0.886373	0.149938	699.602
LLLGFLLTLLWYLTTLLLILI	LLLGFLLTLLWFLTTLLLILI	-16.7394	-16.5369	0.410343	0.410343	673.628
LLLGFLLTLLWFLTTLLLILI	LLLGFLLTLLYFLTTLLLILI	-16.3484	-15.7372	0.598868	0.267575	646.557
LLLGFLLTLLYFLTTLLLILI	LLLGFLLTLLYWLTTLLLILI	-15.7372	-16.474	0.267575	0.598868	618.524
LLLGFLLTLLYWLTTLLLILI	LLLYFLLTLLYWLTTLLLILI	-16.9229	-17.1014	0.149938	0.886373	589.688
LLLYFLLTLLYWLTTLLLILI	LLLYFLLTLLYFLTTLLLILI	-17.3889	-16.9199	0.598868	0.267575	560.23
LLLYFLLTLLYFLTTLLLILI	LLLYFLLTLLYWLTTLLLILI	-16.9199	-17.3889	0.267575	0.598868	530.348
LLLYFLLTLLYWLTTLLLILI	LLLWFLLTLLYWLTTLLLILI	-17.7202	-17.4365	0.267575	0.598868	500.25
LLLWFLLTLLYWLTTLLLILI	LLLYFLLTLLYWLTTLLLILI	-17.4365	-17.8554	0.598868	0.267575	440.27
LLLYFLLTLLYWLTTLLLILI	LLLWFLLTLLYWLTTLLLILI	-17.8554	-17.4365	0.267575	0.598868	410.812
LLLWFLLTLLYWLTTLLLILI	LLLYFLLTLLYWLTTLLLILI	-17.4365	-17.8554	0.598868	0.267575	381.976
LLLYFLLTLLYWLTTLLLILI	LLLYTLLTLLYWLTTLLLILI	-18.0309	-17.5687	0.0921195	1.14683	353.943
LLLYTLLTLLYWLTTLLLILI	LLLYTLLTLLYFLTTLLLILI	-17.8251	-17.3911	0.890414	0.148778	326.872
LLLYTLLTLLYFLTTLLLILI	LLLYTLLTLLWFLTTLLLILI	-17.0887	-17.6537	0.451187	0.372136	300.898
LLLYTLLTLLWFLTTLLLILI	LLLLTLLTLLWFLTTLLLILI	-17.5932	-17.0673	0.432574	0.388917	276.131
LLLLTLLTLLWFLTTLLLILI	LLLYTLLTLLWFLTTLLLILI	-17.0673	-17.4771	0.388917	0.432574	252.655
LLLYTLLTLLWFLTTLLLILI	LLLLTLLTLLWFLTTLLLILI	-17.4771	-17.0673	0.432574	0.388917	230.526
LLLLTLLTLLWFLTTLLLILI	LLLLYLLTLLWFLTTLLLILI	-16.6401	-16.9908	0.816184	0.171816	209.776
LLLLYLLTLLWFLTTLLLILI	LLLYYLLTLLWFLTTLLLILI	-16.9368	-17.3458	0.225838	0.679837	172.439
LLLYYLLTLLWFLTTLLLILI	LLLGYLLTLLWFLTTLLLILI	-17.1393	-16.6657	0.886373	0.149938	155.814
LLLGYLLTLLWFLTTLLLILI	LLLGFLLTLLWFLTTLLLILI	-16.4053	-16.4921	0.410343	0.410343	126.449
LLLGFLLTLLWFLTTLLLILI	LLLGFLLTLLWYLTTLLLILI	-16.4921	-16.5765	0.410343	0.410343	113.597
LLLGFLLTLLWYLTTLLLILI	LLLYFLLTLLWYLTTLLLILI	-16.8369	-17.1859	0.149938	0.886373	91.2238
LLLYFLLTLLWYLTTLLLILI	LLLYFLLTLLWFLTTLLLILI	-17.4219	-17.7437	0.650378	0.240035	51.4049
Time: 155s
