***STARTING GEOMETRY:***
xShift: 8.82214
crossingAngle: -40.3047
axialRotation: 17.4903
zShift: 4.10698

Number of MCCycles: 100
PrevSequence	CurrSequence	PrevEnergy	CurrEnergy	PrevEntropy	CurrEntropy	CurrentTemp
LLLWLLVTLLATLLTTLLILI	LLLWLLVTLLATLLTYLLILI	-12.4648	-9.66368	0.816184	0.171816	999.684
LLLWLLVTLLATLLTYLLILI	LLLWLLGTLLATLLTYLLILI	-9.53027	-10.6113	0.305221	0.53825	999.328
LLLWLLGTLLATLLTYLLILI	LLLWLLGTLLATLLTTLLILI	-10.9777	-13.8729	0.171816	0.816184	998.928
LLLWLLGTLLATLLTTLLILI	LLLWLLGTLLGTLLTTLLILI	-14.535	-12.7545	0.154044	0.872342	998.476
LLLWLLGTLLGTLLTTLLILI	LLLYLLGTLLGTLLTTLLILI	-13.028	-14.9707	0.598868	0.267575	997.967
LLLYLLGTLLGTLLTTLLILI	LLLYLLGTLLATLLTTLLILI	-14.366	-17.2233	0.872342	0.154044	997.394
LLLYLLGTLLATLLTTLLILI	LLLYLLGVLLATLLTTLLILI	-16.101	-14.1154	1.27634	0.0728516	996.023
LLLYLLGVLLATLLTTLLILI	LLLYLLGVLLATLLTVLLILI	-13.3881	-10.2873	0.800152	0.177314	995.205
LLLYLLGVLLATLLTVLLILI	LLLYLLGVLLGTLLTVLLILI	-10.3105	-7.10015	0.154044	0.872342	994.285
LLLYLLGVLLGTLLTVLLILI	LLLYLLGTLLGTLLTVLLILI	-7.79518	-10.6267	0.177314	0.800152	993.249
LLLYLLGTLLGTLLTVLLILI	LLLYLLGTLLGTLLTTLLILI	-11.354	-13.852	0.0728516	1.27634	992.084
LLLYLLGTLLGTLLTTLLILI	LLLYLLGTLLATLLTTLLILI	-14.256	-16.135	0.872342	0.154044	990.773
LLLYLLGTLLATLLTTLLILI	LLLYLLGTLLAFLLTTLLILI	-15.1422	-15.4109	1.14683	0.0921195	989.3
LLLYLLGTLLAFLLTTLLILI	LLLYLLGTLLAYLLTTLLILI	-15.3709	-14.6665	0.132101	0.952787	987.644
LLLYLLGTLLAYLLTTLLILI	LLLYLLGTLLAYLLTVLLILI	-14.4908	-11.7669	1.12845	0.0952708	985.783
LLLYLLGTLLAYLLTVLLILI	LLLYLLGTLLATLLTVLLILI	-11.4828	-12.0335	0.379341	0.443059	983.694
LLLYLLGTLLATLLTVLLILI	LLLYLLGTLLGTLLTVLLILI	-12.3225	-11.7243	0.154044	0.872342	981.348
LLLYLLGTLLGTLLTVLLILI	LLLYLLGTLLGTLLTTLLILI	-12.5238	-13.962	0.0728516	1.27634	978.717
LLLYLLGTLLGTLLTTLLILI	LLLYLLGTLLGTLLSTLLILI	-14.2373	-12.0765	1.001	0.120637	975.768
LLLYLLGTLLGTLLSTLLILI	LLLWLLGTLLGTLLSTLLILI	-11.9296	-9.98931	0.267575	0.598868	972.463
LLLWLLGTLLGTLLSTLLILI	LLLWLLGTLLATLLSTLLILI	-9.71583	-11.4644	0.872342	0.154044	968.764
LLLWLLGTLLATLLSTLLILI	LLLWLLGTLLATLLSVLLILI	-10.4899	-7.80693	1.12845	0.0952708	964.627
LLLWLLGTLLATLLSVLLILI	LLLWLLGTLLATLLSTLLILI	-7.80693	-10.4899	0.0952708	1.12845	960.005
LLLWLLGTLLATLLSTLLILI	LLLWLLGFLLATLLSTLLILI	-10.6141	-10.5151	1.0043	0.119894	954.846
LLLWLLGFLLATLLSTLLILI	LLLYLLGFLLATLLSTLLILI	-10.0361	-8.70296	0.598868	0.267575	949.095
LLLYLLGFLLATLLSTLLILI	LLLYLLGTLLATLLSTLLILI	-8.85064	-12.1217	0.119894	1.0043	942.693
LLLYLLGTLLATLLSTLLILI	LLLYLLGTLLATLLATLLILI	-12.7218	-12.2836	0.404229	0.416521	935.578
LLLYLLGTLLATLLATLLILI	LLLYLLGTLLATLLSTLLILI	-12.2836	-13.9175	0.416521	0.404229	927.683
LLLYLLGTLLATLLSTLLILI	LLLYLLGTLLATLLATLLILI	-13.9175	-11.0821	0.404229	0.416521	909.276
LLLYLLGTLLATLLATLLILI	LLLYLLGTLLGTLLATLLILI	-11.2224	-12.1939	0.276169	0.584123	898.621
LLLYLLGTLLGTLLATLLILI	LLLYLLGTLLGTLLSTLLILI	-12.5339	-11.5549	0.244161	0.642213	886.903
LLLYLLGTLLGTLLSTLLILI	LLLWLLGTLLGTLLSTLLILI	-11.9296	-9.98931	0.267575	0.598868	874.051
LLLWLLGTLLGTLLSTLLILI	LLLWLLGTLLGYLLSTLLILI	-9.89457	-9.64916	0.693609	0.219549	859.999
LLLWLLGTLLGYLLSTLLILI	LLLWLLGTLLGYLLSVLLILI	-8.93785	-5.95833	0.930859	0.137712	844.686
LLLWLLGTLLGYLLSVLLILI	LLLWLLGTLLGTLLSVLLILI	-5.79122	-6.3341	0.30482	0.538845	828.061
LLLWLLGTLLGTLLSVLLILI	LLLWLLTTLLGTLLSVLLILI	-6.62599	-5.28384	0.246959	0.636769	810.083
LLLWLLTTLLGTLLSVLLILI	LLLWLLTTLLGYLLSVLLILI	-5.227	-3.38384	0.693609	0.219549	790.724
LLLWLLTTLLGYLLSVLLILI	LLLWLLTTLLGYLLGVLLILI	-3.33177	-1.28901	0.271616	0.591862	769.974
LLLWLLTTLLGYLLGVLLILI	LLLWLLTTLLGYLLGTLLILI	-1.7856	-4.03416	0.0952708	1.12845	747.845
LLLWLLTTLLGYLLGTLLILI	LLLWLLTYLLGYLLGTLLILI	-4.71955	-5.28892	0.443059	0.379341	724.369
LLLWLLTYLLGYLLGTLLILI	LLLWLLTTLLGYLLGTLLILI	-5.28892	-5.15477	0.379341	0.443059	699.602
LLLWLLTTLLGYLLGTLLILI	LLLWLLTTLLGTLLGTLLILI	-5.42601	-5.50603	0.171816	0.816184	673.628
LLLWLLTTLLGTLLGTLLILI	LLLWLLGTLLGTLLGTLLILI	-5.73046	-9.23488	0.591758	0.271676	646.557
LLLWLLGTLLGTLLGTLLILI	LLLYLLGTLLGTLLGTLLILI	-8.90769	-11.9642	0.598868	0.267575	618.524
LLLYLLGTLLGTLLGTLLILI	LLLWLLGTLLGTLLGTLLILI	-11.9642	-8.90769	0.267575	0.598868	589.688
LLLWLLGTLLGTLLGTLLILI	LLLWLLGYLLGTLLGTLLILI	-8.81295	-7.10113	0.693609	0.219549	560.23
LLLWLLGYLLGTLLGTLLILI	LLLLLLGYLLGTLLGTLLILI	-6.57703	-6.21381	0.743646	0.198389	530.348
LLLLLLGYLLGTLLGTLLILI	LLLLLLAYLLGTLLGTLLILI	-5.34686	-6.9465	1.06535	0.107014	500.25
LLLLLLAYLLGTLLGTLLILI	LLLLLLAYLLGYLLGTLLILI	-6.72478	-5.10755	0.328724	0.505042	470.152
LLLLLLAYLLGYLLGTLLILI	LLLLLLAYLLGTLLGTLLILI	-5.10755	-6.72478	0.505042	0.328724	440.27
LLLLLLAYLLGTLLGTLLILI	LLLLLLGYLLGTLLGTLLILI	-6.9465	-6.07859	0.107014	1.06535	410.812
LLLLLLGYLLGTLLGTLLILI	LLLLLLGYLLATLLGTLLILI	-6.07859	-6.53183	1.06535	0.107014	381.976
LLLLLLGYLLATLLGTLLILI	LLLLLLGYLLGTLLGTLLILI	-6.53183	-5.32392	0.107014	1.06535	353.943
LLLLLLGYLLGTLLGTLLILI	LLLWLLGYLLGTLLGTLLILI	-6.19088	-6.57703	0.198389	0.743646	300.898
LLLWLLGYLLGTLLGTLLILI	LLLWLLGYLLGTLLSTLLILI	-6.56625	-8.18994	0.754431	0.19415	276.131
LLLWLLGYLLGTLLSTLLILI	LLLWLLAYLLGTLLSTLLILI	-7.51175	-10.9185	0.872342	0.154044	252.655
LLLWLLAYLLGTLLSTLLILI	LLLWLLTYLLGTLLSTLLILI	-10.9878	-10.2119	0.0847157	1.19282	172.439
LLLWLLTYLLGTLLSTLLILI	LLLWLLTYLLGTLLATLLILI	-10.7625	-10.6586	0.642213	0.244161	155.814
LLLWLLTYLLGTLLATLLILI	LLLWLLTFLLGTLLATLLILI	-10.2524	-10.0584	0.650378	0.240035	140.501
LLLWLLTFLLGTLLATLLILI	LLLWLLVFLLGTLLATLLILI	-9.16997	-9.50078	1.12845	0.0952708	126.449
LLLWLLVFLLGTLLATLLILI	LLLWLLVFLLATLLATLLILI	-9.23469	-9.98721	0.36136	0.463748	113.597
LLLWLLVFLLATLLATLLILI	LLLWLLVFLLATLLSTLLILI	-10.0344	-11.4476	0.416521	0.404229	81.5606
Time: 118s
