***STARTING GEOMETRY:***
xShift: 8.59341
crossingAngle: 22.4668
axialRotation: 99.6174
zShift: 2.34821

Number of MCCycles: 100
PrevSequence	CurrSequence	PrevEnergy	CurrEnergy	PrevEntropy	CurrEntropy	CurrentTemp
LLLYALLGLLTSLTTLLLILI	LLLYALLGLLTWLTTLLLILI	21.581	23.9387	0.192199	0.759486	999.684
LLLYALLGLLTWLTTLLLILI	LLLYGLLGLLTWLTTLLLILI	23.3333	25.2567	0.154044	0.872342	999.328
LLLYGLLGLLTWLTTLLLILI	LLLYGLLGLLTWLTALLLILI	25.5772	26.0271	1.19282	0.0847157	998.928
LLLYGLLGLLTWLTALLLILI	LLLYGLLGLLYWLTALLLILI	26.2711	23.6929	0.328724	0.505042	998.476
LLLYGLLGLLYWLTALLLILI	LLLYGLLYLLYWLTALLLILI	23.3803	19.2131	0.192521	0.758648	997.967
LLLYGLLYLLYWLTALLLILI	LLLWGLLYLLYWLTALLLILI	18.8209	18.8108	0.366471	0.457728	997.394
LLLWGLLYLLYWLTALLLILI	LLLGGLLYLLYWLTALLLILI	19.1791	20.8395	0.825949	0.168564	996.749
LLLGGLLYLLYWLTALLLILI	LLLGGLLYLLYWLTTLLLILI	20.7939	24.8934	0.122923	0.990994	996.023
LLLGGLLYLLYWLTTLLLILI	LLLGGLLYLLYALTTLLLILI	24.9736	20.3834	1.0712	0.105861	995.205
LLLGGLLYLLYALTTLLLILI	LLLGALLYLLYALTTLLLILI	20.8617	23.0348	0.584123	0.276169	994.285
LLLGALLYLLYALTTLLLILI	LLLGALLYLLYALTFLLLILI	23.5748	19.3537	0.816184	0.171816	993.249
LLLGALLYLLYALTFLLLILI	LLLGALLYLLYALTYLLLILI	19.2731	21.1678	0.0912572	1.15198	992.084
LLLGALLYLLYALTYLLLILI	LLLGALLYLLYGLTYLLLILI	20.292	20.2159	0.276169	0.584123	990.773
LLLGALLYLLYGLTYLLLILI	LLLGALLYLLTGLTYLLLILI	20.2861	15.7736	0.654392	0.238039	989.3
LLLGALLYLLTGLTYLLLILI	LLLYALLYLLTGLTYLLLILI	15.7281	12.918	0.192521	0.758648	987.644
LLLYALLYLLTGLTYLLLILI	LLLYALLYLLTGLTFLLLILI	13.3113	13.7837	1.15198	0.0912572	985.783
LLLYALLYLLTGLTFLLLILI	LLLYALLYLLTALTFLLLILI	14.0538	12.6842	0.36136	0.463748	983.694
LLLYALLYLLTALTFLLLILI	LLLYALLFLLTALTFLLLILI	12.8708	14.0073	0.650378	0.240035	981.348
LLLYALLFLLTALTFLLLILI	LLLYALLFLLTGLTFLLLILI	14.231	14.3242	0.463748	0.36136	978.717
LLLYALLFLLTGLTFLLLILI	LLLYGLLFLLTGLTFLLLILI	14.1169	13.2594	0.154044	0.872342	975.768
LLLYGLLFLLTGLTFLLLILI	LLLYALLFLLTGLTFLLLILI	13.2594	14.915	0.872342	0.154044	972.463
LLLYALLFLLTGLTFLLLILI	LLLYALLYLLTGLTFLLLILI	15.001	14.1086	0.240035	0.650378	968.764
LLLYALLYLLTGLTFLLLILI	LLLYALLYLLTALTFLLLILI	13.8195	12.7964	0.36136	0.463748	964.627
LLLYALLYLLTALTFLLLILI	LLLYGLLYLLTALTFLLLILI	12.7964	10.1883	0.463748	0.36136	960.005
LLLYGLLYLLTALTFLLLILI	LLLYALLYLLTALTFLLLILI	10.1883	12.7723	0.36136	0.463748	949.095
LLLYALLYLLTALTFLLLILI	LLLYGLLYLLTALTFLLLILI	12.7723	10.1883	0.463748	0.36136	942.693
LLLYGLLYLLTALTFLLLILI	LLLFGLLYLLTALTFLLLILI	10.4774	12.3226	0.650378	0.240035	935.578
LLLFGLLYLLTALTFLLLILI	LLLYGLLYLLTALTFLLLILI	12.3226	10.4774	0.240035	0.650378	927.683
LLLYGLLYLLTALTFLLLILI	LLLYGLLYLLYALTFLLLILI	10.065	14.4274	0.238039	0.654392	918.939
LLLYGLLYLLYALTFLLLILI	LLLYGLLYLLYGLTFLLLILI	13.927	15.2089	0.154044	0.872342	909.276
LLLYGLLYLLYGLTFLLLILI	LLLWGLLYLLYGLTFLLLILI	14.9277	15.7967	0.591129	0.272043	898.621
LLLWGLLYLLYGLTFLLLILI	LLLWGLLYLLYGLTYLLLILI	15.6159	16.002	0.0912572	1.15198	886.903
LLLWGLLYLLYGLTYLLLILI	LLLWGLLTLLYGLTYLLLILI	15.5044	15.2856	0.654392	0.238039	874.051
LLLWGLLTLLYGLTYLLLILI	LLLWGLLTLLTGLTYLLLILI	15.4269	11.8946	0.379341	0.443059	859.999
LLLWGLLTLLTGLTYLLLILI	LLLWGLLTLLTGLTFLLLILI	12.1019	12.2154	0.650378	0.240035	844.686
LLLWGLLTLLTGLTFLLLILI	LLLWGLLYLLTGLTFLLLILI	12.669	12.9162	0.693609	0.219549	828.061
LLLWGLLYLLTGLTFLLLILI	LLLWGLLYLLTGLVFLLLILI	13.6275	16.525	0.930859	0.137712	810.083
LLLWGLLYLLTGLVFLLLILI	LLLWGLLYLLTGLTFLLLILI	16.525	14.2986	0.137712	0.930859	790.724
LLLWGLLYLLTGLTFLLLILI	LLLWGLLYLLTGLTYLLLILI	13.4999	13	0.132101	0.952787	769.974
LLLWGLLYLLTGLTYLLLILI	LLLWGLLYLLTGLTFLLLILI	13	14.2346	0.952787	0.132101	747.845
LLLWGLLYLLTGLTFLLLILI	LLLWGLLYLLTGLTYLLLILI	14.2346	13.0067	0.132101	0.952787	724.369
LLLWGLLYLLTGLTYLLLILI	LLLWGLLYLLTALTYLLLILI	12.9262	12.2975	0.872342	0.154044	699.602
LLLWGLLYLLTALTYLLLILI	LLLWGLLTLLTALTYLLLILI	12.5228	11.5403	0.379341	0.443059	673.628
LLLWGLLTLLTALTYLLLILI	LLLWGLLYLLTALTYLLLILI	11.5403	13.3258	0.443059	0.379341	646.557
LLLWGLLYLLTALTYLLLILI	LLLWGLLYLLTSLTYLLLILI	13.1907	12.7891	0.244161	0.642213	618.524
LLLWGLLYLLTSLTYLLLILI	LLLWGLLYLLTSLTFLLLILI	13.0997	13.6307	0.952787	0.132101	589.688
LLLWGLLYLLTSLTFLLLILI	LLLYGLLYLLTSLTFLLLILI	13.8708	11.5747	0.372136	0.451187	560.23
LLLYGLLYLLTSLTFLLLILI	LLLYGLLYLLTSLTYLLLILI	11.2147	10.9242	0.0912572	1.15198	530.348
LLLYGLLYLLTSLTYLLLILI	LLLYGLLYLLTALTYLLLILI	10.4144	10.1983	0.642213	0.244161	500.25
LLLYGLLYLLTALTYLLLILI	LLLYGLLFLLTALTYLLLILI	11.1061	11.3998	1.15198	0.0912572	470.152
LLLYGLLFLLTALTYLLLILI	LLLYGLLFLLTSLTYLLLILI	11.5527	12.0175	0.244161	0.642213	440.27
LLLYGLLFLLTSLTYLLLILI	LLLYGLLYLLTSLTYLLLILI	11.4665	11.0365	0.0912572	1.15198	410.812
LLLYGLLYLLTSLTYLLLILI	LLLYGLLYLLTALTYLLLILI	10.5267	10.1983	0.642213	0.244161	381.976
LLLYGLLYLLTALTYLLLILI	LLLYGLLYLLTALTFLLLILI	11.1061	9.91823	1.15198	0.0912572	353.943
LLLYGLLYLLTALTFLLLILI	LLLYGLLFLLTALTFLLLILI	10.4774	11.2591	0.650378	0.240035	326.872
LLLYGLLFLLTALTFLLLILI	LLLYGLLYLLTALTFLLLILI	11.2591	10.3651	0.240035	0.650378	300.898
LLLYGLLYLLTALTFLLLILI	LLLYGLLYLLTALTYLLLILI	9.806	11.1189	0.0912572	1.15198	252.655
LLLYGLLYLLTALTYLLLILI	LLLYGLLYLLTALTFLLLILI	11.1189	10.1871	1.15198	0.0912572	230.526
LLLYGLLYLLTALTFLLLILI	LLLYGLLFLLTALTFLLLILI	10.7462	11.1469	0.650378	0.240035	190.417
LLLYGLLFLLTALTFLLLILI	LLLYGLLYLLTALTFLLLILI	11.1469	10.4774	0.240035	0.650378	140.501
Time: 160s
