MCAccept 0 xShift: 6.86779 crossingAngle: -44.39 axialRotation: -35.2 zShift: 0.01 energy: 5.20603
MCAccept 1 xShift: 6.86779 crossingAngle: -44.39 axialRotation: -35.2 zShift: 0.0182835 energy: -4.82891
MCReject   xShift: 6.86779 crossingAngle: -44.4588 axialRotation: -35.2 zShift: 0.0182835 energy: 4.39209
MCReject   xShift: 6.86779 crossingAngle: -44.3342 axialRotation: -35.2 zShift: 0.0182835 energy: 4.58062
MCAccept 2 xShift: 6.86779 crossingAngle: -44.39 axialRotation: -35.2 zShift: 0.0159773 energy: -4.66771
MCAccept 3 xShift: 6.86779 crossingAngle: -44.39 axialRotation: -35.2 zShift: 0.020851 energy: -4.84728
MCAccept 4 xShift: 6.8559 crossingAngle: -44.39 axialRotation: -35.2 zShift: 0.020851 energy: -5.00603
MCAccept 5 xShift: 6.8559 crossingAngle: -44.341 axialRotation: -35.2 zShift: 0.020851 energy: -4.84728
MCReject   xShift: 6.8559 crossingAngle: -44.341 axialRotation: -35.2 zShift: 0.00833716 energy: 5.14469
MCAccept 6 xShift: 6.8559 crossingAngle: -44.341 axialRotation: -35.1678 zShift: 0.020851 energy: -4.84728
MCAccept 7 xShift: 6.8525 crossingAngle: -44.341 axialRotation: -35.1678 zShift: 0.020851 energy: -5.00603
MCReject   xShift: 6.8525 crossingAngle: -44.341 axialRotation: -35.1579 zShift: 0.020851 energy: 3.44256
MCReject   xShift: 6.8525 crossingAngle: -44.341 axialRotation: -35.2562 zShift: 0.020851 energy: -4.84728
MCAccept 8 xShift: 6.8525 crossingAngle: -44.5875 axialRotation: -35.1678 zShift: 0.020851 energy: -4.84728
MCAccept 9 xShift: 6.8525 crossingAngle: -44.6619 axialRotation: -35.1678 zShift: 0.020851 energy: -5.00603
MCAccept 10 xShift: 6.8525 crossingAngle: -44.5202 axialRotation: -35.1678 zShift: 0.020851 energy: -5.00603
MCReject   xShift: 6.8525 crossingAngle: -44.5202 axialRotation: -35.1678 zShift: 0.0158953 energy: 4.99093
MCAccept 11 xShift: 6.8525 crossingAngle: -44.5202 axialRotation: -35.1678 zShift: 0.0555232 energy: -7.16835
MCAccept 12 xShift: 6.8525 crossingAngle: -44.5202 axialRotation: -35.1678 zShift: 0.0533252 energy: -7.0434
MCAccept 13 xShift: 6.8525 crossingAngle: -44.5133 axialRotation: -35.1678 zShift: 0.0533252 energy: -7.0434
MCAccept 14 xShift: 6.8525 crossingAngle: -44.5133 axialRotation: -35.2137 zShift: 0.0533252 energy: -6.88251
MCAccept 15 xShift: 6.84053 crossingAngle: -44.5133 axialRotation: -35.2137 zShift: 0.0533252 energy: -6.88251
MCReject   xShift: 6.82529 crossingAngle: -44.5133 axialRotation: -35.2137 zShift: 0.0533252 energy: 1.0291
MCAccept 16 xShift: 6.84053 crossingAngle: -44.5133 axialRotation: -35.2091 zShift: 0.0533252 energy: -7.0434
MCReject   xShift: 6.84053 crossingAngle: -44.5133 axialRotation: -35.2091 zShift: 0.0463061 energy: -6.47331
MCAccept 17 xShift: 6.84053 crossingAngle: -44.4499 axialRotation: -35.2091 zShift: 0.0533252 energy: -7.0434
MCAccept 18 xShift: 6.84053 crossingAngle: -44.4499 axialRotation: -35.2091 zShift: 0.0673966 energy: -7.65474
MCAccept 19 xShift: 6.84053 crossingAngle: -44.4499 axialRotation: -35.2091 zShift: 0.0746355 energy: -8.19014
MCReject   xShift: 6.84053 crossingAngle: -44.4499 axialRotation: -35.2091 zShift: 0.0703067 energy: 0.949652
MCReject   xShift: 6.84053 crossingAngle: -44.2797 axialRotation: -35.2091 zShift: 0.0746355 energy: -8.02783
MCReject   xShift: 6.83455 crossingAngle: -44.4499 axialRotation: -35.2091 zShift: 0.0746355 energy: 0.696885
MCAccept 20 xShift: 6.84694 crossingAngle: -44.4499 axialRotation: -35.2091 zShift: 0.0746355 energy: -8.02783
MCAccept 21 xShift: 6.84694 crossingAngle: -44.3468 axialRotation: -35.2091 zShift: 0.0746355 energy: -8.02783
MCAccept 22 xShift: 6.85253 crossingAngle: -44.3468 axialRotation: -35.2091 zShift: 0.0746355 energy: -8.19014
MCAccept 23 xShift: 6.85253 crossingAngle: -44.3111 axialRotation: -35.2091 zShift: 0.0746355 energy: -8.19014
MCAccept 24 xShift: 6.85253 crossingAngle: -44.3111 axialRotation: -35.2091 zShift: 0.0757249 energy: -8.24497
MCAccept 25 xShift: 6.85253 crossingAngle: -44.3111 axialRotation: -35.0715 zShift: 0.0757249 energy: -8.24497
MCReject   xShift: 6.85253 crossingAngle: -44.3111 axialRotation: -35.0715 zShift: 0.0684056 energy: -7.7077
MCAccept 26 xShift: 6.85652 crossingAngle: -44.3111 axialRotation: -35.0715 zShift: 0.0757249 energy: -8.24497
MCReject   xShift: 6.85789 crossingAngle: -44.3111 axialRotation: -35.0715 zShift: 0.0757249 energy: 0.767925
MCAccept 27 xShift: 6.85652 crossingAngle: -44.2841 axialRotation: -35.0715 zShift: 0.0757249 energy: -8.24497
MCReject   xShift: 6.85652 crossingAngle: -44.2841 axialRotation: -34.9458 zShift: 0.0757249 energy: 1.17762
MCReject   xShift: 6.85652 crossingAngle: -44.2841 axialRotation: -35.0715 zShift: 0.085731 energy: -0.896711
MCAccept 28 xShift: 6.85652 crossingAngle: -44.2841 axialRotation: -35.0715 zShift: 0.0868529 energy: -8.62169
MCReject   xShift: 6.86711 crossingAngle: -44.2841 axialRotation: -35.0715 zShift: 0.0868529 energy: -0.220946
MCAccept 29 xShift: 6.83876 crossingAngle: -44.2841 axialRotation: -35.0715 zShift: 0.0868529 energy: -8.78481
MCAccept 30 xShift: 6.83876 crossingAngle: -44.2586 axialRotation: -35.0715 zShift: 0.0868529 energy: -8.62169
MCReject   xShift: 6.83876 crossingAngle: -44.3981 axialRotation: -35.0715 zShift: 0.0868529 energy: 0.188889
MCReject   xShift: 6.83876 crossingAngle: -44.3164 axialRotation: -35.0715 zShift: 0.0868529 energy: -0.409308
MCAccept 31 xShift: 6.83158 crossingAngle: -44.2586 axialRotation: -35.0715 zShift: 0.0868529 energy: -8.78481
MCAccept 32 xShift: 6.83158 crossingAngle: -44.364 axialRotation: -35.0715 zShift: 0.0868529 energy: -8.78481
MCAccept 33 xShift: 6.83158 crossingAngle: -44.7417 axialRotation: -35.0715 zShift: 0.0868529 energy: -8.78481
MCAccept 34 xShift: 6.83158 crossingAngle: -44.7451 axialRotation: -35.0715 zShift: 0.0868529 energy: -8.78481
MCReject   xShift: 6.83158 crossingAngle: -44.7451 axialRotation: -35.0715 zShift: 0.0784511 energy: -8.21807
MCAccept 35 xShift: 6.83158 crossingAngle: -44.7673 axialRotation: -35.0715 zShift: 0.0868529 energy: -8.62169
MCAccept 36 xShift: 6.82189 crossingAngle: -44.7673 axialRotation: -35.0715 zShift: 0.0868529 energy: -8.62169
MCAccept 37 xShift: 6.82189 crossingAngle: -44.8782 axialRotation: -35.0715 zShift: 0.0868529 energy: -8.78481
MCAccept 38 xShift: 6.82189 crossingAngle: -44.9011 axialRotation: -35.0715 zShift: 0.0868529 energy: -8.62169
MCAccept 39 xShift: 6.82021 crossingAngle: -44.9011 axialRotation: -35.0715 zShift: 0.0868529 energy: -8.78481
MCReject   xShift: 6.82021 crossingAngle: -44.9011 axialRotation: -35.0715 zShift: 0.0748825 energy: 0.249463
MCAccept 40 xShift: 6.82021 crossingAngle: -44.8063 axialRotation: -35.0715 zShift: 0.0868529 energy: -8.78481
MCAccept 41 xShift: 6.82021 crossingAngle: -44.8063 axialRotation: -35.0715 zShift: 0.087721 energy: -8.8254
MCReject   xShift: 6.80965 crossingAngle: -44.8063 axialRotation: -35.0715 zShift: 0.087721 energy: 0.275651
MCReject   xShift: 6.82021 crossingAngle: -44.6312 axialRotation: -35.0715 zShift: 0.087721 energy: -0.0389563
MCAccept 42 xShift: 6.82021 crossingAngle: -44.79 axialRotation: -35.0715 zShift: 0.087721 energy: -8.8254
MCReject   xShift: 6.82021 crossingAngle: -44.7065 axialRotation: -35.0715 zShift: 0.087721 energy: 0.141247
MCReject   xShift: 6.81218 crossingAngle: -44.79 axialRotation: -35.0715 zShift: 0.087721 energy: 0.141247
MCReject   xShift: 6.8225 crossingAngle: -44.79 axialRotation: -35.0715 zShift: 0.087721 energy: -1.0064
MCAccept 43 xShift: 6.82021 crossingAngle: -44.79 axialRotation: -35.1232 zShift: 0.087721 energy: -8.66221
MCAccept 44 xShift: 6.82021 crossingAngle: -44.6209 axialRotation: -35.1232 zShift: 0.087721 energy: -8.8254
MCAccept 45 xShift: 6.82021 crossingAngle: -44.6209 axialRotation: -35.3898 zShift: 0.087721 energy: -8.66221
MCAccept 46 xShift: 6.82021 crossingAngle: -44.6209 axialRotation: -35.3849 zShift: 0.087721 energy: -8.8254
MCAccept 47 xShift: 6.82627 crossingAngle: -44.6209 axialRotation: -35.3849 zShift: 0.087721 energy: -8.8254
MCReject   xShift: 6.83102 crossingAngle: -44.6209 axialRotation: -35.3849 zShift: 0.087721 energy: -0.0389563
MCAccept 48 xShift: 6.84281 crossingAngle: -44.6209 axialRotation: -35.3849 zShift: 0.087721 energy: -8.8254
MCAccept 49 xShift: 6.84778 crossingAngle: -44.6209 axialRotation: -35.3849 zShift: 0.087721 energy: -8.8254
MCReject   xShift: 6.84778 crossingAngle: -44.6209 axialRotation: -35.3936 zShift: 0.087721 energy: -8.66221
MCReject   xShift: 6.86048 crossingAngle: -44.6209 axialRotation: -35.3849 zShift: 0.087721 energy: 0.0945943
MCReject   xShift: 6.84778 crossingAngle: -44.6209 axialRotation: -35.3849 zShift: 0.0783954 energy: -8.37788
MCAccept 50 xShift: 6.84778 crossingAngle: -44.6209 axialRotation: -35.5007 zShift: 0.087721 energy: -8.8254
MCAccept 51 xShift: 6.84778 crossingAngle: -44.3612 axialRotation: -35.5007 zShift: 0.087721 energy: -8.8254
MCAccept 52 xShift: 6.84825 crossingAngle: -44.3612 axialRotation: -35.5007 zShift: 0.087721 energy: -8.8254
MCReject   xShift: 6.86212 crossingAngle: -44.3612 axialRotation: -35.5007 zShift: 0.087721 energy: 0.141247
MCAccept 53 xShift: 6.83299 crossingAngle: -44.3612 axialRotation: -35.5007 zShift: 0.087721 energy: -8.8254
MCReject   xShift: 6.83472 crossingAngle: -44.3612 axialRotation: -35.5007 zShift: 0.087721 energy: -8.66221
MCAccept 54 xShift: 6.83299 crossingAngle: -44.2241 axialRotation: -35.5007 zShift: 0.087721 energy: -8.8254
MCAccept 55 xShift: 6.84483 crossingAngle: -44.2241 axialRotation: -35.5007 zShift: 0.087721 energy: -8.8254
MCReject   xShift: 6.84483 crossingAngle: -44.0218 axialRotation: -35.5007 zShift: 0.087721 energy: -0.0389563
MCReject   xShift: 6.84483 crossingAngle: -44.2241 axialRotation: -35.5007 zShift: 0.0838788 energy: -8.64412
MCAccept 56 xShift: 6.84223 crossingAngle: -44.2241 axialRotation: -35.5007 zShift: 0.087721 energy: -8.8254
MCReject   xShift: 6.8498 crossingAngle: -44.2241 axialRotation: -35.5007 zShift: 0.087721 energy: -0.0389563
MCReject   xShift: 6.84223 crossingAngle: -44.2241 axialRotation: -35.5007 zShift: 0.0822925 energy: 0.442125
MCAccept 57 xShift: 6.84223 crossingAngle: -44.2241 axialRotation: -35.5007 zShift: 0.096952 energy: -9.0797
MCAccept 58 xShift: 6.84223 crossingAngle: -44.0269 axialRotation: -35.5007 zShift: 0.096952 energy: -9.2435
MCReject   xShift: 6.84223 crossingAngle: -43.9149 axialRotation: -35.5007 zShift: 0.096952 energy: -0.533487
MCReject   xShift: 6.84223 crossingAngle: -44.0269 axialRotation: -35.4142 zShift: 0.096952 energy: -1.36945
MCReject   xShift: 6.84223 crossingAngle: -44.0269 axialRotation: -35.7485 zShift: 0.096952 energy: -1.3211
MCReject   xShift: 6.84223 crossingAngle: -44.127 axialRotation: -35.5007 zShift: 0.096952 energy: -9.0797
MCAccept 59 xShift: 6.84223 crossingAngle: -44.0609 axialRotation: -35.5007 zShift: 0.096952 energy: -9.2435
MCReject   xShift: 6.84223 crossingAngle: -44.0609 axialRotation: -35.3608 zShift: 0.096952 energy: -1.3211
MCReject   xShift: 6.84223 crossingAngle: -44.0609 axialRotation: -35.5007 zShift: 0.102295 energy: -1.6003
MCAccept 60 xShift: 6.84223 crossingAngle: -44.0609 axialRotation: -35.5268 zShift: 0.096952 energy: -9.2435
MCReject   xShift: 6.84223 crossingAngle: -44.1084 axialRotation: -35.5268 zShift: 0.096952 energy: -1.50302
MCReject   xShift: 6.84223 crossingAngle: -44.0036 axialRotation: -35.5268 zShift: 0.096952 energy: -0.354435
MCAccept 61 xShift: 6.83164 crossingAngle: -44.0609 axialRotation: -35.5268 zShift: 0.096952 energy: -9.2435
MCReject   xShift: 6.81697 crossingAngle: -44.0609 axialRotation: -35.5268 zShift: 0.096952 energy: -9.0797
MCReject   xShift: 6.83041 crossingAngle: -44.0609 axialRotation: -35.5268 zShift: 0.096952 energy: -0.533487
MCReject   xShift: 6.83164 crossingAngle: -44.1991 axialRotation: -35.5268 zShift: 0.096952 energy: -9.0797
MCAccept 62 xShift: 6.82511 crossingAngle: -44.0609 axialRotation: -35.5268 zShift: 0.096952 energy: -9.2435
MCReject   xShift: 6.82511 crossingAngle: -44.0609 axialRotation: -35.5268 zShift: 0.0906639 energy: -8.96134
MCReject   xShift: 6.83991 crossingAngle: -44.0609 axialRotation: -35.5268 zShift: 0.096952 energy: -1.50302
MCAccept 63 xShift: 6.82511 crossingAngle: -44.0609 axialRotation: -35.5797 zShift: 0.096952 energy: -9.2435
MCReject   xShift: 6.82511 crossingAngle: -44.2555 axialRotation: -35.5797 zShift: 0.096952 energy: -9.0797
MCReject   xShift: 6.82511 crossingAngle: -44.0609 axialRotation: -35.6515 zShift: 0.096952 energy: -0.938089
MCReject   xShift: 6.82511 crossingAngle: -43.9267 axialRotation: -35.5797 zShift: 0.096952 energy: 0.0423688
MCReject   xShift: 6.82511 crossingAngle: -44.2002 axialRotation: -35.5797 zShift: 0.096952 energy: -0.533487
MCReject   xShift: 6.82511 crossingAngle: -44.0609 axialRotation: -35.5797 zShift: 0.0830257 energy: -8.44041
MCAccept 64 xShift: 6.83884 crossingAngle: -44.0609 axialRotation: -35.5797 zShift: 0.096952 energy: -9.2435
MCAccept 65 xShift: 6.83884 crossingAngle: -44.0609 axialRotation: -35.5797 zShift: 0.109779 energy: -9.78475
MCReject   xShift: 6.83884 crossingAngle: -44.0609 axialRotation: -35.5797 zShift: 0.103991 energy: -9.54616
MCReject   xShift: 6.83884 crossingAngle: -44.0234 axialRotation: -35.5797 zShift: 0.109779 energy: -1.9807
MCReject   xShift: 6.83884 crossingAngle: -43.9455 axialRotation: -35.5797 zShift: 0.109779 energy: -1.01119
MCAccept 66 xShift: 6.83884 crossingAngle: -44.1356 axialRotation: -35.5797 zShift: 0.109779 energy: -9.78475
MCReject   xShift: 6.83884 crossingAngle: -44.1356 axialRotation: -35.5797 zShift: 0.0974806 energy: -9.10287
MCReject   xShift: 6.83884 crossingAngle: -44.1356 axialRotation: -35.4642 zShift: 0.109779 energy: -1.9807
MCReject   xShift: 6.85432 crossingAngle: -44.1356 axialRotation: -35.5797 zShift: 0.109779 energy: -1.18862
MCAccept 67 xShift: 6.83884 crossingAngle: -44.2464 axialRotation: -35.5797 zShift: 0.109779 energy: -9.78475
MCAccept 68 xShift: 6.83547 crossingAngle: -44.2464 axialRotation: -35.5797 zShift: 0.109779 energy: -9.78475
MCReject   xShift: 6.83507 crossingAngle: -44.2464 axialRotation: -35.5797 zShift: 0.109779 energy: -9.62008
MCAccept 69 xShift: 6.83547 crossingAngle: -44.2464 axialRotation: -35.5797 zShift: 0.117315 energy: -10.0818
MCReject   xShift: 6.83082 crossingAngle: -44.2464 axialRotation: -35.5797 zShift: 0.117315 energy: -1.55684
MCReject   xShift: 6.83547 crossingAngle: -44.154 axialRotation: -35.5797 zShift: 0.117315 energy: -9.91663
MCReject   xShift: 6.83547 crossingAngle: -44.2464 axialRotation: -35.4707 zShift: 0.117315 energy: -9.91663
MCReject   xShift: 6.83547 crossingAngle: -44.3085 axialRotation: -35.5797 zShift: 0.117315 energy: -1.93345
MCAccept 70 xShift: 6.83547 crossingAngle: -44.2464 axialRotation: -35.5797 zShift: 0.127912 energy: -10.4741
MCAccept 71 xShift: 6.843 crossingAngle: -44.2464 axialRotation: -35.5797 zShift: 0.127912 energy: -10.4741
MCReject   xShift: 6.843 crossingAngle: -44.2464 axialRotation: -35.6333 zShift: 0.127912 energy: -2.05468
MCReject   xShift: 6.843 crossingAngle: -44.2464 axialRotation: -35.6331 zShift: 0.127912 energy: -10.3082
MCReject   xShift: 6.843 crossingAngle: -44.2464 axialRotation: -35.7481 zShift: 0.127912 energy: -2.05468
MCReject   xShift: 6.843 crossingAngle: -44.2464 axialRotation: -35.5797 zShift: 0.124087 energy: -10.3359
MCReject   xShift: 6.843 crossingAngle: -44.2464 axialRotation: -35.5797 zShift: 0.111011 energy: -9.66961
MCAccept 72 xShift: 6.84271 crossingAngle: -44.2464 axialRotation: -35.5797 zShift: 0.127912 energy: -10.4741
MCReject   xShift: 6.84271 crossingAngle: -44.2464 axialRotation: -35.5797 zShift: 0.139505 energy: -2.57357
MCAccept 73 xShift: 6.84271 crossingAngle: -44.2464 axialRotation: -35.6279 zShift: 0.127912 energy: -10.4741
MCReject   xShift: 6.84271 crossingAngle: -44.101 axialRotation: -35.6279 zShift: 0.127912 energy: -2.05468
MCReject   xShift: 6.84271 crossingAngle: -44.2464 axialRotation: -35.6742 zShift: 0.127912 energy: -2.05468
MCAccept 74 xShift: 6.84236 crossingAngle: -44.2464 axialRotation: -35.6279 zShift: 0.127912 energy: -10.4741
MCReject   xShift: 6.84236 crossingAngle: -44.2464 axialRotation: -35.5783 zShift: 0.127912 energy: -2.8984
MCReject   xShift: 6.84236 crossingAngle: -44.2464 axialRotation: -35.6279 zShift: 0.122738 energy: -2.78973
MCReject   xShift: 6.84236 crossingAngle: -44.2464 axialRotation: -35.6279 zShift: 0.146666 energy: -2.88117
MCAccept 75 xShift: 6.84236 crossingAngle: -44.2464 axialRotation: -35.5152 zShift: 0.127912 energy: -10.4741
MCReject   xShift: 6.84236 crossingAngle: -44.2464 axialRotation: -35.5152 zShift: 0.130757 energy: -10.4084
MCAccept 76 xShift: 6.84236 crossingAngle: -44.1621 axialRotation: -35.5152 zShift: 0.127912 energy: -10.4741
MCReject   xShift: 6.82584 crossingAngle: -44.1621 axialRotation: -35.5152 zShift: 0.127912 energy: -2.05468
MCReject   xShift: 6.84236 crossingAngle: -44.1621 axialRotation: -35.4869 zShift: 0.127912 energy: -1.87957
MCReject   xShift: 6.83947 crossingAngle: -44.1621 axialRotation: -35.5152 zShift: 0.127912 energy: -2.05468
MCAccept 77 xShift: 6.84236 crossingAngle: -44.0512 axialRotation: -35.5152 zShift: 0.127912 energy: -10.4741
MCAccept 78 xShift: 6.84236 crossingAngle: -43.9495 axialRotation: -35.5152 zShift: 0.127912 energy: -10.4741
MCAccept 79 xShift: 6.84236 crossingAngle: -43.9495 axialRotation: -35.5061 zShift: 0.127912 energy: -10.4741
MCReject   xShift: 6.84236 crossingAngle: -43.9495 axialRotation: -35.5061 zShift: 0.156837 energy: -3.3018
MCReject   xShift: 6.84236 crossingAngle: -43.8717 axialRotation: -35.5061 zShift: 0.127912 energy: -2.05468
MCAccept 80 xShift: 6.84204 crossingAngle: -43.9495 axialRotation: -35.5061 zShift: 0.127912 energy: -10.4741
MCReject   xShift: 6.84204 crossingAngle: -43.7681 axialRotation: -35.5061 zShift: 0.127912 energy: -10.3082
MCReject   xShift: 6.84204 crossingAngle: -43.8993 axialRotation: -35.5061 zShift: 0.127912 energy: -10.3082
MCAccept 81 xShift: 6.82833 crossingAngle: -43.9495 axialRotation: -35.5061 zShift: 0.127912 energy: -10.4741
MCAccept 82 xShift: 6.82833 crossingAngle: -43.9495 axialRotation: -35.4641 zShift: 0.127912 energy: -10.4741
MCReject   xShift: 6.82833 crossingAngle: -43.9495 axialRotation: -35.4641 zShift: 0.125622 energy: -10.3918
MCAccept 83 xShift: 6.82833 crossingAngle: -43.9021 axialRotation: -35.4641 zShift: 0.127912 energy: -10.4741
MCReject   xShift: 6.82833 crossingAngle: -43.8765 axialRotation: -35.4641 zShift: 0.127912 energy: -10.3082
MCAccept 84 xShift: 6.82833 crossingAngle: -43.7115 axialRotation: -35.4641 zShift: 0.127912 energy: -10.4741
MCReject   xShift: 6.83305 crossingAngle: -43.7115 axialRotation: -35.4641 zShift: 0.127912 energy: -10.3082
MCReject   xShift: 6.82833 crossingAngle: -43.7115 axialRotation: -35.3875 zShift: 0.127912 energy: -1.87957
MCReject   xShift: 6.82833 crossingAngle: -43.7115 axialRotation: -35.2593 zShift: 0.127912 energy: -2.05468
MCReject   xShift: 6.82833 crossingAngle: -43.9701 axialRotation: -35.4641 zShift: 0.127912 energy: -2.85301
MCReject   xShift: 6.82833 crossingAngle: -43.7115 axialRotation: -35.5859 zShift: 0.127912 energy: -2.05468
MCAccept 85 xShift: 6.81001 crossingAngle: -43.7115 axialRotation: -35.4641 zShift: 0.127912 energy: -10.4741
MCAccept 86 xShift: 6.81001 crossingAngle: -43.6541 axialRotation: -35.4641 zShift: 0.127912 energy: -10.4741
MCAccept 87 xShift: 6.81001 crossingAngle: -43.6541 axialRotation: -35.4642 zShift: 0.127912 energy: -10.4741
MCReject   xShift: 6.81001 crossingAngle: -43.6541 axialRotation: -35.4642 zShift: 0.125612 energy: -10.2257
MCAccept 88 xShift: 6.79387 crossingAngle: -43.6541 axialRotation: -35.4642 zShift: 0.127912 energy: -10.4741
MCReject   xShift: 6.79387 crossingAngle: -43.6541 axialRotation: -35.6019 zShift: 0.127912 energy: -2.85301
MCAccept 89 xShift: 6.79387 crossingAngle: -43.6541 axialRotation: -35.4642 zShift: 0.132493 energy: -10.6347
MCReject   xShift: 6.79387 crossingAngle: -43.6541 axialRotation: -35.4642 zShift: 0.128432 energy: -2.87703
MCReject   xShift: 6.79387 crossingAngle: -43.7423 axialRotation: -35.4642 zShift: 0.132493 energy: -10.4685
MCReject   xShift: 6.79387 crossingAngle: -43.6541 axialRotation: -35.4923 zShift: 0.132493 energy: -2.26284
MCReject   xShift: 6.79674 crossingAngle: -43.6541 axialRotation: -35.4642 zShift: 0.132493 energy: -2.26284
MCAccept 90 xShift: 6.80541 crossingAngle: -43.6541 axialRotation: -35.4642 zShift: 0.132493 energy: -10.6347
MCReject   xShift: 6.79612 crossingAngle: -43.6541 axialRotation: -35.4642 zShift: 0.132493 energy: -3.24022
MCAccept 91 xShift: 6.78938 crossingAngle: -43.6541 axialRotation: -35.4642 zShift: 0.132493 energy: -10.6347
MCReject   xShift: 6.78938 crossingAngle: -43.6541 axialRotation: -35.4642 zShift: 0.128533 energy: -10.4962
MCAccept 92 xShift: 6.78682 crossingAngle: -43.6541 axialRotation: -35.4642 zShift: 0.132493 energy: -10.6347
MCReject   xShift: 6.78682 crossingAngle: -43.6541 axialRotation: -35.4642 zShift: 0.123916 energy: -10.164
MCReject   xShift: 6.78682 crossingAngle: -43.5613 axialRotation: -35.4642 zShift: 0.132493 energy: -3.24022
MCReject   xShift: 6.78682 crossingAngle: -43.6867 axialRotation: -35.4642 zShift: 0.132493 energy: -2.26284
MCReject   xShift: 6.78682 crossingAngle: -43.6541 axialRotation: -35.4642 zShift: 0.140355 energy: -2.96679
MCReject   xShift: 6.78682 crossingAngle: -43.6541 axialRotation: -35.4642 zShift: 0.155156 energy: -3.59146
MCReject   xShift: 6.78682 crossingAngle: -43.6541 axialRotation: -35.4642 zShift: 0.133568 energy: -10.5053
MCReject   xShift: 6.78682 crossingAngle: -43.7137 axialRotation: -35.4642 zShift: 0.132493 energy: -10.4685
MCAccept 93 xShift: 6.78682 crossingAngle: -43.6541 axialRotation: -35.4642 zShift: 0.141933 energy: -10.7819
MCAccept 94 xShift: 6.78682 crossingAngle: -43.504 axialRotation: -35.4642 zShift: 0.141933 energy: -10.9488
MCReject   xShift: 6.80607 crossingAngle: -43.504 axialRotation: -35.4642 zShift: 0.141933 energy: -2.67893
MCReject   xShift: 6.78682 crossingAngle: -43.504 axialRotation: -35.4642 zShift: 0.145915 energy: -10.9075
MCReject   xShift: 6.7718 crossingAngle: -43.504 axialRotation: -35.4642 zShift: 0.141933 energy: -2.67893
MCReject   xShift: 6.78682 crossingAngle: -43.2905 axialRotation: -35.4642 zShift: 0.141933 energy: -10.7819
MCReject   xShift: 6.78682 crossingAngle: -43.3635 axialRotation: -35.4642 zShift: 0.141933 energy: -2.50565
MCReject   xShift: 6.78682 crossingAngle: -43.504 axialRotation: -35.5038 zShift: 0.141933 energy: -8.85278
MCAccept 95 xShift: 6.7763 crossingAngle: -43.504 axialRotation: -35.4642 zShift: 0.141933 energy: -10.9488
MCAccept 96 xShift: 6.7763 crossingAngle: -43.504 axialRotation: -35.4642 zShift: 0.145794 energy: -11.0709
MCReject   xShift: 6.7644 crossingAngle: -43.504 axialRotation: -35.4642 zShift: 0.145794 energy: -3.82445
MCReject   xShift: 6.78738 crossingAngle: -43.504 axialRotation: -35.4642 zShift: 0.145794 energy: -2.84424
MCReject   xShift: 6.77252 crossingAngle: -43.504 axialRotation: -35.4642 zShift: 0.145794 energy: -10.9037
MCAccept 97 xShift: 6.77381 crossingAngle: -43.504 axialRotation: -35.4642 zShift: 0.145794 energy: -11.0709
Energy #0: -11.0709
***GEOMETRY SHIFT***
xShift;        Before: 6.83; After: 6.77381
crossingAngle; Before: -44.39; After: -43.504
axialRotation; Before: -35.2; After: -35.4642
zShift;        Before: 0.01; After: 0.145794
Energy;        Before: 1.26815e+06; After: -11.0709

Completed all cycles. Accepted 98/212
Monte Carlo repack complete. Time: 54.8333min

