MCAccept 0 xShift: 6.77381 crossingAngle: -43.6716 axialRotation: -35.4642 zShift: 0.145794 energy: -2.09324
MCAccept 1 xShift: 6.77381 crossingAngle: -43.521 axialRotation: -35.4642 zShift: 0.145794 energy: -3.07345
MCAccept 2 xShift: 6.76518 crossingAngle: -43.521 axialRotation: -35.4642 zShift: 0.145794 energy: -10.3199
MCAccept 3 xShift: 6.76518 crossingAngle: -43.521 axialRotation: -35.4642 zShift: 0.156528 energy: -10.5183
MCAccept 4 xShift: 6.77396 crossingAngle: -43.521 axialRotation: -35.4642 zShift: 0.156528 energy: -10.6862
MCAccept 5 xShift: 6.75952 crossingAngle: -43.521 axialRotation: -35.4642 zShift: 0.156528 energy: -10.6862
MCReject   xShift: 6.75952 crossingAngle: -43.521 axialRotation: -35.4707 zShift: 0.156528 energy: -2.58455
MCReject   xShift: 6.75819 crossingAngle: -43.521 axialRotation: -35.4642 zShift: 0.156528 energy: -3.56701
MCReject   xShift: 6.75952 crossingAngle: -43.521 axialRotation: -35.1714 zShift: 0.156528 energy: -2.41319
MCReject   xShift: 6.75952 crossingAngle: -43.521 axialRotation: -35.4642 zShift: 0.146968 energy: -2.14806
MCReject   xShift: 6.73711 crossingAngle: -43.521 axialRotation: -35.4642 zShift: 0.156528 energy: -8.65231
MCAccept 6 xShift: 6.75952 crossingAngle: -43.521 axialRotation: -35.4642 zShift: 0.150483 energy: -10.4834
MCAccept 7 xShift: 6.75952 crossingAngle: -43.521 axialRotation: -35.4642 zShift: 0.164713 energy: -10.9462
MCReject   xShift: 6.75952 crossingAngle: -43.521 axialRotation: -35.4642 zShift: 0.186034 energy: -3.82632
MCAccept 8 xShift: 6.76748 crossingAngle: -43.521 axialRotation: -35.4642 zShift: 0.164713 energy: -10.9462
MCAccept 9 xShift: 6.75831 crossingAngle: -43.521 axialRotation: -35.4642 zShift: 0.164713 energy: -10.7778
MCReject   xShift: 6.75831 crossingAngle: -43.521 axialRotation: -35.4642 zShift: 0.16498 energy: -2.95618
MCReject   xShift: 6.75831 crossingAngle: -43.521 axialRotation: -35.5531 zShift: 0.164713 energy: -2.94463
MCReject   xShift: 6.75831 crossingAngle: -43.4483 axialRotation: -35.4642 zShift: 0.164713 energy: -8.95066
MCAccept 10 xShift: 6.77325 crossingAngle: -43.521 axialRotation: -35.4642 zShift: 0.164713 energy: -10.7778
MCAccept 11 xShift: 6.77966 crossingAngle: -43.521 axialRotation: -35.4642 zShift: 0.164713 energy: -10.9462
MCReject   xShift: 6.77932 crossingAngle: -43.521 axialRotation: -35.4642 zShift: 0.164713 energy: -2.77436
MCReject   xShift: 6.79119 crossingAngle: -43.521 axialRotation: -35.4642 zShift: 0.164713 energy: -3.92878
MCReject   xShift: 6.77966 crossingAngle: -43.521 axialRotation: -35.4642 zShift: 0.159908 energy: -10.6275
MCReject   xShift: 6.77966 crossingAngle: -43.4689 axialRotation: -35.4642 zShift: 0.164713 energy: -3.75548
MCAccept 12 xShift: 6.77966 crossingAngle: -43.521 axialRotation: -35.4642 zShift: 0.164185 energy: -10.9299
MCAccept 13 xShift: 6.77642 crossingAngle: -43.521 axialRotation: -35.4642 zShift: 0.164185 energy: -10.9299
MCAccept 14 xShift: 6.77642 crossingAngle: -43.4003 axialRotation: -35.4642 zShift: 0.164185 energy: -10.9299
MCReject   xShift: 6.77642 crossingAngle: -43.2427 axialRotation: -35.4642 zShift: 0.164185 energy: -2.92177
MCAccept 15 xShift: 6.80258 crossingAngle: -43.4003 axialRotation: -35.4642 zShift: 0.164185 energy: -10.9299
MCReject   xShift: 6.80258 crossingAngle: -43.4003 axialRotation: -35.4642 zShift: 0.159226 energy: -8.75218
MCReject   xShift: 6.80258 crossingAngle: -43.4003 axialRotation: -35.4642 zShift: 0.16138 energy: -8.83083
MCAccept 16 xShift: 6.81166 crossingAngle: -43.4003 axialRotation: -35.4642 zShift: 0.164185 energy: -10.9299
MCReject   xShift: 6.81166 crossingAngle: -43.3618 axialRotation: -35.4642 zShift: 0.164185 energy: -3.73244
MCReject   xShift: 6.81166 crossingAngle: -43.4003 axialRotation: -35.3103 zShift: 0.164185 energy: -8.93183
MCAccept 17 xShift: 6.81166 crossingAngle: -43.2323 axialRotation: -35.4642 zShift: 0.164185 energy: -10.9299
MCReject   xShift: 6.81166 crossingAngle: -43.2868 axialRotation: -35.4642 zShift: 0.164185 energy: -3.2144
MCReject   xShift: 6.81166 crossingAngle: -43.2323 axialRotation: -35.4642 zShift: 0.158708 energy: -10.757
MCReject   xShift: 6.78394 crossingAngle: -43.2323 axialRotation: -35.4642 zShift: 0.164185 energy: -8.93183
MCReject   xShift: 6.83378 crossingAngle: -43.2323 axialRotation: -35.4642 zShift: 0.164185 energy: -2.92177
MCAccept 18 xShift: 6.79257 crossingAngle: -43.2323 axialRotation: -35.4642 zShift: 0.164185 energy: -10.9299
MCReject   xShift: 6.79257 crossingAngle: -43.2323 axialRotation: -35.3931 zShift: 0.164185 energy: -3.28098
MCReject   xShift: 6.79257 crossingAngle: -43.2323 axialRotation: -35.4821 zShift: 0.164185 energy: -8.93183
MCAccept 19 xShift: 6.79257 crossingAngle: -43.2323 axialRotation: -35.4642 zShift: 0.170369 energy: -11.1163
MCReject   xShift: 6.79257 crossingAngle: -43.2323 axialRotation: -35.5555 zShift: 0.170369 energy: -10.9475
MCAccept 20 xShift: 6.79257 crossingAngle: -43.2323 axialRotation: -35.4314 zShift: 0.170369 energy: -11.1163
MCReject   xShift: 6.79257 crossingAngle: -43.2323 axialRotation: -35.3821 zShift: 0.170369 energy: -9.14873
MCReject   xShift: 6.79257 crossingAngle: -43.2323 axialRotation: -35.4314 zShift: 0.168378 energy: -3.10191
MCAccept 21 xShift: 6.79257 crossingAngle: -43.2323 axialRotation: -35.4314 zShift: 0.18607 energy: -11.3783
MCReject   xShift: 6.79257 crossingAngle: -43.2323 axialRotation: -35.3959 zShift: 0.18607 energy: -3.82776
MCAccept 22 xShift: 6.79257 crossingAngle: -43.2323 axialRotation: -35.436 zShift: 0.18607 energy: -11.5482
MCReject   xShift: 6.79257 crossingAngle: -43.2323 axialRotation: -35.436 zShift: 0.200455 energy: -5.20164
MCAccept 23 xShift: 6.79257 crossingAngle: -43.2323 axialRotation: -35.7489 zShift: 0.18607 energy: -11.3783
MCAccept 24 xShift: 6.79257 crossingAngle: -43.2462 axialRotation: -35.7489 zShift: 0.18607 energy: -11.5482
MCAccept 25 xShift: 6.79044 crossingAngle: -43.2462 axialRotation: -35.7489 zShift: 0.18607 energy: -11.5482
MCAccept 26 xShift: 6.79203 crossingAngle: -43.2462 axialRotation: -35.7489 zShift: 0.18607 energy: -11.5482
MCReject   xShift: 6.79203 crossingAngle: -43.2462 axialRotation: -35.8163 zShift: 0.18607 energy: -11.3783
MCReject   xShift: 6.79203 crossingAngle: -43.2462 axialRotation: -35.7489 zShift: 0.181797 energy: -11.2668
MCAccept 27 xShift: 6.79203 crossingAngle: -43.2244 axialRotation: -35.7489 zShift: 0.18607 energy: -11.5482
MCAccept 28 xShift: 6.79203 crossingAngle: -43.3623 axialRotation: -35.7489 zShift: 0.18607 energy: -11.5482
MCAccept 29 xShift: 6.80898 crossingAngle: -43.3623 axialRotation: -35.7489 zShift: 0.18607 energy: -11.5482
MCReject   xShift: 6.80898 crossingAngle: -43.3581 axialRotation: -35.7489 zShift: 0.18607 energy: -9.6648
MCAccept 30 xShift: 6.80898 crossingAngle: -43.3623 axialRotation: -35.8074 zShift: 0.18607 energy: -11.3783
MCAccept 31 xShift: 6.82141 crossingAngle: -43.3623 axialRotation: -35.8074 zShift: 0.18607 energy: -11.5482
MCReject   xShift: 6.82022 crossingAngle: -43.3623 axialRotation: -35.8074 zShift: 0.18607 energy: -3.66038
MCReject   xShift: 6.82141 crossingAngle: -43.3623 axialRotation: -35.8671 zShift: 0.18607 energy: -4.64576
MCReject   xShift: 6.82879 crossingAngle: -43.3623 axialRotation: -35.8074 zShift: 0.18607 energy: -4.19107
MCAccept 32 xShift: 6.82141 crossingAngle: -43.27 axialRotation: -35.8074 zShift: 0.18607 energy: -11.5482
MCReject   xShift: 6.82141 crossingAngle: -43.27 axialRotation: -35.7439 zShift: 0.18607 energy: -3.82776
MCAccept 33 xShift: 6.82141 crossingAngle: -43.27 axialRotation: -35.9411 zShift: 0.18607 energy: -11.5482
MCReject   xShift: 6.80941 crossingAngle: -43.27 axialRotation: -35.9411 zShift: 0.18607 energy: -9.6648
MCAccept 34 xShift: 6.82141 crossingAngle: -43.27 axialRotation: -35.9411 zShift: 0.185537 energy: -11.5345
MCReject   xShift: 6.82141 crossingAngle: -43.2672 axialRotation: -35.9411 zShift: 0.185537 energy: -11.3646
MCReject   xShift: 6.82141 crossingAngle: -43.0558 axialRotation: -35.9411 zShift: 0.185537 energy: -3.80668
MCReject   xShift: 6.82141 crossingAngle: -43.3248 axialRotation: -35.9411 zShift: 0.185537 energy: -11.3646
MCReject   xShift: 6.81612 crossingAngle: -43.27 axialRotation: -35.9411 zShift: 0.185537 energy: -3.63922
MCAccept 35 xShift: 6.82141 crossingAngle: -43.5645 axialRotation: -35.9411 zShift: 0.185537 energy: -11.5345
MCAccept 36 xShift: 6.82141 crossingAngle: -43.3973 axialRotation: -35.9411 zShift: 0.185537 energy: -11.3646
MCAccept 37 xShift: 6.82341 crossingAngle: -43.3973 axialRotation: -35.9411 zShift: 0.185537 energy: -11.3646
MCReject   xShift: 6.82341 crossingAngle: -43.4706 axialRotation: -35.9411 zShift: 0.185537 energy: -4.16987
MCReject   xShift: 6.82341 crossingAngle: -43.3973 axialRotation: -35.9411 zShift: 0.178785 energy: -3.53542
MCReject   xShift: 6.83183 crossingAngle: -43.3973 axialRotation: -35.9411 zShift: 0.185537 energy: -3.63922
MCReject   xShift: 6.82341 crossingAngle: -43.3973 axialRotation: -35.7537 zShift: 0.185537 energy: -3.80668
MCReject   xShift: 6.79953 crossingAngle: -43.3973 axialRotation: -35.9411 zShift: 0.185537 energy: -4.79504
MCReject   xShift: 6.82341 crossingAngle: -43.4157 axialRotation: -35.9411 zShift: 0.185537 energy: -9.64808
MCAccept 38 xShift: 6.82491 crossingAngle: -43.3973 axialRotation: -35.9411 zShift: 0.185537 energy: -11.3646
MCReject   xShift: 6.82491 crossingAngle: -43.3973 axialRotation: -35.9411 zShift: 0.19798 energy: -4.12074
MCAccept 39 xShift: 6.81509 crossingAngle: -43.3973 axialRotation: -35.9411 zShift: 0.185537 energy: -11.3646
MCAccept 40 xShift: 6.81509 crossingAngle: -43.3973 axialRotation: -35.9411 zShift: 0.184162 energy: -11.4988
MCAccept 41 xShift: 6.81509 crossingAngle: -43.3248 axialRotation: -35.9411 zShift: 0.184162 energy: -11.329
MCAccept 42 xShift: 6.81509 crossingAngle: -43.3061 axialRotation: -35.9411 zShift: 0.184162 energy: -11.4988
MCReject   xShift: 6.81509 crossingAngle: -43.3061 axialRotation: -35.7594 zShift: 0.184162 energy: -4.74017
MCReject   xShift: 6.81509 crossingAngle: -43.3061 axialRotation: -36.1659 zShift: 0.184162 energy: -3.75208
MCReject   xShift: 6.81509 crossingAngle: -43.1319 axialRotation: -35.9411 zShift: 0.184162 energy: -4.11498
MCReject   xShift: 6.81509 crossingAngle: -43.4183 axialRotation: -35.9411 zShift: 0.184162 energy: -3.75208
MCReject   xShift: 6.81509 crossingAngle: -43.3061 axialRotation: -35.9629 zShift: 0.184162 energy: -3.75208
MCAccept 43 xShift: 6.81509 crossingAngle: -43.2759 axialRotation: -35.9411 zShift: 0.184162 energy: -11.4988
MCReject   xShift: 6.81509 crossingAngle: -43.3304 axialRotation: -35.9411 zShift: 0.184162 energy: -4.56944
MCAccept 44 xShift: 6.81509 crossingAngle: -43.1549 axialRotation: -35.9411 zShift: 0.184162 energy: -11.4988
MCReject   xShift: 6.81509 crossingAngle: -43.1549 axialRotation: -35.7716 zShift: 0.184162 energy: -9.60469
MCReject   xShift: 6.81509 crossingAngle: -43.1549 axialRotation: -35.7408 zShift: 0.184162 energy: -9.60469
MCReject   xShift: 6.81509 crossingAngle: -43.1549 axialRotation: -35.9411 zShift: 0.181296 energy: -11.4231
MCReject   xShift: 6.81126 crossingAngle: -43.1549 axialRotation: -35.9411 zShift: 0.184162 energy: -3.75208
MCReject   xShift: 6.82149 crossingAngle: -43.1549 axialRotation: -35.9411 zShift: 0.184162 energy: -9.60469
MCReject   xShift: 6.81048 crossingAngle: -43.1549 axialRotation: -35.9411 zShift: 0.184162 energy: -4.74017
MCAccept 45 xShift: 6.80819 crossingAngle: -43.1549 axialRotation: -35.9411 zShift: 0.184162 energy: -11.4988
MCReject   xShift: 6.80819 crossingAngle: -43.1549 axialRotation: -35.9411 zShift: 0.181312 energy: -9.51358
MCReject   xShift: 6.80673 crossingAngle: -43.1549 axialRotation: -35.9411 zShift: 0.184162 energy: -3.75208
MCReject   xShift: 6.82295 crossingAngle: -43.1549 axialRotation: -35.9411 zShift: 0.184162 energy: -9.60469
MCReject   xShift: 6.80819 crossingAngle: -43.1549 axialRotation: -36.0927 zShift: 0.184162 energy: -3.75208
MCReject   xShift: 6.80819 crossingAngle: -43.1915 axialRotation: -35.9411 zShift: 0.184162 energy: -3.58444
MCAccept 46 xShift: 6.80819 crossingAngle: -43.1549 axialRotation: -35.906 zShift: 0.184162 energy: -11.4988
MCReject   xShift: 6.817 crossingAngle: -43.1549 axialRotation: -35.906 zShift: 0.184162 energy: -9.60469
MCReject   xShift: 6.80819 crossingAngle: -43.1841 axialRotation: -35.906 zShift: 0.184162 energy: -9.60469
MCReject   xShift: 6.80819 crossingAngle: -43.1549 axialRotation: -35.906 zShift: 0.167037 energy: -3.04464
MCReject   xShift: 6.82406 crossingAngle: -43.1549 axialRotation: -35.906 zShift: 0.184162 energy: -4.74017
MCReject   xShift: 6.80819 crossingAngle: -43.3651 axialRotation: -35.906 zShift: 0.184162 energy: -9.60469
MCAccept 47 xShift: 6.80819 crossingAngle: -43.0945 axialRotation: -35.906 zShift: 0.184162 energy: -11.4988
MCReject   xShift: 6.80819 crossingAngle: -43.1946 axialRotation: -35.906 zShift: 0.184162 energy: -3.58444
MCReject   xShift: 6.80819 crossingAngle: -43.0421 axialRotation: -35.906 zShift: 0.184162 energy: -4.74017
MCReject   xShift: 6.80819 crossingAngle: -43.2355 axialRotation: -35.906 zShift: 0.184162 energy: -9.60469
MCReject   xShift: 6.80819 crossingAngle: -43.0945 axialRotation: -35.906 zShift: 0.169957 energy: -11.1042
MCReject   xShift: 6.80819 crossingAngle: -43.0945 axialRotation: -35.906 zShift: 0.17999 energy: -3.5844
MCReject   xShift: 6.80819 crossingAngle: -42.9284 axialRotation: -35.906 zShift: 0.184162 energy: -11.329
MCReject   xShift: 6.80819 crossingAngle: -43.0945 axialRotation: -35.8798 zShift: 0.184162 energy: -3.75208
MCReject   xShift: 6.80819 crossingAngle: -43.0945 axialRotation: -35.906 zShift: 0.179967 energy: -11.2178
MCReject   xShift: 6.80819 crossingAngle: -42.9941 axialRotation: -35.906 zShift: 0.184162 energy: -9.60469
MCReject   xShift: 6.79171 crossingAngle: -43.0945 axialRotation: -35.906 zShift: 0.184162 energy: -3.58444
MCAccept 48 xShift: 6.80819 crossingAngle: -43.0945 axialRotation: -36.0434 zShift: 0.184162 energy: -11.4988
MCAccept 49 xShift: 6.80819 crossingAngle: -43.0548 axialRotation: -36.0434 zShift: 0.184162 energy: -11.4988
MCReject   xShift: 6.80835 crossingAngle: -43.0548 axialRotation: -36.0434 zShift: 0.184162 energy: -3.75208
MCAccept 50 xShift: 6.80819 crossingAngle: -43.0532 axialRotation: -36.0434 zShift: 0.184162 energy: -11.4988
MCReject   xShift: 6.80819 crossingAngle: -43.0532 axialRotation: -36.2902 zShift: 0.184162 energy: -9.60469
MCAccept 51 xShift: 6.80819 crossingAngle: -43.2715 axialRotation: -36.0434 zShift: 0.184162 energy: -11.4988
MCReject   xShift: 6.80819 crossingAngle: -43.4564 axialRotation: -36.0434 zShift: 0.184162 energy: -3.58444
MCReject   xShift: 6.80819 crossingAngle: -43.2715 axialRotation: -36.0869 zShift: 0.184162 energy: -9.60469
MCAccept 52 xShift: 6.81311 crossingAngle: -43.2715 axialRotation: -36.0434 zShift: 0.184162 energy: -11.4988
MCAccept 53 xShift: 6.81311 crossingAngle: -43.2715 axialRotation: -36.1897 zShift: 0.184162 energy: -11.4988
MCAccept 54 xShift: 6.81311 crossingAngle: -43.2715 axialRotation: -36.1897 zShift: 0.207019 energy: -12.0344
MCReject   xShift: 6.81311 crossingAngle: -43.2715 axialRotation: -36.3505 zShift: 0.207019 energy: -10.2788
MCReject   xShift: 6.81311 crossingAngle: -43.2715 axialRotation: -36.1897 zShift: 0.205019 energy: -11.9923
MCAccept 55 xShift: 6.81311 crossingAngle: -43.2715 axialRotation: -36.2769 zShift: 0.207019 energy: -12.0344
MCReject   xShift: 6.80845 crossingAngle: -43.2715 axialRotation: -36.2769 zShift: 0.207019 energy: -10.2788
MCAccept 56 xShift: 6.81311 crossingAngle: -43.2964 axialRotation: -36.2769 zShift: 0.207019 energy: -12.0344
MCReject   xShift: 6.81311 crossingAngle: -43.2964 axialRotation: -36.2769 zShift: 0.20375 energy: -11.9652
MCReject   xShift: 6.81311 crossingAngle: -43.2964 axialRotation: -36.3326 zShift: 0.207019 energy: -4.45474
MCReject   xShift: 6.81311 crossingAngle: -43.2964 axialRotation: -36.2769 zShift: 0.215595 energy: -4.92307
MCAccept 57 xShift: 6.81311 crossingAngle: -43.2964 axialRotation: -36.2769 zShift: 0.22116 energy: -12.306
MCReject   xShift: 6.81311 crossingAngle: -43.2964 axialRotation: -36.2769 zShift: 0.214048 energy: -4.86908
MCAccept 58 xShift: 6.80819 crossingAngle: -43.2964 axialRotation: -36.2769 zShift: 0.22116 energy: -12.306
MCReject   xShift: 6.80819 crossingAngle: -43.1515 axialRotation: -36.2769 zShift: 0.22116 energy: -10.6469
MCAccept 59 xShift: 6.80819 crossingAngle: -43.4114 axialRotation: -36.2769 zShift: 0.22116 energy: -12.306
MCReject   xShift: 6.80819 crossingAngle: -43.4114 axialRotation: -36.3158 zShift: 0.22116 energy: -5.11419
MCReject   xShift: 6.80819 crossingAngle: -43.4114 axialRotation: -36.2769 zShift: 0.224116 energy: -10.7193
MCReject   xShift: 6.80819 crossingAngle: -43.4114 axialRotation: -36.5304 zShift: 0.22116 energy: -5.94375
MCReject   xShift: 6.80819 crossingAngle: -43.4114 axialRotation: -36.3493 zShift: 0.22116 energy: -10.6469
MCReject   xShift: 6.80819 crossingAngle: -43.4114 axialRotation: -36.2769 zShift: 0.215409 energy: -4.9166
MCAccept 60 xShift: 6.80819 crossingAngle: -43.4114 axialRotation: -36.1568 zShift: 0.22116 energy: -12.306
MCReject   xShift: 6.80819 crossingAngle: -43.4114 axialRotation: -36.1568 zShift: 0.230059 energy: -5.75827
MCReject   xShift: 6.80819 crossingAngle: -43.2239 axialRotation: -36.1568 zShift: 0.22116 energy: -5.94375
MCReject   xShift: 6.80819 crossingAngle: -43.4353 axialRotation: -36.1568 zShift: 0.22116 energy: -5.11419
MCReject   xShift: 6.80624 crossingAngle: -43.4114 axialRotation: -36.1568 zShift: 0.22116 energy: -10.6469
MCReject   xShift: 6.80819 crossingAngle: -43.3296 axialRotation: -36.1568 zShift: 0.22116 energy: -5.11419
MCReject   xShift: 6.80819 crossingAngle: -43.4114 axialRotation: -35.9952 zShift: 0.22116 energy: -4.50741
MCAccept 61 xShift: 6.80819 crossingAngle: -43.4114 axialRotation: -36.1568 zShift: 0.225391 energy: -12.3786
MCAccept 62 xShift: 6.80819 crossingAngle: -43.3822 axialRotation: -36.1568 zShift: 0.225391 energy: -12.3786
MCReject   xShift: 6.7891 crossingAngle: -43.3822 axialRotation: -36.1568 zShift: 0.225391 energy: -5.09445
MCReject   xShift: 6.80819 crossingAngle: -43.5161 axialRotation: -36.1568 zShift: 0.225391 energy: -10.75
MCReject   xShift: 6.80819 crossingAngle: -43.3822 axialRotation: -36.1568 zShift: 0.226645 energy: -12.2265
MCAccept 63 xShift: 6.80819 crossingAngle: -43.2905 axialRotation: -36.1568 zShift: 0.225391 energy: -12.3786
MCReject   xShift: 6.80819 crossingAngle: -43.2905 axialRotation: -36.1568 zShift: 0.214713 energy: -5.2631
MCAccept 64 xShift: 6.80819 crossingAngle: -43.3078 axialRotation: -36.1568 zShift: 0.225391 energy: -12.3786
MCAccept 65 xShift: 6.80819 crossingAngle: -43.3078 axialRotation: -36.1224 zShift: 0.225391 energy: -12.3786
MCReject   xShift: 6.8273 crossingAngle: -43.3078 axialRotation: -36.1224 zShift: 0.225391 energy: -5.25636
MCReject   xShift: 6.80532 crossingAngle: -43.3078 axialRotation: -36.1224 zShift: 0.225391 energy: -5.63057
MCReject   xShift: 6.80819 crossingAngle: -43.1309 axialRotation: -36.1224 zShift: 0.225391 energy: -5.25636
MCReject   xShift: 6.80819 crossingAngle: -43.3078 axialRotation: -36.1804 zShift: 0.225391 energy: -10.75
MCReject   xShift: 6.80819 crossingAngle: -43.3078 axialRotation: -36.1224 zShift: 0.207275 energy: -4.62846
MCAccept 66 xShift: 6.80819 crossingAngle: -43.3078 axialRotation: -36.2037 zShift: 0.225391 energy: -12.3786
MCReject   xShift: 6.80819 crossingAngle: -43.3346 axialRotation: -36.2037 zShift: 0.225391 energy: -5.25636
MCReject   xShift: 6.80819 crossingAngle: -43.3078 axialRotation: -35.9494 zShift: 0.225391 energy: -5.09445
MCReject   xShift: 6.80819 crossingAngle: -43.3078 axialRotation: -36.2037 zShift: 0.216148 energy: -4.94227
MCReject   xShift: 6.80819 crossingAngle: -43.3078 axialRotation: -36.0675 zShift: 0.225391 energy: -5.25636
MCReject   xShift: 6.80819 crossingAngle: -43.294 axialRotation: -36.2037 zShift: 0.225391 energy: -5.25636
MCReject   xShift: 6.80819 crossingAngle: -43.3141 axialRotation: -36.2037 zShift: 0.225391 energy: -12.2059
MCReject   xShift: 6.80819 crossingAngle: -43.3078 axialRotation: -36.2111 zShift: 0.225391 energy: -12.2059
MCReject   xShift: 6.80819 crossingAngle: -43.3379 axialRotation: -36.2037 zShift: 0.225391 energy: -12.2059
MCReject   xShift: 6.80819 crossingAngle: -43.3078 axialRotation: -36.2037 zShift: 0.207802 energy: -10.3001
MCReject   xShift: 6.80819 crossingAngle: -43.3078 axialRotation: -36.2747 zShift: 0.225391 energy: -5.25636
MCReject   xShift: 6.80819 crossingAngle: -43.3078 axialRotation: -36.2037 zShift: 0.224879 energy: -10.7377
MCReject   xShift: 6.80819 crossingAngle: -43.3078 axialRotation: -36.1072 zShift: 0.225391 energy: -5.25636
MCReject   xShift: 6.80819 crossingAngle: -43.2151 axialRotation: -36.2037 zShift: 0.225391 energy: -10.75
MCReject   xShift: 6.80406 crossingAngle: -43.3078 axialRotation: -36.2037 zShift: 0.225391 energy: -6.25241
MCReject   xShift: 6.80425 crossingAngle: -43.3078 axialRotation: -36.2037 zShift: 0.225391 energy: -4.43362
MCAccept 67 xShift: 6.80819 crossingAngle: -43.3078 axialRotation: -36.2037 zShift: 0.226807 energy: -12.4019
MCAccept 68 xShift: 6.80819 crossingAngle: -43.3078 axialRotation: -36.1344 zShift: 0.226807 energy: -12.4019
MCReject   xShift: 6.7852 crossingAngle: -43.3078 axialRotation: -36.1344 zShift: 0.226807 energy: -10.7838
MCReject   xShift: 6.80819 crossingAngle: -43.3078 axialRotation: -36.1344 zShift: 0.250298 energy: -6.04047
MCReject   xShift: 6.80819 crossingAngle: -43.3078 axialRotation: -36.2135 zShift: 0.226807 energy: -5.30333
MCReject   xShift: 6.80819 crossingAngle: -43.3736 axialRotation: -36.1344 zShift: 0.226807 energy: -12.2292
MCReject   xShift: 6.80819 crossingAngle: -43.4016 axialRotation: -36.1344 zShift: 0.226807 energy: -5.30333
MCAccept 69 xShift: 6.80048 crossingAngle: -43.3078 axialRotation: -36.1344 zShift: 0.226807 energy: -12.4019
MCReject   xShift: 6.80962 crossingAngle: -43.3078 axialRotation: -36.1344 zShift: 0.226807 energy: -5.30333
MCReject   xShift: 6.80048 crossingAngle: -43.3078 axialRotation: -36.1344 zShift: 0.239158 energy: -5.54079
MCReject   xShift: 6.80991 crossingAngle: -43.3078 axialRotation: -36.1344 zShift: 0.226807 energy: -12.2292
MCReject   xShift: 6.7843 crossingAngle: -43.3078 axialRotation: -36.1344 zShift: 0.226807 energy: -6.29964
MCReject   xShift: 6.80048 crossingAngle: -43.2687 axialRotation: -36.1344 zShift: 0.226807 energy: -6.29964
MCAccept 70 xShift: 6.80048 crossingAngle: -43.3078 axialRotation: -36.1472 zShift: 0.226807 energy: -12.4019
MCAccept 71 xShift: 6.80048 crossingAngle: -43.3078 axialRotation: -36.121 zShift: 0.226807 energy: -12.4019
MCAccept 72 xShift: 6.80048 crossingAngle: -43.3078 axialRotation: -36.2014 zShift: 0.226807 energy: -12.4019
MCReject   xShift: 6.80048 crossingAngle: -43.3078 axialRotation: -36.2014 zShift: 0.218448 energy: -12.2574
MCReject   xShift: 6.80048 crossingAngle: -43.3078 axialRotation: -36.2014 zShift: 0.209262 energy: -10.3396
MCReject   xShift: 6.80042 crossingAngle: -43.3078 axialRotation: -36.2014 zShift: 0.226807 energy: -5.30333
MCReject   xShift: 6.80048 crossingAngle: -43.3078 axialRotation: -36.0965 zShift: 0.226807 energy: -6.13473
MCReject   xShift: 6.80048 crossingAngle: -43.3078 axialRotation: -36.0797 zShift: 0.226807 energy: -6.29964
MCReject   xShift: 6.80048 crossingAngle: -43.3078 axialRotation: -36.3825 zShift: 0.226807 energy: -6.29964
MCReject   xShift: 6.80048 crossingAngle: -43.3078 axialRotation: -36.2014 zShift: 0.214879 energy: -4.89813
MCAccept 73 xShift: 6.80048 crossingAngle: -43.3078 axialRotation: -36.1753 zShift: 0.226807 energy: -12.4019
MCReject   xShift: 6.80048 crossingAngle: -43.3078 axialRotation: -36.1753 zShift: 0.229854 energy: -6.40034
MCAccept 74 xShift: 6.80048 crossingAngle: -43.3355 axialRotation: -36.1753 zShift: 0.226807 energy: -12.4019
MCReject   xShift: 6.80048 crossingAngle: -43.3142 axialRotation: -36.1753 zShift: 0.226807 energy: -5.30333
MCReject   xShift: 6.80048 crossingAngle: -43.3355 axialRotation: -36.1753 zShift: 0.210298 energy: -4.73673
MCReject   xShift: 6.79337 crossingAngle: -43.3355 axialRotation: -36.1753 zShift: 0.226807 energy: -12.2292
MCReject   xShift: 6.80048 crossingAngle: -43.3355 axialRotation: -36.1399 zShift: 0.226807 energy: -5.30333
MCReject   xShift: 6.80048 crossingAngle: -43.3355 axialRotation: -36.1654 zShift: 0.226807 energy: -10.7838
MCReject   xShift: 6.80048 crossingAngle: -43.3355 axialRotation: -36.1753 zShift: 0.223068 energy: -12.3392
MCAccept 75 xShift: 6.80772 crossingAngle: -43.3355 axialRotation: -36.1753 zShift: 0.226807 energy: -12.4019
MCAccept 76 xShift: 6.80772 crossingAngle: -43.3355 axialRotation: -36.2288 zShift: 0.226807 energy: -12.4019
MCReject   xShift: 6.80772 crossingAngle: -43.2962 axialRotation: -36.2288 zShift: 0.226807 energy: -5.30333
MCAccept 77 xShift: 6.80772 crossingAngle: -43.3355 axialRotation: -36.2185 zShift: 0.226807 energy: -12.4019
MCReject   xShift: 6.80772 crossingAngle: -43.3355 axialRotation: -35.9995 zShift: 0.226807 energy: -5.30333
MCReject   xShift: 6.80772 crossingAngle: -43.3355 axialRotation: -36.2185 zShift: 0.234796 energy: -6.3969
MCReject   xShift: 6.80772 crossingAngle: -43.3355 axialRotation: -36.2185 zShift: 0.23897 energy: -11.0594
MCAccept 78 xShift: 6.80772 crossingAngle: -43.231 axialRotation: -36.2185 zShift: 0.226807 energy: -12.4019
MCAccept 79 xShift: 6.80772 crossingAngle: -43.231 axialRotation: -36.2618 zShift: 0.226807 energy: -12.4019
MCReject   xShift: 6.80772 crossingAngle: -43.2469 axialRotation: -36.2618 zShift: 0.226807 energy: -12.2292
MCReject   xShift: 6.80772 crossingAngle: -43.231 axialRotation: -36.2618 zShift: 0.217504 energy: -12.2401
MCReject   xShift: 6.80243 crossingAngle: -43.231 axialRotation: -36.2618 zShift: 0.226807 energy: -5.14161
MCReject   xShift: 6.80772 crossingAngle: -43.3782 axialRotation: -36.2618 zShift: 0.226807 energy: -5.14161
MCReject   xShift: 6.80772 crossingAngle: -43.231 axialRotation: -36.2618 zShift: 0.244697 energy: -11.1803
MCReject   xShift: 6.80772 crossingAngle: -43.231 axialRotation: -36.2618 zShift: 0.230883 energy: -6.434
MCReject   xShift: 6.80772 crossingAngle: -43.231 axialRotation: -36.2091 zShift: 0.226807 energy: -4.69744
MCAccept 80 xShift: 6.79894 crossingAngle: -43.231 axialRotation: -36.2618 zShift: 0.226807 energy: -12.4019
MCReject   xShift: 6.79894 crossingAngle: -43.231 axialRotation: -36.2618 zShift: 0.215908 energy: -12.0384
MCReject   xShift: 6.79894 crossingAngle: -43.39 axialRotation: -36.2618 zShift: 0.226807 energy: -5.30333
MCReject   xShift: 6.79894 crossingAngle: -43.0989 axialRotation: -36.2618 zShift: 0.226807 energy: -5.30333
MCReject   xShift: 6.79745 crossingAngle: -43.231 axialRotation: -36.2618 zShift: 0.226807 energy: -5.30333
MCReject   xShift: 6.79894 crossingAngle: -43.231 axialRotation: -36.267 zShift: 0.226807 energy: -10.7838
MCReject   xShift: 6.79894 crossingAngle: -43.2259 axialRotation: -36.2618 zShift: 0.226807 energy: -5.30333
MCReject   xShift: 6.79894 crossingAngle: -43.231 axialRotation: -36.2618 zShift: 0.21747 energy: -12.2395
MCReject   xShift: 6.81179 crossingAngle: -43.231 axialRotation: -36.2618 zShift: 0.226807 energy: -6.13473
MCAccept 81 xShift: 6.79894 crossingAngle: -43.2459 axialRotation: -36.2618 zShift: 0.226807 energy: -12.4019
MCReject   xShift: 6.79894 crossingAngle: -43.2459 axialRotation: -36.3998 zShift: 0.226807 energy: -5.67802
MCReject   xShift: 6.79894 crossingAngle: -43.2459 axialRotation: -36.2618 zShift: 0.211962 energy: -10.4116
MCReject   xShift: 6.79894 crossingAngle: -43.2274 axialRotation: -36.2618 zShift: 0.226807 energy: -12.2292
MCAccept 82 xShift: 6.79894 crossingAngle: -43.2459 axialRotation: -36.1032 zShift: 0.226807 energy: -12.4019
MCReject   xShift: 6.79894 crossingAngle: -43.035 axialRotation: -36.1032 zShift: 0.226807 energy: -5.30333
MCReject   xShift: 6.81108 crossingAngle: -43.2459 axialRotation: -36.1032 zShift: 0.226807 energy: -10.7838
MCAccept 83 xShift: 6.79894 crossingAngle: -43.3223 axialRotation: -36.1032 zShift: 0.226807 energy: -12.4019
MCAccept 84 xShift: 6.79894 crossingAngle: -43.4117 axialRotation: -36.1032 zShift: 0.226807 energy: -12.4019
MCReject   xShift: 6.80669 crossingAngle: -43.4117 axialRotation: -36.1032 zShift: 0.226807 energy: -5.30333
MCReject   xShift: 6.79894 crossingAngle: -43.4117 axialRotation: -36.1329 zShift: 0.226807 energy: -5.14161
MCReject   xShift: 6.79894 crossingAngle: -43.4117 axialRotation: -35.997 zShift: 0.226807 energy: -12.2292
MCReject   xShift: 6.79894 crossingAngle: -43.2907 axialRotation: -36.1032 zShift: 0.226807 energy: -10.7838
MCReject   xShift: 6.79894 crossingAngle: -43.4117 axialRotation: -36.033 zShift: 0.226807 energy: -6.29964
MCReject   xShift: 6.80331 crossingAngle: -43.4117 axialRotation: -36.1032 zShift: 0.226807 energy: -10.7838
MCReject   xShift: 6.79894 crossingAngle: -43.4117 axialRotation: -36.137 zShift: 0.226807 energy: -6.29964
MCReject   xShift: 6.79894 crossingAngle: -43.4117 axialRotation: -36.0915 zShift: 0.226807 energy: -6.13473
MCReject   xShift: 6.79894 crossingAngle: -43.4117 axialRotation: -36.1032 zShift: 0.22065 energy: -5.09685
MCReject   xShift: 6.79894 crossingAngle: -43.4117 axialRotation: -36.0436 zShift: 0.226807 energy: -5.30333
MCReject   xShift: 6.79894 crossingAngle: -43.4837 axialRotation: -36.1032 zShift: 0.226807 energy: -6.13473
MCReject   xShift: 6.8073 crossingAngle: -43.4117 axialRotation: -36.1032 zShift: 0.226807 energy: -5.30333
MCReject   xShift: 6.79894 crossingAngle: -43.4117 axialRotation: -36.0523 zShift: 0.226807 energy: -12.2292
MCReject   xShift: 6.79894 crossingAngle: -43.4117 axialRotation: -35.8673 zShift: 0.226807 energy: -5.30333
MCAccept 85 xShift: 6.79894 crossingAngle: -43.4117 axialRotation: -36.1032 zShift: 0.23503 energy: -12.529
MCReject   xShift: 6.79894 crossingAngle: -43.6237 axialRotation: -36.1032 zShift: 0.23503 energy: -12.3557
MCReject   xShift: 6.79894 crossingAngle: -43.4117 axialRotation: -36.1032 zShift: 0.227597 energy: -5.32943
MCReject   xShift: 6.79894 crossingAngle: -43.4117 axialRotation: -36.0485 zShift: 0.23503 energy: -5.57039
MCReject   xShift: 6.79894 crossingAngle: -43.4117 axialRotation: -36.1032 zShift: 0.216556 energy: -4.79325
MCReject   xShift: 6.79894 crossingAngle: -43.4052 axialRotation: -36.1032 zShift: 0.23503 energy: -12.3557
MCReject   xShift: 6.79894 crossingAngle: -43.4117 axialRotation: -36.1032 zShift: 0.236366 energy: -12.3748
MCReject   xShift: 6.79894 crossingAngle: -43.4573 axialRotation: -36.1032 zShift: 0.23503 energy: -6.56823
MCReject   xShift: 6.82053 crossingAngle: -43.4117 axialRotation: -36.1032 zShift: 0.23503 energy: -5.57039
MCReject   xShift: 6.82351 crossingAngle: -43.4117 axialRotation: -36.1032 zShift: 0.23503 energy: -5.57039
MCReject   xShift: 6.79894 crossingAngle: -43.4626 axialRotation: -36.1032 zShift: 0.23503 energy: -6.40446
MCAccept 86 xShift: 6.80691 crossingAngle: -43.4117 axialRotation: -36.1032 zShift: 0.23503 energy: -12.529
Energy #1: -12.529
***GEOMETRY SHIFT***
xShift;        Before: 6.77381; After: 6.80691
crossingAngle; Before: -43.504; After: -43.4117
axialRotation; Before: -35.4642; After: -36.1032
zShift;        Before: 0.145794; After: 0.23503
Energy;        Before: 3.26531e+06; After: -12.529

Completed all cycles. Accepted 87/286
Monte Carlo repack complete. Time: 74.55min

