***STARTING GEOMETRY:***
xShift: 6.77381
crossingAngle: -43.504
axialRotation: -35.4642
zShift: 0.145794

Number of MCCycles: 200
PrevSequence	CurrSequence	PrevEnergy	CurrEnergy	PrevEntropy	CurrEntropy	CurrentTemp
LLLGTLLTGLLGALLGGLILI	LLLGTLLTGLLGSLLGGLILI	7.88675	8.70563	0.244161	0.642213	999.847
LLLGTLLTGLLGSLLGGLILI	LLLYTLLTGLLGSLLGGLILI	8.86643	7.4243	0.803013	0.176318	999.684
LLLYTLLTGLLGSLLGGLILI	LLLYTLLTGLLGSLLGALILI	8.45865	7.77928	1.21066	0.0820187	999.512
LLLYTLLTGLLGSLLGALILI	LLLTTLLTGLLGSLLGALILI	7.91681	8.88379	0.219549	0.693609	999.328
LLLTTLLTGLLGSLLGALILI	LLLTTLLTGLLGALLGALILI	8.59441	7.99892	0.404229	0.416521	999.134
LLLTTLLTGLLGALLGALILI	LLLTTLLTTLLGALLGALILI	7.85408	-2.88298	0.271676	0.591758	998.928
LLLTTLLTTLLGALLGALILI	LLLYTLLTTLLGALLGALILI	-2.65855	-3.77985	0.816184	0.171816	998.708
LLLYTLLTTLLGALLGALILI	LLLYTLLTTLLGSLLGALILI	-3.53514	-2.9	0.416521	0.404229	998.476
LLLYTLLTTLLGSLLGALILI	LLLYVLLTTLLGSLLGALILI	-2.17577	-2.10483	1.12845	0.0952708	998.229
LLLYVLLTTLLGSLLGALILI	LLLTVLLTTLLGSLLGALILI	-1.98055	-1.07663	0.219549	0.693609	997.967
LLLTVLLTTLLGSLLGALILI	LLLTVLLTTLLGALLGALILI	-1.36601	-2.00106	0.404229	0.416521	997.689
LLLTVLLTTLLGALLGALILI	LLLTYLLTTLLGALLGALILI	-2.22311	-4.00485	0.194474	0.753596	997.394
LLLTYLLTTLLGALLGALILI	LLLTYLLTTLLGALLGGLILI	-4.56083	-2.27964	0.197612	0.745602	997.081
LLLTYLLTTLLGALLGGLILI	LLLTYLLGTLLGALLGGLILI	-2.62507	-3.03394	0.400165	0.420699	996.749
LLLTYLLGTLLGALLGGLILI	LLLTYLLGTLLGALLGALILI	-2.5823	-2.95672	0.872342	0.154044	996.397
LLLTYLLGTLLGALLGALILI	LLLYYLLGTLLGALLGALILI	-2.78204	-3.90141	0.328724	0.505042	996.023
LLLYYLLGTLLGALLGALILI	LLLYYLLYTLLGALLGALILI	-4.13698	-3.6525	0.269472	0.595564	995.626
LLLYYLLYTLLGALLGALILI	LLLYYLLYILLGALLGALILI	-3.63152	-0.193734	0.616541	0.257708	995.205
LLLYYLLYILLGALLGALILI	LLLYYLLTILLGALLGALILI	0.506158	0.914547	0.9576	0.130904	994.758
LLLYYLLTILLGALLGALILI	LLLYTLLTILLGALLGALILI	1.28868	0.156433	0.505042	0.328724	994.285
LLLYTLLTILLGALLGALILI	LLLYTLLTTLLGALLGALILI	-0.073395	-2.84356	0.098896	1.10811	993.782
LLLYTLLTTLLGALLGALILI	LLLYTLLYTLLGALLGALILI	-3.50861	-0.89028	0.443059	0.379341	993.249
LLLYTLLYTLLGALLGALILI	LLLYTLLYTLLGSLLGALILI	-0.8531	-0.205864	0.416521	0.404229	992.683
LLLYTLLYTLLGSLLGALILI	LLLYYLLYTLLGSLLGALILI	-0.372054	-2.93454	0.238039	0.654392	992.084
LLLYYLLYTLLGSLLGALILI	LLLYYLLYTLLGSLLGGLILI	-3.48192	-2.98023	0.107014	1.06535	991.448
LLLYYLLYTLLGSLLGGLILI	LLLYVLLYTLLGSLLGGLILI	-2.76391	-1.63352	1.28166	0.0721588	990.773
LLLYVLLYTLLGSLLGGLILI	LLLYVLLYTLLGSLLGALILI	-0.640331	-1.14203	1.06535	0.107014	990.058
LLLYVLLYTLLGSLLGALILI	LLLYVLLTTLLGSLLGALILI	-0.743999	-1.87137	0.505042	0.328724	989.3
LLLYVLLTTLLGSLLGALILI	LLLTVLLTTLLGSLLGALILI	-1.98055	-1.07663	0.219549	0.693609	988.496
LLLTVLLTTLLGSLLGALILI	LLLTVLLTTLLGALLGALILI	-1.36601	-2.00106	0.404229	0.416521	987.644
LLLTVLLTTLLGALLGALILI	LLLTVLLTTLLGALLGGLILI	-2.21997	-2.01585	0.197612	0.745602	986.74
LLLTVLLTTLLGALLGGLILI	LLLTYLLTTLLGALLGGLILI	-2.56698	-4.34872	0.194474	0.753596	985.783
LLLTYLLTTLLGALLGGLILI	LLLTYLLTTLLGSLLGGLILI	-4.85816	-1.8474	0.244161	0.642213	984.769
LLLTYLLTTLLGSLLGGLILI	LLLTYLLTTLLGSLLGALILI	-1.42427	-1.92737	1.06535	0.107014	983.694
LLLTYLLTTLLGSLLGALILI	LLLTYLLGTLLGSLLGALILI	-1.54443	-2.12395	0.489954	0.34018	982.555
LLLTYLLGTLLGSLLGALILI	LLLTYLLGTLLGALLGALILI	-2.0599	-2.69424	0.404229	0.416521	981.348
LLLTYLLGTLLGALLGALILI	LLLYYLLGTLLGALLGALILI	-2.78204	-3.90141	0.328724	0.505042	980.071
LLLYYLLGTLLGALLGALILI	LLLYYLLGTLLGALLGGLILI	-4.25241	-3.87799	0.154044	0.872342	978.717
LLLYYLLGTLLGALLGGLILI	LLLYYLLGTLLGSLLGGLILI	-4.50617	-3.57258	0.244161	0.642213	977.285
LLLYYLLGTLLGSLLGGLILI	LLLYYLLTTLLGSLLGGLILI	-3.65994	-4.60663	0.55485	0.29428	975.768
LLLYYLLTTLLGSLLGGLILI	LLLYYLLGTLLGSLLGGLILI	-4.60663	-3.65994	0.29428	0.55485	974.162
LLLYYLLGTLLGSLLGGLILI	LLLYYLLGTLLGALLGGLILI	-3.57258	-4.50617	0.642213	0.244161	972.463
LLLYYLLGTLLGALLGGLILI	LLLYYLLGTLLGSLLGGLILI	-4.50617	-3.57258	0.244161	0.642213	970.666
LLLYYLLGTLLGSLLGGLILI	LLLYYLLGTLLGALLGGLILI	-3.57258	-4.50617	0.642213	0.244161	968.764
LLLYYLLGTLLGALLGGLILI	LLLYYLLGTLLGALLGALILI	-3.87799	-4.25241	0.872342	0.154044	966.754
LLLYYLLGTLLGALLGALILI	LLLYYLLYTLLGALLGALILI	-4.13698	-3.6525	0.269472	0.595564	964.627
LLLYYLLYTLLGALLGALILI	LLLGYLLYTLLGALLGALILI	-3.6525	-0.99515	0.595564	0.269472	962.38
LLLGYLLYTLLGALLGALILI	LLLGYLLYVLLGALLGALILI	-0.63246	0.81065	0.632162	0.249358	960.005
LLLGYLLYVLLGALLGALILI	LLLGYLLTVLLGALLGALILI	1.33484	-0.397856	0.773553	0.186892	957.496
LLLGYLLTVLLGALLGALILI	LLLGYLLTVLLGSLLGALILI	-0.168227	0.387294	0.416521	0.404229	954.846
LLLGYLLTVLLGSLLGALILI	LLLYYLLTVLLGSLLGALILI	0.351942	1.76556	0.368877	0.454934	952.048
LLLYYLLTVLLGSLLGALILI	LLLYYLLTTLLGSLLGALILI	1.44834	-1.43188	0.137712	0.930859	949.095
LLLYYLLTTLLGSLLGALILI	LLLYYLLGTLLGSLLGALILI	-1.99581	-3.30257	0.366931	0.457192	945.979
LLLYYLLGTLLGSLLGALILI	LLLYYLLGTLLGALLGALILI	-3.35553	-3.98993	0.404229	0.416521	942.693
LLLYYLLGTLLGALLGALILI	LLLYYLLGTLLGSLLGALILI	-3.98993	-3.35553	0.416521	0.404229	939.229
LLLYYLLGTLLGSLLGALILI	LLLYYLLYTLLGSLLGALILI	-3.49029	-2.99337	0.269472	0.595564	935.578
LLLYYLLYTLLGSLLGALILI	LLLYYLLYTLLGSLLGGLILI	-3.48192	-2.98023	0.107014	1.06535	931.732
LLLYYLLYTLLGSLLGGLILI	LLLYYLLTTLLGSLLGGLILI	-3.39118	-4.66287	0.654392	0.238039	927.683
LLLYYLLTTLLGSLLGGLILI	LLLTYLLTTLLGSLLGGLILI	-4.52157	-4.12363	0.379341	0.443059	923.422
LLLTYLLTTLLGSLLGGLILI	LLLTYLLTTLLGSLLGALILI	-3.50135	-1.92737	1.06535	0.107014	918.939
LLLTYLLTTLLGSLLGALILI	LLLGYLLTTLLGSLLGALILI	-1.54443	-3.34433	0.489954	0.34018	914.227
LLLGYLLTTLLGSLLGALILI	LLLYYLLTTLLGSLLGALILI	-3.31563	-1.90781	0.368877	0.454934	909.276
LLLYYLLTTLLGSLLGALILI	LLLWYLLTTLLGSLLGALILI	-1.91155	-1.79387	0.451187	0.372136	904.077
LLLWYLLTTLLGSLLGALILI	LLLWYLLTVLLGSLLGALILI	-1.23515	1.64024	0.930859	0.137712	898.621
LLLWYLLTVLLGSLLGALILI	LLLWYLLTVLLGSLLGGLILI	1.60954	2.10734	0.107014	1.06535	892.899
LLLWYLLTVLLGSLLGGLILI	LLLWTLLTVLLGSLLGGLILI	1.34681	2.74279	0.30482	0.538845	886.903
LLLWTLLTVLLGSLLGGLILI	LLLWTLLYVLLGSLLGGLILI	2.74279	4.21434	0.538845	0.30482	880.623
LLLWTLLYVLLGSLLGGLILI	LLLWTLLTVLLGSLLGGLILI	4.21434	2.74279	0.30482	0.538845	874.051
LLLWTLLTVLLGSLLGGLILI	LLLWYLLTVLLGSLLGGLILI	2.74279	1.34681	0.538845	0.30482	867.179
LLLWYLLTVLLGSLLGGLILI	LLLWYLLTTLLGSLLGGLILI	1.1797	-1.69069	0.137712	0.930859	859.999
LLLWYLLTTLLGSLLGGLILI	LLLWYLLGTLLGSLLGGLILI	-2.32727	-1.63181	0.29428	0.55485	852.504
LLLWYLLGTLLGSLLGGLILI	LLLWYLLTTLLGSLLGGLILI	-1.63181	-2.32727	0.55485	0.29428	844.686
LLLWYLLTTLLGSLLGGLILI	LLLTYLLTTLLGSLLGGLILI	-2.2783	-2.00359	0.343253	0.48602	836.541
LLLTYLLTTLLGSLLGGLILI	LLLTYLLTILLGSLLGGLILI	-1.38151	-0.475029	1.10811	0.098896	828.061
LLLTYLLTILLGSLLGGLILI	LLLTYLLTILLGALLGGLILI	0.0682879	-1.06504	0.642213	0.244161	819.243
LLLTYLLTILLGALLGGLILI	LLLTYLLTVLLGALLGGLILI	-0.886751	-0.954225	0.42245	0.398479	810.083
LLLTYLLTVLLGALLGGLILI	LLLTYLLTTLLGALLGGLILI	-1.25743	-1.89679	0.0952708	1.12845	800.577
LLLTYLLTTLLGALLGGLILI	LLLTYLLGTLLGALLGGLILI	-2.62507	-3.03394	0.400165	0.420699	790.724
LLLTYLLGTLLGALLGGLILI	LLLTYLLTTLLGALLGGLILI	-3.03394	-2.62507	0.420699	0.400165	780.523
LLLTYLLTTLLGALLGGLILI	LLLTYLLGTLLGALLGGLILI	-2.62507	-3.03394	0.400165	0.420699	769.974
LLLTYLLGTLLGALLGGLILI	LLLTYLLTTLLGALLGGLILI	-3.03394	-2.62507	0.420699	0.400165	759.081
LLLTYLLTTLLGALLGGLILI	LLLTYLLGTLLGALLGGLILI	-2.62507	-3.03394	0.400165	0.420699	747.845
LLLTYLLGTLLGALLGGLILI	LLLTYLLGTLLGALLGALILI	-2.5823	-2.95672	0.872342	0.154044	736.272
LLLTYLLGTLLGALLGALILI	LLLTYLLGTLLGSLLGALILI	-2.69424	-2.0599	0.416521	0.404229	724.369
LLLTYLLGTLLGSLLGALILI	LLLTYLLTTLLGSLLGALILI	-2.12395	-3.62151	0.34018	0.489954	712.142
LLLTYLLTTLLGSLLGALILI	LLLTYLLTTLLGALLGALILI	-3.70724	-4.16834	0.404229	0.416521	699.602
LLLTYLLTTLLGALLGALILI	LLLTTLLTTLLGALLGALILI	-4.41305	-2.65855	0.171816	0.816184	686.76
LLLTTLLTTLLGALLGALILI	LLLYTLLTTLLGALLGALILI	-2.65855	-3.77985	0.816184	0.171816	673.628
LLLYTLLTTLLGALLGALILI	LLLTTLLTTLLGALLGALILI	-3.77985	-2.65855	0.171816	0.816184	660.222
LLLTTLLTTLLGALLGALILI	LLLYTLLTTLLGALLGALILI	-2.65855	-3.77985	0.816184	0.171816	646.557
LLLYTLLTTLLGALLGALILI	LLLYTLLTTLLGALLGGLILI	-3.75405	-3.54994	0.197612	0.745602	632.651
LLLYTLLTTLLGALLGGLILI	LLLYYLLTTLLGALLGGLILI	-3.85248	-4.89045	0.443059	0.379341	618.524
LLLYYLLTTLLGALLGGLILI	LLLYYLLGTLLGALLGGLILI	-4.97551	-4.19548	0.29428	0.55485	604.196
LLLYYLLGTLLGALLGGLILI	LLLYYLLYTLLGALLGGLILI	-4.41277	-4.09886	0.337561	0.493345	589.688
LLLYYLLYTLLGALLGGLILI	LLLWYLLYTLLGALLGGLILI	-4.00108	-3.00012	0.591129	0.272043	575.025
LLLWYLLYTLLGALLGGLILI	LLLWVLLYTLLGALLGGLILI	-2.19752	-0.936438	1.07465	0.105187	560.23
LLLWVLLYTLLGALLGGLILI	LLLWTLLYTLLGALLGGLILI	-0.903913	0.53666	0.137712	0.930859	545.329
LLLWTLLYTLLGALLGGLILI	LLLWTLLYTLLGALLGALILI	0.351404	0.147564	0.745602	0.197612	530.348
LLLWTLLYTLLGALLGALILI	LLLWTLLTTLLGALLGALILI	0.1695	-0.902772	0.219549	0.693609	515.312
LLLWTLLTTLLGALLGALILI	LLLWTLLTTLLGALLGGLILI	-1.39877	-1.19466	0.197612	0.745602	500.25
LLLWTLLTTLLGALLGGLILI	LLLYTLLTTLLGALLGGLILI	-1.34139	-4.02797	0.598868	0.267575	485.188
LLLYTLLTTLLGALLGGLILI	LLLYVLLTTLLGALLGGLILI	-3.16709	-3.0961	1.12845	0.0952708	470.152
LLLYVLLTTLLGALLGGLILI	LLLYTLLTTLLGALLGGLILI	-3.0961	-3.16709	0.0952708	1.12845	455.171
LLLYTLLTTLLGALLGGLILI	LLLYTLLTTLLGSLLGGLILI	-4.05138	-3.11724	0.244161	0.642213	440.27
LLLYTLLTTLLGSLLGGLILI	LLLYTLLTTLLGALLGGLILI	-3.11724	-4.05138	0.642213	0.244161	425.475
LLLYTLLTTLLGALLGGLILI	LLLYVLLTTLLGALLGGLILI	-3.16709	-3.0961	1.12845	0.0952708	410.812
LLLYVLLTTLLGALLGGLILI	LLLYVLLYTLLGALLGGLILI	-2.86265	-1.74763	0.328724	0.505042	396.304
LLLYVLLYTLLGALLGGLILI	LLLYVLLTTLLGALLGGLILI	-1.74763	-2.86265	0.505042	0.328724	381.976
LLLYVLLTTLLGALLGGLILI	LLLYVLLTTLLGALLGALILI	-2.44577	-2.64988	0.745602	0.197612	367.849
LLLYVLLTTLLGALLGALILI	LLLYVLLTTLLGSLLGALILI	-2.43098	-1.79587	0.416521	0.404229	353.943
LLLYVLLTTLLGSLLGALILI	LLLYVLLTTLLGALLGALILI	-1.79587	-2.43098	0.404229	0.416521	340.278
LLLYVLLTTLLGALLGALILI	LLLYVLLTTLLGALLGGLILI	-2.64988	-2.44577	0.197612	0.745602	326.872
LLLYVLLTTLLGALLGGLILI	LLLYTLLTTLLGALLGGLILI	-3.0961	-3.16709	0.0952708	1.12845	313.74
LLLYTLLTTLLGALLGGLILI	LLLYVLLTTLLGALLGGLILI	-3.16709	-3.0961	1.12845	0.0952708	300.898
LLLYVLLTTLLGALLGGLILI	LLLTVLLTTLLGALLGGLILI	-2.97183	-2.06785	0.219549	0.693609	288.358
LLLTVLLTTLLGALLGGLILI	LLLYVLLTTLLGALLGGLILI	-2.06785	-2.97183	0.693609	0.219549	276.131
LLLYVLLTTLLGALLGGLILI	LLLYVLLTTLLGALLGALILI	-2.44577	-2.64988	0.745602	0.197612	264.228
LLLYVLLTTLLGALLGALILI	LLLYYLLTTLLGALLGALILI	-2.74231	-4.01807	0.105187	1.07465	252.655
LLLYYLLTTLLGALLGALILI	LLLGYLLTTLLGALLGALILI	-4.63779	-3.96261	0.454934	0.368877	209.776
LLLGYLLTTLLGALLGALILI	LLLYYLLTTLLGALLGALILI	-3.96261	-2.55485	0.368877	0.454934	199.923
LLLYYLLTTLLGALLGALILI	LLLYYLLGTLLGALLGALILI	-2.64285	-3.94926	0.366931	0.457192	190.417
LLLYYLLGTLLGALLGALILI	LLLYYLLGTLLGALLGGLILI	-4.25241	-3.87799	0.154044	0.872342	181.257
LLLYYLLGTLLGALLGGLILI	LLLYYLLGTLLGALLGALILI	-3.87799	-4.25241	0.872342	0.154044	172.439
LLLYYLLGTLLGALLGALILI	LLLYYLLTTLLGALLGALILI	-3.94926	-4.72579	0.457192	0.366931	163.959
LLLYYLLTTLLGALLGALILI	LLLTYLLTTLLGALLGALILI	-4.71338	-4.31538	0.379341	0.443059	147.996
LLLTYLLTTLLGALLGALILI	LLLYYLLTTLLGALLGALILI	-4.31538	-4.71338	0.443059	0.379341	126.449
LLLYYLLTTLLGALLGALILI	LLLYYLLTTLLGALLGGLILI	-4.89511	-4.691	0.197612	0.745602	64.9219
LLLYYLLTTLLGALLGGLILI	LLLYYLLTTLLGALLGALILI	-4.691	-4.89511	0.745602	0.197612	57.8066
Time: 296s
