***STARTING GEOMETRY:***
xShift: 6.93666
crossingAngle: -41.6624
axialRotation: -74.2355
zShift: 4.47289

Number of MCCycles: 200
PrevSequence	CurrSequence	PrevEnergy	CurrEnergy	PrevEntropy	CurrEntropy	CurrentTemp
LLLTWLLGTLLGTLLSTLILI	LLLTWLLGTLLGTLLGTLILI	-17.2842	-18.9931	0.19415	0.754431	999.847
LLLTWLLGTLLGTLLGTLILI	LLLTWLLGTLLGTLLGYLILI	-18.9313	-18.6799	0.816184	0.171816	999.512
LLLTWLLGTLLGTLLGYLILI	LLLTWLLGTLLGTLLGTLILI	-18.6799	-18.9313	0.171816	0.816184	999.328
LLLTWLLGTLLGTLLGTLILI	LLLTWLLGTLLGTLLGYLILI	-18.9313	-18.816	0.816184	0.171816	999.134
LLLTWLLGTLLGTLLGYLILI	LLLTWLLGTLLGLLLGYLILI	-17.9476	-16.2009	1.04019	0.112128	998.928
LLLTWLLGTLLGLLLGYLILI	LLLTWLLGTLLGLLLGTLILI	-16.0935	-16.3081	0.219549	0.693609	998.708
LLLTWLLGTLLGLLLGTLILI	LLLYWLLGTLLGLLLGTLILI	-16.3081	-15.0526	0.693609	0.219549	998.476
LLLYWLLGTLLGLLLGTLILI	LLLYWLLGTLLGLLLATLILI	-14.2068	-10.002	1.06535	0.107014	998.229
LLLYWLLGTLLGLLLATLILI	LLLYYLLGTLLGLLLATLILI	-9.73687	-15.3494	0.372136	0.451187	997.967
LLLYYLLGTLLGLLLATLILI	LLLYFLLGTLLGLLLATLILI	-14.8478	-10.431	0.952787	0.132101	997.689
LLLYFLLGTLLGLLLATLILI	LLLYFLLGTLLGTLLATLILI	-10.451	-12.4	0.112128	1.04019	997.394
LLLYFLLGTLLGTLLATLILI	LLLWFLLGTLLGTLLATLILI	-13.1727	-12.7698	0.267575	0.598868	997.081
LLLWFLLGTLLGTLLATLILI	LLLWFLLGTLLGTLLGTLILI	-13.2617	-17.3103	0.107014	1.06535	996.749
LLLWFLLGTLLGTLLGTLILI	LLLWFLLGTLLGTLLGYLILI	-17.6821	-17.3962	0.693609	0.219549	996.397
LLLWFLLGTLLGTLLGYLILI	LLLWFLLGTLLGTLLGTLILI	-17.3962	-17.6821	0.219549	0.693609	996.023
LLLWFLLGTLLGTLLGTLILI	LLLYFLLGTLLGTLLGTLILI	-17.7768	-18.2702	0.598868	0.267575	995.626
LLLYFLLGTLLGTLLGTLILI	LLLWFLLGTLLGTLLGTLILI	-18.2702	-17.7768	0.267575	0.598868	995.205
LLLWFLLGTLLGTLLGTLILI	LLLWWLLGTLLGTLLGTLILI	-18.2966	-16.366	0.0790506	1.23103	994.758
LLLWWLLGTLLGTLLGTLILI	LLLWYLLGTLLGTLLGTLILI	-16.7066	-22.7227	0.890414	0.148778	994.285
LLLWYLLGTLLGTLLGTLILI	LLLYYLLGTLLGTLLGTLILI	-22.4993	-22.299	0.372136	0.451187	993.782
LLLYYLLGTLLGTLLGTLILI	LLLYYLLGTLLGTLLGYLILI	-22.4214	-22.5092	0.328724	0.505042	993.249
LLLYYLLGTLLGTLLGYLILI	LLLYYLLGTLLGTLLGFLILI	-21.8622	-21.983	1.15198	0.0912572	992.683
LLLYYLLGTLLGTLLGFLILI	LLLWYLLGTLLGTLLGFLILI	-21.623	-20.5682	0.451187	0.372136	992.084
LLLWYLLGTLLGTLLGFLILI	LLLYYLLGTLLGTLLGFLILI	-20.5682	-21.623	0.372136	0.451187	990.058
LLLYYLLGTLLGTLLGFLILI	LLLYYLLGTLLGTLLGTLILI	-21.9543	-22.7693	0.119894	1.0043	989.3
LLLYYLLGTLLGTLLGTLILI	LLLWYLLGTLLGTLLGTLILI	-23.3224	-22.4993	0.451187	0.372136	987.644
LLLWYLLGTLLGTLLGTLILI	LLLWYLLGTLLGVLLGTLILI	-21.743	-19.3538	1.12845	0.0952708	985.783
LLLWYLLGTLLGVLLGTLILI	LLLYYLLGTLLGVLLGTLILI	-19.077	-19.2302	0.372136	0.451187	984.769
LLLYYLLGTLLGVLLGTLILI	LLLGYLLGTLLGVLLGTLILI	-19.3117	-18.4461	0.369715	0.453966	983.694
LLLGYLLGTLLGVLLGTLILI	LLLYYLLGTLLGVLLGTLILI	-18.4461	-19.9921	0.453966	0.369715	982.555
LLLYYLLGTLLGVLLGTLILI	LLLYYLLGTLLGFLLGTLILI	-20.0212	-20.2854	0.340616	0.489394	981.348
LLLYYLLGTLLGFLLGTLILI	LLLYYLLGVLLGFLLGTLILI	-19.8439	-16.8313	0.930859	0.137712	980.071
LLLYYLLGVLLGFLLGTLILI	LLLYYLLGVLLGTLLGTLILI	-16.7972	-19.4098	0.171816	0.816184	978.717
LLLYYLLGVLLGTLLGTLILI	LLLYYLLGVLLGTLLGFLILI	-19.4098	-18.1321	0.816184	0.171816	977.285
LLLYYLLGVLLGTLLGFLILI	LLLYYLLGVLLGTLLGTLILI	-18.1321	-19.2524	0.171816	0.816184	975.768
LLLYYLLGVLLGTLLGTLILI	LLLYYLLGTLLGTLLGTLILI	-19.9734	-22.8013	0.0952708	1.12845	974.162
LLLYYLLGTLLGTLLGTLILI	LLLYYLLGTLLGTLLATLILI	-22.8644	-18.6697	1.06535	0.107014	972.463
LLLYYLLGTLLGTLLATLILI	LLLYYLLGTLLGTLLGTLILI	-18.6697	-22.94	0.107014	1.06535	970.666
LLLYYLLGTLLGTLLGTLILI	LLLYYLLGTLLGTLLGFLILI	-23.001	-21.8787	1.0043	0.119894	968.764
LLLYYLLGTLLGTLLGFLILI	LLLWYLLGTLLGTLLGFLILI	-21.5474	-19.5759	0.451187	0.372136	966.754
LLLWYLLGTLLGTLLGFLILI	LLLWYLLGTLLGTLLGYLILI	-19.8159	-21.212	0.132101	0.952787	964.627
LLLWYLLGTLLGTLLGYLILI	LLLWYLLGTLLGTLLGTLILI	-21.7854	-21.3837	0.379341	0.443059	962.38
LLLWYLLGTLLGTLLGTLILI	LLLWYLLGTLLGTLLGFLILI	-20.8225	-19.8282	1.0043	0.119894	960.005
LLLWYLLGTLLGTLLGFLILI	LLLAYLLGTLLGTLLGFLILI	-18.8768	-17.9683	1.0712	0.105861	957.496
LLLAYLLGTLLGTLLGFLILI	LLLAYLLGTLLGTLLGWLILI	-17.9253	-17.7252	0.148778	0.890414	954.846
LLLAYLLGTLLGTLLGWLILI	LLLYYLLGTLLGTLLGWLILI	-18.5219	-18.9654	0.0936181	1.13801	952.048
LLLYYLLGTLLGTLLGWLILI	LLLWYLLGTLLGTLLGWLILI	-19.8359	-20.8829	0.267575	0.598868	945.979
LLLWYLLGTLLGTLLGWLILI	LLLYYLLGTLLGTLLGWLILI	-20.8829	-19.6091	0.598868	0.267575	939.229
LLLYYLLGTLLGTLLGWLILI	LLLGYLLGTLLGTLLGWLILI	-19.5069	-17.2107	0.369715	0.453966	935.578
LLLGYLLGTLLGTLLGWLILI	LLLYYLLGTLLGTLLGWLILI	-17.2107	-19.663	0.453966	0.369715	931.732
LLLYYLLGTLLGTLLGWLILI	LLLGYLLGTLLGTLLGWLILI	-19.663	-20.4786	0.369715	0.453966	927.683
LLLGYLLGTLLGTLLGWLILI	LLLGYLLGTLLGTLLGTLILI	-20.5893	-21.7142	0.343253	0.48602	923.422
LLLGYLLGTLLGTLLGTLILI	LLLYYLLGTLLGTLLGTLILI	-21.7463	-23.5648	0.453966	0.369715	918.939
LLLYYLLGTLLGTLLGTLILI	LLLGYLLGTLLGTLLGTLILI	-23.5648	-21.8683	0.369715	0.453966	914.227
LLLGYLLGTLLGTLLGTLILI	LLLGYLLGTLLGVLLGTLILI	-21.1938	-18.8048	1.12845	0.0952708	898.621
LLLGYLLGTLLGVLLGTLILI	LLLYYLLGTLLGVLLGTLILI	-18.4461	-19.9921	0.453966	0.369715	886.903
LLLYYLLGTLLGVLLGTLILI	LLLYYLLGTLLGTLLGTLILI	-20.2665	-22.6558	0.0952708	1.12845	874.051
LLLYYLLGTLLGTLLGTLILI	LLLWYLLGTLLGTLLGTLILI	-23.333	-22.5519	0.451187	0.372136	852.504
LLLWYLLGTLLGTLLGTLILI	LLLWYLLGTLLGTLLGWLILI	-22.6325	-19.6634	0.291546	0.559121	836.541
LLLWYLLGTLLGTLLGWLILI	LLLYYLLGTLLGTLLGWLILI	-19.6236	-20.8677	0.598868	0.267575	828.061
LLLYYLLGTLLGTLLGWLILI	LLLYYLLGTLLGTLLGTLILI	-20.792	-23.2876	0.343253	0.48602	810.083
LLLYYLLGTLLGTLLGTLILI	LLLYYLLGTLLGLLLGTLILI	-22.7334	-21.0811	1.04019	0.112128	790.724
LLLYYLLGTLLGLLLGTLILI	LLLYYLLGTLLGTLLGTLILI	-21.0811	-22.7334	0.112128	1.04019	780.523
LLLYYLLGTLLGTLLGTLILI	LLLYFLLGTLLGTLLGTLILI	-22.8208	-18.3151	0.952787	0.132101	759.081
LLLYFLLGTLLGTLLGTLILI	LLLYWLLGTLLGTLLGTLILI	-18.2984	-17.1277	0.148778	0.890414	747.845
LLLYWLLGTLLGTLLGTLILI	LLLYWLLGTLLGTLLATLILI	-16.9528	-12.9772	1.06535	0.107014	736.272
LLLYWLLGTLLGTLLATLILI	LLLTWLLGTLLGTLLATLILI	-12.9124	-13.7604	0.171816	0.816184	724.369
LLLTWLLGTLLGTLLATLILI	LLLTWLLGTLLGLLLATLILI	-13.3922	-11.6764	1.18439	0.0860236	712.142
LLLTWLLGTLLGLLLATLILI	LLLTWLLGTLLGLLLGTLILI	-11.6554	-15.9364	0.107014	1.06535	686.76
LLLTWLLGTLLGLLLGTLILI	LLLYWLLGTLLGLLLGTLILI	-16.3081	-15.0526	0.693609	0.219549	673.628
LLLYWLLGTLLGLLLGTLILI	LLLYYLLGTLLGLLLGTLILI	-14.9	-20.8176	0.372136	0.451187	660.222
LLLYYLLGTLLGLLLGTLILI	LLLYYLLGTLLGTLLGTLILI	-21.1567	-22.8895	0.112128	1.04019	646.557
LLLYYLLGTLLGTLLGTLILI	LLLYYLLGTLLGTLLGFLILI	-22.9254	-21.8787	1.0043	0.119894	575.025
LLLYYLLGTLLGTLLGFLILI	LLLYYLLGTLLGTLLGTLILI	-21.8787	-22.9254	0.119894	1.0043	560.23
LLLYYLLGTLLGTLLGTLILI	LLLGYLLGTLLGTLLGTLILI	-23.56	-19.1912	0.369715	0.453966	545.329
LLLGYLLGTLLGTLLGTLILI	LLLYYLLGTLLGTLLGTLILI	-19.1912	-22.484	0.453966	0.369715	530.348
LLLYYLLGTLLGTLLGTLILI	LLLYYLLGTLLGTLLATLILI	-21.7884	-18.8908	1.06535	0.107014	500.25
LLLYYLLGTLLGTLLATLILI	LLLYYLLGTLLGTLLAYLILI	-18.6691	-17.8899	0.328724	0.505042	485.188
LLLYYLLGTLLGTLLAYLILI	LLLYYLLGTLLGTLLGYLILI	-18.288	-21.9595	0.107014	1.06535	470.152
LLLYYLLGTLLGTLLGYLILI	LLLYYLLGTLLGTLLGTLILI	-22.5198	-22.525	0.505042	0.328724	455.171
LLLYYLLGTLLGTLLGTLILI	LLLYYLLGTLLGTLLGFLILI	-21.8494	-21.9543	1.0043	0.119894	440.27
LLLYYLLGTLLGTLLGFLILI	LLLYYLLGTLLGTLLGTLILI	-21.9543	-22.7693	0.119894	1.0043	410.812
LLLYYLLGTLLGTLLGTLILI	LLLYYLLGTLLGTLLGFLILI	-22.7693	-21.8836	1.0043	0.119894	396.304
LLLYYLLGTLLGTLLGFLILI	LLLYYLLGTLLGTLLGYLILI	-21.9122	-22.094	0.0912572	1.15198	367.849
LLLYYLLGTLLGTLLGYLILI	LLLYYLLGTLLGTLLGFLILI	-22.094	-21.9074	1.15198	0.0912572	300.898
LLLYYLLGTLLGTLLGFLILI	LLLYYLLGTLLGTLLGYLILI	-21.9074	-22.0184	0.0912572	1.15198	276.131
LLLYYLLGTLLGTLLGYLILI	LLLYYLLGTLLGTLLGTLILI	-22.6653	-23.6766	0.505042	0.328724	264.228
LLLYYLLGTLLGTLLGTLILI	LLLYYLLGTLLGTLLGYLILI	-23.6766	-22.6653	0.328724	0.505042	209.776
LLLYYLLGTLLGTLLGYLILI	LLLWYLLGTLLGTLLGYLILI	-22.5793	-21.8927	0.591129	0.272043	199.923
LLLWYLLGTLLGTLLGYLILI	LLLYYLLGTLLGTLLGYLILI	-21.8927	-22.5793	0.272043	0.591129	181.257
LLLYYLLGTLLGTLLGYLILI	LLLYYLLGTLLGTLLGTLILI	-22.6653	-23.4555	0.505042	0.328724	172.439
LLLYYLLGTLLGTLLGTLILI	LLLYYLLGTLLGTLLGYLILI	-23.4555	-22.6653	0.328724	0.505042	163.959
LLLYYLLGTLLGTLLGYLILI	LLLYYLLGTLLGTLLGTLILI	-22.6653	-23.601	0.505042	0.328724	155.814
Time: 597s
