***STARTING GEOMETRY:***
xShift: 6.93
crossingAngle: -41.72
axialRotation: -74.47
zShift: 4.48

Number of MCCycles: 200
PrevSequence	CurrSequence	PrevEnergy	CurrEnergy	PrevEntropy	CurrEntropy	CurrentTemp
LLLTWLLGTLLGTLLSTLILI	LLLTWLLGTLLGTLLSYLILI	-16.6714	-23.3726	0.816184	0.171816	999.847
LLLTWLLGTLLGTLLSYLILI	LLLTWLLGTLLGTLLSTLILI	-23.3726	-23.3105	0.171816	0.816184	999.684
LLLTWLLGTLLGTLLSTLILI	LLLTWLLGVLLGTLLSTLILI	-22.8504	-19.7581	1.27634	0.0728516	999.512
LLLTWLLGVLLGTLLSTLILI	LLLTWLLGVLLGTLLSYLILI	-19.1374	-18.9027	0.693609	0.219549	999.328
LLLTWLLGVLLGTLLSYLILI	LLLTFLLGVLLGTLLSYLILI	-18.2319	-16.6003	0.890414	0.148778	999.134
LLLTFLLGVLLGTLLSYLILI	LLLTFLLGTLLGTLLSYLILI	-16.6538	-19.2583	0.0952708	1.12845	998.928
LLLTFLLGTLLGTLLSYLILI	LLLTFLLGTLLGTLLSTLILI	-20.2149	-20.1528	0.171816	0.816184	998.708
LLLTFLLGTLLGTLLSTLILI	LLLTWLLGTLLGTLLSTLILI	-20.8202	-23.0749	0.148778	0.890414	998.476
LLLTWLLGTLLGTLLSTLILI	LLLTWLLGTLLGLLLSTLILI	-22.7809	-21.1941	1.18439	0.0860236	998.229
LLLTWLLGTLLGLLLSTLILI	LLLYWLLGTLLGLLLSTLILI	-20.5865	-19.413	0.693609	0.219549	997.967
LLLYWLLGTLLGLLLSTLILI	LLLYWLLGTLLGTLLSTLILI	-19.5204	-21.4391	0.112128	1.04019	997.689
LLLYWLLGTLLGTLLSTLILI	LLLTWLLGTLLGTLLSTLILI	-22.3075	-23.3105	0.171816	0.816184	997.394
LLLTWLLGTLLGTLLSTLILI	LLLTWLLGTLLGLLLSTLILI	-22.9423	-21.0327	1.18439	0.0860236	997.081
LLLTWLLGTLLGLLLSTLILI	LLLTWLLGTLLGLLLSYLILI	-20.4251	-20.4125	0.693609	0.219549	996.749
LLLTWLLGTLLGLLLSYLILI	LLLTWLLGTLLGLLLSTLILI	-20.4125	-20.4497	0.219549	0.693609	996.397
LLLTWLLGTLLGLLLSTLILI	LLLTWLLGTLLGTLLSTLILI	-21.0573	-22.9423	0.0860236	1.18439	996.023
LLLTWLLGTLLGTLLSTLILI	LLLTWLLGTLLGTLLSYLILI	-23.3105	-23.2358	0.816184	0.171816	995.626
LLLTWLLGTLLGTLLSYLILI	LLLTWLLGTLLGTLLSTLILI	-23.2358	-23.1737	0.171816	0.816184	995.205
LLLTWLLGTLLGTLLSTLILI	LLLTWLLGTLLGTLLSYLILI	-23.1737	-23.3726	0.816184	0.171816	994.758
LLLTWLLGTLLGTLLSYLILI	LLLTWLLGTLLGTLLSTLILI	-23.3726	-23.1737	0.171816	0.816184	994.285
LLLTWLLGTLLGTLLSTLILI	LLLTWLLGTLLGLLLSTLILI	-22.8055	-21.1941	1.18439	0.0860236	993.782
LLLTWLLGTLLGLLLSTLILI	LLLTWLLGTLLGLLLGTLILI	-21.086	-16.2418	0.19415	0.754431	993.249
LLLTWLLGTLLGLLLGTLILI	LLLTWLLGTLLGLLLGYLILI	-16.3026	-16.0867	0.693609	0.219549	992.683
LLLTWLLGTLLGLLLGYLILI	LLLTFLLGTLLGLLLGYLILI	-15.4158	-13.004	0.890414	0.148778	992.084
LLLTFLLGTLLGLLLGYLILI	LLLTFLLGTLLGTLLGYLILI	-13.0407	-14.704	0.112128	1.04019	991.448
LLLTFLLGTLLGTLLGYLILI	LLLTWLLGTLLGTLLGYLILI	-15.5954	-17.9548	0.148778	0.890414	990.773
LLLTWLLGTLLGTLLGYLILI	LLLTWLLGTLLGTLLGTLILI	-18.6734	-18.9269	0.171816	0.816184	990.058
LLLTWLLGTLLGTLLGTLILI	LLLYWLLGTLLGTLLGTLILI	-18.9269	-17.9239	0.816184	0.171816	989.3
LLLYWLLGTLLGTLLGTLILI	LLLTWLLGTLLGTLLGTLILI	-17.9239	-18.9269	0.171816	0.816184	988.496
LLLTWLLGTLLGTLLGTLILI	LLLTWLLGTLLGTLLGYLILI	-18.9269	-18.8102	0.816184	0.171816	987.644
LLLTWLLGTLLGTLLGYLILI	LLLYWLLGTLLGTLLGYLILI	-18.539	-16.8789	0.443059	0.379341	986.74
LLLYWLLGTLLGTLLGYLILI	LLLTWLLGTLLGTLLGYLILI	-16.8789	-18.539	0.379341	0.443059	985.783
LLLTWLLGTLLGTLLGYLILI	LLLTWLLGVLLGTLLGYLILI	-17.8536	-14.5962	1.12845	0.0952708	984.769
LLLTWLLGVLLGTLLGYLILI	LLLTWLLGVLLGTLLGTLILI	-14.472	-14.5873	0.219549	0.693609	983.694
LLLTWLLGVLLGTLLGTLILI	LLLTWLLGVLLGTLLATLILI	-14.2155	-10.318	1.06535	0.107014	982.555
LLLTWLLGVLLGTLLATLILI	LLLTWLLGVLLGTLLGTLILI	-10.318	-14.3769	0.107014	1.06535	981.348
LLLTWLLGVLLGTLLGTLILI	LLLTWLLGVLLGTLLGYLILI	-14.7486	-14.3352	0.693609	0.219549	980.071
LLLTWLLGVLLGTLLGYLILI	LLLTWLLGTLLGTLLGYLILI	-14.4595	-17.8536	0.0952708	1.12845	978.717
LLLTWLLGTLLGTLLGYLILI	LLLYWLLGTLLGTLLGYLILI	-18.539	-16.8789	0.443059	0.379341	977.285
LLLYWLLGTLLGTLLGYLILI	LLLTWLLGTLLGTLLGYLILI	-16.8789	-18.4022	0.379341	0.443059	975.768
LLLTWLLGTLLGTLLGYLILI	LLLTWLLGTLLGTLLGTLILI	-18.6734	-18.9269	0.171816	0.816184	974.162
LLLTWLLGTLLGTLLGTLILI	LLLYWLLGTLLGTLLGTLILI	-18.9269	-17.8474	0.816184	0.171816	972.463
LLLYWLLGTLLGTLLGTLILI	LLLYWLLGTLLGLLLGTLILI	-16.9791	-15.2365	1.04019	0.112128	970.666
LLLYWLLGTLLGLLLGTLILI	LLLYFLLGTLLGLLLGTLILI	-14.4583	-15.6629	0.890414	0.148778	968.764
LLLYFLLGTLLGLLLGTLILI	LLLYFLLGTLLGTLLGTLILI	-15.6996	-17.511	0.112128	1.04019	966.754
LLLYFLLGTLLGTLLGTLILI	LLLYYLLGTLLGTLLGTLILI	-18.4191	-22.8288	0.132101	0.952787	964.627
LLLYYLLGTLLGTLLGTLILI	LLLYYLLGTLLGTLLGYLILI	-23.4528	-22.6727	0.328724	0.505042	962.38
LLLYYLLGTLLGTLLGYLILI	LLLYYLLGLLLGTLLGYLILI	-22.3286	-17.1155	0.849143	0.161118	960.005
LLLYYLLGLLLGTLLGYLILI	LLLGYLLGLLLGTLLGYLILI	-16.7833	-12.8439	0.493345	0.337561	957.496
LLLGYLLGLLLGTLLGYLILI	LLLGYLLGTLLGTLLGYLILI	-13.0204	-20.6954	0.161118	0.849143	954.846
LLLGYLLGTLLGTLLGYLILI	LLLYYLLGTLLGTLLGYLILI	-21.207	-22.5275	0.337561	0.493345	952.048
LLLYYLLGTLLGTLLGYLILI	LLLYYLLGTLLGLLLGYLILI	-22.1717	-20.3419	0.849143	0.161118	945.979
LLLYYLLGTLLGLLLGYLILI	LLLYYLLGTLLGTLLGYLILI	-20.3419	-22.3205	0.161118	0.849143	942.693
LLLYYLLGTLLGTLLGYLILI	LLLYYLLGTLLGLLLGYLILI	-22.3205	-20.1937	0.849143	0.161118	939.229
LLLYYLLGTLLGLLLGYLILI	LLLYYLLGTLLGLLLGTLILI	-19.7004	-20.1277	0.654392	0.238039	935.578
LLLYYLLGTLLGLLLGTLILI	LLLYYLLGTLLGTLLGTLILI	-20.2536	-22.9638	0.112128	1.04019	931.732
LLLYYLLGTLLGTLLGTLILI	LLLYYLLGTLLGTLLGYLILI	-23.6753	-22.5158	0.328724	0.505042	918.939
LLLYYLLGTLLGTLLGYLILI	LLLYYLLGTLLGTLLGTLILI	-22.5158	-23.6753	0.505042	0.328724	914.227
LLLYYLLGTLLGTLLGTLILI	LLLYYLLGTLLGTLLGYLILI	-23.6753	-22.5158	0.328724	0.505042	909.276
LLLYYLLGTLLGTLLGYLILI	LLLYFLLGTLLGTLLGYLILI	-21.8688	-17.6987	1.15198	0.0912572	904.077
LLLYFLLGTLLGTLLGYLILI	LLLYFLLGTLLGTLLGTLILI	-17.4106	-17.9804	0.379341	0.443059	898.621
LLLYFLLGTLLGTLLGTLILI	LLLYYLLGTLLGTLLGTLILI	-18.2914	-23.0512	0.132101	0.952787	892.899
LLLYYLLGTLLGTLLGTLILI	LLLYYLLGVLLGTLLGTLILI	-22.8756	-19.9521	1.12845	0.0952708	886.903
LLLYYLLGVLLGTLLGTLILI	LLLYYLLGVLLGTLLGYLILI	-19.8093	-18.794	0.238039	0.654392	880.623
LLLYYLLGVLLGTLLGYLILI	LLLYYLLGTLLGTLLGYLILI	-19.3107	-22.2388	0.137712	0.930859	874.051
LLLYYLLGTLLGTLLGYLILI	LLLYYLLGTLLGTLLGTLILI	-22.6646	-23.6016	0.505042	0.328724	867.179
LLLYYLLGTLLGTLLGTLILI	LLLYYLLGTLLGLLLGTLILI	-22.8901	-21.1543	1.04019	0.112128	859.999
LLLYYLLGTLLGLLLGTLILI	LLLYFLLGTLLGLLLGTLILI	-20.3136	-15.6796	0.952787	0.132101	852.504
LLLYFLLGTLLGLLLGTLILI	LLLWFLLGTLLGLLLGTLILI	-15.5441	-15.0448	0.267575	0.598868	836.541
LLLWFLLGTLLGLLLGTLILI	LLLWFLLGTLLGLLLGYLILI	-15.1048	-14.6486	0.538845	0.30482	828.061
LLLWFLLGTLLGLLLGYLILI	LLLWFLLGTLLGTLLGYLILI	-14.7923	-16.7723	0.161118	0.849143	819.243
LLLWFLLGTLLGTLLGYLILI	LLLYFLLGTLLGTLLGYLILI	-17.2493	-17.2429	0.372136	0.451187	810.083
LLLYFLLGTLLGTLLGYLILI	LLLYYLLGTLLGTLLGYLILI	-17.6029	-22.0176	0.0912572	1.15198	800.577
LLLYYLLGTLLGTLLGYLILI	LLLYYLLGTLLGTLLGTLILI	-22.6646	-23.6016	0.505042	0.328724	790.724
LLLYYLLGTLLGTLLGTLILI	LLLYFLLGTLLGTLLGTLILI	-22.9775	-18.4191	0.952787	0.132101	759.081
LLLYFLLGTLLGTLLGTLILI	LLLYFLLGTLLGTLLGYLILI	-18.1081	-17.4106	0.443059	0.379341	736.272
LLLYFLLGTLLGTLLGYLILI	LLLWFLLGTLLGTLLGYLILI	-17.3387	-17.2493	0.451187	0.372136	724.369
LLLWFLLGTLLGTLLGYLILI	LLLYFLLGTLLGTLLGYLILI	-17.2493	-17.211	0.372136	0.451187	712.142
LLLYFLLGTLLGTLLGYLILI	LLLYFLLGTLLGLLLGYLILI	-16.8131	-14.9604	0.849143	0.161118	699.602
LLLYFLLGTLLGLLLGYLILI	LLLYYLLGTLLGLLLGYLILI	-15.0302	-19.3511	0.0912572	1.15198	686.76
LLLYYLLGTLLGLLLGYLILI	LLLAYLLGTLLGLLLGYLILI	-19.1546	-16.5163	1.34845	0.0640271	673.628
LLLAYLLGTLLGLLLGYLILI	LLLAYLLGTLLGTLLGYLILI	-16.4192	-18.3976	0.161118	0.849143	660.222
LLLAYLLGTLLGTLLGYLILI	LLLYYLLGTLLGTLLGYLILI	-19.1827	-21.8212	0.0640271	1.34845	646.557
LLLYYLLGTLLGTLLGYLILI	LLLYYLLGTLLGTLLGTLILI	-22.6646	-23.4584	0.505042	0.328724	618.524
LLLYYLLGTLLGTLLGTLILI	LLLYYLLGTLLGTLLGYLILI	-23.4584	-22.6646	0.328724	0.505042	589.688
LLLYYLLGTLLGTLLGYLILI	LLLYYLLGTLLGTLLGTLILI	-22.6646	-23.6097	0.505042	0.328724	575.025
LLLYYLLGTLLGTLLGTLILI	LLLYYLLGTLLGTLLATLILI	-22.8731	-17.8404	1.06535	0.107014	545.329
LLLYYLLGTLLGTLLATLILI	LLLYYLLGTLLGTLLGTLILI	-17.8404	-21.6628	0.107014	1.06535	515.312
LLLYYLLGTLLGTLLGTLILI	LLLYYLLGTLLGTLLGYLILI	-22.3994	-22.6646	0.328724	0.505042	500.25
LLLYYLLGTLLGTLLGYLILI	LLLYYLLGTLLGTLLGTLILI	-22.6646	-23.4584	0.505042	0.328724	470.152
LLLYYLLGTLLGTLLGTLILI	LLLYYLLGTLLGLLLGTLILI	-22.7469	-21.1543	1.04019	0.112128	455.171
LLLYYLLGTLLGLLLGTLILI	LLLYYLLGTLLGTLLGTLILI	-21.1543	-22.8901	0.112128	1.04019	440.27
LLLYYLLGTLLGTLLGTLILI	LLLYYLLGTLLGTLLGYLILI	-23.6016	-22.6727	0.328724	0.505042	410.812
LLLYYLLGTLLGTLLGYLILI	LLLYYLLGTLLGTLLGTLILI	-22.6727	-23.6753	0.505042	0.328724	367.849
LLLYYLLGTLLGTLLGTLILI	LLLYYLLGTLLGTLLGYLILI	-23.6753	-22.7383	0.328724	0.505042	326.872
LLLYYLLGTLLGTLLGYLILI	LLLYYLLGTLLGTLLGTLILI	-22.7383	-23.6016	0.505042	0.328724	313.74
LLLYYLLGTLLGTLLGTLILI	LLLYYLLGTLLGTLLGFLILI	-22.926	-21.8775	1.0043	0.119894	300.898
LLLYYLLGTLLGTLLGFLILI	LLLYYLLGTLLGFLLGFLILI	-21.4585	-19.8537	0.538845	0.30482	288.358
LLLYYLLGTLLGFLLGFLILI	LLLYYLLGTLLGFLLGYLILI	-19.9882	-19.7087	0.170308	0.820686	276.131
LLLYYLLGTLLGFLLGYLILI	LLLYYLLGTLLGTLLGYLILI	-20.3576	-22.2102	0.171816	0.816184	264.228
LLLYYLLGTLLGTLLGYLILI	LLLYYLLGTLLGTLLGTLILI	-22.5213	-23.6016	0.505042	0.328724	252.655
LLLYYLLGTLLGTLLGTLILI	LLLYYLLGTLLGTLLGFLILI	-22.926	-21.9512	1.0043	0.119894	163.959
LLLYYLLGTLLGTLLGFLILI	LLLYYLLGTLLGTLLGYLILI	-21.9798	-22.0914	0.0912572	1.15198	155.814
LLLYYLLGTLLGTLLGYLILI	LLLYYLLGTLLGTLLGTLILI	-22.7383	-23.6016	0.505042	0.328724	140.501
Time: 500s
