MCAccept 0 xShift: 7.09 crossingAngle: -35.5315 axialRotation: -50.84 zShift: 5.23 energy: 1056.22
MCAccept 1 xShift: 7.09 crossingAngle: -35.5315 axialRotation: -50.8209 zShift: 5.23 energy: 1056.05
MCAccept 2 xShift: 7.10844 crossingAngle: -35.5315 axialRotation: -50.8209 zShift: 5.23 energy: 1056.05
MCAccept 3 xShift: 7.10844 crossingAngle: -35.5315 axialRotation: -50.8209 zShift: 5.22062 energy: 1048.31
MCReject   xShift: 7.10844 crossingAngle: -35.5315 axialRotation: -50.8209 zShift: 5.22671 energy: 1053.3
MCAccept 4 xShift: 7.10844 crossingAngle: -35.5315 axialRotation: -50.8972 zShift: 5.22062 energy: 1048.31
MCAccept 5 xShift: 7.10844 crossingAngle: -35.5315 axialRotation: -50.8972 zShift: 5.21808 energy: 1046.27
MCReject   xShift: 7.10844 crossingAngle: -35.5315 axialRotation: -50.8783 zShift: 5.21808 energy: 1046.44
MCAccept 6 xShift: 7.10844 crossingAngle: -35.5315 axialRotation: -50.8972 zShift: 5.21358 energy: 1042.72
MCAccept 7 xShift: 7.10844 crossingAngle: -35.5315 axialRotation: -50.8972 zShift: 5.17753 energy: 1016.9
MCReject   xShift: 7.10844 crossingAngle: -35.5881 axialRotation: -50.8972 zShift: 5.17753 energy: 1017.07
MCAccept 8 xShift: 7.09845 crossingAngle: -35.5315 axialRotation: -50.8972 zShift: 5.17753 energy: 1016.9
MCAccept 9 xShift: 7.09845 crossingAngle: -35.5315 axialRotation: -50.8716 zShift: 5.17753 energy: 1016.9
MCAccept 10 xShift: 7.09845 crossingAngle: -35.5315 axialRotation: -50.8808 zShift: 5.17753 energy: 1016.9
MCAccept 11 xShift: 7.09845 crossingAngle: -35.5315 axialRotation: -50.8808 zShift: 5.1696 energy: 1011.82
MCAccept 12 xShift: 7.09845 crossingAngle: -35.5315 axialRotation: -50.9309 zShift: 5.1696 energy: 1011.82
MCAccept 13 xShift: 7.09845 crossingAngle: -35.5101 axialRotation: -50.9309 zShift: 5.1696 energy: 1011.82
MCAccept 14 xShift: 7.09845 crossingAngle: -35.5101 axialRotation: -51.07 zShift: 5.1696 energy: 1011.82
MCReject   xShift: 7.09845 crossingAngle: -35.5101 axialRotation: -50.9229 zShift: 5.1696 energy: 1011.98
MCAccept 15 xShift: 7.09845 crossingAngle: -35.5101 axialRotation: -51.07 zShift: 5.16931 energy: 1011.8
MCAccept 16 xShift: 7.09845 crossingAngle: -35.5101 axialRotation: -51.107 zShift: 5.16931 energy: 1011.64
MCAccept 17 xShift: 7.09845 crossingAngle: -35.5101 axialRotation: -50.9695 zShift: 5.16931 energy: 1011.64
MCAccept 18 xShift: 7.10262 crossingAngle: -35.5101 axialRotation: -50.9695 zShift: 5.16931 energy: 1011.64
MCAccept 19 xShift: 7.10262 crossingAngle: -35.5101 axialRotation: -50.9187 zShift: 5.16931 energy: 1011.64
MCAccept 20 xShift: 7.10577 crossingAngle: -35.5101 axialRotation: -50.9187 zShift: 5.16931 energy: 1011.64
MCReject   xShift: 7.10577 crossingAngle: -35.5101 axialRotation: -50.9187 zShift: 5.17816 energy: 1017.31
MCReject   xShift: 7.10577 crossingAngle: -35.5101 axialRotation: -51.0555 zShift: 5.16931 energy: 1011.8
MCAccept 21 xShift: 7.12532 crossingAngle: -35.5101 axialRotation: -50.9187 zShift: 5.16931 energy: 1011.64
MCAccept 22 xShift: 7.12532 crossingAngle: -35.7372 axialRotation: -50.9187 zShift: 5.16931 energy: 1011.64
MCAccept 23 xShift: 7.12532 crossingAngle: -35.7372 axialRotation: -50.9187 zShift: 5.16847 energy: 1011.11
MCAccept 24 xShift: 7.12532 crossingAngle: -35.6588 axialRotation: -50.9187 zShift: 5.16847 energy: 1011.11
MCAccept 25 xShift: 7.12532 crossingAngle: -35.564 axialRotation: -50.9187 zShift: 5.16847 energy: 1011.11
MCAccept 26 xShift: 7.12532 crossingAngle: -35.564 axialRotation: -50.7512 zShift: 5.16847 energy: 1011.11
MCReject   xShift: 7.13273 crossingAngle: -35.564 axialRotation: -50.7512 zShift: 5.16847 energy: 1011.28
MCAccept 27 xShift: 7.12532 crossingAngle: -35.5687 axialRotation: -50.7512 zShift: 5.16847 energy: 1011.11
MCAccept 28 xShift: 7.12532 crossingAngle: -35.5687 axialRotation: -50.6317 zShift: 5.16847 energy: 1011.11
MCAccept 29 xShift: 7.11148 crossingAngle: -35.5687 axialRotation: -50.6317 zShift: 5.16847 energy: 1011.28
MCAccept 30 xShift: 7.11148 crossingAngle: -35.6976 axialRotation: -50.6317 zShift: 5.16847 energy: 1011.28
MCAccept 31 xShift: 7.11148 crossingAngle: -35.4339 axialRotation: -50.6317 zShift: 5.16847 energy: 1011.11
MCAccept 32 xShift: 7.11148 crossingAngle: -35.4288 axialRotation: -50.6317 zShift: 5.16847 energy: 1011.11
MCAccept 33 xShift: 7.12864 crossingAngle: -35.4288 axialRotation: -50.6317 zShift: 5.16847 energy: 1011.28
MCAccept 34 xShift: 7.12864 crossingAngle: -35.4288 axialRotation: -50.7031 zShift: 5.16847 energy: 1011.11
MCReject   xShift: 7.12864 crossingAngle: -35.4288 axialRotation: -50.7031 zShift: 5.17057 energy: 1012.43
MCReject   xShift: 7.13959 crossingAngle: -35.4288 axialRotation: -50.7031 zShift: 5.16847 energy: 1011.28
MCAccept 35 xShift: 7.12864 crossingAngle: -35.2876 axialRotation: -50.7031 zShift: 5.16847 energy: 1011.11
MCAccept 36 xShift: 7.12864 crossingAngle: -35.0883 axialRotation: -50.7031 zShift: 5.16847 energy: 1011.11
MCAccept 37 xShift: 7.12864 crossingAngle: -35.1206 axialRotation: -50.7031 zShift: 5.16847 energy: 1011.11
MCReject   xShift: 7.12864 crossingAngle: -35.1206 axialRotation: -50.7031 zShift: 5.17322 energy: 1014.28
MCAccept 38 xShift: 7.12864 crossingAngle: -35.1206 axialRotation: -50.5956 zShift: 5.16847 energy: 1011.11
MCAccept 39 xShift: 7.12864 crossingAngle: -35.172 axialRotation: -50.5956 zShift: 5.16847 energy: 1011.11
MCReject   xShift: 7.12864 crossingAngle: -35.172 axialRotation: -50.5956 zShift: 5.17111 energy: 1012.77
MCAccept 40 xShift: 7.12864 crossingAngle: -34.9686 axialRotation: -50.5956 zShift: 5.16847 energy: 1011.11
MCAccept 41 xShift: 7.12864 crossingAngle: -34.8769 axialRotation: -50.5956 zShift: 5.16847 energy: 1011.11
MCAccept 42 xShift: 7.13231 crossingAngle: -34.8769 axialRotation: -50.5956 zShift: 5.16847 energy: 1011.11
MCAccept 43 xShift: 7.10923 crossingAngle: -34.8769 axialRotation: -50.5956 zShift: 5.16847 energy: 1011.28
MCAccept 44 xShift: 7.10923 crossingAngle: -34.8769 axialRotation: -50.5956 zShift: 5.16385 energy: 1008.27
MCReject   xShift: 7.10923 crossingAngle: -34.8769 axialRotation: -50.5956 zShift: 5.16548 energy: 1009.26
MCReject   xShift: 7.10923 crossingAngle: -34.8769 axialRotation: -50.5956 zShift: 5.1785 energy: 1017.54
MCAccept 45 xShift: 7.10923 crossingAngle: -34.8769 axialRotation: -50.5436 zShift: 5.16385 energy: 1008.27
MCAccept 46 xShift: 7.10923 crossingAngle: -34.8769 axialRotation: -50.5436 zShift: 5.16363 energy: 1008.13
MCAccept 47 xShift: 7.10923 crossingAngle: -34.8769 axialRotation: -50.6088 zShift: 5.16363 energy: 1008.13
MCAccept 48 xShift: 7.10923 crossingAngle: -34.7796 axialRotation: -50.6088 zShift: 5.16363 energy: 1008.13
MCAccept 49 xShift: 7.10923 crossingAngle: -34.7796 axialRotation: -50.6337 zShift: 5.16363 energy: 1008.13
MCAccept 50 xShift: 7.10923 crossingAngle: -34.7796 axialRotation: -50.6337 zShift: 5.15734 energy: 1004.37
MCReject   xShift: 7.10923 crossingAngle: -34.7796 axialRotation: -50.6337 zShift: 5.16151 energy: 1006.85
MCReject   xShift: 7.10923 crossingAngle: -34.8702 axialRotation: -50.6337 zShift: 5.15734 energy: 1004.54
MCAccept 51 xShift: 7.10923 crossingAngle: -34.7796 axialRotation: -50.6337 zShift: 5.15257 energy: 1001.6
MCAccept 52 xShift: 7.09665 crossingAngle: -34.7796 axialRotation: -50.6337 zShift: 5.15257 energy: 1001.6
MCAccept 53 xShift: 7.09665 crossingAngle: -34.6327 axialRotation: -50.6337 zShift: 5.15257 energy: 1001.6
MCAccept 54 xShift: 7.08687 crossingAngle: -34.6327 axialRotation: -50.6337 zShift: 5.15257 energy: 1001.6
MCAccept 55 xShift: 7.07467 crossingAngle: -34.6327 axialRotation: -50.6337 zShift: 5.15257 energy: 1001.6
MCAccept 56 xShift: 7.07467 crossingAngle: -34.6327 axialRotation: -50.6337 zShift: 5.14279 energy: 996.159
MCAccept 57 xShift: 7.07467 crossingAngle: -34.448 axialRotation: -50.6337 zShift: 5.14279 energy: 996.321
MCAccept 58 xShift: 7.07467 crossingAngle: -34.448 axialRotation: -50.7553 zShift: 5.14279 energy: 996.159
MCReject   xShift: 7.07467 crossingAngle: -34.448 axialRotation: -50.8926 zShift: 5.14279 energy: 996.321
MCReject   xShift: 7.07467 crossingAngle: -34.448 axialRotation: -50.7553 zShift: 5.15698 energy: 1004.32
MCAccept 59 xShift: 7.07987 crossingAngle: -34.448 axialRotation: -50.7553 zShift: 5.14279 energy: 996.321
MCAccept 60 xShift: 7.07987 crossingAngle: -34.5572 axialRotation: -50.7553 zShift: 5.14279 energy: 996.321
MCAccept 61 xShift: 7.07987 crossingAngle: -34.5572 axialRotation: -50.6959 zShift: 5.14279 energy: 996.159
MCReject   xShift: 7.07987 crossingAngle: -34.5572 axialRotation: -50.5881 zShift: 5.14279 energy: 996.321
MCAccept 62 xShift: 7.07987 crossingAngle: -34.6498 axialRotation: -50.6959 zShift: 5.14279 energy: 996.159
MCAccept 63 xShift: 7.07987 crossingAngle: -34.7713 axialRotation: -50.6959 zShift: 5.14279 energy: 996.159
MCReject   xShift: 7.07987 crossingAngle: -34.7713 axialRotation: -50.6959 zShift: 5.14762 energy: 998.809
MCAccept 64 xShift: 7.09828 crossingAngle: -34.7713 axialRotation: -50.6959 zShift: 5.14279 energy: 996.159
MCAccept 65 xShift: 7.09828 crossingAngle: -34.847 axialRotation: -50.6959 zShift: 5.14279 energy: 996.159
MCAccept 66 xShift: 7.09828 crossingAngle: -34.847 axialRotation: -50.654 zShift: 5.14279 energy: 996.159
MCReject   xShift: 7.09828 crossingAngle: -34.847 axialRotation: -50.654 zShift: 5.14358 energy: 996.583
MCAccept 67 xShift: 7.09828 crossingAngle: -34.7869 axialRotation: -50.654 zShift: 5.14279 energy: 996.159
MCAccept 68 xShift: 7.09828 crossingAngle: -34.7869 axialRotation: -50.6013 zShift: 5.14279 energy: 996.159
MCReject   xShift: 7.09828 crossingAngle: -34.7869 axialRotation: -50.6013 zShift: 5.14918 energy: 999.682
MCAccept 69 xShift: 7.11069 crossingAngle: -34.7869 axialRotation: -50.6013 zShift: 5.14279 energy: 996.159
MCAccept 70 xShift: 7.11069 crossingAngle: -34.7869 axialRotation: -50.6817 zShift: 5.14279 energy: 996.159
MCAccept 71 xShift: 7.11069 crossingAngle: -34.7 axialRotation: -50.6817 zShift: 5.14279 energy: 996.159
MCReject   xShift: 7.11069 crossingAngle: -34.7 axialRotation: -50.6817 zShift: 5.14833 energy: 999.208
MCAccept 72 xShift: 7.106 crossingAngle: -34.7 axialRotation: -50.6817 zShift: 5.14279 energy: 996.159
MCAccept 73 xShift: 7.106 crossingAngle: -34.7 axialRotation: -50.7333 zShift: 5.14279 energy: 996.159
MCAccept 74 xShift: 7.106 crossingAngle: -34.7 axialRotation: -50.8677 zShift: 5.14279 energy: 996.159
MCAccept 75 xShift: 7.106 crossingAngle: -34.7 axialRotation: -50.8677 zShift: 5.13264 energy: 990.816
MCReject   xShift: 7.106 crossingAngle: -34.9477 axialRotation: -50.8677 zShift: 5.13264 energy: 990.978
MCAccept 76 xShift: 7.10654 crossingAngle: -34.7 axialRotation: -50.8677 zShift: 5.13264 energy: 990.816
MCAccept 77 xShift: 7.10683 crossingAngle: -34.7 axialRotation: -50.8677 zShift: 5.13264 energy: 990.816
MCAccept 78 xShift: 7.10048 crossingAngle: -34.7 axialRotation: -50.8677 zShift: 5.13264 energy: 990.816
MCAccept 79 xShift: 7.10048 crossingAngle: -34.7 axialRotation: -50.677 zShift: 5.13264 energy: 990.816
MCAccept 80 xShift: 7.10048 crossingAngle: -34.7 axialRotation: -50.689 zShift: 5.13264 energy: 990.816
MCReject   xShift: 7.10048 crossingAngle: -34.7 axialRotation: -50.689 zShift: 5.13604 energy: 992.569
MCReject   xShift: 7.10048 crossingAngle: -34.6531 axialRotation: -50.689 zShift: 5.13264 energy: 990.978
MCAccept 81 xShift: 7.10048 crossingAngle: -34.7 axialRotation: -50.7447 zShift: 5.13264 energy: 990.816
MCReject   xShift: 7.10048 crossingAngle: -34.7 axialRotation: -50.7447 zShift: 5.14318 energy: 996.367
MCAccept 82 xShift: 7.10425 crossingAngle: -34.7 axialRotation: -50.7447 zShift: 5.13264 energy: 990.816
MCAccept 83 xShift: 7.1047 crossingAngle: -34.7 axialRotation: -50.7447 zShift: 5.13264 energy: 990.816
MCAccept 84 xShift: 7.1047 crossingAngle: -34.7 axialRotation: -50.624 zShift: 5.13264 energy: 990.816
MCReject   xShift: 7.1047 crossingAngle: -34.7 axialRotation: -50.6762 zShift: 5.13264 energy: 990.978
MCAccept 85 xShift: 7.1047 crossingAngle: -34.7 axialRotation: -50.624 zShift: 5.1319 energy: 990.44
MCAccept 86 xShift: 7.1047 crossingAngle: -34.6701 axialRotation: -50.624 zShift: 5.1319 energy: 990.44
MCAccept 87 xShift: 7.1047 crossingAngle: -34.6701 axialRotation: -50.5345 zShift: 5.1319 energy: 990.44
MCAccept 88 xShift: 7.1047 crossingAngle: -34.529 axialRotation: -50.5345 zShift: 5.1319 energy: 990.44
MCAccept 89 xShift: 7.1047 crossingAngle: -34.529 axialRotation: -50.5345 zShift: 5.13101 energy: 990.151
MCAccept 90 xShift: 7.1047 crossingAngle: -34.2899 axialRotation: -50.5345 zShift: 5.13101 energy: 990.151
MCAccept 91 xShift: 7.1047 crossingAngle: -34.2899 axialRotation: -50.4348 zShift: 5.13101 energy: 989.99
MCReject   xShift: 7.1047 crossingAngle: -34.2899 axialRotation: -50.3844 zShift: 5.13101 energy: 990.151
MCAccept 92 xShift: 7.1047 crossingAngle: -34.0999 axialRotation: -50.4348 zShift: 5.13101 energy: 989.99
MCAccept 93 xShift: 7.1047 crossingAngle: -34.0571 axialRotation: -50.4348 zShift: 5.13101 energy: 989.99
MCAccept 94 xShift: 7.1047 crossingAngle: -34.1092 axialRotation: -50.4348 zShift: 5.13101 energy: 989.99
MCReject   xShift: 7.1047 crossingAngle: -34.1092 axialRotation: -50.4348 zShift: 5.13614 energy: 992.621
MCAccept 95 xShift: 7.1047 crossingAngle: -34.1092 axialRotation: -50.4991 zShift: 5.13101 energy: 989.99
MCAccept 96 xShift: 7.1047 crossingAngle: -34.1092 axialRotation: -50.4421 zShift: 5.13101 energy: 989.99
MCAccept 97 xShift: 7.1047 crossingAngle: -34.0205 axialRotation: -50.4421 zShift: 5.13101 energy: 989.99
MCReject   xShift: 7.1047 crossingAngle: -34.0205 axialRotation: -50.4421 zShift: 5.15113 energy: 1000.79
MCAccept 98 xShift: 7.1047 crossingAngle: -33.9767 axialRotation: -50.4421 zShift: 5.13101 energy: 989.99
MCReject   xShift: 7.1098 crossingAngle: -33.9767 axialRotation: -50.4421 zShift: 5.13101 energy: 990.151
MCAccept 99 xShift: 7.1047 crossingAngle: -33.7887 axialRotation: -50.4421 zShift: 5.13101 energy: 989.99
Energy #0: 989.99
***GEOMETRY SHIFT***
xShift;        Before: 7.09; After: 7.1047
crossingAngle; Before: -35.71; After: -33.7887
axialRotation; Before: -50.84; After: -50.4421
zShift;        Before: 5.23; After: 5.13101
Energy;        Before: 6.46049e+07; After: 989.99

Completed all cycles. Accepted 100/131
Monte Carlo repack complete. Time: 40.1667min

Final energy is 989.99 after repack, indicating clashes. Choose a different geometry
