***STARTING GEOMETRY:***
xShift: 7.09
crossingAngle: -35.71
axialRotation: -50.84
zShift: 5.23

Number of MCCycles: 200
PrevSequence	CurrSequence	PrevEnergy	CurrEnergy	PrevEntropy	CurrEntropy	CurrentTemp
LLLTGLLTSLLGSLLATLILI	LLLTGLLTSLLGSLLAYLILI	2897.05	1071.31	0.693609	0.219549	999.847
LLLTGLLTSLLGSLLAYLILI	LLLTGLLYSLLGSLLAYLILI	1071.41	1073.09	0.328724	0.505042	999.684
LLLTGLLYSLLGSLLAYLILI	LLLTGLLTSLLGSLLAYLILI	1073.09	1071.41	0.505042	0.328724	999.512
LLLTGLLTSLLGSLLAYLILI	LLLTGLLTSLLASLLAYLILI	1071.67	1072	0.584123	0.276169	999.328
LLLTGLLTSLLASLLAYLILI	LLLTGLLTSLLAALLAYLILI	1072.22	1072.34	0.494608	0.336591	999.134
LLLTGLLTSLLAALLAYLILI	LLLTGLLTALLAALLAYLILI	1072.24	1067.3	0.235967	0.658601	998.928
LLLTGLLTALLAALLAYLILI	LLLTGLLTALLGALLAYLILI	1067.11	1066.06	0.463748	0.36136	998.708
LLLTGLLTALLGALLAYLILI	LLLTGLLYALLGALLAYLILI	1066.03	1068.2	0.328724	0.505042	998.476
LLLTGLLYALLGALLAYLILI	LLLTGLLYALLAALLAYLILI	1068.06	1068.02	0.36136	0.463748	998.229
LLLTGLLYALLAALLAYLILI	LLLTGLLTALLAALLAYLILI	1068.06	1066.89	0.505042	0.328724	997.967
LLLTGLLTALLAALLAYLILI	LLLTGLLYALLAALLAYLILI	1066.89	1068.06	0.328724	0.505042	997.689
LLLTGLLYALLAALLAYLILI	LLLTGLLYALLAALLATLILI	1068.06	1068.41	0.505042	0.328724	997.394
LLLTGLLYALLAALLATLILI	LLLTGLLYALLGALLATLILI	1068.54	1067.62	0.463748	0.36136	997.081
LLLTGLLYALLGALLATLILI	LLLTGLLYALLGSLLATLILI	1067.81	1067.18	0.549849	0.297523	996.749
LLLTGLLYALLGSLLATLILI	LLLTGLLYALLGSLLAYLILI	1067.21	1066.69	0.328724	0.505042	996.397
LLLTGLLYALLGSLLAYLILI	LLLGGLLYALLGSLLAYLILI	1066.39	1064.86	0.21145	0.712055	996.023
LLLGGLLYALLGSLLAYLILI	LLLYGLLYALLGSLLAYLILI	1064.42	1064.67	0.269472	0.595564	995.626
LLLYGLLYALLGSLLAYLILI	LLLYGLLYALLGSLLATLILI	1065.03	1064.47	0.9576	0.130904	995.205
LLLYGLLYALLGSLLATLILI	LLLYGLLYALLASLLATLILI	1064.78	1065.24	0.445276	0.377357	994.758
LLLYGLLYALLASLLATLILI	LLLYGLLYALLAALLATLILI	1065.1	1066.07	0.235967	0.658601	994.285
LLLYGLLYALLAALLATLILI	LLLYGLLYALLASLLATLILI	1066.07	1065.23	0.658601	0.235967	993.782
LLLYGLLYALLASLLATLILI	LLLYGLLTALLASLLATLILI	1065.5	1066.91	0.505042	0.328724	993.249
LLLYGLLTALLASLLATLILI	LLLYGLLYALLASLLATLILI	1066.91	1065.37	0.328724	0.505042	992.683
LLLYGLLYALLASLLATLILI	LLLYGLLYALLGSLLATLILI	1065.24	1064.78	0.377357	0.445276	992.084
LLLYGLLYALLGSLLATLILI	LLLYGLLTALLGSLLATLILI	1064.84	1066.54	0.505042	0.328724	991.448
LLLYGLLTALLGSLLATLILI	LLLYGLLTALLGALLATLILI	1066.51	1067.41	0.297523	0.549849	990.773
LLLYGLLTALLGALLATLILI	LLLYGLLYALLGALLATLILI	1067.19	1065.21	0.328724	0.505042	990.058
LLLYGLLYALLGALLATLILI	LLLYGLLYALLGALLAYLILI	1064.84	1065.37	0.130904	0.9576	989.3
LLLYGLLYALLGALLAYLILI	LLLYGLLTALLGALLAYLILI	1065.37	1066.48	0.9576	0.130904	988.496
LLLYGLLTALLGALLAYLILI	LLLYGLLYALLGALLAYLILI	1066.48	1065.29	0.130904	0.9576	987.644
LLLYGLLYALLGALLAYLILI	LLLYGLLYALLGSLLAYLILI	1064.88	1064.37	0.549849	0.297523	986.74
LLLYGLLYALLGSLLAYLILI	LLLYGLLYALLGSLLATLILI	1065.03	1064.34	0.9576	0.130904	985.783
LLLYGLLYALLGSLLATLILI	LLLYGLLYALLGSLLAYLILI	1064.34	1065.03	0.130904	0.9576	984.769
LLLYGLLYALLGSLLAYLILI	LLLYGLLYALLGALLAYLILI	1064.37	1064.88	0.297523	0.549849	983.694
LLLYGLLYALLGALLAYLILI	LLLYGLLYALLGALLSYLILI	1064.88	1066.66	0.549849	0.297523	982.555
LLLYGLLYALLGALLSYLILI	LLLYGLLYALLAALLSYLILI	1066.81	1067.42	0.445276	0.377357	981.348
LLLYGLLYALLAALLSYLILI	LLLYGLLYALLAALLSTLILI	1068	1067.79	0.9576	0.130904	980.071
LLLYGLLYALLAALLSTLILI	LLLYGLLYALLAALLATLILI	1067.9	1068.48	0.235967	0.658601	978.717
LLLYGLLYALLAALLATLILI	LLLGGLLYALLAALLATLILI	1068.42	1068.61	0.595564	0.269472	977.285
LLLGGLLYALLAALLATLILI	LLLGGLLYALLAALLSTLILI	1069	1068.41	0.658601	0.235967	975.768
LLLGGLLYALLAALLSTLILI	LLLGGLLYALLAALLSYLILI	1068.36	1068.33	0.186892	0.773553	974.162
LLLGGLLYALLAALLSYLILI	LLLYGLLYALLAALLSYLILI	1067.75	1067.8	0.192521	0.758648	972.463
LLLYGLLYALLAALLSYLILI	LLLYGLLYALLGALLSYLILI	1067.42	1066.81	0.377357	0.445276	970.666
LLLYGLLYALLGALLSYLILI	LLLYGLLYALLAALLSYLILI	1066.81	1067.42	0.445276	0.377357	968.764
LLLYGLLYALLAALLSYLILI	LLLYGLLYALLAALLSTLILI	1068	1067.79	0.9576	0.130904	966.754
LLLYGLLYALLAALLSTLILI	LLLYGLLYALLGALLSTLILI	1068.04	1067.41	0.377357	0.445276	964.627
LLLYGLLYALLGALLSTLILI	LLLGGLLYALLGALLSTLILI	1067.42	1068.01	0.454934	0.368877	962.38
LLLGGLLYALLGALLSTLILI	LLLGGLLYALLGSLLSTLILI	1067.89	1067.92	0.244161	0.642213	960.005
LLLGGLLYALLGSLLSTLILI	LLLGGLLYALLGALLSTLILI	1067.92	1067.89	0.642213	0.244161	957.496
LLLGGLLYALLGALLSTLILI	LLLGGLLYALLGALLSYLILI	1067.83	1067.65	0.186892	0.773553	954.846
LLLGGLLYALLGALLSYLILI	LLLYGLLYALLGALLSYLILI	1067.15	1066.96	0.269472	0.595564	952.048
LLLYGLLYALLGALLSYLILI	LLLYGLLYALLGALLSTLILI	1067.32	1067.09	0.9576	0.130904	949.095
LLLYGLLYALLGALLSTLILI	LLLYGLLTALLGALLSTLILI	1067.47	1069.31	0.505042	0.328724	945.979
LLLYGLLTALLGALLSTLILI	LLLYGLLTALLGALLATLILI	1069.28	1069.69	0.297523	0.549849	942.693
LLLYGLLTALLGALLATLILI	LLLYGLLTALLGALLSTLILI	1069.69	1069.28	0.549849	0.297523	939.229
LLLYGLLTALLGALLSTLILI	LLLTGLLTALLGALLSTLILI	1069.21	1069.5	0.219549	0.693609	935.578
LLLTGLLTALLGALLSTLILI	LLLYGLLTALLGALLSTLILI	1069.5	1069.21	0.693609	0.219549	931.732
LLLYGLLTALLGALLSTLILI	LLLYGLLTALLGSLLSTLILI	1069.23	1069.42	0.244161	0.642213	927.683
LLLYGLLTALLGSLLSTLILI	LLLTGLLTALLGSLLSTLILI	1068.99	1069.28	0.219549	0.693609	923.422
LLLTGLLTALLGSLLSTLILI	LLLTGLLTALLGSLLSYLILI	1069.28	1068.37	0.693609	0.219549	918.939
LLLTGLLTALLGSLLSYLILI	LLLTGLLTALLGSLLAYLILI	1068.79	1067.31	0.642213	0.244161	914.227
LLLTGLLTALLGSLLAYLILI	LLLYGLLTALLGSLLAYLILI	1067.4	1067.75	0.328724	0.505042	909.276
LLLYGLLTALLGSLLAYLILI	LLLYGLLTALLGSLLGYLILI	1067.45	1068.01	0.197612	0.745602	904.077
LLLYGLLTALLGSLLGYLILI	LLLYGLLTALLGTLLGYLILI	1067.49	1063.71	0.220804	0.690823	898.621
LLLYGLLTALLGTLLGYLILI	LLLYGLLYALLGTLLGYLILI	1063.26	1061.83	0.238039	0.654392	892.899
LLLYGLLYALLGTLLGYLILI	LLLGGLLYALLGTLLGYLILI	1061.67	1061.86	0.493345	0.337561	880.623
LLLGGLLYALLGTLLGYLILI	LLLYGLLYALLGTLLGYLILI	1061.86	1061.67	0.337561	0.493345	874.051
LLLYGLLYALLGTLLGYLILI	LLLYGLLYSLLGTLLGYLILI	1061.42	1067.53	0.244161	0.642213	867.179
LLLYGLLYSLLGTLLGYLILI	LLLYGLLTSLLGTLLGYLILI	1067.54	1068.91	0.654392	0.238039	859.999
LLLYGLLTSLLGTLLGYLILI	LLLYGLLTSLLGSLLGYLILI	1069.11	1073.29	0.440933	0.381257	844.686
LLLYGLLTSLLGSLLGYLILI	LLLYGLLTSLLGTLLGYLILI	1073.29	1069.28	0.381257	0.440933	836.541
LLLYGLLTSLLGTLLGYLILI	LLLTGLLTSLLGTLLGYLILI	1069.21	1069.08	0.379341	0.443059	819.243
LLLTGLLTSLLGTLLGYLILI	LLLTGLLTSLLGTLLGTLILI	1068.81	1070.75	0.171816	0.816184	810.083
LLLTGLLTSLLGTLLGTLILI	LLLTGLLTALLGTLLGTLILI	1070.58	1064.55	0.642213	0.244161	800.577
LLLTGLLTALLGTLLGTLILI	LLLTGLLTALLGTLLGYLILI	1065.12	1063.01	0.816184	0.171816	780.523
LLLTGLLTALLGTLLGYLILI	LLLTGLLTALLGTLLGTLILI	1063.01	1065.12	0.171816	0.816184	769.974
LLLTGLLTALLGTLLGTLILI	LLLTGLLTALLGTLLGYLILI	1065.12	1063.01	0.816184	0.171816	759.081
LLLTGLLTALLGTLLGYLILI	LLLYGLLTALLGTLLGYLILI	1063.28	1063.4	0.443059	0.379341	747.845
LLLYGLLTALLGTLLGYLILI	LLLTGLLTALLGTLLGYLILI	1063.4	1063.28	0.379341	0.443059	736.272
LLLTGLLTALLGTLLGYLILI	LLLTGLLTALLGTLLGTLILI	1063.01	1065.12	0.171816	0.816184	724.369
LLLTGLLTALLGTLLGTLILI	LLLYGLLTALLGTLLGTLILI	1065.12	1064.66	0.816184	0.171816	712.142
LLLYGLLTALLGTLLGTLILI	LLLTGLLTALLGTLLGTLILI	1064.66	1065.12	0.171816	0.816184	699.602
LLLTGLLTALLGTLLGTLILI	LLLTGLLTALLGTLLGYLILI	1065.12	1063.18	0.816184	0.171816	686.76
LLLTGLLTALLGTLLGYLILI	LLLYGLLTALLGTLLGYLILI	1063.45	1063.57	0.443059	0.379341	660.222
LLLYGLLTALLGTLLGYLILI	LLLYGLLYALLGTLLGYLILI	1063.43	1061.66	0.238039	0.654392	632.651
LLLYGLLYALLGTLLGYLILI	LLLGGLLYALLGTLLGYLILI	1061.5	1061.86	0.493345	0.337561	604.196
LLLGGLLYALLGTLLGYLILI	LLLYGLLYALLGTLLGYLILI	1061.86	1061.5	0.337561	0.493345	589.688
LLLYGLLYALLGTLLGYLILI	LLLYGLLYALLGTLLGTLILI	1061.66	1062.71	0.654392	0.238039	575.025
LLLYGLLYALLGTLLGTLILI	LLLYGLLYALLGTLLGYLILI	1062.71	1061.83	0.238039	0.654392	560.23
LLLYGLLYALLGTLLGYLILI	LLLGGLLYALLGTLLGYLILI	1061.67	1061.86	0.493345	0.337561	545.329
LLLGGLLYALLGTLLGYLILI	LLLGGLLYALLGTLLGTLILI	1062.03	1063.32	0.505042	0.328724	485.188
LLLGGLLYALLGTLLGTLILI	LLLYGLLYALLGTLLGTLILI	1063.44	1062.84	0.453966	0.369715	470.152
LLLYGLLYALLGTLLGTLILI	LLLGGLLYALLGTLLGTLILI	1062.84	1063.44	0.369715	0.453966	455.171
LLLGGLLYALLGTLLGTLILI	LLLYGLLYALLGTLLGTLILI	1063.44	1063	0.453966	0.369715	425.475
LLLYGLLYALLGTLLGTLILI	LLLYGLLTALLGTLLGTLILI	1063.01	1065.09	0.379341	0.443059	410.812
LLLYGLLTALLGTLLGTLILI	LLLTGLLTALLGTLLGTLILI	1064.82	1065.12	0.171816	0.816184	396.304
LLLTGLLTALLGTLLGTLILI	LLLTGLLTALLGTLLGYLILI	1065.12	1063.18	0.816184	0.171816	381.976
LLLTGLLTALLGTLLGYLILI	LLLYGLLTALLGTLLGYLILI	1063.45	1063.4	0.443059	0.379341	367.849
LLLYGLLTALLGTLLGYLILI	LLLTGLLTALLGTLLGYLILI	1063.4	1063.28	0.379341	0.443059	340.278
LLLTGLLTALLGTLLGYLILI	LLLTGLLYALLGTLLGYLILI	1063.28	1063.93	0.443059	0.379341	326.872
LLLTGLLYALLGTLLGYLILI	LLLTGLLTALLGTLLGYLILI	1063.93	1063.28	0.379341	0.443059	313.74
LLLTGLLTALLGTLLGYLILI	LLLTGLLYALLGTLLGYLILI	1063.28	1063.93	0.443059	0.379341	300.898
LLLTGLLYALLGTLLGYLILI	LLLTGLLTALLGTLLGYLILI	1063.93	1063.45	0.379341	0.443059	288.358
LLLTGLLTALLGTLLGYLILI	LLLYGLLTALLGTLLGYLILI	1063.45	1063.4	0.443059	0.379341	276.131
LLLYGLLTALLGTLLGYLILI	LLLYGLLYALLGTLLGYLILI	1063.26	1061.83	0.238039	0.654392	264.228
LLLYGLLYALLGTLLGYLILI	LLLGGLLYALLGTLLGYLILI	1061.67	1062.03	0.493345	0.337561	241.419
LLLGGLLYALLGTLLGYLILI	LLLYGLLYALLGTLLGYLILI	1062.03	1061.5	0.337561	0.493345	230.526
LLLYGLLYALLGTLLGYLILI	LLLGGLLYALLGTLLGYLILI	1061.5	1062.03	0.493345	0.337561	147.996
LLLGGLLYALLGTLLGYLILI	LLLYGLLYALLGTLLGYLILI	1062.03	1061.5	0.337561	0.493345	126.449
LLLYGLLYALLGTLLGYLILI	LLLGGLLYALLGTLLGYLILI	1061.5	1061.86	0.493345	0.337561	119.877
LLLGGLLYALLGTLLGYLILI	LLLYGLLYALLGTLLGYLILI	1061.86	1061.67	0.337561	0.493345	113.597
LLLYGLLYALLGTLLGYLILI	LLLGGLLYALLGTLLGYLILI	1061.67	1061.86	0.493345	0.337561	107.601
LLLGGLLYALLGTLLGYLILI	LLLYGLLYALLGTLLGYLILI	1061.86	1061.67	0.337561	0.493345	96.4228
LLLYGLLYALLGTLLGYLILI	LLLGGLLYALLGTLLGYLILI	1061.67	1061.86	0.493345	0.337561	86.2728
LLLGGLLYALLGTLLGYLILI	LLLYGLLYALLGTLLGYLILI	1061.86	1061.5	0.337561	0.493345	77.0783
Time: 231s
