***STARTING GEOMETRY:***
xShift: 8.67597
crossingAngle: 26.19
axialRotation: 50
zShift: 2.2

Number of MCCycles: 100
PrevSequence	CurrSequence	PrevEnergy	CurrEnergy	PrevEntropy	CurrEntropy	CurrentTemp
LLLYYLLGLLSTLTSLLLILI	LLLYYLLGLLSTLISLLLILI	89024.2	2365.99	0.911943	0.142768	999.684
LLLYYLLGLLSTLISLLLILI	LLLYVLLGLLSTLISLLLILI	2366.92	2365.47	1.07465	0.105187	999.328
LLLYVLLGLLSTLISLLLILI	LLLYVLLGLLSTLTSLLLILI	2365.51	2361.45	0.142768	0.911943	998.928
LLLYVLLGLLSTLTSLLLILI	LLLFVLLGLLSTLTSLLLILI	2361.19	2359.38	0.650378	0.240035	998.476
LLLFVLLGLLSTLTSLLLILI	LLLFVLLGLLYTLTSLLLILI	2359.65	2355.45	0.503913	0.329564	997.967
LLLFVLLGLLYTLTSLLLILI	LLLFVLLGLLYTLTALLLILI	2355.76	2355.54	0.642213	0.244161	997.394
LLLFVLLGLLYTLTALLLILI	LLLYVLLGLLYTLTALLLILI	2355.43	2354.98	0.132101	0.952787	996.749
LLLYVLLGLLYTLTALLLILI	LLLWVLLGLLYTLTALLLILI	2354.48	2353.76	0.451187	0.372136	996.023
LLLWVLLGLLYTLTALLLILI	LLLWFLLGLLYTLTALLLILI	2353.73	2356.94	0.340616	0.489394	995.205
LLLWFLLGLLYTLTALLLILI	LLLVFLLGLLYTLTALLLILI	2357.46	2357.9	1.00921	0.118797	994.285
LLLVFLLGLLYTLTALLLILI	LLLVLLLGLLYTLTALLLILI	2358.1	2359.1	0.320259	0.516639	993.249
LLLVLLLGLLYTLTALLLILI	LLLILLLGLLYTLTALLLILI	2358.99	2358.49	0.398479	0.42245	990.773
LLLILLLGLLYTLTALLLILI	LLLILLLGLLYTLTSLLLILI	2358.32	2358.52	0.244161	0.642213	989.3
LLLILLLGLLYTLTSLLLILI	LLLWLLLGLLYTLTSLLLILI	2358	2357.62	0.123228	0.989671	987.644
LLLWLLLGLLYTLTSLLLILI	LLLWLLLGLLYTLTALLLILI	2357.27	2357.07	0.642213	0.244161	985.783
LLLWLLLGLLYTLTALLLILI	LLLWFLLGLLYTLTALLLILI	2357.34	2355.9	0.516639	0.320259	983.694
LLLWFLLGLLYTLTALLLILI	LLLWFLLGLLYFLTALLLILI	2356.12	2355.77	0.538845	0.30482	978.717
LLLWFLLGLLYFLTALLLILI	LLLYFLLGLLYFLTALLLILI	2355.84	2355.34	0.372136	0.451187	975.768
LLLYFLLGLLYFLTALLLILI	LLLYVLLGLLYFLTALLLILI	2355.65	2353.18	0.753596	0.194474	972.463
LLLYVLLGLLYFLTALLLILI	LLLWVLLGLLYFLTALLLILI	2353.44	2352.72	0.451187	0.372136	968.764
LLLWVLLGLLYFLTALLLILI	LLLWVLLGLLYWLTALLLILI	2352.43	2353.93	0.0790506	1.23103	964.627
LLLWVLLGLLYWLTALLLILI	LLLWVLLGLLYLLTALLLILI	2353.77	2352.67	1.06307	0.107467	960.005
LLLWVLLGLLYLLTALLLILI	LLLWVLLGLLYLLTSLLLILI	2352.81	2353.1	0.244161	0.642213	954.846
LLLWVLLGLLYLLTSLLLILI	LLLWVLLGLLYLLTALLLILI	2353.1	2352.81	0.642213	0.244161	949.095
LLLWVLLGLLYLLTALLLILI	LLLYVLLGLLYLLTALLLILI	2352.94	2353.67	0.372136	0.451187	935.578
LLLYVLLGLLYLLTALLLILI	LLLYVLLGLLYLLTSLLLILI	2353.47	2353.76	0.244161	0.642213	927.683
LLLYVLLGLLYLLTSLLLILI	LLLYWLLGLLYLLTSLLLILI	2353.24	2355.35	0.118797	1.00921	918.939
LLLYWLLGLLYLLTSLLLILI	LLLYWLLGLLYLLISLLLILI	2354.95	2358.88	0.616541	0.257708	909.276
LLLYWLLGLLYLLISLLLILI	LLLYWLLGLLYLLFSLLLILI	2358.98	2360.91	0.351222	0.47603	898.621
LLLYWLLGLLYLLFSLLLILI	LLLYWLLGLLFLLFSLLLILI	2361.09	2361.62	0.650378	0.240035	886.903
LLLYWLLGLLFLLFSLLLILI	LLLYWLLGLLFWLFSLLLILI	2361.49	2361.95	0.107467	1.06307	874.051
LLLYWLLGLLFWLFSLLLILI	LLLYWLLGLLFWLTSLLLILI	2361.4	2359.06	0.505042	0.328724	859.999
LLLYWLLGLLFWLTSLLLILI	LLLIWLLGLLFWLTSLLLILI	2359.47	2359.97	0.736435	0.201285	844.686
LLLIWLLGLLFWLTSLLLILI	LLLIWLLGLLFSLTSLLLILI	2360.53	2362.95	0.759486	0.192199	828.061
LLLIWLLGLLFSLTSLLLILI	LLLIWLLGLLFYLTSLLLILI	2363.26	2360.2	0.503913	0.329564	810.083
LLLIWLLGLLFYLTSLLLILI	LLLIWLLGLLFFLTSLLLILI	2360.28	2360.1	0.410343	0.410343	790.724
LLLIWLLGLLFFLTSLLLILI	LLLIWLLGLLYFLTSLLLILI	2360.1	2357.9	0.410343	0.410343	769.974
LLLIWLLGLLYFLTSLLLILI	LLLILLLGLLYFLTSLLLILI	2358.23	2356.68	0.743646	0.198389	747.845
LLLILLLGLLYFLTSLLLILI	LLLILLLGLLYFLTALLLILI	2357.13	2357.29	0.642213	0.244161	724.369
LLLILLLGLLYFLTALLLILI	LLLILLLGLLYFLTSLLLILI	2357.29	2357.13	0.244161	0.642213	699.602
LLLILLLGLLYFLTSLLLILI	LLLIFLLGLLYFLTSLLLILI	2356.8	2356.47	0.312976	0.526939	673.628
LLLIFLLGLLYFLTSLLLILI	LLLYFLLGLLYFLTSLLLILI	2356.06	2355.88	0.109156	1.05465	646.557
LLLYFLLGLLYFLTSLLLILI	LLLYWLLGLLYFLTSLLLILI	2355.09	2354.02	0.267575	0.598868	618.524
LLLYWLLGLLYFLTSLLLILI	LLLYVLLGLLYFLTSLLLILI	2354.43	2352.55	1.00921	0.118797	589.688
LLLYVLLGLLYFLTSLLLILI	LLLYVLLGLLYWLTSLLLILI	2352.58	2353.37	0.148778	0.890414	560.23
LLLYVLLGLLYWLTSLLLILI	LLLFVLLGLLYWLTSLLLILI	2353.43	2353.89	0.952787	0.132101	530.348
LLLFVLLGLLYWLTSLLLILI	LLLWVLLGLLYWLTSLLLILI	2353.83	2353.08	0.0790506	1.23103	500.25
LLLWVLLGLLYWLTSLLLILI	LLLWVLLGLLYLLTSLLLILI	2352.91	2352.57	1.06307	0.107467	470.152
LLLWVLLGLLYLLTSLLLILI	LLLWVLLGLLYLLTALLLILI	2353.1	2352.81	0.642213	0.244161	440.27
LLLWVLLGLLYLLTALLLILI	LLLWVLLGLLYFLTALLLILI	2353.08	2352.67	0.516639	0.320259	410.812
LLLWVLLGLLYFLTALLLILI	LLLWVLLGLLYLLTALLLILI	2352.67	2353.08	0.320259	0.516639	381.976
LLLWVLLGLLYLLTALLLILI	LLLWVLLGLLYLLTSLLLILI	2352.81	2353.1	0.244161	0.642213	353.943
LLLWVLLGLLYLLTSLLLILI	LLLYVLLGLLYLLTSLLLILI	2352.83	2353.57	0.372136	0.451187	276.131
LLLYVLLGLLYLLTSLLLILI	LLLWVLLGLLYLLTSLLLILI	2353.57	2352.83	0.451187	0.372136	252.655
LLLWVLLGLLYLLTSLLLILI	LLLWVLLGLLYLLTALLLILI	2353.1	2352.81	0.642213	0.244161	230.526
LLLWVLLGLLYLLTALLLILI	LLLWVLLGLLYLLTSLLLILI	2352.81	2353.1	0.244161	0.642213	209.776
LLLWVLLGLLYLLTSLLLILI	LLLWVLLGLLYLLTALLLILI	2353.1	2352.81	0.642213	0.244161	172.439
LLLWVLLGLLYLLTALLLILI	LLLWVLLGLLYFLTALLLILI	2353.08	2352.67	0.516639	0.320259	91.2238
LLLWVLLGLLYFLTALLLILI	LLLWVLLGLLYFLTSLLLILI	2352.6	2352.43	0.244161	0.642213	72.8169
LLLWVLLGLLYFLTSLLLILI	LLLWVLLGLLYFLTALLLILI	2352.43	2352.6	0.642213	0.244161	57.8066
LLLWVLLGLLYFLTALLLILI	LLLWVLLGLLYFLTSLLLILI	2352.6	2352.43	0.244161	0.642213	35.8726
Time: 174s
