MCAccept 0 xShift: 7.25 crossingAngle: -42.366 axialRotation: -60.33 zShift: 5.9 energy: 50.8398
MCAccept 1 xShift: 7.25794 crossingAngle: -42.366 axialRotation: -60.33 zShift: 5.9 energy: 32.2677
MCReject   xShift: 7.25794 crossingAngle: -42.3778 axialRotation: -60.33 zShift: 5.9 energy: 32.386
MCReject   xShift: 7.25794 crossingAngle: -42.4028 axialRotation: -60.33 zShift: 5.9 energy: 50.2128
MCAccept 2 xShift: 7.26003 crossingAngle: -42.366 axialRotation: -60.33 zShift: 5.9 energy: 32.3267
MCReject   xShift: 7.24316 crossingAngle: -42.366 axialRotation: -60.33 zShift: 5.9 energy: 50.8398
MCAccept 3 xShift: 7.26003 crossingAngle: -42.33 axialRotation: -60.33 zShift: 5.9 energy: 32.2677
MCReject   xShift: 7.26003 crossingAngle: -42.33 axialRotation: -60.33 zShift: 5.91186 energy: 33.6872
MCReject   xShift: 7.26003 crossingAngle: -42.33 axialRotation: -60.33 zShift: 5.89754 energy: 50.3558
MCReject   xShift: 7.26003 crossingAngle: -42.33 axialRotation: -60.4282 zShift: 5.9 energy: 50.8398
MCReject   xShift: 7.26003 crossingAngle: -42.33 axialRotation: -60.33 zShift: 5.91843 energy: 34.3132
MCReject   xShift: 7.26003 crossingAngle: -42.33 axialRotation: -60.33 zShift: 5.88193 energy: 47.3874
MCReject   xShift: 7.26003 crossingAngle: -42.2405 axialRotation: -60.33 zShift: 5.9 energy: 50.8988
MCAccept 4 xShift: 7.26003 crossingAngle: -42.33 axialRotation: -60.33 zShift: 5.88578 energy: 30.834
MCAccept 5 xShift: 7.26003 crossingAngle: -42.33 axialRotation: -60.5064 zShift: 5.88578 energy: 30.8946
MCAccept 6 xShift: 7.26003 crossingAngle: -42.33 axialRotation: -60.4305 zShift: 5.88578 energy: 30.834
MCAccept 7 xShift: 7.26003 crossingAngle: -42.3732 axialRotation: -60.4305 zShift: 5.88578 energy: 30.8358
MCReject   xShift: 7.26003 crossingAngle: -42.3732 axialRotation: -60.4305 zShift: 5.89876 energy: 32.194
MCAccept 8 xShift: 7.27169 crossingAngle: -42.3732 axialRotation: -60.4305 zShift: 5.88578 energy: 30.7752
MCAccept 9 xShift: 7.27169 crossingAngle: -42.3732 axialRotation: -60.4382 zShift: 5.88578 energy: 30.7752
MCReject   xShift: 7.27169 crossingAngle: -42.3732 axialRotation: -60.4382 zShift: 5.89557 energy: 31.8534
MCAccept 10 xShift: 7.27169 crossingAngle: -42.4919 axialRotation: -60.4382 zShift: 5.88578 energy: 30.2669
MCReject   xShift: 7.27169 crossingAngle: -42.4919 axialRotation: -60.4326 zShift: 5.88578 energy: 47.3308
MCReject   xShift: 7.27169 crossingAngle: -42.4919 axialRotation: -60.4382 zShift: 5.87861 energy: 46.7798
MCReject   xShift: 7.27169 crossingAngle: -42.5314 axialRotation: -60.4382 zShift: 5.88578 energy: 48.1043
MCReject   xShift: 7.27169 crossingAngle: -42.6162 axialRotation: -60.4382 zShift: 5.88578 energy: 48.1043
MCReject   xShift: 7.27169 crossingAngle: -42.4204 axialRotation: -60.4382 zShift: 5.88578 energy: 48.1043
MCReject   xShift: 7.2758 crossingAngle: -42.4919 axialRotation: -60.4382 zShift: 5.88578 energy: 48.1631
MCReject   xShift: 7.27169 crossingAngle: -42.5076 axialRotation: -60.4382 zShift: 5.88578 energy: 48.1043
MCReject   xShift: 7.27169 crossingAngle: -42.4919 axialRotation: -60.3968 zShift: 5.88578 energy: 30.834
MCReject   xShift: 7.28302 crossingAngle: -42.4919 axialRotation: -60.4382 zShift: 5.88578 energy: 48.1043
MCReject   xShift: 7.27169 crossingAngle: -42.4919 axialRotation: -60.4374 zShift: 5.88578 energy: 48.1043
MCReject   xShift: 7.27169 crossingAngle: -42.4919 axialRotation: -60.337 zShift: 5.88578 energy: 48.1043
MCReject   xShift: 7.27169 crossingAngle: -42.4919 axialRotation: -60.4382 zShift: 5.90592 energy: 32.9694
MCReject   xShift: 7.27169 crossingAngle: -42.4919 axialRotation: -60.4382 zShift: 5.91099 energy: 33.4719
MCReject   xShift: 7.27169 crossingAngle: -42.4919 axialRotation: -60.5554 zShift: 5.88578 energy: 48.1043
MCReject   xShift: 7.27169 crossingAngle: -42.4919 axialRotation: -60.4382 zShift: 5.90282 energy: 51.4006
MCReject   xShift: 7.27169 crossingAngle: -42.4919 axialRotation: -60.5564 zShift: 5.88578 energy: 30.7752
MCReject   xShift: 7.27169 crossingAngle: -42.4506 axialRotation: -60.4382 zShift: 5.88578 energy: 30.8358
MCReject   xShift: 7.27169 crossingAngle: -42.4919 axialRotation: -60.284 zShift: 5.88578 energy: 48.1043
MCReject   xShift: 7.27169 crossingAngle: -42.4919 axialRotation: -60.3512 zShift: 5.88578 energy: 48.1043
MCReject   xShift: 7.27169 crossingAngle: -42.4919 axialRotation: -60.4382 zShift: 5.89573 energy: 31.8718
MCReject   xShift: 7.25342 crossingAngle: -42.4919 axialRotation: -60.4382 zShift: 5.88578 energy: 48.1043
MCAccept 11 xShift: 7.27169 crossingAngle: -42.3176 axialRotation: -60.4382 zShift: 5.88578 energy: 30.0017
MCReject   xShift: 7.27169 crossingAngle: -42.3176 axialRotation: -60.4382 zShift: 5.91355 energy: 33.7593
MCReject   xShift: 7.27169 crossingAngle: -42.3052 axialRotation: -60.4382 zShift: 5.88578 energy: 30.8946
MCAccept 12 xShift: 7.27169 crossingAngle: -42.3176 axialRotation: -60.4937 zShift: 5.88578 energy: 30.0624
MCReject   xShift: 7.27169 crossingAngle: -42.3176 axialRotation: -60.6154 zShift: 5.88578 energy: 48.1043
MCReject   xShift: 7.27169 crossingAngle: -42.3015 axialRotation: -60.4937 zShift: 5.88578 energy: 30.8875
MCReject   xShift: 7.27169 crossingAngle: -42.3349 axialRotation: -60.4937 zShift: 5.88578 energy: 30.8946
MCAccept 13 xShift: 7.27169 crossingAngle: -42.3256 axialRotation: -60.4937 zShift: 5.88578 energy: 30.0017
MCAccept 14 xShift: 7.27169 crossingAngle: -42.3256 axialRotation: -60.4937 zShift: 5.85308 energy: 27.0176
MCReject   xShift: 7.27169 crossingAngle: -42.3256 axialRotation: -60.4937 zShift: 5.84019 energy: 40.2779
MCReject   xShift: 7.27169 crossingAngle: -42.3256 axialRotation: -60.4937 zShift: 5.84947 energy: 41.7632
MCReject   xShift: 7.26144 crossingAngle: -42.3256 axialRotation: -60.4937 zShift: 5.85308 energy: 27.72
MCReject   xShift: 7.27169 crossingAngle: -42.3256 axialRotation: -60.5082 zShift: 5.85308 energy: 42.3546
MCReject   xShift: 7.27169 crossingAngle: -42.3311 axialRotation: -60.4937 zShift: 5.85308 energy: 42.3546
MCReject   xShift: 7.27169 crossingAngle: -42.3256 axialRotation: -60.7312 zShift: 5.85308 energy: 27.598
MCReject   xShift: 7.27394 crossingAngle: -42.3256 axialRotation: -60.4937 zShift: 5.85308 energy: 42.3546
MCReject   xShift: 7.25558 crossingAngle: -42.3256 axialRotation: -60.4937 zShift: 5.85308 energy: 42.3546
MCReject   xShift: 7.27169 crossingAngle: -42.2769 axialRotation: -60.4937 zShift: 5.85308 energy: 27.6564
MCReject   xShift: 7.27169 crossingAngle: -42.354 axialRotation: -60.4937 zShift: 5.85308 energy: 42.3546
MCReject   xShift: 7.27169 crossingAngle: -42.4078 axialRotation: -60.4937 zShift: 5.85308 energy: 42.3546
MCReject   xShift: 7.27169 crossingAngle: -42.3256 axialRotation: -60.3619 zShift: 5.85308 energy: 27.72
MCReject   xShift: 7.27169 crossingAngle: -42.3256 axialRotation: -60.3866 zShift: 5.85308 energy: 27.6564
MCReject   xShift: 7.27169 crossingAngle: -42.3386 axialRotation: -60.4937 zShift: 5.85308 energy: 42.3546
MCReject   xShift: 7.27169 crossingAngle: -42.3256 axialRotation: -60.2891 zShift: 5.85308 energy: 42.413
MCReject   xShift: 7.27169 crossingAngle: -42.3256 axialRotation: -60.4937 zShift: 5.8518 energy: 42.2018
MCReject   xShift: 7.26595 crossingAngle: -42.3256 axialRotation: -60.4937 zShift: 5.85308 energy: 27.72
MCReject   xShift: 7.27169 crossingAngle: -42.3256 axialRotation: -60.349 zShift: 5.85308 energy: 42.413
MCReject   xShift: 7.27169 crossingAngle: -42.3256 axialRotation: -60.5652 zShift: 5.85308 energy: 28.2254
MCReject   xShift: 7.27169 crossingAngle: -42.3256 axialRotation: -60.4937 zShift: 5.8422 energy: 40.6539
MCReject   xShift: 7.27313 crossingAngle: -42.3256 axialRotation: -60.4937 zShift: 5.85308 energy: 27.598
MCReject   xShift: 7.27169 crossingAngle: -42.2255 axialRotation: -60.4937 zShift: 5.85308 energy: 42.413
MCReject   xShift: 7.27169 crossingAngle: -42.3256 axialRotation: -60.3204 zShift: 5.85308 energy: 27.72
MCAccept 15 xShift: 7.2832 crossingAngle: -42.3256 axialRotation: -60.4937 zShift: 5.85308 energy: 27.6564
MCReject   xShift: 7.2832 crossingAngle: -42.3256 axialRotation: -60.4937 zShift: 5.85242 energy: 42.2452
MCAccept 16 xShift: 7.2832 crossingAngle: -42.3256 axialRotation: -60.4021 zShift: 5.85308 energy: 26.8691
MCReject   xShift: 7.2832 crossingAngle: -42.3256 axialRotation: -60.4021 zShift: 5.85808 energy: 43.1868
MCReject   xShift: 7.2832 crossingAngle: -42.3256 axialRotation: -60.4021 zShift: 5.84993 energy: 41.8371
MCReject   xShift: 7.2832 crossingAngle: -42.3256 axialRotation: -60.4021 zShift: 5.85613 energy: 27.9431
MCReject   xShift: 7.30696 crossingAngle: -42.3256 axialRotation: -60.4021 zShift: 5.85308 energy: 27.6564
MCReject   xShift: 7.2832 crossingAngle: -42.3256 axialRotation: -60.4021 zShift: 5.86728 energy: 44.7626
MCReject   xShift: 7.27538 crossingAngle: -42.3256 axialRotation: -60.4021 zShift: 5.85308 energy: 42.3546
MCReject   xShift: 7.2832 crossingAngle: -42.3256 axialRotation: -60.4021 zShift: 5.85512 energy: 27.7864
MCReject   xShift: 7.2832 crossingAngle: -42.253 axialRotation: -60.4021 zShift: 5.85308 energy: 27.598
MCReject   xShift: 7.29642 crossingAngle: -42.3256 axialRotation: -60.4021 zShift: 5.85308 energy: 42.3546
MCReject   xShift: 7.2832 crossingAngle: -42.3256 axialRotation: -60.4021 zShift: 5.86779 energy: 29.0437
MCReject   xShift: 7.29507 crossingAngle: -42.3256 axialRotation: -60.4021 zShift: 5.85308 energy: 42.3546
MCReject   xShift: 7.28367 crossingAngle: -42.3256 axialRotation: -60.4021 zShift: 5.85308 energy: 42.3546
MCReject   xShift: 7.2832 crossingAngle: -42.3256 axialRotation: -60.4497 zShift: 5.85308 energy: 27.72
MCReject   xShift: 7.2832 crossingAngle: -42.3763 axialRotation: -60.4021 zShift: 5.85308 energy: 27.6616
MCReject   xShift: 7.27961 crossingAngle: -42.3256 axialRotation: -60.4021 zShift: 5.85308 energy: 27.72
MCReject   xShift: 7.2832 crossingAngle: -42.3256 axialRotation: -60.1554 zShift: 5.85308 energy: 27.6616
MCReject   xShift: 7.2832 crossingAngle: -42.2278 axialRotation: -60.4021 zShift: 5.85308 energy: 27.598
MCReject   xShift: 7.2832 crossingAngle: -42.2962 axialRotation: -60.4021 zShift: 5.85308 energy: 42.3546
MCReject   xShift: 7.2832 crossingAngle: -42.3256 axialRotation: -60.4021 zShift: 5.86106 energy: 43.6918
MCReject   xShift: 7.2832 crossingAngle: -42.3256 axialRotation: -60.4021 zShift: 5.83944 energy: 39.5768
MCReject   xShift: 7.2832 crossingAngle: -42.3256 axialRotation: -60.4786 zShift: 5.85308 energy: 27.6564
MCReject   xShift: 7.2832 crossingAngle: -42.3256 axialRotation: -60.3224 zShift: 5.85308 energy: 27.6564
MCReject   xShift: 7.2832 crossingAngle: -42.3256 axialRotation: -60.4021 zShift: 5.85588 energy: 27.8568
MCReject   xShift: 7.28274 crossingAngle: -42.3256 axialRotation: -60.4021 zShift: 5.85308 energy: 42.3546
MCReject   xShift: 7.2832 crossingAngle: -42.3195 axialRotation: -60.4021 zShift: 5.85308 energy: 42.3546
MCReject   xShift: 7.2832 crossingAngle: -42.3256 axialRotation: -60.4023 zShift: 5.85308 energy: 42.3546
MCReject   xShift: 7.2832 crossingAngle: -42.2282 axialRotation: -60.4021 zShift: 5.85308 energy: 27.598
MCReject   xShift: 7.2832 crossingAngle: -42.3256 axialRotation: -60.5537 zShift: 5.85308 energy: 27.72
MCReject   xShift: 7.2832 crossingAngle: -42.3256 axialRotation: -60.5033 zShift: 5.85308 energy: 27.6616
MCReject   xShift: 7.28378 crossingAngle: -42.3256 axialRotation: -60.4021 zShift: 5.85308 energy: 27.598
MCReject   xShift: 7.2832 crossingAngle: -42.5002 axialRotation: -60.4021 zShift: 5.85308 energy: 42.3546
MCReject   xShift: 7.27769 crossingAngle: -42.3256 axialRotation: -60.4021 zShift: 5.85308 energy: 27.6564
MCReject   xShift: 7.2832 crossingAngle: -42.3256 axialRotation: -60.4571 zShift: 5.85308 energy: 27.6616
MCReject   xShift: 7.29454 crossingAngle: -42.3256 axialRotation: -60.4021 zShift: 5.85308 energy: 27.6564
MCReject   xShift: 7.26808 crossingAngle: -42.3256 axialRotation: -60.4021 zShift: 5.85308 energy: 41.7131
MCReject   xShift: 7.2832 crossingAngle: -42.3256 axialRotation: -60.4021 zShift: 5.8475 energy: 27.1524
MCReject   xShift: 7.2832 crossingAngle: -42.3256 axialRotation: -60.534 zShift: 5.85308 energy: 27.598
MCReject   xShift: 7.29089 crossingAngle: -42.3256 axialRotation: -60.4021 zShift: 5.85308 energy: 42.3546
MCReject   xShift: 7.2832 crossingAngle: -42.3256 axialRotation: -60.5715 zShift: 5.85308 energy: 27.72
MCReject   xShift: 7.27964 crossingAngle: -42.3256 axialRotation: -60.4021 zShift: 5.85308 energy: 27.6616
MCReject   xShift: 7.2832 crossingAngle: -42.3256 axialRotation: -60.1819 zShift: 5.85308 energy: 41.7131
MCReject   xShift: 7.2832 crossingAngle: -42.3256 axialRotation: -60.4021 zShift: 5.84806 energy: 27.1395
MCReject   xShift: 7.2832 crossingAngle: -42.3256 axialRotation: -60.4021 zShift: 5.85585 energy: 42.8144
MCReject   xShift: 7.29124 crossingAngle: -42.3256 axialRotation: -60.4021 zShift: 5.85308 energy: 27.72
MCReject   xShift: 7.2832 crossingAngle: -42.3906 axialRotation: -60.4021 zShift: 5.85308 energy: 27.598
MCReject   xShift: 7.2832 crossingAngle: -42.4096 axialRotation: -60.4021 zShift: 5.85308 energy: 27.598
MCReject   xShift: 7.2832 crossingAngle: -42.3256 axialRotation: -60.4021 zShift: 5.84851 energy: 27.2382
MCReject   xShift: 7.29829 crossingAngle: -42.3256 axialRotation: -60.4021 zShift: 5.85308 energy: 41.7131
MCAccept 17 xShift: 7.28682 crossingAngle: -42.3256 axialRotation: -60.4021 zShift: 5.85308 energy: 26.8691
MCReject   xShift: 7.28682 crossingAngle: -42.3256 axialRotation: -60.3999 zShift: 5.85308 energy: 27.6564
MCReject   xShift: 7.27569 crossingAngle: -42.3256 axialRotation: -60.4021 zShift: 5.85308 energy: 42.3546
MCReject   xShift: 7.28682 crossingAngle: -42.3256 axialRotation: -60.4021 zShift: 5.86295 energy: 28.5837
MCReject   xShift: 7.28685 crossingAngle: -42.3256 axialRotation: -60.4021 zShift: 5.85308 energy: 26.9327
MCReject   xShift: 7.28682 crossingAngle: -42.3256 axialRotation: -60.3777 zShift: 5.85308 energy: 27.6616
MCReject   xShift: 7.28682 crossingAngle: -42.3256 axialRotation: -60.2116 zShift: 5.85308 energy: 27.598
MCReject   xShift: 7.27522 crossingAngle: -42.3256 axialRotation: -60.4021 zShift: 5.85308 energy: 41.7741
MCAccept 18 xShift: 7.28252 crossingAngle: -42.3256 axialRotation: -60.4021 zShift: 5.85308 energy: 26.8691
MCReject   xShift: 7.28252 crossingAngle: -42.3256 axialRotation: -60.256 zShift: 5.85308 energy: 27.6616
MCReject   xShift: 7.28252 crossingAngle: -42.3338 axialRotation: -60.4021 zShift: 5.85308 energy: 42.413
MCReject   xShift: 7.28252 crossingAngle: -42.3256 axialRotation: -60.4274 zShift: 5.85308 energy: 27.598
MCReject   xShift: 7.28252 crossingAngle: -42.3256 axialRotation: -60.4021 zShift: 5.85505 energy: 27.9017
MCReject   xShift: 7.28252 crossingAngle: -42.6894 axialRotation: -60.4021 zShift: 5.85308 energy: 42.413
MCReject   xShift: 7.28252 crossingAngle: -42.3421 axialRotation: -60.4021 zShift: 5.85308 energy: 42.3546
MCReject   xShift: 7.28252 crossingAngle: -42.3256 axialRotation: -60.4174 zShift: 5.85308 energy: 42.3546
MCReject   xShift: 7.28252 crossingAngle: -42.3422 axialRotation: -60.4021 zShift: 5.85308 energy: 41.135
MCReject   xShift: 7.27947 crossingAngle: -42.3256 axialRotation: -60.4021 zShift: 5.85308 energy: 27.598
MCReject   xShift: 7.28252 crossingAngle: -42.3256 axialRotation: -60.3625 zShift: 5.85308 energy: 27.6616
MCReject   xShift: 7.27755 crossingAngle: -42.3256 axialRotation: -60.4021 zShift: 5.85308 energy: 42.3546
MCReject   xShift: 7.28252 crossingAngle: -42.293 axialRotation: -60.4021 zShift: 5.85308 energy: 41.5696
MCReject   xShift: 7.28252 crossingAngle: -42.3256 axialRotation: -60.406 zShift: 5.85308 energy: 42.3546
MCReject   xShift: 7.27662 crossingAngle: -42.3256 axialRotation: -60.4021 zShift: 5.85308 energy: 27.72
MCReject   xShift: 7.28781 crossingAngle: -42.3256 axialRotation: -60.4021 zShift: 5.85308 energy: 42.3546
MCAccept 19 xShift: 7.27096 crossingAngle: -42.3256 axialRotation: -60.4021 zShift: 5.85308 energy: 27.0202
MCReject   xShift: 7.28955 crossingAngle: -42.3256 axialRotation: -60.4021 zShift: 5.85308 energy: 42.413
MCReject   xShift: 7.27096 crossingAngle: -42.3256 axialRotation: -60.3859 zShift: 5.85308 energy: 42.413
MCReject   xShift: 7.27604 crossingAngle: -42.3256 axialRotation: -60.4021 zShift: 5.85308 energy: 42.3546
MCReject   xShift: 7.27096 crossingAngle: -42.3256 axialRotation: -60.4021 zShift: 5.85079 energy: 41.9773
MCReject   xShift: 7.27096 crossingAngle: -42.3256 axialRotation: -60.4021 zShift: 5.85925 energy: 28.2935
MCReject   xShift: 7.26633 crossingAngle: -42.3256 axialRotation: -60.4021 zShift: 5.85308 energy: 42.3546
MCReject   xShift: 7.28999 crossingAngle: -42.3256 axialRotation: -60.4021 zShift: 5.85308 energy: 27.72
MCReject   xShift: 7.27096 crossingAngle: -42.3256 axialRotation: -60.4021 zShift: 5.85467 energy: 41.8332
MCReject   xShift: 7.27671 crossingAngle: -42.3256 axialRotation: -60.4021 zShift: 5.85308 energy: 27.72
MCReject   xShift: 7.27096 crossingAngle: -42.1299 axialRotation: -60.4021 zShift: 5.85308 energy: 42.3546
MCReject   xShift: 7.27096 crossingAngle: -42.3089 axialRotation: -60.4021 zShift: 5.85308 energy: 27.6616
MCReject   xShift: 7.28462 crossingAngle: -42.3256 axialRotation: -60.4021 zShift: 5.85308 energy: 27.598
MCReject   xShift: 7.27096 crossingAngle: -42.3357 axialRotation: -60.4021 zShift: 5.85308 energy: 42.3546
MCReject   xShift: 7.27096 crossingAngle: -42.2819 axialRotation: -60.4021 zShift: 5.85308 energy: 42.3546
MCReject   xShift: 7.27096 crossingAngle: -42.3256 axialRotation: -60.5635 zShift: 5.85308 energy: 42.3546
MCReject   xShift: 7.27096 crossingAngle: -42.2167 axialRotation: -60.4021 zShift: 5.85308 energy: 42.413
MCReject   xShift: 7.26201 crossingAngle: -42.3256 axialRotation: -60.4021 zShift: 5.85308 energy: 42.3546
MCAccept 20 xShift: 7.27096 crossingAngle: -42.286 axialRotation: -60.4021 zShift: 5.85308 energy: 27.0812
MCReject   xShift: 7.27096 crossingAngle: -42.286 axialRotation: -60.3504 zShift: 5.85308 energy: 27.6616
MCReject   xShift: 7.27096 crossingAngle: -42.1614 axialRotation: -60.4021 zShift: 5.85308 energy: 42.413
MCReject   xShift: 7.27948 crossingAngle: -42.286 axialRotation: -60.4021 zShift: 5.85308 energy: 27.598
MCReject   xShift: 7.27096 crossingAngle: -42.286 axialRotation: -60.4021 zShift: 5.86384 energy: 44.1662
MCReject   xShift: 7.27096 crossingAngle: -42.234 axialRotation: -60.4021 zShift: 5.85308 energy: 27.6616
MCReject   xShift: 7.27096 crossingAngle: -42.286 axialRotation: -60.4021 zShift: 5.84037 energy: 40.3064
MCReject   xShift: 7.27096 crossingAngle: -42.286 axialRotation: -60.4021 zShift: 5.85262 energy: 42.3362
MCReject   xShift: 7.27096 crossingAngle: -42.286 axialRotation: -60.4021 zShift: 5.83505 energy: 39.5367
MCReject   xShift: 7.28483 crossingAngle: -42.286 axialRotation: -60.4021 zShift: 5.85308 energy: 42.3546
MCReject   xShift: 7.27096 crossingAngle: -42.286 axialRotation: -60.4021 zShift: 5.84451 energy: 41.0218
MCReject   xShift: 7.27096 crossingAngle: -42.286 axialRotation: -60.4564 zShift: 5.85308 energy: 42.3546
MCReject   xShift: 7.27096 crossingAngle: -42.286 axialRotation: -60.4021 zShift: 5.83386 energy: 39.2948
MCAccept 21 xShift: 7.26322 crossingAngle: -42.286 axialRotation: -60.4021 zShift: 5.85308 energy: 26.8691
MCReject   xShift: 7.26322 crossingAngle: -42.286 axialRotation: -60.3937 zShift: 5.85308 energy: 27.6564
MCReject   xShift: 7.26322 crossingAngle: -42.389 axialRotation: -60.4021 zShift: 5.85308 energy: 42.3546
MCReject   xShift: 7.26322 crossingAngle: -42.286 axialRotation: -60.4919 zShift: 5.85308 energy: 27.6616
MCReject   xShift: 7.26171 crossingAngle: -42.286 axialRotation: -60.4021 zShift: 5.85308 energy: 27.6616
MCReject   xShift: 7.26322 crossingAngle: -42.286 axialRotation: -60.4021 zShift: 5.87108 energy: 45.4877
MCReject   xShift: 7.26493 crossingAngle: -42.286 axialRotation: -60.4021 zShift: 5.85308 energy: 41.6256
MCAccept 22 xShift: 7.26322 crossingAngle: -42.286 axialRotation: -60.4021 zShift: 5.84409 energy: 26.8407
MCReject   xShift: 7.26322 crossingAngle: -42.286 axialRotation: -60.4021 zShift: 5.83254 energy: 39.1508
MCReject   xShift: 7.26322 crossingAngle: -42.286 axialRotation: -60.4021 zShift: 5.85514 energy: 42.7536
MCAccept 23 xShift: 7.26322 crossingAngle: -42.3569 axialRotation: -60.4021 zShift: 5.84409 energy: 26.8407
MCAccept 24 xShift: 7.26322 crossingAngle: -42.3569 axialRotation: -60.4021 zShift: 5.84131 energy: 26.599
MCReject   xShift: 7.26322 crossingAngle: -42.3569 axialRotation: -60.1788 zShift: 5.84131 energy: 40.4544
MCAccept 25 xShift: 7.26322 crossingAngle: -42.3569 axialRotation: -60.497 zShift: 5.84131 energy: 26.5343
MCReject   xShift: 7.26322 crossingAngle: -42.3486 axialRotation: -60.497 zShift: 5.84131 energy: 40.4544
MCAccept 26 xShift: 7.26917 crossingAngle: -42.3569 axialRotation: -60.497 zShift: 5.84131 energy: 26.5343
MCReject   xShift: 7.26917 crossingAngle: -42.234 axialRotation: -60.497 zShift: 5.84131 energy: 40.4544
MCAccept 27 xShift: 7.26917 crossingAngle: -42.3569 axialRotation: -60.497 zShift: 5.82605 energy: 25.5291
MCReject   xShift: 7.26917 crossingAngle: -42.3569 axialRotation: -60.497 zShift: 5.84616 energy: 41.2279
MCAccept 28 xShift: 7.26917 crossingAngle: -42.1445 axialRotation: -60.497 zShift: 5.82605 energy: 25.2138
MCAccept 29 xShift: 7.2664 crossingAngle: -42.1445 axialRotation: -60.497 zShift: 5.82605 energy: 25.2138
MCReject   xShift: 7.2664 crossingAngle: -42.0793 axialRotation: -60.497 zShift: 5.82605 energy: 25.3378
MCReject   xShift: 7.2664 crossingAngle: -42.1445 axialRotation: -60.497 zShift: 5.83887 energy: 26.319
MCReject   xShift: 7.27316 crossingAngle: -42.1445 axialRotation: -60.497 zShift: 5.82605 energy: 38.1144
MCReject   xShift: 7.2664 crossingAngle: -42.0702 axialRotation: -60.497 zShift: 5.82605 energy: 25.4694
MCReject   xShift: 7.2664 crossingAngle: -42.1445 axialRotation: -60.5342 zShift: 5.82605 energy: 25.2798
MCReject   xShift: 7.2664 crossingAngle: -42.1445 axialRotation: -60.5319 zShift: 5.82605 energy: 37.5266
MCAccept 30 xShift: 7.25547 crossingAngle: -42.1445 axialRotation: -60.497 zShift: 5.82605 energy: 25.2798
MCReject   xShift: 7.25547 crossingAngle: -42.1445 axialRotation: -60.497 zShift: 5.83323 energy: 25.885
MCReject   xShift: 7.25547 crossingAngle: -42.1445 axialRotation: -60.3662 zShift: 5.82605 energy: 38.1725
MCReject   xShift: 7.25547 crossingAngle: -42.1445 axialRotation: -60.497 zShift: 5.8323 energy: 39.0558
MCAccept 31 xShift: 7.25547 crossingAngle: -42.1445 axialRotation: -60.497 zShift: 5.81823 energy: 24.6188
MCAccept 32 xShift: 7.2438 crossingAngle: -42.1445 axialRotation: -60.497 zShift: 5.81823 energy: 24.6188
MCAccept 33 xShift: 7.2438 crossingAngle: -42.164 axialRotation: -60.497 zShift: 5.81823 energy: 24.6188
MCAccept 34 xShift: 7.2438 crossingAngle: -42.2006 axialRotation: -60.497 zShift: 5.81823 energy: 24.5609
MCReject   xShift: 7.2438 crossingAngle: -42.1774 axialRotation: -60.497 zShift: 5.81823 energy: 37.0238
MCReject   xShift: 7.24261 crossingAngle: -42.2006 axialRotation: -60.497 zShift: 5.81823 energy: 36.9659
MCReject   xShift: 7.2438 crossingAngle: -42.3766 axialRotation: -60.497 zShift: 5.81823 energy: 36.1716
MCAccept 35 xShift: 7.23926 crossingAngle: -42.2006 axialRotation: -60.497 zShift: 5.81823 energy: 24.0379
MCReject   xShift: 7.23926 crossingAngle: -42.2276 axialRotation: -60.497 zShift: 5.81823 energy: 24.6188
MCReject   xShift: 7.23926 crossingAngle: -42.0936 axialRotation: -60.497 zShift: 5.81823 energy: 24.6276
MCReject   xShift: 7.24821 crossingAngle: -42.2006 axialRotation: -60.497 zShift: 5.81823 energy: 24.6276
MCReject   xShift: 7.23514 crossingAngle: -42.2006 axialRotation: -60.497 zShift: 5.81823 energy: 24.6188
MCReject   xShift: 7.23926 crossingAngle: -42.2799 axialRotation: -60.497 zShift: 5.81823 energy: 24.5609
MCReject   xShift: 7.2632 crossingAngle: -42.2006 axialRotation: -60.497 zShift: 5.81823 energy: 24.5609
MCReject   xShift: 7.22823 crossingAngle: -42.2006 axialRotation: -60.497 zShift: 5.81823 energy: 24.5609
MCReject   xShift: 7.23926 crossingAngle: -42.2006 axialRotation: -60.5772 zShift: 5.81823 energy: 36.9659
MCReject   xShift: 7.24772 crossingAngle: -42.2006 axialRotation: -60.497 zShift: 5.81823 energy: 36.9659
MCReject   xShift: 7.23926 crossingAngle: -42.3285 axialRotation: -60.497 zShift: 5.81823 energy: 24.6855
MCReject   xShift: 7.23926 crossingAngle: -42.2688 axialRotation: -60.497 zShift: 5.81823 energy: 37.0238
MCReject   xShift: 7.23926 crossingAngle: -42.2006 axialRotation: -60.497 zShift: 5.82102 energy: 37.372
MCAccept 36 xShift: 7.23926 crossingAngle: -42.2006 axialRotation: -60.497 zShift: 5.80231 energy: 23.3478
MCReject   xShift: 7.22778 crossingAngle: -42.2006 axialRotation: -60.497 zShift: 5.80231 energy: 23.4056
MCReject   xShift: 7.22184 crossingAngle: -42.2006 axialRotation: -60.497 zShift: 5.80231 energy: 34.7286
MCReject   xShift: 7.23926 crossingAngle: -42.2006 axialRotation: -60.497 zShift: 5.81695 energy: 36.1298
MCAccept 37 xShift: 7.23926 crossingAngle: -42.2295 axialRotation: -60.497 zShift: 5.80231 energy: 23.3375
MCReject   xShift: 7.23926 crossingAngle: -42.1867 axialRotation: -60.497 zShift: 5.80231 energy: 34.7286
MCReject   xShift: 7.23926 crossingAngle: -42.2659 axialRotation: -60.497 zShift: 5.80231 energy: 34.7286
MCAccept 38 xShift: 7.23926 crossingAngle: -42.0696 axialRotation: -60.497 zShift: 5.80231 energy: 23.2798
MCReject   xShift: 7.23926 crossingAngle: -42.0696 axialRotation: -60.3621 zShift: 5.80231 energy: 34.7286
MCAccept 39 xShift: 7.23926 crossingAngle: -42.0696 axialRotation: -60.497 zShift: 5.79815 energy: 23.0231
MCReject   xShift: 7.24268 crossingAngle: -42.0696 axialRotation: -60.497 zShift: 5.79815 energy: 34.1646
MCAccept 40 xShift: 7.23926 crossingAngle: -42.0696 axialRotation: -60.497 zShift: 5.79469 energy: 22.8139
MCAccept 41 xShift: 7.23926 crossingAngle: -42.0696 axialRotation: -60.5803 zShift: 5.79469 energy: 22.7452
MCReject   xShift: 7.23926 crossingAngle: -42.0696 axialRotation: -60.5803 zShift: 5.81194 energy: 36.1233
MCAccept 42 xShift: 7.23926 crossingAngle: -41.9502 axialRotation: -60.5803 zShift: 5.79469 energy: 22.1019
MCReject   xShift: 7.22505 crossingAngle: -41.9502 axialRotation: -60.5803 zShift: 5.79469 energy: 32.9035
MCReject   xShift: 7.2501 crossingAngle: -41.9502 axialRotation: -60.5803 zShift: 5.79469 energy: 32.9035
MCReject   xShift: 7.23926 crossingAngle: -41.9502 axialRotation: -60.6191 zShift: 5.79469 energy: 33.7023
MCReject   xShift: 7.23926 crossingAngle: -41.8914 axialRotation: -60.5803 zShift: 5.79469 energy: 22.8139
MCAccept 43 xShift: 7.23926 crossingAngle: -41.9502 axialRotation: -60.5803 zShift: 5.78418 energy: 21.9513
MCReject   xShift: 7.23926 crossingAngle: -42.0276 axialRotation: -60.5803 zShift: 5.78418 energy: 32.3347
MCReject   xShift: 7.23926 crossingAngle: -41.9502 axialRotation: -60.4895 zShift: 5.78418 energy: 32.3347
MCReject   xShift: 7.23926 crossingAngle: -41.9502 axialRotation: -60.5803 zShift: 5.78562 energy: 32.576
MCReject   xShift: 7.23926 crossingAngle: -41.9502 axialRotation: -60.502 zShift: 5.78418 energy: 22.0209
MCReject   xShift: 7.23926 crossingAngle: -41.9502 axialRotation: -60.4812 zShift: 5.78418 energy: 22.0209
MCReject   xShift: 7.23926 crossingAngle: -41.9502 axialRotation: -60.759 zShift: 5.78418 energy: 32.3921
MCReject   xShift: 7.23926 crossingAngle: -41.9502 axialRotation: -60.5803 zShift: 5.7818 energy: 32.0317
MCReject   xShift: 7.23926 crossingAngle: -41.9502 axialRotation: -60.5803 zShift: 5.77703 energy: 31.4339
MCAccept 44 xShift: 7.23926 crossingAngle: -41.942 axialRotation: -60.5803 zShift: 5.78418 energy: 21.9513
MCReject   xShift: 7.23926 crossingAngle: -42.1738 axialRotation: -60.5803 zShift: 5.78418 energy: 32.3347
MCReject   xShift: 7.23926 crossingAngle: -41.942 axialRotation: -60.7336 zShift: 5.78418 energy: 21.9634
MCReject   xShift: 7.23926 crossingAngle: -41.942 axialRotation: -60.5803 zShift: 5.77676 energy: 31.3993
MCReject   xShift: 7.23926 crossingAngle: -41.942 axialRotation: -60.5714 zShift: 5.78418 energy: 32.3347
MCAccept 45 xShift: 7.23926 crossingAngle: -41.8126 axialRotation: -60.5803 zShift: 5.78418 energy: 21.8939
MCReject   xShift: 7.23926 crossingAngle: -41.9346 axialRotation: -60.5803 zShift: 5.78418 energy: 32.3347
MCReject   xShift: 7.23926 crossingAngle: -41.8126 axialRotation: -60.5803 zShift: 5.77838 energy: 31.6598
MCReject   xShift: 7.25337 crossingAngle: -41.8126 axialRotation: -60.5803 zShift: 5.78418 energy: 21.9634
MCReject   xShift: 7.23926 crossingAngle: -41.8126 axialRotation: -60.4683 zShift: 5.78418 energy: 22.1134
MCAccept 46 xShift: 7.23926 crossingAngle: -41.8282 axialRotation: -60.5803 zShift: 5.78418 energy: 21.8939
MCReject   xShift: 7.23926 crossingAngle: -41.8282 axialRotation: -60.5803 zShift: 5.79779 energy: 34.1739
MCAccept 47 xShift: 7.23926 crossingAngle: -41.8282 axialRotation: -60.6436 zShift: 5.78418 energy: 21.8939
MCAccept 48 xShift: 7.23926 crossingAngle: -41.8342 axialRotation: -60.6436 zShift: 5.78418 energy: 21.8939
MCReject   xShift: 7.23926 crossingAngle: -41.8342 axialRotation: -60.6942 zShift: 5.78418 energy: 21.9634
MCReject   xShift: 7.25119 crossingAngle: -41.8342 axialRotation: -60.6436 zShift: 5.78418 energy: 32.3347
MCReject   xShift: 7.23926 crossingAngle: -41.8927 axialRotation: -60.6436 zShift: 5.78418 energy: 32.3347
MCReject   xShift: 7.23926 crossingAngle: -41.8342 axialRotation: -60.6361 zShift: 5.78418 energy: 32.3347
MCReject   xShift: 7.23926 crossingAngle: -41.9001 axialRotation: -60.6436 zShift: 5.78418 energy: 21.9634
MCReject   xShift: 7.23926 crossingAngle: -41.8342 axialRotation: -60.6436 zShift: 5.78624 energy: 32.5992
MCReject   xShift: 7.23926 crossingAngle: -41.8342 axialRotation: -60.4745 zShift: 5.78418 energy: 32.3921
MCReject   xShift: 7.2365 crossingAngle: -41.8342 axialRotation: -60.6436 zShift: 5.78418 energy: 32.3347
MCReject   xShift: 7.24205 crossingAngle: -41.8342 axialRotation: -60.6436 zShift: 5.78418 energy: 21.9513
MCReject   xShift: 7.23926 crossingAngle: -41.8342 axialRotation: -60.6436 zShift: 5.7721 energy: 30.883
MCReject   xShift: 7.23926 crossingAngle: -41.8342 axialRotation: -60.7061 zShift: 5.78418 energy: 32.3347
MCReject   xShift: 7.22608 crossingAngle: -41.8342 axialRotation: -60.6436 zShift: 5.78418 energy: 32.3921
MCReject   xShift: 7.23926 crossingAngle: -41.8342 axialRotation: -60.7067 zShift: 5.78418 energy: 32.3347
MCReject   xShift: 7.23926 crossingAngle: -41.7571 axialRotation: -60.6436 zShift: 5.78418 energy: 32.3347
MCReject   xShift: 7.23926 crossingAngle: -41.8342 axialRotation: -60.6436 zShift: 5.79634 energy: 22.941
MCReject   xShift: 7.23926 crossingAngle: -41.8342 axialRotation: -60.7348 zShift: 5.78418 energy: 32.3921
MCReject   xShift: 7.23926 crossingAngle: -41.8477 axialRotation: -60.6436 zShift: 5.78418 energy: 21.9513
MCReject   xShift: 7.24482 crossingAngle: -41.8342 axialRotation: -60.6436 zShift: 5.78418 energy: 32.3347
MCReject   xShift: 7.23926 crossingAngle: -41.8342 axialRotation: -60.6436 zShift: 5.77185 energy: 30.7954
MCReject   xShift: 7.23926 crossingAngle: -41.8342 axialRotation: -60.6436 zShift: 5.80116 energy: 23.2471
MCReject   xShift: 7.23926 crossingAngle: -41.8342 axialRotation: -60.7255 zShift: 5.78418 energy: 32.3347
MCReject   xShift: 7.23926 crossingAngle: -41.8342 axialRotation: -60.5668 zShift: 5.78418 energy: 21.9513
MCReject   xShift: 7.23926 crossingAngle: -41.8342 axialRotation: -60.6436 zShift: 5.77612 energy: 31.3204
MCReject   xShift: 7.23926 crossingAngle: -41.8342 axialRotation: -60.6436 zShift: 5.80584 energy: 35.2705
MCReject   xShift: 7.23926 crossingAngle: -41.8342 axialRotation: -60.5315 zShift: 5.78418 energy: 32.3347
MCReject   xShift: 7.23926 crossingAngle: -41.8342 axialRotation: -60.5315 zShift: 5.78418 energy: 32.3347
MCReject   xShift: 7.23926 crossingAngle: -41.6966 axialRotation: -60.6436 zShift: 5.78418 energy: 21.9513
MCReject   xShift: 7.24539 crossingAngle: -41.8342 axialRotation: -60.6436 zShift: 5.78418 energy: 32.3347
MCReject   xShift: 7.23926 crossingAngle: -41.8342 axialRotation: -60.6436 zShift: 5.80265 energy: 23.3744
MCAccept 49 xShift: 7.23926 crossingAngle: -41.8342 axialRotation: -60.6436 zShift: 5.77214 energy: 21.0147
MCReject   xShift: 7.23926 crossingAngle: -41.8342 axialRotation: -60.705 zShift: 5.77214 energy: 30.831
MCReject   xShift: 7.23058 crossingAngle: -41.8342 axialRotation: -60.6436 zShift: 5.77214 energy: 30.8883
MCAccept 50 xShift: 7.23926 crossingAngle: -42.0554 axialRotation: -60.6436 zShift: 5.77214 energy: 21.0147
MCReject   xShift: 7.23536 crossingAngle: -42.0554 axialRotation: -60.6436 zShift: 5.77214 energy: 30.831
MCReject   xShift: 7.23926 crossingAngle: -42.0554 axialRotation: -60.6452 zShift: 5.77214 energy: 30.831
MCReject   xShift: 7.23926 crossingAngle: -42.0554 axialRotation: -60.6394 zShift: 5.77214 energy: 30.831
MCReject   xShift: 7.23926 crossingAngle: -41.8653 axialRotation: -60.6436 zShift: 5.77214 energy: 30.0841
MCAccept 51 xShift: 7.23926 crossingAngle: -42.0554 axialRotation: -60.6032 zShift: 5.77214 energy: 21.0147
MCReject   xShift: 7.23926 crossingAngle: -42.0554 axialRotation: -60.6032 zShift: 5.78388 energy: 32.2958
MCAccept 52 xShift: 7.23926 crossingAngle: -41.9995 axialRotation: -60.6032 zShift: 5.77214 energy: 21.0147
MCReject   xShift: 7.22355 crossingAngle: -41.9995 axialRotation: -60.6032 zShift: 5.77214 energy: 30.831
MCAccept 53 xShift: 7.23926 crossingAngle: -41.9995 axialRotation: -60.6032 zShift: 5.76805 energy: 20.7799
MCReject   xShift: 7.23926 crossingAngle: -41.9488 axialRotation: -60.6032 zShift: 5.76805 energy: 30.3342
MCReject   xShift: 7.25035 crossingAngle: -41.9995 axialRotation: -60.6032 zShift: 5.76805 energy: 29.5869
MCAccept 54 xShift: 7.23926 crossingAngle: -42.1376 axialRotation: -60.6032 zShift: 5.76805 energy: 20.7227
MCReject   xShift: 7.23672 crossingAngle: -42.1376 axialRotation: -60.6032 zShift: 5.76805 energy: 30.3342
MCReject   xShift: 7.23926 crossingAngle: -42.0518 axialRotation: -60.6032 zShift: 5.76805 energy: 20.8507
MCReject   xShift: 7.23926 crossingAngle: -42.1376 axialRotation: -60.6182 zShift: 5.76805 energy: 29.7363
MCReject   xShift: 7.23926 crossingAngle: -42.1376 axialRotation: -60.6032 zShift: 5.75992 energy: 29.3688
MCReject   xShift: 7.23926 crossingAngle: -42.273 axialRotation: -60.6032 zShift: 5.76805 energy: 20.7935
MCAccept 55 xShift: 7.23926 crossingAngle: -42.0037 axialRotation: -60.6032 zShift: 5.76805 energy: 20.7227
MCReject   xShift: 7.23926 crossingAngle: -42.0037 axialRotation: -60.6437 zShift: 5.76805 energy: 20.7935
MCAccept 56 xShift: 7.23926 crossingAngle: -42.0037 axialRotation: -60.6032 zShift: 5.76406 energy: 20.5122
MCReject   xShift: 7.23926 crossingAngle: -42.0015 axialRotation: -60.6032 zShift: 5.76406 energy: 29.9138
MCReject   xShift: 7.23926 crossingAngle: -42.0037 axialRotation: -60.4908 zShift: 5.76406 energy: 29.8566
MCReject   xShift: 7.22282 crossingAngle: -42.0037 axialRotation: -60.6032 zShift: 5.76406 energy: 20.5695
MCReject   xShift: 7.23926 crossingAngle: -42.0037 axialRotation: -60.7263 zShift: 5.76406 energy: 29.8566
MCReject   xShift: 7.23926 crossingAngle: -42.1238 axialRotation: -60.6032 zShift: 5.76406 energy: 29.8566
MCReject   xShift: 7.23926 crossingAngle: -42.0037 axialRotation: -60.6116 zShift: 5.76406 energy: 29.8566
MCAccept 57 xShift: 7.24084 crossingAngle: -42.0037 axialRotation: -60.6032 zShift: 5.76406 energy: 19.8542
MCReject   xShift: 7.24084 crossingAngle: -42.0037 axialRotation: -60.5029 zShift: 5.76406 energy: 29.8566
MCReject   xShift: 7.24084 crossingAngle: -42.0037 axialRotation: -60.7276 zShift: 5.76406 energy: 29.8566
MCReject   xShift: 7.2479 crossingAngle: -42.0037 axialRotation: -60.6032 zShift: 5.76406 energy: 29.8566
MCReject   xShift: 7.24848 crossingAngle: -42.0037 axialRotation: -60.6032 zShift: 5.76406 energy: 29.9138
MCReject   xShift: 7.24084 crossingAngle: -42.0037 axialRotation: -60.6032 zShift: 5.764 energy: 20.5081
MCReject   xShift: 7.24084 crossingAngle: -42.0037 axialRotation: -60.6032 zShift: 5.74532 energy: 27.1055
MCReject   xShift: 7.24084 crossingAngle: -42.0037 axialRotation: -60.6032 zShift: 5.76012 energy: 29.3923
MCReject   xShift: 7.24084 crossingAngle: -42.0037 axialRotation: -60.6032 zShift: 5.74996 energy: 28.2823
MCReject   xShift: 7.22111 crossingAngle: -42.0037 axialRotation: -60.6032 zShift: 5.76406 energy: 20.4983
MCReject   xShift: 7.23049 crossingAngle: -42.0037 axialRotation: -60.6032 zShift: 5.76406 energy: 29.8566
MCReject   xShift: 7.23698 crossingAngle: -42.0037 axialRotation: -60.6032 zShift: 5.76406 energy: 20.4983
MCReject   xShift: 7.24129 crossingAngle: -42.0037 axialRotation: -60.6032 zShift: 5.76406 energy: 29.8566
MCReject   xShift: 7.24624 crossingAngle: -42.0037 axialRotation: -60.6032 zShift: 5.76406 energy: 20.4983
MCAccept 58 xShift: 7.26002 crossingAngle: -42.0037 axialRotation: -60.6032 zShift: 5.76406 energy: 19.7644
MCReject   xShift: 7.26002 crossingAngle: -42.0037 axialRotation: -60.6032 zShift: 5.77952 energy: 31.7448
MCAccept 59 xShift: 7.26002 crossingAngle: -42.0037 axialRotation: -60.5694 zShift: 5.76406 energy: 19.7094
MCReject   xShift: 7.26002 crossingAngle: -42.0037 axialRotation: -60.6509 zShift: 5.76406 energy: 20.4411
MCAccept 60 xShift: 7.26002 crossingAngle: -42.0037 axialRotation: -60.5694 zShift: 5.74914 energy: 19.5481
MCAccept 61 xShift: 7.26002 crossingAngle: -42.0037 axialRotation: -60.6125 zShift: 5.74914 energy: 19.4911
MCReject   xShift: 7.26002 crossingAngle: -42.0037 axialRotation: -60.6125 zShift: 5.75329 energy: 19.6986
MCReject   xShift: 7.26002 crossingAngle: -42.0037 axialRotation: -60.5661 zShift: 5.74914 energy: 28.133
MCReject   xShift: 7.27188 crossingAngle: -42.0037 axialRotation: -60.6125 zShift: 5.74914 energy: 19.5481
MCAccept 62 xShift: 7.26002 crossingAngle: -42.0037 axialRotation: -60.6165 zShift: 5.74914 energy: 19.4911
MCAccept 63 xShift: 7.26002 crossingAngle: -42.0037 axialRotation: -60.6165 zShift: 5.74271 energy: 18.2415
MCReject   xShift: 7.26002 crossingAngle: -42.0037 axialRotation: -60.8193 zShift: 5.74271 energy: 19.1211
MCReject   xShift: 7.26002 crossingAngle: -42.0037 axialRotation: -60.6165 zShift: 5.74335 energy: 19.0336
MCReject   xShift: 7.26002 crossingAngle: -42.0037 axialRotation: -60.598 zShift: 5.74271 energy: 27.4176
MCReject   xShift: 7.26002 crossingAngle: -42.0037 axialRotation: -60.6165 zShift: 5.747 energy: 27.8925
MCReject   xShift: 7.26002 crossingAngle: -42.0037 axialRotation: -60.6165 zShift: 5.73017 energy: 26.0691
MCReject   xShift: 7.27799 crossingAngle: -42.0037 axialRotation: -60.6165 zShift: 5.74271 energy: 27.4176
MCReject   xShift: 7.26002 crossingAngle: -42.0037 axialRotation: -60.7704 zShift: 5.74271 energy: 27.4176
MCReject   xShift: 7.26002 crossingAngle: -42.0037 axialRotation: -60.6165 zShift: 5.73734 energy: 26.8323
MCReject   xShift: 7.26002 crossingAngle: -41.9964 axialRotation: -60.6165 zShift: 5.74271 energy: 27.4176
MCReject   xShift: 7.26002 crossingAngle: -42.0037 axialRotation: -60.4851 zShift: 5.74271 energy: 27.4176
MCReject   xShift: 7.26833 crossingAngle: -42.0037 axialRotation: -60.6165 zShift: 5.74271 energy: 27.4176
MCReject   xShift: 7.26463 crossingAngle: -42.0037 axialRotation: -60.6165 zShift: 5.74271 energy: 19.0483
Energy #0: 18.2415
***GEOMETRY SHIFT***
xShift;        Before: 7.25; After: 7.26002
crossingAngle; Before: -42.54; After: -42.0037
axialRotation; Before: -60.33; After: -60.6165
zShift;        Before: 5.9; After: 5.74271
Energy;        Before: 9309.22; After: 18.2415

Completed all cycles. Accepted 64/370
Monte Carlo repack complete. Time: 67.8167min

