***STARTING GEOMETRY:***
xShift: 7.28181
crossingAngle: -42.0084
axialRotation: -61.0619
zShift: 5.46256

Number of MCCycles: 200
PrevSequence	CurrSequence	PrevEnergy	CurrEnergy	PrevEntropy	CurrEntropy	CurrentTemp
LLLYGLLYSLLGTLLTTLILI	LLLYGLLYSLLGTLLTFLILI	12.9939	13.4118	1.0043	0.119894	999.847
LLLYGLLYSLLGTLLTFLILI	LLLYGLLYSLLGTLLTTLILI	13.4118	12.5563	0.119894	1.0043	999.684
LLLYGLLYSLLGTLLTTLILI	LLLYGLLTSLLGTLLTTLILI	11.8568	12.0797	0.30482	0.538845	999.512
LLLYGLLTSLLGTLLTTLILI	LLLYGLLTSLLGTLLSTLILI	12.2317	14.9768	0.690823	0.220804	999.328
LLLYGLLTSLLGTLLSTLILI	LLLYGLLTSLLGTLLTTLILI	14.9768	12.3179	0.220804	0.690823	999.134
LLLYGLLTSLLGTLLTTLILI	LLLYGLLYSLLGTLLTTLILI	12.1659	11.8568	0.538845	0.30482	998.928
LLLYGLLYSLLGTLLTTLILI	LLLYGLLTSLLGTLLTTLILI	11.8568	12.0797	0.30482	0.538845	998.708
LLLYGLLTSLLGTLLTTLILI	LLLYGLLTSLLGTLLTFLILI	12.6877	13.1968	1.14683	0.0921195	998.476
LLLYGLLTSLLGTLLTFLILI	LLLYGLLTSLLGTLLTTLILI	13.1968	12.6342	0.0921195	1.14683	998.229
LLLYGLLTSLLGTLLTTLILI	LLLYGLLYSLLGTLLTTLILI	12.0263	12.0872	0.538845	0.30482	997.967
LLLYGLLYSLLGTLLTTLILI	LLLYGLLTSLLGTLLTTLILI	12.0872	12.0797	0.30482	0.538845	997.689
LLLYGLLTSLLGTLLTTLILI	LLLYGLLTSLLGTLLTFLILI	12.6877	13.1968	1.14683	0.0921195	997.394
LLLYGLLTSLLGTLLTFLILI	LLLTGLLTSLLGTLLTFLILI	13.2765	13.4916	0.171816	0.816184	997.081
LLLTGLLTSLLGTLLTFLILI	LLLTGLLTSLLGTLLYFLILI	13.4916	13.7141	0.816184	0.171816	996.749
LLLTGLLTSLLGTLLYFLILI	LLLTGLLTSLLGTLLTFLILI	13.7141	13.5473	0.171816	0.816184	996.397
LLLTGLLTSLLGTLLTFLILI	LLLTGLLFSLLGTLLTFLILI	13.5473	14.3205	0.816184	0.171816	996.023
LLLTGLLFSLLGTLLTFLILI	LLLTALLFSLLGTLLTFLILI	15.0211	16.5764	0.872342	0.154044	995.626
LLLTALLFSLLGTLLTFLILI	LLLTGLLFSLLGTLLTFLILI	16.5764	15.1409	0.154044	0.872342	995.205
LLLTGLLFSLLGTLLTFLILI	LLLTGLLFSLLGTLLTTLILI	14.4403	13.4675	0.171816	0.816184	994.758
LLLTGLLFSLLGTLLTTLILI	LLLTGLLFALLGTLLTTLILI	13.2936	13.6952	0.642213	0.244161	994.285
LLLTGLLFALLGTLLTTLILI	LLLGGLLFALLGTLLTTLILI	14.0428	14.2668	0.591758	0.271676	993.782
LLLGGLLFALLGTLLTTLILI	LLLGGLLFSLLGTLLTTLILI	14.2393	13.8621	0.244161	0.642213	993.249
LLLGGLLFSLLGTLLTTLILI	LLLGALLFSLLGTLLTTLILI	14.2852	14.3836	1.06535	0.107014	992.683
LLLGALLFSLLGTLLTTLILI	LLLGALLFALLGTLLTTLILI	14.6808	15.4666	0.404229	0.416521	992.084
LLLGALLFALLGTLLTTLILI	LLLGALLFALLGGLLTTLILI	15.54	21.1003	0.489954	0.34018	991.448
LLLGALLFALLGGLLTTLILI	LLLGALLFALLGGLLTFLILI	21.299	20.5802	0.538845	0.30482	990.773
LLLGALLFALLGGLLTFLILI	LLLGALLYALLGGLLTFLILI	20.6857	21.2855	0.410343	0.410343	990.058
LLLGALLYALLGGLLTFLILI	LLLGALLYSLLGGLLTFLILI	21.2917	20.4947	0.416521	0.404229	989.3
LLLGALLYSLLGGLLTFLILI	LLLTALLYSLLGGLLTFLILI	20.5476	19.3992	0.457192	0.366931	988.496
LLLTALLYSLLGGLLTFLILI	LLLTALLYSLLGTLLTFLILI	19.2793	16.0547	0.246959	0.636769	987.644
LLLTALLYSLLGTLLTFLILI	LLLTALLYALLGTLLTFLILI	15.8221	16.5931	0.404229	0.416521	986.74
LLLTALLYALLGTLLTFLILI	LLLTALLYALLGTLLYFLILI	16.6196	17.1526	0.443059	0.379341	985.783
LLLTALLYALLGTLLYFLILI	LLLTGLLYALLGTLLYFLILI	17.0494	16.3802	0.276169	0.584123	984.769
LLLTGLLYALLGTLLYFLILI	LLLTGLLTALLGTLLYFLILI	16.1754	14.7686	0.379341	0.443059	983.694
LLLTGLLTALLGTLLYFLILI	LLLTGLLTALLGTLLYYLILI	14.4577	16.4647	0.132101	0.952787	982.555
LLLTGLLTALLGTLLYYLILI	LLLTGLLTSLLGTLLYYLILI	15.7561	15.1495	0.244161	0.642213	981.348
LLLTGLLTSLLGTLLYYLILI	LLLTGLLTSLLGTLLYFLILI	15.4601	13.597	0.952787	0.132101	980.071
LLLTGLLTSLLGTLLYFLILI	LLLTGLLTSLLGTLLTFLILI	13.6367	13.4928	0.171816	0.816184	978.717
LLLTGLLTSLLGTLLTFLILI	LLLYGLLTSLLGTLLTFLILI	13.4928	13.222	0.816184	0.171816	977.285
LLLYGLLTSLLGTLLTFLILI	LLLTGLLTSLLGTLLTFLILI	13.222	13.4928	0.171816	0.816184	975.768
LLLTGLLTSLLGTLLTFLILI	LLLTGLLTSLLGTLLTYLILI	12.9167	13.7347	0.240035	0.650378	974.162
LLLTGLLTSLLGTLLTYLILI	LLLTGLLTALLGTLLTYLILI	13.7265	15.7305	0.642213	0.244161	972.463
LLLTGLLTALLGTLLTYLILI	LLLTGLLTALLGTLLSYLILI	16.4874	14.2071	1.001	0.120637	970.666
LLLTGLLTALLGTLLSYLILI	LLLGGLLTALLGTLLSYLILI	14.5764	14.4152	0.489954	0.34018	968.764
LLLGGLLTALLGTLLSYLILI	LLLGGLLTALLGTLLTYLILI	14.231	15.7528	0.155943	0.865998	966.754
LLLGGLLTALLGTLLTYLILI	LLLGGLLTALLGTLLSYLILI	15.7528	14.9862	0.865998	0.155943	964.627
LLLGGLLTALLGTLLSYLILI	LLLGGLLTALLGTLLYYLILI	15.0015	17.0319	0.171321	0.817658	962.38
LLLGGLLTALLGTLLYYLILI	LLLGGLLTALLGTLLYFLILI	17.167	15.2064	0.952787	0.132101	960.005
LLLGGLLTALLGTLLYFLILI	LLLGGLLTALLGTLLTFLILI	15.2938	15.1734	0.219549	0.693609	957.496
LLLGGLLTALLGTLLTFLILI	LLLTGLLTALLGTLLTFLILI	14.7515	14.2748	0.271676	0.591758	954.846
LLLTGLLTALLGTLLTFLILI	LLLTGLLTSLLGTLLTFLILI	13.9272	13.3176	0.244161	0.642213	952.048
LLLTGLLTSLLGTLLTFLILI	LLLYGLLTSLLGTLLTFLILI	13.4916	13.3617	0.816184	0.171816	949.095
LLLYGLLTSLLGTLLTFLILI	LLLYGLLYSLLGTLLTFLILI	13.6329	13.4953	0.443059	0.379341	945.979
LLLYGLLYSLLGTLLTFLILI	LLLYGLLYSLLGTLLAFLILI	14.107	15.8934	0.990994	0.122923	942.693
LLLYGLLYSLLGTLLAFLILI	LLLYGLLYSLLGTLLAYLILI	15.8618	17.6032	0.0912572	1.15198	939.229
LLLYGLLYSLLGTLLAYLILI	LLLYGLLYSLLGVLLAYLILI	17.0833	20.4205	0.632162	0.249358	935.578
LLLYGLLYSLLGVLLAYLILI	LLLYGLLYSLLGTLLAYLILI	20.4205	14.9031	0.249358	0.632162	931.732
LLLYGLLYSLLGTLLAYLILI	LLLYGLLTSLLGTLLAYLILI	14.9253	14.5557	0.654392	0.238039	927.683
LLLYGLLTSLLGTLLAYLILI	LLLGGLLTSLLGTLLAYLILI	14.7726	15.058	0.454934	0.368877	923.422
LLLGGLLTSLLGTLLAYLILI	LLLGGLLTSLLGTLLAFLILI	15.3395	16.3304	0.650378	0.240035	918.939
LLLGGLLTSLLGTLLAFLILI	LLLGGLLYSLLGTLLAFLILI	16.6292	16.0289	0.538845	0.30482	914.227
LLLGGLLYSLLGTLLAFLILI	LLLGGLLYSLLGTLLAYLILI	15.8562	16.6282	0.132101	0.952787	909.276
LLLGGLLYSLLGTLLAYLILI	LLLGGLLTSLLGTLLAYLILI	16.1804	15.0708	0.505042	0.328724	904.077
LLLGGLLTSLLGTLLAYLILI	LLLGGLLTALLGTLLAYLILI	15.1463	17.4664	0.404229	0.416521	898.621
LLLGGLLTALLGTLLAYLILI	LLLGGLLYALLGTLLAYLILI	17.3786	16.9348	0.328724	0.505042	892.899
LLLGGLLYALLGTLLAYLILI	LLLGGLLYALLGTLLAFLILI	17.3826	16.609	0.952787	0.132101	886.903
LLLGGLLYALLGTLLAFLILI	LLLGGLLYALLGTLLYFLILI	16.6513	15.2636	0.174433	0.80848	880.623
LLLGGLLYALLGTLLYFLILI	LLLGGLLYALLGTLLSFLILI	15.2727	15.396	0.817658	0.171321	874.051
LLLGGLLYALLGTLLSFLILI	LLLTGLLYALLGTLLSFLILI	15.6819	16.7292	0.457192	0.366931	867.179
LLLTGLLYALLGTLLSFLILI	LLLGGLLYALLGTLLSFLILI	16.7292	15.6819	0.366931	0.457192	859.999
LLLGGLLYALLGTLLSFLILI	LLLTGLLYALLGTLLSFLILI	15.6819	16.914	0.457192	0.366931	852.504
LLLTGLLYALLGTLLSFLILI	LLLTGLLYALLGTLLSYLILI	16.6792	16.2206	0.132101	0.952787	844.686
LLLTGLLYALLGTLLSYLILI	LLLTGLLTALLGTLLSYLILI	15.6471	14.4766	0.379341	0.443059	836.541
LLLTGLLTALLGTLLSYLILI	LLLTGLLTSLLGTLLSYLILI	14.1681	14.022	0.13458	0.942975	828.061
LLLTGLLTSLLGTLLSYLILI	LLLGGLLTSLLGTLLSYLILI	13.569	15.4661	0.489954	0.34018	819.243
LLLGGLLTSLLGTLLSYLILI	LLLGGLLTSLLGTLLYYLILI	15.4299	15.7509	0.304028	0.540023	810.083
LLLGGLLTSLLGTLLYYLILI	LLLGGLLTSLLGTLLTYLILI	15.5902	14.3253	0.379341	0.443059	800.577
LLLGGLLTSLLGTLLTYLILI	LLLYGLLTSLLGTLLTYLILI	14.2512	14.0524	0.368877	0.454934	790.724
LLLYGLLTSLLGTLLTYLILI	LLLYGLLTSLLGGLLTYLILI	14.0875	16.5611	0.489954	0.34018	780.523
LLLYGLLTSLLGGLLTYLILI	LLLYGLLTSLLGGLLTFLILI	17.1737	16.8573	0.952787	0.132101	769.974
LLLYGLLTSLLGGLLTFLILI	LLLYGLLTSLLGGLLTYLILI	16.8573	17.2604	0.132101	0.952787	759.081
LLLYGLLTSLLGGLLTYLILI	LLLYGLLFSLLGGLLTYLILI	17.1238	18.2865	0.816184	0.171816	747.845
LLLYGLLFSLLGGLLTYLILI	LLLYGLLTSLLGGLLTYLILI	18.2865	18.9701	0.171816	0.816184	736.272
LLLYGLLTSLLGGLLTYLILI	LLLYGLLTSLLGGLLTTLILI	18.5332	17.6025	0.379341	0.443059	724.369
LLLYGLLTSLLGGLLTTLILI	LLLYGLLTSLLGGLLTYLILI	17.6025	16.5473	0.443059	0.379341	712.142
LLLYGLLTSLLGGLLTYLILI	LLLYGLLTSLLGTLLTYLILI	16.5081	14.0875	0.34018	0.489954	699.602
LLLYGLLTSLLGTLLTYLILI	LLLTGLLTSLLGTLLTYLILI	13.9023	13.6232	0.30482	0.538845	686.76
LLLTGLLTSLLGTLLTYLILI	LLLTGLLTSLLGTLLTTLILI	13.2255	12.0315	0.141213	0.917682	660.222
LLLTGLLTSLLGTLLTTLILI	LLLTGLLTALLGTLLTTLILI	11.7561	12.4159	0.642213	0.244161	646.557
LLLTGLLTALLGTLLTTLILI	LLLTGLLTSLLGTLLTTLILI	12.4159	11.7004	0.244161	0.642213	632.651
LLLTGLLTSLLGTLLTTLILI	LLLTGLLTALLGTLLTTLILI	11.7004	12.4159	0.642213	0.244161	618.524
LLLTGLLTALLGTLLTTLILI	LLLTGLLFALLGTLLTTLILI	13.4334	13.5259	1.26162	0.0748068	604.196
LLLTGLLFALLGTLLTTLILI	LLLTGLLFSLLGTLLTTLILI	13.6952	13.2817	0.244161	0.642213	589.688
LLLTGLLFSLLGTLLTTLILI	LLLTGLLTSLLGTLLTTLILI	12.7143	12.3198	0.0748068	1.26162	575.025
LLLTGLLTSLLGTLLTTLILI	LLLYGLLTSLLGTLLTTLILI	11.9758	11.6286	0.917682	0.141213	560.23
LLLYGLLTSLLGTLLTTLILI	LLLYGLLTSLLGTLLYTLILI	12.0263	14.8323	0.538845	0.30482	545.329
LLLYGLLTSLLGTLLYTLILI	LLLYGLLTSLLGTLLYGLILI	15.0174	15.4723	0.489954	0.34018	530.348
LLLYGLLTSLLGTLLYGLILI	LLLYGLLTSLLGTLLFGLILI	16.085	16.5774	0.952787	0.132101	515.312
LLLYGLLTSLLGTLLFGLILI	LLLYGLLTSLLGTLLYGLILI	16.5774	18.0709	0.132101	0.952787	500.25
LLLYGLLTSLLGTLLYGLILI	LLLYGLLYSLLGTLLYGLILI	17.3561	15.7372	0.238039	0.654392	485.188
LLLYGLLYSLLGTLLYGLILI	LLLYGLLYSLLGTLLYFLILI	15.9677	14.1353	0.884972	0.150342	470.152
LLLYGLLYSLLGTLLYFLILI	LLLGGLLYSLLGTLLYFLILI	14.5806	14.031	0.595564	0.269472	455.171
LLLGGLLYSLLGTLLYFLILI	LLLGGLLYSLLGTLLTFLILI	14.2666	13.4059	0.505042	0.328724	440.27
LLLGGLLYSLLGTLLTFLILI	LLLGGLLYSLLGTLLTTLILI	13.1971	12.5175	0.119894	1.0043	425.475
LLLGGLLYSLLGTLLTTLILI	LLLGGLLYSLLGTLLTFLILI	12.5175	13.1971	1.0043	0.119894	410.812
LLLGGLLYSLLGTLLTFLILI	LLLGGLLYSLLGTLLTTLILI	13.1971	13.9608	0.119894	1.0043	396.304
LLLGGLLYSLLGTLLTTLILI	LLLGGLLYALLGTLLTTLILI	13.5987	12.509	0.642213	0.244161	381.976
LLLGGLLYALLGTLLTTLILI	LLLGGLLYSLLGTLLTTLILI	12.509	12.102	0.244161	0.642213	367.849
LLLGGLLYSLLGTLLTTLILI	LLLYGLLYSLLGTLLTTLILI	11.8286	11.9535	0.368877	0.454934	353.943
LLLYGLLYSLLGTLLTTLILI	LLLYGLLYSLLGTLLTFLILI	12.5028	13.1814	1.0043	0.119894	340.278
LLLYGLLYSLLGTLLTFLILI	LLLYGLLYSLLGTLLTTLILI	13.1814	12.5028	0.119894	1.0043	326.872
LLLYGLLYSLLGTLLTTLILI	LLLYGLLYALLGTLLTTLILI	12.1407	12.7658	0.642213	0.244161	313.74
LLLYGLLYALLGTLLTTLILI	LLLYGLLYSLLGTLLTTLILI	12.7658	12.1942	0.244161	0.642213	300.898
LLLYGLLYSLLGTLLTTLILI	LLLYGLLYSLLGTLLTFLILI	12.5563	13.1814	1.0043	0.119894	288.358
LLLYGLLYSLLGTLLTFLILI	LLLYGLLYSLLGTLLYFLILI	13.2995	14.4976	0.238039	0.654392	276.131
LLLYGLLYSLLGTLLYFLILI	LLLYGLLTSLLGTLLYFLILI	14.4976	14.1587	0.654392	0.238039	264.228
LLLYGLLTSLLGTLLYFLILI	LLLYGLLTSLLGTLLYYLILI	14.0119	14.5785	0.0912572	1.15198	252.655
LLLYGLLTSLLGTLLYYLILI	LLLYGLLTSLLGTLLAYLILI	14.775	14.3817	1.34845	0.0640271	241.419
LLLYGLLTSLLGTLLAYLILI	LLLYGLLTSLLGTLLTYLILI	14.4024	14.7903	0.0847157	1.19282	230.526
LLLYGLLTSLLGTLLTYLILI	LLLTGLLTSLLGTLLTYLILI	13.9023	13.6232	0.30482	0.538845	219.977
LLLTGLLTSLLGTLLTYLILI	LLLTGLLTSLLGTLLTTLILI	13.2255	11.9758	0.141213	0.917682	209.776
LLLTGLLTSLLGTLLTTLILI	LLLYGLLTSLLGTLLTTLILI	11.9758	11.6821	0.917682	0.141213	199.923
LLLYGLLTSLLGTLLTTLILI	LLLYGLLYSLLGTLLTTLILI	12.0797	12.0872	0.538845	0.30482	181.257
LLLYGLLYSLLGTLLTTLILI	LLLGGLLYSLLGTLLTTLILI	12.2374	11.8744	0.454934	0.368877	172.439
LLLGGLLYSLLGTLLTTLILI	LLLGGLLYALLGTLLTTLILI	12.1477	12.5547	0.642213	0.244161	163.959
LLLGGLLYALLGTLLTTLILI	LLLYGLLYALLGTLLTTLILI	12.6794	12.9232	0.368877	0.454934	155.814
LLLYGLLYALLGTLLTTLILI	LLLYGLLTALLGTLLTTLILI	12.773	13.0171	0.30482	0.538845	113.597
LLLYGLLTALLGTLLTTLILI	LLLYGLLTSLLGTLLTTLILI	12.7224	12.1296	0.244161	0.642213	107.601
LLLYGLLTSLLGTLLTTLILI	LLLTGLLTSLLGTLLTTLILI	11.6286	12.0315	0.141213	0.917682	101.879
LLLTGLLTSLLGTLLTTLILI	LLLYGLLTSLLGTLLTTLILI	12.0315	11.6821	0.917682	0.141213	91.2238
LLLYGLLTSLLGTLLTTLILI	LLLYGLLYSLLGTLLTTLILI	12.0797	12.0872	0.538845	0.30482	86.2728
LLLYGLLYSLLGTLLTTLILI	LLLYGLLTSLLGTLLTTLILI	12.0872	12.0263	0.30482	0.538845	81.5606
LLLYGLLTSLLGTLLTTLILI	LLLYGLLYSLLGTLLTTLILI	12.0263	11.8568	0.538845	0.30482	77.0783
LLLYGLLYSLLGTLLTTLILI	LLLGGLLYSLLGTLLTTLILI	12.0069	11.8744	0.454934	0.368877	72.8169
LLLGGLLYSLLGTLLTTLILI	LLLYGLLYSLLGTLLTTLILI	11.8744	12.0069	0.368877	0.454934	64.9219
LLLYGLLYSLLGTLLTTLILI	LLLGGLLYSLLGTLLTTLILI	12.0069	11.8744	0.454934	0.368877	61.271
LLLGGLLYSLLGTLLTTLILI	LLLYGLLYSLLGTLLTTLILI	11.8744	11.9535	0.368877	0.454934	35.8726
LLLYGLLYSLLGTLLTTLILI	LLLGGLLYSLLGTLLTTLILI	11.9535	11.8821	0.454934	0.368877	31.7355
LLLGGLLYSLLGTLLTTLILI	LLLYGLLYSLLGTLLTTLILI	11.8821	12.0069	0.368877	0.454934	29.8341
LLLYGLLYSLLGTLLTTLILI	LLLGGLLYSLLGTLLTTLILI	12.0069	11.8821	0.454934	0.368877	26.3376
Time: 272s
