MCAccept 0 xShift: 8.6 crossingAngle: -39.09 axialRotation: -79.12 zShift: 3.65462 energy: 1.97998
MCAccept 1 xShift: 8.5881 crossingAngle: -39.09 axialRotation: -79.12 zShift: 3.65462 energy: 1.09731
MCAccept 2 xShift: 8.5881 crossingAngle: -39.041 axialRotation: -79.12 zShift: 3.65462 energy: -2.42701
MCReject   xShift: 8.5881 crossingAngle: -39.041 axialRotation: -79.12 zShift: 3.64211 energy: -1.24943
MCReject   xShift: 8.5881 crossingAngle: -39.041 axialRotation: -79.0878 zShift: 3.65462 energy: 15.3792
MCReject   xShift: 8.58471 crossingAngle: -39.041 axialRotation: -79.12 zShift: 3.65462 energy: -1.38892
MCReject   xShift: 8.5881 crossingAngle: -39.041 axialRotation: -79.1101 zShift: 3.65462 energy: -1.52552
MCReject   xShift: 8.5881 crossingAngle: -39.041 axialRotation: -79.2083 zShift: 3.65462 energy: -1.71007
MCAccept 3 xShift: 8.5881 crossingAngle: -39.2875 axialRotation: -79.12 zShift: 3.65462 energy: -2.77909
MCReject   xShift: 8.5881 crossingAngle: -39.3619 axialRotation: -79.12 zShift: 3.65462 energy: -2.42701
MCReject   xShift: 8.5881 crossingAngle: -39.1458 axialRotation: -79.12 zShift: 3.65462 energy: -2.38977
MCReject   xShift: 8.5881 crossingAngle: -39.2875 axialRotation: -79.12 zShift: 3.64967 energy: -2.32793
MCAccept 4 xShift: 8.5881 crossingAngle: -39.2875 axialRotation: -79.12 zShift: 3.68929 energy: -2.76664
MCReject   xShift: 8.5881 crossingAngle: -39.2875 axialRotation: -79.12 zShift: 3.6871 energy: -1.27891
MCAccept 5 xShift: 8.5881 crossingAngle: -39.2806 axialRotation: -79.12 zShift: 3.68929 energy: -3.00092
MCAccept 6 xShift: 8.5881 crossingAngle: -39.2806 axialRotation: -79.1658 zShift: 3.68929 energy: -2.9793
MCAccept 7 xShift: 8.57613 crossingAngle: -39.2806 axialRotation: -79.1658 zShift: 3.68929 energy: -3.00092
MCAccept 8 xShift: 8.56088 crossingAngle: -39.2806 axialRotation: -79.1658 zShift: 3.68929 energy: -3.00092
MCAccept 9 xShift: 8.56088 crossingAngle: -39.2806 axialRotation: -79.1613 zShift: 3.68929 energy: -3.00092
MCReject   xShift: 8.56088 crossingAngle: -39.2806 axialRotation: -79.1613 zShift: 3.68227 energy: 0.648221
MCReject   xShift: 8.56088 crossingAngle: -39.2172 axialRotation: -79.1613 zShift: 3.68929 energy: 0.986741
MCReject   xShift: 8.56088 crossingAngle: -39.2806 axialRotation: -79.1613 zShift: 3.70336 energy: -2.48225
MCReject   xShift: 8.56088 crossingAngle: -39.2806 axialRotation: -79.1613 zShift: 3.69653 energy: 2.23279
MCReject   xShift: 8.56088 crossingAngle: -39.2806 axialRotation: -79.1613 zShift: 3.68496 energy: -2.72876
MCReject   xShift: 8.56088 crossingAngle: -39.1104 axialRotation: -79.1613 zShift: 3.68929 energy: 0.530518
MCAccept 10 xShift: 8.5549 crossingAngle: -39.2806 axialRotation: -79.1613 zShift: 3.68929 energy: -3.00092
MCReject   xShift: 8.56131 crossingAngle: -39.2806 axialRotation: -79.1613 zShift: 3.68929 energy: -2.3939
MCReject   xShift: 8.5549 crossingAngle: -39.1775 axialRotation: -79.1613 zShift: 3.68929 energy: -2.55704
MCReject   xShift: 8.5605 crossingAngle: -39.2806 axialRotation: -79.1613 zShift: 3.68929 energy: -1.91695
MCReject   xShift: 8.5549 crossingAngle: -39.2448 axialRotation: -79.1613 zShift: 3.68929 energy: 0.0434803
MCReject   xShift: 8.5549 crossingAngle: -39.2806 axialRotation: -79.1613 zShift: 3.69038 energy: -2.58267
MCReject   xShift: 8.5549 crossingAngle: -39.2806 axialRotation: -79.0237 zShift: 3.68929 energy: 0.552137
MCReject   xShift: 8.5549 crossingAngle: -39.2806 axialRotation: -79.1613 zShift: 3.68197 energy: -2.7171
MCReject   xShift: 8.55889 crossingAngle: -39.2806 axialRotation: -79.1613 zShift: 3.68929 energy: 10.0181
MCReject   xShift: 8.55627 crossingAngle: -39.2806 axialRotation: -79.1613 zShift: 3.68929 energy: -1.4112
MCAccept 11 xShift: 8.5549 crossingAngle: -39.2536 axialRotation: -79.1613 zShift: 3.68929 energy: -3.00092
MCReject   xShift: 8.5549 crossingAngle: -39.2536 axialRotation: -79.0355 zShift: 3.68929 energy: 7.91123
MCAccept 12 xShift: 8.5549 crossingAngle: -39.2536 axialRotation: -79.1613 zShift: 3.6993 energy: -3.04213
MCReject   xShift: 8.5549 crossingAngle: -39.2536 axialRotation: -79.1613 zShift: 3.71043 energy: 0.0138155
MCReject   xShift: 8.56549 crossingAngle: -39.2536 axialRotation: -79.1613 zShift: 3.6993 energy: -2.43561
MCReject   xShift: 8.53714 crossingAngle: -39.2536 axialRotation: -79.1613 zShift: 3.6993 energy: -1.77281
MCReject   xShift: 8.5549 crossingAngle: -39.2281 axialRotation: -79.1613 zShift: 3.6993 energy: 1.5618
MCReject   xShift: 8.5549 crossingAngle: -39.3931 axialRotation: -79.1613 zShift: 3.6993 energy: -0.446196
MCReject   xShift: 8.5549 crossingAngle: -39.3113 axialRotation: -79.1613 zShift: 3.6993 energy: 0.0177008
MCReject   xShift: 8.54772 crossingAngle: -39.2536 axialRotation: -79.1613 zShift: 3.6993 energy: -2.70581
MCReject   xShift: 8.5549 crossingAngle: -39.3589 axialRotation: -79.1613 zShift: 3.6993 energy: 0.939326
MCReject   xShift: 8.5549 crossingAngle: -39.6313 axialRotation: -79.1613 zShift: 3.6993 energy: -2.59202
MCReject   xShift: 8.5549 crossingAngle: -39.2569 axialRotation: -79.1613 zShift: 3.6993 energy: -1.22617
MCReject   xShift: 8.5549 crossingAngle: -39.2536 axialRotation: -79.1613 zShift: 3.6909 energy: 0.552131
MCReject   xShift: 8.5549 crossingAngle: -39.2758 axialRotation: -79.1613 zShift: 3.6993 energy: -2.61377
MCReject   xShift: 8.5452 crossingAngle: -39.2536 axialRotation: -79.1613 zShift: 3.6993 energy: -2.61377
MCReject   xShift: 8.5549 crossingAngle: -39.3644 axialRotation: -79.1613 zShift: 3.6993 energy: 0.939326
MCReject   xShift: 8.5549 crossingAngle: -39.2765 axialRotation: -79.1613 zShift: 3.6993 energy: -0.00404641
MCReject   xShift: 8.55322 crossingAngle: -39.2536 axialRotation: -79.1613 zShift: 3.6993 energy: -0.00404641
MCReject   xShift: 8.5549 crossingAngle: -39.2536 axialRotation: -79.1613 zShift: 3.68733 energy: 2.19835
MCReject   xShift: 8.5549 crossingAngle: -39.1587 axialRotation: -79.1613 zShift: 3.6993 energy: -2.59202
MCReject   xShift: 8.5549 crossingAngle: -39.2536 axialRotation: -79.1613 zShift: 3.70017 energy: 2.01933
MCReject   xShift: 8.54435 crossingAngle: -39.2536 axialRotation: -79.1613 zShift: 3.6993 energy: 2.21606
MCReject   xShift: 8.5549 crossingAngle: -39.0785 axialRotation: -79.1613 zShift: 3.6993 energy: 2.23781
MCReject   xShift: 8.5549 crossingAngle: -39.2373 axialRotation: -79.1613 zShift: 3.6993 energy: -2.72756
MCReject   xShift: 8.5549 crossingAngle: -39.1701 axialRotation: -79.1613 zShift: 3.6993 energy: 10.1227
MCReject   xShift: 8.54688 crossingAngle: -39.2536 axialRotation: -79.1613 zShift: 3.6993 energy: 0.939326
MCReject   xShift: 8.55719 crossingAngle: -39.2536 axialRotation: -79.1613 zShift: 3.6993 energy: 1.5618
MCReject   xShift: 8.5549 crossingAngle: -39.2536 axialRotation: -79.2129 zShift: 3.6993 energy: 0.554827
MCReject   xShift: 8.5549 crossingAngle: -39.0844 axialRotation: -79.1613 zShift: 3.6993 energy: -2.80153
MCAccept 13 xShift: 8.5549 crossingAngle: -39.2536 axialRotation: -79.4279 zShift: 3.6993 energy: -3.06388
MCReject   xShift: 8.5549 crossingAngle: -39.2536 axialRotation: -79.423 zShift: 3.6993 energy: -1.43333
MCReject   xShift: 8.56097 crossingAngle: -39.2536 axialRotation: -79.4279 zShift: 3.6993 energy: 2.23781
MCReject   xShift: 8.55965 crossingAngle: -39.2536 axialRotation: -79.4279 zShift: 3.6993 energy: 0.0177008
MCReject   xShift: 8.57144 crossingAngle: -39.2536 axialRotation: -79.4279 zShift: 3.6993 energy: -0.00404641
MCReject   xShift: 8.55987 crossingAngle: -39.2536 axialRotation: -79.4279 zShift: 3.6993 energy: -1.77281
MCReject   xShift: 8.5549 crossingAngle: -39.2536 axialRotation: -79.4366 zShift: 3.6993 energy: -1.22617
MCReject   xShift: 8.5676 crossingAngle: -39.2536 axialRotation: -79.4279 zShift: 3.6993 energy: 2.23781
MCReject   xShift: 8.5549 crossingAngle: -39.2536 axialRotation: -79.4279 zShift: 3.68997 energy: -2.59482
MCReject   xShift: 8.5549 crossingAngle: -39.2536 axialRotation: -79.5437 zShift: 3.6993 energy: 0.611016
MCReject   xShift: 8.5549 crossingAngle: -38.9939 axialRotation: -79.4279 zShift: 3.6993 energy: -2.70581
MCReject   xShift: 8.55537 crossingAngle: -39.2536 axialRotation: -79.4279 zShift: 3.6993 energy: 0.554827
MCReject   xShift: 8.56877 crossingAngle: -39.2536 axialRotation: -79.4279 zShift: 3.6993 energy: 2.21606
MCReject   xShift: 8.53964 crossingAngle: -39.2536 axialRotation: -79.4279 zShift: 3.6993 energy: 0.554827
MCReject   xShift: 8.55663 crossingAngle: -39.2536 axialRotation: -79.4279 zShift: 3.6993 energy: 2.23781
MCReject   xShift: 8.5549 crossingAngle: -39.1164 axialRotation: -79.4279 zShift: 3.6993 energy: 0.53308
MCReject   xShift: 8.56674 crossingAngle: -39.2536 axialRotation: -79.4279 zShift: 3.6993 energy: 0.554827
MCReject   xShift: 8.5549 crossingAngle: -39.0513 axialRotation: -79.4279 zShift: 3.6993 energy: 10.0785
MCReject   xShift: 8.5549 crossingAngle: -39.2536 axialRotation: -79.4279 zShift: 3.69546 energy: 0.948565
MCReject   xShift: 8.5523 crossingAngle: -39.2536 axialRotation: -79.4279 zShift: 3.6993 energy: 2.11548
MCReject   xShift: 8.56247 crossingAngle: -39.2536 axialRotation: -79.4279 zShift: 3.6993 energy: 0.53308
MCAccept 14 xShift: 8.5549 crossingAngle: -39.2536 axialRotation: -79.4279 zShift: 3.69387 energy: -2.40163
MCReject   xShift: 8.5549 crossingAngle: -39.2536 axialRotation: -79.4279 zShift: 3.7031 energy: 0.535768
MCReject   xShift: 8.5549 crossingAngle: -39.0564 axialRotation: -79.4279 zShift: 3.69387 energy: 0.530882
MCReject   xShift: 8.5549 crossingAngle: -39.1416 axialRotation: -79.4279 zShift: 3.69387 energy: 2.2068
MCAccept 15 xShift: 8.5549 crossingAngle: -39.2536 axialRotation: -79.3414 zShift: 3.69387 energy: -2.64418
MCReject   xShift: 8.5549 crossingAngle: -39.2536 axialRotation: -79.5892 zShift: 3.69387 energy: 0.55256
MCReject   xShift: 8.5549 crossingAngle: -39.3537 axialRotation: -79.3414 zShift: 3.69387 energy: 0.9743
MCAccept 16 xShift: 8.5549 crossingAngle: -39.2875 axialRotation: -79.3414 zShift: 3.69387 energy: -2.76142
MCReject   xShift: 8.5549 crossingAngle: -39.2875 axialRotation: -79.2015 zShift: 3.69387 energy: -2.6225
MCReject   xShift: 8.5549 crossingAngle: -39.2875 axialRotation: -79.3414 zShift: 3.69921 energy: -0.00381831
MCReject   xShift: 8.5549 crossingAngle: -39.2875 axialRotation: -79.3675 zShift: 3.69387 energy: -2.42331
MCReject   xShift: 8.5549 crossingAngle: -39.335 axialRotation: -79.3414 zShift: 3.69387 energy: 2.22848
MCAccept 17 xShift: 8.5549 crossingAngle: -39.2302 axialRotation: -79.3414 zShift: 3.69387 energy: -3.00631
MCAccept 18 xShift: 8.54431 crossingAngle: -39.2302 axialRotation: -79.3414 zShift: 3.69387 energy: -2.78309
MCReject   xShift: 8.52964 crossingAngle: -39.2302 axialRotation: -79.3414 zShift: 3.69387 energy: -1.45987
MCReject   xShift: 8.54308 crossingAngle: -39.2302 axialRotation: -79.3414 zShift: 3.69387 energy: 2.22848
MCReject   xShift: 8.54431 crossingAngle: -39.3684 axialRotation: -79.3414 zShift: 3.69387 energy: 2.22848
MCReject   xShift: 8.53778 crossingAngle: -39.2302 axialRotation: -79.3414 zShift: 3.69387 energy: 0.55256
MCReject   xShift: 8.54431 crossingAngle: -39.2302 axialRotation: -79.3414 zShift: 3.68758 energy: -2.34484
MCReject   xShift: 8.55911 crossingAngle: -39.2302 axialRotation: -79.3414 zShift: 3.69387 energy: -1.44355
MCReject   xShift: 8.54431 crossingAngle: -39.2302 axialRotation: -79.3943 zShift: 3.69387 energy: -2.6677
MCAccept 19 xShift: 8.54431 crossingAngle: -39.4249 axialRotation: -79.3414 zShift: 3.69387 energy: -3.02799
MCReject   xShift: 8.54431 crossingAngle: -39.4249 axialRotation: -79.4132 zShift: 3.69387 energy: 2.08814
MCReject   xShift: 8.54431 crossingAngle: -39.2907 axialRotation: -79.3414 zShift: 3.69387 energy: 0.530882
MCReject   xShift: 8.54431 crossingAngle: -39.5642 axialRotation: -79.3414 zShift: 3.69387 energy: -2.57353
MCReject   xShift: 8.54431 crossingAngle: -39.4249 axialRotation: -79.3414 zShift: 3.67994 energy: 0.0608224
MCReject   xShift: 8.55804 crossingAngle: -39.4249 axialRotation: -79.3414 zShift: 3.69387 energy: -2.68937
MCReject   xShift: 8.54431 crossingAngle: -39.4249 axialRotation: -79.3414 zShift: 3.7067 energy: -1.26116
MCReject   xShift: 8.54431 crossingAngle: -39.4249 axialRotation: -79.3414 zShift: 3.68808 energy: 8.85583
MCReject   xShift: 8.54431 crossingAngle: -39.3874 axialRotation: -79.3414 zShift: 3.69387 energy: 0.032932
MCReject   xShift: 8.54431 crossingAngle: -39.3095 axialRotation: -79.3414 zShift: 3.69387 energy: 0.0112545
MCAccept 20 xShift: 8.54431 crossingAngle: -39.4996 axialRotation: -79.3414 zShift: 3.69387 energy: -3.02799
MCReject   xShift: 8.54431 crossingAngle: -39.4996 axialRotation: -79.3414 zShift: 3.68157 energy: -2.32132
MCReject   xShift: 8.54431 crossingAngle: -39.4996 axialRotation: -79.2259 zShift: 3.69387 energy: 0.0112545
MCReject   xShift: 8.55979 crossingAngle: -39.4996 axialRotation: -79.3414 zShift: 3.69387 energy: 0.032932
MCReject   xShift: 8.54431 crossingAngle: -39.6104 axialRotation: -79.3414 zShift: 3.69387 energy: -1.45987
MCReject   xShift: 8.54094 crossingAngle: -39.4996 axialRotation: -79.3414 zShift: 3.69387 energy: 0.0112545
MCReject   xShift: 8.54391 crossingAngle: -39.4996 axialRotation: -79.3414 zShift: 3.69387 energy: 0.580148
MCReject   xShift: 8.54431 crossingAngle: -39.4996 axialRotation: -79.3414 zShift: 3.70141 energy: 2.22021
MCAccept 21 xShift: 8.53966 crossingAngle: -39.4996 axialRotation: -79.3414 zShift: 3.69387 energy: -3.00631
MCReject   xShift: 8.53966 crossingAngle: -39.4072 axialRotation: -79.3414 zShift: 3.69387 energy: 2.2068
MCReject   xShift: 8.53966 crossingAngle: -39.4996 axialRotation: -79.2324 zShift: 3.69387 energy: 0.55256
MCReject   xShift: 8.53966 crossingAngle: -39.5617 axialRotation: -79.3414 zShift: 3.69387 energy: 1.04113
MCAccept 22 xShift: 8.53966 crossingAngle: -39.4996 axialRotation: -79.3414 zShift: 3.70447 energy: -3.07543
MCReject   xShift: 8.54718 crossingAngle: -39.4996 axialRotation: -79.3414 zShift: 3.70447 energy: -2.06962
MCReject   xShift: 8.53966 crossingAngle: -39.4996 axialRotation: -79.3951 zShift: 3.70447 energy: 10.1348
MCReject   xShift: 8.53966 crossingAngle: -39.4996 axialRotation: -79.3948 zShift: 3.70447 energy: -1.44386
MCReject   xShift: 8.53966 crossingAngle: -39.4996 axialRotation: -79.5098 zShift: 3.70447 energy: 1.55362
MCReject   xShift: 8.53966 crossingAngle: -39.4996 axialRotation: -79.3414 zShift: 3.70064 energy: -1.45773
MCReject   xShift: 8.53966 crossingAngle: -39.4996 axialRotation: -79.3414 zShift: 3.68757 energy: 9.46147
MCReject   xShift: 8.53938 crossingAngle: -39.4996 axialRotation: -79.3414 zShift: 3.70447 energy: 10.1803
MCReject   xShift: 8.53966 crossingAngle: -39.4996 axialRotation: -79.3414 zShift: 3.71606 energy: 0.536265
MCReject   xShift: 8.53966 crossingAngle: -39.4996 axialRotation: -79.3896 zShift: 3.70447 energy: 0.928216
MCAccept 23 xShift: 8.53966 crossingAngle: -39.3542 axialRotation: -79.3414 zShift: 3.70447 energy: -2.74135
MCReject   xShift: 8.53966 crossingAngle: -39.3542 axialRotation: -79.3877 zShift: 3.70447 energy: -2.63035
MCReject   xShift: 8.5393 crossingAngle: -39.3542 axialRotation: -79.3414 zShift: 3.70447 energy: -1.4613
MCAccept 24 xShift: 8.53966 crossingAngle: -39.3542 axialRotation: -79.2918 zShift: 3.70447 energy: -2.71749
MCReject   xShift: 8.53966 crossingAngle: -39.3542 axialRotation: -79.2918 zShift: 3.69929 energy: -0.00403205
MCReject   xShift: 8.53966 crossingAngle: -39.3542 axialRotation: -79.2918 zShift: 3.72322 energy: 1.71803
MCAccept 25 xShift: 8.53966 crossingAngle: -39.3542 axialRotation: -79.1792 zShift: 3.70447 energy: -3.09725
MCReject   xShift: 8.53966 crossingAngle: -39.3542 axialRotation: -79.1792 zShift: 3.70731 energy: -2.0346
MCAccept 26 xShift: 8.53966 crossingAngle: -39.2699 axialRotation: -79.1792 zShift: 3.70447 energy: -3.09725
MCReject   xShift: 8.52314 crossingAngle: -39.2699 axialRotation: -79.1792 zShift: 3.70447 energy: -2.48892
MCReject   xShift: 8.53966 crossingAngle: -39.2699 axialRotation: -79.1509 zShift: 3.70447 energy: 0.727781
MCReject   xShift: 8.53677 crossingAngle: -39.2699 axialRotation: -79.1792 zShift: 3.70447 energy: 3.25441
MCReject   xShift: 8.53966 crossingAngle: -39.159 axialRotation: -79.1792 zShift: 3.70447 energy: 0.95003
MCReject   xShift: 8.53966 crossingAngle: -39.1683 axialRotation: -79.1792 zShift: 3.70447 energy: 0.928216
MCReject   xShift: 8.53966 crossingAngle: -39.2699 axialRotation: -79.17 zShift: 3.70447 energy: 0.574399
MCAccept 27 xShift: 8.53966 crossingAngle: -39.2699 axialRotation: -79.1792 zShift: 3.73339 energy: -2.88997
MCReject   xShift: 8.53966 crossingAngle: -39.1921 axialRotation: -79.1792 zShift: 3.73339 energy: -1.3735
MCReject   xShift: 8.53934 crossingAngle: -39.2699 axialRotation: -79.1792 zShift: 3.73339 energy: 0.381303
MCReject   xShift: 8.53966 crossingAngle: -39.0885 axialRotation: -79.1792 zShift: 3.73339 energy: 0.526856
MCAccept 28 xShift: 8.53966 crossingAngle: -39.2197 axialRotation: -79.1792 zShift: 3.73339 energy: -3.21498
MCReject   xShift: 8.52595 crossingAngle: -39.2197 axialRotation: -79.1792 zShift: 3.73339 energy: 0.818054
MCReject   xShift: 8.53966 crossingAngle: -39.2197 axialRotation: -79.1372 zShift: 3.73339 energy: -1.55476
MCReject   xShift: 8.53966 crossingAngle: -39.2197 axialRotation: -79.1792 zShift: 3.7311 energy: 1.94292
MCReject   xShift: 8.53966 crossingAngle: -39.1723 axialRotation: -79.1792 zShift: 3.73339 energy: 0.85522
MCReject   xShift: 8.53966 crossingAngle: -39.194 axialRotation: -79.1792 zShift: 3.73339 energy: 10.3403
MCReject   xShift: 8.53966 crossingAngle: -39.0291 axialRotation: -79.1792 zShift: 3.73339 energy: 0.818054
MCReject   xShift: 8.54438 crossingAngle: -39.2197 axialRotation: -79.1792 zShift: 3.73339 energy: -1.62859
MCReject   xShift: 8.53966 crossingAngle: -39.2197 axialRotation: -79.1025 zShift: 3.73339 energy: 0.381303
MCReject   xShift: 8.53966 crossingAngle: -39.2197 axialRotation: -78.9744 zShift: 3.73339 energy: 0.673151
MCReject   xShift: 8.53966 crossingAngle: -39.4783 axialRotation: -79.1792 zShift: 3.73339 energy: 9.58953
MCReject   xShift: 8.53966 crossingAngle: -39.2197 axialRotation: -79.301 zShift: 3.73339 energy: -1.81414
MCReject   xShift: 8.52134 crossingAngle: -39.2197 axialRotation: -79.1792 zShift: 3.73339 energy: -2.6278
MCReject   xShift: 8.53966 crossingAngle: -39.1622 axialRotation: -79.1792 zShift: 3.73339 energy: 0.526856
MCAccept 29 xShift: 8.53966 crossingAngle: -39.2197 axialRotation: -79.1793 zShift: 3.73339 energy: -3.26906
MCReject   xShift: 8.53966 crossingAngle: -39.2197 axialRotation: -79.1793 zShift: 3.73109 energy: -1.6766
MCReject   xShift: 8.52352 crossingAngle: -39.2197 axialRotation: -79.1793 zShift: 3.73339 energy: -2.86778
MCReject   xShift: 8.53966 crossingAngle: -39.2197 axialRotation: -79.317 zShift: 3.73339 energy: 0.818054
MCReject   xShift: 8.53966 crossingAngle: -39.2197 axialRotation: -79.1793 zShift: 3.73797 energy: 1.87051
MCReject   xShift: 8.53966 crossingAngle: -39.2197 axialRotation: -79.1793 zShift: 3.72933 energy: -2.90197
MCAccept 30 xShift: 8.53966 crossingAngle: -39.3079 axialRotation: -79.1793 zShift: 3.73339 energy: -2.92655
MCReject   xShift: 8.53966 crossingAngle: -39.3079 axialRotation: -79.2074 zShift: 3.73339 energy: 0.85522
MCReject   xShift: 8.54253 crossingAngle: -39.3079 axialRotation: -79.1793 zShift: 3.73339 energy: -2.64999
MCReject   xShift: 8.5512 crossingAngle: -39.3079 axialRotation: -79.1793 zShift: 3.73339 energy: -0.174798
MCReject   xShift: 8.53037 crossingAngle: -39.3079 axialRotation: -79.1793 zShift: 3.73339 energy: -2.6084
MCReject   xShift: 8.52363 crossingAngle: -39.3079 axialRotation: -79.1793 zShift: 3.73339 energy: 0.504669
MCReject   xShift: 8.53966 crossingAngle: -39.3079 axialRotation: -79.1793 zShift: 3.72943 energy: -2.61039
MCReject   xShift: 8.53711 crossingAngle: -39.3079 axialRotation: -79.1793 zShift: 3.73339 energy: -2.64999
MCReject   xShift: 8.53966 crossingAngle: -39.3079 axialRotation: -79.1793 zShift: 3.72482 energy: -2.82748
MCReject   xShift: 8.53966 crossingAngle: -39.2152 axialRotation: -79.1793 zShift: 3.73339 energy: -2.6278
MCReject   xShift: 8.53966 crossingAngle: -39.3406 axialRotation: -79.1793 zShift: 3.73339 energy: 0.359115
MCReject   xShift: 8.53966 crossingAngle: -39.3079 axialRotation: -79.1793 zShift: 3.74126 energy: 2.2699
MCReject   xShift: 8.53966 crossingAngle: -39.3079 axialRotation: -79.1793 zShift: 3.75606 energy: 2.66022
MCReject   xShift: 8.53966 crossingAngle: -39.3079 axialRotation: -79.1793 zShift: 3.73447 energy: 0.812692
MCReject   xShift: 8.53966 crossingAngle: -39.3676 axialRotation: -79.1793 zShift: 3.73339 energy: -2.6084
MCReject   xShift: 8.53966 crossingAngle: -39.3079 axialRotation: -79.1793 zShift: 3.74283 energy: -0.170199
MCAccept 31 xShift: 8.53966 crossingAngle: -39.1578 axialRotation: -79.1793 zShift: 3.73339 energy: -2.68081
MCReject   xShift: 8.5589 crossingAngle: -39.1578 axialRotation: -79.1793 zShift: 3.73339 energy: -1.86857
MCReject   xShift: 8.53966 crossingAngle: -39.1578 axialRotation: -79.1793 zShift: 3.73738 energy: -1.59497
MCReject   xShift: 8.52463 crossingAngle: -39.1578 axialRotation: -79.1793 zShift: 3.73339 energy: 0.818054
MCAccept 32 xShift: 8.53966 crossingAngle: -38.9444 axialRotation: -79.1793 zShift: 3.73339 energy: -3.21498
MCReject   xShift: 8.53966 crossingAngle: -38.8039 axialRotation: -79.1793 zShift: 3.73339 energy: -2.94873
MCReject   xShift: 8.53966 crossingAngle: -38.9444 axialRotation: -79.2189 zShift: 3.73339 energy: -2.64999
MCReject   xShift: 8.52913 crossingAngle: -38.9444 axialRotation: -79.1793 zShift: 3.73339 energy: 0.359115
MCReject   xShift: 8.53966 crossingAngle: -38.9444 axialRotation: -79.1793 zShift: 3.73725 energy: -1.62922
MCReject   xShift: 8.52775 crossingAngle: -38.9444 axialRotation: -79.1793 zShift: 3.73339 energy: 2.29307
MCReject   xShift: 8.55074 crossingAngle: -38.9444 axialRotation: -79.1793 zShift: 3.73339 energy: -2.6084
MCReject   xShift: 8.53588 crossingAngle: -38.9444 axialRotation: -79.1793 zShift: 3.73339 energy: -0.174798
MCReject   xShift: 8.53717 crossingAngle: -38.9444 axialRotation: -79.1793 zShift: 3.73339 energy: -0.174798
MCReject   xShift: 8.53966 crossingAngle: -39.0307 axialRotation: -79.1793 zShift: 3.73339 energy: -1.4972
MCReject   xShift: 8.53966 crossingAngle: -38.9444 axialRotation: -79.2662 zShift: 3.73339 energy: -2.64999
MCReject   xShift: 8.53966 crossingAngle: -38.9444 axialRotation: -79.1793 zShift: 3.73553 energy: -1.47584
MCReject   xShift: 8.54718 crossingAngle: -38.9444 axialRotation: -79.1793 zShift: 3.73339 energy: 0.504669
MCReject   xShift: 8.53966 crossingAngle: -38.9444 axialRotation: -79.2855 zShift: 3.73339 energy: -1.6816
MCReject   xShift: 8.53966 crossingAngle: -38.9444 axialRotation: -79.1465 zShift: 3.73339 energy: 0.818054
MCReject   xShift: 8.53966 crossingAngle: -39.1675 axialRotation: -79.1793 zShift: 3.73339 energy: 0.381303
MCReject   xShift: 8.54486 crossingAngle: -38.9444 axialRotation: -79.1793 zShift: 3.73339 energy: -0.120901
MCReject   xShift: 8.53815 crossingAngle: -38.9444 axialRotation: -79.1793 zShift: 3.73339 energy: -0.143089
MCReject   xShift: 8.55372 crossingAngle: -38.9444 axialRotation: -79.1793 zShift: 3.73339 energy: 10.3403
MCReject   xShift: 8.53966 crossingAngle: -38.9444 axialRotation: -79.1793 zShift: 3.75267 energy: -0.269931
MCReject   xShift: 8.53966 crossingAngle: -39.1813 axialRotation: -79.1793 zShift: 3.73339 energy: 2.71943
MCReject   xShift: 8.53966 crossingAngle: -38.7619 axialRotation: -79.1793 zShift: 3.73339 energy: -1.47502
MCReject   xShift: 8.53966 crossingAngle: -38.7882 axialRotation: -79.1793 zShift: 3.73339 energy: 1.74898
MCReject   xShift: 8.53966 crossingAngle: -39.1776 axialRotation: -79.1793 zShift: 3.73339 energy: 0.40881
MCReject   xShift: 8.53966 crossingAngle: -38.9444 axialRotation: -79.1793 zShift: 3.74363 energy: -0.425416
MCReject   xShift: 8.53966 crossingAngle: -38.9444 axialRotation: -79.1793 zShift: 3.7297 energy: -2.60877
MCReject   xShift: 8.53753 crossingAngle: -38.9444 axialRotation: -79.1793 zShift: 3.73339 energy: 0.877407
MCReject   xShift: 8.53966 crossingAngle: -38.9444 axialRotation: -79.1793 zShift: 3.72538 energy: -1.09028
MCReject   xShift: 8.53966 crossingAngle: -38.9444 axialRotation: -79.1793 zShift: 3.73293 energy: -1.13831
MCReject   xShift: 8.53966 crossingAngle: -39.0906 axialRotation: -79.1793 zShift: 3.73339 energy: 1.89388
MCReject   xShift: 8.53966 crossingAngle: -38.9444 axialRotation: -79.2466 zShift: 3.73339 energy: 0.430997
MCReject   xShift: 8.53966 crossingAngle: -38.9444 axialRotation: -79.1626 zShift: 3.73339 energy: 0.526856
MCReject   xShift: 8.53966 crossingAngle: -38.9444 axialRotation: -79.2264 zShift: 3.73339 energy: -2.64999
MCReject   xShift: 8.5465 crossingAngle: -38.9444 axialRotation: -79.1793 zShift: 3.73339 energy: 0.818054
MCReject   xShift: 8.53966 crossingAngle: -38.9683 axialRotation: -79.1793 zShift: 3.73339 energy: -2.21576
MCReject   xShift: 8.53966 crossingAngle: -38.8958 axialRotation: -79.1793 zShift: 3.73339 energy: 0.504669
MCReject   xShift: 8.53966 crossingAngle: -38.9444 axialRotation: -79.0249 zShift: 3.73339 energy: -2.64999
MCReject   xShift: 8.53966 crossingAngle: -38.9444 axialRotation: -79.1793 zShift: 3.74081 energy: 0.662926
MCReject   xShift: 8.5331 crossingAngle: -38.9444 axialRotation: -79.1793 zShift: 3.73339 energy: 0.85522
MCReject   xShift: 8.53429 crossingAngle: -38.9444 axialRotation: -79.1793 zShift: 3.73339 energy: 0.504669
MCReject   xShift: 8.53966 crossingAngle: -38.9197 axialRotation: -79.1793 zShift: 3.73339 energy: -1.6816
MCReject   xShift: 8.53966 crossingAngle: -38.9444 axialRotation: -79.405 zShift: 3.73339 energy: -1.57416
MCReject   xShift: 8.56001 crossingAngle: -38.9444 axialRotation: -79.1793 zShift: 3.73339 energy: 0.381303
MCReject   xShift: 8.53966 crossingAngle: -38.9444 axialRotation: -79.1733 zShift: 3.73339 energy: 0.381303
MCReject   xShift: 8.53966 crossingAngle: -38.7371 axialRotation: -79.1793 zShift: 3.73339 energy: -2.88997
MCReject   xShift: 8.53966 crossingAngle: -38.9444 axialRotation: -79.1793 zShift: 3.71931 energy: -2.55289
MCReject   xShift: 8.54256 crossingAngle: -38.9444 axialRotation: -79.1793 zShift: 3.73339 energy: 2.28051
MCAccept 33 xShift: 8.53966 crossingAngle: -39.0117 axialRotation: -79.1793 zShift: 3.73339 energy: -3.26906
MCReject   xShift: 8.53966 crossingAngle: -39.0994 axialRotation: -79.1793 zShift: 3.73339 energy: -2.90174
MCReject   xShift: 8.53966 crossingAngle: -39.0117 axialRotation: -79.1793 zShift: 3.73509 energy: 0.50167
MCReject   xShift: 8.53079 crossingAngle: -39.0117 axialRotation: -79.1793 zShift: 3.73339 energy: 2.3027
MCReject   xShift: 8.53966 crossingAngle: -39.0117 axialRotation: -79.1246 zShift: 3.73339 energy: -1.62859
MCReject   xShift: 8.53966 crossingAngle: -39.0117 axialRotation: -79.0515 zShift: 3.73339 energy: -2.6278
MCReject   xShift: 8.53966 crossingAngle: -39.0117 axialRotation: -79.1402 zShift: 3.73339 energy: -0.152611
MCReject   xShift: 8.53966 crossingAngle: -39.0117 axialRotation: -79.1793 zShift: 3.71136 energy: -2.52968
MCReject   xShift: 8.53966 crossingAngle: -39.0117 axialRotation: -79.1111 zShift: 3.73339 energy: 0.85522
MCReject   xShift: 8.53966 crossingAngle: -39.0117 axialRotation: -79.1793 zShift: 3.73139 energy: 0.442793
MCReject   xShift: 8.51572 crossingAngle: -39.0117 axialRotation: -79.1793 zShift: 3.73339 energy: 1.87662
MCReject   xShift: 8.53966 crossingAngle: -39.0117 axialRotation: -79.1793 zShift: 3.72039 energy: 1.95596
MCReject   xShift: 8.53966 crossingAngle: -39.0117 axialRotation: -79.1793 zShift: 3.72368 energy: 0.889114
MCReject   xShift: 8.53966 crossingAngle: -38.8153 axialRotation: -79.1793 zShift: 3.73339 energy: 0.901032
MCReject   xShift: 8.53966 crossingAngle: -39.0117 axialRotation: -79.1793 zShift: 3.7211 energy: 10.2592
MCReject   xShift: 8.53966 crossingAngle: -39.0467 axialRotation: -79.1793 zShift: 3.73339 energy: 0.840241
MCReject   xShift: 8.53966 crossingAngle: -39.0117 axialRotation: -79.1433 zShift: 3.73339 energy: 2.74162
MCReject   xShift: 8.53966 crossingAngle: -39.0117 axialRotation: -79.2582 zShift: 3.73339 energy: -1.13983
MCReject   xShift: 8.55979 crossingAngle: -39.0117 axialRotation: -79.1793 zShift: 3.73339 energy: 0.85522
MCReject   xShift: 8.53966 crossingAngle: -39.0117 axialRotation: -79.1863 zShift: 3.73339 energy: 2.74162
MCReject   xShift: 8.53966 crossingAngle: -39.0117 axialRotation: -79.1793 zShift: 3.74216 energy: -2.7181
MCReject   xShift: 8.53966 crossingAngle: -39.0212 axialRotation: -79.1793 zShift: 3.73339 energy: -1.11764
MCAccept 34 xShift: 8.53966 crossingAngle: -39.0117 axialRotation: -79.1793 zShift: 3.73249 energy: -3.26409
MCReject   xShift: 8.53445 crossingAngle: -39.0117 axialRotation: -79.1793 zShift: 3.73249 energy: -2.70126
MCReject   xShift: 8.5396 crossingAngle: -39.0117 axialRotation: -79.1793 zShift: 3.73249 energy: -2.1562
MCReject   xShift: 8.54366 crossingAngle: -39.0117 axialRotation: -79.1793 zShift: 3.73249 energy: -2.62602
MCReject   xShift: 8.53966 crossingAngle: -39.1284 axialRotation: -79.1793 zShift: 3.73249 energy: 10.3861
MCReject   xShift: 8.53755 crossingAngle: -39.0117 axialRotation: -79.1793 zShift: 3.73249 energy: -1.13685
MCReject   xShift: 8.53966 crossingAngle: -39.0117 axialRotation: -79.2727 zShift: 3.73249 energy: 2.29965
MCReject   xShift: 8.53919 crossingAngle: -39.0117 axialRotation: -79.1793 zShift: 3.73249 energy: -0.115996
MCAccept 35 xShift: 8.53966 crossingAngle: -38.7119 axialRotation: -79.1793 zShift: 3.73249 energy: -3.24191
MCReject   xShift: 8.53966 crossingAngle: -38.7119 axialRotation: -79.1793 zShift: 3.71695 energy: 2.28249
MCReject   xShift: 8.53432 crossingAngle: -38.7119 axialRotation: -79.1793 zShift: 3.73249 energy: -2.67908
MCReject   xShift: 8.53966 crossingAngle: -38.7119 axialRotation: -79.1793 zShift: 3.72977 energy: 1.85868
MCReject   xShift: 8.53966 crossingAngle: -38.8634 axialRotation: -79.1793 zShift: 3.73249 energy: 0.881882
MCAccept 36 xShift: 8.53966 crossingAngle: -38.7119 axialRotation: -79.1793 zShift: 3.73862 energy: -3.24314
MCReject   xShift: 8.53966 crossingAngle: -38.7119 axialRotation: -79.1903 zShift: 3.73862 energy: 15.8095
MCReject   xShift: 8.53966 crossingAngle: -38.7119 axialRotation: -79.1793 zShift: 3.75137 energy: 3.74289
MCReject   xShift: 8.53966 crossingAngle: -38.7331 axialRotation: -79.1793 zShift: 3.73862 energy: -1.49891
MCReject   xShift: 8.53966 crossingAngle: -38.7119 axialRotation: -79.1793 zShift: 3.73908 energy: 1.84792
MCReject   xShift: 8.5352 crossingAngle: -38.7119 axialRotation: -79.1793 zShift: 3.73862 energy: 10.3562
MCReject   xShift: 8.53966 crossingAngle: -38.7119 axialRotation: -79.1351 zShift: 3.73862 energy: -1.85766
MCReject   xShift: 8.53966 crossingAngle: -38.7119 axialRotation: -79.2381 zShift: 3.73862 energy: -1.90489
MCReject   xShift: 8.52827 crossingAngle: -38.7119 axialRotation: -79.1793 zShift: 3.73862 energy: -0.424059
MCAccept 37 xShift: 8.53966 crossingAngle: -38.7119 axialRotation: -79.108 zShift: 3.73862 energy: -3.29736
MCReject   xShift: 8.53838 crossingAngle: -38.7119 axialRotation: -79.108 zShift: 3.73862 energy: 0.378702
MCReject   xShift: 8.53966 crossingAngle: -38.7119 axialRotation: -79.108 zShift: 3.73535 energy: 0.83054
MCReject   xShift: 8.56162 crossingAngle: -38.7119 axialRotation: -79.108 zShift: 3.73862 energy: -2.95749
MCReject   xShift: 8.53966 crossingAngle: -38.7119 axialRotation: -79.1979 zShift: 3.73862 energy: 0.400957
MCReject   xShift: 8.54931 crossingAngle: -38.7119 axialRotation: -79.108 zShift: 3.73862 energy: 0.518141
MCReject   xShift: 8.56443 crossingAngle: -38.7119 axialRotation: -79.108 zShift: 3.73862 energy: 0.792435
MCReject   xShift: 8.53966 crossingAngle: -38.7473 axialRotation: -79.108 zShift: 3.73862 energy: -0.136145
MCReject   xShift: 8.53966 crossingAngle: -38.7295 axialRotation: -79.108 zShift: 3.73862 energy: -2.67622
MCReject   xShift: 8.52106 crossingAngle: -38.7119 axialRotation: -79.108 zShift: 3.73862 energy: -2.67622
MCReject   xShift: 8.53966 crossingAngle: -38.7512 axialRotation: -79.108 zShift: 3.73862 energy: 1.40362
MCReject   xShift: 8.51867 crossingAngle: -38.7119 axialRotation: -79.108 zShift: 3.73862 energy: 1.51615
MCReject   xShift: 8.53966 crossingAngle: -38.7119 axialRotation: -79.108 zShift: 3.74173 energy: 2.7171
MCReject   xShift: 8.53966 crossingAngle: -38.7119 axialRotation: -79.2374 zShift: 3.73862 energy: -2.95749
MCReject   xShift: 8.5348 crossingAngle: -38.7119 axialRotation: -79.108 zShift: 3.73862 energy: -2.7124
MCReject   xShift: 8.53966 crossingAngle: -38.7119 axialRotation: -78.8343 zShift: 3.73862 energy: 0.829936
MCReject   xShift: 8.53324 crossingAngle: -38.7119 axialRotation: -79.108 zShift: 3.73862 energy: -0.357362
MCReject   xShift: 8.53966 crossingAngle: -38.631 axialRotation: -79.108 zShift: 3.73862 energy: 10.4321
MCReject   xShift: 8.53966 crossingAngle: -38.7119 axialRotation: -79.004 zShift: 3.73862 energy: -2.67622
MCReject   xShift: 8.53966 crossingAngle: -38.7119 axialRotation: -79.108 zShift: 3.73565 energy: 2.29246
MCReject   xShift: 8.52885 crossingAngle: -38.7119 axialRotation: -79.108 zShift: 3.73862 energy: -0.269474
MCReject   xShift: 8.53966 crossingAngle: -38.7119 axialRotation: -79.108 zShift: 3.74594 energy: -2.69117
MCReject   xShift: 8.53966 crossingAngle: -38.7119 axialRotation: -78.9624 zShift: 3.73862 energy: 0.518141
MCReject   xShift: 8.53966 crossingAngle: -38.7119 axialRotation: -79.0819 zShift: 3.73862 energy: -2.65645
MCReject   xShift: 8.52726 crossingAngle: -38.7119 axialRotation: -79.108 zShift: 3.73862 energy: 0.852191
MCReject   xShift: 8.53966 crossingAngle: -38.7119 axialRotation: -79.108 zShift: 3.75345 energy: -2.72493
MCReject   xShift: 8.53966 crossingAngle: -38.6738 axialRotation: -79.108 zShift: 3.73862 energy: 11.4302
MCReject   xShift: 8.53966 crossingAngle: -38.7119 axialRotation: -79.108 zShift: 3.73739 energy: 2.72946
MCReject   xShift: 8.53966 crossingAngle: -38.7119 axialRotation: -79.108 zShift: 3.7251 energy: -2.66364
MCReject   xShift: 8.53966 crossingAngle: -38.7119 axialRotation: -79.1057 zShift: 3.73862 energy: -2.65396
MCReject   xShift: 8.53966 crossingAngle: -38.7119 axialRotation: -79.106 zShift: 3.73862 energy: -2.2771
MCReject   xShift: 8.53966 crossingAngle: -38.8872 axialRotation: -79.108 zShift: 3.73862 energy: 2.4783
MCReject   xShift: 8.53966 crossingAngle: -38.6473 axialRotation: -79.108 zShift: 3.73862 energy: 1.68454
MCReject   xShift: 8.53966 crossingAngle: -38.7119 axialRotation: -79.0179 zShift: 3.73862 energy: 0.81469
MCReject   xShift: 8.53966 crossingAngle: -38.7454 axialRotation: -79.108 zShift: 3.73862 energy: 2.72586
MCReject   xShift: 8.53966 crossingAngle: -38.7119 axialRotation: -79.2225 zShift: 3.73862 energy: -2.2771
MCReject   xShift: 8.53966 crossingAngle: -38.7119 axialRotation: -79.108 zShift: 3.73446 energy: -2.89196
MCReject   xShift: 8.53966 crossingAngle: -38.7119 axialRotation: -79.1306 zShift: 3.73862 energy: 0.81469
MCAccept 38 xShift: 8.53966 crossingAngle: -38.7119 axialRotation: -79.108 zShift: 3.75037 energy: -3.32574
MCReject   xShift: 8.53966 crossingAngle: -38.7119 axialRotation: -79.2316 zShift: 3.75037 energy: 2.69517
MCReject   xShift: 8.53918 crossingAngle: -38.7119 axialRotation: -79.108 zShift: 3.75037 energy: -2.73191
MCReject   xShift: 8.53966 crossingAngle: -38.7119 axialRotation: -79.0539 zShift: 3.75037 energy: 0.777236
MCReject   xShift: 8.53966 crossingAngle: -38.7119 axialRotation: -79.0033 zShift: 3.75037 energy: -2.70951
MCReject   xShift: 8.53976 crossingAngle: -38.7119 axialRotation: -79.108 zShift: 3.75037 energy: -2.70951
MCReject   xShift: 8.53966 crossingAngle: -38.7119 axialRotation: -79.108 zShift: 3.73352 energy: -2.90247
MCReject   xShift: 8.53966 crossingAngle: -38.9382 axialRotation: -79.108 zShift: 3.75037 energy: 0.777236
MCReject   xShift: 8.53966 crossingAngle: -38.7119 axialRotation: -79.2161 zShift: 3.75037 energy: -1.84315
MCReject   xShift: 8.53966 crossingAngle: -38.7119 axialRotation: -79.108 zShift: 3.75159 energy: -1.17058
MCReject   xShift: 8.53966 crossingAngle: -38.8165 axialRotation: -79.108 zShift: 3.75037 energy: -2.0289
MCReject   xShift: 8.53966 crossingAngle: -38.7119 axialRotation: -79.108 zShift: 3.74303 energy: 2.69125
MCReject   xShift: 8.53966 crossingAngle: -38.6882 axialRotation: -79.108 zShift: 3.75037 energy: -1.84315
MCReject   xShift: 8.53966 crossingAngle: -38.7119 axialRotation: -79.0103 zShift: 3.75037 energy: -2.73191
MCReject   xShift: 8.53966 crossingAngle: -38.7119 axialRotation: -78.9656 zShift: 3.75037 energy: -2.71134
MCReject   xShift: 8.53966 crossingAngle: -38.6164 axialRotation: -79.108 zShift: 3.75037 energy: -0.207001
MCReject   xShift: 8.53765 crossingAngle: -38.7119 axialRotation: -79.108 zShift: 3.75037 energy: 11.5227
MCReject   xShift: 8.53966 crossingAngle: -38.6185 axialRotation: -79.108 zShift: 3.75037 energy: -0.229409
MCReject   xShift: 8.53966 crossingAngle: -38.7119 axialRotation: -79.3015 zShift: 3.75037 energy: -2.70684
MCReject   xShift: 8.53966 crossingAngle: -38.7119 axialRotation: -79.108 zShift: 3.73479 energy: -2.63487
MCReject   xShift: 8.5232 crossingAngle: -38.7119 axialRotation: -79.108 zShift: 3.75037 energy: -1.16744
MCReject   xShift: 8.53966 crossingAngle: -38.7119 axialRotation: -78.9688 zShift: 3.75037 energy: -1.16744
MCReject   xShift: 8.53966 crossingAngle: -38.7119 axialRotation: -79.108 zShift: 3.7819 energy: 1.44836
MCReject   xShift: 8.53966 crossingAngle: -38.9171 axialRotation: -79.108 zShift: 3.75037 energy: -2.73191
MCReject   xShift: 8.53859 crossingAngle: -38.7119 axialRotation: -79.108 zShift: 3.75037 energy: -1.71421
MCReject   xShift: 8.53966 crossingAngle: -38.7119 axialRotation: -79.3012 zShift: 3.75037 energy: -2.70951
MCReject   xShift: 8.53966 crossingAngle: -38.7119 axialRotation: -79.108 zShift: 3.73676 energy: -2.64474
MCReject   xShift: 8.54488 crossingAngle: -38.7119 axialRotation: -79.108 zShift: 3.75037 energy: -1.18985
MCReject   xShift: 8.53966 crossingAngle: -38.7387 axialRotation: -79.108 zShift: 3.75037 energy: 1.56378
MCReject   xShift: 8.53966 crossingAngle: -38.7119 axialRotation: -79.108 zShift: 3.72827 energy: -1.5276
MCReject   xShift: 8.53966 crossingAngle: -38.7119 axialRotation: -79.108 zShift: 3.77226 energy: 0.655006
MCReject   xShift: 8.53966 crossingAngle: -38.7119 axialRotation: -79.108 zShift: 3.75628 energy: 0.284582
MCReject   xShift: 8.53966 crossingAngle: -38.7119 axialRotation: -79.433 zShift: 3.75037 energy: 0.799644
MCReject   xShift: 8.55119 crossingAngle: -38.7119 axialRotation: -79.108 zShift: 3.75037 energy: -2.0289
MCReject   xShift: 8.53966 crossingAngle: -38.7119 axialRotation: -79.108 zShift: 3.76037 energy: 0.75954
MCReject   xShift: 8.54318 crossingAngle: -38.7119 axialRotation: -79.108 zShift: 3.75037 energy: 1.75668
MCReject   xShift: 8.55723 crossingAngle: -38.7119 axialRotation: -79.108 zShift: 3.75037 energy: -2.99882
MCReject   xShift: 8.53277 crossingAngle: -38.7119 axialRotation: -79.108 zShift: 3.75037 energy: -0.261336
MCReject   xShift: 8.53966 crossingAngle: -38.7119 axialRotation: -79.2625 zShift: 3.75037 energy: -2.70684
MCReject   xShift: 8.53966 crossingAngle: -38.7119 axialRotation: -79.3173 zShift: 3.75037 energy: 2.67276
MCReject   xShift: 8.53966 crossingAngle: -38.9367 axialRotation: -79.108 zShift: 3.75037 energy: 0.619366
MCReject   xShift: 8.53966 crossingAngle: -38.7119 axialRotation: -79.108 zShift: 3.74989 energy: 1.16573
MCReject   xShift: 8.53966 crossingAngle: -38.6677 axialRotation: -79.108 zShift: 3.75037 energy: -0.117211
MCAccept 39 xShift: 8.53966 crossingAngle: -38.5639 axialRotation: -79.108 zShift: 3.75037 energy: -3.35786
MCReject   xShift: 8.53966 crossingAngle: -38.5639 axialRotation: -79.108 zShift: 3.76311 energy: 1.4737
MCReject   xShift: 8.53966 crossingAngle: -38.5639 axialRotation: -79.108 zShift: 3.76749 energy: -1.36227
MCReject   xShift: 8.53966 crossingAngle: -38.5639 axialRotation: -79.108 zShift: 3.7296 energy: 0.534069
MCReject   xShift: 8.53993 crossingAngle: -38.5639 axialRotation: -79.108 zShift: 3.75037 energy: -2.91579
MCReject   xShift: 8.53406 crossingAngle: -38.5639 axialRotation: -79.108 zShift: 3.75037 energy: 0.314746
MCReject   xShift: 8.53966 crossingAngle: -38.5639 axialRotation: -79.108 zShift: 3.7551 energy: -1.73636
MCReject   xShift: 8.54617 crossingAngle: -38.5639 axialRotation: -79.108 zShift: 3.75037 energy: -2.91579
MCReject   xShift: 8.53966 crossingAngle: -38.713 axialRotation: -79.108 zShift: 3.75037 energy: 2.67276
MCReject   xShift: 8.53966 crossingAngle: -38.5639 axialRotation: -79.108 zShift: 3.74448 energy: 0.765038
MCReject   xShift: 8.53338 crossingAngle: -38.5639 axialRotation: -79.108 zShift: 3.75037 energy: 0.286692
MCReject   xShift: 8.53966 crossingAngle: -38.5639 axialRotation: -79.108 zShift: 3.75574 energy: 2.68335
MCReject   xShift: 8.53966 crossingAngle: -38.5639 axialRotation: -79.108 zShift: 3.75712 energy: 3.54381
MCReject   xShift: 8.55144 crossingAngle: -38.5639 axialRotation: -79.108 zShift: 3.75037 energy: -0.117211
MCReject   xShift: 8.56058 crossingAngle: -38.5639 axialRotation: -79.108 zShift: 3.75037 energy: -3.04661
MCReject   xShift: 8.54591 crossingAngle: -38.5639 axialRotation: -79.108 zShift: 3.75037 energy: 0.264284
MCReject   xShift: 8.53966 crossingAngle: -38.5639 axialRotation: -79.058 zShift: 3.75037 energy: -2.73191
MCReject   xShift: 8.53966 crossingAngle: -38.5639 axialRotation: -79.108 zShift: 3.7298 energy: -2.63145
MCReject   xShift: 8.53267 crossingAngle: -38.5639 axialRotation: -79.108 zShift: 3.75037 energy: 0.777236
MCReject   xShift: 8.557 crossingAngle: -38.5639 axialRotation: -79.108 zShift: 3.75037 energy: -3.0242
MCReject   xShift: 8.53966 crossingAngle: -38.5062 axialRotation: -79.108 zShift: 3.75037 energy: -3.04661
MCReject   xShift: 8.53966 crossingAngle: -38.8125 axialRotation: -79.108 zShift: 3.75037 energy: 2.69517
MCReject   xShift: 8.55154 crossingAngle: -38.5639 axialRotation: -79.108 zShift: 3.75037 energy: -2.73191
MCReject   xShift: 8.53966 crossingAngle: -38.5639 axialRotation: -79.108 zShift: 3.73355 energy: 1.87582
MCReject   xShift: 8.53966 crossingAngle: -38.3739 axialRotation: -79.108 zShift: 3.75037 energy: 1.5873
MCReject   xShift: 8.53966 crossingAngle: -38.5693 axialRotation: -79.108 zShift: 3.75037 energy: 0.738976
MCReject   xShift: 8.53966 crossingAngle: -38.5636 axialRotation: -79.108 zShift: 3.75037 energy: -2.68893
MCReject   xShift: 8.53966 crossingAngle: -38.3801 axialRotation: -79.108 zShift: 3.75037 energy: -1.71421
MCReject   xShift: 8.5259 crossingAngle: -38.5639 axialRotation: -79.108 zShift: 3.75037 energy: -1.49798
MCReject   xShift: 8.53966 crossingAngle: -38.5443 axialRotation: -79.108 zShift: 3.75037 energy: 10.7681
MCReject   xShift: 8.53966 crossingAngle: -38.5639 axialRotation: -79.0732 zShift: 3.75037 energy: -2.68893
MCReject   xShift: 8.53966 crossingAngle: -38.5639 axialRotation: -79.108 zShift: 3.76337 energy: 10.586
MCReject   xShift: 8.53966 crossingAngle: -38.5639 axialRotation: -79.108 zShift: 3.74171 energy: 1.38094
MCReject   xShift: 8.53175 crossingAngle: -38.5639 axialRotation: -79.108 zShift: 3.75037 energy: 2.67276
MCAccept 40 xShift: 8.54538 crossingAngle: -38.5639 axialRotation: -79.108 zShift: 3.75037 energy: -3.35786
MCReject   xShift: 8.54538 crossingAngle: -38.5639 axialRotation: -79.108 zShift: 3.7545 energy: -2.75039
MCReject   xShift: 8.54538 crossingAngle: -38.5639 axialRotation: -79.2696 zShift: 3.75037 energy: -2.68893
MCReject   xShift: 8.54538 crossingAngle: -38.4489 axialRotation: -79.108 zShift: 3.75037 energy: -3.32574
MCReject   xShift: 8.54538 crossingAngle: -38.6539 axialRotation: -79.108 zShift: 3.75037 energy: 0.738976
MCReject   xShift: 8.54594 crossingAngle: -38.5639 axialRotation: -79.108 zShift: 3.75037 energy: -1.16744
MCReject   xShift: 8.56371 crossingAngle: -38.5639 axialRotation: -79.108 zShift: 3.75037 energy: -1.65928
MCReject   xShift: 8.54538 crossingAngle: -38.5639 axialRotation: -79.108 zShift: 3.75024 energy: 3.35016
MCReject   xShift: 8.54538 crossingAngle: -38.4386 axialRotation: -79.108 zShift: 3.75037 energy: -1.49798
MCReject   xShift: 8.54538 crossingAngle: -38.5639 axialRotation: -79.108 zShift: 3.7567 energy: 3.52461
MCReject   xShift: 8.52509 crossingAngle: -38.5639 axialRotation: -79.108 zShift: 3.75037 energy: -3.33545
MCReject   xShift: 8.54538 crossingAngle: -38.5639 axialRotation: -79.108 zShift: 3.75386 energy: 2.31306
MCReject   xShift: 8.54538 crossingAngle: -38.5497 axialRotation: -79.108 zShift: 3.75037 energy: -2.70684
MCReject   xShift: 8.5404 crossingAngle: -38.5639 axialRotation: -79.108 zShift: 3.75037 energy: -2.73191
MCReject   xShift: 8.54538 crossingAngle: -38.5639 axialRotation: -79.108 zShift: 3.74105 energy: -1.64843
MCReject   xShift: 8.5477 crossingAngle: -38.5639 axialRotation: -79.108 zShift: 3.75037 energy: -1.71421
MCReject   xShift: 8.54538 crossingAngle: -38.5993 axialRotation: -79.108 zShift: 3.75037 energy: -0.117211
MCReject   xShift: 8.55629 crossingAngle: -38.5639 axialRotation: -79.108 zShift: 3.75037 energy: 10.4501
MCReject   xShift: 8.54709 crossingAngle: -38.5639 axialRotation: -79.108 zShift: 3.75037 energy: -2.70951
MCReject   xShift: 8.54538 crossingAngle: -38.5639 axialRotation: -79.108 zShift: 3.73174 energy: 0.863456
MCReject   xShift: 8.54538 crossingAngle: -38.5639 axialRotation: -79.108 zShift: 3.75079 energy: -1.16852
MCReject   xShift: 8.54538 crossingAngle: -38.5639 axialRotation: -79.108 zShift: 3.7645 energy: 0.705016
MCAccept 41 xShift: 8.53673 crossingAngle: -38.5639 axialRotation: -79.108 zShift: 3.75037 energy: -3.35786
MCReject   xShift: 8.53673 crossingAngle: -38.5639 axialRotation: -79.108 zShift: 3.76705 energy: -0.348279
MCReject   xShift: 8.53673 crossingAngle: -38.5639 axialRotation: -79.108 zShift: 3.75385 energy: 9.25191
MCReject   xShift: 8.53673 crossingAngle: -38.6158 axialRotation: -79.108 zShift: 3.75037 energy: -2.70951
MCReject   xShift: 8.53673 crossingAngle: -38.5639 axialRotation: -79.2204 zShift: 3.75037 energy: -1.71421
MCReject   xShift: 8.53673 crossingAngle: -38.5639 axialRotation: -79.108 zShift: 3.74831 energy: -3.34754
MCReject   xShift: 8.53673 crossingAngle: -38.3082 axialRotation: -79.108 zShift: 3.75037 energy: 1.81161
MCReject   xShift: 8.53673 crossingAngle: -38.5639 axialRotation: -78.9659 zShift: 3.75037 energy: 2.48221
MCAccept 42 xShift: 8.53673 crossingAngle: -38.5639 axialRotation: -79.108 zShift: 3.77633 energy: -3.43038
MCAccept 43 xShift: 8.53673 crossingAngle: -38.5359 axialRotation: -79.108 zShift: 3.77633 energy: -3.69805
MCReject   xShift: 8.53673 crossingAngle: -38.5359 axialRotation: -79.108 zShift: 3.76374 energy: -1.30775
MCReject   xShift: 8.53673 crossingAngle: -38.4726 axialRotation: -79.108 zShift: 3.77633 energy: 0.214917
MCReject   xShift: 8.53673 crossingAngle: -38.5359 axialRotation: -79.108 zShift: 3.78504 energy: -3.48934
MCReject   xShift: 8.54968 crossingAngle: -38.5359 axialRotation: -79.108 zShift: 3.77633 energy: 0.664399
MCReject   xShift: 8.53673 crossingAngle: -38.5359 axialRotation: -79.0981 zShift: 3.77633 energy: 0.421653
MCReject   xShift: 8.53368 crossingAngle: -38.5359 axialRotation: -79.108 zShift: 3.77633 energy: 0.70436
MCReject   xShift: 8.53673 crossingAngle: -38.5057 axialRotation: -79.108 zShift: 3.77633 energy: 2.65107
MCReject   xShift: 8.53673 crossingAngle: -38.583 axialRotation: -79.108 zShift: 3.77633 energy: -3.08573
MCReject   xShift: 8.53673 crossingAngle: -38.4748 axialRotation: -79.108 zShift: 3.77633 energy: 0.474919
MCReject   xShift: 8.53673 crossingAngle: -38.5789 axialRotation: -79.108 zShift: 3.77633 energy: 3.6403
MCReject   xShift: 8.52947 crossingAngle: -38.5359 axialRotation: -79.108 zShift: 3.77633 energy: -0.323878
MCReject   xShift: 8.53673 crossingAngle: -38.5406 axialRotation: -79.108 zShift: 3.77633 energy: 2.65107
MCReject   xShift: 8.53673 crossingAngle: -38.5359 axialRotation: -79.108 zShift: 3.76157 energy: -3.17965
MCReject   xShift: 8.53673 crossingAngle: -38.5359 axialRotation: -79.108 zShift: 3.78291 energy: 3.42691
MCReject   xShift: 8.53563 crossingAngle: -38.5359 axialRotation: -79.108 zShift: 3.77633 energy: 0.70436
MCReject   xShift: 8.53673 crossingAngle: -38.5359 axialRotation: -79.108 zShift: 3.78845 energy: -0.411066
MCReject   xShift: 8.54113 crossingAngle: -38.5359 axialRotation: -79.108 zShift: 3.77633 energy: 0.633152
MCReject   xShift: 8.53444 crossingAngle: -38.5359 axialRotation: -79.108 zShift: 3.77633 energy: 2.65107
MCReject   xShift: 8.53673 crossingAngle: -38.7365 axialRotation: -79.108 zShift: 3.77633 energy: 0.641651
MCReject   xShift: 8.53673 crossingAngle: -38.5359 axialRotation: -79.108 zShift: 3.78894 energy: 1.15122
MCReject   xShift: 8.53673 crossingAngle: -38.5359 axialRotation: -78.9973 zShift: 3.77633 energy: -3.04057
MCReject   xShift: 8.53673 crossingAngle: -38.5532 axialRotation: -79.108 zShift: 3.77633 energy: -3.17046
MCReject   xShift: 8.53673 crossingAngle: -38.5607 axialRotation: -79.108 zShift: 3.77633 energy: -2.07375
MCReject   xShift: 8.53673 crossingAngle: -38.3717 axialRotation: -79.108 zShift: 3.77633 energy: 0.681612
Energy #0: -3.69805
***GEOMETRY SHIFT***
xShift;        Before: 8.6; After: 8.53673
crossingAngle; Before: -39.09; After: -38.5359
axialRotation; Before: -79.12; After: -79.108
zShift;        Before: 3.64; After: 3.77633
Energy;        Before: 450713; After: -3.69805

Completed all cycles. Accepted 44/460
Monte Carlo repack complete. Time: 208.483min

