***STARTING GEOMETRY:***
xShift: 8.26938
crossingAngle: -40.3047
axialRotation: 34.2836
zShift: 5.24152

Number of MCCycles: 100
PrevSequence	CurrSequence	PrevEnergy	CurrEnergy	PrevEntropy	CurrEntropy	CurrentTemp
LLLALLTTLLGTLLTTLLILI	LLLALLFTLLGTLLTTLLILI	-18.3205	-17.9502	1.26162	0.0748068	999.684
LLLALLFTLLGTLLTTLLILI	LLLALLFTLLSTLLTTLLILI	-17.658	-17.2839	0.367007	0.457104	999.328
LLLALLFTLLSTLLTTLLILI	LLLALLFTLLSTLLVTLLILI	-16.4646	-14.3151	1.27634	0.0728516	998.928
LLLALLFTLLSTLLVTLLILI	LLLGLLFTLLSTLLVTLLILI	-14.1117	-14.4445	0.276169	0.584123	998.476
LLLGLLFTLLSTLLVTLLILI	LLLGLLFGLLSTLLVTLLILI	-14.3919	-12.5325	0.636769	0.246959	997.967
LLLGLLFGLLSTLLVTLLILI	LLLGLLFTLLSTLLVTLLILI	-12.5325	-14.3583	0.246959	0.636769	997.394
LLLGLLFTLLSTLLVTLLILI	LLLGLLTTLLSTLLVTLLILI	-14.9029	-18.0283	0.0921195	1.14683	996.749
LLLGLLTTLLSTLLVTLLILI	LLLALLTTLLSTLLVTLLILI	-18.591	-20.7466	0.584123	0.276169	996.023
LLLALLTTLLSTLLVTLLILI	LLLALLTSLLSTLLVTLLILI	-20.3319	-17.5882	0.690823	0.220804	995.205
LLLALLTSLLSTLLVTLLILI	LLLALLTTLLSTLLVTLLILI	-17.5882	-20.3319	0.220804	0.690823	994.285
LLLALLTTLLSTLLVTLLILI	LLLALLTTLLSTLLVYLLILI	-20.2066	-18.9714	0.816184	0.171816	993.249
LLLALLTTLLSTLLVYLLILI	LLLGLLTTLLSTLLVYLLILI	-18.867	-16.657	0.276169	0.584123	992.084
LLLGLLTTLLSTLLVYLLILI	LLLGLLTSLLSTLLVYLLILI	-16.6622	-13.7875	0.578967	0.279255	990.773
LLLGLLTSLLSTLLVYLLILI	LLLGLLTSLLSTLLTYLLILI	-13.9715	-15.9904	0.0952708	1.12845	989.3
LLLGLLTSLLSTLLTYLLILI	LLLALLTSLLSTLLTYLLILI	-16.5347	-18.6854	0.584123	0.276169	987.644
LLLALLTSLLSTLLTYLLILI	LLLGLLTSLLSTLLTYLLILI	-18.6854	-16.5347	0.276169	0.584123	985.783
LLLGLLTSLLSTLLTYLLILI	LLLALLTSLLSTLLTYLLILI	-16.5347	-18.6854	0.584123	0.276169	983.694
LLLALLTSLLSTLLTYLLILI	LLLGLLTSLLSTLLTYLLILI	-18.6854	-16.5347	0.276169	0.584123	981.348
LLLGLLTSLLSTLLTYLLILI	LLLGLLYSLLSTLLTYLLILI	-16.6758	-13.7096	0.443059	0.379341	978.717
LLLGLLYSLLSTLLTYLLILI	LLLGLLYSLLATLLTYLLILI	-13.1459	-12.1959	0.942975	0.13458	975.768
LLLGLLYSLLATLLTYLLILI	LLLGLLYTLLATLLTYLLILI	-12.1745	-16.6997	0.155943	0.865998	972.463
LLLGLLYTLLATLLTYLLILI	LLLGLLYTLLSTLLTYLLILI	-17.3215	-17.4943	0.244161	0.642213	968.764
LLLGLLYTLLSTLLTYLLILI	LLLALLYTLLSTLLTYLLILI	-17.5524	-14.4339	0.584123	0.276169	964.627
LLLALLYTLLSTLLTYLLILI	LLLALLYGLLSTLLTYLLILI	-13.7736	-14.9735	0.936418	0.136265	960.005
LLLALLYGLLSTLLTYLLILI	LLLALLTGLLSTLLTYLLILI	-14.7305	-17.0505	0.379341	0.443059	954.846
LLLALLTGLLSTLLTYLLILI	LLLALLFGLLSTLLTYLLILI	-16.4892	-15.9435	1.0043	0.119894	949.095
LLLALLFGLLSTLLTYLLILI	LLLALLTGLLSTLLTYLLILI	-15.9435	-16.4892	0.119894	1.0043	942.693
LLLALLTGLLSTLLTYLLILI	LLLALLTGLLTTLLTYLLILI	-17.3729	-23.7155	0.120637	1.001	935.578
LLLALLTGLLTTLLTYLLILI	LLLALLTGLLTTLLTTLLILI	-24.5753	-25.9826	0.141213	0.917682	927.683
LLLALLTGLLTTLLTTLLILI	LLLALLTGLLTTLLTYLLILI	-25.9826	-24.5753	0.917682	0.141213	918.939
LLLALLTGLLTTLLTYLLILI	LLLGLLTGLLTTLLTYLLILI	-24.5624	-21.9852	0.154044	0.872342	909.276
LLLGLLTGLLTTLLTYLLILI	LLLGLLTGLLTTLLTTLLILI	-22.7163	-24.1237	0.141213	0.917682	898.621
LLLGLLTGLLTTLLTTLLILI	LLLGLLTGLLTVLLTTLLILI	-23.6468	-21.3996	1.39457	0.0589809	886.903
LLLGLLTGLLTVLLTTLLILI	LLLALLTGLLTVLLTTLLILI	-20.5862	-23.1636	0.872342	0.154044	874.051
LLLALLTGLLTVLLTTLLILI	LLLALLFGLLTVLLTTLLILI	-22.1708	-23.0749	1.14683	0.0921195	859.999
LLLALLFGLLTVLLTTLLILI	LLLALLFGLLTTLLTTLLILI	-23.0942	-25.5721	0.0728516	1.27634	844.686
LLLALLFGLLTTLLTTLLILI	LLLALLYGLLTTLLTTLLILI	-26.6084	-26.9674	0.240035	0.650378	828.061
LLLALLYGLLTTLLTTLLILI	LLLALLYGLLTVLLTTLLILI	-26.3414	-22.8466	1.27634	0.0728516	810.083
LLLALLYGLLTVLLTTLLILI	LLLALLFGLLTVLLTTLLILI	-22.2691	-22.927	0.650378	0.240035	790.724
LLLALLFGLLTVLLTTLLILI	LLLALLFGLLTTLLTTLLILI	-23.0942	-24.9797	0.0728516	1.27634	769.974
LLLALLFGLLTTLLTTLLILI	LLLALLFGLLTTLLTYLLILI	-25.4399	-24.3418	0.816184	0.171816	747.845
LLLALLFGLLTTLLTYLLILI	LLLALLFGLLTTLLTTLLILI	-24.3418	-26.0322	0.171816	0.816184	724.369
LLLALLFGLLTTLLTTLLILI	LLLALLYGLLTTLLTTLLILI	-26.6084	-26.9674	0.240035	0.650378	699.602
LLLALLYGLLTTLLTTLLILI	LLLALLYGLLTTLLYTLLILI	-27.0789	-24.7717	0.538845	0.30482	646.557
LLLALLYGLLTTLLYTLLILI	LLLALLYGLLTTLLTTLLILI	-24.7717	-27.0789	0.30482	0.538845	618.524
LLLALLYGLLTTLLTTLLILI	LLLALLYGLLTVLLTTLLILI	-26.3414	-23.8571	1.27634	0.0728516	560.23
LLLALLYGLLTVLLTTLLILI	LLLALLYGLLTTLLTTLLILI	-23.8571	-25.2828	0.0728516	1.27634	530.348
LLLALLYGLLTTLLTTLLILI	LLLALLYGLLTTLLVTLLILI	-25.2828	-23.9462	1.27634	0.0728516	500.25
LLLALLYGLLTTLLVTLLILI	LLLALLYGLLTTLLTTLLILI	-23.9462	-25.2828	0.0728516	1.27634	470.152
LLLALLYGLLTTLLTTLLILI	LLLALLFGLLTTLLTTLLILI	-25.9088	-26.6084	0.650378	0.240035	440.27
LLLALLFGLLTTLLTTLLILI	LLLALLYGLLTTLLTTLLILI	-26.6084	-26.9674	0.240035	0.650378	410.812
LLLALLYGLLTTLLTTLLILI	LLLALLFGLLTTLLTTLLILI	-26.9674	-26.6084	0.650378	0.240035	326.872
LLLALLFGLLTTLLTTLLILI	LLLALLFGLLTTLLTYLLILI	-26.0322	-23.8453	0.816184	0.171816	252.655
LLLALLFGLLTTLLTYLLILI	LLLALLYGLLTTLLTYLLILI	-23.885	-24.3304	0.132101	0.952787	230.526
LLLALLYGLLTTLLTYLLILI	LLLALLFGLLTTLLTYLLILI	-24.3304	-24.3815	0.952787	0.132101	172.439
LLLALLFGLLTTLLTYLLILI	LLLALLFGLLTTLLTTLLILI	-24.3418	-26.0322	0.171816	0.816184	155.814
LLLALLFGLLTTLLTTLLILI	LLLALLYGLLTTLLTTLLILI	-26.6084	-26.9674	0.240035	0.650378	140.501
LLLALLYGLLTTLLTTLLILI	LLLALLYGLLTTLLYTLLILI	-27.0789	-27.196	0.538845	0.30482	126.449
LLLALLYGLLTTLLYTLLILI	LLLALLYGLLTTLLTTLLILI	-27.196	-27.0789	0.30482	0.538845	113.597
Time: 67s
