***STARTING GEOMETRY:***
xShift: 7.3
crossingAngle: -37.07
axialRotation: -45.89
zShift: 1.53

Number of MCCycles: 200
PrevSequence	CurrSequence	PrevEnergy	CurrEnergy	PrevEntropy	CurrEntropy	CurrentTemp
LLLTGLLTTLLGTLLATLILI	LLLTGLLTTLLGTLLAYLILI	666306	165185	0.917682	0.141213	999.847
LLLTGLLTTLLGTLLAYLILI	LLLTGLLTLLLGTLLAYLILI	165186	165188	0.983093	0.124761	999.684
LLLTGLLTLLLGTLLAYLILI	LLLTALLTLLLGTLLAYLILI	165188	165189	0.584123	0.276169	999.512
LLLTALLTLLLGTLLAYLILI	LLLTALLTTLLGTLLAYLILI	165189	165186	0.124761	0.983093	999.328
LLLTALLTTLLGTLLAYLILI	LLLTGLLTTLLGTLLAYLILI	165186	165186	0.276169	0.584123	999.134
LLLTGLLTTLLGTLLAYLILI	LLLTTLLTTLLGTLLAYLILI	165185	165186	0.160122	0.85234	998.928
LLLTTLLTTLLGTLLAYLILI	LLLTGLLTTLLGTLLAYLILI	165186	165186	0.85234	0.160122	998.708
LLLTGLLTTLLGTLLAYLILI	LLLYGLLTTLLGTLLAYLILI	165187	165186	0.538845	0.30482	998.476
LLLYGLLTTLLGTLLAYLILI	LLLYGLLTTLLGTLLAFLILI	165186	165187	0.952787	0.132101	998.229
LLLYGLLTTLLGTLLAFLILI	LLLTGLLTTLLGTLLAFLILI	165187	165188	0.171816	0.816184	997.967
LLLTGLLTTLLGTLLAFLILI	LLLTALLTTLLGTLLAFLILI	165187	165187	0.584123	0.276169	997.689
LLLTALLTTLLGTLLAFLILI	LLLTTLLTTLLGTLLAFLILI	165187	165188	0.100296	1.10047	997.394
LLLTTLLTTLLGTLLAFLILI	LLLTTLLFTLLGTLLAFLILI	165188	165190	0.917682	0.141213	997.081
LLLTTLLFTLLGTLLAFLILI	LLLTTLLTTLLGTLLAFLILI	165190	165188	0.141213	0.917682	996.749
LLLTTLLTTLLGTLLAFLILI	LLLTTLLTTLLGTLLAYLILI	165188	165186	0.240035	0.650378	996.397
LLLTTLLTTLLGTLLAYLILI	LLLTTLLTTLLGSLLAYLILI	165187	165188	1.11086	0.0983968	996.023
LLLTTLLTTLLGSLLAYLILI	LLLGTLLTTLLGSLLAYLILI	165188	165188	0.754313	0.194196	995.626
LLLGTLLTTLLGSLLAYLILI	LLLGGLLTTLLGSLLAYLILI	165188	165188	0.489954	0.34018	995.205
LLLGGLLTTLLGSLLAYLILI	LLLGGLLTTLLGTLLAYLILI	165188	165188	0.155943	0.865998	994.758
LLLGGLLTTLLGTLLAYLILI	LLLGGLLTTLLGTLLAWLILI	165187	165190	0.267575	0.598868	994.285
LLLGGLLTTLLGTLLAWLILI	LLLGALLTTLLGTLLAWLILI	165190	165190	0.745602	0.197612	993.782
LLLGALLTTLLGTLLAWLILI	LLLGALLTTLLGTLLGWLILI	165190	165188	0.197612	0.745602	993.249
LLLGALLTTLLGTLLGWLILI	LLLGALLTTLLGTLLGYLILI	165188	165188	0.598868	0.267575	992.683
LLLGALLTTLLGTLLGYLILI	LLLGGLLTTLLGTLLGYLILI	165188	165189	0.0820187	1.21066	992.084
LLLGGLLTTLLGTLLGYLILI	LLLGGLLYTLLGTLLGYLILI	165189	165189	0.443059	0.379341	991.448
LLLGGLLYTLLGTLLGYLILI	LLLGGLLYTLLGSLLGYLILI	165189	165190	0.690823	0.220804	990.773
LLLGGLLYTLLGSLLGYLILI	LLLGGLLTTLLGSLLGYLILI	165191	165190	0.505042	0.328724	990.058
LLLGGLLTTLLGSLLGYLILI	LLLTGLLTTLLGSLLGYLILI	165190	165189	0.420699	0.400165	989.3
LLLTGLLTTLLGSLLGYLILI	LLLGGLLTTLLGSLLGYLILI	165189	165189	0.400165	0.420699	988.496
LLLGGLLTTLLGSLLGYLILI	LLLGGLLTTLLGTLLGYLILI	165189	165188	0.155943	0.865998	987.644
LLLGGLLTTLLGTLLGYLILI	LLLGGLLTTLLGTLLGWLILI	165187	165188	0.267575	0.598868	986.74
LLLGGLLTTLLGTLLGWLILI	LLLGGLLTLLLGTLLGWLILI	165188	165190	0.849143	0.161118	985.783
LLLGGLLTLLLGTLLGWLILI	LLLGGLLTLLLGTLLGFLILI	165191	165190	0.890414	0.148778	984.769
LLLGGLLTLLLGTLLGFLILI	LLLTGLLTLLLGTLLGFLILI	165190	165190	0.420699	0.400165	983.694
LLLTGLLTLLLGTLLGFLILI	LLLTGLLTLLLGTLLGYLILI	165190	165189	0.240035	0.650378	982.555
LLLTGLLTLLLGTLLGYLILI	LLLTGLLTLLLGSLLGYLILI	165189	165190	0.865998	0.155943	981.348
LLLTGLLTLLLGSLLGYLILI	LLLTGLLTLLLGTLLGYLILI	165190	165189	0.155943	0.865998	980.071
LLLTGLLTLLLGTLLGYLILI	LLLTGLLTTLLGTLLGYLILI	165188	165188	0.124761	0.983093	978.717
LLLTGLLTTLLGTLLGYLILI	LLLGGLLTTLLGTLLGYLILI	165187	165188	0.489954	0.34018	977.285
LLLGGLLTTLLGTLLGYLILI	LLLTGLLTTLLGTLLGYLILI	165188	165187	0.34018	0.489954	975.768
LLLTGLLTTLLGTLLGYLILI	LLLTGLLTTLLGTLLGFLILI	165188	165188	0.650378	0.240035	974.162
LLLTGLLTTLLGTLLGFLILI	LLLTGLLTTLLGTLLGYLILI	165188	165188	0.240035	0.650378	972.463
LLLTGLLTTLLGTLLGYLILI	LLLYGLLTTLLGTLLGYLILI	165187	165188	0.538845	0.30482	970.666
LLLYGLLTTLLGTLLGYLILI	LLLYGLLTTLLGSLLGYLILI	165189	165190	0.865998	0.155943	968.764
LLLYGLLTTLLGSLLGYLILI	LLLYALLTTLLGSLLGYLILI	165191	165190	1.06535	0.107014	966.754
LLLYALLTTLLGSLLGYLILI	LLLYALLTTLLGTLLGYLILI	165190	165190	0.155943	0.865998	964.627
LLLYALLTTLLGTLLGYLILI	LLLYALLTTLLGSLLGYLILI	165190	165190	0.865998	0.155943	962.38
LLLYALLTTLLGSLLGYLILI	LLLGALLTTLLGSLLGYLILI	165190	165190	0.454934	0.368877	960.005
LLLGALLTTLLGSLLGYLILI	LLLTALLTTLLGSLLGYLILI	165190	165190	0.34018	0.489954	957.496
LLLTALLTTLLGSLLGYLILI	LLLTALLTLLLGSLLGYLILI	165190	165190	0.849143	0.161118	954.846
LLLTALLTLLLGSLLGYLILI	LLLTGLLTLLLGSLLGYLILI	165190	165191	0.107014	1.06535	952.048
LLLTGLLTLLLGSLLGYLILI	LLLTALLTLLLGSLLGYLILI	165191	165190	1.06535	0.107014	949.095
LLLTALLTLLLGSLLGYLILI	LLLTALLTTLLGSLLGYLILI	165190	165190	0.161118	0.849143	945.979
LLLTALLTTLLGSLLGYLILI	LLLTGLLTTLLGSLLGYLILI	165189	165190	0.107014	1.06535	942.693
LLLTGLLTTLLGSLLGYLILI	LLLTGLLTTLLGTLLGYLILI	165189	165188	0.120637	1.001	939.229
LLLTGLLTTLLGTLLGYLILI	LLLYGLLTTLLGTLLGYLILI	165187	165187	0.538845	0.30482	935.578
LLLYGLLTTLLGTLLGYLILI	LLLYGLLTTLLGSLLGYLILI	165188	165189	0.865998	0.155943	931.732
LLLYGLLTTLLGSLLGYLILI	LLLYGLLTTLLGALLGYLILI	165190	165190	0.642213	0.244161	927.683
LLLYGLLTTLLGALLGYLILI	LLLYALLTTLLGALLGYLILI	165191	165191	0.745602	0.197612	923.422
LLLYALLTTLLGALLGYLILI	LLLGALLTTLLGALLGYLILI	165191	165191	0.454934	0.368877	918.939
LLLGALLTTLLGALLGYLILI	LLLGALLTTLLGTLLGYLILI	165190	165189	0.158812	0.856576	914.227
LLLGALLTTLLGTLLGYLILI	LLLGALLTTLLGSLLGYLILI	165189	165190	0.865998	0.155943	909.276
LLLGALLTTLLGSLLGYLILI	LLLGALLTTLLGSLLGFLILI	165190	165193	0.650378	0.240035	904.077
LLLGALLTTLLGSLLGFLILI	LLLGALLTLLLGSLLGFLILI	165193	165194	0.67574	0.227751	898.621
LLLGALLTLLLGSLLGFLILI	LLLGALLTLLLGSLLGYLILI	165194	165192	0.240035	0.650378	892.899
LLLGALLTLLLGSLLGYLILI	LLLGALLTLLLGTLLGYLILI	165191	165189	0.220804	0.690823	886.903
LLLGALLTLLLGTLLGYLILI	LLLGALLTTLLGTLLGYLILI	165189	165189	0.161118	0.849143	880.623
LLLGALLTTLLGTLLGYLILI	LLLGALLTTLLGTLLGFLILI	165189	165189	0.650378	0.240035	874.051
LLLGALLTTLLGTLLGFLILI	LLLGALLTTLLGTLLGYLILI	165189	165188	0.240035	0.650378	867.179
LLLGALLTTLLGTLLGYLILI	LLLTALLTTLLGTLLGYLILI	165188	165188	0.271676	0.591758	859.999
LLLTALLTTLLGTLLGYLILI	LLLTALLTTLLGTLLGFLILI	165188	165190	0.650378	0.240035	852.504
LLLTALLTTLLGTLLGFLILI	LLLTALLTTLLGTLLGYLILI	165190	165188	0.240035	0.650378	844.686
LLLTALLTTLLGTLLGYLILI	LLLTALLTTLLGTLLGFLILI	165188	165189	0.650378	0.240035	836.541
LLLTALLTTLLGTLLGFLILI	LLLTGLLTTLLGTLLGFLILI	165189	165189	0.107014	1.06535	828.061
LLLTGLLTTLLGTLLGFLILI	LLLTGLLTTLLGTLLGYLILI	165188	165188	0.240035	0.650378	819.243
LLLTGLLTTLLGTLLGYLILI	LLLTALLTTLLGTLLGYLILI	165189	165188	1.06535	0.107014	810.083
LLLTALLTTLLGTLLGYLILI	LLLGALLTTLLGTLLGYLILI	165188	165188	0.591758	0.271676	800.577
LLLGALLTTLLGTLLGYLILI	LLLGALLTTLLGSLLGYLILI	165188	165190	0.865998	0.155943	790.724
LLLGALLTTLLGSLLGYLILI	LLLTALLTTLLGSLLGYLILI	165190	165190	0.34018	0.489954	780.523
LLLTALLTTLLGSLLGYLILI	LLLTGLLTTLLGSLLGYLILI	165189	165190	0.107014	1.06535	769.974
LLLTGLLTTLLGSLLGYLILI	LLLTGLLTTLLGTLLGYLILI	165189	165189	0.120637	1.001	759.081
LLLTGLLTTLLGTLLGYLILI	LLLTGLLTLLLGTLLGYLILI	165189	165188	0.983093	0.124761	747.845
LLLTGLLTLLLGTLLGYLILI	LLLTGLLTLLLGTLLGFLILI	165189	165190	0.650378	0.240035	736.272
LLLTGLLTLLLGTLLGFLILI	LLLTGLLTLLLGLLLGFLILI	165190	165192	0.724079	0.206363	724.369
LLLTGLLTLLLGLLLGFLILI	LLLGGLLTLLLGLLLGFLILI	165193	165193	0.29428	0.55485	712.142
LLLGGLLTLLLGLLLGFLILI	LLLGGLLTLLLGTLLGFLILI	165193	165191	0.287636	0.565318	699.602
LLLGGLLTLLLGTLLGFLILI	LLLGGLLYLLLGTLLGFLILI	165191	165191	0.538845	0.30482	686.76
LLLGGLLYLLLGTLLGFLILI	LLLGGLLYLLLGTLLGYLILI	165191	165190	0.132101	0.952787	673.628
LLLGGLLYLLLGTLLGYLILI	LLLGGLLYLLLGTLLGWLILI	165190	165190	0.451187	0.372136	660.222
LLLGGLLYLLLGTLLGWLILI	LLLGGLLYTLLGTLLGWLILI	165190	165189	0.227751	0.67574	646.557
LLLGGLLYTLLGTLLGWLILI	LLLGGLLYTLLGTLLGYLILI	165189	165189	0.372136	0.451187	632.651
LLLGGLLYTLLGTLLGYLILI	LLLGGLLTTLLGTLLGYLILI	165189	165188	0.379341	0.443059	618.524
LLLGGLLTTLLGTLLGYLILI	LLLYGLLTTLLGTLLGYLILI	165188	165188	0.453966	0.369715	604.196
LLLYGLLTTLLGTLLGYLILI	LLLYGLLTTLLGTLLGWLILI	165188	165188	0.451187	0.372136	589.688
LLLYGLLTTLLGTLLGWLILI	LLLYGLLTTLLGTLLGYLILI	165188	165188	0.372136	0.451187	575.025
LLLYGLLTTLLGTLLGYLILI	LLLTGLLTTLLGTLLGYLILI	165187	165187	0.30482	0.538845	560.23
LLLTGLLTTLLGTLLGYLILI	LLLTGLLTLLLGTLLGYLILI	165188	165189	0.983093	0.124761	545.329
LLLTGLLTLLLGTLLGYLILI	LLLTGLLTTLLGTLLGYLILI	165189	165188	0.124761	0.983093	530.348
LLLTGLLTTLLGTLLGYLILI	LLLTGLLTTLLGSLLGYLILI	165188	165189	1.001	0.120637	500.25
LLLTGLLTTLLGSLLGYLILI	LLLYGLLTTLLGSLLGYLILI	165189	165190	0.443059	0.379341	485.188
LLLYGLLTTLLGSLLGYLILI	LLLYALLTTLLGSLLGYLILI	165190	165190	1.06535	0.107014	470.152
LLLYALLTTLLGSLLGYLILI	LLLYALLTTLLGTLLGYLILI	165190	165190	0.155943	0.865998	440.27
LLLYALLTTLLGTLLGYLILI	LLLTALLTTLLGTLLGYLILI	165190	165187	0.30482	0.538845	425.475
LLLTALLTTLLGTLLGYLILI	LLLTGLLTTLLGTLLGYLILI	165187	165188	0.107014	1.06535	410.812
LLLTGLLTTLLGTLLGYLILI	LLLGGLLTTLLGTLLGYLILI	165188	165187	0.489954	0.34018	396.304
LLLGGLLTTLLGTLLGYLILI	LLLGALLTTLLGTLLGYLILI	165188	165188	1.21066	0.0820187	381.976
LLLGALLTTLLGTLLGYLILI	LLLGGLLTTLLGTLLGYLILI	165188	165188	0.0820187	1.21066	367.849
LLLGGLLTTLLGTLLGYLILI	LLLGALLTTLLGTLLGYLILI	165188	165187	1.21066	0.0820187	353.943
LLLGALLTTLLGTLLGYLILI	LLLGALLTTLLGSLLGYLILI	165188	165189	0.865998	0.155943	340.278
LLLGALLTTLLGSLLGYLILI	LLLGALLTTLLGTLLGYLILI	165189	165189	0.155943	0.865998	326.872
LLLGALLTTLLGTLLGYLILI	LLLGALLTTLLGTLLGFLILI	165189	165189	0.650378	0.240035	313.74
LLLGALLTTLLGTLLGFLILI	LLLTALLTTLLGTLLGFLILI	165189	165189	0.271676	0.591758	300.898
LLLTALLTTLLGTLLGFLILI	LLLGALLTTLLGTLLGFLILI	165189	165189	0.591758	0.271676	288.358
LLLGALLTTLLGTLLGFLILI	LLLTALLTTLLGTLLGFLILI	165189	165189	0.271676	0.591758	276.131
LLLTALLTTLLGTLLGFLILI	LLLTALLTTLLGTLLGYLILI	165188	165189	0.240035	0.650378	264.228
LLLTALLTTLLGTLLGYLILI	LLLTGLLTTLLGTLLGYLILI	165188	165188	0.107014	1.06535	252.655
LLLTGLLTTLLGTLLGYLILI	LLLTALLTTLLGTLLGYLILI	165188	165187	1.06535	0.107014	241.419
LLLTALLTTLLGTLLGYLILI	LLLGALLTTLLGTLLGYLILI	165188	165188	0.591758	0.271676	230.526
LLLGALLTTLLGTLLGYLILI	LLLGALLTLLLGTLLGYLILI	165188	165189	0.849143	0.161118	199.923
LLLGALLTLLLGTLLGYLILI	LLLTALLTLLLGTLLGYLILI	165189	165189	0.34018	0.489954	190.417
LLLTALLTLLLGTLLGYLILI	LLLTALLTTLLGTLLGYLILI	165188	165188	0.124761	0.983093	181.257
LLLTALLTTLLGTLLGYLILI	LLLGALLTTLLGTLLGYLILI	165188	165188	0.591758	0.271676	163.959
LLLGALLTTLLGTLLGYLILI	LLLTALLTTLLGTLLGYLILI	165188	165188	0.271676	0.591758	155.814
LLLTALLTTLLGTLLGYLILI	LLLGALLTTLLGTLLGYLILI	165188	165188	0.591758	0.271676	96.4228
LLLGALLTTLLGTLLGYLILI	LLLGALLTTLLGTLLGFLILI	165188	165189	0.650378	0.240035	86.2728
LLLGALLTTLLGTLLGFLILI	LLLTALLTTLLGTLLGFLILI	165189	165189	0.271676	0.591758	81.5606
LLLTALLTTLLGTLLGFLILI	LLLGALLTTLLGTLLGFLILI	165189	165189	0.591758	0.271676	68.7677
LLLGALLTTLLGTLLGFLILI	LLLGALLTTLLGTLLGYLILI	165189	165188	0.240035	0.650378	64.9219
LLLGALLTTLLGTLLGYLILI	LLLTALLTTLLGTLLGYLILI	165188	165188	0.271676	0.591758	61.271
LLLTALLTTLLGTLLGYLILI	LLLGALLTTLLGTLLGYLILI	165188	165188	0.591758	0.271676	51.4049
LLLGALLTTLLGTLLGYLILI	LLLTALLTTLLGTLLGYLILI	165188	165188	0.271676	0.591758	48.4519
LLLTALLTTLLGTLLGYLILI	LLLGALLTTLLGTLLGYLILI	165188	165188	0.591758	0.271676	35.8726
LLLGALLTTLLGTLLGYLILI	LLLTALLTTLLGTLLGYLILI	165188	165188	0.271676	0.591758	33.7464
LLLTALLTTLLGTLLGYLILI	LLLGALLTTLLGTLLGYLILI	165188	165188	0.591758	0.271676	31.7355
LLLGALLTTLLGTLLGYLILI	LLLTALLTTLLGTLLGYLILI	165188	165188	0.271676	0.591758	14.717
LLLTALLTTLLGTLLGYLILI	LLLGALLTTLLGTLLGYLILI	165188	165188	0.591758	0.271676	12.8564
LLLGALLTTLLGTLLGYLILI	LLLTALLTTLLGTLLGYLILI	165188	165188	0.271676	0.591758	12.0042
Time: 190s
