***STARTING GEOMETRY:***
xShift: 8.63597
crossingAngle: -43.8973
axialRotation: 50.9997
zShift: 4.16391

Number of MCCycles: 100
PrevSequence	CurrSequence	PrevEnergy	CurrEnergy	PrevEntropy	CurrEntropy	CurrentTemp
LLLALLTALLTTLLTYLLILI	LLLALLTALLYTLLTYLLILI	-25.3457	-25.0781	0.538845	0.30482	999.684
LLLALLTALLYTLLTYLLILI	LLLALLTALLYTLLTTLLILI	-25.0781	-24.3486	0.30482	0.538845	999.328
LLLALLTALLYTLLTTLLILI	LLLALLTALLTTLLTTLLILI	-24.7462	-28.3061	0.141213	0.917682	998.928
LLLALLTALLTTLLTTLLILI	LLLALLTALLTVLLTTLLILI	-27.8292	-25.9969	1.39457	0.0589809	998.476
LLLALLTALLTVLLTTLLILI	LLLALLTALLTTLLTTLLILI	-25.9969	-27.8295	0.0589809	1.39457	997.967
LLLALLTALLTTLLTTLLILI	LLLALLTALLTTLLTYLLILI	-28.3064	-29.5754	0.917682	0.141213	997.394
LLLALLTALLTTLLTYLLILI	LLLALLTALLTTLLSYLLILI	-28.7156	-22.1501	1.001	0.120637	996.749
LLLALLTALLTTLLSYLLILI	LLLALLTALLTTLLTYLLILI	-22.1501	-28.7156	0.120637	1.001	996.023
LLLALLTALLTTLLTYLLILI	LLLALLTALLYTLLTYLLILI	-29.1777	-25.0781	0.538845	0.30482	995.205
LLLALLTALLYTLLTYLLILI	LLLALLTALLYTLLTTLLILI	-25.0781	-24.3486	0.30482	0.538845	994.285
LLLALLTALLYTLLTTLLILI	LLLALLTALLYTLLTYLLILI	-24.3486	-25.0781	0.538845	0.30482	993.249
LLLALLTALLYTLLTYLLILI	LLLALLTALLYTLLTTLLILI	-25.0781	-24.3486	0.30482	0.538845	992.084
LLLALLTALLYTLLTTLLILI	LLLALLTGLLYTLLTTLLILI	-24.4236	-25.9671	0.463748	0.36136	990.773
LLLALLTGLLYTLLTTLLILI	LLLALLTGLLTTLLTTLLILI	-26.1873	-27.0143	0.141213	0.917682	989.3
LLLALLTGLLTTLLTTLLILI	LLLALLTALLTTLLTTLLILI	-27.5707	-28.7603	0.36136	0.463748	987.644
LLLALLTALLTTLLTTLLILI	LLLALLTGLLTTLLTTLLILI	-28.7603	-27.5707	0.463748	0.36136	985.783
LLLALLTGLLTTLLTTLLILI	LLLALLTGLLTTLLTYLLILI	-27.0143	-28.2817	0.917682	0.141213	983.694
LLLALLTGLLTTLLTYLLILI	LLLALLTALLTTLLTYLLILI	-28.0616	-29.2528	0.36136	0.463748	981.348
LLLALLTALLTTLLTYLLILI	LLLALLTGLLTTLLTYLLILI	-29.2528	-28.0616	0.463748	0.36136	978.717
LLLALLTGLLTTLLTYLLILI	LLLALLTGLLFTLLTYLLILI	-27.2761	-26.6788	1.14683	0.0921195	975.768
LLLALLTGLLFTLLTYLLILI	LLLALLTSLLFTLLTYLLILI	-26.4039	-24.8887	0.367007	0.457104	972.463
LLLALLTSLLFTLLTYLLILI	LLLALLISLLFTLLTYLLILI	-24.5633	-22.053	0.782479	0.183612	968.764
LLLALLISLLFTLLTYLLILI	LLLALLISLLTTLLTYLLILI	-22.1168	-23.3088	0.119894	1.0043	964.627
LLLALLISLLTTLLTYLLILI	LLLALLTSLLTTLLTYLLILI	-24.1703	-27.3895	0.142768	0.911943	960.005
LLLALLTSLLTTLLTYLLILI	LLLALLFSLLTTLLTYLLILI	-27.1546	-25.5187	1.14683	0.0921195	954.846
LLLALLFSLLTTLLTYLLILI	LLLALLTSLLTTLLTYLLILI	-25.5187	-27.1546	0.0921195	1.14683	949.095
LLLALLTSLLTTLLTYLLILI	LLLALLTALLTTLLTYLLILI	-27.8972	-29.3001	0.404229	0.416521	935.578
LLLALLTALLTTLLTYLLILI	LLLALLTALLYTLLTYLLILI	-29.1777	-25.0781	0.538845	0.30482	927.683
LLLALLTALLYTLLTYLLILI	LLLALLTALLYTLLTTLLILI	-25.0781	-24.3486	0.30482	0.538845	918.939
LLLALLTALLYTLLTTLLILI	LLLALLTGLLYTLLTTLLILI	-24.4236	-25.9671	0.463748	0.36136	909.276
LLLALLTGLLYTLLTTLLILI	LLLALLTGLLYTLLTYLLILI	-25.7897	-26.5145	0.538845	0.30482	898.621
LLLALLTGLLYTLLTYLLILI	LLLALLTALLYTLLTYLLILI	-26.458	-24.9192	0.36136	0.463748	886.903
LLLALLTALLYTLLTYLLILI	LLLALLTGLLYTLLTYLLILI	-24.9192	-26.458	0.463748	0.36136	874.051
LLLALLTGLLYTLLTYLLILI	LLLALLTGLLTTLLTYLLILI	-26.5145	-27.8841	0.30482	0.538845	859.999
LLLALLTGLLTTLLTYLLILI	LLLALLTGLLTVLLTYLLILI	-27.1466	-22.6931	1.27634	0.0728516	844.686
LLLALLTGLLTVLLTYLLILI	LLLALLTGLLFVLLTYLLILI	-21.7617	-20.9366	1.0043	0.119894	828.061
LLLALLTGLLFVLLTYLLILI	LLLALLTGLLTVLLTYLLILI	-20.9366	-21.7617	0.119894	1.0043	810.083
LLLALLTGLLTVLLTYLLILI	LLLALLTGLLTVLLTTLLILI	-22.5942	-23.9716	0.171816	0.816184	790.724
LLLALLTGLLTVLLTTLLILI	LLLALLTALLTVLLTTLLILI	-24.4264	-25.5921	0.36136	0.463748	769.974
LLLALLTALLTVLLTTLLILI	LLLALLTALLTTLLTTLLILI	-25.9969	-27.8295	0.0589809	1.39457	747.845
LLLALLTALLTTLLTTLLILI	LLLALLTALLTTLLTYLLILI	-28.3064	-29.5754	0.917682	0.141213	724.369
LLLALLTALLTTLLTYLLILI	LLLALLTGLLTTLLTYLLILI	-29.2528	-28.0616	0.463748	0.36136	673.628
LLLALLTGLLTTLLTYLLILI	LLLALLTALLTTLLTYLLILI	-28.0616	-29.2528	0.36136	0.463748	646.557
LLLALLTALLTTLLTYLLILI	LLLALLTGLLTTLLTYLLILI	-29.2528	-28.0616	0.463748	0.36136	618.524
LLLALLTGLLTTLLTYLLILI	LLLALLTALLTTLLTYLLILI	-28.0616	-29.2528	0.36136	0.463748	589.688
LLLALLTALLTTLLTYLLILI	LLLALLTALLYTLLTYLLILI	-29.1777	-25.0781	0.538845	0.30482	560.23
LLLALLTALLYTLLTYLLILI	LLLALLTGLLYTLLTYLLILI	-24.9192	-26.458	0.463748	0.36136	530.348
LLLALLTGLLYTLLTYLLILI	LLLALLTGLLYTLLTTLLILI	-26.5145	-25.7897	0.30482	0.538845	500.25
LLLALLTGLLYTLLTTLLILI	LLLALLTGLLTTLLTTLLILI	-26.1873	-27.0143	0.141213	0.917682	470.152
LLLALLTGLLTTLLTTLLILI	LLLALLTGLLTVLLTTLLILI	-26.5375	-24.7288	1.39457	0.0589809	440.27
LLLALLTGLLTVLLTTLLILI	LLLALLTALLTVLLTTLLILI	-24.4264	-25.5905	0.36136	0.463748	410.812
LLLALLTALLTVLLTTLLILI	LLLALLTALLTTLLTTLLILI	-25.9952	-27.8292	0.0589809	1.39457	381.976
LLLALLTALLTTLLTTLLILI	LLLALLTALLTTLLTYLLILI	-28.3061	-29.5754	0.917682	0.141213	353.943
LLLALLTALLTTLLTYLLILI	LLLALLTALLTTLLTTLLILI	-29.5754	-28.3064	0.141213	0.917682	326.872
LLLALLTALLTTLLTTLLILI	LLLALLTALLTTLLTYLLILI	-28.3064	-29.5754	0.917682	0.141213	300.898
LLLALLTALLTTLLTYLLILI	LLLALLTGLLTTLLTYLLILI	-29.2528	-28.0616	0.463748	0.36136	190.417
LLLALLTGLLTTLLTYLLILI	LLLALLTALLTTLLTYLLILI	-28.0616	-29.2528	0.36136	0.463748	155.814
Time: 165s
