***STARTING GEOMETRY:***
xShift: 8.26938
crossingAngle: -34.7649
axialRotation: 51.0769
zShift: 5.24152

Number of MCCycles: 100
PrevSequence	CurrSequence	PrevEnergy	CurrEnergy	PrevEntropy	CurrEntropy	CurrentTemp
LLLGLLTGLLTTLLTTLLILI	LLLGLLTGLLTVLLTTLLILI	-15.3365	-16.5851	1.39457	0.0589809	999.684
LLLGLLTGLLTVLLTTLLILI	LLLGLLTGLLTVLLVTLLILI	-15.7132	-15.9657	0.930859	0.137712	999.328
LLLGLLTGLLTVLLVTLLILI	LLLGLLTGLLTVLLTTLLILI	-15.9657	-15.7132	0.137712	0.930859	998.928
LLLGLLTGLLTVLLTTLLILI	LLLGLLTGLLYVLLTTLLILI	-15.8279	-17.7439	0.816184	0.171816	998.476
LLLGLLTGLLYVLLTTLLILI	LLLGLLTGLLYVLLVTLLILI	-17.1155	-16.6467	0.800152	0.177314	997.967
LLLGLLTGLLYVLLVTLLILI	LLLGLLTGLLFVLLVTLLILI	-16.1736	-15.6555	0.650378	0.240035	997.394
LLLGLLTGLLFVLLVTLLILI	LLLGLLTGLLFTLLVTLLILI	-15.7182	-19.9464	0.177314	0.800152	996.749
LLLGLLTGLLFTLLVTLLILI	LLLGLLTALLFTLLVTLLILI	-19.8742	-13.7773	0.872342	0.154044	996.023
LLLGLLTALLFTLLVTLLILI	LLLGLLVALLFTLLVTLLILI	-13.1311	-10.9989	0.800152	0.177314	995.205
LLLGLLVALLFTLLVTLLILI	LLLGLLVALLFTLLTTLLILI	-10.9989	-13.8239	0.177314	0.800152	994.285
LLLGLLVALLFTLLTTLLILI	LLLGLLVGLLFTLLTTLLILI	-14.47	-16.0233	0.154044	0.872342	993.249
LLLGLLVGLLFTLLTTLLILI	LLLGLLVGLLTTLLTTLLILI	-16.8035	-19.1622	0.0921195	1.14683	992.084
LLLGLLVGLLTTLLTTLLILI	LLLGLLTGLLTTLLTTLLILI	-20.25	-22.3891	0.0589809	1.39457	990.773
LLLGLLTGLLTTLLTTLLILI	LLLGLLTGLLTTLLTFLLILI	-22.5221	-22.4901	1.26162	0.0748068	989.3
LLLGLLTGLLTTLLTFLLILI	LLLGLLTGLLTTLLTTLLILI	-22.4901	-22.5221	0.0748068	1.26162	987.644
LLLGLLTGLLTTLLTTLLILI	LLLGLLTGLLTVLLTTLLILI	-22.3891	-16.5851	1.39457	0.0589809	985.783
LLLGLLTGLLTVLLTTLLILI	LLLGLLTGLLTTLLTTLLILI	-16.5851	-22.3891	0.0589809	1.39457	983.694
LLLGLLTGLLTTLLTTLLILI	LLLGLLTGLLTTLLVTLLILI	-22.3891	-20.5456	1.39457	0.0589809	981.348
LLLGLLTGLLTTLLVTLLILI	LLLGLLTALLTTLLVTLLILI	-19.7322	-19.3261	0.872342	0.154044	978.717
LLLGLLTALLTTLLVTLLILI	LLLGLLTGLLTTLLVTLLILI	-19.3261	-19.7322	0.154044	0.872342	975.768
LLLGLLTGLLTTLLVTLLILI	LLLGLLTALLTTLLVTLLILI	-19.7322	-19.3261	0.872342	0.154044	972.463
LLLGLLTALLTTLLVTLLILI	LLLGLLTGLLTTLLVTLLILI	-19.3261	-19.7322	0.154044	0.872342	968.764
LLLGLLTGLLTTLLVTLLILI	LLLGLLTGLLYTLLVTLLILI	-19.7884	-20.9698	0.816184	0.171816	964.627
LLLGLLTGLLYTLLVTLLILI	LLLGLLTGLLFTLLVTLLILI	-20.4912	-20.5397	0.650378	0.240035	960.005
LLLGLLTGLLFTLLVTLLILI	LLLGLLTGLLFTLLTTLLILI	-20.7069	-22.9157	0.0728516	1.27634	954.846
LLLGLLTGLLFTLLTTLLILI	LLLGLLTGLLFTLLTFLLILI	-23.3758	-22.7605	0.816184	0.171816	949.095
LLLGLLTGLLFTLLTFLLILI	LLLGLLTGLLFTLLTTLLILI	-22.7605	-23.4095	0.171816	0.816184	942.693
LLLGLLTGLLFTLLTTLLILI	LLLGLLTGLLYTLLTTLLILI	-23.9857	-24.9602	0.240035	0.650378	935.578
LLLGLLTGLLYTLLTTLLILI	LLLGLLTGLLFTLLTTLLILI	-24.9602	-23.9857	0.650378	0.240035	918.939
LLLGLLTGLLFTLLTTLLILI	LLLGLLTGLLYTLLTTLLILI	-23.9857	-24.357	0.240035	0.650378	909.276
LLLGLLTGLLYTLLTTLLILI	LLLGLLTGLLFTLLTTLLILI	-24.357	-23.9857	0.650378	0.240035	898.621
LLLGLLTGLLFTLLTTLLILI	LLLGLLTGLLFTLLTFLLILI	-23.4095	-22.7605	0.816184	0.171816	886.903
LLLGLLTGLLFTLLTFLLILI	LLLGLLTGLLFTLLTTLLILI	-22.7605	-23.4095	0.171816	0.816184	874.051
LLLGLLTGLLFTLLTTLLILI	LLLGLLTGLLYTLLTTLLILI	-23.9857	-24.3907	0.240035	0.650378	859.999
LLLGLLTGLLYTLLTTLLILI	LLLGLLTALLYTLLTTLLILI	-24.1687	-17.8418	0.872342	0.154044	844.686
LLLGLLTALLYTLLTTLLILI	LLLGLLTALLTTLLTTLLILI	-17.8546	-21.7103	0.141213	0.917682	828.061
LLLGLLTALLTTLLTTLLILI	LLLGLLTALLTTLLVTLLILI	-21.2334	-19.3879	1.39457	0.0589809	810.083
LLLGLLTALLTTLLVTLLILI	LLLGLLTGLLTTLLVTLLILI	-19.2929	-19.7322	0.154044	0.872342	790.724
LLLGLLTGLLTTLLVTLLILI	LLLGLLTALLTTLLVTLLILI	-19.7322	-19.3261	0.872342	0.154044	769.974
LLLGLLTALLTTLLVTLLILI	LLLGLLTALLTVLLVTLLILI	-18.5493	-14.8127	0.930859	0.137712	747.845
LLLGLLTALLTVLLVTLLILI	LLLGLLTALLTVLLTTLLILI	-14.8127	-14.5317	0.137712	0.930859	724.369
LLLGLLTALLTVLLTTLLILI	LLLGLLTALLTTLLTTLLILI	-15.4036	-21.2671	0.0589809	1.39457	699.602
LLLGLLTALLTTLLTTLLILI	LLLGLLTALLTTLLTFLLILI	-21.4001	-21.3032	1.26162	0.0748068	673.628
LLLGLLTALLTTLLTFLLILI	LLLGLLTGLLTTLLTFLLILI	-21.2239	-21.628	0.154044	0.872342	646.557
LLLGLLTGLLTTLLTFLLILI	LLLGLLVGLLTTLLTFLLILI	-21.224	-18.9527	1.27634	0.0728516	618.524
LLLGLLVGLLTTLLTFLLILI	LLLGLLVGLLTTLLTTLLILI	-18.9334	-19.1285	0.0921195	1.14683	589.688
LLLGLLVGLLTTLLTTLLILI	LLLGLLTGLLTTLLTTLLILI	-20.2163	-22.3891	0.0589809	1.39457	560.23
LLLGLLTGLLTTLLTTLLILI	LLLGLLTGLLYTLLTTLLILI	-22.866	-24.8999	0.917682	0.141213	530.348
LLLGLLTGLLYTLLTTLLILI	LLLGLLTGLLYTLLTFLLILI	-23.8942	-23.7193	1.14683	0.0921195	500.25
LLLGLLTGLLYTLLTFLLILI	LLLGLLTGLLYTLLTTLLILI	-23.7193	-24.4975	0.0921195	1.14683	410.812
LLLGLLTGLLYTLLTTLLILI	LLLGLLTGLLYTLLTFLLILI	-24.4975	-23.6518	1.14683	0.0921195	326.872
LLLGLLTGLLYTLLTFLLILI	LLLGLLTGLLYTLLTTLLILI	-23.6518	-23.2991	0.0921195	1.14683	300.898
LLLGLLTGLLYTLLTTLLILI	LLLGLLTGLLFTLLTTLLILI	-23.7956	-23.9857	0.650378	0.240035	276.131
LLLGLLTGLLFTLLTTLLILI	LLLGLLTGLLFTLLTFLLILI	-23.4095	-22.7605	0.816184	0.171816	230.526
LLLGLLTGLLFTLLTFLLILI	LLLGLLTGLLYTLLTFLLILI	-22.522	-23.4007	0.410343	0.410343	209.776
LLLGLLTGLLYTLLTFLLILI	LLLGLLTGLLYTLLTTLLILI	-23.7189	-23.8942	0.0921195	1.14683	172.439
LLLGLLTGLLYTLLTTLLILI	LLLGLLTGLLYTLLTFLLILI	-23.8942	-23.6518	1.14683	0.0921195	140.501
LLLGLLTGLLYTLLTFLLILI	LLLGLLTGLLYTLLTTLLILI	-23.6518	-23.861	0.0921195	1.14683	113.597
LLLGLLTGLLYTLLTTLLILI	LLLGLLTGLLYTLLTFLLILI	-23.861	-24.2562	1.14683	0.0921195	35.8726
LLLGLLTGLLYTLLTFLLILI	LLLGLLTGLLYTLLTTLLILI	-24.2562	-24.4637	0.0921195	1.14683	6.21537
Time: 86s
