***STARTING GEOMETRY:***
xShift: 7.32
crossingAngle: -36.46
axialRotation: -14.55
zShift: 4.47

Number of MCCycles: 200
PrevSequence	CurrSequence	PrevEnergy	CurrEnergy	PrevEntropy	CurrEntropy	CurrentTemp
LLLYGLLTGLLTGLLTTLILI	LLLYGLLYGLLTGLLTTLILI	8.94682	10.9865	0.538845	0.30482	999.684
LLLYGLLYGLLTGLLTTLILI	LLLYGLLTGLLTGLLTTLILI	10.9865	8.67398	0.30482	0.538845	999.512
LLLYGLLTGLLTGLLTTLILI	LLLGGLLTGLLTGLLTTLILI	8.3484	9.46453	0.213262	0.707856	999.134
LLLGGLLTGLLTGLLTTLILI	LLLGGLLTGLLVGLLTTLILI	10.033	13.3734	1.27634	0.0728516	998.928
LLLGGLLTGLLVGLLTTLILI	LLLGGLLTGLLTGLLTTLILI	13.3734	10.033	0.0728516	1.27634	998.476
LLLGGLLTGLLTGLLTTLILI	LLLGGLLYGLLTGLLTTLILI	9.57286	11.6314	0.816184	0.171816	998.229
LLLGGLLYGLLTGLLTTLILI	LLLGGLLTGLLTGLLTTLILI	11.6314	9.57286	0.171816	0.816184	997.967
LLLGGLLTGLLTGLLTTLILI	LLLGGLLYGLLTGLLTTLILI	9.57286	11.6314	0.816184	0.171816	997.689
LLLGGLLYGLLTGLLTTLILI	LLLGGLLTGLLTGLLTTLILI	11.6314	9.57286	0.171816	0.816184	997.394
LLLGGLLTGLLTGLLTTLILI	LLLGGLLTGLLTGLLTSLILI	9.75767	12.6541	1.001	0.120637	997.081
LLLGGLLTGLLTGLLTSLILI	LLLGGLLTGLLTGLLISLILI	13.6416	16.1395	1.10811	0.098896	996.749
LLLGGLLTGLLTGLLISLILI	LLLGGLLTGLLTGLLITLILI	16.1966	10.7948	0.155943	0.865998	996.397
LLLGGLLTGLLTGLLITLILI	LLLGGLLTGLLTGLLTTLILI	10.0045	7.12555	0.0756774	1.2552	996.023
LLLGGLLTGLLTGLLTTLILI	LLLGGLLYGLLTGLLTTLILI	6.68654	8.74466	0.816184	0.171816	995.626
LLLGGLLYGLLTGLLTTLILI	LLLGGLLTGLLTGLLTTLILI	8.74466	6.68621	0.171816	0.816184	995.205
LLLGGLLTGLLTGLLTTLILI	LLLYGLLTGLLTGLLTTLILI	6.57788	5.46241	0.707856	0.213262	994.758
LLLYGLLTGLLTGLLTTLILI	LLLYGLLTGLLYGLLTTLILI	5.788	9.46579	0.538845	0.30482	994.285
LLLYGLLTGLLYGLLTTLILI	LLLTGLLTGLLYGLLTTLILI	9.46579	11.4556	0.30482	0.538845	993.782
LLLTGLLTGLLYGLLTTLILI	LLLYGLLTGLLYGLLTTLILI	11.4556	10.2674	0.538845	0.30482	993.249
LLLYGLLTGLLYGLLTTLILI	LLLYGLLTGLLYGLLTSLILI	10.8286	15.9856	0.865998	0.155943	992.683
LLLYGLLTGLLYGLLTSLILI	LLLYGLLTGLLYGLLTTLILI	15.9856	16.6493	0.155943	0.865998	992.084
LLLYGLLTGLLYGLLTTLILI	LLLYGLLVGLLYGLLTTLILI	16.9118	13.5574	1.12845	0.0952708	991.448
LLLYGLLVGLLYGLLTTLILI	LLLYGLLVGLLYGLLVTLILI	14.0943	17.9224	0.632162	0.249358	990.773
LLLYGLLVGLLYGLLVTLILI	LLLYGLLTGLLYGLLVTLILI	17.9224	15.1411	0.249358	0.632162	990.058
LLLYGLLTGLLYGLLVTLILI	LLLTGLLTGLLYGLLVTLILI	14.8883	15.1898	0.379341	0.443059	989.3
LLLTGLLTGLLYGLLVTLILI	LLLTGLLTGLLTGLLVTLILI	14.9185	10.7512	0.171816	0.816184	988.496
LLLTGLLTGLLTGLLVTLILI	LLLYGLLTGLLTGLLVTLILI	10.7512	9.55977	0.816184	0.171816	987.644
LLLYGLLTGLLTGLLVTLILI	LLLYGLLTGLLTGLLITLILI	9.78643	9.71761	0.398479	0.42245	985.783
LLLYGLLTGLLTGLLITLILI	LLLGGLLTGLLTGLLITLILI	9.50842	10.6373	0.213262	0.707856	984.769
LLLGGLLTGLLTGLLITLILI	LLLGGLLTGLLTGLLTTLILI	10.0051	7.1248	0.0756774	1.2552	983.694
LLLGGLLTGLLTGLLTTLILI	LLLGGLLYGLLTGLLTTLILI	6.68579	8.74527	0.816184	0.171816	982.555
LLLGGLLYGLLTGLLTTLILI	LLLGGLLTGLLTGLLTTLILI	8.74527	6.68518	0.171816	0.816184	980.071
LLLGGLLTGLLTGLLTTLILI	LLLGGLLTGLLTGLLVTLILI	7.14533	10.059	1.27634	0.0728516	978.717
LLLGGLLTGLLTGLLVTLILI	LLLYGLLTGLLTGLLVTLILI	10.694	9.5779	0.707856	0.213262	977.285
LLLYGLLTGLLTGLLVTLILI	LLLYGLLYGLLTGLLVTLILI	9.80769	12.2904	0.443059	0.379341	975.768
LLLYGLLYGLLTGLLVTLILI	LLLYGLLYGLLTGLLTTLILI	12.0064	8.92344	0.0952708	1.12845	974.162
LLLYGLLYGLLTGLLTTLILI	LLLYGLLYGLLTGLLITLILI	8.90309	11.9211	1.10811	0.098896	972.463
LLLYGLLYGLLTGLLITLILI	LLLYGLLYGLLTGLLTTLILI	11.9211	8.90309	0.098896	1.10811	970.666
LLLYGLLYGLLTGLLTTLILI	LLLGGLLYGLLTGLLTTLILI	8.1647	9.02742	0.369715	0.453966	966.754
LLLGGLLYGLLTGLLTTLILI	LLLYGLLYGLLTGLLTTLILI	9.02742	8.16531	0.453966	0.369715	964.627
LLLYGLLYGLLTGLLTTLILI	LLLYGLLYGLLVGLLTTLILI	8.92405	12.562	1.12845	0.0952708	957.496
LLLYGLLYGLLVGLLTTLILI	LLLYGLLYGLLTGLLTTLILI	12.562	8.92344	0.0952708	1.12845	954.846
LLLYGLLYGLLTGLLTTLILI	LLLGGLLYGLLTGLLTTLILI	8.1647	9.02681	0.369715	0.453966	952.048
LLLGGLLYGLLTGLLTTLILI	LLLYGLLYGLLTGLLTTLILI	9.02681	8.1647	0.453966	0.369715	945.979
LLLYGLLYGLLTGLLTTLILI	LLLGGLLYGLLTGLLTTLILI	8.1647	9.02681	0.369715	0.453966	942.693
LLLGGLLYGLLTGLLTTLILI	LLLWGLLYGLLTGLLTTLILI	9.07045	9.18898	0.497607	0.334305	935.578
LLLWGLLYGLLTGLLTTLILI	LLLYGLLYGLLTGLLTTLILI	9.22681	8.24678	0.372136	0.451187	931.732
LLLYGLLYGLLTGLLTTLILI	LLLYGLLTGLLTGLLTTLILI	8.10041	5.79188	0.30482	0.538845	927.683
LLLYGLLTGLLTGLLTTLILI	LLLGGLLTGLLTGLLTTLILI	5.4663	6.57712	0.213262	0.707856	909.276
LLLGGLLTGLLTGLLTTLILI	LLLGGLLTGLLTGLLITLILI	7.12446	10.0045	1.2552	0.0756774	904.077
LLLGGLLTGLLTGLLITLILI	LLLYGLLTGLLTGLLITLILI	10.6367	9.50902	0.707856	0.213262	898.621
LLLYGLLTGLLTGLLITLILI	LLLGGLLTGLLTGLLITLILI	9.50902	10.6031	0.213262	0.707856	892.899
LLLGGLLTGLLTGLLITLILI	LLLYGLLTGLLTGLLITLILI	10.6031	9.50902	0.707856	0.213262	880.623
LLLYGLLTGLLTGLLITLILI	LLLYGLLVGLLTGLLITLILI	10.4242	13.0919	1.12845	0.0952708	874.051
LLLYGLLVGLLTGLLITLILI	LLLYGLLVGLLTGLLTTLILI	13.0955	10.1092	0.098896	1.10811	867.179
LLLYGLLVGLLTGLLTTLILI	LLLYGLLTGLLTGLLTTLILI	9.07396	6.52938	0.0728516	1.27634	859.999
LLLYGLLTGLLTGLLTTLILI	LLLGGLLTGLLTGLLTTLILI	5.4663	6.57746	0.213262	0.707856	852.504
LLLGGLLTGLLTGLLTTLILI	LLLYGLLTGLLTGLLTTLILI	6.57746	5.46241	0.707856	0.213262	836.541
LLLYGLLTGLLTGLLTTLILI	LLLYGLLTGLLVGLLTTLILI	6.52549	9.87433	1.27634	0.0728516	828.061
LLLYGLLTGLLVGLLTTLILI	LLLYGLLTGLLTGLLTTLILI	9.87433	6.53314	0.0728516	1.27634	819.243
LLLYGLLTGLLTGLLTTLILI	LLLGGLLTGLLTGLLTTLILI	5.47006	6.57685	0.213262	0.707856	810.083
LLLGGLLTGLLTGLLTTLILI	LLLGGLLYGLLTGLLTTLILI	6.68518	8.74466	0.816184	0.171816	800.577
LLLGGLLYGLLTGLLTTLILI	LLLGGLLTGLLTGLLTTLILI	8.74466	6.68518	0.171816	0.816184	790.724
LLLGGLLTGLLTGLLTTLILI	LLLTGLLTGLLTGLLTTLILI	6.15502	6.39341	0.286026	0.567901	780.523
LLLTGLLTGLLTGLLTTLILI	LLLYGLLTGLLTGLLTTLILI	6.74319	5.39473	0.917682	0.141213	769.974
LLLYGLLTGLLTGLLTTLILI	LLLYGLLYGLLTGLLTTLILI	5.79236	8.0998	0.538845	0.30482	759.081
LLLYGLLYGLLTGLLTTLILI	LLLYGLLTGLLTGLLTTLILI	8.0998	5.79564	0.30482	0.538845	736.272
LLLYGLLTGLLTGLLTTLILI	LLLYGLLTGLLTGLLTSLILI	6.2578	12.0373	1.001	0.120637	724.369
LLLYGLLTGLLTGLLTSLILI	LLLYGLLTGLLTGLLTTLILI	12.0373	6.25841	0.120637	1.001	686.76
LLLYGLLTGLLTGLLTTLILI	LLLYGLLYGLLTGLLTTLILI	5.79625	8.10041	0.538845	0.30482	646.557
LLLYGLLYGLLTGLLTTLILI	LLLYGLLTGLLTGLLTTLILI	8.10041	5.79564	0.30482	0.538845	632.651
LLLYGLLTGLLTGLLTTLILI	LLLGGLLTGLLTGLLTTLILI	5.47006	6.57685	0.213262	0.707856	575.025
LLLGGLLTGLLTGLLTTLILI	LLLYGLLTGLLTGLLTTLILI	6.57685	5.46617	0.707856	0.213262	560.23
LLLYGLLTGLLTGLLTTLILI	LLLGGLLTGLLTGLLTTLILI	5.46617	6.57685	0.213262	0.707856	545.329
LLLGGLLTGLLTGLLTTLILI	LLLGGLLYGLLTGLLTTLILI	6.68518	8.74527	0.816184	0.171816	530.348
LLLGGLLYGLLTGLLTTLILI	LLLGGLLTGLLTGLLTTLILI	8.74527	6.68579	0.171816	0.816184	515.312
LLLGGLLTGLLTGLLTTLILI	LLLGGLLYGLLTGLLTTLILI	6.68579	8.74527	0.816184	0.171816	500.25
LLLGGLLYGLLTGLLTTLILI	LLLYGLLYGLLTGLLTTLILI	9.02742	8.16531	0.453966	0.369715	470.152
LLLYGLLYGLLTGLLTTLILI	LLLYGLLTGLLTGLLTTLILI	8.10041	5.79564	0.30482	0.538845	455.171
LLLYGLLTGLLTGLLTTLILI	LLLGGLLTGLLTGLLTTLILI	5.47006	6.57746	0.213262	0.707856	440.27
LLLGGLLTGLLTGLLTTLILI	LLLGGLLYGLLTGLLTTLILI	6.68579	8.74527	0.816184	0.171816	425.475
LLLGGLLYGLLTGLLTTLILI	LLLYGLLYGLLTGLLTTLILI	9.02742	8.16531	0.453966	0.369715	410.812
LLLYGLLYGLLTGLLTTLILI	LLLGGLLYGLLTGLLTTLILI	8.16531	9.02742	0.369715	0.453966	396.304
LLLGGLLYGLLTGLLTTLILI	LLLGGLLTGLLTGLLTTLILI	8.74527	6.68579	0.171816	0.816184	381.976
LLLGGLLTGLLTGLLTTLILI	LLLTGLLTGLLTGLLTTLILI	6.15563	6.39987	0.286026	0.567901	340.278
LLLTGLLTGLLTGLLTTLILI	LLLYGLLTGLLTGLLTTLILI	6.74966	5.39425	0.917682	0.141213	326.872
Time: 375s
