***STARTING GEOMETRY:***
xShift: 7.32289
crossingAngle: -36.2742
axialRotation: -13.7273
zShift: 4.49866

Number of MCCycles: 200
PrevSequence	CurrSequence	PrevEnergy	CurrEnergy	PrevEntropy	CurrEntropy	CurrentTemp
LLLYGLLTGLLTGLLTTLILI	LLLGGLLTGLLTGLLTTLILI	8.6091	9.50741	0.213262	0.707856	999.512
LLLGGLLTGLLTGLLTTLILI	LLLYGLLTGLLTGLLTTLILI	9.50741	8.34213	0.707856	0.213262	999.328
LLLYGLLTGLLTGLLTTLILI	LLLYGLLTGLLVGLLTTLILI	9.40521	12.7453	1.27634	0.0728516	999.134
LLLYGLLTGLLVGLLTTLILI	LLLYGLLTGLLVGLLITLILI	13.7806	16.37	1.10811	0.098896	998.476
LLLYGLLTGLLVGLLITLILI	LLLYGLLTGLLVGLLTTLILI	16.37	13.7214	0.098896	1.10811	998.229
LLLYGLLTGLLVGLLTTLILI	LLLYGLLTGLLVGLLITLILI	13.7214	16.37	1.10811	0.098896	997.967
LLLYGLLTGLLVGLLITLILI	LLLYGLLTGLLVGLLTTLILI	16.37	13.7214	0.098896	1.10811	997.689
LLLYGLLTGLLVGLLTTLILI	LLLGGLLTGLLVGLLTTLILI	12.8266	13.9863	0.213262	0.707856	997.394
LLLGGLLTGLLVGLLTTLILI	LLLYGLLTGLLVGLLTTLILI	13.9863	12.8266	0.707856	0.213262	997.081
LLLYGLLTGLLVGLLTTLILI	LLLYGLLTGLLVGLLTSLILI	13.4793	16.5968	0.865998	0.155943	996.749
LLLYGLLTGLLVGLLTSLILI	LLLTGLLTGLLVGLLTSLILI	16.6604	17.6989	0.219549	0.693609	996.397
LLLTGLLTGLLVGLLTSLILI	LLLTGLLTGLLVGLLTTLILI	17.1259	11.3505	0.120637	1.001	996.023
LLLTGLLTGLLVGLLTTLILI	LLLTGLLTGLLVGLLITLILI	11.6047	14.5372	1.2552	0.0756774	995.626
LLLTGLLTGLLVGLLITLILI	LLLTGLLTGLLVGLLTTLILI	14.5372	11.7233	0.0756774	1.2552	995.205
LLLTGLLTGLLVGLLTTLILI	LLLTGLLTGLLYGLLTTLILI	10.6626	11.3252	0.194474	0.753596	994.758
LLLTGLLTGLLYGLLTTLILI	LLLTGLLTGLLVGLLTTLILI	11.3252	10.6041	0.753596	0.194474	994.285
LLLTGLLTGLLVGLLTTLILI	LLLTGLLVGLLVGLLTTLILI	11.3405	14.2484	0.930859	0.137712	993.782
LLLTGLLVGLLVGLLTTLILI	LLLTGLLTGLLVGLLTTLILI	14.2484	11.3394	0.137712	0.930859	993.249
LLLTGLLTGLLVGLLTTLILI	LLLYGLLTGLLVGLLTTLILI	11.2248	9.95876	0.816184	0.171816	992.683
LLLYGLLTGLLVGLLTTLILI	LLLYGLLTGLLTGLLTTLILI	9.8598	6.51824	0.0728516	1.27634	991.448
LLLYGLLTGLLTGLLTTLILI	LLLYGLLTGLLVGLLTTLILI	6.51824	9.92086	1.27634	0.0728516	990.058
LLLYGLLTGLLVGLLTTLILI	LLLTGLLTGLLVGLLTTLILI	10.0198	11.1657	0.171816	0.816184	989.3
LLLTGLLTGLLVGLLTTLILI	LLLYGLLTGLLVGLLTTLILI	11.1657	9.89757	0.816184	0.171816	988.496
LLLYGLLTGLLVGLLTTLILI	LLLYGLLTGLLTGLLTTLILI	9.79861	6.5148	0.0728516	1.27634	987.644
LLLYGLLTGLLTGLLTTLILI	LLLGGLLTGLLTGLLTTLILI	5.45172	6.617	0.213262	0.707856	984.769
LLLGGLLTGLLTGLLTTLILI	LLLGGLLYGLLTGLLTTLILI	6.72533	8.79129	0.816184	0.171816	981.348
LLLGGLLYGLLTGLLTTLILI	LLLGGLLVGLLTGLLTTLILI	9.37307	9.61858	0.753596	0.194474	980.071
LLLGGLLVGLLTGLLTTLILI	LLLGGLLTGLLTGLLTTLILI	9.49696	7.18501	0.0728516	1.27634	978.717
LLLGGLLTGLLTGLLTTLILI	LLLGGLLYGLLTGLLTTLILI	6.72485	8.79129	0.816184	0.171816	977.285
LLLGGLLYGLLTGLLTTLILI	LLLWGLLYGLLTGLLTTLILI	9.11708	9.20252	0.497607	0.334305	975.768
LLLWGLLYGLLTGLLTTLILI	LLLYGLLYGLLTGLLTTLILI	9.24035	8.2424	0.372136	0.451187	974.162
LLLYGLLYGLLTGLLTTLILI	LLLYGLLYGLLVGLLTTLILI	8.91966	12.5582	1.12845	0.0952708	970.666
LLLYGLLYGLLVGLLTTLILI	LLLYGLLTGLLVGLLTTLILI	12.8423	10.23	0.379341	0.443059	968.764
LLLYGLLTGLLVGLLTTLILI	LLLYGLLTGLLTGLLTTLILI	9.8598	6.51371	0.0728516	1.27634	966.754
LLLYGLLTGLLTGLLTTLILI	LLLYGLLTGLLTGLLVTLILI	6.51371	9.4473	1.27634	0.0728516	964.627
LLLYGLLTGLLTGLLVTLILI	LLLGGLLTGLLTGLLVTLILI	9.58771	10.7541	0.213262	0.707856	962.38
LLLGGLLTGLLTGLLVTLILI	LLLYGLLTGLLTGLLVTLILI	10.7541	9.56423	0.707856	0.213262	960.005
LLLYGLLTGLLTGLLVTLILI	LLLYGLLTGLLTGLLTTLILI	9.42382	6.51824	0.0728516	1.27634	957.496
LLLYGLLTGLLTGLLTTLILI	LLLYGLLTGLLTGLLYTLILI	5.78074	9.71623	0.538845	0.30482	954.846
LLLYGLLTGLLTGLLYTLILI	LLLYGLLTGLLTGLLITLILI	10.4661	9.40318	1.05465	0.109156	952.048
LLLYGLLTGLLTGLLITLILI	LLLYGLLTGLLVGLLITLILI	10.4225	13.9775	1.12845	0.0952708	949.095
LLLYGLLTGLLVGLLITLILI	LLLGGLLTGLLVGLLITLILI	14.0955	15.2158	0.213262	0.707856	945.979
LLLGGLLTGLLVGLLITLILI	LLLGGLLTGLLTGLLITLILI	14.6032	11.1102	0.0952708	1.12845	942.693
LLLGGLLTGLLTGLLITLILI	LLLGGLLTGLLTGLLLTLILI	10.253	11.2262	0.27127	0.592457	939.229
LLLGGLLTGLLTGLLLTLILI	LLLTGLLTGLLTGLLLTLILI	10.9739	11.0443	0.34018	0.489954	935.578
LLLTGLLTGLLTGLLLTLILI	LLLYGLLTGLLTGLLLTLILI	11.3705	10.1338	0.816184	0.171816	931.732
LLLYGLLTGLLTGLLLTLILI	LLLYGLLTGLLTGLLTTLILI	10.0867	6.22046	0.124761	0.983093	927.683
LLLYGLLTGLLTGLLTTLILI	LLLTGLLTGLLTGLLTTLILI	5.37858	6.7722	0.141213	0.917682	918.939
LLLTGLLTGLLTGLLTTLILI	LLLGGLLTGLLTGLLTTLILI	6.42242	6.19408	0.567901	0.286026	914.227
LLLGGLLTGLLTGLLTTLILI	LLLGGLLYGLLTGLLTTLILI	6.72424	8.79129	0.816184	0.171816	909.276
LLLGGLLYGLLTGLLTTLILI	LLLYGLLYGLLTGLLTTLILI	9.07344	8.16092	0.453966	0.369715	904.077
LLLYGLLYGLLTGLLTTLILI	LLLGGLLYGLLTGLLTTLILI	8.16092	9.07405	0.369715	0.453966	898.621
LLLGGLLYGLLTGLLTTLILI	LLLGGLLTGLLTGLLTTLILI	8.7919	6.72485	0.171816	0.816184	892.899
LLLGGLLTGLLTGLLTTLILI	LLLYGLLTGLLTGLLTTLILI	6.61652	5.45577	0.707856	0.213262	886.903
LLLYGLLTGLLTGLLTTLILI	LLLGGLLTGLLTGLLTTLILI	5.45577	6.6164	0.213262	0.707856	874.051
LLLGGLLTGLLTGLLTTLILI	LLLGGLLYGLLTGLLTTLILI	6.72472	8.7919	0.816184	0.171816	859.999
LLLGGLLYGLLTGLLTTLILI	LLLYGLLYGLLTGLLTTLILI	9.07405	8.16092	0.453966	0.369715	852.504
LLLYGLLYGLLTGLLTTLILI	LLLGGLLYGLLTGLLTTLILI	8.16092	9.07344	0.369715	0.453966	844.686
LLLGGLLYGLLTGLLTTLILI	LLLYGLLYGLLTGLLTTLILI	9.07344	8.16154	0.453966	0.369715	836.541
LLLYGLLYGLLTGLLTTLILI	LLLYGLLYGLLTGLLITLILI	8.89993	11.9312	1.10811	0.098896	828.061
LLLYGLLYGLLTGLLITLILI	LLLGGLLYGLLTGLLITLILI	12.202	13.1139	0.369715	0.453966	819.243
LLLGGLLYGLLTGLLITLILI	LLLGGLLTGLLTGLLITLILI	12.8795	10.6759	0.219549	0.693609	810.083
LLLGGLLTGLLTGLLITLILI	LLLGGLLYGLLTGLLITLILI	10.6759	12.8795	0.693609	0.219549	790.724
LLLGGLLYGLLTGLLITLILI	LLLGGLLTGLLTGLLITLILI	12.8795	10.6753	0.219549	0.693609	780.523
LLLGGLLTGLLTGLLITLILI	LLLYGLLTGLLTGLLITLILI	10.6896	9.52896	0.707856	0.213262	769.974
LLLYGLLTGLLTGLLITLILI	LLLYGLLTGLLTGLLTTLILI	9.39137	6.49257	0.0756774	1.2552	759.081
LLLYGLLTGLLTGLLTTLILI	LLLTGLLTGLLTGLLTTLILI	5.37858	6.77824	0.141213	0.917682	736.272
LLLTGLLTGLLTGLLTTLILI	LLLTGLLTGLLTGLLVTLILI	7.25513	10.0566	1.39457	0.0589809	712.142
LLLTGLLTGLLTGLLVTLILI	LLLGGLLTGLLTGLLVTLILI	10.4876	10.3859	0.489954	0.34018	699.602
LLLGGLLTGLLTGLLVTLILI	LLLGGLLTGLLTGLLITLILI	10.4442	10.4042	0.398479	0.42245	686.76
LLLGGLLTGLLTGLLITLILI	LLLGGLLTGLLTGLLTTLILI	10.0574	7.16312	0.0756774	1.2552	660.222
LLLGGLLTGLLTGLLTTLILI	LLLGGLLTGLLVGLLTTLILI	7.18427	10.5953	1.27634	0.0728516	632.651
LLLGGLLTGLLVGLLTTLILI	LLLYGLLTGLLVGLLTTLILI	11.2303	9.93841	0.707856	0.213262	618.524
LLLYGLLTGLLVGLLTTLILI	LLLYGLLTGLLTGLLTTLILI	9.798	6.51432	0.0728516	1.27634	604.196
LLLYGLLTGLLTGLLTTLILI	LLLYGLLTGLLVGLLTTLILI	6.51432	9.798	1.27634	0.0728516	560.23
LLLYGLLTGLLVGLLTTLILI	LLLTGLLTGLLVGLLTTLILI	9.89696	11.1657	0.171816	0.816184	545.329
LLLTGLLTGLLVGLLTTLILI	LLLYGLLTGLLVGLLTTLILI	11.1657	9.95815	0.816184	0.171816	515.312
LLLYGLLTGLLVGLLTTLILI	LLLYGLLTGLLTGLLTTLILI	9.85919	6.51885	0.0728516	1.27634	500.25
LLLYGLLTGLLTGLLTTLILI	LLLGGLLTGLLTGLLTTLILI	5.45577	6.61591	0.213262	0.707856	470.152
LLLGGLLTGLLTGLLTTLILI	LLLYGLLTGLLTGLLTTLILI	6.61591	5.45516	0.707856	0.213262	455.171
LLLYGLLTGLLTGLLTTLILI	LLLYGLLTGLLTGLLITLILI	6.49709	9.39137	1.2552	0.0756774	440.27
LLLYGLLTGLLTGLLITLILI	LLLGGLLTGLLTGLLITLILI	9.52896	10.6727	0.213262	0.707856	425.475
LLLGGLLTGLLTGLLITLILI	LLLGGLLTGLLTGLLTTLILI	10.0405	7.16434	0.0756774	1.2552	410.812
LLLGGLLTGLLTGLLTTLILI	LLLYGLLTGLLTGLLTTLILI	6.617	5.45577	0.707856	0.213262	396.304
LLLYGLLTGLLTGLLTTLILI	LLLGGLLTGLLTGLLTTLILI	5.45577	6.6164	0.213262	0.707856	353.943
LLLGGLLTGLLTGLLTTLILI	LLLYGLLTGLLTGLLTTLILI	6.6164	5.45516	0.707856	0.213262	313.74
LLLYGLLTGLLTGLLTTLILI	LLLGGLLTGLLTGLLTTLILI	5.45516	6.61578	0.213262	0.707856	276.131
LLLGGLLTGLLTGLLTTLILI	LLLYGLLTGLLTGLLTTLILI	6.61578	5.44659	0.707856	0.213262	264.228
LLLYGLLTGLLTGLLTTLILI	LLLGGLLTGLLTGLLTTLILI	5.44659	6.617	0.213262	0.707856	209.776
LLLGGLLTGLLTGLLTTLILI	LLLYGLLTGLLTGLLTTLILI	6.617	5.45063	0.707856	0.213262	190.417
Time: 264s
