***STARTING GEOMETRY:***
xShift: 9.2442
crossingAngle: 26.8749
axialRotation: 50.3684
zShift: 2.29844

Number of MCCycles: 100
PrevSequence	CurrSequence	PrevEnergy	CurrEnergy	PrevEntropy	CurrEntropy	CurrentTemp
LLLYVLLALLTTLTTLLLILI	LLLYVLLALLTTLVTLLLILI	299.864	299.355	0.930859	0.137712	999.684
LLLYVLLALLTTLVTLLLILI	LLLYFLLALLTTLVTLLLILI	299.773	301.039	0.555456	0.293891	999.328
LLLYFLLALLTTLVTLLLILI	LLLYFLLALLTTLTTLLLILI	300.818	298.496	0.0728516	1.27634	998.928
LLLYFLLALLTTLTTLLLILI	LLLYFLLALLTVLTTLLLILI	298.496	301.473	1.27634	0.0728516	998.476
LLLYFLLALLTVLTTLLLILI	LLLYFLLALLYVLTTLLLILI	301.843	298.264	0.443059	0.379341	997.967
LLLYFLLALLYVLTTLLLILI	LLLYVLLALLYVLTTLLLILI	298.178	296.997	0.293891	0.555456	997.394
LLLYVLLALLYVLTTLLLILI	LLLWVLLALLYVLTTLLLILI	296.893	296.952	0.451187	0.372136	996.749
LLLWVLLALLYVLTTLLLILI	LLLYVLLALLYVLTTLLLILI	296.952	296.893	0.372136	0.451187	996.023
LLLYVLLALLYVLTTLLLILI	LLLWVLLALLYVLTTLLLILI	296.893	296.952	0.451187	0.372136	995.205
LLLWVLLALLYVLTTLLLILI	LLLWVLLALLYVLTFLLLILI	297.396	296.845	0.816184	0.171816	994.285
LLLWVLLALLYVLTFLLLILI	LLLWFLLALLYVLTFLLLILI	297.014	300.078	0.340616	0.489394	993.249
LLLWFLLALLYVLTFLLLILI	LLLWFLLALLYVLTYLLLILI	299.829	299.002	0.240035	0.650378	992.084
LLLWFLLALLYVLTYLLLILI	LLLWFLLGLLYVLTYLLLILI	298.628	300.181	0.276169	0.584123	990.773
LLLWFLLGLLYVLTYLLLILI	LLLYFLLGLLYVLTYLLLILI	299.869	299.907	0.272043	0.591129	989.3
LLLYFLLGLLYVLTYLLLILI	LLLYFLLGLLFVLTYLLLILI	300.136	300.368	0.820686	0.170308	987.644
LLLYFLLGLLFVLTYLLLILI	LLLYFLLGLLFTLTYLLLILI	300.335	297.601	0.137712	0.930859	985.783
LLLYFLLGLLFTLTYLLLILI	LLLYFLLGLLFTLFYLLLILI	297.077	302.801	0.407346	0.413356	983.694
LLLYFLLGLLFTLFYLLLILI	LLLYFLLGLLFTLFFLLLILI	302.798	301.94	0.410343	0.410343	981.348
LLLYFLLGLLFTLFFLLLILI	LLLYFLLALLFTLFFLLLILI	302.114	303.328	0.584123	0.276169	978.717
LLLYFLLALLFTLFFLLLILI	LLLYFLLGLLFTLFFLLLILI	303.328	302.642	0.276169	0.584123	975.768
LLLYFLLGLLFTLFFLLLILI	LLLYFLLGLLYTLFFLLLILI	302.468	302.807	0.410343	0.410343	972.463
LLLYFLLGLLYTLFFLLLILI	LLLYWLLGLLYTLFFLLLILI	302.763	301.01	0.366471	0.457728	968.764
LLLYWLLGLLYTLFFLLLILI	LLLYWLLGLLYTLTFLLLILI	300.857	297.749	0.30482	0.538845	964.627
LLLYWLLGLLYTLTFLLLILI	LLLYWLLSLLYTLTFLLLILI	297.578	296.832	0.367007	0.457104	960.005
LLLYWLLSLLYTLTFLLLILI	LLLYWLLGLLYTLTFLLLILI	296.832	295.684	0.457104	0.367007	954.846
LLLYWLLGLLYTLTFLLLILI	LLLYWLLGLLYTLTTLLLILI	295.437	296.737	0.119894	1.0043	949.095
LLLYWLLGLLYTLTTLLLILI	LLLYWLLGLLYTLTYLLLILI	296.061	295.554	0.328724	0.505042	942.693
LLLYWLLGLLYTLTYLLLILI	LLLYWLLALLYTLTYLLLILI	295.633	295.499	0.584123	0.276169	935.578
LLLYWLLALLYTLTYLLLILI	LLLYVLLALLYTLTYLLLILI	296.232	294.918	1.00921	0.118797	927.683
LLLYVLLALLYTLTYLLLILI	LLLYVLLALLYTLTFLLLILI	295.952	294.845	1.15198	0.0912572	918.939
LLLYVLLALLYTLTFLLLILI	LLLWVLLALLYTLTFLLLILI	295.205	295.234	0.451187	0.372136	909.276
LLLWVLLALLYTLTFLLLILI	LLLWVLLGLLYTLTFLLLILI	295.138	294.937	0.276169	0.584123	898.621
LLLWVLLGLLYTLTFLLLILI	LLLWVLLGLLYTLTYLLLILI	294.485	294.214	0.132101	0.952787	886.903
LLLWVLLGLLYTLTYLLLILI	LLLWVLLGLLYTLTFLLLILI	294.214	294.038	0.952787	0.132101	874.051
LLLWVLLGLLYTLTFLLLILI	LLLWVLLGLLFTLTFLLLILI	294.316	296.658	0.410343	0.410343	859.999
LLLWVLLGLLFTLTFLLLILI	LLLWVLLALLFTLTFLLLILI	296.832	297.128	0.584123	0.276169	844.686
LLLWVLLALLFTLTFLLLILI	LLLYVLLALLFTLTFLLLILI	297.451	297.12	0.598868	0.267575	828.061
LLLYVLLALLFTLTFLLLILI	LLLYVLLALLFTLTYLLLILI	297.093	296.414	0.240035	0.650378	810.083
LLLYVLLALLFTLTYLLLILI	LLLYVLLALLYTLTYLLLILI	295.855	295.661	0.0912572	1.15198	790.724
LLLYVLLALLYTLTYLLLILI	LLLWVLLALLYTLTYLLLILI	295.1	294.661	0.591129	0.272043	769.974
LLLWVLLALLYTLTYLLLILI	LLLWVLLALLYTLTFLLLILI	295.341	294.994	0.952787	0.132101	747.845
LLLWVLLALLYTLTFLLLILI	LLLWVLLGLLYTLTFLLLILI	295.138	294.49	0.276169	0.584123	724.369
LLLWVLLGLLYTLTFLLLILI	LLLYVLLGLLYTLTFLLLILI	294.278	294.367	0.372136	0.451187	699.602
LLLYVLLGLLYTLTFLLLILI	LLLYVLLGLLYTLYFLLLILI	294.154	297.922	0.238039	0.654392	673.628
LLLYVLLGLLYTLYFLLLILI	LLLYVLLGLLTTLYFLLLILI	297.922	300.16	0.654392	0.238039	646.557
LLLYVLLGLLTTLYFLLLILI	LLLWVLLGLLTTLYFLLLILI	300.373	300.926	0.451187	0.372136	618.524
LLLWVLLGLLTTLYFLLLILI	LLLWVLLGLLTTLTFLLLILI	300.773	298.41	0.219549	0.693609	589.688
LLLWVLLGLLTTLTFLLLILI	LLLWVLLGLLYTLTFLLLILI	298.41	294.572	0.693609	0.219549	560.23
LLLWVLLGLLYTLTFLLLILI	LLLWVLLALLYTLTFLLLILI	294.937	295.138	0.584123	0.276169	530.348
LLLWVLLALLYTLTFLLLILI	LLLWILLALLYTLTFLLLILI	295.261	297.638	0.398479	0.42245	500.25
LLLWILLALLYTLTFLLLILI	LLLWILLALLYTLTTLLLILI	297.336	297.967	0.119894	1.0043	470.152
LLLWILLALLYTLTTLLLILI	LLLWILLGLLYTLTTLLLILI	297.239	296.528	0.276169	0.584123	440.27
LLLWILLGLLYTLTTLLLILI	LLLWVLLGLLYTLTTLLLILI	296.367	294.091	0.42245	0.398479	410.812
LLLWVLLGLLYTLTTLLLILI	LLLWVLLGLLFTLTTLLLILI	294.343	296.621	0.650378	0.240035	381.976
LLLWVLLGLLFTLTTLLLILI	LLLYVLLGLLFTLTTLLLILI	296.98	296.824	0.598868	0.267575	353.943
LLLYVLLGLLFTLTTLLLILI	LLLYVLLALLFTLTTLLLILI	297.14	297.707	0.584123	0.276169	326.872
LLLYVLLALLFTLTTLLLILI	LLLYVLLALLFTLTFLLLILI	298.124	296.397	0.693609	0.219549	300.898
LLLYVLLALLFTLTFLLLILI	LLLYVLLALLYTLTFLLLILI	296.417	296.079	0.240035	0.650378	276.131
LLLYVLLALLYTLTFLLLILI	LLLYVLLALLYTLTWLLLILI	295.577	295.474	0.148778	0.890414	252.655
LLLYVLLALLYTLTWLLLILI	LLLYVLLALLYTLTYLLLILI	294.856	294.98	0.272043	0.591129	230.526
LLLYVLLALLYTLTYLLLILI	LLLYVLLGLLYTLTYLLLILI	294.665	293.855	0.276169	0.584123	209.776
LLLYVLLGLLYTLTYLLLILI	LLLWVLLGLLYTLTYLLLILI	293.862	293.533	0.591129	0.272043	190.417
LLLWVLLGLLYTLTYLLLILI	LLLFVLLGLLYTLTYLLLILI	294.151	294.382	0.890414	0.148778	172.439
LLLFVLLGLLYTLTYLLLILI	LLLWVLLGLLYTLTYLLLILI	294.382	294.608	0.148778	0.890414	126.449
LLLWVLLGLLYTLTYLLLILI	LLLWVLLGLLYTLTTLLLILI	294.097	294.098	0.379341	0.443059	113.597
LLLWVLLGLLYTLTTLLLILI	LLLWVLLGLLYTLTYLLLILI	294.098	293.64	0.443059	0.379341	101.879
LLLWVLLGLLYTLTYLLLILI	LLLWVLLGLLYTLTFLLLILI	294.214	294.038	0.952787	0.132101	35.8726
LLLWVLLGLLYTLTFLLLILI	LLLYVLLGLLYTLTFLLLILI	294.278	294.367	0.372136	0.451187	14.717
LLLYVLLGLLYTLTFLLLILI	LLLWVLLGLLYTLTFLLLILI	294.367	294.278	0.451187	0.372136	11.2003
Time: 334s
