***STARTING GEOMETRY:***
xShift: 8.11213
crossingAngle: 20.5177
axialRotation: 100.093
zShift: 4.28031

Number of MCCycles: 100
PrevSequence	CurrSequence	PrevEnergy	CurrEnergy	PrevEntropy	CurrEntropy	CurrentTemp
LLLYGLLFLLTSLTGLLLILI	LLLYGLLFLLTSLTALLLILI	-4.84746	-6.04243	0.872342	0.154044	999.684
LLLYGLLFLLTSLTALLLILI	LLLYGLLFLLTSLVALLLILI	-5.26562	-2.0015	0.930859	0.137712	999.328
LLLYGLLFLLTSLVALLLILI	LLLYGLLFLLTSLVTLLLILI	-2.01629	-2.18161	0.122923	0.990994	998.928
LLLYGLLFLLTSLVTLLLILI	LLLYGLLFLLTSLVALLLILI	-2.18161	-2.6189	0.990994	0.122923	998.476
LLLYGLLFLLTSLVALLLILI	LLLYGLLFLLTSLTALLLILI	-2.60411	-5.26562	0.137712	0.930859	997.967
LLLYGLLFLLTSLTALLLILI	LLLYGLLYLLTSLTALLLILI	-6.06438	-4.40344	0.132101	0.952787	997.394
LLLYGLLYLLTSLTALLLILI	LLLWGLLYLLTSLTALLLILI	-4.90504	-2.60177	0.451187	0.372136	996.749
LLLWGLLYLLTSLTALLLILI	LLLWGLLFLLTSLTALLLILI	-2.32353	-2.63951	0.650378	0.240035	996.023
LLLWGLLFLLTSLTALLLILI	LLLWGLLFLLTYLTALLLILI	-2.57552	4.29328	0.304028	0.540023	995.205
LLLWGLLFLLTYLTALLLILI	LLLWGLLFLLYYLTALLLILI	4.08198	3.87578	0.328724	0.505042	994.285
LLLWGLLFLLYYLTALLLILI	LLLWGLLFLLYWLTALLLILI	3.63832	2.71976	0.267575	0.598868	993.249
LLLWGLLFLLYWLTALLLILI	LLLYGLLFLLYWLTALLLILI	2.71976	0.306154	0.598868	0.267575	992.084
LLLYGLLFLLYWLTALLLILI	LLLYGLLFLLGWLTALLLILI	0.634142	-0.16416	0.595564	0.269472	990.773
LLLYGLLFLLGWLTALLLILI	LLLYGLLFLLGFLTALLLILI	0.165236	2.99537	0.598868	0.267575	989.3
LLLYGLLFLLGFLTALLLILI	LLLYGLLYLLGFLTALLLILI	2.96783	5.46174	0.240035	0.650378	987.644
LLLYGLLYLLGFLTALLLILI	LLLYGLLFLLGFLTALLLILI	5.46174	3.42022	0.650378	0.240035	985.783
LLLYGLLFLLGFLTALLLILI	LLLYGLLYLLGFLTALLLILI	3.42022	5.24843	0.240035	0.650378	983.694
LLLYGLLYLLGFLTALLLILI	LLLYGLLYLLGFLTGLLLILI	4.70506	8.70195	0.107014	1.06535	981.348
LLLYGLLYLLGFLTGLLLILI	LLLYGLLYLLYFLTGLLLILI	7.90607	3.97561	0.269472	0.595564	978.717
LLLYGLLYLLYFLTGLLLILI	LLLWGLLYLLYFLTGLLLILI	3.97118	4.10734	0.591129	0.272043	975.768
LLLWGLLYLLYFLTGLLLILI	LLLWGLLYLLYFLTALLLILI	4.70764	3.33954	0.872342	0.154044	972.463
LLLWGLLYLLYFLTALLLILI	LLLWGLLFLLYFLTALLLILI	3.83588	2.04071	0.650378	0.240035	968.764
LLLWGLLFLLYFLTALLLILI	LLLYGLLFLLYFLTALLLILI	2.17281	1.34606	0.372136	0.451187	964.627
LLLYGLLFLLYFLTALLLILI	LLLFGLLFLLYFLTALLLILI	1.39647	3.20705	0.5016	0.331293	960.005
LLLFGLLFLLYFLTALLLILI	LLLFGLLFLLYWLTALLLILI	3.24223	2.71445	0.366471	0.457728	954.846
LLLFGLLFLLYWLTALLLILI	LLLFGLLFLLYWLTGLLLILI	2.41077	6.08198	0.154044	0.872342	949.095
LLLFGLLFLLYWLTGLLLILI	LLLFGLLFLLYWLTALLLILI	6.08198	5.41038	0.872342	0.154044	942.693
LLLFGLLFLLYWLTALLLILI	LLLFGLLFLLYWLYALLLILI	5.44323	6.42517	0.186892	0.773553	935.578
LLLFGLLFLLYWLYALLLILI	LLLFGLLFLLGWLYALLLILI	6.24718	5.36936	0.595564	0.269472	927.683
LLLFGLLFLLGWLYALLLILI	LLLFGLLFLLGWLTALLLILI	5.60493	2.20224	0.505042	0.328724	918.939
LLLFGLLFLLGWLTALLLILI	LLLFGLLYLLGWLTALLLILI	2.28385	4.27112	0.410343	0.410343	909.276
LLLFGLLYLLGWLTALLLILI	LLLFGLLYLLGWLVALLLILI	4.49294	7.23003	0.632162	0.249358	898.621
LLLFGLLYLLGWLVALLLILI	LLLFGLLYLLGWLVGLLLILI	7.08769	10.9678	0.107014	1.06535	886.903
LLLFGLLYLLGWLVGLLLILI	LLLFGLLYLLGWLTGLLLILI	10.1518	7.8602	0.249358	0.632162	874.051
LLLFGLLYLLGWLTGLLLILI	LLLFGLLYLLGWLVGLLLILI	7.8602	10.1565	0.632162	0.249358	859.999
LLLFGLLYLLGWLVGLLLILI	LLLYGLLYLLGWLVGLLLILI	10.0392	9.02699	0.132101	0.952787	844.686
LLLYGLLYLLGWLVGLLLILI	LLLYGLLFLLGWLVGLLLILI	9.02699	6.23264	0.952787	0.132101	828.061
LLLYGLLFLLGWLVGLLLILI	LLLYGLLFLLGWLTGLLLILI	6.3499	3.31183	0.249358	0.632162	810.083
LLLYGLLFLLGWLTGLLLILI	LLLYGLLFLLGWLTALLLILI	3.74502	-0.539925	1.06535	0.107014	769.974
LLLYGLLFLLGWLTALLLILI	LLLYGLLFLLGWLVALLLILI	-0.0147775	3.09597	0.632162	0.249358	747.845
LLLYGLLFLLGWLVALLLILI	LLLYGLLFLLGFLVALLLILI	3.44548	6.43856	0.598868	0.267575	724.369
LLLYGLLFLLGFLVALLLILI	LLLYGLLFLLGWLVALLLILI	6.43856	3.44548	0.267575	0.598868	699.602
LLLYGLLFLLGWLVALLLILI	LLLYGLLFLLGWLTALLLILI	3.09597	-0.0147775	0.249358	0.632162	646.557
LLLYGLLFLLGWLTALLLILI	LLLYGLLYLLGWLTALLLILI	-0.514838	2.09179	0.132101	0.952787	589.688
LLLYGLLYLLGWLTALLLILI	LLLYGLLFLLGWLTALLLILI	2.09179	-0.514838	0.952787	0.132101	530.348
LLLYGLLFLLGWLTALLLILI	LLLYGLLYLLGWLTALLLILI	-0.514838	1.62148	0.132101	0.952787	500.25
LLLYGLLYLLGWLTALLLILI	LLLYGLLFLLGWLTALLLILI	1.62148	-0.301531	0.952787	0.132101	470.152
LLLYGLLFLLGWLTALLLILI	LLLYGLLFLLYWLTALLLILI	-0.16416	0.634142	0.269472	0.595564	300.898
LLLYGLLFLLYWLTALLLILI	LLLYGLLFLLGWLTALLLILI	0.634142	-0.377468	0.595564	0.269472	230.526
LLLYGLLFLLGWLTALLLILI	LLLYGLLFLLYWLTALLLILI	-0.377468	0.634142	0.269472	0.595564	209.776
LLLYGLLFLLYWLTALLLILI	LLLYGLLFLLYFLTALLLILI	0.637446	0.968645	0.598868	0.267575	190.417
LLLYGLLFLLYFLTALLLILI	LLLYGLLFLLTFLTALLLILI	1.20611	1.90176	0.505042	0.328724	140.501
LLLYGLLFLLTFLTALLLILI	LLLYGLLFLLTSLTALLLILI	2.11306	-5.89245	0.540023	0.304028	126.449
LLLYGLLFLLTSLTALLLILI	LLLYGLLFLLTSLTFLLLILI	-6.02205	-6.1474	0.174433	0.80848	7.25111
LLLYGLLFLLTSLTFLLLILI	LLLYGLLFLLTSLTALLLILI	-6.1474	-6.79263	0.80848	0.174433	2.53269
Time: 127s
