***STARTING GEOMETRY:***
xShift: 6.74599
crossingAngle: -44.4104
axialRotation: -59.557
zShift: 0.866572

Number of MCCycles: 200
PrevSequence	CurrSequence	PrevEnergy	CurrEnergy	PrevEntropy	CurrEntropy	CurrentTemp
LLLTYLLTFLLGTLLGYLILI	LLLTYLLTFLLGLLLGYLILI	9.87138e+06	229749	1.04019	0.112128	999.847
LLLTYLLTFLLGLLLGYLILI	LLLYYLLTFLLGLLLGYLILI	229749	229748	0.238039	0.654392	999.684
LLLYYLLTFLLGLLLGYLILI	LLLTYLLTFLLGLLLGYLILI	229748	229748	0.654392	0.238039	999.328
LLLTYLLTFLLGLLLGYLILI	LLLTYLLTFLLGLLLGWLILI	229749	229749	0.451187	0.372136	999.134
LLLTYLLTFLLGLLLGWLILI	LLLTYLLAFLLGLLLGWLILI	229750	229752	0.990994	0.122923	998.928
LLLTYLLAFLLGLLLGWLILI	LLLTYLLAFLLGLLLGYLILI	229753	229754	0.372136	0.451187	998.708
LLLTYLLAFLLGLLLGYLILI	LLLTYLLATLLGLLLGYLILI	229753	229753	0.171816	0.816184	998.476
LLLTYLLATLLGLLLGYLILI	LLLTFLLATLLGLLLGYLILI	229753	229753	0.952787	0.132101	998.229
LLLTFLLATLLGLLLGYLILI	LLLTYLLATLLGLLLGYLILI	229753	229754	0.132101	0.952787	997.967
LLLTYLLATLLGLLLGYLILI	LLLTYLLATLLGTLLGYLILI	229753	229750	0.112128	1.04019	997.689
LLLTYLLATLLGTLLGYLILI	LLLYYLLATLLGTLLGYLILI	229749	229749	0.328724	0.505042	997.394
LLLYYLLATLLGTLLGYLILI	LLLYTLLATLLGTLLGYLILI	229749	229746	0.505042	0.328724	997.081
LLLYTLLATLLGTLLGYLILI	LLLWTLLATLLGTLLGYLILI	229746	229745	0.451187	0.372136	996.749
LLLWTLLATLLGTLLGYLILI	LLLWYLLATLLGTLLGYLILI	229745	229751	0.443059	0.379341	996.397
LLLWYLLATLLGTLLGYLILI	LLLWYLLATLLGTLLGFLILI	229752	229751	0.952787	0.132101	996.023
LLLWYLLATLLGTLLGFLILI	LLLYYLLATLLGTLLGFLILI	229751	229750	0.372136	0.451187	995.626
LLLYYLLATLLGTLLGFLILI	LLLYYLLAFLLGTLLGFLILI	229750	229749	0.538845	0.30482	995.205
LLLYYLLAFLLGTLLGFLILI	LLLTYLLAFLLGTLLGFLILI	229749	229749	0.505042	0.328724	994.758
LLLTYLLAFLLGTLLGFLILI	LLLYYLLAFLLGTLLGFLILI	229749	229749	0.328724	0.505042	994.285
LLLYYLLAFLLGTLLGFLILI	LLLYYLLTFLLGTLLGFLILI	229748	229745	0.122923	0.990994	993.782
LLLYYLLTFLLGTLLGFLILI	LLLYYLLAFLLGTLLGFLILI	229745	229748	0.990994	0.122923	993.249
LLLYYLLAFLLGTLLGFLILI	LLLYYLLTFLLGTLLGFLILI	229748	229745	0.122923	0.990994	992.683
LLLYYLLTFLLGTLLGFLILI	LLLYTLLTFLLGTLLGFLILI	229745	229743	0.379341	0.443059	992.084
LLLYTLLTFLLGTLLGFLILI	LLLYTLLAFLLGTLLGFLILI	229744	229744	1.19282	0.0847157	991.448
LLLYTLLAFLLGTLLGFLILI	LLLYTLLAFLLGTLLGYLILI	229744	229743	0.240035	0.650378	990.773
LLLYTLLAFLLGTLLGYLILI	LLLYTLLAYLLGTLLGYLILI	229743	229742	0.0912572	1.15198	990.058
LLLYTLLAYLLGTLLGYLILI	LLLYTLLAYLLGTLLGFLILI	229742	229742	1.15198	0.0912572	989.3
LLLYTLLAYLLGTLLGFLILI	LLLYTLLAYLLGLLLGFLILI	229743	229746	0.849143	0.161118	988.496
LLLYTLLAYLLGLLLGFLILI	LLLYTLLAYLLGTLLGFLILI	229746	229747	0.161118	0.849143	987.644
LLLYTLLAYLLGTLLGFLILI	LLLYTLLAYLLGTLLGWLILI	229746	229743	0.148778	0.890414	986.74
LLLYTLLAYLLGTLLGWLILI	LLLYTLLAYLLGTLLGYLILI	229742	229741	0.272043	0.591129	985.783
LLLYTLLAYLLGTLLGYLILI	LLLYTLLAFLLGTLLGYLILI	229742	229743	1.15198	0.0912572	984.769
LLLYTLLAFLLGTLLGYLILI	LLLYTLLAFLLGTLLGWLILI	229743	229744	0.451187	0.372136	983.694
LLLYTLLAFLLGTLLGWLILI	LLLYTLLAFLLGTLLGYLILI	229744	229743	0.372136	0.451187	981.348
LLLYTLLAFLLGTLLGYLILI	LLLYTLLAFLLGLLLGYLILI	229744	229747	0.849143	0.161118	980.071
LLLYTLLAFLLGLLLGYLILI	LLLYTLLAFLLGLLLGWLILI	229748	229748	0.451187	0.372136	978.717
LLLYTLLAFLLGLLLGWLILI	LLLYTLLAFLLGLLLGYLILI	229748	229747	0.372136	0.451187	975.768
LLLYTLLAFLLGLLLGYLILI	LLLYTLLAFLLGLLLGFLILI	229747	229748	0.650378	0.240035	974.162
LLLYTLLAFLLGLLLGFLILI	LLLYTLLAYLLGLLLGFLILI	229748	229747	0.240035	0.650378	972.463
LLLYTLLAYLLGLLLGFLILI	LLLYTLLAYLLGTLLGFLILI	229747	229747	0.161118	0.849143	970.666
LLLYTLLAYLLGTLLGFLILI	LLLWTLLAYLLGTLLGFLILI	229747	229746	0.451187	0.372136	968.764
LLLWTLLAYLLGTLLGFLILI	LLLWTLLALLLGTLLGFLILI	229747	229747	0.679837	0.225838	966.754
LLLWTLLALLLGTLLGFLILI	LLLYTLLALLLGTLLGFLILI	229748	229749	0.598868	0.267575	964.627
LLLYTLLALLLGTLLGFLILI	LLLYTLLAFLLGTLLGFLILI	229749	229744	0.225838	0.679837	962.38
LLLYTLLAFLLGTLLGFLILI	LLLYTLLAFLLGTLLGYLILI	229744	229743	0.240035	0.650378	957.496
LLLYTLLAFLLGTLLGYLILI	LLLYTLLAYLLGTLLGYLILI	229743	229742	0.0912572	1.15198	954.846
LLLYTLLAYLLGTLLGYLILI	LLLYTLLAYLLGTLLGTLILI	229742	229745	0.505042	0.328724	952.048
LLLYTLLAYLLGTLLGTLILI	LLLWTLLAYLLGTLLGTLILI	229746	229749	0.451187	0.372136	949.095
LLLWTLLAYLLGTLLGTLILI	LLLWTLLAYLLGTLLGYLILI	229749	229745	0.443059	0.379341	945.979
LLLWTLLAYLLGTLLGYLILI	LLLWTLLYYLLGTLLGYLILI	229745	229746	0.0640271	1.34845	942.693
LLLWTLLYYLLGTLLGYLILI	LLLWTLLTYLLGTLLGYLILI	229745	229745	0.505042	0.328724	939.229
LLLWTLLTYLLGTLLGYLILI	LLLWTLLAYLLGTLLGYLILI	229746	229745	1.19282	0.0847157	935.578
LLLWTLLAYLLGTLLGYLILI	LLLYTLLAYLLGTLLGYLILI	229745	229751	0.272043	0.591129	931.732
LLLYTLLAYLLGTLLGYLILI	LLLYTLLAYLLGTLLGFLILI	229752	229742	1.15198	0.0912572	927.683
LLLYTLLAYLLGTLLGFLILI	LLLYTLLTYLLGTLLGFLILI	229742	229742	0.0847157	1.19282	918.939
LLLYTLLTYLLGTLLGFLILI	LLLYTLLTYLLGTLLGWLILI	229741	229742	0.148778	0.890414	909.276
LLLYTLLTYLLGTLLGWLILI	LLLYTLLAYLLGTLLGWLILI	229743	229742	1.19282	0.0847157	904.077
LLLYTLLAYLLGTLLGWLILI	LLLYTLLTYLLGTLLGWLILI	229742	229742	0.0847157	1.19282	898.621
LLLYTLLTYLLGTLLGWLILI	LLLYTLLTYLLGLLLGWLILI	229742	229749	1.04019	0.112128	892.899
LLLYTLLTYLLGLLLGWLILI	LLLYTLLTYLLGLLLGYLILI	229749	229745	0.272043	0.591129	886.903
LLLYTLLTYLLGLLLGYLILI	LLLYTLLTFLLGLLLGYLILI	229746	229746	1.15198	0.0912572	880.623
LLLYTLLTFLLGLLLGYLILI	LLLYTLLAFLLGLLLGYLILI	229747	229747	0.990994	0.122923	874.051
LLLYTLLAFLLGLLLGYLILI	LLLYTLLAFLLGTLLGYLILI	229747	229748	0.161118	0.849143	867.179
LLLYTLLAFLLGTLLGYLILI	LLLYTLLAFLLGLLLGYLILI	229748	229747	0.849143	0.161118	859.999
LLLYTLLAFLLGLLLGYLILI	LLLYTLLAFLLGTLLGYLILI	229747	229743	0.161118	0.849143	852.504
LLLYTLLAFLLGTLLGYLILI	LLLYTLLTFLLGTLLGYLILI	229743	229743	0.0847157	1.19282	844.686
LLLYTLLTFLLGTLLGYLILI	LLLYTLLTFLLGTLLGFLILI	229743	229743	0.650378	0.240035	828.061
LLLYTLLTFLLGTLLGFLILI	LLLYTLLTFLLGTLLGWLILI	229743	229744	0.267575	0.598868	819.243
LLLYTLLTFLLGTLLGWLILI	LLLYTLLTFLLGTLLGFLILI	229744	229743	0.598868	0.267575	800.577
LLLYTLLTFLLGTLLGFLILI	LLLYTLLAFLLGTLLGFLILI	229744	229744	1.19282	0.0847157	790.724
LLLYTLLAFLLGTLLGFLILI	LLLYTLLTFLLGTLLGFLILI	229744	229744	0.0847157	1.19282	780.523
LLLYTLLTFLLGTLLGFLILI	LLLYTLLTFLLGTLLGYLILI	229743	229743	0.240035	0.650378	769.974
LLLYTLLTFLLGTLLGYLILI	LLLYTLLTFLLGTLLGWLILI	229742	229743	0.451187	0.372136	747.845
LLLYTLLTFLLGTLLGWLILI	LLLYTLLTYLLGTLLGWLILI	229743	229742	0.132101	0.952787	736.272
LLLYTLLTYLLGTLLGWLILI	LLLYTLLAYLLGTLLGWLILI	229743	229742	1.19282	0.0847157	699.602
LLLYTLLAYLLGTLLGWLILI	LLLYTLLAYLLGTLLGYLILI	229742	229742	0.272043	0.591129	686.76
LLLYTLLAYLLGTLLGYLILI	LLLYTLLAYLLGTLLGWLILI	229742	229742	0.591129	0.272043	673.628
LLLYTLLAYLLGTLLGWLILI	LLLYTLLAFLLGTLLGWLILI	229743	229744	0.952787	0.132101	660.222
LLLYTLLAFLLGTLLGWLILI	LLLYTLLAFLLGTLLGYLILI	229744	229743	0.372136	0.451187	646.557
LLLYTLLAFLLGTLLGYLILI	LLLYTLLAYLLGTLLGYLILI	229743	229742	0.0912572	1.15198	632.651
LLLYTLLAYLLGTLLGYLILI	LLLYTLLTYLLGTLLGYLILI	229741	229741	0.0847157	1.19282	618.524
LLLYTLLTYLLGTLLGYLILI	LLLYTLLAYLLGTLLGYLILI	229741	229741	1.19282	0.0847157	589.688
LLLYTLLAYLLGTLLGYLILI	LLLYTLLAYLLGTLLGWLILI	229741	229742	0.591129	0.272043	560.23
LLLYTLLAYLLGTLLGWLILI	LLLYTLLAYLLGTLLGYLILI	229742	229742	0.272043	0.591129	545.329
LLLYTLLAYLLGTLLGYLILI	LLLYTLLAFLLGTLLGYLILI	229742	229743	1.15198	0.0912572	515.312
LLLYTLLAFLLGTLLGYLILI	LLLYTLLAVLLGTLLGYLILI	229744	229744	0.489394	0.340616	500.25
LLLYTLLAVLLGTLLGYLILI	LLLYTLLAFLLGTLLGYLILI	229744	229743	0.340616	0.489394	455.171
LLLYTLLAFLLGTLLGYLILI	LLLYTLLATLLGTLLGYLILI	229743	229743	0.119894	1.0043	425.475
LLLYTLLATLLGTLLGYLILI	LLLYTLLAYLLGTLLGYLILI	229742	229742	0.328724	0.505042	410.812
LLLYTLLAYLLGTLLGYLILI	LLLYTLLAFLLGTLLGYLILI	229742	229743	1.15198	0.0912572	396.304
LLLYTLLAFLLGTLLGYLILI	LLLYTLLTFLLGTLLGYLILI	229743	229744	0.0847157	1.19282	381.976
LLLYTLLTFLLGTLLGYLILI	LLLYTLLTYLLGTLLGYLILI	229743	229742	0.0912572	1.15198	353.943
LLLYTLLTYLLGTLLGYLILI	LLLYTLLTYLLGTLLGFLILI	229742	229741	1.15198	0.0912572	252.655
LLLYTLLTYLLGTLLGFLILI	LLLYTLLTYLLGTLLGYLILI	229741	229741	0.0912572	1.15198	241.419
LLLYTLLTYLLGTLLGYLILI	LLLYTLLTYLLGTLLGFLILI	229741	229741	1.15198	0.0912572	230.526
LLLYTLLTYLLGTLLGFLILI	LLLYTLLAYLLGTLLGFLILI	229742	229742	1.19282	0.0847157	209.776
LLLYTLLAYLLGTLLGFLILI	LLLYTLLTYLLGTLLGFLILI	229742	229742	0.0847157	1.19282	190.417
LLLYTLLTYLLGTLLGFLILI	LLLYTLLTYLLGTLLGYLILI	229741	229741	0.0912572	1.15198	181.257
LLLYTLLTYLLGTLLGYLILI	LLLYTLLTYLLGTLLGFLILI	229741	229741	1.15198	0.0912572	163.959
LLLYTLLTYLLGTLLGFLILI	LLLYTLLAYLLGTLLGFLILI	229742	229742	1.19282	0.0847157	155.814
LLLYTLLAYLLGTLLGFLILI	LLLYTLLAYLLGTLLGYLILI	229742	229742	0.0912572	1.15198	101.879
LLLYTLLAYLLGTLLGYLILI	LLLYTLLAYLLGTLLGFLILI	229742	229742	1.15198	0.0912572	68.7677
LLLYTLLAYLLGTLLGFLILI	LLLYTLLAYLLGTLLGYLILI	229742	229742	0.0912572	1.15198	51.4049
LLLYTLLAYLLGTLLGYLILI	LLLYTLLAYLLGTLLGFLILI	229742	229742	1.15198	0.0912572	45.6541
LLLYTLLAYLLGTLLGFLILI	LLLYTLLAYLLGTLLGYLILI	229742	229742	0.0912572	1.15198	26.3376
LLLYTLLAYLLGTLLGYLILI	LLLYTLLAYLLGTLLGFLILI	229742	229742	1.15198	0.0912572	13.7596
Time: 259s
