***STARTING GEOMETRY:***
xShift: 6.72
crossingAngle: -44.07
axialRotation: -59.32
zShift: 0.66

Number of MCCycles: 200
PrevSequence	CurrSequence	PrevEnergy	CurrEnergy	PrevEntropy	CurrEntropy	CurrentTemp
LLLTYLLTFLLGTLLGYLILI	LLLTYLLTFLLGTLLGFLILI	9.25642e+06	509251	0.650378	0.240035	999.847
LLLTYLLTFLLGTLLGFLILI	LLLTYLLTFLLGTLLGYLILI	509251	509250	0.240035	0.650378	999.684
LLLTYLLTFLLGTLLGYLILI	LLLTYLLTYLLGTLLGYLILI	509250	509250	0.0912572	1.15198	999.512
LLLTYLLTYLLGTLLGYLILI	LLLTYLLTYLLGTLLGFLILI	509250	509251	1.15198	0.0912572	999.328
LLLTYLLTYLLGTLLGFLILI	LLLTYLLTILLGTLLGFLILI	509252	509253	0.736435	0.201285	999.134
LLLTYLLTILLGTLLGFLILI	LLLTYLLTFLLGTLLGFLILI	509254	509251	0.351222	0.47603	998.928
LLLTYLLTFLLGTLLGFLILI	LLLYYLLTFLLGTLLGFLILI	509251	509250	0.443059	0.379341	998.708
LLLYYLLTFLLGTLLGFLILI	LLLTYLLTFLLGTLLGFLILI	509250	509251	0.379341	0.443059	998.476
LLLTYLLTFLLGTLLGFLILI	LLLTYLLTFLLGTLLGWLILI	509251	509251	0.267575	0.598868	998.229
LLLTYLLTFLLGTLLGWLILI	LLLGYLLTFLLGTLLGWLILI	509251	509251	0.489954	0.34018	997.394
LLLGYLLTFLLGTLLGWLILI	LLLGYLLTFLLGTLLGYLILI	509251	509251	0.372136	0.451187	997.081
LLLGYLLTFLLGTLLGYLILI	LLLGYLLYFLLGTLLGYLILI	509251	509249	0.238039	0.654392	996.749
LLLGYLLYFLLGTLLGYLILI	LLLGYLLYTLLGTLLGYLILI	509248	509249	0.171816	0.816184	996.397
LLLGYLLYTLLGTLLGYLILI	LLLGYLLYTLLGTLLGWLILI	509249	509249	0.591129	0.272043	996.023
LLLGYLLYTLLGTLLGWLILI	LLLGGLLYTLLGTLLGWLILI	509249	509252	0.369715	0.453966	995.626
LLLGGLLYTLLGTLLGWLILI	LLLGGLLFTLLGTLLGWLILI	509252	509253	0.650378	0.240035	995.205
LLLGGLLFTLLGTLLGWLILI	LLLGGLLFYLLGTLLGWLILI	509254	509254	0.538845	0.30482	994.758
LLLGGLLFYLLGTLLGWLILI	LLLGGLLYYLLGTLLGWLILI	509254	509252	0.132101	0.952787	994.285
LLLGGLLYYLLGTLLGWLILI	LLLYGLLYYLLGTLLGWLILI	509252	509251	0.337561	0.493345	993.782
LLLYGLLYYLLGTLLGWLILI	LLLYGLLYYLLGTLLGYLILI	509251	509251	0.21484	0.704234	993.249
LLLYGLLYYLLGTLLGYLILI	LLLTGLLYYLLGTLLGYLILI	509251	509251	0.773553	0.186892	992.683
LLLTGLLYYLLGTLLGYLILI	LLLGGLLYYLLGTLLGYLILI	509251	509251	0.29428	0.55485	992.084
LLLGGLLYYLLGTLLGYLILI	LLLGGLLFYLLGTLLGYLILI	509252	509252	1.15198	0.0912572	991.448
LLLGGLLFYLLGTLLGYLILI	LLLGGLLFYLLGTLLGFLILI	509252	509253	0.650378	0.240035	990.773
LLLGGLLFYLLGTLLGFLILI	LLLGALLFYLLGTLLGFLILI	509254	509254	1.21066	0.0820187	990.058
LLLGALLFYLLGTLLGFLILI	LLLGALLFTLLGTLLGFLILI	509255	509256	0.30482	0.538845	989.3
LLLGALLFTLLGTLLGFLILI	LLLGALLFTLLGTLLGYLILI	509256	509255	0.410343	0.410343	988.496
LLLGALLFTLLGTLLGYLILI	LLLYALLFTLLGTLLGYLILI	509255	509254	0.368877	0.454934	987.644
LLLYALLFTLLGTLLGYLILI	LLLYALLFTLLGTLLGWLILI	509254	509255	0.451187	0.372136	986.74
LLLYALLFTLLGTLLGWLILI	LLLYALLYTLLGTLLGWLILI	509255	509254	0.132101	0.952787	985.783
LLLYALLYTLLGTLLGWLILI	LLLYALLFTLLGTLLGWLILI	509254	509255	0.952787	0.132101	984.769
LLLYALLFTLLGTLLGWLILI	LLLGALLFTLLGTLLGWLILI	509255	509255	0.270132	0.594419	983.694
LLLGALLFTLLGTLLGWLILI	LLLGALLFTLLGTLLGYLILI	509255	509255	0.598868	0.267575	982.555
LLLGALLFTLLGTLLGYLILI	LLLYALLFTLLGTLLGYLILI	509255	509254	0.368877	0.454934	981.348
LLLYALLFTLLGTLLGYLILI	LLLYGLLFTLLGTLLGYLILI	509254	509254	0.107014	1.06535	980.071
LLLYGLLFTLLGTLLGYLILI	LLLTGLLFTLLGTLLGYLILI	509253	509253	0.379341	0.443059	978.717
LLLTGLLFTLLGTLLGYLILI	LLLTGLLYTLLGTLLGYLILI	509253	509252	0.132101	0.952787	977.285
LLLTGLLYTLLGTLLGYLILI	LLLYGLLYTLLGTLLGYLILI	509251	509251	0.328724	0.505042	975.768
LLLYGLLYTLLGTLLGYLILI	LLLYGLLFTLLGTLLGYLILI	509251	509253	1.15198	0.0912572	974.162
LLLYGLLFTLLGTLLGYLILI	LLLYGLLFTLLGTLLGFLILI	509253	509253	0.650378	0.240035	972.463
LLLYGLLFTLLGTLLGFLILI	LLLYGLLFYLLGTLLGFLILI	509253	509254	0.328724	0.505042	970.666
LLLYGLLFYLLGTLLGFLILI	LLLYGLLYYLLGTLLGFLILI	509253	509252	0.170308	0.820686	968.764
LLLYGLLYYLLGTLLGFLILI	LLLGGLLYYLLGTLLGFLILI	509252	509252	0.493345	0.337561	966.754
LLLGGLLYYLLGTLLGFLILI	LLLYGLLYYLLGTLLGFLILI	509252	509252	0.337561	0.493345	964.627
LLLYGLLYYLLGTLLGFLILI	LLLYGLLFYLLGTLLGFLILI	509252	509253	0.820686	0.170308	962.38
LLLYGLLFYLLGTLLGFLILI	LLLYYLLFYLLGTLLGFLILI	509253	509254	0.269472	0.595564	960.005
LLLYYLLFYLLGTLLGFLILI	LLLYGLLFYLLGTLLGFLILI	509254	509253	0.595564	0.269472	957.496
LLLYGLLFYLLGTLLGFLILI	LLLYYLLFYLLGTLLGFLILI	509253	509254	0.269472	0.595564	954.846
LLLYYLLFYLLGTLLGFLILI	LLLGYLLFYLLGTLLGFLILI	509254	509255	0.595564	0.269472	952.048
LLLGYLLFYLLGTLLGFLILI	LLLGYLLFVLLGTLLGFLILI	509256	509253	1.07465	0.105187	949.095
LLLGYLLFVLLGTLLGFLILI	LLLYYLLFVLLGTLLGFLILI	509253	509253	0.368877	0.454934	945.979
LLLYYLLFVLLGTLLGFLILI	LLLYYLLFVLLGTLLGYLILI	509253	509252	0.170308	0.820686	942.693
LLLYYLLFVLLGTLLGYLILI	LLLGYLLFVLLGTLLGYLILI	509252	509252	0.595564	0.269472	935.578
LLLGYLLFVLLGTLLGYLILI	LLLGYLLFVLLGTLLGFLILI	509253	509253	0.650378	0.240035	931.732
LLLGYLLFVLLGTLLGFLILI	LLLGYLLFVLLGTLLGYLILI	509253	509253	0.240035	0.650378	927.683
LLLGYLLFVLLGTLLGYLILI	LLLGYLLFVLLGTLLGFLILI	509253	509253	0.650378	0.240035	923.422
LLLGYLLFVLLGTLLGFLILI	LLLGGLLFVLLGTLLGFLILI	509253	509257	0.213262	0.707856	918.939
LLLGGLLFVLLGTLLGFLILI	LLLGGLLFTLLGTLLGFLILI	509257	509254	0.137712	0.930859	914.227
LLLGGLLFTLLGTLLGFLILI	LLLGYLLFTLLGTLLGFLILI	509254	509252	0.707856	0.213262	909.276
LLLGYLLFTLLGTLLGFLILI	LLLGYLLFLLLGTLLGFLILI	509253	509253	0.849143	0.161118	904.077
LLLGYLLFLLLGTLLGFLILI	LLLGYLLFLLLGTLLGYLILI	509253	509252	0.240035	0.650378	898.621
LLLGYLLFLLLGTLLGYLILI	LLLGYLLFTLLGTLLGYLILI	509251	509250	0.161118	0.849143	892.899
LLLGYLLFTLLGTLLGYLILI	LLLGGLLFTLLGTLLGYLILI	509250	509253	0.369715	0.453966	880.623
LLLGGLLFTLLGTLLGYLILI	LLLGGLLFYLLGTLLGYLILI	509253	509253	0.328724	0.505042	874.051
LLLGGLLFYLLGTLLGYLILI	LLLGGLLFYLLGTLLGWLILI	509253	509253	0.451187	0.372136	867.179
LLLGGLLFYLLGTLLGWLILI	LLLGGLLFTLLGTLLGWLILI	509253	509254	0.30482	0.538845	859.999
LLLGGLLFTLLGTLLGWLILI	LLLGALLFTLLGTLLGWLILI	509254	509255	1.21066	0.0820187	852.504
LLLGALLFTLLGTLLGWLILI	LLLGALLFTLLGTLLGYLILI	509256	509255	0.598868	0.267575	844.686
LLLGALLFTLLGTLLGYLILI	LLLGALLFYLLGTLLGYLILI	509255	509254	0.328724	0.505042	836.541
LLLGALLFYLLGTLLGYLILI	LLLGALLFTLLGTLLGYLILI	509254	509255	0.505042	0.328724	828.061
LLLGALLFTLLGTLLGYLILI	LLLYALLFTLLGTLLGYLILI	509255	509255	0.368877	0.454934	819.243
LLLYALLFTLLGTLLGYLILI	LLLYALLYTLLGTLLGYLILI	509254	509253	0.0912572	1.15198	810.083
LLLYALLYTLLGTLLGYLILI	LLLGALLYTLLGTLLGYLILI	509252	509252	0.595564	0.269472	800.577
LLLGALLYTLLGTLLGYLILI	LLLGALLYTLLGTLLGWLILI	509252	509253	0.451187	0.372136	790.724
LLLGALLYTLLGTLLGWLILI	LLLGALLYYLLGTLLGWLILI	509253	509253	0.328724	0.505042	780.523
LLLGALLYYLLGTLLGWLILI	LLLGALLYYLLGTLLGYLILI	509253	509253	0.272043	0.591129	769.974
LLLGALLYYLLGTLLGYLILI	LLLGALLYYLLGTLLGWLILI	509253	509253	0.591129	0.272043	759.081
LLLGALLYYLLGTLLGWLILI	LLLGALLYYLLGTLLGYLILI	509253	509253	0.272043	0.591129	747.845
LLLGALLYYLLGTLLGYLILI	LLLGYLLYYLLGTLLGYLILI	509252	509250	0.0486577	1.50339	736.272
LLLGYLLYYLLGTLLGYLILI	LLLGYLLYFLLGTLLGYLILI	509250	509248	1.30076	0.0697276	724.369
LLLGYLLYFLLGTLLGYLILI	LLLGYLLYFLLGTLLGWLILI	509248	509249	0.591129	0.272043	712.142
LLLGYLLYFLLGTLLGWLILI	LLLGYLLTFLLGTLLGWLILI	509249	509252	0.505042	0.328724	699.602
LLLGYLLTFLLGTLLGWLILI	LLLGYLLTFLLGTLLGFLILI	509252	509252	0.598868	0.267575	686.76
LLLGYLLTFLLGTLLGFLILI	LLLGYLLTYLLGTLLGFLILI	509252	509253	0.240035	0.650378	673.628
LLLGYLLTYLLGTLLGFLILI	LLLGYLLYYLLGTLLGFLILI	509253	509250	0.238039	0.654392	660.222
LLLGYLLYYLLGTLLGFLILI	LLLGYLLYFLLGTLLGFLILI	509250	509249	0.820686	0.170308	646.557
LLLGYLLYFLLGTLLGFLILI	LLLGYLLYFLLGTLLGYLILI	509249	509248	0.170308	0.820686	632.651
LLLGYLLYFLLGTLLGYLILI	LLLYYLLYFLLGTLLGYLILI	509248	509248	0.212717	0.709116	604.196
LLLYYLLYFLLGTLLGYLILI	LLLYYLLYTLLGTLLGYLILI	509247	509249	0.171816	0.816184	575.025
LLLYYLLYTLLGTLLGYLILI	LLLYYLLYFLLGTLLGYLILI	509249	509247	0.816184	0.171816	560.23
LLLYYLLYFLLGTLLGYLILI	LLLGYLLYFLLGTLLGYLILI	509248	509248	0.709116	0.212717	530.348
LLLGYLLYFLLGTLLGYLILI	LLLGYLLYTLLGTLLGYLILI	509248	509250	0.171816	0.816184	515.312
LLLGYLLYTLLGTLLGYLILI	LLLGYLLWTLLGTLLGYLILI	509249	509248	0.591129	0.272043	500.25
LLLGYLLWTLLGTLLGYLILI	LLLGYLLWTLLGTLLGFLILI	509249	509249	0.952787	0.132101	485.188
LLLGYLLWTLLGTLLGFLILI	LLLYYLLWTLLGTLLGFLILI	509249	509249	0.368877	0.454934	470.152
LLLYYLLWTLLGTLLGFLILI	LLLTYLLWTLLGTLLGFLILI	509249	509249	0.379341	0.443059	455.171
LLLTYLLWTLLGTLLGFLILI	LLLTYLLWTLLGTLLGYLILI	509248	509248	0.132101	0.952787	440.27
LLLTYLLWTLLGTLLGYLILI	LLLTYLLWVLLGTLLGYLILI	509248	509250	1.12845	0.0952708	410.812
LLLTYLLWVLLGTLLGYLILI	LLLGYLLWVLLGTLLGYLILI	509250	509250	0.366931	0.457192	396.304
LLLGYLLWVLLGTLLGYLILI	LLLTYLLWVLLGTLLGYLILI	509250	509250	0.457192	0.366931	381.976
LLLTYLLWVLLGTLLGYLILI	LLLTYLLWVLLGTLLGWLILI	509250	509251	0.267575	0.598868	340.278
LLLTYLLWVLLGTLLGWLILI	LLLTYLLWTLLGTLLGWLILI	509250	509250	0.0952708	1.12845	313.74
LLLTYLLWTLLGTLLGWLILI	LLLTYLLWVLLGTLLGWLILI	509250	509250	1.12845	0.0952708	300.898
LLLTYLLWVLLGTLLGWLILI	LLLTYLLWTLLGTLLGWLILI	509250	509249	0.0952708	1.12845	288.358
LLLTYLLWTLLGTLLGWLILI	LLLTYLLWTLLGTLLGYLILI	509249	509248	0.598868	0.267575	252.655
LLLTYLLWTLLGTLLGYLILI	LLLTYLLWTLLGTLLGFLILI	509248	509248	0.952787	0.132101	241.419
LLLTYLLWTLLGTLLGFLILI	LLLTYLLWTLLGTLLGYLILI	509248	509249	0.132101	0.952787	219.977
LLLTYLLWTLLGTLLGYLILI	LLLYYLLWTLLGTLLGYLILI	509248	509248	0.328724	0.505042	209.776
LLLYYLLWTLLGTLLGYLILI	LLLYYLLFTLLGTLLGYLILI	509249	509249	0.890414	0.148778	199.923
LLLYYLLFTLLGTLLGYLILI	LLLGYLLFTLLGTLLGYLILI	509250	509250	0.595564	0.269472	181.257
LLLGYLLFTLLGTLLGYLILI	LLLGYLLWTLLGTLLGYLILI	509250	509249	0.148778	0.890414	172.439
LLLGYLLWTLLGTLLGYLILI	LLLTYLLWTLLGTLLGYLILI	509248	509248	0.34018	0.489954	163.959
LLLTYLLWTLLGTLLGYLILI	LLLYYLLWTLLGTLLGYLILI	509248	509248	0.328724	0.505042	155.814
LLLYYLLWTLLGTLLGYLILI	LLLYYLLWTLLGTLLGFLILI	509249	509249	1.15198	0.0912572	147.996
LLLYYLLWTLLGTLLGFLILI	LLLTYLLWTLLGTLLGFLILI	509249	509249	0.379341	0.443059	140.501
LLLTYLLWTLLGTLLGFLILI	LLLGYLLWTLLGTLLGFLILI	509249	509249	0.489954	0.34018	126.449
LLLGYLLWTLLGTLLGFLILI	LLLYYLLWTLLGTLLGFLILI	509249	509250	0.368877	0.454934	107.601
LLLYYLLWTLLGTLLGFLILI	LLLYYLLWTLLGTLLGYLILI	509249	509249	0.0912572	1.15198	101.879
LLLYYLLWTLLGTLLGYLILI	LLLYYLLWTLLGTLLGFLILI	509249	509249	1.15198	0.0912572	96.4228
LLLYYLLWTLLGTLLGFLILI	LLLYYLLWTLLGTLLGYLILI	509249	509249	0.0912572	1.15198	91.2238
LLLYYLLWTLLGTLLGYLILI	LLLGYLLWTLLGTLLGYLILI	509248	509248	0.595564	0.269472	86.2728
LLLGYLLWTLLGTLLGYLILI	LLLTYLLWTLLGTLLGYLILI	509248	509248	0.34018	0.489954	77.0783
LLLTYLLWTLLGTLLGYLILI	LLLYYLLWTLLGTLLGYLILI	509248	509248	0.328724	0.505042	64.9219
LLLYYLLWTLLGTLLGYLILI	LLLYYLLWTLLGTLLGFLILI	509249	509249	1.15198	0.0912572	61.271
LLLYYLLWTLLGTLLGFLILI	LLLTYLLWTLLGTLLGFLILI	509249	509249	0.379341	0.443059	57.8066
LLLTYLLWTLLGTLLGFLILI	LLLTYLLWTLLGTLLGYLILI	509248	509248	0.132101	0.952787	54.5206
Time: 463s
