***STARTING GEOMETRY:***
xShift: 6.72
crossingAngle: -37.09
axialRotation: -61.07
zShift: 4.33

Number of MCCycles: 200
PrevSequence	CurrSequence	PrevEnergy	CurrEnergy	PrevEntropy	CurrEntropy	CurrentTemp
LLLYTLLGALLGSLLSYLILI	LLLYTLLGALLGSLLSTLILI	3114.08	2706.3	0.505042	0.328724	999.847
LLLYTLLGALLGSLLSTLILI	LLLYTLLGALLGSLLSYLILI	2706.3	2705.6	0.328724	0.505042	999.684
LLLYTLLGALLGSLLSYLILI	LLLYTLLGALLGALLSYLILI	2705.74	2705.58	0.642213	0.244161	999.512
LLLYTLLGALLGALLSYLILI	LLLYTLLGALLGSLLSYLILI	2705.58	2705.17	0.244161	0.642213	999.134
LLLYTLLGALLGSLLSYLILI	LLLYTLLGALLGSLLSFLILI	2705.48	2705.4	0.952787	0.132101	998.928
LLLYTLLGALLGSLLSFLILI	LLLTTLLGALLGSLLSFLILI	2705.57	2705.97	0.30482	0.538845	998.708
LLLTTLLGALLGSLLSFLILI	LLLTTLLGALLGALLSFLILI	2706.08	2706.82	0.642213	0.244161	998.476
LLLTTLLGALLGALLSFLILI	LLLTTLLGALLGSLLSFLILI	2706.82	2705.73	0.244161	0.642213	998.229
LLLTTLLGALLGSLLSFLILI	LLLTTLLGALLGALLSFLILI	2705.73	2706.47	0.642213	0.244161	997.689
LLLTTLLGALLGALLSFLILI	LLLYTLLGALLGALLSFLILI	2706.77	2706.81	0.538845	0.30482	997.394
LLLYTLLGALLGALLSFLILI	LLLYTLLGALLGSLLSFLILI	2706.75	2706.43	0.244161	0.642213	997.081
LLLYTLLGALLGSLLSFLILI	LLLYTLLGALLGSLLSYLILI	2705.92	2706.06	0.132101	0.952787	996.749
LLLYTLLGALLGSLLSYLILI	LLLYTLLGALLGSLLSFLILI	2706.06	2705.97	0.952787	0.132101	996.397
LLLYTLLGALLGSLLSFLILI	LLLYTLLGALLGSLLSYLILI	2705.97	2706.55	0.132101	0.952787	996.023
LLLYTLLGALLGSLLSYLILI	LLLYTLLGALLGALLSYLILI	2706.24	2706.15	0.642213	0.244161	995.626
LLLYTLLGALLGALLSYLILI	LLLTTLLGALLGALLSYLILI	2706.41	2705.83	0.505042	0.328724	995.205
LLLTTLLGALLGALLSYLILI	LLLTTLLGALLGALLSFLILI	2706.15	2706.82	0.650378	0.240035	994.285
LLLTTLLGALLGALLSFLILI	LLLGTLLGALLGALLSFLILI	2706.94	2708.65	0.366931	0.457192	993.782
LLLGTLLGALLGALLSFLILI	LLLGTLLGALLGSLLSFLILI	2708.43	2707.76	0.244161	0.642213	993.249
LLLGTLLGALLGSLLSFLILI	LLLGTLLGALLGSLLSTLILI	2707.29	2708.93	0.171816	0.816184	992.683
LLLGTLLGALLGSLLSTLILI	LLLGTLLGALLGSLLSYLILI	2708.65	2706.97	0.538845	0.30482	992.084
LLLGTLLGALLGSLLSYLILI	LLLYTLLGALLGSLLSYLILI	2707.03	2706	0.368877	0.454934	991.448
LLLYTLLGALLGSLLSYLILI	LLLYTLLGALLGSLLSFLILI	2706.5	2705.57	0.952787	0.132101	990.773
LLLYTLLGALLGSLLSFLILI	LLLYTLLGALLGTLLSFLILI	2705.82	2706.69	0.381257	0.440933	990.058
LLLYTLLGALLGTLLSFLILI	LLLYTLLGALLGTLLSTLILI	2706.36	2706.04	0.119894	1.0043	989.3
LLLYTLLGALLGTLLSTLILI	LLLYTLLGALLGTLLSWLILI	2705.52	2705.73	0.48602	0.343253	988.496
LLLYTLLGALLGTLLSWLILI	LLLYTLLGALLGTLLSTLILI	2705.73	2705.14	0.343253	0.48602	987.644
LLLYTLLGALLGTLLSTLILI	LLLTTLLGALLGTLLSTLILI	2704.83	2705.12	0.171816	0.816184	986.74
LLLTTLLGALLGTLLSTLILI	LLLTTLLGALLGFLLSTLILI	2705.45	2700.99	1.14683	0.0921195	985.783
LLLTTLLGALLGFLLSTLILI	LLLYTLLGALLGFLLSTLILI	2701.59	2701.85	0.693609	0.219549	983.694
LLLYTLLGALLGFLLSTLILI	LLLYTLLGSLLGFLLSTLILI	2701.77	2706.57	0.13458	0.942975	982.555
LLLYTLLGSLLGFLLSTLILI	LLLYTLLGSLLGTLLSTLILI	2705.75	2709.69	0.119894	1.0043	980.071
LLLYTLLGSLLGTLLSTLILI	LLLYTLLGALLGTLLSTLILI	2709.63	2705.22	0.942975	0.13458	978.717
LLLYTLLGALLGTLLSTLILI	LLLYTLLGALLGTLLSYLILI	2705.53	2705.47	0.443059	0.379341	977.285
LLLYTLLGALLGTLLSYLILI	LLLGTLLGALLGTLLSYLILI	2705.54	2707.07	0.454934	0.368877	975.768
LLLGTLLGALLGTLLSYLILI	LLLTTLLGALLGTLLSYLILI	2707.04	2705.22	0.34018	0.489954	974.162
LLLTTLLGALLGTLLSYLILI	LLLTTLLGALLGSLLSYLILI	2705.31	2705.05	0.578967	0.279255	970.666
LLLTTLLGALLGSLLSYLILI	LLLTTLLGALLGSLLSTLILI	2704.99	2707.29	0.219549	0.693609	968.764
LLLTTLLGALLGSLLSTLILI	LLLTTLLGALLGSLLSYLILI	2707.29	2704.92	0.693609	0.219549	966.754
LLLTTLLGALLGSLLSYLILI	LLLTTLLGALLGTLLSYLILI	2704.98	2705.39	0.279255	0.578967	964.627
LLLTTLLGALLGTLLSYLILI	LLLYTLLGALLGTLLSYLILI	2705.25	2705.52	0.443059	0.379341	962.38
LLLYTLLGALLGTLLSYLILI	LLLYTLLGALLGTLLSTLILI	2705.52	2705.15	0.379341	0.443059	960.005
LLLYTLLGALLGTLLSTLILI	LLLYTLLGALLGTLLSWLILI	2705.19	2705.73	0.48602	0.343253	957.496
LLLYTLLGALLGTLLSWLILI	LLLYVLLGALLGTLLSWLILI	2706.32	2710.74	0.930859	0.137712	954.846
LLLYVLLGALLGTLLSWLILI	LLLYVLLGALLGTLLSTLILI	2711.06	2710.72	0.460972	0.363705	952.048
LLLYVLLGALLGTLLSTLILI	LLLYVLLGALLGFLLSTLILI	2711.17	2707.13	0.816184	0.171816	949.095
LLLYVLLGALLGFLLSTLILI	LLLYTLLGALLGFLLSTLILI	2707.09	2702.23	0.137712	0.930859	945.979
LLLYTLLGALLGFLLSTLILI	LLLTTLLGALLGFLLSTLILI	2701.52	2701.59	0.219549	0.693609	935.578
LLLTTLLGALLGFLLSTLILI	LLLYTLLGALLGFLLSTLILI	2701.59	2701.9	0.693609	0.219549	927.683
LLLYTLLGALLGFLLSTLILI	LLLTTLLGALLGFLLSTLILI	2701.9	2701.66	0.219549	0.693609	923.422
LLLTTLLGALLGFLLSTLILI	LLLYTLLGALLGFLLSTLILI	2701.66	2701.47	0.693609	0.219549	909.276
LLLYTLLGALLGFLLSTLILI	LLLGTLLGALLGFLLSTLILI	2701.52	2703.46	0.270132	0.594419	898.621
LLLGTLLGALLGFLLSTLILI	LLLTTLLGALLGFLLSTLILI	2703.2	2701.84	0.34018	0.489954	892.899
LLLTTLLGALLGFLLSTLILI	LLLWTLLGALLGFLLSTLILI	2701.83	2705.1	0.48602	0.343253	886.903
LLLWTLLGALLGFLLSTLILI	LLLWVLLGALLGFLLSTLILI	2705.68	2710.01	0.930859	0.137712	880.623
LLLWVLLGALLGFLLSTLILI	LLLWALLGALLGFLLSTLILI	2710.14	2712.02	0.266078	0.601496	874.051
LLLWALLGALLGFLLSTLILI	LLLTALLGALLGFLLSTLILI	2711.88	2709.62	0.460972	0.363705	867.179
LLLTALLGALLGFLLSTLILI	LLLTALLAALLGFLLSTLILI	2709.7	2707.86	0.445276	0.377357	859.999
LLLTALLAALLGFLLSTLILI	LLLYALLAALLGFLLSTLILI	2708.02	2708.23	0.538845	0.30482	852.504
LLLYALLAALLGFLLSTLILI	LLLYGLLAALLGFLLSTLILI	2708.3	2708.28	0.377357	0.445276	844.686
LLLYGLLAALLGFLLSTLILI	LLLYALLAALLGFLLSTLILI	2708.28	2708.68	0.445276	0.377357	836.541
LLLYALLAALLGFLLSTLILI	LLLTALLAALLGFLLSTLILI	2708.61	2708.34	0.30482	0.538845	828.061
LLLTALLAALLGFLLSTLILI	LLLTALLFALLGFLLSTLILI	2708.22	2709.46	0.418565	0.402233	810.083
LLLTALLFALLGFLLSTLILI	LLLTALLFALLGFLLGTLILI	2709.33	2716.59	0.271616	0.591862	800.577
LLLTALLFALLGFLLGTLILI	LLLTALLFALLGFLLATLILI	2716.45	2716.98	0.445276	0.377357	790.724
LLLTALLFALLGFLLATLILI	LLLTALLAALLGFLLATLILI	2716.93	2715.9	0.324348	0.510988	780.523
LLLTALLAALLGFLLATLILI	LLLYALLAALLGFLLATLILI	2715.93	2715.85	0.538845	0.30482	769.974
LLLYALLAALLGFLLATLILI	LLLYALLGALLGFLLATLILI	2716.01	2717.34	0.463748	0.36136	759.081
LLLYALLGALLGFLLATLILI	LLLYALLGGLLGFLLATLILI	2717.26	2721.17	0.276169	0.584123	747.845
LLLYALLGGLLGFLLATLILI	LLLYALLAGLLGFLLATLILI	2721.17	2719.17	0.584123	0.276169	736.272
LLLYALLAGLLGFLLATLILI	LLLYALLGGLLGFLLATLILI	2719.17	2720.82	0.276169	0.584123	724.369
LLLYALLGGLLGFLLATLILI	LLLYALLAGLLGFLLATLILI	2720.82	2719.17	0.584123	0.276169	712.142
LLLYALLAGLLGFLLATLILI	LLLTALLAGLLGFLLATLILI	2719.2	2718.58	0.30482	0.538845	699.602
LLLTALLAGLLGFLLATLILI	LLLTALLFGLLGFLLATLILI	2718.46	2719.66	0.418565	0.402233	686.76
LLLTALLFGLLGFLLATLILI	LLLTALLAGLLGFLLATLILI	2719.66	2718.52	0.402233	0.418565	673.628
LLLTALLAGLLGFLLATLILI	LLLTGLLAGLLGFLLATLILI	2718.38	2718.91	0.276169	0.584123	660.222
LLLTGLLAGLLGFLLATLILI	LLLGGLLAGLLGFLLATLILI	2718.62	2719.52	0.29428	0.55485	646.557
LLLGGLLAGLLGFLLATLILI	LLLGGLLAGLLGFLLGTLILI	2719.09	2719	0.126277	0.976675	632.651
LLLGGLLAGLLGFLLGTLILI	LLLGGLLAGLLGFLLATLILI	2719	2719.22	0.976675	0.126277	618.524
LLLGGLLAGLLGFLLATLILI	LLLGGLLYGLLGFLLATLILI	2719.4	2714.63	0.308996	0.532699	604.196
LLLGGLLYGLLGFLLATLILI	LLLGGLLYGLLGFLLGTLILI	2714.16	2714.76	0.0664989	1.32724	589.688
LLLGGLLYGLLGFLLGTLILI	LLLGGLLYGLLGFLLATLILI	2714.76	2714.45	1.32724	0.0664989	575.025
LLLGGLLYGLLGFLLATLILI	LLLGGLLFGLLGFLLATLILI	2714.8	2714.47	0.410343	0.410343	560.23
LLLGGLLFGLLGFLLATLILI	LLLGGLLFALLGFLLATLILI	2714.93	2711.11	0.872342	0.154044	545.329
LLLGGLLFALLGFLLATLILI	LLLGGLLYALLGFLLATLILI	2711.37	2712.39	0.410343	0.410343	530.348
LLLGGLLYALLGFLLATLILI	LLLGGLLYALLGFLLGTLILI	2712.13	2711.79	0.154044	0.872342	515.312
LLLGGLLYALLGFLLGTLILI	LLLGGLLFALLGFLLGTLILI	2711.33	2710.88	0.410343	0.410343	500.25
LLLGGLLFALLGFLLGTLILI	LLLGGLLFALLGFLLATLILI	2711.34	2711.11	0.872342	0.154044	485.188
LLLGGLLFALLGFLLATLILI	LLLTGLLFALLGFLLATLILI	2711.42	2710.54	0.457192	0.366931	440.27
LLLTGLLFALLGFLLATLILI	LLLTGLLYALLGFLLATLILI	2710.59	2710.92	0.410343	0.410343	396.304
LLLTGLLYALLGFLLATLILI	LLLGGLLYALLGFLLATLILI	2710.87	2712.67	0.366931	0.457192	381.976
LLLGGLLYALLGFLLATLILI	LLLGGLLFALLGFLLATLILI	2712.62	2711.37	0.410343	0.410343	367.849
LLLGGLLFALLGFLLATLILI	LLLTGLLFALLGFLLATLILI	2711.42	2710.54	0.457192	0.366931	353.943
LLLTGLLFALLGFLLATLILI	LLLYGLLFALLGFLLATLILI	2710.72	2711.35	0.538845	0.30482	326.872
LLLYGLLFALLGFLLATLILI	LLLYGLLWALLGFLLATLILI	2711.31	2711.98	0.267575	0.598868	313.74
LLLYGLLWALLGFLLATLILI	LLLTGLLWALLGFLLATLILI	2711.68	2712.48	0.30482	0.538845	300.898
LLLTGLLWALLGFLLATLILI	LLLTGLLWALLGFLLGTLILI	2712.13	2711.8	0.197612	0.745602	288.358
LLLTGLLWALLGFLLGTLILI	LLLYGLLWALLGFLLGTLILI	2711.59	2710.02	0.538845	0.30482	276.131
LLLYGLLWALLGFLLGTLILI	LLLYGLLWALLGFLLATLILI	2710.46	2711.2	0.745602	0.197612	230.526
LLLYGLLWALLGFLLATLILI	LLLYGLLWALLGFLLGTLILI	2711.2	2710.8	0.197612	0.745602	219.977
LLLYGLLWALLGFLLGTLILI	LLLYGLLFALLGFLLGTLILI	2710.66	2710.36	0.598868	0.267575	199.923
LLLYGLLFALLGFLLGTLILI	LLLTGLLFALLGFLLGTLILI	2710.4	2709.76	0.30482	0.538845	190.417
LLLTGLLFALLGFLLGTLILI	LLLTGLLFALLGFLLATLILI	2709.97	2709.98	0.745602	0.197612	181.257
LLLTGLLFALLGFLLATLILI	LLLTGLLFALLGFLLGTLILI	2709.98	2709.58	0.197612	0.745602	163.959
LLLTGLLFALLGFLLGTLILI	LLLTGLLFALLGWLLGTLILI	2709.1	2709.65	0.267575	0.598868	140.501
LLLTGLLFALLGWLLGTLILI	LLLTGLLFALLGFLLGTLILI	2709.65	2709.45	0.598868	0.267575	133.321
LLLTGLLFALLGFLLGTLILI	LLLTGLLFALLGFLLATLILI	2709.92	2709.98	0.745602	0.197612	126.449
LLLTGLLFALLGFLLATLILI	LLLTGLLFALLGFLLGTLILI	2709.98	2709.97	0.197612	0.745602	113.597
LLLTGLLFALLGFLLGTLILI	LLLTGLLFALLGWLLGTLILI	2709.49	2709.35	0.267575	0.598868	96.4228
LLLTGLLFALLGWLLGTLILI	LLLTGLLFALLGFLLGTLILI	2709.35	2709.1	0.598868	0.267575	91.2238
LLLTGLLFALLGFLLGTLILI	LLLTGLLFALLGWLLGTLILI	2709.1	2709.3	0.267575	0.598868	77.0783
LLLTGLLFALLGWLLGTLILI	LLLTGLLFALLGFLLGTLILI	2709.3	2709.45	0.598868	0.267575	68.7677
LLLTGLLFALLGFLLGTLILI	LLLTGLLFALLGWLLGTLILI	2709.45	2709.3	0.267575	0.598868	45.6541
LLLTGLLFALLGWLLGTLILI	LLLTGLLFALLGFLLGTLILI	2709.3	2709.1	0.598868	0.267575	38.12
Time: 131s
