09_25_2022

Backbone:           LLLLLLLLLLLLLLLLLLILI
Variable Positions: 000110011001100110000
Rotamers Levels:    133002200220021003311
Identify Interface finished. Time: Sun Sep 25 07:35:52 2022
Elapsed time of program: 0.0511min

Self Consistent Mean Field started. Time: Sun Sep 25 07:36:00 2022
Elapsed time of program: 0.196min

Running Self Consistent Mean Field
Initial Sequence:   LLLYTLLGALLGSLLSYLILI
Best Sequence:      LLLYTLLGALLGSLLSYLILI
Interface Sequence: L--YT--GA--GS-LSY--LI
Interface:          000110011001100110000
Total Energy:       3.11e+03
VDW:                3.05e+03
HBOND:              -84.9

End SelfPairManager Optimization: 2.7e+03s
Self Consistent Mean Field finished. Time: Sun Sep 25 08:21:23 2022
Elapsed time of program: 45.6min

Sequence search replicate 0 started. Time: Sun Sep 25 08:21:24 2022
Elapsed time of program: 45.6min

Self and Pair of all amino acids calculation 0 started. Time: Sun Sep 25 08:21:35 2022
Elapsed time of program: 45.8min

Self and Pair of all amino acids calculation 0 finished. Time: Sun Sep 25 09:05:25 2022
Elapsed time of program: 89.6min

End monte carlo sequence search #0: 2.18min
Monte Carlo ended at Temp: 0.653

Sequence search replicate 0 finished. Time: Sun Sep 25 09:07:56 2022
Elapsed time of program: 92.1min

LLLTGLLFALLGFLLGTLILI Dimer - Monomer = 2.38e+03 - -323 = 2.7e+03
Backbone repack replicate 0 started. Time: Sun Sep 25 09:09:20 2022
Elapsed time of program: 93.5min

Time to calculate energies for backbone repack: 0
***STARTING GEOMETRY***
xShift:        6.72
crossingAngle: -37.1
axialRotation: -61.1
zShift:        4.33

***AFTER REPACK GEOMETRY***
xShift:        6.77
crossingAngle: -36.9
axialRotation: -60
zShift:        4.44

Monte Carlo repack complete. Time: 1.85e+03 s/30.9min

Final energy is 2.5e+03 after repack, indicating clashes. Choose a different geometry
