***STARTING GEOMETRY:***
xShift: 8.26938
crossingAngle: -34.7649
axialRotation: 17.4903
zShift: 2.97244

Number of MCCycles: 100
PrevSequence	CurrSequence	PrevEnergy	CurrEnergy	PrevEntropy	CurrEntropy	CurrentTemp
LLLILLTSLLGTLLTTLLILI	LLLILLTSLLGTLLTYLLILI	-3.82159	-4.53403	0.816184	0.171816	999.684
LLLILLTSLLGTLLTYLLILI	LLLSLLTSLLGTLLTYLLILI	-4.42638	-6.36659	0.279464	0.57862	999.328
LLLSLLTSLLGTLLTYLLILI	LLLVLLTSLLGTLLTYLLILI	-6.06114	-6.12875	0.884073	0.150602	998.928
LLLVLLTSLLGTLLTYLLILI	LLLVLLTSLLGFLLTYLLILI	-5.27505	-3.84963	1.0043	0.119894	998.476
LLLVLLTSLLGFLLTYLLILI	LLLVLLASLLGFLLTYLLILI	-2.97853	-2.07116	0.990994	0.122923	997.967
LLLVLLASLLGFLLTYLLILI	LLLVLLASLLGTLLTYLLILI	-2.02226	-3.69937	0.171816	0.816184	997.394
LLLVLLASLLGTLLTYLLILI	LLLVLLTSLLGTLLTYLLILI	-4.43084	-5.08653	0.0847157	1.19282	996.749
LLLVLLTSLLGTLLTYLLILI	LLLVLLASLLGTLLTYLLILI	-5.08653	-4.43084	1.19282	0.0847157	996.023
LLLVLLASLLGTLLTYLLILI	LLLVLLATLLGTLLTYLLILI	-4.35961	-11.0967	0.155943	0.865998	995.205
LLLVLLATLLGTLLTYLLILI	LLLVLLAYLLGTLLTYLLILI	-11.5197	-11.4093	0.443059	0.379341	994.285
LLLVLLAYLLGTLLTYLLILI	LLLVLLAYLLGTLLTTLLILI	-11.4093	-14.5886	0.379341	0.443059	993.249
LLLVLLAYLLGTLLTTLLILI	LLLVLLAYLLGYLLTTLLILI	-14.5886	-13.2565	0.443059	0.379341	992.084
LLLVLLAYLLGYLLTTLLILI	LLLVLLATLLGYLLTTLLILI	-13.2565	-14.2711	0.379341	0.443059	990.773
LLLVLLATLLGYLLTTLLILI	LLLVLLAFLLGYLLTTLLILI	-13.7098	-13.979	1.0043	0.119894	989.3
LLLVLLAFLLGYLLTTLLILI	LLLVLLAFLLGYLLTVLLILI	-13.4668	-10.0811	0.632162	0.249358	987.644
LLLVLLAFLLGYLLTVLLILI	LLLVLLAFLLGTLLTVLLILI	-10.0256	-9.60009	0.30482	0.538845	985.783
LLLVLLAFLLGTLLTVLLILI	LLLVLLAFLLGYLLTVLLILI	-9.60009	-10.0256	0.538845	0.30482	983.694
LLLVLLAFLLGYLLTVLLILI	LLLVLLAFLLGYLLTTLLILI	-10.0811	-13.4668	0.249358	0.632162	981.348
LLLVLLAFLLGYLLTTLLILI	LLLVLLATLLGYLLTTLLILI	-13.979	-13.7098	0.119894	1.0043	978.717
LLLVLLATLLGYLLTTLLILI	LLLVLLAFLLGYLLTTLLILI	-13.7098	-13.979	1.0043	0.119894	975.768
LLLVLLAFLLGYLLTTLLILI	LLLVLLATLLGYLLTTLLILI	-13.979	-13.7098	0.119894	1.0043	972.463
LLLVLLATLLGYLLTTLLILI	LLLVLLAFLLGYLLTTLLILI	-13.7098	-13.979	1.0043	0.119894	968.764
LLLVLLAFLLGYLLTTLLILI	LLLVLLAFLLGYLLGTLLILI	-13.609	-9.22761	0.489954	0.34018	964.627
LLLVLLAFLLGYLLGTLLILI	LLLVLLSFLLGYLLGTLLILI	-9.32363	-7.79957	0.244161	0.642213	960.005
LLLVLLSFLLGYLLGTLLILI	LLLTLLSFLLGYLLGTLLILI	-8.30407	-7.22799	0.137712	0.930859	954.846
LLLTLLSFLLGYLLGTLLILI	LLLVLLSFLLGYLLGTLLILI	-7.22799	-8.30407	0.930859	0.137712	949.095
LLLVLLSFLLGYLLGTLLILI	LLLTLLSFLLGYLLGTLLILI	-8.30407	-7.22799	0.137712	0.930859	942.693
LLLTLLSFLLGYLLGTLLILI	LLLVLLSFLLGYLLGTLLILI	-7.22799	-8.30407	0.930859	0.137712	935.578
LLLVLLSFLLGYLLGTLLILI	LLLVLLSFLLGTLLGTLLILI	-8.13696	-8.12278	0.30482	0.538845	927.683
LLLVLLSFLLGTLLGTLLILI	LLLVLLSFLLGYLLGTLLILI	-8.12278	-8.13696	0.538845	0.30482	918.939
LLLVLLSFLLGYLLGTLLILI	LLLVLLAFLLGYLLGTLLILI	-7.79957	-9.32363	0.642213	0.244161	909.276
LLLVLLAFLLGYLLGTLLILI	LLLVLLSFLLGYLLGTLLILI	-9.32363	-7.79957	0.244161	0.642213	898.621
LLLVLLSFLLGYLLGTLLILI	LLLVLLSFLLGTLLGTLLILI	-8.13696	-8.12278	0.30482	0.538845	886.903
LLLVLLSFLLGTLLGTLLILI	LLLVLLSFLLGYLLGTLLILI	-8.12278	-8.13696	0.538845	0.30482	874.051
LLLVLLSFLLGYLLGTLLILI	LLLVLLAFLLGYLLGTLLILI	-7.79957	-9.32363	0.642213	0.244161	859.999
LLLVLLAFLLGYLLGTLLILI	LLLVLLSFLLGYLLGTLLILI	-9.32363	-7.79957	0.244161	0.642213	844.686
LLLVLLSFLLGYLLGTLLILI	LLLVLLSFLLGTLLGTLLILI	-8.13696	-8.12278	0.30482	0.538845	810.083
LLLVLLSFLLGTLLGTLLILI	LLLWLLSFLLGTLLGTLLILI	-8.54283	-11.9364	0.118797	1.00921	790.724
LLLWLLSFLLGTLLGTLLILI	LLLWLLGFLLGTLLGTLLILI	-12.7515	-12.7924	0.19415	0.754431	769.974
LLLWLLGFLLGTLLGTLLILI	LLLWLLGFLLGYLLGTLLILI	-13.0079	-13.3546	0.538845	0.30482	747.845
LLLWLLGFLLGYLLGTLLILI	LLLWLLGFLLGTLLGTLLILI	-13.3546	-13.7486	0.30482	0.538845	724.369
LLLWLLGFLLGTLLGTLLILI	LLLYLLGFLLGTLLGTLLILI	-13.6886	-12.9065	0.598868	0.267575	699.602
LLLYLLGFLLGTLLGTLLILI	LLLYLLGTLLGTLLGTLLILI	-13.0542	-17.4751	0.119894	1.0043	673.628
LLLYLLGTLLGTLLGTLLILI	LLLWLLGTLLGTLLGTLLILI	-18.2119	-16.7687	0.267575	0.598868	500.25
LLLWLLGTLLGTLLGTLLILI	LLLWLLATLLGTLLGTLLILI	-16.3022	-16.381	1.06535	0.107014	470.152
LLLWLLATLLGTLLGTLLILI	LLLYLLATLLGTLLGTLLILI	-15.8891	-15.6417	0.598868	0.267575	440.27
LLLYLLATLLGTLLGTLLILI	LLLWLLATLLGTLLGTLLILI	-15.6417	-15.8891	0.267575	0.598868	410.812
LLLWLLATLLGTLLGTLLILI	LLLWLLATLLGYLLGTLLILI	-15.7944	-15.7183	0.693609	0.219549	381.976
LLLWLLATLLGYLLGTLLILI	LLLWLLATLLGTLLGTLLILI	-15.7183	-15.7944	0.219549	0.693609	353.943
LLLWLLATLLGTLLGTLLILI	LLLWLLGTLLGTLLGTLLILI	-16.381	-16.3022	0.107014	1.06535	326.872
LLLWLLGTLLGTLLGTLLILI	LLLWLLATLLGTLLGTLLILI	-16.3022	-16.381	1.06535	0.107014	300.898
LLLWLLATLLGTLLGTLLILI	LLLWLLATLLGYLLGTLLILI	-15.7944	-15.7183	0.693609	0.219549	276.131
LLLWLLATLLGYLLGTLLILI	LLLWLLGTLLGYLLGTLLILI	-15.8308	-15.7473	0.107014	1.06535	252.655
LLLWLLGTLLGYLLGTLLILI	LLLWLLATLLGYLLGTLLILI	-15.7473	-15.8308	1.06535	0.107014	230.526
LLLWLLATLLGYLLGTLLILI	LLLWLLATLLGTLLGTLLILI	-15.7183	-15.7944	0.219549	0.693609	209.776
LLLWLLATLLGTLLGTLLILI	LLLWLLGTLLGTLLGTLLILI	-16.381	-16.3022	0.107014	1.06535	190.417
LLLWLLGTLLGTLLGTLLILI	LLLYLLGTLLGTLLGTLLILI	-16.7687	-17.1331	0.598868	0.267575	172.439
LLLYLLGTLLGTLLGTLLILI	LLLWLLGTLLGTLLGTLLILI	-17.1331	-16.7687	0.267575	0.598868	140.501
LLLWLLGTLLGTLLGTLLILI	LLLWLLGTLLGYLLGTLLILI	-16.674	-16.5931	0.693609	0.219549	126.449
LLLWLLGTLLGYLLGTLLILI	LLLYLLGTLLGYLLGTLLILI	-16.4405	-16.3213	0.372136	0.451187	113.597
LLLYLLGTLLGYLLGTLLILI	LLLYLLATLLGYLLGTLLILI	-15.7072	-15.2533	1.06535	0.107014	101.879
LLLYLLATLLGYLLGTLLILI	LLLYLLATLLGTLLGTLLILI	-14.981	-15.4662	0.379341	0.443059	91.2238
LLLYLLATLLGTLLGTLLILI	LLLYLLATLLGYLLGTLLILI	-15.4662	-14.981	0.443059	0.379341	72.8169
LLLYLLATLLGYLLGTLLILI	LLLWLLATLLGYLLGTLLILI	-14.9091	-15.5657	0.451187	0.372136	64.9219
LLLWLLATLLGYLLGTLLILI	LLLWLLATLLGTLLGTLLILI	-15.7183	-15.7944	0.219549	0.693609	57.8066
LLLWLLATLLGTLLGTLLILI	LLLWLLGTLLGTLLGTLLILI	-16.381	-16.3022	0.107014	1.06535	51.4049
LLLWLLGTLLGTLLGTLLILI	LLLWLLGTLLGYLLGTLLILI	-16.674	-16.5931	0.693609	0.219549	45.6541
LLLWLLGTLLGYLLGTLLILI	LLLWLLGTLLGTLLGTLLILI	-16.5931	-16.674	0.219549	0.693609	40.495
LLLWLLGTLLGTLLGTLLILI	LLLYLLGTLLGTLLGTLLILI	-16.7687	-17.1331	0.598868	0.267575	35.8726
LLLYLLGTLLGTLLGTLLILI	LLLYLLGTLLGFLLGTLLILI	-16.3964	-16.5151	1.0043	0.119894	14.717
LLLYLLGTLLGFLLGTLLILI	LLLYLLGTLLGTLLGTLLILI	-16.5151	-17.4394	0.119894	1.0043	12.8564
Time: 121s
