***STARTING GEOMETRY:***
xShift: 9.28963
crossingAngle: 20.3554
axialRotation: 50.9275
zShift: 3.25814

Number of MCCycles: 100
PrevSequence	CurrSequence	PrevEnergy	CurrEnergy	PrevEntropy	CurrEntropy	CurrentTemp
LLLVALLSLLTTLTSLLLILI	LLLVALLSLLTTLVSLLLILI	-3.27588	-1.51375	0.800152	0.177314	999.684
LLLVALLSLLTTLVSLLLILI	LLLWALLSLLTTLVSLLLILI	-1.47337	-4.66361	0.217693	0.697764	999.328
LLLWALLSLLTTLVSLLLILI	LLLWALLALLTTLVSLLLILI	-4.71916	-3.94956	0.642213	0.244161	998.928
LLLWALLALLTTLVSLLLILI	LLLWALLALLYTLVSLLLILI	-3.65488	-7.67027	0.538845	0.30482	998.476
LLLWALLALLYTLVSLLLILI	LLLWALLALLYTLTSLLLILI	-7.83738	-10.5918	0.137712	0.930859	997.967
LLLWALLALLYTLTSLLLILI	LLLWALLSLLYTLTSLLLILI	-11.2785	-12.4761	0.244161	0.642213	997.394
LLLWALLSLLYTLTSLLLILI	LLLWALLSLLYTLTALLLILI	-12.4761	-13.0158	0.642213	0.244161	996.749
LLLWALLSLLYTLTALLLILI	LLLYALLSLLYTLTALLLILI	-12.8878	-10.385	0.372136	0.451187	996.023
LLLYALLSLLYTLTALLLILI	LLLYALLSLLYTLVALLLILI	-9.90537	-7.15724	0.930859	0.137712	995.205
LLLYALLSLLYTLVALLLILI	LLLYALLSLLYVLVALLLILI	-6.89822	-2.59113	0.396733	0.424273	994.285
LLLYALLSLLYVLVALLLILI	LLLYALLGLLYVLVALLLILI	-2.5583	-1.84811	0.457104	0.367007	993.249
LLLYALLGLLYVLVALLLILI	LLLWALLGLLYVLVALLLILI	-1.76393	-3.55134	0.451187	0.372136	992.084
LLLWALLGLLYVLVALLLILI	LLLWALLSLLYVLVALLLILI	-3.55647	-4.97062	0.367007	0.457104	990.773
LLLWALLSLLYVLVALLLILI	LLLWALLSLLYTLVALLLILI	-5.00345	-9.32201	0.424273	0.396733	989.3
LLLWALLSLLYTLVALLLILI	LLLWALLSLLYTLTALLLILI	-9.58104	-12.3291	0.137712	0.930859	987.644
LLLWALLSLLYTLTALLLILI	LLLWVLLSLLYTLTALLLILI	-12.6585	-15.6109	0.601496	0.266078	985.783
LLLWVLLSLLYTLTALLLILI	LLLWVLLSLLYTLTSLLLILI	-15.7424	-14.7924	0.13458	0.942975	981.348
LLLWVLLSLLYTLTSLLLILI	LLLWVLLGLLYTLTSLLLILI	-15.0234	-13.8888	0.71194	0.2115	978.717
LLLWVLLGLLYTLTSLLLILI	LLLWTLLGLLYTLTSLLLILI	-14.005	-10.7517	0.0952708	1.12845	975.768
LLLWTLLGLLYTLTSLLLILI	LLLWVLLGLLYTLTSLLLILI	-10.7517	-14.0785	1.12845	0.0952708	972.463
LLLWVLLGLLYTLTSLLLILI	LLLWVLLSLLYTLTSLLLILI	-13.9623	-15.0935	0.2115	0.71194	968.764
LLLWVLLSLLYTLTSLLLILI	LLLWVLLSLLYTLTALLLILI	-14.8625	-15.7424	0.942975	0.13458	964.627
LLLWVLLSLLYTLTALLLILI	LLLWVLLSLLYTLVALLLILI	-15.2448	-12.0864	0.632162	0.249358	960.005
LLLWVLLSLLYTLVALLLILI	LLLWVLLSLLYVLVALLLILI	-12.0442	-7.48372	0.291546	0.559121	954.846
LLLWVLLSLLYVLVALLLILI	LLLWVLLSLLYVLTALLLILI	-7.48372	-11.2965	0.559121	0.291546	949.095
LLLWVLLSLLYVLTALLLILI	LLLWVLLSLLYTLTALLLILI	-11.3387	-15.2448	0.249358	0.632162	942.693
LLLWVLLSLLYTLTALLLILI	LLLWVLLGLLYTLTALLLILI	-15.4199	-13.8783	0.457104	0.367007	935.578
LLLWVLLGLLYTLTALLLILI	LLLYVLLGLLYTLTALLLILI	-13.8732	-11.732	0.372136	0.451187	927.683
LLLYVLLGLLYTLTALLLILI	LLLWVLLGLLYTLTALLLILI	-11.732	-13.8732	0.451187	0.372136	918.939
LLLWVLLGLLYTLTALLLILI	LLLYVLLGLLYTLTALLLILI	-13.8732	-11.732	0.372136	0.451187	909.276
LLLYVLLGLLYTLTALLLILI	LLLYVLLSLLYTLTALLLILI	-11.8161	-12.1335	0.367007	0.457104	898.621
LLLYVLLSLLYTLTALLLILI	LLLWVLLSLLYTLTALLLILI	-12.1394	-15.5048	0.451187	0.372136	886.903
LLLWVLLSLLYTLTALLLILI	LLLWVLLGLLYTLTALLLILI	-15.4199	-13.8783	0.457104	0.367007	874.051
LLLWVLLGLLYTLTALLLILI	LLLWVLLSLLYTLTALLLILI	-13.8783	-15.4199	0.367007	0.457104	859.999
LLLWVLLSLLYTLTALLLILI	LLLYVLLSLLYTLTALLLILI	-15.5048	-12.1394	0.372136	0.451187	844.686
LLLYVLLSLLYTLTALLLILI	LLLWVLLSLLYTLTALLLILI	-12.1394	-15.5048	0.451187	0.372136	828.061
LLLWVLLSLLYTLTALLLILI	LLLWVLLSLLYTLVALLLILI	-15.2448	-12.0864	0.632162	0.249358	810.083
LLLWVLLSLLYTLVALLLILI	LLLWVLLGLLYTLVALLLILI	-11.8787	-10.3369	0.457104	0.367007	790.724
LLLWVLLGLLYTLVALLLILI	LLLWVLLGLLYTLVSLLLILI	-10.4597	-9.91068	0.244161	0.642213	769.974
LLLWVLLGLLYTLVSLLLILI	LLLWVLLGLLYVLVSLLLILI	-10.2613	-6.4179	0.291546	0.559121	747.845
LLLWVLLGLLYVLVSLLLILI	LLLWVLLGLLYVLTSLLLILI	-6.4179	-10.3104	0.559121	0.291546	724.369
LLLWVLLGLLYVLTSLLLILI	LLLWVLLGLLFVLTSLLLILI	-9.95154	-7.56825	0.650378	0.240035	699.602
LLLWVLLGLLFVLTSLLLILI	LLLWVLLGLLYVLTSLLLILI	-7.56825	-9.95154	0.240035	0.650378	673.628
LLLWVLLGLLYVLTSLLLILI	LLLWVLLGLLFVLTSLLLILI	-9.95154	-7.56825	0.650378	0.240035	646.557
LLLWVLLGLLFVLTSLLLILI	LLLWVLLSLLFVLTSLLLILI	-7.59678	-9.07788	0.2115	0.71194	618.524
LLLWVLLSLLFVLTSLLLILI	LLLWVLLSLLYVLTSLLLILI	-9.54979	-11.5861	0.240035	0.650378	589.688
LLLWVLLSLLYVLTSLLLILI	LLLWVLLSLLYTLTSLLLILI	-11.9871	-15.1733	0.249358	0.632162	560.23
LLLWVLLSLLYTLTSLLLILI	LLLWVLLSLLYTLTALLLILI	-14.8625	-15.7424	0.942975	0.13458	530.348
LLLWVLLSLLYTLTALLLILI	LLLYVLLSLLYTLTALLLILI	-15.5048	-12.1394	0.372136	0.451187	470.152
LLLYVLLSLLYTLTALLLILI	LLLWVLLSLLYTLTALLLILI	-12.1394	-15.5048	0.451187	0.372136	440.27
LLLWVLLSLLYTLTALLLILI	LLLWVLLSLLYTLTSLLLILI	-15.7424	-14.8625	0.13458	0.942975	410.812
LLLWVLLSLLYTLTSLLLILI	LLLWVLLSLLYTLTALLLILI	-14.8625	-15.7424	0.942975	0.13458	381.976
LLLWVLLSLLYTLTALLLILI	LLLWVLLGLLYTLTALLLILI	-15.4199	-13.8783	0.457104	0.367007	353.943
LLLWVLLGLLYTLTALLLILI	LLLWVLLGLLYTLTSLLLILI	-14.0011	-13.5316	0.244161	0.642213	326.872
LLLWVLLGLLYTLTSLLLILI	LLLWVLLGLLYTLTALLLILI	-13.5316	-14.0011	0.642213	0.244161	300.898
LLLWVLLGLLYTLTALLLILI	LLLWVLLSLLYTLTALLLILI	-13.8783	-15.4199	0.367007	0.457104	276.131
LLLWVLLSLLYTLTALLLILI	LLLWVLLSLLYTLTSLLLILI	-15.7424	-14.8625	0.13458	0.942975	252.655
LLLWVLLSLLYTLTSLLLILI	LLLWVLLSLLYTLTALLLILI	-14.8625	-15.7424	0.942975	0.13458	230.526
LLLWVLLSLLYTLTALLLILI	LLLWVLLSLLYTLTSLLLILI	-15.7424	-14.8625	0.13458	0.942975	155.814
LLLWVLLSLLYTLTSLLLILI	LLLWVLLSLLYTLTALLLILI	-14.8625	-15.7424	0.942975	0.13458	126.449
Time: 108s
