***STARTING GEOMETRY:***
xShift: 8.36949
crossingAngle: -38.7256
axialRotation: -3.39003
zShift: 5.76714

Number of MCCycles: 200
PrevSequence	CurrSequence	PrevEnergy	CurrEnergy	PrevEntropy	CurrEntropy	CurrentTemp
LLLYTLLTGLLTGLLTTLILI	LLLYTLLTGLLTGLLTWLILI	-4.46583	-4.96722	0.673827	0.22865	999.847
LLLYTLLTGLLTGLLTWLILI	LLLGTLLTGLLTGLLTWLILI	-4.92574	-2.98014	0.270132	0.594419	999.512
LLLGTLLTGLLTGLLTWLILI	LLLGTLLTGLLYGLLTWLILI	-2.75837	-1.87198	0.816184	0.171816	999.328
LLLGTLLTGLLYGLLTWLILI	LLLYTLLTGLLYGLLTWLILI	-1.67492	-2.45606	0.368877	0.454934	999.134
LLLYTLLTGLLYGLLTWLILI	LLLYTLLTGLLTGLLTWLILI	-2.60617	-3.33075	0.30482	0.538845	998.928
LLLYTLLTGLLTGLLTWLILI	LLLYTLLTGLLYGLLTWLILI	-3.33075	-3.29682	0.538845	0.30482	998.708
LLLYTLLTGLLYGLLTWLILI	LLLGTLLTGLLYGLLTWLILI	-3.14671	-2.65995	0.454934	0.368877	998.476
LLLGTLLTGLLYGLLTWLILI	LLLGTLLTGLLTGLLTWLILI	-2.85701	-3.26097	0.171816	0.816184	998.229
LLLGTLLTGLLTGLLTWLILI	LLLGTLLTGLLYGLLTWLILI	-3.26097	-2.85701	0.816184	0.171816	997.967
LLLGTLLTGLLYGLLTWLILI	LLLGTLLTGLLYGLLTTLILI	-2.75456	-2.8869	0.274265	0.58734	997.689
LLLGTLLTGLLYGLLTTLILI	LLLYTLLTGLLYGLLTTLILI	-3.10536	-4.2589	0.368877	0.454934	997.394
LLLYTLLTGLLYGLLTTLILI	LLLTTLLTGLLYGLLTTLILI	-4.45869	-3.35501	0.255144	0.62127	997.081
LLLTTLLTGLLYGLLTTLILI	LLLTTLLTGLLYGLLVTLILI	-2.58171	-0.337592	1.39457	0.0589809	996.749
LLLTTLLTGLLYGLLVTLILI	LLLTVLLTGLLYGLLVTLILI	0.534286	2.30793	0.930859	0.137712	996.397
LLLTVLLTGLLYGLLVTLILI	LLLTVLLTGLLTGLLVTLILI	2.34204	2.41376	0.171816	0.816184	996.023
LLLTVLLTGLLTGLLVTLILI	LLLTVLLTGLLTGLLTTLILI	1.71019	-0.88554	0.112614	1.03786	995.626
LLLTVLLTGLLTGLLTTLILI	LLLTVLLTGLLYGLLTTLILI	-1.00572	-1.26828	0.917682	0.141213	995.205
LLLTVLLTGLLYGLLTTLILI	LLLTVLLTGLLTGLLTTLILI	-1.26828	-2.08686	0.141213	0.917682	994.758
LLLTVLLTGLLTGLLTTLILI	LLLTVLLVGLLTGLLTTLILI	-1.96668	2.37663	1.03786	0.112614	994.285
LLLTVLLVGLLTGLLTTLILI	LLLTVLLTGLLTGLLTTLILI	2.37663	-1.96776	0.112614	1.03786	993.782
LLLTVLLTGLLTGLLTTLILI	LLLTVLLTGLLTGLLYTLILI	-2.08794	0.558603	0.917682	0.141213	993.249
LLLTVLLTGLLTGLLYTLILI	LLLYVLLTGLLTGLLYTLILI	0.956236	0.0489196	0.538845	0.30482	992.683
LLLYVLLTGLLTGLLYTLILI	LLLYTLLTGLLTGLLYTLILI	-0.183049	-1.32439	0.0728516	1.27634	992.084
LLLYTLLTGLLTGLLYTLILI	LLLGTLLTGLLTGLLYTLILI	-2.14579	-1.39912	0.454934	0.368877	991.448
LLLGTLLTGLLTGLLYTLILI	LLLGTLLTGLLTGLLYWLILI	-1.18065	0.322187	0.58734	0.274265	990.773
LLLGTLLTGLLTGLLYWLILI	LLLGVLLTGLLTGLLYWLILI	1.17638	1.67161	1.12845	0.0952708	990.058
LLLGVLLTGLLTGLLYWLILI	LLLGVLLTGLLTGLLYTLILI	1.91959	0.751907	0.343253	0.48602	989.3
LLLGVLLTGLLTGLLYTLILI	LLLGVLLTGLLTGLLTTLILI	0.437703	-1.27064	0.171816	0.816184	988.496
LLLGVLLTGLLTGLLTTLILI	LLLGVLLTGLLTGLLTWLILI	-1.49949	-0.726471	0.58734	0.274265	987.644
LLLGVLLTGLLTGLLTWLILI	LLLGVLLTGLLTGLLTTLILI	-0.726471	-2.57086	0.274265	0.58734	986.74
LLLGVLLTGLLTGLLTTLILI	LLLGTLLTGLLTGLLTTLILI	-3.09922	-4.04514	0.0589809	1.39457	985.783
LLLGTLLTGLLTGLLTTLILI	LLLYTLLTGLLTGLLTTLILI	-4.8453	-5.4696	0.594419	0.270132	984.769
LLLYTLLTGLLTGLLTTLILI	LLLYTLLTGLLYGLLTTLILI	-5.11847	-4.45869	0.62127	0.255144	983.694
LLLYTLLTGLLYGLLTTLILI	LLLYGLLTGLLYGLLTTLILI	-4.12207	-2.10904	0.591758	0.271676	982.555
LLLYGLLTGLLYGLLTTLILI	LLLYGLLTGLLYGLLTWLILI	-1.8947	0.115931	0.48602	0.343253	981.348
LLLYGLLTGLLYGLLTWLILI	LLLTGLLTGLLYGLLTWLILI	0.152019	0.0919364	0.379341	0.443059	980.071
LLLTGLLTGLLYGLLTWLILI	LLLGGLLTGLLYGLLTWLILI	0.049043	-0.0852509	0.400165	0.420699	978.717
LLLGGLLTGLLYGLLTWLILI	LLLGGLLTGLLTGLLTWLILI	-0.286401	-0.569365	0.219549	0.693609	977.285
LLLGGLLTGLLTGLLTWLILI	LLLGGLLTGLLTGLLTTLILI	-0.98871	-2.84611	0.274265	0.58734	975.768
LLLGGLLTGLLTGLLTTLILI	LLLYGLLTGLLTGLLTTLILI	-2.7256	-3.97748	0.707856	0.213262	974.162
LLLYGLLTGLLTGLLTTLILI	LLLGGLLTGLLTGLLTTLILI	-3.97748	-2.72452	0.213262	0.707856	972.463
LLLGGLLTGLLTGLLTTLILI	LLLGTLLTGLLTGLLTTLILI	-3.14635	-4.62652	0.286026	0.567901	970.666
LLLGTLLTGLLTGLLTTLILI	LLLGTLLTGLLTGLLTWLILI	-4.5206	-3.3459	0.673827	0.22865	968.764
LLLGTLLTGLLTGLLTWLILI	LLLGTLLTGLLTGLLTTLILI	-3.3459	-4.76589	0.22865	0.673827	966.754
LLLGTLLTGLLTGLLTTLILI	LLLGTLLTGLLTGLLTWLILI	-4.76589	-4.09488	0.673827	0.22865	964.627
LLLGTLLTGLLTGLLTWLILI	LLLYTLLTGLLTGLLTWLILI	-3.72911	-3.31213	0.594419	0.270132	960.005
LLLYTLLTGLLTGLLTWLILI	LLLYTLLTGLLYGLLTWLILI	-3.04342	-2.60617	0.538845	0.30482	957.496
LLLYTLLTGLLYGLLTWLILI	LLLYTLLTGLLYGLLYWLILI	-2.58227	1.37086	0.328724	0.505042	954.846
LLLYTLLTGLLYGLLYWLILI	LLLYTLLTGLLYGLLYTLILI	1.20907	0.73872	0.343253	0.48602	952.048
LLLYTLLTGLLYGLLYTLILI	LLLYTLLTGLLTGLLYTLILI	0.666055	-2.48171	0.413356	0.407346	949.095
LLLYTLLTGLLTGLLYTLILI	LLLGTLLTGLLTGLLYTLILI	-2.43413	-1.64666	0.454934	0.368877	945.979
LLLGTLLTGLLTGLLYTLILI	LLLYTLLTGLLTGLLYTLILI	-1.64666	-1.85729	0.368877	0.454934	942.693
LLLYTLLTGLLTGLLYTLILI	LLLYTLLVGLLTGLLYTLILI	-1.03589	1.73004	1.27634	0.0728516	939.229
LLLYTLLVGLLTGLLYTLILI	LLLGTLLVGLLTGLLYTLILI	2.11212	2.14519	0.454934	0.368877	935.578
LLLGTLLVGLLTGLLYTLILI	LLLGTLLTGLLTGLLYTLILI	1.84916	-1.0457	0.0728516	1.27634	923.422
LLLGTLLTGLLTGLLYTLILI	LLLGTLLTGLLTGLLTTLILI	-2.18083	-4.27674	0.141213	0.917682	918.939
LLLGTLLTGLLTGLLTTLILI	LLLGTLLVGLLTGLLTTLILI	-3.79985	-1.57858	1.39457	0.0589809	914.227
LLLGTLLVGLLTGLLTTLILI	LLLGGLLVGLLTGLLTTLILI	-1.14761	0.820156	0.489954	0.34018	909.276
LLLGGLLVGLLTGLLTTLILI	LLLGGLLVGLLTGLLTWLILI	0.965997	1.94066	0.48602	0.343253	904.077
LLLGGLLVGLLTGLLTWLILI	LLLGTLLVGLLTGLLTWLILI	2.0181	1.21303	0.420699	0.400165	898.621
LLLGTLLVGLLTGLLTWLILI	LLLGTLLTGLLTGLLTWLILI	0.885714	-1.76061	0.0728516	1.27634	892.899
LLLGTLLTGLLTGLLTWLILI	LLLGTLLTGLLTGLLTTLILI	-2.8083	-5.07013	0.22865	0.673827	886.903
LLLGTLLTGLLTGLLTTLILI	LLLGTLLYGLLTGLLTTLILI	-4.82627	-1.5862	0.917682	0.141213	880.623
LLLGTLLYGLLTGLLTTLILI	LLLGVLLYGLLTGLLTTLILI	-0.451074	0.796864	1.27634	0.0728516	874.051
LLLGVLLYGLLTGLLTTLILI	LLLGTLLYGLLTGLLTTLILI	0.796864	0.0723282	0.0728516	1.27634	867.179
LLLGTLLYGLLTGLLTTLILI	LLLGVLLYGLLTGLLTTLILI	0.0723282	0.796864	1.27634	0.0728516	859.999
LLLGVLLYGLLTGLLTTLILI	LLLGVLLYGLLTGLLFTLILI	1.72831	4.40054	1.0043	0.119894	852.504
LLLGVLLYGLLTGLLFTLILI	LLLYVLLYGLLTGLLFTLILI	4.64952	4.02723	0.368877	0.454934	844.686
LLLYVLLYGLLTGLLFTLILI	LLLYVLLYGLLTGLLTTLILI	3.69219	1.01238	0.119894	1.0043	836.541
LLLYVLLYGLLTGLLTTLILI	LLLGVLLYGLLTGLLTTLILI	0.463019	1.09289	0.454934	0.368877	819.243
LLLGVLLYGLLTGLLTTLILI	LLLGVLLYGLLTGLLTWLILI	1.21003	3.27743	0.48602	0.343253	810.083
LLLGVLLYGLLTGLLTWLILI	LLLGTLLYGLLTGLLTWLILI	3.02945	1.81952	0.0952708	1.12845	800.577
LLLGTLLYGLLTGLLTWLILI	LLLGTLLYGLLTGLLTTLILI	0.965332	-0.881063	0.274265	0.58734	790.724
LLLGTLLYGLLTGLLTTLILI	LLLYTLLYGLLTGLLTTLILI	-1.09953	-1.79504	0.368877	0.454934	780.523
LLLYTLLYGLLTGLLTTLILI	LLLYTLLYGLLTGLLTWLILI	-1.66263	-0.556508	0.58734	0.274265	769.974
LLLYTLLYGLLTGLLTWLILI	LLLYTLLTGLLTGLLTWLILI	-0.525952	-4.08363	0.30482	0.538845	759.081
LLLYTLLTGLLTGLLTWLILI	LLLYTLLYGLLTGLLTWLILI	-4.08363	-1.06754	0.538845	0.30482	747.845
LLLYTLLYGLLTGLLTWLILI	LLLYTLLTGLLTGLLTWLILI	-1.06754	-4.37095	0.30482	0.538845	736.272
LLLYTLLTGLLTGLLTWLILI	LLLYTLLTGLLTGLLTTLILI	-4.68115	-5.63931	0.22865	0.673827	712.142
LLLYTLLTGLLTGLLTTLILI	LLLYTLLTGLLTGLLTWLILI	-5.63931	-3.35362	0.673827	0.22865	699.602
LLLYTLLTGLLTGLLTWLILI	LLLYTLLTGLLYGLLTWLILI	-3.04342	-2.60617	0.538845	0.30482	686.76
LLLYTLLTGLLYGLLTWLILI	LLLYTLLTGLLYGLLTTLILI	-2.63673	-4.12649	0.274265	0.58734	673.628
LLLYTLLTGLLYGLLTTLILI	LLLYTLLTGLLYGLLTWLILI	-4.12649	-2.63673	0.58734	0.274265	660.222
LLLYTLLTGLLYGLLTWLILI	LLLYTLLTGLLYGLLTTLILI	-2.63673	-3.43693	0.274265	0.58734	646.557
LLLYTLLTGLLYGLLTTLILI	LLLGTLLTGLLYGLLTTLILI	-3.56933	-3.77215	0.454934	0.368877	632.651
LLLGTLLTGLLYGLLTTLILI	LLLYTLLTGLLYGLLTTLILI	-3.77215	-4.25998	0.368877	0.454934	618.524
LLLYTLLTGLLYGLLTTLILI	LLLGTLLTGLLYGLLTTLILI	-4.25998	-3.77322	0.454934	0.368877	604.196
LLLGTLLTGLLYGLLTTLILI	LLLYTLLTGLLYGLLTTLILI	-3.77322	-4.2589	0.368877	0.454934	589.688
LLLYTLLTGLLYGLLTTLILI	LLLYTLLTGLLTGLLTTLILI	-4.45869	-5.11847	0.255144	0.62127	575.025
LLLYTLLTGLLTGLLTTLILI	LLLYGLLTGLLTGLLTTLILI	-5.06114	-3.96433	0.678597	0.226415	560.23
LLLYGLLTGLLTGLLTTLILI	LLLYTLLTGLLTGLLTTLILI	-3.96433	-5.06006	0.226415	0.678597	545.329
LLLYTLLTGLLTGLLTTLILI	LLLYGLLTGLLTGLLTTLILI	-5.06006	-3.96433	0.678597	0.226415	530.348
LLLYGLLTGLLTGLLTTLILI	LLLYTLLTGLLTGLLTTLILI	-3.96433	-5.06114	0.226415	0.678597	515.312
LLLYTLLTGLLTGLLTTLILI	LLLYTLLTGLLTGLLTWLILI	-5.06591	-4.96722	0.673827	0.22865	500.25
LLLYTLLTGLLTGLLTWLILI	LLLYTLLTGLLTGLLTTLILI	-4.96722	-5.63931	0.22865	0.673827	470.152
LLLYTLLTGLLTGLLTTLILI	LLLYGLLTGLLTGLLTTLILI	-5.63454	-3.96433	0.678597	0.226415	425.475
LLLYGLLTGLLTGLLTTLILI	LLLYTLLTGLLTGLLTTLILI	-3.96433	-5.06114	0.226415	0.678597	410.812
LLLYTLLTGLLTGLLTTLILI	LLLGTLLTGLLTGLLTTLILI	-5.4696	-5.14954	0.270132	0.594419	381.976
LLLGTLLTGLLTGLLTTLILI	LLLGTLLTGLLYGLLTTLILI	-4.82627	-3.33303	0.917682	0.141213	353.943
LLLGTLLTGLLYGLLTTLILI	LLLGTLLTGLLTGLLTTLILI	-3.33303	-4.82735	0.141213	0.917682	340.278
LLLGTLLTGLLTGLLTTLILI	LLLYTLLTGLLTGLLTTLILI	-5.15062	-5.75585	0.594419	0.270132	326.872
LLLYTLLTGLLTGLLTTLILI	LLLYTLLTGLLYGLLTTLILI	-5.40471	-4.45977	0.62127	0.255144	313.74
LLLYTLLTGLLYGLLTTLILI	LLLYTLLTGLLTGLLTTLILI	-4.45977	-5.40579	0.255144	0.62127	288.358
LLLYTLLTGLLTGLLTTLILI	LLLYTLLTGLLYGLLTTLILI	-5.40579	-4.45977	0.62127	0.255144	264.228
LLLYTLLTGLLYGLLTTLILI	LLLYTLLTGLLTGLLTTLILI	-4.45977	-5.69186	0.255144	0.62127	252.655
LLLYTLLTGLLTGLLTTLILI	LLLGTLLTGLLTGLLTTLILI	-6.043	-5.15062	0.270132	0.594419	190.417
LLLGTLLTGLLTGLLTTLILI	LLLYTLLTGLLTGLLTTLILI	-5.15062	-5.75693	0.594419	0.270132	181.257
LLLYTLLTGLLTGLLTTLILI	LLLYTLLTGLLTGLLTWLILI	-5.35323	-4.39382	0.673827	0.22865	155.814
LLLYTLLTGLLTGLLTWLILI	LLLYTLLTGLLTGLLTTLILI	-4.39382	-5.06591	0.22865	0.673827	147.996
LLLYTLLTGLLTGLLTTLILI	LLLYTLLTGLLYGLLTTLILI	-5.11847	-4.45977	0.62127	0.255144	140.501
LLLYTLLTGLLYGLLTTLILI	LLLYTLLTGLLTGLLTTLILI	-4.45977	-5.11847	0.255144	0.62127	133.321
LLLYTLLTGLLTGLLTTLILI	LLLYTLLTGLLTGLLTWLILI	-5.06591	-4.96722	0.673827	0.22865	119.877
LLLYTLLTGLLTGLLTWLILI	LLLYTLLTGLLTGLLTTLILI	-4.96722	-5.35216	0.22865	0.673827	113.597
Time: 311s
