***STARTING GEOMETRY:***
xShift: 8.67597
crossingAngle: 21
axialRotation: 100
zShift: 2.2

Number of MCCycles: 100
PrevSequence	CurrSequence	PrevEnergy	CurrEnergy	PrevEntropy	CurrEntropy	CurrentTemp
LLLYALLGLLTSLTTLLLILI	LLLYALLGLLTSLVTLLLILI	24.7542	27.1494	1.12845	0.0952708	999.684
LLLYALLGLLTSLVTLLLILI	LLLYALLYLLTSLVTLLLILI	27.204	18.1142	0.149938	0.886373	999.328
LLLYALLYLLTSLVTLLLILI	LLLYALLYLLTSLTTLLLILI	17.3231	14.7171	0.0952708	1.12845	998.928
LLLYALLYLLTSLTTLLLILI	LLLYALLYLLSSLTTLLLILI	14.1676	20.8817	0.578967	0.279255	998.476
LLLYALLYLLSSLTTLLLILI	LLLYALLYLLSSLTFLLLILI	21.4186	21.126	0.816184	0.171816	997.967
LLLYALLYLLSSLTFLLLILI	LLLYALLFLLSSLTFLLLILI	21.6046	21.8963	0.650378	0.240035	997.394
LLLYALLFLLSSLTFLLLILI	LLLYALLFLLSSLVFLLLILI	22.2884	25.4377	0.632162	0.249358	996.749
LLLYALLFLLSSLVFLLLILI	LLLYALLYLLSSLVFLLLILI	25.4284	24.9586	0.240035	0.650378	996.023
LLLYALLYLLSSLVFLLLILI	LLLYALLYLLSSLTFLLLILI	24.5576	21.3601	0.249358	0.632162	995.205
LLLYALLYLLSSLTFLLLILI	LLLYALLYLLSALTFLLLILI	21.3702	17.6968	0.642213	0.244161	994.285
LLLYALLYLLSALTFLLLILI	LLLYALLYLLTALTFLLLILI	17.6735	12.6148	0.220804	0.690823	993.249
LLLYALLYLLTALTFLLLILI	LLLYALLYLLTALTYLLLILI	12.0153	12.873	0.0912572	1.15198	992.084
LLLYALLYLLTALTYLLLILI	LLLYGLLYLLTALTYLLLILI	12.1847	12.854	0.463748	0.36136	990.773
LLLYGLLYLLTALTYLLLILI	LLLYGLLFLLTALTYLLLILI	13.6446	13.9663	1.15198	0.0912572	989.3
LLLYGLLFLLTALTYLLLILI	LLLYGLLFLLTALVYLLLILI	14.8059	17.8943	0.930859	0.137712	987.644
LLLYGLLFLLTALVYLLLILI	LLLYGLLFLLTGLVYLLLILI	17.9106	17.948	0.154044	0.872342	985.783
LLLYGLLFLLTGLVYLLLILI	LLLYGLLFLLTALVYLLLILI	17.948	17.7353	0.872342	0.154044	983.694
LLLYGLLFLLTALVYLLLILI	LLLYGLLYLLTALVYLLLILI	17.6725	17.718	0.0912572	1.15198	981.348
LLLYGLLYLLTALVYLLLILI	LLLYGLLYLLTGLVYLLLILI	16.7201	16.9396	0.154044	0.872342	978.717
LLLYGLLYLLTGLVYLLLILI	LLLYGLLYLLTGLTYLLLILI	16.205	13.1866	0.137712	0.930859	975.768
LLLYGLLYLLTGLTYLLLILI	LLLFGLLYLLTGLTYLLLILI	13.4077	14.7682	1.15198	0.0912572	972.463
LLLFGLLYLLTGLTYLLLILI	LLLYGLLYLLTGLTYLLLILI	14.7682	13.4077	0.0912572	1.15198	968.764
LLLYGLLYLLTGLTYLLLILI	LLLYGLLYLLTALTYLLLILI	13.128	12.779	0.872342	0.154044	964.627
LLLYGLLYLLTALTYLLLILI	LLLYGLLYLLTALTFLLLILI	13.7769	13.0934	1.15198	0.0912572	960.005
LLLYGLLYLLTALTFLLLILI	LLLYGLLYLLTALTYLLLILI	13.0934	13.7769	0.0912572	1.15198	954.846
LLLYGLLYLLTALTYLLLILI	LLLYGLLYLLTALTFLLLILI	13.7769	12.4453	1.15198	0.0912572	949.095
LLLYGLLYLLTALTFLLLILI	LLLFGLLYLLTALTFLLLILI	13.0044	15.0152	0.650378	0.240035	942.693
LLLFGLLYLLTALTFLLLILI	LLLFGLLYLLTALTYLLLILI	15.0152	15.6964	0.240035	0.650378	935.578
LLLFGLLYLLTALTYLLLILI	LLLFGLLYLLTALTFLLLILI	15.6964	15.1522	0.650378	0.240035	927.683
LLLFGLLYLLTALTFLLLILI	LLLFGLLYLLTALTYLLLILI	15.1522	15.6964	0.240035	0.650378	918.939
LLLFGLLYLLTALTYLLLILI	LLLFGLLYLLTGLTYLLLILI	15.2001	15.6668	0.154044	0.872342	909.276
LLLFGLLYLLTGLTYLLLILI	LLLFGLLYLLTALTYLLLILI	15.6668	15.2826	0.872342	0.154044	898.621
LLLFGLLYLLTALTYLLLILI	LLLFGLLYLLTGLTYLLLILI	15.2826	15.5687	0.154044	0.872342	886.903
LLLFGLLYLLTGLTYLLLILI	LLLFGLLFLLTGLTYLLLILI	15.3467	15.6973	0.650378	0.240035	874.051
LLLFGLLFLLTGLTYLLLILI	LLLYGLLFLLTGLTYLLLILI	15.6973	14.0718	0.240035	0.650378	859.999
LLLYGLLFLLTGLTYLLLILI	LLLYGLLFLLTALTYLLLILI	14.2938	13.9685	0.872342	0.154044	844.686
LLLYGLLFLLTALTYLLLILI	LLLYGLLFLLTGLTYLLLILI	13.9685	14.238	0.154044	0.872342	828.061
LLLYGLLFLLTGLTYLLLILI	LLLFGLLFLLTGLTYLLLILI	14.016	15.8003	0.650378	0.240035	810.083
LLLFGLLFLLTGLTYLLLILI	LLLFGLLFLLTALTYLLLILI	16.4326	16.2442	0.872342	0.154044	790.724
LLLFGLLFLLTALTYLLLILI	LLLYGLLFLLTALTYLLLILI	16.3301	14.7508	0.240035	0.650378	769.974
LLLYGLLFLLTALTYLLLILI	LLLYGLLFLLTGLTYLLLILI	14.2545	14.238	0.154044	0.872342	747.845
LLLYGLLFLLTGLTYLLLILI	LLLFGLLFLLTGLTYLLLILI	14.016	16.0414	0.650378	0.240035	699.602
LLLFGLLFLLTGLTYLLLILI	LLLFGLLFLLTALTYLLLILI	16.6737	16.1486	0.872342	0.154044	673.628
LLLFGLLFLLTALTYLLLILI	LLLFGLLYLLTALTYLLLILI	16.2346	15.7984	0.240035	0.650378	646.557
LLLFGLLYLLTALTYLLLILI	LLLYGLLYLLTALTYLLLILI	15.2392	13.875	0.0912572	1.15198	618.524
LLLYGLLYLLTALTYLLLILI	LLLYGLLYLLTALTFLLLILI	13.875	12.5814	1.15198	0.0912572	589.688
LLLYGLLYLLTALTFLLLILI	LLLYGLLFLLTALTFLLLILI	13.1405	13.8763	0.650378	0.240035	560.23
LLLYGLLFLLTALTFLLLILI	LLLYGLLFLLYALTFLLLILI	13.9649	17.7817	0.328724	0.505042	530.348
LLLYGLLFLLYALTFLLLILI	LLLYGLLYLLYALTFLLLILI	17.4469	16.7084	0.170308	0.820686	500.25
LLLYGLLYLLYALTFLLLILI	LLLYGLLYLLTALTFLLLILI	16.5421	12.6949	0.654392	0.238039	440.27
LLLYGLLYLLTALTFLLLILI	LLLYGLLFLLTALTFLLLILI	13.1072	13.8763	0.650378	0.240035	381.976
LLLYGLLFLLTALTFLLLILI	LLLYGLLYLLTALTFLLLILI	13.8763	13.3956	0.240035	0.650378	300.898
LLLYGLLYLLTALTFLLLILI	LLLYGLLFLLTALTFLLLILI	13.3956	13.7735	0.650378	0.240035	190.417
LLLYGLLFLLTALTFLLLILI	LLLYGLLYLLTALTFLLLILI	13.7735	13.0044	0.240035	0.650378	172.439
Time: 212s
