MCAccept 0 xShift: 6.58 crossingAngle: -35.44 axialRotation: -72.1733 zShift: 0.86 energy: 2590
MCAccept 1 xShift: 6.57929 crossingAngle: -35.44 axialRotation: -72.1733 zShift: 0.86 energy: 2590
MCReject   xShift: 6.57929 crossingAngle: -35.44 axialRotation: -72.262 zShift: 0.86 energy: 2591.09
MCAccept 2 xShift: 6.57929 crossingAngle: -35.44 axialRotation: -72.1752 zShift: 0.86 energy: 2588.34
MCReject   xShift: 6.57875 crossingAngle: -35.44 axialRotation: -72.1752 zShift: 0.86 energy: 2591.01
MCReject   xShift: 6.57929 crossingAngle: -35.44 axialRotation: -72.1863 zShift: 0.86 energy: 2591.29
MCReject   xShift: 6.57929 crossingAngle: -35.44 axialRotation: -72.3235 zShift: 0.86 energy: 2590.98
MCReject   xShift: 6.56718 crossingAngle: -35.44 axialRotation: -72.1752 zShift: 0.86 energy: 2590.02
MCReject   xShift: 6.57929 crossingAngle: -35.44 axialRotation: -72.335 zShift: 0.86 energy: 2590.12
MCReject   xShift: 6.56994 crossingAngle: -35.44 axialRotation: -72.1752 zShift: 0.86 energy: 2591.09
MCReject   xShift: 6.57929 crossingAngle: -35.3615 axialRotation: -72.1752 zShift: 0.86 energy: 2590
MCReject   xShift: 6.57861 crossingAngle: -35.44 axialRotation: -72.1752 zShift: 0.86 energy: 2590.02
MCAccept 3 xShift: 6.57929 crossingAngle: -35.44 axialRotation: -72.1752 zShift: 0.865252 energy: 2539.09
MCReject   xShift: 6.57929 crossingAngle: -35.4587 axialRotation: -72.1752 zShift: 0.865252 energy: 2541.53
MCAccept 4 xShift: 6.57929 crossingAngle: -35.44 axialRotation: -72.1752 zShift: 0.881713 energy: 2388.29
MCReject   xShift: 6.57929 crossingAngle: -35.44 axialRotation: -72.0188 zShift: 0.881713 energy: 2391.48
MCReject   xShift: 6.56613 crossingAngle: -35.44 axialRotation: -72.1752 zShift: 0.881713 energy: 2389.66
MCAccept 5 xShift: 6.57929 crossingAngle: -35.44 axialRotation: -72.1752 zShift: 0.891487 energy: 2305.02
MCAccept 6 xShift: 6.57929 crossingAngle: -35.44 axialRotation: -72.1752 zShift: 0.894875 energy: 2276.21
MCReject   xShift: 6.57929 crossingAngle: -35.44 axialRotation: -72.1752 zShift: 0.889882 energy: 2319.65
MCAccept 7 xShift: 6.57929 crossingAngle: -35.44 axialRotation: -72.1752 zShift: 0.899798 energy: 2236.34
MCAccept 8 xShift: 6.57929 crossingAngle: -35.3605 axialRotation: -72.1752 zShift: 0.899798 energy: 2233.42
MCReject   xShift: 6.57579 crossingAngle: -35.3605 axialRotation: -72.1752 zShift: 0.899798 energy: 2234.7
MCReject   xShift: 6.57929 crossingAngle: -35.3605 axialRotation: -71.9901 zShift: 0.899798 energy: 2234.39
MCReject   xShift: 6.57929 crossingAngle: -35.3605 axialRotation: -72.1752 zShift: 0.897974 energy: 2251.36
MCAccept 9 xShift: 6.57929 crossingAngle: -35.3605 axialRotation: -72.1752 zShift: 0.909063 energy: 2158.65
MCReject   xShift: 6.57929 crossingAngle: -35.3605 axialRotation: -72.2079 zShift: 0.909063 energy: 2160.6
MCReject   xShift: 6.57929 crossingAngle: -35.3605 axialRotation: -72.1752 zShift: 0.906482 energy: 2179.49
MCReject   xShift: 6.57929 crossingAngle: -35.3605 axialRotation: -72.1501 zShift: 0.909063 energy: 2159.61
MCReject   xShift: 6.57929 crossingAngle: -35.3605 axialRotation: -72.26 zShift: 0.909063 energy: 2159.61
MCReject   xShift: 6.57929 crossingAngle: -35.2561 axialRotation: -72.1752 zShift: 0.909063 energy: 2160.02
MCAccept 10 xShift: 6.57941 crossingAngle: -35.3605 axialRotation: -72.1752 zShift: 0.909063 energy: 2157.29
MCReject   xShift: 6.57941 crossingAngle: -35.4723 axialRotation: -72.1752 zShift: 0.909063 energy: 2160.42
MCReject   xShift: 6.57941 crossingAngle: -35.5147 axialRotation: -72.1752 zShift: 0.909063 energy: 2159.31
MCReject   xShift: 6.57941 crossingAngle: -35.3605 axialRotation: -72.235 zShift: 0.909063 energy: 2160.34
MCAccept 11 xShift: 6.57941 crossingAngle: -35.3217 axialRotation: -72.1752 zShift: 0.909063 energy: 2157.37
MCReject   xShift: 6.57941 crossingAngle: -35.5534 axialRotation: -72.1752 zShift: 0.909063 energy: 2160.53
MCReject   xShift: 6.57941 crossingAngle: -35.3217 axialRotation: -72.3712 zShift: 0.909063 energy: 2159.07
MCAccept 12 xShift: 6.57941 crossingAngle: -35.3217 axialRotation: -72.2546 zShift: 0.909063 energy: 2157.29
MCReject   xShift: 6.58633 crossingAngle: -35.3217 axialRotation: -72.2546 zShift: 0.909063 energy: 2160.34
MCAccept 13 xShift: 6.57941 crossingAngle: -35.3217 axialRotation: -72.2546 zShift: 0.909845 energy: 2153.83
MCAccept 14 xShift: 6.57364 crossingAngle: -35.3217 axialRotation: -72.2546 zShift: 0.909845 energy: 2152.37
MCReject   xShift: 6.57364 crossingAngle: -35.3217 axialRotation: -72.2546 zShift: 0.904586 energy: 2195.25
MCReject   xShift: 6.57364 crossingAngle: -35.2175 axialRotation: -72.2546 zShift: 0.909845 energy: 2153.74
MCAccept 15 xShift: 6.57364 crossingAngle: -35.1077 axialRotation: -72.2546 zShift: 0.909845 energy: 2152.38
MCAccept 16 xShift: 6.57364 crossingAngle: -35.1077 axialRotation: -72.256 zShift: 0.909845 energy: 2152.46
MCReject   xShift: 6.57364 crossingAngle: -35.1077 axialRotation: -72.2615 zShift: 0.909845 energy: 2152.95
MCReject   xShift: 6.56504 crossingAngle: -35.1077 axialRotation: -72.256 zShift: 0.909845 energy: 2154.14
MCReject   xShift: 6.57364 crossingAngle: -35.1077 axialRotation: -72.2596 zShift: 0.909845 energy: 2153.74
MCAccept 17 xShift: 6.57298 crossingAngle: -35.1077 axialRotation: -72.256 zShift: 0.909845 energy: 2151.87
MCAccept 18 xShift: 6.57298 crossingAngle: -35.1077 axialRotation: -72.256 zShift: 0.926087 energy: 2027.39
MCAccept 19 xShift: 6.57298 crossingAngle: -35.1077 axialRotation: -72.2525 zShift: 0.926087 energy: 2026.76
MCAccept 20 xShift: 6.57298 crossingAngle: -35.1077 axialRotation: -72.2525 zShift: 0.926532 energy: 2022.58
MCReject   xShift: 6.57298 crossingAngle: -35.1845 axialRotation: -72.2525 zShift: 0.926532 energy: 2023.4
MCReject   xShift: 6.57298 crossingAngle: -35.1077 axialRotation: -72.2992 zShift: 0.926532 energy: 2024.44
MCReject   xShift: 6.57298 crossingAngle: -35.1077 axialRotation: -72.1144 zShift: 0.926532 energy: 2023.61
MCAccept 21 xShift: 6.57298 crossingAngle: -34.9857 axialRotation: -72.2525 zShift: 0.926532 energy: 2022.58
MCAccept 22 xShift: 6.57298 crossingAngle: -34.9857 axialRotation: -72.2525 zShift: 0.931661 energy: 1984.96
MCAccept 23 xShift: 6.57298 crossingAngle: -35.2353 axialRotation: -72.2525 zShift: 0.931661 energy: 1984.25
MCReject   xShift: 6.56247 crossingAngle: -35.2353 axialRotation: -72.2525 zShift: 0.931661 energy: 1985.61
MCAccept 24 xShift: 6.57298 crossingAngle: -35.2353 axialRotation: -72.3624 zShift: 0.931661 energy: 1984.04
MCReject   xShift: 6.57298 crossingAngle: -35.2353 axialRotation: -72.3968 zShift: 0.931661 energy: 1985.61
MCReject   xShift: 6.57298 crossingAngle: -35.2353 axialRotation: -72.2802 zShift: 0.931661 energy: 1984.66
MCReject   xShift: 6.58041 crossingAngle: -35.2353 axialRotation: -72.3624 zShift: 0.931661 energy: 1984.81
MCReject   xShift: 6.57298 crossingAngle: -35.2353 axialRotation: -72.3624 zShift: 0.920683 energy: 2068.63
MCReject   xShift: 6.57298 crossingAngle: -35.1887 axialRotation: -72.3624 zShift: 0.931661 energy: 1985.31
MCReject   xShift: 6.57298 crossingAngle: -35.2353 axialRotation: -72.3131 zShift: 0.931661 energy: 1984.24
MCReject   xShift: 6.56266 crossingAngle: -35.2353 axialRotation: -72.3624 zShift: 0.931661 energy: 1984.73
MCAccept 25 xShift: 6.57298 crossingAngle: -35.2353 axialRotation: -72.3624 zShift: 0.941177 energy: 1915.43
MCReject   xShift: 6.57298 crossingAngle: -35.2353 axialRotation: -72.3624 zShift: 0.925143 energy: 2033.41
MCReject   xShift: 6.58287 crossingAngle: -35.2353 axialRotation: -72.3624 zShift: 0.941177 energy: 1916.37
MCAccept 26 xShift: 6.57298 crossingAngle: -35.2353 axialRotation: -72.4571 zShift: 0.941177 energy: 1915.09
MCReject   xShift: 6.57298 crossingAngle: -35.1537 axialRotation: -72.4571 zShift: 0.941177 energy: 1915.96
MCReject   xShift: 6.58337 crossingAngle: -35.2353 axialRotation: -72.4571 zShift: 0.941177 energy: 1916.37
MCReject   xShift: 6.57298 crossingAngle: -35.2732 axialRotation: -72.4571 zShift: 0.941177 energy: 1915.34
MCReject   xShift: 6.58729 crossingAngle: -35.2353 axialRotation: -72.4571 zShift: 0.941177 energy: 1916.37
MCReject   xShift: 6.58459 crossingAngle: -35.2353 axialRotation: -72.4571 zShift: 0.941177 energy: 1915.49
MCAccept 27 xShift: 6.57298 crossingAngle: -35.2353 axialRotation: -72.4571 zShift: 0.949445 energy: 1857.21
MCAccept 28 xShift: 6.56289 crossingAngle: -35.2353 axialRotation: -72.4571 zShift: 0.949445 energy: 1857.21
MCAccept 29 xShift: 6.56289 crossingAngle: -35.2353 axialRotation: -72.5619 zShift: 0.949445 energy: 1855.35
MCReject   xShift: 6.56289 crossingAngle: -35.2592 axialRotation: -72.5619 zShift: 0.949445 energy: 1857.06
MCReject   xShift: 6.56289 crossingAngle: -35.2353 axialRotation: -72.7345 zShift: 0.949445 energy: 1856.63
MCReject   xShift: 6.56289 crossingAngle: -35.2353 axialRotation: -72.5619 zShift: 0.94437 energy: 1892.3
MCReject   xShift: 6.5471 crossingAngle: -35.2353 axialRotation: -72.5619 zShift: 0.949445 energy: 1858.08
MCReject   xShift: 6.55865 crossingAngle: -35.2353 axialRotation: -72.5619 zShift: 0.949445 energy: 1856.71
MCReject   xShift: 6.56289 crossingAngle: -34.9913 axialRotation: -72.5619 zShift: 0.949445 energy: 1857.66
MCReject   xShift: 6.56013 crossingAngle: -35.2353 axialRotation: -72.5619 zShift: 0.949445 energy: 1857.12
MCReject   xShift: 6.56278 crossingAngle: -35.2353 axialRotation: -72.5619 zShift: 0.949445 energy: 1856.63
MCReject   xShift: 6.57267 crossingAngle: -35.2353 axialRotation: -72.5619 zShift: 0.949445 energy: 1856.97
MCReject   xShift: 6.56289 crossingAngle: -35.2353 axialRotation: -72.6984 zShift: 0.949445 energy: 1856.63
MCReject   xShift: 6.54853 crossingAngle: -35.2353 axialRotation: -72.5619 zShift: 0.949445 energy: 1857.66
MCReject   xShift: 6.56972 crossingAngle: -35.2353 axialRotation: -72.5619 zShift: 0.949445 energy: 1858.34
MCReject   xShift: 6.56289 crossingAngle: -35.0831 axialRotation: -72.5619 zShift: 0.949445 energy: 1858.43
MCReject   xShift: 6.56289 crossingAngle: -35.2968 axialRotation: -72.5619 zShift: 0.949445 energy: 1856.63
MCReject   xShift: 6.56289 crossingAngle: -35.2353 axialRotation: -72.6521 zShift: 0.949445 energy: 1857.21
MCReject   xShift: 6.56428 crossingAngle: -35.2353 axialRotation: -72.5619 zShift: 0.949445 energy: 1857.66
MCReject   xShift: 6.56247 crossingAngle: -35.2353 axialRotation: -72.5619 zShift: 0.949445 energy: 1858.34
MCReject   xShift: 6.56289 crossingAngle: -35.2353 axialRotation: -72.6062 zShift: 0.949445 energy: 1858.08
MCReject   xShift: 6.56289 crossingAngle: -35.2353 axialRotation: -72.5619 zShift: 0.943593 energy: 1899.09
MCAccept 30 xShift: 6.56289 crossingAngle: -35.2353 axialRotation: -72.5619 zShift: 0.959328 energy: 1789.7
MCAccept 31 xShift: 6.56289 crossingAngle: -35.3582 axialRotation: -72.5619 zShift: 0.959328 energy: 1788.33
MCReject   xShift: 6.56289 crossingAngle: -35.4334 axialRotation: -72.5619 zShift: 0.959328 energy: 1789.77
MCReject   xShift: 6.56289 crossingAngle: -35.4346 axialRotation: -72.5619 zShift: 0.959328 energy: 1789.35
MCReject   xShift: 6.57244 crossingAngle: -35.3582 axialRotation: -72.5619 zShift: 0.959328 energy: 1789.26
MCAccept 32 xShift: 6.56219 crossingAngle: -35.3582 axialRotation: -72.5619 zShift: 0.959328 energy: 1788.25
MCReject   xShift: 6.56219 crossingAngle: -35.3582 axialRotation: -72.5619 zShift: 0.945472 energy: 1883.49
MCReject   xShift: 6.56219 crossingAngle: -35.3582 axialRotation: -72.5834 zShift: 0.959328 energy: 1789.61
MCAccept 33 xShift: 6.56219 crossingAngle: -35.3582 axialRotation: -72.5619 zShift: 0.960354 energy: 1783.77
MCAccept 34 xShift: 6.56219 crossingAngle: -35.3582 axialRotation: -72.5619 zShift: 0.966062 energy: 1746.17
MCAccept 35 xShift: 6.56219 crossingAngle: -35.3582 axialRotation: -72.524 zShift: 0.966062 energy: 1745.97
MCAccept 36 xShift: 6.56219 crossingAngle: -35.5145 axialRotation: -72.524 zShift: 0.966062 energy: 1744.77
MCReject   xShift: 6.57095 crossingAngle: -35.5145 axialRotation: -72.524 zShift: 0.966062 energy: 1746.25
MCReject   xShift: 6.56219 crossingAngle: -35.3508 axialRotation: -72.524 zShift: 0.966062 energy: 1746.49
MCAccept 37 xShift: 6.56219 crossingAngle: -35.6302 axialRotation: -72.524 zShift: 0.966062 energy: 1744.77
MCReject   xShift: 6.56219 crossingAngle: -35.8366 axialRotation: -72.524 zShift: 0.966062 energy: 1745.21
MCReject   xShift: 6.56219 crossingAngle: -35.6302 axialRotation: -72.6433 zShift: 0.966062 energy: 1746.58
MCReject   xShift: 6.53914 crossingAngle: -35.6302 axialRotation: -72.524 zShift: 0.966062 energy: 1745.88
MCAccept 38 xShift: 6.56219 crossingAngle: -35.7379 axialRotation: -72.524 zShift: 0.966062 energy: 1744.8
MCAccept 39 xShift: 6.56219 crossingAngle: -35.7379 axialRotation: -72.5816 zShift: 0.966062 energy: 1744.77
MCReject   xShift: 6.56219 crossingAngle: -35.8123 axialRotation: -72.5816 zShift: 0.966062 energy: 1745.88
MCAccept 40 xShift: 6.56219 crossingAngle: -35.7379 axialRotation: -72.5816 zShift: 0.971227 energy: 1710.06
MCReject   xShift: 6.5706 crossingAngle: -35.7379 axialRotation: -72.5816 zShift: 0.971227 energy: 1712.65
MCAccept 41 xShift: 6.56219 crossingAngle: -35.7379 axialRotation: -72.5816 zShift: 0.999827 energy: 1537
MCAccept 42 xShift: 6.56844 crossingAngle: -35.7379 axialRotation: -72.5816 zShift: 0.999827 energy: 1536.55
MCAccept 43 xShift: 6.56844 crossingAngle: -35.7379 axialRotation: -72.5816 zShift: 1.00259 energy: 1523.56
MCAccept 44 xShift: 6.56844 crossingAngle: -35.7379 axialRotation: -72.5885 zShift: 1.00259 energy: 1522.71
MCReject   xShift: 6.56844 crossingAngle: -35.7379 axialRotation: -72.5885 zShift: 0.991156 energy: 1588.98
MCReject   xShift: 6.56844 crossingAngle: -35.7379 axialRotation: -72.5885 zShift: 0.996798 energy: 1555.5
MCReject   xShift: 6.56844 crossingAngle: -35.7379 axialRotation: -72.5885 zShift: 0.989881 energy: 1596.71
MCAccept 45 xShift: 6.57462 crossingAngle: -35.7379 axialRotation: -72.5885 zShift: 1.00259 energy: 1522.49
MCReject   xShift: 6.57462 crossingAngle: -35.7379 axialRotation: -72.3791 zShift: 1.00259 energy: 1523.59
MCReject   xShift: 6.57462 crossingAngle: -35.7379 axialRotation: -72.5885 zShift: 0.998296 energy: 1547.17
MCReject   xShift: 6.57462 crossingAngle: -35.7893 axialRotation: -72.5885 zShift: 1.00259 energy: 1523.86
MCReject   xShift: 6.57462 crossingAngle: -35.7379 axialRotation: -72.5885 zShift: 0.980043 energy: 1657.72
MCReject   xShift: 6.57462 crossingAngle: -35.7379 axialRotation: -72.6152 zShift: 1.00259 energy: 1522.71
MCAccept 46 xShift: 6.57462 crossingAngle: -35.7379 axialRotation: -72.5885 zShift: 1.00928 energy: 1484.96
MCReject   xShift: 6.57462 crossingAngle: -35.8086 axialRotation: -72.5885 zShift: 1.00928 energy: 1485.09
MCReject   xShift: 6.55445 crossingAngle: -35.7379 axialRotation: -72.5885 zShift: 1.00928 energy: 1485.97
MCReject   xShift: 6.57462 crossingAngle: -35.5748 axialRotation: -72.5885 zShift: 1.00928 energy: 1486.02
MCAccept 47 xShift: 6.57462 crossingAngle: -35.8677 axialRotation: -72.5885 zShift: 1.00928 energy: 1484.69
MCAccept 48 xShift: 6.57462 crossingAngle: -35.8677 axialRotation: -72.7093 zShift: 1.00928 energy: 1484.6
MCReject   xShift: 6.57462 crossingAngle: -35.8603 axialRotation: -72.7093 zShift: 1.00928 energy: 1485.06
MCAccept 49 xShift: 6.57462 crossingAngle: -35.7722 axialRotation: -72.7093 zShift: 1.00928 energy: 1483.24
MCReject   xShift: 6.57462 crossingAngle: -35.7722 axialRotation: -72.6588 zShift: 1.00928 energy: 1485.06
MCReject   xShift: 6.59238 crossingAngle: -35.7722 axialRotation: -72.7093 zShift: 1.00928 energy: 1486.33
MCReject   xShift: 6.57462 crossingAngle: -35.7722 axialRotation: -72.7191 zShift: 1.00928 energy: 1485.97
MCReject   xShift: 6.57462 crossingAngle: -35.7722 axialRotation: -72.7093 zShift: 0.999445 energy: 1540.55
MCReject   xShift: 6.57462 crossingAngle: -35.7722 axialRotation: -72.7093 zShift: 0.981233 energy: 1650.03
MCReject   xShift: 6.55384 crossingAngle: -35.7722 axialRotation: -72.7093 zShift: 1.00928 energy: 1485.18
MCReject   xShift: 6.57462 crossingAngle: -35.7782 axialRotation: -72.7093 zShift: 1.00928 energy: 1486.33
MCReject   xShift: 6.57462 crossingAngle: -35.7722 axialRotation: -72.606 zShift: 1.00928 energy: 1486.02
MCReject   xShift: 6.57462 crossingAngle: -35.7722 axialRotation: -72.5012 zShift: 1.00928 energy: 1484.69
MCAccept 50 xShift: 6.57462 crossingAngle: -35.7722 axialRotation: -72.7093 zShift: 1.00998 energy: 1479.43
MCReject   xShift: 6.5835 crossingAngle: -35.7722 axialRotation: -72.7093 zShift: 1.00998 energy: 1480.76
MCReject   xShift: 6.57462 crossingAngle: -35.7722 axialRotation: -72.8631 zShift: 1.00998 energy: 1481.15
MCReject   xShift: 6.57462 crossingAngle: -35.7722 axialRotation: -72.59 zShift: 1.00998 energy: 1480.79
MCReject   xShift: 6.57462 crossingAngle: -35.8616 axialRotation: -72.7093 zShift: 1.00998 energy: 1482.12
MCReject   xShift: 6.57686 crossingAngle: -35.7722 axialRotation: -72.7093 zShift: 1.00998 energy: 1480.76
MCReject   xShift: 6.57462 crossingAngle: -35.7722 axialRotation: -72.7566 zShift: 1.00998 energy: 1481.15
MCReject   xShift: 6.57462 crossingAngle: -35.7722 axialRotation: -72.7093 zShift: 1.00705 energy: 1497.08
MCReject   xShift: 6.57462 crossingAngle: -35.8335 axialRotation: -72.7093 zShift: 1.00998 energy: 1482.06
MCReject   xShift: 6.57462 crossingAngle: -35.7722 axialRotation: -72.8485 zShift: 1.00998 energy: 1482.55
MCReject   xShift: 6.58281 crossingAngle: -35.7722 axialRotation: -72.7093 zShift: 1.00998 energy: 1482.03
MCReject   xShift: 6.57462 crossingAngle: -35.7722 axialRotation: -72.5162 zShift: 1.00998 energy: 1482.12
MCReject   xShift: 6.57462 crossingAngle: -35.7722 axialRotation: -72.5703 zShift: 1.00998 energy: 1482.03
MCReject   xShift: 6.59611 crossingAngle: -35.7722 axialRotation: -72.7093 zShift: 1.00998 energy: 1480.76
MCReject   xShift: 6.57462 crossingAngle: -35.7722 axialRotation: -72.6536 zShift: 1.00998 energy: 1482.06
MCReject   xShift: 6.57462 crossingAngle: -35.8377 axialRotation: -72.7093 zShift: 1.00998 energy: 1479.91
MCReject   xShift: 6.54817 crossingAngle: -35.7722 axialRotation: -72.7093 zShift: 1.00998 energy: 1481.19
MCReject   xShift: 6.58531 crossingAngle: -35.7722 axialRotation: -72.7093 zShift: 1.00998 energy: 1481.15
MCReject   xShift: 6.57462 crossingAngle: -35.7722 axialRotation: -72.5084 zShift: 1.00998 energy: 1481.06
MCReject   xShift: 6.57462 crossingAngle: -35.7722 axialRotation: -72.7902 zShift: 1.00998 energy: 1482.03
MCReject   xShift: 6.57462 crossingAngle: -35.7722 axialRotation: -72.7927 zShift: 1.00998 energy: 1480.67
MCAccept 51 xShift: 6.57462 crossingAngle: -35.7722 axialRotation: -72.7093 zShift: 1.02509 energy: 1401.32
MCAccept 52 xShift: 6.57462 crossingAngle: -35.7722 axialRotation: -72.9223 zShift: 1.02509 energy: 1399.64
MCReject   xShift: 6.58794 crossingAngle: -35.7722 axialRotation: -72.9223 zShift: 1.02509 energy: 1400.16
MCReject   xShift: 6.57352 crossingAngle: -35.7722 axialRotation: -72.9223 zShift: 1.02509 energy: 1401
MCReject   xShift: 6.57462 crossingAngle: -35.7336 axialRotation: -72.9223 zShift: 1.02509 energy: 1400.91
MCReject   xShift: 6.57462 crossingAngle: -35.683 axialRotation: -72.9223 zShift: 1.02509 energy: 1400.05
MCReject   xShift: 6.57462 crossingAngle: -35.7722 axialRotation: -73.0508 zShift: 1.02509 energy: 1401.04
MCReject   xShift: 6.58014 crossingAngle: -35.7722 axialRotation: -72.9223 zShift: 1.02509 energy: 1400.07
MCAccept 53 xShift: 6.56125 crossingAngle: -35.7722 axialRotation: -72.9223 zShift: 1.02509 energy: 1399.59
MCAccept 54 xShift: 6.56125 crossingAngle: -35.7722 axialRotation: -72.8722 zShift: 1.02509 energy: 1399.58
MCReject   xShift: 6.56125 crossingAngle: -35.7722 axialRotation: -72.8735 zShift: 1.02509 energy: 1401.41
MCAccept 55 xShift: 6.56125 crossingAngle: -35.7722 axialRotation: -72.8722 zShift: 1.02692 energy: 1390.44
MCAccept 56 xShift: 6.56125 crossingAngle: -35.7722 axialRotation: -72.8722 zShift: 1.03671 energy: 1340.65
MCAccept 57 xShift: 6.56125 crossingAngle: -35.7722 axialRotation: -72.8722 zShift: 1.04311 energy: 1310.49
MCReject   xShift: 6.56125 crossingAngle: -35.7722 axialRotation: -72.8722 zShift: 1.03531 energy: 1347.68
MCAccept 58 xShift: 6.56125 crossingAngle: -35.7249 axialRotation: -72.8722 zShift: 1.04311 energy: 1310.07
MCAccept 59 xShift: 6.56125 crossingAngle: -35.8329 axialRotation: -72.8722 zShift: 1.04311 energy: 1308.71
MCReject   xShift: 6.56125 crossingAngle: -35.8329 axialRotation: -72.7567 zShift: 1.04311 energy: 1308.84
MCReject   xShift: 6.5657 crossingAngle: -35.8329 axialRotation: -72.8722 zShift: 1.04311 energy: 1309.22
MCReject   xShift: 6.56068 crossingAngle: -35.8329 axialRotation: -72.8722 zShift: 1.04311 energy: 1310.49
MCReject   xShift: 6.56125 crossingAngle: -35.8329 axialRotation: -72.8225 zShift: 1.04311 energy: 1309.22
MCReject   xShift: 6.56689 crossingAngle: -35.8329 axialRotation: -72.8722 zShift: 1.04311 energy: 1309.33
MCReject   xShift: 6.56125 crossingAngle: -35.8329 axialRotation: -72.8722 zShift: 1.03229 energy: 1363.92
MCReject   xShift: 6.56125 crossingAngle: -35.8329 axialRotation: -72.8161 zShift: 1.04311 energy: 1309.33
MCReject   xShift: 6.56125 crossingAngle: -35.8329 axialRotation: -72.8722 zShift: 1.04176 energy: 1315.82
MCAccept 60 xShift: 6.56125 crossingAngle: -35.8329 axialRotation: -72.8722 zShift: 1.04623 energy: 1295.49
MCAccept 61 xShift: 6.56125 crossingAngle: -35.8329 axialRotation: -72.8935 zShift: 1.04623 energy: 1293.75
MCAccept 62 xShift: 6.56125 crossingAngle: -35.8329 axialRotation: -72.8935 zShift: 1.04767 energy: 1286.71
MCReject   xShift: 6.56544 crossingAngle: -35.8329 axialRotation: -72.8935 zShift: 1.04767 energy: 1287.24
MCReject   xShift: 6.56967 crossingAngle: -35.8329 axialRotation: -72.8935 zShift: 1.04767 energy: 1288.2
MCReject   xShift: 6.55013 crossingAngle: -35.8329 axialRotation: -72.8935 zShift: 1.04767 energy: 1288.49
MCReject   xShift: 6.56125 crossingAngle: -35.8329 axialRotation: -72.8935 zShift: 1.03229 energy: 1362.51
MCReject   xShift: 6.56125 crossingAngle: -35.8329 axialRotation: -72.9808 zShift: 1.04767 energy: 1287.13
MCReject   xShift: 6.57902 crossingAngle: -35.8329 axialRotation: -72.8935 zShift: 1.04767 energy: 1288.11
MCReject   xShift: 6.56125 crossingAngle: -35.8895 axialRotation: -72.8935 zShift: 1.04767 energy: 1288.49
MCReject   xShift: 6.56125 crossingAngle: -35.7935 axialRotation: -72.8935 zShift: 1.04767 energy: 1286.84
MCAccept 63 xShift: 6.56125 crossingAngle: -35.8329 axialRotation: -72.8935 zShift: 1.06277 energy: 1217.09
MCReject   xShift: 6.56125 crossingAngle: -35.9976 axialRotation: -72.8935 zShift: 1.06277 energy: 1218.03
MCReject   xShift: 6.56125 crossingAngle: -35.8329 axialRotation: -72.8935 zShift: 1.05953 energy: 1232.66
MCReject   xShift: 6.56125 crossingAngle: -35.8329 axialRotation: -72.8935 zShift: 1.05632 energy: 1247.52
MCAccept 64 xShift: 6.56125 crossingAngle: -35.4883 axialRotation: -72.8935 zShift: 1.06277 energy: 1216.61
MCAccept 65 xShift: 6.56125 crossingAngle: -35.4883 axialRotation: -72.7875 zShift: 1.06277 energy: 1215.22
MCReject   xShift: 6.57891 crossingAngle: -35.4883 axialRotation: -72.7875 zShift: 1.06277 energy: 1217.2
MCReject   xShift: 6.5505 crossingAngle: -35.4883 axialRotation: -72.7875 zShift: 1.06277 energy: 1215.63
MCReject   xShift: 6.56125 crossingAngle: -35.4883 axialRotation: -72.8586 zShift: 1.06277 energy: 1217.98
MCReject   xShift: 6.56125 crossingAngle: -35.4883 axialRotation: -72.7239 zShift: 1.06277 energy: 1217.09
MCReject   xShift: 6.56125 crossingAngle: -35.4134 axialRotation: -72.7875 zShift: 1.06277 energy: 1215.63
MCReject   xShift: 6.56762 crossingAngle: -35.4883 axialRotation: -72.7875 zShift: 1.06277 energy: 1217.2
MCReject   xShift: 6.56874 crossingAngle: -35.4883 axialRotation: -72.7875 zShift: 1.06277 energy: 1215.75
MCReject   xShift: 6.56125 crossingAngle: -35.4883 axialRotation: -72.8264 zShift: 1.06277 energy: 1217.11
MCReject   xShift: 6.56125 crossingAngle: -35.4415 axialRotation: -72.7875 zShift: 1.06277 energy: 1217.98
MCReject   xShift: 6.56125 crossingAngle: -35.4934 axialRotation: -72.7875 zShift: 1.06277 energy: 1215.63
MCAccept 66 xShift: 6.56125 crossingAngle: -35.4883 axialRotation: -72.7875 zShift: 1.0788 energy: 1147.96
MCReject   xShift: 6.56125 crossingAngle: -35.6616 axialRotation: -72.7875 zShift: 1.0788 energy: 1148.41
MCReject   xShift: 6.56125 crossingAngle: -35.4883 axialRotation: -72.7127 zShift: 1.0788 energy: 1148.5
MCAccept 67 xShift: 6.56125 crossingAngle: -35.6362 axialRotation: -72.7875 zShift: 1.0788 energy: 1147.88
MCReject   xShift: 6.56125 crossingAngle: -35.6362 axialRotation: -72.7875 zShift: 1.06347 energy: 1213.97
MCAccept 68 xShift: 6.56125 crossingAngle: -35.4701 axialRotation: -72.7875 zShift: 1.0788 energy: 1147.02
MCReject   xShift: 6.55129 crossingAngle: -35.4701 axialRotation: -72.7875 zShift: 1.0788 energy: 1147.88
MCReject   xShift: 6.57832 crossingAngle: -35.4701 axialRotation: -72.7875 zShift: 1.0788 energy: 1147.97
MCReject   xShift: 6.56125 crossingAngle: -35.4351 axialRotation: -72.7875 zShift: 1.0788 energy: 1147.97
MCReject   xShift: 6.56125 crossingAngle: -35.5396 axialRotation: -72.7875 zShift: 1.0788 energy: 1147.88
MCReject   xShift: 6.54164 crossingAngle: -35.4701 axialRotation: -72.7875 zShift: 1.0788 energy: 1147.88
MCAccept 69 xShift: 6.56125 crossingAngle: -35.4785 axialRotation: -72.7875 zShift: 1.0788 energy: 1145.15
MCReject   xShift: 6.56125 crossingAngle: -35.3017 axialRotation: -72.7875 zShift: 1.0788 energy: 1147.88
MCReject   xShift: 6.56125 crossingAngle: -35.4785 axialRotation: -72.71 zShift: 1.0788 energy: 1147.97
MCReject   xShift: 6.56125 crossingAngle: -35.4785 axialRotation: -72.7875 zShift: 1.07631 energy: 1158.57
MCReject   xShift: 6.56125 crossingAngle: -35.3762 axialRotation: -72.7875 zShift: 1.0788 energy: 1146.93
MCReject   xShift: 6.56125 crossingAngle: -35.4785 axialRotation: -72.7875 zShift: 1.0652 energy: 1206.08
MCReject   xShift: 6.56125 crossingAngle: -35.4561 axialRotation: -72.7875 zShift: 1.0788 energy: 1146.61
MCReject   xShift: 6.56125 crossingAngle: -35.4785 axialRotation: -72.7883 zShift: 1.0788 energy: 1146.64
MCReject   xShift: 6.55279 crossingAngle: -35.4785 axialRotation: -72.7875 zShift: 1.0788 energy: 1146.64
MCReject   xShift: 6.56125 crossingAngle: -35.5331 axialRotation: -72.7875 zShift: 1.0788 energy: 1146.61
MCReject   xShift: 6.56125 crossingAngle: -35.5458 axialRotation: -72.7875 zShift: 1.0788 energy: 1147.82
MCAccept 70 xShift: 6.56125 crossingAngle: -35.4785 axialRotation: -72.7875 zShift: 1.08842 energy: 1107.16
MCReject   xShift: 6.56125 crossingAngle: -35.683 axialRotation: -72.7875 zShift: 1.08842 energy: 1107.9
MCAccept 71 xShift: 6.56125 crossingAngle: -35.4785 axialRotation: -72.8317 zShift: 1.08842 energy: 1107.07
MCAccept 72 xShift: 6.55828 crossingAngle: -35.4785 axialRotation: -72.8317 zShift: 1.08842 energy: 1105.8
MCReject   xShift: 6.55828 crossingAngle: -35.4843 axialRotation: -72.8317 zShift: 1.08842 energy: 1106.57
MCReject   xShift: 6.55828 crossingAngle: -35.4785 axialRotation: -72.7741 zShift: 1.08842 energy: 1106.57
MCReject   xShift: 6.55828 crossingAngle: -35.6315 axialRotation: -72.8317 zShift: 1.08842 energy: 1108.03
MCReject   xShift: 6.55828 crossingAngle: -35.3797 axialRotation: -72.8317 zShift: 1.08842 energy: 1107.05
MCReject   xShift: 6.55828 crossingAngle: -35.3505 axialRotation: -72.8317 zShift: 1.08842 energy: 1106.67
MCAccept 73 xShift: 6.55828 crossingAngle: -35.5401 axialRotation: -72.8317 zShift: 1.08842 energy: 1105.27
MCReject   xShift: 6.55828 crossingAngle: -35.6102 axialRotation: -72.8317 zShift: 1.08842 energy: 1106.95
MCReject   xShift: 6.55828 crossingAngle: -35.5401 axialRotation: -72.9058 zShift: 1.08842 energy: 1107.05
MCReject   xShift: 6.55828 crossingAngle: -35.5401 axialRotation: -72.8317 zShift: 1.08491 energy: 1120.01
MCReject   xShift: 6.57464 crossingAngle: -35.5401 axialRotation: -72.8317 zShift: 1.08842 energy: 1107.99
MCReject   xShift: 6.55828 crossingAngle: -35.5401 axialRotation: -72.7716 zShift: 1.08842 energy: 1106.96
MCReject   xShift: 6.57406 crossingAngle: -35.5401 axialRotation: -72.8317 zShift: 1.08842 energy: 1107.9
MCReject   xShift: 6.56765 crossingAngle: -35.5401 axialRotation: -72.8317 zShift: 1.08842 energy: 1106.54
MCReject   xShift: 6.55828 crossingAngle: -35.5401 axialRotation: -73.0616 zShift: 1.08842 energy: 1106.57
MCReject   xShift: 6.55828 crossingAngle: -35.5401 axialRotation: -72.9546 zShift: 1.08842 energy: 1108.03
MCReject   xShift: 6.55237 crossingAngle: -35.5401 axialRotation: -72.8317 zShift: 1.08842 energy: 1106.54
MCReject   xShift: 6.56464 crossingAngle: -35.5401 axialRotation: -72.8317 zShift: 1.08842 energy: 1107.07
MCReject   xShift: 6.56282 crossingAngle: -35.5401 axialRotation: -72.8317 zShift: 1.08842 energy: 1108.43
MCReject   xShift: 6.55828 crossingAngle: -35.4955 axialRotation: -72.8317 zShift: 1.08842 energy: 1107.9
MCReject   xShift: 6.55828 crossingAngle: -35.7881 axialRotation: -72.8317 zShift: 1.08842 energy: 1107.93
MCReject   xShift: 6.55828 crossingAngle: -35.5401 axialRotation: -72.8317 zShift: 1.08616 energy: 1116.4
MCReject   xShift: 6.57077 crossingAngle: -35.5401 axialRotation: -72.8317 zShift: 1.08842 energy: 1107.07
MCReject   xShift: 6.57356 crossingAngle: -35.5401 axialRotation: -72.8317 zShift: 1.08842 energy: 1108.45
MCReject   xShift: 6.55828 crossingAngle: -35.412 axialRotation: -72.8317 zShift: 1.08842 energy: 1106.54
MCReject   xShift: 6.55828 crossingAngle: -35.5401 axialRotation: -72.7852 zShift: 1.08842 energy: 1106.63
MCReject   xShift: 6.55828 crossingAngle: -35.5401 axialRotation: -72.909 zShift: 1.08842 energy: 1106.63
MCReject   xShift: 6.55828 crossingAngle: -35.6972 axialRotation: -72.8317 zShift: 1.08842 energy: 1108.03
MCReject   xShift: 6.56088 crossingAngle: -35.5401 axialRotation: -72.8317 zShift: 1.08842 energy: 1107.07
MCReject   xShift: 6.55828 crossingAngle: -35.5456 axialRotation: -72.8317 zShift: 1.08842 energy: 1106.96
MCAccept 74 xShift: 6.55828 crossingAngle: -35.5401 axialRotation: -72.8317 zShift: 1.09616 energy: 1075.55
MCAccept 75 xShift: 6.55828 crossingAngle: -35.5781 axialRotation: -72.8317 zShift: 1.09616 energy: 1074.19
MCReject   xShift: 6.56411 crossingAngle: -35.5781 axialRotation: -72.8317 zShift: 1.09616 energy: 1075.42
MCReject   xShift: 6.55828 crossingAngle: -35.5781 axialRotation: -72.8545 zShift: 1.09616 energy: 1077.29
MCReject   xShift: 6.55828 crossingAngle: -35.4444 axialRotation: -72.8317 zShift: 1.09616 energy: 1077.41
MCReject   xShift: 6.55828 crossingAngle: -35.5781 axialRotation: -72.9151 zShift: 1.09616 energy: 1075.42
MCReject   xShift: 6.55828 crossingAngle: -35.5781 axialRotation: -72.776 zShift: 1.09616 energy: 1077.31
MCReject   xShift: 6.55828 crossingAngle: -35.5781 axialRotation: -72.8317 zShift: 1.09418 energy: 1084.74
MCReject   xShift: 6.54274 crossingAngle: -35.5781 axialRotation: -72.8317 zShift: 1.09616 energy: 1076.91
MCReject   xShift: 6.55828 crossingAngle: -35.5781 axialRotation: -72.8317 zShift: 1.08603 energy: 1116.95
MCReject   xShift: 6.55828 crossingAngle: -35.5027 axialRotation: -72.8317 zShift: 1.09616 energy: 1075.97
MCReject   xShift: 6.55828 crossingAngle: -35.5781 axialRotation: -72.8317 zShift: 1.0918 energy: 1093.36
MCAccept 76 xShift: 6.55828 crossingAngle: -35.5781 axialRotation: -72.7079 zShift: 1.09616 energy: 1074.19
MCReject   xShift: 6.57575 crossingAngle: -35.5781 axialRotation: -72.7079 zShift: 1.09616 energy: 1077.41
MCReject   xShift: 6.55828 crossingAngle: -35.5781 axialRotation: -72.7251 zShift: 1.09616 energy: 1075.42
MCReject   xShift: 6.55828 crossingAngle: -35.5781 axialRotation: -72.7828 zShift: 1.09616 energy: 1076.88
MCReject   xShift: 6.55828 crossingAngle: -35.5781 axialRotation: -72.7079 zShift: 1.08476 energy: 1122.11
MCAccept 77 xShift: 6.55828 crossingAngle: -35.5781 axialRotation: -72.7079 zShift: 1.10818 energy: 1030.89
MCAccept 78 xShift: 6.541 crossingAngle: -35.5781 axialRotation: -72.7079 zShift: 1.10818 energy: 1030.33
MCReject   xShift: 6.541 crossingAngle: -35.5781 axialRotation: -72.7059 zShift: 1.10818 energy: 1030.96
MCAccept 79 xShift: 6.541 crossingAngle: -35.5781 axialRotation: -72.6877 zShift: 1.10818 energy: 1028.97
MCReject   xShift: 6.541 crossingAngle: -35.5781 axialRotation: -72.7101 zShift: 1.10818 energy: 1029.49
MCReject   xShift: 6.541 crossingAngle: -35.5781 axialRotation: -72.585 zShift: 1.10818 energy: 1029.07
MCReject   xShift: 6.541 crossingAngle: -35.5781 axialRotation: -72.5699 zShift: 1.10818 energy: 1029.07
MCReject   xShift: 6.53888 crossingAngle: -35.5781 axialRotation: -72.6877 zShift: 1.10818 energy: 1029.51
MCAccept 80 xShift: 6.541 crossingAngle: -35.4699 axialRotation: -72.6877 zShift: 1.10818 energy: 1028.03
MCReject   xShift: 6.541 crossingAngle: -35.4699 axialRotation: -72.6164 zShift: 1.10818 energy: 1030.33
MCReject   xShift: 6.541 crossingAngle: -35.4699 axialRotation: -72.6877 zShift: 1.10139 energy: 1054.1
MCReject   xShift: 6.541 crossingAngle: -35.4016 axialRotation: -72.6877 zShift: 1.10818 energy: 1029.39
MCReject   xShift: 6.53632 crossingAngle: -35.4699 axialRotation: -72.6877 zShift: 1.10818 energy: 1029.07
MCReject   xShift: 6.541 crossingAngle: -35.4699 axialRotation: -72.6877 zShift: 1.09229 energy: 1090.01
MCReject   xShift: 6.55708 crossingAngle: -35.4699 axialRotation: -72.6877 zShift: 1.10818 energy: 1030.87
Energy #0: 1028.03
***GEOMETRY SHIFT***
xShift;        Before: 6.58; After: 6.541
crossingAngle; Before: -35.44; After: -35.4699
axialRotation; Before: -72.85; After: -72.6877
zShift;        Before: 0.86; After: 1.10818
Energy;        Before: 6.9896e+07; After: 1028.03

Completed all cycles. Accepted 81/312
Monte Carlo repack complete. Time: 82.85min

Final energy is 1028.03 after repack, indicating clashes. Choose a different geometry
