***STARTING GEOMETRY:***
xShift: 6.541
crossingAngle: -35.4699
axialRotation: -72.6877
zShift: 1.10818

Number of MCCycles: 200
PrevSequence	CurrSequence	PrevEnergy	CurrEnergy	PrevEntropy	CurrEntropy	CurrentTemp
LLLYGLLSYLLGTLLGYLILI	LLLYGLLSYLLGTLLGWLILI	1036.19	1034.21	0.591129	0.272043	999.847
LLLYGLLSYLLGTLLGWLILI	LLLWGLLSYLLGTLLGWLILI	1034.21	1035.94	0.267575	0.598868	999.684
LLLWGLLSYLLGTLLGWLILI	LLLYGLLSYLLGTLLGWLILI	1035.94	1034.21	0.598868	0.267575	999.512
LLLYGLLSYLLGTLLGWLILI	LLLYGLLSYLLGTLLGYLILI	1034.21	1035.15	0.272043	0.591129	999.328
LLLYGLLSYLLGTLLGYLILI	LLLYGLLSWLLGTLLGYLILI	1035.15	1035.36	0.591129	0.272043	999.134
LLLYGLLSWLLGTLLGYLILI	LLLYYLLSWLLGTLLGYLILI	1035.36	1035.84	0.269472	0.595564	998.928
LLLYYLLSWLLGTLLGYLILI	LLLYYLLSWLLGLLLGYLILI	1035.81	1038.62	0.565318	0.287636	998.708
LLLYYLLSWLLGLLLGYLILI	LLLGYLLSWLLGLLLGYLILI	1038.93	1039.24	0.595564	0.269472	998.476
LLLGYLLSWLLGLLLGYLILI	LLLGFLLSWLLGLLLGYLILI	1039.92	1043.95	0.952787	0.132101	998.229
LLLGFLLSWLLGLLLGYLILI	LLLGFLLSTLLGLLLGYLILI	1044.53	1037.85	0.716965	0.209355	997.967
LLLGFLLSTLLGLLLGYLILI	LLLGFLLGTLLGLLLGYLILI	1037.8	1040.92	0.151251	0.88184	997.689
LLLGFLLGTLLGLLLGYLILI	LLLGYLLGTLLGLLLGYLILI	1040.17	1039.93	0.132101	0.952787	997.081
LLLGYLLGTLLGLLLGYLILI	LLLGYLLGTLLGTLLGYLILI	1039.14	1035.7	0.161118	0.849143	996.749
LLLGYLLGTLLGTLLGYLILI	LLLGYLLGTLLGTLLGWLILI	1035.31	1034.55	0.451187	0.372136	996.397
LLLGYLLGTLLGTLLGWLILI	LLLGYLLGTLLGTLLGTLILI	1034.52	1035.34	0.343253	0.48602	996.023
LLLGYLLGTLLGTLLGTLILI	LLLGYLLGTLLGTLLGYLILI	1035.3	1035.29	0.443059	0.379341	995.626
LLLGYLLGTLLGTLLGYLILI	LLLYYLLGTLLGTLLGYLILI	1035.24	1034.54	0.337561	0.493345	995.205
LLLYYLLGTLLGTLLGYLILI	LLLTYLLGTLLGTLLGYLILI	1034.55	1035.28	0.505042	0.328724	994.758
LLLTYLLGTLLGTLLGYLILI	LLLTYLLGVLLGTLLGYLILI	1036.08	1037.78	1.12845	0.0952708	994.285
LLLTYLLGVLLGTLLGYLILI	LLLTYLLGTLLGTLLGYLILI	1037.78	1037.99	0.0952708	1.12845	993.782
LLLTYLLGTLLGTLLGYLILI	LLLTYLLGTLLGTLLGTLILI	1037.17	1033.98	0.30482	0.538845	993.249
LLLTYLLGTLLGTLLGTLILI	LLLTYLLGTLLGVLLGTLILI	1034.72	1038.66	1.27634	0.0728516	992.683
LLLTYLLGTLLGVLLGTLILI	LLLTYLLGTLLGTLLGTLILI	1038.66	1036.78	0.0728516	1.27634	992.084
LLLTYLLGTLLGTLLGTLILI	LLLYYLLGTLLGTLLGTLILI	1036.04	1033.97	0.538845	0.30482	991.448
LLLYYLLGTLLGTLLGTLILI	LLLYFLLGTLLGTLLGTLILI	1034.62	1034.84	0.952787	0.132101	990.773
LLLYFLLGTLLGTLLGTLILI	LLLYFLLGLLLGTLLGTLILI	1035.75	1036.52	1.04019	0.112128	990.058
LLLYFLLGLLLGTLLGTLILI	LLLYFLLGTLLGTLLGTLILI	1036.52	1035.37	0.112128	1.04019	989.3
LLLYFLLGTLLGTLLGTLILI	LLLYYLLGTLLGTLLGTLILI	1034.46	1034.62	0.132101	0.952787	987.644
LLLYYLLGTLLGTLLGTLILI	LLLYYLLGYLLGTLLGTLILI	1033.99	1034.88	0.328724	0.505042	986.74
LLLYYLLGYLLGTLLGTLILI	LLLYYLLGYLLGTLLGYLILI	1034.56	1037.71	0.186892	0.773553	985.783
LLLYYLLGYLLGTLLGYLILI	LLLGYLLGYLLGTLLGYLILI	1037.53	1035.74	0.595564	0.269472	984.769
LLLGYLLGYLLGTLLGYLILI	LLLGYLLGYLLGTLLGWLILI	1036.06	1035.04	0.591129	0.272043	983.694
LLLGYLLGYLLGTLLGWLILI	LLLGYLLGTLLGTLLGWLILI	1035.27	1034.51	0.505042	0.328724	982.555
LLLGYLLGTLLGTLLGWLILI	LLLGYLLGTLLGTLLGTLILI	1034.52	1035.95	0.343253	0.48602	981.348
LLLGYLLGTLLGTLLGTLILI	LLLGYLLGTLLGTLLGWLILI	1035.95	1034.52	0.48602	0.343253	978.717
LLLGYLLGTLLGTLLGWLILI	LLLYYLLGTLLGTLLGWLILI	1034.63	1033.69	0.453966	0.369715	977.285
LLLYYLLGTLLGTLLGWLILI	LLLTYLLGTLLGTLLGWLILI	1033.7	1032.76	0.379341	0.443059	975.768
LLLTYLLGTLLGTLLGWLILI	LLLTYLLGTLLGLLLGWLILI	1033.36	1038.76	1.04019	0.112128	974.162
LLLTYLLGTLLGLLLGWLILI	LLLYYLLGTLLGLLLGWLILI	1038.98	1038.29	0.328724	0.505042	972.463
LLLYYLLGTLLGLLLGWLILI	LLLYYLLGTLLGLLLGTLILI	1038.25	1037.53	0.460972	0.363705	970.666
LLLYYLLGTLLGLLLGTLILI	LLLYYLLGTLLGTLLGTLILI	1037.28	1034.33	0.112128	1.04019	968.764
LLLYYLLGTLLGTLLGTLILI	LLLYYLLGTLLGLLLGTLILI	1034.33	1037.5	1.04019	0.112128	966.754
LLLYYLLGTLLGLLLGTLILI	LLLYYLLGTLLGLLLGWLILI	1037.76	1038.39	0.363705	0.460972	964.627
LLLYYLLGTLLGLLLGWLILI	LLLYYLLGTLLGTLLGWLILI	1038.09	1034.27	0.161118	0.849143	962.38
LLLYYLLGTLLGTLLGWLILI	LLLYYLLGTLLGTLLGYLILI	1033.69	1033.26	0.272043	0.591129	960.005
LLLYYLLGTLLGTLLGYLILI	LLLYFLLGTLLGTLLGYLILI	1033.82	1034.23	1.15198	0.0912572	957.496
LLLYFLLGTLLGTLLGYLILI	LLLYYLLGTLLGTLLGYLILI	1034.23	1034.58	0.0912572	1.15198	954.846
LLLYYLLGTLLGTLLGYLILI	LLLYFLLGTLLGTLLGYLILI	1034.58	1033.93	1.15198	0.0912572	952.048
LLLYFLLGTLLGTLLGYLILI	LLLYYLLGTLLGTLLGYLILI	1033.93	1034.68	0.0912572	1.15198	949.095
LLLYYLLGTLLGTLLGYLILI	LLLYYLLGTLLGTLLGWLILI	1034.11	1032.73	0.591129	0.272043	945.979
LLLYYLLGTLLGTLLGWLILI	LLLYWLLGTLLGTLLGWLILI	1032.73	1032.82	0.267575	0.598868	942.693
LLLYWLLGTLLGTLLGWLILI	LLLYFLLGTLLGTLLGWLILI	1033.46	1033.52	1.23103	0.0790506	939.229
LLLYFLLGTLLGTLLGWLILI	LLLYYLLGTLLGTLLGWLILI	1033.57	1034.68	0.132101	0.952787	935.578
LLLYYLLGTLLGTLLGWLILI	LLLYFLLGTLLGTLLGWLILI	1034.68	1033.36	0.952787	0.132101	931.732
LLLYFLLGTLLGTLLGWLILI	LLLYFLLGLLLGTLLGWLILI	1034.08	1035.74	0.849143	0.161118	927.683
LLLYFLLGLLLGTLLGWLILI	LLLYFLLGLLLGTLLGYLILI	1035.95	1036.33	0.372136	0.451187	923.422
LLLYFLLGLLLGTLLGYLILI	LLLYFLLGLLLGLLLGYLILI	1036.31	1039.98	0.429465	0.391819	918.939
LLLYFLLGLLLGLLLGYLILI	LLLYFLLGTLLGLLLGYLILI	1039.98	1038.4	0.391819	0.429465	914.227
LLLYFLLGTLLGLLLGYLILI	LLLYFLLGTLLGLLLGWLILI	1038.42	1038.24	0.451187	0.372136	909.276
LLLYFLLGTLLGLLLGWLILI	LLLTFLLGTLLGLLLGWLILI	1038.17	1038.46	0.30482	0.538845	904.077
LLLTFLLGTLLGLLLGWLILI	LLLTFLLGTLLGLLLGYLILI	1038.52	1038.37	0.598868	0.267575	898.621
LLLTFLLGTLLGLLLGYLILI	LLLTFLLGTLLGTLLGYLILI	1038.21	1035.17	0.112128	1.04019	892.899
LLLTFLLGTLLGTLLGYLILI	LLLTFLLGTLLGTLLGWLILI	1034.39	1034.07	0.267575	0.598868	886.903
LLLTFLLGTLLGTLLGWLILI	LLLYFLLGTLLGTLLGWLILI	1034.17	1033.76	0.693609	0.219549	880.623
LLLYFLLGTLLGTLLGWLILI	LLLYYLLGTLLGTLLGWLILI	1033.67	1034.59	0.132101	0.952787	874.051
LLLYYLLGTLLGTLLGWLILI	LLLYWLLGTLLGTLLGWLILI	1033.9	1033.95	0.267575	0.598868	867.179
LLLYWLLGTLLGTLLGWLILI	LLLYYLLGTLLGTLLGWLILI	1033.95	1032.81	0.598868	0.267575	859.999
LLLYYLLGTLLGTLLGWLILI	LLLYFLLGTLLGTLLGWLILI	1033.5	1033.63	0.952787	0.132101	852.504
LLLYFLLGTLLGTLLGWLILI	LLLTFLLGTLLGTLLGWLILI	1033.72	1034.15	0.219549	0.693609	844.686
LLLTFLLGTLLGTLLGWLILI	LLLTFLLGTLLGTLLGYLILI	1034.05	1034.39	0.598868	0.267575	836.541
LLLTFLLGTLLGTLLGYLILI	LLLYFLLGTLLGTLLGYLILI	1034.57	1034.22	0.443059	0.379341	828.061
LLLYFLLGTLLGTLLGYLILI	LLLYYLLGTLLGTLLGYLILI	1033.93	1035.1	0.0912572	1.15198	819.243
LLLYYLLGTLLGTLLGYLILI	LLLYFLLGTLLGTLLGYLILI	1035.1	1034.17	1.15198	0.0912572	810.083
LLLYFLLGTLLGTLLGYLILI	LLLTFLLGTLLGTLLGYLILI	1034.46	1034.56	0.379341	0.443059	800.577
LLLTFLLGTLLGTLLGYLILI	LLLYFLLGTLLGTLLGYLILI	1034.56	1034.42	0.443059	0.379341	790.724
LLLYFLLGTLLGTLLGYLILI	LLLTFLLGTLLGTLLGYLILI	1034.42	1034.56	0.379341	0.443059	780.523
LLLTFLLGTLLGTLLGYLILI	LLLTFLLGLLLGTLLGYLILI	1035.16	1036.23	1.04019	0.112128	769.974
LLLTFLLGLLLGTLLGYLILI	LLLTFLLGLLLGTLLGTLILI	1036.34	1037.3	0.219549	0.693609	759.081
LLLTFLLGLLLGTLLGTLILI	LLLYFLLGLLLGTLLGTLILI	1037.3	1036.69	0.693609	0.219549	747.845
LLLYFLLGLLLGTLLGTLILI	LLLTFLLGLLLGTLLGTLILI	1036.69	1037.3	0.219549	0.693609	736.272
LLLTFLLGLLLGTLLGTLILI	LLLTFLLGLLLGVLLGTLILI	1037.74	1040.07	1.12845	0.0952708	724.369
LLLTFLLGLLLGVLLGTLILI	LLLTFLLGTLLGVLLGTLILI	1040.09	1038.94	0.112128	1.04019	712.142
LLLTFLLGTLLGVLLGTLILI	LLLYFLLGTLLGVLLGTLILI	1038.59	1038.05	0.693609	0.219549	699.602
LLLYFLLGTLLGVLLGTLILI	LLLYFLLGTLLGTLLGTLILI	1037.92	1035.79	0.0952708	1.12845	686.76
LLLYFLLGTLLGTLLGTLILI	LLLYFLLGTLLGTLLGWLILI	1035.15	1033.64	0.48602	0.343253	673.628
LLLYFLLGTLLGTLLGWLILI	LLLYYLLGTLLGTLLGWLILI	1033.42	1033.69	0.132101	0.952787	660.222
LLLYYLLGTLLGTLLGWLILI	LLLWYLLGTLLGTLLGWLILI	1033.01	1033.08	0.267575	0.598868	646.557
LLLWYLLGTLLGTLLGWLILI	LLLWYLLGTLLGTLLGTLILI	1033.04	1033.77	0.559121	0.291546	632.651
LLLWYLLGTLLGTLLGTLILI	LLLWYLLGTLLGVLLGTLILI	1034.6	1036.94	1.12845	0.0952708	618.524
LLLWYLLGTLLGVLLGTLILI	LLLTYLLGTLLGVLLGTLILI	1037.19	1037.13	0.343253	0.48602	604.196
LLLTYLLGTLLGVLLGTLILI	LLLTYLLGTLLGTLLGTLILI	1036.72	1036.7	0.0728516	1.27634	589.688
LLLTYLLGTLLGTLLGTLILI	LLLTYLLGTLLGLLLGTLILI	1036.61	1037.54	1.18439	0.0860236	575.025
LLLTYLLGTLLGLLLGTLILI	LLLTYLLGTLLGTLLGTLILI	1037.54	1036.7	0.0860236	1.18439	560.23
LLLTYLLGTLLGTLLGTLILI	LLLTFLLGTLLGTLLGTLILI	1036.17	1034.91	0.650378	0.240035	545.329
LLLTFLLGTLLGTLLGTLILI	LLLTFLLGTLLGTLLGWLILI	1035.26	1033.74	0.58734	0.274265	530.348
LLLTFLLGTLLGTLLGWLILI	LLLYFLLGTLLGTLLGWLILI	1034.16	1033.81	0.693609	0.219549	515.312
LLLYFLLGTLLGTLLGWLILI	LLLYFLLGTLLGTLLGYLILI	1033.96	1034.29	0.372136	0.451187	500.25
LLLYFLLGTLLGTLLGYLILI	LLLYFLLGLLLGTLLGYLILI	1034.69	1036.38	0.849143	0.161118	485.188
LLLYFLLGLLLGTLLGYLILI	LLLYFLLGTLLGTLLGYLILI	1036.38	1034.82	0.161118	0.849143	470.152
LLLYFLLGTLLGTLLGYLILI	LLLYFLLGTLLGTLLGWLILI	1034.42	1033.87	0.451187	0.372136	440.27
LLLYFLLGTLLGTLLGWLILI	LLLTFLLGTLLGTLLGWLILI	1033.72	1034.26	0.219549	0.693609	410.812
LLLTFLLGTLLGTLLGWLILI	LLLTYLLGTLLGTLLGWLILI	1033.81	1032.95	0.240035	0.650378	396.304
LLLTYLLGTLLGTLLGWLILI	LLLYYLLGTLLGTLLGWLILI	1032.75	1032.53	0.443059	0.379341	381.976
LLLYYLLGTLLGTLLGWLILI	LLLYFLLGTLLGTLLGWLILI	1033.1	1033.72	0.952787	0.132101	367.849
LLLYFLLGTLLGTLLGWLILI	LLLYFLLGTLLGTLLGYLILI	1033.96	1034.49	0.372136	0.451187	353.943
LLLYFLLGTLLGTLLGYLILI	LLLYWLLGTLLGTLLGYLILI	1034.19	1034.23	0.148778	0.890414	340.278
LLLYWLLGTLLGTLLGYLILI	LLLYFLLGTLLGTLLGYLILI	1034.23	1033.99	0.890414	0.148778	326.872
LLLYFLLGTLLGTLLGYLILI	LLLTFLLGTLLGTLLGYLILI	1034.22	1034.58	0.379341	0.443059	313.74
LLLTFLLGTLLGTLLGYLILI	LLLYFLLGTLLGTLLGYLILI	1034.58	1034.25	0.443059	0.379341	300.898
LLLYFLLGTLLGTLLGYLILI	LLLYWLLGTLLGTLLGYLILI	1034.02	1034.11	0.148778	0.890414	288.358
LLLYWLLGTLLGTLLGYLILI	LLLYFLLGTLLGTLLGYLILI	1034.11	1034.08	0.890414	0.148778	276.131
LLLYFLLGTLLGTLLGYLILI	LLLYFLLGTLLGTLLGWLILI	1034.39	1033.57	0.451187	0.372136	264.228
LLLYFLLGTLLGTLLGWLILI	LLLYFLLGTLLGTLLGYLILI	1033.57	1034.59	0.372136	0.451187	252.655
LLLYFLLGTLLGTLLGYLILI	LLLYFLLGTLLGTLLGWLILI	1034.59	1033.86	0.451187	0.372136	230.526
LLLYFLLGTLLGTLLGWLILI	LLLYYLLGTLLGTLLGWLILI	1033.62	1033.69	0.132101	0.952787	209.776
LLLYYLLGTLLGTLLGWLILI	LLLYFLLGTLLGTLLGWLILI	1033.69	1033.53	0.952787	0.132101	199.923
LLLYFLLGTLLGTLLGWLILI	LLLYFLLGTLLGTLLGYLILI	1033.77	1034.49	0.372136	0.451187	163.959
LLLYFLLGTLLGTLLGYLILI	LLLYFLLGTLLGTLLGWLILI	1034.49	1033.87	0.451187	0.372136	155.814
LLLYFLLGTLLGTLLGWLILI	LLLYFLLGTLLGTLLGYLILI	1033.87	1034.39	0.372136	0.451187	147.996
LLLYFLLGTLLGTLLGYLILI	LLLTFLLGTLLGTLLGYLILI	1034.31	1034.57	0.379341	0.443059	140.501
LLLTFLLGTLLGTLLGYLILI	LLLTFLLGTLLGTLLGWLILI	1034.39	1034.17	0.267575	0.598868	133.321
LLLTFLLGTLLGTLLGWLILI	LLLYFLLGTLLGTLLGWLILI	1034.26	1033.45	0.693609	0.219549	119.877
LLLYFLLGTLLGTLLGWLILI	LLLYYLLGTLLGTLLGWLILI	1033.36	1033	0.132101	0.952787	107.601
Time: 291s
