MCAccept 0 xShift: 8.39 crossingAngle: -35.31 axialRotation: -16.77 zShift: 4.90264 energy: 1.57464
MCAccept 1 xShift: 8.39 crossingAngle: -35.31 axialRotation: -16.9345 zShift: 4.90264 energy: 1.57464
MCAccept 2 xShift: 8.39 crossingAngle: -35.31 axialRotation: -17.1752 zShift: 4.90264 energy: 1.57464
MCAccept 3 xShift: 8.39 crossingAngle: -35.31 axialRotation: -17.1115 zShift: 4.90264 energy: 1.57464
MCAccept 4 xShift: 8.38848 crossingAngle: -35.31 axialRotation: -17.1115 zShift: 4.90264 energy: 1.57464
MCAccept 5 xShift: 8.38848 crossingAngle: -35.31 axialRotation: -17.1115 zShift: 4.90987 energy: 1.54106
MCAccept 6 xShift: 8.40541 crossingAngle: -35.31 axialRotation: -17.1115 zShift: 4.90987 energy: 1.54106
MCAccept 7 xShift: 8.40541 crossingAngle: -35.3778 axialRotation: -17.1115 zShift: 4.90987 energy: 1.54106
MCAccept 8 xShift: 8.40236 crossingAngle: -35.3778 axialRotation: -17.1115 zShift: 4.90987 energy: 1.54106
MCAccept 9 xShift: 8.40236 crossingAngle: -35.4427 axialRotation: -17.1115 zShift: 4.90987 energy: 1.54106
MCAccept 10 xShift: 8.40236 crossingAngle: -35.4427 axialRotation: -17.1697 zShift: 4.90987 energy: 1.54106
MCAccept 11 xShift: 8.40236 crossingAngle: -35.5598 axialRotation: -17.1697 zShift: 4.90987 energy: 1.54106
MCAccept 12 xShift: 8.38888 crossingAngle: -35.5598 axialRotation: -17.1697 zShift: 4.90987 energy: 1.54106
MCAccept 13 xShift: 8.38888 crossingAngle: -35.6891 axialRotation: -17.1697 zShift: 4.90987 energy: 1.54106
MCAccept 14 xShift: 8.39069 crossingAngle: -35.6891 axialRotation: -17.1697 zShift: 4.90987 energy: 1.54106
MCAccept 15 xShift: 8.39621 crossingAngle: -35.6891 axialRotation: -17.1697 zShift: 4.90987 energy: 1.54106
MCAccept 16 xShift: 8.40017 crossingAngle: -35.6891 axialRotation: -17.1697 zShift: 4.90987 energy: 1.54106
MCAccept 17 xShift: 8.40017 crossingAngle: -35.6891 axialRotation: -17.1045 zShift: 4.90987 energy: 1.54106
MCAccept 18 xShift: 8.40017 crossingAngle: -35.5405 axialRotation: -17.1045 zShift: 4.90987 energy: 1.54106
MCAccept 19 xShift: 8.40017 crossingAngle: -35.5405 axialRotation: -17.1093 zShift: 4.90987 energy: 1.54106
MCAccept 20 xShift: 8.40017 crossingAngle: -35.5405 axialRotation: -17.1093 zShift: 4.9207 energy: 1.49075
MCAccept 21 xShift: 8.40017 crossingAngle: -35.5405 axialRotation: -16.9353 zShift: 4.9207 energy: 1.49075
MCAccept 22 xShift: 8.40017 crossingAngle: -35.5405 axialRotation: -16.9353 zShift: 4.93481 energy: 1.42528
MCAccept 23 xShift: 8.40017 crossingAngle: -35.5622 axialRotation: -16.9353 zShift: 4.93481 energy: 1.42528
MCAccept 24 xShift: 8.40017 crossingAngle: -35.5622 axialRotation: -16.9353 zShift: 4.94515 energy: 1.37734
MCAccept 25 xShift: 8.40017 crossingAngle: -35.5622 axialRotation: -16.9479 zShift: 4.94515 energy: 1.37734
MCAccept 26 xShift: 8.40017 crossingAngle: -35.5622 axialRotation: -16.9479 zShift: 4.95009 energy: 1.35447
MCAccept 27 xShift: 8.40017 crossingAngle: -35.4112 axialRotation: -16.9479 zShift: 4.95009 energy: 1.35447
MCAccept 28 xShift: 8.40017 crossingAngle: -35.4112 axialRotation: -16.9274 zShift: 4.95009 energy: 1.35447
MCAccept 29 xShift: 8.40017 crossingAngle: -35.3651 axialRotation: -16.9274 zShift: 4.95009 energy: 1.35447
MCAccept 30 xShift: 8.40017 crossingAngle: -35.3651 axialRotation: -16.9384 zShift: 4.95009 energy: 1.35447
MCAccept 31 xShift: 8.40017 crossingAngle: -35.3651 axialRotation: -16.9384 zShift: 4.9621 energy: 1.29889
MCAccept 32 xShift: 8.40017 crossingAngle: -35.3651 axialRotation: -16.7694 zShift: 4.9621 energy: 1.29889
MCAccept 33 xShift: 8.413 crossingAngle: -35.3651 axialRotation: -16.7694 zShift: 4.9621 energy: 1.29889
MCAccept 34 xShift: 8.413 crossingAngle: -35.3651 axialRotation: -16.7694 zShift: 4.9527 energy: 1.34241
MCAccept 35 xShift: 8.40583 crossingAngle: -35.3651 axialRotation: -16.7694 zShift: 4.9527 energy: 1.34241
MCAccept 36 xShift: 8.40583 crossingAngle: -35.3651 axialRotation: -16.7694 zShift: 4.94562 energy: 1.37518
MCAccept 37 xShift: 8.40583 crossingAngle: -35.3196 axialRotation: -16.7694 zShift: 4.94562 energy: 1.37518
MCAccept 38 xShift: 8.40583 crossingAngle: -35.4043 axialRotation: -16.7694 zShift: 4.94562 energy: 1.37518
MCAccept 39 xShift: 8.40583 crossingAngle: -35.6386 axialRotation: -16.7694 zShift: 4.94562 energy: 1.37518
MCAccept 40 xShift: 8.40583 crossingAngle: -35.6386 axialRotation: -16.7694 zShift: 4.92302 energy: 1.47998
MCAccept 41 xShift: 8.40106 crossingAngle: -35.6386 axialRotation: -16.7694 zShift: 4.92302 energy: 1.47998
MCAccept 42 xShift: 8.40106 crossingAngle: -35.6386 axialRotation: -16.7694 zShift: 4.92312 energy: 1.47949
MCAccept 43 xShift: 8.40106 crossingAngle: -35.6386 axialRotation: -16.746 zShift: 4.92312 energy: 1.47949
MCAccept 44 xShift: 8.40106 crossingAngle: -35.6386 axialRotation: -16.8435 zShift: 4.92312 energy: 1.47949
MCAccept 45 xShift: 8.37913 crossingAngle: -35.6386 axialRotation: -16.8435 zShift: 4.92312 energy: 1.47949
MCAccept 46 xShift: 8.37913 crossingAngle: -35.6386 axialRotation: -16.8435 zShift: 4.93351 energy: 1.43129
MCAccept 47 xShift: 8.36956 crossingAngle: -35.6386 axialRotation: -16.8435 zShift: 4.93351 energy: 1.43129
MCAccept 48 xShift: 8.36956 crossingAngle: -35.6386 axialRotation: -16.9105 zShift: 4.93351 energy: 1.43129
MCAccept 49 xShift: 8.37111 crossingAngle: -35.6386 axialRotation: -16.9105 zShift: 4.93351 energy: 1.43129
MCAccept 50 xShift: 8.37111 crossingAngle: -35.6386 axialRotation: -16.8939 zShift: 4.93351 energy: 1.43129
MCAccept 51 xShift: 8.37111 crossingAngle: -35.6386 axialRotation: -16.8939 zShift: 4.93712 energy: 1.41457
MCAccept 52 xShift: 8.3767 crossingAngle: -35.6386 axialRotation: -16.8939 zShift: 4.93712 energy: 1.41457
MCAccept 53 xShift: 8.37955 crossingAngle: -35.6386 axialRotation: -16.8939 zShift: 4.93712 energy: 1.41457
MCAccept 54 xShift: 8.37955 crossingAngle: -35.6386 axialRotation: -16.8939 zShift: 4.95541 energy: 1.32984
MCAccept 55 xShift: 8.37955 crossingAngle: -35.7321 axialRotation: -16.8939 zShift: 4.95541 energy: 1.32984
MCAccept 56 xShift: 8.37955 crossingAngle: -35.7381 axialRotation: -16.8939 zShift: 4.95541 energy: 1.32984
MCAccept 57 xShift: 8.37955 crossingAngle: -35.7381 axialRotation: -16.8939 zShift: 4.96729 energy: 1.2749
MCAccept 58 xShift: 8.37955 crossingAngle: -35.7408 axialRotation: -16.8939 zShift: 4.96729 energy: 1.2749
MCAccept 59 xShift: 8.37955 crossingAngle: -35.7408 axialRotation: -17.096 zShift: 4.96729 energy: 1.2749
MCAccept 60 xShift: 8.37955 crossingAngle: -35.6477 axialRotation: -17.096 zShift: 4.96729 energy: 1.2749
MCAccept 61 xShift: 8.37955 crossingAngle: -35.6477 axialRotation: -17.096 zShift: 4.97958 energy: 1.21812
MCAccept 62 xShift: 8.38303 crossingAngle: -35.6477 axialRotation: -17.096 zShift: 4.97958 energy: 1.21812
MCAccept 63 xShift: 8.38303 crossingAngle: -35.4612 axialRotation: -17.096 zShift: 4.97958 energy: 1.21812
MCAccept 64 xShift: 8.38146 crossingAngle: -35.4612 axialRotation: -17.096 zShift: 4.97958 energy: 1.21812
MCAccept 65 xShift: 8.38146 crossingAngle: -35.4612 axialRotation: -17.096 zShift: 4.9846 energy: 1.19495
MCAccept 66 xShift: 8.38146 crossingAngle: -35.4072 axialRotation: -17.096 zShift: 4.9846 energy: 1.19495
MCAccept 67 xShift: 8.38146 crossingAngle: -35.4072 axialRotation: -17.1059 zShift: 4.9846 energy: 1.19495
MCReject   xShift: 8.38146 crossingAngle: -35.4072 axialRotation: -17.1059 zShift: 4.97627 energy: 1.23341
MCAccept 68 xShift: 8.41188 crossingAngle: -35.4072 axialRotation: -17.1059 zShift: 4.9846 energy: 1.19495
MCAccept 69 xShift: 8.41188 crossingAngle: -35.4072 axialRotation: -17.1059 zShift: 4.99449 energy: 1.14936
MCAccept 70 xShift: 8.41188 crossingAngle: -35.3876 axialRotation: -17.1059 zShift: 4.99449 energy: 1.14936
MCAccept 71 xShift: 8.41188 crossingAngle: -35.3876 axialRotation: -17.1256 zShift: 4.99449 energy: 1.14936
MCAccept 72 xShift: 8.41325 crossingAngle: -35.3876 axialRotation: -17.1256 zShift: 4.99449 energy: 1.14936
MCAccept 73 xShift: 8.41325 crossingAngle: -35.2647 axialRotation: -17.1256 zShift: 4.99449 energy: 1.14936
MCAccept 74 xShift: 8.41325 crossingAngle: -35.1542 axialRotation: -17.1256 zShift: 4.99449 energy: 1.14936
MCAccept 75 xShift: 8.43115 crossingAngle: -35.1542 axialRotation: -17.1256 zShift: 4.99449 energy: 1.14936
MCAccept 76 xShift: 8.43115 crossingAngle: -35.2019 axialRotation: -17.1256 zShift: 4.99449 energy: 1.14936
MCAccept 77 xShift: 8.42026 crossingAngle: -35.2019 axialRotation: -17.1256 zShift: 4.99449 energy: 1.14936
MCAccept 78 xShift: 8.42026 crossingAngle: -35.1777 axialRotation: -17.1256 zShift: 4.99449 energy: 1.14936
MCAccept 79 xShift: 8.42026 crossingAngle: -35.2418 axialRotation: -17.1256 zShift: 4.99449 energy: 1.14936
MCAccept 80 xShift: 8.42026 crossingAngle: -35.0543 axialRotation: -17.1256 zShift: 4.99449 energy: 1.14936
MCAccept 81 xShift: 8.433 crossingAngle: -35.0543 axialRotation: -17.1256 zShift: 4.99449 energy: 1.14936
MCAccept 82 xShift: 8.43565 crossingAngle: -35.0543 axialRotation: -17.1256 zShift: 4.99449 energy: 1.14936
MCAccept 83 xShift: 8.43565 crossingAngle: -35.0543 axialRotation: -17.021 zShift: 4.99449 energy: 1.14936
MCReject   xShift: 8.43565 crossingAngle: -35.0543 axialRotation: -17.021 zShift: 4.97607 energy: 1.23432
MCAccept 84 xShift: 8.43565 crossingAngle: -35.1586 axialRotation: -17.021 zShift: 4.99449 energy: 1.14936
MCAccept 85 xShift: 8.43565 crossingAngle: -35.2109 axialRotation: -17.021 zShift: 4.99449 energy: 1.14936
MCAccept 86 xShift: 8.43565 crossingAngle: -35.2324 axialRotation: -17.021 zShift: 4.99449 energy: 1.14936
MCAccept 87 xShift: 8.43565 crossingAngle: -35.1489 axialRotation: -17.021 zShift: 4.99449 energy: 1.14936
MCAccept 88 xShift: 8.43565 crossingAngle: -35.1489 axialRotation: -16.9695 zShift: 4.99449 energy: 1.14936
MCAccept 89 xShift: 8.42673 crossingAngle: -35.1489 axialRotation: -16.9695 zShift: 4.99449 energy: 1.14936
MCAccept 90 xShift: 8.43739 crossingAngle: -35.1489 axialRotation: -16.9695 zShift: 4.99449 energy: 1.14936
MCAccept 91 xShift: 8.43739 crossingAngle: -35.1489 axialRotation: -17.0831 zShift: 4.99449 energy: 1.14936
MCReject   xShift: 8.43739 crossingAngle: -35.1489 axialRotation: -17.0831 zShift: 4.99071 energy: 1.16677
MCAccept 92 xShift: 8.43739 crossingAngle: -35.1489 axialRotation: -17.0831 zShift: 4.99475 energy: 1.14813
MCAccept 93 xShift: 8.43739 crossingAngle: -35.1489 axialRotation: -17.1855 zShift: 4.99475 energy: 1.14813
MCAccept 94 xShift: 8.43739 crossingAngle: -35.1489 axialRotation: -17.1855 zShift: 4.99803 energy: 1.13302
MCReject   xShift: 8.43739 crossingAngle: -35.1489 axialRotation: -17.1855 zShift: 4.98999 energy: 1.1701
MCAccept 95 xShift: 8.43739 crossingAngle: -35.1489 axialRotation: -17.0454 zShift: 4.99803 energy: 1.13302
MCReject   xShift: 8.43739 crossingAngle: -35.1489 axialRotation: -17.0454 zShift: 4.99183 energy: 1.16162
MCReject   xShift: 8.43739 crossingAngle: -35.1489 axialRotation: -17.0454 zShift: 4.99379 energy: 1.15256
MCAccept 96 xShift: 8.43739 crossingAngle: -35.1489 axialRotation: -17.1186 zShift: 4.99803 energy: 1.13302
MCAccept 97 xShift: 8.43739 crossingAngle: -35.1489 axialRotation: -16.9949 zShift: 4.99803 energy: 1.13302
MCReject   xShift: 8.43739 crossingAngle: -35.1489 axialRotation: -16.9949 zShift: 4.98207 energy: 1.20662
MCAccept 98 xShift: 8.43739 crossingAngle: -35.1197 axialRotation: -16.9949 zShift: 4.99803 energy: 1.13302
MCAccept 99 xShift: 8.43739 crossingAngle: -35.0849 axialRotation: -16.9949 zShift: 4.99803 energy: 1.13302
Energy #0: 1.13302
***GEOMETRY SHIFT***
xShift;        Before: 8.39; After: 8.43739
crossingAngle; Before: -35.31; After: -35.0849
axialRotation; Before: -16.77; After: -16.9949
zShift;        Before: 4.86; After: 4.99803
Energy;        Before: 151.202; After: 1.13302

Completed all cycles. Accepted 100/107
Monte Carlo repack complete. Time: 15.7167min

