***STARTING GEOMETRY:***
xShift: 8.39
crossingAngle: -35.31
axialRotation: -16.77
zShift: 4.86

Number of MCCycles: 200
PrevSequence	CurrSequence	PrevEnergy	CurrEnergy	PrevEntropy	CurrEntropy	CurrentTemp
LLLGGLLTGLLTGLLTTLILI	LLLGGLLTGLLYGLLTTLILI	-3.22354	-1.98857	0.816184	0.171816	999.847
LLLGGLLTGLLYGLLTTLILI	LLLYGLLTGLLYGLLTTLILI	-1.70642	-2.19335	0.453966	0.369715	999.684
LLLYGLLTGLLYGLLTTLILI	LLLYALLTGLLYGLLTTLILI	-1.49772	-2.25049	1.06535	0.107014	999.512
LLLYALLTGLLYGLLTTLILI	LLLYALLTGLLTGLLTTLILI	-2.05268	-3.84996	0.30482	0.538845	999.328
LLLYALLTGLLTGLLTTLILI	LLLYALLTGLLYGLLTTLILI	-3.84996	-2.05268	0.538845	0.30482	999.134
LLLYALLTGLLYGLLTTLILI	LLLYGLLTGLLYGLLTTLILI	-2.25049	-1.49772	0.107014	1.06535	998.928
LLLYGLLTGLLYGLLTTLILI	LLLYALLTGLLYGLLTTLILI	-1.49772	-2.25049	1.06535	0.107014	998.708
LLLYALLTGLLYGLLTTLILI	LLLYALLTGLLTGLLTTLILI	-2.05268	-3.84996	0.30482	0.538845	998.476
LLLYALLTGLLTGLLTTLILI	LLLGALLTGLLTGLLTTLILI	-4.11868	-3.57721	0.270132	0.594419	997.967
LLLGALLTGLLTGLLTTLILI	LLLGALLTGLLYGLLTTLILI	-3.35544	-1.9643	0.816184	0.171816	997.689
LLLGALLTGLLYGLLTTLILI	LLLGALLTGLLTGLLTTLILI	-1.9643	-3.35544	0.171816	0.816184	997.081
LLLGALLTGLLTGLLTTLILI	LLLGGLLTGLLTGLLTTLILI	-4.08961	-3.00114	0.0820187	1.21066	996.749
LLLGGLLTGLLTGLLTTLILI	LLLGGLLYGLLTGLLTTLILI	-3.39562	-1.04372	0.816184	0.171816	996.397
LLLGGLLYGLLTGLLTTLILI	LLLGGLLTGLLTGLLTTLILI	-1.04372	-3.39562	0.171816	0.816184	996.023
LLLGGLLTGLLTGLLTTLILI	LLLGGLLYGLLTGLLTTLILI	-3.39562	-1.04372	0.816184	0.171816	995.626
LLLGGLLYGLLTGLLTTLILI	LLLGALLYGLLTGLLTTLILI	-0.00487492	-1.00657	1.21066	0.0820187	995.205
LLLGALLYGLLTGLLTTLILI	LLLGALLYGLLTGLLYTLILI	-0.645532	1.15395	0.443059	0.379341	994.758
LLLGALLYGLLTGLLYTLILI	LLLGALLYGLLTGLLYILILI	1.68656	2.34017	0.911943	0.142768	994.285
LLLGALLYGLLTGLLYILILI	LLLGALLYGLLTGLLFILILI	3.15019	5.12947	0.952787	0.132101	993.782
LLLGALLYGLLTGLLFILILI	LLLGALLYGLLTGLLFTLILI	5.14014	3.0541	0.142768	0.911943	993.249
LLLGALLYGLLTGLLFTLILI	LLLGALLYGLLTGLLTTLILI	2.26205	-0.0842925	0.119894	1.0043	992.683
LLLGALLYGLLTGLLTTLILI	LLLGGLLYGLLTGLLTTLILI	-1.00657	-0.00487492	0.0820187	1.21066	992.084
LLLGGLLYGLLTGLLTTLILI	LLLGGLLTGLLTGLLTTLILI	-1.04372	-3.39562	0.171816	0.816184	991.448
LLLGGLLTGLLTGLLTTLILI	LLLYGLLTGLLTGLLTTLILI	-3.50395	-4.39652	0.707856	0.213262	990.773
LLLYGLLTGLLTGLLTTLILI	LLLYGLLTGLLTGLLTVLILI	-3.33344	-0.283645	1.27634	0.0728516	990.058
LLLYGLLTGLLTGLLTVLILI	LLLYGLLTGLLYGLLTVLILI	0.0865621	2.07157	0.443059	0.379341	989.3
LLLYGLLTGLLYGLLTVLILI	LLLYGLLTGLLYGLLTTLILI	1.7875	-1.43461	0.0952708	1.12845	988.496
LLLYGLLTGLLYGLLTTLILI	LLLYGLLTGLLTGLLTTLILI	-2.25825	-4.07093	0.30482	0.538845	987.644
LLLYGLLTGLLTGLLTTLILI	LLLGGLLTGLLTGLLTTLILI	-4.39652	-3.50395	0.213262	0.707856	986.74
LLLGGLLTGLLTGLLTTLILI	LLLYGLLTGLLTGLLTTLILI	-3.50395	-4.39652	0.707856	0.213262	985.783
LLLYGLLTGLLTGLLTTLILI	LLLYALLTGLLTGLLTTLILI	-3.54443	-4.2818	1.06535	0.107014	984.769
LLLYALLTGLLTGLLTTLILI	LLLYALLTGLLTGLLYTLILI	-3.84996	-2.39675	0.538845	0.30482	983.694
LLLYALLTGLLTGLLYTLILI	LLLYALLTGLLTGLLTTLILI	-2.39675	-3.84996	0.30482	0.538845	982.555
LLLYALLTGLLTGLLTTLILI	LLLGALLTGLLTGLLTTLILI	-4.11868	-3.57721	0.270132	0.594419	981.348
LLLGALLTGLLTGLLTTLILI	LLLYALLTGLLTGLLTTLILI	-3.57721	-4.11868	0.594419	0.270132	980.071
LLLYALLTGLLTGLLTTLILI	LLLGALLTGLLTGLLTTLILI	-4.11868	-3.57721	0.270132	0.594419	978.717
LLLGALLTGLLTGLLTTLILI	LLLYALLTGLLTGLLTTLILI	-3.57721	-4.11868	0.594419	0.270132	977.285
LLLYALLTGLLTGLLTTLILI	LLLYGLLTGLLTGLLTTLILI	-4.2818	-3.54443	0.107014	1.06535	975.768
LLLYGLLTGLLTGLLTTLILI	LLLYGLLTGLLTGLLTVLILI	-3.33344	-0.283645	1.27634	0.0728516	974.162
LLLYGLLTGLLTGLLTVLILI	LLLYGLLYGLLTGLLTVLILI	0.0865621	2.8546	0.443059	0.379341	972.463
LLLYGLLYGLLTGLLTVLILI	LLLYGLLYGLLTGLLYVLILI	2.7133	5.0254	0.238039	0.654392	970.666
LLLYGLLYGLLTGLLYVLILI	LLLYGLLYGLLTGLLYTLILI	4.50872	1.01553	0.137712	0.930859	968.764
LLLYGLLYGLLTGLLYTLILI	LLLGGLLYGLLTGLLYTLILI	0.578018	0.945487	0.493345	0.337561	966.754
LLLGGLLYGLLTGLLYTLILI	LLLGGLLYGLLTGLLTTLILI	0.987268	-0.772476	0.379341	0.443059	964.627
LLLGGLLYGLLTGLLTTLILI	LLLYGLLYGLLTGLLTTLILI	-0.761568	-1.40853	0.453966	0.369715	962.38
LLLYGLLYGLLTGLLTTLILI	LLLGGLLYGLLTGLLTTLILI	-1.40853	-0.761568	0.369715	0.453966	960.005
LLLGGLLYGLLTGLLTTLILI	LLLYGLLYGLLTGLLTTLILI	-0.761568	-1.40853	0.453966	0.369715	957.496
LLLYGLLYGLLTGLLTTLILI	LLLYGLLTGLLTGLLTTLILI	-1.47343	-4.07093	0.30482	0.538845	954.846
LLLYGLLTGLLTGLLTTLILI	LLLGGLLTGLLTGLLTTLILI	-4.39652	-3.50395	0.213262	0.707856	952.048
LLLGGLLTGLLTGLLTTLILI	LLLGGLLTGLLTGLLTVLILI	-2.93546	0.114331	1.27634	0.0728516	949.095
LLLGGLLTGLLTGLLTVLILI	LLLGGLLYGLLTGLLTVLILI	0.735089	3.25752	0.693609	0.219549	945.979
LLLGGLLYGLLTGLLTVLILI	LLLGGLLYGLLTGLLYVLILI	3.3667	5.46565	0.328724	0.505042	942.693
LLLGGLLYGLLTGLLYVLILI	LLLGGLLYGLLTGLLTVLILI	5.46565	3.3667	0.505042	0.328724	939.229
LLLGGLLYGLLTGLLTVLILI	LLLGGLLYGLLYGLLTVLILI	3.3667	6.59732	0.328724	0.505042	935.578
LLLGGLLYGLLYGLLTVLILI	LLLGALLYGLLYGLLTVLILI	7.30294	6.28533	1.21066	0.0820187	931.732
LLLGALLYGLLYGLLTVLILI	LLLGALLYGLLTGLLTVLILI	6.70835	3.49364	0.505042	0.328724	927.683
LLLGALLYGLLTGLLTVLILI	LLLGGLLYGLLTGLLTVLILI	3.24693	4.24863	0.0820187	1.21066	923.422
LLLGGLLYGLLTGLLTVLILI	LLLGALLYGLLTGLLTVLILI	4.24863	3.24693	1.21066	0.0820187	918.939
LLLGALLYGLLTGLLTVLILI	LLLGALLYGLLTGLLTTLILI	3.26019	0.0398621	0.0952708	1.12845	914.227
LLLGALLYGLLTGLLTTLILI	LLLYALLYGLLTGLLTTLILI	-0.719713	-1.01218	0.368877	0.454934	909.276
LLLYALLYGLLTGLLTTLILI	LLLYGLLYGLLTGLLTTLILI	-1.3601	-0.712899	0.107014	1.06535	904.077
LLLYGLLYGLLTGLLTTLILI	LLLYALLYGLLTGLLTTLILI	-0.712899	-1.3601	1.06535	0.107014	898.621
LLLYALLYGLLTGLLTTLILI	LLLYALLTGLLTGLLTTLILI	-1.1623	-3.84996	0.30482	0.538845	892.899
LLLYALLTGLLTGLLTTLILI	LLLYALLTGLLYGLLTTLILI	-3.84996	-2.05268	0.538845	0.30482	886.903
LLLYALLTGLLYGLLTTLILI	LLLGALLTGLLYGLLTTLILI	-1.90257	-1.76724	0.454934	0.368877	880.623
LLLGALLTGLLYGLLTTLILI	LLLGALLTGLLTGLLTTLILI	-1.9643	-3.35544	0.171816	0.816184	874.051
LLLGALLTGLLTGLLTTLILI	LLLGGLLTGLLTGLLTTLILI	-4.08961	-3.00114	0.0820187	1.21066	867.179
LLLGGLLTGLLTGLLTTLILI	LLLGGLLTGLLTGLLYTLILI	-3.39562	-2.20935	0.816184	0.171816	859.999
LLLGGLLTGLLTGLLYTLILI	LLLGGLLTGLLTGLLTTLILI	-2.20935	-3.39562	0.171816	0.816184	852.504
LLLGGLLTGLLTGLLTTLILI	LLLGGLLYGLLTGLLTTLILI	-3.39562	-1.04372	0.816184	0.171816	844.686
LLLGGLLYGLLTGLLTTLILI	LLLYGLLYGLLTGLLTTLILI	-0.761568	-1.40853	0.453966	0.369715	836.541
LLLYGLLYGLLTGLLTTLILI	LLLYALLYGLLTGLLTTLILI	-0.712899	-1.3601	1.06535	0.107014	828.061
LLLYALLYGLLTGLLTTLILI	LLLYALLTGLLTGLLTTLILI	-1.1623	-3.84996	0.30482	0.538845	819.243
LLLYALLTGLLTGLLTTLILI	LLLGALLTGLLTGLLTTLILI	-4.11868	-3.57721	0.270132	0.594419	810.083
LLLGALLTGLLTGLLTTLILI	LLLGALLTGLLYGLLTTLILI	-3.35544	-1.9643	0.816184	0.171816	800.577
LLLGALLTGLLYGLLTTLILI	LLLGGLLTGLLYGLLTTLILI	-2.0541	-0.949724	0.0820187	1.21066	790.724
LLLGGLLTGLLYGLLTTLILI	LLLGGLLTGLLTGLLTTLILI	-1.98857	-3.39562	0.171816	0.816184	780.523
LLLGGLLTGLLTGLLTTLILI	LLLGGLLTGLLYGLLTTLILI	-3.39562	-1.98857	0.816184	0.171816	769.974
LLLGGLLTGLLYGLLTTLILI	LLLGALLTGLLYGLLTTLILI	-0.949724	-2.0541	1.21066	0.0820187	759.081
LLLGALLTGLLYGLLTTLILI	LLLYALLTGLLYGLLTTLILI	-1.76724	-1.90257	0.368877	0.454934	747.845
LLLYALLTGLLYGLLTTLILI	LLLYALLTGLLTGLLTTLILI	-2.05268	-3.84996	0.30482	0.538845	736.272
LLLYALLTGLLTGLLTTLILI	LLLYALLTGLLTGLLTVLILI	-3.11247	-0.0626755	1.27634	0.0728516	724.369
LLLYALLTGLLTGLLTVLILI	LLLYALLYGLLTGLLTVLILI	0.307532	3.16573	0.443059	0.379341	712.142
LLLYALLYGLLTGLLTVLILI	LLLYALLYGLLTGLLTTLILI	2.88166	-0.338664	0.0952708	1.12845	699.602
LLLYALLYGLLTGLLTTLILI	LLLYGLLYGLLTGLLTTLILI	-1.3601	-0.712899	0.107014	1.06535	686.76
LLLYGLLYGLLTGLLTTLILI	LLLGGLLYGLLTGLLTTLILI	-1.40853	-0.761568	0.369715	0.453966	673.628
LLLGGLLYGLLTGLLTTLILI	LLLGGLLTGLLTGLLTTLILI	-1.04372	-3.39562	0.171816	0.816184	646.557
LLLGGLLTGLLTGLLTTLILI	LLLGGLLYGLLTGLLTTLILI	-3.39562	-1.04372	0.816184	0.171816	632.651
LLLGGLLYGLLTGLLTTLILI	LLLGGLLYGLLTGLLYTLILI	-0.772476	1.02418	0.443059	0.379341	618.524
LLLGGLLYGLLTGLLYTLILI	LLLYGLLYGLLTGLLYTLILI	0.982398	0.578018	0.337561	0.493345	604.196
LLLYGLLYGLLTGLLYTLILI	LLLYGLLTGLLTGLLYTLILI	0.589715	-2.41502	0.505042	0.328724	589.688
LLLYGLLTGLLTGLLYTLILI	LLLYGLLTGLLTGLLYILILI	-1.63564	-1.22003	1.10811	0.098896	575.025
LLLYGLLTGLLTGLLYILILI	LLLYALLTGLLTGLLYILILI	-0.253576	-0.786596	1.06535	0.107014	560.23
LLLYALLTGLLTGLLYILILI	LLLYALLTGLLTGLLYTLILI	-0.794714	-1.41219	0.098896	1.10811	545.329
LLLYALLTGLLTGLLYTLILI	LLLYGLLTGLLTGLLYTLILI	-2.41329	-1.85595	0.107014	1.06535	515.312
LLLYGLLTGLLTGLLYTLILI	LLLYALLTGLLTGLLYTLILI	-1.85595	-2.41427	1.06535	0.107014	500.25
LLLYALLTGLLTGLLYTLILI	LLLYGLLTGLLTGLLYTLILI	-2.41427	-1.71518	0.107014	1.06535	485.188
LLLYGLLTGLLTGLLYTLILI	LLLYALLTGLLTGLLYTLILI	-1.71518	-2.59224	1.06535	0.107014	470.152
LLLYALLTGLLTGLLYTLILI	LLLYGLLTGLLTGLLYTLILI	-2.59224	-1.71518	0.107014	1.06535	455.171
LLLYGLLTGLLTGLLYTLILI	LLLYALLTGLLTGLLYTLILI	-1.71518	-2.41329	1.06535	0.107014	440.27
LLLYALLTGLLTGLLYTLILI	LLLYALLTGLLTGLLTTLILI	-2.21548	-3.84996	0.30482	0.538845	425.475
LLLYALLTGLLTGLLTTLILI	LLLGALLTGLLTGLLTTLILI	-4.11868	-3.57721	0.270132	0.594419	410.812
LLLGALLTGLLTGLLTTLILI	LLLYALLTGLLTGLLTTLILI	-3.57721	-4.11868	0.594419	0.270132	396.304
LLLYALLTGLLTGLLTTLILI	LLLGALLTGLLTGLLTTLILI	-4.11868	-3.57721	0.270132	0.594419	381.976
LLLGALLTGLLTGLLTTLILI	LLLYALLTGLLTGLLTTLILI	-3.57721	-4.11868	0.594419	0.270132	367.849
LLLYALLTGLLTGLLTTLILI	LLLYALLTGLLTGLLYTLILI	-3.84996	-2.21646	0.538845	0.30482	353.943
LLLYALLTGLLTGLLYTLILI	LLLGALLTGLLTGLLYTLILI	-2.06635	-1.93355	0.454934	0.368877	340.278
LLLGALLTGLLTGLLYTLILI	LLLYALLTGLLTGLLYTLILI	-1.93355	-2.06537	0.368877	0.454934	326.872
LLLYALLTGLLTGLLYTLILI	LLLYGLLTGLLTGLLYTLILI	-2.41329	-1.71518	0.107014	1.06535	313.74
LLLYGLLTGLLTGLLYTLILI	LLLYGLLTGLLTGLLYILILI	-1.67242	-1.25474	1.10811	0.098896	300.898
LLLYGLLTGLLTGLLYILILI	LLLYALLTGLLTGLLYILILI	-0.288289	-1.02267	1.06535	0.107014	288.358
LLLYALLTGLLTGLLYILILI	LLLYALLTGLLTGLLFILILI	-0.176896	0.623527	0.952787	0.132101	276.131
LLLYALLTGLLTGLLFILILI	LLLYALLTGLLTGLLYILILI	0.623527	0.0906561	0.132101	0.952787	264.228
LLLYALLTGLLTGLLYILILI	LLLYGLLTGLLTGLLYILILI	-0.755117	-0.288289	0.107014	1.06535	252.655
LLLYGLLTGLLTGLLYILILI	LLLTGLLTGLLTGLLYILILI	-0.974294	-0.531248	0.379341	0.443059	241.419
LLLTGLLTGLLTGLLYILILI	LLLTGLLTGLLTGLLYTLILI	-0.898629	-1.10692	0.0756774	1.2552	230.526
LLLTGLLTGLLTGLLYTLILI	LLLTGLLTGLLTGLLTTLILI	-2.2209	-3.31315	0.141213	0.917682	219.977
LLLTGLLTGLLTGLLTTLILI	LLLYGLLTGLLTGLLTTLILI	-3.31315	-4.46857	0.917682	0.141213	199.923
LLLYGLLTGLLTGLLTTLILI	LLLYALLTGLLTGLLTTLILI	-3.54443	-4.2818	1.06535	0.107014	190.417
LLLYALLTGLLTGLLTTLILI	LLLYGLLTGLLTGLLTTLILI	-4.2818	-3.54443	0.107014	1.06535	119.877
LLLYGLLTGLLTGLLTTLILI	LLLYALLTGLLTGLLTTLILI	-3.54443	-4.2818	1.06535	0.107014	113.597
LLLYALLTGLLTGLLTTLILI	LLLGALLTGLLTGLLTTLILI	-4.11868	-3.57721	0.270132	0.594419	91.2238
LLLGALLTGLLTGLLTTLILI	LLLYALLTGLLTGLLTTLILI	-3.57721	-4.11868	0.594419	0.270132	86.2728
Time: 157s
