***STARTING GEOMETRY:***
xShift: 6.7985
crossingAngle: -50.171
axialRotation: 6.15087
zShift: 4.35807

Number of MCCycles: 100
PrevSequence	CurrSequence	PrevEnergy	CurrEnergy	PrevEntropy	CurrEntropy	CurrentTemp
LLLYLLGTLLGTLLTTLLILI	LLLFLLGTLLGTLLTTLLILI	-27.9904	-26.1844	0.650378	0.240035	999.328
LLLFLLGTLLGTLLTTLLILI	LLLFLLGTLLGYLLTTLLILI	-25.7308	-27.5253	0.693609	0.219549	998.928
LLLFLLGTLLGYLLTTLLILI	LLLYLLGTLLGYLLTTLLILI	-27.6128	-29.0979	0.132101	0.952787	998.476
LLLYLLGTLLGYLLTTLLILI	LLLYLLGTLLGFLLTTLLILI	-29.0979	-28.8942	0.952787	0.132101	997.967
LLLYLLGTLLGFLLTTLLILI	LLLYLLGTLLGYLLTTLLILI	-28.8942	-29.0979	0.132101	0.952787	997.394
LLLYLLGTLLGYLLTTLLILI	LLLYLLGTLLGFLLTTLLILI	-29.0979	-28.8942	0.952787	0.132101	996.749
LLLYLLGTLLGFLLTTLLILI	LLLYLLGTLLGYLLTTLLILI	-28.8942	-29.0979	0.132101	0.952787	996.023
LLLYLLGTLLGYLLTTLLILI	LLLYLLGVLLGYLLTTLLILI	-29.1198	-24.5638	0.930859	0.137712	995.205
LLLYLLGVLLGYLLTTLLILI	LLLYLLGVLLGYLLTVLLILI	-24.2912	-20.5152	0.410343	0.410343	994.285
LLLYLLGVLLGYLLTVLLILI	LLLYLLGVLLGTLLTVLLILI	-20.4205	-21.9079	0.505042	0.328724	993.249
LLLYLLGVLLGTLLTVLLILI	LLLFLLGVLLGTLLTVLLILI	-21.5863	-19.5691	0.650378	0.240035	992.084
LLLFLLGVLLGTLLTVLLILI	LLLYLLGVLLGTLLTVLLILI	-19.5691	-21.5977	0.240035	0.650378	990.773
LLLYLLGVLLGTLLTVLLILI	LLLYLLGTLLGTLLTVLLILI	-22.1528	-23.1281	0.0952708	1.12845	989.3
LLLYLLGTLLGTLLTVLLILI	LLLFLLGTLLGTLLTVLLILI	-23.6062	-21.7528	0.650378	0.240035	987.644
LLLFLLGTLLGTLLTVLLILI	LLLFLLGILLGTLLTVLLILI	-20.8847	-19.824	1.10811	0.098896	985.783
LLLFLLGILLGTLLTVLLILI	LLLYLLGILLGTLLTVLLILI	-19.6828	-21.0478	0.240035	0.650378	983.694
LLLYLLGILLGTLLTVLLILI	LLLYLLGTLLGTLLTVLLILI	-21.5992	-23.1485	0.098896	1.10811	981.348
LLLYLLGTLLGTLLTVLLILI	LLLYLLGVLLGTLLTVLLILI	-23.1281	-22.1528	1.12845	0.0952708	978.717
LLLYLLGVLLGTLLTVLLILI	LLLYLLGVLLGFLLTVLLILI	-21.4319	-20.2588	0.816184	0.171816	975.768
LLLYLLGVLLGFLLTVLLILI	LLLYLLGVLLGFLLTTLLILI	-20.0203	-23.9611	0.410343	0.410343	972.463
LLLYLLGVLLGFLLTTLLILI	LLLYLLGVLLGTLLTTLLILI	-24.1996	-25.1444	0.171816	0.816184	968.764
LLLYLLGVLLGTLLTTLLILI	LLLYLLGTLLGTLLTTLLILI	-25.8653	-26.8516	0.0952708	1.12845	964.627
LLLYLLGTLLGTLLTTLLILI	LLLYLLGTLLGTLLSTLLILI	-27.1141	-24.6366	0.865998	0.155943	960.005
LLLYLLGTLLGTLLSTLLILI	LLLYLLGTLLGYLLSTLLILI	-24.4639	-26.428	0.328724	0.505042	954.846
LLLYLLGTLLGYLLSTLLILI	LLLYLLGTLLGYLLATLLILI	-26.2909	-25.7904	0.642213	0.244161	942.693
LLLYLLGTLLGYLLATLLILI	LLLYLLGTLLGFLLATLLILI	-25.0818	-24.7943	0.952787	0.132101	927.683
LLLYLLGTLLGFLLATLLILI	LLLYLLGTLLGYLLATLLILI	-24.7943	-25.0818	0.132101	0.952787	918.939
LLLYLLGTLLGYLLATLLILI	LLLYLLGTLLGYLLSTLLILI	-25.7904	-26.2909	0.244161	0.642213	909.276
LLLYLLGTLLGYLLSTLLILI	LLLYLLGTLLGYLLSVLLILI	-26.5227	-22.7104	0.410343	0.410343	898.621
LLLYLLGTLLGYLLSVLLILI	LLLYLLGTLLGYLLAVLLILI	-22.4786	-21.9973	0.642213	0.244161	886.903
LLLYLLGTLLGYLLAVLLILI	LLLYLLGTLLGYLLSVLLILI	-21.9973	-22.4672	0.244161	0.642213	874.051
LLLYLLGTLLGYLLSVLLILI	LLLFLLGTLLGYLLSVLLILI	-22.1566	-20.7204	0.952787	0.132101	859.999
LLLFLLGTLLGYLLSVLLILI	LLLFLLGTLLGYLLSTLLILI	-20.4422	-24.2545	0.410343	0.410343	844.686
LLLFLLGTLLGYLLSTLLILI	LLLFLLGTLLGYLLATLLILI	-24.0226	-23.5221	0.642213	0.244161	828.061
LLLFLLGTLLGYLLATLLILI	LLLYLLGTLLGYLLATLLILI	-23.6342	-25.0818	0.132101	0.952787	810.083
LLLYLLGTLLGYLLATLLILI	LLLYLLGTLLGYLLSTLLILI	-25.7904	-26.2909	0.244161	0.642213	790.724
LLLYLLGTLLGYLLSTLLILI	LLLYLLGTLLGFLLSTLLILI	-25.9803	-25.7494	0.952787	0.132101	769.974
LLLYLLGTLLGFLLSTLLILI	LLLYLLGTLLGYLLSTLLILI	-25.7494	-25.9803	0.132101	0.952787	747.845
LLLYLLGTLLGYLLSTLLILI	LLLYLLGTLLGFLLSTLLILI	-25.9803	-25.7494	0.952787	0.132101	724.369
LLLYLLGTLLGFLLSTLLILI	LLLYLLGTLLGFLLATLLILI	-25.2393	-24.6822	0.642213	0.244161	699.602
LLLYLLGTLLGFLLATLLILI	LLLYLLGTLLGFLLSTLLILI	-24.6822	-25.2393	0.244161	0.642213	673.628
LLLYLLGTLLGFLLSTLLILI	LLLYLLGTLLGYLLSTLLILI	-25.7494	-25.9803	0.132101	0.952787	646.557
LLLYLLGTLLGYLLSTLLILI	LLLYLLGTLLGFLLSTLLILI	-25.9803	-25.7494	0.952787	0.132101	618.524
LLLYLLGTLLGFLLSTLLILI	LLLYLLGTLLGFLLATLLILI	-25.2393	-24.6822	0.642213	0.244161	560.23
LLLYLLGTLLGFLLATLLILI	LLLYLLGTLLGYLLATLLILI	-24.7943	-25.0818	0.132101	0.952787	530.348
LLLYLLGTLLGYLLATLLILI	LLLYLLGTLLGYLLSTLLILI	-25.7904	-26.2909	0.244161	0.642213	500.25
LLLYLLGTLLGYLLSTLLILI	LLLYLLGTLLGYLLATLLILI	-26.2909	-25.7904	0.642213	0.244161	470.152
LLLYLLGTLLGYLLATLLILI	LLLYLLGTLLGYLLSTLLILI	-25.7904	-26.2909	0.244161	0.642213	440.27
LLLYLLGTLLGYLLSTLLILI	LLLYLLGTLLGYLLATLLILI	-26.2909	-25.7904	0.642213	0.244161	410.812
LLLYLLGTLLGYLLATLLILI	LLLYLLGTLLGYLLSTLLILI	-25.7904	-26.2909	0.244161	0.642213	381.976
LLLYLLGTLLGYLLSTLLILI	LLLYLLGTLLGFLLSTLLILI	-25.9803	-25.7494	0.952787	0.132101	353.943
LLLYLLGTLLGFLLSTLLILI	LLLFLLGTLLGFLLSTLLILI	-25.4712	-23.2003	0.410343	0.410343	326.872
LLLFLLGTLLGFLLSTLLILI	LLLFLLGTLLGFLLATLLILI	-22.9685	-22.4114	0.642213	0.244161	300.898
LLLFLLGTLLGFLLATLLILI	LLLFLLGTLLGYLLATLLILI	-22.2452	-23.3559	0.410343	0.410343	276.131
LLLFLLGTLLGYLLATLLILI	LLLYLLGTLLGYLLATLLILI	-23.6342	-25.0818	0.132101	0.952787	252.655
LLLYLLGTLLGYLLATLLILI	LLLYLLGTLLGFLLATLLILI	-25.0818	-24.7943	0.952787	0.132101	230.526
LLLYLLGTLLGFLLATLLILI	LLLYLLGTLLGFLLSTLLILI	-24.6822	-25.2393	0.244161	0.642213	209.776
LLLYLLGTLLGFLLSTLLILI	LLLYLLGTLLGYLLSTLLILI	-25.7494	-25.9803	0.132101	0.952787	190.417
LLLYLLGTLLGYLLSTLLILI	LLLYLLGTLLGYLLATLLILI	-26.2909	-25.7904	0.642213	0.244161	126.449
LLLYLLGTLLGYLLATLLILI	LLLYLLGTLLGYLLSTLLILI	-25.7904	-26.2909	0.244161	0.642213	113.597
Time: 178s
