***STARTING GEOMETRY:***
xShift: 8.35947
crossingAngle: -46.2714
axialRotation: 32.8494
zShift: 4.24856

Number of MCCycles: 100
PrevSequence	CurrSequence	PrevEnergy	CurrEnergy	PrevEntropy	CurrEntropy	CurrentTemp
LLLGLLTGLLTTLLTTLLILI	LLLGLLTGLLTTLLTYLLILI	-22.6126	-25.949	0.917682	0.141213	999.684
LLLGLLTGLLTTLLTYLLILI	LLLGLLTGLLTTLLTTLLILI	-25.949	-27.556	0.141213	0.917682	999.328
LLLGLLTGLLTTLLTTLLILI	LLLGLLTGLLFTLLTTLLILI	-27.2121	-25.5157	1.26162	0.0748068	998.928
LLLGLLTGLLFTLLTTLLILI	LLLGLLVGLLFTLLTTLLILI	-24.3142	-23.2577	1.27634	0.0728516	998.476
LLLGLLVGLLFTLLTTLLILI	LLLGLLTGLLFTLLTTLLILI	-23.2577	-24.3102	0.0728516	1.27634	997.394
LLLGLLTGLLFTLLTTLLILI	LLLGLLVGLLFTLLTTLLILI	-24.3102	-23.2577	1.27634	0.0728516	996.749
LLLGLLVGLLFTLLTTLLILI	LLLGLLVGLLTTLLTTLLILI	-23.2384	-22.6573	0.0921195	1.14683	996.023
LLLGLLVGLLTTLLTTLLILI	LLLGLLVGLLFTLLTTLLILI	-22.6573	-23.2384	1.14683	0.0921195	995.205
LLLGLLVGLLFTLLTTLLILI	LLLWLLVGLLFTLLTTLLILI	-23.031	-21.3129	0.299616	0.546658	994.285
LLLWLLVGLLFTLLTTLLILI	LLLWLLVGLLFTLLVTLLILI	-21.0594	-17.811	0.800152	0.177314	993.249
LLLWLLVGLLFTLLVTLLILI	LLLWLLVGLLFTLLTTLLILI	-17.811	-21.0594	0.177314	0.800152	992.084
LLLWLLVGLLFTLLTTLLILI	LLLWLLTGLLFTLLTTLLILI	-21.7868	-22.4959	0.0728516	1.27634	990.773
LLLWLLTGLLFTLLTTLLILI	LLLWLLTGLLTTLLTTLLILI	-23.6974	-23.8503	0.0748068	1.26162	989.3
LLLWLLTGLLTTLLTTLLILI	LLLWLLTGLLFTLLTTLLILI	-23.8503	-23.6974	1.26162	0.0748068	987.644
LLLWLLTGLLFTLLTTLLILI	LLLWLLVGLLFTLLTTLLILI	-22.4959	-21.7868	1.27634	0.0728516	985.783
LLLWLLVGLLFTLLTTLLILI	LLLWLLTGLLFTLLTTLLILI	-21.7868	-22.4959	0.0728516	1.27634	983.694
LLLWLLTGLLFTLLTTLLILI	LLLWLLTGLLFTLLTYLLILI	-22.956	-21.2302	0.816184	0.171816	981.348
LLLWLLTGLLFTLLTYLLILI	LLLWLLTGLLTTLLTYLLILI	-21.3099	-21.5651	0.0921195	1.14683	978.717
LLLWLLTGLLTTLLTYLLILI	LLLWLLTGLLTTLLTTLLILI	-22.5707	-24.1943	0.141213	0.917682	975.768
LLLWLLTGLLTTLLTTLLILI	LLLWLLTGLLTILLTTLLILI	-24.0938	-20.3482	1.01811	0.116837	972.463
LLLWLLTGLLTILLTTLLILI	LLLWLLYGLLTILLTTLLILI	-19.6488	-21.7662	0.816184	0.171816	964.627
LLLWLLYGLLTILLTTLLILI	LLLWLLYGLLTILLFTLLILI	-20.9337	-20.0817	1.0043	0.119894	960.005
LLLWLLYGLLTILLFTLLILI	LLLWLLFGLLTILLFTLLILI	-19.7912	-18.1428	0.410343	0.410343	949.095
LLLWLLFGLLTILLFTLLILI	LLLWLLFGLLTILLFVLLILI	-17.6223	-14.9097	0.930859	0.137712	942.693
LLLWLLFGLLTILLFVLLILI	LLLWLLFGLLTTLLFVLLILI	-14.7897	-15.8681	0.257708	0.616541	935.578
LLLWLLFGLLTTLLFVLLILI	LLLWLLFGLLTTLLTVLLILI	-16.2651	-21.7874	0.219549	0.693609	927.683
LLLWLLFGLLTTLLTVLLILI	LLLWLLYGLLTTLLTVLLILI	-22.241	-22.1775	0.240035	0.650378	918.939
LLLWLLYGLLTTLLTVLLILI	LLLALLYGLLTTLLTVLLILI	-21.7567	-18.6302	1.0712	0.105861	909.276
LLLALLYGLLTTLLTVLLILI	LLLALLYGLLTTLLTTLLILI	-18.6632	-22.3716	0.0728516	1.27634	898.621
LLLALLYGLLTTLLTTLLILI	LLLALLYGLLTTLLTFLLILI	-22.5011	-20.1165	1.14683	0.0921195	886.903
LLLALLYGLLTTLLTFLLILI	LLLWLLYGLLTTLLTFLLILI	-20.1027	-20.7443	0.105861	1.0712	874.051
LLLWLLYGLLTTLLTFLLILI	LLLWLLYGLLTTLLTYLLILI	-21.6834	-24.4636	0.132101	0.952787	859.999
LLLWLLYGLLTTLLTYLLILI	LLLLLLYGLLTTLLTYLLILI	-24.6727	-20.9087	0.743646	0.198389	844.686
LLLLLLYGLLTTLLTYLLILI	LLLLLLYGLLTTLLTTLLILI	-20.8023	-22.4791	0.30482	0.538845	828.061
LLLLLLYGLLTTLLTTLLILI	LLLLLLFGLLTTLLTTLLILI	-22.3676	-21.8874	0.650378	0.240035	810.083
LLLLLLFGLLTTLLTTLLILI	LLLLLLFGLLTTLLVTLLILI	-20.8511	-18.6174	1.27634	0.0728516	790.724
LLLLLLFGLLTTLLVTLLILI	LLLLLLYGLLTTLLVTLLILI	-18.4502	-15.9886	0.240035	0.650378	769.974
LLLLLLYGLLTTLLVTLLILI	LLLLLLYGLLTTLLVVLLILI	-15.8388	-16.0326	0.800152	0.177314	747.845
LLLLLLYGLLTTLLVVLLILI	LLLWLLYGLLTTLLVVLLILI	-16.0115	-18.4862	0.198389	0.743646	724.369
LLLWLLYGLLTTLLVVLLILI	LLLWLLYGLLTTLLVTLLILI	-19.0525	-22.1377	0.177314	0.800152	699.602
LLLWLLYGLLTTLLVTLLILI	LLLWLLFGLLTTLLVTLLILI	-22.2875	-22.3383	0.650378	0.240035	673.628
LLLWLLFGLLTTLLVTLLILI	LLLWLLFGLLTTLLTTLLILI	-22.5055	-24.9028	0.0728516	1.27634	618.524
LLLWLLFGLLTTLLTTLLILI	LLLWLLFGLLTTLLTYLLILI	-25.363	-23.6071	0.816184	0.171816	589.688
LLLWLLFGLLTTLLTYLLILI	LLLWLLFGLLTTLLTTLLILI	-23.6071	-25.363	0.171816	0.816184	560.23
LLLWLLFGLLTTLLTTLLILI	LLLWLLYGLLTTLLTTLLILI	-25.9391	-24.6046	0.240035	0.650378	530.348
LLLWLLYGLLTTLLTTLLILI	LLLWLLFGLLTTLLTTLLILI	-24.6046	-25.9391	0.650378	0.240035	500.25
LLLWLLFGLLTTLLTTLLILI	LLLWLLYGLLTTLLTTLLILI	-25.9391	-25.8758	0.240035	0.650378	410.812
LLLWLLYGLLTTLLTTLLILI	LLLWLLFGLLTTLLTTLLILI	-25.8758	-25.9391	0.650378	0.240035	353.943
LLLWLLFGLLTTLLTTLLILI	LLLWLLYGLLTTLLTTLLILI	-25.9391	-27.1653	0.240035	0.650378	326.872
LLLWLLYGLLTTLLTTLLILI	LLLWLLFGLLTTLLTTLLILI	-27.1653	-25.9391	0.650378	0.240035	252.655
LLLWLLFGLLTTLLTTLLILI	LLLWLLYGLLTTLLTTLLILI	-25.9391	-27.1653	0.240035	0.650378	230.526
Time: 153s
