***STARTING GEOMETRY:***
xShift: 6.43411
crossingAngle: -43.4417
axialRotation: 74.1466
zShift: 4.35807

Number of MCCycles: 100
PrevSequence	CurrSequence	PrevEnergy	CurrEnergy	PrevEntropy	CurrEntropy	CurrentTemp
LLLGLLTGLLTGLLTYLLILI	LLLGLLTGLLTGLLTTLLILI	83590.3	83588.8	0.171816	0.816184	999.684
LLLGLLTGLLTGLLTTLLILI	LLLGLLTGLLTGLLTYLLILI	83588.8	83589.7	0.816184	0.171816	999.328
LLLGLLTGLLTGLLTYLLILI	LLLGLLTGLLTGLLTTLLILI	83589.7	83588.8	0.171816	0.816184	998.928
LLLGLLTGLLTGLLTTLLILI	LLLGLLTGLLTGLLVTLLILI	83589.2	83592.1	1.27634	0.0728516	997.967
LLLGLLTGLLTGLLVTLLILI	LLLGLLTGLLTGLLTTLLILI	83592.1	83589.2	0.0728516	1.27634	997.394
LLLGLLTGLLTGLLTTLLILI	LLLGLLTGLLTGLLTYLLILI	83588.8	83589.7	0.816184	0.171816	996.749
LLLGLLTGLLTGLLTYLLILI	LLLGLLTGLLTGLLTTLLILI	83589.7	83588.8	0.171816	0.816184	996.023
LLLGLLTGLLTGLLTTLLILI	LLLGLLSGLLTGLLTTLLILI	83589	83595.2	1.001	0.120637	995.205
LLLGLLSGLLTGLLTTLLILI	LLLGLLSGLLTGLLTYLLILI	83595.7	83596.8	0.693609	0.219549	994.285
LLLGLLSGLLTGLLTYLLILI	LLLGLLSGLLTGLLTTLLILI	83596.8	83595.7	0.219549	0.693609	993.249
LLLGLLSGLLTGLLTTLLILI	LLLGLLTGLLTGLLTTLLILI	83595.2	83589	0.120637	1.001	992.084
LLLGLLTGLLTGLLTTLLILI	LLLGLLTGLLSGLLTTLLILI	83589	83595.4	1.001	0.120637	990.773
LLLGLLTGLLSGLLTTLLILI	LLLGLLTGLLTGLLTTLLILI	83595.4	83589	0.120637	1.001	989.3
LLLGLLTGLLTGLLTTLLILI	LLLGLLTGLLTGLLVTLLILI	83589.2	83592.1	1.27634	0.0728516	987.644
LLLGLLTGLLTGLLVTLLILI	LLLGLLTGLLTGLLVYLLILI	83592.7	83593.7	0.693609	0.219549	985.783
LLLGLLTGLLTGLLVYLLILI	LLLGLLTGLLTGLLTYLLILI	83593.6	83590.7	0.0952708	1.12845	983.694
LLLGLLTGLLTGLLTYLLILI	LLLGLLTGLLTGLLTTLLILI	83589.7	83588.8	0.171816	0.816184	981.348
LLLGLLTGLLTGLLTTLLILI	LLLGLLTGLLTGLLTYLLILI	83588.8	83589.7	0.816184	0.171816	978.717
LLLGLLTGLLTGLLTYLLILI	LLLGLLTGLLTGLLTTLLILI	83589.7	83588.8	0.171816	0.816184	975.768
LLLGLLTGLLTGLLTTLLILI	LLLGLLTGLLTGLLTYLLILI	83588.8	83589.7	0.816184	0.171816	954.846
LLLGLLTGLLTGLLTYLLILI	LLLGLLTGLLTGLLTTLLILI	83589.7	83588.8	0.171816	0.816184	942.693
LLLGLLTGLLTGLLTTLLILI	LLLGLLTGLLTGLLVTLLILI	83589.2	83592.1	1.27634	0.0728516	935.578
LLLGLLTGLLTGLLVTLLILI	LLLGLLTGLLTGLLTTLLILI	83592.1	83589.2	0.0728516	1.27634	927.683
LLLGLLTGLLTGLLTTLLILI	LLLGLLYGLLTGLLTTLLILI	83588.8	83595	0.816184	0.171816	918.939
LLLGLLYGLLTGLLTTLLILI	LLLGLLTGLLTGLLTTLLILI	83595	83588.8	0.171816	0.816184	909.276
LLLGLLTGLLTGLLTTLLILI	LLLGLLTGLLTGLLTYLLILI	83588.8	83589.7	0.816184	0.171816	886.903
LLLGLLTGLLTGLLTYLLILI	LLLGLLTGLLTGLLTTLLILI	83589.7	83588.8	0.171816	0.816184	874.051
LLLGLLTGLLTGLLTTLLILI	LLLGLLTGLLTGLLTYLLILI	83588.8	83589.7	0.816184	0.171816	810.083
LLLGLLTGLLTGLLTYLLILI	LLLGLLTGLLTGLLTTLLILI	83589.7	83588.8	0.171816	0.816184	790.724
LLLGLLTGLLTGLLTTLLILI	LLLGLLTGLLTGLLTYLLILI	83588.8	83589.7	0.816184	0.171816	747.845
LLLGLLTGLLTGLLTYLLILI	LLLGLLTGLLTGLLTTLLILI	83589.7	83588.8	0.171816	0.816184	724.369
LLLGLLTGLLTGLLTTLLILI	LLLGLLTGLLTGLLTYLLILI	83588.8	83589.7	0.816184	0.171816	699.602
LLLGLLTGLLTGLLTYLLILI	LLLGLLTGLLTGLLTTLLILI	83589.7	83588.8	0.171816	0.816184	560.23
LLLGLLTGLLTGLLTTLLILI	LLLGLLTGLLTGLLTYLLILI	83588.8	83589.7	0.816184	0.171816	500.25
LLLGLLTGLLTGLLTYLLILI	LLLGLLTGLLTGLLTTLLILI	83589.7	83588.8	0.171816	0.816184	470.152
LLLGLLTGLLTGLLTTLLILI	LLLGLLTGLLTGLLTYLLILI	83588.8	83589.7	0.816184	0.171816	440.27
LLLGLLTGLLTGLLTYLLILI	LLLGLLTGLLTGLLTTLLILI	83589.7	83588.8	0.171816	0.816184	410.812
LLLGLLTGLLTGLLTTLLILI	LLLGLLTGLLTGLLTYLLILI	83588.8	83589.7	0.816184	0.171816	353.943
LLLGLLTGLLTGLLTYLLILI	LLLGLLTGLLTGLLTTLLILI	83589.7	83588.8	0.171816	0.816184	326.872
LLLGLLTGLLTGLLTTLLILI	LLLGLLTGLLTGLLTYLLILI	83588.8	83589.7	0.816184	0.171816	300.898
LLLGLLTGLLTGLLTYLLILI	LLLGLLTGLLTGLLTTLLILI	83589.7	83588.8	0.171816	0.816184	276.131
LLLGLLTGLLTGLLTTLLILI	LLLGLLTGLLTGLLTYLLILI	83588.8	83589.7	0.816184	0.171816	252.655
LLLGLLTGLLTGLLTYLLILI	LLLGLLTGLLTGLLTTLLILI	83589.7	83588.8	0.171816	0.816184	190.417
Time: 101s
