***STARTING GEOMETRY:***
xShift: 9.24274
crossingAngle: 26.3707
axialRotation: 99.7321
zShift: 2.19891

Number of MCCycles: 100
PrevSequence	CurrSequence	PrevEnergy	CurrEnergy	PrevEntropy	CurrEntropy	CurrentTemp
LLLYVLLSLLTGLTTLLLILI	LLLYVLLSLLTGLTYLLLILI	-12.5909	-18.8396	0.443059	0.379341	999.684
LLLYVLLSLLTGLTYLLLILI	LLLFVLLSLLTGLTYLLLILI	-18.2661	-18.6663	0.952787	0.132101	999.328
LLLFVLLSLLTGLTYLLLILI	LLLFVLLTLLTGLTYLLLILI	-18.6424	-22.5537	0.155943	0.865998	998.928
LLLFVLLTLLTGLTYLLLILI	LLLWVLLTLLTGLTYLLLILI	-23.2709	-24.4605	0.148778	0.890414	998.476
LLLWVLLTLLTGLTYLLLILI	LLLWVLLTLLYGLTYLLLILI	-24.9079	-21.638	0.443059	0.379341	997.967
LLLWVLLTLLYGLTYLLLILI	LLLYVLLTLLYGLTYLLLILI	-21.7452	-19.923	0.272043	0.591129	997.394
LLLYVLLTLLYGLTYLLLILI	LLLYVLLFLLYGLTYLLLILI	-19.698	-19.2716	0.816184	0.171816	996.749
LLLYVLLFLLYGLTYLLLILI	LLLYVLLFLLYGLTFLLLILI	-18.6228	-17.647	0.820686	0.170308	996.023
LLLYVLLFLLYGLTFLLLILI	LLLYVLLTLLYGLTFLLLILI	-17.5124	-18.3305	0.30482	0.538845	995.205
LLLYVLLTLLYGLTFLLLILI	LLLYVLLTLLTGLTFLLLILI	-18.4901	-21.7209	0.379341	0.443059	994.285
LLLYVLLTLLTGLTFLLLILI	LLLWVLLTLLTGLTFLLLILI	-21.8963	-22.6328	0.267575	0.598868	993.249
LLLWVLLTLLTGLTFLLLILI	LLLWGLLTLLTGLTFLLLILI	-23.0596	-21.3648	0.172067	0.81544	992.084
LLLWGLLTLLTGLTFLLLILI	LLLWGLLTLLTSLTFLLLILI	-21.5884	-19.8153	0.591862	0.271616	990.773
LLLWGLLTLLTSLTFLLLILI	LLLWGLLTLLYSLTFLLLILI	-19.3933	-16.1865	0.693609	0.219549	989.3
LLLWGLLTLLYSLTFLLLILI	LLLWALLTLLYSLTFLLLILI	-15.8219	-16.3721	0.584123	0.276169	987.644
LLLWALLTLLYSLTFLLLILI	LLLYALLTLLYSLTFLLLILI	-16.2761	-13.2828	0.372136	0.451187	985.783
LLLYALLTLLYSLTFLLLILI	LLLWALLTLLYSLTFLLLILI	-13.2828	-16.4734	0.451187	0.372136	983.694
LLLWALLTLLYSLTFLLLILI	LLLWALLTLLTSLTFLLLILI	-16.626	-18.0329	0.219549	0.693609	981.348
LLLWALLTLLTSLTFLLLILI	LLLWGLLTLLTSLTFLLLILI	-18.4503	-19.5065	0.276169	0.584123	978.717
LLLWGLLTLLTSLTFLLLILI	LLLWGLLTLLTALTFLLLILI	-19.4484	-18.4875	0.642213	0.244161	972.463
LLLWGLLTLLTALTFLLLILI	LLLWALLTLLTALTFLLLILI	-18.3703	-17.9783	0.36136	0.463748	968.764
LLLWALLTLLTALTFLLLILI	LLLWGLLTLLTALTFLLLILI	-17.9783	-18.3703	0.463748	0.36136	964.627
LLLWGLLTLLTALTFLLLILI	LLLWGLLTLLTALVFLLLILI	-17.6033	-14.7982	1.12845	0.0952708	960.005
LLLWGLLTLLTALVFLLLILI	LLLWGLLWLLTALVFLLLILI	-14.6842	-10.6305	0.209355	0.716965	954.846
LLLWGLLWLLTALVFLLLILI	LLLWGLLWLLTALVYLLLILI	-11.1074	-12.8377	0.240035	0.650378	949.095
LLLWGLLWLLTALVYLLLILI	LLLWGLLTLLTALVYLLLILI	-12.7711	-16.6402	0.716965	0.209355	942.693
LLLWGLLTLLTALVYLLLILI	LLLWGLLTLLTSLVYLLLILI	-16.6054	-15.6913	0.244161	0.642213	935.578
LLLWGLLTLLTSLVYLLLILI	LLLWGLLTLLTSLVFLLLILI	-15.6832	-15.8258	0.650378	0.240035	927.683
LLLWGLLTLLTSLVFLLLILI	LLLWALLTLLTSLVFLLLILI	-15.4818	-16.4083	0.584123	0.276169	918.939
LLLWALLTLLTSLVFLLLILI	LLLWALLTLLTSLVYLLLILI	-16.4444	-15.9889	0.240035	0.650378	909.276
LLLWALLTLLTSLVYLLLILI	LLLWALLTLLTALVYLLLILI	-16.2351	-16.8699	0.404229	0.416521	898.621
LLLWALLTLLTALVYLLLILI	LLLWALLYLLTALVYLLLILI	-16.9577	-12.6956	0.328724	0.505042	886.903
LLLWALLYLLTALVYLLLILI	LLLWALLYLLTALTYLLLILI	-13.0629	-16.2169	0.137712	0.930859	874.051
LLLWALLYLLTALTYLLLILI	LLLWALLYLLTALVYLLLILI	-16.2169	-13.0592	0.930859	0.137712	859.999
LLLWALLYLLTALVYLLLILI	LLLWALLTLLTALVYLLLILI	-12.6919	-16.9615	0.505042	0.328724	844.686
LLLWALLTLLTALVYLLLILI	LLLWALLTLLTALTYLLLILI	-17.1949	-20.1048	0.0952708	1.12845	828.061
LLLWALLTLLTALTYLLLILI	LLLWALLTLLTALTFLLLILI	-20.5829	-18.9369	0.650378	0.240035	810.083
LLLWALLTLLTALTFLLLILI	LLLWALLTLLTALTYLLLILI	-18.9369	-18.8175	0.240035	0.650378	790.724
LLLWALLTLLTALTYLLLILI	LLLWALLTLLTSLTYLLLILI	-19.0514	-22.2567	0.416521	0.404229	769.974
LLLWALLTLLTSLTYLLLILI	LLLWGLLTLLTSLTYLLLILI	-22.3847	-21.6359	0.276169	0.584123	724.369
LLLWGLLTLLTSLTYLLLILI	LLLWGLLTLLTSLTFLLLILI	-21.5696	-19.8468	0.650378	0.240035	673.628
LLLWGLLTLLTSLTFLLLILI	LLLWGLLTLLTALTFLLLILI	-19.4447	-18.4875	0.642213	0.244161	646.557
LLLWGLLTLLTALTFLLLILI	LLLWGLLTLLTSLTFLLLILI	-18.4875	-19.4484	0.244161	0.642213	618.524
LLLWGLLTLLTSLTFLLLILI	LLLWALLTLLTSLTFLLLILI	-19.5065	-20.2485	0.584123	0.276169	589.688
LLLWALLTLLTSLTFLLLILI	LLLWALLTLLTALTFLLLILI	-20.1205	-18.4852	0.404229	0.416521	560.23
LLLWALLTLLTALTFLLLILI	LLLWALLTLLTSLTFLLLILI	-18.4852	-20.1243	0.416521	0.404229	530.348
LLLWALLTLLTSLTFLLLILI	LLLWGLLTLLTSLTFLLLILI	-20.2523	-19.5065	0.276169	0.584123	500.25
LLLWGLLTLLTSLTFLLLILI	LLLWGLLTLLTSLTYLLLILI	-19.8506	-20.8725	0.240035	0.650378	470.152
LLLWGLLTLLTSLTYLLLILI	LLLWALLTLLTSLTYLLLILI	-20.9388	-20.3419	0.584123	0.276169	440.27
LLLWALLTLLTSLTYLLLILI	LLLWGLLTLLTSLTYLLLILI	-20.3419	-21.6396	0.276169	0.584123	410.812
LLLWGLLTLLTSLTYLLLILI	LLLWALLTLLTSLTYLLLILI	-21.6396	-22.3847	0.584123	0.276169	381.976
LLLWALLTLLTSLTYLLLILI	LLLWGLLTLLTSLTYLLLILI	-22.3847	-21.6396	0.276169	0.584123	230.526
LLLWGLLTLLTSLTYLLLILI	LLLWALLTLLTSLTYLLLILI	-21.6396	-22.3847	0.584123	0.276169	209.776
LLLWALLTLLTSLTYLLLILI	LLLWGLLTLLTSLTYLLLILI	-22.3847	-21.6396	0.276169	0.584123	190.417
LLLWGLLTLLTSLTYLLLILI	LLLWALLTLLTSLTYLLLILI	-21.6396	-22.381	0.584123	0.276169	91.2238
Time: 113s
