***STARTING GEOMETRY:***
xShift: 9.21762
crossingAngle: 19.9706
axialRotation: 99.5008
zShift: 4.15466

Number of MCCycles: 100
PrevSequence	CurrSequence	PrevEnergy	CurrEnergy	PrevEntropy	CurrEntropy	CurrentTemp
LLLWALLLLLTTLTTLLLILI	LLLYALLLLLTTLTTLLLILI	7.0304	5.60536	0.598868	0.267575	999.684
LLLYALLLLLTTLTTLLLILI	LLLYALLLLLTTLTFLLLILI	6.48462	3.49302	1.14683	0.0921195	999.328
LLLYALLLLLTTLTFLLLILI	LLLYALLYLLTTLTFLLLILI	3.62674	5.06948	0.225838	0.679837	998.928
LLLYALLYLLTTLTFLLLILI	LLLYALLYLLTTLTTLLLILI	4.48176	6.34478	0.0921195	1.14683	998.476
LLLYALLYLLTTLTTLLLILI	LLLYGLLYLLTTLTTLLLILI	5.47412	7.15836	0.276169	0.584123	997.967
LLLYGLLYLLTTLTTLLLILI	LLLYGLLYLLTWLTTLLLILI	7.16158	5.35459	0.58734	0.274265	997.394
LLLYGLLYLLTWLTTLLLILI	LLLFGLLYLLTWLTTLLLILI	6.03311	4.62529	0.952787	0.132101	996.749
LLLFGLLYLLTWLTTLLLILI	LLLLGLLYLLTWLTTLLLILI	4.74814	4.89428	0.254948	0.621635	995.205
LLLLGLLYLLTWLTTLLLILI	LLLYGLLYLLTWLTTLLLILI	4.49848	5.44513	0.225838	0.679837	994.285
LLLYGLLYLLTWLTTLLLILI	LLLYALLYLLTWLTTLLLILI	5.34942	3.69947	0.584123	0.276169	993.249
LLLYALLYLLTWLTTLLLILI	LLLYALLYLLTWLVTLLLILI	4.55176	5.01249	1.12845	0.0952708	990.773
LLLYALLYLLTWLVTLLLILI	LLLYALLYLLTWLTTLLLILI	5.01249	4.75451	0.0952708	1.12845	987.644
LLLYALLYLLTWLTTLLLILI	LLLYGLLYLLTWLTTLLLILI	3.90222	5.80505	0.276169	0.584123	985.783
LLLYGLLYLLTWLTTLLLILI	LLLYGLLYLLTWLTSLLLILI	6.08693	7.12345	0.865998	0.155943	983.694
LLLYGLLYLLTWLTSLLLILI	LLLYALLYLLTWLTSLLLILI	7.55163	5.82721	0.584123	0.276169	981.348
LLLYALLYLLTWLTSLLLILI	LLLLALLYLLTWLTSLLLILI	6.23088	9.68314	0.679837	0.225838	978.717
LLLLALLYLLTWLTSLLLILI	LLLLALLYLLTWLVSLLLILI	10.3882	10.9183	0.930859	0.137712	975.768
LLLLALLYLLTWLVSLLLILI	LLLLALLYLLTWLVTLLLILI	11.0013	8.27537	0.220804	0.690823	972.463
LLLLALLYLLTWLVTLLLILI	LLLLALLYLLTWLTTLLLILI	7.67981	8.6143	0.0952708	1.12845	968.764
LLLLALLYLLTWLTTLLLILI	LLLLALLYLLSWLTTLLLILI	8.35184	8.96673	0.865998	0.155943	964.627
LLLLALLYLLSWLTTLLLILI	LLLLALLYLLTWLTTLLLILI	8.96673	7.47918	0.155943	0.865998	960.005
LLLLALLYLLTWLTTLLLILI	LLLLGLLYLLTWLTTLLLILI	6.88935	6.80967	0.276169	0.584123	954.846
LLLLGLLYLLTWLTTLLLILI	LLLYGLLYLLTWLTTLLLILI	6.45138	5.0243	0.225838	0.679837	949.095
LLLYGLLYLLTWLTTLLLILI	LLLGGLLYLLTWLTTLLLILI	4.94002	5.86282	0.595564	0.269472	942.693
LLLGGLLYLLTWLTTLLLILI	LLLLGLLYLLTWLTTLLLILI	6.0711	4.46443	0.477745	0.349837	935.578
LLLLGLLYLLTWLTTLLLILI	LLLLALLYLLTWLTTLLLILI	4.69872	4.06179	0.584123	0.276169	927.683
LLLLALLYLLTWLTTLLLILI	LLLLALLYLLTALTTLLLILI	4.53625	7.16447	0.750628	0.195632	918.939
LLLLALLYLLTALTTLLLILI	LLLLALLYLLTWLTTLLLILI	7.16447	6.56731	0.195632	0.750628	909.276
LLLLALLYLLTWLTTLLLILI	LLLWALLYLLTWLTTLLLILI	5.95604	3.48265	0.139351	0.924643	898.621
LLLWALLYLLTWLTTLLLILI	LLLFALLYLLTWLTTLLLILI	3.78904	3.7604	1.23103	0.0790506	886.903
LLLFALLYLLTWLTTLLLILI	LLLFALLFLLTWLTTLLLILI	4.0917	5.24201	0.410343	0.410343	859.999
LLLFALLFLLTWLTTLLLILI	LLLYALLFLLTWLTTLLLILI	5.24201	3.85164	0.410343	0.410343	844.686
LLLYALLFLLTWLTTLLLILI	LLLYALLFLLTTLTTLLLILI	3.71556	6.73236	0.274265	0.58734	828.061
LLLYALLFLLTTLTTLLLILI	LLLYALLFLLTWLTTLLLILI	6.73236	6.31442	0.58734	0.274265	810.083
LLLYALLFLLTWLTTLLLILI	LLLVALLFLLTWLTTLLLILI	6.79376	6.74019	0.753596	0.194474	790.724
LLLVALLFLLTWLTTLLLILI	LLLYALLFLLTWLTTLLLILI	6.74019	6.3347	0.194474	0.753596	747.845
LLLYALLFLLTWLTTLLLILI	LLLFALLFLLTWLTTLLLILI	5.99144	5.73926	0.410343	0.410343	724.369
LLLFALLFLLTWLTTLLLILI	LLLYALLFLLTWLTTLLLILI	5.73926	5.67364	0.410343	0.410343	699.602
LLLYALLFLLTWLTTLLLILI	LLLYALLFLLTWLTSLLLILI	6.1293	6.98482	0.865998	0.155943	673.628
LLLYALLFLLTWLTSLLLILI	LLLYALLFLLTWLTTLLLILI	6.98482	6.28377	0.155943	0.865998	646.557
LLLYALLFLLTWLTTLLLILI	LLLFALLFLLTWLTTLLLILI	5.82812	4.86237	0.410343	0.410343	618.524
LLLFALLFLLTWLTTLLLILI	LLLYALLFLLTWLTTLLLILI	4.86237	5.71541	0.410343	0.410343	589.688
LLLYALLFLLTWLTTLLLILI	LLLYALLYLLTWLTTLLLILI	5.43717	4.52636	0.132101	0.952787	560.23
LLLYALLYLLTWLTTLLLILI	LLLYALLYLLFWLTTLLLILI	4.57788	7.20906	1.0043	0.119894	530.348
LLLYALLYLLFWLTTLLLILI	LLLYALLYLLTWLTTLLLILI	7.20906	4.4276	0.119894	1.0043	440.27
LLLYALLYLLTWLTTLLLILI	LLLYGLLYLLTWLTTLLLILI	3.69947	3.20351	0.276169	0.584123	410.812
LLLYGLLYLLTWLTTLLLILI	LLLYGLLFLLTWLTTLLLILI	3.57217	6.03691	0.952787	0.132101	381.976
LLLYGLLFLLTWLTTLLLILI	LLLYALLFLLTWLTTLLLILI	6.48893	5.62034	0.584123	0.276169	353.943
LLLYALLFLLTWLTTLLLILI	LLLYALLYLLTWLTTLLLILI	5.47627	4.4455	0.132101	0.952787	326.872
LLLYALLYLLTWLTTLLLILI	LLLYGLLYLLTWLTTLLLILI	3.76888	3.4155	0.276169	0.584123	300.898
LLLYGLLYLLTWLTTLLLILI	LLLYALLYLLTWLTTLLLILI	3.4155	2.8727	0.584123	0.276169	252.655
LLLYALLYLLTWLTTLLLILI	LLLYGLLYLLTWLTTLLLILI	2.8727	2.81504	0.276169	0.584123	35.8726
Time: 166s
