***STARTING GEOMETRY:***
xShift: 8.2
crossingAngle: 21
axialRotation: 75.6518
zShift: 2.2

Number of MCCycles: 100
PrevSequence	CurrSequence	PrevEnergy	CurrEnergy	PrevEntropy	CurrEntropy	CurrentTemp
LLLYWLLGLLYWLTGLLLILI	LLLYWLLGLLYWLVGLLLILI	158.448	161.302	0.632162	0.249358	999.684
LLLYWLLGLLYWLVGLLLILI	LLLYFLLGLLYWLVGLLLILI	162.284	161.98	1.23103	0.0790506	999.328
LLLYFLLGLLYWLVGLLLILI	LLLYFLLGLLYWLTGLLLILI	162.151	158.936	0.249358	0.632162	998.928
LLLYFLLGLLYWLTGLLLILI	LLLYWLLGLLYWLTGLLLILI	158.382	158.686	0.0790506	1.23103	998.476
LLLYWLLGLLYWLTGLLLILI	LLLWWLLGLLYWLTGLLLILI	157.646	159.273	0.191082	0.76241	997.967
LLLWWLLGLLYWLTGLLLILI	LLLYWLLGLLYWLTGLLLILI	159.273	157.646	0.76241	0.191082	997.394
LLLYWLLGLLYWLTGLLLILI	LLLYFLLGLLYWLTGLLLILI	158.686	158.382	1.23103	0.0790506	996.749
LLLYFLLGLLYWLTGLLLILI	LLLWFLLGLLYWLTGLLLILI	158.571	161.647	0.267575	0.598868	995.205
LLLWFLLGLLYWLTGLLLILI	LLLWYLLGLLYWLTGLLLILI	161.18	159.486	0.132101	0.952787	994.285
LLLWYLLGLLYWLTGLLLILI	LLLWYLLGLLWWLTGLLLILI	158.724	160.215	0.191082	0.76241	993.249
LLLWYLLGLLWWLTGLLLILI	LLLWYLLGLLWYLTGLLLILI	160.215	158.388	0.76241	0.191082	992.084
LLLWYLLGLLWYLTGLLLILI	LLLWWLLGLLWYLTGLLLILI	158.388	159.175	0.191082	0.76241	990.773
LLLWWLLGLLWYLTGLLLILI	LLLWYLLGLLWYLTGLLLILI	159.175	158.826	0.76241	0.191082	989.3
LLLWYLLGLLWYLTGLLLILI	LLLYYLLGLLWYLTGLLLILI	159.093	158.744	0.457728	0.366471	987.644
LLLYYLLGLLWYLTGLLLILI	LLLWYLLGLLWYLTGLLLILI	158.744	159.529	0.366471	0.457728	985.783
LLLWYLLGLLWYLTGLLLILI	LLLWYLLGLLYYLTGLLLILI	159.529	160.187	0.457728	0.366471	983.694
LLLWYLLGLLYYLTGLLLILI	LLLWYLLGLLYWLTGLLLILI	160.187	158.99	0.366471	0.457728	981.348
LLLWYLLGLLYWLTGLLLILI	LLLWYLLGLLYYLTGLLLILI	158.99	160.187	0.457728	0.366471	978.717
LLLWYLLGLLYYLTGLLLILI	LLLYYLLGLLYYLTGLLLILI	160.036	160.219	0.21484	0.704234	975.768
LLLYYLLGLLYYLTGLLLILI	LLLWYLLGLLYYLTGLLLILI	160.219	160.036	0.704234	0.21484	972.463
LLLWYLLGLLYYLTGLLLILI	LLLWYLLGLLWYLTGLLLILI	160.187	159.092	0.366471	0.457728	968.764
LLLWYLLGLLWYLTGLLLILI	LLLWYLLGLLYYLTGLLLILI	159.092	160.187	0.457728	0.366471	964.627
LLLWYLLGLLYYLTGLLLILI	LLLWYLLGLLYWLTGLLLILI	160.187	158.99	0.366471	0.457728	960.005
LLLWYLLGLLYWLTGLLLILI	LLLYYLLGLLYWLTGLLLILI	158.99	158.753	0.457728	0.366471	954.846
LLLYYLLGLLYWLTGLLLILI	LLLYFLLGLLYWLTGLLLILI	159.539	158.395	1.15198	0.0912572	949.095
LLLYFLLGLLYWLTGLLLILI	LLLYWLLGLLYWLTGLLLILI	158.382	158.686	0.0790506	1.23103	942.693
LLLYWLLGLLYWLTGLLLILI	LLLYFLLGLLYWLTGLLLILI	158.686	158.382	1.23103	0.0790506	935.578
LLLYFLLGLLYWLTGLLLILI	LLLYFLLGLLYYLTGLLLILI	158.575	159.823	0.272043	0.591129	927.683
LLLYFLLGLLYYLTGLLLILI	LLLYFLLGLLYWLTGLLLILI	159.823	158.575	0.591129	0.272043	918.939
LLLYFLLGLLYWLTGLLLILI	LLLYWLLGLLYWLTGLLLILI	158.382	158.686	0.0790506	1.23103	909.276
LLLYWLLGLLYWLTGLLLILI	LLLYFLLGLLYWLTGLLLILI	158.686	158.382	1.23103	0.0790506	898.621
LLLYFLLGLLYWLTGLLLILI	LLLYFLLGLLYYLTGLLLILI	158.575	159.823	0.272043	0.591129	886.903
LLLYFLLGLLYYLTGLLLILI	LLLYWLLGLLYYLTGLLLILI	159.38	159.238	0.148778	0.890414	874.051
LLLYWLLGLLYYLTGLLLILI	LLLYWLLGLLYWLTGLLLILI	158.714	157.913	0.366471	0.457728	859.999
LLLYWLLGLLYWLTGLLLILI	LLLYFLLGLLYWLTGLLLILI	158.686	158.382	1.23103	0.0790506	828.061
LLLYFLLGLLYWLTGLLLILI	LLLYFLLGLLWWLTGLLLILI	158.571	159.458	0.267575	0.598868	790.724
LLLYFLLGLLWWLTGLLLILI	LLLYWLLGLLWWLTGLLLILI	158.913	159.753	0.0538553	1.44587	769.974
LLLYWLLGLLWWLTGLLLILI	LLLYWLLGLLWYLTGLLLILI	159.069	158.021	0.76241	0.191082	747.845
LLLYWLLGLLWYLTGLLLILI	LLLYFLLGLLWYLTGLLLILI	159.061	158.396	1.23103	0.0790506	724.369
LLLYFLLGLLWYLTGLLLILI	LLLYFLLGLLWWLTGLLLILI	158.585	159.458	0.267575	0.598868	699.602
LLLYFLLGLLWWLTGLLLILI	LLLYWLLGLLWWLTGLLLILI	158.913	159.753	0.0538553	1.44587	673.628
LLLYWLLGLLWWLTGLLLILI	LLLYWLLGLLWWLVGLLLILI	158.939	162.134	0.632162	0.249358	646.557
LLLYWLLGLLWWLVGLLLILI	LLLYWLLGLLWWLTGLLLILI	162.134	158.939	0.249358	0.632162	618.524
LLLYWLLGLLWWLTGLLLILI	LLLYWLLGLLYWLTGLLLILI	159.069	157.646	0.76241	0.191082	589.688
LLLYWLLGLLYWLTGLLLILI	LLLYFLLGLLYWLTGLLLILI	158.686	158.382	1.23103	0.0790506	560.23
LLLYFLLGLLYWLTGLLLILI	LLLYWLLGLLYWLTGLLLILI	158.382	158.686	0.0790506	1.23103	530.348
LLLYWLLGLLYWLTGLLLILI	LLLYWLLGLLYYLTGLLLILI	157.913	158.714	0.457728	0.366471	500.25
LLLYWLLGLLYYLTGLLLILI	LLLYWLLGLLWYLTGLLLILI	158.714	158.175	0.366471	0.457728	470.152
LLLYWLLGLLWYLTGLLLILI	LLLYFLLGLLWYLTGLLLILI	158.949	158.425	1.23103	0.0790506	440.27
LLLYFLLGLLWYLTGLLLILI	LLLYFLLGLLYYLTGLLLILI	158.618	159.823	0.272043	0.591129	381.976
LLLYFLLGLLYYLTGLLLILI	LLLYFLLGLLWYLTGLLLILI	159.823	158.589	0.591129	0.272043	353.943
LLLYFLLGLLWYLTGLLLILI	LLLYFLLGLLYYLTGLLLILI	158.589	159.823	0.272043	0.591129	300.898
LLLYFLLGLLYYLTGLLLILI	LLLYFLLGLLYWLTGLLLILI	159.823	158.575	0.591129	0.272043	276.131
LLLYFLLGLLYWLTGLLLILI	LLLYFLLGLLWWLTGLLLILI	158.571	159.458	0.267575	0.598868	252.655
LLLYFLLGLLWWLTGLLLILI	LLLYYLLGLLWWLTGLLLILI	158.991	160.015	0.132101	0.952787	230.526
LLLYYLLGLLWWLTGLLLILI	LLLYWLLGLLWWLTGLLLILI	159.253	159.069	0.191082	0.76241	209.776
LLLYWLLGLLWWLTGLLLILI	LLLYWLLGLLYWLTGLLLILI	159.069	157.646	0.76241	0.191082	190.417
LLLYWLLGLLYWLTGLLLILI	LLLYFLLGLLYWLTGLLLILI	158.686	158.382	1.23103	0.0790506	155.814
Time: 252s
