MCAccept 0 xShift: 7.11 crossingAngle: -40.88 axialRotation: -38.0274 zShift: 2.35 energy: -11.9117
MCReject   xShift: 7.11 crossingAngle: -40.88 axialRotation: -38.0274 zShift: 2.36036 energy: -6.43299
MCAccept 1 xShift: 7.11 crossingAngle: -40.88 axialRotation: -37.9616 zShift: 2.35 energy: -11.9025
MCAccept 2 xShift: 7.11 crossingAngle: -40.8789 axialRotation: -37.9616 zShift: 2.35 energy: -11.9025
MCAccept 3 xShift: 7.1256 crossingAngle: -40.8789 axialRotation: -37.9616 zShift: 2.35 energy: -11.9106
MCAccept 4 xShift: 7.1256 crossingAngle: -40.8789 axialRotation: -37.9616 zShift: 2.35219 energy: -11.881
MCAccept 5 xShift: 7.12246 crossingAngle: -40.8789 axialRotation: -37.9616 zShift: 2.35219 energy: -11.8785
MCAccept 6 xShift: 7.14138 crossingAngle: -40.8789 axialRotation: -37.9616 zShift: 2.35219 energy: -11.881
MCAccept 7 xShift: 7.12708 crossingAngle: -40.8789 axialRotation: -37.9616 zShift: 2.35219 energy: -11.8519
MCAccept 8 xShift: 7.12708 crossingAngle: -40.9139 axialRotation: -37.9616 zShift: 2.35219 energy: -11.881
MCReject   xShift: 7.11938 crossingAngle: -40.9139 axialRotation: -37.9616 zShift: 2.35219 energy: -6.46325
MCAccept 9 xShift: 7.12708 crossingAngle: -40.9139 axialRotation: -38.0268 zShift: 2.35219 energy: -11.881
MCAccept 10 xShift: 7.12708 crossingAngle: -40.9139 axialRotation: -37.9796 zShift: 2.35219 energy: -11.881
MCAccept 11 xShift: 7.12708 crossingAngle: -40.9139 axialRotation: -37.9796 zShift: 2.34486 energy: -11.9195
MCAccept 12 xShift: 7.12708 crossingAngle: -40.9139 axialRotation: -38.3229 zShift: 2.34486 energy: -11.9882
MCAccept 13 xShift: 7.12708 crossingAngle: -40.9139 axialRotation: -38.3229 zShift: 2.34525 energy: -11.9812
MCReject   xShift: 7.12708 crossingAngle: -40.9139 axialRotation: -38.3229 zShift: 2.34392 energy: -6.60473
MCAccept 14 xShift: 7.12708 crossingAngle: -40.9139 axialRotation: -38.354 zShift: 2.34525 energy: -11.9676
MCAccept 15 xShift: 7.12708 crossingAngle: -40.9804 axialRotation: -38.354 zShift: 2.34525 energy: -11.916
MCReject   xShift: 7.12708 crossingAngle: -41.0796 axialRotation: -38.354 zShift: 2.34525 energy: -6.59353
MCAccept 16 xShift: 7.12708 crossingAngle: -40.9804 axialRotation: -38.4163 zShift: 2.34525 energy: -11.9827
MCAccept 17 xShift: 7.12708 crossingAngle: -40.9804 axialRotation: -38.4142 zShift: 2.34525 energy: -11.9822
MCAccept 18 xShift: 7.11328 crossingAngle: -40.9804 axialRotation: -38.4142 zShift: 2.34525 energy: -11.9822
MCAccept 19 xShift: 7.11328 crossingAngle: -40.9804 axialRotation: -38.2788 zShift: 2.34525 energy: -11.916
MCAccept 20 xShift: 7.11328 crossingAngle: -40.9804 axialRotation: -38.2758 zShift: 2.34525 energy: -11.9716
MCAccept 21 xShift: 7.11328 crossingAngle: -40.9804 axialRotation: -38.2758 zShift: 2.34215 energy: -12.0271
MCReject   xShift: 7.11328 crossingAngle: -40.9804 axialRotation: -38.1993 zShift: 2.34215 energy: -6.60829
MCAccept 22 xShift: 7.12208 crossingAngle: -40.9804 axialRotation: -38.2758 zShift: 2.34215 energy: -12.0125
MCAccept 23 xShift: 7.12208 crossingAngle: -40.9585 axialRotation: -38.2758 zShift: 2.34215 energy: -11.9977
MCAccept 24 xShift: 7.12208 crossingAngle: -40.894 axialRotation: -38.2758 zShift: 2.34215 energy: -12.0266
MCAccept 25 xShift: 7.12208 crossingAngle: -40.8151 axialRotation: -38.2758 zShift: 2.34215 energy: -12.0266
MCAccept 26 xShift: 7.12208 crossingAngle: -40.8151 axialRotation: -38.2758 zShift: 2.32156 energy: -12.297
MCReject   xShift: 7.14632 crossingAngle: -40.8151 axialRotation: -38.2758 zShift: 2.32156 energy: -12.2684
MCAccept 27 xShift: 7.12208 crossingAngle: -41.0076 axialRotation: -38.2758 zShift: 2.32156 energy: -12.2883
MCAccept 28 xShift: 7.12208 crossingAngle: -41.0076 axialRotation: -38.2758 zShift: 2.31379 energy: -12.3966
MCAccept 29 xShift: 7.12208 crossingAngle: -40.9074 axialRotation: -38.2758 zShift: 2.31379 energy: -12.3955
MCAccept 30 xShift: 7.12208 crossingAngle: -40.9074 axialRotation: -38.1508 zShift: 2.31379 energy: -12.3966
MCAccept 31 xShift: 7.12208 crossingAngle: -40.9074 axialRotation: -38.0196 zShift: 2.31379 energy: -12.3888
MCAccept 32 xShift: 7.12208 crossingAngle: -40.746 axialRotation: -38.0196 zShift: 2.31379 energy: -12.3202
MCAccept 33 xShift: 7.12208 crossingAngle: -40.746 axialRotation: -38.0196 zShift: 2.31609 energy: -12.3622
MCReject   xShift: 7.12208 crossingAngle: -40.746 axialRotation: -37.9473 zShift: 2.31609 energy: -12.1226
MCAccept 34 xShift: 7.12208 crossingAngle: -40.8115 axialRotation: -38.0196 zShift: 2.31609 energy: -12.355
MCAccept 35 xShift: 7.12208 crossingAngle: -40.8115 axialRotation: -38.0196 zShift: 2.30783 energy: -12.4271
MCReject   xShift: 7.12208 crossingAngle: -40.8115 axialRotation: -38.0196 zShift: 2.33275 energy: -12.1548
MCAccept 36 xShift: 7.12208 crossingAngle: -40.7633 axialRotation: -38.0196 zShift: 2.30783 energy: -12.4636
MCAccept 37 xShift: 7.12208 crossingAngle: -40.7633 axialRotation: -37.743 zShift: 2.30783 energy: -12.4647
MCAccept 38 xShift: 7.12208 crossingAngle: -40.7633 axialRotation: -37.743 zShift: 2.30265 energy: -12.5201
MCAccept 39 xShift: 7.12208 crossingAngle: -40.7633 axialRotation: -37.8255 zShift: 2.30265 energy: -12.5201
MCAccept 40 xShift: 7.13149 crossingAngle: -40.7633 axialRotation: -37.8255 zShift: 2.30265 energy: -12.5201
MCReject   xShift: 7.14931 crossingAngle: -40.7633 axialRotation: -37.8255 zShift: 2.30265 energy: -6.78066
MCAccept 41 xShift: 7.13149 crossingAngle: -40.7633 axialRotation: -37.6049 zShift: 2.30265 energy: -12.5108
MCAccept 42 xShift: 7.13149 crossingAngle: -40.7633 axialRotation: -37.6385 zShift: 2.30265 energy: -12.4548
MCAccept 43 xShift: 7.13149 crossingAngle: -40.7914 axialRotation: -37.6385 zShift: 2.30265 energy: -12.4422
MCAccept 44 xShift: 7.13803 crossingAngle: -40.7914 axialRotation: -37.6385 zShift: 2.30265 energy: -12.5201
MCReject   xShift: 7.13803 crossingAngle: -40.772 axialRotation: -37.6385 zShift: 2.30265 energy: -6.82579
MCAccept 45 xShift: 7.13803 crossingAngle: -40.7914 axialRotation: -37.6385 zShift: 2.29779 energy: -12.5575
MCAccept 46 xShift: 7.13803 crossingAngle: -40.5902 axialRotation: -37.6385 zShift: 2.29779 energy: -12.5707
MCAccept 47 xShift: 7.13803 crossingAngle: -40.4369 axialRotation: -37.6385 zShift: 2.29779 energy: -12.5707
MCReject   xShift: 7.13803 crossingAngle: -40.4369 axialRotation: -37.6385 zShift: 2.30723 energy: -12.4715
MCAccept 48 xShift: 7.13803 crossingAngle: -40.4369 axialRotation: -37.8214 zShift: 2.29779 energy: -12.5719
MCReject   xShift: 7.13803 crossingAngle: -40.4369 axialRotation: -37.8895 zShift: 2.29779 energy: -12.5054
MCAccept 49 xShift: 7.13803 crossingAngle: -40.4369 axialRotation: -37.8652 zShift: 2.29779 energy: -12.5491
MCAccept 50 xShift: 7.13803 crossingAngle: -40.3566 axialRotation: -37.8652 zShift: 2.29779 energy: -12.5707
MCAccept 51 xShift: 7.13803 crossingAngle: -40.3837 axialRotation: -37.8652 zShift: 2.29779 energy: -12.5707
MCReject   xShift: 7.13194 crossingAngle: -40.3837 axialRotation: -37.8652 zShift: 2.29779 energy: -6.78519
MCAccept 52 xShift: 7.13803 crossingAngle: -40.4377 axialRotation: -37.8652 zShift: 2.29779 energy: -12.5707
MCReject   xShift: 7.13803 crossingAngle: -40.4377 axialRotation: -37.8652 zShift: 2.31128 energy: -12.4246
MCAccept 53 xShift: 7.13803 crossingAngle: -40.4377 axialRotation: -37.8847 zShift: 2.29779 energy: -12.5603
MCAccept 54 xShift: 7.13803 crossingAngle: -40.4377 axialRotation: -37.8847 zShift: 2.28454 energy: -12.6843
MCAccept 55 xShift: 7.13458 crossingAngle: -40.4377 axialRotation: -37.8847 zShift: 2.28454 energy: -12.6986
MCReject   xShift: 7.13458 crossingAngle: -40.4742 axialRotation: -37.8847 zShift: 2.28454 energy: -12.6729
MCAccept 56 xShift: 7.13458 crossingAngle: -40.4377 axialRotation: -37.8847 zShift: 2.27877 energy: -12.7342
MCReject   xShift: 7.13458 crossingAngle: -40.4377 axialRotation: -37.8847 zShift: 2.26818 energy: -7.14625
MCAccept 57 xShift: 7.13458 crossingAngle: -40.3247 axialRotation: -37.8847 zShift: 2.27877 energy: -12.7485
MCReject   xShift: 7.13394 crossingAngle: -40.3247 axialRotation: -37.8847 zShift: 2.27877 energy: -12.6643
MCAccept 58 xShift: 7.13458 crossingAngle: -40.3247 axialRotation: -37.8847 zShift: 2.26447 energy: -12.8118
MCReject   xShift: 7.11483 crossingAngle: -40.3247 axialRotation: -37.8847 zShift: 2.26447 energy: -12.7712
MCAccept 59 xShift: 7.15057 crossingAngle: -40.3247 axialRotation: -37.8847 zShift: 2.26447 energy: -12.7969
MCAccept 60 xShift: 7.14013 crossingAngle: -40.3247 axialRotation: -37.8847 zShift: 2.26447 energy: -12.8439
MCAccept 61 xShift: 7.14013 crossingAngle: -40.3247 axialRotation: -37.8847 zShift: 2.25038 energy: -12.9492
MCAccept 62 xShift: 7.14013 crossingAngle: -40.3247 axialRotation: -37.7403 zShift: 2.25038 energy: -12.9138
MCReject   xShift: 7.14013 crossingAngle: -40.3247 axialRotation: -37.7403 zShift: 2.2616 energy: -12.5982
MCAccept 63 xShift: 7.14013 crossingAngle: -40.3247 axialRotation: -37.802 zShift: 2.25038 energy: -12.9138
MCReject   xShift: 7.14013 crossingAngle: -40.3247 axialRotation: -37.7378 zShift: 2.25038 energy: -6.96603
MCAccept 64 xShift: 7.14013 crossingAngle: -40.3247 axialRotation: -37.7541 zShift: 2.25038 energy: -12.9561
MCAccept 65 xShift: 7.12829 crossingAngle: -40.3247 axialRotation: -37.7541 zShift: 2.25038 energy: -12.9401
MCReject   xShift: 7.12412 crossingAngle: -40.3247 axialRotation: -37.7541 zShift: 2.25038 energy: -12.8939
MCAccept 66 xShift: 7.12829 crossingAngle: -40.3247 axialRotation: -37.7541 zShift: 2.2477 energy: -12.9722
MCReject   xShift: 7.12829 crossingAngle: -40.1289 axialRotation: -37.7541 zShift: 2.2477 energy: -12.9118
MCAccept 67 xShift: 7.12502 crossingAngle: -40.3247 axialRotation: -37.7541 zShift: 2.2477 energy: -12.9722
MCReject   xShift: 7.12502 crossingAngle: -40.3247 axialRotation: -37.7611 zShift: 2.2477 energy: -7.10079
MCAccept 68 xShift: 7.12502 crossingAngle: -40.328 axialRotation: -37.7541 zShift: 2.2477 energy: -12.9722
MCAccept 69 xShift: 7.12502 crossingAngle: -40.328 axialRotation: -37.6873 zShift: 2.2477 energy: -12.9722
MCAccept 70 xShift: 7.12502 crossingAngle: -40.3432 axialRotation: -37.6873 zShift: 2.2477 energy: -12.9653
MCReject   xShift: 7.12163 crossingAngle: -40.3432 axialRotation: -37.6873 zShift: 2.2477 energy: -12.9101
MCReject   xShift: 7.13672 crossingAngle: -40.3432 axialRotation: -37.6873 zShift: 2.2477 energy: -12.9393
MCReject   xShift: 7.11245 crossingAngle: -40.3432 axialRotation: -37.6873 zShift: 2.2477 energy: -7.23507
MCAccept 71 xShift: 7.12502 crossingAngle: -40.2864 axialRotation: -37.6873 zShift: 2.2477 energy: -12.9722
MCReject   xShift: 7.12567 crossingAngle: -40.2864 axialRotation: -37.6873 zShift: 2.2477 energy: -12.9279
MCReject   xShift: 7.12502 crossingAngle: -40.2665 axialRotation: -37.6873 zShift: 2.2477 energy: -12.9101
MCReject   xShift: 7.12502 crossingAngle: -40.2864 axialRotation: -37.7487 zShift: 2.2477 energy: -7.07535
MCReject   xShift: 7.12502 crossingAngle: -40.2864 axialRotation: -37.8314 zShift: 2.2477 energy: -7.07535
MCAccept 72 xShift: 7.12502 crossingAngle: -40.468 axialRotation: -37.6873 zShift: 2.2477 energy: -12.9722
MCReject   xShift: 7.12502 crossingAngle: -40.6336 axialRotation: -37.6873 zShift: 2.2477 energy: -12.9653
MCReject   xShift: 7.12502 crossingAngle: -40.468 axialRotation: -37.6873 zShift: 2.25219 energy: -12.9379
MCAccept 73 xShift: 7.12502 crossingAngle: -40.468 axialRotation: -37.6351 zShift: 2.2477 energy: -12.9563
MCReject   xShift: 7.12502 crossingAngle: -40.4449 axialRotation: -37.6351 zShift: 2.2477 energy: -12.9279
MCAccept 74 xShift: 7.12502 crossingAngle: -40.468 axialRotation: -37.4996 zShift: 2.2477 energy: -12.9653
MCReject   xShift: 7.11813 crossingAngle: -40.468 axialRotation: -37.4996 zShift: 2.2477 energy: -12.9393
MCAccept 75 xShift: 7.12502 crossingAngle: -40.5377 axialRotation: -37.4996 zShift: 2.2477 energy: -12.9653
MCReject   xShift: 7.13131 crossingAngle: -40.5377 axialRotation: -37.4996 zShift: 2.2477 energy: -7.05936
MCAccept 76 xShift: 7.12502 crossingAngle: -40.5377 axialRotation: -37.5871 zShift: 2.2477 energy: -12.9653
MCAccept 77 xShift: 7.12502 crossingAngle: -40.4306 axialRotation: -37.5871 zShift: 2.2477 energy: -12.9653
MCAccept 78 xShift: 7.12502 crossingAngle: -40.4306 axialRotation: -37.5871 zShift: 2.2512 energy: -12.951
MCReject   xShift: 7.12496 crossingAngle: -40.4306 axialRotation: -37.5871 zShift: 2.2512 energy: -7.09638
MCReject   xShift: 7.13186 crossingAngle: -40.4306 axialRotation: -37.5871 zShift: 2.2512 energy: -7.16584
MCReject   xShift: 7.11825 crossingAngle: -40.4306 axialRotation: -37.5871 zShift: 2.2512 energy: -12.8888
MCAccept 79 xShift: 7.12502 crossingAngle: -40.4306 axialRotation: -37.6592 zShift: 2.2512 energy: -12.951
MCAccept 80 xShift: 7.12502 crossingAngle: -40.3877 axialRotation: -37.6592 zShift: 2.2512 energy: -12.951
MCReject   xShift: 7.12502 crossingAngle: -40.3877 axialRotation: -37.5883 zShift: 2.2512 energy: -12.9094
MCReject   xShift: 7.12502 crossingAngle: -40.3877 axialRotation: -37.4894 zShift: 2.2512 energy: -11.7696
MCReject   xShift: 7.12502 crossingAngle: -40.4603 axialRotation: -37.6592 zShift: 2.2512 energy: -12.9441
MCReject   xShift: 7.15425 crossingAngle: -40.3877 axialRotation: -37.6592 zShift: 2.2512 energy: -12.9208
MCReject   xShift: 7.12502 crossingAngle: -40.3877 axialRotation: -37.6592 zShift: 2.25728 energy: -12.8744
MCReject   xShift: 7.12916 crossingAngle: -40.3877 axialRotation: -37.6592 zShift: 2.2512 energy: -7.02043
MCAccept 81 xShift: 7.12502 crossingAngle: -40.3877 axialRotation: -37.5027 zShift: 2.2512 energy: -12.9441
MCReject   xShift: 7.13056 crossingAngle: -40.3877 axialRotation: -37.5027 zShift: 2.2512 energy: -12.8888
MCReject   xShift: 7.12502 crossingAngle: -40.3877 axialRotation: -37.587 zShift: 2.2512 energy: -12.8933
MCAccept 82 xShift: 7.12155 crossingAngle: -40.3877 axialRotation: -37.5027 zShift: 2.2512 energy: -12.951
MCReject   xShift: 7.11518 crossingAngle: -40.3877 axialRotation: -37.5027 zShift: 2.2512 energy: -7.12195
MCReject   xShift: 7.12155 crossingAngle: -40.3877 axialRotation: -37.4099 zShift: 2.2512 energy: -12.9208
MCReject   xShift: 7.12155 crossingAngle: -40.3877 axialRotation: -37.5027 zShift: 2.25613 energy: -12.9189
MCAccept 83 xShift: 7.13624 crossingAngle: -40.3877 axialRotation: -37.5027 zShift: 2.2512 energy: -12.951
MCReject   xShift: 7.13624 crossingAngle: -40.3781 axialRotation: -37.5027 zShift: 2.2512 energy: -7.09638
MCAccept 84 xShift: 7.13983 crossingAngle: -40.3877 axialRotation: -37.5027 zShift: 2.2512 energy: -12.951
MCReject   xShift: 7.15899 crossingAngle: -40.3877 axialRotation: -37.5027 zShift: 2.2512 energy: -12.8524
MCAccept 85 xShift: 7.13983 crossingAngle: -40.5772 axialRotation: -37.5027 zShift: 2.2512 energy: -12.951
MCReject   xShift: 7.13983 crossingAngle: -40.5772 axialRotation: -37.5027 zShift: 2.23937 energy: -7.17952
MCReject   xShift: 7.13983 crossingAngle: -40.5772 axialRotation: -37.5027 zShift: 2.25002 energy: -12.9423
MCReject   xShift: 7.13983 crossingAngle: -40.5772 axialRotation: -37.5027 zShift: 2.25179 energy: -7.22666
MCAccept 86 xShift: 7.13983 crossingAngle: -40.5784 axialRotation: -37.5027 zShift: 2.2512 energy: -12.951
MCAccept 87 xShift: 7.12653 crossingAngle: -40.5784 axialRotation: -37.5027 zShift: 2.2512 energy: -12.935
MCAccept 88 xShift: 7.12225 crossingAngle: -40.5784 axialRotation: -37.5027 zShift: 2.2512 energy: -12.9441
MCAccept 89 xShift: 7.12225 crossingAngle: -40.5784 axialRotation: -37.5027 zShift: 2.22934 energy: -13.0562
MCReject   xShift: 7.11563 crossingAngle: -40.5784 axialRotation: -37.5027 zShift: 2.22934 energy: -12.948
MCAccept 90 xShift: 7.12225 crossingAngle: -40.5784 axialRotation: -37.5027 zShift: 2.22452 energy: -13.0812
MCReject   xShift: 7.12225 crossingAngle: -40.6249 axialRotation: -37.5027 zShift: 2.22452 energy: -13.0037
MCReject   xShift: 7.12225 crossingAngle: -40.5784 axialRotation: -37.5341 zShift: 2.22452 energy: -13.0654
MCReject   xShift: 7.12225 crossingAngle: -40.5784 axialRotation: -37.5027 zShift: 2.22856 energy: -13.0073
MCReject   xShift: 7.13923 crossingAngle: -40.5784 axialRotation: -37.5027 zShift: 2.22452 energy: -13.019
MCReject   xShift: 7.12225 crossingAngle: -40.6609 axialRotation: -37.5027 zShift: 2.22452 energy: -13.0742
MCAccept 91 xShift: 7.12225 crossingAngle: -40.7444 axialRotation: -37.5027 zShift: 2.22452 energy: -13.0812
MCReject   xShift: 7.12225 crossingAngle: -40.7444 axialRotation: -37.5525 zShift: 2.22452 energy: -7.15705
MCReject   xShift: 7.12225 crossingAngle: -40.6992 axialRotation: -37.5027 zShift: 2.22452 energy: -13.0742
MCReject   xShift: 7.12225 crossingAngle: -40.9088 axialRotation: -37.5027 zShift: 2.22452 energy: -13.0654
MCReject   xShift: 7.12225 crossingAngle: -40.7296 axialRotation: -37.5027 zShift: 2.22452 energy: -13.0742
MCReject   xShift: 7.12225 crossingAngle: -40.629 axialRotation: -37.5027 zShift: 2.22452 energy: -13.0654
MCReject   xShift: 7.12225 crossingAngle: -40.7444 axialRotation: -37.5433 zShift: 2.22452 energy: -13.0654
MCAccept 92 xShift: 7.12225 crossingAngle: -40.6233 axialRotation: -37.5027 zShift: 2.22452 energy: -13.0812
MCReject   xShift: 7.12225 crossingAngle: -40.6103 axialRotation: -37.5027 zShift: 2.22452 energy: -13.0654
MCReject   xShift: 7.12225 crossingAngle: -40.6233 axialRotation: -37.4997 zShift: 2.22452 energy: -13.0654
MCReject   xShift: 7.12225 crossingAngle: -40.6951 axialRotation: -37.5027 zShift: 2.22452 energy: -7.03148
MCReject   xShift: 7.13412 crossingAngle: -40.6233 axialRotation: -37.5027 zShift: 2.22452 energy: -13.0654
MCAccept 93 xShift: 7.1478 crossingAngle: -40.6233 axialRotation: -37.5027 zShift: 2.22452 energy: -13.0812
MCReject   xShift: 7.1478 crossingAngle: -40.678 axialRotation: -37.5027 zShift: 2.22452 energy: -13.0742
MCReject   xShift: 7.1478 crossingAngle: -40.6519 axialRotation: -37.5027 zShift: 2.22452 energy: -13.0308
MCReject   xShift: 7.1478 crossingAngle: -40.4917 axialRotation: -37.5027 zShift: 2.22452 energy: -7.14126
MCReject   xShift: 7.1478 crossingAngle: -40.4627 axialRotation: -37.5027 zShift: 2.22452 energy: -13.019
MCReject   xShift: 7.1478 crossingAngle: -40.6793 axialRotation: -37.5027 zShift: 2.22452 energy: -13.0742
MCReject   xShift: 7.1478 crossingAngle: -40.6233 axialRotation: -37.4922 zShift: 2.22452 energy: -13.0742
MCReject   xShift: 7.1478 crossingAngle: -40.6233 axialRotation: -37.5027 zShift: 2.22825 energy: -13.0197
MCAccept 94 xShift: 7.1478 crossingAngle: -40.6233 axialRotation: -37.5562 zShift: 2.22452 energy: -13.0812
MCReject   xShift: 7.1478 crossingAngle: -40.6233 axialRotation: -37.545 zShift: 2.22452 energy: -13.0308
MCReject   xShift: 7.14718 crossingAngle: -40.6233 axialRotation: -37.5562 zShift: 2.22452 energy: -7.14126
MCReject   xShift: 7.1414 crossingAngle: -40.6233 axialRotation: -37.5562 zShift: 2.22452 energy: -13.0037
MCReject   xShift: 7.14582 crossingAngle: -40.6233 axialRotation: -37.5562 zShift: 2.22452 energy: -7.14126
MCReject   xShift: 7.1478 crossingAngle: -40.6233 axialRotation: -37.6441 zShift: 2.22452 energy: -13.019
MCReject   xShift: 7.14507 crossingAngle: -40.6233 axialRotation: -37.5562 zShift: 2.22452 energy: -13.0308
MCReject   xShift: 7.1478 crossingAngle: -40.6233 axialRotation: -37.448 zShift: 2.22452 energy: -13.0742
MCReject   xShift: 7.1478 crossingAngle: -40.6233 axialRotation: -37.6508 zShift: 2.22452 energy: -13.0654
MCReject   xShift: 7.1478 crossingAngle: -40.5838 axialRotation: -37.5562 zShift: 2.22452 energy: -7.04727
MCReject   xShift: 7.1478 crossingAngle: -40.6233 axialRotation: -37.7445 zShift: 2.22452 energy: -7.11183
MCReject   xShift: 7.1478 crossingAngle: -40.614 axialRotation: -37.5562 zShift: 2.22452 energy: -12.7655
MCAccept 95 xShift: 7.1478 crossingAngle: -40.6233 axialRotation: -37.5157 zShift: 2.22452 energy: -13.0812
Energy #0: -13.0812
***GEOMETRY SHIFT***
xShift;        Before: 7.11; After: 7.1478
crossingAngle; Before: -40.88; After: -40.6233
axialRotation; Before: -37.68; After: -37.5157
zShift;        Before: 2.35; After: 2.22452
Energy;        Before: 1990.27; After: -13.0812

Completed all cycles. Accepted 96/184
Monte Carlo repack complete. Time: 45.9167min

