***STARTING GEOMETRY:***
xShift: 7.11
crossingAngle: -40.88
axialRotation: -37.68
zShift: 2.35

Number of MCCycles: 200
PrevSequence	CurrSequence	PrevEnergy	CurrEnergy	PrevEntropy	CurrEntropy	CurrentTemp
LLLTGLLTGLLFGLLTSLILI	LLLTGLLTGLLFGLLTTLILI	7.10831	2.11551	0.120637	1.001	999.847
LLLTGLLTGLLFGLLTTLILI	LLLTGLLVGLLFGLLTTLILI	2.39085	3.86198	1.27634	0.0728516	999.684
LLLTGLLVGLLFGLLTTLILI	LLLTGLLTGLLFGLLTTLILI	3.86198	2.20899	0.0728516	1.27634	999.512
LLLTGLLTGLLFGLLTTLILI	LLLYGLLTGLLFGLLTTLILI	1.74883	1.13384	0.816184	0.171816	999.328
LLLYGLLTGLLFGLLTTLILI	LLLYGLLTGLLFGLLFTLILI	1.65564	4.42021	0.693609	0.219549	999.134
LLLYGLLTGLLFGLLFTLILI	LLLYTLLTGLLFGLLFTLILI	4.54084	-1.4698	0.34018	0.489954	998.928
LLLYTLLTGLLFGLLFTLILI	LLLYTLLVGLLFGLLFTLILI	-0.8313	-2.41411	1.12845	0.0952708	998.708
LLLYTLLVGLLFGLLFTLILI	LLLYTLLTGLLFGLLFTLILI	-2.41411	-0.845497	0.0952708	1.12845	998.476
LLLYTLLTGLLFGLLFTLILI	LLLYTLLVGLLFGLLFTLILI	-0.845497	-2.41705	1.12845	0.0952708	998.229
LLLYTLLVGLLFGLLFTLILI	LLLYTLLVGLLYGLLFTLILI	-2.27228	-0.00402011	0.240035	0.650378	997.689
LLLYTLLVGLLYGLLFTLILI	LLLYTLLVGLLYGLLFALILI	0.336595	2.63722	0.990994	0.122923	997.394
LLLYTLLVGLLYGLLFALILI	LLLTTLLVGLLYGLLFALILI	3.01933	2.88336	0.505042	0.328724	997.081
LLLTTLLVGLLYGLLFALILI	LLLTTLLVGLLFGLLFALILI	2.96498	2.74244	0.410343	0.410343	996.749
LLLTTLLVGLLFGLLFALILI	LLLTTLLVGLLFGLLTALILI	2.55165	3.27363	0.219549	0.693609	996.397
LLLTTLLVGLLFGLLTALILI	LLLGTLLVGLLFGLLTALILI	3.06998	1.90911	0.489954	0.34018	996.023
LLLGTLLVGLLFGLLTALILI	LLLGTLLVGLLFGLLFALILI	2.10777	0.899497	0.538845	0.30482	995.626
LLLGTLLVGLLFGLLFALILI	LLLGTLLTGLLFGLLFALILI	0.732389	2.16886	0.137712	0.930859	995.205
LLLGTLLTGLLFGLLFALILI	LLLGTLLTGLLFGLLYALILI	1.64835	2.80075	0.410343	0.410343	994.758
LLLGTLLTGLLFGLLYALILI	LLLGTLLVGLLFGLLYALILI	3.32127	1.59107	0.930859	0.137712	994.285
LLLGTLLVGLLFGLLYALILI	LLLGTLLVGLLFGLLYSLILI	1.69752	1.54329	0.244161	0.642213	993.782
LLLGTLLVGLLFGLLYSLILI	LLLTTLLVGLLFGLLYSLILI	1.35827	3.24184	0.457192	0.366931	993.249
LLLTTLLVGLLFGLLYSLILI	LLLTTLLVGLLFGLLFSLILI	3.28526	0.343613	0.410343	0.410343	992.683
LLLTTLLVGLLFGLLFSLILI	LLLTTLLVGLLFGLLFTLILI	0.0892129	-1.90207	0.155943	0.865998	992.084
LLLTTLLVGLLFGLLFTLILI	LLLTTLLVGLLFGLLTTLILI	-2.59625	-1.769	0.171816	0.816184	991.448
LLLTTLLVGLLFGLLTTLILI	LLLTTLLTGLLFGLLTTLILI	-2.5262	-0.524812	0.0589809	1.39457	990.773
LLLTTLLTGLLFGLLTTLILI	LLLTTLLVGLLFGLLTTLILI	-0.524812	-2.54806	1.39457	0.0589809	990.058
LLLTTLLVGLLFGLLTTLILI	LLLGTLLVGLLFGLLTTLILI	-2.01528	-2.18114	0.591758	0.271676	989.3
LLLGTLLVGLLFGLLTTLILI	LLLGTLLVGLLYGLLTTLILI	-2.21278	-0.666527	0.240035	0.650378	988.496
LLLGTLLVGLLYGLLTTLILI	LLLTTLLVGLLYGLLTTLILI	-1.04523	-0.875362	0.271676	0.591758	987.644
LLLTTLLVGLLYGLLTTLILI	LLLGTLLVGLLYGLLTTLILI	-0.875362	-1.04523	0.591758	0.271676	986.74
LLLGTLLVGLLYGLLTTLILI	LLLGTLLVGLLYGLLTALILI	-0.124083	2.82904	1.19282	0.0847157	985.783
LLLGTLLVGLLYGLLTALILI	LLLGTLLVGLLYGLLTTLILI	2.82904	-0.136656	0.0847157	1.19282	984.769
LLLGTLLVGLLYGLLTTLILI	LLLGTLLVGLLYGLLFTLILI	-0.325181	-0.667955	1.0043	0.119894	983.694
LLLGTLLVGLLYGLLFTLILI	LLLYTLLVGLLYGLLFTLILI	-0.418973	-0.188544	0.368877	0.454934	982.555
LLLYTLLVGLLYGLLFTLILI	LLLGTLLVGLLYGLLFTLILI	-0.188544	-0.361308	0.454934	0.368877	981.348
LLLGTLLVGLLYGLLFTLILI	LLLYTLLVGLLYGLLFTLILI	-0.361308	-0.196632	0.368877	0.454934	980.071
LLLYTLLVGLLYGLLFTLILI	LLLTTLLVGLLYGLLFTLILI	-0.272225	-0.472107	0.379341	0.443059	978.717
LLLTTLLVGLLYGLLFTLILI	LLLTTLLVGLLYGLLTTLILI	-0.823046	-0.309964	0.0921195	1.14683	977.285
LLLTTLLVGLLYGLLTTLILI	LLLTTLLVGLLYGLLTGLILI	-0.865036	3.04316	0.591758	0.271676	975.768
LLLTTLLVGLLYGLLTGLILI	LLLTTLLVGLLFGLLTGLILI	3.42186	2.11922	0.650378	0.240035	974.162
LLLTTLLVGLLFGLLTGLILI	LLLYTLLVGLLFGLLTGLILI	2.5728	2.12853	0.693609	0.219549	970.666
LLLYTLLVGLLFGLLTGLILI	LLLYTLLVGLLFGLLFGLILI	2.44783	2.40563	0.538845	0.30482	968.764
LLLYTLLVGLLFGLLFGLILI	LLLYTLLVGLLFALLFGLILI	3.16616	3.8842	1.06535	0.107014	966.754
LLLYTLLVGLLFALLFGLILI	LLLYTLLVGLLFALLYGLILI	4.01722	4.03052	0.240035	0.650378	964.627
LLLYTLLVGLLFALLYGLILI	LLLTTLLVGLLFALLYGLILI	3.88519	3.43848	0.505042	0.328724	962.38
LLLTTLLVGLLFALLYGLILI	LLLTTLLTGLLFALLYGLILI	3.20503	5.06048	0.0952708	1.12845	960.005
LLLTTLLTGLLFALLYGLILI	LLLTTLLTGLLFALLFGLILI	4.34237	4.63343	0.410343	0.410343	957.496
LLLTTLLTGLLFALLFGLILI	LLLTTLLTGLLYALLFGLILI	4.63343	6.97136	0.410343	0.410343	954.846
LLLTTLLTGLLYALLFGLILI	LLLTTLLTGLLYGLLFGLILI	6.66804	5.82447	0.107014	1.06535	952.048
LLLTTLLTGLLYGLLFGLILI	LLLYTLLTGLLYGLLFGLILI	5.20218	5.11353	0.443059	0.379341	949.095
LLLYTLLTGLLYGLLFGLILI	LLLYTLLTGLLYGLLTGLILI	4.85408	5.20474	0.119894	1.0043	945.979
LLLYTLLTGLLYGLLTGLILI	LLLTTLLTGLLYGLLTGLILI	4.50527	4.3701	0.30482	0.538845	942.693
LLLTTLLTGLLYGLLTGLILI	LLLTALLTGLLYGLLTGLILI	5.17431	10.3098	1.34306	0.064646	939.229
LLLTALLTGLLYGLLTGLILI	LLLYALLTGLLYGLLTGLILI	10.6882	10.6824	0.443059	0.379341	935.578
LLLYALLTGLLYGLLTGLILI	LLLYALLTGLLYGLLTTLILI	10.6433	6.55447	0.34018	0.489954	931.732
LLLYALLTGLLYGLLTTLILI	LLLYTLLTGLLYGLLTTLILI	6.12916	0.999728	0.064646	1.34306	927.683
LLLYTLLTGLLYGLLTTLILI	LLLYTLLVGLLYGLLTTLILI	0.933009	-1.12034	1.27634	0.0728516	923.422
LLLYTLLVGLLYGLLTTLILI	LLLYTLLVGLLFGLLTTLILI	-0.240408	-2.19733	0.952787	0.132101	918.939
LLLYTLLVGLLFGLLTTLILI	LLLYTLLVGLLFGLLTSLILI	-1.46343	0.998492	0.865998	0.155943	914.227
LLLYTLLVGLLFGLLTSLILI	LLLYTLLVGLLFGLLTTLILI	0.998492	-1.45241	0.155943	0.865998	909.276
LLLYTLLVGLLFGLLTTLILI	LLLGTLLVGLLFGLLTTLILI	-2.04827	-1.81331	0.270132	0.594419	904.077
LLLGTLLVGLLFGLLTTLILI	LLLGTLLVGLLYGLLTTLILI	-2.16769	-0.662729	0.240035	0.650378	898.621
LLLGTLLVGLLYGLLTTLILI	LLLTTLLVGLLYGLLTTLILI	-1.04143	-0.865036	0.271676	0.591758	892.899
LLLTTLLVGLLYGLLTTLILI	LLLTTLLVGLLFGLLTTLILI	-0.806416	-2.35657	0.650378	0.240035	886.903
LLLTTLLVGLLFGLLTTLILI	LLLTTLLVGLLFGLLFTLILI	-1.78042	-2.60768	0.816184	0.171816	880.623
LLLTTLLVGLLFGLLFTLILI	LLLTTLLTGLLFGLLFTLILI	-2.70664	-0.816034	0.0728516	1.27634	874.051
LLLTTLLTGLLFGLLFTLILI	LLLTTLLTGLLYGLLFTLILI	-1.68203	0.459241	0.410343	0.410343	867.179
LLLTTLLTGLLYGLLFTLILI	LLLYTLLTGLLYGLLFTLILI	0.587743	0.477199	0.538845	0.30482	859.999
LLLYTLLTGLLYGLLFTLILI	LLLGTLLTGLLYGLLFTLILI	0.627313	0.614676	0.454934	0.368877	844.686
LLLGTLLTGLLYGLLFTLILI	LLLYTLLTGLLYGLLFTLILI	0.614676	0.652589	0.368877	0.454934	836.541
LLLYTLLTGLLYGLLFTLILI	LLLGTLLTGLLYGLLFTLILI	0.652589	0.569825	0.454934	0.368877	828.061
LLLGTLLTGLLYGLLFTLILI	LLLGTLLTGLLFGLLFTLILI	0.611291	-1.49166	0.410343	0.410343	819.243
LLLGTLLTGLLFGLLFTLILI	LLLYTLLTGLLFGLLFTLILI	-1.30759	-1.70631	0.594419	0.270132	800.577
LLLYTLLTGLLFGLLFTLILI	LLLYTLLVGLLFGLLFTLILI	-0.847988	-2.41705	1.12845	0.0952708	790.724
LLLYTLLVGLLFGLLFTLILI	LLLTTLLVGLLFGLLFTLILI	-2.29277	-2.09631	0.219549	0.693609	780.523
LLLTTLLVGLLFGLLFTLILI	LLLGTLLVGLLFGLLFTLILI	-2.29997	-2.3082	0.489954	0.34018	736.272
LLLGTLLVGLLFGLLFTLILI	LLLGTLLTGLLFGLLFTLILI	-2.55311	-0.831188	0.0952708	1.12845	724.369
LLLGTLLTGLLFGLLFTLILI	LLLGTLLVGLLFGLLFTLILI	-0.831188	-2.54043	1.12845	0.0952708	712.142
LLLGTLLVGLLFGLLFTLILI	LLLGTLLTGLLFGLLFTLILI	-2.54043	-0.831188	0.0952708	1.12845	699.602
LLLGTLLTGLLFGLLFTLILI	LLLTTLLTGLLFGLLFTLILI	-1.68796	-1.22848	0.271676	0.591758	686.76
LLLTTLLTGLLFGLLFTLILI	LLLTTLLTGLLFGLLTTLILI	-1.67903	-0.991164	0.141213	0.917682	673.628
LLLTTLLTGLLFGLLTTLILI	LLLTTLLVGLLFGLLTTLILI	-0.514275	-2.5262	1.39457	0.0589809	660.222
LLLTTLLVGLLFGLLTTLILI	LLLYTLLVGLLFGLLTTLILI	-1.769	-2.15761	0.816184	0.171816	646.557
LLLYTLLVGLLFGLLTTLILI	LLLGTLLVGLLFGLLTTLILI	-2.0593	-1.81331	0.270132	0.594419	632.651
LLLGTLLVGLLFGLLTTLILI	LLLGTLLVGLLFGLLFTLILI	-1.71412	-2.41615	0.693609	0.219549	618.524
LLLGTLLVGLLFGLLFTLILI	LLLGTLLVGLLYGLLFTLILI	-2.22536	-0.377507	0.410343	0.410343	589.688
LLLGTLLVGLLYGLLFTLILI	LLLGTLLVGLLYGLLTTLILI	-0.667955	-0.312608	0.119894	1.0043	575.025
LLLGTLLVGLLYGLLTTLILI	LLLTTLLVGLLYGLLTTLILI	-1.04523	-0.875362	0.271676	0.591758	560.23
LLLTTLLVGLLYGLLTTLILI	LLLGTLLVGLLYGLLTTLILI	-0.875362	-1.0578	0.591758	0.271676	545.329
LLLGTLLVGLLYGLLTTLILI	LLLGTLLVGLLFGLLTTLILI	-0.679101	-1.99664	0.650378	0.240035	530.348
LLLGTLLVGLLFGLLTTLILI	LLLGTLLVGLLFGLLFTLILI	-1.54306	-2.37106	0.693609	0.219549	515.312
LLLGTLLVGLLFGLLFTLILI	LLLYTLLVGLLFGLLFTLILI	-1.99619	-2.24218	0.594419	0.270132	500.25
LLLYTLLVGLLFGLLFTLILI	LLLYTLLVGLLFGLLTTLILI	-2.29277	-1.61928	0.219549	0.693609	485.188
LLLYTLLVGLLFGLLTTLILI	LLLYTLLVGLLYGLLTTLILI	-2.18079	-0.23232	0.132101	0.952787	470.152
LLLYTLLVGLLYGLLTTLILI	LLLYTLLVGLLFGLLTTLILI	-0.23232	-2.19439	0.952787	0.132101	455.171
LLLYTLLVGLLFGLLTTLILI	LLLGTLLVGLLFGLLTTLILI	-2.05636	-1.87107	0.270132	0.594419	440.27
LLLGTLLVGLLFGLLTTLILI	LLLGTLLVGLLYGLLTTLILI	-2.22546	-0.666527	0.240035	0.650378	425.475
LLLGTLLVGLLYGLLTTLILI	LLLGTLLVGLLFGLLTTLILI	-0.666527	-2.22546	0.650378	0.240035	396.304
LLLGTLLVGLLFGLLTTLILI	LLLGTLLVGLLFGLLFTLILI	-1.77188	-2.42883	0.693609	0.219549	381.976
LLLGTLLVGLLFGLLFTLILI	LLLTTLLVGLLFGLLFTLILI	-2.3082	-2.23897	0.34018	0.489954	367.849
LLLTTLLVGLLFGLLFTLILI	LLLGTLLVGLLFGLLFTLILI	-2.23897	-2.3082	0.489954	0.34018	340.278
LLLGTLLVGLLFGLLFTLILI	LLLGTLLVGLLFGLLTTLILI	-2.42883	-1.77188	0.219549	0.693609	326.872
LLLGTLLVGLLFGLLTTLILI	LLLGTLLVGLLFGLLFTLILI	-1.77188	-2.42883	0.693609	0.219549	313.74
LLLGTLLVGLLFGLLFTLILI	LLLGTLLVGLLFGLLTTLILI	-2.42883	-1.75551	0.219549	0.693609	288.358
LLLGTLLVGLLFGLLTTLILI	LLLGTLLVGLLFGLLFTLILI	-1.75551	-2.41615	0.693609	0.219549	264.228
LLLGTLLVGLLFGLLFTLILI	LLLTTLLVGLLFGLLFTLILI	-2.29552	-2.29997	0.34018	0.489954	252.655
LLLTTLLVGLLFGLLFTLILI	LLLGTLLVGLLFGLLFTLILI	-2.29997	-2.29183	0.489954	0.34018	209.776
LLLGTLLVGLLFGLLFTLILI	LLLTTLLVGLLFGLLFTLILI	-2.29183	-2.27811	0.34018	0.489954	181.257
LLLTTLLVGLLFGLLFTLILI	LLLYTLLVGLLFGLLFTLILI	-2.07446	-2.26373	0.693609	0.219549	172.439
LLLYTLLVGLLFGLLFTLILI	LLLTTLLVGLLFGLLFTLILI	-2.26373	-2.08589	0.219549	0.693609	163.959
LLLTTLLVGLLFGLLFTLILI	LLLYTLLVGLLFGLLFTLILI	-2.08589	-2.28175	0.693609	0.219549	155.814
LLLYTLLVGLLFGLLFTLILI	LLLTTLLVGLLFGLLFTLILI	-2.28175	-1.81372	0.219549	0.693609	147.996
LLLTTLLVGLLFGLLFTLILI	LLLGTLLVGLLFGLLFTLILI	-2.01738	-2.25043	0.489954	0.34018	140.501
LLLGTLLVGLLFGLLFTLILI	LLLTTLLVGLLFGLLFTLILI	-2.25043	-2.29997	0.34018	0.489954	126.449
LLLTTLLVGLLFGLLFTLILI	LLLYTLLVGLLFGLLFTLILI	-2.09631	-2.28175	0.693609	0.219549	119.877
LLLYTLLVGLLFGLLFTLILI	LLLTTLLVGLLFGLLFTLILI	-2.28175	-2.09631	0.219549	0.693609	91.2238
LLLTTLLVGLLFGLLFTLILI	LLLGTLLVGLLFGLLFTLILI	-2.29997	-2.29183	0.489954	0.34018	77.0783
LLLGTLLVGLLFGLLFTLILI	LLLYTLLVGLLFGLLFTLILI	-2.03759	-2.23925	0.594419	0.270132	72.8169
Time: 269s
