***STARTING GEOMETRY:***
xShift: 8.2
crossingAngle: 26.19
axialRotation: 75.6518
zShift: 4.2

Number of MCCycles: 100
PrevSequence	CurrSequence	PrevEnergy	CurrEnergy	PrevEntropy	CurrEntropy	CurrentTemp
LLLYYLLGLLYYLTSLLLILI	LLLWYLLGLLYYLTSLLLILI	18.4999	18.1862	0.704234	0.21484	999.684
LLLWYLLGLLYYLTSLLLILI	LLLWYLLGLLYWLTSLLLILI	18.3379	18.2636	0.366471	0.457728	999.328
LLLWYLLGLLYWLTSLLLILI	LLLWFLLGLLYWLTSLLLILI	18.7586	19.4512	0.952787	0.132101	998.928
LLLWFLLGLLYWLTSLLLILI	LLLYFLLGLLYWLTSLLLILI	19.918	18.7478	0.598868	0.267575	998.476
LLLYFLLGLLYWLTSLLLILI	LLLYFLLGLLYFLTSLLLILI	19.0791	18.7779	0.598868	0.267575	997.967
LLLYFLLGLLYFLTSLLLILI	LLLYFLLGLLWFLTSLLLILI	18.9616	18.4982	0.451187	0.372136	997.394
LLLYFLLGLLWFLTSLLLILI	LLLYFLLGLLWYLTSLLLILI	18.3661	18.4032	0.240035	0.650378	996.749
LLLYFLLGLLWYLTSLLLILI	LLLYFLLGLLWYLVSLLLILI	18.385	21.6236	0.632162	0.249358	996.023
LLLYFLLGLLWYLVSLLLILI	LLLYFLLGLLWYLTSLLLILI	21.6236	18.4563	0.249358	0.632162	995.205
LLLYFLLGLLWYLTSLLLILI	LLLYFLLGLLWYLTGLLLILI	18.0958	19.2395	0.271616	0.591862	994.285
LLLYFLLGLLWYLTGLLLILI	LLLYFLLGLLWFLTGLLLILI	19.298	19.4069	0.650378	0.240035	993.249
LLLYFLLGLLWFLTGLLLILI	LLLYYLLGLLWFLTGLLLILI	19.4069	19.2334	0.240035	0.650378	992.084
LLLYYLLGLLWFLTGLLLILI	LLLWYLLGLLWFLTGLLLILI	18.8506	19.1071	0.267575	0.598868	990.773
LLLWYLLGLLWFLTGLLLILI	LLLYYLLGLLWFLTGLLLILI	19.1071	18.7811	0.598868	0.267575	989.3
LLLYYLLGLLWFLTGLLLILI	LLLYYLLGLLWYLTGLLLILI	18.6048	19.0319	0.0912572	1.15198	987.644
LLLYYLLGLLWYLTGLLLILI	LLLWYLLGLLWYLTGLLLILI	18.2464	18.4317	0.366471	0.457728	983.694
LLLWYLLGLLWYLTGLLLILI	LLLYYLLGLLWYLTGLLLILI	18.4317	18.5923	0.457728	0.366471	981.348
LLLYYLLGLLWYLTGLLLILI	LLLWYLLGLLWYLTGLLLILI	18.5923	18.4318	0.366471	0.457728	978.717
LLLWYLLGLLWYLTGLLLILI	LLLWYLLGLLWFLTGLLLILI	18.9268	18.81	0.952787	0.132101	975.768
LLLWYLLGLLWFLTGLLLILI	LLLYYLLGLLWFLTGLLLILI	19.2767	18.9198	0.598868	0.267575	972.463
LLLYYLLGLLWFLTGLLLILI	LLLWYLLGLLWFLTGLLLILI	18.9198	19.1068	0.267575	0.598868	968.764
LLLWYLLGLLWFLTGLLLILI	LLLWYLLGLLWYLTGLLLILI	18.64	18.9268	0.132101	0.952787	964.627
LLLWYLLGLLWYLTGLLLILI	LLLWYLLGLLYYLTGLLLILI	18.4318	19.6319	0.457728	0.366471	960.005
LLLWYLLGLLYYLTGLLLILI	LLLYYLLGLLYYLTGLLLILI	19.4803	19.6032	0.21484	0.704234	954.846
LLLYYLLGLLYYLTGLLLILI	LLLYYLLGLLYYLVGLLLILI	19.5312	22.524	0.632162	0.249358	949.095
LLLYYLLGLLYYLVGLLLILI	LLLYWLLGLLYYLVGLLLILI	22.9789	22.4778	0.704234	0.21484	942.693
LLLYWLLGLLYYLVGLLLILI	LLLWWLLGLLYYLVGLLLILI	22.6294	24.1602	0.366471	0.457728	935.578
LLLWWLLGLLYYLVGLLLILI	LLLYWLLGLLYYLVGLLLILI	24.1602	22.4318	0.457728	0.366471	927.683
LLLYWLLGLLYYLVGLLLILI	LLLYWLLGLLYWLVGLLLILI	22.4318	22.5733	0.366471	0.457728	918.939
LLLYWLLGLLYWLVGLLLILI	LLLWWLLGLLYWLVGLLLILI	22.3066	24.5963	0.191082	0.76241	909.276
LLLWWLLGLLYWLVGLLLILI	LLLWWLLGLLYWLTGLLLILI	24.0832	20.5325	0.249358	0.632162	898.621
LLLWWLLGLLYWLTGLLLILI	LLLYWLLGLLYWLTGLLLILI	20.6628	18.7426	0.76241	0.191082	886.903
LLLYWLLGLLYWLTGLLLILI	LLLYWLLGLLYFLTGLLLILI	19.7825	18.9575	1.23103	0.0790506	874.051
LLLYWLLGLLYFLTGLLLILI	LLLYYLLGLLYFLTGLLLILI	19.1505	19.4894	0.272043	0.591129	859.999
LLLYYLLGLLYFLTGLLLILI	LLLYWLLGLLYFLTGLLLILI	19.4894	19.3215	0.591129	0.272043	844.686
LLLYWLLGLLYFLTGLLLILI	LLLWWLLGLLYFLTGLLLILI	19.3171	21.4593	0.267575	0.598868	828.061
LLLWWLLGLLYFLTGLLLILI	LLLWWLLGLLYYLTGLLLILI	20.9925	21.1063	0.132101	0.952787	810.083
LLLWWLLGLLYYLTGLLLILI	LLLWYLLGLLYYLTGLLLILI	20.6112	19.6319	0.457728	0.366471	790.724
LLLWYLLGLLYYLTGLLLILI	LLLWGLLGLLYYLTGLLLILI	19.861	19.7926	0.595564	0.269472	769.974
LLLWGLLGLLYYLTGLLLILI	LLLWYLLGLLYYLTGLLLILI	19.7926	19.861	0.269472	0.595564	747.845
LLLWYLLGLLYYLTGLLLILI	LLLWYLLGLLYWLTGLLLILI	19.6319	19.2328	0.366471	0.457728	724.369
LLLWYLLGLLYWLTGLLLILI	LLLWYLLGLLWWLTGLLLILI	18.9661	19.0799	0.191082	0.76241	699.602
LLLWYLLGLLWWLTGLLLILI	LLLWYLLGLLWYLTGLLLILI	19.0799	18.0663	0.76241	0.191082	673.628
LLLWYLLGLLWYLTGLLLILI	LLLWFLLGLLWYLTGLLLILI	18.828	19.6036	0.952787	0.132101	646.557
LLLWFLLGLLWYLTGLLLILI	LLLWYLLGLLWYLTGLLLILI	19.6036	19.0014	0.132101	0.952787	589.688
LLLWYLLGLLWYLTGLLLILI	LLLWFLLGLLWYLTGLLLILI	19.0014	19.6283	0.952787	0.132101	560.23
LLLWFLLGLLWYLTGLLLILI	LLLWFLLGLLWFLTGLLLILI	19.9065	20.0874	0.410343	0.410343	530.348
LLLWFLLGLLWFLTGLLLILI	LLLWFLLGLLYFLTGLLLILI	20.5674	20.7115	0.890414	0.148778	500.25
LLLWFLLGLLYFLTGLLLILI	LLLWFLLGLLWFLTGLLLILI	20.7115	20.9081	0.148778	0.890414	470.152
LLLWFLLGLLWFLTGLLLILI	LLLYFLLGLLWFLTGLLLILI	20.9081	19.3845	0.890414	0.148778	440.27
LLLYFLLGLLWFLTGLLLILI	LLLYYLLGLLWFLTGLLLILI	19.4758	19.3339	0.240035	0.650378	410.812
LLLYYLLGLLWFLTGLLLILI	LLLYFLLGLLWFLTGLLLILI	19.3339	19.1673	0.650378	0.240035	381.976
LLLYFLLGLLWFLTGLLLILI	LLLYFLLGLLYFLTGLLLILI	19.2994	19.8881	0.372136	0.451187	353.943
LLLYFLLGLLYFLTGLLLILI	LLLYWLLGLLYFLTGLLLILI	19.7045	19.6484	0.267575	0.598868	326.872
LLLYWLLGLLYFLTGLLLILI	LLLYWLLGLLYWLTGLLLILI	19.1286	19.6093	0.0790506	1.23103	300.898
LLLYWLLGLLYWLTGLLLILI	LLLYWLLGLLYYLTGLLLILI	18.836	18.8828	0.457728	0.366471	276.131
LLLYWLLGLLYYLTGLLLILI	LLLYWLLGLLWYLTGLLLILI	18.8828	18.4693	0.366471	0.457728	252.655
LLLYWLLGLLWYLTGLLLILI	LLLYYLLGLLWYLTGLLLILI	18.4693	18.3203	0.457728	0.366471	209.776
LLLYYLLGLLWYLTGLLLILI	LLLWYLLGLLWYLTGLLLILI	18.3203	18.2583	0.366471	0.457728	172.439
LLLWYLLGLLWYLTGLLLILI	LLLWYLLGLLWFLTGLLLILI	18.7533	18.57	0.952787	0.132101	155.814
LLLWYLLGLLWFLTGLLLILI	LLLWYLLGLLWYLTGLLLILI	18.57	19.0758	0.132101	0.952787	140.501
LLLWYLLGLLWYLTGLLLILI	LLLYYLLGLLWYLTGLLLILI	18.5807	18.2464	0.457728	0.366471	126.449
LLLYYLLGLLWYLTGLLLILI	LLLYWLLGLLWYLTGLLLILI	18.2464	18.5403	0.366471	0.457728	113.597
LLLYWLLGLLWYLTGLLLILI	LLLYWLLGLLWFLTGLLLILI	19.0354	18.685	0.952787	0.132101	101.879
LLLYWLLGLLWFLTGLLLILI	LLLYYLLGLLWFLTGLLLILI	19.1518	18.9198	0.598868	0.267575	91.2238
LLLYYLLGLLWFLTGLLLILI	LLLYWLLGLLWFLTGLLLILI	18.9198	19.0849	0.267575	0.598868	81.5606
LLLYWLLGLLWFLTGLLLILI	LLLYWLLGLLYFLTGLLLILI	19.0849	19.146	0.598868	0.267575	57.8066
LLLYWLLGLLYFLTGLLLILI	LLLYWLLGLLWFLTGLLLILI	19.146	19.0181	0.267575	0.598868	45.6541
LLLYWLLGLLWFLTGLLLILI	LLLYYLLGLLWFLTGLLLILI	19.0181	18.8503	0.598868	0.267575	40.495
LLLYYLLGLLWFLTGLLLILI	LLLYFLLGLLWFLTGLLLILI	19.2331	19.2362	0.650378	0.240035	28.0365
LLLYFLLGLLWFLTGLLLILI	LLLYYLLGLLWFLTGLLLILI	19.2362	19.0624	0.240035	0.650378	24.7321
Time: 188s
