MCAccept 0 xShift: 8.19 crossingAngle: -44.313 axialRotation: -96.24 zShift: 5.27 energy: 1.13027
MCAccept 1 xShift: 8.19 crossingAngle: -44.2334 axialRotation: -96.24 zShift: 5.27 energy: 1.16337
MCReject   xShift: 8.18046 crossingAngle: -44.2334 axialRotation: -96.24 zShift: 5.27 energy: 1.5093
MCReject   xShift: 8.19 crossingAngle: -44.2334 axialRotation: -96.24 zShift: 5.27395 energy: 1.24103
MCReject   xShift: 8.17592 crossingAngle: -44.2334 axialRotation: -96.24 zShift: 5.27 energy: 1.34362
MCReject   xShift: 8.19 crossingAngle: -44.2334 axialRotation: -96.24 zShift: 5.25244 energy: 1.42192
MCAccept 2 xShift: 8.19 crossingAngle: -44.2334 axialRotation: -96.2793 zShift: 5.27 energy: 0.96307
MCReject   xShift: 8.19595 crossingAngle: -44.2334 axialRotation: -96.2793 zShift: 5.27 energy: 1.27913
MCAccept 3 xShift: 8.19 crossingAngle: -44.2334 axialRotation: -96.3448 zShift: 5.27 energy: 0.898744
MCAccept 4 xShift: 8.21643 crossingAngle: -44.2334 axialRotation: -96.3448 zShift: 5.27 energy: 0.898744
MCReject   xShift: 8.21643 crossingAngle: -44.2334 axialRotation: -96.3461 zShift: 5.27 energy: 1.40539
MCReject   xShift: 8.21643 crossingAngle: -44.2334 axialRotation: -96.3448 zShift: 5.27543 energy: 1.1082
MCAccept 5 xShift: 8.21311 crossingAngle: -44.2334 axialRotation: -96.3448 zShift: 5.27 energy: 1.15025
MCReject   xShift: 8.21311 crossingAngle: -44.2334 axialRotation: -96.4015 zShift: 5.27 energy: 1.5093
MCAccept 6 xShift: 8.21311 crossingAngle: -44.2334 axialRotation: -96.3448 zShift: 5.25806 energy: 0.91816
MCAccept 7 xShift: 8.21311 crossingAngle: -44.2334 axialRotation: -96.3823 zShift: 5.25806 energy: 0.91816
MCAccept 8 xShift: 8.21311 crossingAngle: -44.2334 axialRotation: -96.4118 zShift: 5.25806 energy: 1.2855
MCReject   xShift: 8.21311 crossingAngle: -44.2334 axialRotation: -96.4118 zShift: 5.26308 energy: 1.66516
MCAccept 9 xShift: 8.21311 crossingAngle: -44.1424 axialRotation: -96.4118 zShift: 5.25806 energy: 1.15636
MCAccept 10 xShift: 8.21311 crossingAngle: -44.1424 axialRotation: -96.3557 zShift: 5.25806 energy: 1.2457
MCReject   xShift: 8.21311 crossingAngle: -44.1882 axialRotation: -96.3557 zShift: 5.25806 energy: 1.33873
MCReject   xShift: 8.23151 crossingAngle: -44.1424 axialRotation: -96.3557 zShift: 5.25806 energy: 1.69633
MCAccept 11 xShift: 8.20816 crossingAngle: -44.1424 axialRotation: -96.3557 zShift: 5.25806 energy: 1.41635
MCAccept 12 xShift: 8.20816 crossingAngle: -44.0797 axialRotation: -96.3557 zShift: 5.25806 energy: 1.2855
MCAccept 13 xShift: 8.2196 crossingAngle: -44.0797 axialRotation: -96.3557 zShift: 5.25806 energy: 1.41091
MCAccept 14 xShift: 8.22234 crossingAngle: -44.0797 axialRotation: -96.3557 zShift: 5.25806 energy: 1.41635
MCAccept 15 xShift: 8.21557 crossingAngle: -44.0797 axialRotation: -96.3557 zShift: 5.25806 energy: 1.46154
MCAccept 16 xShift: 8.21557 crossingAngle: -44.0932 axialRotation: -96.3557 zShift: 5.25806 energy: 1.33873
MCAccept 17 xShift: 8.21557 crossingAngle: -44.0294 axialRotation: -96.3557 zShift: 5.25806 energy: 0.91816
MCReject   xShift: 8.21557 crossingAngle: -44.0294 axialRotation: -96.3535 zShift: 5.25806 energy: 1.69633
MCReject   xShift: 8.21557 crossingAngle: -44.0294 axialRotation: -96.3557 zShift: 5.2718 energy: 1.32695
MCAccept 18 xShift: 8.21299 crossingAngle: -44.0294 axialRotation: -96.3557 zShift: 5.25806 energy: 0.940826
MCReject   xShift: 8.21092 crossingAngle: -44.0294 axialRotation: -96.3557 zShift: 5.25806 energy: 1.2855
MCReject   xShift: 8.21299 crossingAngle: -43.9618 axialRotation: -96.3557 zShift: 5.25806 energy: 1.17993
MCReject   xShift: 8.21299 crossingAngle: -43.9898 axialRotation: -96.3557 zShift: 5.25806 energy: 1.41091
MCAccept 19 xShift: 8.21299 crossingAngle: -44.0294 axialRotation: -96.1978 zShift: 5.25806 energy: 0.91816
MCReject   xShift: 8.21299 crossingAngle: -43.9046 axialRotation: -96.1978 zShift: 5.25806 energy: 1.17993
MCAccept 20 xShift: 8.21299 crossingAngle: -44.1998 axialRotation: -96.1978 zShift: 5.25806 energy: 0.91816
MCReject   xShift: 8.21323 crossingAngle: -44.1998 axialRotation: -96.1978 zShift: 5.25806 energy: 1.33334
MCAccept 21 xShift: 8.21299 crossingAngle: -44.1998 axialRotation: -96.287 zShift: 5.25806 energy: 0.940826
MCReject   xShift: 8.21299 crossingAngle: -44.2238 axialRotation: -96.287 zShift: 5.25806 energy: 1.41635
MCAccept 22 xShift: 8.2046 crossingAngle: -44.1998 axialRotation: -96.287 zShift: 5.25806 energy: 0.91816
MCReject   xShift: 8.19282 crossingAngle: -44.1998 axialRotation: -96.287 zShift: 5.25806 energy: 1.58298
MCReject   xShift: 8.2046 crossingAngle: -44.1998 axialRotation: -96.287 zShift: 5.22539 energy: 1.90407
MCReject   xShift: 8.19596 crossingAngle: -44.1998 axialRotation: -96.287 zShift: 5.25806 energy: 1.17993
MCReject   xShift: 8.19469 crossingAngle: -44.1998 axialRotation: -96.287 zShift: 5.25806 energy: 1.41635
MCReject   xShift: 8.20134 crossingAngle: -44.1998 axialRotation: -96.287 zShift: 5.25806 energy: 1.17993
MCAccept 23 xShift: 8.2046 crossingAngle: -44.1998 axialRotation: -96.377 zShift: 5.25806 energy: 0.91816
MCReject   xShift: 8.2046 crossingAngle: -44.3156 axialRotation: -96.377 zShift: 5.25806 energy: 1.41091
MCReject   xShift: 8.2046 crossingAngle: -44.1998 axialRotation: -96.377 zShift: 5.2626 energy: 1.31069
MCReject   xShift: 8.2046 crossingAngle: -44.1998 axialRotation: -96.377 zShift: 5.25704 energy: 1.25085
MCReject   xShift: 8.2046 crossingAngle: -44.1998 axialRotation: -96.377 zShift: 5.25194 energy: 1.45644
MCReject   xShift: 8.2046 crossingAngle: -44.1465 axialRotation: -96.377 zShift: 5.25806 energy: 1.41091
MCReject   xShift: 8.2046 crossingAngle: -44.1998 axialRotation: -96.2817 zShift: 5.25806 energy: 1.33334
MCReject   xShift: 8.2046 crossingAngle: -44.1998 axialRotation: -96.377 zShift: 5.25351 energy: 1.3542
MCReject   xShift: 8.2046 crossingAngle: -44.0252 axialRotation: -96.377 zShift: 5.25806 energy: 1.2855
MCAccept 24 xShift: 8.2046 crossingAngle: -44.1998 axialRotation: -96.377 zShift: 5.2665 energy: 0.888398
MCReject   xShift: 8.2046 crossingAngle: -44.1998 axialRotation: -96.2075 zShift: 5.2665 energy: 1.2428
MCReject   xShift: 8.2046 crossingAngle: -44.1998 axialRotation: -96.377 zShift: 5.26641 energy: 1.34291
MCAccept 25 xShift: 8.2046 crossingAngle: -44.1998 axialRotation: -96.377 zShift: 5.26916 energy: 1.15414
MCAccept 26 xShift: 8.2046 crossingAngle: -44.1998 axialRotation: -96.377 zShift: 5.27045 energy: 1.34112
MCAccept 27 xShift: 8.21787 crossingAngle: -44.1998 axialRotation: -96.377 zShift: 5.27045 energy: 1.10509
MCReject   xShift: 8.21787 crossingAngle: -44.1998 axialRotation: -96.377 zShift: 5.24906 energy: 1.21837
MCAccept 28 xShift: 8.21847 crossingAngle: -44.1998 axialRotation: -96.377 zShift: 5.27045 energy: 0.980551
MCAccept 29 xShift: 8.21847 crossingAngle: -44.1998 axialRotation: -96.2689 zShift: 5.27045 energy: 0.874775
MCAccept 30 xShift: 8.21847 crossingAngle: -44.1085 axialRotation: -96.2689 zShift: 5.27045 energy: 0.874775
MCReject   xShift: 8.21847 crossingAngle: -44.1085 axialRotation: -96.2689 zShift: 5.2935 energy: 1.03716
MCReject   xShift: 8.21847 crossingAngle: -44.1085 axialRotation: -96.2689 zShift: 5.2772 energy: 1.2212
MCAccept 31 xShift: 8.21847 crossingAngle: -44.1085 axialRotation: -96.2689 zShift: 5.27866 energy: 1.24033
MCAccept 32 xShift: 8.21847 crossingAngle: -44.1085 axialRotation: -96.2689 zShift: 5.29092 energy: 0.893591
MCReject   xShift: 8.21847 crossingAngle: -44.1085 axialRotation: -96.3686 zShift: 5.29092 energy: 1.08161
MCReject   xShift: 8.20617 crossingAngle: -44.1085 axialRotation: -96.2689 zShift: 5.29092 energy: 1.05524
MCAccept 33 xShift: 8.21847 crossingAngle: -44.1085 axialRotation: -95.9471 zShift: 5.29092 energy: 1.20387
MCAccept 34 xShift: 8.21847 crossingAngle: -44.0922 axialRotation: -95.9471 zShift: 5.29092 energy: 1.08161
MCAccept 35 xShift: 8.21847 crossingAngle: -43.9341 axialRotation: -95.9471 zShift: 5.29092 energy: 1.0245
MCReject   xShift: 8.21847 crossingAngle: -43.9341 axialRotation: -95.9471 zShift: 5.2839 energy: 1.54208
MCReject   xShift: 8.21847 crossingAngle: -43.9375 axialRotation: -95.9471 zShift: 5.29092 energy: 1.04707
MCAccept 36 xShift: 8.21847 crossingAngle: -43.7664 axialRotation: -95.9471 zShift: 5.29092 energy: 1.05524
MCReject   xShift: 8.22733 crossingAngle: -43.7664 axialRotation: -95.9471 zShift: 5.29092 energy: 1.20387
MCReject   xShift: 8.21847 crossingAngle: -43.7664 axialRotation: -95.7539 zShift: 5.29092 energy: 1.22071
MCAccept 37 xShift: 8.21847 crossingAngle: -43.7539 axialRotation: -95.9471 zShift: 5.29092 energy: 0.828784
MCReject   xShift: 8.21847 crossingAngle: -43.7539 axialRotation: -95.905 zShift: 5.29092 energy: 1.22071
MCReject   xShift: 8.21847 crossingAngle: -43.7539 axialRotation: -95.9471 zShift: 5.29673 energy: 1.16576
MCReject   xShift: 8.21847 crossingAngle: -43.7539 axialRotation: -96.0308 zShift: 5.29092 energy: 1.08161
MCAccept 38 xShift: 8.21847 crossingAngle: -43.7539 axialRotation: -95.9471 zShift: 5.30531 energy: 1.05377
MCAccept 39 xShift: 8.23594 crossingAngle: -43.7539 axialRotation: -95.9471 zShift: 5.30531 energy: 1.05377
MCAccept 40 xShift: 8.23594 crossingAngle: -43.6676 axialRotation: -95.9471 zShift: 5.30531 energy: 0.762852
MCReject   xShift: 8.23594 crossingAngle: -43.6676 axialRotation: -95.8615 zShift: 5.30531 energy: 1.22934
MCAccept 41 xShift: 8.23594 crossingAngle: -43.9265 axialRotation: -95.9471 zShift: 5.30531 energy: 0.971124
MCAccept 42 xShift: 8.23594 crossingAngle: -44.0436 axialRotation: -95.9471 zShift: 5.30531 energy: 0.866007
MCAccept 43 xShift: 8.23594 crossingAngle: -44.0436 axialRotation: -95.9936 zShift: 5.30531 energy: 1.05377
MCReject   xShift: 8.24184 crossingAngle: -44.0436 axialRotation: -95.9936 zShift: 5.30531 energy: 1.24997
MCAccept 44 xShift: 8.23594 crossingAngle: -44.0436 axialRotation: -95.9267 zShift: 5.30531 energy: 0.989353
MCAccept 45 xShift: 8.23594 crossingAngle: -44.0436 axialRotation: -95.9424 zShift: 5.30531 energy: 0.971124
MCAccept 46 xShift: 8.23594 crossingAngle: -44.0931 axialRotation: -95.9424 zShift: 5.30531 energy: 0.762852
MCAccept 47 xShift: 8.23594 crossingAngle: -44.0015 axialRotation: -95.9424 zShift: 5.30531 energy: 0.783611
MCAccept 48 xShift: 8.23594 crossingAngle: -44.0834 axialRotation: -95.9424 zShift: 5.30531 energy: 0.762852
MCReject   xShift: 8.23594 crossingAngle: -44.196 axialRotation: -95.9424 zShift: 5.30531 energy: 0.989353
MCReject   xShift: 8.23177 crossingAngle: -44.0834 axialRotation: -95.9424 zShift: 5.30531 energy: 1.05269
MCReject   xShift: 8.23594 crossingAngle: -44.0834 axialRotation: -95.9424 zShift: 5.30204 energy: 1.02718
MCAccept 49 xShift: 8.23594 crossingAngle: -44.0834 axialRotation: -95.9424 zShift: 5.29813 energy: 0.80586
MCReject   xShift: 8.23041 crossingAngle: -44.0834 axialRotation: -95.9424 zShift: 5.29813 energy: 1.02354
MCReject   xShift: 8.23594 crossingAngle: -44.0834 axialRotation: -95.8014 zShift: 5.29813 energy: 1.15464
MCReject   xShift: 8.23594 crossingAngle: -44.0834 axialRotation: -95.9424 zShift: 5.2996 energy: 1.14836
MCReject   xShift: 8.23594 crossingAngle: -44.0834 axialRotation: -95.9424 zShift: 5.28334 energy: 1.42849
MCReject   xShift: 8.23594 crossingAngle: -44.0834 axialRotation: -95.9675 zShift: 5.29813 energy: 1.0196
MCReject   xShift: 8.24503 crossingAngle: -44.0834 axialRotation: -95.9424 zShift: 5.29813 energy: 1.15728
MCReject   xShift: 8.23594 crossingAngle: -44.0834 axialRotation: -96.1016 zShift: 5.29813 energy: 1.17642
MCReject   xShift: 8.23594 crossingAngle: -44.0834 axialRotation: -95.9424 zShift: 5.29289 energy: 1.12654
MCReject   xShift: 8.23898 crossingAngle: -44.0834 axialRotation: -95.9424 zShift: 5.29813 energy: 1.09528
MCReject   xShift: 8.23594 crossingAngle: -44.0834 axialRotation: -95.8641 zShift: 5.29813 energy: 1.08782
MCReject   xShift: 8.23594 crossingAngle: -44.1455 axialRotation: -95.9424 zShift: 5.29813 energy: 1.0196
MCReject   xShift: 8.23594 crossingAngle: -44.039 axialRotation: -95.9424 zShift: 5.29813 energy: 1.34084
MCReject   xShift: 8.24345 crossingAngle: -44.0834 axialRotation: -95.9424 zShift: 5.29813 energy: 1.15728
MCReject   xShift: 8.23594 crossingAngle: -44.2128 axialRotation: -95.9424 zShift: 5.29813 energy: 1.15464
MCReject   xShift: 8.23594 crossingAngle: -44.0834 axialRotation: -95.9424 zShift: 5.28845 energy: 1.15318
MCReject   xShift: 8.24933 crossingAngle: -44.0834 axialRotation: -95.9424 zShift: 5.29813 energy: 1.15793
MCAccept 50 xShift: 8.24796 crossingAngle: -44.0834 axialRotation: -95.9424 zShift: 5.29813 energy: 1.03491
MCReject   xShift: 8.24796 crossingAngle: -44.0834 axialRotation: -95.9424 zShift: 5.29648 energy: 1.16839
MCReject   xShift: 8.24796 crossingAngle: -44.0834 axialRotation: -95.9424 zShift: 5.30357 energy: 1.12436
MCReject   xShift: 8.24796 crossingAngle: -44.1537 axialRotation: -95.9424 zShift: 5.29813 energy: 1.393
MCAccept 51 xShift: 8.24796 crossingAngle: -43.9949 axialRotation: -95.9424 zShift: 5.29813 energy: 0.997427
MCAccept 52 xShift: 8.24796 crossingAngle: -43.9949 axialRotation: -95.9656 zShift: 5.29813 energy: 0.784631
MCReject   xShift: 8.24796 crossingAngle: -43.9949 axialRotation: -95.878 zShift: 5.29813 energy: 1.34084
MCReject   xShift: 8.25386 crossingAngle: -43.9949 axialRotation: -95.9656 zShift: 5.29813 energy: 1.49605
MCAccept 53 xShift: 8.23257 crossingAngle: -43.9949 axialRotation: -95.9656 zShift: 5.29813 energy: 0.784631
MCReject   xShift: 8.2418 crossingAngle: -43.9949 axialRotation: -95.9656 zShift: 5.29813 energy: 1.02354
MCReject   xShift: 8.23257 crossingAngle: -43.9949 axialRotation: -95.9656 zShift: 5.3084 energy: 1.01593
MCReject   xShift: 8.23257 crossingAngle: -43.9949 axialRotation: -95.9656 zShift: 5.29842 energy: 1.01849
MCReject   xShift: 8.23257 crossingAngle: -43.9949 axialRotation: -95.9656 zShift: 5.294 energy: 1.3651
MCReject   xShift: 8.23257 crossingAngle: -43.9949 axialRotation: -95.9656 zShift: 5.2835 energy: 1.0531
MCReject   xShift: 8.23257 crossingAngle: -43.9949 axialRotation: -95.9656 zShift: 5.29297 energy: 1.03918
MCReject   xShift: 8.23257 crossingAngle: -43.9949 axialRotation: -95.9656 zShift: 5.29192 energy: 1.21455
MCReject   xShift: 8.23257 crossingAngle: -43.9949 axialRotation: -96.0159 zShift: 5.29813 energy: 1.04628
MCReject   xShift: 8.23257 crossingAngle: -43.9949 axialRotation: -95.8576 zShift: 5.29813 energy: 1.09528
MCReject   xShift: 8.23257 crossingAngle: -43.9949 axialRotation: -95.9656 zShift: 5.29991 energy: 1.4814
MCReject   xShift: 8.23257 crossingAngle: -43.9949 axialRotation: -95.8087 zShift: 5.29813 energy: 1.15728
MCReject   xShift: 8.23257 crossingAngle: -43.9949 axialRotation: -95.9656 zShift: 5.30322 energy: 1.31116
MCAccept 54 xShift: 8.23257 crossingAngle: -43.9949 axialRotation: -95.9812 zShift: 5.29813 energy: 0.784631
MCReject   xShift: 8.23257 crossingAngle: -43.9949 axialRotation: -95.959 zShift: 5.29813 energy: 1.02354
MCReject   xShift: 8.23257 crossingAngle: -44.108 axialRotation: -95.9812 zShift: 5.29813 energy: 1.04628
MCReject   xShift: 8.23257 crossingAngle: -43.8642 axialRotation: -95.9812 zShift: 5.29813 energy: 1.15793
MCReject   xShift: 8.23257 crossingAngle: -43.9199 axialRotation: -95.9812 zShift: 5.29813 energy: 1.03491
MCReject   xShift: 8.23257 crossingAngle: -43.9949 axialRotation: -95.9311 zShift: 5.29813 energy: 1.34084
MCReject   xShift: 8.23257 crossingAngle: -43.9949 axialRotation: -95.8294 zShift: 5.29813 energy: 1.17642
MCReject   xShift: 8.23257 crossingAngle: -44.189 axialRotation: -95.9812 zShift: 5.29813 energy: 1.0196
MCReject   xShift: 8.23363 crossingAngle: -43.9949 axialRotation: -95.9812 zShift: 5.29813 energy: 0.870832
MCReject   xShift: 8.23257 crossingAngle: -44.0237 axialRotation: -95.9812 zShift: 5.29813 energy: 1.15728
MCReject   xShift: 8.23257 crossingAngle: -43.8844 axialRotation: -95.9812 zShift: 5.29813 energy: 1.08782
MCReject   xShift: 8.23655 crossingAngle: -43.9949 axialRotation: -95.9812 zShift: 5.29813 energy: 1.08782
MCReject   xShift: 8.22447 crossingAngle: -43.9949 axialRotation: -95.9812 zShift: 5.29813 energy: 1.15464
MCReject   xShift: 8.25664 crossingAngle: -43.9949 axialRotation: -95.9812 zShift: 5.29813 energy: 1.02354
MCReject   xShift: 8.23974 crossingAngle: -43.9949 axialRotation: -95.9812 zShift: 5.29813 energy: 0.870832
MCReject   xShift: 8.2284 crossingAngle: -43.9949 axialRotation: -95.9812 zShift: 5.29813 energy: 1.37977
MCReject   xShift: 8.23257 crossingAngle: -43.8273 axialRotation: -95.9812 zShift: 5.29813 energy: 1.15728
MCReject   xShift: 8.23689 crossingAngle: -43.9949 axialRotation: -95.9812 zShift: 5.29813 energy: 1.0196
MCReject   xShift: 8.21142 crossingAngle: -43.9949 axialRotation: -95.9812 zShift: 5.29813 energy: 1.15728
MCAccept 55 xShift: 8.23257 crossingAngle: -43.9949 axialRotation: -95.9812 zShift: 5.29998 energy: 0.77894
MCAccept 56 xShift: 8.23257 crossingAngle: -44.0089 axialRotation: -95.9812 zShift: 5.29998 energy: 0.77894
MCReject   xShift: 8.23257 crossingAngle: -43.9434 axialRotation: -95.9812 zShift: 5.29998 energy: 1.32999
MCReject   xShift: 8.23257 crossingAngle: -43.9836 axialRotation: -95.9812 zShift: 5.29998 energy: 1.01263
MCAccept 57 xShift: 8.23257 crossingAngle: -44.0089 axialRotation: -95.7258 zShift: 5.29998 energy: 0.77894
MCReject   xShift: 8.23257 crossingAngle: -44.0089 axialRotation: -95.7258 zShift: 5.30928 energy: 1.36746
MCReject   xShift: 8.23257 crossingAngle: -43.952 axialRotation: -95.7258 zShift: 5.29998 energy: 1.14614
MCReject   xShift: 8.24975 crossingAngle: -44.0089 axialRotation: -95.7258 zShift: 5.29998 energy: 0.990568
MCReject   xShift: 8.23257 crossingAngle: -44.0089 axialRotation: -95.9784 zShift: 5.29998 energy: 1.01263
MCReject   xShift: 8.23257 crossingAngle: -44.0089 axialRotation: -95.7747 zShift: 5.29998 energy: 1.01546
MCReject   xShift: 8.23257 crossingAngle: -44.1747 axialRotation: -95.7258 zShift: 5.29998 energy: 0.800055
MCReject   xShift: 8.23257 crossingAngle: -43.9737 axialRotation: -95.7258 zShift: 5.29998 energy: 0.990568
MCReject   xShift: 8.22378 crossingAngle: -44.0089 axialRotation: -95.7258 zShift: 5.29998 energy: 1.08425
MCReject   xShift: 8.23257 crossingAngle: -44.0089 axialRotation: -95.7042 zShift: 5.29998 energy: 1.14614
MCReject   xShift: 8.23257 crossingAngle: -44.0089 axialRotation: -95.7258 zShift: 5.28738 energy: 1.03807
MCReject   xShift: 8.21011 crossingAngle: -44.0089 axialRotation: -95.7258 zShift: 5.29998 energy: 1.08425
MCAccept 58 xShift: 8.23257 crossingAngle: -44.0078 axialRotation: -95.7258 zShift: 5.29998 energy: 0.77894
MCReject   xShift: 8.23257 crossingAngle: -44.0078 axialRotation: -95.7258 zShift: 5.30309 energy: 1.12727
MCReject   xShift: 8.23257 crossingAngle: -44.0078 axialRotation: -95.7258 zShift: 5.29404 energy: 0.797323
MCReject   xShift: 8.23257 crossingAngle: -44.0078 axialRotation: -95.7258 zShift: 5.30575 energy: 1.05014
MCReject   xShift: 8.23334 crossingAngle: -44.0078 axialRotation: -95.7258 zShift: 5.29998 energy: 0.800055
MCAccept 59 xShift: 8.24446 crossingAngle: -44.0078 axialRotation: -95.7258 zShift: 5.29998 energy: 0.77894
MCReject   xShift: 8.24446 crossingAngle: -44.0643 axialRotation: -95.7258 zShift: 5.29998 energy: 1.01263
MCReject   xShift: 8.24446 crossingAngle: -44.0078 axialRotation: -95.7258 zShift: 5.28614 energy: 0.844331
MCReject   xShift: 8.24446 crossingAngle: -44.0078 axialRotation: -95.7258 zShift: 5.30342 energy: 1.06386
MCReject   xShift: 8.24446 crossingAngle: -44.0078 axialRotation: -95.8024 zShift: 5.29998 energy: 1.01263
MCReject   xShift: 8.24446 crossingAngle: -44.0078 axialRotation: -95.7258 zShift: 5.29498 energy: 1.114
MCReject   xShift: 8.25109 crossingAngle: -44.0078 axialRotation: -95.7258 zShift: 5.29998 energy: 1.07899
MCReject   xShift: 8.23206 crossingAngle: -44.0078 axialRotation: -95.7258 zShift: 5.29998 energy: 1.07899
MCAccept 60 xShift: 8.24446 crossingAngle: -44.0078 axialRotation: -95.7258 zShift: 5.3096 energy: 0.770627
MCAccept 61 xShift: 8.24446 crossingAngle: -44.0078 axialRotation: -95.7258 zShift: 5.33025 energy: 0.753311
MCReject   xShift: 8.24446 crossingAngle: -44.0078 axialRotation: -95.7104 zShift: 5.33025 energy: 1.13966
MCReject   xShift: 8.24446 crossingAngle: -44.1376 axialRotation: -95.7258 zShift: 5.33025 energy: 0.948653
MCReject   xShift: 8.24446 crossingAngle: -44.0078 axialRotation: -95.7258 zShift: 5.34731 energy: 1.08833
MCReject   xShift: 8.2609 crossingAngle: -44.0078 axialRotation: -95.7258 zShift: 5.33025 energy: 0.87233
MCReject   xShift: 8.2546 crossingAngle: -44.0078 axialRotation: -95.7258 zShift: 5.33025 energy: 0.939233
MCReject   xShift: 8.24446 crossingAngle: -44.0078 axialRotation: -95.7258 zShift: 5.34373 energy: 0.888718
MCReject   xShift: 8.24446 crossingAngle: -44.0078 axialRotation: -95.8567 zShift: 5.33025 energy: 0.956204
MCReject   xShift: 8.26314 crossingAngle: -44.0078 axialRotation: -95.7258 zShift: 5.33025 energy: 0.948653
MCReject   xShift: 8.25271 crossingAngle: -44.0078 axialRotation: -95.7258 zShift: 5.33025 energy: 0.948653
MCReject   xShift: 8.2394 crossingAngle: -44.0078 axialRotation: -95.7258 zShift: 5.33025 energy: 1.13966
MCAccept 62 xShift: 8.24446 crossingAngle: -44.0078 axialRotation: -95.839 zShift: 5.33025 energy: 0.692848
MCAccept 63 xShift: 8.24446 crossingAngle: -44.0078 axialRotation: -95.839 zShift: 5.34267 energy: 0.693597
MCAccept 64 xShift: 8.24446 crossingAngle: -44.0078 axialRotation: -95.839 zShift: 5.33872 energy: 0.671148
MCReject   xShift: 8.25631 crossingAngle: -44.0078 axialRotation: -95.839 zShift: 5.33872 energy: 0.688758
MCReject   xShift: 8.24446 crossingAngle: -44.0078 axialRotation: -95.839 zShift: 5.3446 energy: 0.80766
MCReject   xShift: 8.24446 crossingAngle: -44.0078 axialRotation: -95.839 zShift: 5.34237 energy: 0.923873
MCReject   xShift: 8.24446 crossingAngle: -44.0078 axialRotation: -95.9282 zShift: 5.33872 energy: 0.903951
MCReject   xShift: 8.24446 crossingAngle: -44.0078 axialRotation: -95.839 zShift: 5.33242 energy: 0.93626
MCReject   xShift: 8.24446 crossingAngle: -43.9398 axialRotation: -95.839 zShift: 5.33872 energy: 0.901695
MCReject   xShift: 8.24446 crossingAngle: -44.0078 axialRotation: -95.839 zShift: 5.34822 energy: 0.819228
MCReject   xShift: 8.24446 crossingAngle: -44.0078 axialRotation: -95.839 zShift: 5.3327 energy: 0.928324
MCReject   xShift: 8.24626 crossingAngle: -44.0078 axialRotation: -95.839 zShift: 5.33872 energy: 0.983482
MCReject   xShift: 8.24446 crossingAngle: -44.0078 axialRotation: -95.839 zShift: 5.32321 energy: 0.999954
MCReject   xShift: 8.24446 crossingAngle: -43.9255 axialRotation: -95.839 zShift: 5.33872 energy: 0.901695
MCAccept 65 xShift: 8.24446 crossingAngle: -44.0078 axialRotation: -95.7949 zShift: 5.33872 energy: 0.671148
MCReject   xShift: 8.24446 crossingAngle: -43.9276 axialRotation: -95.7949 zShift: 5.33872 energy: 0.9006
MCReject   xShift: 8.26055 crossingAngle: -44.0078 axialRotation: -95.7949 zShift: 5.33872 energy: 0.83394
MCReject   xShift: 8.24446 crossingAngle: -44.0078 axialRotation: -96.0056 zShift: 5.33872 energy: 0.946712
MCReject   xShift: 8.24446 crossingAngle: -43.824 axialRotation: -95.7949 zShift: 5.33872 energy: 0.754667
MCReject   xShift: 8.24446 crossingAngle: -44.0078 axialRotation: -95.6255 zShift: 5.33872 energy: 0.855506
MCReject   xShift: 8.24446 crossingAngle: -44.0078 axialRotation: -95.7949 zShift: 5.31585 energy: 1.04598
MCReject   xShift: 8.24652 crossingAngle: -44.0078 axialRotation: -95.7949 zShift: 5.33872 energy: 0.688758
MCReject   xShift: 8.24446 crossingAngle: -44.0078 axialRotation: -95.7729 zShift: 5.33872 energy: 0.858569
MCAccept 66 xShift: 8.24446 crossingAngle: -44.0806 axialRotation: -95.7949 zShift: 5.33872 energy: 0.671148
MCReject   xShift: 8.22765 crossingAngle: -44.0806 axialRotation: -95.7949 zShift: 5.33872 energy: 0.83394
MCReject   xShift: 8.24446 crossingAngle: -44.0806 axialRotation: -95.7628 zShift: 5.33872 energy: 0.83394
MCReject   xShift: 8.24446 crossingAngle: -44.0806 axialRotation: -95.7949 zShift: 5.32593 energy: 0.704335
MCReject   xShift: 8.24446 crossingAngle: -44.0806 axialRotation: -95.7949 zShift: 5.33266 energy: 0.861334
MCReject   xShift: 8.24446 crossingAngle: -44.0806 axialRotation: -95.7727 zShift: 5.33872 energy: 0.754667
MCReject   xShift: 8.24446 crossingAngle: -44.0825 axialRotation: -95.7949 zShift: 5.33872 energy: 0.83394
MCReject   xShift: 8.24446 crossingAngle: -44.0249 axialRotation: -95.7949 zShift: 5.33872 energy: 0.946712
MCReject   xShift: 8.24446 crossingAngle: -44.0806 axialRotation: -95.7854 zShift: 5.33872 energy: 0.91744
MCReject   xShift: 8.24446 crossingAngle: -44.0602 axialRotation: -95.7949 zShift: 5.33872 energy: 0.688758
MCReject   xShift: 8.251 crossingAngle: -44.0806 axialRotation: -95.7949 zShift: 5.33872 energy: 0.903951
MCReject   xShift: 8.25346 crossingAngle: -44.0806 axialRotation: -95.7949 zShift: 5.33872 energy: 0.946712
MCReject   xShift: 8.24446 crossingAngle: -44.0806 axialRotation: -95.7949 zShift: 5.34259 energy: 0.846622
MCReject   xShift: 8.24446 crossingAngle: -44.0806 axialRotation: -95.8043 zShift: 5.33872 energy: 1.11917
MCReject   xShift: 8.24446 crossingAngle: -44.0915 axialRotation: -95.7949 zShift: 5.33872 energy: 0.855506
MCReject   xShift: 8.24446 crossingAngle: -44.0806 axialRotation: -95.7949 zShift: 5.32597 energy: 0.973198
MCReject   xShift: 8.25918 crossingAngle: -44.0806 axialRotation: -95.7949 zShift: 5.33872 energy: 0.83394
MCReject   xShift: 8.24446 crossingAngle: -44.0769 axialRotation: -95.7949 zShift: 5.33872 energy: 0.903951
MCReject   xShift: 8.24446 crossingAngle: -44.0806 axialRotation: -95.7949 zShift: 5.36024 energy: 0.953523
MCReject   xShift: 8.24446 crossingAngle: -44.0806 axialRotation: -95.8884 zShift: 5.33872 energy: 0.851973
MCReject   xShift: 8.24446 crossingAngle: -44.0806 axialRotation: -95.7338 zShift: 5.33872 energy: 0.932874
MCReject   xShift: 8.23601 crossingAngle: -44.0806 axialRotation: -95.7949 zShift: 5.33872 energy: 0.96388
MCReject   xShift: 8.24446 crossingAngle: -44.0806 axialRotation: -95.7949 zShift: 5.32769 energy: 0.884079
MCReject   xShift: 8.2469 crossingAngle: -44.0806 axialRotation: -95.7949 zShift: 5.33872 energy: 0.982906
MCReject   xShift: 8.22884 crossingAngle: -44.0806 axialRotation: -95.7949 zShift: 5.33872 energy: 0.946712
MCReject   xShift: 8.24446 crossingAngle: -44.0806 axialRotation: -95.7504 zShift: 5.33872 energy: 0.91744
MCReject   xShift: 8.24446 crossingAngle: -43.9963 axialRotation: -95.7949 zShift: 5.33872 energy: 0.730263
MCReject   xShift: 8.24446 crossingAngle: -44.0806 axialRotation: -95.789 zShift: 5.33872 energy: 0.851973
MCReject   xShift: 8.24446 crossingAngle: -44.0806 axialRotation: -95.7949 zShift: 5.31834 energy: 0.925295
MCReject   xShift: 8.24212 crossingAngle: -44.0806 axialRotation: -95.7949 zShift: 5.33872 energy: 0.982906
MCReject   xShift: 8.24446 crossingAngle: -44.0806 axialRotation: -95.7949 zShift: 5.34582 energy: 0.860748
MCReject   xShift: 8.24446 crossingAngle: -44.0806 axialRotation: -95.7949 zShift: 5.31613 energy: 0.937902
MCReject   xShift: 8.24446 crossingAngle: -44.2665 axialRotation: -95.7949 zShift: 5.33872 energy: 0.855506
MCReject   xShift: 8.24446 crossingAngle: -44.0806 axialRotation: -95.7949 zShift: 5.33403 energy: 0.922403
MCReject   xShift: 8.24446 crossingAngle: -44.0806 axialRotation: -95.7949 zShift: 5.3585 energy: 0.805464
MCReject   xShift: 8.24446 crossingAngle: -44.0806 axialRotation: -95.7949 zShift: 5.33219 energy: 0.93759
MCReject   xShift: 8.24446 crossingAngle: -44.0806 axialRotation: -95.7949 zShift: 5.33824 energy: 0.860785
MCReject   xShift: 8.24446 crossingAngle: -44.0725 axialRotation: -95.7949 zShift: 5.33872 energy: 0.946712
MCReject   xShift: 8.24446 crossingAngle: -44.0806 axialRotation: -95.7949 zShift: 5.34071 energy: 0.891728
MCReject   xShift: 8.24446 crossingAngle: -43.9043 axialRotation: -95.7949 zShift: 5.33872 energy: 0.858782
MCReject   xShift: 8.23511 crossingAngle: -44.0806 axialRotation: -95.7949 zShift: 5.33872 energy: 0.9006
MCReject   xShift: 8.25001 crossingAngle: -44.0806 axialRotation: -95.7949 zShift: 5.33872 energy: 0.903951
MCReject   xShift: 8.24446 crossingAngle: -44.1421 axialRotation: -95.7949 zShift: 5.33872 energy: 0.903951
MCReject   xShift: 8.24446 crossingAngle: -44.0806 axialRotation: -95.7949 zShift: 5.34609 energy: 0.869571
MCReject   xShift: 8.24446 crossingAngle: -44.0806 axialRotation: -95.7892 zShift: 5.33872 energy: 0.903951
MCReject   xShift: 8.24446 crossingAngle: -44.037 axialRotation: -95.7949 zShift: 5.33872 energy: 0.858569
MCReject   xShift: 8.24424 crossingAngle: -44.0806 axialRotation: -95.7949 zShift: 5.33872 energy: 0.688758
MCReject   xShift: 8.24446 crossingAngle: -44.0806 axialRotation: -95.8557 zShift: 5.33872 energy: 0.932874
MCAccept 67 xShift: 8.23564 crossingAngle: -44.0806 axialRotation: -95.7949 zShift: 5.33872 energy: 0.671148
MCReject   xShift: 8.22681 crossingAngle: -44.0806 axialRotation: -95.7949 zShift: 5.33872 energy: 1.08629
MCReject   xShift: 8.23564 crossingAngle: -44.0806 axialRotation: -95.7659 zShift: 5.33872 energy: 1.13905
MCReject   xShift: 8.2571 crossingAngle: -44.0806 axialRotation: -95.7949 zShift: 5.33872 energy: 1.08629
MCReject   xShift: 8.23564 crossingAngle: -44.0806 axialRotation: -95.7949 zShift: 5.33136 energy: 0.901358
MCReject   xShift: 8.22151 crossingAngle: -44.0806 axialRotation: -95.7949 zShift: 5.33872 energy: 1.08629
MCReject   xShift: 8.23564 crossingAngle: -44.0806 axialRotation: -95.7831 zShift: 5.33872 energy: 0.712511
MCReject   xShift: 8.23564 crossingAngle: -44.0806 axialRotation: -95.7949 zShift: 5.32401 energy: 0.901066
MCReject   xShift: 8.23564 crossingAngle: -44.0806 axialRotation: -95.7949 zShift: 5.3456 energy: 0.679633
MCReject   xShift: 8.23564 crossingAngle: -44.0806 axialRotation: -95.7949 zShift: 5.33569 energy: 1.166
MCReject   xShift: 8.23564 crossingAngle: -43.952 axialRotation: -95.7949 zShift: 5.33872 energy: 0.688758
MCReject   xShift: 8.23564 crossingAngle: -44.1714 axialRotation: -95.7949 zShift: 5.33872 energy: 1.08629
MCReject   xShift: 8.23564 crossingAngle: -44.0806 axialRotation: -95.7949 zShift: 5.34744 energy: 0.821882
MCReject   xShift: 8.23564 crossingAngle: -44.0806 axialRotation: -95.8498 zShift: 5.33872 energy: 1.13905
MCReject   xShift: 8.23437 crossingAngle: -44.0806 axialRotation: -95.7949 zShift: 5.33872 energy: 0.859499
MCReject   xShift: 8.23564 crossingAngle: -44.1024 axialRotation: -95.7949 zShift: 5.33872 energy: 0.91744
MCReject   xShift: 8.23564 crossingAngle: -44.24 axialRotation: -95.7949 zShift: 5.33872 energy: 0.983482
MCReject   xShift: 8.23564 crossingAngle: -44.0009 axialRotation: -95.7949 zShift: 5.33872 energy: 0.83394
MCReject   xShift: 8.22471 crossingAngle: -44.0806 axialRotation: -95.7949 zShift: 5.33872 energy: 0.83394
MCReject   xShift: 8.23564 crossingAngle: -44.0653 axialRotation: -95.7949 zShift: 5.33872 energy: 0.9006
MCReject   xShift: 8.25394 crossingAngle: -44.0806 axialRotation: -95.7949 zShift: 5.33872 energy: 0.858782
MCReject   xShift: 8.22853 crossingAngle: -44.0806 axialRotation: -95.7949 zShift: 5.33872 energy: 1.01056
MCReject   xShift: 8.24641 crossingAngle: -44.0806 axialRotation: -95.7949 zShift: 5.33872 energy: 0.858782
MCReject   xShift: 8.25685 crossingAngle: -44.0806 axialRotation: -95.7949 zShift: 5.33872 energy: 0.96388
MCReject   xShift: 8.23564 crossingAngle: -44.0806 axialRotation: -95.8201 zShift: 5.33872 energy: 1.08629
MCReject   xShift: 8.23564 crossingAngle: -44.0851 axialRotation: -95.7949 zShift: 5.33872 energy: 0.855506
MCReject   xShift: 8.23564 crossingAngle: -44.0806 axialRotation: -95.9345 zShift: 5.33872 energy: 0.946712
MCReject   xShift: 8.23564 crossingAngle: -44.0872 axialRotation: -95.7949 zShift: 5.33872 energy: 0.9006
MCReject   xShift: 8.20486 crossingAngle: -44.0806 axialRotation: -95.7949 zShift: 5.33872 energy: 0.91744
MCReject   xShift: 8.23202 crossingAngle: -44.0806 axialRotation: -95.7949 zShift: 5.33872 energy: 0.858782
MCReject   xShift: 8.23564 crossingAngle: -44.1764 axialRotation: -95.7949 zShift: 5.33872 energy: 0.946712
MCAccept 68 xShift: 8.23564 crossingAngle: -44.0806 axialRotation: -95.8443 zShift: 5.33872 energy: 0.671148
MCReject   xShift: 8.23564 crossingAngle: -43.7721 axialRotation: -95.8443 zShift: 5.33872 energy: 0.91744
MCReject   xShift: 8.23564 crossingAngle: -44.0806 axialRotation: -95.898 zShift: 5.33872 energy: 0.858569
MCReject   xShift: 8.23564 crossingAngle: -44.0806 axialRotation: -95.7426 zShift: 5.33872 energy: 0.932874
MCReject   xShift: 8.23564 crossingAngle: -44.0806 axialRotation: -95.7865 zShift: 5.33872 energy: 0.855506
MCReject   xShift: 8.23267 crossingAngle: -44.0806 axialRotation: -95.8443 zShift: 5.33872 energy: 0.859499
MCReject   xShift: 8.23564 crossingAngle: -44.0806 axialRotation: -95.8443 zShift: 5.32792 energy: 0.699019
MCReject   xShift: 8.23564 crossingAngle: -44.0806 axialRotation: -95.8443 zShift: 5.34809 energy: 0.792241
MCReject   xShift: 8.23564 crossingAngle: -44.0806 axialRotation: -95.7002 zShift: 5.33872 energy: 0.83394
MCReject   xShift: 8.2377 crossingAngle: -44.0806 axialRotation: -95.8443 zShift: 5.33872 energy: 1.08629
MCReject   xShift: 8.23564 crossingAngle: -44.0806 axialRotation: -95.9935 zShift: 5.33872 energy: 0.946712
MCReject   xShift: 8.23564 crossingAngle: -43.9129 axialRotation: -95.8443 zShift: 5.33872 energy: 0.983482
MCReject   xShift: 8.23564 crossingAngle: -44.0806 axialRotation: -95.8443 zShift: 5.34205 energy: 1.10937
MCReject   xShift: 8.23564 crossingAngle: -44.1303 axialRotation: -95.8443 zShift: 5.33872 energy: 0.859499
MCReject   xShift: 8.23564 crossingAngle: -44.0806 axialRotation: -95.8443 zShift: 5.32988 energy: 0.893557
MCReject   xShift: 8.23564 crossingAngle: -44.0806 axialRotation: -95.8443 zShift: 5.34194 energy: 0.746375
MCReject   xShift: 8.23564 crossingAngle: -44.1002 axialRotation: -95.8443 zShift: 5.33872 energy: 0.91744
MCReject   xShift: 8.23564 crossingAngle: -44.0806 axialRotation: -95.8443 zShift: 5.32968 energy: 0.910948
MCReject   xShift: 8.23564 crossingAngle: -44.0806 axialRotation: -95.7759 zShift: 5.33872 energy: 0.901695
MCReject   xShift: 8.23564 crossingAngle: -44.0806 axialRotation: -95.7163 zShift: 5.33872 energy: 0.859499
MCReject   xShift: 8.23564 crossingAngle: -44.0806 axialRotation: -95.8804 zShift: 5.33872 energy: 0.932874
MCReject   xShift: 8.23564 crossingAngle: -44.2661 axialRotation: -95.8443 zShift: 5.33872 energy: 0.859499
MCReject   xShift: 8.22654 crossingAngle: -44.0806 axialRotation: -95.8443 zShift: 5.33872 energy: 0.96388
MCReject   xShift: 8.23564 crossingAngle: -44.1454 axialRotation: -95.8443 zShift: 5.33872 energy: 0.851973
MCReject   xShift: 8.23564 crossingAngle: -44.0806 axialRotation: -95.8443 zShift: 5.35375 energy: 1.00544
MCReject   xShift: 8.23564 crossingAngle: -44.0806 axialRotation: -95.8443 zShift: 5.33384 energy: 1.01826
MCReject   xShift: 8.22942 crossingAngle: -44.0806 axialRotation: -95.8443 zShift: 5.33872 energy: 0.83394
MCReject   xShift: 8.23564 crossingAngle: -44.0806 axialRotation: -95.8443 zShift: 5.34699 energy: 0.813411
MCReject   xShift: 8.23564 crossingAngle: -44.0806 axialRotation: -95.6871 zShift: 5.33872 energy: 0.871466
MCReject   xShift: 8.22698 crossingAngle: -44.0806 axialRotation: -95.8443 zShift: 5.33872 energy: 0.901695
MCReject   xShift: 8.23564 crossingAngle: -44.0806 axialRotation: -95.9896 zShift: 5.33872 energy: 0.851973
MCReject   xShift: 8.23564 crossingAngle: -44.0806 axialRotation: -96.0701 zShift: 5.33872 energy: 0.83394
MCAccept 69 xShift: 8.21582 crossingAngle: -44.0806 axialRotation: -95.8443 zShift: 5.33872 energy: 0.671148
Energy #0: 0.671148
***GEOMETRY SHIFT***
xShift;        Before: 8.19; After: 8.21582
crossingAngle; Before: -43.88; After: -44.0806
axialRotation; Before: -96.24; After: -95.8443
zShift;        Before: 5.27; After: 5.33872
Energy;        Before: 385916; After: 0.671148

Completed all cycles. Accepted 70/333
Monte Carlo repack complete. Time: 82.7667min

