***STARTING GEOMETRY:***
xShift: 9.2
crossingAngle: 26.19
axialRotation: 75.6518
zShift: 3.22877

Number of MCCycles: 100
PrevSequence	CurrSequence	PrevEnergy	CurrEnergy	PrevEntropy	CurrEntropy	CurrentTemp
LLLYVLLTLLTYLTTLLLILI	LLLYVLLTLLTTLTTLLLILI	-14.1927	-14.2734	0.255144	0.62127	999.684
LLLYVLLTLLTTLTTLLLILI	LLLYVLLTLLYTLTTLLLILI	-14.2734	-15.4503	0.62127	0.255144	999.328
LLLYVLLTLLYTLTTLLLILI	LLLYVLLTLLFTLTTLLLILI	-14.7527	-15.0896	0.952787	0.132101	998.928
LLLYVLLTLLFTLTTLLLILI	LLLLVLLTLLFTLTTLLLILI	-14.6948	-13.3998	0.526939	0.312976	998.476
LLLLVLLTLLFTLTTLLLILI	LLLLFLLTLLFTLTTLLLILI	-13.5183	-12.7275	0.194474	0.753596	997.967
LLLLFLLTLLFTLTTLLLILI	LLLLVLLTLLFTLTTLLLILI	-12.7275	-13.6766	0.753596	0.194474	997.394
LLLLVLLTLLFTLTTLLLILI	LLLLFLLTLLFTLTTLLLILI	-13.6766	-12.7275	0.194474	0.753596	996.749
LLLLFLLTLLFTLTTLLLILI	LLLLVLLTLLFTLTTLLLILI	-12.7275	-13.6995	0.753596	0.194474	996.023
LLLLVLLTLLFTLTTLLLILI	LLLLVLLTLLYTLTTLLLILI	-13.6539	-13.671	0.240035	0.650378	995.205
LLLLVLLTLLYTLTTLLLILI	LLLYVLLTLLYTLTTLLLILI	-14.1444	-15.0586	0.176934	0.801241	994.285
LLLYVLLTLLYTLTTLLLILI	LLLYVLLTLLFTLTTLLLILI	-14.907	-15.3395	0.952787	0.132101	993.249
LLLYVLLTLLFTLTTLLLILI	LLLVVLLTLLFTLTTLLLILI	-14.9822	-14.1972	0.489394	0.340616	992.084
LLLVVLLTLLFTLTTLLLILI	LLLVVLLTLLYTLTTLLLILI	-14.2978	-14.2437	0.240035	0.650378	990.773
LLLVVLLTLLYTLTTLLLILI	LLLVVLLTLLYTLVTLLLILI	-14.1448	-11.0804	0.749274	0.196163	989.3
LLLVVLLTLLYTLVTLLLILI	LLLVVLLTLLYTLTTLLLILI	-11.0804	-14.1573	0.196163	0.749274	987.644
LLLVVLLTLLYTLTTLLLILI	LLLYVLLTLLYTLTTLLLILI	-14.7121	-15.1728	0.194474	0.753596	985.783
LLLYVLLTLLYTLTTLLLILI	LLLYVLLTLLYTLTGLLLILI	-14.8509	-11.07	1.07549	0.105025	983.694
LLLYVLLTLLYTLTGLLLILI	LLLYVLLTLLYYLTGLLLILI	-10.8463	-8.97075	0.328724	0.505042	981.348
LLLYVLLTLLYYLTGLLLILI	LLLVVLLTLLYYLTGLLLILI	-8.54017	-8.53293	0.935627	0.13647	978.717
LLLVVLLTLLYYLTGLLLILI	LLLVVLLTLLTYLTGLLLILI	-8.29006	-8.21699	0.379341	0.443059	975.768
LLLVVLLTLLTYLTGLLLILI	LLLVVLLTLLTTLTGLLLILI	-8.48823	-8.19669	0.171816	0.816184	972.463
LLLVVLLTLLTTLTGLLLILI	LLLYVLLTLLTTLTGLLLILI	-8.67226	-9.0965	0.340616	0.489394	968.764
LLLYVLLTLLTTLTGLLLILI	LLLYVLLTLLTYLTGLLLILI	-9.04705	-9.33194	0.538845	0.30482	964.627
LLLYVLLTLLTYLTGLLLILI	LLLVVLLTLLTYLTGLLLILI	-8.88317	-8.46558	0.753596	0.194474	960.005
LLLVVLLTLLTYLTGLLLILI	LLLVILLTLLTYLTGLLLILI	-8.26157	-6.20054	0.398479	0.42245	954.846
LLLVILLTLLTYLTGLLLILI	LLLVILLTLLTFLTGLLLILI	-5.97261	-5.72618	0.650378	0.240035	949.095
LLLVILLTLLTFLTGLLLILI	LLLVILLTLLTFLTALLLILI	-5.38209	-3.9555	0.584123	0.276169	942.693
LLLVILLTLLTFLTALLLILI	LLLVILLTLLTFLTGLLLILI	-3.9555	-5.38209	0.276169	0.584123	935.578
LLLVILLTLLTFLTGLLLILI	LLLVILLTLLTYLTGLLLILI	-5.72618	-5.97261	0.240035	0.650378	927.683
LLLVILLTLLTYLTGLLLILI	LLLVVLLTLLTYLTGLLLILI	-6.20054	-8.26157	0.42245	0.398479	918.939
LLLVVLLTLLTYLTGLLLILI	LLLYVLLTLLTYLTGLLLILI	-8.46558	-8.98647	0.194474	0.753596	909.276
LLLYVLLTLLTYLTGLLLILI	LLLYVLLTLLTTLTGLLLILI	-9.43524	-8.94728	0.30482	0.538845	898.621
LLLYVLLTLLTTLTGLLLILI	LLLVVLLTLLTTLTGLLLILI	-8.99673	-8.65971	0.489394	0.340616	886.903
LLLVVLLTLLTTLTGLLLILI	LLLVVLLTLLTTLTALLLILI	-8.4162	-6.77609	0.584123	0.276169	874.051
LLLVVLLTLLTTLTALLLILI	LLLVVLLTLLTYLTALLLILI	-6.23607	-6.76742	0.816184	0.171816	859.999
LLLVVLLTLLTYLTALLLILI	LLLVVLLTLLTFLTALLLILI	-6.28886	-6.02194	0.650378	0.240035	844.686
LLLVVLLTLLTFLTALLLILI	LLLVVLLTLLTFLTGLLLILI	-5.9858	-7.41223	0.276169	0.584123	828.061
LLLVVLLTLLTFLTGLLLILI	LLLVVLLTLLTYLTGLLLILI	-7.75631	-8.00967	0.240035	0.650378	810.083
LLLVVLLTLLTYLTGLLLILI	LLLYVLLTLLTYLTGLLLILI	-8.46558	-8.89657	0.194474	0.753596	790.724
LLLYVLLTLLTYLTGLLLILI	LLLYVLLTLLWYLTGLLLILI	-9.16414	-8.84852	0.48602	0.343253	769.974
LLLYVLLTLLWYLTGLLLILI	LLLVVLLTLLWYLTGLLLILI	-8.43817	-8.25329	0.753596	0.194474	747.845
LLLVVLLTLLWYLTGLLLILI	LLLVVLLTLLWFLTGLLLILI	-7.79739	-7.73401	0.650378	0.240035	724.369
LLLVVLLTLLWFLTGLLLILI	LLLYVLLTLLWFLTGLLLILI	-7.63343	-8.32357	0.340616	0.489394	699.602
LLLYVLLTLLWFLTGLLLILI	LLLYFLLTLLWFLTGLLLILI	-8.61849	-7.90371	0.194474	0.753596	673.628
LLLYFLLTLLWFLTGLLLILI	LLLYVLLTLLWFLTGLLLILI	-7.90371	-8.51598	0.753596	0.194474	646.557
LLLYVLLTLLWFLTGLLLILI	LLLYVLLTLLTFLTGLLLILI	-8.36721	-8.49311	0.343253	0.48602	618.524
LLLYVLLTLLTFLTGLLLILI	LLLYVLLTLLWFLTGLLLILI	-8.49311	-7.94248	0.48602	0.343253	589.688
LLLYVLLTLLWFLTGLLLILI	LLLYVLLTLLWYLTGLLLILI	-8.15364	-8.27949	0.132101	0.952787	560.23
LLLYVLLTLLWYLTGLLLILI	LLLYFLLTLLWYLTGLLLILI	-8.89166	-8.71234	0.340616	0.489394	530.348
LLLYFLLTLLWYLTGLLLILI	LLLYFLLTLLWFLTGLLLILI	-8.55136	-8.39112	0.650378	0.240035	470.152
LLLYFLLTLLWFLTGLLLILI	LLLYFLLTLLWYLTGLLLILI	-8.39112	-7.82598	0.240035	0.650378	440.27
LLLYFLLTLLWYLTGLLLILI	LLLYFLLTLLWYLVGLLLILI	-7.5455	-5.60731	0.930859	0.137712	410.812
LLLYFLLTLLWYLVGLLLILI	LLLYFLLTLLWFLVGLLLILI	-5.09464	-4.49208	0.650378	0.240035	381.976
LLLYFLLTLLWFLVGLLLILI	LLLYFLLTLLTFLVGLLLILI	-4.27114	-4.47995	0.460972	0.363705	353.943
LLLYFLLTLLTFLVGLLLILI	LLLYFLLTLLTFLTGLLLILI	-4.74839	-7.10035	0.0952708	1.12845	326.872
LLLYFLLTLLTFLTGLLLILI	LLLYFLLTLLWFLTGLLLILI	-7.74278	-7.7109	0.48602	0.343253	300.898
LLLYFLLTLLWFLTGLLLILI	LLLYFLLTLLTFLTGLLLILI	-7.7109	-7.74278	0.343253	0.48602	276.131
LLLYFLLTLLTFLTGLLLILI	LLLYFLLTLLWFLTGLLLILI	-7.74278	-8.53268	0.48602	0.343253	252.655
LLLYFLLTLLWFLTGLLLILI	LLLYVLLTLLWFLTGLLLILI	-8.12233	-8.49974	0.753596	0.194474	230.526
LLLYVLLTLLWFLTGLLLILI	LLLYVLLTLLTFLTGLLLILI	-8.35096	-8.49311	0.343253	0.48602	209.776
LLLYVLLTLLTFLTGLLLILI	LLLYVLLTLLTYLTGLLLILI	-8.84703	-8.69738	0.132101	0.952787	190.417
LLLYVLLTLLTYLTGLLLILI	LLLYFLLTLLTYLTGLLLILI	-9.30955	-8.41867	0.340616	0.489394	172.439
LLLYFLLTLLTYLTGLLLILI	LLLYVLLTLLTYLTGLLLILI	-8.41867	-9.30955	0.489394	0.340616	140.501
LLLYVLLTLLTYLTGLLLILI	LLLVVLLTLLTYLTGLLLILI	-8.89657	-8.46558	0.753596	0.194474	126.449
LLLVVLLTLLTYLTGLLLILI	LLLYVLLTLLTYLTGLLLILI	-8.46558	-8.89657	0.194474	0.753596	113.597
LLLYVLLTLLTYLTGLLLILI	LLLYVLLTLLYYLTGLLLILI	-9.32144	-10.4092	0.328724	0.505042	91.2238
LLLYVLLTLLYYLTGLLLILI	LLLYVLLTLLYTLTGLLLILI	-10.4092	-10.9344	0.505042	0.328724	81.5606
LLLYVLLTLLYTLTGLLLILI	LLLYVLLTLLFTLTGLLLILI	-10.3104	-10.8232	0.952787	0.132101	72.8169
Time: 78s
