***STARTING GEOMETRY:***
xShift: 8.27826
crossingAngle: -35.4204
axialRotation: 51.6292
zShift: 4.19916

Number of MCCycles: 100
PrevSequence	CurrSequence	PrevEnergy	CurrEnergy	PrevEntropy	CurrEntropy	CurrentTemp
LLLGLLTALLTTLLVTLLILI	LLLGLLTALLYTLLVTLLILI	-14.1663	-16.8562	0.816184	0.171816	999.684
LLLGLLTALLYTLLVTLLILI	LLLGLLTALLYTLLFTLLILI	-16.6874	-17.02	0.340616	0.489394	999.328
LLLGLLTALLYTLLFTLLILI	LLLALLTALLYTLLFTLLILI	-17.148	-15.3576	0.36136	0.463748	998.928
LLLALLTALLYTLLFTLLILI	LLLALLVALLYTLLFTLLILI	-14.6929	-13.0472	1.12845	0.0952708	998.476
LLLALLVALLYTLLFTLLILI	LLLALLVALLTTLLFTLLILI	-12.9229	-16.689	0.219549	0.693609	997.967
LLLALLVALLTTLLFTLLILI	LLLALLVALLTTLLFVLLILI	-16.5825	-13.3893	0.800152	0.177314	997.394
LLLALLVALLTTLLFVLLILI	LLLALLTALLTTLLFVLLILI	-13.3893	-16.2853	0.177314	0.800152	996.749
LLLALLTALLTTLLFVLLILI	LLLGLLTALLTTLLFVLLILI	-16.6217	-17.8923	0.463748	0.36136	996.023
LLLGLLTALLTTLLFVLLILI	LLLALLTALLTTLLFVLLILI	-17.8923	-16.6217	0.36136	0.463748	995.205
LLLALLTALLTTLLFVLLILI	LLLALLTGLLTTLLFVLLILI	-16.6217	-14.8821	0.463748	0.36136	994.285
LLLALLTGLLTTLLFVLLILI	LLLGLLTGLLTTLLFVLLILI	-15.0894	-15.5536	0.154044	0.872342	993.249
LLLGLLTGLLTTLLFVLLILI	LLLGLLTGLLFTLLFVLLILI	-15.7323	-15.3375	0.693609	0.219549	992.084
LLLGLLTGLLFTLLFVLLILI	LLLALLTGLLFTLLFVLLILI	-14.6848	-14.2772	0.872342	0.154044	990.773
LLLALLTGLLFTLLFVLLILI	LLLALLLGLLFTLLFVLLILI	-13.5821	-10.0283	0.849143	0.161118	989.3
LLLALLLGLLFTLLFVLLILI	LLLALLLGLLFTLLVVLLILI	-9.69998	-8.74732	0.489394	0.340616	987.644
LLLALLLGLLFTLLVVLLILI	LLLALLLGLLFTLLVTLLILI	-8.83857	-12.0281	0.249358	0.632162	985.783
LLLALLLGLLFTLLVTLLILI	LLLGLLLGLLFTLLVTLLILI	-12.5063	-12.6903	0.154044	0.872342	983.694
LLLGLLLGLLFTLLVTLLILI	LLLGLLLALLFTLLVTLLILI	-12.6903	-11.8138	0.872342	0.154044	981.348
LLLGLLLALLFTLLVTLLILI	LLLGLLLALLFTLLFTLLILI	-11.7734	-12.8655	0.194474	0.753596	978.717
LLLGLLLALLFTLLFTLLILI	LLLGLLLGLLFTLLFTLLILI	-13.4651	-14.0327	0.154044	0.872342	975.768
LLLGLLLGLLFTLLFTLLILI	LLLGLLTGLLFTLLFTLLILI	-14.7929	-18.3302	0.112128	1.04019	972.463
LLLGLLTGLLFTLLFTLLILI	LLLGLLTGLLFTLLVTLLILI	-18.6168	-17.8243	0.753596	0.194474	968.764
LLLGLLTGLLFTLLVTLLILI	LLLGLLLGLLFTLLVTLLILI	-16.9786	-13.4505	1.04019	0.112128	964.627
LLLGLLLGLLFTLLVTLLILI	LLLGLLLGLLTTLLVTLLILI	-13.4427	-13.6858	0.119894	1.0043	960.005
LLLGLLLGLLTTLLVTLLILI	LLLGLLTGLLTTLLVTLLILI	-14.6041	-18.4302	0.0860236	1.18439	954.846
LLLGLLTGLLTTLLVTLLILI	LLLGLLTGLLTTLLFTLLILI	-19.2739	-19.7527	0.340616	0.489394	949.095
LLLGLLTGLLTTLLFTLLILI	LLLGLLTALLTTLLFTLLILI	-19.3698	-21.9157	0.872342	0.154044	942.693
LLLGLLTALLTTLLFTLLILI	LLLALLTALLTTLLFTLLILI	-21.7084	-20.4377	0.36136	0.463748	935.578
LLLALLTALLTTLLFTLLILI	LLLALLTALLTTLLVTLLILI	-20.4121	-19.9185	0.489394	0.340616	927.683
LLLALLTALLTTLLVTLLILI	LLLALLTGLLTTLLVTLLILI	-19.7954	-18.0707	0.463748	0.36136	909.276
LLLALLTGLLTTLLVTLLILI	LLLALLTALLTTLLVTLLILI	-18.0707	-19.7954	0.36136	0.463748	886.903
LLLALLTALLTTLLVTLLILI	LLLALLTALLTTLLFTLLILI	-19.9185	-20.4121	0.340616	0.489394	874.051
LLLALLTALLTTLLFTLLILI	LLLALLTALLTTLLVTLLILI	-20.4121	-19.9185	0.489394	0.340616	859.999
LLLALLTALLTTLLVTLLILI	LLLGLLTALLTTLLVTLLILI	-19.7954	-21.0661	0.463748	0.36136	844.686
LLLGLLTALLTTLLVTLLILI	LLLGLLTALLTTLLFTLLILI	-21.0868	-21.5803	0.340616	0.489394	828.061
LLLGLLTALLTTLLFTLLILI	LLLGLLTALLFTLLFTLLILI	-21.2535	-17.273	0.816184	0.171816	810.083
LLLGLLTALLFTLLFTLLILI	LLLGLLTGLLFTLLFTLLILI	-17.2908	-18.498	0.154044	0.872342	790.724
LLLGLLTGLLFTLLFTLLILI	LLLGLLTGLLTTLLFTLLILI	-19.1986	-19.4259	0.171816	0.816184	769.974
LLLGLLTGLLTTLLFTLLILI	LLLGLLTGLLTTLLVTLLILI	-19.7527	-19.2739	0.489394	0.340616	747.845
LLLGLLTGLLTTLLVTLLILI	LLLGLLTALLTTLLVTLLILI	-18.7422	-21.2734	0.872342	0.154044	724.369
LLLGLLTALLTTLLVTLLILI	LLLGLLTGLLTTLLVTLLILI	-21.2734	-18.7422	0.154044	0.872342	699.602
LLLGLLTGLLTTLLVTLLILI	LLLGLLTGLLYTLLVTLLILI	-18.7984	-17.9968	0.816184	0.171816	673.628
LLLGLLTGLLYTLLVTLLILI	LLLALLTGLLYTLLVTLLILI	-17.2963	-16.8732	0.872342	0.154044	646.557
LLLALLTGLLYTLLVTLLILI	LLLGLLTGLLYTLLVTLLILI	-16.8732	-17.2963	0.154044	0.872342	618.524
LLLGLLTGLLYTLLVTLLILI	LLLALLTGLLYTLLVTLLILI	-17.2963	-16.8732	0.872342	0.154044	589.688
LLLALLTGLLYTLLVTLLILI	LLLALLTALLYTLLVTLLILI	-16.6659	-14.8762	0.36136	0.463748	560.23
LLLALLTALLYTLLVTLLILI	LLLALLTALLYTLLFTLLILI	-14.9993	-15.332	0.340616	0.489394	530.348
LLLALLTALLYTLLFTLLILI	LLLALLTGLLYTLLFTLLILI	-15.3576	-16.9499	0.463748	0.36136	500.25
LLLALLTGLLYTLLFTLLILI	LLLALLTGLLTTLLFTLLILI	-17.1395	-18.2434	0.171816	0.816184	470.152
LLLALLTGLLTTLLFTLLILI	LLLALLTGLLTTLLVTLLILI	-18.5702	-18.0915	0.489394	0.340616	440.27
LLLALLTGLLTTLLVTLLILI	LLLALLTGLLTTLLFTLLILI	-18.0915	-18.5702	0.340616	0.489394	410.812
LLLALLTGLLTTLLFTLLILI	LLLALLTALLTTLLFTLLILI	-18.6983	-20.4377	0.36136	0.463748	381.976
LLLALLTALLTTLLFTLLILI	LLLALLTGLLTTLLFTLLILI	-20.4377	-18.6983	0.463748	0.36136	353.943
LLLALLTGLLTTLLFTLLILI	LLLALLTALLTTLLFTLLILI	-18.6983	-20.4377	0.36136	0.463748	326.872
LLLALLTALLTTLLFTLLILI	LLLALLTGLLTTLLFTLLILI	-20.4377	-18.6983	0.463748	0.36136	300.898
LLLALLTGLLTTLLFTLLILI	LLLALLTALLTTLLFTLLILI	-18.6983	-20.4377	0.36136	0.463748	276.131
LLLALLTALLTTLLFTLLILI	LLLGLLTALLTTLLFTLLILI	-20.4377	-21.7084	0.463748	0.36136	252.655
LLLGLLTALLTTLLFTLLILI	LLLALLTALLTTLLFTLLILI	-21.7084	-20.4377	0.36136	0.463748	209.776
LLLALLTALLTTLLFTLLILI	LLLGLLTALLTTLLFTLLILI	-20.4377	-21.7084	0.463748	0.36136	190.417
LLLGLLTALLTTLLFTLLILI	LLLGLLTALLTTLLVTLLILI	-21.5803	-21.0868	0.489394	0.340616	155.814
LLLGLLTALLTTLLVTLLILI	LLLGLLTALLTTLLFTLLILI	-21.0868	-21.5803	0.340616	0.489394	140.501
LLLGLLTALLTTLLFTLLILI	LLLGLLTALLTTLLVTLLILI	-21.5803	-21.0868	0.489394	0.340616	72.8169
LLLGLLTALLTTLLVTLLILI	LLLGLLTALLTTLLFTLLILI	-21.0868	-21.5803	0.340616	0.489394	64.9219
Time: 107s
