***STARTING GEOMETRY:***
xShift: 8.26938
crossingAngle: -40.3047
axialRotation: 51.0769
zShift: 4.10698

Number of MCCycles: 100
PrevSequence	CurrSequence	PrevEnergy	CurrEnergy	PrevEntropy	CurrEntropy	CurrentTemp
LLLGLLTALLTTLLTTLLILI	LLLGLLTALLTTLLTYLLILI	-22.8453	-31.1981	0.917682	0.141213	999.684
LLLGLLTALLTTLLTYLLILI	LLLGLLTGLLTTLLTYLLILI	-31.1852	-30.3285	0.154044	0.872342	999.328
LLLGLLTGLLTTLLTYLLILI	LLLGLLTGLLFTLLTYLLILI	-30.0541	-28.7676	1.14683	0.0921195	998.928
LLLGLLTGLLFTLLTYLLILI	LLLGLLIGLLFTLLTYLLILI	-28.0772	-24.4013	0.782479	0.183612	998.476
LLLGLLIGLLFTLLTYLLILI	LLLGLLTGLLFTLLTYLLILI	-24.4013	-28.0772	0.183612	0.782479	997.967
LLLGLLTGLLFTLLTYLLILI	LLLGLLTALLFTLLTYLLILI	-27.9874	-28.2673	0.872342	0.154044	997.394
LLLGLLTALLFTLLTYLLILI	LLLGLLTGLLFTLLTYLLILI	-28.2673	-27.9874	0.154044	0.872342	996.749
LLLGLLTGLLFTLLTYLLILI	LLLGLLIGLLFTLLTYLLILI	-28.0772	-24.4013	0.782479	0.183612	996.023
LLLGLLIGLLFTLLTYLLILI	LLLGLLIGLLFTLLTTLLILI	-24.3654	-24.1324	0.219549	0.693609	995.205
LLLGLLIGLLFTLLTTLLILI	LLLGLLIGLLTTLLTTLLILI	-24.7339	-26.2193	0.0921195	1.14683	994.285
LLLGLLIGLLTTLLTTLLILI	LLLGLLIALLTTLLTTLLILI	-26.4938	-27.4908	0.872342	0.154044	993.249
LLLGLLIALLTTLLTTLLILI	LLLGLLIALLTTLLTYLLILI	-26.8287	-27.2318	0.816184	0.171816	992.084
LLLGLLIALLTTLLTYLLILI	LLLGLLTALLTTLLTYLLILI	-27.2609	-30.4273	0.142768	0.911943	990.773
LLLGLLTALLTTLLTYLLILI	LLLGLLTALLTTLLTTLLILI	-31.1981	-30.6626	0.141213	0.917682	989.3
LLLGLLTALLTTLLTTLLILI	LLLGLLVALLTTLLTTLLILI	-30.1857	-27.8345	1.39457	0.0589809	987.644
LLLGLLVALLTTLLTTLLILI	LLLGLLVALLFTLLTTLLILI	-26.7466	-25.1519	1.14683	0.0921195	985.783
LLLGLLVALLFTLLTTLLILI	LLLGLLTALLFTLLTTLLILI	-25.1712	-27.3596	0.0728516	1.27634	983.694
LLLGLLTALLFTLLTTLLILI	LLLGLLTGLLFTLLTTLLILI	-28.4819	-28.2299	0.154044	0.872342	981.348
LLLGLLTGLLFTLLTTLLILI	LLLGLLTGLLTTLLTTLLILI	-29.0274	-30.1816	0.0748068	1.26162	978.717
LLLGLLTGLLTTLLTTLLILI	LLLGLLWGLLTTLLTTLLILI	-30.7694	-27.6824	0.673827	0.22865	975.768
LLLGLLWGLLTTLLTTLLILI	LLLGLLWALLTTLLTTLLILI	-27.0387	-28.2806	0.872342	0.154044	972.463
LLLGLLWALLTTLLTTLLILI	LLLGLLWALLTTLLTYLLILI	-27.6184	-27.1172	0.816184	0.171816	968.764
LLLGLLWALLTTLLTYLLILI	LLLGLLWALLTTLLSYLLILI	-26.423	-21.1598	0.865998	0.155943	964.627
LLLGLLWALLTTLLSYLLILI	LLLGLLTALLTTLLSYLLILI	-20.9725	-23.9716	0.343253	0.48602	960.005
LLLGLLTALLTTLLSYLLILI	LLLGLLTALLTTLLSTLLILI	-24.2858	-24.0002	0.171816	0.816184	954.846
LLLGLLTALLTTLLSTLLILI	LLLGLLTALLTVLLSTLLILI	-23.54	-22.3949	1.27634	0.0728516	949.095
LLLGLLTALLTVLLSTLLILI	LLLGLLTALLTTLLSTLLILI	-22.3949	-23.54	0.0728516	1.27634	942.693
LLLGLLTALLTTLLSTLLILI	LLLGLLTALLTVLLSTLLILI	-23.54	-22.3949	1.27634	0.0728516	935.578
LLLGLLTALLTVLLSTLLILI	LLLGLLTGLLTVLLSTLLILI	-22.3137	-21.4855	0.154044	0.872342	927.683
LLLGLLTGLLTVLLSTLLILI	LLLGLLTALLTVLLSTLLILI	-21.4855	-22.3137	0.872342	0.154044	918.939
LLLGLLTALLTVLLSTLLILI	LLLGLLTGLLTVLLSTLLILI	-22.3137	-21.4855	0.154044	0.872342	909.276
LLLGLLTGLLTVLLSTLLILI	LLLGLLWGLLTVLLSTLLILI	-21.8719	-18.4784	0.48602	0.343253	898.621
LLLGLLWGLLTVLLSTLLILI	LLLGLLWGLLTTLLSTLLILI	-18.7264	-20.0257	0.0952708	1.12845	886.903
LLLGLLWGLLTTLLSTLLILI	LLLGLLWGLLTTLLSYLLILI	-20.4605	-20.5746	0.693609	0.219549	874.051
LLLGLLWGLLTTLLSYLLILI	LLLGLLWGLLTTLLSTLLILI	-20.5746	-20.4605	0.219549	0.693609	859.999
LLLGLLWGLLTTLLSTLLILI	LLLGLLWALLTTLLSTLLILI	-20.2818	-21.5202	0.872342	0.154044	844.686
LLLGLLWALLTTLLSTLLILI	LLLGLLWALLTTLLSYLLILI	-20.9806	-19.6831	0.693609	0.219549	828.061
LLLGLLWALLTTLLSYLLILI	LLLGLLWALLTTLLSTLLILI	-19.6831	-19.826	0.219549	0.693609	810.083
LLLGLLWALLTTLLSTLLILI	LLLGLLWALLTVLLSTLLILI	-19.3912	-19.2224	1.12845	0.0952708	790.724
LLLGLLWALLTVLLSTLLILI	LLLGLLWALLTVLLTTLLILI	-19.1617	-20.4182	0.155943	0.865998	769.974
LLLGLLWALLTVLLTTLLILI	LLLGLLWALLTVLLVTLLILI	-20.484	-19.965	0.800152	0.177314	747.845
LLLGLLWALLTVLLVTLLILI	LLLGLLTALLTVLLVTLLILI	-19.799	-22.814	0.343253	0.48602	724.369
LLLGLLTALLTVLLVTLLILI	LLLGLLTALLTVLLTTLLILI	-23.1624	-23.5077	0.137712	0.930859	699.602
LLLGLLTALLTVLLTTLLILI	LLLGLLTALLTVLLVTLLILI	-23.5077	-23.1624	0.930859	0.137712	673.628
LLLGLLTALLTVLLVTLLILI	LLLGLLTALLTVLLTTLLILI	-23.1624	-23.5077	0.137712	0.930859	646.557
LLLGLLTALLTVLLTTLLILI	LLLGLLTGLLTVLLTTLLILI	-24.2845	-23.4552	0.154044	0.872342	618.524
LLLGLLTGLLTVLLTTLLILI	LLLGLLTGLLYVLLTTLLILI	-23.5114	-22.3564	0.816184	0.171816	589.688
LLLGLLTGLLYVLLTTLLILI	LLLGLLTGLLTVLLTTLLILI	-22.3564	-23.5114	0.171816	0.816184	560.23
LLLGLLTGLLTVLLTTLLILI	LLLGLLTALLTVLLTTLLILI	-23.4552	-24.2845	0.872342	0.154044	530.348
LLLGLLTALLTVLLTTLLILI	LLLGLLTALLTTLLTTLLILI	-24.3796	-30.1857	0.0589809	1.39457	500.25
LLLGLLTALLTTLLTTLLILI	LLLGLLTALLTTLLVTLLILI	-30.1857	-28.7113	1.39457	0.0589809	470.152
LLLGLLTALLTTLLVTLLILI	LLLGLLTALLTTLLTTLLILI	-28.7113	-30.1857	0.0589809	1.39457	410.812
LLLGLLTALLTTLLTTLLILI	LLLGLLTGLLTTLLTTLLILI	-31.4262	-30.5709	0.154044	0.872342	381.976
LLLGLLTGLLTTLLTTLLILI	LLLGLLTGLLTTLLTYLLILI	-30.5256	-31.0597	0.917682	0.141213	353.943
LLLGLLTGLLTTLLTYLLILI	LLLGLLTALLTTLLTYLLILI	-30.3285	-31.1852	0.872342	0.154044	326.872
LLLGLLTALLTTLLTYLLILI	LLLGLLTGLLTTLLTYLLILI	-31.1852	-30.3285	0.154044	0.872342	300.898
LLLGLLTGLLTTLLTYLLILI	LLLGLLTALLTTLLTYLLILI	-30.3285	-31.1852	0.872342	0.154044	276.131
LLLGLLTALLTTLLTYLLILI	LLLGLLTALLTTLLTTLLILI	-31.1981	-30.6626	0.141213	0.917682	252.655
LLLGLLTALLTTLLTTLLILI	LLLGLLTALLTTLLTYLLILI	-30.6626	-31.1981	0.917682	0.141213	230.526
LLLGLLTALLTTLLTYLLILI	LLLGLLTALLTTLLTTLLILI	-31.1981	-30.6626	0.141213	0.917682	209.776
LLLGLLTALLTTLLTTLLILI	LLLGLLTALLTTLLTYLLILI	-30.6626	-31.1981	0.917682	0.141213	190.417
Time: 134s
