***STARTING GEOMETRY:***
xShift: 8.68862
crossingAngle: 20.969
axialRotation: 75.2342
zShift: 2.06668

Number of MCCycles: 100
PrevSequence	CurrSequence	PrevEnergy	CurrEnergy	PrevEntropy	CurrEntropy	CurrentTemp
LLLYVLLGLLWWLTGLLLILI	LLLFVLLGLLWWLTGLLLILI	54.1049	55.3301	0.650378	0.240035	999.328
LLLFVLLGLLWWLTGLLLILI	LLLFVLLGLLYWLTGLLLILI	55.9805	56.2178	0.890414	0.148778	997.967
LLLFVLLGLLYWLTGLLLILI	LLLFWLLGLLYWLTGLLLILI	56.1314	55.735	0.0623734	1.36313	997.394
LLLFWLLGLLYWLTGLLLILI	LLLFWLLGLLTWLTGLLLILI	54.6767	55.0746	0.30482	0.538845	996.749
LLLFWLLGLLTWLTGLLLILI	LLLFVLLGLLTWLTGLLLILI	55.8989	55.0826	1.36313	0.0623734	996.023
LLLFVLLGLLTWLTGLLLILI	LLLYVLLGLLTWLTGLLLILI	55.2602	53.0078	0.240035	0.650378	995.205
LLLYVLLGLLTWLTGLLLILI	LLLYWLLGLLTWLTGLLLILI	52.4198	53.6461	0.0623734	1.36313	994.285
LLLYWLLGLLTWLTGLLLILI	LLLYVLLGLLTWLTGLLLILI	53.6461	52.4198	1.36313	0.0623734	993.249
LLLYVLLGLLTWLTGLLLILI	LLLYVLLGLLWWLTGLLLILI	52.5668	52.922	0.209355	0.716965	992.084
LLLYVLLGLLWWLTGLLLILI	LLLYVLLGLLTWLTGLLLILI	52.922	52.5668	0.716965	0.209355	989.3
LLLYVLLGLLTWLTGLLLILI	LLLYWLLGLLTWLTGLLLILI	52.4198	53.6461	0.0623734	1.36313	985.783
LLLYWLLGLLTWLTGLLLILI	LLLLWLLGLLTWLTGLLLILI	52.8099	54.7426	0.526939	0.312976	983.694
LLLLWLLGLLTWLTGLLLILI	LLLLVLLGLLTWLTGLLLILI	55.7927	57.3451	1.36313	0.0623734	981.348
LLLLVLLGLLTWLTGLLLILI	LLLLVLLGLLWWLTGLLLILI	57.492	56.028	0.209355	0.716965	978.717
LLLLVLLGLLWWLTGLLLILI	LLLLVLLGLLTWLTGLLLILI	56.028	57.492	0.716965	0.209355	975.768
LLLLVLLGLLTWLTGLLLILI	LLLLVLLGLLTFLTGLLLILI	58.1731	58.2019	0.890414	0.148778	972.463
LLLLVLLGLLTFLTGLLLILI	LLLLWLLGLLTFLTGLLLILI	58.172	59.2563	0.118797	1.00921	968.764
LLLLWLLGLLTFLTGLLLILI	LLLLWLLGLLTWLTGLLLILI	58.3262	57.2319	0.0790506	1.23103	964.627
LLLLWLLGLLTWLTGLLLILI	LLLLWLLGLLTYLTGLLLILI	56.8913	57.3193	0.890414	0.148778	960.005
LLLLWLLGLLTYLTGLLLILI	LLLLWLLGLLTYLVGLLLILI	58.1014	60.539	0.930859	0.137712	954.846
LLLLWLLGLLTYLVGLLLILI	LLLLWLLGLLTYLTGLLLILI	60.539	58.1014	0.137712	0.930859	949.095
LLLLWLLGLLTYLTGLLLILI	LLLLWLLGLLWYLTGLLLILI	57.3799	56.5866	0.209355	0.716965	942.693
LLLLWLLGLLWYLTGLLLILI	LLLLWLLGLLWFLTGLLLILI	56.52	55.2614	0.650378	0.240035	935.578
LLLLWLLGLLWFLTGLLLILI	LLLLFLLGLLWFLTGLLLILI	55.9118	58.6235	0.890414	0.148778	927.683
LLLLFLLGLLWFLTGLLLILI	LLLLWLLGLLWFLTGLLLILI	58.6235	58.2556	0.148778	0.890414	918.939
LLLLWLLGLLWFLTGLLLILI	LLLLWLLGLLYFLTGLLLILI	58.2556	56.7036	0.890414	0.148778	909.276
LLLLWLLGLLYFLTGLLLILI	LLLYWLLGLLYFLTGLLLILI	56.7318	55.2268	0.176934	0.801241	898.621
LLLYWLLGLLYFLTGLLLILI	LLLYVLLGLLYFLTGLLLILI	55.4347	55.9039	1.00921	0.118797	886.903
LLLYVLLGLLYFLTGLLLILI	LLLYVLLGLLWFLTGLLLILI	56.2363	56.5663	0.451187	0.372136	874.051
LLLYVLLGLLWFLTGLLLILI	LLLFVLLGLLWFLTGLLLILI	56.6045	57.8857	0.410343	0.410343	859.999
LLLFVLLGLLWFLTGLLLILI	LLLYVLLGLLWFLTGLLLILI	57.8857	54.9958	0.410343	0.410343	844.686
LLLYVLLGLLWFLTGLLLILI	LLLYVLLGLLTFLTGLLLILI	55.0465	55.0456	0.460972	0.363705	828.061
LLLYVLLGLLTFLTGLLLILI	LLLYVLLGLLWFLTGLLLILI	55.0456	55.0465	0.363705	0.460972	810.083
LLLYVLLGLLWFLTGLLLILI	LLLYVLLGLLWWLTGLLLILI	54.6645	53.436	0.0790506	1.23103	790.724
LLLYVLLGLLWWLTGLLLILI	LLLLVLLGLLWWLTGLLLILI	52.7319	55.624	0.526939	0.312976	747.845
LLLLVLLGLLWWLTGLLLILI	LLLLWLLGLLWWLTGLLLILI	55.3533	54.2557	0.0423037	1.5831	724.369
LLLLWLLGLLWWLTGLLLILI	LLLLWLLGLLYWLTGLLLILI	53.7575	54.3635	1.08489	0.103217	699.602
LLLLWLLGLLYWLTGLLLILI	LLLYWLLGLLYWLTGLLLILI	54.4372	54.5205	0.176934	0.801241	673.628
LLLYWLLGLLYWLTGLLLILI	LLLFWLLGLLYWLTGLLLILI	54.672	54.504	0.952787	0.132101	646.557
LLLFWLLGLLYWLTGLLLILI	LLLFWLLGLLWWLTGLLLILI	54.4751	55.1003	0.103217	1.08489	618.524
LLLFWLLGLLWWLTGLLLILI	LLLFWLLGLLYWLTGLLLILI	55.1003	54.4751	1.08489	0.103217	589.688
LLLFWLLGLLYWLTGLLLILI	LLLYWLLGLLYWLTGLLLILI	54.504	53.1011	0.132101	0.952787	560.23
LLLYWLLGLLYWLTGLLLILI	LLLYWLLGLLWWLTGLLLILI	52.3394	52.3812	0.191082	0.76241	530.348
LLLYWLLGLLWWLTGLLLILI	LLLYVLLGLLWWLTGLLLILI	53.2019	52.2473	1.5831	0.0423037	500.25
LLLYVLLGLLWWLTGLLLILI	LLLYVLLGLLTWLTGLLLILI	52.922	52.5668	0.716965	0.209355	470.152
LLLYVLLGLLTWLTGLLLILI	LLLYVLLGLLWWLTGLLLILI	52.5668	52.922	0.209355	0.716965	410.812
LLLYVLLGLLWWLTGLLLILI	LLLYVLLGLLTWLTGLLLILI	52.922	52.5668	0.716965	0.209355	381.976
LLLYVLLGLLTWLTGLLLILI	LLLYWLLGLLTWLTGLLLILI	52.4198	53.6461	0.0623734	1.36313	353.943
LLLYWLLGLLTWLTGLLLILI	LLLYWLLGLLYWLTGLLLILI	52.6117	52.6533	0.328724	0.505042	326.872
LLLYWLLGLLYWLTGLLLILI	LLLYWLLGLLTWLTGLLLILI	52.6533	52.6117	0.505042	0.328724	300.898
LLLYWLLGLLTWLTGLLLILI	LLLYWLLGLLYWLTGLLLILI	52.6117	52.6533	0.328724	0.505042	276.131
LLLYWLLGLLYWLTGLLLILI	LLLYVLLGLLYWLTGLLLILI	53.5114	53.4368	1.36313	0.0623734	252.655
LLLYVLLGLLYWLTGLLLILI	LLLYVLLGLLTWLTGLLLILI	53.8794	52.6862	0.505042	0.328724	230.526
LLLYVLLGLLTWLTGLLLILI	LLLYVLLGLLTFLTGLLLILI	53.2479	54.8307	0.890414	0.148778	190.417
LLLYVLLGLLTFLTGLLLILI	LLLYVLLGLLTWLTGLLLILI	54.8307	54.8274	0.148778	0.890414	172.439
LLLYVLLGLLTWLTGLLLILI	LLLYVLLGLLWWLTGLLLILI	54.1463	53.6906	0.209355	0.716965	155.814
LLLYVLLGLLWWLTGLLLILI	LLLYVLLGLLTWLTGLLLILI	53.6906	52.5668	0.716965	0.209355	140.501
Time: 74s
