***STARTING GEOMETRY:***
xShift: 8.72803
crossingAngle: 20.9675
axialRotation: 75.9526
zShift: 1.9774

Number of MCCycles: 100
PrevSequence	CurrSequence	PrevEnergy	CurrEnergy	PrevEntropy	CurrEntropy	CurrentTemp
LLLYVLLGLLWWLTGLLLILI	LLLFVLLGLLWWLTGLLLILI	45.5591	46.8249	0.650378	0.240035	999.684
LLLFVLLGLLWWLTGLLLILI	LLLFVLLGLLTWLTGLLLILI	47.3018	46.6889	0.716965	0.209355	999.328
LLLFVLLGLLTWLTGLLLILI	LLLFVLLGLLYWLTGLLLILI	47.0184	47.8623	0.538845	0.30482	998.928
LLLFVLLGLLYWLTGLLLILI	LLLFVLLGLLYYLTGLLLILI	47.9296	50.8584	0.372136	0.451187	998.476
LLLFVLLGLLYYLTGLLLILI	LLLFVLLGLLYWLTGLLLILI	50.8584	47.9296	0.451187	0.372136	997.967
LLLFVLLGLLYWLTGLLLILI	LLLFWLLGLLYWLTGLLLILI	47.6199	48.8011	0.0623734	1.36313	997.394
LLLFWLLGLLYWLTGLLLILI	LLLFWLLGLLWWLTGLLLILI	47.5411	47.3577	0.103217	1.08489	996.749
LLLFWLLGLLWWLTGLLLILI	LLLFWLLGLLYWLTGLLLILI	47.3577	47.5411	1.08489	0.103217	996.023
LLLFWLLGLLYWLTGLLLILI	LLLFVLLGLLYWLTGLLLILI	48.8011	47.6199	1.36313	0.0623734	995.205
LLLFVLLGLLYWLTGLLLILI	LLLFVLLGLLTWLTGLLLILI	47.8623	47.0184	0.30482	0.538845	994.285
LLLFVLLGLLTWLTGLLLILI	LLLYVLLGLLTWLTGLLLILI	46.7195	44.3298	0.240035	0.650378	993.249
LLLYVLLGLLTWLTGLLLILI	LLLYVLLGLLWWLTGLLLILI	43.8887	44.2793	0.209355	0.716965	992.084
LLLYVLLGLLWWLTGLLLILI	LLLFVLLGLLWWLTGLLLILI	44.2127	47.6633	0.650378	0.240035	990.773
LLLFVLLGLLWWLTGLLLILI	LLLFVLLGLLWYLTGLLLILI	48.3136	49.3272	0.890414	0.148778	989.3
LLLFVLLGLLWYLTGLLLILI	LLLYVLLGLLWYLTGLLLILI	49.3105	47.9782	0.132101	0.952787	987.644
LLLYVLLGLLWYLTGLLLILI	LLLWVLLGLLWYLTGLLLILI	47.293	49.557	0.267575	0.598868	985.783
LLLWVLLGLLWYLTGLLLILI	LLLWVLLGLLWWLTGLLLILI	49.0613	48.1029	0.103217	1.08489	983.694
LLLWVLLGLLWWLTGLLLILI	LLLWVLLGLLTWLTGLLLILI	47.9131	49.07	0.895094	0.147448	981.348
LLLWVLLGLLTWLTGLLLILI	LLLWYLLGLLTWLTGLLLILI	49.1171	48.882	0.194474	0.753596	978.717
LLLWYLLGLLTWLTGLLLILI	LLLWYLLGLLTFLTGLLLILI	49.3595	50.6789	1.23103	0.0790506	975.768
LLLWYLLGLLTFLTGLLLILI	LLLWYLLGLLTWLTGLLLILI	50.6789	49.214	0.0790506	1.23103	972.463
LLLWYLLGLLTWLTGLLLILI	LLLWYLLGLLWWLTGLLLILI	48.1304	48.1075	0.147448	0.895094	968.764
LLLWYLLGLLWWLTGLLLILI	LLLYYLLGLLWWLTGLLLILI	47.9748	46.6423	0.76241	0.191082	964.627
LLLYYLLGLLWWLTGLLLILI	LLLWYLLGLLWWLTGLLLILI	46.6423	46.35	0.191082	0.76241	960.005
LLLWYLLGLLWWLTGLLLILI	LLLYYLLGLLWWLTGLLLILI	46.35	44.6592	0.76241	0.191082	954.846
LLLYYLLGLLWWLTGLLLILI	LLLYYLLGLLWFLTGLLLILI	45.6992	46.884	1.23103	0.0790506	949.095
LLLYYLLGLLWFLTGLLLILI	LLLYWLLGLLWFLTGLLLILI	47.0725	46.0089	0.267575	0.598868	942.693
LLLYWLLGLLWFLTGLLLILI	LLLYFLLGLLWFLTGLLLILI	46.3004	47.1289	0.890414	0.148778	935.578
LLLYFLLGLLWFLTGLLLILI	LLLYFLLGLLWWLTGLLLILI	47.1289	45.7385	0.148778	0.890414	918.939
LLLYFLLGLLWWLTGLLLILI	LLLYVLLGLLWWLTGLLLILI	45.3375	45.5278	0.489394	0.340616	898.621
LLLYVLLGLLWWLTGLLLILI	LLLLVLLGLLWWLTGLLLILI	45.7141	47.1247	0.526939	0.312976	886.903
LLLLVLLGLLWWLTGLLLILI	LLLYVLLGLLWWLTGLLLILI	47.1247	44.8671	0.312976	0.526939	874.051
LLLYVLLGLLWWLTGLLLILI	LLLYVLLGLLTWLTGLLLILI	45.0572	43.8887	0.716965	0.209355	859.999
LLLYVLLGLLTWLTGLLLILI	LLLYVLLGLLTFLTGLLLILI	44.5698	46.231	0.890414	0.148778	790.724
LLLYVLLGLLTFLTGLLLILI	LLLYVLLGLLTWLTGLLLILI	46.231	44.5698	0.148778	0.890414	769.974
LLLYVLLGLLTWLTGLLLILI	LLLYVLLGLLFWLTGLLLILI	44.4956	46.1858	0.816184	0.171816	747.845
LLLYVLLGLLFWLTGLLLILI	LLLYVLLGLLTWLTGLLLILI	46.1858	44.4956	0.171816	0.816184	724.369
LLLYVLLGLLTWLTGLLLILI	LLLYVLLGLLYWLTGLLLILI	44.0081	45.2305	0.328724	0.505042	699.602
LLLYVLLGLLYWLTGLLLILI	LLLFVLLGLLYWLTGLLLILI	45.6783	47.6896	0.952787	0.132101	673.628
LLLFVLLGLLYWLTGLLLILI	LLLFWLLGLLYWLTGLLLILI	47.6199	47.1758	0.0623734	1.36313	646.557
LLLFWLLGLLYWLTGLLLILI	LLLFWLLGLLTWLTGLLLILI	46.1175	46.4799	0.30482	0.538845	589.688
LLLFWLLGLLTWLTGLLLILI	LLLFWLLGLLYWLTGLLLILI	46.4799	46.1175	0.538845	0.30482	560.23
LLLFWLLGLLYWLTGLLLILI	LLLYWLLGLLYWLTGLLLILI	45.9448	44.4146	0.132101	0.952787	530.348
LLLYWLLGLLYWLTGLLLILI	LLLYVLLGLLYWLTGLLLILI	44.825	44.7879	1.36313	0.0623734	470.152
LLLYVLLGLLYWLTGLLLILI	LLLYWLLGLLYWLTGLLLILI	44.7879	44.825	0.0623734	1.36313	440.27
LLLYWLLGLLYWLTGLLLILI	LLLYVLLGLLYWLTGLLLILI	44.825	44.7879	1.36313	0.0623734	381.976
LLLYVLLGLLYWLTGLLLILI	LLLYVLLGLLTWLTGLLLILI	45.2305	44.0081	0.505042	0.328724	353.943
LLLYVLLGLLTWLTGLLLILI	LLLYVLLGLLWWLTGLLLILI	43.8887	45.0567	0.209355	0.716965	276.131
LLLYVLLGLLWWLTGLLLILI	LLLYVLLGLLTWLTGLLLILI	45.0567	43.8887	0.716965	0.209355	230.526
LLLYVLLGLLTWLTGLLLILI	LLLYVLLGLLWWLTGLLLILI	43.8887	44.2793	0.209355	0.716965	209.776
LLLYVLLGLLWWLTGLLLILI	LLLYVLLGLLTWLTGLLLILI	44.2793	43.8887	0.716965	0.209355	190.417
LLLYVLLGLLTWLTGLLLILI	LLLYVLLGLLWWLTGLLLILI	43.8887	44.2793	0.209355	0.716965	126.449
LLLYVLLGLLWWLTGLLLILI	LLLYVLLGLLTWLTGLLLILI	44.2793	43.8887	0.716965	0.209355	113.597
Time: 94s
