***STARTING GEOMETRY:***
xShift: 8.26893
crossingAngle: 20.1387
axialRotation: 99.7119
zShift: 2.27262

Number of MCCycles: 100
PrevSequence	CurrSequence	PrevEnergy	CurrEnergy	PrevEntropy	CurrEntropy	CurrentTemp
LLLWGLLTLLTSLTALLLILI	LLLWGLLTLLTSLVALLLILI	21.4937	23.3562	1.12845	0.0952708	999.328
LLLWGLLTLLTSLVALLLILI	LLLWGLLTLLSSLVALLLILI	23.7018	30.0295	0.440933	0.381257	998.928
LLLWGLLTLLSSLVALLLILI	LLLWGLLYLLSSLVALLLILI	29.977	30.0282	0.328724	0.505042	998.476
LLLWGLLYLLSSLVALLLILI	LLLWGLLYLLSSLVTLLLILI	29.7478	31.0225	0.224658	0.682386	997.967
LLLWGLLYLLSSLVTLLLILI	LLLWGLLYLLSSLTTLLLILI	30.4778	28.0765	0.137712	0.930859	997.394
LLLWGLLYLLSSLTTLLLILI	LLLYGLLYLLSSLTTLLLILI	27.5177	24.8034	0.372136	0.451187	996.749
LLLYGLLYLLSSLTTLLLILI	LLLYGLLYLLSSLTALLLILI	25.3432	24.865	0.990994	0.122923	996.023
LLLYGLLYLLSSLTALLLILI	LLLYGLLYLLTSLTALLLILI	25.1233	18.64	0.381257	0.440933	995.205
LLLYGLLYLLTSLTALLLILI	LLLYGLLYLLSSLTALLLILI	18.64	25.1233	0.440933	0.381257	994.285
LLLYGLLYLLSSLTALLLILI	LLLYGLLYLLTSLTALLLILI	25.1233	18.64	0.381257	0.440933	993.249
LLLYGLLYLLTSLTALLLILI	LLLFGLLYLLTSLTALLLILI	19.1518	20.8026	0.952787	0.132101	992.084
LLLFGLLYLLTSLTALLLILI	LLLFGLLFLLTSLTALLLILI	21.0808	23.3413	0.410343	0.410343	989.3
LLLFGLLFLLTSLTALLLILI	LLLYGLLFLLTSLTALLLILI	23.3413	20.972	0.410343	0.410343	987.644
LLLYGLLFLLTSLTALLLILI	LLLYGLLYLLTSLTALLLILI	20.6938	19.1518	0.132101	0.952787	985.783
LLLYGLLYLLTSLTALLLILI	LLLYGLLFLLTSLTALLLILI	19.1518	20.7097	0.952787	0.132101	983.694
LLLYGLLFLLTSLTALLLILI	LLLYGLLFLLTSLTTLLLILI	20.6623	21.5497	0.0847157	1.19282	981.348
LLLYGLLFLLTSLTTLLLILI	LLLYGLLYLLTSLTTLLLILI	20.4889	18.8348	0.132101	0.952787	978.717
LLLYGLLYLLTSLTTLLLILI	LLLYGLLYLLTSLTALLLILI	19.0748	18.1646	1.19282	0.0847157	975.768
LLLYGLLYLLTSLTALLLILI	LLLYGLLFLLTSLTALLLILI	19.0326	20.7097	0.952787	0.132101	972.463
LLLYGLLFLLTSLTALLLILI	LLLYGLLFLLTALTALLLILI	20.9819	26.7212	0.404229	0.416521	968.764
LLLYGLLFLLTALTALLLILI	LLLYGLLFLLTSLTALLLILI	26.7212	20.9676	0.416521	0.404229	964.627
LLLYGLLFLLTSLTALLLILI	LLLFGLLFLLTSLTALLLILI	20.9737	23.2519	0.410343	0.410343	960.005
LLLFGLLFLLTSLTALLLILI	LLLFGLLYLLTSLTALLLILI	23.2519	21.0808	0.410343	0.410343	949.095
LLLFGLLYLLTSLTALLLILI	LLLYGLLYLLTSLTALLLILI	20.8026	19.0326	0.132101	0.952787	942.693
LLLYGLLYLLTSLTALLLILI	LLLYGLLYLLTSLTYLLLILI	18.1439	18.8702	0.0640271	1.34845	935.578
LLLYGLLYLLTSLTYLLLILI	LLLYGLLYLLTGLTYLLLILI	17.7933	15.6112	0.271616	0.591862	927.683
LLLYGLLYLLTGLTYLLLILI	LLLYGLLFLLTGLTYLLLILI	16.1713	17.3761	1.15198	0.0912572	918.939
LLLYGLLFLLTGLTYLLLILI	LLLYGLLFLLTGLTFLLLILI	17.9352	18.582	0.650378	0.240035	909.276
LLLYGLLFLLTGLTFLLLILI	LLLYGLLFLLTALTFLLLILI	19.2143	18.1324	0.872342	0.154044	898.621
LLLYGLLFLLTALTFLLLILI	LLLYGLLFLLYALTFLLLILI	18.307	21.7923	0.328724	0.505042	886.903
LLLYGLLFLLYALTFLLLILI	LLLYGLLFLLYALTYLLLILI	21.4576	23.1685	0.170308	0.820686	874.051
LLLYGLLFLLYALTYLLLILI	LLLYGLLFLLYALTFLLLILI	23.1685	21.8133	0.820686	0.170308	859.999
LLLYGLLFLLYALTFLLLILI	LLLYGLLFLLTALTFLLLILI	22.1481	18.8041	0.505042	0.328724	844.686
LLLYGLLFLLTALTFLLLILI	LLLYGLLFLLTGLTFLLLILI	18.6295	19.0319	0.154044	0.872342	828.061
LLLYGLLFLLTGLTFLLLILI	LLLYGLLFLLTGLTYLLLILI	18.3996	18.2833	0.240035	0.650378	810.083
LLLYGLLFLLTGLTYLLLILI	LLLYGLLYLLTGLTYLLLILI	17.7242	16.094	0.0912572	1.15198	790.724
LLLYGLLYLLTGLTYLLLILI	LLLYGLLYLLTGLTFLLLILI	16.094	15.6006	1.15198	0.0912572	769.974
LLLYGLLYLLTGLTFLLLILI	LLLYGLLYLLTALTFLLLILI	16.3817	15.4114	0.872342	0.154044	747.845
LLLYGLLYLLTALTFLLLILI	LLLYGLLYLLTALVFLLLILI	16.1882	18.9462	0.930859	0.137712	724.369
LLLYGLLYLLTALVFLLLILI	LLLYGLLYLLTGLVFLLLILI	18.9625	21.2391	0.154044	0.872342	699.602
LLLYGLLYLLTGLVFLLLILI	LLLYGLLYLLTGLTFLLLILI	20.5044	16.7742	0.137712	0.930859	673.628
LLLYGLLYLLTGLTFLLLILI	LLLYGLLYLLTGLTYLLLILI	15.9346	15.6572	0.0912572	1.15198	646.557
LLLYGLLYLLTGLTYLLLILI	LLLYGLLYLLTGLTFLLLILI	15.6572	15.4795	1.15198	0.0912572	618.524
LLLYGLLYLLTGLTFLLLILI	LLLYGLLYLLTGLTYLLLILI	15.4795	15.6572	0.0912572	1.15198	589.688
LLLYGLLYLLTGLTYLLLILI	LLLYGLLYLLTALTYLLLILI	15.3776	15.4287	0.872342	0.154044	560.23
LLLYGLLYLLTALTYLLLILI	LLLFGLLYLLTALTYLLLILI	16.4267	17.8637	1.15198	0.0912572	530.348
LLLFGLLYLLTALTYLLLILI	LLLFGLLYLLTALTFLLLILI	18.4229	17.9458	0.650378	0.240035	500.25
LLLFGLLYLLTALTFLLLILI	LLLFGLLYLLTALTYLLLILI	17.9458	18.7691	0.240035	0.650378	470.152
LLLFGLLYLLTALTYLLLILI	LLLYGLLYLLTALTYLLLILI	18.21	16.6798	0.0912572	1.15198	440.27
LLLYGLLYLLTALTYLLLILI	LLLYGLLYLLTALTFLLLILI	16.6798	15.2208	1.15198	0.0912572	410.812
LLLYGLLYLLTALTFLLLILI	LLLYGLLYLLTGLTFLLLILI	15.2836	16.8785	0.154044	0.872342	353.943
LLLYGLLYLLTGLTFLLLILI	LLLYGLLYLLTGLTYLLLILI	16.0974	16.1713	0.0912572	1.15198	326.872
LLLYGLLYLLTGLTYLLLILI	LLLYGLLYLLTGLTFLLLILI	16.1713	15.9346	1.15198	0.0912572	300.898
LLLYGLLYLLTGLTFLLLILI	LLLYGLLYLLTALTFLLLILI	16.7157	15.2836	0.872342	0.154044	276.131
Time: 326s
