MCAccept 0 xShift: 8.13392 crossingAngle: -42.0344 axialRotation: -39.9164 zShift: 5.77101 energy: -19.0198
MCAccept 1 xShift: 8.13392 crossingAngle: -42.0344 axialRotation: -39.9922 zShift: 5.77101 energy: -19.0205
MCAccept 2 xShift: 8.12248 crossingAngle: -42.0344 axialRotation: -39.9922 zShift: 5.77101 energy: -19.0231
MCAccept 3 xShift: 8.12248 crossingAngle: -41.8023 axialRotation: -39.9922 zShift: 5.77101 energy: -19.0205
MCAccept 4 xShift: 8.12004 crossingAngle: -41.8023 axialRotation: -39.9922 zShift: 5.77101 energy: -19.0207
MCReject   xShift: 8.12004 crossingAngle: -41.8023 axialRotation: -39.9922 zShift: 5.76518 energy: -16.9257
MCAccept 5 xShift: 8.12004 crossingAngle: -41.8023 axialRotation: -40.0647 zShift: 5.77101 energy: -19.0198
MCAccept 6 xShift: 8.12933 crossingAngle: -41.8023 axialRotation: -40.0647 zShift: 5.77101 energy: -19.0231
MCAccept 7 xShift: 8.12933 crossingAngle: -41.8023 axialRotation: -40.0322 zShift: 5.77101 energy: -19.0207
MCAccept 8 xShift: 8.12933 crossingAngle: -41.9685 axialRotation: -40.0322 zShift: 5.77101 energy: -19.0198
MCAccept 9 xShift: 8.12933 crossingAngle: -41.9685 axialRotation: -39.8337 zShift: 5.77101 energy: -19.0231
MCAccept 10 xShift: 8.12933 crossingAngle: -41.9685 axialRotation: -39.7361 zShift: 5.77101 energy: -21.0846
MCAccept 11 xShift: 8.12933 crossingAngle: -41.9685 axialRotation: -39.742 zShift: 5.77101 energy: -21.0846
MCReject   xShift: 8.12585 crossingAngle: -41.9685 axialRotation: -39.742 zShift: 5.77101 energy: -19.0198
MCReject   xShift: 8.12933 crossingAngle: -41.9685 axialRotation: -39.6442 zShift: 5.77101 energy: -19.0222
MCAccept 12 xShift: 8.12933 crossingAngle: -42.0537 axialRotation: -39.742 zShift: 5.77101 energy: -21.0846
MCAccept 13 xShift: 8.12933 crossingAngle: -42.1726 axialRotation: -39.742 zShift: 5.77101 energy: -21.0822
MCReject   xShift: 8.12933 crossingAngle: -42.1726 axialRotation: -39.7985 zShift: 5.77101 energy: -19.0198
MCAccept 14 xShift: 8.12333 crossingAngle: -42.1726 axialRotation: -39.742 zShift: 5.77101 energy: -21.0822
MCAccept 15 xShift: 8.12578 crossingAngle: -42.1726 axialRotation: -39.742 zShift: 5.77101 energy: -21.0822
MCReject   xShift: 8.15168 crossingAngle: -42.1726 axialRotation: -39.742 zShift: 5.77101 energy: -19.0186
MCReject   xShift: 8.12578 crossingAngle: -42.1726 axialRotation: -39.5794 zShift: 5.77101 energy: -19.0231
MCAccept 16 xShift: 8.12578 crossingAngle: -42.1726 axialRotation: -39.7297 zShift: 5.77101 energy: -21.0846
MCAccept 17 xShift: 8.12589 crossingAngle: -42.1726 axialRotation: -39.7297 zShift: 5.77101 energy: -21.0846
MCReject   xShift: 8.12589 crossingAngle: -42.122 axialRotation: -39.7297 zShift: 5.77101 energy: -19.0186
MCReject   xShift: 8.12589 crossingAngle: -42.1726 axialRotation: -39.7297 zShift: 5.76797 energy: -19.0033
MCReject   xShift: 8.12589 crossingAngle: -42.1216 axialRotation: -39.7297 zShift: 5.77101 energy: -19.0222
MCAccept 18 xShift: 8.12589 crossingAngle: -42.2013 axialRotation: -39.7297 zShift: 5.77101 energy: -21.0846
MCReject   xShift: 8.12589 crossingAngle: -42.2647 axialRotation: -39.7297 zShift: 5.77101 energy: -19.0231
MCReject   xShift: 8.12589 crossingAngle: -42.2013 axialRotation: -39.7297 zShift: 5.79021 energy: -19.1272
MCReject   xShift: 8.11172 crossingAngle: -42.2013 axialRotation: -39.7297 zShift: 5.77101 energy: -19.0198
MCAccept 19 xShift: 8.12589 crossingAngle: -42.2013 axialRotation: -39.7297 zShift: 5.77468 energy: -21.1013
MCReject   xShift: 8.12589 crossingAngle: -42.2013 axialRotation: -39.7723 zShift: 5.77468 energy: -19.0394
MCReject   xShift: 8.14139 crossingAngle: -42.2013 axialRotation: -39.7297 zShift: 5.77468 energy: -19.0403
MCReject   xShift: 8.11976 crossingAngle: -42.2013 axialRotation: -39.7297 zShift: 5.77468 energy: -19.0401
MCReject   xShift: 8.12589 crossingAngle: -42.2013 axialRotation: -39.7297 zShift: 5.7626 energy: -18.9742
MCReject   xShift: 8.1246 crossingAngle: -42.2013 axialRotation: -39.7297 zShift: 5.77468 energy: -19.0401
MCAccept 20 xShift: 8.12255 crossingAngle: -42.2013 axialRotation: -39.7297 zShift: 5.77468 energy: -21.1037
MCAccept 21 xShift: 8.12255 crossingAngle: -42.2013 axialRotation: -39.7297 zShift: 5.77188 energy: -21.0867
MCReject   xShift: 8.12255 crossingAngle: -42.2013 axialRotation: -39.6006 zShift: 5.77188 energy: -19.0277
MCReject   xShift: 8.12255 crossingAngle: -42.2013 axialRotation: -39.7297 zShift: 5.76435 energy: -18.9842
MCReject   xShift: 8.12255 crossingAngle: -42.2094 axialRotation: -39.7297 zShift: 5.77188 energy: -19.0245
MCReject   xShift: 8.12255 crossingAngle: -42.2013 axialRotation: -39.9348 zShift: 5.77188 energy: -19.0277
MCAccept 22 xShift: 8.10449 crossingAngle: -42.2013 axialRotation: -39.7297 zShift: 5.77188 energy: -21.0891
MCAccept 23 xShift: 8.1242 crossingAngle: -42.2013 axialRotation: -39.7297 zShift: 5.77188 energy: -21.0867
MCReject   xShift: 8.1242 crossingAngle: -42.2013 axialRotation: -39.8367 zShift: 5.77188 energy: -19.0244
MCAccept 24 xShift: 8.12283 crossingAngle: -42.2013 axialRotation: -39.7297 zShift: 5.77188 energy: -21.0891
MCAccept 25 xShift: 8.12283 crossingAngle: -42.2013 axialRotation: -39.7048 zShift: 5.77188 energy: -21.0868
MCReject   xShift: 8.12283 crossingAngle: -42.2013 axialRotation: -39.6649 zShift: 5.77188 energy: -19.0254
MCReject   xShift: 8.12283 crossingAngle: -42.2013 axialRotation: -39.7048 zShift: 5.75422 energy: -20.9926
MCReject   xShift: 8.10649 crossingAngle: -42.2013 axialRotation: -39.7048 zShift: 5.77188 energy: -19.0254
MCReject   xShift: 8.12283 crossingAngle: -41.9757 axialRotation: -39.7048 zShift: 5.77188 energy: -19.0254
MCReject   xShift: 8.12283 crossingAngle: -42.2013 axialRotation: -39.7048 zShift: 5.77586 energy: -16.9872
MCReject   xShift: 8.12283 crossingAngle: -42.2013 axialRotation: -39.8855 zShift: 5.77188 energy: -19.0245
MCReject   xShift: 8.12283 crossingAngle: -42.2013 axialRotation: -39.806 zShift: 5.77188 energy: -19.0269
MCReject   xShift: 8.12283 crossingAngle: -42.2013 axialRotation: -39.7048 zShift: 5.7559 energy: -18.9354
MCReject   xShift: 8.12283 crossingAngle: -42.2013 axialRotation: -39.8289 zShift: 5.77188 energy: -19.0245
MCAccept 26 xShift: 8.12283 crossingAngle: -42.1397 axialRotation: -39.7048 zShift: 5.77188 energy: -21.0891
MCAccept 27 xShift: 8.12283 crossingAngle: -42.2798 axialRotation: -39.7048 zShift: 5.77188 energy: -21.0868
MCReject   xShift: 8.12283 crossingAngle: -42.2798 axialRotation: -39.7048 zShift: 5.78131 energy: -19.0743
MCReject   xShift: 8.10133 crossingAngle: -42.2798 axialRotation: -39.7048 zShift: 5.77188 energy: -16.9631
MCReject   xShift: 8.12678 crossingAngle: -42.2798 axialRotation: -39.7048 zShift: 5.77188 energy: -19.0269
MCReject   xShift: 8.12283 crossingAngle: -42.2798 axialRotation: -39.9518 zShift: 5.77188 energy: -19.0254
MCAccept 28 xShift: 8.13751 crossingAngle: -42.2798 axialRotation: -39.7048 zShift: 5.77188 energy: -21.0868
MCReject   xShift: 8.12889 crossingAngle: -42.2798 axialRotation: -39.7048 zShift: 5.77188 energy: -19.0277
MCAccept 29 xShift: 8.13751 crossingAngle: -42.2798 axialRotation: -39.7048 zShift: 5.76506 energy: -21.0504
MCAccept 30 xShift: 8.13751 crossingAngle: -42.3843 axialRotation: -39.7048 zShift: 5.76506 energy: -21.0528
MCReject   xShift: 8.13751 crossingAngle: -42.445 axialRotation: -39.7048 zShift: 5.76506 energy: -18.9871
MCReject   xShift: 8.13943 crossingAngle: -42.3843 axialRotation: -39.7048 zShift: 5.76506 energy: -18.9873
MCAccept 31 xShift: 8.13922 crossingAngle: -42.3843 axialRotation: -39.7048 zShift: 5.76506 energy: -21.0504
MCReject   xShift: 8.13922 crossingAngle: -42.3843 axialRotation: -39.763 zShift: 5.76506 energy: -18.9897
MCAccept 32 xShift: 8.13922 crossingAngle: -42.3843 axialRotation: -39.5573 zShift: 5.76506 energy: -21.0528
MCReject   xShift: 8.12783 crossingAngle: -42.3843 axialRotation: -39.5573 zShift: 5.76506 energy: -18.9905
MCReject   xShift: 8.14207 crossingAngle: -42.3843 axialRotation: -39.5573 zShift: 5.76506 energy: -16.9273
MCReject   xShift: 8.13922 crossingAngle: -42.3843 axialRotation: -39.5573 zShift: 5.74623 energy: -18.8869
MCAccept 33 xShift: 8.13922 crossingAngle: -42.513 axialRotation: -39.5573 zShift: 5.76506 energy: -21.0528
MCReject   xShift: 8.13922 crossingAngle: -42.6189 axialRotation: -39.5573 zShift: 5.76506 energy: -18.9897
MCAccept 34 xShift: 8.13922 crossingAngle: -42.513 axialRotation: -39.5573 zShift: 5.75788 energy: -21.0109
MCAccept 35 xShift: 8.13924 crossingAngle: -42.513 axialRotation: -39.5573 zShift: 5.75788 energy: -21.0133
MCAccept 36 xShift: 8.13924 crossingAngle: -42.5355 axialRotation: -39.5573 zShift: 5.75788 energy: -21.0133
MCReject   xShift: 8.15075 crossingAngle: -42.5355 axialRotation: -39.5573 zShift: 5.75788 energy: -18.95
MCAccept 37 xShift: 8.13924 crossingAngle: -42.5355 axialRotation: -39.4806 zShift: 5.75788 energy: -21.0109
MCReject   xShift: 8.13924 crossingAngle: -42.5355 axialRotation: -39.4081 zShift: 5.75788 energy: -18.9466
MCAccept 38 xShift: 8.14494 crossingAngle: -42.5355 axialRotation: -39.4806 zShift: 5.75788 energy: -21.0133
MCAccept 39 xShift: 8.14494 crossingAngle: -42.4155 axialRotation: -39.4806 zShift: 5.75788 energy: -21.0133
MCAccept 40 xShift: 8.14036 crossingAngle: -42.4155 axialRotation: -39.4806 zShift: 5.75788 energy: -21.0133
MCReject   xShift: 8.14036 crossingAngle: -42.4155 axialRotation: -39.4806 zShift: 5.7726 energy: -19.0263
MCReject   xShift: 8.14036 crossingAngle: -42.4155 axialRotation: -39.4806 zShift: 5.74886 energy: -18.8979
MCReject   xShift: 8.14036 crossingAngle: -42.4155 axialRotation: -39.4806 zShift: 5.74898 energy: -18.9004
MCAccept 41 xShift: 8.14036 crossingAngle: -42.4155 axialRotation: -39.5252 zShift: 5.75788 energy: -21.0133
MCAccept 42 xShift: 8.14036 crossingAngle: -42.3688 axialRotation: -39.5252 zShift: 5.75788 energy: -21.0109
MCReject   xShift: 8.12542 crossingAngle: -42.3688 axialRotation: -39.5252 zShift: 5.75788 energy: -18.9466
MCReject   xShift: 8.14036 crossingAngle: -42.3688 axialRotation: -39.4508 zShift: 5.75788 energy: -18.95
MCReject   xShift: 8.14036 crossingAngle: -42.3688 axialRotation: -39.5252 zShift: 5.76344 energy: -18.9782
MCReject   xShift: 8.14036 crossingAngle: -42.3688 axialRotation: -39.4408 zShift: 5.75788 energy: -18.95
MCReject   xShift: 8.15501 crossingAngle: -42.3688 axialRotation: -39.5252 zShift: 5.75788 energy: -18.9466
MCReject   xShift: 8.14036 crossingAngle: -42.3688 axialRotation: -39.5252 zShift: 5.77954 energy: -19.0682
MCAccept 43 xShift: 8.14036 crossingAngle: -42.3688 axialRotation: -39.5449 zShift: 5.75788 energy: -21.0109
MCReject   xShift: 8.14036 crossingAngle: -42.3688 axialRotation: -39.5449 zShift: 5.73317 energy: -20.8804
MCReject   xShift: 8.14461 crossingAngle: -42.3688 axialRotation: -39.5449 zShift: 5.75788 energy: -18.9455
MCAccept 44 xShift: 8.14036 crossingAngle: -42.3688 axialRotation: -39.5449 zShift: 5.75336 energy: -20.9877
MCAccept 45 xShift: 8.14036 crossingAngle: -42.3688 axialRotation: -39.4595 zShift: 5.75336 energy: -20.9877
MCReject   xShift: 8.14036 crossingAngle: -42.3754 axialRotation: -39.4595 zShift: 5.75336 energy: -18.9202
MCReject   xShift: 8.14046 crossingAngle: -42.3688 axialRotation: -39.4595 zShift: 5.75336 energy: -18.9231
MCAccept 46 xShift: 8.14036 crossingAngle: -42.2799 axialRotation: -39.4595 zShift: 5.75336 energy: -20.9877
MCReject   xShift: 8.14036 crossingAngle: -42.2799 axialRotation: -39.4595 zShift: 5.75082 energy: -18.9121
MCReject   xShift: 8.14036 crossingAngle: -42.2799 axialRotation: -39.4595 zShift: 5.75607 energy: -18.9362
MCAccept 47 xShift: 8.14036 crossingAngle: -42.3092 axialRotation: -39.4595 zShift: 5.75336 energy: -20.9877
MCReject   xShift: 8.14036 crossingAngle: -42.3903 axialRotation: -39.4595 zShift: 5.75336 energy: -16.8635
MCReject   xShift: 8.14036 crossingAngle: -42.3092 axialRotation: -39.6553 zShift: 5.75336 energy: -18.9221
MCAccept 48 xShift: 8.14036 crossingAngle: -42.4521 axialRotation: -39.4595 zShift: 5.75336 energy: -20.9877
MCReject   xShift: 8.15309 crossingAngle: -42.4521 axialRotation: -39.4595 zShift: 5.75336 energy: -18.9223
MCReject   xShift: 8.14036 crossingAngle: -42.4521 axialRotation: -39.4595 zShift: 5.76736 energy: -19.0032
MCReject   xShift: 8.14036 crossingAngle: -42.4521 axialRotation: -39.4179 zShift: 5.75336 energy: -18.9231
MCReject   xShift: 8.14036 crossingAngle: -42.4886 axialRotation: -39.4595 zShift: 5.75336 energy: -18.9221
MCAccept 49 xShift: 8.14036 crossingAngle: -42.4521 axialRotation: -39.4595 zShift: 5.75795 energy: -21.0137
MCAccept 50 xShift: 8.14036 crossingAngle: -42.4521 axialRotation: -39.4769 zShift: 5.75795 energy: -21.0112
MCAccept 51 xShift: 8.1369 crossingAngle: -42.4521 axialRotation: -39.4769 zShift: 5.75795 energy: -21.0112
MCAccept 52 xShift: 8.1369 crossingAngle: -42.4521 axialRotation: -39.4769 zShift: 5.75699 energy: -21.0083
MCReject   xShift: 8.14064 crossingAngle: -42.4521 axialRotation: -39.4769 zShift: 5.75699 energy: -18.9417
MCAccept 53 xShift: 8.1369 crossingAngle: -42.4521 axialRotation: -39.5096 zShift: 5.75699 energy: -21.0083
MCAccept 54 xShift: 8.1369 crossingAngle: -42.4521 axialRotation: -39.5096 zShift: 5.75339 energy: -20.9879
MCReject   xShift: 8.1369 crossingAngle: -42.4521 axialRotation: -39.4801 zShift: 5.75339 energy: -18.9232
MCReject   xShift: 8.1369 crossingAngle: -42.4521 axialRotation: -39.5096 zShift: 5.7583 energy: -18.9501
MCAccept 55 xShift: 8.14445 crossingAngle: -42.4521 axialRotation: -39.5096 zShift: 5.75339 energy: -20.9855
MCReject   xShift: 8.14445 crossingAngle: -42.4158 axialRotation: -39.5096 zShift: 5.75339 energy: -18.9208
MCReject   xShift: 8.14445 crossingAngle: -42.3674 axialRotation: -39.5096 zShift: 5.75339 energy: -18.9203
MCReject   xShift: 8.14445 crossingAngle: -42.4521 axialRotation: -39.5648 zShift: 5.75339 energy: -17.9693
MCReject   xShift: 8.13819 crossingAngle: -42.4521 axialRotation: -39.5096 zShift: 5.75339 energy: -18.9208
MCAccept 56 xShift: 8.14445 crossingAngle: -42.4521 axialRotation: -39.5096 zShift: 5.76214 energy: -21.0369
MCAccept 57 xShift: 8.14445 crossingAngle: -42.4521 axialRotation: -39.5096 zShift: 5.75994 energy: -21.0224
MCReject   xShift: 8.14445 crossingAngle: -42.4521 axialRotation: -39.6652 zShift: 5.75994 energy: -18.9584
MCReject   xShift: 8.14445 crossingAngle: -42.6153 axialRotation: -39.5096 zShift: 5.75994 energy: -16.8978
MCReject   xShift: 8.14445 crossingAngle: -42.5223 axialRotation: -39.5096 zShift: 5.75994 energy: -18.961
MCReject   xShift: 8.14445 crossingAngle: -42.4441 axialRotation: -39.5096 zShift: 5.75994 energy: -18.9592
MCReject   xShift: 8.15061 crossingAngle: -42.4521 axialRotation: -39.5096 zShift: 5.75994 energy: -18.9592
MCReject   xShift: 8.14445 crossingAngle: -42.5908 axialRotation: -39.5096 zShift: 5.75994 energy: -18.961
MCReject   xShift: 8.14445 crossingAngle: -42.4521 axialRotation: -39.5096 zShift: 5.7496 energy: -20.9636
MCReject   xShift: 8.14445 crossingAngle: -42.4521 axialRotation: -39.4286 zShift: 5.75994 energy: -18.9618
MCReject   xShift: 8.12477 crossingAngle: -42.4521 axialRotation: -39.5096 zShift: 5.75994 energy: -18.9618
MCAccept 58 xShift: 8.14445 crossingAngle: -42.4521 axialRotation: -39.4609 zShift: 5.75994 energy: -21.0248
MCReject   xShift: 8.14445 crossingAngle: -42.4521 axialRotation: -39.4609 zShift: 5.76694 energy: -18.9975
MCReject   xShift: 8.14445 crossingAngle: -42.5329 axialRotation: -39.4609 zShift: 5.75994 energy: -18.9564
MCAccept 59 xShift: 8.14445 crossingAngle: -42.4521 axialRotation: -39.4609 zShift: 5.7515 energy: -20.9746
MCAccept 60 xShift: 8.14445 crossingAngle: -42.4521 axialRotation: -39.4609 zShift: 5.75025 energy: -20.9674
MCReject   xShift: 8.14954 crossingAngle: -42.4521 axialRotation: -39.4609 zShift: 5.75025 energy: -18.9068
MCReject   xShift: 8.14445 crossingAngle: -42.4521 axialRotation: -39.5174 zShift: 5.75025 energy: -18.9092
MCReject   xShift: 8.14445 crossingAngle: -42.4521 axialRotation: -39.4382 zShift: 5.75025 energy: -16.8476
MCReject   xShift: 8.13848 crossingAngle: -42.4521 axialRotation: -39.4609 zShift: 5.75025 energy: -18.9066
MCReject   xShift: 8.14445 crossingAngle: -42.4521 axialRotation: -39.4377 zShift: 5.75025 energy: -18.9047
MCAccept 61 xShift: 8.14445 crossingAngle: -42.4521 axialRotation: -39.4609 zShift: 5.75718 energy: -21.007
MCAccept 62 xShift: 8.14445 crossingAngle: -42.4521 axialRotation: -39.4609 zShift: 5.77001 energy: -21.077
MCReject   xShift: 8.15753 crossingAngle: -42.4521 axialRotation: -39.4609 zShift: 5.77001 energy: -19.0153
MCReject   xShift: 8.14445 crossingAngle: -42.4521 axialRotation: -39.4609 zShift: 5.7772 energy: -19.0536
MCReject   xShift: 8.14445 crossingAngle: -42.4521 axialRotation: -39.4609 zShift: 5.78315 energy: -19.0856
MCAccept 63 xShift: 8.14445 crossingAngle: -42.465 axialRotation: -39.4609 zShift: 5.77001 energy: -21.0793
MCReject   xShift: 8.14445 crossingAngle: -42.4479 axialRotation: -39.4609 zShift: 5.77001 energy: -21.0769
MCAccept 64 xShift: 8.14445 crossingAngle: -42.465 axialRotation: -39.4609 zShift: 5.76407 energy: -21.0474
MCReject   xShift: 8.14445 crossingAngle: -42.465 axialRotation: -39.4511 zShift: 5.76407 energy: -18.9805
MCReject   xShift: 8.12761 crossingAngle: -42.465 axialRotation: -39.4609 zShift: 5.76407 energy: -16.9216
MCAccept 65 xShift: 8.14445 crossingAngle: -42.465 axialRotation: -39.4609 zShift: 5.77472 energy: -21.1039
MCAccept 66 xShift: 8.14445 crossingAngle: -42.4061 axialRotation: -39.4609 zShift: 5.77472 energy: -21.1039
MCReject   xShift: 8.14445 crossingAngle: -42.4061 axialRotation: -39.4609 zShift: 5.78472 energy: -17.0342
MCReject   xShift: 8.14445 crossingAngle: -42.4061 axialRotation: -39.4609 zShift: 5.76752 energy: -19.0008
MCReject   xShift: 8.14445 crossingAngle: -42.5389 axialRotation: -39.4609 zShift: 5.77472 energy: -19.0404
MCAccept 67 xShift: 8.14445 crossingAngle: -42.4061 axialRotation: -39.6456 zShift: 5.77472 energy: -21.1039
MCReject   xShift: 8.15578 crossingAngle: -42.4061 axialRotation: -39.6456 zShift: 5.77472 energy: -19.0405
MCAccept 68 xShift: 8.14445 crossingAngle: -42.2888 axialRotation: -39.6456 zShift: 5.77472 energy: -21.1015
Energy #1: -21.1015
***GEOMETRY SHIFT***
xShift;        Before: 8.13392; After: 8.14445
crossingAngle; Before: -42.0344; After: -42.2888
axialRotation; Before: -39.9164; After: -39.6456
zShift;        Before: 5.7871; After: 5.77472
Energy;        Before: 19276.1; After: -21.1015

Reached 51 cycles without improvement of 0.001. Accepted 69/168
Monte Carlo repack complete. Time: 58.2167min

