MCAccept 0 xShift: 8.17 crossingAngle: -43.11 axialRotation: -39.7775 zShift: 5.78 energy: -9.46869
MCAccept 1 xShift: 8.15802 crossingAngle: -43.11 axialRotation: -39.7775 zShift: 5.78 energy: -9.46869
MCAccept 2 xShift: 8.14278 crossingAngle: -43.11 axialRotation: -39.7775 zShift: 5.78 energy: -9.46869
MCAccept 3 xShift: 8.14278 crossingAngle: -43.11 axialRotation: -39.7729 zShift: 5.78 energy: -11.5309
MCReject   xShift: 8.14278 crossingAngle: -43.11 axialRotation: -39.7729 zShift: 5.77298 energy: -9.42222
MCReject   xShift: 8.14278 crossingAngle: -43.0466 axialRotation: -39.7729 zShift: 5.78 energy: -9.46672
MCAccept 4 xShift: 8.14278 crossingAngle: -43.11 axialRotation: -39.7729 zShift: 5.79407 energy: -11.6311
MCReject   xShift: 8.14278 crossingAngle: -43.11 axialRotation: -39.7729 zShift: 5.80131 energy: -9.61055
MCReject   xShift: 8.14278 crossingAngle: -43.11 axialRotation: -39.7729 zShift: 5.78974 energy: -9.53321
MCAccept 5 xShift: 8.14278 crossingAngle: -42.9398 axialRotation: -39.7729 zShift: 5.79407 energy: -11.6334
MCAccept 6 xShift: 8.13679 crossingAngle: -42.9398 axialRotation: -39.7729 zShift: 5.79407 energy: -11.6311
MCReject   xShift: 8.1432 crossingAngle: -42.9398 axialRotation: -39.7729 zShift: 5.79407 energy: -9.56008
MCReject   xShift: 8.13679 crossingAngle: -42.8367 axialRotation: -39.7729 zShift: 5.79407 energy: -9.56185
MCReject   xShift: 8.14239 crossingAngle: -42.9398 axialRotation: -39.7729 zShift: 5.79407 energy: -9.05823
MCReject   xShift: 8.13679 crossingAngle: -42.904 axialRotation: -39.7729 zShift: 5.79407 energy: -9.56209
MCAccept 7 xShift: 8.13679 crossingAngle: -42.9398 axialRotation: -39.7729 zShift: 5.79516 energy: -11.6409
MCReject   xShift: 8.13679 crossingAngle: -42.9398 axialRotation: -39.6354 zShift: 5.79516 energy: -9.56922
MCAccept 8 xShift: 8.13679 crossingAngle: -42.9398 axialRotation: -39.7729 zShift: 5.78784 energy: -11.5893
MCReject   xShift: 8.14078 crossingAngle: -42.9398 axialRotation: -39.7729 zShift: 5.78784 energy: -9.52227
MCReject   xShift: 8.13816 crossingAngle: -42.9398 axialRotation: -39.7729 zShift: 5.78784 energy: -9.51847
MCReject   xShift: 8.13679 crossingAngle: -42.9128 axialRotation: -39.7729 zShift: 5.78784 energy: -9.52025
MCAccept 9 xShift: 8.13679 crossingAngle: -42.9398 axialRotation: -39.6472 zShift: 5.78784 energy: -11.5893
MCReject   xShift: 8.13679 crossingAngle: -42.9398 axialRotation: -39.6472 zShift: 5.79785 energy: -9.58843
MCAccept 10 xShift: 8.13679 crossingAngle: -42.9398 axialRotation: -39.6472 zShift: 5.79897 energy: -11.6649
MCAccept 11 xShift: 8.14738 crossingAngle: -42.9398 axialRotation: -39.6472 zShift: 5.79897 energy: -11.6671
MCAccept 12 xShift: 8.12962 crossingAngle: -42.9398 axialRotation: -39.6472 zShift: 5.79897 energy: -11.6671
MCAccept 13 xShift: 8.12962 crossingAngle: -42.9144 axialRotation: -39.6472 zShift: 5.79897 energy: -11.6671
MCReject   xShift: 8.12962 crossingAngle: -43.0539 axialRotation: -39.6472 zShift: 5.79897 energy: -7.52468
MCAccept 14 xShift: 8.12962 crossingAngle: -42.9721 axialRotation: -39.6472 zShift: 5.79897 energy: -11.6649
MCAccept 15 xShift: 8.12244 crossingAngle: -42.9721 axialRotation: -39.6472 zShift: 5.79897 energy: -11.6671
MCReject   xShift: 8.12244 crossingAngle: -43.0775 axialRotation: -39.6472 zShift: 5.79897 energy: -9.59564
MCAccept 16 xShift: 8.12244 crossingAngle: -43.3498 axialRotation: -39.6472 zShift: 5.79897 energy: -11.6648
MCReject   xShift: 8.12244 crossingAngle: -43.3532 axialRotation: -39.6472 zShift: 5.79897 energy: -9.59379
MCAccept 17 xShift: 8.12244 crossingAngle: -43.3498 axialRotation: -39.6472 zShift: 5.79057 energy: -11.6087
MCAccept 18 xShift: 8.12244 crossingAngle: -43.3721 axialRotation: -39.6472 zShift: 5.79057 energy: -11.6087
MCReject   xShift: 8.11275 crossingAngle: -43.3721 axialRotation: -39.6472 zShift: 5.79057 energy: -9.54125
MCReject   xShift: 8.12244 crossingAngle: -43.483 axialRotation: -39.6472 zShift: 5.79057 energy: -9.03245
MCAccept 19 xShift: 8.12244 crossingAngle: -43.395 axialRotation: -39.6472 zShift: 5.79057 energy: -11.6064
MCReject   xShift: 8.12076 crossingAngle: -43.395 axialRotation: -39.6472 zShift: 5.79057 energy: -9.54305
MCReject   xShift: 8.12244 crossingAngle: -43.395 axialRotation: -39.6472 zShift: 5.7786 energy: -9.46195
MCAccept 20 xShift: 8.12244 crossingAngle: -43.3001 axialRotation: -39.6472 zShift: 5.79057 energy: -11.6064
MCReject   xShift: 8.12244 crossingAngle: -43.3001 axialRotation: -39.6472 zShift: 5.79144 energy: -7.48071
MCReject   xShift: 8.11189 crossingAngle: -43.3001 axialRotation: -39.6472 zShift: 5.79057 energy: -9.53861
MCAccept 21 xShift: 8.12244 crossingAngle: -43.1251 axialRotation: -39.6472 zShift: 5.79057 energy: -11.6087
MCReject   xShift: 8.12244 crossingAngle: -43.1089 axialRotation: -39.6472 zShift: 5.79057 energy: -9.06933
MCReject   xShift: 8.12244 crossingAngle: -43.0416 axialRotation: -39.6472 zShift: 5.79057 energy: -9.54305
MCReject   xShift: 8.11442 crossingAngle: -43.1251 axialRotation: -39.6472 zShift: 5.79057 energy: -9.54125
MCReject   xShift: 8.12473 crossingAngle: -43.1251 axialRotation: -39.6472 zShift: 5.79057 energy: -9.54055
MCReject   xShift: 8.12244 crossingAngle: -43.1251 axialRotation: -39.6989 zShift: 5.79057 energy: -9.54305
MCAccept 22 xShift: 8.12244 crossingAngle: -42.9559 axialRotation: -39.6472 zShift: 5.79057 energy: -11.6087
MCAccept 23 xShift: 8.12244 crossingAngle: -42.9559 axialRotation: -39.9138 zShift: 5.79057 energy: -11.6087
MCReject   xShift: 8.12244 crossingAngle: -42.9559 axialRotation: -39.9089 zShift: 5.79057 energy: -9.54305
MCReject   xShift: 8.12851 crossingAngle: -42.9559 axialRotation: -39.9138 zShift: 5.79057 energy: -9.54063
MCReject   xShift: 8.12719 crossingAngle: -42.9559 axialRotation: -39.9138 zShift: 5.79057 energy: -9.54063
MCReject   xShift: 8.13898 crossingAngle: -42.9559 axialRotation: -39.9138 zShift: 5.79057 energy: -9.54055
MCAccept 24 xShift: 8.12741 crossingAngle: -42.9559 axialRotation: -39.9138 zShift: 5.79057 energy: -11.6087
MCAccept 25 xShift: 8.12741 crossingAngle: -42.9559 axialRotation: -39.9226 zShift: 5.79057 energy: -11.6087
MCReject   xShift: 8.14011 crossingAngle: -42.9559 axialRotation: -39.9226 zShift: 5.79057 energy: -9.54305
MCReject   xShift: 8.12741 crossingAngle: -42.9559 axialRotation: -39.9226 zShift: 5.78124 energy: -9.00125
MCReject   xShift: 8.12741 crossingAngle: -42.9559 axialRotation: -40.0384 zShift: 5.79057 energy: -9.53684
MCReject   xShift: 8.12741 crossingAngle: -42.6963 axialRotation: -39.9226 zShift: 5.79057 energy: -9.54055
MCReject   xShift: 8.12788 crossingAngle: -42.9559 axialRotation: -39.9226 zShift: 5.79057 energy: -9.53874
MCAccept 26 xShift: 8.14128 crossingAngle: -42.9559 axialRotation: -39.9226 zShift: 5.79057 energy: -11.6087
MCAccept 27 xShift: 8.12602 crossingAngle: -42.9559 axialRotation: -39.9226 zShift: 5.79057 energy: -11.6064
MCAccept 28 xShift: 8.12775 crossingAngle: -42.9559 axialRotation: -39.9226 zShift: 5.79057 energy: -11.6064
MCAccept 29 xShift: 8.12775 crossingAngle: -42.8188 axialRotation: -39.9226 zShift: 5.79057 energy: -11.6087
MCReject   xShift: 8.13958 crossingAngle: -42.8188 axialRotation: -39.9226 zShift: 5.79057 energy: -9.54305
MCAccept 30 xShift: 8.12775 crossingAngle: -42.6165 axialRotation: -39.9226 zShift: 5.79057 energy: -11.6087
MCReject   xShift: 8.12775 crossingAngle: -42.6165 axialRotation: -39.9226 zShift: 5.78673 energy: -9.5153
MCAccept 31 xShift: 8.12515 crossingAngle: -42.6165 axialRotation: -39.9226 zShift: 5.79057 energy: -11.6064
MCReject   xShift: 8.13272 crossingAngle: -42.6165 axialRotation: -39.9226 zShift: 5.79057 energy: -9.53886
MCAccept 32 xShift: 8.12515 crossingAngle: -42.6165 axialRotation: -39.9226 zShift: 5.78514 energy: -11.5674
MCReject   xShift: 8.12515 crossingAngle: -42.6165 axialRotation: -39.9226 zShift: 5.79437 energy: -9.56643
MCAccept 33 xShift: 8.12515 crossingAngle: -42.4193 axialRotation: -39.9226 zShift: 5.78514 energy: -11.5675
MCReject   xShift: 8.12515 crossingAngle: -42.3074 axialRotation: -39.9226 zShift: 5.78514 energy: -9.50445
MCAccept 34 xShift: 8.12515 crossingAngle: -42.4193 axialRotation: -39.8361 zShift: 5.78514 energy: -11.5674
MCReject   xShift: 8.12515 crossingAngle: -42.4193 axialRotation: -40.0839 zShift: 5.78514 energy: -9.50445
MCReject   xShift: 8.12515 crossingAngle: -42.5194 axialRotation: -39.8361 zShift: 5.78514 energy: -9.50206
MCReject   xShift: 8.12515 crossingAngle: -42.4533 axialRotation: -39.8361 zShift: 5.78514 energy: -9.5018
MCReject   xShift: 8.12515 crossingAngle: -42.4193 axialRotation: -39.6962 zShift: 5.78514 energy: -9.50626
MCAccept 35 xShift: 8.12515 crossingAngle: -42.4193 axialRotation: -39.8361 zShift: 5.79048 energy: -11.6058
MCReject   xShift: 8.12515 crossingAngle: -42.4193 axialRotation: -39.8622 zShift: 5.79048 energy: -9.53817
MCReject   xShift: 8.12515 crossingAngle: -42.4668 axialRotation: -39.8361 zShift: 5.79048 energy: -9.53998
MCAccept 36 xShift: 8.12515 crossingAngle: -42.362 axialRotation: -39.8361 zShift: 5.79048 energy: -11.6081
MCReject   xShift: 8.11456 crossingAngle: -42.362 axialRotation: -39.8361 zShift: 5.79048 energy: -7.47473
MCAccept 37 xShift: 8.11047 crossingAngle: -42.362 axialRotation: -39.8361 zShift: 5.79048 energy: -11.6081
MCReject   xShift: 8.10924 crossingAngle: -42.362 axialRotation: -39.8361 zShift: 5.79048 energy: -9.53998
MCReject   xShift: 8.11047 crossingAngle: -42.5002 axialRotation: -39.8361 zShift: 5.79048 energy: -9.53817
MCReject   xShift: 8.10394 crossingAngle: -42.362 axialRotation: -39.8361 zShift: 5.79048 energy: -9.54006
MCReject   xShift: 8.11047 crossingAngle: -42.362 axialRotation: -39.8361 zShift: 5.78419 energy: -9.49351
MCAccept 38 xShift: 8.12528 crossingAngle: -42.362 axialRotation: -39.8361 zShift: 5.79048 energy: -11.6081
MCReject   xShift: 8.12528 crossingAngle: -42.362 axialRotation: -39.8889 zShift: 5.79048 energy: -9.53998
MCAccept 39 xShift: 8.12528 crossingAngle: -42.5567 axialRotation: -39.8361 zShift: 5.79048 energy: -11.6081
MCAccept 40 xShift: 8.12528 crossingAngle: -42.5567 axialRotation: -39.9079 zShift: 5.79048 energy: -11.6081
MCReject   xShift: 8.12528 crossingAngle: -42.4225 axialRotation: -39.9079 zShift: 5.79048 energy: -9.54006
MCReject   xShift: 8.12528 crossingAngle: -42.696 axialRotation: -39.9079 zShift: 5.79048 energy: -9.53998
MCReject   xShift: 8.12528 crossingAngle: -42.5567 axialRotation: -39.9079 zShift: 5.77656 energy: -9.44852
MCAccept 41 xShift: 8.13901 crossingAngle: -42.5567 axialRotation: -39.9079 zShift: 5.79048 energy: -11.6081
MCReject   xShift: 8.13901 crossingAngle: -42.5567 axialRotation: -39.9079 zShift: 5.80331 energy: -9.62117
MCAccept 42 xShift: 8.13901 crossingAngle: -42.5567 axialRotation: -39.9079 zShift: 5.78469 energy: -11.5665
MCReject   xShift: 8.13901 crossingAngle: -42.5192 axialRotation: -39.9079 zShift: 5.78469 energy: -9.499
MCAccept 43 xShift: 8.13901 crossingAngle: -42.4413 axialRotation: -39.9079 zShift: 5.78469 energy: -11.5665
MCReject   xShift: 8.13901 crossingAngle: -42.516 axialRotation: -39.9079 zShift: 5.78469 energy: -9.50139
MCReject   xShift: 8.13901 crossingAngle: -42.4413 axialRotation: -39.9079 zShift: 5.7724 energy: -9.41645
MCReject   xShift: 8.13901 crossingAngle: -42.4413 axialRotation: -39.7924 zShift: 5.78469 energy: -9.50078
MCAccept 44 xShift: 8.15449 crossingAngle: -42.4413 axialRotation: -39.9079 zShift: 5.78469 energy: -11.5642
MCReject   xShift: 8.15449 crossingAngle: -42.5521 axialRotation: -39.9079 zShift: 5.78469 energy: -9.50078
MCAccept 45 xShift: 8.15112 crossingAngle: -42.4413 axialRotation: -39.9079 zShift: 5.78469 energy: -11.5642
MCReject   xShift: 8.15071 crossingAngle: -42.4413 axialRotation: -39.9079 zShift: 5.78469 energy: -9.50321
MCReject   xShift: 8.15112 crossingAngle: -42.4413 axialRotation: -39.9079 zShift: 5.79223 energy: -9.55163
MCReject   xShift: 8.14646 crossingAngle: -42.4413 axialRotation: -39.9079 zShift: 5.78469 energy: -9.50078
MCAccept 46 xShift: 8.15112 crossingAngle: -42.349 axialRotation: -39.9079 zShift: 5.78469 energy: -11.5665
MCReject   xShift: 8.15112 crossingAngle: -42.349 axialRotation: -39.799 zShift: 5.78469 energy: -9.499
MCAccept 47 xShift: 8.15112 crossingAngle: -42.4111 axialRotation: -39.9079 zShift: 5.78469 energy: -11.5642
MCReject   xShift: 8.15112 crossingAngle: -42.4111 axialRotation: -39.9079 zShift: 5.79529 energy: -8.9981
MCReject   xShift: 8.15864 crossingAngle: -42.4111 axialRotation: -39.9079 zShift: 5.78469 energy: -9.50068
MCAccept 48 xShift: 8.15112 crossingAngle: -42.4111 axialRotation: -39.9616 zShift: 5.78469 energy: -11.5665
MCReject   xShift: 8.15112 crossingAngle: -42.4111 axialRotation: -40.015 zShift: 5.78469 energy: -7.43778
MCReject   xShift: 8.15112 crossingAngle: -42.4111 axialRotation: -40.13 zShift: 5.78469 energy: -9.49887
MCReject   xShift: 8.15112 crossingAngle: -42.4111 axialRotation: -39.9616 zShift: 5.78087 energy: -9.47489
MCAccept 49 xShift: 8.15112 crossingAngle: -42.4111 axialRotation: -39.9616 zShift: 5.76779 energy: -11.453
MCAccept 50 xShift: 8.15083 crossingAngle: -42.4111 axialRotation: -39.9616 zShift: 5.76779 energy: -11.4506
MCReject   xShift: 8.15083 crossingAngle: -42.4111 axialRotation: -39.9616 zShift: 5.77939 energy: -9.46469
MCReject   xShift: 8.15083 crossingAngle: -42.4111 axialRotation: -40.0098 zShift: 5.76779 energy: -9.38659
MCReject   xShift: 8.15083 crossingAngle: -42.2657 axialRotation: -39.9616 zShift: 5.76779 energy: -9.38659
MCAccept 51 xShift: 8.15083 crossingAngle: -42.4111 axialRotation: -40.0079 zShift: 5.76779 energy: -11.4506
MCReject   xShift: 8.15048 crossingAngle: -42.4111 axialRotation: -40.0079 zShift: 5.76779 energy: -7.32106
MCAccept 52 xShift: 8.15083 crossingAngle: -42.4111 axialRotation: -39.9584 zShift: 5.76779 energy: -11.4506
MCReject   xShift: 8.15083 crossingAngle: -42.4111 axialRotation: -39.9584 zShift: 5.76262 energy: -9.34859
MCAccept 53 xShift: 8.15083 crossingAngle: -42.4111 axialRotation: -39.9584 zShift: 5.78655 energy: -11.58
MCReject   xShift: 8.15083 crossingAngle: -42.4111 axialRotation: -39.8457 zShift: 5.78655 energy: -9.51338
MCAccept 54 xShift: 8.15083 crossingAngle: -42.4111 axialRotation: -39.9584 zShift: 5.78939 energy: -11.6004
MCAccept 55 xShift: 8.15083 crossingAngle: -42.3268 axialRotation: -39.9584 zShift: 5.78939 energy: -11.5981
MCReject   xShift: 8.13431 crossingAngle: -42.3268 axialRotation: -39.9584 zShift: 5.78939 energy: -9.53084
MCReject   xShift: 8.15083 crossingAngle: -42.3268 axialRotation: -39.93 zShift: 5.78939 energy: -9.53096
MCAccept 56 xShift: 8.14795 crossingAngle: -42.3268 axialRotation: -39.9584 zShift: 5.78939 energy: -11.5981
MCAccept 57 xShift: 8.14795 crossingAngle: -42.2159 axialRotation: -39.9584 zShift: 5.78939 energy: -11.6004
MCReject   xShift: 8.14795 crossingAngle: -42.1143 axialRotation: -39.9584 zShift: 5.78939 energy: -9.53335
MCReject   xShift: 8.14795 crossingAngle: -42.2159 axialRotation: -39.9492 zShift: 5.78939 energy: -9.53516
MCReject   xShift: 8.14795 crossingAngle: -42.2159 axialRotation: -39.9584 zShift: 5.81832 energy: -9.71599
MCReject   xShift: 8.14795 crossingAngle: -42.1381 axialRotation: -39.9584 zShift: 5.78939 energy: -9.52894
MCAccept 58 xShift: 8.14763 crossingAngle: -42.2159 axialRotation: -39.9584 zShift: 5.78939 energy: -11.5981
MCAccept 59 xShift: 8.14763 crossingAngle: -42.0344 axialRotation: -39.9584 zShift: 5.78939 energy: -11.5981
MCReject   xShift: 8.14763 crossingAngle: -41.9842 axialRotation: -39.9584 zShift: 5.78939 energy: -9.52894
MCAccept 60 xShift: 8.13392 crossingAngle: -42.0344 axialRotation: -39.9584 zShift: 5.78939 energy: -11.5981
MCAccept 61 xShift: 8.13392 crossingAngle: -42.0344 axialRotation: -39.9164 zShift: 5.78939 energy: -11.5981
MCAccept 62 xShift: 8.13392 crossingAngle: -42.0344 axialRotation: -39.9164 zShift: 5.7871 energy: -11.584
Energy #0: -11.584
***GEOMETRY SHIFT***
xShift;        Before: 8.17; After: 8.13392
crossingAngle; Before: -43.11; After: -42.0344
axialRotation; Before: -39.64; After: -39.9164
zShift;        Before: 5.78; After: 5.7871
Energy;        Before: 19718.6; After: -11.584

Reached 51 cycles without improvement of 0.001. Accepted 63/147
Monte Carlo repack complete. Time: 39.3667min

