***STARTING GEOMETRY:***
xShift: 8.14445
crossingAngle: -42.2888
axialRotation: -39.6456
zShift: 5.77472

Number of MCCycles: 200
PrevSequence	CurrSequence	PrevEnergy	CurrEnergy	PrevEntropy	CurrEntropy	CurrentTemp
LLLTGLLTGLLTTLLVTLILI	LLLYGLLTGLLTTLLVTLILI	-8.62408	-16.0733	0.917682	0.141213	999.847
LLLYGLLTGLLTTLLVTLILI	LLLYGLLYGLLTTLLVTLILI	-15.6756	-14.8499	0.538845	0.30482	999.684
LLLYGLLYGLLTTLLVTLILI	LLLYGLLTGLLTTLLVTLILI	-14.8499	-15.6974	0.30482	0.538845	999.512
LLLYGLLTGLLTTLLVTLILI	LLLGGLLTGLLTTLLVTLILI	-15.9661	-15.3562	0.270132	0.594419	999.328
LLLGGLLTGLLTTLLVTLILI	LLLYGLLTGLLTTLLVTLILI	-15.3562	-15.9443	0.594419	0.270132	998.928
LLLYGLLTGLLTTLLVTLILI	LLLYGLLYGLLTTLLVTLILI	-15.6756	-14.8499	0.538845	0.30482	998.708
LLLYGLLYGLLTTLLVTLILI	LLLYGLLTGLLTTLLVTLILI	-14.8499	-15.6756	0.30482	0.538845	998.476
LLLYGLLTGLLTTLLVTLILI	LLLYGLLTGLLYTLLVTLILI	-15.6756	-15.433	0.538845	0.30482	997.967
LLLYGLLTGLLYTLLVTLILI	LLLYGLLYGLLYTLLVTLILI	-15.4091	-13.0494	0.328724	0.505042	997.689
LLLYGLLYGLLYTLLVTLILI	LLLWGLLYGLLYTLLVTLILI	-12.9633	-13.8824	0.591129	0.272043	997.394
LLLWGLLYGLLYTLLVTLILI	LLLWGLLTGLLYTLLVTLILI	-13.7751	-10.5449	0.379341	0.443059	996.749
LLLWGLLTGLLYTLLVTLILI	LLLYGLLTGLLYTLLVTLILI	-10.6158	-15.3274	0.372136	0.451187	996.397
LLLYGLLTGLLYTLLVTLILI	LLLYGLLTGLLTTLLVTLILI	-15.4737	-15.6974	0.30482	0.538845	996.023
LLLYGLLTGLLTTLLVTLILI	LLLYGLLYGLLTTLLVTLILI	-15.6974	-14.8499	0.538845	0.30482	995.626
LLLYGLLYGLLTTLLVTLILI	LLLYGLLYGLLYTLLVTLILI	-14.826	-13.0494	0.328724	0.505042	995.205
LLLYGLLYGLLYTLLVTLILI	LLLYGLLYGLLTTLLVTLILI	-13.0494	-14.826	0.505042	0.328724	994.758
LLLYGLLYGLLTTLLVTLILI	LLLGGLLYGLLTTLLVTLILI	-14.6998	-14.3737	0.454934	0.368877	994.285
LLLGGLLYGLLTTLLVTLILI	LLLGGLLYGLLYTLLVTLILI	-14.2995	-14.4971	0.443059	0.379341	993.782
LLLGGLLYGLLYTLLVTLILI	LLLGGLLYGLLYTLLVILILI	-13.9645	-9.06057	0.911943	0.142768	992.683
LLLGGLLYGLLYTLLVILILI	LLLGGLLYGLLTTLLVILILI	-8.6983	-10.4388	0.505042	0.328724	992.084
LLLGGLLYGLLTTLLVILILI	LLLGGLLTGLLTTLLVILILI	-10.548	-11.2821	0.219549	0.693609	991.448
LLLGGLLTGLLTTLLVILILI	LLLGGLLTGLLTTLLTILILI	-11.9029	-9.71203	0.0728516	1.27634	990.773
LLLGGLLTGLLTTLLTILILI	LLLGGLLYGLLTTLLTILILI	-10.1722	-9.59775	0.816184	0.171816	990.058
LLLGGLLYGLLTTLLTILILI	LLLGGLLYGLLTTLLTTLILI	-9.69389	-12.436	0.0756774	1.2552	989.3
LLLGGLLYGLLTTLLTTLILI	LLLYGLLYGLLTTLLTTLILI	-13.3223	-12.0362	0.368877	0.454934	988.496
LLLYGLLYGLLTTLLTTLILI	LLLYGLLYGLLYTLLTTLILI	-12.0838	-13.977	0.407346	0.413356	987.644
LLLYGLLYGLLYTLLTTLILI	LLLYGLLYGLLTTLLTTLILI	-13.977	-13.696	0.413356	0.407346	985.783
LLLYGLLYGLLTTLLTTLILI	LLLYGLLTGLLTTLLTTLILI	-13.8482	-14.5631	0.255144	0.62127	984.769
LLLYGLLTGLLTTLLTTLILI	LLLYGLLTGLLTTLLVTLILI	-13.7898	-16.1772	1.39457	0.0589809	983.694
LLLYGLLTGLLTTLLVTLILI	LLLYGLLYGLLTTLLVTLILI	-15.6974	-14.8499	0.538845	0.30482	982.555
LLLYGLLYGLLTTLLVTLILI	LLLGGLLYGLLTTLLVTLILI	-14.6998	-14.3737	0.454934	0.368877	981.348
LLLGGLLYGLLTTLLVTLILI	LLLGGLLYGLLTTLLVILILI	-13.6345	-10.6686	1.10811	0.098896	980.071
LLLGGLLYGLLTTLLVILILI	LLLGGLLTGLLTTLLVILILI	-10.548	-11.2822	0.219549	0.693609	978.717
LLLGGLLTGLLTTLLVILILI	LLLGGLLTGLLTTLLVTLILI	-11.9001	-14.6954	0.0756774	1.2552	977.285
LLLGGLLTGLLTTLLVTLILI	LLLGGLLYGLLTTLLVTLILI	-15.1344	-14.5707	0.816184	0.171816	975.768
LLLGGLLYGLLTTLLVTLILI	LLLGGLLTGLLTTLLVTLILI	-14.5707	-15.1344	0.171816	0.816184	972.463
LLLGGLLTGLLTTLLVTLILI	LLLGGLLYGLLTTLLVTLILI	-15.1344	-14.5707	0.816184	0.171816	970.666
LLLGGLLYGLLTTLLVTLILI	LLLYGLLYGLLTTLLVTLILI	-14.3737	-14.6998	0.368877	0.454934	968.764
LLLYGLLYGLLTTLLVTLILI	LLLYGLLTGLLTTLLVTLILI	-14.8499	-15.6974	0.30482	0.538845	966.754
LLLYGLLTGLLTTLLVTLILI	LLLYALLTGLLTTLLVTLILI	-15.3639	-11.7092	0.872342	0.154044	962.38
LLLYALLTGLLTTLLVTLILI	LLLYGLLTGLLTTLLVTLILI	-11.7092	-13.0878	0.154044	0.872342	960.005
LLLYGLLTGLLTTLLVTLILI	LLLYALLTGLLTTLLVTLILI	-13.0878	-11.7114	0.872342	0.154044	957.496
LLLYALLTGLLTTLLVTLILI	LLLYALLTGLLYTLLVTLILI	-11.3266	-11.0597	0.538845	0.30482	954.846
LLLYALLTGLLYTLLVTLILI	LLLYALLYGLLYTLLVTLILI	-11.0358	-8.4562	0.328724	0.505042	952.048
LLLYALLYGLLYTLLVTLILI	LLLGALLYGLLYTLLVTLILI	-8.20259	-10.2302	0.758648	0.192521	949.095
LLLGALLYGLLYTLLVTLILI	LLLYALLYGLLYTLLVTLILI	-10.2302	-8.20077	0.192521	0.758648	945.979
LLLYALLYGLLYTLLVTLILI	LLLYALLTGLLYTLLVTLILI	-8.45437	-11.0383	0.505042	0.328724	942.693
LLLYALLTGLLYTLLVTLILI	LLLYALLTGLLTTLLVTLILI	-11.0622	-11.3048	0.30482	0.538845	939.229
LLLYALLTGLLTTLLVTLILI	LLLYALLTGLLTTLLVILILI	-10.5885	-7.81273	1.2552	0.0756774	935.578
LLLYALLTGLLTTLLVILILI	LLLYALLTGLLTTLLVTLILI	-7.81273	-10.6102	0.0756774	1.2552	931.732
LLLYALLTGLLTTLLVTLILI	LLLYGLLTGLLTTLLVTLILI	-11.7114	-13.0875	0.154044	0.872342	927.683
LLLYGLLTGLLTTLLVTLILI	LLLYGLLTGLLYTLLVTLILI	-13.421	-14.9126	0.538845	0.30482	923.422
LLLYGLLTGLLYTLLVTLILI	LLLTGLLTGLLYTLLVTLILI	-14.9126	-14.4442	0.30482	0.538845	914.227
LLLTGLLTGLLYTLLVTLILI	LLLTGLLTGLLYTLLFTLILI	-14.6424	-10.0788	0.340616	0.489394	909.276
LLLTGLLTGLLYTLLFTLILI	LLLYGLLTGLLYTLLFTLILI	-10.0293	-8.91814	0.538845	0.30482	904.077
LLLYGLLTGLLYTLLFTLILI	LLLGGLLTGLLYTLLFTLILI	-8.76802	-9.08464	0.454934	0.368877	898.621
LLLGGLLTGLLYTLLFTLILI	LLLGGLLTGLLTTLLFTLILI	-9.2817	-10.9213	0.171816	0.816184	892.899
LLLGGLLTGLLTTLLFTLILI	LLLGGLLYGLLTTLLFTLILI	-10.9213	-9.35821	0.816184	0.171816	886.903
LLLGGLLYGLLTTLLFTLILI	LLLGGLLYGLLYTLLFTLILI	-9.08697	-9.65491	0.443059	0.379341	880.623
LLLGGLLYGLLYTLLFTLILI	LLLGGLLYGLLYTLLTTLILI	-9.91436	-10.3431	0.119894	1.0043	874.051
LLLGGLLYGLLYTLLTTLILI	LLLYGLLYGLLYTLLTTLILI	-11.0779	-9.30876	0.269472	0.595564	867.179
LLLYGLLYGLLYTLLTTLILI	LLLYGLLYGLLYTLLTILILI	-8.79621	-7.67932	1.10811	0.098896	859.999
LLLYGLLYGLLYTLLTILILI	LLLYGLLYGLLTTLLTILILI	-7.27317	-7.14544	0.505042	0.328724	852.504
LLLYGLLYGLLTTLLTILILI	LLLYALLYGLLTTLLTILILI	-6.60182	-3.57356	0.872342	0.154044	844.686
LLLYALLYGLLTTLLTILILI	LLLGALLYGLLTTLLTILILI	-3.13204	-5.09441	0.595564	0.269472	836.541
LLLGALLYGLLTTLLTILILI	LLLGALLYGLLTTLLVILILI	-4.23543	-6.26658	1.12845	0.0952708	828.061
LLLGALLYGLLTTLLVILILI	LLLYALLYGLLTTLLVILILI	-6.09238	-5.97063	0.269472	0.595564	819.243
LLLYALLYGLLTTLLVILILI	LLLYGLLYGLLTTLLVILILI	-6.41215	-7.59977	0.154044	0.872342	810.083
LLLYGLLYGLLTTLLVILILI	LLLYGLLYGLLYTLLVILILI	-8.23407	-5.4698	0.238039	0.654392	800.577
LLLYGLLYGLLYTLLVILILI	LLLYGLLYGLLTTLLVILILI	-5.4698	-8.23406	0.654392	0.238039	790.724
LLLYGLLYGLLTTLLVILILI	LLLYALLYGLLTTLLVILILI	-7.59975	-6.41213	0.872342	0.154044	780.523
LLLYALLYGLLTTLLVILILI	LLLYALLTGLLTTLLVILILI	-6.18683	-7.44752	0.379341	0.443059	769.974
LLLYALLTGLLTTLLVILILI	LLLYALLTGLLTTLLVTLILI	-7.8149	-10.5867	0.0756774	1.2552	759.081
LLLYALLTGLLTTLLVTLILI	LLLYALLTGLLTTLLVILILI	-10.5867	-7.81492	1.2552	0.0756774	747.845
LLLYALLTGLLTTLLVILILI	LLLGALLTGLLTTLLVILILI	-7.52088	-7.3585	0.369715	0.453966	736.272
LLLGALLTGLLTTLLVILILI	LLLGALLTGLLYTLLVILILI	-7.11886	-8.86431	0.693609	0.219549	724.369
LLLGALLTGLLYTLLVILILI	LLLGALLTGLLYTLLVTLILI	-8.98496	-11.9572	0.098896	1.10811	712.142
LLLGALLTGLLYTLLVTLILI	LLLGGLLTGLLYTLLVTLILI	-12.9583	-12.1287	0.107014	1.06535	660.222
LLLGGLLTGLLYTLLVTLILI	LLLGGLLTGLLYTLLTTLILI	-13.1212	-12.9388	0.0728516	1.27634	646.557
LLLGGLLTGLLYTLLTTLILI	LLLGGLLTGLLYTLLVTLILI	-12.9388	-13.1212	1.27634	0.0728516	618.524
LLLGGLLTGLLYTLLVTLILI	LLLTGLLTGLLYTLLVTLILI	-12.9224	-14.7359	0.271676	0.591758	604.196
LLLTGLLTGLLYTLLVTLILI	LLLTGLLTGLLTTLLVTLILI	-15.1865	-12.9964	0.141213	0.917682	589.688
LLLTGLLTGLLTTLLVTLILI	LLLTGLLTGLLYTLLVTLILI	-12.9964	-13.0496	0.917682	0.141213	575.025
LLLTGLLTGLLYTLLVTLILI	LLLTGLLTGLLTTLLVTLILI	-13.0496	-12.9964	0.141213	0.917682	560.23
LLLTGLLTGLLTTLLVTLILI	LLLTGLLTGLLYTLLVTLILI	-12.9964	-15.1865	0.917682	0.141213	545.329
LLLTGLLTGLLYTLLVTLILI	LLLTGLLTGLLTTLLVTLILI	-15.1865	-12.9964	0.141213	0.917682	470.152
LLLTGLLTGLLTTLLVTLILI	LLLYGLLTGLLTTLLVTLILI	-12.9964	-13.8378	0.917682	0.141213	455.171
LLLYGLLTGLLTTLLVTLILI	LLLGGLLTGLLTTLLVTLILI	-13.7089	-13.1416	0.270132	0.594419	440.27
LLLGGLLTGLLTTLLVTLILI	LLLYGLLTGLLTTLLVTLILI	-13.1416	-13.7089	0.594419	0.270132	425.475
LLLYGLLTGLLTTLLVTLILI	LLLYGLLTGLLYTLLVTLILI	-13.4402	-14.9126	0.538845	0.30482	410.812
LLLYGLLTGLLYTLLVTLILI	LLLGGLLTGLLYTLLVTLILI	-14.7625	-14.7883	0.454934	0.368877	381.976
LLLGGLLTGLLYTLLVTLILI	LLLYGLLTGLLYTLLVTLILI	-14.7883	-14.94	0.368877	0.454934	367.849
LLLYGLLTGLLYTLLVTLILI	LLLYGLLTGLLTTLLVTLILI	-15.0902	-13.419	0.30482	0.538845	353.943
LLLYGLLTGLLTTLLVTLILI	LLLGGLLTGLLTTLLVTLILI	-13.6878	-13.1416	0.270132	0.594419	340.278
LLLGGLLTGLLTTLLVTLILI	LLLYGLLTGLLTTLLVTLILI	-13.1416	-13.7111	0.594419	0.270132	326.872
LLLYGLLTGLLTTLLVTLILI	LLLYGLLTGLLYTLLVTLILI	-13.4424	-14.9149	0.538845	0.30482	300.898
LLLYGLLTGLLYTLLVTLILI	LLLYGLLTGLLTTLLVTLILI	-14.9149	-13.4424	0.30482	0.538845	288.358
LLLYGLLTGLLTTLLVTLILI	LLLYGLLTGLLYTLLVTLILI	-13.4424	-12.9479	0.538845	0.30482	252.655
LLLYGLLTGLLYTLLVTLILI	LLLGGLLTGLLYTLLVTLILI	-12.7978	-12.8234	0.454934	0.368877	241.419
LLLGGLLTGLLYTLLVTLILI	LLLYGLLTGLLYTLLVTLILI	-12.8234	-14.9377	0.368877	0.454934	230.526
LLLYGLLTGLLYTLLVTLILI	LLLGGLLTGLLYTLLVTLILI	-14.9377	-14.6088	0.454934	0.368877	209.776
LLLGGLLTGLLYTLLVTLILI	LLLYGLLTGLLYTLLVTLILI	-14.6088	-14.7625	0.368877	0.454934	147.996
LLLYGLLTGLLYTLLVTLILI	LLLTGLLTGLLYTLLVTLILI	-14.9126	-14.7888	0.30482	0.538845	107.601
LLLTGLLTGLLYTLLVTLILI	LLLGGLLTGLLYTLLVTLILI	-14.7359	-14.8855	0.591758	0.271676	77.0783
LLLGGLLTGLLYTLLVTLILI	LLLYGLLTGLLYTLLVTLILI	-14.7883	-14.7652	0.368877	0.454934	64.9219
LLLYGLLTGLLYTLLVTLILI	LLLGGLLTGLLYTLLVTLILI	-14.7652	-14.7883	0.454934	0.368877	51.4049
LLLGGLLTGLLYTLLVTLILI	LLLYGLLTGLLYTLLVTLILI	-14.7883	-14.9401	0.368877	0.454934	28.0365
Time: 454s
