***STARTING GEOMETRY:***
xShift: 8.66116
crossingAngle: 21.3965
axialRotation: 100.276
zShift: 3.44463

Number of MCCycles: 100
PrevSequence	CurrSequence	PrevEnergy	CurrEnergy	PrevEntropy	CurrEntropy	CurrentTemp
LLLYGLLGLLTSLTTLLLILI	LLLYGLLGLLSSLTTLLLILI	11.0655	11.2174	0.578967	0.279255	999.684
LLLYGLLGLLSSLTTLLLILI	LLLYGLLGLLSSLTYLLLILI	11.2669	11.2442	0.328724	0.505042	999.328
LLLYGLLGLLSSLTYLLLILI	LLLYGLLYLLSSLTYLLLILI	10.9317	10.0066	0.192521	0.758648	998.928
LLLYGLLYLLSSLTYLLLILI	LLLYGLLFLLSSLTYLLLILI	10.3999	8.62746	1.15198	0.0912572	998.476
LLLYGLLFLLSSLTYLLLILI	LLLYGLLFLLTSLTYLLLILI	8.91746	4.01761	0.381257	0.440933	997.394
LLLYGLLFLLTSLTYLLLILI	LLLFGLLFLLTSLTYLLLILI	4.22706	2.70119	0.650378	0.240035	996.749
LLLFGLLFLLTSLTYLLLILI	LLLYGLLFLLTSLTYLLLILI	2.70119	-0.108101	0.240035	0.650378	996.023
LLLYGLLFLLTSLTYLLLILI	LLLIGLLFLLTSLTYLLLILI	0.29617	4.37532	1.05465	0.109156	995.205
LLLIGLLFLLTSLTYLLLILI	LLLIALLFLLTSLTYLLLILI	4.85029	9.1105	0.584123	0.276169	994.285
LLLIALLFLLTSLTYLLLILI	LLLIALLFLLTSLTTLLLILI	9.05388	8.59684	0.219549	0.693609	993.249
LLLIALLFLLTSLTTLLLILI	LLLIALLFLLTSLTYLLLILI	8.59684	7.35253	0.693609	0.219549	992.084
LLLIALLFLLTSLTYLLLILI	LLLIALLYLLTSLTYLLLILI	7.26508	8.87539	0.132101	0.952787	990.773
LLLIALLYLLTSLTYLLLILI	LLLYALLYLLTSLTYLLLILI	7.99756	2.00005	0.0749593	1.26049	989.3
LLLYALLYLLTSLTYLLLILI	LLLFALLYLLTSLTYLLLILI	1.89154	6.05237	1.15198	0.0912572	987.644
LLLFALLYLLTSLTYLLLILI	LLLFALLFLLTSLTYLLLILI	6.61149	3.90573	0.650378	0.240035	985.783
LLLFALLFLLTSLTYLLLILI	LLLFGLLFLLTSLTYLLLILI	3.94186	5.08107	0.276169	0.584123	983.694
LLLFGLLFLLTSLTYLLLILI	LLLFGLLYLLTSLTYLLLILI	4.73698	4.06023	0.240035	0.650378	981.348
LLLFGLLYLLTSLTYLLLILI	LLLFGLLYLLTSLTTLLLILI	3.78919	3.9678	0.379341	0.443059	978.717
LLLFGLLYLLTSLTTLLLILI	LLLYGLLYLLTSLTTLLLILI	3.65685	2.3506	0.132101	0.952787	975.768
LLLYGLLYLLTSLTTLLLILI	LLLYGLLFLLTSLTTLLLILI	2.3506	2.75221	0.952787	0.132101	972.463
LLLYGLLFLLTSLTTLLLILI	LLLYALLFLLTSLTTLLLILI	3.20423	3.30839	0.584123	0.276169	968.764
LLLYALLFLLTSLTTLLLILI	LLLYGLLFLLTSLTTLLLILI	3.30839	3.20423	0.276169	0.584123	964.627
LLLYGLLFLLTSLTTLLLILI	LLLFGLLFLLTSLTTLLLILI	3.03045	3.08499	0.410343	0.410343	960.005
LLLFGLLFLLTSLTTLLLILI	LLLYGLLFLLTSLTTLLLILI	3.08499	3.03045	0.410343	0.410343	954.846
LLLYGLLFLLTSLTTLLLILI	LLLYGLLFLLTSLTFLLLILI	3.31372	3.47502	0.693609	0.219549	949.095
LLLYGLLFLLTSLTFLLLILI	LLLYGLLYLLTSLTFLLLILI	3.49551	3.23465	0.240035	0.650378	942.693
LLLYGLLYLLTSLTFLLLILI	LLLYALLYLLTSLTFLLLILI	3.16839	3.11884	0.584123	0.276169	935.578
LLLYALLYLLTSLTFLLLILI	LLLYALLFLLTSLTFLLLILI	3.49305	3.9304	0.650378	0.240035	927.683
LLLYALLFLLTSLTFLLLILI	LLLYGLLFLLTSLTFLLLILI	3.96653	4.41732	0.276169	0.584123	918.939
LLLYGLLFLLTSLTFLLLILI	LLLYGLLFLLTSLTYLLLILI	4.07323	3.01608	0.240035	0.650378	909.276
LLLYGLLFLLTSLTYLLLILI	LLLYGLLFLLTSLTFLLLILI	3.01608	2.57132	0.650378	0.240035	898.621
LLLYGLLFLLTSLTFLLLILI	LLLYGLLFLLTALTFLLLILI	2.9735	4.24852	0.642213	0.244161	886.903
LLLYGLLFLLTALTFLLLILI	LLLYALLFLLTALTFLLLILI	4.36572	4.54948	0.36136	0.463748	874.051
LLLYALLFLLTALTFLLLILI	LLLYALLFLLTGLTFLLLILI	4.54948	3.90049	0.463748	0.36136	859.999
LLLYALLFLLTGLTFLLLILI	LLLYALLFLLTALTFLLLILI	3.90049	4.54948	0.36136	0.463748	844.686
LLLYALLFLLTALTFLLLILI	LLLYGLLFLLTALTFLLLILI	4.54948	4.33743	0.463748	0.36136	828.061
LLLYGLLFLLTALTFLLLILI	LLLYGLLFLLYALTFLLLILI	4.30479	5.90222	0.328724	0.505042	810.083
LLLYGLLFLLYALTFLLLILI	LLLYGLLFLLTALTFLLLILI	5.90222	2.43554	0.505042	0.328724	790.724
LLLYGLLFLLTALTFLLLILI	LLLYGLLFLLTSLTFLLLILI	2.35098	3.12828	0.244161	0.642213	769.974
LLLYGLLFLLTSLTFLLLILI	LLLYGLLYLLTSLTFLLLILI	2.7261	3.57091	0.240035	0.650378	747.845
LLLYGLLYLLTSLTFLLLILI	LLLYGLLYLLTSLTYLLLILI	3.01178	2.26093	0.0912572	1.15198	724.369
LLLYGLLYLLTSLTYLLLILI	LLLYGLLFLLTSLTYLLLILI	2.26093	2.21875	1.15198	0.0912572	699.602
LLLYGLLFLLTSLTYLLLILI	LLLYGLLFLLTSLTTLLLILI	2.50683	3.06316	0.379341	0.443059	673.628
LLLYGLLFLLTSLTTLLLILI	LLLYGLLFLLTWLTTLLLILI	2.81231	8.06076	0.192199	0.759486	646.557
LLLYGLLFLLTWLTTLLLILI	LLLYGLLFLLYWLTTLLLILI	7.74433	10.5862	0.443059	0.379341	618.524
LLLYGLLFLLYWLTTLLLILI	LLLYGLLFLLYWLVTLLLILI	11.1377	13.2857	0.930859	0.137712	589.688
LLLYGLLFLLYWLVTLLLILI	LLLYGLLYLLYWLVTLLLILI	13.2393	13.8636	0.0912572	1.15198	560.23
LLLYGLLYLLYWLVTLLLILI	LLLYGLLYLLTWLVTLLLILI	13.366	9.93232	0.654392	0.238039	530.348
LLLYGLLYLLTWLVTLLLILI	LLLYGLLYLLTSLVTLLLILI	10.4538	5.14176	0.759486	0.192199	500.25
LLLYGLLYLLTSLVTLLLILI	LLLYGLLYLLTSLVYLLLILI	5.1876	5.0858	0.238039	0.654392	470.152
LLLYGLLYLLTSLVYLLLILI	LLLYGLLYLLTSLVTLLLILI	5.0858	5.1876	0.654392	0.238039	440.27
LLLYGLLYLLTSLVTLLLILI	LLLYGLLFLLTSLVTLLLILI	5.90235	4.50017	0.952787	0.132101	410.812
LLLYGLLFLLTSLVTLLLILI	LLLYGLLFLLTSLTTLLLILI	4.46334	2.19947	0.0952708	1.12845	353.943
LLLYGLLFLLTSLTTLLLILI	LLLYALLFLLTSLTTLLLILI	1.65514	1.6067	0.584123	0.276169	300.898
LLLYALLFLLTSLTTLLLILI	LLLYGLLFLLTSLTTLLLILI	1.6067	1.39768	0.276169	0.584123	230.526
LLLYGLLFLLTSLTTLLLILI	LLLYGLLYLLTSLTTLLLILI	0.945659	0.801515	0.132101	0.952787	113.597
LLLYGLLYLLTSLTTLLLILI	LLLYGLLYLLTSLTYLLLILI	0.177452	0.272211	0.328724	0.505042	91.2238
LLLYGLLYLLTSLTYLLLILI	LLLYGLLYLLTSLTTLLLILI	0.272211	-0.0800077	0.505042	0.328724	72.8169
LLLYGLLYLLTSLTTLLLILI	LLLYGLLYLLTSLTYLLLILI	-0.0800077	-0.65732	0.328724	0.505042	57.8066
LLLYGLLYLLTSLTYLLLILI	LLLYGLLFLLTSLTYLLLILI	-0.0103834	-0.0452541	1.15198	0.0912572	3.10559
Time: 132s
