***STARTING GEOMETRY:***
xShift: 7.16718
crossingAngle: -44.453
axialRotation: 40.5864
zShift: 3.57596

Number of MCCycles: 100
PrevSequence	CurrSequence	PrevEnergy	CurrEnergy	PrevEntropy	CurrEntropy	CurrentTemp
LLLGLLFGLLFLLLGTLLILI	LLLGLLFGLLFLLLGVLLILI	2.90166	5.34988	0.632162	0.249358	999.684
LLLGLLFGLLFLLLGVLLILI	LLLGLLFGLLFLLLGTLLILI	5.34988	2.07697	0.249358	0.632162	999.328
LLLGLLFGLLFLLLGTLLILI	LLLALLFGLLFLLLGTLLILI	2.51015	3.18308	1.06535	0.107014	998.928
LLLALLFGLLFLLLGTLLILI	LLLGLLFGLLFLLLGTLLILI	3.18308	2.56718	0.107014	1.06535	998.476
LLLGLLFGLLFLLLGTLLILI	LLLGLLTGLLFLLLGTLLILI	1.80666	2.15953	0.30482	0.538845	997.967
LLLGLLTGLLFLLLGTLLILI	LLLGLLFGLLFLLLGTLLILI	2.15953	2.72349	0.538845	0.30482	997.394
LLLGLLFGLLFLLLGTLLILI	LLLGLLTGLLFLLLGTLLILI	2.72349	2.16264	0.30482	0.538845	996.749
LLLGLLTGLLFLLLGTLLILI	LLLALLTGLLFLLLGTLLILI	2.68914	3.21334	1.06535	0.107014	996.023
LLLALLTGLLFLLLGTLLILI	LLLALLFGLLFLLLGTLLILI	3.64517	3.37379	0.538845	0.30482	995.205
LLLALLFGLLFLLLGTLLILI	LLLALLTGLLFLLLGTLLILI	3.37379	3.64517	0.30482	0.538845	994.285
LLLALLTGLLFLLLGTLLILI	LLLALLFGLLFLLLGTLLILI	3.64517	3.33892	0.538845	0.30482	993.249
LLLALLFGLLFLLLGTLLILI	LLLGLLFGLLFLLLGTLLILI	3.14111	4.73419	0.107014	1.06535	992.084
LLLGLLFGLLFLLLGTLLILI	LLLGLLTGLLFLLLGTLLILI	3.97367	2.16264	0.30482	0.538845	990.773
LLLGLLTGLLFLLLGTLLILI	LLLGLLFGLLFLLLGTLLILI	2.16264	2.8871	0.538845	0.30482	989.3
LLLGLLFGLLFLLLGTLLILI	LLLGLLFGLLFWLLGTLLILI	2.78067	1.63256	0.198389	0.743646	987.644
LLLGLLFGLLFWLLGTLLILI	LLLALLFGLLFWLLGTLLILI	1.95426	0.395722	1.06535	0.107014	985.783
LLLALLFGLLFWLLGTLLILI	LLLALLTGLLFWLLGTLLILI	0.593529	0.895884	0.30482	0.538845	981.348
LLLALLTGLLFWLLGTLLILI	LLLALLFGLLFWLLGTLLILI	0.895884	0.593529	0.538845	0.30482	978.717
LLLALLFGLLFWLLGTLLILI	LLLGLLFGLLFWLLGTLLILI	0.395722	0.786539	0.107014	1.06535	975.768
LLLGLLFGLLFWLLGTLLILI	LLLGLLTGLLFWLLGTLLILI	0.0260123	-0.590353	0.30482	0.538845	972.463
LLLGLLTGLLFWLLGTLLILI	LLLGLLYGLLFWLLGTLLILI	-0.590353	0.314266	0.538845	0.30482	968.764
LLLGLLYGLLFWLLGTLLILI	LLLGLLTGLLFWLLGTLLILI	0.314266	-0.587246	0.30482	0.538845	960.005
LLLGLLTGLLFWLLGTLLILI	LLLALLTGLLFWLLGTLLILI	-0.0607443	0.464052	1.06535	0.107014	954.846
LLLALLTGLLFWLLGTLLILI	LLLALLFGLLFWLLGTLLILI	0.895884	0.593529	0.538845	0.30482	949.095
LLLALLFGLLFWLLGTLLILI	LLLALLTGLLFWLLGTLLILI	0.593529	0.895884	0.30482	0.538845	935.578
LLLALLTGLLFWLLGTLLILI	LLLALLTGLLFYLLGTLLILI	0.955906	2.33746	0.598868	0.267575	927.683
LLLALLTGLLFYLLGTLLILI	LLLGLLTGLLFYLLGTLLILI	2.1769	1.64717	0.107014	1.06535	918.939
LLLGLLTGLLFYLLGTLLILI	LLLGLLFGLLFYLLGTLLILI	1.12067	1.65315	0.538845	0.30482	909.276
LLLGLLFGLLFYLLGTLLILI	LLLGLLTGLLFYLLGTLLILI	1.65315	1.12067	0.30482	0.538845	898.621
LLLGLLTGLLFYLLGTLLILI	LLLALLTGLLFYLLGTLLILI	1.64717	2.1769	1.06535	0.107014	886.903
LLLALLTGLLFYLLGTLLILI	LLLALLTGLLFWLLGTLLILI	2.33746	0.955906	0.267575	0.598868	874.051
LLLALLTGLLFWLLGTLLILI	LLLALLFGLLFWLLGTLLILI	0.895884	0.593529	0.538845	0.30482	859.999
LLLALLFGLLFWLLGTLLILI	LLLALLTGLLFWLLGTLLILI	0.593529	0.895884	0.30482	0.538845	844.686
LLLALLTGLLFWLLGTLLILI	LLLALLFGLLFWLLGTLLILI	0.895884	0.593529	0.538845	0.30482	828.061
LLLALLFGLLFWLLGTLLILI	LLLALLTGLLFWLLGTLLILI	0.593529	0.895884	0.30482	0.538845	810.083
LLLALLTGLLFWLLGTLLILI	LLLALLFGLLFWLLGTLLILI	0.895884	0.593529	0.538845	0.30482	790.724
LLLALLFGLLFWLLGTLLILI	LLLALLTGLLFWLLGTLLILI	0.593529	0.895884	0.30482	0.538845	769.974
LLLALLTGLLFWLLGTLLILI	LLLGLLTGLLFWLLGTLLILI	0.464052	-0.0638521	0.107014	1.06535	747.845
LLLGLLTGLLFWLLGTLLILI	LLLALLTGLLFWLLGTLLILI	-0.0638521	0.464052	1.06535	0.107014	724.369
LLLALLTGLLFWLLGTLLILI	LLLALLFGLLFWLLGTLLILI	0.895884	0.629482	0.538845	0.30482	699.602
LLLALLFGLLFWLLGTLLILI	LLLGLLFGLLFWLLGTLLILI	0.431676	0.739849	0.107014	1.06535	673.628
LLLGLLFGLLFWLLGTLLILI	LLLGLLTGLLFWLLGTLLILI	-0.0206777	-0.551292	0.30482	0.538845	646.557
LLLGLLTGLLFWLLGTLLILI	LLLALLTGLLFWLLGTLLILI	-0.0247911	0.464052	1.06535	0.107014	618.524
LLLALLTGLLFWLLGTLLILI	LLLGLLTGLLFWLLGTLLILI	0.464052	-0.0278988	0.107014	1.06535	589.688
LLLGLLTGLLFWLLGTLLILI	LLLGLLFGLLFWLLGTLLILI	-0.5544	-0.0566309	0.538845	0.30482	530.348
LLLGLLFGLLFWLLGTLLILI	LLLALLFGLLFWLLGTLLILI	0.703896	0.395722	1.06535	0.107014	500.25
LLLALLFGLLFWLLGTLLILI	LLLALLTGLLFWLLGTLLILI	0.593529	0.895884	0.30482	0.538845	470.152
LLLALLTGLLFWLLGTLLILI	LLLGLLTGLLFWLLGTLLILI	0.464052	-0.0278988	0.107014	1.06535	440.27
LLLGLLTGLLFWLLGTLLILI	LLLALLTGLLFWLLGTLLILI	-0.0278988	0.464052	1.06535	0.107014	410.812
LLLALLTGLLFWLLGTLLILI	LLLALLFGLLFWLLGTLLILI	0.895884	0.593529	0.538845	0.30482	381.976
LLLALLFGLLFWLLGTLLILI	LLLGLLFGLLFWLLGTLLILI	0.395722	0.739849	0.107014	1.06535	353.943
LLLGLLFGLLFWLLGTLLILI	LLLGLLTGLLFWLLGTLLILI	-0.0206777	-0.590353	0.30482	0.538845	326.872
LLLGLLTGLLFWLLGTLLILI	LLLALLTGLLFWLLGTLLILI	-0.0638521	0.464052	1.06535	0.107014	300.898
LLLALLTGLLFWLLGTLLILI	LLLALLFGLLFWLLGTLLILI	0.895884	0.593529	0.538845	0.30482	276.131
LLLALLFGLLFWLLGTLLILI	LLLGLLFGLLFWLLGTLLILI	0.395722	0.786539	0.107014	1.06535	230.526
LLLGLLFGLLFWLLGTLLILI	LLLGLLTGLLFWLLGTLLILI	0.0260123	-0.587246	0.30482	0.538845	209.776
LLLGLLTGLLFWLLGTLLILI	LLLALLTGLLFWLLGTLLILI	-0.0607443	0.464052	1.06535	0.107014	190.417
LLLALLTGLLFWLLGTLLILI	LLLALLFGLLFWLLGTLLILI	0.895884	0.593529	0.538845	0.30482	172.439
LLLALLFGLLFWLLGTLLILI	LLLGLLFGLLFWLLGTLLILI	0.395722	0.810331	0.107014	1.06535	155.814
LLLGLLFGLLFWLLGTLLILI	LLLALLFGLLFWLLGTLLILI	0.810331	0.395722	1.06535	0.107014	126.449
LLLALLFGLLFWLLGTLLILI	LLLALLTGLLFWLLGTLLILI	0.593529	0.895884	0.30482	0.538845	101.879
LLLALLTGLLFWLLGTLLILI	LLLALLFGLLFWLLGTLLILI	0.895884	0.593529	0.538845	0.30482	91.2238
LLLALLFGLLFWLLGTLLILI	LLLGLLFGLLFWLLGTLLILI	0.395722	0.739849	0.107014	1.06535	64.9219
LLLGLLFGLLFWLLGTLLILI	LLLALLFGLLFWLLGTLLILI	0.739849	0.395722	1.06535	0.107014	57.8066
Time: 100s
