MCAccept 0 xShift: 6.62 crossingAngle: -35.73 axialRotation: -62.58 zShift: 4.60246 energy: 18087
MCAccept 1 xShift: 6.62 crossingAngle: -35.73 axialRotation: -62.5478 zShift: 4.60246 energy: 18087
MCAccept 2 xShift: 6.61661 crossingAngle: -35.73 axialRotation: -62.5478 zShift: 4.60246 energy: 18087
MCAccept 3 xShift: 6.61661 crossingAngle: -35.73 axialRotation: -62.5379 zShift: 4.60246 energy: 18087
MCAccept 4 xShift: 6.61661 crossingAngle: -35.73 axialRotation: -62.6263 zShift: 4.60246 energy: 18087
MCAccept 5 xShift: 6.61661 crossingAngle: -35.9765 axialRotation: -62.6263 zShift: 4.60246 energy: 18087
MCReject   xShift: 6.61661 crossingAngle: -36.0509 axialRotation: -62.6263 zShift: 4.60246 energy: 18087.4
MCAccept 6 xShift: 6.61661 crossingAngle: -35.8348 axialRotation: -62.6263 zShift: 4.60246 energy: 18087
MCReject   xShift: 6.61661 crossingAngle: -35.8348 axialRotation: -62.6263 zShift: 4.5975 energy: 18465.2
MCAccept 7 xShift: 6.61661 crossingAngle: -35.8348 axialRotation: -62.6263 zShift: 4.63713 energy: 15678.4
MCReject   xShift: 6.61661 crossingAngle: -35.8348 axialRotation: -62.6263 zShift: 4.63493 energy: 15819.6
MCReject   xShift: 6.61661 crossingAngle: -35.8279 axialRotation: -62.6263 zShift: 4.63713 energy: 15678.8
MCAccept 8 xShift: 6.61661 crossingAngle: -35.8348 axialRotation: -62.6721 zShift: 4.63713 energy: 15678.4
MCAccept 9 xShift: 6.60463 crossingAngle: -35.8348 axialRotation: -62.6721 zShift: 4.63713 energy: 15678.4
MCAccept 10 xShift: 6.58939 crossingAngle: -35.8348 axialRotation: -62.6721 zShift: 4.63713 energy: 15678.4
MCAccept 11 xShift: 6.58939 crossingAngle: -35.8348 axialRotation: -62.6675 zShift: 4.63713 energy: 15678.4
MCReject   xShift: 6.58939 crossingAngle: -35.8348 axialRotation: -62.6675 zShift: 4.63011 energy: 16134.8
MCAccept 12 xShift: 6.58939 crossingAngle: -35.7714 axialRotation: -62.6675 zShift: 4.63713 energy: 15678.4
MCAccept 13 xShift: 6.58939 crossingAngle: -35.7714 axialRotation: -62.6675 zShift: 4.6512 energy: 14809.1
MCAccept 14 xShift: 6.58939 crossingAngle: -35.7714 axialRotation: -62.6675 zShift: 4.65844 energy: 14384.2
MCReject   xShift: 6.58939 crossingAngle: -35.7714 axialRotation: -62.6675 zShift: 4.65411 energy: 14636.5
MCAccept 15 xShift: 6.58939 crossingAngle: -35.6012 axialRotation: -62.6675 zShift: 4.65844 energy: 14384.2
MCAccept 16 xShift: 6.5834 crossingAngle: -35.6012 axialRotation: -62.6675 zShift: 4.65844 energy: 14384.2
MCAccept 17 xShift: 6.58981 crossingAngle: -35.6012 axialRotation: -62.6675 zShift: 4.65844 energy: 14384.2
MCAccept 18 xShift: 6.58981 crossingAngle: -35.4982 axialRotation: -62.6675 zShift: 4.65844 energy: 14384.3
MCAccept 19 xShift: 6.59541 crossingAngle: -35.4982 axialRotation: -62.6675 zShift: 4.65844 energy: 14384.2
MCAccept 20 xShift: 6.59541 crossingAngle: -35.4624 axialRotation: -62.6675 zShift: 4.65844 energy: 14384.2
MCAccept 21 xShift: 6.59541 crossingAngle: -35.4624 axialRotation: -62.6675 zShift: 4.65953 energy: 14321.6
MCReject   xShift: 6.59541 crossingAngle: -35.4624 axialRotation: -62.5299 zShift: 4.65953 energy: 14322
MCReject   xShift: 6.59541 crossingAngle: -35.4624 axialRotation: -62.6675 zShift: 4.65221 energy: 14749
MCAccept 22 xShift: 6.59939 crossingAngle: -35.4624 axialRotation: -62.6675 zShift: 4.65953 energy: 14321.6
MCAccept 23 xShift: 6.60077 crossingAngle: -35.4624 axialRotation: -62.6675 zShift: 4.65953 energy: 14321.6
MCAccept 24 xShift: 6.60077 crossingAngle: -35.4354 axialRotation: -62.6675 zShift: 4.65953 energy: 14321.6
MCAccept 25 xShift: 6.60077 crossingAngle: -35.4354 axialRotation: -62.5418 zShift: 4.65953 energy: 14321.6
MCAccept 26 xShift: 6.60077 crossingAngle: -35.4354 axialRotation: -62.5418 zShift: 4.66954 energy: 13761
MCAccept 27 xShift: 6.60077 crossingAngle: -35.4354 axialRotation: -62.5418 zShift: 4.68066 energy: 13168.6
MCReject   xShift: 6.61135 crossingAngle: -35.4354 axialRotation: -62.5418 zShift: 4.68066 energy: 13169
MCAccept 28 xShift: 6.58301 crossingAngle: -35.4354 axialRotation: -62.5418 zShift: 4.68066 energy: 13168.6
MCAccept 29 xShift: 6.58301 crossingAngle: -35.41 axialRotation: -62.5418 zShift: 4.68066 energy: 13168.6
MCAccept 30 xShift: 6.58301 crossingAngle: -35.5495 axialRotation: -62.5418 zShift: 4.68066 energy: 13168.6
MCReject   xShift: 6.58301 crossingAngle: -35.6072 axialRotation: -62.5418 zShift: 4.68066 energy: 13169
MCAccept 31 xShift: 6.57583 crossingAngle: -35.5495 axialRotation: -62.5418 zShift: 4.68066 energy: 13168.6
MCAccept 32 xShift: 6.57583 crossingAngle: -35.6549 axialRotation: -62.5418 zShift: 4.68066 energy: 13168.6
MCAccept 33 xShift: 6.57583 crossingAngle: -36.0326 axialRotation: -62.5418 zShift: 4.68066 energy: 13168.6
MCAccept 34 xShift: 6.57583 crossingAngle: -36.0359 axialRotation: -62.5418 zShift: 4.68066 energy: 13168.6
MCReject   xShift: 6.57583 crossingAngle: -36.0359 axialRotation: -62.5418 zShift: 4.67226 energy: 13613
MCReject   xShift: 6.57583 crossingAngle: -36.0582 axialRotation: -62.5418 zShift: 4.68066 energy: 13169
MCAccept 35 xShift: 6.56613 crossingAngle: -36.0359 axialRotation: -62.5418 zShift: 4.68066 energy: 13169
MCAccept 36 xShift: 6.56613 crossingAngle: -36.1468 axialRotation: -62.5418 zShift: 4.68066 energy: 13168.6
MCAccept 37 xShift: 6.56613 crossingAngle: -36.1697 axialRotation: -62.5418 zShift: 4.68066 energy: 13168.6
MCAccept 38 xShift: 6.56445 crossingAngle: -36.1697 axialRotation: -62.5418 zShift: 4.68066 energy: 13168.6
MCReject   xShift: 6.56445 crossingAngle: -36.1697 axialRotation: -62.5418 zShift: 4.66869 energy: 13807.2
MCReject   xShift: 6.56445 crossingAngle: -36.0749 axialRotation: -62.5418 zShift: 4.68066 energy: 13169
MCAccept 39 xShift: 6.56445 crossingAngle: -36.1697 axialRotation: -62.5418 zShift: 4.68153 energy: 13123.7
MCAccept 40 xShift: 6.5539 crossingAngle: -36.1697 axialRotation: -62.5418 zShift: 4.68153 energy: 13123.7
MCAccept 41 xShift: 6.5539 crossingAngle: -35.9947 axialRotation: -62.5418 zShift: 4.68153 energy: 13123.7
MCReject   xShift: 6.5539 crossingAngle: -35.9785 axialRotation: -62.5418 zShift: 4.68153 energy: 13124.1
MCAccept 42 xShift: 6.5539 crossingAngle: -35.9112 axialRotation: -62.5418 zShift: 4.68153 energy: 13123.7
MCAccept 43 xShift: 6.54587 crossingAngle: -35.9112 axialRotation: -62.5418 zShift: 4.68153 energy: 13123.7
MCAccept 44 xShift: 6.54817 crossingAngle: -35.9112 axialRotation: -62.5418 zShift: 4.68153 energy: 13123.7
MCAccept 45 xShift: 6.54817 crossingAngle: -35.9112 axialRotation: -62.5934 zShift: 4.68153 energy: 13123.7
MCAccept 46 xShift: 6.54817 crossingAngle: -35.7421 axialRotation: -62.5934 zShift: 4.68153 energy: 13123.7
MCAccept 47 xShift: 6.54817 crossingAngle: -35.7421 axialRotation: -62.8601 zShift: 4.68153 energy: 13123.7
MCAccept 48 xShift: 6.54817 crossingAngle: -35.7421 axialRotation: -62.8551 zShift: 4.68153 energy: 13123.7
MCAccept 49 xShift: 6.55424 crossingAngle: -35.7421 axialRotation: -62.8551 zShift: 4.68153 energy: 13124.1
MCAccept 50 xShift: 6.55898 crossingAngle: -35.7421 axialRotation: -62.8551 zShift: 4.68153 energy: 13123.7
MCAccept 51 xShift: 6.57552 crossingAngle: -35.7421 axialRotation: -62.8551 zShift: 4.68153 energy: 13123.7
MCAccept 52 xShift: 6.58049 crossingAngle: -35.7421 axialRotation: -62.8551 zShift: 4.68153 energy: 13123.7
MCAccept 53 xShift: 6.58049 crossingAngle: -35.7421 axialRotation: -62.8639 zShift: 4.68153 energy: 13123.7
MCAccept 54 xShift: 6.59319 crossingAngle: -35.7421 axialRotation: -62.8639 zShift: 4.68153 energy: 13123.7
MCReject   xShift: 6.59319 crossingAngle: -35.7421 axialRotation: -62.8639 zShift: 4.67221 energy: 13616
MCAccept 55 xShift: 6.59319 crossingAngle: -35.7421 axialRotation: -62.9797 zShift: 4.68153 energy: 13123.7
MCReject   xShift: 6.59319 crossingAngle: -35.4824 axialRotation: -62.9797 zShift: 4.68153 energy: 13124.1
MCReject   xShift: 6.59366 crossingAngle: -35.7421 axialRotation: -62.9797 zShift: 4.68153 energy: 13124.1
MCAccept 56 xShift: 6.60706 crossingAngle: -35.7421 axialRotation: -62.9797 zShift: 4.68153 energy: 13123.7
MCAccept 57 xShift: 6.5918 crossingAngle: -35.7421 axialRotation: -62.9797 zShift: 4.68153 energy: 13123.7
MCAccept 58 xShift: 6.59353 crossingAngle: -35.7421 axialRotation: -62.9797 zShift: 4.68153 energy: 13123.7
MCAccept 59 xShift: 6.59353 crossingAngle: -35.6049 axialRotation: -62.9797 zShift: 4.68153 energy: 13123.7
MCAccept 60 xShift: 6.60536 crossingAngle: -35.6049 axialRotation: -62.9797 zShift: 4.68153 energy: 13123.7
MCAccept 61 xShift: 6.60536 crossingAngle: -35.4026 axialRotation: -62.9797 zShift: 4.68153 energy: 13123.7
MCReject   xShift: 6.60536 crossingAngle: -35.4026 axialRotation: -62.9797 zShift: 4.67769 energy: 13324.2
MCAccept 62 xShift: 6.60276 crossingAngle: -35.4026 axialRotation: -62.9797 zShift: 4.68153 energy: 13123.7
MCAccept 63 xShift: 6.61034 crossingAngle: -35.4026 axialRotation: -62.9797 zShift: 4.68153 energy: 13123.7
MCReject   xShift: 6.61034 crossingAngle: -35.4026 axialRotation: -62.9797 zShift: 4.6761 energy: 13407.6
MCAccept 64 xShift: 6.61034 crossingAngle: -35.4026 axialRotation: -62.9797 zShift: 4.69076 energy: 12657.8
MCAccept 65 xShift: 6.61034 crossingAngle: -35.2055 axialRotation: -62.9797 zShift: 4.69076 energy: 12657.8
MCReject   xShift: 6.61034 crossingAngle: -35.0935 axialRotation: -62.9797 zShift: 4.69076 energy: 12658.2
MCAccept 66 xShift: 6.61034 crossingAngle: -35.2055 axialRotation: -62.8932 zShift: 4.69076 energy: 12657.8
MCAccept 67 xShift: 6.61034 crossingAngle: -35.2055 axialRotation: -63.141 zShift: 4.69076 energy: 12657.9
MCAccept 68 xShift: 6.61034 crossingAngle: -35.3056 axialRotation: -63.141 zShift: 4.69076 energy: 12657.8
MCAccept 69 xShift: 6.61034 crossingAngle: -35.3396 axialRotation: -63.141 zShift: 4.69076 energy: 12657.8
MCAccept 70 xShift: 6.61034 crossingAngle: -35.3396 axialRotation: -63.0011 zShift: 4.69076 energy: 12657.9
MCAccept 71 xShift: 6.61034 crossingAngle: -35.3396 axialRotation: -63.0011 zShift: 4.69611 energy: 12397.6
MCAccept 72 xShift: 6.61034 crossingAngle: -35.3396 axialRotation: -63.0272 zShift: 4.69611 energy: 12397.6
MCAccept 73 xShift: 6.61034 crossingAngle: -35.387 axialRotation: -63.0272 zShift: 4.69611 energy: 12397.6
MCReject   xShift: 6.61034 crossingAngle: -35.3297 axialRotation: -63.0272 zShift: 4.69611 energy: 12397.6
MCAccept 74 xShift: 6.59975 crossingAngle: -35.387 axialRotation: -63.0272 zShift: 4.69611 energy: 12397.6
MCAccept 75 xShift: 6.58507 crossingAngle: -35.387 axialRotation: -63.0272 zShift: 4.69611 energy: 12397.6
MCReject   xShift: 6.58384 crossingAngle: -35.387 axialRotation: -63.0272 zShift: 4.69611 energy: 12398
MCAccept 76 xShift: 6.58507 crossingAngle: -35.5252 axialRotation: -63.0272 zShift: 4.69611 energy: 12397.6
MCAccept 77 xShift: 6.57854 crossingAngle: -35.5252 axialRotation: -63.0272 zShift: 4.69611 energy: 12397.6
MCReject   xShift: 6.57854 crossingAngle: -35.5252 axialRotation: -63.0272 zShift: 4.68982 energy: 12704.6
MCAccept 78 xShift: 6.59334 crossingAngle: -35.5252 axialRotation: -63.0272 zShift: 4.69611 energy: 12397.6
MCReject   xShift: 6.59334 crossingAngle: -35.5252 axialRotation: -63.0801 zShift: 4.69611 energy: 12398
MCAccept 79 xShift: 6.59334 crossingAngle: -35.7199 axialRotation: -63.0272 zShift: 4.69611 energy: 12397.6
MCAccept 80 xShift: 6.59334 crossingAngle: -35.7199 axialRotation: -63.0991 zShift: 4.69611 energy: 12397.6
MCAccept 81 xShift: 6.59334 crossingAngle: -35.5857 axialRotation: -63.0991 zShift: 4.69611 energy: 12397.6
MCAccept 82 xShift: 6.59334 crossingAngle: -35.725 axialRotation: -63.0991 zShift: 4.69611 energy: 12397.6
MCReject   xShift: 6.59334 crossingAngle: -35.725 axialRotation: -63.0991 zShift: 4.68218 energy: 13090.3
MCAccept 83 xShift: 6.60708 crossingAngle: -35.725 axialRotation: -63.0991 zShift: 4.69611 energy: 12397.6
MCAccept 84 xShift: 6.60708 crossingAngle: -35.725 axialRotation: -63.0991 zShift: 4.70893 energy: 11799.7
MCReject   xShift: 6.60708 crossingAngle: -35.725 axialRotation: -63.0991 zShift: 4.70315 energy: 12064.8
MCReject   xShift: 6.60708 crossingAngle: -35.6875 axialRotation: -63.0991 zShift: 4.70893 energy: 11800.1
MCAccept 85 xShift: 6.60708 crossingAngle: -35.6096 axialRotation: -63.0991 zShift: 4.70893 energy: 11799.7
MCReject   xShift: 6.60708 crossingAngle: -35.6843 axialRotation: -63.0991 zShift: 4.70893 energy: 11799.7
MCReject   xShift: 6.60708 crossingAngle: -35.6096 axialRotation: -63.0991 zShift: 4.69664 energy: 12372.2
MCReject   xShift: 6.60708 crossingAngle: -35.6096 axialRotation: -62.9836 zShift: 4.70893 energy: 11799.7
MCReject   xShift: 6.62255 crossingAngle: -35.6096 axialRotation: -63.0991 zShift: 4.70893 energy: 11799.7
MCAccept 86 xShift: 6.60708 crossingAngle: -35.7204 axialRotation: -63.0991 zShift: 4.70893 energy: 11799.7
MCAccept 87 xShift: 6.60371 crossingAngle: -35.7204 axialRotation: -63.0991 zShift: 4.70893 energy: 11799.7
MCAccept 88 xShift: 6.6033 crossingAngle: -35.7204 axialRotation: -63.0991 zShift: 4.70893 energy: 11799.7
MCAccept 89 xShift: 6.6033 crossingAngle: -35.7204 axialRotation: -63.0991 zShift: 4.71647 energy: 11465.5
MCAccept 90 xShift: 6.59865 crossingAngle: -35.7204 axialRotation: -63.0991 zShift: 4.71647 energy: 11465.5
MCAccept 91 xShift: 6.59865 crossingAngle: -35.6281 axialRotation: -63.0991 zShift: 4.71647 energy: 11465.5
MCAccept 92 xShift: 6.59865 crossingAngle: -35.6281 axialRotation: -62.9901 zShift: 4.71647 energy: 11465.5
MCAccept 93 xShift: 6.59865 crossingAngle: -35.6902 axialRotation: -62.9901 zShift: 4.71647 energy: 11465.5
MCAccept 94 xShift: 6.59865 crossingAngle: -35.6902 axialRotation: -62.9901 zShift: 4.72707 energy: 11016
MCReject   xShift: 6.60617 crossingAngle: -35.6902 axialRotation: -62.9901 zShift: 4.72707 energy: 11016.4
MCReject   xShift: 6.59865 crossingAngle: -35.6902 axialRotation: -63.0438 zShift: 4.72707 energy: 11016
MCAccept 95 xShift: 6.59865 crossingAngle: -35.6902 axialRotation: -63.0436 zShift: 4.72707 energy: 11016
MCAccept 96 xShift: 6.59865 crossingAngle: -35.6902 axialRotation: -63.212 zShift: 4.72707 energy: 11016
MCReject   xShift: 6.59865 crossingAngle: -35.6902 axialRotation: -63.212 zShift: 4.72324 energy: 11175.9
MCReject   xShift: 6.59865 crossingAngle: -35.6902 axialRotation: -63.212 zShift: 4.71017 energy: 11744.2
MCReject   xShift: 6.59837 crossingAngle: -35.6902 axialRotation: -63.212 zShift: 4.72707 energy: 11016
MCAccept 97 xShift: 6.59865 crossingAngle: -35.6902 axialRotation: -63.212 zShift: 4.73866 energy: 10550.5
MCReject   xShift: 6.59865 crossingAngle: -35.6902 axialRotation: -63.2602 zShift: 4.73866 energy: 10550.5
MCAccept 98 xShift: 6.59865 crossingAngle: -35.5448 axialRotation: -63.212 zShift: 4.73866 energy: 10550.5
MCReject   xShift: 6.59865 crossingAngle: -35.5448 axialRotation: -63.2583 zShift: 4.73866 energy: 10550.9
MCAccept 99 xShift: 6.59829 crossingAngle: -35.5448 axialRotation: -63.212 zShift: 4.73866 energy: 10550.5
Energy #0: 10550.5
***GEOMETRY SHIFT***
xShift;        Before: 6.62; After: 6.59829
crossingAngle; Before: -35.73; After: -35.5448
axialRotation; Before: -62.58; After: -63.212
zShift;        Before: 4.64; After: 4.73866
Energy;        Before: 1.53096e+10; After: 10550.5

Completed all cycles. Accepted 100/139
Monte Carlo repack complete. Time: 27.1min

Final energy is 10550.5 after repack, indicating clashes. Choose a different geometry
