***STARTING GEOMETRY:***
xShift: 6.59829
crossingAngle: -35.5448
axialRotation: -63.212
zShift: 4.73866

Number of MCCycles: 200
PrevSequence	CurrSequence	PrevEnergy	CurrEnergy	PrevEntropy	CurrEntropy	CurrentTemp
LLLTGLLFALLGSLLGFLILI	LLLTGLLYALLGSLLGFLILI	11497.5	10571	0.410343	0.410343	999.847
LLLTGLLYALLGSLLGFLILI	LLLTGLLFALLGSLLGFLILI	10571	10569.6	0.410343	0.410343	999.684
LLLTGLLFALLGSLLGFLILI	LLLTGLLFALLGSLLGYLILI	10569.6	10569.6	0.410343	0.410343	999.512
LLLTGLLFALLGSLLGYLILI	LLLTGLLYALLGSLLGYLILI	10569.3	10571.1	0.132101	0.952787	999.328
LLLTGLLYALLGSLLGYLILI	LLLTGLLYALLGTLLGYLILI	10570.4	10569	0.220804	0.690823	999.134
LLLTGLLYALLGTLLGYLILI	LLLTGLLYALLGSLLGYLILI	10569	10570	0.690823	0.220804	998.928
LLLTGLLYALLGSLLGYLILI	LLLTGLLYALLGSLLGFLILI	10570.7	10570.5	0.952787	0.132101	998.708
LLLTGLLYALLGSLLGFLILI	LLLTGLLYALLGTLLGFLILI	10570.6	10569.7	0.220804	0.690823	998.476
LLLTGLLYALLGTLLGFLILI	LLLYGLLYALLGTLLGFLILI	10569.3	10570.3	0.328724	0.505042	998.229
LLLYGLLYALLGTLLGFLILI	LLLYGLLYALLGTLLGTLILI	10570	10569.6	0.171816	0.816184	997.967
LLLYGLLYALLGTLLGTLILI	LLLYGLLYALLGTLLGWLILI	10569.2	10570.2	0.363705	0.460972	997.689
LLLYGLLYALLGTLLGWLILI	LLLYGLLGALLGTLLGWLILI	10570.1	10569.5	0.369715	0.453966	997.394
LLLYGLLGALLGTLLGWLILI	LLLTGLLGALLGTLLGWLILI	10569.4	10569.9	0.30482	0.538845	997.081
LLLTGLLGALLGTLLGWLILI	LLLTGLLGALLGTLLGYLILI	10570	10568.7	0.598868	0.267575	996.749
LLLTGLLGALLGTLLGYLILI	LLLYGLLGALLGTLLGYLILI	10568.8	10568.6	0.328724	0.505042	996.397
LLLYGLLGALLGTLLGYLILI	LLLTGLLGALLGTLLGYLILI	10568.6	10569.2	0.505042	0.328724	996.023
LLLTGLLGALLGTLLGYLILI	LLLTGLLGALLGTLLGTLILI	10569.1	10569.2	0.219549	0.693609	995.626
LLLTGLLGALLGTLLGTLILI	LLLYGLLGALLGTLLGTLILI	10569.2	10568.4	0.693609	0.219549	995.205
LLLYGLLGALLGTLLGTLILI	LLLTGLLGALLGTLLGTLILI	10568.4	10569.2	0.219549	0.693609	994.758
LLLTGLLGALLGTLLGTLILI	LLLTGLLFALLGTLLGTLILI	10569.6	10566.6	1.02112	0.116183	994.285
LLLTGLLFALLGTLLGTLILI	LLLTGLLFALLGFLLGTLILI	10567.2	10563.8	0.693609	0.219549	993.782
LLLTGLLFALLGFLLGTLILI	LLLTGLLFALLGFLLATLILI	10564.3	10566.2	0.745602	0.197612	993.249
LLLTGLLFALLGFLLATLILI	LLLYGLLFALLGFLLATLILI	10566.5	10567.7	0.538845	0.30482	992.683
LLLYGLLFALLGFLLATLILI	LLLYGLLFALLGFLLAVLILI	10568.1	10572.5	0.632162	0.249358	992.084
LLLYGLLFALLGFLLAVLILI	LLLYGLLFALLGFLLGVLILI	10572.5	10572.5	0.197612	0.745602	991.448
LLLYGLLFALLGFLLGVLILI	LLLYGLLFALLGFLLGTLILI	10572	10567.6	0.249358	0.632162	990.773
LLLYGLLFALLGFLLGTLILI	LLLYGLLGALLGFLLGTLILI	10567.2	10567.3	0.213262	0.707856	990.058
LLLYGLLGALLGFLLGTLILI	LLLYGLLGALLGTLLGTLILI	10566.8	10568.1	0.171816	0.816184	989.3
LLLYGLLGALLGTLLGTLILI	LLLYGLLGALLGFLLGTLILI	10568.1	10566.8	0.816184	0.171816	988.496
LLLYGLLGALLGFLLGTLILI	LLLYTLLGALLGFLLGTLILI	10567.2	10559.2	0.55485	0.29428	987.644
LLLYTLLGALLGFLLGTLILI	LLLTTLLGALLGFLLGTLILI	10559.1	10559.4	0.219549	0.693609	985.783
LLLTTLLGALLGFLLGTLILI	LLLTTLLGALLGFLLATLILI	10559.5	10559.6	0.745602	0.197612	983.694
LLLTTLLGALLGFLLATLILI	LLLYTLLGALLGFLLATLILI	10560.1	10559.9	0.693609	0.219549	982.555
LLLYTLLGALLGFLLATLILI	LLLYTLLGALLGFLLGTLILI	10559.8	10560.1	0.197612	0.745602	981.348
LLLYTLLGALLGFLLGTLILI	LLLYTLLGALLGWLLGTLILI	10559.5	10560.2	0.148778	0.890414	978.717
LLLYTLLGALLGWLLGTLILI	LLLYTLLGALLGFLLGTLILI	10560.2	10559.1	0.890414	0.148778	977.285
LLLYTLLGALLGFLLGTLILI	LLLTTLLGALLGFLLGTLILI	10559.1	10559.4	0.219549	0.693609	975.768
LLLTTLLGALLGFLLGTLILI	LLLTTLLGALLGFLLATLILI	10559.5	10559.6	0.745602	0.197612	974.162
LLLTTLLGALLGFLLATLILI	LLLTTLLGALLGFLLGTLILI	10559.6	10559.5	0.197612	0.745602	972.463
LLLTTLLGALLGFLLGTLILI	LLLTTLLGALLGFLLATLILI	10559.5	10559.6	0.745602	0.197612	970.666
LLLTTLLGALLGFLLATLILI	LLLTTLLGALLGFLLGTLILI	10559.6	10559.5	0.197612	0.745602	966.754
LLLTTLLGALLGFLLGTLILI	LLLYTLLGALLGFLLGTLILI	10559.4	10559.2	0.693609	0.219549	964.627
LLLYTLLGALLGFLLGTLILI	LLLYTLLGALLGWLLGTLILI	10559.2	10560.3	0.148778	0.890414	962.38
LLLYTLLGALLGWLLGTLILI	LLLYTLLGALLGFLLGTLILI	10560.3	10559.1	0.890414	0.148778	960.005
LLLYTLLGALLGFLLGTLILI	LLLTTLLGALLGFLLGTLILI	10559.1	10559.8	0.219549	0.693609	957.496
LLLTTLLGALLGFLLGTLILI	LLLTTLLGALLGWLLGTLILI	10559.3	10560	0.148778	0.890414	954.846
LLLTTLLGALLGWLLGTLILI	LLLYTLLGALLGWLLGTLILI	10559.8	10559.6	0.693609	0.219549	952.048
LLLYTLLGALLGWLLGTLILI	LLLYTLLGALLGFLLGTLILI	10560.3	10559.1	0.890414	0.148778	949.095
LLLYTLLGALLGFLLGTLILI	LLLYTLLGALLGFLLATLILI	10559.7	10560.2	0.745602	0.197612	945.979
LLLYTLLGALLGFLLATLILI	LLLYTLLGALLGFLLGTLILI	10560.2	10559.7	0.197612	0.745602	942.693
LLLYTLLGALLGFLLGTLILI	LLLYTLLGALLGFLLATLILI	10559.7	10559.8	0.745602	0.197612	939.229
LLLYTLLGALLGFLLATLILI	LLLYTLLGALLGFLLGTLILI	10559.8	10559.8	0.197612	0.745602	931.732
LLLYTLLGALLGFLLGTLILI	LLLYTLLGALLGFLLATLILI	10559.8	10559.8	0.745602	0.197612	927.683
LLLYTLLGALLGFLLATLILI	LLLTTLLGALLGFLLATLILI	10559.9	10560.1	0.219549	0.693609	923.422
LLLTTLLGALLGFLLATLILI	LLLYTLLGALLGFLLATLILI	10560.1	10559.8	0.693609	0.219549	918.939
LLLYTLLGALLGFLLATLILI	LLLTTLLGALLGFLLATLILI	10559.8	10560.1	0.219549	0.693609	914.227
LLLTTLLGALLGFLLATLILI	LLLYTLLGALLGFLLATLILI	10560.1	10559.9	0.693609	0.219549	909.276
LLLYTLLGALLGFLLATLILI	LLLYTLLGALLGWLLATLILI	10559.8	10565.4	0.148778	0.890414	892.899
LLLYTLLGALLGWLLATLILI	LLLYTLLGALLGWLLGTLILI	10564.7	10560.1	0.197612	0.745602	886.903
LLLYTLLGALLGWLLGTLILI	LLLTTLLGALLGWLLGTLILI	10559.6	10559.8	0.219549	0.693609	880.623
LLLTTLLGALLGWLLGTLILI	LLLYTLLGALLGWLLGTLILI	10559.8	10559.6	0.693609	0.219549	874.051
LLLYTLLGALLGWLLGTLILI	LLLYTLLGALLGFLLGTLILI	10560.3	10559.1	0.890414	0.148778	867.179
LLLYTLLGALLGFLLGTLILI	LLLYTLLGALLGFLLATLILI	10559.7	10560.2	0.745602	0.197612	859.999
LLLYTLLGALLGFLLATLILI	LLLYTLLGALLGFLLGTLILI	10560.2	10559.7	0.197612	0.745602	852.504
LLLYTLLGALLGFLLGTLILI	LLLTTLLGALLGFLLGTLILI	10559.1	10559.4	0.219549	0.693609	844.686
LLLTTLLGALLGFLLGTLILI	LLLYTLLGALLGFLLGTLILI	10559.4	10559.1	0.693609	0.219549	836.541
LLLYTLLGALLGFLLGTLILI	LLLTTLLGALLGFLLGTLILI	10559.1	10559.4	0.219549	0.693609	828.061
LLLTTLLGALLGFLLGTLILI	LLLTTLLGALLGFLLATLILI	10559.5	10559.6	0.745602	0.197612	819.243
LLLTTLLGALLGFLLATLILI	LLLYTLLGALLGFLLATLILI	10560.1	10560.2	0.693609	0.219549	810.083
LLLYTLLGALLGFLLATLILI	LLLYTLLGALLGFLLGTLILI	10560.2	10560.1	0.197612	0.745602	800.577
LLLYTLLGALLGFLLGTLILI	LLLYTLLGALLGFLLATLILI	10560.1	10559.8	0.745602	0.197612	790.724
LLLYTLLGALLGFLLATLILI	LLLTTLLGALLGFLLATLILI	10559.8	10560.1	0.219549	0.693609	780.523
LLLTTLLGALLGFLLATLILI	LLLYTLLGALLGFLLATLILI	10560.1	10559.9	0.693609	0.219549	769.974
LLLYTLLGALLGFLLATLILI	LLLYTLLGALLGFLLGTLILI	10559.8	10559.7	0.197612	0.745602	759.081
LLLYTLLGALLGFLLGTLILI	LLLYTLLGALLGWLLGTLILI	10559.1	10560.3	0.148778	0.890414	747.845
LLLYTLLGALLGWLLGTLILI	LLLYTLLGALLGFLLGTLILI	10560.3	10559.2	0.890414	0.148778	736.272
LLLYTLLGALLGFLLGTLILI	LLLTTLLGALLGFLLGTLILI	10559.2	10559.4	0.219549	0.693609	724.369
LLLTTLLGALLGFLLGTLILI	LLLTTLLGALLGWLLGTLILI	10558.9	10560	0.148778	0.890414	712.142
LLLTTLLGALLGWLLGTLILI	LLLYTLLGALLGWLLGTLILI	10559.8	10559.5	0.693609	0.219549	699.602
LLLYTLLGALLGWLLGTLILI	LLLYTLLGALLGFLLGTLILI	10560.2	10559.6	0.890414	0.148778	686.76
LLLYTLLGALLGFLLGTLILI	LLLYTLLGALLGFLLATLILI	10560.2	10559.8	0.745602	0.197612	673.628
LLLYTLLGALLGFLLATLILI	LLLYTLLGALLGFLLGTLILI	10559.8	10560.1	0.197612	0.745602	660.222
LLLYTLLGALLGFLLGTLILI	LLLYTLLGALLGFLLATLILI	10560.1	10559.8	0.745602	0.197612	646.557
LLLYTLLGALLGFLLATLILI	LLLYTLLGALLGFLLGTLILI	10559.8	10559.7	0.197612	0.745602	632.651
LLLYTLLGALLGFLLGTLILI	LLLYTLLGALLGWLLGTLILI	10559.1	10560.3	0.148778	0.890414	618.524
LLLYTLLGALLGWLLGTLILI	LLLTTLLGALLGWLLGTLILI	10559.6	10559.8	0.219549	0.693609	589.688
LLLTTLLGALLGWLLGTLILI	LLLYTLLGALLGWLLGTLILI	10559.8	10559.5	0.693609	0.219549	575.025
LLLYTLLGALLGWLLGTLILI	LLLTTLLGALLGWLLGTLILI	10559.5	10559.8	0.219549	0.693609	560.23
LLLTTLLGALLGWLLGTLILI	LLLYTLLGALLGWLLGTLILI	10559.8	10559.6	0.693609	0.219549	545.329
LLLYTLLGALLGWLLGTLILI	LLLTTLLGALLGWLLGTLILI	10559.6	10559.8	0.219549	0.693609	515.312
LLLTTLLGALLGWLLGTLILI	LLLTTLLGALLGFLLGTLILI	10560	10558.9	0.890414	0.148778	485.188
LLLTTLLGALLGFLLGTLILI	LLLTTLLGALLGFLLATLILI	10559.5	10560	0.745602	0.197612	470.152
LLLTTLLGALLGFLLATLILI	LLLYTLLGALLGFLLATLILI	10560.5	10559.8	0.693609	0.219549	455.171
LLLYTLLGALLGFLLATLILI	LLLYTLLGALLGFLLGTLILI	10559.8	10559.7	0.197612	0.745602	440.27
LLLYTLLGALLGFLLGTLILI	LLLYTLLGALLGFLLATLILI	10559.7	10559.8	0.745602	0.197612	425.475
LLLYTLLGALLGFLLATLILI	LLLYTLLGALLGFLLGTLILI	10559.8	10559.7	0.197612	0.745602	410.812
LLLYTLLGALLGFLLGTLILI	LLLYTLLGALLGFLLATLILI	10559.7	10559.8	0.745602	0.197612	396.304
LLLYTLLGALLGFLLATLILI	LLLYTLLGALLGFLLGTLILI	10559.8	10560.1	0.197612	0.745602	381.976
LLLYTLLGALLGFLLGTLILI	LLLYTLLGALLGFLLATLILI	10560.1	10559.8	0.745602	0.197612	353.943
LLLYTLLGALLGFLLATLILI	LLLTTLLGALLGFLLATLILI	10559.8	10560.1	0.219549	0.693609	340.278
LLLTTLLGALLGFLLATLILI	LLLYTLLGALLGFLLATLILI	10560.1	10559.8	0.693609	0.219549	326.872
LLLYTLLGALLGFLLATLILI	LLLTTLLGALLGFLLATLILI	10559.8	10560.1	0.219549	0.693609	313.74
LLLTTLLGALLGFLLATLILI	LLLTTLLGALLGFLLGTLILI	10559.6	10559.5	0.197612	0.745602	300.898
LLLTTLLGALLGFLLGTLILI	LLLTTLLGALLGFLLATLILI	10559.5	10559.6	0.745602	0.197612	288.358
LLLTTLLGALLGFLLATLILI	LLLYTLLGALLGFLLATLILI	10560.1	10559.8	0.693609	0.219549	276.131
LLLYTLLGALLGFLLATLILI	LLLYTLLGALLGFLLGTLILI	10559.8	10559.8	0.197612	0.745602	264.228
LLLYTLLGALLGFLLGTLILI	LLLTTLLGALLGFLLGTLILI	10559.2	10559.4	0.219549	0.693609	252.655
LLLTTLLGALLGFLLGTLILI	LLLYTLLGALLGFLLGTLILI	10559.4	10559.2	0.693609	0.219549	241.419
LLLYTLLGALLGFLLGTLILI	LLLYTLLGALLGFLLATLILI	10559.8	10559.8	0.745602	0.197612	230.526
LLLYTLLGALLGFLLATLILI	LLLTTLLGALLGFLLATLILI	10559.8	10560.1	0.219549	0.693609	219.977
LLLTTLLGALLGFLLATLILI	LLLYTLLGALLGFLLATLILI	10560.1	10559.9	0.693609	0.219549	209.776
LLLYTLLGALLGFLLATLILI	LLLYTLLGALLGFLLGTLILI	10559.8	10559.7	0.197612	0.745602	199.923
LLLYTLLGALLGFLLGTLILI	LLLTTLLGALLGFLLGTLILI	10559.1	10559.4	0.219549	0.693609	190.417
LLLTTLLGALLGFLLGTLILI	LLLYTLLGALLGFLLGTLILI	10559.4	10559.2	0.693609	0.219549	181.257
LLLYTLLGALLGFLLGTLILI	LLLYTLLGALLGFLLATLILI	10559.8	10559.8	0.745602	0.197612	172.439
LLLYTLLGALLGFLLATLILI	LLLYTLLGALLGFLLGTLILI	10559.8	10559.7	0.197612	0.745602	155.814
LLLYTLLGALLGFLLGTLILI	LLLTTLLGALLGFLLGTLILI	10559.1	10559.4	0.219549	0.693609	147.996
LLLTTLLGALLGFLLGTLILI	LLLYTLLGALLGFLLGTLILI	10559.4	10559.1	0.693609	0.219549	140.501
LLLYTLLGALLGFLLGTLILI	LLLTTLLGALLGFLLGTLILI	10559.1	10559.4	0.219549	0.693609	133.321
LLLTTLLGALLGFLLGTLILI	LLLTTLLGALLGFLLATLILI	10559.5	10559.6	0.745602	0.197612	126.449
LLLTTLLGALLGFLLATLILI	LLLYTLLGALLGFLLATLILI	10560.1	10559.8	0.693609	0.219549	113.597
LLLYTLLGALLGFLLATLILI	LLLYTLLGALLGFLLGTLILI	10559.8	10559.8	0.197612	0.745602	101.879
LLLYTLLGALLGFLLGTLILI	LLLYTLLGALLGFLLATLILI	10559.8	10559.8	0.745602	0.197612	91.2238
LLLYTLLGALLGFLLATLILI	LLLYTLLGALLGFLLGTLILI	10559.8	10559.7	0.197612	0.745602	86.2728
LLLYTLLGALLGFLLGTLILI	LLLYTLLGALLGFLLATLILI	10559.7	10559.8	0.745602	0.197612	54.5206
LLLYTLLGALLGFLLATLILI	LLLYTLLGALLGFLLGTLILI	10559.8	10559.7	0.197612	0.745602	51.4049
LLLYTLLGALLGFLLGTLILI	LLLYTLLGALLGFLLATLILI	10559.7	10559.8	0.745602	0.197612	35.8726
LLLYTLLGALLGFLLATLILI	LLLYTLLGALLGFLLGTLILI	10559.8	10559.8	0.197612	0.745602	29.8341
LLLYTLLGALLGFLLGTLILI	LLLYTLLGALLGFLLATLILI	10559.8	10559.8	0.745602	0.197612	28.0365
LLLYTLLGALLGFLLATLILI	LLLYTLLGALLGFLLGTLILI	10559.8	10559.7	0.197612	0.745602	26.3376
Time: 434s
