***STARTING GEOMETRY:***
xShift: 6.62
crossingAngle: -35.73
axialRotation: -62.58
zShift: 4.64

Number of MCCycles: 200
PrevSequence	CurrSequence	PrevEnergy	CurrEnergy	PrevEntropy	CurrEntropy	CurrentTemp
LLLTGLLFALLGSLLGFLILI	LLLTGLLFALLGSLLGYLILI	16408.8	15514.7	0.410343	0.410343	999.847
LLLTGLLFALLGSLLGYLILI	LLLTGLLFALLGSLLGWLILI	15514.6	15515.1	0.267575	0.598868	999.684
LLLTGLLFALLGSLLGWLILI	LLLTGLLFGLLGSLLGWLILI	15514.6	15518.8	0.0820187	1.21066	999.512
LLLTGLLFGLLGSLLGWLILI	LLLTGLLFGLLGSLLGYLILI	15518.2	15518	0.598868	0.267575	999.328
LLLTGLLFGLLGSLLGYLILI	LLLTGLLFGLLGALLGYLILI	15518.4	15518.4	0.642213	0.244161	999.134
LLLTGLLFGLLGALLGYLILI	LLLTGLLFALLGALLGYLILI	15519.1	15514.9	0.872342	0.154044	998.928
LLLTGLLFALLGALLGYLILI	LLLTGLLYALLGALLGYLILI	15514.9	15516.9	0.132101	0.952787	998.708
LLLTGLLYALLGALLGYLILI	LLLTGLLFALLGALLGYLILI	15516.9	15514.9	0.952787	0.132101	998.476
LLLTGLLFALLGALLGYLILI	LLLTGLLFALLGALLGWLILI	15515	15515.8	0.267575	0.598868	998.229
LLLTGLLFALLGALLGWLILI	LLLTGLLFALLGTLLGWLILI	15515.5	15513.5	0.224658	0.682386	997.967
LLLTGLLFALLGTLLGWLILI	LLLTGLLFALLGSLLGWLILI	15513.5	15514.7	0.690823	0.220804	997.689
LLLTGLLFALLGSLLGWLILI	LLLTGLLYALLGSLLGWLILI	15514.7	15516.1	0.240035	0.650378	997.394
LLLTGLLYALLGSLLGWLILI	LLLYGLLYALLGSLLGWLILI	15515.6	15518.4	0.186892	0.773553	997.081
LLLYGLLYALLGSLLGWLILI	LLLYGLLYALLGTLLGWLILI	15518	15516.1	0.381257	0.440933	996.749
LLLYGLLYALLGTLLGWLILI	LLLTGLLYALLGTLLGWLILI	15516.1	15514.3	0.505042	0.328724	996.397
LLLTGLLYALLGTLLGWLILI	LLLTGLLYALLGWLLGWLILI	15514.2	15516.4	0.209355	0.716965	996.023
LLLTGLLYALLGWLLGWLILI	LLLTGLLYALLGWLLGTLILI	15516.4	15513	0.716965	0.209355	995.626
LLLTGLLYALLGWLLGTLILI	LLLTGLLFALLGWLLGTLILI	15513.5	15511.8	0.650378	0.240035	995.205
LLLTGLLFALLGWLLGTLILI	LLLTGLLYALLGWLLGTLILI	15511.8	15513.1	0.240035	0.650378	994.758
LLLTGLLYALLGWLLGTLILI	LLLTGLLFALLGWLLGTLILI	15513.1	15511.4	0.650378	0.240035	994.285
LLLTGLLFALLGWLLGTLILI	LLLTGLLFALLGFLLGTLILI	15511.8	15509.5	0.598868	0.267575	993.782
LLLTGLLFALLGFLLGTLILI	LLLGGLLFALLGFLLGTLILI	15509.5	15511.2	0.29428	0.55485	993.249
LLLGGLLFALLGFLLGTLILI	LLLGGLLFALLGFLLATLILI	15511.5	15513.9	0.872342	0.154044	992.683
LLLGGLLFALLGFLLATLILI	LLLTGLLFALLGFLLATLILI	15514.2	15512.8	0.457192	0.366931	992.084
LLLTGLLFALLGFLLATLILI	LLLTGLLFALLGFLLAVLILI	15513.3	15517.8	0.930859	0.137712	991.448
LLLTGLLFALLGFLLAVLILI	LLLTGLLFALLGFLLATLILI	15517.8	15513.4	0.137712	0.930859	990.773
LLLTGLLFALLGFLLATLILI	LLLTGLLFALLGFLLGTLILI	15512.6	15512	0.197612	0.745602	990.058
LLLTGLLFALLGFLLGTLILI	LLLTGLLFALLGWLLGTLILI	15511.5	15512	0.267575	0.598868	989.3
LLLTGLLFALLGWLLGTLILI	LLLTGLLFALLGFLLGTLILI	15512	15511.9	0.598868	0.267575	988.496
LLLTGLLFALLGFLLGTLILI	LLLTGLLFALLGFLLGVLILI	15512.5	15516.3	0.930859	0.137712	987.644
LLLTGLLFALLGFLLGVLILI	LLLTGLLFALLGFLLGTLILI	15516.3	15512.2	0.137712	0.930859	986.74
LLLTGLLFALLGFLLGTLILI	LLLTGLLYALLGFLLGTLILI	15511.6	15512.9	0.410343	0.410343	985.783
LLLTGLLYALLGFLLGTLILI	LLLTGLLYALLGFLLATLILI	15513.2	15514.3	0.745602	0.197612	984.769
LLLTGLLYALLGFLLATLILI	LLLTGLLYALLGFLLGTLILI	15514.3	15513.6	0.197612	0.745602	983.694
LLLTGLLYALLGFLLGTLILI	LLLGGLLYALLGFLLGTLILI	15513.2	15514.8	0.29428	0.55485	982.555
LLLGGLLYALLGFLLGTLILI	LLLTGLLYALLGFLLGTLILI	15514.8	15512.8	0.55485	0.29428	981.348
LLLTGLLYALLGFLLGTLILI	LLLTGLLYALLGWLLGTLILI	15512.6	15513.6	0.148778	0.890414	980.071
LLLTGLLYALLGWLLGTLILI	LLLTGLLYALLGFLLGTLILI	15513.6	15512.6	0.890414	0.148778	978.717
LLLTGLLYALLGFLLGTLILI	LLLTGLLYGLLGFLLGTLILI	15512.6	15515.6	0.0820187	1.21066	977.285
LLLTGLLYGLLGFLLGTLILI	LLLTGLLFGLLGFLLGTLILI	15514.8	15514.6	0.410343	0.410343	975.768
LLLTGLLFGLLGFLLGTLILI	LLLTGLLFGLLGWLLGTLILI	15514.5	15514.3	0.267575	0.598868	974.162
LLLTGLLFGLLGWLLGTLILI	LLLTGLLFALLGWLLGTLILI	15514.9	15511.9	1.21066	0.0820187	972.463
LLLTGLLFALLGWLLGTLILI	LLLTGLLFALLGFLLGTLILI	15512.4	15511.5	0.598868	0.267575	970.666
LLLTGLLFALLGFLLGTLILI	LLLTGLLFALLGFLLGVLILI	15512.2	15516.3	0.930859	0.137712	968.764
LLLTGLLFALLGFLLGVLILI	LLLTGLLYALLGFLLGVLILI	15516.6	15517.8	0.410343	0.410343	966.754
LLLTGLLYALLGFLLGVLILI	LLLTGLLYALLGWLLGVLILI	15517.6	15518	0.148778	0.890414	964.627
LLLTGLLYALLGWLLGVLILI	LLLTGLLYALLGWLLGTLILI	15517.3	15513.6	0.137712	0.930859	962.38
LLLTGLLYALLGWLLGTLILI	LLLTGLLYALLGFLLGTLILI	15513.6	15512.6	0.890414	0.148778	960.005
LLLTGLLYALLGFLLGTLILI	LLLTGLLFALLGFLLGTLILI	15512.9	15512	0.410343	0.410343	957.496
LLLTGLLFALLGFLLGTLILI	LLLTGLLFALLGFLLATLILI	15512.4	15512.6	0.745602	0.197612	954.846
LLLTGLLFALLGFLLATLILI	LLLGGLLFALLGFLLATLILI	15512.8	15514.2	0.366931	0.457192	952.048
LLLGGLLFALLGFLLATLILI	LLLTGLLFALLGFLLATLILI	15514.2	15513.2	0.457192	0.366931	949.095
LLLTGLLFALLGFLLATLILI	LLLTGLLYALLGFLLATLILI	15513.2	15514.1	0.410343	0.410343	945.979
LLLTGLLYALLGFLLATLILI	LLLTGLLYALLGFLLGTLILI	15513.9	15513.2	0.197612	0.745602	942.693
LLLTGLLYALLGFLLGTLILI	LLLTGLLYALLGFLLATLILI	15513.2	15513.9	0.745602	0.197612	939.229
LLLTGLLYALLGFLLATLILI	LLLTGLLYALLGFLLGTLILI	15513.9	15513.2	0.197612	0.745602	935.578
LLLTGLLYALLGFLLGTLILI	LLLTGLLYALLGWLLGTLILI	15512.6	15513.6	0.148778	0.890414	931.732
LLLTGLLYALLGWLLGTLILI	LLLTGLLYALLGFLLGTLILI	15513.6	15512.6	0.890414	0.148778	927.683
LLLTGLLYALLGFLLGTLILI	LLLTGLLYALLGWLLGTLILI	15512.6	15513.6	0.148778	0.890414	923.422
LLLTGLLYALLGWLLGTLILI	LLLTGLLYALLGFLLGTLILI	15513.6	15512.6	0.890414	0.148778	918.939
LLLTGLLYALLGFLLGTLILI	LLLGGLLYALLGFLLGTLILI	15512.8	15514.6	0.29428	0.55485	914.227
LLLGGLLYALLGFLLGTLILI	LLLTGLLYALLGFLLGTLILI	15514.6	15512.8	0.55485	0.29428	909.276
LLLTGLLYALLGFLLGTLILI	LLLTGLLYALLGWLLGTLILI	15512.6	15513.6	0.148778	0.890414	898.621
LLLTGLLYALLGWLLGTLILI	LLLTGLLYALLGFLLGTLILI	15513.6	15512.6	0.890414	0.148778	892.899
LLLTGLLYALLGFLLGTLILI	LLLTGLLYALLGFLLGVLILI	15513.4	15517.6	0.930859	0.137712	886.903
LLLTGLLYALLGFLLGVLILI	LLLTGLLYALLGFLLGTLILI	15517.6	15513.4	0.137712	0.930859	880.623
LLLTGLLYALLGFLLGTLILI	LLLTGLLFALLGFLLGTLILI	15512.9	15511.6	0.410343	0.410343	867.179
LLLTGLLFALLGFLLGTLILI	LLLTGLLFALLGFLLATLILI	15512	15513	0.745602	0.197612	859.999
LLLTGLLFALLGFLLATLILI	LLLTGLLFGLLGFLLATLILI	15513	15515.7	0.197612	0.745602	852.504
LLLTGLLFGLLGFLLATLILI	LLLTGLLFALLGFLLATLILI	15515.7	15512.6	0.745602	0.197612	836.541
LLLTGLLFALLGFLLATLILI	LLLTGLLFGLLGFLLATLILI	15512.6	15515.7	0.197612	0.745602	810.083
LLLTGLLFGLLGFLLATLILI	LLLTGLLFALLGFLLATLILI	15515.7	15512.6	0.745602	0.197612	800.577
LLLTGLLFALLGFLLATLILI	LLLTGLLYALLGFLLATLILI	15512.8	15514.1	0.410343	0.410343	790.724
LLLTGLLYALLGFLLATLILI	LLLTGLLFALLGFLLATLILI	15514.1	15513.2	0.410343	0.410343	780.523
LLLTGLLFALLGFLLATLILI	LLLTGLLFGLLGFLLATLILI	15513	15515.7	0.197612	0.745602	769.974
LLLTGLLFGLLGFLLATLILI	LLLTGLLFALLGFLLATLILI	15515.7	15512.6	0.745602	0.197612	759.081
LLLTGLLFALLGFLLATLILI	LLLTGLLFALLGFLLGTLILI	15512.6	15512	0.197612	0.745602	747.845
LLLTGLLFALLGFLLGTLILI	LLLTGLLYALLGFLLGTLILI	15511.6	15512.9	0.410343	0.410343	736.272
LLLTGLLYALLGFLLGTLILI	LLLTGLLFALLGFLLGTLILI	15512.9	15511.6	0.410343	0.410343	724.369
LLLTGLLFALLGFLLGTLILI	LLLTGLLFALLGFLLATLILI	15512	15512.6	0.745602	0.197612	712.142
LLLTGLLFALLGFLLATLILI	LLLTGLLYALLGFLLATLILI	15512.8	15514.1	0.410343	0.410343	699.602
LLLTGLLYALLGFLLATLILI	LLLTGLLYALLGFLLGTLILI	15513.9	15513.2	0.197612	0.745602	686.76
LLLTGLLYALLGFLLGTLILI	LLLTGLLFALLGFLLGTLILI	15512.9	15511.6	0.410343	0.410343	673.628
LLLTGLLFALLGFLLGTLILI	LLLTGLLFALLGWLLGTLILI	15511.5	15512	0.267575	0.598868	660.222
LLLTGLLFALLGWLLGTLILI	LLLYGLLFALLGWLLGTLILI	15512	15513.3	0.538845	0.30482	646.557
LLLYGLLFALLGWLLGTLILI	LLLYGLLFALLGFLLGTLILI	15513.6	15513.1	0.598868	0.267575	632.651
LLLYGLLFALLGFLLGTLILI	LLLYGLLFALLGWLLGTLILI	15513.1	15513.6	0.267575	0.598868	618.524
LLLYGLLFALLGWLLGTLILI	LLLYGLLWALLGWLLGTLILI	15513.1	15513.8	0.0790506	1.23103	604.196
LLLYGLLWALLGWLLGTLILI	LLLYGLLWALLGFLLGTLILI	15513.8	15512	1.23103	0.0790506	589.688
LLLYGLLWALLGFLLGTLILI	LLLYGLLWALLGFLLATLILI	15512.7	15515	0.745602	0.197612	545.329
LLLYGLLWALLGFLLATLILI	LLLYGLLWALLGFLLGTLILI	15515	15514.2	0.197612	0.745602	515.312
LLLYGLLWALLGFLLGTLILI	LLLYGLLFALLGFLLGTLILI	15514	15513.2	0.598868	0.267575	485.188
LLLYGLLFALLGFLLGTLILI	LLLYGLLWALLGFLLGTLILI	15513.2	15514.2	0.267575	0.598868	470.152
LLLYGLLWALLGFLLGTLILI	LLLTGLLWALLGFLLGTLILI	15513.9	15514.8	0.30482	0.538845	455.171
LLLTGLLWALLGFLLGTLILI	LLLYGLLWALLGFLLGTLILI	15514.8	15512.2	0.538845	0.30482	440.27
LLLYGLLWALLGFLLGTLILI	LLLYGLLFALLGFLLGTLILI	15512.5	15513.6	0.598868	0.267575	425.475
LLLYGLLFALLGFLLGTLILI	LLLYGLLFALLGWLLGTLILI	15513.6	15513.6	0.267575	0.598868	410.812
LLLYGLLFALLGWLLGTLILI	LLLTGLLFALLGWLLGTLILI	15513.3	15512	0.30482	0.538845	396.304
LLLTGLLFALLGWLLGTLILI	LLLTGLLFALLGFLLGTLILI	15512	15511.5	0.598868	0.267575	367.849
LLLTGLLFALLGFLLGTLILI	LLLTGLLFALLGWLLGTLILI	15511.5	15512	0.267575	0.598868	340.278
LLLTGLLFALLGWLLGTLILI	LLLTGLLFALLGFLLGTLILI	15512	15511.5	0.598868	0.267575	326.872
LLLTGLLFALLGFLLGTLILI	LLLTGLLFALLGWLLGTLILI	15511.5	15512	0.267575	0.598868	300.898
LLLTGLLFALLGWLLGTLILI	LLLTGLLFALLGFLLGTLILI	15512	15511.5	0.598868	0.267575	276.131
LLLTGLLFALLGFLLGTLILI	LLLTGLLFALLGWLLGTLILI	15511.5	15512	0.267575	0.598868	264.228
LLLTGLLFALLGWLLGTLILI	LLLTGLLFALLGFLLGTLILI	15512	15511.5	0.598868	0.267575	252.655
LLLTGLLFALLGFLLGTLILI	LLLTGLLFALLGWLLGTLILI	15511.5	15512.4	0.267575	0.598868	209.776
LLLTGLLFALLGWLLGTLILI	LLLTGLLFALLGFLLGTLILI	15512.4	15511.5	0.598868	0.267575	199.923
LLLTGLLFALLGFLLGTLILI	LLLTGLLFALLGFLLATLILI	15512	15512.6	0.745602	0.197612	133.321
LLLTGLLFALLGFLLATLILI	LLLTGLLFALLGFLLGTLILI	15512.6	15512	0.197612	0.745602	126.449
Time: 194s
