***STARTING GEOMETRY:***
xShift: 6.50231
crossingAngle: -49.1486
axialRotation: 6.64997
zShift: 3.90659

Number of MCCycles: 100
PrevSequence	CurrSequence	PrevEnergy	CurrEnergy	PrevEntropy	CurrEntropy	CurrentTemp
LLLYLLGTLLGTLLATLLILI	LLLFLLGTLLGTLLATLLILI	-13.3294	-12.2423	0.650378	0.240035	999.684
LLLFLLGTLLGTLLATLLILI	LLLFLLGTLLGTLLAYLLILI	-12.072	-8.66602	0.410343	0.410343	999.328
LLLFLLGTLLGTLLAYLLILI	LLLFLLGTLLGWLLAYLLILI	-8.71265	-10.3785	0.363705	0.460972	998.928
LLLFLLGTLLGWLLAYLLILI	LLLFLLGTLLGWLLSYLLILI	-10.5953	-10.463	0.244161	0.642213	998.476
LLLFLLGTLLGWLLSYLLILI	LLLFLLGILLGWLLSYLLILI	-10.4886	-6.68669	0.616541	0.257708	997.967
LLLFLLGILLGWLLSYLLILI	LLLFLLGTLLGWLLSYLLILI	-6.68669	-10.4886	0.257708	0.616541	997.394
LLLFLLGTLLGWLLSYLLILI	LLLYLLGTLLGWLLSYLLILI	-10.8652	-10.3343	0.240035	0.650378	996.749
LLLYLLGTLLGWLLSYLLILI	LLLYLLGTLLGWLLAYLLILI	-10.3425	-11.7916	0.642213	0.244161	996.023
LLLYLLGTLLGWLLAYLLILI	LLLYLLGTLLGTLLAYLLILI	-11.5748	-10.0649	0.460972	0.363705	995.205
LLLYLLGTLLGTLLAYLLILI	LLLYLLGTLLGTLLATLLILI	-10.0183	-13.4523	0.410343	0.410343	994.285
LLLYLLGTLLGTLLATLLILI	LLLYLLGTLLGWLLATLLILI	-13.499	-15.7499	0.363705	0.460972	992.084
LLLYLLGTLLGWLLATLLILI	LLLFLLGTLLGWLLATLLILI	-15.5605	-14.455	0.650378	0.240035	990.773
LLLFLLGTLLGWLLATLLILI	LLLYLLGTLLGWLLATLLILI	-14.455	-15.5605	0.240035	0.650378	989.3
LLLYLLGTLLGWLLATLLILI	LLLYLLGTLLGTLLATLLILI	-15.7499	-13.499	0.460972	0.363705	987.644
LLLYLLGTLLGTLLATLLILI	LLLYLLGTLLGTLLSTLLILI	-13.6185	-13.4321	0.244161	0.642213	985.783
LLLYLLGTLLGTLLSTLLILI	LLLFLLGTLLGTLLSTLLILI	-13.424	-12.3212	0.650378	0.240035	983.694
LLLFLLGTLLGTLLSTLLILI	LLLYLLGTLLGTLLSTLLILI	-12.3212	-13.424	0.240035	0.650378	981.348
LLLYLLGTLLGTLLSTLLILI	LLLYLLGTLLGTLLATLLILI	-13.4321	-13.6185	0.642213	0.244161	978.717
LLLYLLGTLLGTLLATLLILI	LLLYLLGTLLGTLLSTLLILI	-13.6185	-13.4321	0.244161	0.642213	975.768
LLLYLLGTLLGTLLSTLLILI	LLLYLLGTLLGTLLATLLILI	-13.4321	-13.6185	0.642213	0.244161	972.463
LLLYLLGTLLGTLLATLLILI	LLLYLLGTLLGTLLSTLLILI	-13.6185	-13.4321	0.244161	0.642213	968.764
LLLYLLGTLLGTLLSTLLILI	LLLYLLGTLLGWLLSTLLILI	-13.7106	-16.2809	0.363705	0.460972	964.627
LLLYLLGTLLGWLLSTLLILI	LLLYLLGTLLGFLLSTLLILI	-15.8515	-14.0599	0.890414	0.148778	960.005
LLLYLLGTLLGFLLSTLLILI	LLLFLLGTLLGFLLSTLLILI	-13.7984	-12.2784	0.410343	0.410343	954.846
LLLFLLGTLLGFLLSTLLILI	LLLFLLGTLLGWLLSTLLILI	-12.4212	-12.9882	0.267575	0.598868	949.095
LLLFLLGTLLGWLLSTLLILI	LLLFLLGTLLGWLLATLLILI	-12.9449	-14.4508	0.642213	0.244161	942.693
LLLFLLGTLLGWLLATLLILI	LLLFLLGTLLGWLLSTLLILI	-14.4508	-14.5839	0.244161	0.642213	935.578
LLLFLLGTLLGWLLSTLLILI	LLLFLLGTLLGWLLATLLILI	-14.5839	-14.4508	0.642213	0.244161	927.683
LLLFLLGTLLGWLLATLLILI	LLLYLLGTLLGWLLATLLILI	-14.455	-15.5605	0.240035	0.650378	909.276
LLLYLLGTLLGWLLATLLILI	LLLFLLGTLLGWLLATLLILI	-15.5605	-14.455	0.650378	0.240035	898.621
LLLFLLGTLLGWLLATLLILI	LLLFLLGTLLGWLLSTLLILI	-14.4508	-14.5839	0.244161	0.642213	886.903
LLLFLLGTLLGWLLSTLLILI	LLLYLLGTLLGWLLSTLLILI	-14.986	-16.0915	0.240035	0.650378	874.051
LLLYLLGTLLGWLLSTLLILI	LLLYLLGTLLGWLLATLLILI	-16.0997	-15.9667	0.642213	0.244161	859.999
LLLYLLGTLLGWLLATLLILI	LLLFLLGTLLGWLLATLLILI	-15.5605	-12.7806	0.650378	0.240035	828.061
LLLFLLGTLLGWLLATLLILI	LLLFLLGTLLGWLLSTLLILI	-12.7765	-14.5839	0.244161	0.642213	810.083
LLLFLLGTLLGWLLSTLLILI	LLLYLLGTLLGWLLSTLLILI	-14.986	-16.0915	0.240035	0.650378	769.974
LLLYLLGTLLGWLLSTLLILI	LLLYLLGTLLGWLLSVLLILI	-16.3316	-12.261	0.410343	0.410343	747.845
LLLYLLGTLLGWLLSVLLILI	LLLYLLGTLLGWLLAVLLILI	-12.0291	-11.915	0.642213	0.244161	724.369
LLLYLLGTLLGWLLAVLLILI	LLLYLLGTLLGWLLSVLLILI	-11.915	-12.0291	0.244161	0.642213	699.602
LLLYLLGTLLGWLLSVLLILI	LLLYLLGTLLGWLLAVLLILI	-12.0291	-11.915	0.642213	0.244161	673.628
LLLYLLGTLLGWLLAVLLILI	LLLYLLGTLLGWLLSVLLILI	-11.915	-12.0291	0.244161	0.642213	646.557
LLLYLLGTLLGWLLSVLLILI	LLLYLLGTLLGWLLAVLLILI	-12.0291	-11.915	0.642213	0.244161	618.524
LLLYLLGTLLGWLLAVLLILI	LLLYLLGTLLGTLLAVLLILI	-11.6982	-9.76594	0.460972	0.363705	589.688
LLLYLLGTLLGTLLAVLLILI	LLLYLLGVLLGTLLAVLLILI	-9.19879	-8.08765	0.930859	0.137712	560.23
LLLYLLGVLLGTLLAVLLILI	LLLYLLGVLLGTLLSVLLILI	-7.9812	-7.78126	0.244161	0.642213	530.348
LLLYLLGVLLGTLLSVLLILI	LLLYLLGVLLGTLLAVLLILI	-7.78126	-7.9812	0.642213	0.244161	500.25
LLLYLLGVLLGTLLAVLLILI	LLLYLLGVLLGYLLAVLLILI	-8.03847	-5.75502	0.186892	0.773553	470.152
LLLYLLGVLLGYLLAVLLILI	LLLYLLGVLLGYLLATLLILI	-6.11823	-9.90616	0.410343	0.410343	440.27
LLLYLLGVLLGYLLATLLILI	LLLYLLGVLLGTLLATLLILI	-9.54295	-11.7757	0.773553	0.186892	410.812
LLLYLLGVLLGTLLATLLILI	LLLYLLGTLLGTLLATLLILI	-11.8249	-12.9318	0.137712	0.930859	381.976
LLLYLLGTLLGTLLATLLILI	LLLYLLGTLLGTLLSTLLILI	-13.6185	-13.4321	0.244161	0.642213	353.943
LLLYLLGTLLGTLLSTLLILI	LLLYLLGTLLGTLLATLLILI	-13.4321	-13.6185	0.642213	0.244161	326.872
LLLYLLGTLLGTLLATLLILI	LLLYLLGTLLGTLLSTLLILI	-13.6185	-13.4321	0.244161	0.642213	300.898
LLLYLLGTLLGTLLSTLLILI	LLLYLLGVLLGTLLSTLLILI	-13.1435	-12.0419	0.930859	0.137712	276.131
LLLYLLGVLLGTLLSTLLILI	LLLYLLGTLLGTLLSTLLILI	-12.0419	-13.1435	0.137712	0.930859	252.655
LLLYLLGTLLGTLLSTLLILI	LLLYLLGTLLGWLLSTLLILI	-13.7106	-16.2809	0.363705	0.460972	230.526
LLLYLLGTLLGWLLSTLLILI	LLLFLLGTLLGWLLSTLLILI	-16.0915	-14.986	0.650378	0.240035	190.417
LLLFLLGTLLGWLLSTLLILI	LLLYLLGTLLGWLLSTLLILI	-14.986	-16.0915	0.240035	0.650378	172.439
LLLYLLGTLLGWLLSTLLILI	LLLYLLGTLLGWLLATLLILI	-16.0997	-15.9667	0.642213	0.244161	101.879
LLLYLLGTLLGWLLATLLILI	LLLYLLGTLLGWLLSTLLILI	-15.9667	-16.0997	0.244161	0.642213	81.5606
LLLYLLGTLLGWLLSTLLILI	LLLYLLGTLLGWLLATLLILI	-16.0997	-15.9667	0.642213	0.244161	72.8169
LLLYLLGTLLGWLLATLLILI	LLLYLLGTLLGWLLSTLLILI	-15.9667	-16.0997	0.244161	0.642213	64.9219
LLLYLLGTLLGWLLSTLLILI	LLLYLLGTLLGWLLATLLILI	-16.0997	-15.9667	0.642213	0.244161	51.4049
LLLYLLGTLLGWLLATLLILI	LLLYLLGTLLGWLLSTLLILI	-15.9667	-16.0997	0.244161	0.642213	24.7321
Time: 143s
