***STARTING GEOMETRY:***
xShift: 8.84804
crossingAngle: -45.4861
axialRotation: 33.9463
zShift: 4.06785

Number of MCCycles: 100
PrevSequence	CurrSequence	PrevEnergy	CurrEnergy	PrevEntropy	CurrEntropy	CurrentTemp
LLLLLLTTLLSTLLTTLLILI	LLLLLLGTLLSTLLTTLLILI	-19.9291	-19.3978	1.18802	0.0854581	999.684
LLLLLLGTLLSTLLTTLLILI	LLLLLLGTLLSVLLTTLLILI	-18.2069	-15.8023	1.27634	0.0728516	999.328
LLLLLLGTLLSVLLTTLLILI	LLLLLLGTLLSVLLVTLLILI	-15.075	-12.2166	0.800152	0.177314	998.928
LLLLLLGTLLSVLLVTLLILI	LLLLLLGTLLSTLLVTLLILI	-12.2166	-15.21	0.177314	0.800152	998.476
LLLLLLGTLLSTLLVTLLILI	LLLWLLGTLLSTLLVTLLILI	-15.8118	-13.2924	0.198389	0.743646	997.967
LLLWLLGTLLSTLLVTLLILI	LLLWLLGTLLSVLLVTLLILI	-13.2359	-9.55135	0.800152	0.177314	997.394
LLLWLLGTLLSVLLVTLLILI	LLLWLLGTLLAVLLVTLLILI	-9.08645	-8.38468	0.642213	0.244161	996.749
LLLWLLGTLLAVLLVTLLILI	LLLWLLGTLLSVLLVTLLILI	-8.38468	-9.09361	0.244161	0.642213	996.023
LLLWLLGTLLSVLLVTLLILI	LLLWLLGTLLSVLLTTLLILI	-9.55851	-13.0943	0.177314	0.800152	995.205
LLLWLLGTLLSVLLTTLLILI	LLLLLLGTLLSVLLTTLLILI	-13.1508	-13.0359	0.743646	0.198389	994.285
LLLLLLGTLLSVLLTTLLILI	LLLLLLGTLLSVLLTVLLILI	-12.4341	-9.28227	0.800152	0.177314	993.249
LLLLLLGTLLSVLLTVLLILI	LLLWLLGTLLSVLLTVLLILI	-9.2612	-9.37607	0.198389	0.743646	992.084
LLLWLLGTLLSVLLTVLLILI	LLLLLLGTLLSVLLTVLLILI	-9.37607	-9.2612	0.743646	0.198389	990.773
LLLLLLGTLLSVLLTVLLILI	LLLLLLGTLLSVLLTTLLILI	-9.28227	-12.4192	0.177314	0.800152	989.3
LLLLLLGTLLSVLLTTLLILI	LLLWLLGTLLSVLLTTLLILI	-13.021	-12.5696	0.198389	0.743646	987.644
LLLWLLGTLLSVLLTTLLILI	LLLWLLGTLLAVLLTTLLILI	-12.671	-12.0797	0.642213	0.244161	985.783
LLLWLLGTLLAVLLTTLLILI	LLLWLLGTLLATLLTTLLILI	-12.251	-14.6465	0.0728516	1.27634	983.694
LLLWLLGTLLATLLTTLLILI	LLLLLLGTLLATLLTTLLILI	-15.1792	-15.0122	0.743646	0.198389	981.348
LLLLLLGTLLATLLTTLLILI	LLLLLLGTLLAVLLTTLLILI	-13.9342	-11.5605	1.27634	0.0728516	978.717
LLLLLLGTLLAVLLTTLLILI	LLLLLLGTLLSVLLTTLLILI	-11.3892	-12.5921	0.244161	0.642213	975.768
LLLLLLGTLLSVLLTTLLILI	LLLLLLGTLLAVLLTTLLILI	-12.5921	-11.3892	0.642213	0.244161	972.463
LLLLLLGTLLAVLLTTLLILI	LLLLLLGTLLATLLTTLLILI	-11.5605	-13.9491	0.0728516	1.27634	968.764
LLLLLLGTLLATLLTTLLILI	LLLLLLGTLLSTLLTTLLILI	-14.9813	-16.1998	0.244161	0.642213	964.627
LLLLLLGTLLSTLLTTLLILI	LLLWLLGTLLSTLLTTLLILI	-16.6436	-16.0884	0.198389	0.743646	960.005
LLLWLLGTLLSTLLTTLLILI	LLLWLLTTLLSTLLTTLLILI	-16.7466	-24.818	0.0854581	1.18802	954.846
LLLWLLTTLLSTLLTTLLILI	LLLWLLTTLLATLLTTLLILI	-25.3638	-24.0652	0.642213	0.244161	942.693
LLLWLLTTLLATLLTTLLILI	LLLWLLTTLLATLLTYLLILI	-23.3916	-21.4358	0.917682	0.141213	935.578
LLLWLLTTLLATLLTYLLILI	LLLYLLTTLLATLLTYLLILI	-21.2049	-17.0172	0.372136	0.451187	927.683
LLLYLLTTLLATLLTYLLILI	LLLWLLTTLLATLLTYLLILI	-17.0172	-21.2049	0.451187	0.372136	918.939
LLLWLLTTLLATLLTYLLILI	LLLWLLTTLLSTLLTYLLILI	-21.3329	-22.5249	0.244161	0.642213	909.276
LLLWLLTTLLSTLLTYLLILI	LLLWLLTTLLSTLLTTLLILI	-23.0259	-25.0884	0.141213	0.917682	898.621
LLLWLLTTLLSTLLTTLLILI	LLLWLLTTLLSTLLVTLLILI	-24.6115	-22.4737	1.39457	0.0589809	886.903
LLLWLLTTLLSTLLVTLLILI	LLLWLLTTLLSTLLTTLLILI	-22.4737	-24.6115	0.0589809	1.39457	874.051
LLLWLLTTLLSTLLTTLLILI	LLLWLLTTLLATLLTTLLILI	-25.3638	-24.1724	0.642213	0.244161	859.999
LLLWLLTTLLATLLTTLLILI	LLLYLLTTLLATLLTTLLILI	-23.8177	-20.1211	0.598868	0.267575	844.686
LLLYLLTTLLATLLTTLLILI	LLLWLLTTLLATLLTTLLILI	-20.1211	-23.8177	0.267575	0.598868	828.061
LLLWLLTTLLATLLTTLLILI	LLLWLLTTLLSTLLTTLLILI	-24.1724	-25.3638	0.244161	0.642213	810.083
LLLWLLTTLLSTLLTTLLILI	LLLWLLTTLLSTLLVTLLILI	-24.6115	-22.4737	1.39457	0.0589809	790.724
LLLWLLTTLLSTLLVTLLILI	LLLWLLTTLLSTLLTTLLILI	-22.4737	-24.6115	0.0589809	1.39457	769.974
LLLWLLTTLLSTLLTTLLILI	LLLWLLTTLLSTLLTYLLILI	-25.0884	-23.0259	0.917682	0.141213	747.845
LLLWLLTTLLSTLLTYLLILI	LLLWLLTTLLATLLTYLLILI	-22.5249	-21.3329	0.642213	0.244161	699.602
LLLWLLTTLLATLLTYLLILI	LLLWLLTTLLSTLLTYLLILI	-21.3329	-22.5249	0.244161	0.642213	673.628
LLLWLLTTLLSTLLTYLLILI	LLLWLLTTLLSTLLTTLLILI	-23.0259	-25.0884	0.141213	0.917682	589.688
LLLWLLTTLLSTLLTTLLILI	LLLWLLTTLLATLLTTLLILI	-25.3638	-24.0652	0.642213	0.244161	500.25
LLLWLLTTLLATLLTTLLILI	LLLWLLTTLLSTLLTTLLILI	-24.0652	-25.2566	0.244161	0.642213	470.152
LLLWLLTTLLSTLLTTLLILI	LLLWLLTTLLSVLLTTLLILI	-24.5042	-22.2243	1.39457	0.0589809	440.27
LLLWLLTTLLSVLLTTLLILI	LLLWLLTTLLAVLLTTLLILI	-21.641	-20.5725	0.642213	0.244161	381.976
LLLWLLTTLLAVLLTTLLILI	LLLWLLTTLLSVLLTTLLILI	-20.5725	-21.641	0.244161	0.642213	353.943
LLLWLLTTLLSVLLTTLLILI	LLLWLLTTLLSTLLTTLLILI	-22.2243	-24.5042	0.0589809	1.39457	326.872
LLLWLLTTLLSTLLTTLLILI	LLLWLLTTLLSVLLTTLLILI	-24.5042	-22.2243	1.39457	0.0589809	276.131
LLLWLLTTLLSVLLTTLLILI	LLLWLLTTLLSTLLTTLLILI	-22.2243	-24.5042	0.0589809	1.39457	252.655
Time: 119s
