MCAccept 0 xShift: 6.92 crossingAngle: -38.2165 axialRotation: -53.99 zShift: 4.91 energy: 1620.3
MCAccept 1 xShift: 6.92 crossingAngle: -38.1375 axialRotation: -53.99 zShift: 4.91 energy: 1620.1
MCAccept 2 xShift: 6.92 crossingAngle: -38.1375 axialRotation: -53.99 zShift: 4.88941 energy: 1576.47
MCReject   xShift: 6.94425 crossingAngle: -38.1375 axialRotation: -53.99 zShift: 4.88941 energy: 1618.85
MCReject   xShift: 6.92 crossingAngle: -38.33 axialRotation: -53.99 zShift: 4.88941 energy: 1618.03
MCReject   xShift: 6.92 crossingAngle: -38.1375 axialRotation: -53.99 zShift: 4.88164 energy: 1618
MCAccept 3 xShift: 6.92 crossingAngle: -38.0374 axialRotation: -53.99 zShift: 4.88941 energy: 1575.58
MCReject   xShift: 6.92 crossingAngle: -38.0374 axialRotation: -53.865 zShift: 4.88941 energy: 1618.03
MCReject   xShift: 6.92 crossingAngle: -38.0374 axialRotation: -53.8588 zShift: 4.88941 energy: 1618.56
MCReject   xShift: 6.92 crossingAngle: -37.8759 axialRotation: -53.99 zShift: 4.88941 energy: 1618.19
MCReject   xShift: 6.92 crossingAngle: -38.0374 axialRotation: -53.99 zShift: 4.89171 energy: 1618.93
MCReject   xShift: 6.92 crossingAngle: -38.0374 axialRotation: -53.9177 zShift: 4.88941 energy: 1619.02
MCReject   xShift: 6.92 crossingAngle: -38.1029 axialRotation: -53.99 zShift: 4.88941 energy: 1618.19
MCReject   xShift: 6.92 crossingAngle: -38.0374 axialRotation: -53.99 zShift: 4.88115 energy: 1618.02
MCReject   xShift: 6.92 crossingAngle: -38.0374 axialRotation: -53.99 zShift: 4.91432 energy: 1620.65
MCReject   xShift: 6.92 crossingAngle: -37.9891 axialRotation: -53.99 zShift: 4.88941 energy: 1618.39
MCReject   xShift: 6.92 crossingAngle: -38.0374 axialRotation: -53.7134 zShift: 4.88941 energy: 1618.03
MCReject   xShift: 6.92 crossingAngle: -38.0374 axialRotation: -53.99 zShift: 4.88422 energy: 1575.95
MCReject   xShift: 6.92 crossingAngle: -38.0374 axialRotation: -54.0724 zShift: 4.88941 energy: 1618.56
MCReject   xShift: 6.92942 crossingAngle: -38.0374 axialRotation: -53.99 zShift: 4.88941 energy: 1619.02
MCReject   xShift: 6.93782 crossingAngle: -38.0374 axialRotation: -53.99 zShift: 4.88941 energy: 1618.56
MCReject   xShift: 6.92 crossingAngle: -38.0374 axialRotation: -53.7694 zShift: 4.88941 energy: 1618.03
MCReject   xShift: 6.92 crossingAngle: -38.0374 axialRotation: -54.0236 zShift: 4.88941 energy: 1618.19
MCReject   xShift: 6.92 crossingAngle: -38.0655 axialRotation: -53.99 zShift: 4.88941 energy: 1618.03
MCReject   xShift: 6.92653 crossingAngle: -38.0374 axialRotation: -53.99 zShift: 4.88941 energy: 1618.19
MCReject   xShift: 6.92 crossingAngle: -38.018 axialRotation: -53.99 zShift: 4.88941 energy: 1618.85
MCReject   xShift: 6.92 crossingAngle: -38.0374 axialRotation: -53.99 zShift: 4.88455 energy: 1617.96
MCReject   xShift: 6.92 crossingAngle: -37.8362 axialRotation: -53.99 zShift: 4.88941 energy: 1618.03
MCReject   xShift: 6.92 crossingAngle: -37.8841 axialRotation: -53.99 zShift: 4.88941 energy: 1618.56
MCReject   xShift: 6.92 crossingAngle: -38.0374 axialRotation: -53.99 zShift: 4.89884 energy: 1577.35
MCReject   xShift: 6.92 crossingAngle: -38.0374 axialRotation: -54.1729 zShift: 4.88941 energy: 1618.19
MCReject   xShift: 6.92 crossingAngle: -38.0374 axialRotation: -54.0581 zShift: 4.88941 energy: 1618.56
MCReject   xShift: 6.92 crossingAngle: -38.0374 axialRotation: -54.0339 zShift: 4.88941 energy: 1618.19
MCReject   xShift: 6.92 crossingAngle: -37.957 axialRotation: -53.99 zShift: 4.88941 energy: 1618.39
MCReject   xShift: 6.92 crossingAngle: -38.0645 axialRotation: -53.99 zShift: 4.88941 energy: 1619.02
MCReject   xShift: 6.91391 crossingAngle: -38.0374 axialRotation: -53.99 zShift: 4.88941 energy: 1575.75
MCReject   xShift: 6.92 crossingAngle: -38.0914 axialRotation: -53.99 zShift: 4.88941 energy: 1618.03
MCReject   xShift: 6.92 crossingAngle: -38.0374 axialRotation: -53.99 zShift: 4.9029 energy: 1619
MCReject   xShift: 6.92 crossingAngle: -38.0374 axialRotation: -54.0095 zShift: 4.88941 energy: 1618.19
MCAccept 4 xShift: 6.92 crossingAngle: -38.0374 axialRotation: -53.99 zShift: 4.87615 energy: 1575.81
MCReject   xShift: 6.91655 crossingAngle: -38.0374 axialRotation: -53.99 zShift: 4.87615 energy: 1618.4
MCAccept 5 xShift: 6.92 crossingAngle: -38.0738 axialRotation: -53.99 zShift: 4.87615 energy: 1575.34
MCReject   xShift: 6.92 crossingAngle: -38.0738 axialRotation: -53.99 zShift: 4.87039 energy: 1619.27
MCReject   xShift: 6.92 crossingAngle: -38.0738 axialRotation: -53.99 zShift: 4.86556 energy: 1619.51
MCReject   xShift: 6.92 crossingAngle: -37.9608 axialRotation: -53.99 zShift: 4.87615 energy: 1619.24
MCReject   xShift: 6.91937 crossingAngle: -38.0738 axialRotation: -53.99 zShift: 4.87615 energy: 1618.4
MCReject   xShift: 6.92 crossingAngle: -38.0738 axialRotation: -53.99 zShift: 4.86185 energy: 1619.95
MCReject   xShift: 6.90025 crossingAngle: -38.0738 axialRotation: -53.99 zShift: 4.87615 energy: 1619.08
MCReject   xShift: 6.93599 crossingAngle: -38.0738 axialRotation: -53.99 zShift: 4.87615 energy: 1618.61
MCReject   xShift: 6.90957 crossingAngle: -38.0738 axialRotation: -53.99 zShift: 4.87615 energy: 1619.08
MCReject   xShift: 6.92 crossingAngle: -38.0738 axialRotation: -53.99 zShift: 4.86207 energy: 1619.91
MCReject   xShift: 6.92 crossingAngle: -38.0738 axialRotation: -53.8456 zShift: 4.87615 energy: 1575.81
MCReject   xShift: 6.92 crossingAngle: -38.0738 axialRotation: -53.99 zShift: 4.88737 energy: 1618.34
MCReject   xShift: 6.92 crossingAngle: -38.0738 axialRotation: -54.0518 zShift: 4.87615 energy: 1618.77
MCReject   xShift: 6.92 crossingAngle: -38.0738 axialRotation: -53.9258 zShift: 4.87615 energy: 1618.24
MCReject   xShift: 6.92 crossingAngle: -38.0738 axialRotation: -53.9421 zShift: 4.87615 energy: 1618.61
MCReject   xShift: 6.90816 crossingAngle: -38.0738 axialRotation: -53.99 zShift: 4.87615 energy: 1618.24
MCAccept 6 xShift: 6.91583 crossingAngle: -38.0738 axialRotation: -53.99 zShift: 4.87615 energy: 1574.97
MCReject   xShift: 6.91583 crossingAngle: -38.0738 axialRotation: -53.99 zShift: 4.87347 energy: 1618.44
MCReject   xShift: 6.91583 crossingAngle: -37.878 axialRotation: -53.99 zShift: 4.87615 energy: 1618.24
MCReject   xShift: 6.91256 crossingAngle: -38.0738 axialRotation: -53.99 zShift: 4.87615 energy: 1619.24
MCReject   xShift: 6.91583 crossingAngle: -38.0738 axialRotation: -53.9969 zShift: 4.87615 energy: 1618.4
MCReject   xShift: 6.91583 crossingAngle: -38.0771 axialRotation: -53.99 zShift: 4.87615 energy: 1618.24
MCReject   xShift: 6.91583 crossingAngle: -38.0738 axialRotation: -53.9232 zShift: 4.87615 energy: 1618.4
MCReject   xShift: 6.91583 crossingAngle: -38.089 axialRotation: -53.99 zShift: 4.87615 energy: 1618.4
MCReject   xShift: 6.91244 crossingAngle: -38.0738 axialRotation: -53.99 zShift: 4.87615 energy: 1618.24
MCReject   xShift: 6.92753 crossingAngle: -38.0738 axialRotation: -53.99 zShift: 4.87615 energy: 1618.24
MCAccept 7 xShift: 6.90326 crossingAngle: -38.0738 axialRotation: -53.99 zShift: 4.87615 energy: 1574.97
MCReject   xShift: 6.90326 crossingAngle: -38.0171 axialRotation: -53.99 zShift: 4.87615 energy: 1618.24
MCReject   xShift: 6.9039 crossingAngle: -38.0738 axialRotation: -53.99 zShift: 4.87615 energy: 1618.4
MCReject   xShift: 6.90326 crossingAngle: -38.054 axialRotation: -53.99 zShift: 4.87615 energy: 1618.4
MCReject   xShift: 6.90326 crossingAngle: -38.0738 axialRotation: -54.0513 zShift: 4.87615 energy: 1619.08
MCReject   xShift: 6.90326 crossingAngle: -38.0738 axialRotation: -54.134 zShift: 4.87615 energy: 1618.24
MCReject   xShift: 6.90326 crossingAngle: -38.2554 axialRotation: -53.99 zShift: 4.87615 energy: 1618.77
MCReject   xShift: 6.90326 crossingAngle: -38.2395 axialRotation: -53.99 zShift: 4.87615 energy: 1618.24
MCReject   xShift: 6.90326 crossingAngle: -38.0738 axialRotation: -53.99 zShift: 4.88064 energy: 1618.03
MCReject   xShift: 6.90326 crossingAngle: -38.0738 axialRotation: -53.9378 zShift: 4.87615 energy: 1619.08
MCReject   xShift: 6.90326 crossingAngle: -38.0507 axialRotation: -53.99 zShift: 4.87615 energy: 1618.24
MCReject   xShift: 6.90326 crossingAngle: -38.0738 axialRotation: -53.8544 zShift: 4.87615 energy: 1618.77
MCReject   xShift: 6.89637 crossingAngle: -38.0738 axialRotation: -53.99 zShift: 4.87615 energy: 1618.77
MCReject   xShift: 6.90326 crossingAngle: -38.1435 axialRotation: -53.99 zShift: 4.87615 energy: 1618.24
MCReject   xShift: 6.90955 crossingAngle: -38.0738 axialRotation: -53.99 zShift: 4.87615 energy: 1618.24
MCReject   xShift: 6.90326 crossingAngle: -38.0738 axialRotation: -54.0775 zShift: 4.87615 energy: 1618.61
MCReject   xShift: 6.90326 crossingAngle: -37.9667 axialRotation: -53.99 zShift: 4.87615 energy: 1618.61
MCReject   xShift: 6.90326 crossingAngle: -38.0738 axialRotation: -53.99 zShift: 4.87965 energy: 1618.9
MCReject   xShift: 6.9032 crossingAngle: -38.0738 axialRotation: -53.99 zShift: 4.87615 energy: 1618.24
MCReject   xShift: 6.9101 crossingAngle: -38.0738 axialRotation: -53.99 zShift: 4.87615 energy: 1618.4
MCReject   xShift: 6.89648 crossingAngle: -38.0738 axialRotation: -53.99 zShift: 4.87615 energy: 1618.77
MCReject   xShift: 6.90326 crossingAngle: -38.0738 axialRotation: -54.0621 zShift: 4.87615 energy: 1618.4
MCReject   xShift: 6.90326 crossingAngle: -38.031 axialRotation: -53.99 zShift: 4.87615 energy: 1618.24
MCReject   xShift: 6.90326 crossingAngle: -38.0738 axialRotation: -53.9192 zShift: 4.87615 energy: 1618.4
MCReject   xShift: 6.90326 crossingAngle: -38.0738 axialRotation: -53.8202 zShift: 4.87615 energy: 1618.24
MCReject   xShift: 6.90326 crossingAngle: -38.1464 axialRotation: -53.99 zShift: 4.87615 energy: 1618.24
MCReject   xShift: 6.93249 crossingAngle: -38.0738 axialRotation: -53.99 zShift: 4.87615 energy: 1618.24
MCAccept 8 xShift: 6.90326 crossingAngle: -38.0738 axialRotation: -53.99 zShift: 4.88224 energy: 1574.92
MCReject   xShift: 6.90739 crossingAngle: -38.0738 axialRotation: -53.99 zShift: 4.88224 energy: 1618.15
MCReject   xShift: 6.90326 crossingAngle: -38.0738 axialRotation: -53.8336 zShift: 4.88224 energy: 1617.99
MCReject   xShift: 6.9088 crossingAngle: -38.0738 axialRotation: -53.99 zShift: 4.88224 energy: 1617.99
MCReject   xShift: 6.90326 crossingAngle: -38.0738 axialRotation: -54.0742 zShift: 4.88224 energy: 1617.99
MCReject   xShift: 6.89979 crossingAngle: -38.0738 axialRotation: -53.99 zShift: 4.88224 energy: 1617.99
MCReject   xShift: 6.89688 crossingAngle: -38.0738 axialRotation: -53.99 zShift: 4.88224 energy: 1617.99
MCReject   xShift: 6.90326 crossingAngle: -38.0738 axialRotation: -53.8972 zShift: 4.88224 energy: 1618.35
MCReject   xShift: 6.90326 crossingAngle: -38.0738 axialRotation: -53.99 zShift: 4.88718 energy: 1618.34
MCReject   xShift: 6.91795 crossingAngle: -38.0738 axialRotation: -53.99 zShift: 4.88224 energy: 1617.99
MCReject   xShift: 6.90326 crossingAngle: -38.0642 axialRotation: -53.99 zShift: 4.88224 energy: 1618.15
MCReject   xShift: 6.90684 crossingAngle: -38.0738 axialRotation: -53.99 zShift: 4.88224 energy: 1618.15
MCReject   xShift: 6.92242 crossingAngle: -38.0738 axialRotation: -53.99 zShift: 4.88224 energy: 1575.75
MCReject   xShift: 6.90326 crossingAngle: -38.2633 axialRotation: -53.99 zShift: 4.88224 energy: 1617.99
MCReject   xShift: 6.90326 crossingAngle: -38.0738 axialRotation: -53.99 zShift: 4.87041 energy: 1618.89
MCReject   xShift: 6.90326 crossingAngle: -38.0738 axialRotation: -53.99 zShift: 4.88106 energy: 1618.02
MCReject   xShift: 6.90326 crossingAngle: -38.0738 axialRotation: -53.99 zShift: 4.88283 energy: 1576.24
MCReject   xShift: 6.90326 crossingAngle: -38.0751 axialRotation: -53.99 zShift: 4.88224 energy: 1618.52
MCReject   xShift: 6.88995 crossingAngle: -38.0738 axialRotation: -53.99 zShift: 4.88224 energy: 1617.99
MCReject   xShift: 6.89898 crossingAngle: -38.0738 axialRotation: -53.99 zShift: 4.88224 energy: 1618.52
MCReject   xShift: 6.90326 crossingAngle: -38.0738 axialRotation: -53.99 zShift: 4.86038 energy: 1577.09
MCReject   xShift: 6.89664 crossingAngle: -38.0738 axialRotation: -53.99 zShift: 4.88224 energy: 1618.15
MCReject   xShift: 6.90326 crossingAngle: -38.0738 axialRotation: -53.99 zShift: 4.87742 energy: 1618.33
MCReject   xShift: 6.90326 crossingAngle: -38.1202 axialRotation: -53.99 zShift: 4.88224 energy: 1617.99
MCReject   xShift: 6.90326 crossingAngle: -38.0738 axialRotation: -54.0214 zShift: 4.88224 energy: 1618.15
MCAccept 9 xShift: 6.90326 crossingAngle: -38.0738 axialRotation: -53.99 zShift: 4.88629 energy: 1575.2
MCReject   xShift: 6.92024 crossingAngle: -38.0738 axialRotation: -53.99 zShift: 4.88629 energy: 1618.5
MCReject   xShift: 6.90326 crossingAngle: -38.1563 axialRotation: -53.99 zShift: 4.88629 energy: 1617.97
MCReject   xShift: 6.90326 crossingAngle: -38.2398 axialRotation: -53.99 zShift: 4.88629 energy: 1618.33
MCAccept 10 xShift: 6.90326 crossingAngle: -38.0738 axialRotation: -54.0398 zShift: 4.88629 energy: 1575.04
MCReject   xShift: 6.90326 crossingAngle: -38.0286 axialRotation: -54.0398 zShift: 4.88629 energy: 1618.13
MCReject   xShift: 6.90326 crossingAngle: -38.2382 axialRotation: -54.0398 zShift: 4.88629 energy: 1617.97
MCAccept 11 xShift: 6.90326 crossingAngle: -38.0591 axialRotation: -54.0398 zShift: 4.88629 energy: 1575.04
MCReject   xShift: 6.90326 crossingAngle: -37.9437 axialRotation: -54.0398 zShift: 4.88629 energy: 1617.97
MCReject   xShift: 6.90326 crossingAngle: -38.0591 axialRotation: -54.0804 zShift: 4.88629 energy: 1618.79
MCReject   xShift: 6.90326 crossingAngle: -37.938 axialRotation: -54.0398 zShift: 4.88629 energy: 1617.97
MCReject   xShift: 6.90326 crossingAngle: -38.0461 axialRotation: -54.0398 zShift: 4.88629 energy: 1617.97
MCReject   xShift: 6.90326 crossingAngle: -38.0591 axialRotation: -54.0368 zShift: 4.88629 energy: 1618.33
MCReject   xShift: 6.90326 crossingAngle: -38.1309 axialRotation: -54.0398 zShift: 4.88629 energy: 1618.79
MCReject   xShift: 6.91513 crossingAngle: -38.0591 axialRotation: -54.0398 zShift: 4.88629 energy: 1617.97
MCReject   xShift: 6.92881 crossingAngle: -38.0591 axialRotation: -54.0398 zShift: 4.88629 energy: 1618.13
MCReject   xShift: 6.90326 crossingAngle: -38.1138 axialRotation: -54.0398 zShift: 4.88629 energy: 1618.13
MCReject   xShift: 6.90326 crossingAngle: -38.0877 axialRotation: -54.0398 zShift: 4.88629 energy: 1618.13
MCReject   xShift: 6.90326 crossingAngle: -37.9275 axialRotation: -54.0398 zShift: 4.88629 energy: 1618.33
MCReject   xShift: 6.90326 crossingAngle: -37.8984 axialRotation: -54.0398 zShift: 4.88629 energy: 1618.5
MCReject   xShift: 6.90326 crossingAngle: -38.1151 axialRotation: -54.0398 zShift: 4.88629 energy: 1618.13
MCReject   xShift: 6.90326 crossingAngle: -38.0591 axialRotation: -54.0293 zShift: 4.88629 energy: 1617.97
MCReject   xShift: 6.90326 crossingAngle: -38.0591 axialRotation: -54.0398 zShift: 4.89002 energy: 1575.42
MCAccept 12 xShift: 6.90326 crossingAngle: -38.0591 axialRotation: -54.0933 zShift: 4.88629 energy: 1575.2
MCReject   xShift: 6.90326 crossingAngle: -38.0591 axialRotation: -54.0821 zShift: 4.88629 energy: 1618.5
MCReject   xShift: 6.90264 crossingAngle: -38.0591 axialRotation: -54.0933 zShift: 4.88629 energy: 1618.13
MCReject   xShift: 6.89685 crossingAngle: -38.0591 axialRotation: -54.0933 zShift: 4.88629 energy: 1617.97
MCReject   xShift: 6.90128 crossingAngle: -38.0591 axialRotation: -54.0933 zShift: 4.88629 energy: 1618.5
MCReject   xShift: 6.90326 crossingAngle: -38.0591 axialRotation: -54.1812 zShift: 4.88629 energy: 1617.97
MCReject   xShift: 6.90053 crossingAngle: -38.0591 axialRotation: -54.0933 zShift: 4.88629 energy: 1618.13
MCReject   xShift: 6.90326 crossingAngle: -38.0591 axialRotation: -53.9851 zShift: 4.88629 energy: 1617.97
MCAccept 13 xShift: 6.90326 crossingAngle: -38.0591 axialRotation: -54.1879 zShift: 4.88629 energy: 1575.04
MCReject   xShift: 6.90326 crossingAngle: -38.0196 axialRotation: -54.1879 zShift: 4.88629 energy: 1617.97
MCReject   xShift: 6.90326 crossingAngle: -38.0591 axialRotation: -54.3762 zShift: 4.88629 energy: 1618.5
MCReject   xShift: 6.90326 crossingAngle: -38.0498 axialRotation: -54.1879 zShift: 4.88629 energy: 1617.97
MCReject   xShift: 6.90326 crossingAngle: -38.0591 axialRotation: -54.1475 zShift: 4.88629 energy: 1576.48
MCReject   xShift: 6.90326 crossingAngle: -37.8753 axialRotation: -54.1879 zShift: 4.88629 energy: 1576.48
MCReject   xShift: 6.90326 crossingAngle: -38.0591 axialRotation: -54.019 zShift: 4.88629 energy: 1617.97
MCReject   xShift: 6.90326 crossingAngle: -38.0591 axialRotation: -54.1879 zShift: 4.87406 energy: 1618.76
MCReject   xShift: 6.90326 crossingAngle: -37.9477 axialRotation: -54.1879 zShift: 4.88629 energy: 1618.13
MCReject   xShift: 6.90326 crossingAngle: -37.8431 axialRotation: -54.1879 zShift: 4.88629 energy: 1618.13
MCReject   xShift: 6.90326 crossingAngle: -38.2637 axialRotation: -54.1879 zShift: 4.88629 energy: 1618.33
MCReject   xShift: 6.90326 crossingAngle: -38.0509 axialRotation: -54.1879 zShift: 4.88629 energy: 1618.33
MCReject   xShift: 6.90326 crossingAngle: -38.0591 axialRotation: -54.2148 zShift: 4.88629 energy: 1618.79
MCReject   xShift: 6.90326 crossingAngle: -38.1255 axialRotation: -54.1879 zShift: 4.88629 energy: 1617.97
MCReject   xShift: 6.89837 crossingAngle: -38.0591 axialRotation: -54.1879 zShift: 4.88629 energy: 1617.97
MCReject   xShift: 6.90326 crossingAngle: -38.0591 axialRotation: -54.1879 zShift: 4.87697 energy: 1618.19
MCReject   xShift: 6.90326 crossingAngle: -38.0591 axialRotation: -54.1879 zShift: 4.87946 energy: 1619.07
MCReject   xShift: 6.90326 crossingAngle: -38.1798 axialRotation: -54.1879 zShift: 4.88629 energy: 1617.97
MCReject   xShift: 6.90326 crossingAngle: -38.1295 axialRotation: -54.1879 zShift: 4.88629 energy: 1618.13
MCReject   xShift: 6.90016 crossingAngle: -38.0591 axialRotation: -54.1879 zShift: 4.88629 energy: 1618.96
MCReject   xShift: 6.90326 crossingAngle: -38.0591 axialRotation: -54.0643 zShift: 4.88629 energy: 1618.13
MCReject   xShift: 6.90326 crossingAngle: -38.0416 axialRotation: -54.1879 zShift: 4.88629 energy: 1618.5
MCReject   xShift: 6.90326 crossingAngle: -38.0591 axialRotation: -54.2066 zShift: 4.88629 energy: 1617.97
MCReject   xShift: 6.92198 crossingAngle: -38.0591 axialRotation: -54.1879 zShift: 4.88629 energy: 1618.79
MCReject   xShift: 6.90326 crossingAngle: -38.0591 axialRotation: -54.1756 zShift: 4.88629 energy: 1618.13
MCReject   xShift: 6.90326 crossingAngle: -38.1231 axialRotation: -54.1879 zShift: 4.88629 energy: 1618.13
MCReject   xShift: 6.90038 crossingAngle: -38.0591 axialRotation: -54.1879 zShift: 4.88629 energy: 1618.96
MCReject   xShift: 6.90326 crossingAngle: -37.9841 axialRotation: -54.1879 zShift: 4.88629 energy: 1575.57
MCReject   xShift: 6.90326 crossingAngle: -38.0591 axialRotation: -54.1879 zShift: 4.87571 energy: 1618.27
MCReject   xShift: 6.90326 crossingAngle: -38.0591 axialRotation: -54.1879 zShift: 4.9052 energy: 1619.8
MCReject   xShift: 6.90326 crossingAngle: -38.0635 axialRotation: -54.1879 zShift: 4.88629 energy: 1618.96
MCReject   xShift: 6.90326 crossingAngle: -37.9191 axialRotation: -54.1879 zShift: 4.88629 energy: 1618.96
MCReject   xShift: 6.88712 crossingAngle: -38.0591 axialRotation: -54.1879 zShift: 4.88629 energy: 1618.96
MCReject   xShift: 6.90207 crossingAngle: -38.0591 axialRotation: -54.1879 zShift: 4.88629 energy: 1618.5
MCReject   xShift: 6.90326 crossingAngle: -38.0052 axialRotation: -54.1879 zShift: 4.88629 energy: 1618.5
MCReject   xShift: 6.90326 crossingAngle: -38.0591 axialRotation: -54.1879 zShift: 4.87604 energy: 1618.25
MCReject   xShift: 6.90326 crossingAngle: -38.0591 axialRotation: -54.1879 zShift: 4.88052 energy: 1618.03
MCReject   xShift: 6.90228 crossingAngle: -38.0591 axialRotation: -54.1879 zShift: 4.88629 energy: 1618.33
MCReject   xShift: 6.90326 crossingAngle: -38.0563 axialRotation: -54.1879 zShift: 4.88629 energy: 1617.97
MCReject   xShift: 6.90326 crossingAngle: -38.0591 axialRotation: -54.0133 zShift: 4.88629 energy: 1617.97
MCReject   xShift: 6.90326 crossingAngle: -38.0591 axialRotation: -54.1677 zShift: 4.88629 energy: 1576.48
MCAccept 14 xShift: 6.90326 crossingAngle: -38.0591 axialRotation: -54.4129 zShift: 4.88629 energy: 1575.04
MCReject   xShift: 6.90326 crossingAngle: -38.0591 axialRotation: -54.4129 zShift: 4.89033 energy: 1618.22
MCReject   xShift: 6.90326 crossingAngle: -38.0591 axialRotation: -54.5264 zShift: 4.88629 energy: 1618.13
MCReject   xShift: 6.90326 crossingAngle: -38.1316 axialRotation: -54.4129 zShift: 4.88629 energy: 1575.57
MCReject   xShift: 6.90326 crossingAngle: -38.0591 axialRotation: -54.4129 zShift: 4.87073 energy: 1618.86
MCAccept 15 xShift: 6.90326 crossingAngle: -38.0591 axialRotation: -54.4129 zShift: 4.88334 energy: 1574.94
MCReject   xShift: 6.90326 crossingAngle: -38.0591 axialRotation: -54.4129 zShift: 4.89123 energy: 1618.25
MCReject   xShift: 6.88374 crossingAngle: -38.0591 axialRotation: -54.4129 zShift: 4.88334 energy: 1618.13
MCReject   xShift: 6.91008 crossingAngle: -38.0591 axialRotation: -54.4129 zShift: 4.88334 energy: 1618.13
MCReject   xShift: 6.90326 crossingAngle: -38.0591 axialRotation: -54.4747 zShift: 4.88334 energy: 1618.8
MCReject   xShift: 6.90294 crossingAngle: -38.0591 axialRotation: -54.4129 zShift: 4.88334 energy: 1618.5
MCReject   xShift: 6.90326 crossingAngle: -38.0591 axialRotation: -54.4129 zShift: 4.90156 energy: 1619.01
MCAccept 16 xShift: 6.90461 crossingAngle: -38.0591 axialRotation: -54.4129 zShift: 4.88334 energy: 1574.94
MCReject   xShift: 6.90461 crossingAngle: -38.0635 axialRotation: -54.4129 zShift: 4.88334 energy: 1618.5
MCReject   xShift: 6.90567 crossingAngle: -38.0591 axialRotation: -54.4129 zShift: 4.88334 energy: 1618.13
MCReject   xShift: 6.90461 crossingAngle: -38.0591 axialRotation: -54.4129 zShift: 4.87641 energy: 1618.23
MCReject   xShift: 6.90461 crossingAngle: -38.017 axialRotation: -54.4129 zShift: 4.88334 energy: 1618.13
MCReject   xShift: 6.90461 crossingAngle: -38.0209 axialRotation: -54.4129 zShift: 4.88334 energy: 1617.97
MCReject   xShift: 6.90461 crossingAngle: -37.9721 axialRotation: -54.4129 zShift: 4.88334 energy: 1575.47
MCReject   xShift: 6.90461 crossingAngle: -38.2246 axialRotation: -54.4129 zShift: 4.88334 energy: 1617.97
MCReject   xShift: 6.89832 crossingAngle: -38.0591 axialRotation: -54.4129 zShift: 4.88334 energy: 1617.97
MCReject   xShift: 6.90461 crossingAngle: -38.1858 axialRotation: -54.4129 zShift: 4.88334 energy: 1618.13
MCReject   xShift: 6.90461 crossingAngle: -38.0591 axialRotation: -54.4129 zShift: 4.8921 energy: 1618.13
MCReject   xShift: 6.90461 crossingAngle: -38.0591 axialRotation: -54.4129 zShift: 4.9074 energy: 1619.56
MCReject   xShift: 6.89729 crossingAngle: -38.0591 axialRotation: -54.4129 zShift: 4.88334 energy: 1618.13
MCReject   xShift: 6.90461 crossingAngle: -38.0591 axialRotation: -54.4786 zShift: 4.88334 energy: 1617.97
MCReject   xShift: 6.89305 crossingAngle: -38.0591 axialRotation: -54.4129 zShift: 4.88334 energy: 1575.3
MCReject   xShift: 6.90461 crossingAngle: -38.0591 axialRotation: -54.4356 zShift: 4.88334 energy: 1618.13
MCReject   xShift: 6.90461 crossingAngle: -38.0591 axialRotation: -54.4129 zShift: 4.87683 energy: 1618.2
MCReject   xShift: 6.90461 crossingAngle: -38.0591 axialRotation: -54.4181 zShift: 4.88334 energy: 1617.97
MCReject   xShift: 6.90742 crossingAngle: -38.0591 axialRotation: -54.4129 zShift: 4.88334 energy: 1617.97
MCReject   xShift: 6.89808 crossingAngle: -38.0591 axialRotation: -54.4129 zShift: 4.88334 energy: 1618.13
MCReject   xShift: 6.90461 crossingAngle: -38.1028 axialRotation: -54.4129 zShift: 4.88334 energy: 1575.3
MCReject   xShift: 6.90461 crossingAngle: -38.0563 axialRotation: -54.4129 zShift: 4.88334 energy: 1576.4
MCReject   xShift: 6.90461 crossingAngle: -38.0591 axialRotation: -54.4355 zShift: 4.88334 energy: 1618.13
MCReject   xShift: 6.90264 crossingAngle: -38.0591 axialRotation: -54.4129 zShift: 4.88334 energy: 1617.97
MCReject   xShift: 6.90461 crossingAngle: -38.0591 axialRotation: -54.4129 zShift: 4.88556 energy: 1617.96
MCReject   xShift: 6.90461 crossingAngle: -38.0591 axialRotation: -54.4129 zShift: 4.88984 energy: 1618.57
MCReject   xShift: 6.90461 crossingAngle: -38.0591 axialRotation: -54.5052 zShift: 4.88334 energy: 1617.97
MCReject   xShift: 6.89907 crossingAngle: -38.0591 axialRotation: -54.4129 zShift: 4.88334 energy: 1618.5
MCReject   xShift: 6.92279 crossingAngle: -38.0591 axialRotation: -54.4129 zShift: 4.88334 energy: 1576.4
MCReject   xShift: 6.89926 crossingAngle: -38.0591 axialRotation: -54.4129 zShift: 4.88334 energy: 1617.97
MCReject   xShift: 6.90684 crossingAngle: -38.0591 axialRotation: -54.4129 zShift: 4.88334 energy: 1618.8
MCReject   xShift: 6.90461 crossingAngle: -37.727 axialRotation: -54.4129 zShift: 4.88334 energy: 1618.13
MCReject   xShift: 6.90461 crossingAngle: -38.0591 axialRotation: -54.4556 zShift: 4.88334 energy: 1617.97
MCReject   xShift: 6.90461 crossingAngle: -38.035 axialRotation: -54.4129 zShift: 4.88334 energy: 1618.5
MCReject   xShift: 6.88855 crossingAngle: -38.0591 axialRotation: -54.4129 zShift: 4.88334 energy: 1617.97
MCReject   xShift: 6.90461 crossingAngle: -38.0591 axialRotation: -54.3456 zShift: 4.88334 energy: 1618.13
MCReject   xShift: 6.90461 crossingAngle: -38.0591 axialRotation: -54.5203 zShift: 4.88334 energy: 1617.97
MCReject   xShift: 6.90461 crossingAngle: -38.0591 axialRotation: -54.4129 zShift: 4.87416 energy: 1618.54
MCReject   xShift: 6.8886 crossingAngle: -38.0591 axialRotation: -54.4129 zShift: 4.88334 energy: 1618.97
MCReject   xShift: 6.90461 crossingAngle: -38.0591 axialRotation: -54.371 zShift: 4.88334 energy: 1618.13
MCReject   xShift: 6.90461 crossingAngle: -38.0591 axialRotation: -54.4129 zShift: 4.90025 energy: 1618.88
MCReject   xShift: 6.90682 crossingAngle: -38.0591 axialRotation: -54.4129 zShift: 4.88334 energy: 1617.97
MCReject   xShift: 6.90461 crossingAngle: -37.9788 axialRotation: -54.4129 zShift: 4.88334 energy: 1576.4
MCReject   xShift: 6.90461 crossingAngle: -38.0591 axialRotation: -54.3691 zShift: 4.88334 energy: 1617.97
MCReject   xShift: 6.90814 crossingAngle: -38.0591 axialRotation: -54.4129 zShift: 4.88334 energy: 1618.13
MCReject   xShift: 6.90461 crossingAngle: -38.0591 axialRotation: -54.4129 zShift: 4.87622 energy: 1618.24
MCReject   xShift: 6.90461 crossingAngle: -38.0591 axialRotation: -54.4124 zShift: 4.88334 energy: 1617.97
MCReject   xShift: 6.90461 crossingAngle: -38.0591 axialRotation: -54.1884 zShift: 4.88334 energy: 1617.97
MCReject   xShift: 6.90461 crossingAngle: -38.0591 axialRotation: -54.4129 zShift: 4.88389 energy: 1618.33
MCReject   xShift: 6.90461 crossingAngle: -38.1752 axialRotation: -54.4129 zShift: 4.88334 energy: 1617.97
MCReject   xShift: 6.90461 crossingAngle: -38.0591 axialRotation: -54.2826 zShift: 4.88334 energy: 1618.5
MCReject   xShift: 6.90461 crossingAngle: -38.0591 axialRotation: -54.3734 zShift: 4.88334 energy: 1618.13
MCReject   xShift: 6.89926 crossingAngle: -38.0591 axialRotation: -54.4129 zShift: 4.88334 energy: 1617.97
MCAccept 17 xShift: 6.90461 crossingAngle: -38.2918 axialRotation: -54.4129 zShift: 4.88334 energy: 1574.94
MCReject   xShift: 6.89656 crossingAngle: -38.2918 axialRotation: -54.4129 zShift: 4.88334 energy: 1618.34
MCReject   xShift: 6.91251 crossingAngle: -38.2918 axialRotation: -54.4129 zShift: 4.88334 energy: 1618.34
MCReject   xShift: 6.90461 crossingAngle: -38.2918 axialRotation: -54.4129 zShift: 4.86523 energy: 1619.55
MCReject   xShift: 6.90461 crossingAngle: -38.269 axialRotation: -54.4129 zShift: 4.88334 energy: 1618.8
MCReject   xShift: 6.89924 crossingAngle: -38.2918 axialRotation: -54.4129 zShift: 4.88334 energy: 1618.5
MCAccept 18 xShift: 6.90804 crossingAngle: -38.2918 axialRotation: -54.4129 zShift: 4.88334 energy: 1574.94
MCReject   xShift: 6.89468 crossingAngle: -38.2918 axialRotation: -54.4129 zShift: 4.88334 energy: 1617.97
MCReject   xShift: 6.90804 crossingAngle: -38.2918 axialRotation: -54.5206 zShift: 4.88334 energy: 1618.8
MCReject   xShift: 6.90804 crossingAngle: -38.2918 axialRotation: -54.4129 zShift: 4.88548 energy: 1618.49
MCReject   xShift: 6.90804 crossingAngle: -38.2918 axialRotation: -54.4129 zShift: 4.89472 energy: 1618.43
MCReject   xShift: 6.90804 crossingAngle: -38.2918 axialRotation: -54.5323 zShift: 4.88334 energy: 1617.97
MCReject   xShift: 6.90794 crossingAngle: -38.2918 axialRotation: -54.4129 zShift: 4.88334 energy: 1618.13
MCReject   xShift: 6.90804 crossingAngle: -38.3601 axialRotation: -54.4129 zShift: 4.88334 energy: 1617.97
MCReject   xShift: 6.92169 crossingAngle: -38.2918 axialRotation: -54.4129 zShift: 4.88334 energy: 1618.8
MCReject   xShift: 6.90804 crossingAngle: -38.2918 axialRotation: -54.4861 zShift: 4.88334 energy: 1617.97
MCReject   xShift: 6.90365 crossingAngle: -38.2918 axialRotation: -54.4129 zShift: 4.88334 energy: 1618.13
MCReject   xShift: 6.90804 crossingAngle: -38.2918 axialRotation: -54.4129 zShift: 4.85935 energy: 1620.42
MCReject   xShift: 6.90804 crossingAngle: -38.2918 axialRotation: -54.4129 zShift: 4.88119 energy: 1575.07
MCReject   xShift: 6.90804 crossingAngle: -38.2918 axialRotation: -54.4129 zShift: 4.87907 energy: 1618.92
MCReject   xShift: 6.90804 crossingAngle: -38.2918 axialRotation: -54.4129 zShift: 4.87471 energy: 1618.5
MCReject   xShift: 6.90804 crossingAngle: -38.2918 axialRotation: -54.4129 zShift: 4.875 energy: 1618.48
MCReject   xShift: 6.90804 crossingAngle: -38.2451 axialRotation: -54.4129 zShift: 4.88334 energy: 1617.97
MCReject   xShift: 6.90804 crossingAngle: -38.2918 axialRotation: -54.4129 zShift: 4.88813 energy: 1617.99
MCReject   xShift: 6.92556 crossingAngle: -38.2918 axialRotation: -54.4129 zShift: 4.88334 energy: 1617.97
MCReject   xShift: 6.90804 crossingAngle: -38.2918 axialRotation: -54.3461 zShift: 4.88334 energy: 1618.34
MCReject   xShift: 6.90804 crossingAngle: -38.2158 axialRotation: -54.4129 zShift: 4.88334 energy: 1618.13
MCReject   xShift: 6.90804 crossingAngle: -38.2918 axialRotation: -54.3476 zShift: 4.88334 energy: 1618.8
MCReject   xShift: 6.90804 crossingAngle: -38.2918 axialRotation: -54.5823 zShift: 4.88334 energy: 1617.97
MCReject   xShift: 6.90804 crossingAngle: -38.2918 axialRotation: -54.4129 zShift: 4.87569 energy: 1618.64
MCReject   xShift: 6.90804 crossingAngle: -38.2918 axialRotation: -54.4129 zShift: 4.87445 energy: 1576.59
MCReject   xShift: 6.90804 crossingAngle: -38.2918 axialRotation: -54.2785 zShift: 4.88334 energy: 1618.13
MCReject   xShift: 6.90804 crossingAngle: -38.2918 axialRotation: -54.4129 zShift: 4.90335 energy: 1619.41
MCReject   xShift: 6.89623 crossingAngle: -38.2918 axialRotation: -54.4129 zShift: 4.88334 energy: 1618.34
MCReject   xShift: 6.90804 crossingAngle: -38.2918 axialRotation: -54.4039 zShift: 4.88334 energy: 1618.13
MCReject   xShift: 6.90804 crossingAngle: -38.2918 axialRotation: -54.4129 zShift: 4.86406 energy: 1619.58
MCReject   xShift: 6.90804 crossingAngle: -38.2918 axialRotation: -54.6061 zShift: 4.88334 energy: 1617.97
MCReject   xShift: 6.90804 crossingAngle: -38.2918 axialRotation: -54.2941 zShift: 4.88334 energy: 1618.34
MCReject   xShift: 6.90804 crossingAngle: -38.3249 axialRotation: -54.4129 zShift: 4.88334 energy: 1618.5
MCReject   xShift: 6.88617 crossingAngle: -38.2918 axialRotation: -54.4129 zShift: 4.88334 energy: 1618.5
MCReject   xShift: 6.90804 crossingAngle: -38.2918 axialRotation: -54.4129 zShift: 4.90026 energy: 1618.88
MCReject   xShift: 6.90441 crossingAngle: -38.2918 axialRotation: -54.4129 zShift: 4.88334 energy: 1618.13
MCAccept 19 xShift: 6.90804 crossingAngle: -38.2918 axialRotation: -54.64 zShift: 4.88334 energy: 1574.94
MCReject   xShift: 6.90804 crossingAngle: -38.2918 axialRotation: -54.519 zShift: 4.88334 energy: 1617.97
MCReject   xShift: 6.90804 crossingAngle: -38.2918 axialRotation: -54.6397 zShift: 4.88334 energy: 1618.34
MCReject   xShift: 6.90804 crossingAngle: -38.2681 axialRotation: -54.64 zShift: 4.88334 energy: 1575.3
MCReject   xShift: 6.92785 crossingAngle: -38.2918 axialRotation: -54.64 zShift: 4.88334 energy: 1617.97
MCReject   xShift: 6.90711 crossingAngle: -38.2918 axialRotation: -54.64 zShift: 4.88334 energy: 1618.5
MCReject   xShift: 6.89403 crossingAngle: -38.2918 axialRotation: -54.64 zShift: 4.88334 energy: 1617.97
MCReject   xShift: 6.90804 crossingAngle: -38.2918 axialRotation: -54.8551 zShift: 4.88334 energy: 1618.13
MCReject   xShift: 6.90804 crossingAngle: -38.5137 axialRotation: -54.64 zShift: 4.88334 energy: 1575.1
MCReject   xShift: 6.90804 crossingAngle: -38.2918 axialRotation: -54.6717 zShift: 4.88334 energy: 1618.13
MCReject   xShift: 6.90804 crossingAngle: -38.281 axialRotation: -54.64 zShift: 4.88334 energy: 1618.5
MCReject   xShift: 6.90804 crossingAngle: -38.2918 axialRotation: -54.64 zShift: 4.90043 energy: 1577.72
MCReject   xShift: 6.90804 crossingAngle: -38.1433 axialRotation: -54.64 zShift: 4.88334 energy: 1618.13
MCReject   xShift: 6.90804 crossingAngle: -38.2918 axialRotation: -54.64 zShift: 4.90669 energy: 1619.63
MCReject   xShift: 6.90804 crossingAngle: -38.2918 axialRotation: -54.8442 zShift: 4.88334 energy: 1618.13
MCReject   xShift: 6.90804 crossingAngle: -38.2918 axialRotation: -54.64 zShift: 4.88437 energy: 1576.27
MCReject   xShift: 6.90667 crossingAngle: -38.2918 axialRotation: -54.64 zShift: 4.88334 energy: 1576.4
MCReject   xShift: 6.90804 crossingAngle: -38.2931 axialRotation: -54.64 zShift: 4.88334 energy: 1617.97
MCReject   xShift: 6.90804 crossingAngle: -38.2918 axialRotation: -54.5683 zShift: 4.88334 energy: 1617.97
MCReject   xShift: 6.90804 crossingAngle: -38.2918 axialRotation: -54.64 zShift: 4.88017 energy: 1618.2
MCReject   xShift: 6.90804 crossingAngle: -38.2918 axialRotation: -54.7324 zShift: 4.88334 energy: 1618.34
MCReject   xShift: 6.90804 crossingAngle: -38.2918 axialRotation: -54.6654 zShift: 4.88334 energy: 1618.97
MCReject   xShift: 6.90804 crossingAngle: -38.2918 axialRotation: -54.7449 zShift: 4.88334 energy: 1576.4
MCReject   xShift: 6.91041 crossingAngle: -38.2918 axialRotation: -54.64 zShift: 4.88334 energy: 1617.97
MCAccept 20 xShift: 6.90804 crossingAngle: -38.1289 axialRotation: -54.64 zShift: 4.88334 energy: 1574.94
MCReject   xShift: 6.90804 crossingAngle: -38.1289 axialRotation: -54.3918 zShift: 4.88334 energy: 1617.97
MCReject   xShift: 6.91149 crossingAngle: -38.1289 axialRotation: -54.64 zShift: 4.88334 energy: 1618.34
MCReject   xShift: 6.91551 crossingAngle: -38.1289 axialRotation: -54.64 zShift: 4.88334 energy: 1618.8
MCReject   xShift: 6.90804 crossingAngle: -38.1289 axialRotation: -54.8127 zShift: 4.88334 energy: 1617.97
MCReject   xShift: 6.90804 crossingAngle: -38.1289 axialRotation: -54.64 zShift: 4.86782 energy: 1619.2
MCReject   xShift: 6.92886 crossingAngle: -38.1289 axialRotation: -54.64 zShift: 4.88334 energy: 1618.8
MCReject   xShift: 6.90804 crossingAngle: -38.039 axialRotation: -54.64 zShift: 4.88334 energy: 1618.13
MCReject   xShift: 6.88261 crossingAngle: -38.1289 axialRotation: -54.64 zShift: 4.88334 energy: 1618.5
MCReject   xShift: 6.90804 crossingAngle: -38.1289 axialRotation: -54.64 zShift: 4.90161 energy: 1619.38
MCReject   xShift: 6.89313 crossingAngle: -38.1289 axialRotation: -54.64 zShift: 4.88334 energy: 1618.97
MCReject   xShift: 6.90804 crossingAngle: -38.1289 axialRotation: -54.64 zShift: 4.8945 energy: 1618.62
MCReject   xShift: 6.90804 crossingAngle: -38.0652 axialRotation: -54.64 zShift: 4.88334 energy: 1618.5
MCReject   xShift: 6.90804 crossingAngle: -38.1289 axialRotation: -54.64 zShift: 4.88231 energy: 1618.82
MCReject   xShift: 6.90804 crossingAngle: -38.1289 axialRotation: -54.3561 zShift: 4.88334 energy: 1617.97
MCReject   xShift: 6.90804 crossingAngle: -38.1289 axialRotation: -54.7779 zShift: 4.88334 energy: 1618.13
MCReject   xShift: 6.90804 crossingAngle: -38.1289 axialRotation: -54.555 zShift: 4.88334 energy: 1617.97
MCReject   xShift: 6.90804 crossingAngle: -38.1289 axialRotation: -54.64 zShift: 4.89305 energy: 1618.18
MCReject   xShift: 6.90804 crossingAngle: -38.1289 axialRotation: -54.64 zShift: 4.88199 energy: 1618.99
MCReject   xShift: 6.90804 crossingAngle: -38.1478 axialRotation: -54.64 zShift: 4.88334 energy: 1618.13
MCReject   xShift: 6.90804 crossingAngle: -38.1289 axialRotation: -54.64 zShift: 4.87668 energy: 1618.21
MCReject   xShift: 6.90804 crossingAngle: -37.9975 axialRotation: -54.64 zShift: 4.88334 energy: 1618.34
MCReject   xShift: 6.90804 crossingAngle: -38.1822 axialRotation: -54.64 zShift: 4.88334 energy: 1618.13
MCReject   xShift: 6.90804 crossingAngle: -38.1289 axialRotation: -54.7414 zShift: 4.88334 energy: 1617.97
MCReject   xShift: 6.90804 crossingAngle: -38.1289 axialRotation: -54.4794 zShift: 4.88334 energy: 1618.8
MCReject   xShift: 6.90804 crossingAngle: -38.1289 axialRotation: -54.64 zShift: 4.88149 energy: 1618.17
MCReject   xShift: 6.90804 crossingAngle: -38.1289 axialRotation: -54.64 zShift: 4.87715 energy: 1618.71
MCReject   xShift: 6.92377 crossingAngle: -38.1289 axialRotation: -54.64 zShift: 4.88334 energy: 1618.5
MCAccept 21 xShift: 6.91555 crossingAngle: -38.1289 axialRotation: -54.64 zShift: 4.88334 energy: 1574.94
MCReject   xShift: 6.91555 crossingAngle: -38.1289 axialRotation: -54.64 zShift: 4.88395 energy: 1618.5
MCReject   xShift: 6.922 crossingAngle: -38.1289 axialRotation: -54.64 zShift: 4.88334 energy: 1617.97
MCReject   xShift: 6.91555 crossingAngle: -38.1289 axialRotation: -54.64 zShift: 4.86467 energy: 1619.48
MCReject   xShift: 6.9105 crossingAngle: -38.1289 axialRotation: -54.64 zShift: 4.88334 energy: 1618.8
MCReject   xShift: 6.91555 crossingAngle: -38.0681 axialRotation: -54.64 zShift: 4.88334 energy: 1618.13
MCReject   xShift: 6.91555 crossingAngle: -38.1289 axialRotation: -54.6971 zShift: 4.88334 energy: 1618.97
MCReject   xShift: 6.91555 crossingAngle: -38.2673 axialRotation: -54.64 zShift: 4.88334 energy: 1617.97
MCReject   xShift: 6.91555 crossingAngle: -37.9963 axialRotation: -54.64 zShift: 4.88334 energy: 1617.97
MCReject   xShift: 6.91555 crossingAngle: -38.2496 axialRotation: -54.64 zShift: 4.88334 energy: 1575.93
MCReject   xShift: 6.92119 crossingAngle: -38.1289 axialRotation: -54.64 zShift: 4.88334 energy: 1618.8
MCReject   xShift: 6.92232 crossingAngle: -38.1289 axialRotation: -54.64 zShift: 4.88334 energy: 1618.8
MCReject   xShift: 6.88999 crossingAngle: -38.1289 axialRotation: -54.64 zShift: 4.88334 energy: 1617.97
MCReject   xShift: 6.91555 crossingAngle: -38.1289 axialRotation: -54.64 zShift: 4.89282 energy: 1618.32
MCReject   xShift: 6.91555 crossingAngle: -38.1289 axialRotation: -54.64 zShift: 4.8822 energy: 1617.99
MCReject   xShift: 6.91452 crossingAngle: -38.1289 axialRotation: -54.64 zShift: 4.88334 energy: 1618.5
MCReject   xShift: 6.91555 crossingAngle: -38.0926 axialRotation: -54.64 zShift: 4.88334 energy: 1617.97
MCReject   xShift: 6.91555 crossingAngle: -38.1014 axialRotation: -54.64 zShift: 4.88334 energy: 1618.97
MCReject   xShift: 6.91555 crossingAngle: -38.1289 axialRotation: -54.6362 zShift: 4.88334 energy: 1618.8
MCReject   xShift: 6.91555 crossingAngle: -38.1289 axialRotation: -54.64 zShift: 4.86381 energy: 1620.15
MCReject   xShift: 6.91555 crossingAngle: -38.132 axialRotation: -54.64 zShift: 4.88334 energy: 1618.5
MCReject   xShift: 6.91555 crossingAngle: -38.1289 axialRotation: -54.4455 zShift: 4.88334 energy: 1617.97
MCReject   xShift: 6.91555 crossingAngle: -37.995 axialRotation: -54.64 zShift: 4.88334 energy: 1617.97
MCReject   xShift: 6.92866 crossingAngle: -38.1289 axialRotation: -54.64 zShift: 4.88334 energy: 1617.97
MCReject   xShift: 6.92365 crossingAngle: -38.1289 axialRotation: -54.64 zShift: 4.88334 energy: 1575.3
Energy #0: 1574.94
***GEOMETRY SHIFT***
xShift;        Before: 6.92; After: 6.91555
crossingAngle; Before: -38.41; After: -38.1289
axialRotation; Before: -53.99; After: -54.64
zShift;        Before: 4.91; After: 4.88334
Energy;        Before: 1.06909e+08; After: 1574.94

Reached 51 cycles without improvement of 0.001. Accepted 22/375
Monte Carlo repack complete. Time: 62.0167min

Final energy is 1574.94 after repack, indicating clashes. Choose a different geometry
