***STARTING GEOMETRY:***
xShift: 6.94114
crossingAngle: -37.7964
axialRotation: -54.6753
zShift: 4.88173

Number of MCCycles: 200
PrevSequence	CurrSequence	PrevEnergy	CurrEnergy	PrevEntropy	CurrEntropy	CurrentTemp
LLLYGLLYSLLGALLAYLILI	LLLLGLLYSLLGALLAYLILI	10524.2	1595.11	0.987966	0.123624	999.847
LLLLGLLYSLLGALLAYLILI	LLLWGLLYSLLGALLAYLILI	1595.18	1591.89	0.198389	0.743646	999.684
LLLWGLLYSLLGALLAYLILI	LLLGGLLYSLLGALLAYLILI	1591.56	1587.38	0.413856	0.40685	999.512
LLLGGLLYSLLGALLAYLILI	LLLGGLLLSLLGALLAYLILI	1587.78	1589.2	0.801241	0.176934	998.928
LLLGGLLLSLLGALLAYLILI	LLLGGLLLSLLGSLLAYLILI	1589.27	1589.79	0.244161	0.642213	998.708
LLLGGLLLSLLGSLLAYLILI	LLLGGLLLSLLGALLAYLILI	1589.79	1589.61	0.642213	0.244161	998.476
LLLGGLLLSLLGALLAYLILI	LLLGGLLYSLLGALLAYLILI	1589.55	1588.12	0.176934	0.801241	997.967
LLLGGLLYSLLGALLAYLILI	LLLGGLLYSLLGALLAFLILI	1588.28	1588.9	0.952787	0.132101	997.689
LLLGGLLYSLLGALLAFLILI	LLLGGLLYSLLGSLLAFLILI	1589.01	1588.87	0.244161	0.642213	997.394
LLLGGLLYSLLGSLLAFLILI	LLLGGLLYALLGSLLAFLILI	1588.87	1588.03	0.642213	0.244161	997.081
LLLGGLLYALLGSLLAFLILI	LLLGGLLYALLGSLLAYLILI	1587.92	1587.27	0.132101	0.952787	996.397
LLLGGLLYALLGSLLAYLILI	LLLGGLLFALLGSLLAYLILI	1587.27	1587.74	0.952787	0.132101	996.023
LLLGGLLFALLGSLLAYLILI	LLLGGLLYALLGSLLAYLILI	1587.74	1587.32	0.132101	0.952787	995.626
LLLGGLLYALLGSLLAYLILI	LLLGGLLYALLGALLAYLILI	1586.67	1587.42	0.297523	0.549849	994.758
LLLGGLLYALLGALLAYLILI	LLLGGLLYALLGALLSYLILI	1587.42	1587.94	0.549849	0.297523	994.285
LLLGGLLYALLGALLSYLILI	LLLGGLLTALLGALLSYLILI	1588.42	1590.25	0.773553	0.186892	993.249
LLLGGLLTALLGALLSYLILI	LLLGGLLTALLGALLGYLILI	1590.21	1592.01	0.151251	0.88184	992.084
LLLGGLLTALLGALLGYLILI	LLLYGLLTALLGALLGYLILI	1591.58	1591.57	0.453966	0.369715	990.773
LLLYGLLTALLGALLGYLILI	LLLGGLLTALLGALLGYLILI	1591.57	1591.58	0.369715	0.453966	990.058
LLLGGLLTALLGALLGYLILI	LLLGGLLYALLGALLGYLILI	1591.31	1589.54	0.186892	0.773553	989.3
LLLGGLLYALLGALLGYLILI	LLLGGLLYALLGALLAYLILI	1589.46	1588.29	0.696512	0.21825	987.644
LLLGGLLYALLGALLAYLILI	LLLGGLLYALLGALLAFLILI	1589.02	1590.98	0.952787	0.132101	985.783
LLLGGLLYALLGALLAFLILI	LLLGGLLYALLGALLGFLILI	1591.06	1592.73	0.21825	0.696512	983.694
LLLGGLLYALLGALLGFLILI	LLLGGLLYALLGTLLGFLILI	1592.42	1587.44	0.387124	0.43451	981.348
LLLGGLLYALLGTLLGFLILI	LLLGGLLYALLGLLLGFLILI	1587.44	1591.41	0.429465	0.391819	978.717
LLLGGLLYALLGLLLGFLILI	LLLGGLLYALLGALLGFLILI	1591.43	1592.44	0.415233	0.405493	977.285
LLLGGLLYALLGALLGFLILI	LLLYGLLYALLGALLGFLILI	1592.48	1592.91	0.453966	0.369715	975.768
LLLYGLLYALLGALLGFLILI	LLLGGLLYALLGALLGFLILI	1592.91	1592.48	0.369715	0.453966	972.463
LLLGGLLYALLGALLGFLILI	LLLGGLLYALLGALLGYLILI	1592.16	1589.72	0.132101	0.952787	970.666
LLLGGLLYALLGALLGYLILI	LLLGGLLYALLGALLAYLILI	1589.46	1588.29	0.696512	0.21825	968.764
LLLGGLLYALLGALLAYLILI	LLLGGLLLALLGALLAYLILI	1588.87	1590.97	0.801241	0.176934	945.979
LLLGGLLLALLGALLAYLILI	LLLGGLLYALLGALLAYLILI	1590.97	1589.33	0.176934	0.801241	942.693
LLLGGLLYALLGALLAYLILI	LLLGGLLYALLGALLSYLILI	1589.08	1588.36	0.549849	0.297523	939.229
LLLGGLLYALLGALLSYLILI	LLLGGLLTALLGALLSYLILI	1588.84	1590.19	0.773553	0.186892	931.732
LLLGGLLTALLGALLSYLILI	LLLTGLLTALLGALLSYLILI	1590.46	1590.03	0.457192	0.366931	927.683
LLLTGLLTALLGALLSYLILI	LLLTGLLTALLGGLLSYLILI	1589.86	1589.47	0.197612	0.745602	918.939
LLLTGLLTALLGGLLSYLILI	LLLTGLLTALLGALLSYLILI	1589.47	1589.86	0.745602	0.197612	909.276
LLLTGLLTALLGALLSYLILI	LLLTGLLTALLGALLGYLILI	1589.85	1591.42	0.19415	0.754431	904.077
LLLTGLLTALLGALLGYLILI	LLLYGLLTALLGALLGYLILI	1591	1591.55	0.328724	0.505042	886.903
LLLYGLLTALLGALLGYLILI	LLLYGLLTSLLGALLGYLILI	1591.46	1591.67	0.416521	0.404229	874.051
LLLYGLLTSLLGALLGYLILI	LLLYGLLTSLLGTLLGYLILI	1591.39	1588.95	0.122923	0.990994	867.179
LLLYGLLTSLLGTLLGYLILI	LLLYALLTSLLGTLLGYLILI	1589.02	1588.57	1.06535	0.107014	859.999
LLLYALLTSLLGTLLGYLILI	LLLTALLTSLLGTLLGYLILI	1588.84	1588.33	0.379341	0.443059	852.504
LLLTALLTSLLGTLLGYLILI	LLLTALLTSLLGTLLGTLILI	1588.06	1589.41	0.171816	0.816184	836.541
LLLTALLTSLLGTLLGTLILI	LLLTALLTSLLGTLLGYLILI	1589.41	1587.8	0.816184	0.171816	819.243
LLLTALLTSLLGTLLGYLILI	LLLTALLTALLGTLLGYLILI	1588.03	1587.93	0.404229	0.416521	810.083
LLLTALLTALLGTLLGYLILI	LLLGALLTALLGTLLGYLILI	1588	1588.57	0.489954	0.34018	800.577
LLLGALLTALLGTLLGYLILI	LLLGALLYALLGTLLGYLILI	1588.56	1588.84	0.328724	0.505042	790.724
LLLGALLYALLGTLLGYLILI	LLLGALLYALLGSLLGYLILI	1588.78	1591.42	0.440933	0.381257	780.523
LLLGALLYALLGSLLGYLILI	LLLAALLYALLGSLLGYLILI	1591.62	1594.81	0.584123	0.276169	769.974
LLLAALLYALLGSLLGYLILI	LLLAALLYALLGSLLGWLILI	1594.98	1596.64	0.451187	0.372136	759.081
LLLAALLYALLGSLLGWLILI	LLLGALLYALLGSLLGWLILI	1596.55	1594.98	0.276169	0.584123	747.845
LLLGALLYALLGSLLGWLILI	LLLGALLYALLGSLLGYLILI	1594.77	1591.49	0.372136	0.451187	736.272
LLLGALLYALLGSLLGYLILI	LLLAALLYALLGSLLGYLILI	1591.62	1594.81	0.584123	0.276169	712.142
LLLAALLYALLGSLLGYLILI	LLLTALLYALLGSLLGYLILI	1595.05	1589.75	0.51447	0.32182	699.602
LLLTALLYALLGSLLGYLILI	LLLTALLTALLGSLLGYLILI	1589.93	1590.27	0.505042	0.328724	646.557
LLLTALLTALLGSLLGYLILI	LLLTALLYALLGSLLGYLILI	1590.27	1590.09	0.328724	0.505042	632.651
LLLTALLYALLGSLLGYLILI	LLLTALLYALLGTLLGYLILI	1589.8	1587.68	0.220804	0.690823	618.524
LLLTALLYALLGTLLGYLILI	LLLTALLYALLGTLLGWLILI	1587.44	1588.98	0.451187	0.372136	604.196
LLLTALLYALLGTLLGWLILI	LLLTALLFALLGTLLGWLILI	1589.25	1588.31	0.650378	0.240035	589.688
LLLTALLFALLGTLLGWLILI	LLLTALLFALLGTLLGVLILI	1589.08	1591.81	1.00921	0.118797	575.025
LLLTALLFALLGTLLGVLILI	LLLTALLFSLLGTLLGVLILI	1592.11	1592.36	0.416521	0.404229	560.23
LLLTALLFSLLGTLLGVLILI	LLLTALLFSLLGTLLGFLILI	1592.15	1588.9	0.194474	0.753596	545.329
LLLTALLFSLLGTLLGFLILI	LLLTALLFSLLGTLLGYLILI	1588.56	1587.06	0.410343	0.410343	530.348
LLLTALLFSLLGTLLGYLILI	LLLTALLFALLGTLLGYLILI	1587.05	1587.02	0.404229	0.416521	515.312
LLLTALLFALLGTLLGYLILI	LLLYALLFALLGTLLGYLILI	1586.94	1588.29	0.328724	0.505042	340.278
LLLYALLFALLGTLLGYLILI	LLLYGLLFALLGTLLGYLILI	1587.98	1587.61	0.197612	0.745602	300.898
LLLYGLLFALLGTLLGYLILI	LLLYALLFALLGTLLGYLILI	1587.61	1588.15	0.745602	0.197612	276.131
LLLYALLFALLGTLLGYLILI	LLLYALLFALLGTLLGWLILI	1588.4	1590.19	0.451187	0.372136	219.977
LLLYALLFALLGTLLGWLILI	LLLYGLLFALLGTLLGWLILI	1590.02	1589.48	0.197612	0.745602	209.776
LLLYGLLFALLGTLLGWLILI	LLLYGLLYALLGTLLGWLILI	1588.87	1588.65	0.132101	0.952787	199.923
LLLYGLLYALLGTLLGWLILI	LLLYGLLYALLGTLLGYLILI	1587.97	1586.25	0.272043	0.591129	181.257
LLLYGLLYALLGTLLGYLILI	LLLYGLLYSLLGTLLGYLILI	1585.9	1586.76	0.244161	0.642213	172.439
LLLYGLLYSLLGTLLGYLILI	LLLGGLLYSLLGTLLGYLILI	1586.61	1586.14	0.493345	0.337561	96.4228
LLLGGLLYSLLGTLLGYLILI	LLLTGLLYSLLGTLLGYLILI	1586.35	1585.96	0.55485	0.29428	61.271
LLLTGLLYSLLGTLLGYLILI	LLLTGLLYALLGTLLGYLILI	1586.31	1585.52	0.642213	0.244161	54.5206
Time: 438s
