***STARTING GEOMETRY:***
xShift: 8.3055
crossingAngle: 21.7929
axialRotation: 99.5179
zShift: 4.23516

Number of MCCycles: 100
PrevSequence	CurrSequence	PrevEnergy	CurrEnergy	PrevEntropy	CurrEntropy	CurrentTemp
LLLYGLLFLLTSLTGLLLILI	LLLYGLLFLLTSLYGLLLILI	-5.14788	-7.59926	0.328724	0.505042	999.684
LLLYGLLFLLTSLYGLLLILI	LLLYGLLFLLTSLYALLLILI	-7.23196	-2.26441	0.872342	0.154044	999.328
LLLYGLLFLLTSLYALLLILI	LLLYGLLFLLTSLTALLLILI	-1.91341	-5.38918	0.505042	0.328724	998.928
LLLYGLLFLLTSLTALLLILI	LLLYGLLYLLTSLTALLLILI	-5.58581	-3.5227	0.132101	0.952787	998.476
LLLYGLLYLLTSLTALLLILI	LLLYGLLFLLTSLTALLLILI	-3.5227	-5.80468	0.952787	0.132101	997.967
LLLYGLLFLLTSLTALLLILI	LLLYGLLFLLTSLVALLLILI	-5.00592	-2.12441	0.930859	0.137712	996.749
LLLYGLLFLLTSLVALLLILI	LLLFGLLFLLTSLVALLLILI	-1.85178	0.67333	0.410343	0.410343	996.023
LLLFGLLFLLTSLVALLLILI	LLLFGLLFLLTSLTALLLILI	0.400699	-2.00587	0.137712	0.930859	995.205
LLLFGLLFLLTSLTALLLILI	LLLYGLLFLLTSLTALLLILI	-2.52639	-5.52644	0.410343	0.410343	994.285
LLLYGLLFLLTSLTALLLILI	LLLYGLLFLLTSLTTLLLILI	-5.85206	-5.01247	0.0847157	1.19282	992.084
LLLYGLLFLLTSLTTLLLILI	LLLYGLLFLLTSLTALLLILI	-5.01247	-5.24983	1.19282	0.0847157	990.773
LLLYGLLFLLTSLTALLLILI	LLLYGLLFLLTSLTTLLLILI	-5.24983	-5.25386	0.0847157	1.19282	989.3
LLLYGLLFLLTSLTTLLLILI	LLLYGLLFLLTSLTYLLLILI	-6.00363	-5.12519	0.443059	0.379341	987.644
LLLYGLLFLLTSLTYLLLILI	LLLYGLLFLLTALTYLLLILI	-4.86232	-5.14013	0.642213	0.244161	985.783
LLLYGLLFLLTALTYLLLILI	LLLYGLLFLLYALTYLLLILI	-5.14626	-0.387234	0.238039	0.654392	983.694
LLLYGLLFLLYALTYLLLILI	LLLYGLLFLLYSLTYLLLILI	-0.797465	-0.793666	0.244161	0.642213	981.348
LLLYGLLFLLYSLTYLLLILI	LLLYGLLFLLYSLVYLLLILI	-0.803717	2.94784	0.632162	0.249358	978.717
LLLYGLLFLLYSLVYLLLILI	LLLYGLLFLLYSLTYLLLILI	2.94784	-0.803717	0.249358	0.632162	975.768
LLLYGLLFLLYSLTYLLLILI	LLLYGLLFLLYSLTFLLLILI	-0.615193	-0.177329	0.820686	0.170308	972.463
LLLYGLLFLLYSLTFLLLILI	LLLYGLLFLLYSLVFLLLILI	0.284525	3.49787	0.632162	0.249358	968.764
LLLYGLLFLLYSLVFLLLILI	LLLYGLLFLLYSLTFLLLILI	3.49787	0.815925	0.249358	0.632162	964.627
LLLYGLLFLLYSLTFLLLILI	LLLYGLLFLLYSLTYLLLILI	0.354071	-0.400414	0.170308	0.820686	960.005
LLLYGLLFLLYSLTYLLLILI	LLLYGLLFLLTSLTYLLLILI	-0.566708	-5.34426	0.654392	0.238039	954.846
LLLYGLLFLLTSLTYLLLILI	LLLYGLLFLLTSLVYLLLILI	-4.65144	-1.62828	0.930859	0.137712	949.095
LLLYGLLFLLTSLVYLLLILI	LLLYGLLFLLTSLVTLLLILI	-1.26095	-1.95616	0.505042	0.328724	942.693
LLLYGLLFLLTSLVTLLLILI	LLLFGLLFLLTSLVTLLLILI	-1.87455	0.123599	0.410343	0.410343	935.578
LLLFGLLFLLTSLVTLLLILI	LLLFGLLFLLTSLTTLLLILI	-0.191473	-2.13045	0.0952708	1.12845	927.683
LLLFGLLFLLTSLTTLLLILI	LLLFGLLFLLTSLTFLLLILI	-2.72006	-4.19274	0.538845	0.30482	918.939
LLLFGLLFLLTSLTFLLLILI	LLLGGLLFLLTSLTFLLLILI	-4.00422	-3.27964	0.493345	0.337561	909.276
LLLGGLLFLLTSLTFLLLILI	LLLYGLLFLLTSLTFLLLILI	-3.16323	-3.4096	0.453966	0.369715	898.621
LLLYGLLFLLTSLTFLLLILI	LLLYGLLFLLYSLTFLLLILI	-3.45059	-0.0403023	0.328724	0.505042	886.903
LLLYGLLFLLYSLTFLLLILI	LLLYGLLFLLYSLTYLLLILI	-0.375037	0.521823	0.170308	0.820686	874.051
LLLYGLLFLLYSLTYLLLILI	LLLYGLLFLLYALTYLLLILI	0.34335	-0.819699	0.642213	0.244161	859.999
LLLYGLLFLLYALTYLLLILI	LLLYGLLFLLTALTYLLLILI	-0.409467	-4.93147	0.654392	0.238039	844.686
LLLYGLLFLLTALTYLLLILI	LLLYGLLFLLTSLTYLLLILI	-4.92535	-4.46818	0.244161	0.642213	828.061
LLLYGLLFLLTSLTYLLLILI	LLLYGLLYLLTSLTYLLLILI	-5.01914	-2.7993	0.0912572	1.15198	810.083
LLLYGLLYLLTSLTYLLLILI	LLLWGLLYLLTSLTYLLLILI	-3.36015	-2.09358	0.591129	0.272043	790.724
LLLWGLLYLLTSLTYLLLILI	LLLYGLLYLLTSLTYLLLILI	-2.09358	-3.87305	0.272043	0.591129	769.974
LLLYGLLYLLTSLTYLLLILI	LLLYGLLYLLTALTYLLLILI	-3.82196	-4.06011	0.642213	0.244161	724.369
LLLYGLLYLLTALTYLLLILI	LLLYGLLYLLTALTFLLLILI	-3.15229	-2.27879	1.15198	0.0912572	699.602
LLLYGLLYLLTALTFLLLILI	LLLYGLLYLLTALTYLLLILI	-2.27879	-2.9433	0.0912572	1.15198	673.628
LLLYGLLYLLTALTYLLLILI	LLLYGLLFLLTALTYLLLILI	-2.9433	-3.83382	1.15198	0.0912572	646.557
LLLYGLLFLLTALTYLLLILI	LLLYGLLFLLTSLTYLLLILI	-3.68091	-4.66461	0.244161	0.642213	618.524
LLLYGLLFLLTSLTYLLLILI	LLLYGLLFLLTSLTFLLLILI	-4.65645	-6.08427	0.650378	0.240035	530.348
LLLYGLLFLLTSLTFLLLILI	LLLYGLLFLLTSLTTLLLILI	-6.10476	-5.75308	0.219549	0.693609	500.25
LLLYGLLFLLTSLTTLLLILI	LLLYGLLFLLTSLTALLLILI	-5.25386	-5.85206	1.19282	0.0847157	230.526
LLLYGLLFLLTSLTALLLILI	LLLYGLLFLLTSLTTLLLILI	-5.85206	-4.65332	0.0847157	1.19282	190.417
LLLYGLLFLLTSLTTLLLILI	LLLYGLLFLLTSLTALLLILI	-4.65332	-5.25145	1.19282	0.0847157	155.814
LLLYGLLFLLTSLTALLLILI	LLLYGLLFLLTSLTTLLLILI	-5.25145	-5.25386	0.0847157	1.19282	140.501
LLLYGLLFLLTSLTTLLLILI	LLLYGLLFLLTSLTFLLLILI	-5.75308	-5.98789	0.693609	0.219549	113.597
LLLYGLLFLLTSLTFLLLILI	LLLYGLLFLLTSLTALLLILI	-5.39896	-5.54347	0.80848	0.174433	91.2238
Time: 381s
