***STARTING GEOMETRY:***
xShift: 8.22145
crossingAngle: 22.4115
axialRotation: 99.4847
zShift: 4.17339

Number of MCCycles: 100
PrevSequence	CurrSequence	PrevEnergy	CurrEnergy	PrevEntropy	CurrEntropy	CurrentTemp
LLLYGLLFLLTSLTGLLLILI	LLLYGLLFLLTSLVGLLLILI	-3.82066	-7.35081	0.930859	0.137712	999.684
LLLYGLLFLLTSLVGLLLILI	LLLFGLLFLLTSLVGLLLILI	-7.07818	-4.75744	0.410343	0.410343	999.328
LLLFGLLFLLTSLVGLLLILI	LLLFGLLFLLTSLVTLLLILI	-4.8276	0.58755	0.34018	0.489954	998.928
LLLFGLLFLLTSLVTLLLILI	LLLYGLLFLLTSLVTLLLILI	0.507939	-1.75557	0.410343	0.410343	998.476
LLLYGLLFLLTSLVTLLLILI	LLLYGLLFLLTSLTTLLLILI	-2.07065	-4.83367	0.0952708	1.12845	997.967
LLLYGLLFLLTSLTTLLLILI	LLLYGLLFLLTSLTYLLLILI	-5.51906	-4.53555	0.443059	0.379341	997.394
LLLYGLLFLLTSLTYLLLILI	LLLYGLLFLLTALTYLLLILI	-4.27268	-4.42879	0.642213	0.244161	996.749
LLLYGLLFLLTALTYLLLILI	LLLYGLLFLLTSLTYLLLILI	-4.42879	-2.83862	0.244161	0.642213	996.023
LLLYGLLFLLTSLTYLLLILI	LLLYGLLFLLTSLTTLLLILI	-3.1015	-5.4605	0.379341	0.443059	995.205
LLLYGLLFLLTSLTTLLLILI	LLLYGLLFLLTSLTFLLLILI	-5.20995	-5.83315	0.693609	0.219549	994.285
LLLYGLLFLLTSLTFLLLILI	LLLYGLLFLLTSLTTLLLILI	-5.83315	-5.20995	0.219549	0.693609	993.249
LLLYGLLFLLTSLTTLLLILI	LLLFGLLFLLTSLTTLLLILI	-5.49321	-2.72318	0.410343	0.410343	992.084
LLLFGLLFLLTSLTTLLLILI	LLLYGLLFLLTSLTTLLLILI	-2.72318	-5.55178	0.410343	0.410343	990.773
LLLYGLLFLLTSLTTLLLILI	LLLYGLLFLLTSLTALLLILI	-4.7693	-4.75874	1.19282	0.0847157	989.3
LLLYGLLFLLTSLTALLLILI	LLLYGLLFLLTSLYALLLILI	-4.51473	-0.821047	0.328724	0.505042	987.644
LLLYGLLFLLTSLYALLLILI	LLLYGLLFLLTSLYTLLLILI	-1.20317	-1.31252	0.122923	0.990994	985.783
LLLYGLLFLLTSLYTLLLILI	LLLYGLLFLLTSLTTLLLILI	-1.92418	-4.92045	0.379341	0.443059	983.694
LLLYGLLFLLTSLTTLLLILI	LLLYGLLFLLTSLTYLLLILI	-4.92045	-4.59336	0.443059	0.379341	981.348
LLLYGLLFLLTSLTYLLLILI	LLLYGLLFLLTALTYLLLILI	-4.33049	-4.21933	0.642213	0.244161	978.717
LLLYGLLFLLTALTYLLLILI	LLLYGLLFLLTSLTYLLLILI	-4.21933	-4.27268	0.244161	0.642213	975.768
LLLYGLLFLLTSLTYLLLILI	LLLYGLLFLLTALTYLLLILI	-4.27268	-3.62305	0.642213	0.244161	972.463
LLLYGLLFLLTALTYLLLILI	LLLYGLLFLLTSLTYLLLILI	-3.62305	-4.21408	0.244161	0.642213	968.764
LLLYGLLFLLTSLTYLLLILI	LLLFGLLFLLTSLTYLLLILI	-4.20591	-2.17958	0.650378	0.240035	964.627
LLLFGLLFLLTSLTYLLLILI	LLLFGLLFLLTSLTALLLILI	-1.61113	-2.39613	0.80848	0.174433	960.005
LLLFGLLFLLTSLTALLLILI	LLLYGLLFLLTSLTALLLILI	-2.16022	-4.5911	0.410343	0.410343	954.846
LLLYGLLFLLTSLTALLLILI	LLLYGLLFLLTSLTTLLLILI	-4.91673	-4.7693	0.0847157	1.19282	949.095
LLLYGLLFLLTSLTTLLLILI	LLLYGLLFLLTSLTALLLILI	-4.7693	-4.70018	1.19282	0.0847157	942.693
LLLYGLLFLLTSLTALLLILI	LLLYGLLFLLTSLTTLLLILI	-4.70018	-4.17238	0.0847157	1.19282	935.578
LLLYGLLFLLTSLTTLLLILI	LLLFGLLFLLTSLTTLLLILI	-4.95485	-3.12806	0.410343	0.410343	927.683
LLLFGLLFLLTSLTTLLLILI	LLLYGLLFLLTSLTTLLLILI	-3.12806	-5.55178	0.410343	0.410343	918.939
LLLYGLLFLLTSLTTLLLILI	LLLFGLLFLLTSLTTLLLILI	-5.55178	-3.05336	0.410343	0.410343	898.621
LLLFGLLFLLTSLTTLLLILI	LLLYGLLFLLTSLTTLLLILI	-3.05336	-5.55178	0.410343	0.410343	886.903
LLLYGLLFLLTSLTTLLLILI	LLLFGLLFLLTSLTTLLLILI	-5.55178	-3.15438	0.410343	0.410343	874.051
LLLFGLLFLLTSLTTLLLILI	LLLYGLLFLLTSLTTLLLILI	-3.15438	-4.95485	0.410343	0.410343	859.999
LLLYGLLFLLTSLTTLLLILI	LLLYGLLFLLTSLVTLLLILI	-4.23675	-2.3056	1.12845	0.0952708	844.686
LLLYGLLFLLTSLVTLLLILI	LLLYGLLFLLTSLTTLLLILI	-2.3056	-4.83367	0.0952708	1.12845	828.061
LLLYGLLFLLTSLTTLLLILI	LLLFGLLFLLTSLTTLLLILI	-5.55178	-3.28831	0.410343	0.410343	810.083
LLLFGLLFLLTSLTTLLLILI	LLLYGLLFLLTSLTTLLLILI	-3.28831	-5.55178	0.410343	0.410343	790.724
LLLYGLLFLLTSLTTLLLILI	LLLFGLLFLLTSLTTLLLILI	-5.55178	-3.22746	0.410343	0.410343	769.974
LLLFGLLFLLTSLTTLLLILI	LLLFGLLFLLTSLTFLLLILI	-3.09896	-3.67218	0.538845	0.30482	747.845
LLLFGLLFLLTSLTFLLLILI	LLLYGLLFLLTSLTFLLLILI	-3.43455	-4.37349	0.542444	0.302409	724.369
LLLYGLLFLLTSLTFLLLILI	LLLYGLLYLLTSLTFLLLILI	-4.43587	-3.47465	0.240035	0.650378	699.602
LLLYGLLYLLTSLTFLLLILI	LLLYGLLFLLTSLTFLLLILI	-3.47465	-6.00706	0.650378	0.240035	673.628
LLLYGLLFLLTSLTFLLLILI	LLLYGLLWLLTSLTFLLLILI	-5.97952	-1.48249	0.267575	0.598868	646.557
LLLYGLLWLLTSLTFLLLILI	LLLYGLLFLLTSLTFLLLILI	-1.48249	-2.66455	0.598868	0.267575	618.524
LLLYGLLFLLTSLTFLLLILI	LLLGGLLFLLTSLTFLLLILI	-2.56241	-0.353986	0.369715	0.453966	589.688
LLLGGLLFLLTSLTFLLLILI	LLLGGLLYLLTSLTFLLLILI	-0.397609	-0.70038	0.410343	0.410343	560.23
LLLGGLLYLLTSLTFLLLILI	LLLYGLLYLLTSLTFLLLILI	-0.841251	-1.62422	0.269472	0.595564	530.348
LLLYGLLYLLTSLTFLLLILI	LLLFGLLYLLTSLTFLLLILI	-1.5694	-1.90295	0.650378	0.240035	500.25
LLLFGLLYLLTSLTFLLLILI	LLLYGLLYLLTSLTFLLLILI	-1.90295	-4.60733	0.240035	0.650378	470.152
LLLYGLLYLLTSLTFLLLILI	LLLYGLLFLLTSLTFLLLILI	-4.60733	-6.03513	0.650378	0.240035	353.943
Time: 620s
