***STARTING GEOMETRY:***
xShift: 8.83726
crossingAngle: -40.0494
axialRotation: 32.917
zShift: 5.40857

Number of MCCycles: 100
PrevSequence	CurrSequence	PrevEnergy	CurrEnergy	PrevEntropy	CurrEntropy	CurrentTemp
LLLTLLGTLLSTLLTTLLILI	LLLTLLGTLLSTLLTYLLILI	-18.7591	-20.9825	0.917682	0.141213	999.684
LLLTLLGTLLSTLLTYLLILI	LLLTLLATLLSTLLTYLLILI	-20.5396	-21.3553	0.584123	0.276169	999.328
LLLTLLATLLSTLLTYLLILI	LLLTLLATLLSTLLTTLLILI	-21.4903	-23.4237	0.141213	0.917682	998.928
LLLTLLATLLSTLLTTLLILI	LLLTLLFTLLSTLLTTLLILI	-24.0324	-23.5536	0.308996	0.532699	998.476
LLLTLLFTLLSTLLTTLLILI	LLLTLLFTLLFTLLTTLLILI	-23.7822	-25.5551	0.304028	0.540023	997.967
LLLTLLFTLLFTLLTTLLILI	LLLTLLFTLLFTLLTVLLILI	-24.7006	-22.3478	1.39457	0.0589809	996.749
LLLTLLFTLLFTLLTVLLILI	LLLTLLFTLLTTLLTVLLILI	-22.2655	-20.343	0.141213	0.917682	996.023
LLLTLLFTLLTTLLTVLLILI	LLLTLLATLLTTLLTVLLILI	-20.7279	-21.2957	0.532699	0.308996	995.205
LLLTLLATLLTTLLTVLLILI	LLLTLLATLLFTLLTVLLILI	-20.343	-21.751	1.26162	0.0748068	994.285
LLLTLLATLLFTLLTVLLILI	LLLTLLATLLFTLLTTLLILI	-21.7669	-24.1388	0.0589809	1.39457	993.249
LLLTLLATLLFTLLTTLLILI	LLLTLLFTLLFTLLTTLLILI	-25.3589	-25.3058	0.174433	0.80848	992.084
LLLTLLFTLLFTLLTTLLILI	LLLTLLFTLLTTLLTTLLILI	-25.9944	-23.9676	0.119894	1.0043	990.773
LLLTLLFTLLTTLLTTLLILI	LLLTLLFTLLFTLLTTLLILI	-23.9676	-25.9753	1.0043	0.119894	989.3
LLLTLLFTLLFTLLTTLLILI	LLLTLLATLLFTLLTTLLILI	-25.2867	-25.3589	0.80848	0.174433	987.644
LLLTLLATLLFTLLTTLLILI	LLLTLLATLLFVLLTTLLILI	-24.1388	-22.216	1.39457	0.0589809	985.783
LLLTLLATLLFVLLTTLLILI	LLLTLLFTLLFVLLTTLLILI	-22.1006	-22.033	0.174433	0.80848	983.694
LLLTLLFTLLFVLLTTLLILI	LLLTLLATLLFVLLTTLLILI	-22.033	-22.1006	0.80848	0.174433	981.348
LLLTLLATLLFVLLTTLLILI	LLLTLLATLLFTLLTTLLILI	-22.216	-24.1388	0.0589809	1.39457	978.717
LLLTLLATLLFTLLTTLLILI	LLLTLLATLLFVLLTTLLILI	-24.1388	-22.216	1.39457	0.0589809	975.768
LLLTLLATLLFVLLTTLLILI	LLLTLLATLLSVLLTTLLILI	-21.9455	-20.6728	0.329564	0.503913	972.463
LLLTLLATLLSVLLTTLLILI	LLLTLLGTLLSVLLTTLLILI	-20.9006	-20.1056	0.276169	0.584123	968.764
LLLTLLGTLLSVLLTTLLILI	LLLTLLGTLLSTLLTTLLILI	-20.6307	-22.4358	0.0589809	1.39457	964.627
LLLTLLGTLLSTLLTTLLILI	LLLTLLATLLSTLLTTLLILI	-23.2462	-24.0454	0.584123	0.276169	960.005
LLLTLLATLLSTLLTTLLILI	LLLTLLATLLSVLLTTLLILI	-22.927	-21.1178	1.39457	0.0589809	954.846
LLLTLLATLLSVLLTTLLILI	LLLTLLATLLSVLLVTLLILI	-20.2459	-17.5364	0.930859	0.137712	949.095
LLLTLLATLLSVLLVTLLILI	LLLTLLATLLSVLLTTLLILI	-17.5364	-20.2658	0.137712	0.930859	942.693
LLLTLLATLLSVLLTTLLILI	LLLTLLATLLSTLLTTLLILI	-21.1376	-22.9468	0.0589809	1.39457	935.578
LLLTLLATLLSTLLTTLLILI	LLLTLLATLLFTLLTTLLILI	-23.8375	-25.2038	0.503913	0.329564	927.683
LLLTLLATLLFTLLTTLLILI	LLLTLLATLLTTLLTTLLILI	-25.4704	-23.9582	0.0629772	1.35772	918.939
LLLTLLATLLTTLLTTLLILI	LLLTLLFTLLTTLLTTLLILI	-25.0069	-24.4201	0.308996	0.532699	909.276
LLLTLLFTLLTTLLTTLLILI	LLLTLLFTLLTTLLTYLLILI	-23.9485	-22.1525	1.0043	0.119894	898.621
LLLTLLFTLLTTLLTYLLILI	LLLTLLFTLLATLLTYLLILI	-20.8096	-18.9867	1.46278	0.0522692	886.903
LLLTLLFTLLATLLTYLLILI	LLLTLLFTLLATLLTTLLILI	-18.8978	-20.8422	0.141213	0.917682	874.051
LLLTLLFTLLATLLTTLLILI	LLLTLLFTLLFTLLTTLLILI	-21.5855	-25.3058	0.174433	0.80848	859.999
LLLTLLFTLLFTLLTTLLILI	LLLTLLATLLFTLLTTLLILI	-25.3058	-25.3589	0.80848	0.174433	844.686
LLLTLLATLLFTLLTTLLILI	LLLTLLFTLLFTLLTTLLILI	-25.3589	-25.3058	0.174433	0.80848	828.061
LLLTLLFTLLFTLLTTLLILI	LLLTLLATLLFTLLTTLLILI	-25.3058	-25.3589	0.80848	0.174433	810.083
LLLTLLATLLFTLLTTLLILI	LLLTLLATLLFTLLTYLLILI	-24.6157	-22.5806	0.917682	0.141213	790.724
LLLTLLATLLFTLLTYLLILI	LLLTLLATLLFTLLTTLLILI	-22.5806	-24.6157	0.141213	0.917682	769.974
LLLTLLATLLFTLLTTLLILI	LLLTLLGTLLFTLLTTLLILI	-25.2572	-24.696	0.276169	0.584123	747.845
LLLTLLGTLLFTLLTTLLILI	LLLTLLGTLLFTLLTYLLILI	-24.3624	-22.3475	0.917682	0.141213	724.369
LLLTLLGTLLFTLLTYLLILI	LLLTLLGTLLFTLLTTLLILI	-22.3475	-24.3624	0.141213	0.917682	699.602
LLLTLLGTLLFTLLTTLLILI	LLLTLLGTLLFTLLVTLLILI	-23.8856	-21.3805	1.39457	0.0589809	673.628
LLLTLLGTLLFTLLVTLLILI	LLLTLLGTLLFTLLTTLLILI	-21.3805	-23.8856	0.0589809	1.39457	646.557
LLLTLLGTLLFTLLTTLLILI	LLLTLLGTLLFVLLTTLLILI	-23.8856	-21.9639	1.39457	0.0589809	618.524
LLLTLLGTLLFVLLTTLLILI	LLLTLLGTLLFTLLTTLLILI	-21.9639	-23.8856	0.0589809	1.39457	589.688
LLLTLLGTLLFTLLTTLLILI	LLLTLLFTLLFTLLTTLLILI	-25.0107	-25.5188	0.269472	0.595564	560.23
LLLTLLFTLLFTLLTTLLILI	LLLTLLFTLLTTLLTTLLILI	-25.9944	-23.9676	0.119894	1.0043	530.348
LLLTLLFTLLTTLLTTLLILI	LLLTLLFTLLFTLLTTLLILI	-23.9676	-25.9753	1.0043	0.119894	500.25
LLLTLLFTLLFTLLTTLLILI	LLLTLLATLLFTLLTTLLILI	-25.2867	-25.3589	0.80848	0.174433	440.27
LLLTLLATLLFTLLTTLLILI	LLLTLLGTLLFTLLTTLLILI	-25.2572	-24.696	0.276169	0.584123	410.812
LLLTLLGTLLFTLLTTLLILI	LLLTLLFTLLFTLLTTLLILI	-25.0107	-25.5188	0.269472	0.595564	353.943
LLLTLLFTLLFTLLTTLLILI	LLLTLLATLLFTLLTTLLILI	-25.3058	-25.3589	0.80848	0.174433	300.898
LLLTLLATLLFTLLTTLLILI	LLLTLLFTLLFTLLTTLLILI	-25.3589	-25.3058	0.174433	0.80848	252.655
LLLTLLFTLLFTLLTTLLILI	LLLTLLATLLFTLLTTLLILI	-25.3058	-25.3589	0.80848	0.174433	230.526
LLLTLLATLLFTLLTTLLILI	LLLTLLFTLLFTLLTTLLILI	-25.3589	-25.3058	0.174433	0.80848	172.439
LLLTLLFTLLFTLLTTLLILI	LLLTLLATLLFTLLTTLLILI	-25.3058	-25.3391	0.80848	0.174433	140.501
LLLTLLATLLFTLLTTLLILI	LLLTLLFTLLFTLLTTLLILI	-25.3391	-25.2867	0.174433	0.80848	126.449
LLLTLLFTLLFTLLTTLLILI	LLLTLLATLLFTLLTTLLILI	-25.2867	-25.3589	0.80848	0.174433	113.597
LLLTLLATLLFTLLTTLLILI	LLLTLLFTLLFTLLTTLLILI	-25.3589	-25.3058	0.174433	0.80848	64.9219
LLLTLLFTLLFTLLTTLLILI	LLLTLLATLLFTLLTTLLILI	-25.3058	-25.3589	0.80848	0.174433	35.8726
LLLTLLATLLFTLLTTLLILI	LLLTLLFTLLFTLLTTLLILI	-25.3589	-25.3058	0.174433	0.80848	28.0365
LLLTLLFTLLFTLLTTLLILI	LLLTLLATLLFTLLTTLLILI	-25.3058	-25.3589	0.80848	0.174433	16.8064
Time: 114s
