***STARTING GEOMETRY:***
xShift: 8.34497
crossingAngle: -40.4528
axialRotation: 17.4434
zShift: 3.16018

Number of MCCycles: 100
PrevSequence	CurrSequence	PrevEnergy	CurrEnergy	PrevEntropy	CurrEntropy	CurrentTemp
LLLWLLGTLLSTLLATLLILI	LLLYLLGTLLSTLLATLLILI	-16.6662	-22.1627	0.598868	0.267575	999.684
LLLYLLGTLLSTLLATLLILI	LLLYLLGTLLSYLLATLLILI	-21.9872	-22.4489	0.443059	0.379341	999.328
LLLYLLGTLLSYLLATLLILI	LLLWLLGTLLSYLLATLLILI	-22.377	-22.1251	0.451187	0.372136	998.928
LLLWLLGTLLSYLLATLLILI	LLLWLLGTLLSYLLSTLLILI	-22.3626	-20.7705	0.13458	0.942975	998.476
LLLWLLGTLLSYLLSTLLILI	LLLWLLGFLLSYLLSTLLILI	-20.8973	-18.0223	0.816184	0.171816	997.967
LLLWLLGFLLSYLLSTLLILI	LLLWLLGFLLSYLLGTLLILI	-17.737	-16.5119	0.457104	0.367007	997.394
LLLWLLGFLLSYLLGTLLILI	LLLVLLGFLLSYLLGTLLILI	-15.8697	-15.8829	1.00921	0.118797	996.749
LLLVLLGFLLSYLLGTLLILI	LLLWLLGFLLSYLLGTLLILI	-15.8829	-16.0979	0.118797	1.00921	996.023
LLLWLLGFLLSYLLGTLLILI	LLLWLLGFLLSYLLATLLILI	-16.2347	-17.4428	0.872342	0.154044	995.205
LLLWLLGFLLSYLLATLLILI	LLLWLLGTLLSYLLATLLILI	-17.425	-21.681	0.171816	0.816184	994.285
LLLWLLGTLLSYLLATLLILI	LLLFLLGTLLSYLLATLLILI	-21.6068	-21.7268	0.890414	0.148778	993.249
LLLFLLGTLLSYLLATLLILI	LLLFLLGTLLSTLLATLLILI	-21.656	-21.3737	0.219549	0.693609	992.084
LLLFLLGTLLSTLLATLLILI	LLLFLLGTLLSYLLATLLILI	-21.3737	-21.656	0.693609	0.219549	990.773
LLLFLLGTLLSYLLATLLILI	LLLYLLGTLLSYLLATLLILI	-21.7435	-23.7201	0.132101	0.952787	989.3
LLLYLLGTLLSYLLATLLILI	LLLWLLGTLLSYLLATLLILI	-24.2217	-22.1251	0.451187	0.372136	987.644
LLLWLLGTLLSYLLATLLILI	LLLFLLGTLLSYLLATLLILI	-21.6068	-21.7268	0.890414	0.148778	985.783
LLLFLLGTLLSYLLATLLILI	LLLFLLGTLLSYLLSTLLILI	-21.741	-20.1489	0.13458	0.942975	983.694
LLLFLLGTLLSYLLSTLLILI	LLLFLLGTLLSYLLATLLILI	-20.1489	-21.741	0.942975	0.13458	981.348
LLLFLLGTLLSYLLATLLILI	LLLYLLGTLLSYLLATLLILI	-21.7435	-21.8754	0.132101	0.952787	978.717
LLLYLLGTLLSYLLATLLILI	LLLYLLGTLLSTLLATLLILI	-22.4489	-24.8107	0.379341	0.443059	975.768
LLLYLLGTLLSTLLATLLILI	LLLYLLGVLLSTLLATLLILI	-24.1253	-19.8909	1.12845	0.0952708	972.463
LLLYLLGVLLSTLLATLLILI	LLLYLLGVLLSVLLATLLILI	-19.354	-17.9344	0.632162	0.249358	968.764
LLLYLLGVLLSVLLATLLILI	LLLYLLGVLLSTLLATLLILI	-17.9344	-17.1756	0.249358	0.632162	960.005
LLLYLLGVLLSTLLATLLILI	LLLYLLGTLLSTLLATLLILI	-17.7125	-18.9207	0.0952708	1.12845	954.846
LLLYLLGTLLSTLLATLLILI	LLLYLLATLLSTLLATLLILI	-19.6878	-19.714	0.36136	0.463748	949.095
LLLYLLATLLSTLLATLLILI	LLLYLLATLLSYLLATLLILI	-19.7347	-17.2793	0.443059	0.379341	942.693
LLLYLLATLLSYLLATLLILI	LLLWLLATLLSYLLATLLILI	-17.2075	-19.0747	0.451187	0.372136	935.578
LLLWLLATLLSYLLATLLILI	LLLWLLATLLGYLLATLLILI	-18.9897	-15.3599	0.457104	0.367007	927.683
LLLWLLATLLGYLLATLLILI	LLLWLLATLLGYLLAVLLILI	-14.7961	-11.801	0.930859	0.137712	918.939
LLLWLLATLLGYLLAVLLILI	LLLWLLATLLGTLLAVLLILI	-11.6339	-11.7813	0.30482	0.538845	909.276
LLLWLLATLLGTLLAVLLILI	LLLWLLATLLGTLLATLLILI	-12.2249	-14.9249	0.0952708	1.12845	898.621
LLLWLLATLLGTLLATLLILI	LLLYLLATLLGTLLATLLILI	-15.4544	-16.4642	0.598868	0.267575	886.903
LLLYLLATLLGTLLATLLILI	LLLYLLGTLLGTLLATLLILI	-16.4556	-14.6564	0.276169	0.584123	874.051
LLLYLLGTLLGTLLATLLILI	LLLWLLGTLLGTLLATLLILI	-14.973	-14.6119	0.267575	0.598868	859.999
LLLWLLGTLLGTLLATLLILI	LLLYLLGTLLGTLLATLLILI	-14.6119	-15.0659	0.598868	0.267575	844.686
LLLYLLGTLLGTLLATLLILI	LLLYLLATLLGTLLATLLILI	-14.7494	-16.4556	0.584123	0.276169	810.083
LLLYLLATLLGTLLATLLILI	LLLYLLATLLGYLLATLLILI	-16.2887	-15.9207	0.443059	0.379341	790.724
LLLYLLATLLGYLLATLLILI	LLLYLLGTLLGYLLATLLILI	-16.0238	-13.6989	0.276169	0.584123	769.974
LLLYLLGTLLGYLLATLLILI	LLLWLLGTLLGYLLATLLILI	-13.8318	-14.5165	0.451187	0.372136	747.845
LLLWLLGTLLGYLLATLLILI	LLLWLLATLLGYLLATLLILI	-14.3045	-15.4508	0.584123	0.276169	724.369
LLLWLLATLLGYLLATLLILI	LLLWLLATLLGYLLSTLLILI	-15.3104	-14.597	0.416521	0.404229	699.602
LLLWLLATLLGYLLSTLLILI	LLLYLLATLLGYLLSTLLILI	-14.6291	-15.1241	0.372136	0.451187	673.628
LLLYLLATLLGYLLSTLLILI	LLLYLLGTLLGYLLSTLLILI	-15.4212	-11.1726	0.154044	0.872342	646.557
LLLYLLGTLLGYLLSTLLILI	LLLYLLATLLGYLLSTLLILI	-11.1726	-15.3323	0.872342	0.154044	618.524
LLLYLLATLLGYLLSTLLILI	LLLYLLATLLGTLLSTLLILI	-15.107	-15.1659	0.379341	0.443059	589.688
LLLYLLATLLGTLLSTLLILI	LLLYLLATLLGYLLSTLLILI	-15.1659	-15.1959	0.443059	0.379341	560.23
LLLYLLATLLGYLLSTLLILI	LLLYLLATLLGTLLSTLLILI	-15.1959	-15.1659	0.379341	0.443059	530.348
LLLYLLATLLGTLLSTLLILI	LLLYLLATLLGTLLATLLILI	-15.2048	-16.3153	0.404229	0.416521	500.25
LLLYLLATLLGTLLATLLILI	LLLYLLGTLLGTLLATLLILI	-16.4556	-17.7187	0.276169	0.584123	440.27
LLLYLLGTLLGTLLATLLILI	LLLYLLATLLGTLLATLLILI	-17.7187	-18.9041	0.584123	0.276169	101.879
Time: 143s
