MCAccept 0 xShift: 8.38091 crossingAngle: -35.9478 axialRotation: -93.4978 zShift: 2.00161 energy: -16.3545
MCAccept 1 xShift: 8.38091 crossingAngle: -35.9478 axialRotation: -93.4978 zShift: 1.98888 energy: -16.2337
MCReject   xShift: 8.39841 crossingAngle: -35.9478 axialRotation: -93.4978 zShift: 1.98888 energy: 38.678
MCReject   xShift: 8.38091 crossingAngle: -35.9478 axialRotation: -93.4978 zShift: 1.98448 energy: 38.4854
MCAccept 2 xShift: 8.36844 crossingAngle: -35.9478 axialRotation: -93.4978 zShift: 1.98888 energy: -16.2337
MCReject   xShift: 8.3574 crossingAngle: -35.9478 axialRotation: -93.4978 zShift: 1.98888 energy: 38.678
MCAccept 3 xShift: 8.36844 crossingAngle: -35.9664 axialRotation: -93.4978 zShift: 1.98888 energy: -16.2337
MCAccept 4 xShift: 8.36844 crossingAngle: -36.1681 axialRotation: -93.4978 zShift: 1.98888 energy: -16.2337
MCAccept 5 xShift: 8.36844 crossingAngle: -36.3174 axialRotation: -93.4978 zShift: 1.98888 energy: -16.2338
MCAccept 6 xShift: 8.36844 crossingAngle: -36.3174 axialRotation: -93.4978 zShift: 1.98398 energy: -16.1848
MCAccept 7 xShift: 8.35491 crossingAngle: -36.3174 axialRotation: -93.4978 zShift: 1.98398 energy: -16.1847
MCAccept 8 xShift: 8.36039 crossingAngle: -36.3174 axialRotation: -93.4978 zShift: 1.98398 energy: -16.1848
MCAccept 9 xShift: 8.36039 crossingAngle: -36.2101 axialRotation: -93.4978 zShift: 1.98398 energy: -16.1848
MCReject   xShift: 8.36039 crossingAngle: -36.2101 axialRotation: -93.3255 zShift: 1.98398 energy: 38.4588
MCAccept 10 xShift: 8.36039 crossingAngle: -36.1816 axialRotation: -93.4978 zShift: 1.98398 energy: -16.1847
MCAccept 11 xShift: 8.36039 crossingAngle: -36.1816 axialRotation: -93.6528 zShift: 1.98398 energy: -16.1848
MCReject   xShift: 8.36039 crossingAngle: -36.1816 axialRotation: -93.6528 zShift: 1.98759 energy: 38.6201
MCAccept 12 xShift: 8.36506 crossingAngle: -36.1816 axialRotation: -93.6528 zShift: 1.98398 energy: -16.1848
MCAccept 13 xShift: 8.35648 crossingAngle: -36.1816 axialRotation: -93.6528 zShift: 1.98398 energy: -16.1848
MCAccept 14 xShift: 8.35809 crossingAngle: -36.1816 axialRotation: -93.6528 zShift: 1.98398 energy: -16.1848
MCAccept 15 xShift: 8.35809 crossingAngle: -36.1816 axialRotation: -93.6187 zShift: 1.98398 energy: -16.1848
MCAccept 16 xShift: 8.34513 crossingAngle: -36.1816 axialRotation: -93.6187 zShift: 1.98398 energy: -16.1848
MCAccept 17 xShift: 8.34513 crossingAngle: -36.1816 axialRotation: -93.8086 zShift: 1.98398 energy: -16.1847
MCReject   xShift: 8.34513 crossingAngle: -36.4616 axialRotation: -93.8086 zShift: 1.98398 energy: 38.4588
MCAccept 18 xShift: 8.34513 crossingAngle: -36.1816 axialRotation: -93.8086 zShift: 1.9875 energy: -16.2202
MCAccept 19 xShift: 8.34513 crossingAngle: -36.1816 axialRotation: -93.8086 zShift: 2.00544 energy: -16.3888
MCAccept 20 xShift: 8.35445 crossingAngle: -36.1816 axialRotation: -93.8086 zShift: 2.00544 energy: -16.3888
MCAccept 21 xShift: 8.35445 crossingAngle: -36.1816 axialRotation: -93.8086 zShift: 1.98763 energy: -16.2214
MCAccept 22 xShift: 8.35822 crossingAngle: -36.1816 axialRotation: -93.8086 zShift: 1.98763 energy: -16.2214
MCAccept 23 xShift: 8.35822 crossingAngle: -36.2566 axialRotation: -93.8086 zShift: 1.98763 energy: -16.2213
MCAccept 24 xShift: 8.35822 crossingAngle: -36.2566 axialRotation: -93.8139 zShift: 1.98763 energy: -16.2214
MCAccept 25 xShift: 8.34832 crossingAngle: -36.2566 axialRotation: -93.8139 zShift: 1.98763 energy: -16.2213
MCAccept 26 xShift: 8.34832 crossingAngle: -36.2646 axialRotation: -93.8139 zShift: 1.98763 energy: -16.2214
MCAccept 27 xShift: 8.35146 crossingAngle: -36.2646 axialRotation: -93.8139 zShift: 1.98763 energy: -16.2213
MCAccept 28 xShift: 8.36623 crossingAngle: -36.2646 axialRotation: -93.8139 zShift: 1.98763 energy: -16.2213
MCReject   xShift: 8.36623 crossingAngle: -36.3304 axialRotation: -93.8139 zShift: 1.98763 energy: 38.6217
MCAccept 29 xShift: 8.38931 crossingAngle: -36.2646 axialRotation: -93.8139 zShift: 1.98763 energy: -16.2214
MCReject   xShift: 8.38931 crossingAngle: -36.2646 axialRotation: -93.8139 zShift: 1.9799 energy: 38.2797
MCReject   xShift: 8.38931 crossingAngle: -36.2646 axialRotation: -93.8139 zShift: 1.97583 energy: -16.1
MCAccept 30 xShift: 8.41411 crossingAngle: -36.2646 axialRotation: -93.8139 zShift: 1.98763 energy: -16.2213
MCAccept 31 xShift: 8.42738 crossingAngle: -36.2646 axialRotation: -93.8139 zShift: 1.98763 energy: -16.2213
MCAccept 32 xShift: 8.42738 crossingAngle: -36.2653 axialRotation: -93.8139 zShift: 1.98763 energy: -16.2214
MCAccept 33 xShift: 8.42738 crossingAngle: -36.2653 axialRotation: -93.8139 zShift: 1.99602 energy: -16.3027
MCReject   xShift: 8.42738 crossingAngle: -36.2653 axialRotation: -93.7051 zShift: 1.99602 energy: 39.0054
MCAccept 34 xShift: 8.44155 crossingAngle: -36.2653 axialRotation: -93.8139 zShift: 1.99602 energy: -16.3027
MCAccept 35 xShift: 8.43299 crossingAngle: -36.2653 axialRotation: -93.8139 zShift: 1.99602 energy: -16.3027
MCAccept 36 xShift: 8.43299 crossingAngle: -36.2653 axialRotation: -93.735 zShift: 1.99602 energy: -16.3027
MCReject   xShift: 8.43299 crossingAngle: -36.2653 axialRotation: -93.735 zShift: 2.01615 energy: 39.9844
MCAccept 37 xShift: 8.43299 crossingAngle: -36.4556 axialRotation: -93.735 zShift: 1.99602 energy: -16.3027
MCAccept 38 xShift: 8.43885 crossingAngle: -36.4556 axialRotation: -93.735 zShift: 1.99602 energy: -16.3027
MCAccept 39 xShift: 8.43885 crossingAngle: -36.4556 axialRotation: -93.735 zShift: 1.99616 energy: -16.3041
MCAccept 40 xShift: 8.43885 crossingAngle: -36.4556 axialRotation: -93.735 zShift: 1.99829 energy: -16.3239
MCAccept 41 xShift: 8.43885 crossingAngle: -36.3309 axialRotation: -93.735 zShift: 1.99829 energy: -16.3239
MCAccept 42 xShift: 8.43971 crossingAngle: -36.3309 axialRotation: -93.735 zShift: 1.99829 energy: -16.3238
MCAccept 43 xShift: 8.44906 crossingAngle: -36.3309 axialRotation: -93.735 zShift: 1.99829 energy: -16.3239
MCAccept 44 xShift: 8.44906 crossingAngle: -36.4734 axialRotation: -93.735 zShift: 1.99829 energy: -16.3238
MCReject   xShift: 8.44906 crossingAngle: -36.4734 axialRotation: -93.735 zShift: 2.01587 energy: 39.97
MCReject   xShift: 8.45315 crossingAngle: -36.4734 axialRotation: -93.735 zShift: 1.99829 energy: 39.1116
MCReject   xShift: 8.44906 crossingAngle: -36.4734 axialRotation: -93.735 zShift: 1.99955 energy: 39.1708
MCAccept 45 xShift: 8.44906 crossingAngle: -36.4734 axialRotation: -93.9104 zShift: 1.99829 energy: -16.3239
MCAccept 46 xShift: 8.42305 crossingAngle: -36.4734 axialRotation: -93.9104 zShift: 1.99829 energy: -16.3239
MCAccept 47 xShift: 8.42305 crossingAngle: -36.4734 axialRotation: -93.6294 zShift: 1.99829 energy: -16.3239
MCReject   xShift: 8.42305 crossingAngle: -36.4734 axialRotation: -93.6294 zShift: 1.98815 energy: 38.6451
MCAccept 48 xShift: 8.42305 crossingAngle: -36.4734 axialRotation: -93.5338 zShift: 1.99829 energy: -16.3238
MCAccept 49 xShift: 8.42305 crossingAngle: -36.4734 axialRotation: -93.5338 zShift: 1.9976 energy: -16.3175
MCAccept 50 xShift: 8.40738 crossingAngle: -36.4734 axialRotation: -93.5338 zShift: 1.9976 energy: -16.3174
MCAccept 51 xShift: 8.40738 crossingAngle: -36.4734 axialRotation: -93.611 zShift: 1.9976 energy: -16.3174
MCAccept 52 xShift: 8.40738 crossingAngle: -36.4734 axialRotation: -93.611 zShift: 2.00394 energy: -16.3755
MCAccept 53 xShift: 8.39926 crossingAngle: -36.4734 axialRotation: -93.611 zShift: 2.00394 energy: -16.3755
MCAccept 54 xShift: 8.39926 crossingAngle: -36.4734 axialRotation: -93.611 zShift: 2.00588 energy: -16.3929
MCReject   xShift: 8.39926 crossingAngle: -36.4734 axialRotation: -93.518 zShift: 2.00588 energy: -3.88083
MCAccept 55 xShift: 8.39926 crossingAngle: -36.4734 axialRotation: -93.611 zShift: 2.013 energy: -16.4541
MCReject   xShift: 8.39926 crossingAngle: -36.4734 axialRotation: -93.611 zShift: 2.01945 energy: 40.1465
MCAccept 56 xShift: 8.39926 crossingAngle: -36.4734 axialRotation: -93.611 zShift: 2.01149 energy: -16.4414
MCReject   xShift: 8.39926 crossingAngle: -36.4734 axialRotation: -93.611 zShift: 2.00721 energy: -16.4045
MCAccept 57 xShift: 8.39926 crossingAngle: -36.4734 axialRotation: -93.5505 zShift: 2.01149 energy: -16.4414
MCAccept 58 xShift: 8.40108 crossingAngle: -36.4734 axialRotation: -93.5505 zShift: 2.01149 energy: -16.4415
MCAccept 59 xShift: 8.40108 crossingAngle: -36.4734 axialRotation: -93.5653 zShift: 2.01149 energy: -16.4414
MCReject   xShift: 8.40108 crossingAngle: -36.4734 axialRotation: -93.5653 zShift: 2.00956 energy: 39.6524
MCAccept 60 xShift: 8.40108 crossingAngle: -36.4734 axialRotation: -93.5078 zShift: 2.01149 energy: -16.4414
MCAccept 61 xShift: 8.40108 crossingAngle: -36.4734 axialRotation: -93.5078 zShift: 2.02135 energy: -16.5225
MCAccept 62 xShift: 8.40108 crossingAngle: -36.4734 axialRotation: -93.5438 zShift: 2.02135 energy: -16.5226
MCAccept 63 xShift: 8.40108 crossingAngle: -36.4734 axialRotation: -93.5438 zShift: 2.02943 energy: -16.5847
MCReject   xShift: 8.39588 crossingAngle: -36.4734 axialRotation: -93.5438 zShift: 2.02943 energy: 40.664
MCAccept 64 xShift: 8.40108 crossingAngle: -36.4734 axialRotation: -93.5438 zShift: 2.0282 energy: -16.5754
MCAccept 65 xShift: 8.40108 crossingAngle: -36.5251 axialRotation: -93.5438 zShift: 2.0282 energy: -16.5754
MCAccept 66 xShift: 8.40108 crossingAngle: -36.5251 axialRotation: -93.5776 zShift: 2.0282 energy: -16.5753
MCReject   xShift: 8.40108 crossingAngle: -36.5251 axialRotation: -93.5776 zShift: 2.02233 energy: -16.5302
MCAccept 67 xShift: 8.40108 crossingAngle: -36.2767 axialRotation: -93.5776 zShift: 2.0282 energy: -16.5754
MCAccept 68 xShift: 8.40108 crossingAngle: -36.1586 axialRotation: -93.5776 zShift: 2.0282 energy: -16.5754
MCAccept 69 xShift: 8.40108 crossingAngle: -36.2537 axialRotation: -93.5776 zShift: 2.0282 energy: -16.5754
MCAccept 70 xShift: 8.40108 crossingAngle: -36.2537 axialRotation: -93.7057 zShift: 2.0282 energy: -16.5754
MCReject   xShift: 8.40108 crossingAngle: -36.2537 axialRotation: -93.7057 zShift: 2.02358 energy: 40.3581
MCAccept 71 xShift: 8.40108 crossingAngle: -36.2537 axialRotation: -93.6526 zShift: 2.0282 energy: -16.5754
MCAccept 72 xShift: 8.42107 crossingAngle: -36.2537 axialRotation: -93.6526 zShift: 2.0282 energy: -16.5754
MCAccept 73 xShift: 8.42311 crossingAngle: -36.2537 axialRotation: -93.6526 zShift: 2.0282 energy: -16.5754
MCAccept 74 xShift: 8.42311 crossingAngle: -36.2537 axialRotation: -93.7561 zShift: 2.0282 energy: -16.5753
MCAccept 75 xShift: 8.40597 crossingAngle: -36.2537 axialRotation: -93.7561 zShift: 2.0282 energy: -16.5754
MCAccept 76 xShift: 8.40597 crossingAngle: -36.2537 axialRotation: -93.7561 zShift: 2.04751 energy: -16.7097
MCReject   xShift: 8.39393 crossingAngle: -36.2537 axialRotation: -93.7561 zShift: 2.04751 energy: 41.6499
MCAccept 77 xShift: 8.41194 crossingAngle: -36.2537 axialRotation: -93.7561 zShift: 2.04751 energy: -16.7098
MCAccept 78 xShift: 8.41194 crossingAngle: -36.2537 axialRotation: -93.7561 zShift: 2.04978 energy: -16.7241
MCAccept 79 xShift: 8.41194 crossingAngle: -36.0993 axialRotation: -93.7561 zShift: 2.04978 energy: -16.7241
MCAccept 80 xShift: 8.41194 crossingAngle: -36.0993 axialRotation: -93.8186 zShift: 2.04978 energy: -16.724
MCAccept 81 xShift: 8.41194 crossingAngle: -35.959 axialRotation: -93.8186 zShift: 2.04978 energy: -16.7241
MCAccept 82 xShift: 8.41194 crossingAngle: -35.959 axialRotation: -93.8186 zShift: 2.06177 energy: -16.7949
MCReject   xShift: 8.41194 crossingAngle: -35.959 axialRotation: -93.8186 zShift: 2.05074 energy: -16.73
MCAccept 83 xShift: 8.41209 crossingAngle: -35.959 axialRotation: -93.8186 zShift: 2.06177 energy: -16.7949
MCAccept 84 xShift: 8.42365 crossingAngle: -35.959 axialRotation: -93.8186 zShift: 2.06177 energy: -16.7948
MCAccept 85 xShift: 8.42741 crossingAngle: -35.959 axialRotation: -93.8186 zShift: 2.06177 energy: -16.7949
MCAccept 86 xShift: 8.42741 crossingAngle: -35.959 axialRotation: -94.06 zShift: 2.06177 energy: -16.7948
MCAccept 87 xShift: 8.42741 crossingAngle: -35.959 axialRotation: -94.06 zShift: 2.06109 energy: -16.7911
MCReject   xShift: 8.42741 crossingAngle: -35.959 axialRotation: -94.06 zShift: 2.0464 energy: -16.7027
MCAccept 88 xShift: 8.42741 crossingAngle: -35.7084 axialRotation: -94.06 zShift: 2.06109 energy: -16.791
MCAccept 89 xShift: 8.42741 crossingAngle: -35.7084 axialRotation: -93.8294 zShift: 2.06109 energy: -16.7911
MCAccept 90 xShift: 8.42741 crossingAngle: -35.6984 axialRotation: -93.8294 zShift: 2.06109 energy: -16.7911
MCReject   xShift: 8.41302 crossingAngle: -35.6984 axialRotation: -93.8294 zShift: 2.06109 energy: 42.4323
MCReject   xShift: 8.42741 crossingAngle: -35.6984 axialRotation: -93.8294 zShift: 2.05529 energy: 42.0938
MCAccept 91 xShift: 8.43184 crossingAngle: -35.6984 axialRotation: -93.8294 zShift: 2.06109 energy: -16.7911
MCAccept 92 xShift: 8.43184 crossingAngle: -35.6774 axialRotation: -93.8294 zShift: 2.06109 energy: -16.7911
MCAccept 93 xShift: 8.45054 crossingAngle: -35.6774 axialRotation: -93.8294 zShift: 2.06109 energy: -16.7911
MCAccept 94 xShift: 8.45054 crossingAngle: -35.6774 axialRotation: -93.8294 zShift: 2.07577 energy: -16.8668
MCAccept 95 xShift: 8.45054 crossingAngle: -35.642 axialRotation: -93.8294 zShift: 2.07577 energy: -16.8669
MCAccept 96 xShift: 8.44122 crossingAngle: -35.642 axialRotation: -93.8294 zShift: 2.07577 energy: -16.8669
MCAccept 97 xShift: 8.44625 crossingAngle: -35.642 axialRotation: -93.8294 zShift: 2.07577 energy: -16.8668
MCAccept 98 xShift: 8.44625 crossingAngle: -35.642 axialRotation: -93.8294 zShift: 2.07658 energy: -16.8707
MCAccept 99 xShift: 8.44625 crossingAngle: -35.6614 axialRotation: -93.8294 zShift: 2.07658 energy: -16.8707
Energy #1: -16.8707
***GEOMETRY SHIFT***
xShift;        Before: 8.38091; After: 8.44625
crossingAngle; Before: -35.9478; After: -35.6614
axialRotation; Before: -93.4978; After: -93.8294
zShift;        Before: 2.01968; After: 2.07658
Energy;        Before: 6.25263e+09; After: -16.8707

Completed all cycles. Accepted 100/127
Monte Carlo repack complete. Time: 19.5333min

