***STARTING GEOMETRY:***
xShift: 8.4
crossingAngle: -35.54
axialRotation: -94.08
zShift: 1.81

Number of MCCycles: 200
PrevSequence	CurrSequence	PrevEnergy	CurrEnergy	PrevEntropy	CurrEntropy	CurrentTemp
LLLYYLLTTLLGTLLSTLILI	LLLYYLLTYLLGTLLSTLILI	-8.05586	-5.96648	0.407346	0.413356	999.847
LLLYYLLTYLLGTLLSTLILI	LLLYYLLTYLLGTLLTTLILI	-6.2592	-11.8609	0.120637	1.001	999.684
LLLYYLLTYLLGTLLTTLILI	LLLYYLLTYLLGTLLTYLILI	-12.5331	-11.5371	0.328724	0.505042	999.512
LLLYYLLTYLLGTLLTYLILI	LLLYYLLTTLLGTLLTYLILI	-11.5371	-15.6082	0.505042	0.328724	999.328
LLLYYLLTTLLGTLLTYLILI	LLLYWLLTTLLGTLLTYLILI	-15.3458	-15.5974	0.591129	0.272043	999.134
LLLYWLLTTLLGTLLTYLILI	LLLYYLLTTLLGTLLTYLILI	-15.5974	-14.7178	0.272043	0.591129	998.928
LLLYYLLTTLLGTLLTYLILI	LLLYGLLTTLLGTLLTYLILI	-14.5503	-14.3209	0.758648	0.192521	998.708
LLLYGLLTTLLGTLLTYLILI	LLLYYLLTTLLGTLLTYLILI	-14.3209	-14.2002	0.192521	0.758648	998.476
LLLYYLLTTLLGTLLTYLILI	LLLYGLLTTLLGTLLTYLILI	-14.2002	-14.3209	0.758648	0.192521	998.229
LLLYGLLTTLLGTLLTYLILI	LLLYGLLTTLLGTLLTTLILI	-14.2583	-13.9482	0.255144	0.62127	997.967
LLLYGLLTTLLGTLLTTLILI	LLLWGLLTTLLGTLLTTLILI	-14.3019	-14.2647	0.267575	0.598868	997.689
LLLWGLLTTLLGTLLTTLILI	LLLWGLLTTLLGTLLTWLILI	-14.4355	-13.3852	0.428016	0.393183	997.394
LLLWGLLTTLLGTLLTWLILI	LLLWTLLTTLLGTLLTWLILI	-13.6182	-22.6259	0.160122	0.85234	997.081
LLLWTLLTTLLGTLLTWLILI	LLLWTLLTTLLGYLLTWLILI	-22.5606	-20.0231	0.917682	0.141213	996.749
LLLWTLLTTLLGYLLTWLILI	LLLWTLLTTLLGTLLTWLILI	-20.0231	-22.5605	0.141213	0.917682	996.397
LLLWTLLTTLLGTLLTWLILI	LLLWTLLTTLLGTLLTTLILI	-23.1349	-24.0774	0.343253	0.48602	995.205
LLLWTLLTTLLGTLLTTLILI	LLLWTLLTTLLGTLLTYLILI	-23.5591	-23.3037	1.0043	0.119894	993.249
LLLWTLLTTLLGTLLTYLILI	LLLWTLLTVLLGTLLTYLILI	-22.029	-19.4023	1.39457	0.0589809	992.683
LLLWTLLTVLLGTLLTYLILI	LLLWTLLTVLLGTLLTTLILI	-19.3201	-19.6742	0.141213	0.917682	992.084
LLLWTLLTVLLGTLLTTLILI	LLLWTLLTVLLGTLLSTLILI	-19.481	-12.7786	1.11086	0.0983968	988.496
LLLWTLLTVLLGTLLSTLILI	LLLWTLLTVLLGTLLSYLILI	-12.0609	-11.5934	0.816184	0.171816	987.644
LLLWTLLTVLLGTLLSYLILI	LLLWTLLTTLLGTLLSYLILI	-11.6924	-14.4501	0.0728516	1.27634	986.74
LLLWTLLTTLLGTLLSYLILI	LLLWTLLTTLLGTLLTYLILI	-15.628	-22.3128	0.0983968	1.11086	985.783
LLLWTLLTTLLGTLLTYLILI	LLLWTLLTTLLGYLLTYLILI	-22.8024	-19.5021	0.62127	0.255144	983.694
LLLWTLLTTLLGYLLTYLILI	LLLWTLLTTLLGYLLTTLILI	-19.5021	-21.2745	0.255144	0.62127	982.555
LLLWTLLTTLLGYLLTTLILI	LLLWTLLTTLLGTLLTTLILI	-21.7759	-23.5591	0.119894	1.0043	981.348
LLLWTLLTTLLGTLLTTLILI	LLLWTLLTTLLGYLLTTLILI	-23.5591	-21.7759	1.0043	0.119894	980.071
LLLWTLLTTLLGYLLTTLILI	LLLWTLLTTLLGTLLTTLILI	-21.7759	-23.5591	0.119894	1.0043	978.717
LLLWTLLTTLLGTLLTTLILI	LLLWTLLTTLLGTLLTYLILI	-23.5591	-23.3038	1.0043	0.119894	977.285
LLLWTLLTTLLGTLLTYLILI	LLLWTLLTTLLGTLLTTLILI	-23.3038	-23.5591	0.119894	1.0043	975.768
LLLWTLLTTLLGTLLTTLILI	LLLWTLLTTLLGTLLTYLILI	-23.5591	-23.3038	1.0043	0.119894	974.162
LLLWTLLTTLLGTLLTYLILI	LLLWTLLTTLLGTLLTTLILI	-23.3038	-23.5591	0.119894	1.0043	972.463
LLLWTLLTTLLGTLLTTLILI	LLLWTLLTTLLGTLLTYLILI	-23.5591	-23.3038	1.0043	0.119894	970.666
LLLWTLLTTLLGTLLTYLILI	LLLWTLLTTLLGTLLTTLILI	-23.3038	-23.5591	0.119894	1.0043	968.764
LLLWTLLTTLLGTLLTTLILI	LLLWTLLTVLLGTLLTTLILI	-23.0704	-20.5424	1.49307	0.0495498	964.627
LLLWTLLTVLLGTLLTTLILI	LLLWTLLTTLLGTLLTTLILI	-20.5424	-23.0704	0.0495498	1.49307	962.38
LLLWTLLTTLLGTLLTTLILI	LLLWTLLTTLLGVLLTTLILI	-23.0704	-20.4329	1.49307	0.0495498	960.005
LLLWTLLTTLLGVLLTTLILI	LLLWTLLTTLLGTLLTTLILI	-20.4329	-23.0703	0.0495498	1.49307	957.496
LLLWTLLTTLLGTLLTTLILI	LLLWTLLTTLLGTLLTYLILI	-23.5591	-23.3038	1.0043	0.119894	954.846
LLLWTLLTTLLGTLLTYLILI	LLLWTLLTTLLGTLLTTLILI	-23.3038	-23.5591	0.119894	1.0043	952.048
LLLWTLLTTLLGTLLTTLILI	LLLWTLLTTLLGYLLTTLILI	-23.5591	-21.7759	1.0043	0.119894	949.095
LLLWTLLTTLLGYLLTTLILI	LLLWTLLTTLLGYLLTWLILI	-21.4677	-19.7712	0.428016	0.393183	942.693
LLLWTLLTTLLGYLLTWLILI	LLLWTLLTTLLGTLLTWLILI	-20.0232	-22.5606	0.141213	0.917682	939.229
LLLWTLLTTLLGTLLTWLILI	LLLWTLLTTLLGTLLTTLILI	-23.135	-24.0773	0.343253	0.48602	935.578
LLLWTLLTTLLGTLLTTLILI	LLLWTLLTTLLGTLLTYLILI	-23.5591	-23.3037	1.0043	0.119894	931.732
LLLWTLLTTLLGTLLTYLILI	LLLWTLLTTLLGTLLTTLILI	-23.3037	-23.5591	0.119894	1.0043	923.422
LLLWTLLTTLLGTLLTTLILI	LLLWTLLTTLLGTLLTYLILI	-23.5591	-23.3037	1.0043	0.119894	918.939
LLLWTLLTTLLGTLLTYLILI	LLLWTLLTTLLGTLLTTLILI	-23.3037	-23.5591	0.119894	1.0043	904.077
LLLWTLLTTLLGTLLTTLILI	LLLWTLLTTLLGYLLTTLILI	-23.5591	-21.7759	1.0043	0.119894	898.621
LLLWTLLTTLLGYLLTTLILI	LLLWTLLTTLLGTLLTTLILI	-21.7759	-23.5591	0.119894	1.0043	886.903
LLLWTLLTTLLGTLLTTLILI	LLLWTLLTTLLGYLLTTLILI	-23.5591	-21.7758	1.0043	0.119894	880.623
LLLWTLLTTLLGYLLTTLILI	LLLWTLLTTLLGTLLTTLILI	-21.7758	-23.5591	0.119894	1.0043	867.179
LLLWTLLTTLLGTLLTTLILI	LLLWTLLTTLLGTLLTYLILI	-23.5591	-23.3038	1.0043	0.119894	859.999
LLLWTLLTTLLGTLLTYLILI	LLLWTLLTTLLGTLLTTLILI	-23.3038	-23.5591	0.119894	1.0043	852.504
LLLWTLLTTLLGTLLTTLILI	LLLWTLLTTLLGTLLTYLILI	-23.5591	-23.3038	1.0043	0.119894	836.541
LLLWTLLTTLLGTLLTYLILI	LLLWTLLTTLLGTLLTTLILI	-23.3038	-23.5591	0.119894	1.0043	828.061
LLLWTLLTTLLGTLLTTLILI	LLLWTLLTTLLGTLLTYLILI	-23.5591	-23.3037	1.0043	0.119894	819.243
LLLWTLLTTLLGTLLTYLILI	LLLWTLLTTLLGTLLSYLILI	-22.3127	-15.628	1.11086	0.0983968	800.577
LLLWTLLTTLLGTLLSYLILI	LLLWTLLTTLLGTLLTYLILI	-15.628	-22.3128	0.0983968	1.11086	790.724
LLLWTLLTTLLGTLLTYLILI	LLLWTLLTTLLGTLLTTLILI	-23.3038	-23.5591	0.119894	1.0043	769.974
LLLWTLLTTLLGTLLTTLILI	LLLWTLLTTLLGTLLTYLILI	-23.5591	-23.3038	1.0043	0.119894	747.845
LLLWTLLTTLLGTLLTYLILI	LLLWTLLTTLLGTLLTTLILI	-23.3038	-23.5591	0.119894	1.0043	736.272
LLLWTLLTTLLGTLLTTLILI	LLLWTLLTTLLGTLLTYLILI	-23.5591	-23.3037	1.0043	0.119894	724.369
LLLWTLLTTLLGTLLTYLILI	LLLWTLLTTLLGTLLTTLILI	-23.3037	-23.5591	0.119894	1.0043	712.142
LLLWTLLTTLLGTLLTTLILI	LLLWTLLTTLLGTLLTYLILI	-23.5591	-23.3037	1.0043	0.119894	699.602
LLLWTLLTTLLGTLLTYLILI	LLLWTLLTTLLGTLLTTLILI	-23.3037	-23.5591	0.119894	1.0043	686.76
LLLWTLLTTLLGTLLTTLILI	LLLWTLLTTLLGTLLTYLILI	-23.5591	-23.3038	1.0043	0.119894	673.628
LLLWTLLTTLLGTLLTYLILI	LLLWTLLTTLLGTLLTTLILI	-23.3038	-23.5591	0.119894	1.0043	604.196
LLLWTLLTTLLGTLLTTLILI	LLLWTLLTTLLGTLLTYLILI	-23.5591	-23.3037	1.0043	0.119894	589.688
LLLWTLLTTLLGTLLTYLILI	LLLWTLLTTLLGTLLTTLILI	-23.3037	-23.5591	0.119894	1.0043	575.025
LLLWTLLTTLLGTLLTTLILI	LLLWTLLTTLLGTLLTYLILI	-23.5591	-23.3037	1.0043	0.119894	560.23
LLLWTLLTTLLGTLLTYLILI	LLLWTLLTTLLGTLLTTLILI	-23.3037	-23.5591	0.119894	1.0043	530.348
LLLWTLLTTLLGTLLTTLILI	LLLWTLLTTLLGTLLTYLILI	-23.5591	-23.3037	1.0043	0.119894	515.312
LLLWTLLTTLLGTLLTYLILI	LLLWTLLTTLLGTLLTTLILI	-23.3037	-23.5591	0.119894	1.0043	425.475
LLLWTLLTTLLGTLLTTLILI	LLLWTLLTTLLGTLLTYLILI	-23.5591	-23.3037	1.0043	0.119894	381.976
LLLWTLLTTLLGTLLTYLILI	LLLWTLLTTLLGTLLTTLILI	-23.3037	-23.5591	0.119894	1.0043	367.849
LLLWTLLTTLLGTLLTTLILI	LLLWTLLTTLLGTLLTYLILI	-23.5591	-23.3038	1.0043	0.119894	353.943
LLLWTLLTTLLGTLLTYLILI	LLLWTLLTTLLGTLLTTLILI	-23.3038	-23.5591	0.119894	1.0043	340.278
LLLWTLLTTLLGTLLTTLILI	LLLWTLLTTLLGTLLTYLILI	-23.5591	-23.3038	1.0043	0.119894	326.872
LLLWTLLTTLLGTLLTYLILI	LLLWTLLTTLLGTLLTTLILI	-23.3038	-23.5591	0.119894	1.0043	300.898
LLLWTLLTTLLGTLLTTLILI	LLLWTLLTTLLGTLLTYLILI	-23.5591	-23.3038	1.0043	0.119894	264.228
LLLWTLLTTLLGTLLTYLILI	LLLWTLLTTLLGTLLTTLILI	-23.3038	-23.5591	0.119894	1.0043	252.655
LLLWTLLTTLLGTLLTTLILI	LLLWTLLTTLLGTLLTYLILI	-23.5591	-23.3038	1.0043	0.119894	241.419
LLLWTLLTTLLGTLLTYLILI	LLLWTLLTTLLGTLLTTLILI	-23.3038	-23.5591	0.119894	1.0043	219.977
LLLWTLLTTLLGTLLTTLILI	LLLWTLLTTLLGTLLTYLILI	-23.5591	-23.3038	1.0043	0.119894	209.776
LLLWTLLTTLLGTLLTYLILI	LLLWTLLTTLLGTLLTTLILI	-23.3038	-23.5591	0.119894	1.0043	181.257
LLLWTLLTTLLGTLLTTLILI	LLLWTLLTTLLGTLLTYLILI	-23.5591	-23.3038	1.0043	0.119894	172.439
LLLWTLLTTLLGTLLTYLILI	LLLWTLLTTLLGTLLTTLILI	-23.3038	-23.5591	0.119894	1.0043	163.959
LLLWTLLTTLLGTLLTTLILI	LLLWTLLTTLLGTLLTYLILI	-23.5591	-23.3038	1.0043	0.119894	119.877
LLLWTLLTTLLGTLLTYLILI	LLLWTLLTTLLGTLLTTLILI	-23.3038	-23.5591	0.119894	1.0043	101.879
LLLWTLLTTLLGTLLTTLILI	LLLWTLLTTLLGTLLTYLILI	-23.5591	-23.3037	1.0043	0.119894	64.9219
LLLWTLLTTLLGTLLTYLILI	LLLWTLLTTLLGTLLTTLILI	-23.3037	-23.5591	0.119894	1.0043	61.271
Time: 605s
