***STARTING GEOMETRY:***
xShift: 8.26938
crossingAngle: -34.7649
axialRotation: 17.4903
zShift: 5.24152

Number of MCCycles: 100
PrevSequence	CurrSequence	PrevEnergy	CurrEnergy	PrevEntropy	CurrEntropy	CurrentTemp
LLLGLLFSLLGTLLSTLLILI	LLLGLLFSLLGTLLSYLLILI	-8.48122	-8.71196	0.538845	0.30482	999.684
LLLGLLFSLLGTLLSYLLILI	LLLGLLFFLLGTLLSYLLILI	-8.51287	-14.8732	0.503913	0.329564	999.328
LLLGLLFFLLGTLLSYLLILI	LLLGLLFFLLGTLLAYLLILI	-14.5606	-14.1648	0.642213	0.244161	998.928
LLLGLLFFLLGTLLAYLLILI	LLLGLLFFLLGTLLATLLILI	-14.1041	-17.4141	0.30482	0.538845	998.476
LLLGLLFFLLGTLLATLLILI	LLLGLLFFLLGTLLSTLLILI	-17.7088	-18.1007	0.244161	0.642213	997.967
LLLGLLFFLLGTLLSTLLILI	LLLGLLFFLLGTLLATLLILI	-18.1007	-17.7088	0.642213	0.244161	997.394
LLLGLLFFLLGTLLATLLILI	LLLGLLFYLLGTLLATLLILI	-17.5426	-19.2304	0.410343	0.410343	996.749
LLLGLLFYLLGTLLATLLILI	LLLGLLFFLLGTLLATLLILI	-19.2304	-17.5426	0.410343	0.410343	996.023
LLLGLLFFLLGTLLATLLILI	LLLGLLFFLLGTLLSTLLILI	-17.7088	-18.1007	0.244161	0.642213	995.205
LLLGLLFFLLGTLLSTLLILI	LLLGLLFFLLATLLSTLLILI	-17.8706	-17.8033	0.872342	0.154044	994.285
LLLGLLFFLLATLLSTLLILI	LLLGLLFFLLGTLLSTLLILI	-17.8033	-16.4419	0.154044	0.872342	993.249
LLLGLLFFLLGTLLSTLLILI	LLLGLLFFLLATLLSTLLILI	-16.4419	-17.8032	0.872342	0.154044	992.084
LLLGLLFFLLATLLSTLLILI	LLLGLLFTLLATLLSTLLILI	-17.7377	-16.8829	0.219549	0.693609	990.773
LLLGLLFTLLATLLSTLLILI	LLLGLLYTLLATLLSTLLILI	-17.3365	-14.4174	0.240035	0.650378	989.3
LLLGLLYTLLATLLSTLLILI	LLLGLLYTLLTTLLSTLLILI	-15.0031	-13.7598	0.064646	1.34306	987.644
LLLGLLYTLLTTLLSTLLILI	LLLGLLYTLLATLLSTLLILI	-13.7598	-15.0032	1.34306	0.064646	985.783
LLLGLLYTLLATLLSTLLILI	LLLGLLYTLLATLLATLLILI	-14.6636	-13.88	0.404229	0.416521	983.694
LLLGLLYTLLATLLATLLILI	LLLGLLYTLLTTLLATLLILI	-14.1736	-13.1599	0.122923	0.990994	981.348
LLLGLLYTLLTTLLATLLILI	LLLGLLYTLLTWLLATLLILI	-13.5636	-15.7953	0.58734	0.274265	978.717
LLLGLLYTLLTWLLATLLILI	LLLGLLFTLLTWLLATLLILI	-15.4192	-14.9056	0.650378	0.240035	975.768
LLLGLLFTLLTWLLATLLILI	LLLGLLFTLLTWLLSTLLILI	-14.9015	-16.2073	0.244161	0.642213	972.463
LLLGLLFTLLTWLLSTLLILI	LLLGLLYTLLTWLLSTLLILI	-16.6095	-17.1227	0.240035	0.650378	968.764
LLLGLLYTLLTWLLSTLLILI	LLLGLLYTLLTWLLSYLLILI	-17.33	-13.8787	0.443059	0.379341	964.627
LLLGLLYTLLTWLLSYLLILI	LLLGLLFTLLTWLLSYLLILI	-13.3053	-13.2025	0.952787	0.132101	960.005
LLLGLLFTLLTWLLSYLLILI	LLLGLLFTLLTTLLSYLLILI	-12.9913	-10.1058	0.343253	0.48602	954.846
LLLGLLFTLLTTLLSYLLILI	LLLGLLFTLLTTLLSTLLILI	-10.42	-13.365	0.171816	0.816184	949.095
LLLGLLFTLLTTLLSTLLILI	LLLGLLYTLLTTLLSTLLILI	-13.9411	-14.4524	0.240035	0.650378	942.693
LLLGLLYTLLTTLLSTLLILI	LLLGLLYTLLTWLLSTLLILI	-14.5155	-17.4988	0.58734	0.274265	935.578
LLLGLLYTLLTWLLSTLLILI	LLLGLLFTLLTWLLSTLLILI	-17.1227	-16.6095	0.650378	0.240035	927.683
LLLGLLFTLLTWLLSTLLILI	LLLGLLYTLLTWLLSTLLILI	-16.6095	-17.1227	0.240035	0.650378	918.939
LLLGLLYTLLTWLLSTLLILI	LLLGLLFTLLTWLLSTLLILI	-17.1227	-16.6095	0.650378	0.240035	909.276
LLLGLLFTLLTWLLSTLLILI	LLLGLLFTLLAWLLSTLLILI	-15.6567	-14.642	1.19282	0.0847157	898.621
LLLGLLFTLLAWLLSTLLILI	LLLGLLFWLLAWLLSTLLILI	-14.5173	-12.6379	0.209355	0.716965	886.903
LLLGLLFWLLAWLLSTLLILI	LLLGLLFWLLATLLSTLLILI	-12.6379	-13.6191	0.716965	0.209355	874.051
LLLGLLFWLLATLLSTLLILI	LLLGLLFYLLATLLSTLLILI	-13.2296	-14.899	0.598868	0.267575	859.999
LLLGLLFYLLATLLSTLLILI	LLLGLLFYLLATLLSVLLILI	-14.2357	-11.2625	0.930859	0.137712	844.686
LLLGLLFYLLATLLSVLLILI	LLLGLLFFLLATLLSVLLILI	-10.9899	-10.7598	0.410343	0.410343	828.061
LLLGLLFFLLATLLSVLLILI	LLLGLLFTLLATLLSVLLILI	-10.8654	-10.032	0.30482	0.538845	810.083
LLLGLLFTLLATLLSVLLILI	LLLGLLFTLLATLLSTLLILI	-10.4756	-13.2089	0.0952708	1.12845	790.724
LLLGLLFTLLATLLSTLLILI	LLLGLLFTLLATLLATLLILI	-13.9331	-13.1492	0.404229	0.416521	769.974
LLLGLLFTLLATLLATLLILI	LLLGLLYTLLATLLATLLILI	-13.3257	-13.6462	0.240035	0.650378	747.845
LLLGLLYTLLATLLATLLILI	LLLGLLYTLLATLLSTLLILI	-13.88	-14.6636	0.416521	0.404229	724.369
LLLGLLYTLLATLLSTLLILI	LLLGLLYTLLTTLLSTLLILI	-15.0032	-13.7598	0.064646	1.34306	699.602
LLLGLLYTLLTTLLSTLLILI	LLLGLLYTLLATLLSTLLILI	-13.7598	-15.0032	1.34306	0.064646	673.628
LLLGLLYTLLATLLSTLLILI	LLLGLLYTLLTTLLSTLLILI	-15.0032	-13.7598	0.064646	1.34306	646.557
LLLGLLYTLLTTLLSTLLILI	LLLGLLYTLLTWLLSTLLILI	-14.5155	-17.4988	0.58734	0.274265	618.524
LLLGLLYTLLTWLLSTLLILI	LLLGLLYTLLTWLLATLLILI	-17.1308	-15.8254	0.642213	0.244161	589.688
LLLGLLYTLLTWLLATLLILI	LLLGLLFTLLTWLLATLLILI	-15.4192	-14.9056	0.650378	0.240035	560.23
LLLGLLFTLLTWLLATLLILI	LLLGLLYTLLTWLLATLLILI	-14.9056	-15.4192	0.240035	0.650378	530.348
LLLGLLYTLLTWLLATLLILI	LLLGLLYTLLTWLLSTLLILI	-15.8254	-17.1308	0.244161	0.642213	500.25
LLLGLLYTLLTWLLSTLLILI	LLLGLLFTLLTWLLSTLLILI	-17.1227	-16.6095	0.650378	0.240035	470.152
LLLGLLFTLLTWLLSTLLILI	LLLGLLFTLLTTLLSTLLILI	-16.5752	-13.5938	0.274265	0.58734	440.27
LLLGLLFTLLTTLLSTLLILI	LLLGLLFTLLATLLSTLLILI	-12.8381	-14.2726	1.34306	0.064646	410.812
LLLGLLFTLLATLLSTLLILI	LLLGLLFTLLAYLLSTLLILI	-13.6437	-14.6273	0.693609	0.219549	381.976
LLLGLLFTLLAYLLSTLLILI	LLLGLLFTLLAWLLSTLLILI	-14.5793	-14.1278	0.267575	0.598868	353.943
LLLGLLFTLLAWLLSTLLILI	LLLGLLFTLLAWLLSYLLILI	-14.1878	-10.8601	0.538845	0.30482	326.872
LLLGLLFTLLAWLLSYLLILI	LLLGLLFTLLATLLSYLLILI	-10.7039	-10.376	0.460972	0.363705	300.898
LLLGLLFTLLATLLSYLLILI	LLLGLLFTLLAWLLSYLLILI	-10.376	-10.7039	0.363705	0.460972	276.131
LLLGLLFTLLAWLLSYLLILI	LLLGLLFTLLTWLLSYLLILI	-11.042	-12.3436	0.122923	0.990994	252.655
LLLGLLFTLLTWLLSYLLILI	LLLGLLFTLLTWLLSTLLILI	-13.115	-16.1559	0.219549	0.693609	230.526
LLLGLLFTLLTWLLSTLLILI	LLLGLLFTLLAWLLSTLLILI	-15.6567	-14.642	1.19282	0.0847157	209.776
LLLGLLFTLLAWLLSTLLILI	LLLGLLYTLLAWLLSTLLILI	-14.4867	-14.8087	0.240035	0.650378	190.417
LLLGLLYTLLAWLLSTLLILI	LLLGLLYTLLAYLLSTLLILI	-15.0869	-15.1971	0.372136	0.451187	172.439
LLLGLLYTLLAYLLSTLLILI	LLLGLLFTLLAYLLSTLLILI	-14.6955	-14.7869	0.952787	0.132101	140.501
LLLGLLFTLLAYLLSTLLILI	LLLGLLYTLLAYLLSTLLILI	-14.7869	-14.6955	0.132101	0.952787	126.449
LLLGLLYTLLAYLLSTLLILI	LLLGLLFTLLAYLLSTLLILI	-14.6955	-14.787	0.952787	0.132101	101.879
LLLGLLFTLLAYLLSTLLILI	LLLGLLYTLLAYLLSTLLILI	-14.787	-14.6233	0.132101	0.952787	81.5606
LLLGLLYTLLAYLLSTLLILI	LLLGLLYTLLAWLLSTLLILI	-15.1249	-15.0869	0.451187	0.372136	64.9219
LLLGLLYTLLAWLLSTLLILI	LLLGLLYTLLAYLLSTLLILI	-15.0869	-15.1249	0.372136	0.451187	57.8066
LLLGLLYTLLAYLLSTLLILI	LLLGLLFTLLAYLLSTLLILI	-14.6233	-14.7869	0.952787	0.132101	51.4049
LLLGLLFTLLAYLLSTLLILI	LLLGLLYTLLAYLLSTLLILI	-14.7869	-14.6955	0.132101	0.952787	35.8726
LLLGLLYTLLAYLLSTLLILI	LLLGLLYTLLAWLLSTLLILI	-15.1971	-15.0869	0.451187	0.372136	31.7355
LLLGLLYTLLAWLLSTLLILI	LLLGLLYTLLAYLLSTLLILI	-15.0869	-15.1249	0.372136	0.451187	28.0365
LLLGLLYTLLAYLLSTLLILI	LLLGLLFTLLAYLLSTLLILI	-14.6233	-14.787	0.952787	0.132101	16.8064
Time: 155s
