***STARTING GEOMETRY:***
xShift: 8.50571
crossingAngle: -40.2851
axialRotation: 17.9708
zShift: 5.35241

Number of MCCycles: 100
PrevSequence	CurrSequence	PrevEnergy	CurrEnergy	PrevEntropy	CurrEntropy	CurrentTemp
LLLWLLGTLLTTLLTTLLILI	LLLWLLGTLLTYLLTTLLILI	-27.4663	-26.6542	0.917682	0.141213	999.684
LLLWLLGTLLTYLLTTLLILI	LLLWLLGTLLTYLLTVLLILI	-25.519	-22.4454	1.27634	0.0728516	999.328
LLLWLLGTLLTYLLTVLLILI	LLLWLLGTLLTYLLSVLLILI	-21.6522	-17.1196	0.865998	0.155943	998.928
LLLWLLGTLLTYLLSVLLILI	LLLWLLGTLLTTLLSVLLILI	-17.056	-18.7488	0.219549	0.693609	998.476
LLLWLLGTLLTTLLSVLLILI	LLLWLLGTLLTFLLSVLLILI	-18.4381	-17.3363	1.0043	0.119894	997.967
LLLWLLGTLLTFLLSVLLILI	LLLWLLGTLLTFLLSTLLILI	-17.3609	-20.2821	0.0952708	1.12845	997.394
LLLWLLGTLLTFLLSTLLILI	LLLWLLGTLLTTLLSTLLILI	-21.3185	-22.0225	0.0921195	1.14683	996.749
LLLWLLGTLLTTLLSTLLILI	LLLWLLGTLLTWLLSTLLILI	-22.8057	-24.6389	0.363705	0.460972	996.023
LLLWLLGTLLTWLLSTLLILI	LLLWLLGTLLTWLLATLLILI	-24.4576	-24.3763	0.642213	0.244161	995.205
LLLWLLGTLLTWLLATLLILI	LLLWLLGTLLTWLLSTLLILI	-24.3763	-24.4576	0.244161	0.642213	994.285
LLLWLLGTLLTWLLSTLLILI	LLLWLLGTLLTWLLATLLILI	-24.4576	-24.3763	0.642213	0.244161	993.249
LLLWLLGTLLTWLLATLLILI	LLLWLLGTLLTWLLTTLLILI	-24.5558	-24.053	0.064646	1.34306	992.084
LLLWLLGTLLTWLLTTLLILI	LLLWLLGTLLTWLLSTLLILI	-24.3951	-24.9792	1.001	0.120637	990.773
LLLWLLGTLLTWLLSTLLILI	LLLWLLGTLLTTLLSTLLILI	-24.6389	-22.8057	0.460972	0.363705	989.3
LLLWLLGTLLTTLLSTLLILI	LLLWLLGTLLTTLLWTLLILI	-23.0655	-27.6627	0.103866	1.0815	987.644
LLLWLLGTLLTTLLWTLLILI	LLLFLLGTLLTTLLWTLLILI	-27.5132	-26.9342	1.23103	0.0790506	985.783
LLLFLLGTLLTTLLWTLLILI	LLLWLLGTLLTTLLWTLLILI	-26.9342	-29.6342	0.0790506	1.23103	983.694
LLLWLLGTLLTTLLWTLLILI	LLLFLLGTLLTTLLWTLLILI	-29.6342	-28.9739	1.23103	0.0790506	981.348
LLLFLLGTLLTTLLWTLLILI	LLLFLLGTLLTTLLTTLLILI	-28.8243	-25.8991	0.22865	0.673827	978.717
LLLFLLGTLLTTLLTTLLILI	LLLWLLGTLLTTLLTTLLILI	-26.4242	-27.4936	0.148778	0.890414	975.768
LLLWLLGTLLTTLLTTLLILI	LLLWLLGTLLTTLLWTLLILI	-27.956	-30.4721	0.428016	0.393183	972.463
LLLWLLGTLLTTLLWTLLILI	LLLWLLGTLLTTLLTTLLILI	-30.4721	-27.9515	0.393183	0.428016	960.005
LLLWLLGTLLTTLLTTLLILI	LLLWLLGTLLTTLLWTLLILI	-27.9515	-30.4721	0.428016	0.393183	954.846
LLLWLLGTLLTTLLWTLLILI	LLLWLLGTLLTTLLTTLLILI	-30.4721	-27.956	0.393183	0.428016	949.095
LLLWLLGTLLTTLLTTLLILI	LLLWLLATLLTTLLTTLLILI	-27.7999	-23.0144	0.584123	0.276169	942.693
LLLWLLATLLTTLLTTLLILI	LLLWLLGTLLTTLLTTLLILI	-23.0144	-27.7999	0.276169	0.584123	935.578
LLLWLLGTLLTTLLTTLLILI	LLLWLLGTLLTTLLWTLLILI	-27.956	-30.4721	0.428016	0.393183	927.683
LLLWLLGTLLTTLLWTLLILI	LLLFLLGTLLTTLLWTLLILI	-29.6342	-28.9739	1.23103	0.0790506	909.276
LLLFLLGTLLTTLLWTLLILI	LLLWLLGTLLTTLLWTLLILI	-28.9739	-27.593	0.0790506	1.23103	898.621
LLLWLLGTLLTTLLWTLLILI	LLLFLLGTLLTTLLWTLLILI	-27.593	-28.9739	1.23103	0.0790506	886.903
LLLFLLGTLLTTLLWTLLILI	LLLFLLGVLLTTLLWTLLILI	-27.7766	-20.2593	1.27634	0.0728516	859.999
LLLFLLGVLLTTLLWTLLILI	LLLFLLGTLLTTLLWTLLILI	-20.2593	-25.657	0.0728516	1.27634	844.686
LLLFLLGTLLTTLLWTLLILI	LLLWLLGTLLTTLLWTLLILI	-26.8543	-27.593	0.0790506	1.23103	828.061
LLLWLLGTLLTTLLWTLLILI	LLLFLLGTLLTTLLWTLLILI	-27.593	-26.8543	1.23103	0.0790506	810.083
LLLFLLGTLLTTLLWTLLILI	LLLWLLGTLLTTLLWTLLILI	-26.8543	-27.5132	0.0790506	1.23103	790.724
LLLWLLGTLLTTLLWTLLILI	LLLWLLGTLLTTLLWVLLILI	-27.4679	-27.2404	1.27634	0.0728516	769.974
LLLWLLGTLLTTLLWVLLILI	LLLWLLGTLLTTLLWTLLILI	-27.2404	-27.4679	0.0728516	1.27634	747.845
LLLWLLGTLLTTLLWTLLILI	LLLFLLGTLLTTLLWTLLILI	-27.5132	-26.8543	1.23103	0.0790506	724.369
LLLFLLGTLLTTLLWTLLILI	LLLFLLGTLLTTLLTTLLILI	-26.7047	-25.8991	0.22865	0.673827	699.602
LLLFLLGTLLTTLLTTLLILI	LLLFLLGTLLTFLLTTLLILI	-25.6553	-24.6555	0.917682	0.141213	673.628
LLLFLLGTLLTFLLTTLLILI	LLLFLLGTLLTTLLTTLLILI	-24.6555	-25.6553	0.141213	0.917682	646.557
LLLFLLGTLLTTLLTTLLILI	LLLWLLGTLLTTLLTTLLILI	-26.4242	-27.4936	0.148778	0.890414	618.524
LLLWLLGTLLTTLLTTLLILI	LLLFLLGTLLTTLLTTLLILI	-27.4936	-26.4242	0.890414	0.148778	589.688
LLLFLLGTLLTTLLTTLLILI	LLLFLLGTLLTTLLWTLLILI	-25.8991	-28.8243	0.673827	0.22865	560.23
LLLFLLGTLLTTLLWTLLILI	LLLWLLGTLLTTLLWTLLILI	-28.9739	-27.5132	0.0790506	1.23103	530.348
LLLWLLGTLLTTLLWTLLILI	LLLWLLGTLLTTLLWVLLILI	-27.4679	-27.2404	1.27634	0.0728516	500.25
LLLWLLGTLLTTLLWVLLILI	LLLWLLGTLLTTLLWTLLILI	-27.2404	-27.5477	0.0728516	1.27634	440.27
LLLWLLGTLLTTLLWTLLILI	LLLWLLGTLLTTLLTTLLILI	-28.4309	-27.956	0.393183	0.428016	410.812
LLLWLLGTLLTTLLTTLLILI	LLLWLLGTLLTFLLTTLLILI	-27.1224	-26.5852	1.26162	0.0748068	353.943
LLLWLLGTLLTFLLTTLLILI	LLLWLLGTLLTFLLTYLLILI	-25.8438	-23.0563	0.816184	0.171816	326.872
LLLWLLGTLLTFLLTYLLILI	LLLFLLGTLLTFLLTYLLILI	-22.6293	-21.0973	0.598868	0.267575	300.898
LLLFLLGTLLTFLLTYLLILI	LLLFLLGTLLTTLLTYLLILI	-21.1931	-22.3231	0.171816	0.816184	276.131
LLLFLLGTLLTTLLTYLLILI	LLLWLLGTLLTTLLTYLLILI	-22.9905	-24.0554	0.148778	0.890414	252.655
LLLWLLGTLLTTLLTYLLILI	LLLWLLGTLLTTLLTTLLILI	-24.8046	-27.4663	0.141213	0.917682	230.526
LLLWLLGTLLTTLLTTLLILI	LLLWLLGTLLTTLLWTLLILI	-27.956	-28.4309	0.428016	0.393183	209.776
LLLWLLGTLLTTLLWTLLILI	LLLFLLGTLLTTLLWTLLILI	-27.593	-26.9342	1.23103	0.0790506	190.417
LLLFLLGTLLTTLLWTLLILI	LLLWLLGTLLTTLLWTLLILI	-26.9342	-27.593	0.0790506	1.23103	172.439
LLLWLLGTLLTTLLWTLLILI	LLLWLLGTLLTTLLTTLLILI	-28.4309	-27.956	0.393183	0.428016	113.597
LLLWLLGTLLTTLLTTLLILI	LLLWLLGTLLTTLLWTLLILI	-27.956	-30.4721	0.428016	0.393183	101.879
Time: 132s
