***STARTING GEOMETRY:***
xShift: 8.31
crossingAngle: -40.45
axialRotation: -84.27
zShift: 2.48

Number of MCCycles: 200
PrevSequence	CurrSequence	PrevEnergy	CurrEnergy	PrevEntropy	CurrEntropy	CurrentTemp
LLLWTLLTTLLGTLLAYLILI	LLLWTLLTTLLGTLLATLILI	-3.97006	-13.5792	0.141213	0.917682	999.847
LLLWTLLTTLLGTLLATLILI	LLLWTLLTTLLGTLLGTLILI	-14.3429	-12.6466	0.154044	0.872342	999.684
LLLWTLLTTLLGTLLGTLILI	LLLWTLLTTLLGTLLGYLILI	-12.6012	-12.1457	0.917682	0.141213	999.512
LLLWTLLTTLLGTLLGYLILI	LLLWTLLTYLLGTLLGYLILI	-11.7481	-9.51223	0.538845	0.30482	999.328
LLLWTLLTYLLGTLLGYLILI	LLLWTLLTYLLGTLLGTLILI	-9.51223	-10.4877	0.30482	0.538845	999.134
LLLWTLLTYLLGTLLGTLILI	LLLWTLLTTLLGTLLGTLILI	-10.8853	-12.6012	0.141213	0.917682	998.928
LLLWTLLTTLLGTLLGTLILI	LLLWTLLTTLLGYLLGTLILI	-12.6012	-12.0756	0.917682	0.141213	998.476
LLLWTLLTTLLGYLLGTLILI	LLLYTLLTTLLGYLLGTLILI	-11.8446	-8.3266	0.372136	0.451187	998.229
LLLYTLLTTLLGYLLGTLILI	LLLYTLLTTLLGTLLGTLILI	-8.52264	-9.50229	0.255144	0.62127	997.967
LLLYTLLTTLLGTLLGTLILI	LLLWTLLTTLLGTLLGTLILI	-9.85598	-12.9201	0.267575	0.598868	997.689
LLLWTLLTTLLGTLLGTLILI	LLLWTLLTTLLGYLLGTLILI	-12.6012	-12.079	0.917682	0.141213	997.394
LLLWTLLTTLLGYLLGTLILI	LLLWTLLTTLLGYLLGYLILI	-11.6814	-9.63557	0.538845	0.30482	997.081
LLLWTLLTTLLGYLLGYLILI	LLLWTLLTTLLGYLLGTLILI	-9.63557	-11.6385	0.30482	0.538845	996.749
LLLWTLLTTLLGYLLGTLILI	LLLWTLLTTLLGTLLGTLILI	-12.0361	-12.6012	0.141213	0.917682	996.397
LLLWTLLTTLLGTLLGTLILI	LLLWTLLTTLLGTLLGYLILI	-12.6012	-12.1457	0.917682	0.141213	996.023
LLLWTLLTTLLGTLLGYLILI	LLLWTLLTTLLGTLLGTLILI	-12.1457	-12.5618	0.141213	0.917682	995.626
LLLWTLLTTLLGTLLGTLILI	LLLWTLLTTLLGTLLGYLILI	-12.5618	-12.1457	0.917682	0.141213	995.205
LLLWTLLTTLLGTLLGYLILI	LLLWTLLTTLLGTLLGTLILI	-12.1457	-12.5759	0.141213	0.917682	994.758
LLLWTLLTTLLGTLLGTLILI	LLLWTLLTTLLGTLLGYLILI	-12.5759	-12.209	0.917682	0.141213	993.249
LLLWTLLTTLLGTLLGYLILI	LLLWTLLTYLLGTLLGYLILI	-11.8113	-9.55166	0.538845	0.30482	992.683
LLLWTLLTYLLGTLLGYLILI	LLLWTLLTYLLGTLLGTLILI	-9.55166	-10.5451	0.30482	0.538845	992.084
LLLWTLLTYLLGTLLGTLILI	LLLWTLLTYLLGYLLGTLILI	-10.5451	-8.8924	0.538845	0.30482	990.058
LLLWTLLTYLLGYLLGTLILI	LLLWTLLTYLLGTLLGTLILI	-8.8924	-10.1608	0.30482	0.538845	989.3
LLLWTLLTYLLGTLLGTLILI	LLLWTLLTYLLGTLLGYLILI	-10.1608	-9.46792	0.538845	0.30482	988.496
LLLWTLLTYLLGTLLGYLILI	LLLWTLLTYLLGTLLGTLILI	-9.46792	-10.1214	0.30482	0.538845	987.644
LLLWTLLTYLLGTLLGTLILI	LLLWTLLTYLLGYLLGTLILI	-10.1214	-8.99877	0.538845	0.30482	986.74
LLLWTLLTYLLGYLLGTLILI	LLLWTLLTYLLGTLLGTLILI	-8.99877	-10.5056	0.30482	0.538845	985.783
LLLWTLLTYLLGTLLGTLILI	LLLWTLLTYLLGTLLGYLILI	-10.5056	-9.51223	0.538845	0.30482	984.769
LLLWTLLTYLLGTLLGYLILI	LLLWTLLTTLLGTLLGYLILI	-9.51223	-11.7086	0.30482	0.538845	983.694
LLLWTLLTTLLGTLLGYLILI	LLLWTLLTTLLGYLLGYLILI	-11.7086	-9.67501	0.538845	0.30482	982.555
LLLWTLLTTLLGYLLGYLILI	LLLWTLLTTLLGTLLGYLILI	-9.67501	-11.8113	0.30482	0.538845	981.348
LLLWTLLTTLLGTLLGYLILI	LLLWTLLTFLLGTLLGYLILI	-11.2034	-9.39972	1.14683	0.0921195	980.071
LLLWTLLTFLLGTLLGYLILI	LLLWTLLTFLLGFLLGYLILI	-8.79823	-7.16776	0.693609	0.219549	977.285
LLLWTLLTFLLGFLLGYLILI	LLLWTLLTFLLGTLLGYLILI	-7.16776	-8.7588	0.219549	0.693609	975.768
LLLWTLLTFLLGTLLGYLILI	LLLWTLLTFLLGFLLGYLILI	-8.7588	-7.16776	0.693609	0.219549	974.162
LLLWTLLTFLLGFLLGYLILI	LLLWTLLTFLLGFLLGTLILI	-7.16776	-8.33473	0.219549	0.693609	972.463
LLLWTLLTFLLGFLLGTLILI	LLLWTLLTFLLGTLLGTLILI	-8.85652	-9.9124	0.171816	0.816184	970.666
LLLWTLLTFLLGTLLGTLILI	LLLWTLLTFLLGFLLGTLILI	-9.9124	-8.85652	0.816184	0.171816	968.764
LLLWTLLTFLLGFLLGTLILI	LLLWTLLTFLLGTLLGTLILI	-8.85652	-9.90608	0.171816	0.816184	966.754
LLLWTLLTFLLGTLLGTLILI	LLLWTLLTTLLGTLLGTLILI	-10.6475	-12.2573	0.0748068	1.26162	964.627
LLLWTLLTTLLGTLLGTLILI	LLLWTLLTTLLGTLLGYLILI	-12.6012	-12.0809	0.917682	0.141213	962.38
LLLWTLLTTLLGTLLGYLILI	LLLWTLLTTLLGTLLGTLILI	-12.0809	-12.5618	0.141213	0.917682	960.005
LLLWTLLTTLLGTLLGTLILI	LLLWTLLTTLLGTLLGYLILI	-12.5618	-12.1457	0.917682	0.141213	957.496
LLLWTLLTTLLGTLLGYLILI	LLLWTLLTTLLGTLLGTLILI	-12.1457	-12.6012	0.141213	0.917682	954.846
LLLWTLLTTLLGTLLGTLILI	LLLWTLLTTLLGYLLGTLILI	-12.6012	-12.0756	0.917682	0.141213	952.048
LLLWTLLTTLLGYLLGTLILI	LLLWTLLTYLLGYLLGTLILI	-11.6779	-8.97084	0.538845	0.30482	949.095
LLLWTLLTYLLGYLLGTLILI	LLLWTLLTTLLGYLLGTLILI	-8.97084	-11.6779	0.30482	0.538845	945.979
LLLWTLLTTLLGYLLGTLILI	LLLWTLLTTLLGTLLGTLILI	-12.0756	-12.5618	0.141213	0.917682	942.693
LLLWTLLTTLLGTLLGTLILI	LLLWTLLTTLLGTLLGYLILI	-12.5618	-12.1457	0.917682	0.141213	939.229
LLLWTLLTTLLGTLLGYLILI	LLLWTLLTTLLGTLLGTLILI	-12.1457	-12.5618	0.141213	0.917682	935.578
LLLWTLLTTLLGTLLGTLILI	LLLWTLLTTLLGYLLGTLILI	-12.5618	-12.0756	0.917682	0.141213	931.732
LLLWTLLTTLLGYLLGTLILI	LLLWTLLTTLLGYLLGYLILI	-11.6779	-9.73986	0.538845	0.30482	923.422
LLLWTLLTTLLGYLLGYLILI	LLLWTLLTTLLGTLLGYLILI	-9.73986	-11.8113	0.30482	0.538845	918.939
LLLWTLLTTLLGTLLGYLILI	LLLWTLLTWLLGTLLGYLILI	-11.9865	-9.94792	0.363705	0.460972	914.227
LLLWTLLTWLLGTLLGYLILI	LLLWTLLTTLLGTLLGYLILI	-9.94792	-11.9232	0.460972	0.363705	904.077
LLLWTLLTTLLGTLLGYLILI	LLLWTLLTTLLGTLLGTLILI	-12.1457	-12.6031	0.141213	0.917682	898.621
LLLWTLLTTLLGTLLGTLILI	LLLWTLLTTLLGTLLGYLILI	-12.6031	-12.1063	0.917682	0.141213	892.899
LLLWTLLTTLLGTLLGYLILI	LLLWTLLTYLLGTLLGYLILI	-11.7086	-9.46792	0.538845	0.30482	880.623
LLLWTLLTYLLGTLLGYLILI	LLLWTLLTTLLGTLLGYLILI	-9.46792	-11.7868	0.30482	0.538845	874.051
LLLWTLLTTLLGTLLGYLILI	LLLWTLLTFLLGTLLGYLILI	-11.1789	-9.43849	1.14683	0.0921195	867.179
LLLWTLLTFLLGTLLGYLILI	LLLWTLLTFLLGFLLGYLILI	-8.837	-7.18782	0.693609	0.219549	859.999
LLLWTLLTFLLGFLLGYLILI	LLLWTLLTFLLGTLLGYLILI	-7.18782	-8.7588	0.219549	0.693609	844.686
LLLWTLLTFLLGTLLGYLILI	LLLWTLLTFLLGFLLGYLILI	-8.7588	-7.18782	0.693609	0.219549	836.541
LLLWTLLTFLLGFLLGYLILI	LLLWTLLTFLLGTLLGYLILI	-7.18782	-8.77818	0.219549	0.693609	819.243
LLLWTLLTFLLGTLLGYLILI	LLLWTLLTFLLGTLLGTLILI	-9.29997	-9.90608	0.171816	0.816184	810.083
LLLWTLLTFLLGTLLGTLILI	LLLWTLLTFLLGFLLGTLILI	-9.90608	-8.85652	0.816184	0.171816	800.577
LLLWTLLTFLLGFLLGTLILI	LLLWTLLTFLLGTLLGTLILI	-8.85652	-9.90608	0.171816	0.816184	790.724
LLLWTLLTFLLGTLLGTLILI	LLLWTLLTFLLGTLLGYLILI	-9.90608	-9.33874	0.816184	0.171816	780.523
LLLWTLLTFLLGTLLGYLILI	LLLWTLLTTLLGTLLGYLILI	-9.41844	-11.1401	0.0921195	1.14683	769.974
LLLWTLLTTLLGTLLGYLILI	LLLWTLLTTLLGTLLGTLILI	-12.1457	-12.6012	0.141213	0.917682	759.081
LLLWTLLTTLLGTLLGTLILI	LLLWTLLTTLLGTLLGYLILI	-12.6012	-12.1457	0.917682	0.141213	747.845
LLLWTLLTTLLGTLLGYLILI	LLLWTLLTTLLGYLLGYLILI	-11.7481	-9.67501	0.538845	0.30482	736.272
LLLWTLLTTLLGYLLGYLILI	LLLWTLLTFLLGYLLGYLILI	-8.97553	-6.14569	1.0043	0.119894	699.602
LLLWTLLTFLLGYLLGYLILI	LLLWTLLTFLLGTLLGYLILI	-5.88624	-9.02873	0.379341	0.443059	673.628
LLLWTLLTFLLGTLLGYLILI	LLLWTLLTTLLGTLLGYLILI	-9.37967	-10.7635	0.0921195	1.14683	660.222
LLLWTLLTTLLGTLLGYLILI	LLLWTLLTTLLGTLLGTLILI	-11.7691	-12.5618	0.141213	0.917682	646.557
LLLWTLLTTLLGTLLGTLILI	LLLWTLLTTLLGYLLGTLILI	-12.5618	-12.0756	0.917682	0.141213	632.651
LLLWTLLTTLLGYLLGTLILI	LLLWTLLTTLLGTLLGTLILI	-12.0756	-12.5618	0.141213	0.917682	618.524
LLLWTLLTTLLGTLLGTLILI	LLLWTLLTTLLGTLLGYLILI	-12.5618	-12.1457	0.917682	0.141213	589.688
LLLWTLLTTLLGTLLGYLILI	LLLWTLLTTLLGTLLGTLILI	-12.1457	-12.5364	0.141213	0.917682	545.329
LLLWTLLTTLLGTLLGTLILI	LLLWTLLTTLLGYLLGTLILI	-12.5364	-11.7663	0.917682	0.141213	530.348
LLLWTLLTTLLGYLLGTLILI	LLLWTLLTTLLGTLLGTLILI	-11.7663	-12.5618	0.141213	0.917682	515.312
LLLWTLLTTLLGTLLGTLILI	LLLWTLLTTLLGTLLGYLILI	-12.5618	-12.1591	0.917682	0.141213	500.25
LLLWTLLTTLLGTLLGYLILI	LLLWTLLTTLLGTLLGTLILI	-12.1591	-12.2641	0.141213	0.917682	485.188
LLLWTLLTTLLGTLLGTLILI	LLLWTLLTTLLGTLLGYLILI	-12.2641	-12.1457	0.917682	0.141213	470.152
LLLWTLLTTLLGTLLGYLILI	LLLWTLLTTLLGTLLGTLILI	-12.1457	-12.5618	0.141213	0.917682	455.171
LLLWTLLTTLLGTLLGTLILI	LLLWTLLTTLLGTLLGYLILI	-12.5618	-12.1063	0.917682	0.141213	440.27
LLLWTLLTTLLGTLLGYLILI	LLLWTLLTTLLGYLLGYLILI	-11.7086	-9.61021	0.538845	0.30482	425.475
LLLWTLLTTLLGYLLGYLILI	LLLWTLLTTLLGTLLGYLILI	-9.61021	-11.7481	0.30482	0.538845	410.812
LLLWTLLTTLLGTLLGYLILI	LLLWTLLTTLLGTLLGTLILI	-12.1457	-12.6012	0.141213	0.917682	396.304
LLLWTLLTTLLGTLLGTLILI	LLLWTLLTTLLGYLLGTLILI	-12.6012	-12.0756	0.917682	0.141213	381.976
LLLWTLLTTLLGYLLGTLILI	LLLWTLLTTLLGTLLGTLILI	-12.0756	-12.6012	0.141213	0.917682	340.278
LLLWTLLTTLLGTLLGTLILI	LLLWTLLTTLLGYLLGTLILI	-12.6012	-12.0804	0.917682	0.141213	300.898
LLLWTLLTTLLGYLLGTLILI	LLLWTLLTTLLGTLLGTLILI	-12.0804	-12.6276	0.141213	0.917682	288.358
LLLWTLLTTLLGTLLGTLILI	LLLWTLLTTLLGYLLGTLILI	-12.6276	-12.079	0.917682	0.141213	276.131
LLLWTLLTTLLGYLLGTLILI	LLLWTLLTTLLGTLLGTLILI	-12.079	-12.6012	0.141213	0.917682	252.655
LLLWTLLTTLLGTLLGTLILI	LLLWTLLTTLLGYLLGTLILI	-12.6012	-12.0756	0.917682	0.141213	241.419
LLLWTLLTTLLGYLLGTLILI	LLLWTLLTTLLGTLLGTLILI	-12.0756	-12.5618	0.141213	0.917682	230.526
LLLWTLLTTLLGTLLGTLILI	LLLWTLLTTLLGTLLGYLILI	-12.5618	-12.1457	0.917682	0.141213	219.977
LLLWTLLTTLLGTLLGYLILI	LLLWTLLTTLLGTLLGTLILI	-12.1457	-12.5364	0.141213	0.917682	209.776
LLLWTLLTTLLGTLLGTLILI	LLLWTLLTTLLGYLLGTLILI	-12.5364	-12.0131	0.917682	0.141213	172.439
LLLWTLLTTLLGYLLGTLILI	LLLWTLLTTLLGTLLGTLILI	-12.0131	-12.5618	0.141213	0.917682	163.959
LLLWTLLTTLLGTLLGTLILI	LLLWTLLTTLLGTLLGYLILI	-12.5618	-12.1457	0.917682	0.141213	155.814
LLLWTLLTTLLGTLLGYLILI	LLLWTLLTTLLGTLLGTLILI	-12.1457	-12.5618	0.141213	0.917682	147.996
LLLWTLLTTLLGTLLGTLILI	LLLWTLLTTLLGYLLGTLILI	-12.5618	-12.0756	0.917682	0.141213	126.449
LLLWTLLTTLLGYLLGTLILI	LLLWTLLTTLLGTLLGTLILI	-12.0756	-12.5618	0.141213	0.917682	119.877
LLLWTLLTTLLGTLLGTLILI	LLLWTLLTTLLGTLLGYLILI	-12.5618	-11.8085	0.917682	0.141213	113.597
LLLWTLLTTLLGTLLGYLILI	LLLWTLLTTLLGTLLGTLILI	-11.8085	-12.6012	0.141213	0.917682	107.601
Time: 413s
