***STARTING GEOMETRY:***
xShift: 8.87772
crossingAngle: 31.6899
axialRotation: 75.8713
zShift: 4.31986

Number of MCCycles: 100
PrevSequence	CurrSequence	PrevEnergy	CurrEnergy	PrevEntropy	CurrEntropy	CurrentTemp
LLLYVLLGLLGTLTALLLILI	LLLWVLLGLLGTLTALLLILI	-3.87071	-3.02323	0.267575	0.598868	999.684
LLLWVLLGLLGTLTALLLILI	LLLWVLLGLLTTLTALLLILI	-3.37514	-14.6697	0.246959	0.636769	999.328
LLLWVLLGLLTTLTALLLILI	LLLWVLLGLLTTLTSLLLILI	-15.0623	-14.3088	0.244161	0.642213	998.928
LLLWVLLGLLTTLTSLLLILI	LLLWILLGLLTTLTSLLLILI	-14.7188	-12.3735	0.232152	0.666466	997.394
LLLWILLGLLTTLTSLLLILI	LLLYILLGLLTTLTSLLLILI	-12.4411	-13.2202	0.598868	0.267575	996.749
LLLYILLGLLTTLTSLLLILI	LLLYVLLGLLTTLTSLLLILI	-12.8213	-15.6563	0.666466	0.232152	996.023
LLLYVLLGLLTTLTSLLLILI	LLLYVLLGLLTTLTALLLILI	-15.2462	-15.9997	0.642213	0.244161	995.205
LLLYVLLGLLTTLTALLLILI	LLLYVLLGLLTTLTSLLLILI	-15.9997	-15.2462	0.244161	0.642213	994.285
LLLYVLLGLLTTLTSLLLILI	LLLYVLLGLLTTLVSLLLILI	-15.0883	-12.2516	0.800152	0.177314	993.249
LLLYVLLGLLTTLVSLLLILI	LLLYVLLGLLTTLVALLLILI	-11.7867	-12.6169	0.642213	0.244161	992.084
LLLYVLLGLLTTLVALLLILI	LLLWVLLGLLTTLVALLLILI	-12.5935	-11.3248	0.267575	0.598868	990.773
LLLWVLLGLLTTLVALLLILI	LLLWVLLGLLTTLTALLLILI	-11.7464	-14.5063	0.177314	0.800152	989.3
LLLWVLLGLLTTLTALLLILI	LLLYVLLGLLTTLTALLLILI	-14.7076	-15.9763	0.598868	0.267575	987.644
LLLYVLLGLLTTLTALLLILI	LLLYWLLGLLTTLTALLLILI	-16.1251	-14.3568	0.118797	1.00921	983.694
LLLYWLLGLLTTLTALLLILI	LLLYVLLGLLTTLTALLLILI	-14.3568	-16.1251	1.00921	0.118797	981.348
LLLYVLLGLLTTLTALLLILI	LLLYWLLGLLTTLTALLLILI	-16.1251	-14.3568	0.118797	1.00921	978.717
LLLYWLLGLLTTLTALLLILI	LLLFWLLGLLTTLTALLLILI	-14.7156	-13.6	0.650378	0.240035	975.768
LLLFWLLGLLTTLTALLLILI	LLLFWLLGLLTTLTSLLLILI	-13.5959	-12.8425	0.244161	0.642213	972.463
LLLFWLLGLLTTLTSLLLILI	LLLFVLLGLLTTLTSLLLILI	-12.4755	-14.3272	1.00921	0.118797	968.764
LLLFVLLGLLTTLTSLLLILI	LLLFWLLGLLTTLTSLLLILI	-14.3272	-12.4755	0.118797	1.00921	964.627
LLLFWLLGLLTTLTSLLLILI	LLLYWLLGLLTTLTSLLLILI	-13.2447	-14.3603	0.240035	0.650378	960.005
LLLYWLLGLLTTLTSLLLILI	LLLYVLLGLLTTLTSLLLILI	-14.0015	-15.7693	1.00921	0.118797	954.846
LLLYVLLGLLTTLTSLLLILI	LLLYVLLGLLTTLVSLLLILI	-15.0879	-12.2516	0.800152	0.177314	949.095
LLLYVLLGLLTTLVSLLLILI	LLLYVLLGLLTTLTSLLLILI	-12.2516	-15.0879	0.177314	0.800152	942.693
LLLYVLLGLLTTLTSLLLILI	LLLYVLLGLLTTLTALLLILI	-15.2459	-15.9997	0.642213	0.244161	935.578
LLLYVLLGLLTTLTALLLILI	LLLYVLLGLLTTLVALLLILI	-15.4437	-12.6838	0.800152	0.177314	927.683
LLLYVLLGLLTTLVALLLILI	LLLYWLLGLLTTLVALLLILI	-12.6434	-11.2853	0.217693	0.697764	918.939
LLLYWLLGLLTTLVALLLILI	LLLYWLLGLLTTLTALLLILI	-11.8878	-14.2376	0.0952708	1.12845	909.276
LLLYWLLGLLTTLTALLLILI	LLLYVLLGLLTTLTALLLILI	-14.3568	-16.1251	1.00921	0.118797	898.621
LLLYVLLGLLTTLTALLLILI	LLLWVLLGLLTTLTALLLILI	-15.9763	-14.7076	0.267575	0.598868	886.903
LLLWVLLGLLTTLTALLLILI	LLLYVLLGLLTTLTALLLILI	-14.7076	-15.9763	0.598868	0.267575	874.051
LLLYVLLGLLTTLTALLLILI	LLLWVLLGLLTTLTALLLILI	-15.9763	-14.7076	0.267575	0.598868	859.999
LLLWVLLGLLTTLTALLLILI	LLLYVLLGLLTTLTALLLILI	-14.7076	-15.9763	0.598868	0.267575	844.686
LLLYVLLGLLTTLTALLLILI	LLLYVLLGLLTTLTSLLLILI	-15.9997	-15.2462	0.244161	0.642213	828.061
LLLYVLLGLLTTLTSLLLILI	LLLYVLLGLLTTLTALLLILI	-15.2462	-15.9997	0.642213	0.244161	769.974
LLLYVLLGLLTTLTALLLILI	LLLYVLLGLLTTLTSLLLILI	-15.9997	-15.2462	0.244161	0.642213	747.845
LLLYVLLGLLTTLTSLLLILI	LLLYVLLGLLTTLTALLLILI	-15.2462	-15.9997	0.642213	0.244161	724.369
LLLYVLLGLLTTLTALLLILI	LLLYWLLGLLTTLTALLLILI	-16.1251	-14.3568	0.118797	1.00921	699.602
LLLYWLLGLLTTLTALLLILI	LLLYVLLGLLTTLTALLLILI	-14.3568	-16.1251	1.00921	0.118797	673.628
LLLYVLLGLLTTLTALLLILI	LLLYVLLGLLTTLTSLLLILI	-15.9997	-15.2462	0.244161	0.642213	646.557
LLLYVLLGLLTTLTSLLLILI	LLLYVLLGLLTTLTALLLILI	-15.2462	-15.9997	0.642213	0.244161	618.524
LLLYVLLGLLTTLTALLLILI	LLLWVLLGLLTTLTALLLILI	-15.9763	-14.7076	0.267575	0.598868	589.688
LLLWVLLGLLTTLTALLLILI	LLLWVLLGLLTTLTSLLLILI	-15.0623	-14.3088	0.244161	0.642213	560.23
LLLWVLLGLLTTLTSLLLILI	LLLWVLLGLLTTLTALLLILI	-14.3088	-15.0623	0.642213	0.244161	530.348
LLLWVLLGLLTTLTALLLILI	LLLWILLGLLTTLTALLLILI	-15.0743	-12.7289	0.232152	0.666466	500.25
LLLWILLGLLTTLTALLLILI	LLLYILLGLLTTLTALLLILI	-12.7965	-13.5756	0.598868	0.267575	470.152
LLLYILLGLLTTLTALLLILI	LLLYVLLGLLTTLTALLLILI	-13.1768	-16.0117	0.666466	0.232152	440.27
LLLYVLLGLLTTLTALLLILI	LLLWVLLGLLTTLTALLLILI	-15.9763	-14.7076	0.267575	0.598868	353.943
LLLWVLLGLLTTLTALLLILI	LLLYVLLGLLTTLTALLLILI	-14.7076	-15.9763	0.598868	0.267575	326.872
LLLYVLLGLLTTLTALLLILI	LLLWVLLGLLTTLTALLLILI	-15.9763	-14.7076	0.267575	0.598868	300.898
LLLWVLLGLLTTLTALLLILI	LLLYVLLGLLTTLTALLLILI	-14.7076	-15.976	0.598868	0.267575	276.131
LLLYVLLGLLTTLTALLLILI	LLLWVLLGLLTTLTALLLILI	-15.976	-14.7076	0.267575	0.598868	252.655
LLLWVLLGLLTTLTALLLILI	LLLYVLLGLLTTLTALLLILI	-14.7076	-15.9763	0.598868	0.267575	230.526
Time: 75s
