***STARTING GEOMETRY:***
xShift: 7.20174
crossingAngle: -35.4619
axialRotation: -15.0394
zShift: 5.08619

Number of MCCycles: 200
PrevSequence	CurrSequence	PrevEnergy	CurrEnergy	PrevEntropy	CurrEntropy	CurrentTemp
LLLYALLTGLLTGLLTTLILI	LLLYALLTGLLTGLLVTLILI	72.4916	74.3338	1.27634	0.0728516	999.847
LLLYALLTGLLTGLLVTLILI	LLLYALLTGLLTGLLTTLILI	74.3338	71.9933	0.0728516	1.27634	999.684
LLLYALLTGLLTGLLTTLILI	LLLYALLTGLLTGLLTSLILI	71.718	73.9422	1.001	0.120637	999.512
LLLYALLTGLLTGLLTSLILI	LLLYALLTGLLTGLLTTLILI	73.9422	67.1458	0.120637	1.001	999.328
LLLYALLTGLLTGLLTTLILI	LLLGALLTGLLTGLLTTLILI	66.415	67.5493	0.270132	0.594419	999.134
LLLGALLTGLLTGLLTTLILI	LLLYALLTGLLTGLLTTLILI	67.5493	66.421	0.594419	0.270132	998.708
LLLYALLTGLLTGLLTTLILI	LLLYGLLTGLLTGLLTTLILI	66.2579	67.1753	0.107014	1.06535	998.476
LLLYGLLTGLLTGLLTTLILI	LLLGGLLTGLLTGLLTTLILI	66.3232	67.7078	0.213262	0.707856	997.967
LLLGGLLTGLLTGLLTTLILI	LLLYGLLTGLLTGLLTTLILI	67.7078	66.3296	0.707856	0.213262	997.689
LLLYGLLTGLLTGLLTTLILI	LLLYGLLTGLLTGLLVTLILI	67.3926	70.3089	1.27634	0.0728516	997.394
LLLYGLLTGLLTGLLVTLILI	LLLYGLLTGLLTGLLTTLILI	70.3089	67.3868	0.0728516	1.27634	997.081
LLLYGLLTGLLTGLLTTLILI	LLLYGLLTGLLTGLLVTLILI	67.3868	70.3084	1.27634	0.0728516	994.285
LLLYGLLTGLLTGLLVTLILI	LLLYGLLTGLLTGLLTTLILI	70.3084	67.3926	0.0728516	1.27634	993.782
LLLYGLLTGLLTGLLTTLILI	LLLGGLLTGLLTGLLTTLILI	66.3296	67.7078	0.213262	0.707856	992.683
LLLGGLLTGLLTGLLTTLILI	LLLYGLLTGLLTGLLTTLILI	67.7078	66.3237	0.707856	0.213262	992.084
LLLYGLLTGLLTGLLTTLILI	LLLYGLLTGLLTGLLTSLILI	67.1115	73.9155	1.001	0.120637	991.448
LLLYGLLTGLLTGLLTSLILI	LLLYGLLTGLLTGLLVSLILI	74.9233	77.4442	1.12845	0.0952708	990.773
LLLYGLLTGLLTGLLVSLILI	LLLYGLLTGLLTGLLTSLILI	77.4442	74.9233	0.0952708	1.12845	990.058
LLLYGLLTGLLTGLLTSLILI	LLLYGLLTGLLTGLLVSLILI	74.9233	77.4442	1.12845	0.0952708	989.3
LLLYGLLTGLLTGLLVSLILI	LLLTGLLTGLLTGLLVSLILI	77.5685	78.85	0.219549	0.693609	988.496
LLLTGLLTGLLTGLLVSLILI	LLLYGLLTGLLTGLLVSLILI	78.85	77.5685	0.693609	0.219549	987.644
LLLYGLLTGLLTGLLVSLILI	LLLYGLLYGLLTGLLVSLILI	77.6777	80.0164	0.328724	0.505042	986.74
LLLYGLLYGLLTGLLVSLILI	LLLYGLLYGLLTGLLVTLILI	79.7321	73.1167	0.220804	0.690823	985.783
LLLYGLLYGLLTGLLVTLILI	LLLYGLLYGLLTGLLTTLILI	72.5211	69.4287	0.0952708	1.12845	984.769
LLLYGLLYGLLTGLLTTLILI	LLLGGLLYGLLTGLLTTLILI	68.67	69.8231	0.369715	0.453966	983.694
LLLGGLLYGLLTGLLTTLILI	LLLYGLLYGLLTGLLTTLILI	69.8231	68.67	0.453966	0.369715	982.555
LLLYGLLYGLLTGLLTTLILI	LLLYGLLYGLLTGLLVTLILI	69.4287	72.5211	1.12845	0.0952708	981.348
LLLYGLLYGLLTGLLVTLILI	LLLYGLLTGLLTGLLVTLILI	72.8052	70.7054	0.379341	0.443059	980.071
LLLYGLLTGLLTGLLVTLILI	LLLYGLLYGLLTGLLVTLILI	70.7054	72.8052	0.443059	0.379341	978.717
LLLYGLLYGLLTGLLVTLILI	LLLYGLLYGLLTGLLTTLILI	72.5211	69.4287	0.0952708	1.12845	977.285
LLLYGLLYGLLTGLLTTLILI	LLLYGLLYGLLTGLLVTLILI	69.4287	72.5211	1.12845	0.0952708	975.768
LLLYGLLYGLLTGLLVTLILI	LLLYGLLTGLLTGLLVTLILI	72.8052	70.6791	0.379341	0.443059	972.463
LLLYGLLTGLLTGLLVTLILI	LLLYGLLTGLLTGLLTTLILI	70.3089	67.3863	0.0728516	1.27634	970.666
LLLYGLLTGLLTGLLTTLILI	LLLGGLLTGLLTGLLTTLILI	66.3232	67.7089	0.213262	0.707856	964.627
LLLGGLLTGLLTGLLTTLILI	LLLYGLLTGLLTGLLTTLILI	67.7089	66.3299	0.707856	0.213262	957.496
LLLYGLLTGLLTGLLTTLILI	LLLYGLLYGLLTGLLTTLILI	66.6555	68.6051	0.538845	0.30482	954.846
LLLYGLLYGLLTGLLTTLILI	LLLYGLLTGLLTGLLTTLILI	68.6051	66.6557	0.30482	0.538845	952.048
LLLYGLLTGLLTGLLTTLILI	LLLGGLLTGLLTGLLTTLILI	66.3301	67.7073	0.213262	0.707856	949.095
LLLGGLLTGLLTGLLTTLILI	LLLYGLLTGLLTGLLTTLILI	67.7073	66.3237	0.707856	0.213262	945.979
LLLYGLLTGLLTGLLTTLILI	LLLGGLLTGLLTGLLTTLILI	66.3237	67.7078	0.213262	0.707856	942.693
LLLGGLLTGLLTGLLTTLILI	LLLGGLLYGLLTGLLTTLILI	67.8161	69.541	0.816184	0.171816	939.229
LLLGGLLYGLLTGLLTTLILI	LLLGGLLTGLLTGLLTTLILI	69.541	67.8161	0.171816	0.816184	931.732
LLLGGLLTGLLTGLLTTLILI	LLLYGLLTGLLTGLLTTLILI	67.7078	66.3232	0.707856	0.213262	923.422
LLLYGLLTGLLTGLLTTLILI	LLLYGLLYGLLTGLLTTLILI	66.6488	68.6051	0.538845	0.30482	909.276
LLLYGLLYGLLTGLLTTLILI	LLLGGLLYGLLTGLLTTLILI	68.67	69.8236	0.369715	0.453966	904.077
LLLGGLLYGLLTGLLTTLILI	LLLGGLLYGLLTGLLVTLILI	70.4981	73.5906	1.12845	0.0952708	898.621
LLLGGLLYGLLTGLLVTLILI	LLLYGLLYGLLTGLLVTLILI	73.9493	72.7961	0.453966	0.369715	892.899
LLLYGLLYGLLTGLLVTLILI	LLLYGLLYGLLTGLLTTLILI	72.5217	69.4287	0.0952708	1.12845	886.903
LLLYGLLYGLLTGLLTTLILI	LLLGGLLYGLLTGLLTTLILI	68.67	69.8231	0.369715	0.453966	880.623
LLLGGLLYGLLTGLLTTLILI	LLLGGLLTGLLTGLLTTLILI	69.541	67.8161	0.171816	0.816184	874.051
LLLGGLLTGLLTGLLTTLILI	LLLGGLLYGLLTGLLTTLILI	67.8161	69.541	0.816184	0.171816	852.504
LLLGGLLYGLLTGLLTTLILI	LLLYGLLYGLLTGLLTTLILI	69.8231	68.67	0.453966	0.369715	844.686
LLLYGLLYGLLTGLLTTLILI	LLLYGLLTGLLTGLLTTLILI	68.6051	66.656	0.30482	0.538845	819.243
LLLYGLLTGLLTGLLTTLILI	LLLYGLLTGLLFGLLTTLILI	67.264	71.0623	1.14683	0.0921195	800.577
LLLYGLLTGLLFGLLTTLILI	LLLGGLLTGLLFGLLTTLILI	71.1835	72.5739	0.213262	0.707856	790.724
LLLGGLLTGLLFGLLTTLILI	LLLGGLLTGLLTGLLTTLILI	71.9582	68.1462	0.0921195	1.14683	780.523
LLLGGLLTGLLTGLLTTLILI	LLLGGLLTGLLTGLLVTLILI	68.2757	71.1984	1.27634	0.0728516	759.081
LLLGGLLTGLLTGLLVTLILI	LLLGGLLTGLLTGLLTTLILI	71.1984	68.2779	0.0728516	1.27634	747.845
LLLGGLLTGLLTGLLTTLILI	LLLYGLLTGLLTGLLTTLILI	67.7094	66.3296	0.707856	0.213262	724.369
LLLYGLLTGLLTGLLTTLILI	LLLYGLLTGLLFGLLTTLILI	67.2631	71.0618	1.14683	0.0921195	699.602
LLLYGLLTGLLFGLLTTLILI	LLLTGLLTGLLFGLLTTLILI	71.1415	72.9627	0.171816	0.816184	686.76
LLLTGLLTGLLFGLLTTLILI	LLLYGLLTGLLFGLLTTLILI	72.9627	71.1415	0.816184	0.171816	673.628
LLLYGLLTGLLFGLLTTLILI	LLLYGLLTGLLTGLLTTLILI	71.0618	67.2568	0.0921195	1.14683	660.222
LLLYGLLTGLLTGLLTTLILI	LLLYGLLYGLLTGLLTTLILI	66.6488	68.6056	0.538845	0.30482	632.651
LLLYGLLYGLLTGLLTTLILI	LLLYGLLTGLLTGLLTTLILI	68.6056	66.6555	0.30482	0.538845	618.524
LLLYGLLTGLLTGLLTTLILI	LLLGGLLTGLLTGLLTTLILI	66.3299	67.7093	0.213262	0.707856	589.688
LLLGGLLTGLLTGLLTTLILI	LLLYGLLTGLLTGLLTTLILI	67.7093	66.3232	0.707856	0.213262	545.329
LLLYGLLTGLLTGLLTTLILI	LLLGGLLTGLLTGLLTTLILI	66.3232	67.7078	0.213262	0.707856	500.25
LLLGGLLTGLLTGLLTTLILI	LLLYGLLTGLLTGLLTTLILI	67.7078	66.3305	0.707856	0.213262	485.188
LLLYGLLTGLLTGLLTTLILI	LLLYGLLYGLLTGLLTTLILI	66.656	68.6051	0.538845	0.30482	470.152
LLLYGLLYGLLTGLLTTLILI	LLLYGLLTGLLTGLLTTLILI	68.6051	66.6555	0.30482	0.538845	455.171
LLLYGLLTGLLTGLLTTLILI	LLLGGLLTGLLTGLLTTLILI	66.3299	67.7093	0.213262	0.707856	396.304
LLLGGLLTGLLTGLLTTLILI	LLLYGLLTGLLTGLLTTLILI	67.7093	66.3305	0.707856	0.213262	353.943
Time: 215s
