***STARTING GEOMETRY:***
xShift: 7.12599
crossingAngle: -34.7669
axialRotation: -15.0876
zShift: 5.06222

Number of MCCycles: 200
PrevSequence	CurrSequence	PrevEnergy	CurrEnergy	PrevEntropy	CurrEntropy	CurrentTemp
LLLYALLTGLLTGLLTTLILI	LLLYALLYGLLTGLLTTLILI	73.0343	74.1359	0.538845	0.30482	999.684
LLLYALLYGLLTGLLTTLILI	LLLYGLLYGLLTGLLTTLILI	73.9381	75.3091	0.107014	1.06535	999.512
LLLYGLLYGLLTGLLTTLILI	LLLGGLLYGLLTGLLTTLILI	74.6134	75.7246	0.369715	0.453966	999.328
LLLGGLLYGLLTGLLTTLILI	LLLYGLLYGLLTGLLTTLILI	75.7246	74.6134	0.453966	0.369715	999.134
LLLYGLLYGLLTGLLTTLILI	LLLYGLLTGLLTGLLTTLILI	74.5485	72.5879	0.30482	0.538845	998.928
LLLYGLLTGLLTGLLTTLILI	LLLYGLLYGLLTGLLTTLILI	72.5879	74.5485	0.538845	0.30482	998.708
LLLYGLLYGLLTGLLTTLILI	LLLYGLLYGLLFGLLTTLILI	75.248	79.2106	1.0043	0.119894	998.476
LLLYGLLYGLLFGLLTTLILI	LLLYGLLTGLLFGLLTTLILI	79.4701	77.3572	0.379341	0.443059	998.229
LLLYGLLTGLLFGLLTTLILI	LLLYGLLYGLLFGLLTTLILI	77.3572	79.7552	0.443059	0.379341	997.967
LLLYGLLYGLLFGLLTTLILI	LLLYGLLYGLLFGLLITLILI	80.2878	82.7772	0.911943	0.142768	997.394
LLLYGLLYGLLFGLLITLILI	LLLWGLLYGLLFGLLITLILI	83.0856	84.0119	0.451187	0.372136	997.081
LLLWGLLYGLLFGLLITLILI	LLLYGLLYGLLFGLLITLILI	84.0119	83.0856	0.372136	0.451187	996.749
LLLYGLLYGLLFGLLITLILI	LLLGGLLYGLLFGLLITLILI	83.0041	84.1048	0.369715	0.453966	996.397
LLLGGLLYGLLFGLLITLILI	LLLGGLLYGLLTGLLITLILI	83.8226	79.6236	0.171816	0.816184	996.023
LLLGGLLYGLLTGLLITLILI	LLLGGLLYGLLTGLLTTLILI	78.9063	76.3787	0.098896	1.10811	995.626
LLLGGLLYGLLTGLLTTLILI	LLLYGLLYGLLTGLLTTLILI	75.7246	74.6134	0.453966	0.369715	995.205
LLLYGLLYGLLTGLLTTLILI	LLLYGLLTGLLTGLLTTLILI	74.5485	72.595	0.30482	0.538845	994.758
LLLYGLLTGLLTGLLTTLILI	LLLGGLLTGLLTGLLTTLILI	72.2694	73.6081	0.213262	0.707856	994.285
LLLGGLLTGLLTGLLTTLILI	LLLYGLLTGLLTGLLTTLILI	73.6081	72.2623	0.707856	0.213262	993.782
LLLYGLLTGLLTGLLTTLILI	LLLYGLLTGLLTGLLTSLILI	73.05	75.2831	1.001	0.120637	993.249
LLLYGLLTGLLTGLLTSLILI	LLLYGLLTGLLTGLLTTLILI	75.2831	68.5064	0.120637	1.001	992.683
LLLYGLLTGLLTGLLTTLILI	LLLYGLLTGLLTGLLVTLILI	68.7818	71.6979	1.27634	0.0728516	992.084
LLLYGLLTGLLTGLLVTLILI	LLLYGLLTGLLTGLLTTLILI	71.6979	68.7816	0.0728516	1.27634	991.448
LLLYGLLTGLLTGLLTTLILI	LLLYGLLTGLLFGLLTTLILI	68.6521	72.4533	1.14683	0.0921195	987.644
LLLYGLLTGLLFGLLTTLILI	LLLTGLLTGLLFGLLTTLILI	72.533	73.9738	0.171816	0.816184	986.74
LLLTGLLTGLLFGLLTTLILI	LLLYGLLTGLLFGLLTTLILI	73.9738	72.8723	0.816184	0.171816	985.783
LLLYGLLTGLLFGLLTTLILI	LLLYGLLTGLLTGLLTTLILI	72.7926	68.646	0.0921195	1.14683	984.769
LLLYGLLTGLLTGLLTTLILI	LLLGGLLTGLLTGLLTTLILI	67.7125	69.0593	0.213262	0.707856	981.348
LLLGGLLTGLLTGLLTTLILI	LLLGGLLYGLLTGLLTTLILI	69.1676	70.8921	0.816184	0.171816	977.285
LLLGGLLYGLLTGLLTTLILI	LLLGGLLTGLLTGLLTTLILI	70.8921	69.1676	0.171816	0.816184	975.768
LLLGGLLTGLLTGLLTTLILI	LLLGGLLYGLLTGLLTTLILI	69.1676	70.8921	0.816184	0.171816	974.162
LLLGGLLYGLLTGLLTTLILI	LLLYGLLYGLLTGLLTTLILI	71.1743	70.0636	0.453966	0.369715	972.463
LLLYGLLYGLLTGLLTTLILI	LLLYGLLYGLLFGLLTTLILI	70.6982	74.6581	1.0043	0.119894	966.754
LLLYGLLYGLLFGLLTTLILI	LLLYGLLTGLLFGLLTTLILI	74.9175	72.8042	0.379341	0.443059	964.627
LLLYGLLTGLLFGLLTTLILI	LLLYGLLTGLLTGLLTTLILI	72.4533	68.646	0.0921195	1.14683	962.38
LLLYGLLTGLLTGLLTTLILI	LLLYGLLTGLLTGLLVTLILI	68.7755	71.6979	1.27634	0.0728516	960.005
LLLYGLLTGLLTGLLVTLILI	LLLGGLLTGLLTGLLVTLILI	71.8383	73.2052	0.213262	0.707856	957.496
LLLGGLLTGLLTGLLVTLILI	LLLYGLLTGLLTGLLVTLILI	73.2052	71.8378	0.707856	0.213262	954.846
LLLYGLLTGLLTGLLVTLILI	LLLYGLLTGLLTGLLTTLILI	71.6974	68.7755	0.0728516	1.27634	952.048
LLLYGLLTGLLTGLLTTLILI	LLLYGLLTGLLTGLLITLILI	68.7544	71.6949	1.2552	0.0756774	949.095
LLLYGLLTGLLTGLLITLILI	LLLYGLLTGLLTGLLTTLILI	71.6949	68.7539	0.0756774	1.2552	945.979
LLLYGLLTGLLTGLLTTLILI	LLLYGLLTGLLLGLLTTLILI	68.4818	72.6924	0.983093	0.124761	942.693
LLLYGLLTGLLLGLLTTLILI	LLLGGLLTGLLLGLLTTLILI	72.7809	74.0279	0.213262	0.707856	939.229
LLLGGLLTGLLLGLLTTLILI	LLLGGLLTGLLTGLLTTLILI	73.4448	69.3345	0.124761	0.983093	935.578
LLLGGLLTGLLTGLLTTLILI	LLLYGLLTGLLTGLLTTLILI	69.0593	67.712	0.707856	0.213262	931.732
LLLYGLLTGLLTGLLTTLILI	LLLYGLLTGLLTGLLITLILI	68.7539	71.6949	1.2552	0.0756774	923.422
LLLYGLLTGLLTGLLITLILI	LLLYGLLTGLLTGLLTTLILI	71.6949	68.7539	0.0756774	1.2552	918.939
LLLYGLLTGLLTGLLTTLILI	LLLGGLLTGLLTGLLTTLILI	67.712	69.0578	0.213262	0.707856	914.227
LLLGGLLTGLLTGLLTTLILI	LLLYGLLTGLLTGLLTTLILI	69.0578	67.7187	0.707856	0.213262	909.276
LLLYGLLTGLLTGLLTTLILI	LLLYGLLYGLLTGLLTTLILI	68.0443	69.9982	0.538845	0.30482	904.077
LLLYGLLYGLLTGLLTTLILI	LLLYGLLTGLLTGLLTTLILI	69.9982	68.0447	0.30482	0.538845	898.621
LLLYGLLTGLLTGLLTTLILI	LLLGGLLTGLLTGLLTTLILI	67.7191	69.0583	0.213262	0.707856	892.899
LLLGGLLTGLLTGLLTTLILI	LLLGGLLYGLLTGLLTTLILI	69.1666	70.8921	0.816184	0.171816	886.903
LLLGGLLYGLLTGLLTTLILI	LLLGGLLTGLLTGLLTTLILI	70.8921	69.1685	0.171816	0.816184	880.623
LLLGGLLTGLLTGLLTTLILI	LLLYGLLTGLLTGLLTTLILI	69.0602	67.7182	0.707856	0.213262	867.179
LLLYGLLTGLLTGLLTTLILI	LLLYGLLYGLLTGLLTTLILI	68.0438	69.9982	0.538845	0.30482	852.504
LLLYGLLYGLLTGLLTTLILI	LLLYGLLTGLLTGLLTTLILI	69.9982	68.0438	0.30482	0.538845	844.686
LLLYGLLTGLLTGLLTTLILI	LLLYGLLTGLLTGLLVTLILI	68.7813	71.6974	1.27634	0.0728516	828.061
LLLYGLLTGLLTGLLVTLILI	LLLGGLLTGLLTGLLVTLILI	71.8378	73.1841	0.213262	0.707856	819.243
LLLGGLLTGLLTGLLVTLILI	LLLGGLLYGLLTGLLVTLILI	73.1698	75.0657	0.693609	0.219549	800.577
LLLGGLLYGLLTGLLVTLILI	LLLGGLLTGLLTGLLVTLILI	75.0657	73.191	0.219549	0.693609	790.724
LLLGGLLTGLLTGLLVTLILI	LLLYGLLTGLLTGLLVTLILI	73.2052	71.8383	0.707856	0.213262	780.523
LLLYGLLTGLLTGLLVTLILI	LLLYGLLTGLLTGLLTTLILI	71.6979	68.7816	0.0728516	1.27634	769.974
LLLYGLLTGLLTGLLTTLILI	LLLGGLLTGLLTGLLTTLILI	67.7186	69.0593	0.213262	0.707856	747.845
LLLGGLLTGLLTGLLTTLILI	LLLGGLLTGLLTGLLITLILI	69.6066	72.5461	1.2552	0.0756774	724.369
LLLGGLLTGLLTGLLITLILI	LLLYGLLTGLLTGLLITLILI	73.1783	71.8325	0.707856	0.213262	712.142
LLLYGLLTGLLTGLLITLILI	LLLYGLLTGLLTGLLTTLILI	71.6949	68.7539	0.0756774	1.2552	699.602
LLLYGLLTGLLTGLLTTLILI	LLLYGLLTGLLTGLLITLILI	68.7539	71.6954	1.2552	0.0756774	673.628
LLLYGLLTGLLTGLLITLILI	LLLYGLLTGLLTGLLTTLILI	71.6954	68.7601	0.0756774	1.2552	660.222
LLLYGLLTGLLTGLLTTLILI	LLLYGLLYGLLTGLLTTLILI	68.0438	69.9982	0.538845	0.30482	646.557
LLLYGLLYGLLTGLLTTLILI	LLLGGLLYGLLTGLLTTLILI	70.0631	71.1743	0.369715	0.453966	632.651
LLLGGLLYGLLTGLLTTLILI	LLLYGLLYGLLTGLLTTLILI	71.1743	70.0631	0.453966	0.369715	618.524
LLLYGLLYGLLTGLLTTLILI	LLLYGLLTGLLTGLLTTLILI	69.9982	68.0375	0.30482	0.538845	604.196
LLLYGLLTGLLTGLLTTLILI	LLLYGLLTGLLFGLLTTLILI	68.6455	72.4533	1.14683	0.0921195	560.23
LLLYGLLTGLLFGLLTTLILI	LLLGGLLTGLLFGLLTTLILI	72.5744	73.9276	0.213262	0.707856	545.329
LLLGGLLTGLLFGLLTTLILI	LLLYGLLTGLLFGLLTTLILI	73.9276	72.5744	0.707856	0.213262	515.312
LLLYGLLTGLLFGLLTTLILI	LLLYGLLTGLLTGLLTTLILI	72.4533	68.6517	0.0921195	1.14683	500.25
LLLYGLLTGLLTGLLTTLILI	LLLGGLLTGLLTGLLTTLILI	67.7182	69.0578	0.213262	0.707856	470.152
LLLGGLLTGLLTGLLTTLILI	LLLYGLLTGLLTGLLTTLILI	69.0578	67.7186	0.707856	0.213262	455.171
LLLYGLLTGLLTGLLTTLILI	LLLYGLLTGLLTGLLITLILI	68.7605	71.6954	1.2552	0.0756774	440.27
LLLYGLLTGLLTGLLITLILI	LLLGGLLTGLLTGLLITLILI	71.833	73.1986	0.213262	0.707856	425.475
LLLGGLLTGLLTGLLITLILI	LLLGGLLTGLLTGLLTTLILI	72.5664	69.607	0.0756774	1.2552	410.812
LLLGGLLTGLLTGLLTTLILI	LLLYGLLTGLLTGLLTTLILI	69.0597	67.712	0.707856	0.213262	396.304
LLLYGLLTGLLTGLLTTLILI	LLLGGLLTGLLTGLLTTLILI	67.712	69.0583	0.213262	0.707856	353.943
LLLGGLLTGLLTGLLTTLILI	LLLYGLLTGLLTGLLTTLILI	69.0583	67.7182	0.707856	0.213262	313.74
LLLYGLLTGLLTGLLTTLILI	LLLGGLLTGLLTGLLTTLILI	67.7182	69.0578	0.213262	0.707856	276.131
LLLGGLLTGLLTGLLTTLILI	LLLYGLLTGLLTGLLTTLILI	69.0578	67.7182	0.707856	0.213262	264.228
Time: 298s
