***STARTING GEOMETRY:***
xShift: 8.36761
crossingAngle: -45.8389
axialRotation: 51.521
zShift: 5.12253

Number of MCCycles: 100
PrevSequence	CurrSequence	PrevEnergy	CurrEnergy	PrevEntropy	CurrEntropy	CurrentTemp
LLLGLLYGLLTTLLTTLLILI	LLLGLLYGLLYTLLTTLLILI	-17.7662	-26.2999	0.538845	0.30482	999.684
LLLGLLYGLLYTLLTTLLILI	LLLGLLYGLLYTLLTFLLILI	-25.6004	-22.6557	1.0043	0.119894	999.328
LLLGLLYGLLYTLLTFLLILI	LLLGLLYGLLTTLLTFLLILI	-22.3962	-22.5847	0.379341	0.443059	998.928
LLLGLLYGLLTTLLTFLLILI	LLLGLLYGLLTTLLTTLLILI	-22.9356	-24.1223	0.0921195	1.14683	998.476
LLLGLLYGLLTTLLTTLLILI	LLLGLLYGLLTTLLTYLLILI	-24.7303	-23.9777	0.538845	0.30482	997.967
LLLGLLYGLLTTLLTYLLILI	LLLGLLYGLLTTLLTTLLILI	-23.9777	-24.5081	0.30482	0.538845	997.394
LLLGLLYGLLTTLLTTLLILI	LLLGLLYGLLTTLLTYLLILI	-24.5081	-23.9777	0.538845	0.30482	996.749
LLLGLLYGLLTTLLTYLLILI	LLLGLLYGLLTTLLTTLLILI	-23.9777	-24.7303	0.30482	0.538845	996.023
LLLGLLYGLLTTLLTTLLILI	LLLGLLYGLLTTLLVTLLILI	-23.9928	-21.6077	1.27634	0.0728516	995.205
LLLGLLYGLLTTLLVTLLILI	LLLGLLYGLLTTLLVVLLILI	-20.8804	-17.8319	0.800152	0.177314	994.285
LLLGLLYGLLTTLLVVLLILI	LLLGLLTGLLTTLLVVLLILI	-17.7896	-18.5455	0.219549	0.693609	993.249
LLLGLLTGLLTTLLVVLLILI	LLLGLLTGLLTTLLVTLLILI	-19.1014	-21.9795	0.137712	0.930859	992.084
LLLGLLTGLLTTLLVTLLILI	LLLGLLYGLLTTLLVTLLILI	-22.0942	-19.7021	0.816184	0.171816	990.773
LLLGLLYGLLTTLLVTLLILI	LLLGLLYGLLTTLLTTLLILI	-19.801	-21.3265	0.0728516	1.27634	989.3
LLLGLLYGLLTTLLTTLLILI	LLLGLLYGLLTWLLTTLLILI	-22.0155	-19.2439	0.58734	0.274265	987.644
LLLGLLYGLLTWLLTTLLILI	LLLGLLYGLLTWLLTVLLILI	-18.3897	-15.0863	1.12845	0.0952708	985.783
LLLGLLYGLLTWLLTVLLILI	LLLGLLYGLLTWLLYVLLILI	-14.8529	-13.6624	0.328724	0.505042	983.694
LLLGLLYGLLTWLLYVLLILI	LLLGLLTGLLTWLLYVLLILI	-13.6624	-16.8646	0.505042	0.328724	981.348
LLLGLLTGLLTWLLYVLLILI	LLLGLLTGLLTWLLTVLLILI	-16.9738	-17.7419	0.219549	0.693609	978.717
LLLGLLTGLLTWLLTVLLILI	LLLGLLTGLLTWLLFVLLILI	-17.4312	-17.4835	1.0043	0.119894	975.768
LLLGLLTGLLTWLLFVLLILI	LLLGLLTGLLYWLLFVLLILI	-17.0645	-18.5175	0.538845	0.30482	972.463
LLLGLLTGLLYWLLFVLLILI	LLLGLLTGLLYWLLFTLLILI	-18.6846	-20.4716	0.137712	0.930859	968.764
LLLGLLTGLLYWLLFTLLILI	LLLGLLTGLLYWLLTTLLILI	-21.2825	-22.6116	0.119894	1.0043	964.627
LLLGLLTGLLYWLLTTLLILI	LLLGLLTGLLYWLLFTLLILI	-22.6116	-22.8867	1.0043	0.119894	960.005
LLLGLLTGLLYWLLFTLLILI	LLLGLLTGLLTWLLFTLLILI	-22.7871	-21.0921	0.219549	0.693609	954.846
LLLGLLTGLLTWLLFTLLILI	LLLGLLTGLLFWLLFTLLILI	-21.0921	-20.0845	0.693609	0.219549	949.095
LLLGLLTGLLFWLLFTLLILI	LLLGLLTGLLFYLLFTLLILI	-19.7052	-18.6726	0.598868	0.267575	942.693
LLLGLLTGLLFYLLFTLLILI	LLLGLLTGLLFWLLFTLLILI	-18.6726	-19.7549	0.267575	0.598868	935.578
LLLGLLTGLLFWLLFTLLILI	LLLGLLTGLLFTLLFTLLILI	-20.0106	-19.3149	0.343253	0.48602	927.683
LLLGLLTGLLFTLLFTLLILI	LLLGLLTGLLFTLLTTLLILI	-19.6291	-23.9404	0.171816	0.816184	918.939
LLLGLLTGLLFTLLTTLLILI	LLLGLLTGLLYTLLTTLLILI	-24.5165	-26.4051	0.240035	0.650378	909.276
LLLGLLTGLLYTLLTTLLILI	LLLGLLTGLLTTLLTTLLILI	-26.9143	-25.581	0.141213	0.917682	898.621
LLLGLLTGLLTTLLTTLLILI	LLLGLLTGLLTTLLTYLLILI	-25.581	-25.3628	0.917682	0.141213	886.903
LLLGLLTGLLTTLLTYLLILI	LLLGLLYGLLTTLLTYLLILI	-24.9652	-22.1717	0.538845	0.30482	874.051
LLLGLLYGLLTTLLTYLLILI	LLLGLLYGLLYTLLTYLLILI	-22.1478	-20.912	0.328724	0.505042	859.999
LLLGLLYGLLYTLLTYLLILI	LLLGLLYGLLTTLLTYLLILI	-20.912	-22.1478	0.505042	0.328724	844.686
LLLGLLYGLLTTLLTYLLILI	LLLGLLYGLLTTLLTTLLILI	-22.1717	-22.7018	0.30482	0.538845	828.061
LLLGLLYGLLTTLLTTLLILI	LLLGLLYGLLTTLLTYLLILI	-22.7018	-21.3113	0.538845	0.30482	810.083
LLLGLLYGLLTTLLTYLLILI	LLLGLLTGLLTTLLTYLLILI	-21.3113	-24.9734	0.30482	0.538845	790.724
LLLGLLTGLLTTLLTYLLILI	LLLGLLTGLLTTLLTTLLILI	-25.371	-25.581	0.141213	0.917682	769.974
LLLGLLTGLLTTLLTTLLILI	LLLGLLTGLLYTLLTTLLILI	-25.581	-28.0718	0.917682	0.141213	747.845
LLLGLLTGLLYTLLTTLLILI	LLLGLLLGLLYTLLTTLLILI	-27.0287	-23.6147	1.18439	0.0860236	673.628
LLLGLLLGLLYTLLTTLLILI	LLLGLLTGLLYTLLTTLLILI	-23.6147	-24.1925	0.0860236	1.18439	560.23
LLLGLLTGLLYTLLTTLLILI	LLLGLLLGLLYTLLTTLLILI	-24.1925	-23.6147	1.18439	0.0860236	530.348
LLLGLLLGLLYTLLTTLLILI	LLLGLLTGLLYTLLTTLLILI	-23.6147	-27.0287	0.0860236	1.18439	500.25
LLLGLLTGLLYTLLTTLLILI	LLLGLLTGLLYWLLTTLLILI	-27.6257	-23.8222	0.58734	0.274265	326.872
LLLGLLTGLLYWLLTTLLILI	LLLGLLTGLLYTLLTTLLILI	-23.8222	-25.9579	0.274265	0.58734	300.898
LLLGLLTGLLYTLLTTLLILI	LLLGLLTGLLYTLLTYLLILI	-26.0064	-25.3222	0.538845	0.30482	252.655
LLLGLLTGLLYTLLTYLLILI	LLLGLLTGLLTTLLTYLLILI	-25.3222	-24.9734	0.30482	0.538845	230.526
LLLGLLTGLLTTLLTYLLILI	LLLGLLTGLLYTLLTYLLILI	-24.9734	-25.6528	0.538845	0.30482	209.776
LLLGLLTGLLYTLLTYLLILI	LLLGLLTGLLYTLLTTLLILI	-25.6528	-26.0795	0.30482	0.538845	172.439
LLLGLLTGLLYTLLTTLLILI	LLLGLLTGLLYTLLTYLLILI	-26.0795	-26.9202	0.538845	0.30482	155.814
LLLGLLTGLLYTLLTYLLILI	LLLGLLTGLLYTLLTTLLILI	-26.9202	-27.6746	0.30482	0.538845	81.5606
Time: 156s
