***STARTING GEOMETRY:***
xShift: 9.12453
crossingAngle: 31.2326
axialRotation: 100.49
zShift: 2.23427

Number of MCCycles: 100
PrevSequence	CurrSequence	PrevEnergy	CurrEnergy	PrevEntropy	CurrEntropy	CurrentTemp
LLLWVLLTLLTTLTTLLLILI	LLLWVLLTLLTTLVTLLLILI	-19.3074	-20.0047	1.03786	0.112614	999.684
LLLWVLLTLLTTLVTLLLILI	LLLWVLLTLLTWLVTLLLILI	-19.7537	-22.3733	0.363705	0.460972	999.328
LLLWVLLTLLTWLVTLLLILI	LLLWALLTLLTWLVTLLLILI	-22.1329	-21.8148	0.701367	0.216099	998.928
LLLWALLTLLTWLVTLLLILI	LLLYALLTLLTWLVTLLLILI	-21.1405	-19.7255	0.890414	0.148778	998.476
LLLYALLTLLTWLVTLLLILI	LLLYALLTLLTYLVTLLLILI	-19.5022	-19.6276	0.372136	0.451187	997.967
LLLYALLTLLTYLVTLLLILI	LLLYALLTLLWYLVTLLLILI	-19.5928	-18.897	0.48602	0.343253	997.394
LLLYALLTLLWYLVTLLLILI	LLLYALLTLLTYLVTLLLILI	-18.897	-19.6681	0.343253	0.48602	996.749
LLLYALLTLLTYLVTLLLILI	LLLYALLTLLTYLTTLLLILI	-20.0812	-22.4225	0.0728516	1.27634	996.023
LLLYALLTLLTYLTTLLLILI	LLLWALLTLLTYLTTLLLILI	-23.2477	-23.9112	0.451187	0.372136	995.205
LLLWALLTLLTYLTTLLLILI	LLLYALLTLLTYLTTLLLILI	-23.9112	-23.2477	0.372136	0.451187	994.285
LLLYALLTLLTYLTTLLLILI	LLLYGLLTLLTYLTTLLLILI	-23.4227	-22.1711	0.276169	0.584123	993.249
LLLYGLLTLLTYLTTLLLILI	LLLYALLTLLTYLTTLLLILI	-22.1711	-23.4227	0.584123	0.276169	992.084
LLLYALLTLLTYLTTLLLILI	LLLWALLTLLTYLTTLLLILI	-23.2477	-26.0776	0.451187	0.372136	990.773
LLLWALLTLLTYLTTLLLILI	LLLWALLTLLTYLTSLLLILI	-25.4488	-23.5505	1.001	0.120637	989.3
LLLWALLTLLTYLTSLLLILI	LLLWALLTLLTYLTTLLLILI	-23.5505	-25.5342	0.120637	1.001	987.644
LLLWALLTLLTYLTTLLLILI	LLLYALLTLLTYLTTLLLILI	-26.1631	-23.2477	0.372136	0.451187	985.783
