***STARTING GEOMETRY:***
xShift: 8.67597
crossingAngle: 31
axialRotation: 75.6518
zShift: 3.22877

Number of MCCycles: 100
PrevSequence	CurrSequence	PrevEnergy	CurrEnergy	PrevEntropy	CurrEntropy	CurrentTemp
LLLYVLLTLLWYLTTLLLILI	LLLYVLLTLLWFLTTLLLILI	-12.1593	-12.819	0.952787	0.132101	999.684
LLLYVLLTLLWFLTTLLLILI	LLLYVLLTLLYFLTTLLLILI	-12.5789	-12.1991	0.372136	0.451187	999.328
LLLYVLLTLLYFLTTLLLILI	LLLWVLLTLLYFLTTLLLILI	-12.1991	-10.7002	0.451187	0.372136	998.928
LLLWVLLTLLYFLTTLLLILI	LLLWVLLTLLYFLVTLLLILI	-10.2722	-7.21616	0.800152	0.177314	998.476
LLLWVLLTLLYFLVTLLLILI	LLLYVLLTLLYFLVTLLLILI	-7.02134	-8.52015	0.372136	0.451187	997.967
LLLYVLLTLLYFLVTLLLILI	LLLYVLLTLLWFLVTLLLILI	-8.52015	-8.89462	0.451187	0.372136	997.394
LLLYVLLTLLWFLVTLLLILI	LLLYVLLTLLWFLTTLLLILI	-9.08944	-12.1509	0.177314	0.800152	996.749
LLLYVLLTLLWFLTTLLLILI	LLLYVLLTLLWYLTTLLLILI	-12.819	-12.1058	0.132101	0.952787	996.023
LLLYVLLTLLWYLTTLLLILI	LLLYVLLTLLWFLTTLLLILI	-12.1058	-12.819	0.952787	0.132101	995.205
LLLYVLLTLLWFLTTLLLILI	LLLVVLLTLLWFLTTLLLILI	-12.4617	-10.7376	0.489394	0.340616	994.285
LLLVVLLTLLWFLTTLLLILI	LLLYVLLTLLWFLTTLLLILI	-10.7376	-11.2755	0.340616	0.489394	993.249
LLLYVLLTLLWFLTTLLLILI	LLLYFLLTLLWFLTTLLLILI	-11.5704	-12.0091	0.194474	0.753596	992.084
LLLYFLLTLLWFLTTLLLILI	LLLYFLLTLLWFLTGLLLILI	-11.8263	-7.8791	0.936418	0.136265	990.773
LLLYFLLTLLWFLTGLLLILI	LLLGFLLTLLWFLTGLLLILI	-7.64565	-6.22356	0.369715	0.453966	989.3
LLLGFLLTLLWFLTGLLLILI	LLLGFLLTLLWYLTGLLLILI	-6.26718	-6.26761	0.410343	0.410343	987.644
LLLGFLLTLLWYLTGLLLILI	LLLGYLLTLLWYLTGLLLILI	-6.54585	-5.87803	0.132101	0.952787	985.783
LLLGYLLTLLWYLTGLLLILI	LLLYYLLTLLWYLTGLLLILI	-6.6383	-7.34312	0.192521	0.758648	983.694
LLLYYLLTLLWYLTGLLLILI	LLLYVLLTLLWYLTGLLLILI	-6.82011	-8.06258	1.28166	0.0721588	981.348
LLLYVLLTLLWYLTGLLLILI	LLLYVLLTLLWYLTALLLILI	-7.55062	-4.31483	0.584123	0.276169	978.717
LLLYVLLTLLWYLTALLLILI	LLLYFLLTLLWYLTALLLILI	-4.25038	-4.00627	0.340616	0.489394	975.768
LLLYFLLTLLWYLTALLLILI	LLLYFLLTLLWYLTGLLLILI	-4.2195	-6.19424	0.276169	0.584123	972.463
LLLYFLLTLLWYLTGLLLILI	LLLYFLLGLLWYLTGLLLILI	-6.28841	-3.29737	0.489954	0.34018	968.764
LLLYFLLGLLWYLTGLLLILI	LLLWFLLGLLWYLTGLLLILI	-3.36998	-2.01606	0.267575	0.598868	964.627
LLLWFLLGLLWYLTGLLLILI	LLLWFLLGLLWWLTGLLLILI	-2.51171	-0.623465	0.103217	1.08489	960.005
LLLWFLLGLLWWLTGLLLILI	LLLWWLLGLLWWLTGLLLILI	-1.66751	-1.45458	0.0408438	1.60317	954.846
LLLWWLLGLLWWLTGLLLILI	LLLWWLLGLLFWLTGLLLILI	-1.45458	-0.75027	1.60317	0.0408438	949.095
LLLWWLLGLLFWLTGLLLILI	LLLWWLLGLLWWLTGLLLILI	-0.75027	-1.45458	0.0408438	1.60317	942.693
LLLWWLLGLLWWLTGLLLILI	LLLWWLLGLLWFLTGLLLILI	-1.45458	-3.06906	1.60317	0.0408438	935.578
LLLWWLLGLLWFLTGLLLILI	LLLYWLLGLLWFLTGLLLILI	-2.02501	-4.97186	1.08489	0.103217	927.683
LLLYWLLGLLWFLTGLLLILI	LLLYVLLGLLWFLTGLLLILI	-3.71195	-4.12942	1.36313	0.0623734	918.939
LLLYVLLGLLWFLTGLLLILI	LLLYWLLGLLWFLTGLLLILI	-4.12942	-3.71195	0.0623734	1.36313	909.276
LLLYWLLGLLWFLTGLLLILI	LLLYWLLGLLWYLTGLLLILI	-4.94297	-4.16718	0.132101	0.952787	898.621
LLLYWLLGLLWYLTGLLLILI	LLLFWLLGLLWYLTGLLLILI	-4.16718	-3.03906	0.952787	0.132101	886.903
LLLFWLLGLLWYLTGLLLILI	LLLFWLLGLLYYLTGLLLILI	-2.57229	-2.41289	0.598868	0.267575	874.051
LLLFWLLGLLYYLTGLLLILI	LLLFVLLGLLYYLTGLLLILI	-1.67126	-1.74673	1.00921	0.118797	859.999
LLLFVLLGLLYYLTGLLLILI	LLLFVLLGLLYFLTGLLLILI	-1.21515	-2.05543	0.650378	0.240035	844.686
LLLFVLLGLLYFLTGLLLILI	LLLFVLLGLLYFLTALLLILI	-1.42313	1.04864	0.872342	0.154044	828.061
LLLFVLLGLLYFLTALLLILI	LLLFWLLGLLYFLTALLLILI	1.01339	1.31088	0.118797	1.00921	810.083
LLLFWLLGLLYFLTALLLILI	LLLFWLLGLLTFLTALLLILI	0.606488	0.738641	0.30482	0.538845	790.724
LLLFWLLGLLTFLTALLLILI	LLLFWLLGLLTFLTGLLLILI	0.35384	-1.83835	0.154044	0.872342	769.974
LLLFWLLGLLTFLTGLLLILI	LLLYWLLGLLTFLTGLLLILI	-2.30035	-4.02637	0.410343	0.410343	747.845
LLLYWLLGLLTFLTGLLLILI	LLLYWLLGLLWFLTGLLLILI	-4.22736	-4.35811	0.209355	0.716965	724.369
LLLYWLLGLLWFLTGLLLILI	LLLYWLLGLLYFLTGLLLILI	-4.47621	-4.37872	0.598868	0.267575	699.602
LLLYWLLGLLYFLTGLLLILI	LLLYVLLGLLYFLTGLLLILI	-3.63709	-3.79914	1.00921	0.118797	673.628
LLLYVLLGLLYFLTGLLLILI	LLLYVLLGLLWFLTGLLLILI	-3.46675	-3.81965	0.451187	0.372136	646.557
LLLYVLLGLLWFLTGLLLILI	LLLYWLLGLLWFLTGLLLILI	-4.12942	-3.71195	0.0623734	1.36313	618.524
LLLYWLLGLLWFLTGLLLILI	LLLFWLLGLLWFLTGLLLILI	-4.66473	-2.71579	0.410343	0.410343	589.688
LLLFWLLGLLWFLTGLLLILI	LLLYWLLGLLWFLTGLLLILI	-2.71579	-4.66473	0.410343	0.410343	560.23
LLLYWLLGLLWFLTGLLLILI	LLLYVLLGLLWFLTGLLLILI	-3.71195	-4.12942	1.36313	0.0623734	530.348
LLLYVLLGLLWFLTGLLLILI	LLLYVLLGLLYFLTGLLLILI	-3.81965	-3.46675	0.372136	0.451187	500.25
LLLYVLLGLLYFLTGLLLILI	LLLVVLLGLLYFLTGLLLILI	-3.16434	-2.71128	0.753596	0.194474	470.152
LLLVVLLGLLYFLTGLLLILI	LLLVVLLGLLWFLTGLLLILI	-2.63818	-2.76587	0.267575	0.598868	410.812
LLLVVLLGLLWFLTGLLLILI	LLLYVLLGLLWFLTGLLLILI	-3.02412	-3.7024	0.340616	0.489394	353.943
LLLYVLLGLLWFLTGLLLILI	LLLYVLLGLLWYLTGLLLILI	-4.05969	-3.06197	0.132101	0.952787	326.872
LLLYVLLGLLWYLTGLLLILI	LLLVVLLGLLWYLTGLLLILI	-3.26116	-2.98718	0.753596	0.194474	300.898
LLLVVLLGLLWYLTGLLLILI	LLLVVLLGLLWFLTGLLLILI	-2.53127	-3.1247	0.650378	0.240035	276.131
LLLVVLLGLLWFLTGLLLILI	LLLYVLLGLLWFLTGLLLILI	-3.02412	-3.7024	0.340616	0.489394	252.655
LLLYVLLGLLWFLTGLLLILI	LLLYWLLGLLWFLTGLLLILI	-4.12942	-3.71195	0.0623734	1.36313	230.526
LLLYWLLGLLWFLTGLLLILI	LLLYWLLGLLYFLTGLLLILI	-4.47621	-4.37872	0.598868	0.267575	209.776
LLLYWLLGLLYFLTGLLLILI	LLLYVLLGLLYFLTGLLLILI	-3.63709	-3.79914	1.00921	0.118797	190.417
LLLYVLLGLLYFLTGLLLILI	LLLYVLLGLLWFLTGLLLILI	-3.46675	-3.81965	0.451187	0.372136	172.439
LLLYVLLGLLWFLTGLLLILI	LLLYWLLGLLWFLTGLLLILI	-4.12942	-3.71195	0.0623734	1.36313	155.814
LLLYWLLGLLWFLTGLLLILI	LLLYVLLGLLWFLTGLLLILI	-3.71195	-4.12942	1.36313	0.0623734	140.501
LLLYVLLGLLWFLTGLLLILI	LLLYVLLGLLYFLTGLLLILI	-3.81965	-3.46675	0.372136	0.451187	126.449
LLLYVLLGLLYFLTGLLLILI	LLLYWLLGLLYFLTGLLLILI	-3.79914	-3.63709	0.118797	1.00921	113.597
LLLYWLLGLLYFLTGLLLILI	LLLYWLLGLLWFLTGLLLILI	-4.37872	-4.47621	0.267575	0.598868	101.879
LLLYWLLGLLWFLTGLLLILI	LLLYVLLGLLWFLTGLLLILI	-3.71195	-4.12942	1.36313	0.0623734	91.2238
Time: 327s
