***STARTING GEOMETRY:***
xShift: 6.43411
crossingAngle: -36.7124
axialRotation: 6.15087
zShift: 4.35807

Number of MCCycles: 100
PrevSequence	CurrSequence	PrevEnergy	CurrEnergy	PrevEntropy	CurrEntropy	CurrentTemp
LLLFLLGTLLGTLLSTLLILI	LLLFLLGTLLGTLLGTLLILI	-17.1439	-15.6969	0.19415	0.754431	999.684
LLLFLLGTLLGTLLGTLLILI	LLLYLLGTLLGTLLGTLLILI	-16.2113	-16.396	0.240035	0.650378	999.328
LLLYLLGTLLGTLLGTLLILI	LLLYLLGVLLGTLLGTLLILI	-15.9179	-14.0863	1.12845	0.0952708	998.928
LLLYLLGVLLGTLLGTLLILI	LLLFLLGVLLGTLLGTLLILI	-13.5312	-13.1453	0.650378	0.240035	998.476
LLLFLLGVLLGTLLGTLLILI	LLLFLLGTLLGTLLGTLLILI	-13.29	-15.3229	0.0952708	1.12845	997.967
LLLFLLGTLLGTLLGTLLILI	LLLFLLGTLLGVLLGTLLILI	-15.3229	-12.7318	1.12845	0.0952708	997.394
LLLFLLGTLLGVLLGTLLILI	LLLFLLGTLLGTLLGTLLILI	-12.7318	-15.3229	0.0952708	1.12845	996.023
LLLFLLGTLLGTLLGTLLILI	LLLYLLGTLLGTLLGTLLILI	-16.2113	-15.8443	0.240035	0.650378	995.205
LLLYLLGTLLGTLLGTLLILI	LLLFLLGTLLGTLLGTLLILI	-15.8443	-16.2113	0.650378	0.240035	994.285
LLLFLLGTLLGTLLGTLLILI	LLLFLLGTLLGVLLGTLLILI	-15.3229	-12.7318	1.12845	0.0952708	993.249
LLLFLLGTLLGVLLGTLLILI	LLLFLLGTLLGVLLGVLLILI	-12.1949	-8.78968	0.632162	0.249358	992.084
LLLFLLGTLLGVLLGVLLILI	LLLYLLGTLLGVLLGVLLILI	-8.799	-8.46326	0.240035	0.650378	990.773
LLLYLLGTLLGVLLGVLLILI	LLLYLLGTLLGILLGVLLILI	-8.47913	-7.84232	0.634506	0.248134	989.3
LLLYLLGTLLGILLGVLLILI	LLLYLLGTLLGTLLGVLLILI	-7.94769	-11.8982	0.142768	0.911943	987.644
LLLYLLGTLLGTLLGVLLILI	LLLYLLGTLLGTLLGTLLILI	-12.7149	-15.3662	0.0952708	1.12845	985.783
LLLYLLGTLLGTLLGTLLILI	LLLYLLGVLLGTLLGTLLILI	-15.3662	-13.5354	1.12845	0.0952708	983.694
LLLYLLGVLLGTLLGTLLILI	LLLYLLGTLLGTLLGTLLILI	-13.5354	-15.9179	0.0952708	1.12845	981.348
LLLYLLGTLLGTLLGTLLILI	LLLYLLGTLLGTLLGYLLILI	-16.6033	-13.3891	0.443059	0.379341	978.717
LLLYLLGTLLGTLLGYLLILI	LLLYLLGTLLGTLLGTLLILI	-13.3891	-15.5294	0.379341	0.443059	975.768
LLLYLLGTLLGTLLGTLLILI	LLLFLLGTLLGTLLGTLLILI	-15.3221	-16.2113	0.650378	0.240035	964.627
LLLFLLGTLLGTLLGTLLILI	LLLFLLGVLLGTLLGTLLILI	-15.3229	-13.29	1.12845	0.0952708	960.005
LLLFLLGVLLGTLLGTLLILI	LLLYLLGVLLGTLLGTLLILI	-13.1453	-12.4395	0.240035	0.650378	954.846
LLLYLLGVLLGTLLGTLLILI	LLLYLLGVLLGTLLGYLLILI	-12.7612	-10.497	0.328724	0.505042	949.095
LLLYLLGVLLGTLLGYLLILI	LLLYLLGTLLGTLLGYLLILI	-10.8643	-12.3176	0.137712	0.930859	942.693
LLLYLLGTLLGTLLGYLLILI	LLLFLLGTLLGTLLGYLLILI	-12.2957	-13.0427	0.952787	0.132101	935.578
LLLFLLGTLLGTLLGYLLILI	LLLFLLGTLLGTLLGTLLILI	-12.9552	-15.7578	0.219549	0.693609	927.683
LLLFLLGTLLGTLLGTLLILI	LLLFLLGTLLGTLLGYLLILI	-15.7578	-12.9552	0.693609	0.219549	918.939
LLLFLLGTLLGTLLGYLLILI	LLLFLLGTLLGWLLGYLLILI	-12.8111	-10.305	0.363705	0.460972	909.276
LLLFLLGTLLGWLLGYLLILI	LLLFLLGTLLGWLLGTLLILI	-10.4612	-14.1838	0.30482	0.538845	898.621
LLLFLLGTLLGWLLGTLLILI	LLLFLLGTLLGWLLGVLLILI	-13.7918	-10.5536	0.930859	0.137712	886.903
LLLFLLGTLLGWLLGVLLILI	LLLFLLGTLLGWLLGTLLILI	-10.5536	-13.7918	0.137712	0.930859	874.051
LLLFLLGTLLGWLLGTLLILI	LLLFLLGVLLGWLLGTLLILI	-13.7918	-8.52921	0.930859	0.137712	859.999
LLLFLLGVLLGWLLGTLLILI	LLLFLLGTLLGWLLGTLLILI	-8.52921	-9.48914	0.137712	0.930859	844.686
LLLFLLGTLLGWLLGTLLILI	LLLFLLGVLLGWLLGTLLILI	-9.48914	-8.52921	0.930859	0.137712	828.061
LLLFLLGVLLGWLLGTLLILI	LLLFLLGTLLGWLLGTLLILI	-8.52921	-13.7918	0.137712	0.930859	810.083
LLLFLLGTLLGWLLGTLLILI	LLLFLLGTLLGTLLGTLLILI	-14.3794	-15.9654	0.343253	0.48602	790.724
LLLFLLGTLLGTLLGTLLILI	LLLYLLGTLLGTLLGTLLILI	-16.2113	-15.8443	0.240035	0.650378	769.974
LLLYLLGTLLGTLLGTLLILI	LLLYLLGTLLGWLLGTLLILI	-16.0087	-15.0332	0.48602	0.343253	747.845
LLLYLLGTLLGWLLGTLLILI	LLLYLLGTLLGTLLGTLLILI	-15.0332	-16.0087	0.343253	0.48602	724.369
LLLYLLGTLLGTLLGTLLILI	LLLYLLGTLLGWLLGTLLILI	-16.0087	-15.0332	0.48602	0.343253	699.602
LLLYLLGTLLGWLLGTLLILI	LLLYLLGTLLGTLLGTLLILI	-15.0332	-16.0087	0.343253	0.48602	673.628
LLLYLLGTLLGTLLGTLLILI	LLLYLLGTLLGVLLGTLLILI	-15.3662	-12.7773	1.12845	0.0952708	618.524
LLLYLLGTLLGVLLGTLLILI	LLLYLLGTLLGWLLGTLLILI	-12.7537	-13.7822	0.118797	1.00921	589.688
LLLYLLGTLLGWLLGTLLILI	LLLYLLGTLLGTLLGTLLILI	-14.4481	-16.0379	0.343253	0.48602	560.23
LLLYLLGTLLGTLLGTLLILI	LLLYLLGTLLGVLLGTLLILI	-15.3955	-13.3264	1.12845	0.0952708	500.25
LLLYLLGTLLGVLLGTLLILI	LLLFLLGTLLGVLLGTLLILI	-12.7713	-12.587	0.650378	0.240035	470.152
LLLFLLGTLLGVLLGTLLILI	LLLYLLGTLLGVLLGTLLILI	-12.587	-12.7713	0.240035	0.650378	440.27
LLLYLLGTLLGVLLGTLLILI	LLLYLLGTLLGTLLGTLLILI	-13.3264	-15.3955	0.0952708	1.12845	410.812
LLLYLLGTLLGTLLGTLLILI	LLLFLLGTLLGTLLGTLLILI	-15.8736	-16.2113	0.650378	0.240035	381.976
LLLFLLGTLLGTLLGTLLILI	LLLYLLGTLLGTLLGTLLILI	-16.2113	-16.396	0.240035	0.650378	209.776
LLLYLLGTLLGTLLGTLLILI	LLLFLLGTLLGTLLGTLLILI	-16.396	-16.2113	0.650378	0.240035	172.439
LLLFLLGTLLGTLLGTLLILI	LLLYLLGTLLGTLLGTLLILI	-16.2113	-15.8736	0.240035	0.650378	140.501
LLLYLLGTLLGTLLGTLLILI	LLLFLLGTLLGTLLGTLLILI	-15.8736	-16.2113	0.650378	0.240035	101.879
LLLFLLGTLLGTLLGTLLILI	LLLYLLGTLLGTLLGTLLILI	-16.2113	-15.8443	0.240035	0.650378	64.9219
LLLYLLGTLLGTLLGTLLILI	LLLFLLGTLLGTLLGTLLILI	-15.8443	-16.2113	0.650378	0.240035	57.8066
LLLFLLGTLLGTLLGTLLILI	LLLYLLGTLLGTLLGTLLILI	-16.2113	-16.396	0.240035	0.650378	35.8726
Time: 73s
