***STARTING GEOMETRY:***
xShift: 8.67597
crossingAngle: 21
axialRotation: 75.6518
zShift: 4.2

Number of MCCycles: 100
PrevSequence	CurrSequence	PrevEnergy	CurrEnergy	PrevEntropy	CurrEntropy	CurrentTemp
LLLYWLLGLLTYLTTLLLILI	LLLYWLLGLLWYLTTLLLILI	2290.42	2290.04	0.291546	0.559121	999.684
LLLYWLLGLLWYLTTLLLILI	LLLYWLLGLLWFLTTLLLILI	2290.43	2287.92	0.952787	0.132101	999.328
LLLYWLLGLLWFLTTLLLILI	LLLYWLLGLLWYLTTLLLILI	2287.92	2289.05	0.132101	0.952787	998.928
LLLYWLLGLLWYLTTLLLILI	LLLYWLLGLLWYLVTLLLILI	2289.03	2292.31	0.930859	0.137712	998.476
LLLYWLLGLLWYLVTLLLILI	LLLYWLLGLLWFLVTLLLILI	2293.13	2293.46	0.952787	0.132101	997.967
LLLYWLLGLLWFLVTLLLILI	LLLYYLLGLLWFLVTLLLILI	2293.93	2294.72	0.598868	0.267575	997.394
LLLYYLLGLLWFLVTLLLILI	LLLYYLLGLLWYLVTLLLILI	2294.54	2296.46	0.0912572	1.15198	996.749
LLLYYLLGLLWYLVTLLLILI	LLLYWLLGLLWYLVTLLLILI	2295.68	2293.58	0.366471	0.457728	996.023
LLLYWLLGLLWYLVTLLLILI	LLLYWLLGLLWFLVTLLLILI	2294.08	2291.58	0.952787	0.132101	995.205
LLLYWLLGLLWFLVTLLLILI	LLLYWLLGLLWFLTTLLLILI	2291.58	2288.72	0.137712	0.930859	994.285
LLLYWLLGLLWFLTTLLLILI	LLLYWLLGLLWYLTTLLLILI	2287.92	2289.76	0.132101	0.952787	993.249
LLLYWLLGLLWYLTTLLLILI	LLLYWLLGLLWYLVTLLLILI	2289.73	2292.32	0.930859	0.137712	992.084
LLLYWLLGLLWYLVTLLLILI	LLLYWLLGLLWYLTTLLLILI	2292.32	2290.4	0.137712	0.930859	990.773
LLLYWLLGLLWYLTTLLLILI	LLLYWLLGLLTYLTTLLLILI	2290.03	2290.41	0.559121	0.291546	989.3
LLLYWLLGLLTYLTTLLLILI	LLLYWLLGLLTFLTTLLLILI	2291.07	2291.07	0.952787	0.132101	987.644
LLLYWLLGLLTFLTTLLLILI	LLLYWLLGLLTFLTGLLLILI	2291.58	2296.31	0.636769	0.246959	985.783
LLLYWLLGLLTFLTGLLLILI	LLLYWLLGLLWFLTGLLLILI	2296.27	2295.85	0.209355	0.716965	983.694
LLLYWLLGLLWFLTGLLLILI	LLLLWLLGLLWFLTGLLLILI	2295.66	2295.45	0.526939	0.312976	981.348
LLLLWLLGLLWFLTGLLLILI	LLLLWLLGLLWYLTGLLLILI	2295.38	2296.28	0.240035	0.650378	978.717
LLLLWLLGLLWYLTGLLLILI	LLLYWLLGLLWYLTGLLLILI	2295.81	2295.19	0.176934	0.801241	975.768
LLLYWLLGLLWYLTGLLLILI	LLLYWLLGLLWYLVGLLLILI	2295.02	2297.6	0.632162	0.249358	968.764
LLLYWLLGLLWYLVGLLLILI	LLLYWLLGLLWFLVGLLLILI	2298.31	2297.19	0.952787	0.132101	964.627
LLLYWLLGLLWFLVGLLLILI	LLLYWLLGLLWFLTGLLLILI	2297.31	2294.17	0.249358	0.632162	960.005
LLLYWLLGLLWFLTGLLLILI	LLLYWLLGLLWYLTGLLLILI	2293.67	2294.42	0.132101	0.952787	954.846
LLLYWLLGLLWYLTGLLLILI	LLLYWLLGLLWYLVGLLLILI	2294.1	2297.79	0.632162	0.249358	949.095
LLLYWLLGLLWYLVGLLLILI	LLLYWLLGLLWYLTGLLLILI	2297.79	2295.63	0.249358	0.632162	942.693
LLLYWLLGLLWYLTGLLLILI	LLLYWLLGLLWFLTGLLLILI	2295.95	2295.52	0.952787	0.132101	935.578
LLLYWLLGLLWFLTGLLLILI	LLLYFLLGLLWFLTGLLLILI	2296.28	2298.06	0.890414	0.148778	927.683
LLLYFLLGLLWFLTGLLLILI	LLLYWLLGLLWFLTGLLLILI	2298.06	2296.03	0.148778	0.890414	918.939
LLLYWLLGLLWFLTGLLLILI	LLLYWLLGLLYFLTGLLLILI	2295.73	2297.01	0.598868	0.267575	909.276
LLLYWLLGLLYFLTGLLLILI	LLLFWLLGLLYFLTGLLLILI	2297.39	2298.09	0.650378	0.240035	898.621
LLLFWLLGLLYFLTGLLLILI	LLLFWLLGLLYWLTGLLLILI	2298	2296.81	0.148778	0.890414	886.903
LLLFWLLGLLYWLTGLLLILI	LLLFWLLGLLYWLVGLLLILI	2296.56	2300.71	0.632162	0.249358	874.051
LLLFWLLGLLYWLVGLLLILI	LLLFWLLGLLYWLTGLLLILI	2300.71	2297.48	0.249358	0.632162	859.999
LLLFWLLGLLYWLTGLLLILI	LLLFWLLGLLYTLTGLLLILI	2297.57	2296.94	0.716965	0.209355	828.061
LLLFWLLGLLYTLTGLLLILI	LLLFWLLGLLYTLVGLLLILI	2297.67	2299.44	0.930859	0.137712	790.724
LLLFWLLGLLYTLVGLLLILI	LLLYWLLGLLYTLVGLLLILI	2299.44	2300.13	0.132101	0.952787	747.845
LLLYWLLGLLYTLVGLLLILI	LLLYWLLGLLYTLTGLLLILI	2299.31	2295.63	0.137712	0.930859	724.369
LLLYWLLGLLYTLTGLLLILI	LLLYWLLGLLYFLTGLLLILI	2295.51	2295.99	0.816184	0.171816	673.628
LLLYWLLGLLYFLTGLLLILI	LLLYWLLGLLWFLTGLLLILI	2296.09	2295.01	0.267575	0.598868	646.557
LLLYWLLGLLWFLTGLLLILI	LLLYWLLGLLWYLTGLLLILI	2294.55	2295.34	0.132101	0.952787	618.524
LLLYWLLGLLWYLTGLLLILI	LLLLWLLGLLWYLTGLLLILI	2295.19	2295.81	0.801241	0.176934	589.688
LLLLWLLGLLWYLTGLLLILI	LLLYWLLGLLWYLTGLLLILI	2295.81	2295.76	0.176934	0.801241	530.348
LLLYWLLGLLWYLTGLLLILI	LLLYFLLGLLWYLTGLLLILI	2296.19	2297.45	1.23103	0.0790506	500.25
LLLYFLLGLLWYLTGLLLILI	LLLYFLLGLLWFLTGLLLILI	2298.02	2298.15	0.650378	0.240035	470.152
LLLYFLLGLLWFLTGLLLILI	LLLYFLLGLLWWLTGLLLILI	2298.05	2297.91	0.148778	0.890414	440.27
LLLYFLLGLLWWLTGLLLILI	LLLYFLLGLLWYLTGLLLILI	2297.61	2296.74	0.598868	0.267575	410.812
LLLYFLLGLLWYLTGLLLILI	LLLYWLLGLLWYLTGLLLILI	2296.56	2294.7	0.0790506	1.23103	381.976
LLLYWLLGLLWYLTGLLLILI	LLLYWLLGLLWFLTGLLLILI	2294.42	2294.59	0.952787	0.132101	353.943
LLLYWLLGLLWFLTGLLLILI	LLLYWLLGLLWFLYGLLLILI	2294.65	2297.57	0.186892	0.773553	326.872
LLLYWLLGLLWFLYGLLLILI	LLLYWLLGLLWYLYGLLLILI	2296.89	2297.49	0.0912572	1.15198	276.131
LLLYWLLGLLWYLYGLLLILI	LLLYWLLGLLWYLTGLLLILI	2297.3	2294.53	0.9576	0.130904	230.526
LLLYWLLGLLWYLTGLLLILI	LLLYWLLGLLYYLTGLLLILI	2294.85	2296.3	0.457728	0.366471	209.776
LLLYWLLGLLYYLTGLLLILI	LLLFWLLGLLYYLTGLLLILI	2297.09	2297.14	1.15198	0.0912572	190.417
LLLFWLLGLLYYLTGLLLILI	LLLFWLLGLLWYLTGLLLILI	2297.31	2295.37	0.267575	0.598868	172.439
LLLFWLLGLLWYLTGLLLILI	LLLYWLLGLLWYLTGLLLILI	2294.9	2294.98	0.132101	0.952787	140.501
LLLYWLLGLLWYLTGLLLILI	LLLYWLLGLLWFLTGLLLILI	2294.98	2294.34	0.952787	0.132101	113.597
LLLYWLLGLLWFLTGLLLILI	LLLYWLLGLLWYLTGLLLILI	2294.34	2294.42	0.132101	0.952787	101.879
LLLYWLLGLLWYLTGLLLILI	LLLYWLLGLLWWLTGLLLILI	2293.66	2294	0.191082	0.76241	72.8169
LLLYWLLGLLWWLTGLLLILI	LLLYWLLGLLWYLTGLLLILI	2294	2293.29	0.76241	0.191082	57.8066
LLLYWLLGLLWYLTGLLLILI	LLLYWLLGLLWFLTGLLLILI	2294.06	2293.67	0.952787	0.132101	51.4049
Time: 105s
