***STARTING GEOMETRY:***
xShift: 8.2149
crossingAngle: 26.035
axialRotation: 75.0719
zShift: 2.20055

Number of MCCycles: 100
PrevSequence	CurrSequence	PrevEnergy	CurrEnergy	PrevEntropy	CurrEntropy	CurrentTemp
LLLYVLLGLLGTLTGLLLILI	LLLYWLLGLLGTLTGLLLILI	-0.96871	-0.17744	0.118797	1.00921	999.328
LLLYWLLGLLGTLTGLLLILI	LLLYWLLGLLGTLVGLLLILI	-0.255792	2.12146	0.930859	0.137712	998.928
LLLYWLLGLLGTLVGLLLILI	LLLYYLLGLLGTLVGLLLILI	2.35588	2.53035	0.372136	0.451187	998.476
LLLYYLLGLLGTLVGLLLILI	LLLYYLLGLLGVLVGLLLILI	2.4759	5.93445	0.396733	0.424273	997.967
LLLYYLLGLLGVLVGLLLILI	LLLYYLLGLLGTLVGLLLILI	5.93445	2.4759	0.424273	0.396733	997.394
LLLYYLLGLLGTLVGLLLILI	LLLYWLLGLLGTLVGLLLILI	2.53035	2.35588	0.451187	0.372136	996.023
LLLYWLLGLLGTLVGLLLILI	LLLWWLLGLLGTLVGLLLILI	2.13253	4.12907	0.148778	0.890414	995.205
LLLWWLLGLLGTLVGLLLILI	LLLYWLLGLLGTLVGLLLILI	4.12907	2.13253	0.890414	0.148778	994.285
LLLYWLLGLLGTLVGLLLILI	LLLYWLLGLLGTLTGLLLILI	2.12146	-0.255792	0.137712	0.930859	993.249
LLLYWLLGLLGTLTGLLLILI	LLLFWLLGLLGTLTGLLLILI	-0.536273	1.28976	0.650378	0.240035	992.084
LLLFWLLGLLGTLTGLLLILI	LLLYWLLGLLGTLTGLLLILI	1.28976	-0.536273	0.240035	0.650378	990.773
LLLYWLLGLLGTLTGLLLILI	LLLFWLLGLLGTLTGLLLILI	-0.536273	1.28976	0.650378	0.240035	987.644
LLLFWLLGLLGTLTGLLLILI	LLLFYLLGLLGTLTGLLLILI	1.6486	1.13445	0.598868	0.267575	983.694
LLLFYLLGLLGTLTGLLLILI	LLLYYLLGLLGTLTGLLLILI	0.998972	-0.138508	0.132101	0.952787	981.348
LLLYYLLGLLGTLTGLLLILI	LLLYWLLGLLGTLTGLLLILI	-0.640108	-0.814515	0.451187	0.372136	972.463
LLLYWLLGLLGTLTGLLLILI	LLLWWLLGLLGTLTGLLLILI	-1.03787	0.958728	0.148778	0.890414	968.764
LLLWWLLGLLGTLTGLLLILI	LLLYWLLGLLGTLTGLLLILI	0.958728	-1.03787	0.890414	0.148778	960.005
LLLYWLLGLLGTLTGLLLILI	LLLYYLLGLLGTLTGLLLILI	-0.814515	-0.640108	0.372136	0.451187	954.846
LLLYYLLGLLGTLTGLLLILI	LLLYWLLGLLGTLTGLLLILI	-0.640108	-0.814515	0.451187	0.372136	949.095
LLLYWLLGLLGTLTGLLLILI	LLLYYLLGLLGTLTGLLLILI	-0.814515	-0.640108	0.372136	0.451187	935.578
LLLYYLLGLLGTLTGLLLILI	LLLWYLLGLLGTLTGLLLILI	-0.640108	-0.25445	0.451187	0.372136	927.683
LLLWYLLGLLGTLTGLLLILI	LLLYYLLGLLGTLTGLLLILI	-0.25445	-0.640108	0.372136	0.451187	918.939
LLLYYLLGLLGTLTGLLLILI	LLLYWLLGLLGTLTGLLLILI	-0.640108	-0.814515	0.451187	0.372136	909.276
LLLYWLLGLLGTLTGLLLILI	LLLYYLLGLLGTLTGLLLILI	-0.814515	-0.640108	0.372136	0.451187	886.903
LLLYYLLGLLGTLTGLLLILI	LLLYWLLGLLGTLTGLLLILI	-0.640108	-0.814515	0.451187	0.372136	874.051
LLLYWLLGLLGTLTGLLLILI	LLLYYLLGLLGTLTGLLLILI	-0.814515	-0.640108	0.372136	0.451187	859.999
LLLYYLLGLLGTLTGLLLILI	LLLYYLLGLLFTLTGLLLILI	-0.206323	5.41694	0.884972	0.150342	844.686
LLLYYLLGLLFTLTGLLLILI	LLLWYLLGLLFTLTGLLLILI	5.71778	5.80024	0.451187	0.372136	828.061
LLLWYLLGLLFTLTGLLLILI	LLLWYLLGLLFYLTGLLLILI	5.75683	0.0216461	0.328724	0.505042	810.083
LLLWYLLGLLFYLTGLLLILI	LLLWYLLGLLFWLTGLLLILI	-0.215821	0.11357	0.267575	0.598868	790.724
LLLWYLLGLLFWLTGLLLILI	LLLWWLLGLLFWLTGLLLILI	-0.38208	0.263311	0.103217	1.08489	769.974
LLLWWLLGLLFWLTGLLLILI	LLLWYLLGLLFWLTGLLLILI	0.263311	-0.38208	1.08489	0.103217	747.845
LLLWYLLGLLFWLTGLLLILI	LLLYYLLGLLFWLTGLLLILI	0.11357	-1.51061	0.598868	0.267575	724.369
LLLYYLLGLLFWLTGLLLILI	LLLYWLLGLLFWLTGLLLILI	-1.51061	-0.854664	0.267575	0.598868	699.602
LLLYWLLGLLFWLTGLLLILI	LLLYWLLGLLFYLTGLLLILI	-0.854664	-0.234184	0.598868	0.267575	673.628
LLLYWLLGLLFYLTGLLLILI	LLLYYLLGLLFYLTGLLLILI	-0.229716	-3.26531e-05	0.272043	0.591129	646.557
LLLYYLLGLLFYLTGLLLILI	LLLYWLLGLLFYLTGLLLILI	-3.26531e-05	-0.229716	0.591129	0.272043	618.524
LLLYWLLGLLFYLTGLLLILI	LLLYYLLGLLFYLTGLLLILI	-0.229716	-3.26531e-05	0.272043	0.591129	589.688
LLLYYLLGLLFYLTGLLLILI	LLLYYLLGLLWYLTGLLLILI	-0.442384	-1.98681	0.148778	0.890414	560.23
LLLYYLLGLLWYLTGLLLILI	LLLYYLLGLLWWLTGLLLILI	-2.51075	-1.00839	0.366471	0.457728	530.348
LLLYYLLGLLWWLTGLLLILI	LLLYYLLGLLWYLTGLLLILI	-1.00839	-2.62557	0.457728	0.366471	500.25
LLLYYLLGLLWYLTGLLLILI	LLLYWLLGLLWYLTGLLLILI	-2.62557	-2.33426	0.366471	0.457728	470.152
LLLYWLLGLLWYLTGLLLILI	LLLFWLLGLLWYLTGLLLILI	-1.8392	-0.247438	0.952787	0.132101	440.27
LLLFWLLGLLWYLTGLLLILI	LLLFYLLGLLWYLTGLLLILI	0.219329	-0.55547	0.598868	0.267575	410.812
LLLFYLLGLLWYLTGLLLILI	LLLYYLLGLLWYLTGLLLILI	-0.731788	-1.84006	0.0912572	1.15198	381.976
LLLYYLLGLLWYLTGLLLILI	LLLWYLLGLLWYLTGLLLILI	-2.62557	-2.21326	0.366471	0.457728	353.943
LLLWYLLGLLWYLTGLLLILI	LLLYYLLGLLWYLTGLLLILI	-2.21326	-2.51075	0.457728	0.366471	326.872
LLLYYLLGLLWYLTGLLLILI	LLLWYLLGLLWYLTGLLLILI	-2.51075	-2.21326	0.366471	0.457728	300.898
LLLWYLLGLLWYLTGLLLILI	LLLYYLLGLLWYLTGLLLILI	-2.21326	-2.62557	0.457728	0.366471	252.655
LLLYYLLGLLWYLTGLLLILI	LLLWYLLGLLWYLTGLLLILI	-2.62557	-2.09766	0.366471	0.457728	209.776
LLLWYLLGLLWYLTGLLLILI	LLLYYLLGLLWYLTGLLLILI	-2.09766	-2.51075	0.457728	0.366471	190.417
LLLYYLLGLLWYLTGLLLILI	LLLYYLLGLLYYLTGLLLILI	-2.66238	-2.11133	0.21484	0.704234	155.814
LLLYYLLGLLYYLTGLLLILI	LLLYYLLGLLWYLTGLLLILI	-2.11133	-2.7772	0.704234	0.21484	140.501
LLLYYLLGLLWYLTGLLLILI	LLLYWLLGLLWYLTGLLLILI	-2.62557	-2.33426	0.366471	0.457728	126.449
LLLYWLLGLLWYLTGLLLILI	LLLYWLLGLLYYLTGLLLILI	-2.33426	-2.34882	0.457728	0.366471	91.2238
LLLYWLLGLLYYLTGLLLILI	LLLYWLLGLLWYLTGLLLILI	-2.34882	-2.33426	0.366471	0.457728	72.8169
LLLYWLLGLLWYLTGLLLILI	LLLYWLLGLLYYLTGLLLILI	-2.33426	-2.34882	0.457728	0.366471	64.9219
LLLYWLLGLLYYLTGLLLILI	LLLWWLLGLLYYLTGLLLILI	-2.34882	-2.27818	0.366471	0.457728	51.4049
LLLWWLLGLLYYLTGLLLILI	LLLYWLLGLLYYLTGLLLILI	-2.27818	-2.34882	0.457728	0.366471	45.6541
LLLYWLLGLLYYLTGLLLILI	LLLYWLLGLLYWLTGLLLILI	-2.34882	-2.92527	0.366471	0.457728	40.495
LLLYWLLGLLYWLTGLLLILI	LLLYYLLGLLYWLTGLLLILI	-2.92527	-3.35205	0.457728	0.366471	35.8726
LLLYYLLGLLYWLTGLLLILI	LLLWYLLGLLYWLTGLLLILI	-3.35205	-4.33774	0.366471	0.457728	31.7355
Time: 205s
