***STARTING GEOMETRY:***
xShift: 8.2
crossingAngle: 26.19
axialRotation: 75.6518
zShift: 2.2

Number of MCCycles: 100
PrevSequence	CurrSequence	PrevEnergy	CurrEnergy	PrevEntropy	CurrEntropy	CurrentTemp
LLLYVLLGLLGTLTGLLLILI	LLLFVLLGLLGTLTGLLLILI	-0.432631	1.25636	0.650378	0.240035	999.684
LLLFVLLGLLGTLTGLLLILI	LLLFYLLGLLGTLTGLLLILI	1.21079	1.62517	0.194474	0.753596	999.328
LLLFYLLGLLGTLTGLLLILI	LLLFWLLGLLGTLTGLLLILI	1.13915	1.65352	0.267575	0.598868	998.928
LLLFWLLGLLGTLTGLLLILI	LLLYWLLGLLGTLTGLLLILI	1.29469	-0.531994	0.240035	0.650378	998.476
LLLYWLLGLLGTLTGLLLILI	LLLYYLLGLLGTLTGLLLILI	-0.810236	-0.636052	0.372136	0.451187	997.967
LLLYYLLGLLGTLTGLLLILI	LLLYWLLGLLGTLTGLLLILI	-0.636052	-0.810236	0.451187	0.372136	997.394
LLLYWLLGLLGTLTGLLLILI	LLLFWLLGLLGTLTGLLLILI	-0.531994	1.29469	0.650378	0.240035	996.749
LLLFWLLGLLGTLTGLLLILI	LLLFWLLGLLGVLTGLLLILI	1.98551	4.62415	0.930859	0.137712	996.023
LLLFWLLGLLGVLTGLLLILI	LLLFYLLGLLGVLTGLLLILI	5.0853	4.55996	0.598868	0.267575	995.205
LLLFYLLGLLGVLTGLLLILI	LLLYYLLGLLGVLTGLLLILI	4.42448	3.2855	0.132101	0.952787	994.285
LLLYYLLGLLGVLTGLLLILI	LLLYYLLGLLGTLTGLLLILI	2.47043	-0.15638	0.137712	0.930859	993.249
LLLYYLLGLLGTLTGLLLILI	LLLYYLLGLLGVLTGLLLILI	-0.15638	2.47043	0.930859	0.137712	992.084
LLLYYLLGLLGVLTGLLLILI	LLLWYLLGLLGVLTGLLLILI	2.7839	3.17728	0.451187	0.372136	990.773
LLLWYLLGLLGVLTGLLLILI	LLLYYLLGLLGVLTGLLLILI	3.17728	2.7839	0.372136	0.451187	989.3
LLLYYLLGLLGVLTGLLLILI	LLLYWLLGLLGVLTGLLLILI	2.7839	2.61981	0.451187	0.372136	987.644
LLLYWLLGLLGVLTGLLLILI	LLLYWLLGLLGTLTGLLLILI	2.38539	-0.251513	0.137712	0.930859	985.783
LLLYWLLGLLGTLTGLLLILI	LLLYWLLGLLGTLVGLLLILI	-0.251513	2.12574	0.930859	0.137712	983.694
LLLYWLLGLLGTLVGLLLILI	LLLFWLLGLLGTLVGLLLILI	2.6384	4.46513	0.650378	0.240035	981.348
LLLFWLLGLLGTLVGLLLILI	LLLFWLLGLLGTLTGLLLILI	4.36281	1.98551	0.137712	0.930859	978.717
LLLFWLLGLLGTLTGLLLILI	LLLFWLLGLLGTLVGLLLILI	1.98551	4.36281	0.930859	0.137712	975.768
LLLFWLLGLLGTLVGLLLILI	LLLFYLLGLLGTLVGLLLILI	4.82397	4.30965	0.598868	0.267575	972.463
LLLFYLLGLLGTLVGLLLILI	LLLFYLLGLLGTLTGLLLILI	4.17979	1.80243	0.137712	0.930859	968.764
LLLFYLLGLLGTLTGLLLILI	LLLYYLLGLLGTLTGLLLILI	1.00367	-0.134452	0.132101	0.952787	964.627
LLLYYLLGLLGTLTGLLLILI	LLLYWLLGLLGTLTGLLLILI	-0.636052	-0.810236	0.451187	0.372136	960.005
LLLYWLLGLLGTLTGLLLILI	LLLYWLLGLLGTLVGLLLILI	-0.251513	2.12574	0.930859	0.137712	949.095
LLLYWLLGLLGTLVGLLLILI	LLLYYLLGLLGTLVGLLLILI	2.36016	2.5344	0.372136	0.451187	942.693
LLLYYLLGLLGTLVGLLLILI	LLLWYLLGLLGTLVGLLLILI	2.5344	2.92003	0.451187	0.372136	935.578
LLLWYLLGLLGTLVGLLLILI	LLLWYLLGLLGTLTGLLLILI	2.68561	0.308356	0.137712	0.930859	927.683
LLLWYLLGLLGTLTGLLLILI	LLLWYLLGLLGVLTGLLLILI	0.308356	2.94286	0.930859	0.137712	918.939
LLLWYLLGLLGVLTGLLLILI	LLLYYLLGLLGVLTGLLLILI	3.17728	2.7839	0.372136	0.451187	909.276
LLLYYLLGLLGVLTGLLLILI	LLLYYLLGLLGTLTGLLLILI	2.47043	-0.15638	0.137712	0.930859	898.621
LLLYYLLGLLGTLTGLLLILI	LLLYWLLGLLGTLTGLLLILI	-0.636052	-0.810236	0.451187	0.372136	886.903
LLLYWLLGLLGTLTGLLLILI	LLLYYLLGLLGTLTGLLLILI	-0.810236	-0.636052	0.372136	0.451187	874.051
LLLYYLLGLLGTLTGLLLILI	LLLYWLLGLLGTLTGLLLILI	-0.636052	-0.810236	0.451187	0.372136	859.999
LLLYWLLGLLGTLTGLLLILI	LLLYYLLGLLGTLTGLLLILI	-0.810236	-0.636052	0.372136	0.451187	844.686
LLLYYLLGLLGTLTGLLLILI	LLLYWLLGLLGTLTGLLLILI	-0.636052	-0.810236	0.451187	0.372136	828.061
LLLYWLLGLLGTLTGLLLILI	LLLYYLLGLLGTLTGLLLILI	-0.810236	-0.636052	0.372136	0.451187	790.724
LLLYYLLGLLGTLTGLLLILI	LLLYWLLGLLGTLTGLLLILI	-0.636052	-0.810236	0.451187	0.372136	769.974
LLLYWLLGLLGTLTGLLLILI	LLLYYLLGLLGTLTGLLLILI	-0.810236	-0.636052	0.372136	0.451187	724.369
LLLYYLLGLLGTLTGLLLILI	LLLYWLLGLLGTLTGLLLILI	-0.636052	-0.810236	0.451187	0.372136	699.602
LLLYWLLGLLGTLTGLLLILI	LLLYYLLGLLGTLTGLLLILI	-0.810236	-0.636052	0.372136	0.451187	673.628
LLLYYLLGLLGTLTGLLLILI	LLLYWLLGLLGTLTGLLLILI	-0.636052	-0.810236	0.451187	0.372136	646.557
LLLYWLLGLLGTLTGLLLILI	LLLYYLLGLLGTLTGLLLILI	-0.810236	-0.636052	0.372136	0.451187	589.688
LLLYYLLGLLGTLTGLLLILI	LLLWYLLGLLGTLTGLLLILI	-0.636052	-0.250367	0.451187	0.372136	560.23
LLLWYLLGLLGTLTGLLLILI	LLLYYLLGLLGTLTGLLLILI	-0.250367	-0.636052	0.372136	0.451187	530.348
LLLYYLLGLLGTLTGLLLILI	LLLYWLLGLLGTLTGLLLILI	-0.636052	-0.810236	0.451187	0.372136	470.152
LLLYWLLGLLGTLTGLLLILI	LLLYYLLGLLGTLTGLLLILI	-0.810236	-0.636052	0.372136	0.451187	440.27
LLLYYLLGLLGTLTGLLLILI	LLLWYLLGLLGTLTGLLLILI	-0.636052	-0.250367	0.451187	0.372136	410.812
LLLWYLLGLLGTLTGLLLILI	LLLYYLLGLLGTLTGLLLILI	-0.250367	-0.636052	0.372136	0.451187	353.943
LLLYYLLGLLGTLTGLLLILI	LLLYWLLGLLGTLTGLLLILI	-0.636052	-0.810236	0.451187	0.372136	300.898
LLLYWLLGLLGTLTGLLLILI	LLLYYLLGLLGTLTGLLLILI	-0.810236	-0.636052	0.372136	0.451187	209.776
LLLYYLLGLLGTLTGLLLILI	LLLWYLLGLLGTLTGLLLILI	-0.636052	-0.250367	0.451187	0.372136	190.417
LLLWYLLGLLGTLTGLLLILI	LLLYYLLGLLGTLTGLLLILI	-0.250367	-0.636052	0.372136	0.451187	140.501
LLLYYLLGLLGTLTGLLLILI	LLLYWLLGLLGTLTGLLLILI	-0.636052	-0.810236	0.451187	0.372136	126.449
LLLYWLLGLLGTLTGLLLILI	LLLYYLLGLLGTLTGLLLILI	-0.810236	-0.636052	0.372136	0.451187	101.879
LLLYYLLGLLGTLTGLLLILI	LLLYWLLGLLGTLTGLLLILI	-0.636052	-0.810236	0.451187	0.372136	91.2238
LLLYWLLGLLGTLTGLLLILI	LLLYYLLGLLGTLTGLLLILI	-0.810236	-0.636052	0.372136	0.451187	57.8066
LLLYYLLGLLGTLTGLLLILI	LLLYWLLGLLGTLTGLLLILI	-0.636052	-0.810236	0.451187	0.372136	45.6541
Time: 149s
