***STARTING GEOMETRY:***
xShift: 8.21959
crossingAngle: 25.9414
axialRotation: 75.0841
zShift: 2.206

Number of MCCycles: 100
PrevSequence	CurrSequence	PrevEnergy	CurrEnergy	PrevEntropy	CurrEntropy	CurrentTemp
LLLYVLLGLLGTLTGLLLILI	LLLYWLLGLLGTLTGLLLILI	-1.01332	-0.219909	0.118797	1.00921	999.684
LLLYWLLGLLGTLTGLLLILI	LLLYYLLGLLGTLTGLLLILI	-0.856983	-0.680356	0.372136	0.451187	999.328
LLLYYLLGLLGTLTGLLLILI	LLLYYLLGLLGVLTGLLLILI	-0.200684	2.42404	0.930859	0.137712	998.928
LLLYYLLGLLGVLTGLLLILI	LLLWYLLGLLGVLTGLLLILI	2.73752	3.13063	0.451187	0.372136	998.476
LLLWYLLGLLGVLTGLLLILI	LLLYYLLGLLGVLTGLLLILI	3.13063	2.73752	0.372136	0.451187	997.967
LLLYYLLGLLGVLTGLLLILI	LLLYYLLGLLGTLTGLLLILI	2.42404	-0.200684	0.137712	0.930859	997.394
LLLYYLLGLLGTLTGLLLILI	LLLWYLLGLLGTLTGLLLILI	-0.680356	-0.294948	0.451187	0.372136	996.749
LLLWYLLGLLGTLTGLLLILI	LLLWYLLGLLGTLVGLLLILI	0.263774	2.64106	0.930859	0.137712	996.023
LLLWYLLGLLGTLVGLLLILI	LLLWYLLGLLGTLTGLLLILI	2.64106	0.263774	0.137712	0.930859	995.205
LLLWYLLGLLGTLTGLLLILI	LLLWYLLGLLGVLTGLLLILI	0.263774	2.89621	0.930859	0.137712	994.285
LLLWYLLGLLGVLTGLLLILI	LLLYYLLGLLGVLTGLLLILI	3.13063	2.73752	0.372136	0.451187	992.084
LLLYYLLGLLGVLTGLLLILI	LLLWYLLGLLGVLTGLLLILI	2.73752	3.13063	0.451187	0.372136	990.773
LLLWYLLGLLGVLTGLLLILI	LLLYYLLGLLGVLTGLLLILI	3.13063	2.73752	0.372136	0.451187	989.3
LLLYYLLGLLGVLTGLLLILI	LLLYWLLGLLGVLTGLLLILI	2.73752	2.57099	0.451187	0.372136	987.644
LLLYWLLGLLGVLTGLLLILI	LLLYWLLGLLGTLTGLLLILI	2.33656	-0.298261	0.137712	0.930859	985.783
LLLYWLLGLLGTLTGLLLILI	LLLYYLLGLLGTLTGLLLILI	-0.856983	-0.680356	0.372136	0.451187	983.694
LLLYYLLGLLGTLTGLLLILI	LLLWYLLGLLGTLTGLLLILI	-0.680356	-0.294948	0.451187	0.372136	981.348
LLLWYLLGLLGTLTGLLLILI	LLLWWLLGLLGTLTGLLLILI	-0.518307	0.919042	0.148778	0.890414	978.717
LLLWWLLGLLGTLTGLLLILI	LLLYWLLGLLGTLTGLLLILI	0.919042	-1.08034	0.890414	0.148778	975.768
LLLYWLLGLLGTLTGLLLILI	LLLYWLLGLLGVLTGLLLILI	-0.298261	2.33656	0.930859	0.137712	972.463
LLLYWLLGLLGVLTGLLLILI	LLLYYLLGLLGVLTGLLLILI	2.57099	2.73752	0.372136	0.451187	968.764
LLLYYLLGLLGVLTGLLLILI	LLLYYLLGLLGTLTGLLLILI	2.42404	-0.200684	0.137712	0.930859	964.627
LLLYYLLGLLGTLTGLLLILI	LLLWYLLGLLGTLTGLLLILI	-0.680356	-0.294948	0.451187	0.372136	960.005
LLLWYLLGLLGTLTGLLLILI	LLLWYLLGLLGVLTGLLLILI	0.263774	2.89621	0.930859	0.137712	954.846
LLLWYLLGLLGVLTGLLLILI	LLLYYLLGLLGVLTGLLLILI	3.13063	2.73752	0.372136	0.451187	949.095
LLLYYLLGLLGVLTGLLLILI	LLLYWLLGLLGVLTGLLLILI	2.73752	2.57099	0.451187	0.372136	935.578
LLLYWLLGLLGVLTGLLLILI	LLLYWLLGLLGTLTGLLLILI	2.33656	-0.298261	0.137712	0.930859	927.683
LLLYWLLGLLGTLTGLLLILI	LLLYYLLGLLGTLTGLLLILI	-0.856983	-0.680356	0.372136	0.451187	918.939
LLLYYLLGLLGTLTGLLLILI	LLLWYLLGLLGTLTGLLLILI	-0.680356	-0.294948	0.451187	0.372136	909.276
LLLWYLLGLLGTLTGLLLILI	LLLWYLLGLLGVLTGLLLILI	0.263774	2.89621	0.930859	0.137712	898.621
LLLWYLLGLLGVLTGLLLILI	LLLWYLLGLLGTLTGLLLILI	2.89621	0.263774	0.137712	0.930859	886.903
LLLWYLLGLLGTLTGLLLILI	LLLYYLLGLLGTLTGLLLILI	-0.294948	-0.680356	0.372136	0.451187	859.999
LLLYYLLGLLGTLTGLLLILI	LLLYYLLGLLGTLVGLLLILI	-0.200684	2.17666	0.930859	0.137712	844.686
LLLYYLLGLLGTLVGLLLILI	LLLWYLLGLLGTLVGLLLILI	2.49014	2.87549	0.451187	0.372136	828.061
LLLWYLLGLLGTLVGLLLILI	LLLWYLLGLLGTLTGLLLILI	2.64106	0.263774	0.137712	0.930859	810.083
LLLWYLLGLLGTLTGLLLILI	LLLYYLLGLLGTLTGLLLILI	-0.294948	-0.680356	0.372136	0.451187	790.724
LLLYYLLGLLGTLTGLLLILI	LLLYYLLGLLGTLVGLLLILI	-0.200684	2.17666	0.930859	0.137712	769.974
LLLYYLLGLLGTLVGLLLILI	LLLYYLLGLLGTLTGLLLILI	2.17666	-0.200684	0.137712	0.930859	747.845
LLLYYLLGLLGTLTGLLLILI	LLLYWLLGLLGTLTGLLLILI	-0.680356	-0.856983	0.451187	0.372136	724.369
LLLYWLLGLLGTLTGLLLILI	LLLYWLLGLLFTLTGLLLILI	-0.344148	5.27449	0.884972	0.150342	699.602
LLLYWLLGLLFTLTGLLLILI	LLLYWLLGLLGTLTGLLLILI	5.27449	-0.344148	0.150342	0.884972	673.628
LLLYWLLGLLGTLTGLLLILI	LLLYYLLGLLGTLTGLLLILI	-0.856983	-0.680356	0.372136	0.451187	646.557
LLLYYLLGLLGTLTGLLLILI	LLLWYLLGLLGTLTGLLLILI	-0.680356	-0.294948	0.451187	0.372136	589.688
LLLWYLLGLLGTLTGLLLILI	LLLWWLLGLLGTLTGLLLILI	-0.518307	0.919042	0.148778	0.890414	530.348
LLLWWLLGLLGTLTGLLLILI	LLLYWLLGLLGTLTGLLLILI	0.919042	-1.08034	0.890414	0.148778	500.25
LLLYWLLGLLGTLTGLLLILI	LLLYYLLGLLGTLTGLLLILI	-0.856983	-0.680356	0.372136	0.451187	470.152
LLLYYLLGLLGTLTGLLLILI	LLLYWLLGLLGTLTGLLLILI	-0.680356	-0.856983	0.451187	0.372136	410.812
LLLYWLLGLLGTLTGLLLILI	LLLYYLLGLLGTLTGLLLILI	-0.856983	-0.680356	0.372136	0.451187	326.872
LLLYYLLGLLGTLTGLLLILI	LLLWYLLGLLGTLTGLLLILI	-0.680356	-0.294948	0.451187	0.372136	300.898
LLLWYLLGLLGTLTGLLLILI	LLLYYLLGLLGTLTGLLLILI	-0.294948	-0.680356	0.372136	0.451187	252.655
LLLYYLLGLLGTLTGLLLILI	LLLYWLLGLLGTLTGLLLILI	-0.680356	-0.856983	0.451187	0.372136	230.526
LLLYWLLGLLGTLTGLLLILI	LLLYYLLGLLGTLTGLLLILI	-0.856983	-0.680356	0.372136	0.451187	190.417
LLLYYLLGLLGTLTGLLLILI	LLLYWLLGLLGTLTGLLLILI	-0.680356	-0.856983	0.451187	0.372136	172.439
LLLYWLLGLLGTLTGLLLILI	LLLYYLLGLLGTLTGLLLILI	-0.856983	-0.680356	0.372136	0.451187	155.814
LLLYYLLGLLGTLTGLLLILI	LLLYWLLGLLGTLTGLLLILI	-0.680356	-0.856983	0.451187	0.372136	140.501
LLLYWLLGLLGTLTGLLLILI	LLLYYLLGLLGTLTGLLLILI	-0.856983	-0.680356	0.372136	0.451187	91.2238
LLLYYLLGLLGTLTGLLLILI	LLLWYLLGLLGTLTGLLLILI	-0.680356	-0.294948	0.451187	0.372136	81.5606
LLLWYLLGLLGTLTGLLLILI	LLLYYLLGLLGTLTGLLLILI	-0.294948	-0.680356	0.372136	0.451187	72.8169
LLLYYLLGLLGTLTGLLLILI	LLLYWLLGLLGTLTGLLLILI	-0.680356	-0.856983	0.451187	0.372136	45.6541
Time: 159s
