***STARTING GEOMETRY:***
xShift: 8.55477
crossingAngle: -46.4144
axialRotation: 34.3791
zShift: 5.02194

Number of MCCycles: 100
PrevSequence	CurrSequence	PrevEnergy	CurrEnergy	PrevEntropy	CurrEntropy	CurrentTemp
LLLALLTGLLTTLLTTLLILI	LLLALLYGLLTTLLTTLLILI	-18.7041	-22.8333	0.917682	0.141213	999.684
LLLALLYGLLTTLLTTLLILI	LLLGLLYGLLTTLLTTLLILI	-22.8204	-20.3327	0.154044	0.872342	999.328
LLLGLLYGLLTTLLTTLLILI	LLLGLLYGLLTVLLTTLLILI	-19.9287	-17.9385	1.27634	0.0728516	998.928
LLLGLLYGLLTVLLTTLLILI	LLLGLLYGLLTTLLTTLLILI	-17.9385	-19.9287	0.0728516	1.27634	998.476
LLLGLLYGLLTTLLTTLLILI	LLLALLYGLLTTLLTTLLILI	-20.3327	-22.8204	0.872342	0.154044	997.967
LLLALLYGLLTTLLTTLLILI	LLLALLFGLLTTLLTTLLILI	-22.3241	-20.181	0.650378	0.240035	996.749
LLLALLFGLLTTLLTTLLILI	LLLALLFGLLTTLLTYLLILI	-19.6048	-17.0818	0.816184	0.171816	996.023
LLLALLFGLLTTLLTYLLILI	LLLGLLFGLLTTLLTYLLILI	-17.0996	-14.8684	0.154044	0.872342	995.205
LLLGLLFGLLTTLLTYLLILI	LLLALLFGLLTTLLTYLLILI	-14.8684	-17.5269	0.872342	0.154044	994.285
LLLALLFGLLTTLLTYLLILI	LLLALLFGLLTTLLVYLLILI	-16.5525	-13.5985	1.12845	0.0952708	993.249
LLLALLFGLLTTLLVYLLILI	LLLALLYGLLTTLLVYLLILI	-13.5616	-15.7224	0.132101	0.952787	992.084
LLLALLYGLLTTLLVYLLILI	LLLALLYGLLTTLLTYLLILI	-16.58	-19.1059	0.0952708	1.12845	990.773
LLLALLYGLLTTLLTYLLILI	LLLALLFGLLTTLLTYLLILI	-19.2816	-17.5488	0.952787	0.132101	989.3
LLLALLFGLLTTLLTYLLILI	LLLALLFGLLTVLLTYLLILI	-16.5525	-10.6278	1.12845	0.0952708	987.644
LLLALLFGLLTVLLTYLLILI	LLLALLYGLLTVLLTYLLILI	-10.591	-12.7428	0.132101	0.952787	985.783
LLLALLYGLLTVLLTYLLILI	LLLALLFGLLTVLLTYLLILI	-12.7428	-10.591	0.952787	0.132101	983.694
LLLALLFGLLTVLLTYLLILI	LLLALLYGLLTVLLTYLLILI	-10.591	-12.7428	0.132101	0.952787	981.348
LLLALLYGLLTVLLTYLLILI	LLLALLYGLLTVLLVYLLILI	-13.0634	-10.2782	0.632162	0.249358	978.717
LLLALLYGLLTVLLVYLLILI	LLLALLYGLLTTLLVYLLILI	-10.2782	-16.0431	0.249358	0.632162	972.463
LLLALLYGLLTTLLVYLLILI	LLLALLYGLLTTLLVTLLILI	-16.2959	-18.9239	0.379341	0.443059	968.764
LLLALLYGLLTTLLVTLLILI	LLLALLYGLLTTLLVYLLILI	-18.9239	-16.2959	0.443059	0.379341	954.846
LLLALLYGLLTTLLVYLLILI	LLLALLYGLLTTLLVTLLILI	-16.2959	-18.9239	0.379341	0.443059	949.095
LLLALLYGLLTTLLVTLLILI	LLLALLFGLLTTLLVTLLILI	-18.7166	-16.5728	0.650378	0.240035	942.693
LLLALLFGLLTTLLVTLLILI	LLLALLFGLLTTLLVYLLILI	-16.1192	-13.4742	0.693609	0.219549	927.683
LLLALLFGLLTTLLVYLLILI	LLLWLLFGLLTTLLVYLLILI	-13.5879	-11.9038	0.105861	1.0712	918.939
LLLWLLFGLLTTLLVYLLILI	LLLWLLFGLLTTLLVTLLILI	-12.7554	-14.9731	0.219549	0.693609	909.276
LLLWLLFGLLTTLLVTLLILI	LLLWLLFGLLTTLLTTLLILI	-15.5938	-17.1781	0.0728516	1.27634	898.621
LLLWLLFGLLTTLLTTLLILI	LLLALLFGLLTTLLTTLLILI	-17.3833	-20.3152	1.0712	0.105861	886.903
LLLALLFGLLTTLLTTLLILI	LLLALLYGLLTTLLTTLLILI	-20.181	-22.3241	0.240035	0.650378	859.999
LLLALLYGLLTTLLTTLLILI	LLLALLYGLLTTLLVTLLILI	-21.6981	-19.2941	1.27634	0.0728516	844.686
LLLALLYGLLTTLLVTLLILI	LLLALLYGLLTTLLTTLLILI	-19.2941	-21.6981	0.0728516	1.27634	828.061
LLLALLYGLLTTLLTTLLILI	LLLALLYGLLTTLLVTLLILI	-21.6981	-19.2941	1.27634	0.0728516	790.724
LLLALLYGLLTTLLVTLLILI	LLLALLYGLLTTLLTTLLILI	-19.2941	-21.6981	0.0728516	1.27634	769.974
LLLALLYGLLTTLLTTLLILI	LLLALLYGLLTTLLTYLLILI	-22.4356	-19.9295	0.538845	0.30482	747.845
LLLALLYGLLTTLLTYLLILI	LLLALLYGLLTTLLTTLLILI	-19.9295	-22.4356	0.30482	0.538845	699.602
LLLALLYGLLTTLLTTLLILI	LLLALLYGLLTVLLTTLLILI	-21.6981	-19.708	1.27634	0.0728516	673.628
LLLALLYGLLTVLLTTLLILI	LLLGLLYGLLTVLLTTLLILI	-19.6268	-17.139	0.154044	0.872342	646.557
LLLGLLYGLLTVLLTTLLILI	LLLGLLYGLLTTLLTTLLILI	-17.9385	-19.9287	0.0728516	1.27634	618.524
LLLGLLYGLLTTLLTTLLILI	LLLALLYGLLTTLLTTLLILI	-20.3327	-22.8204	0.872342	0.154044	589.688
LLLALLYGLLTTLLTTLLILI	LLLALLYGLLTTLLVTLLILI	-21.6981	-19.2941	1.27634	0.0728516	560.23
LLLALLYGLLTTLLVTLLILI	LLLGLLYGLLTTLLVTLLILI	-19.2129	-16.7252	0.154044	0.872342	530.348
LLLGLLYGLLTTLLVTLLILI	LLLALLYGLLTTLLVTLLILI	-16.7252	-19.2129	0.872342	0.154044	470.152
LLLALLYGLLTTLLVTLLILI	LLLALLYGLLTTLLTTLLILI	-19.2941	-21.6981	0.0728516	1.27634	410.812
Time: 148s
