***STARTING GEOMETRY:***
xShift: 8.16057
crossingAngle: 32.2965
axialRotation: 99.4545
zShift: 2.20819

Number of MCCycles: 100
PrevSequence	CurrSequence	PrevEnergy	CurrEnergy	PrevEntropy	CurrEntropy	CurrentTemp
LLLWGLLTLLTSLTTLLLILI	LLLWGLLTLLTSLTFLLLILI	-22.5743	-22.3724	1.14683	0.0921195	999.684
LLLWGLLTLLTSLTFLLLILI	LLLWGLLWLLTSLTFLLLILI	-22.1729	-24.8331	0.291546	0.559121	999.328
LLLWGLLWLLTSLTFLLLILI	LLLWGLLWLLTSLTYLLLILI	-25.1522	-24.9838	0.240035	0.650378	998.928
LLLWGLLWLLTSLTYLLLILI	LLLYGLLWLLTSLTYLLLILI	-25.0353	-26.3223	0.598868	0.267575	998.476
LLLYGLLWLLTSLTYLLLILI	LLLYGLLWLLTSLTFLLLILI	-25.6371	-26.1708	0.952787	0.132101	997.967
LLLYGLLWLLTSLTFLLLILI	LLLYGLLWLLTALTFLLLILI	-25.6607	-27.0177	0.642213	0.244161	997.394
LLLYGLLWLLTALTFLLLILI	LLLYGLLYLLTALTFLLLILI	-26.8897	-26.1087	0.372136	0.451187	996.749
LLLYGLLYLLTALTFLLLILI	LLLFGLLYLLTALTFLLLILI	-25.9095	-25.3438	0.650378	0.240035	996.023
LLLFGLLYLLTALTFLLLILI	LLLFGLLYLLTALTYLLLILI	-25.3438	-25.8931	0.240035	0.650378	995.205
LLLFGLLYLLTALTYLLLILI	LLLFGLLYLLTALTFLLLILI	-25.8931	-25.3438	0.650378	0.240035	994.285
LLLFGLLYLLTALTFLLLILI	LLLFGLLYLLTALTYLLLILI	-25.3438	-25.8931	0.240035	0.650378	993.249
LLLFGLLYLLTALTYLLLILI	LLLFGLLYLLTGLTYLLLILI	-26.3894	-24.6621	0.154044	0.872342	992.084
LLLFGLLYLLTGLTYLLLILI	LLLFGLLWLLTGLTYLLLILI	-25.0833	-25.8705	0.451187	0.372136	990.773
LLLFGLLWLLTGLTYLLLILI	LLLFGLLYLLTGLTYLLLILI	-25.8705	-24.5616	0.372136	0.451187	989.3
LLLFGLLYLLTGLTYLLLILI	LLLFGLLWLLTGLTYLLLILI	-24.5616	-26.3942	0.451187	0.372136	987.644
LLLFGLLWLLTGLTYLLLILI	LLLFGLLYLLTGLTYLLLILI	-26.3942	-25.0833	0.372136	0.451187	985.783
LLLFGLLYLLTGLTYLLLILI	LLLFGLLWLLTGLTYLLLILI	-25.0833	-26.3942	0.451187	0.372136	983.694
LLLFGLLWLLTGLTYLLLILI	LLLYGLLWLLTGLTYLLLILI	-26.6343	-26.355	0.132101	0.952787	981.348
LLLYGLLWLLTGLTYLLLILI	LLLYGLLWLLTGLTFLLLILI	-26.355	-25.5015	0.952787	0.132101	978.717
LLLYGLLWLLTGLTFLLLILI	LLLYGLLWLLTALTFLLLILI	-24.7613	-27.1078	0.872342	0.154044	975.768
LLLYGLLWLLTALTFLLLILI	LLLYGLLWLLTALTYLLLILI	-27.1297	-27.4607	0.132101	0.952787	972.463
LLLYGLLWLLTALTYLLLILI	LLLFGLLWLLTALTYLLLILI	-27.4607	-27.2163	0.952787	0.132101	968.764
LLLFGLLWLLTALTYLLLILI	LLLFGLLWLLTALTFLLLILI	-26.9381	-25.7865	0.410343	0.410343	964.627
LLLFGLLWLLTALTFLLLILI	LLLFGLLWLLTALTYLLLILI	-25.7865	-26.9381	0.410343	0.410343	960.005
LLLFGLLWLLTALTYLLLILI	LLLFGLLWLLTGLTYLLLILI	-27.1944	-25.894	0.154044	0.872342	954.846
LLLFGLLWLLTGLTYLLLILI	LLLFGLLWLLTALTYLLLILI	-25.894	-27.1944	0.872342	0.154044	949.095
LLLFGLLWLLTALTYLLLILI	LLLYGLLWLLTALTYLLLILI	-27.2163	-26.4356	0.132101	0.952787	942.693
LLLYGLLWLLTALTYLLLILI	LLLYGLLWLLYALTYLLLILI	-27.1504	-23.3291	0.238039	0.654392	935.578
LLLYGLLWLLYALTYLLLILI	LLLYGLLWLLYALTFLLLILI	-22.8315	-23.2978	1.15198	0.0912572	927.683
LLLYGLLWLLYALTFLLLILI	LLLYGLLWLLTALTFLLLILI	-22.884	-26.9295	0.505042	0.328724	918.939
LLLYGLLWLLTALTFLLLILI	LLLYGLLWLLTALTYLLLILI	-27.1262	-27.4607	0.132101	0.952787	909.276
LLLYGLLWLLTALTYLLLILI	LLLYGLLWLLTGLTYLLLILI	-28.2594	-26.4355	0.154044	0.872342	898.621
LLLYGLLWLLTGLTYLLLILI	LLLYGLLWLLTALTYLLLILI	-26.4355	-28.2594	0.872342	0.154044	886.903
LLLYGLLWLLTALTYLLLILI	LLLYGLLWLLTALTFLLLILI	-27.4607	-27.1297	0.952787	0.132101	874.051
LLLYGLLWLLTALTFLLLILI	LLLYGLLWLLTSLTFLLLILI	-27.0177	-25.6607	0.244161	0.642213	859.999
LLLYGLLWLLTSLTFLLLILI	LLLYGLLWLLTALTFLLLILI	-25.6607	-27.0177	0.642213	0.244161	844.686
LLLYGLLWLLTALTFLLLILI	LLLYGLLWLLTALTYLLLILI	-27.1297	-27.4607	0.132101	0.952787	828.061
LLLYGLLWLLTALTYLLLILI	LLLYGLLWLLTALTFLLLILI	-27.4607	-27.1262	0.952787	0.132101	810.083
LLLYGLLWLLTALTFLLLILI	LLLYGLLWLLTSLTFLLLILI	-27.0141	-25.6607	0.244161	0.642213	790.724
LLLYGLLWLLTSLTFLLLILI	LLLYGLLWLLTSLTYLLLILI	-26.1708	-26.0617	0.132101	0.952787	769.974
LLLYGLLWLLTSLTYLLLILI	LLLYGLLWLLTALTYLLLILI	-26.3722	-28.1693	0.642213	0.244161	747.845
LLLYGLLWLLTALTYLLLILI	LLLYGLLWLLTGLTYLLLILI	-28.2594	-26.9592	0.154044	0.872342	724.369
LLLYGLLWLLTGLTYLLLILI	LLLYGLLWLLTGLTFLLLILI	-26.8788	-25.4958	0.952787	0.132101	699.602
LLLYGLLWLLTGLTFLLLILI	LLLYGLLWLLTGLTYLLLILI	-25.4958	-26.352	0.132101	0.952787	673.628
LLLYGLLWLLTGLTYLLLILI	LLLYGLLYLLTGLTYLLLILI	-27.0327	-25.3948	0.272043	0.591129	646.557
LLLYGLLYLLTGLTYLLLILI	LLLYGLLYLLTALTYLLLILI	-25.1136	-27.3654	0.872342	0.154044	618.524
LLLYGLLYLLTALTYLLLILI	LLLYGLLWLLTALTYLLLILI	-26.9283	-28.1414	0.591129	0.272043	589.688
LLLYGLLWLLTALTYLLLILI	LLLYGLLYLLTALTYLLLILI	-28.1414	-26.9283	0.272043	0.591129	560.23
LLLYGLLYLLTALTYLLLILI	LLLYGLLYLLTALTFLLLILI	-26.3675	-26.4722	1.15198	0.0912572	530.348
LLLYGLLYLLTALTFLLLILI	LLLYGLLWLLTALTFLLLILI	-26.1122	-26.8897	0.451187	0.372136	500.25
LLLYGLLWLLTALTFLLLILI	LLLFGLLWLLTALTFLLLILI	-26.8515	-25.7865	0.410343	0.410343	440.27
LLLFGLLWLLTALTFLLLILI	LLLYGLLWLLTALTFLLLILI	-25.7865	-26.8515	0.410343	0.410343	410.812
LLLYGLLWLLTALTFLLLILI	LLLYGLLWLLTALTYLLLILI	-27.1297	-27.4607	0.132101	0.952787	381.976
LLLYGLLWLLTALTYLLLILI	LLLYGLLWLLTALTFLLLILI	-27.4607	-27.1297	0.952787	0.132101	326.872
LLLYGLLWLLTALTFLLLILI	LLLYGLLWLLTALTYLLLILI	-27.1297	-27.4607	0.132101	0.952787	300.898
LLLYGLLWLLTALTYLLLILI	LLLYGLLWLLTALTFLLLILI	-27.4607	-27.1262	0.952787	0.132101	276.131
LLLYGLLWLLTALTFLLLILI	LLLFGLLWLLTALTFLLLILI	-26.8479	-25.7865	0.410343	0.410343	252.655
LLLFGLLWLLTALTFLLLILI	LLLYGLLWLLTALTFLLLILI	-25.7865	-26.8479	0.410343	0.410343	230.526
LLLYGLLWLLTALTFLLLILI	LLLYGLLWLLTALTYLLLILI	-27.1262	-27.4607	0.132101	0.952787	209.776
LLLYGLLWLLTALTYLLLILI	LLLYGLLWLLTALTFLLLILI	-27.4607	-27.1297	0.952787	0.132101	190.417
LLLYGLLWLLTALTFLLLILI	LLLYGLLWLLTALTYLLLILI	-27.1297	-27.4607	0.132101	0.952787	140.501
LLLYGLLWLLTALTYLLLILI	LLLFGLLWLLTALTYLLLILI	-27.4607	-27.2163	0.952787	0.132101	126.449
LLLFGLLWLLTALTYLLLILI	LLLFGLLWLLTGLTYLLLILI	-27.1944	-25.894	0.154044	0.872342	113.597
LLLFGLLWLLTGLTYLLLILI	LLLFGLLWLLTALTYLLLILI	-25.894	-27.1944	0.872342	0.154044	101.879
LLLFGLLWLLTALTYLLLILI	LLLYGLLWLLTALTYLLLILI	-27.2163	-27.4607	0.132101	0.952787	91.2238
Time: 124s
