***STARTING GEOMETRY:***
xShift: 8.13864
crossingAngle: 33.8729
axialRotation: 99.728
zShift: 2.20243

Number of MCCycles: 100
PrevSequence	CurrSequence	PrevEnergy	CurrEnergy	PrevEntropy	CurrEntropy	CurrentTemp
LLLWGLLTLLTSLTTLLLILI	LLLWGLLWLLTSLTTLLLILI	-23.3338	-28.4348	0.363705	0.460972	999.684
LLLWGLLWLLTSLTTLLLILI	LLLYGLLWLLTSLTTLLLILI	-28.0054	-29.6572	0.890414	0.148778	999.328
LLLYGLLWLLTSLTTLLLILI	LLLFGLLWLLTSLTTLLLILI	-29.1556	-28.4958	0.650378	0.240035	998.928
LLLFGLLWLLTSLTTLLLILI	LLLYGLLWLLTSLTTLLLILI	-28.4958	-29.1556	0.240035	0.650378	998.476
LLLYGLLWLLTSLTTLLLILI	LLLFGLLWLLTSLTTLLLILI	-29.1556	-28.4958	0.650378	0.240035	997.394
LLLFGLLWLLTSLTTLLLILI	LLLFGLLYLLTSLTTLLLILI	-28.1369	-27.0795	0.598868	0.267575	996.749
LLLFGLLYLLTSLTTLLLILI	LLLFGLLWLLTSLTTLLLILI	-27.0795	-28.1369	0.267575	0.598868	996.023
LLLFGLLWLLTSLTTLLLILI	LLLYGLLWLLTSLTTLLLILI	-28.4958	-29.1556	0.240035	0.650378	995.205
LLLYGLLWLLTSLTTLLLILI	LLLYGLLYLLTSLTTLLLILI	-29.4338	-27.877	0.372136	0.451187	994.285
LLLYGLLYLLTSLTTLLLILI	LLLYGLLYLLTSLVTLLLILI	-27.1998	-24.7538	1.12845	0.0952708	993.249
LLLYGLLYLLTSLVTLLLILI	LLLYGLLYLLSSLVTLLLILI	-24.4082	-18.3793	0.440933	0.381257	992.084
LLLYGLLYLLSSLVTLLLILI	LLLYGLLYLLSSLVYLLLILI	-18.6296	-14.4252	0.130904	0.9576	990.773
LLLYGLLYLLSSLVYLLLILI	LLLYGLLYLLTSLVYLLLILI	-14.7715	-21.3713	0.61127	0.260603	989.3
LLLYGLLYLLTSLVYLLLILI	LLLYGLLWLLTSLVYLLLILI	-21.0408	-21.2839	0.591129	0.272043	987.644
LLLYGLLWLLTSLVYLLLILI	LLLYGLLWLLTSLVFLLLILI	-20.6031	-22.4389	0.952787	0.132101	985.783
LLLYGLLWLLTSLVFLLLILI	LLLYGLLWLLTALVFLLLILI	-21.9288	-23.2927	0.642213	0.244161	983.694
LLLYGLLWLLTALVFLLLILI	LLLYGLLWLLTALTFLLLILI	-23.3991	-26.3009	0.137712	0.930859	981.348
LLLYGLLWLLTALTFLLLILI	LLLYGLLYLLTALTFLLLILI	-26.8596	-26.0939	0.372136	0.451187	978.717
LLLYGLLYLLTALTFLLLILI	LLLYGLLYLLTALTYLLLILI	-26.4538	-26.3445	0.0912572	1.15198	975.768
LLLYGLLYLLTALTYLLLILI	LLLFGLLYLLTALTYLLLILI	-26.3445	-26.4237	1.15198	0.0912572	972.463
LLLFGLLYLLTALTYLLLILI	LLLYGLLYLLTALTYLLLILI	-26.4237	-26.3445	0.0912572	1.15198	968.764
LLLYGLLYLLTALTYLLLILI	LLLFGLLYLLTALTYLLLILI	-26.3445	-26.4237	1.15198	0.0912572	964.627
LLLFGLLYLLTALTYLLLILI	LLLFGLLYLLTALVYLLLILI	-25.5841	-22.5593	0.930859	0.137712	960.005
LLLFGLLYLLTALVYLLLILI	LLLFGLLWLLTALVYLLLILI	-22.2458	-23.132	0.451187	0.372136	954.846
LLLFGLLWLLTALVYLLLILI	LLLFGLLWLLTALVFLLLILI	-23.0938	-22.0559	0.410343	0.410343	949.095
LLLFGLLWLLTALVFLLLILI	LLLFGLLWLLTGLVFLLLILI	-22.3122	-19.9328	0.154044	0.872342	942.693
LLLFGLLWLLTGLVFLLLILI	LLLFGLLYLLTGLVFLLLILI	-20.2062	-19.5023	0.598868	0.267575	935.578
LLLFGLLYLLTGLVFLLLILI	LLLFGLLYLLTGLVYLLLILI	-19.5299	-20.9198	0.240035	0.650378	927.683
LLLFGLLYLLTGLVYLLLILI	LLLFGLLYLLTGLTYLLLILI	-21.4325	-24.5587	0.137712	0.930859	918.939
LLLFGLLYLLTGLTYLLLILI	LLLFGLLYLLTALTYLLLILI	-24.6172	-26.3609	0.872342	0.154044	909.276
LLLFGLLYLLTALTYLLLILI	LLLFGLLWLLTALTYLLLILI	-26.0638	-26.9519	0.451187	0.372136	898.621
LLLFGLLWLLTALTYLLLILI	LLLYGLLWLLTALTYLLLILI	-27.192	-27.4418	0.132101	0.952787	886.903
LLLYGLLWLLTALTYLLLILI	LLLYGLLWLLTALTFLLLILI	-27.4418	-27.112	0.952787	0.132101	874.051
LLLYGLLWLLTALTFLLLILI	LLLYGLLYLLTALTFLLLILI	-26.8719	-26.0939	0.372136	0.451187	859.999
LLLYGLLYLLTALTFLLLILI	LLLYGLLYLLTALTYLLLILI	-26.4538	-26.3445	0.0912572	1.15198	844.686
LLLYGLLYLLTALTYLLLILI	LLLYGLLYLLTALVYLLLILI	-26.5656	-23.5408	0.930859	0.137712	828.061
LLLYGLLYLLTALVYLLLILI	LLLFGLLYLLTALVYLLLILI	-22.5265	-22.6057	1.15198	0.0912572	810.083
LLLFGLLYLLTALVYLLLILI	LLLFGLLYLLTALVFLLLILI	-22.0466	-21.6111	0.650378	0.240035	790.724
LLLFGLLYLLTALVFLLLILI	LLLFGLLYLLTALTFLLLILI	-21.7134	-24.6328	0.137712	0.930859	769.974
LLLFGLLYLLTALTFLLLILI	LLLFGLLWLLTALTFLLLILI	-25.296	-25.5747	0.267575	0.598868	747.845
LLLFGLLWLLTALTFLLLILI	LLLFGLLWLLTGLTFLLLILI	-26.0195	-23.6724	0.154044	0.872342	724.369
LLLFGLLWLLTGLTFLLLILI	LLLFGLLYLLTGLTFLLLILI	-23.9458	-23.24	0.598868	0.267575	699.602
LLLFGLLYLLTGLTFLLLILI	LLLFGLLYLLTGLTYLLLILI	-23.2675	-24.323	0.240035	0.650378	673.628
LLLFGLLYLLTGLTYLLLILI	LLLFGLLYLLTGLTFLLLILI	-24.323	-23.2675	0.650378	0.240035	646.557
LLLFGLLYLLTGLTFLLLILI	LLLFGLLYLLTGLTYLLLILI	-23.2675	-24.323	0.240035	0.650378	618.524
LLLFGLLYLLTGLTYLLLILI	LLLFGLLYLLTGLTFLLLILI	-24.323	-23.2675	0.650378	0.240035	589.688
LLLFGLLYLLTGLTFLLLILI	LLLFGLLYLLTGLTYLLLILI	-23.2675	-24.323	0.240035	0.650378	560.23
LLLFGLLYLLTGLTYLLLILI	LLLFGLLYLLTALTYLLLILI	-24.101	-26.3609	0.872342	0.154044	530.348
LLLFGLLYLLTALTYLLLILI	LLLFGLLYLLTGLTYLLLILI	-26.3609	-24.6172	0.154044	0.872342	500.25
LLLFGLLYLLTGLTYLLLILI	LLLFGLLYLLTGLTFLLLILI	-24.8392	-23.2675	0.650378	0.240035	470.152
LLLFGLLYLLTGLTFLLLILI	LLLFGLLYLLTGLTYLLLILI	-23.2675	-24.323	0.240035	0.650378	440.27
LLLFGLLYLLTGLTYLLLILI	LLLYGLLYLLTGLTYLLLILI	-24.8821	-25.3193	0.0912572	1.15198	410.812
LLLYGLLYLLTGLTYLLLILI	LLLYGLLWLLTGLTYLLLILI	-25.8801	-27.0029	0.591129	0.272043	381.976
LLLYGLLWLLTGLTYLLLILI	LLLYGLLWLLTGLTFLLLILI	-26.3221	-25.4833	0.952787	0.132101	353.943
LLLYGLLWLLTGLTFLLLILI	LLLYGLLWLLTGLTYLLLILI	-25.4833	-26.8435	0.132101	0.952787	326.872
LLLYGLLWLLTGLTYLLLILI	LLLYGLLWLLTALTYLLLILI	-26.924	-28.2405	0.872342	0.154044	300.898
LLLYGLLWLLTALTYLLLILI	LLLYGLLWLLTALTFLLLILI	-27.4418	-27.1155	0.952787	0.132101	276.131
LLLYGLLWLLTALTFLLLILI	LLLYGLLWLLTALTYLLLILI	-27.1155	-27.4418	0.132101	0.952787	252.655
LLLYGLLWLLTALTYLLLILI	LLLFGLLWLLTALTYLLLILI	-27.4418	-27.192	0.952787	0.132101	230.526
LLLFGLLWLLTALTYLLLILI	LLLYGLLWLLTALTYLLLILI	-27.192	-27.4418	0.132101	0.952787	172.439
LLLYGLLWLLTALTYLLLILI	LLLYGLLWLLTALTFLLLILI	-27.4418	-27.112	0.952787	0.132101	155.814
LLLYGLLWLLTALTFLLLILI	LLLYGLLWLLTALTYLLLILI	-27.112	-27.4418	0.132101	0.952787	140.501
LLLYGLLWLLTALTYLLLILI	LLLFGLLWLLTALTYLLLILI	-27.4418	-27.192	0.952787	0.132101	91.2238
LLLFGLLWLLTALTYLLLILI	LLLFGLLWLLTALTFLLLILI	-26.9137	-25.7632	0.410343	0.410343	81.5606
LLLFGLLWLLTALTFLLLILI	LLLFGLLWLLTALTYLLLILI	-25.7632	-25.8764	0.410343	0.410343	72.8169
LLLFGLLWLLTALTYLLLILI	LLLYGLLWLLTALTYLLLILI	-26.1547	-27.4418	0.132101	0.952787	64.9219
Time: 118s
