MCAccept 0 xShift: 7.03 crossingAngle: -43.03 axialRotation: -23.18 zShift: 4.48426 energy: 65.6766
MCAccept 1 xShift: 7.03 crossingAngle: -43.03 axialRotation: -23.0724 zShift: 4.48426 energy: 65.6766
MCAccept 2 xShift: 7.03 crossingAngle: -43.0814 axialRotation: -23.0724 zShift: 4.48426 energy: 65.6758
MCReject   xShift: 7.03 crossingAngle: -43.0814 axialRotation: -23.0724 zShift: 4.48689 energy: 65.8523
MCAccept 3 xShift: 7.03 crossingAngle: -42.878 axialRotation: -23.0724 zShift: 4.48426 energy: 65.6758
MCAccept 4 xShift: 7.03 crossingAngle: -42.7863 axialRotation: -23.0724 zShift: 4.48426 energy: 65.6766
MCAccept 5 xShift: 7.03368 crossingAngle: -42.7863 axialRotation: -23.0724 zShift: 4.48426 energy: 65.6758
MCAccept 6 xShift: 7.0106 crossingAngle: -42.7863 axialRotation: -23.0724 zShift: 4.48426 energy: 65.6758
MCAccept 7 xShift: 7.0106 crossingAngle: -42.7863 axialRotation: -23.0724 zShift: 4.47964 energy: 65.4565
MCAccept 8 xShift: 7.0106 crossingAngle: -42.7863 axialRotation: -23.0724 zShift: 4.48127 energy: 65.534
MCReject   xShift: 7.0106 crossingAngle: -42.7863 axialRotation: -23.0724 zShift: 4.49592 energy: 66.2892
MCAccept 9 xShift: 7.0106 crossingAngle: -42.7863 axialRotation: -23.0204 zShift: 4.48127 energy: 65.5332
MCAccept 10 xShift: 7.0106 crossingAngle: -42.7863 axialRotation: -23.0204 zShift: 4.48105 energy: 65.5235
MCAccept 11 xShift: 7.0106 crossingAngle: -42.7863 axialRotation: -23.0856 zShift: 4.48105 energy: 65.5227
MCAccept 12 xShift: 7.0106 crossingAngle: -42.689 axialRotation: -23.0856 zShift: 4.48105 energy: 65.5227
MCAccept 13 xShift: 7.0106 crossingAngle: -42.689 axialRotation: -23.1105 zShift: 4.48105 energy: 65.5227
MCAccept 14 xShift: 7.0106 crossingAngle: -42.689 axialRotation: -23.1105 zShift: 4.47476 energy: 65.226
MCReject   xShift: 7.0106 crossingAngle: -42.689 axialRotation: -23.1105 zShift: 4.47893 energy: 65.422
MCAccept 15 xShift: 7.0106 crossingAngle: -42.7796 axialRotation: -23.1105 zShift: 4.47476 energy: 65.2751
MCAccept 16 xShift: 7.0106 crossingAngle: -42.7796 axialRotation: -23.1105 zShift: 4.46998 energy: 65.0015
MCAccept 17 xShift: 6.99802 crossingAngle: -42.7796 axialRotation: -23.1105 zShift: 4.46998 energy: 65.0015
MCAccept 18 xShift: 6.99802 crossingAngle: -42.6327 axialRotation: -23.1105 zShift: 4.46998 energy: 65.0015
MCAccept 19 xShift: 6.98823 crossingAngle: -42.6327 axialRotation: -23.1105 zShift: 4.46998 energy: 65.0022
MCAccept 20 xShift: 6.97603 crossingAngle: -42.6327 axialRotation: -23.1105 zShift: 4.46998 energy: 65.0022
MCAccept 21 xShift: 6.97603 crossingAngle: -42.6327 axialRotation: -23.1105 zShift: 4.46021 energy: 64.5488
MCAccept 22 xShift: 6.97603 crossingAngle: -42.448 axialRotation: -23.1105 zShift: 4.46021 energy: 64.5488
MCAccept 23 xShift: 6.97603 crossingAngle: -42.448 axialRotation: -23.2321 zShift: 4.46021 energy: 64.5488
MCAccept 24 xShift: 6.97603 crossingAngle: -42.448 axialRotation: -23.3694 zShift: 4.46021 energy: 64.5488
MCReject   xShift: 6.97603 crossingAngle: -42.448 axialRotation: -23.3694 zShift: 4.4744 energy: 65.2581
MCAccept 25 xShift: 6.98123 crossingAngle: -42.448 axialRotation: -23.3694 zShift: 4.46021 energy: 64.5488
MCAccept 26 xShift: 6.98123 crossingAngle: -42.5571 axialRotation: -23.3694 zShift: 4.46021 energy: 64.5488
MCAccept 27 xShift: 6.98123 crossingAngle: -42.5571 axialRotation: -23.31 zShift: 4.46021 energy: 64.5488
MCAccept 28 xShift: 6.98123 crossingAngle: -42.5571 axialRotation: -23.2023 zShift: 4.46021 energy: 64.5488
MCAccept 29 xShift: 6.98123 crossingAngle: -42.6498 axialRotation: -23.2023 zShift: 4.46021 energy: 64.5488
MCAccept 30 xShift: 6.98123 crossingAngle: -42.7712 axialRotation: -23.2023 zShift: 4.46021 energy: 64.5488
MCReject   xShift: 6.98123 crossingAngle: -42.7712 axialRotation: -23.2023 zShift: 4.46504 energy: 64.7713
MCAccept 31 xShift: 6.99965 crossingAngle: -42.7712 axialRotation: -23.2023 zShift: 4.46021 energy: 64.5488
MCAccept 32 xShift: 6.99965 crossingAngle: -42.847 axialRotation: -23.2023 zShift: 4.46021 energy: 64.5496
MCAccept 33 xShift: 6.99965 crossingAngle: -42.847 axialRotation: -23.1603 zShift: 4.46021 energy: 64.5488
MCAccept 34 xShift: 6.99965 crossingAngle: -42.847 axialRotation: -23.1603 zShift: 4.46099 energy: 64.5855
MCAccept 35 xShift: 6.99965 crossingAngle: -42.7868 axialRotation: -23.1603 zShift: 4.46099 energy: 64.5855
MCAccept 36 xShift: 6.99965 crossingAngle: -42.7868 axialRotation: -23.1076 zShift: 4.46099 energy: 64.5847
MCReject   xShift: 6.99965 crossingAngle: -42.7868 axialRotation: -23.1076 zShift: 4.46738 energy: 64.9304
MCAccept 37 xShift: 7.01205 crossingAngle: -42.7868 axialRotation: -23.1076 zShift: 4.46099 energy: 64.5847
MCAccept 38 xShift: 7.01205 crossingAngle: -42.7868 axialRotation: -23.1881 zShift: 4.46099 energy: 64.5847
MCAccept 39 xShift: 7.01205 crossingAngle: -42.6999 axialRotation: -23.1881 zShift: 4.46099 energy: 64.5847
MCReject   xShift: 7.01205 crossingAngle: -42.6999 axialRotation: -23.1881 zShift: 4.46653 energy: 64.8407
MCAccept 40 xShift: 7.00736 crossingAngle: -42.6999 axialRotation: -23.1881 zShift: 4.46099 energy: 64.5847
MCAccept 41 xShift: 7.00736 crossingAngle: -42.6999 axialRotation: -23.2397 zShift: 4.46099 energy: 64.634
MCAccept 42 xShift: 7.00736 crossingAngle: -42.6999 axialRotation: -23.374 zShift: 4.46099 energy: 64.5855
MCAccept 43 xShift: 7.00736 crossingAngle: -42.6999 axialRotation: -23.374 zShift: 4.45084 energy: 64.1213
MCAccept 44 xShift: 7.00736 crossingAngle: -42.9476 axialRotation: -23.374 zShift: 4.45084 energy: 64.1221
MCAccept 45 xShift: 7.0079 crossingAngle: -42.9476 axialRotation: -23.374 zShift: 4.45084 energy: 64.1703
MCAccept 46 xShift: 7.00819 crossingAngle: -42.9476 axialRotation: -23.374 zShift: 4.45084 energy: 64.1221
MCAccept 47 xShift: 7.00184 crossingAngle: -42.9476 axialRotation: -23.374 zShift: 4.45084 energy: 64.1213
MCAccept 48 xShift: 7.00184 crossingAngle: -42.9476 axialRotation: -23.1834 zShift: 4.45084 energy: 64.1703
MCAccept 49 xShift: 7.00184 crossingAngle: -42.9476 axialRotation: -23.1954 zShift: 4.45084 energy: 64.1703
MCReject   xShift: 7.00184 crossingAngle: -42.9476 axialRotation: -23.1954 zShift: 4.45424 energy: 64.2755
MCAccept 50 xShift: 7.00184 crossingAngle: -42.9008 axialRotation: -23.1954 zShift: 4.45084 energy: 64.1213
MCAccept 51 xShift: 7.00184 crossingAngle: -42.9008 axialRotation: -23.2511 zShift: 4.45084 energy: 64.1213
MCReject   xShift: 7.00184 crossingAngle: -42.9008 axialRotation: -23.2511 zShift: 4.46138 energy: 64.6023
MCAccept 52 xShift: 7.00562 crossingAngle: -42.9008 axialRotation: -23.2511 zShift: 4.45084 energy: 64.1213
MCAccept 53 xShift: 7.00606 crossingAngle: -42.9008 axialRotation: -23.2511 zShift: 4.45084 energy: 64.1221
MCAccept 54 xShift: 7.00606 crossingAngle: -42.9008 axialRotation: -23.1304 zShift: 4.45084 energy: 64.1703
MCAccept 55 xShift: 7.00606 crossingAngle: -42.9008 axialRotation: -23.1825 zShift: 4.45084 energy: 64.1221
MCAccept 56 xShift: 7.00606 crossingAngle: -42.9008 axialRotation: -23.1825 zShift: 4.4501 energy: 64.0879
MCAccept 57 xShift: 7.00606 crossingAngle: -42.8709 axialRotation: -23.1825 zShift: 4.4501 energy: 64.0879
MCAccept 58 xShift: 7.00606 crossingAngle: -42.8709 axialRotation: -23.093 zShift: 4.4501 energy: 64.0887
MCAccept 59 xShift: 7.00606 crossingAngle: -42.7298 axialRotation: -23.093 zShift: 4.4501 energy: 64.0879
MCAccept 60 xShift: 7.00606 crossingAngle: -42.7298 axialRotation: -23.093 zShift: 4.44921 energy: 64.0478
MCAccept 61 xShift: 7.00606 crossingAngle: -42.4907 axialRotation: -23.093 zShift: 4.44921 energy: 64.0478
MCAccept 62 xShift: 7.00606 crossingAngle: -42.4907 axialRotation: -22.9933 zShift: 4.44921 energy: 64.0478
MCAccept 63 xShift: 7.00606 crossingAngle: -42.4907 axialRotation: -22.9429 zShift: 4.44921 energy: 64.0478
MCAccept 64 xShift: 7.00606 crossingAngle: -42.3007 axialRotation: -22.9429 zShift: 4.44921 energy: 64.0485
MCAccept 65 xShift: 7.00606 crossingAngle: -42.2579 axialRotation: -22.9429 zShift: 4.44921 energy: 64.0485
MCAccept 66 xShift: 7.00606 crossingAngle: -42.31 axialRotation: -22.9429 zShift: 4.44921 energy: 64.0478
MCReject   xShift: 7.00606 crossingAngle: -42.31 axialRotation: -22.9429 zShift: 4.45434 energy: 64.2801
MCAccept 67 xShift: 7.00606 crossingAngle: -42.31 axialRotation: -23.0072 zShift: 4.44921 energy: 64.0478
MCAccept 68 xShift: 7.00606 crossingAngle: -42.31 axialRotation: -22.9503 zShift: 4.44921 energy: 64.0478
MCAccept 69 xShift: 7.00606 crossingAngle: -42.2212 axialRotation: -22.9503 zShift: 4.44921 energy: 64.0485
MCReject   xShift: 7.00606 crossingAngle: -42.2212 axialRotation: -22.9503 zShift: 4.46933 energy: 64.9711
MCAccept 70 xShift: 7.00606 crossingAngle: -42.1775 axialRotation: -22.9503 zShift: 4.44921 energy: 64.0478
MCAccept 71 xShift: 7.01116 crossingAngle: -42.1775 axialRotation: -22.9503 zShift: 4.44921 energy: 64.0478
MCAccept 72 xShift: 7.01116 crossingAngle: -41.9895 axialRotation: -22.9503 zShift: 4.44921 energy: 64.0485
MCAccept 73 xShift: 7.01116 crossingAngle: -42.2347 axialRotation: -22.9503 zShift: 4.44921 energy: 64.0478
MCAccept 74 xShift: 7.01116 crossingAngle: -42.4134 axialRotation: -22.9503 zShift: 4.44921 energy: 64.0478
MCAccept 75 xShift: 7.00226 crossingAngle: -42.4134 axialRotation: -22.9503 zShift: 4.44921 energy: 64.0478
MCReject   xShift: 7.00226 crossingAngle: -42.4134 axialRotation: -22.9503 zShift: 4.45719 energy: 64.4103
MCAccept 76 xShift: 7.00226 crossingAngle: -42.4134 axialRotation: -22.9077 zShift: 4.44921 energy: 64.0478
MCAccept 77 xShift: 7.00226 crossingAngle: -42.4134 axialRotation: -22.9077 zShift: 4.44354 energy: 63.794
MCReject   xShift: 7.00226 crossingAngle: -42.4134 axialRotation: -22.9847 zShift: 4.44354 energy: 63.8419
MCAccept 78 xShift: 7.00226 crossingAngle: -42.4134 axialRotation: -22.9077 zShift: 4.4324 energy: 63.2998
MCAccept 79 xShift: 7.00226 crossingAngle: -42.4134 axialRotation: -22.9077 zShift: 4.42634 energy: 63.0358
MCReject   xShift: 6.99496 crossingAngle: -42.4134 axialRotation: -22.9077 zShift: 4.42634 energy: 63.0838
MCAccept 80 xShift: 7.00226 crossingAngle: -42.4134 axialRotation: -22.9698 zShift: 4.42634 energy: 63.0366
MCAccept 81 xShift: 7.00226 crossingAngle: -42.4134 axialRotation: -23.0572 zShift: 4.42634 energy: 63.0366
MCAccept 82 xShift: 7.00795 crossingAngle: -42.4134 axialRotation: -23.0572 zShift: 4.42634 energy: 63.0358
MCAccept 83 xShift: 7.00795 crossingAngle: -42.2234 axialRotation: -23.0572 zShift: 4.42634 energy: 63.0358
MCAccept 84 xShift: 7.00795 crossingAngle: -42.2234 axialRotation: -23.0572 zShift: 4.4226 energy: 62.874
MCAccept 85 xShift: 7.00795 crossingAngle: -42.2234 axialRotation: -23.2393 zShift: 4.4226 energy: 62.874
MCReject   xShift: 6.99966 crossingAngle: -42.2234 axialRotation: -23.2393 zShift: 4.4226 energy: 62.8747
MCAccept 86 xShift: 7.00795 crossingAngle: -42.1733 axialRotation: -23.2393 zShift: 4.4226 energy: 62.8747
MCAccept 87 xShift: 7.00795 crossingAngle: -42.1733 axialRotation: -23.2393 zShift: 4.40989 energy: 62.3318
MCAccept 88 xShift: 7.00795 crossingAngle: -42.1733 axialRotation: -23.202 zShift: 4.40989 energy: 62.3318
MCAccept 89 xShift: 7.01216 crossingAngle: -42.1733 axialRotation: -23.202 zShift: 4.40989 energy: 62.3318
MCReject   xShift: 7.01216 crossingAngle: -42.1733 axialRotation: -23.202 zShift: 4.41342 energy: 62.5284
MCAccept 90 xShift: 7.01216 crossingAngle: -42.1733 axialRotation: -23.0549 zShift: 4.40989 energy: 62.3318
MCAccept 91 xShift: 7.00713 crossingAngle: -42.1733 axialRotation: -23.0549 zShift: 4.40989 energy: 62.3326
MCAccept 92 xShift: 7.00713 crossingAngle: -42.1766 axialRotation: -23.0549 zShift: 4.40989 energy: 62.3326
MCReject   xShift: 7.00713 crossingAngle: -42.1766 axialRotation: -23.0549 zShift: 4.41209 energy: 62.4253
MCAccept 93 xShift: 7.00713 crossingAngle: -42.0304 axialRotation: -23.0549 zShift: 4.40989 energy: 62.3326
MCAccept 94 xShift: 7.03069 crossingAngle: -42.0304 axialRotation: -23.0549 zShift: 4.40989 energy: 62.3326
MCAccept 95 xShift: 7.03069 crossingAngle: -42.0892 axialRotation: -23.0549 zShift: 4.40989 energy: 62.3318
MCAccept 96 xShift: 7.02508 crossingAngle: -42.0892 axialRotation: -23.0549 zShift: 4.40989 energy: 62.3318
MCReject   xShift: 7.02508 crossingAngle: -42.0892 axialRotation: -23.0549 zShift: 4.43045 energy: 63.2144
MCAccept 97 xShift: 7.02508 crossingAngle: -41.9194 axialRotation: -23.0549 zShift: 4.40989 energy: 62.3326
MCAccept 98 xShift: 7.02508 crossingAngle: -41.9194 axialRotation: -23.0936 zShift: 4.40989 energy: 62.3318
MCAccept 99 xShift: 7.02508 crossingAngle: -41.9194 axialRotation: -23.1192 zShift: 4.40989 energy: 62.3318
Energy #0: 62.3318
***GEOMETRY SHIFT***
xShift;        Before: 7.03; After: 7.02508
crossingAngle; Before: -43.03; After: -41.9194
axialRotation; Before: -23.18; After: -23.1192
zShift;        Before: 4.47; After: 4.40989
Energy;        Before: 231.506; After: 62.3318

Completed all cycles. Accepted 100/118
Monte Carlo repack complete. Time: 22.8min

