***STARTING GEOMETRY:***
xShift: 7.02508
crossingAngle: -41.9194
axialRotation: -23.1192
zShift: 4.40989

Number of MCCycles: 200
PrevSequence	CurrSequence	PrevEnergy	CurrEnergy	PrevEntropy	CurrEntropy	CurrentTemp
LLLTGLLTGLLTGLLTTLILI	LLLTGLLTGLLTGLLTSLILI	59.5086	61.77	1.11086	0.0983968	999.847
LLLTGLLTGLLTGLLTSLILI	LLLTGLLTGLLTGLLTTLILI	61.77	58.0161	0.0983968	1.11086	999.684
LLLTGLLTGLLTGLLTTLILI	LLLYGLLTGLLTGLLTTLILI	57.8229	56.7348	0.917682	0.141213	999.512
LLLYGLLTGLLTGLLTTLILI	LLLYGLLYGLLTGLLTTLILI	57.1324	58.94	0.538845	0.30482	999.328
LLLYGLLYGLLTGLLTTLILI	LLLGGLLYGLLTGLLTTLILI	59.0048	59.9179	0.369715	0.453966	999.134
LLLGGLLYGLLTGLLTTLILI	LLLGGLLTGLLTGLLTTLILI	59.6357	58.0904	0.171816	0.816184	998.928
LLLGGLLTGLLTGLLTTLILI	LLLGGLLYGLLTGLLTTLILI	58.0904	59.6357	0.816184	0.171816	998.708
LLLGGLLYGLLTGLLTTLILI	LLLGGLLTGLLTGLLTTLILI	59.6357	58.0904	0.171816	0.816184	998.476
LLLGGLLTGLLTGLLTTLILI	LLLGGLLTGLLTGLLTSLILI	58.2753	62.1612	1.001	0.120637	998.229
LLLGGLLTGLLTGLLTSLILI	LLLYGLLTGLLTGLLTSLILI	62.7485	61.5724	0.707856	0.213262	997.967
LLLYGLLTGLLTGLLTSLILI	LLLYGLLTGLLTGLLTTLILI	61.4798	57.5938	0.120637	1.001	997.689
LLLYGLLTGLLTGLLTTLILI	LLLYGLLYGLLTGLLTTLILI	57.1316	58.94	0.538845	0.30482	997.394
LLLYGLLYGLLTGLLTTLILI	LLLGGLLYGLLTGLLTTLILI	59.0048	59.9179	0.369715	0.453966	997.081
LLLGGLLYGLLTGLLTTLILI	LLLYGLLYGLLTGLLTTLILI	59.9179	59.0041	0.453966	0.369715	996.749
LLLYGLLYGLLTGLLTTLILI	LLLYGLLTGLLTGLLTTLILI	58.9392	57.1316	0.30482	0.538845	996.397
LLLYGLLTGLLTGLLTTLILI	LLLYGLLTGLLTGLLITLILI	57.848	59.7625	1.2552	0.0756774	995.626
LLLYGLLTGLLTGLLITLILI	LLLGGLLTGLLTGLLITLILI	59.9	61.0761	0.213262	0.707856	995.205
LLLGGLLTGLLTGLLITLILI	LLLGGLLYGLLTGLLITLILI	61.0618	62.7794	0.693609	0.219549	994.285
LLLGGLLYGLLTGLLITLILI	LLLGGLLTGLLTGLLITLILI	62.7794	61.0626	0.219549	0.693609	993.782
LLLGGLLTGLLTGLLITLILI	LLLYGLLTGLLTGLLITLILI	61.0768	59.9475	0.707856	0.213262	993.249
LLLYGLLTGLLTGLLITLILI	LLLYGLLTGLLTGLLTTLILI	59.8099	57.848	0.0756774	1.2552	992.683
LLLYGLLTGLLTGLLTTLILI	LLLGGLLTGLLTGLLTTLILI	56.8061	57.9821	0.213262	0.707856	991.448
LLLGGLLTGLLTGLLTTLILI	LLLGGLLTGLLTGLLITLILI	58.5295	60.4439	1.2552	0.0756774	990.058
LLLGGLLTGLLTGLLITLILI	LLLYGLLTGLLTGLLITLILI	61.0761	59.9475	0.707856	0.213262	989.3
LLLYGLLTGLLTGLLITLILI	LLLYGLLTGLLTGLLTTLILI	59.8099	57.8488	0.0756774	1.2552	988.496
LLLYGLLTGLLTGLLTTLILI	LLLYGLLYGLLTGLLTTLILI	57.1324	58.94	0.538845	0.30482	987.644
LLLYGLLYGLLTGLLTTLILI	LLLYGLLYGLLTGLLITLILI	59.7432	61.8292	1.10811	0.098896	985.783
LLLYGLLYGLLTGLLITLILI	LLLYGLLYGLLTGLLTTLILI	61.8292	59.7425	0.098896	1.10811	984.769
LLLYGLLYGLLTGLLTTLILI	LLLYGLLTGLLTGLLTTLILI	58.9392	57.1324	0.30482	0.538845	982.555
LLLYGLLTGLLTGLLTTLILI	LLLYGLLTGLLYGLLTTLILI	57.1324	63.1718	0.538845	0.30482	981.348
LLLYGLLTGLLYGLLTTLILI	LLLYGLLTGLLYGLLITLILI	63.9751	63.6122	1.10811	0.098896	980.071
LLLYGLLTGLLYGLLITLILI	LLLYGLLTGLLYGLLTTLILI	63.6122	63.9958	0.098896	1.10811	978.717
LLLYGLLTGLLYGLLTTLILI	LLLYGLLTGLLTGLLTTLILI	63.1925	57.1324	0.30482	0.538845	975.768
LLLYGLLTGLLTGLLTTLILI	LLLGGLLTGLLTGLLTTLILI	56.8068	57.9821	0.213262	0.707856	974.162
LLLGGLLTGLLTGLLTTLILI	LLLGGLLYGLLTGLLTTLILI	58.0904	59.6357	0.816184	0.171816	972.463
LLLGGLLYGLLTGLLTTLILI	LLLYGLLYGLLTGLLTTLILI	59.9179	59.0532	0.453966	0.369715	970.666
LLLYGLLYGLLTGLLTTLILI	LLLYGLLYGLLTGLLITLILI	59.7916	61.8292	1.10811	0.098896	968.764
LLLYGLLYGLLTGLLITLILI	LLLYGLLYGLLTGLLTTLILI	61.8292	59.7432	0.098896	1.10811	966.754
LLLYGLLYGLLTGLLTTLILI	LLLYGLLTGLLTGLLTTLILI	58.94	57.1316	0.30482	0.538845	964.627
LLLYGLLTGLLTGLLTTLILI	LLLGGLLTGLLTGLLTTLILI	56.8061	57.9821	0.213262	0.707856	962.38
LLLGGLLTGLLTGLLTTLILI	LLLYGLLTGLLTGLLTTLILI	57.9821	56.8061	0.707856	0.213262	960.005
LLLYGLLTGLLTGLLTTLILI	LLLYGLLYGLLTGLLTTLILI	57.1316	58.9392	0.538845	0.30482	957.496
LLLYGLLYGLLTGLLTTLILI	LLLYGLLYGLLTGLLITLILI	59.7425	61.8292	1.10811	0.098896	952.048
LLLYGLLYGLLTGLLITLILI	LLLGGLLYGLLTGLLITLILI	62.1	63.0664	0.369715	0.453966	949.095
LLLGGLLYGLLTGLLITLILI	LLLGGLLYGLLTGLLTTLILI	62.7113	60.572	0.098896	1.10811	945.979
LLLGGLLYGLLTGLLTTLILI	LLLGGLLTGLLTGLLTTLILI	59.6357	58.0912	0.171816	0.816184	942.693
LLLGGLLTGLLTGLLTTLILI	LLLGGLLYGLLTGLLTTLILI	58.0912	59.6357	0.816184	0.171816	939.229
LLLGGLLYGLLTGLLTTLILI	LLLGGLLTGLLTGLLTTLILI	59.6357	58.0904	0.171816	0.816184	935.578
LLLGGLLTGLLTGLLTTLILI	LLLGGLLTGLLTGLLITLILI	58.5295	60.4439	1.2552	0.0756774	931.732
LLLGGLLTGLLTGLLITLILI	LLLGGLLTGLLTGLLTTLILI	60.4439	58.5295	0.0756774	1.2552	927.683
LLLGGLLTGLLTGLLTTLILI	LLLYGLLTGLLTGLLTTLILI	57.9821	56.8068	0.707856	0.213262	923.422
LLLYGLLTGLLTGLLTTLILI	LLLGGLLTGLLTGLLTTLILI	56.8068	57.9829	0.213262	0.707856	918.939
LLLGGLLTGLLTGLLTTLILI	LLLGGLLYGLLTGLLTTLILI	58.0912	59.6365	0.816184	0.171816	909.276
LLLGGLLYGLLTGLLTTLILI	LLLGGLLTGLLTGLLTTLILI	59.6365	58.0904	0.171816	0.816184	904.077
LLLGGLLTGLLTGLLTTLILI	LLLYGLLTGLLTGLLTTLILI	57.9821	56.8061	0.707856	0.213262	898.621
LLLYGLLTGLLTGLLTTLILI	LLLYGLLTGLLTGLLITLILI	57.848	59.7625	1.2552	0.0756774	880.623
LLLYGLLTGLLTGLLITLILI	LLLGGLLTGLLTGLLITLILI	59.9	61.0761	0.213262	0.707856	874.051
LLLGGLLTGLLTGLLITLILI	LLLGGLLTGLLTGLLTTLILI	60.4439	58.5295	0.0756774	1.2552	867.179
LLLGGLLTGLLTGLLTTLILI	LLLYGLLTGLLTGLLTTLILI	57.9821	56.8061	0.707856	0.213262	859.999
LLLYGLLTGLLTGLLTTLILI	LLLYGLLYGLLTGLLTTLILI	57.1316	58.9392	0.538845	0.30482	844.686
LLLYGLLYGLLTGLLTTLILI	LLLYGLLTGLLTGLLTTLILI	58.9392	57.1316	0.30482	0.538845	828.061
LLLYGLLTGLLTGLLTTLILI	LLLGGLLTGLLTGLLTTLILI	56.8061	57.9821	0.213262	0.707856	819.243
LLLGGLLTGLLTGLLTTLILI	LLLYGLLTGLLTGLLTTLILI	57.9821	56.8068	0.707856	0.213262	800.577
LLLYGLLTGLLTGLLTTLILI	LLLYGLLTGLLTGLLITLILI	57.8488	59.7625	1.2552	0.0756774	780.523
LLLYGLLTGLLTGLLITLILI	LLLGGLLTGLLTGLLITLILI	59.9	61.0761	0.213262	0.707856	769.974
LLLGGLLTGLLTGLLITLILI	LLLYGLLTGLLTGLLITLILI	61.0761	59.9	0.707856	0.213262	759.081
LLLYGLLTGLLTGLLITLILI	LLLYGLLTGLLTGLLTTLILI	59.7625	57.848	0.0756774	1.2552	747.845
LLLYGLLTGLLTGLLTTLILI	LLLGGLLTGLLTGLLTTLILI	56.8061	58.0316	0.213262	0.707856	736.272
LLLGGLLTGLLTGLLTTLILI	LLLGGLLTGLLTGLLTSLILI	58.3247	62.1612	1.001	0.120637	724.369
LLLGGLLTGLLTGLLTSLILI	LLLYGLLTGLLTGLLTSLILI	62.7485	61.6198	0.707856	0.213262	712.142
LLLYGLLTGLLTGLLTSLILI	LLLYGLLTGLLTGLLTTLILI	61.5272	57.642	0.120637	1.001	686.76
LLLYGLLTGLLTGLLTTLILI	LLLYGLLTGLLTGLLTSLILI	57.642	61.4798	1.001	0.120637	618.524
LLLYGLLTGLLTGLLTSLILI	LLLGGLLTGLLTGLLTSLILI	61.5724	62.7485	0.213262	0.707856	604.196
LLLGGLLTGLLTGLLTSLILI	LLLYGLLTGLLTGLLTSLILI	62.7485	61.5724	0.707856	0.213262	589.688
LLLYGLLTGLLTGLLTSLILI	LLLGGLLTGLLTGLLTSLILI	61.5724	62.7485	0.213262	0.707856	575.025
LLLGGLLTGLLTGLLTSLILI	LLLGGLLTGLLTGLLYSLILI	62.7342	64.821	0.693609	0.219549	560.23
LLLGGLLTGLLTGLLYSLILI	LLLGGLLTGLLTGLLYTLILI	64.7574	62.5112	0.155943	0.865998	545.329
LLLGGLLTGLLTGLLYTLILI	LLLGGLLTGLLTGLLYILILI	62.7533	64.2557	1.10811	0.098896	530.348
LLLGGLLTGLLTGLLYILILI	LLLGGLLTGLLTGLLLILILI	64.8367	63.6668	0.679837	0.225838	515.312
LLLGGLLTGLLTGLLLILILI	LLLGGLLTGLLTGLLLTLILI	63.5399	62.5964	0.098896	1.10811	500.25
LLLGGLLTGLLTGLLLTLILI	LLLGGLLTGLLTGLLTTLILI	61.5743	58.4586	0.0860236	1.18439	485.188
LLLGGLLTGLLTGLLTTLILI	LLLYGLLTGLLTGLLTTLILI	57.9821	56.8061	0.707856	0.213262	470.152
LLLYGLLTGLLTGLLTTLILI	LLLYGLLYGLLTGLLTTLILI	57.1316	58.94	0.538845	0.30482	440.27
LLLYGLLYGLLTGLLTTLILI	LLLYGLLTGLLTGLLTTLILI	58.94	57.1316	0.30482	0.538845	425.475
Time: 271s
