***STARTING GEOMETRY:***
xShift: 7.18887
crossingAngle: -50.0454
axialRotation: 5.51454
zShift: 3.75158

Number of MCCycles: 100
PrevSequence	CurrSequence	PrevEnergy	CurrEnergy	PrevEntropy	CurrEntropy	CurrentTemp
LLLYLLGTLLGTLLTTLLILI	LLLYLLGTLLGYLLTTLLILI	-21.2982	-22.6	0.538845	0.30482	999.684
LLLYLLGTLLGYLLTTLLILI	LLLYLLGWLLGYLLTTLLILI	-22.4188	-23.3839	0.48602	0.343253	999.328
LLLYLLGWLLGYLLTTLLILI	LLLYLLGWLLGFLLTTLLILI	-22.7743	-22.9648	0.952787	0.132101	998.928
LLLYLLGWLLGFLLTTLLILI	LLLYLLGWLLGYLLTTLLILI	-22.9648	-22.7743	0.132101	0.952787	998.476
LLLYLLGWLLGYLLTTLLILI	LLLFLLGWLLGYLLTTLLILI	-22.7743	-22.0805	0.952787	0.132101	997.967
LLLFLLGWLLGYLLTTLLILI	LLLFLLGWLLGFLLTTLLILI	-21.8023	-21.1723	0.410343	0.410343	997.394
LLLFLLGWLLGFLLTTLLILI	LLLFLLGWLLGYLLTTLLILI	-21.1723	-21.8023	0.410343	0.410343	996.749
LLLFLLGWLLGYLLTTLLILI	LLLFLLGWLLGFLLTTLLILI	-21.8023	-21.1723	0.410343	0.410343	996.023
LLLFLLGWLLGFLLTTLLILI	LLLYLLGWLLGFLLTTLLILI	-21.1723	-22.6866	0.410343	0.410343	995.205
LLLYLLGWLLGFLLTTLLILI	LLLYLLGTLLGFLLTTLLILI	-22.7537	-21.2972	0.343253	0.48602	994.285
LLLYLLGTLLGFLLTTLLILI	LLLYLLGWLLGFLLTTLLILI	-21.2972	-22.7537	0.48602	0.343253	993.249
LLLYLLGWLLGFLLTTLLILI	LLLYLLGTLLGFLLTTLLILI	-22.7537	-21.2972	0.343253	0.48602	992.084
LLLYLLGTLLGFLLTTLLILI	LLLYLLGTLLGFLLSTLLILI	-20.9173	-18.5278	0.865998	0.155943	990.773
LLLYLLGTLLGFLLSTLLILI	LLLYLLGWLLGFLLSTLLILI	-18.32	-19.5662	0.363705	0.460972	989.3
LLLYLLGWLLGFLLSTLLILI	LLLYLLGWLLGFLLATLLILI	-19.385	-18.9349	0.642213	0.244161	987.644
LLLYLLGWLLGFLLATLLILI	LLLYLLGTLLGFLLATLLILI	-18.7181	-17.463	0.460972	0.363705	985.783
LLLYLLGTLLGFLLATLLILI	LLLYLLGWLLGFLLATLLILI	-17.463	-18.7181	0.363705	0.460972	983.694
LLLYLLGWLLGFLLATLLILI	LLLYLLGTLLGFLLATLLILI	-18.7181	-17.463	0.460972	0.363705	981.348
LLLYLLGTLLGFLLATLLILI	LLLYLLGWLLGFLLATLLILI	-17.463	-18.7181	0.363705	0.460972	978.717
LLLYLLGWLLGFLLATLLILI	LLLFLLGWLLGFLLATLLILI	-18.7687	-17.2544	0.410343	0.410343	975.768
LLLFLLGWLLGFLLATLLILI	LLLFLLGWLLGYLLATLLILI	-17.2544	-17.9617	0.410343	0.410343	972.463
LLLFLLGWLLGYLLATLLILI	LLLFLLGWLLGYLLAVLLILI	-17.7399	-14.3267	0.632162	0.249358	968.764
LLLFLLGWLLGYLLAVLLILI	LLLFLLGWLLGYLLSVLLILI	-14.3319	-14.708	0.244161	0.642213	964.627
LLLFLLGWLLGYLLSVLLILI	LLLYLLGWLLGYLLSVLLILI	-15.2181	-15.912	0.132101	0.952787	960.005
LLLYLLGWLLGYLLSVLLILI	LLLFLLGWLLGYLLSVLLILI	-15.912	-15.2181	0.952787	0.132101	954.846
LLLFLLGWLLGYLLSVLLILI	LLLFLLGWLLGYLLSTLLILI	-15.1009	-18.5356	0.249358	0.632162	949.095
LLLFLLGWLLGYLLSTLLILI	LLLFLLGWLLGYLLATLLILI	-18.5255	-18.1279	0.642213	0.244161	942.693
LLLFLLGWLLGYLLATLLILI	LLLFLLGWLLGYLLSTLLILI	-18.1279	-18.5255	0.244161	0.642213	935.578
LLLFLLGWLLGYLLSTLLILI	LLLFLLGWLLGYLLATLLILI	-18.5255	-18.1279	0.642213	0.244161	927.683
LLLFLLGWLLGYLLATLLILI	LLLFLLGWLLGTLLATLLILI	-18.0672	-17.5806	0.30482	0.538845	918.939
LLLFLLGWLLGTLLATLLILI	LLLFLLGWLLGTLLSTLLILI	-17.8753	-17.9915	0.244161	0.642213	909.276
LLLFLLGWLLGTLLSTLLILI	LLLFLLGWLLGTLLATLLILI	-17.9915	-17.8753	0.642213	0.244161	898.621
LLLFLLGWLLGTLLATLLILI	LLLFLLGWLLGYLLATLLILI	-17.5806	-18.0672	0.538845	0.30482	886.903
LLLFLLGWLLGYLLATLLILI	LLLFLLGWLLGTLLATLLILI	-18.0672	-17.5806	0.30482	0.538845	874.051
LLLFLLGWLLGTLLATLLILI	LLLFLLGWLLGYLLATLLILI	-17.5806	-18.0672	0.538845	0.30482	859.999
LLLFLLGWLLGYLLATLLILI	LLLFLLGWLLGYLLSTLLILI	-18.1279	-18.5255	0.244161	0.642213	844.686
LLLFLLGWLLGYLLSTLLILI	LLLYLLGWLLGYLLSTLLILI	-19.0356	-19.7295	0.132101	0.952787	828.061
LLLYLLGWLLGYLLSTLLILI	LLLFLLGWLLGYLLSTLLILI	-19.7295	-19.0356	0.952787	0.132101	810.083
LLLFLLGWLLGYLLSTLLILI	LLLYLLGWLLGYLLSTLLILI	-19.0356	-19.7295	0.132101	0.952787	790.724
LLLYLLGWLLGYLLSTLLILI	LLLYLLGWLLGYLLATLLILI	-20.04	-19.6424	0.642213	0.244161	769.974
LLLYLLGWLLGYLLATLLILI	LLLYLLGTLLGYLLATLLILI	-19.4256	-18.6619	0.460972	0.363705	747.845
LLLYLLGTLLGYLLATLLILI	LLLYLLGWLLGYLLATLLILI	-18.6619	-19.4256	0.363705	0.460972	724.369
LLLYLLGWLLGYLLATLLILI	LLLYLLGWLLGTLLATLLILI	-19.3815	-19.2979	0.505042	0.328724	699.602
LLLYLLGWLLGTLLATLLILI	LLLYLLGWLLGYLLATLLILI	-19.2979	-19.3815	0.328724	0.505042	673.628
LLLYLLGWLLGYLLATLLILI	LLLYLLGWLLGTLLATLLILI	-19.3815	-19.2979	0.505042	0.328724	646.557
LLLYLLGWLLGTLLATLLILI	LLLFLLGWLLGTLLATLLILI	-18.9763	-17.8794	0.650378	0.240035	618.524
LLLFLLGWLLGTLLATLLILI	LLLYLLGWLLGTLLATLLILI	-17.8794	-18.9763	0.240035	0.650378	589.688
LLLYLLGWLLGTLLATLLILI	LLLFLLGWLLGTLLATLLILI	-18.9763	-17.8794	0.650378	0.240035	560.23
LLLFLLGWLLGTLLATLLILI	LLLYLLGWLLGTLLATLLILI	-17.8794	-18.9763	0.240035	0.650378	530.348
LLLYLLGWLLGTLLATLLILI	LLLYLLGWLLGYLLATLLILI	-19.2979	-19.3815	0.328724	0.505042	500.25
LLLYLLGWLLGYLLATLLILI	LLLFLLGWLLGYLLATLLILI	-18.9338	-18.2399	0.952787	0.132101	470.152
LLLFLLGWLLGYLLATLLILI	LLLFLLGWLLGTLLATLLILI	-18.0672	-17.5806	0.30482	0.538845	440.27
LLLFLLGWLLGTLLATLLILI	LLLFLLGWLLGYLLATLLILI	-17.5806	-18.0672	0.538845	0.30482	410.812
LLLFLLGWLLGYLLATLLILI	LLLFLLGTLLGYLLATLLILI	-17.9111	-16.8111	0.460972	0.363705	381.976
LLLFLLGTLLGYLLATLLILI	LLLFLLGTLLGYLLSTLLILI	-16.9306	-17.3371	0.244161	0.642213	353.943
LLLFLLGTLLGYLLSTLLILI	LLLFLLGTLLGFLLSTLLILI	-17.569	-16.4189	0.410343	0.410343	326.872
LLLFLLGTLLGFLLSTLLILI	LLLFLLGTLLGYLLSTLLILI	-16.4189	-17.569	0.410343	0.410343	300.898
LLLFLLGTLLGYLLSTLLILI	LLLFLLGWLLGYLLSTLLILI	-17.6156	-18.7068	0.363705	0.460972	276.131
LLLFLLGWLLGYLLSTLLILI	LLLYLLGWLLGYLLSTLLILI	-19.0356	-19.7295	0.132101	0.952787	252.655
LLLYLLGWLLGYLLSTLLILI	LLLYLLGTLLGYLLSTLLILI	-20.2213	-19.4664	0.460972	0.363705	230.526
LLLYLLGTLLGYLLSTLLILI	LLLYLLGWLLGYLLSTLLILI	-19.4664	-20.2213	0.363705	0.460972	209.776
LLLYLLGWLLGYLLSTLLILI	LLLYLLGWLLGFLLSTLLILI	-19.7295	-19.8951	0.952787	0.132101	190.417
LLLYLLGWLLGFLLSTLLILI	LLLYLLGWLLGYLLSTLLILI	-19.8951	-19.7295	0.132101	0.952787	155.814
LLLYLLGWLLGYLLSTLLILI	LLLYLLGWLLGFLLSTLLILI	-19.7295	-19.8951	0.952787	0.132101	126.449
LLLYLLGWLLGFLLSTLLILI	LLLYLLGWLLGYLLSTLLILI	-19.8951	-19.7295	0.132101	0.952787	24.7321
LLLYLLGWLLGYLLSTLLILI	LLLYLLGWLLGFLLSTLLILI	-19.7295	-19.8951	0.952787	0.132101	21.7826
Time: 138s
