MCAccept 0 xShift: 7.0586 crossingAngle: -39.29 axialRotation: -24.95 zShift: 3.54 energy: 21.1742
MCAccept 1 xShift: 7.0586 crossingAngle: -39.29 axialRotation: -24.8145 zShift: 3.54 energy: 21.1742
MCAccept 2 xShift: 7.0586 crossingAngle: -39.29 axialRotation: -24.8115 zShift: 3.54 energy: 21.1268
MCAccept 3 xShift: 7.0586 crossingAngle: -39.29 axialRotation: -24.8115 zShift: 3.5369 energy: 21.0994
MCAccept 4 xShift: 7.0586 crossingAngle: -39.29 axialRotation: -24.7349 zShift: 3.5369 energy: 21.0994
MCAccept 5 xShift: 7.0674 crossingAngle: -39.29 axialRotation: -24.7349 zShift: 3.5369 energy: 20.1421
MCReject   xShift: 7.0674 crossingAngle: -39.2681 axialRotation: -24.7349 zShift: 3.5369 energy: 21.0994
MCReject   xShift: 7.0674 crossingAngle: -39.2255 axialRotation: -24.7349 zShift: 3.5369 energy: 21.0994
MCAccept 6 xShift: 7.0674 crossingAngle: -39.2111 axialRotation: -24.7349 zShift: 3.5369 energy: 20.1894
MCAccept 7 xShift: 7.0674 crossingAngle: -39.2111 axialRotation: -24.7349 zShift: 3.51631 energy: 19.9666
MCReject   xShift: 7.09164 crossingAngle: -39.2111 axialRotation: -24.7349 zShift: 3.51631 energy: 20.9897
MCAccept 8 xShift: 7.0674 crossingAngle: -39.4036 axialRotation: -24.7349 zShift: 3.51631 energy: 19.9666
MCAccept 9 xShift: 7.0674 crossingAngle: -39.4036 axialRotation: -24.7349 zShift: 3.50854 energy: 20.8945
MCAccept 10 xShift: 7.0674 crossingAngle: -39.3034 axialRotation: -24.7349 zShift: 3.50854 energy: 20.8945
MCAccept 11 xShift: 7.0674 crossingAngle: -39.3034 axialRotation: -24.6099 zShift: 3.50854 energy: 19.9097
MCReject   xShift: 7.0674 crossingAngle: -39.3034 axialRotation: -24.4788 zShift: 3.50854 energy: 20.9408
MCReject   xShift: 7.0674 crossingAngle: -39.142 axialRotation: -24.6099 zShift: 3.50854 energy: 20.9408
MCReject   xShift: 7.0674 crossingAngle: -39.3034 axialRotation: -24.6099 zShift: 3.51084 energy: 20.9084
MCReject   xShift: 7.0674 crossingAngle: -39.3034 axialRotation: -24.5377 zShift: 3.50854 energy: 20.9408
MCAccept 12 xShift: 7.0674 crossingAngle: -39.369 axialRotation: -24.6099 zShift: 3.50854 energy: 19.9097
MCAccept 13 xShift: 7.0674 crossingAngle: -39.369 axialRotation: -24.6099 zShift: 3.50029 energy: 19.8544
MCReject   xShift: 7.0674 crossingAngle: -39.369 axialRotation: -24.6099 zShift: 3.5252 energy: 21.0055
MCAccept 14 xShift: 7.0674 crossingAngle: -39.3207 axialRotation: -24.6099 zShift: 3.50029 energy: 19.9003
MCReject   xShift: 7.0674 crossingAngle: -39.3207 axialRotation: -24.3333 zShift: 3.50029 energy: 20.8944
MCAccept 15 xShift: 7.0674 crossingAngle: -39.3207 axialRotation: -24.6099 zShift: 3.4951 energy: 19.868
MCAccept 16 xShift: 7.0674 crossingAngle: -39.3207 axialRotation: -24.6924 zShift: 3.4951 energy: 19.8222
MCReject   xShift: 7.07681 crossingAngle: -39.3207 axialRotation: -24.6924 zShift: 3.4951 energy: 20.8225
MCReject   xShift: 7.08521 crossingAngle: -39.3207 axialRotation: -24.6924 zShift: 3.4951 energy: 20.8225
MCReject   xShift: 7.0674 crossingAngle: -39.3207 axialRotation: -24.4718 zShift: 3.4951 energy: 20.8682
MCAccept 17 xShift: 7.0674 crossingAngle: -39.3207 axialRotation: -24.726 zShift: 3.4951 energy: 18.8221
MCReject   xShift: 7.0674 crossingAngle: -39.3488 axialRotation: -24.726 zShift: 3.4951 energy: 20.8225
MCReject   xShift: 7.07393 crossingAngle: -39.3207 axialRotation: -24.726 zShift: 3.4951 energy: 20.8225
MCReject   xShift: 7.0674 crossingAngle: -39.3014 axialRotation: -24.726 zShift: 3.4951 energy: 20.8682
MCReject   xShift: 7.0674 crossingAngle: -39.3207 axialRotation: -24.726 zShift: 3.49025 energy: 20.8002
MCReject   xShift: 7.0674 crossingAngle: -39.1196 axialRotation: -24.726 zShift: 3.4951 energy: 20.8225
MCReject   xShift: 7.0674 crossingAngle: -39.1674 axialRotation: -24.726 zShift: 3.4951 energy: 19.8222
MCReject   xShift: 7.0674 crossingAngle: -39.3207 axialRotation: -24.726 zShift: 3.50454 energy: 20.8714
MCReject   xShift: 7.0674 crossingAngle: -39.3207 axialRotation: -24.9089 zShift: 3.4951 energy: 20.8225
MCReject   xShift: 7.0674 crossingAngle: -39.3207 axialRotation: -24.7941 zShift: 3.4951 energy: 19.868
MCReject   xShift: 7.0674 crossingAngle: -39.3207 axialRotation: -24.7699 zShift: 3.4951 energy: 20.8682
MCReject   xShift: 7.0674 crossingAngle: -39.2403 axialRotation: -24.726 zShift: 3.4951 energy: 20.8225
MCReject   xShift: 7.0674 crossingAngle: -39.3478 axialRotation: -24.726 zShift: 3.4951 energy: 19.8222
MCReject   xShift: 7.06131 crossingAngle: -39.3207 axialRotation: -24.726 zShift: 3.4951 energy: 19.868
MCReject   xShift: 7.0674 crossingAngle: -39.3748 axialRotation: -24.726 zShift: 3.4951 energy: 19.8222
MCReject   xShift: 7.0674 crossingAngle: -39.3207 axialRotation: -24.726 zShift: 3.50859 energy: 20.8948
MCReject   xShift: 7.0674 crossingAngle: -39.3207 axialRotation: -24.7455 zShift: 3.4951 energy: 19.868
MCReject   xShift: 7.0674 crossingAngle: -39.3207 axialRotation: -24.726 zShift: 3.48185 energy: 20.7662
MCAccept 18 xShift: 7.06394 crossingAngle: -39.3207 axialRotation: -24.726 zShift: 3.4951 energy: 18.8221
MCReject   xShift: 7.06394 crossingAngle: -39.3572 axialRotation: -24.726 zShift: 3.4951 energy: 19.868
MCReject   xShift: 7.06394 crossingAngle: -39.3207 axialRotation: -24.726 zShift: 3.48934 energy: 20.7962
MCReject   xShift: 7.06394 crossingAngle: -39.3207 axialRotation: -24.726 zShift: 3.48451 energy: 19.7628
MCReject   xShift: 7.06394 crossingAngle: -39.2077 axialRotation: -24.726 zShift: 3.4951 energy: 19.868
MCReject   xShift: 7.06331 crossingAngle: -39.3207 axialRotation: -24.726 zShift: 3.4951 energy: 20.8682
MCReject   xShift: 7.06394 crossingAngle: -39.3207 axialRotation: -24.726 zShift: 3.4808 energy: 19.7892
MCReject   xShift: 7.0442 crossingAngle: -39.3207 axialRotation: -24.726 zShift: 3.4951 energy: 20.8225
MCReject   xShift: 7.07993 crossingAngle: -39.3207 axialRotation: -24.726 zShift: 3.4951 energy: 19.8222
MCReject   xShift: 7.05351 crossingAngle: -39.3207 axialRotation: -24.726 zShift: 3.4951 energy: 19.868
MCReject   xShift: 7.06394 crossingAngle: -39.3207 axialRotation: -24.726 zShift: 3.48101 energy: 20.7631
MCReject   xShift: 7.06394 crossingAngle: -39.3207 axialRotation: -24.5816 zShift: 3.4951 energy: 20.8682
MCReject   xShift: 7.06394 crossingAngle: -39.3207 axialRotation: -24.726 zShift: 3.50632 energy: 20.8815
MCReject   xShift: 7.06394 crossingAngle: -39.3207 axialRotation: -24.7878 zShift: 3.4951 energy: 20.8225
MCReject   xShift: 7.06394 crossingAngle: -39.3207 axialRotation: -24.6618 zShift: 3.4951 energy: 20.8225
MCReject   xShift: 7.06394 crossingAngle: -39.3207 axialRotation: -24.6781 zShift: 3.4951 energy: 19.868
MCReject   xShift: 7.0521 crossingAngle: -39.3207 axialRotation: -24.726 zShift: 3.4951 energy: 20.8682
MCReject   xShift: 7.05977 crossingAngle: -39.3207 axialRotation: -24.726 zShift: 3.4951 energy: 19.868
MCReject   xShift: 7.06394 crossingAngle: -39.3207 axialRotation: -24.726 zShift: 3.49242 energy: 20.8099
MCReject   xShift: 7.06394 crossingAngle: -39.1249 axialRotation: -24.726 zShift: 3.4951 energy: 19.868
MCReject   xShift: 7.06068 crossingAngle: -39.3207 axialRotation: -24.726 zShift: 3.4951 energy: 19.8222
MCReject   xShift: 7.06394 crossingAngle: -39.3207 axialRotation: -24.733 zShift: 3.4951 energy: 20.8225
MCAccept 19 xShift: 7.06394 crossingAngle: -39.3239 axialRotation: -24.726 zShift: 3.4951 energy: 18.8221
MCReject   xShift: 7.06394 crossingAngle: -39.3239 axialRotation: -24.6592 zShift: 3.4951 energy: 20.8225
MCReject   xShift: 7.06394 crossingAngle: -39.3391 axialRotation: -24.726 zShift: 3.4951 energy: 20.8225
MCReject   xShift: 7.06055 crossingAngle: -39.3239 axialRotation: -24.726 zShift: 3.4951 energy: 20.8225
MCReject   xShift: 7.07565 crossingAngle: -39.3239 axialRotation: -24.726 zShift: 3.4951 energy: 20.8225
MCReject   xShift: 7.05137 crossingAngle: -39.3239 axialRotation: -24.726 zShift: 3.4951 energy: 19.868
MCReject   xShift: 7.06394 crossingAngle: -39.2672 axialRotation: -24.726 zShift: 3.4951 energy: 20.8225
MCReject   xShift: 7.06459 crossingAngle: -39.3239 axialRotation: -24.726 zShift: 3.4951 energy: 20.8225
MCReject   xShift: 7.06394 crossingAngle: -39.3041 axialRotation: -24.726 zShift: 3.4951 energy: 19.8222
MCReject   xShift: 7.06394 crossingAngle: -39.3239 axialRotation: -24.7873 zShift: 3.4951 energy: 20.8225
MCReject   xShift: 7.06394 crossingAngle: -39.3239 axialRotation: -24.87 zShift: 3.4951 energy: 19.8222
MCReject   xShift: 7.06394 crossingAngle: -39.5055 axialRotation: -24.726 zShift: 3.4951 energy: 20.8682
MCReject   xShift: 7.06394 crossingAngle: -39.4896 axialRotation: -24.726 zShift: 3.4951 energy: 20.8225
MCReject   xShift: 7.06394 crossingAngle: -39.3239 axialRotation: -24.726 zShift: 3.49959 energy: 20.8448
MCReject   xShift: 7.06394 crossingAngle: -39.3239 axialRotation: -24.6738 zShift: 3.4951 energy: 19.8222
MCReject   xShift: 7.06394 crossingAngle: -39.3008 axialRotation: -24.726 zShift: 3.4951 energy: 20.8225
MCReject   xShift: 7.06394 crossingAngle: -39.3239 axialRotation: -24.5904 zShift: 3.4951 energy: 20.8682
MCReject   xShift: 7.05706 crossingAngle: -39.3239 axialRotation: -24.726 zShift: 3.4951 energy: 20.8225
MCReject   xShift: 7.06394 crossingAngle: -39.3937 axialRotation: -24.726 zShift: 3.4951 energy: 20.8225
MCReject   xShift: 7.07024 crossingAngle: -39.3239 axialRotation: -24.726 zShift: 3.4951 energy: 19.8222
MCReject   xShift: 7.06394 crossingAngle: -39.3239 axialRotation: -24.8136 zShift: 3.4951 energy: 20.8225
MCReject   xShift: 7.06394 crossingAngle: -39.2168 axialRotation: -24.726 zShift: 3.4951 energy: 19.868
MCReject   xShift: 7.06394 crossingAngle: -39.3239 axialRotation: -24.726 zShift: 3.49859 energy: 20.8397
MCReject   xShift: 7.06389 crossingAngle: -39.3239 axialRotation: -24.726 zShift: 3.4951 energy: 19.868
MCReject   xShift: 7.07079 crossingAngle: -39.3239 axialRotation: -24.726 zShift: 3.4951 energy: 19.868
MCReject   xShift: 7.05717 crossingAngle: -39.3239 axialRotation: -24.726 zShift: 3.4951 energy: 20.8225
MCReject   xShift: 7.06394 crossingAngle: -39.3239 axialRotation: -24.7981 zShift: 3.4951 energy: 19.868
MCReject   xShift: 7.06394 crossingAngle: -39.2811 axialRotation: -24.726 zShift: 3.4951 energy: 19.8222
MCReject   xShift: 7.06394 crossingAngle: -39.3239 axialRotation: -24.6552 zShift: 3.4951 energy: 20.8682
MCReject   xShift: 7.06394 crossingAngle: -39.3239 axialRotation: -24.5562 zShift: 3.4951 energy: 19.8222
MCReject   xShift: 7.06394 crossingAngle: -39.3965 axialRotation: -24.726 zShift: 3.4951 energy: 20.8225
MCReject   xShift: 7.09317 crossingAngle: -39.3239 axialRotation: -24.726 zShift: 3.4951 energy: 20.8225
MCReject   xShift: 7.06394 crossingAngle: -39.3239 axialRotation: -24.726 zShift: 3.50119 energy: 19.8602
MCReject   xShift: 7.06808 crossingAngle: -39.3239 axialRotation: -24.726 zShift: 3.4951 energy: 19.868
MCReject   xShift: 7.06394 crossingAngle: -39.3239 axialRotation: -24.5696 zShift: 3.4951 energy: 20.8225
MCReject   xShift: 7.06948 crossingAngle: -39.3239 axialRotation: -24.726 zShift: 3.4951 energy: 19.868
MCReject   xShift: 7.06394 crossingAngle: -39.3239 axialRotation: -24.8103 zShift: 3.4951 energy: 20.8225
MCReject   xShift: 7.06048 crossingAngle: -39.3239 axialRotation: -24.726 zShift: 3.4951 energy: 19.868
MCReject   xShift: 7.05757 crossingAngle: -39.3239 axialRotation: -24.726 zShift: 3.4951 energy: 20.8682
MCReject   xShift: 7.06394 crossingAngle: -39.3239 axialRotation: -24.6332 zShift: 3.4951 energy: 20.8225
MCReject   xShift: 7.06394 crossingAngle: -39.3239 axialRotation: -24.726 zShift: 3.50004 energy: 20.8472
MCReject   xShift: 7.07864 crossingAngle: -39.3239 axialRotation: -24.726 zShift: 3.4951 energy: 20.8225
MCReject   xShift: 7.06394 crossingAngle: -39.3144 axialRotation: -24.726 zShift: 3.4951 energy: 20.8682
MCReject   xShift: 7.06753 crossingAngle: -39.3239 axialRotation: -24.726 zShift: 3.4951 energy: 20.8682
MCReject   xShift: 7.08311 crossingAngle: -39.3239 axialRotation: -24.726 zShift: 3.4951 energy: 20.8682
MCReject   xShift: 7.06394 crossingAngle: -39.5134 axialRotation: -24.726 zShift: 3.4951 energy: 20.8225
MCReject   xShift: 7.06394 crossingAngle: -39.3239 axialRotation: -24.726 zShift: 3.48327 energy: 20.8169
MCReject   xShift: 7.06394 crossingAngle: -39.3239 axialRotation: -24.726 zShift: 3.49392 energy: 20.8169
MCReject   xShift: 7.06394 crossingAngle: -39.3239 axialRotation: -24.726 zShift: 3.49569 energy: 20.8253
MCAccept 20 xShift: 7.06394 crossingAngle: -39.3252 axialRotation: -24.726 zShift: 3.4951 energy: 18.8679
MCReject   xShift: 7.05064 crossingAngle: -39.3252 axialRotation: -24.726 zShift: 3.4951 energy: 20.8225
MCReject   xShift: 7.05967 crossingAngle: -39.3252 axialRotation: -24.726 zShift: 3.4951 energy: 23.4672
MCReject   xShift: 7.06394 crossingAngle: -39.3252 axialRotation: -24.726 zShift: 3.47324 energy: 19.7536
MCReject   xShift: 7.05733 crossingAngle: -39.3252 axialRotation: -24.726 zShift: 3.4951 energy: 19.868
MCReject   xShift: 7.06394 crossingAngle: -39.3252 axialRotation: -24.726 zShift: 3.49028 energy: 19.7942
MCReject   xShift: 7.06394 crossingAngle: -39.3716 axialRotation: -24.726 zShift: 3.4951 energy: 20.8225
MCReject   xShift: 7.06394 crossingAngle: -39.3252 axialRotation: -24.7574 zShift: 3.4951 energy: 20.8225
MCReject   xShift: 7.06394 crossingAngle: -39.3252 axialRotation: -24.726 zShift: 3.49915 energy: 20.8425
MCReject   xShift: 7.08093 crossingAngle: -39.3252 axialRotation: -24.726 zShift: 3.4951 energy: 20.8225
MCReject   xShift: 7.06394 crossingAngle: -39.4077 axialRotation: -24.726 zShift: 3.4951 energy: 19.8222
MCReject   xShift: 7.06394 crossingAngle: -39.4911 axialRotation: -24.726 zShift: 3.4951 energy: 19.8222
MCReject   xShift: 7.06394 crossingAngle: -39.3252 axialRotation: -24.7758 zShift: 3.4951 energy: 20.8225
MCReject   xShift: 7.06394 crossingAngle: -39.28 axialRotation: -24.726 zShift: 3.4951 energy: 19.868
MCReject   xShift: 7.06394 crossingAngle: -39.4896 axialRotation: -24.726 zShift: 3.4951 energy: 20.8682
MCReject   xShift: 7.06394 crossingAngle: -39.3104 axialRotation: -24.726 zShift: 3.4951 energy: 20.8682
MCReject   xShift: 7.06394 crossingAngle: -39.2099 axialRotation: -24.726 zShift: 3.4951 energy: 20.8225
MCReject   xShift: 7.06394 crossingAngle: -39.3252 axialRotation: -24.7666 zShift: 3.4951 energy: 20.8225
MCReject   xShift: 7.06394 crossingAngle: -39.2042 axialRotation: -24.726 zShift: 3.4951 energy: 19.868
MCReject   xShift: 7.06394 crossingAngle: -39.3122 axialRotation: -24.726 zShift: 3.4951 energy: 19.868
MCReject   xShift: 7.06394 crossingAngle: -39.3252 axialRotation: -24.723 zShift: 3.4951 energy: 20.8225
MCReject   xShift: 7.06394 crossingAngle: -39.397 axialRotation: -24.726 zShift: 3.4951 energy: 20.8225
MCReject   xShift: 7.07582 crossingAngle: -39.3252 axialRotation: -24.726 zShift: 3.4951 energy: 19.868
MCReject   xShift: 7.08949 crossingAngle: -39.3252 axialRotation: -24.726 zShift: 3.4951 energy: 19.8222
MCReject   xShift: 7.06394 crossingAngle: -39.3799 axialRotation: -24.726 zShift: 3.4951 energy: 20.8225
MCReject   xShift: 7.06394 crossingAngle: -39.3538 axialRotation: -24.726 zShift: 3.4951 energy: 19.8222
MCReject   xShift: 7.06394 crossingAngle: -39.1936 axialRotation: -24.726 zShift: 3.4951 energy: 20.8682
MCReject   xShift: 7.06394 crossingAngle: -39.1646 axialRotation: -24.726 zShift: 3.4951 energy: 20.8682
MCReject   xShift: 7.06394 crossingAngle: -39.3812 axialRotation: -24.726 zShift: 3.4951 energy: 20.8225
MCReject   xShift: 7.06394 crossingAngle: -39.3252 axialRotation: -24.7155 zShift: 3.4951 energy: 20.8225
MCReject   xShift: 7.06394 crossingAngle: -39.3252 axialRotation: -24.726 zShift: 3.49884 energy: 20.841
MCReject   xShift: 7.06394 crossingAngle: -39.3252 axialRotation: -24.7795 zShift: 3.4951 energy: 19.868
MCReject   xShift: 7.06394 crossingAngle: -39.3252 axialRotation: -24.7148 zShift: 3.4951 energy: 20.8225
MCReject   xShift: 7.06333 crossingAngle: -39.3252 axialRotation: -24.726 zShift: 3.4951 energy: 20.8225
MCReject   xShift: 7.05754 crossingAngle: -39.3252 axialRotation: -24.726 zShift: 3.4951 energy: 20.8225
MCReject   xShift: 7.06197 crossingAngle: -39.3252 axialRotation: -24.726 zShift: 3.4951 energy: 20.8225
MCReject   xShift: 7.06394 crossingAngle: -39.3252 axialRotation: -24.8139 zShift: 3.4951 energy: 19.868
MCReject   xShift: 7.06122 crossingAngle: -39.3252 axialRotation: -24.726 zShift: 3.4951 energy: 20.8682
MCReject   xShift: 7.06394 crossingAngle: -39.3252 axialRotation: -24.6178 zShift: 3.4951 energy: 20.8225
MCReject   xShift: 7.06394 crossingAngle: -39.3252 axialRotation: -24.8207 zShift: 3.4951 energy: 20.8225
MCReject   xShift: 7.06394 crossingAngle: -39.2857 axialRotation: -24.726 zShift: 3.4951 energy: 20.8225
MCReject   xShift: 7.06394 crossingAngle: -39.3252 axialRotation: -24.9143 zShift: 3.4951 energy: 20.8225
MCReject   xShift: 7.06394 crossingAngle: -39.3159 axialRotation: -24.726 zShift: 3.4951 energy: 19.868
MCReject   xShift: 7.06394 crossingAngle: -39.3252 axialRotation: -24.6856 zShift: 3.4951 energy: 20.8225
MCReject   xShift: 7.06394 crossingAngle: -39.1414 axialRotation: -24.726 zShift: 3.4951 energy: 19.8222
MCReject   xShift: 7.06394 crossingAngle: -39.3252 axialRotation: -24.5571 zShift: 3.4951 energy: 20.8225
MCReject   xShift: 7.06394 crossingAngle: -39.3252 axialRotation: -24.726 zShift: 3.48288 energy: 20.77
MCReject   xShift: 7.06394 crossingAngle: -39.2139 axialRotation: -24.726 zShift: 3.4951 energy: 20.8225
MCReject   xShift: 7.06394 crossingAngle: -39.1092 axialRotation: -24.726 zShift: 3.4951 energy: 19.8222
MCReject   xShift: 7.06394 crossingAngle: -39.5298 axialRotation: -24.726 zShift: 3.4951 energy: 19.8222
MCReject   xShift: 7.06394 crossingAngle: -39.3171 axialRotation: -24.726 zShift: 3.4951 energy: 19.8222
MCReject   xShift: 7.06394 crossingAngle: -39.3252 axialRotation: -24.7528 zShift: 3.4951 energy: 20.8225
MCReject   xShift: 7.06394 crossingAngle: -39.3917 axialRotation: -24.726 zShift: 3.4951 energy: 19.868
MCReject   xShift: 7.05906 crossingAngle: -39.3252 axialRotation: -24.726 zShift: 3.4951 energy: 19.8222
MCReject   xShift: 7.06394 crossingAngle: -39.3252 axialRotation: -24.726 zShift: 3.48579 energy: 20.7814
MCReject   xShift: 7.06394 crossingAngle: -39.3252 axialRotation: -24.726 zShift: 3.48828 energy: 20.7917
MCReject   xShift: 7.06394 crossingAngle: -39.446 axialRotation: -24.726 zShift: 3.4951 energy: 20.8682
MCReject   xShift: 7.06394 crossingAngle: -39.3956 axialRotation: -24.726 zShift: 3.4951 energy: 20.8225
MCReject   xShift: 7.06085 crossingAngle: -39.3252 axialRotation: -24.726 zShift: 3.4951 energy: 20.8225
MCReject   xShift: 7.06394 crossingAngle: -39.3252 axialRotation: -24.6024 zShift: 3.4951 energy: 20.8225
MCReject   xShift: 7.06394 crossingAngle: -39.3078 axialRotation: -24.726 zShift: 3.4951 energy: 19.8222
MCReject   xShift: 7.06394 crossingAngle: -39.3252 axialRotation: -24.7447 zShift: 3.4951 energy: 20.8225
MCReject   xShift: 7.08266 crossingAngle: -39.3252 axialRotation: -24.726 zShift: 3.4951 energy: 20.8225
MCReject   xShift: 7.06394 crossingAngle: -39.3252 axialRotation: -24.7136 zShift: 3.4951 energy: 19.8222
MCReject   xShift: 7.06394 crossingAngle: -39.3892 axialRotation: -24.726 zShift: 3.4951 energy: 19.8222
MCReject   xShift: 7.06107 crossingAngle: -39.3252 axialRotation: -24.726 zShift: 3.4951 energy: 20.8225
MCReject   xShift: 7.06394 crossingAngle: -39.2503 axialRotation: -24.726 zShift: 3.4951 energy: 20.8225
MCReject   xShift: 7.06394 crossingAngle: -39.3252 axialRotation: -24.726 zShift: 3.48453 energy: 20.8218
MCReject   xShift: 7.06394 crossingAngle: -39.3252 axialRotation: -24.726 zShift: 3.51402 energy: 20.9283
MCReject   xShift: 7.06394 crossingAngle: -39.3296 axialRotation: -24.726 zShift: 3.4951 energy: 20.8225
MCReject   xShift: 7.06394 crossingAngle: -39.1853 axialRotation: -24.726 zShift: 3.4951 energy: 19.8222
MCReject   xShift: 7.0478 crossingAngle: -39.3252 axialRotation: -24.726 zShift: 3.4951 energy: 20.8225
MCReject   xShift: 7.06276 crossingAngle: -39.3252 axialRotation: -24.726 zShift: 3.4951 energy: 20.8682
MCReject   xShift: 7.06394 crossingAngle: -39.2714 axialRotation: -24.726 zShift: 3.4951 energy: 19.8222
MCReject   xShift: 7.06394 crossingAngle: -39.3252 axialRotation: -24.726 zShift: 3.48486 energy: 19.81
MCReject   xShift: 7.06394 crossingAngle: -39.3252 axialRotation: -24.726 zShift: 3.48934 energy: 20.7962
MCReject   xShift: 7.06297 crossingAngle: -39.3252 axialRotation: -24.726 zShift: 3.4951 energy: 20.8225
MCAccept 21 xShift: 7.06394 crossingAngle: -39.3224 axialRotation: -24.726 zShift: 3.4951 energy: 18.8679
MCReject   xShift: 7.06394 crossingAngle: -39.3224 axialRotation: -24.5513 zShift: 3.4951 energy: 20.8225
MCReject   xShift: 7.06394 crossingAngle: -39.3224 axialRotation: -24.7058 zShift: 3.4951 energy: 20.8225
MCReject   xShift: 7.06394 crossingAngle: -39.3224 axialRotation: -24.951 zShift: 3.4951 energy: 20.8682
MCReject   xShift: 7.06394 crossingAngle: -39.3224 axialRotation: -24.726 zShift: 3.49915 energy: 19.893
MCReject   xShift: 7.06394 crossingAngle: -39.3224 axialRotation: -24.8395 zShift: 3.4951 energy: 20.8682
MCReject   xShift: 7.06394 crossingAngle: -39.395 axialRotation: -24.726 zShift: 3.4951 energy: 19.8222
MCReject   xShift: 7.06394 crossingAngle: -39.3224 axialRotation: -24.726 zShift: 3.47955 energy: 20.8031
MCReject   xShift: 7.06394 crossingAngle: -39.3224 axialRotation: -24.726 zShift: 3.49215 energy: 20.8544
MCReject   xShift: 7.06394 crossingAngle: -39.3224 axialRotation: -24.726 zShift: 3.503 energy: 20.8629
MCReject   xShift: 7.04443 crossingAngle: -39.3224 axialRotation: -24.726 zShift: 3.4951 energy: 19.8222
MCReject   xShift: 7.07077 crossingAngle: -39.3224 axialRotation: -24.726 zShift: 3.4951 energy: 20.8225
MCReject   xShift: 7.06394 crossingAngle: -39.3224 axialRotation: -24.7878 zShift: 3.4951 energy: 19.8222
MCReject   xShift: 7.06363 crossingAngle: -39.3224 axialRotation: -24.726 zShift: 3.4951 energy: 20.8225
MCReject   xShift: 7.06394 crossingAngle: -39.3224 axialRotation: -24.726 zShift: 3.51333 energy: 20.9239
MCReject   xShift: 7.0653 crossingAngle: -39.3224 axialRotation: -24.726 zShift: 3.4951 energy: 19.868
MCReject   xShift: 7.06394 crossingAngle: -39.3268 axialRotation: -24.726 zShift: 3.4951 energy: 19.8222
MCReject   xShift: 7.065 crossingAngle: -39.3224 axialRotation: -24.726 zShift: 3.4951 energy: 19.8222
MCReject   xShift: 7.06394 crossingAngle: -39.3224 axialRotation: -24.726 zShift: 3.48818 energy: 20.7912
MCReject   xShift: 7.06394 crossingAngle: -39.2803 axialRotation: -24.726 zShift: 3.4951 energy: 19.8222
MCReject   xShift: 7.06394 crossingAngle: -39.2842 axialRotation: -24.726 zShift: 3.4951 energy: 19.8222
MCReject   xShift: 7.06394 crossingAngle: -39.2354 axialRotation: -24.726 zShift: 3.4951 energy: 20.8225
MCReject   xShift: 7.06394 crossingAngle: -39.488 axialRotation: -24.726 zShift: 3.4951 energy: 19.868
MCReject   xShift: 7.05766 crossingAngle: -39.3224 axialRotation: -24.726 zShift: 3.4951 energy: 19.868
MCReject   xShift: 7.06394 crossingAngle: -39.4491 axialRotation: -24.726 zShift: 3.4951 energy: 20.8225
MCReject   xShift: 7.06394 crossingAngle: -39.3224 axialRotation: -24.726 zShift: 3.50387 energy: 20.8677
MCReject   xShift: 7.06394 crossingAngle: -39.3224 axialRotation: -24.726 zShift: 3.51916 energy: 20.0353
MCReject   xShift: 7.05663 crossingAngle: -39.3224 axialRotation: -24.726 zShift: 3.4951 energy: 19.868
MCReject   xShift: 7.06394 crossingAngle: -39.3224 axialRotation: -24.7917 zShift: 3.4951 energy: 20.8225
MCReject   xShift: 7.05239 crossingAngle: -39.3224 axialRotation: -24.726 zShift: 3.4951 energy: 19.8222
MCReject   xShift: 7.06394 crossingAngle: -39.3224 axialRotation: -24.7487 zShift: 3.4951 energy: 20.8682
MCReject   xShift: 7.06394 crossingAngle: -39.3224 axialRotation: -24.726 zShift: 3.48859 energy: 19.8303
MCReject   xShift: 7.06394 crossingAngle: -39.3224 axialRotation: -24.7312 zShift: 3.4951 energy: 19.8222
MCReject   xShift: 7.06676 crossingAngle: -39.3224 axialRotation: -24.726 zShift: 3.4951 energy: 20.8225
MCReject   xShift: 7.05742 crossingAngle: -39.3224 axialRotation: -24.726 zShift: 3.4951 energy: 20.8225
MCReject   xShift: 7.06394 crossingAngle: -39.3661 axialRotation: -24.726 zShift: 3.4951 energy: 20.8225
MCReject   xShift: 7.06394 crossingAngle: -39.3196 axialRotation: -24.726 zShift: 3.4951 energy: 20.8225
MCReject   xShift: 7.06394 crossingAngle: -39.3224 axialRotation: -24.7486 zShift: 3.4951 energy: 20.8225
MCReject   xShift: 7.06198 crossingAngle: -39.3224 axialRotation: -24.726 zShift: 3.4951 energy: 20.8225
MCReject   xShift: 7.06394 crossingAngle: -39.3224 axialRotation: -24.726 zShift: 3.49732 energy: 20.8333
MCReject   xShift: 7.06394 crossingAngle: -39.3224 axialRotation: -24.726 zShift: 3.50161 energy: 20.8554
MCReject   xShift: 7.06394 crossingAngle: -39.3224 axialRotation: -24.8182 zShift: 3.4951 energy: 19.8222
MCReject   xShift: 7.05841 crossingAngle: -39.3224 axialRotation: -24.726 zShift: 3.4951 energy: 20.8682
MCAccept 22 xShift: 7.08213 crossingAngle: -39.3224 axialRotation: -24.726 zShift: 3.4951 energy: 18.8221
MCReject   xShift: 7.07678 crossingAngle: -39.3224 axialRotation: -24.726 zShift: 3.4951 energy: 20.8225
MCReject   xShift: 7.08436 crossingAngle: -39.3224 axialRotation: -24.726 zShift: 3.4951 energy: 20.8225
MCReject   xShift: 7.08213 crossingAngle: -38.9904 axialRotation: -24.726 zShift: 3.4951 energy: 19.868
MCReject   xShift: 7.08213 crossingAngle: -39.3224 axialRotation: -24.7687 zShift: 3.4951 energy: 19.868
MCReject   xShift: 7.08213 crossingAngle: -39.2984 axialRotation: -24.726 zShift: 3.4951 energy: 19.868
MCReject   xShift: 7.06607 crossingAngle: -39.3224 axialRotation: -24.726 zShift: 3.4951 energy: 20.8225
MCReject   xShift: 7.08213 crossingAngle: -39.3224 axialRotation: -24.6587 zShift: 3.4951 energy: 20.8225
MCReject   xShift: 7.08213 crossingAngle: -39.3224 axialRotation: -24.8334 zShift: 3.4951 energy: 20.8225
MCReject   xShift: 7.08213 crossingAngle: -39.3224 axialRotation: -24.726 zShift: 3.48593 energy: 20.782
MCReject   xShift: 7.06612 crossingAngle: -39.3224 axialRotation: -24.726 zShift: 3.4951 energy: 20.8225
MCReject   xShift: 7.08213 crossingAngle: -39.3224 axialRotation: -24.6841 zShift: 3.4951 energy: 20.8682
MCReject   xShift: 7.08213 crossingAngle: -39.3224 axialRotation: -24.726 zShift: 3.51202 energy: 20.9156
MCReject   xShift: 7.08434 crossingAngle: -39.3224 axialRotation: -24.726 zShift: 3.4951 energy: 19.868
MCReject   xShift: 7.08213 crossingAngle: -39.2422 axialRotation: -24.726 zShift: 3.4951 energy: 19.8222
MCReject   xShift: 7.08213 crossingAngle: -39.3224 axialRotation: -24.6822 zShift: 3.4951 energy: 19.8222
MCReject   xShift: 7.08566 crossingAngle: -39.3224 axialRotation: -24.726 zShift: 3.4951 energy: 19.868
MCReject   xShift: 7.08213 crossingAngle: -39.3224 axialRotation: -24.726 zShift: 3.48798 energy: 20.7904
MCAccept 23 xShift: 7.08213 crossingAngle: -39.3224 axialRotation: -24.7255 zShift: 3.4951 energy: 18.8221
MCReject   xShift: 7.08213 crossingAngle: -39.3224 axialRotation: -24.5009 zShift: 3.4951 energy: 20.8225
MCReject   xShift: 7.08213 crossingAngle: -39.3224 axialRotation: -24.7255 zShift: 3.49566 energy: 20.8251
MCReject   xShift: 7.08213 crossingAngle: -39.4386 axialRotation: -24.7255 zShift: 3.4951 energy: 20.8225
MCReject   xShift: 7.08213 crossingAngle: -39.3224 axialRotation: -24.5951 zShift: 3.4951 energy: 20.8682
MCReject   xShift: 7.08213 crossingAngle: -39.3224 axialRotation: -24.6859 zShift: 3.4951 energy: 19.8222
MCReject   xShift: 7.07679 crossingAngle: -39.3224 axialRotation: -24.7255 zShift: 3.4951 energy: 19.868
MCReject   xShift: 7.08213 crossingAngle: -39.5552 axialRotation: -24.7255 zShift: 3.4951 energy: 20.8225
MCReject   xShift: 7.07408 crossingAngle: -39.3224 axialRotation: -24.7255 zShift: 3.4951 energy: 20.8225
MCReject   xShift: 7.09003 crossingAngle: -39.3224 axialRotation: -24.7255 zShift: 3.4951 energy: 19.8222
MCReject   xShift: 7.08213 crossingAngle: -39.3224 axialRotation: -24.7255 zShift: 3.477 energy: 20.7492
MCReject   xShift: 7.08213 crossingAngle: -39.2996 axialRotation: -24.7255 zShift: 3.4951 energy: 19.8222
MCReject   xShift: 7.07676 crossingAngle: -39.3224 axialRotation: -24.7255 zShift: 3.4951 energy: 20.8682
MCReject   xShift: 7.08556 crossingAngle: -39.3224 axialRotation: -24.7255 zShift: 3.4951 energy: 20.8225
MCReject   xShift: 7.06877 crossingAngle: -39.3224 axialRotation: -24.7255 zShift: 3.4951 energy: 20.8225
MCReject   xShift: 7.08213 crossingAngle: -39.3224 axialRotation: -24.8331 zShift: 3.4951 energy: 20.8225
MCReject   xShift: 7.08213 crossingAngle: -39.3224 axialRotation: -24.7255 zShift: 3.49725 energy: 19.8353
MCReject   xShift: 7.08213 crossingAngle: -39.3224 axialRotation: -24.7255 zShift: 3.50649 energy: 20.8825
MCReject   xShift: 7.08213 crossingAngle: -39.3224 axialRotation: -24.8448 zShift: 3.4951 energy: 20.8225
MCReject   xShift: 7.08204 crossingAngle: -39.3224 axialRotation: -24.7255 zShift: 3.4951 energy: 20.8682
MCReject   xShift: 7.08213 crossingAngle: -39.3907 axialRotation: -24.7255 zShift: 3.4951 energy: 19.8222
MCReject   xShift: 7.09578 crossingAngle: -39.3224 axialRotation: -24.7255 zShift: 3.4951 energy: 20.8225
MCReject   xShift: 7.08213 crossingAngle: -39.3224 axialRotation: -24.7986 zShift: 3.4951 energy: 20.8682
MCReject   xShift: 7.07775 crossingAngle: -39.3224 axialRotation: -24.7255 zShift: 3.4951 energy: 19.8222
MCReject   xShift: 7.08213 crossingAngle: -39.3224 axialRotation: -24.7255 zShift: 3.47111 energy: 19.7444
MCReject   xShift: 7.08213 crossingAngle: -39.3224 axialRotation: -24.7255 zShift: 3.49296 energy: 20.8124
MCReject   xShift: 7.08213 crossingAngle: -39.3224 axialRotation: -24.7255 zShift: 3.49084 energy: 20.8028
MCReject   xShift: 7.08213 crossingAngle: -39.3224 axialRotation: -24.7255 zShift: 3.48647 energy: 20.7842
MCReject   xShift: 7.08213 crossingAngle: -39.3224 axialRotation: -24.7255 zShift: 3.48677 energy: 19.8202
MCReject   xShift: 7.08213 crossingAngle: -39.2757 axialRotation: -24.7255 zShift: 3.4951 energy: 20.8225
MCReject   xShift: 7.08213 crossingAngle: -39.3224 axialRotation: -24.7255 zShift: 3.49989 energy: 20.8464
MCReject   xShift: 7.09965 crossingAngle: -39.3224 axialRotation: -24.7255 zShift: 3.4951 energy: 20.8682
MCReject   xShift: 7.08213 crossingAngle: -39.3224 axialRotation: -24.6586 zShift: 3.4951 energy: 20.8225
MCReject   xShift: 7.08213 crossingAngle: -39.2464 axialRotation: -24.7255 zShift: 3.4951 energy: 20.8225
MCReject   xShift: 7.08213 crossingAngle: -39.3224 axialRotation: -24.6601 zShift: 3.4951 energy: 20.8225
MCReject   xShift: 7.08213 crossingAngle: -39.3224 axialRotation: -24.8948 zShift: 3.4951 energy: 19.868
MCReject   xShift: 7.08213 crossingAngle: -39.3224 axialRotation: -24.7255 zShift: 3.48745 energy: 20.7882
MCReject   xShift: 7.08213 crossingAngle: -39.3224 axialRotation: -24.7255 zShift: 3.48622 energy: 20.7831
MCReject   xShift: 7.08213 crossingAngle: -39.3224 axialRotation: -24.5911 zShift: 3.4951 energy: 19.8222
MCReject   xShift: 7.08213 crossingAngle: -39.3224 axialRotation: -24.7255 zShift: 3.51512 energy: 18.9799
MCReject   xShift: 7.07033 crossingAngle: -39.3224 axialRotation: -24.7255 zShift: 3.4951 energy: 20.8225
MCReject   xShift: 7.08213 crossingAngle: -39.3224 axialRotation: -24.7164 zShift: 3.4951 energy: 20.8682
MCReject   xShift: 7.08213 crossingAngle: -39.3224 axialRotation: -24.7255 zShift: 3.47583 energy: 20.7454
MCReject   xShift: 7.08213 crossingAngle: -39.3224 axialRotation: -24.9186 zShift: 3.4951 energy: 19.8222
MCReject   xShift: 7.08213 crossingAngle: -39.3224 axialRotation: -24.6066 zShift: 3.4951 energy: 20.8225
MCReject   xShift: 7.08213 crossingAngle: -39.3555 axialRotation: -24.7255 zShift: 3.4951 energy: 20.8225
MCReject   xShift: 7.06027 crossingAngle: -39.3224 axialRotation: -24.7255 zShift: 3.4951 energy: 20.8682
MCReject   xShift: 7.08213 crossingAngle: -39.3224 axialRotation: -24.7255 zShift: 3.51203 energy: 19.9346
MCReject   xShift: 7.0785 crossingAngle: -39.3224 axialRotation: -24.7255 zShift: 3.4951 energy: 20.8225
MCReject   xShift: 7.08213 crossingAngle: -39.3224 axialRotation: -24.9526 zShift: 3.4951 energy: 19.868
MCReject   xShift: 7.08213 crossingAngle: -39.3224 axialRotation: -24.6044 zShift: 3.4951 energy: 20.8225
MCReject   xShift: 7.08213 crossingAngle: -39.3224 axialRotation: -24.7251 zShift: 3.4951 energy: 20.8225
MCReject   xShift: 7.08213 crossingAngle: -39.2987 axialRotation: -24.7255 zShift: 3.4951 energy: 20.8682
MCReject   xShift: 7.10194 crossingAngle: -39.3224 axialRotation: -24.7255 zShift: 3.4951 energy: 20.8225
MCReject   xShift: 7.08121 crossingAngle: -39.3224 axialRotation: -24.7255 zShift: 3.4951 energy: 20.8225
MCReject   xShift: 7.06812 crossingAngle: -39.3224 axialRotation: -24.7255 zShift: 3.4951 energy: 19.8222
MCReject   xShift: 7.08213 crossingAngle: -39.3224 axialRotation: -24.9405 zShift: 3.4951 energy: 19.868
MCReject   xShift: 7.08213 crossingAngle: -39.5443 axialRotation: -24.7255 zShift: 3.4951 energy: 19.8222
MCReject   xShift: 7.08213 crossingAngle: -39.3224 axialRotation: -24.7571 zShift: 3.4951 energy: 19.868
MCReject   xShift: 7.08213 crossingAngle: -39.3117 axialRotation: -24.7255 zShift: 3.4951 energy: 20.8225
MCReject   xShift: 7.08213 crossingAngle: -39.3224 axialRotation: -24.7255 zShift: 3.5122 energy: 20.9168
MCReject   xShift: 7.08213 crossingAngle: -39.174 axialRotation: -24.7255 zShift: 3.4951 energy: 20.8225
MCReject   xShift: 7.08213 crossingAngle: -39.3224 axialRotation: -24.7255 zShift: 3.51846 energy: 20.9576
MCReject   xShift: 7.08213 crossingAngle: -39.3224 axialRotation: -24.9296 zShift: 3.4951 energy: 19.8222
MCReject   xShift: 7.08213 crossingAngle: -39.3224 axialRotation: -24.7255 zShift: 3.49614 energy: 20.8733
MCReject   xShift: 7.08077 crossingAngle: -39.3224 axialRotation: -24.7255 zShift: 3.4951 energy: 19.868
MCReject   xShift: 7.08213 crossingAngle: -39.3237 axialRotation: -24.7255 zShift: 3.4951 energy: 20.8225
Energy #0: 18.8221
***GEOMETRY SHIFT***
xShift;        Before: 7.1; After: 7.08213
crossingAngle; Before: -39.29; After: -39.3224
axialRotation; Before: -24.95; After: -24.7255
zShift;        Before: 3.54; After: 3.4951
Energy;        Before: 11852.3; After: 18.8221

Reached 51 cycles without improvement of 0.001. Accepted 24/323
Monte Carlo repack complete. Time: 80.5167min

