***STARTING GEOMETRY:***
xShift: 7.1
crossingAngle: -39.29
axialRotation: -24.95
zShift: 3.54

Number of MCCycles: 200
PrevSequence	CurrSequence	PrevEnergy	CurrEnergy	PrevEntropy	CurrEntropy	CurrentTemp
LLLTGLLTGLLTGLLTTLILI	LLLTGLLVGLLTGLLTTLILI	21.0819	23.0775	1.39457	0.0589809	999.847
LLLTGLLVGLLTGLLTTLILI	LLLTGLLVGLLTGLLYTLILI	23.8347	22.151	0.816184	0.171816	999.684
LLLTGLLVGLLTGLLYTLILI	LLLTGLLVGLLTGLLTTLILI	22.151	23.8347	0.171816	0.816184	999.512
LLLTGLLVGLLTGLLTTLILI	LLLTGLLTGLLTGLLTTLILI	23.0775	21.0819	0.0589809	1.39457	999.328
LLLTGLLTGLLTGLLTTLILI	LLLTGLLVGLLTGLLTTLILI	21.0819	23.0775	1.39457	0.0589809	999.134
LLLTGLLVGLLTGLLTTLILI	LLLTGLLVGLLIGLLTTLILI	24.2737	27.3469	1.2552	0.0756774	998.708
LLLTGLLVGLLIGLLTTLILI	LLLYGLLVGLLIGLLTTLILI	27.9648	27.1197	0.693609	0.219549	998.476
LLLYGLLVGLLIGLLTTLILI	LLLYGLLVGLLTGLLTTLILI	26.999	23.7527	0.098896	1.10811	998.229
LLLYGLLVGLLTGLLTTLILI	LLLYGLLVGLLTGLLYTLILI	23.0876	22.2027	0.443059	0.379341	997.967
LLLYGLLVGLLTGLLYTLILI	LLLYGLLVGLLTGLLTTLILI	22.2027	23.0876	0.379341	0.443059	997.689
LLLYGLLVGLLTGLLTTLILI	LLLYGLLTGLLTGLLTTLILI	22.7174	20.4693	0.0728516	1.27634	997.394
LLLYGLLTGLLTGLLTTLILI	LLLYGLLTGLLTGLLYTLILI	19.7318	18.7537	0.538845	0.30482	997.081
LLLYGLLTGLLTGLLYTLILI	LLLYGLLYGLLTGLLYTLILI	18.7776	21.7654	0.328724	0.505042	996.749
LLLYGLLYGLLTGLLYTLILI	LLLYGLLTGLLTGLLYTLILI	21.7654	19.6636	0.505042	0.328724	996.397
LLLYGLLTGLLTGLLYTLILI	LLLYGLLTGLLTGLLTTLILI	19.6397	19.7791	0.30482	0.538845	996.023
LLLYGLLTGLLTGLLTTLILI	LLLYGLLYGLLTGLLTTLILI	19.7791	21.5791	0.538845	0.30482	995.626
LLLYGLLYGLLTGLLTTLILI	LLLYGLLTGLLTGLLTTLILI	21.5791	19.7318	0.30482	0.538845	995.205
LLLYGLLTGLLTGLLTTLILI	LLLYGLLTGLLTGLLYTLILI	19.7318	19.6397	0.538845	0.30482	994.758
LLLYGLLTGLLTGLLYTLILI	LLLYGLLTGLLLGLLYTLILI	20.3751	24.2854	1.04019	0.112128	994.285
LLLYGLLTGLLLGLLYTLILI	LLLTGLLTGLLLGLLYTLILI	24.5526	28.5366	0.379341	0.443059	993.782
LLLTGLLTGLLLGLLYTLILI	LLLYGLLTGLLLGLLYTLILI	28.5366	25.4698	0.443059	0.379341	993.249
LLLYGLLTGLLLGLLYTLILI	LLLTGLLTGLLLGLLYTLILI	25.4698	25.7316	0.379341	0.443059	992.084
LLLTGLLTGLLLGLLYTLILI	LLLTGLLTGLLTGLLYTLILI	25.3746	19.7921	0.0860236	1.18439	991.448
LLLTGLLTGLLTGLLYTLILI	LLLYGLLTGLLTGLLYTLILI	19.1465	18.7064	0.538845	0.30482	990.773
LLLYGLLTGLLTGLLYTLILI	LLLYGLLTGLLTGLLTTLILI	18.7064	19.7318	0.30482	0.538845	988.496
LLLYGLLTGLLTGLLTTLILI	LLLYGLLTGLLTGLLYTLILI	19.7318	19.6871	0.538845	0.30482	987.644
LLLYGLLTGLLTGLLYTLILI	LLLYGLLTGLLTGLLTTLILI	19.6871	19.7318	0.30482	0.538845	986.74
LLLYGLLTGLLTGLLTTLILI	LLLGGLLTGLLTGLLTTLILI	19.4062	20.4375	0.213262	0.707856	985.783
LLLGGLLTGLLTGLLTTLILI	LLLYGLLTGLLTGLLTTLILI	20.4375	19.4062	0.707856	0.213262	984.769
LLLYGLLTGLLTGLLTTLILI	LLLYGLLYGLLTGLLTTLILI	19.7318	21.5791	0.538845	0.30482	983.694
LLLYGLLYGLLTGLLTTLILI	LLLYGLLYGLLTGLLYTLILI	21.603	20.8995	0.328724	0.505042	982.555
LLLYGLLYGLLTGLLYTLILI	LLLYGLLYGLLTGLLTTLILI	20.8995	21.603	0.505042	0.328724	981.348
LLLYGLLYGLLTGLLTTLILI	LLLYGLLYGLLTGLLYTLILI	21.603	19.9271	0.328724	0.505042	980.071
LLLYGLLYGLLTGLLYTLILI	LLLGGLLYGLLTGLLYTLILI	19.9154	22.0317	0.493345	0.337561	977.285
LLLGGLLYGLLTGLLYTLILI	LLLYGLLYGLLTGLLYTLILI	22.0317	20.8345	0.337561	0.493345	975.768
LLLYGLLYGLLTGLLYTLILI	LLLYGLLTGLLTGLLYTLILI	20.8462	18.7786	0.505042	0.328724	968.764
LLLYGLLTGLLTGLLYTLILI	LLLYGLLTGLLTGLLTTLILI	18.7547	19.7318	0.30482	0.538845	966.754
LLLYGLLTGLLTGLLTTLILI	LLLGGLLTGLLTGLLTTLILI	19.4062	20.4375	0.213262	0.707856	964.627
LLLGGLLTGLLTGLLTTLILI	LLLYGLLTGLLTGLLTTLILI	20.4375	19.4536	0.707856	0.213262	960.005
LLLYGLLTGLLTGLLTTLILI	LLLGGLLTGLLTGLLTTLILI	19.4536	20.4375	0.213262	0.707856	957.496
LLLGGLLTGLLTGLLTTLILI	LLLYGLLTGLLTGLLTTLILI	20.4375	19.4062	0.707856	0.213262	952.048
LLLYGLLTGLLTGLLTTLILI	LLLYGLLYGLLTGLLTTLILI	19.7318	21.5791	0.538845	0.30482	949.095
LLLYGLLYGLLTGLLTTLILI	LLLYGLLTGLLTGLLTTLILI	21.5791	19.7318	0.30482	0.538845	945.979
LLLYGLLTGLLTGLLTTLILI	LLLYGLLYGLLTGLLTTLILI	19.7318	21.5791	0.538845	0.30482	939.229
LLLYGLLYGLLTGLLTTLILI	LLLYGLLTGLLTGLLTTLILI	21.5791	19.7318	0.30482	0.538845	935.578
LLLYGLLTGLLTGLLTTLILI	LLLYGLLTGLLTGLLYTLILI	19.7318	18.7537	0.538845	0.30482	931.732
LLLYGLLTGLLTGLLYTLILI	LLLTGLLTGLLTGLLYTLILI	18.7537	19.2004	0.30482	0.538845	923.422
LLLTGLLTGLLTGLLYTLILI	LLLTGLLTGLLTGLLTTLILI	18.8027	20.5248	0.141213	0.917682	918.939
LLLTGLLTGLLTGLLTTLILI	LLLYGLLTGLLTGLLTTLILI	20.5248	19.3341	0.917682	0.141213	914.227
LLLYGLLTGLLTGLLTTLILI	LLLGGLLTGLLTGLLTTLILI	19.4062	20.4375	0.213262	0.707856	909.276
LLLGGLLTGLLTGLLTTLILI	LLLGGLLYGLLTGLLTTLILI	20.5458	22.1235	0.816184	0.171816	904.077
LLLGGLLYGLLTGLLTTLILI	LLLYGLLYGLLTGLLTTLILI	22.4057	21.644	0.453966	0.369715	892.899
LLLYGLLYGLLTGLLTTLILI	LLLYGLLTGLLTGLLTTLILI	21.5791	19.7318	0.30482	0.538845	886.903
LLLYGLLTGLLTGLLTTLILI	LLLYGLLTGLLTGLLYTLILI	19.7318	19.6397	0.538845	0.30482	880.623
LLLYGLLTGLLTGLLYTLILI	LLLGGLLTGLLTGLLYTLILI	19.7046	19.1622	0.369715	0.453966	874.051
LLLGGLLTGLLTGLLYTLILI	LLLGGLLTGLLTGLLTTLILI	18.8801	20.5458	0.171816	0.816184	867.179
LLLGGLLTGLLTGLLTTLILI	LLLYGLLTGLLTGLLTTLILI	20.4375	19.4062	0.707856	0.213262	859.999
LLLYGLLTGLLTGLLTTLILI	LLLGGLLTGLLTGLLTTLILI	19.4062	20.4375	0.213262	0.707856	836.541
LLLGGLLTGLLTGLLTTLILI	LLLGGLLYGLLTGLLTTLILI	20.5458	22.1796	0.816184	0.171816	828.061
LLLGGLLYGLLTGLLTTLILI	LLLGGLLTGLLTGLLTTLILI	22.1796	20.5458	0.171816	0.816184	819.243
LLLGGLLTGLLTGLLTTLILI	LLLYGLLTGLLTGLLTTLILI	20.4375	19.4062	0.707856	0.213262	810.083
LLLYGLLTGLLTGLLTTLILI	LLLYGLLYGLLTGLLTTLILI	19.7318	21.5791	0.538845	0.30482	790.724
LLLYGLLYGLLTGLLTTLILI	LLLYGLLYGLLTGLLYTLILI	21.603	21.7654	0.328724	0.505042	780.523
LLLYGLLYGLLTGLLYTLILI	LLLYGLLTGLLTGLLYTLILI	21.7654	19.6636	0.505042	0.328724	769.974
LLLYGLLTGLLTGLLYTLILI	LLLYGLLTGLLTGLLTTLILI	19.6397	19.7318	0.30482	0.538845	759.081
LLLYGLLTGLLTGLLTTLILI	LLLYGLLTGLLTGLLTVLILI	20.4693	26.3397	1.27634	0.0728516	747.845
LLLYGLLTGLLTGLLTVLILI	LLLYGLLTGLLTGLLYVLILI	26.7099	27.3297	0.443059	0.379341	736.272
LLLYGLLTGLLTGLLYVLILI	LLLYGLLTGLLTGLLTVLILI	27.3297	26.7099	0.379341	0.443059	724.369
LLLYGLLTGLLTGLLTVLILI	LLLYGLLTGLLTGLLYVLILI	26.7099	27.3297	0.443059	0.379341	712.142
LLLYGLLTGLLTGLLYVLILI	LLLYGLLTGLLTGLLYTLILI	27.0456	20.4633	0.0952708	1.12845	699.602
LLLYGLLTGLLTGLLYTLILI	LLLYGLLTGLLTGLLTTLILI	19.6397	19.7318	0.30482	0.538845	686.76
LLLYGLLTGLLTGLLTTLILI	LLLYGLLTGLLTGLLYTLILI	19.7318	18.7064	0.538845	0.30482	632.651
LLLYGLLTGLLTGLLYTLILI	LLLGGLLTGLLTGLLYTLILI	18.7713	19.1622	0.369715	0.453966	589.688
LLLGGLLTGLLTGLLYTLILI	LLLGGLLYGLLTGLLYTLILI	19.1513	21.1544	0.443059	0.379341	575.025
LLLGGLLYGLLTGLLYTLILI	LLLGGLLTGLLTGLLYTLILI	21.1544	20.071	0.379341	0.443059	560.23
LLLGGLLTGLLTGLLYTLILI	LLLYGLLTGLLTGLLYTLILI	20.0819	17.839	0.453966	0.369715	545.329
LLLYGLLTGLLTGLLYTLILI	LLLTGLLTGLLTGLLYTLILI	17.7742	19.2004	0.30482	0.538845	530.348
LLLTGLLTGLLTGLLYTLILI	LLLTGLLVGLLTGLLYTLILI	19.9379	22.9513	1.27634	0.0728516	515.312
LLLTGLLVGLLTGLLYTLILI	LLLTGLLTGLLTGLLYTLILI	22.9513	19.9379	0.0728516	1.27634	500.25
LLLTGLLTGLLTGLLYTLILI	LLLYGLLTGLLTGLLYTLILI	19.2004	18.7537	0.538845	0.30482	470.152
LLLYGLLTGLLTGLLYTLILI	LLLTGLLTGLLTGLLYTLILI	18.7537	19.2004	0.30482	0.538845	455.171
LLLTGLLTGLLTGLLYTLILI	LLLGGLLTGLLTGLLYTLILI	19.1515	19.0484	0.489954	0.34018	440.27
LLLGGLLTGLLTGLLYTLILI	LLLYGLLTGLLTGLLYTLILI	19.1622	19.7046	0.453966	0.369715	425.475
LLLYGLLTGLLTGLLYTLILI	LLLYGLLTGLLTGLLTTLILI	19.6397	19.7318	0.30482	0.538845	410.812
LLLYGLLTGLLTGLLTTLILI	LLLYGLLYGLLTGLLTTLILI	19.7318	21.5791	0.538845	0.30482	396.304
LLLYGLLYGLLTGLLTTLILI	LLLYGLLYGLLTGLLYTLILI	21.603	21.8187	0.328724	0.505042	381.976
LLLYGLLYGLLTGLLYTLILI	LLLGGLLYGLLTGLLYTLILI	21.807	22.0317	0.493345	0.337561	353.943
LLLGGLLYGLLTGLLYTLILI	LLLGGLLTGLLTGLLYTLILI	22.0735	20.1232	0.379341	0.443059	340.278
LLLGGLLTGLLTGLLYTLILI	LLLYGLLTGLLTGLLYTLILI	20.1341	18.8196	0.453966	0.369715	326.872
LLLYGLLTGLLTGLLYTLILI	LLLYGLLTGLLTGLLTTLILI	18.7547	19.7318	0.30482	0.538845	313.74
LLLYGLLTGLLTGLLTTLILI	LLLYGLLTGLLTGLLYTLILI	19.7318	18.7073	0.538845	0.30482	288.358
LLLYGLLTGLLTGLLYTLILI	LLLYGLLTGLLTGLLTTLILI	18.7073	19.7318	0.30482	0.538845	199.923
LLLYGLLTGLLTGLLTTLILI	LLLYGLLTGLLTGLLYTLILI	19.7318	18.7547	0.538845	0.30482	140.501
LLLYGLLTGLLTGLLYTLILI	LLLTGLLTGLLTGLLYTLILI	18.7547	19.1465	0.30482	0.538845	119.877
LLLTGLLTGLLTGLLYTLILI	LLLGGLLTGLLTGLLYTLILI	19.0976	19.1007	0.489954	0.34018	113.597
LLLGGLLTGLLTGLLYTLILI	LLLYGLLTGLLTGLLYTLILI	19.2145	18.8186	0.453966	0.369715	107.601
LLLYGLLTGLLTGLLYTLILI	LLLTGLLTGLLTGLLYTLILI	18.7537	18.2808	0.30482	0.538845	14.717
LLLTGLLTGLLTGLLYTLILI	LLLYGLLTGLLTGLLYTLILI	18.2808	17.7742	0.538845	0.30482	3.10559
Time: 358s
