***STARTING GEOMETRY:***
xShift: 8.55162
crossingAngle: -45.6913
axialRotation: 18.4344
zShift: 5.24774

Number of MCCycles: 100
PrevSequence	CurrSequence	PrevEnergy	CurrEnergy	PrevEntropy	CurrEntropy	CurrentTemp
LLLALLTALLTTLLTTLLILI	LLLALLTALLTTLLWTLLILI	-24.1689	-22.5287	0.673827	0.22865	999.684
LLLALLTALLTTLLWTLLILI	LLLALLTALLTTLLTTLLILI	-22.5287	-24.4054	0.22865	0.673827	999.328
LLLALLTALLTTLLTTLLILI	LLLALLTSLLTTLLTTLLILI	-24.6627	-21.089	0.416521	0.404229	997.394
LLLALLTSLLTTLLTTLLILI	LLLWLLTSLLTTLLTTLLILI	-21.3874	-22.2126	0.105861	1.0712	996.749
LLLWLLTSLLTTLLTTLLILI	LLLWLLGSLLTTLLTTLLILI	-22.0958	-20.263	1.18802	0.0854581	996.023
LLLWLLGSLLTTLLTTLLILI	LLLWLLGTLLTTLLTTLLILI	-20.2501	-28.5084	0.0983968	1.11086	995.205
LLLWLLGTLLTTLLTTLLILI	LLLWLLGTLLTYLLTTLLILI	-28.7016	-27.5845	0.917682	0.141213	994.285
LLLWLLGTLLTYLLTTLLILI	LLLWLLGTLLTYLLVTLLILI	-26.4494	-23.1016	1.27634	0.0728516	993.249
LLLWLLGTLLTYLLVTLLILI	LLLWLLGTLLTYLLTTLLILI	-23.1016	-26.4494	0.0728516	1.27634	992.084
LLLWLLGTLLTYLLTTLLILI	LLLWLLGTLLTYLLTVLLILI	-26.4494	-23.8719	1.27634	0.0728516	989.3
LLLWLLGTLLTYLLTVLLILI	LLLWLLGTLLTTLLTVLLILI	-23.773	-25.0772	0.171816	0.816184	987.644
LLLWLLGTLLTTLLTVLLILI	LLLWLLGTLLTTLLTTLLILI	-25.8344	-28.2247	0.0589809	1.39457	985.783
LLLWLLGTLLTTLLTTLLILI	LLLWLLGTLLTYLLTTLLILI	-28.7016	-27.5845	0.917682	0.141213	983.694
LLLWLLGTLLTYLLTTLLILI	LLLFLLGTLLTYLLTTLLILI	-26.8353	-26.3677	0.890414	0.148778	981.348
LLLFLLGTLLTYLLTTLLILI	LLLWLLGTLLTYLLTTLLILI	-26.3677	-26.8353	0.148778	0.890414	978.717
LLLWLLGTLLTYLLTTLLILI	LLLWLLATLLTYLLTTLLILI	-27.1416	-25.0862	0.584123	0.276169	975.768
LLLWLLATLLTYLLTTLLILI	LLLWLLATLLTTLLTTLLILI	-25.2212	-26.4323	0.141213	0.917682	972.463
LLLWLLATLLTTLLTTLLILI	LLLVLLATLLTTLLTTLLILI	-26.3407	-24.5735	1.00921	0.118797	968.764
LLLVLLATLLTTLLTTLLILI	LLLVLLATLLTYLLTTLLILI	-23.7746	-22.583	0.917682	0.141213	964.627
LLLVLLATLLTYLLTTLLILI	LLLWLLATLLTYLLTTLLILI	-22.6054	-24.3532	0.118797	1.00921	960.005
LLLWLLATLLTYLLTTLLILI	LLLWLLGTLLTYLLTTLLILI	-25.0862	-27.1416	0.276169	0.584123	954.846
LLLWLLGTLLTYLLTTLLILI	LLLWLLATLLTYLLTTLLILI	-27.1416	-25.0862	0.584123	0.276169	949.095
LLLWLLATLLTYLLTTLLILI	LLLWLLATLLTYLLTVLLILI	-24.0861	-21.5086	1.27634	0.0728516	942.693
LLLWLLATLLTYLLTVLLILI	LLLWLLATLLTYLLTTLLILI	-21.5086	-24.0861	0.0728516	1.27634	935.578
LLLWLLATLLTYLLTTLLILI	LLLWLLGTLLTYLLTTLLILI	-25.0862	-27.1416	0.276169	0.584123	927.683
LLLWLLGTLLTYLLTTLLILI	LLLWLLGTLLTTLLTTLLILI	-27.5845	-28.7016	0.141213	0.917682	918.939
LLLWLLGTLLTTLLTTLLILI	LLLFLLGTLLTTLLTTLLILI	-28.7289	-28.3245	0.890414	0.148778	909.276
LLLFLLGTLLTTLLTTLLILI	LLLFLLGTLLTYLLTTLLILI	-27.5556	-26.3753	0.917682	0.141213	898.621
LLLFLLGTLLTYLLTTLLILI	LLLWLLGTLLTYLLTTLLILI	-26.3677	-26.8353	0.148778	0.890414	886.903
LLLWLLGTLLTYLLTTLLILI	LLLFLLGTLLTYLLTTLLILI	-26.8353	-26.3677	0.890414	0.148778	874.051
LLLFLLGTLLTYLLTTLLILI	LLLWLLGTLLTYLLTTLLILI	-26.3677	-26.8353	0.148778	0.890414	859.999
LLLWLLGTLLTYLLTTLLILI	LLLWLLATLLTYLLTTLLILI	-27.1416	-25.0862	0.584123	0.276169	844.686
LLLWLLATLLTYLLTTLLILI	LLLVLLATLLTYLLTTLLILI	-24.3532	-22.6054	1.00921	0.118797	828.061
LLLVLLATLLTYLLTTLLILI	LLLVLLATLLTTLLTTLLILI	-22.583	-23.7746	0.141213	0.917682	810.083
LLLVLLATLLTTLLTTLLILI	LLLVLLATLLTYLLTTLLILI	-23.7746	-22.583	0.917682	0.141213	790.724
LLLVLLATLLTYLLTTLLILI	LLLVLLGTLLTYLLTTLLILI	-22.448	-22.0923	0.276169	0.584123	769.974
LLLVLLGTLLTYLLTTLLILI	LLLVLLATLLTYLLTTLLILI	-22.0923	-22.448	0.584123	0.276169	747.845
LLLVLLATLLTYLLTTLLILI	LLLVLLATLLTTLLTTLLILI	-22.583	-23.7746	0.141213	0.917682	724.369
LLLVLLATLLTTLLTTLLILI	LLLVLLGTLLTTLLTTLLILI	-24.4161	-24.0697	0.276169	0.584123	699.602
LLLVLLGTLLTTLLTTLLILI	LLLWLLGTLLTTLLTTLLILI	-24.535	-28.6101	0.118797	1.00921	673.628
LLLWLLGTLLTTLLTTLLILI	LLLFLLGTLLTTLLTTLLILI	-28.7289	-28.3245	0.890414	0.148778	646.557
LLLFLLGTLLTTLLTTLLILI	LLLWLLGTLLTTLLTTLLILI	-28.3245	-28.7289	0.148778	0.890414	560.23
LLLWLLGTLLTTLLTTLLILI	LLLWLLGTLLTYLLTTLLILI	-28.7016	-27.5845	0.917682	0.141213	530.348
LLLWLLGTLLTYLLTTLLILI	LLLWLLGTLLTTLLTTLLILI	-27.5845	-28.7016	0.141213	0.917682	500.25
LLLWLLGTLLTTLLTTLLILI	LLLWLLGTLLTTLLTYLLILI	-28.7016	-26.0892	0.917682	0.141213	440.27
LLLWLLGTLLTTLLTYLLILI	LLLWLLGTLLTTLLTTLLILI	-26.0892	-28.7016	0.141213	0.917682	410.812
LLLWLLGTLLTTLLTTLLILI	LLLFLLGTLLTTLLTTLLILI	-28.7289	-28.3245	0.890414	0.148778	381.976
LLLFLLGTLLTTLLTTLLILI	LLLFLLGTLLTYLLTTLLILI	-27.5556	-26.3753	0.917682	0.141213	353.943
LLLFLLGTLLTYLLTTLLILI	LLLWLLGTLLTYLLTTLLILI	-26.3677	-26.8353	0.148778	0.890414	326.872
LLLWLLGTLLTYLLTTLLILI	LLLWLLGTLLTTLLTTLLILI	-27.5845	-28.7016	0.141213	0.917682	300.898
LLLWLLGTLLTTLLTTLLILI	LLLFLLGTLLTTLLTTLLILI	-28.7289	-28.3245	0.890414	0.148778	190.417
LLLFLLGTLLTTLLTTLLILI	LLLWLLGTLLTTLLTTLLILI	-28.3245	-28.7289	0.148778	0.890414	172.439
Time: 157s
