***STARTING GEOMETRY:***
xShift: 9.08076
crossingAngle: -36.1692
axialRotation: -25.7085
zShift: 5.9805

Number of MCCycles: 200
PrevSequence	CurrSequence	PrevEnergy	CurrEnergy	PrevEntropy	CurrEntropy	CurrentTemp
LLLTGLLTGLLTALLTTLILI	LLLYGLLTGLLTALLTTLILI	1.9629	0.29475	0.917682	0.141213	999.847
LLLYGLLTGLLTALLTTLILI	LLLGGLLTGLLTALLTTLILI	0.42367	1.32859	0.270132	0.594419	999.684
LLLGGLLTGLLTALLTTLILI	LLLGGLLTGLLTSLLTTLILI	0.978335	1.58974	0.244161	0.642213	999.512
LLLGGLLTGLLTSLLTTLILI	LLLGALLTGLLTSLLTTLILI	2.01287	0.969085	1.06535	0.107014	999.328
LLLGALLTGLLTSLLTTLILI	LLLGGLLTGLLTSLLTTLILI	0.969085	2.01287	0.107014	1.06535	999.134
LLLGGLLTGLLTSLLTTLILI	LLLGALLTGLLTSLLTTLILI	2.01287	0.969085	1.06535	0.107014	998.928
LLLGALLTGLLTSLLTTLILI	LLLGALLTGLLYSLLTTLILI	1.67826	2.86258	0.816184	0.171816	998.708
LLLGALLTGLLYSLLTTLILI	LLLYALLTGLLYSLLTTLILI	2.96024	2.87873	0.269472	0.595564	998.476
LLLYALLTGLLYSLLTTLILI	LLLYGLLTGLLYSLLTTLILI	2.43721	3.08265	0.154044	0.872342	998.229
LLLYGLLTGLLYSLLTTLILI	LLLGGLLTGLLYSLLTTLILI	2.66524	3.16412	0.454934	0.368877	997.967
LLLGGLLTGLLYSLLTTLILI	LLLYGLLTGLLYSLLTTLILI	3.16412	2.66524	0.368877	0.454934	997.689
LLLYGLLTGLLYSLLTTLILI	LLLYGLLTGLLYSLLTWLILI	2.69633	2.69163	0.48602	0.343253	997.394
LLLYGLLTGLLYSLLTWLILI	LLLYGLLTGLLTSLLTWLILI	2.72772	0.943645	0.379341	0.443059	997.081
LLLYGLLTGLLTSLLTWLILI	LLLYGLLYGLLTSLLTWLILI	0.943645	2.74334	0.443059	0.379341	996.749
LLLYGLLYGLLTSLLTWLILI	LLLYGLLYGLLTALLTWLILI	3.00621	3.62878	0.642213	0.244161	996.397
LLLYGLLYGLLTALLTWLILI	LLLYGLLYGLLTALLYWLILI	3.62266	4.02552	0.238039	0.654392	996.023
LLLYGLLYGLLTALLYWLILI	LLLGGLLYGLLTALLYWLILI	3.96669	4.38058	0.595564	0.269472	995.626
LLLGGLLYGLLTALLYWLILI	LLLGALLYGLLTALLYWLILI	4.85671	5.00036	0.745602	0.197612	995.205
LLLGALLYGLLTALLYWLILI	LLLGALLTGLLTALLYWLILI	5.30779	2.97342	0.505042	0.328724	994.758
LLLGALLTGLLTALLYWLILI	LLLGALLTGLLTALLYTLILI	2.98795	2.18827	0.343253	0.48602	994.285
LLLGALLTGLLTALLYTLILI	LLLYALLTGLLTALLYTLILI	1.97173	1.89481	0.269472	0.595564	993.782
LLLYALLTGLLTALLYTLILI	LLLYGLLTGLLTALLYTLILI	1.57542	1.79138	0.276169	0.584123	993.249
LLLYGLLTGLLTALLYTLILI	LLLYGLLYGLLTALLYTLILI	1.53598	3.55936	0.328724	0.505042	992.683
LLLYGLLYGLLTALLYTLILI	LLLYGLLYGLLTSLLYTLILI	3.29848	2.4398	0.244161	0.642213	992.084
LLLYGLLYGLLTSLLYTLILI	LLLYGLLYGLLTSLLYWLILI	2.16129	2.65151	0.363705	0.460972	991.448
LLLYGLLYGLLTSLLYWLILI	LLLYGLLYGLLTSLLTWLILI	2.84493	2.60188	0.654392	0.238039	990.773
LLLYGLLYGLLTSLLTWLILI	LLLYGLLTGLLTSLLTWLILI	2.74318	0.943645	0.379341	0.443059	990.058
LLLYGLLTGLLTSLLTWLILI	LLLYGLLTGLLTALLTWLILI	1.1428	1.78903	0.642213	0.244161	989.3
LLLYGLLTGLLTALLTWLILI	LLLYGLLTGLLYALLTWLILI	1.98793	3.50307	0.443059	0.379341	988.496
LLLYGLLTGLLYALLTWLILI	LLLYGLLTGLLYALLYWLILI	3.36177	4.73458	0.238039	0.654392	987.644
LLLYGLLTGLLYALLYWLILI	LLLYGLLTGLLTALLYWLILI	4.73458	2.38773	0.654392	0.238039	986.74
LLLYGLLTGLLTALLYWLILI	LLLYGLLTGLLTSLLYWLILI	2.39386	0.595748	0.244161	0.642213	985.783
LLLYGLLTGLLTSLLYWLILI	LLLYALLTGLLTSLLYWLILI	0.825877	0.578792	0.872342	0.154044	984.769
LLLYALLTGLLTSLLYWLILI	LLLGALLTGLLTSLLYWLILI	1.02031	0.717925	0.595564	0.269472	983.694
LLLGALLTGLLTSLLYWLILI	LLLGALLYGLLTSLLYWLILI	0.777178	4.11318	0.328724	0.505042	982.555
LLLGALLYGLLTSLLYWLILI	LLLYALLYGLLTSLLYWLILI	3.80066	3.81507	0.192521	0.758648	981.348
LLLYALLYGLLTSLLYWLILI	LLLYALLYGLLTALLYWLILI	3.46065	5.2966	0.404229	0.416521	980.071
LLLYALLYGLLTALLYWLILI	LLLYALLYGLLTALLTWLILI	5.53447	4.43473	0.654392	0.238039	978.717
LLLYALLYGLLTALLTWLILI	LLLYALLTGLLTALLTWLILI	4.57604	2.07993	0.379341	0.443059	977.285
LLLYALLTGLLTALLTWLILI	LLLYALLTGLLTSLLTWLILI	2.05339	1.00233	0.416521	0.404229	975.768
LLLYALLTGLLTSLLTWLILI	LLLYGLLTGLLTSLLTWLILI	0.752145	1.37293	0.154044	0.872342	974.162
LLLYGLLTGLLTSLLTWLILI	LLLYGLLTGLLYSLLTWLILI	0.943645	2.72789	0.443059	0.379341	972.463
LLLYGLLTGLLYSLLTWLILI	LLLYGLLTGLLYSLLTTLILI	2.6918	2.69633	0.343253	0.48602	970.666
LLLYGLLTGLLYSLLTTLILI	LLLYGLLTGLLYSLLTWLILI	2.69633	2.69163	0.48602	0.343253	968.764
LLLYGLLTGLLYSLLTWLILI	LLLYGLLTGLLYSLLTTLILI	2.69163	2.69633	0.343253	0.48602	966.754
LLLYGLLTGLLYSLLTTLILI	LLLYALLTGLLYSLLTTLILI	3.08265	2.43721	0.872342	0.154044	964.627
LLLYALLTGLLYSLLTTLILI	LLLYALLTGLLTSLLTTLILI	2.58799	0.997974	0.30482	0.538845	962.38
LLLYALLTGLLTSLLTTLILI	LLLYALLTGLLTSLLYTLILI	0.997974	0.336579	0.538845	0.30482	960.005
LLLYALLTGLLTSLLYTLILI	LLLGALLTGLLTSLLYTLILI	0.627323	0.704173	0.595564	0.269472	957.496
LLLGALLTGLLTSLLYTLILI	LLLYALLTGLLTSLLYTLILI	0.704173	0.627323	0.269472	0.595564	954.846
LLLYALLTGLLTSLLYTLILI	LLLYALLTGLLYSLLYTLILI	0.360483	3.35522	0.328724	0.505042	952.048
LLLYALLTGLLYSLLYTLILI	LLLYALLTGLLYALLYTLILI	3.25441	4.27961	0.404229	0.416521	949.095
LLLYALLTGLLYALLYTLILI	LLLYALLTGLLYALLYWLILI	4.2268	5.26635	0.363705	0.460972	945.979
LLLYALLTGLLYALLYWLILI	LLLYALLTGLLYALLYTLILI	5.26635	4.2268	0.460972	0.363705	942.693
LLLYALLTGLLYALLYTLILI	LLLYALLYGLLYALLYTLILI	4.04998	8.2773	0.186892	0.773553	939.229
LLLYALLYGLLYALLYTLILI	LLLYALLYGLLYALLTTLILI	8.2773	6.37538	0.773553	0.186892	935.578
LLLYALLYGLLYALLTTLILI	LLLYALLYGLLTALLTTLILI	6.69353	3.94666	0.505042	0.328724	931.732
LLLYALLYGLLTALLTTLILI	LLLYALLYGLLTALLYTLILI	3.94666	4.44385	0.328724	0.505042	927.683
LLLYALLYGLLTALLYTLILI	LLLYALLYGLLTALLTTLILI	4.44385	3.94666	0.505042	0.328724	923.422
LLLYALLYGLLTALLTTLILI	LLLYALLYGLLTALLTWLILI	4.10395	4.61237	0.48602	0.343253	918.939
LLLYALLYGLLTALLTWLILI	LLLYALLTGLLTALLTWLILI	4.64845	1.99541	0.379341	0.443059	914.227
LLLYALLTGLLTALLTWLILI	LLLYALLTGLLTALLTTLILI	1.82661	1.56094	0.274265	0.58734	909.276
LLLYALLTGLLTALLTTLILI	LLLYALLTGLLTALLYTLILI	1.51244	1.60407	0.538845	0.30482	904.077
LLLYALLTGLLTALLYTLILI	LLLYGLLTGLLTALLYTLILI	1.57542	1.79138	0.276169	0.584123	898.621
LLLYGLLTGLLTALLYTLILI	LLLYGLLTGLLTALLTTLILI	1.51207	1.42044	0.30482	0.538845	892.899
LLLYGLLTGLLTALLTTLILI	LLLYGLLTGLLTALLYTLILI	1.42044	1.51207	0.538845	0.30482	886.903
LLLYGLLTGLLTALLYTLILI	LLLYALLTGLLTALLYTLILI	1.79138	1.57542	0.584123	0.276169	880.623
LLLYALLTGLLTALLYTLILI	LLLYALLTGLLTSLLYTLILI	1.71577	0.435988	0.416521	0.404229	874.051
LLLYALLTGLLTSLLYTLILI	LLLYALLTGLLTALLYTLILI	0.435988	1.71577	0.404229	0.416521	867.179
LLLYALLTGLLTALLYTLILI	LLLGALLTGLLTALLYTLILI	1.89481	1.97173	0.595564	0.269472	859.999
LLLGALLTGLLTALLYTLILI	LLLGALLTGLLTSLLYTLILI	2.11877	0.838931	0.416521	0.404229	852.504
LLLGALLTGLLTSLLYTLILI	LLLGALLTGLLTSLLYWLILI	0.920722	1.17094	0.48602	0.343253	844.686
LLLGALLTGLLTSLLYWLILI	LLLGALLYGLLTSLLYWLILI	1.15641	3.74541	0.328724	0.505042	836.541
LLLGALLYGLLTSLLYWLILI	LLLGGLLYGLLTSLLYWLILI	3.34738	3.59659	0.107014	1.06535	828.061
LLLGGLLYGLLTSLLYWLILI	LLLGALLYGLLTSLLYWLILI	3.59659	3.34747	1.06535	0.107014	819.243
LLLGALLYGLLTSLLYWLILI	LLLGALLYGLLTSLLYTLILI	3.70143	3.57894	0.460972	0.363705	810.083
LLLGALLYGLLTSLLYTLILI	LLLGGLLYGLLTSLLYTLILI	3.32224	3.57145	0.107014	1.06535	800.577
LLLGGLLYGLLTSLLYTLILI	LLLGGLLYGLLTALLYTLILI	3.14832	4.034	0.642213	0.244161	790.724
LLLGGLLYGLLTALLYTLILI	LLLYGLLYGLLTALLYTLILI	4.05931	3.64988	0.269472	0.595564	780.523
LLLYGLLYGLLTALLYTLILI	LLLYGLLTGLLTALLYTLILI	3.55936	1.53598	0.505042	0.328724	769.974
LLLYGLLTGLLTALLYTLILI	LLLYALLTGLLTALLYTLILI	1.79138	1.57542	0.584123	0.276169	759.081
LLLYALLTGLLTALLYTLILI	LLLYALLTGLLTALLTTLILI	1.60407	1.51244	0.30482	0.538845	747.845
LLLYALLTGLLTALLTTLILI	LLLYALLTGLLTALLYTLILI	1.51244	1.60407	0.538845	0.30482	736.272
LLLYALLTGLLTALLYTLILI	LLLYALLTGLLTSLLYTLILI	1.71577	0.435988	0.416521	0.404229	724.369
LLLYALLTGLLTSLLYTLILI	LLLYALLTGLLTALLYTLILI	0.435988	1.71577	0.404229	0.416521	712.142
LLLYALLTGLLTALLYTLILI	LLLYALLTGLLTSLLYTLILI	1.71577	0.435988	0.416521	0.404229	699.602
LLLYALLTGLLTSLLYTLILI	LLLYALLTGLLTSLLTTLILI	0.336579	0.997974	0.30482	0.538845	686.76
LLLYALLTGLLTSLLTTLILI	LLLYALLTGLLTALLTTLILI	0.863358	1.39012	0.404229	0.416521	673.628
LLLYALLTGLLTALLTTLILI	LLLYALLTGLLTSLLTTLILI	1.39012	0.863358	0.416521	0.404229	660.222
LLLYALLTGLLTSLLTTLILI	LLLYALLTGLLTSLLYTLILI	0.997974	0.336579	0.538845	0.30482	646.557
LLLYALLTGLLTSLLYTLILI	LLLYALLTGLLTSLLYWLILI	0.517779	0.749236	0.48602	0.343253	632.651
LLLYALLTGLLTSLLYWLILI	LLLYALLTGLLTSLLYTLILI	0.749236	0.517779	0.343253	0.48602	618.524
LLLYALLTGLLTSLLYTLILI	LLLYALLTGLLTSLLYWLILI	0.517779	0.388856	0.48602	0.343253	604.196
LLLYALLTGLLTSLLYWLILI	LLLYALLTGLLYSLLYWLILI	0.283642	3.49309	0.238039	0.654392	589.688
LLLYALLTGLLYSLLYWLILI	LLLYALLTGLLYSLLYTLILI	3.29967	3.21388	0.460972	0.363705	575.025
LLLYALLTGLLYSLLYTLILI	LLLYALLTGLLYALLYTLILI	3.25441	4.27961	0.404229	0.416521	560.23
LLLYALLTGLLYALLYTLILI	LLLYALLTGLLYALLYWLILI	4.2268	4.63136	0.363705	0.460972	545.329
LLLYALLTGLLYALLYWLILI	LLLYALLTGLLYALLTWLILI	4.82478	3.43456	0.654392	0.238039	530.348
LLLYALLTGLLYALLTWLILI	LLLYALLTGLLTALLTWLILI	3.57587	1.99541	0.379341	0.443059	515.312
LLLYALLTGLLTALLTWLILI	LLLYALLTGLLTSLLTWLILI	1.96887	0.996885	0.416521	0.404229	500.25
LLLYALLTGLLTSLLTWLILI	LLLYALLTGLLTSLLTTLILI	0.86692	1.04647	0.274265	0.58734	485.188
LLLYALLTGLLTSLLTTLILI	LLLYALLTGLLTSLLYTLILI	0.997974	0.336579	0.538845	0.30482	470.152
LLLYALLTGLLTSLLYTLILI	LLLYALLTGLLTSLLYWLILI	0.517779	0.768	0.48602	0.343253	455.171
LLLYALLTGLLTSLLYWLILI	LLLYGLLTGLLTSLLYWLILI	0.578792	0.825784	0.154044	0.872342	440.27
LLLYGLLTGLLTSLLYWLILI	LLLYGLLTGLLTSLLTWLILI	0.332783	0.943809	0.379341	0.443059	425.475
LLLYGLLTGLLTSLLTWLILI	LLLYGLLTGLLTSLLYWLILI	0.943809	0.71202	0.443059	0.379341	410.812
LLLYGLLTGLLTSLLYWLILI	LLLYALLTGLLTSLLYWLILI	1.20502	0.199555	0.872342	0.154044	396.304
LLLYALLTGLLTSLLYWLILI	LLLYALLTGLLTSLLTWLILI	0.424852	1.03588	0.379341	0.443059	367.849
LLLYALLTGLLTSLLTWLILI	LLLYGLLTGLLTSLLTWLILI	0.746863	1.37309	0.154044	0.872342	340.278
LLLYGLLTGLLTSLLTWLILI	LLLYALLTGLLTSLLTWLILI	1.37309	0.7467	0.872342	0.154044	326.872
LLLYALLTGLLTSLLTWLILI	LLLYALLTGLLTSLLTTLILI	0.86692	1.04647	0.274265	0.58734	313.74
LLLYALLTGLLTSLLTTLILI	LLLYALLTGLLTALLTTLILI	0.863358	1.39012	0.404229	0.416521	300.898
LLLYALLTGLLTALLTTLILI	LLLYALLTGLLTSLLTTLILI	1.39012	0.863358	0.416521	0.404229	288.358
LLLYALLTGLLTSLLTTLILI	LLLGALLTGLLTSLLTTLILI	0.828844	1.31604	0.369715	0.453966	264.228
LLLGALLTGLLTSLLTTLILI	LLLGALLTGLLTSLLYTLILI	1.67826	0.606518	0.816184	0.171816	252.655
LLLGALLTGLLTSLLYTLILI	LLLYALLTGLLTSLLYTLILI	0.704173	0.627323	0.269472	0.595564	241.419
LLLYALLTGLLTSLLYTLILI	LLLYALLTGLLTSLLYWLILI	0.517779	0.388763	0.48602	0.343253	230.526
LLLYALLTGLLTSLLYWLILI	LLLTALLTGLLTSLLYWLILI	0.424852	0.818218	0.379341	0.443059	219.977
LLLTALLTGLLTSLLYWLILI	LLLTALLTGLLTSLLYTLILI	0.649424	0.948748	0.274265	0.58734	209.776
LLLTALLTGLLTSLLYTLILI	LLLTGLLTGLLTSLLYTLILI	0.515452	1.26086	0.154044	0.872342	199.923
LLLTGLLTGLLTSLLYTLILI	LLLTALLTGLLTSLLYTLILI	1.26086	0.515452	0.872342	0.154044	190.417
LLLTALLTGLLTSLLYTLILI	LLLTALLTGLLTSLLYWLILI	0.948748	1.0099	0.58734	0.274265	172.439
LLLTALLTGLLTSLLYWLILI	LLLTALLTGLLTSLLYTLILI	1.0099	0.948748	0.274265	0.58734	163.959
LLLTALLTGLLTSLLYTLILI	LLLTALLTGLLTSLLYWLILI	0.948748	0.649517	0.58734	0.274265	155.814
LLLTALLTGLLTSLLYWLILI	LLLYALLTGLLTSLLYWLILI	0.818311	0.424852	0.443059	0.379341	147.996
LLLYALLTGLLTSLLYWLILI	LLLYALLTGLLTSLLYTLILI	0.388763	0.517779	0.343253	0.48602	140.501
LLLYALLTGLLTSLLYTLILI	LLLGALLTGLLTSLLYTLILI	0.627323	0.704173	0.595564	0.269472	133.321
LLLGALLTGLLTSLLYTLILI	LLLGALLTGLLTSLLYWLILI	0.920722	1.17094	0.48602	0.343253	126.449
LLLGALLTGLLTSLLYWLILI	LLLYALLTGLLTSLLYWLILI	1.09716	0.641074	0.269472	0.595564	119.877
LLLYALLTGLLTSLLYWLILI	LLLYALLTGLLTSLLYTLILI	0.388763	0.517779	0.343253	0.48602	113.597
LLLYALLTGLLTSLLYTLILI	LLLYALLTGLLTSLLYWLILI	0.517779	0.388856	0.48602	0.343253	91.2238
LLLYALLTGLLTSLLYWLILI	LLLYALLTGLLTSLLYTLILI	0.388856	0.517779	0.343253	0.48602	77.0783
LLLYALLTGLLTSLLYTLILI	LLLYALLTGLLTSLLYWLILI	0.517779	0.388763	0.48602	0.343253	72.8169
LLLYALLTGLLTSLLYWLILI	LLLYALLTGLLTSLLYTLILI	0.388763	0.517779	0.343253	0.48602	61.271
LLLYALLTGLLTSLLYTLILI	LLLGALLTGLLTSLLYTLILI	0.627323	0.704173	0.595564	0.269472	57.8066
LLLGALLTGLLTSLLYTLILI	LLLGALLTGLLTSLLYWLILI	0.920722	1.17094	0.48602	0.343253	54.5206
LLLGALLTGLLTSLLYWLILI	LLLYALLTGLLTSLLYWLILI	1.09716	1.02031	0.269472	0.595564	51.4049
LLLYALLTGLLTSLLYWLILI	LLLGALLTGLLTSLLYWLILI	1.02031	0.717925	0.595564	0.269472	48.4519
LLLGALLTGLLTSLLYWLILI	LLLGALLTGLLTSLLYTLILI	0.791706	0.920722	0.343253	0.48602	45.6541
LLLGALLTGLLTSLLYTLILI	LLLYALLTGLLTSLLYTLILI	0.704173	0.627323	0.269472	0.595564	43.0041
LLLYALLTGLLTSLLYTLILI	LLLYALLTGLLTSLLYWLILI	0.517779	0.388856	0.48602	0.343253	40.495
LLLYALLTGLLTSLLYWLILI	LLLGALLTGLLTSLLYWLILI	0.641167	0.717925	0.595564	0.269472	16.8064
LLLGALLTGLLTSLLYWLILI	LLLYALLTGLLTSLLYWLILI	0.717925	0.641074	0.269472	0.595564	13.7596
Time: 511s
