***STARTING GEOMETRY:***
xShift: 8.99
crossingAngle: -36.33
axialRotation: -25.5
zShift: 5.88

Number of MCCycles: 200
PrevSequence	CurrSequence	PrevEnergy	CurrEnergy	PrevEntropy	CurrEntropy	CurrentTemp
LLLTGLLTGLLTALLTTLILI	LLLTGLLTGLLYALLTTLILI	-0.571484	0.132553	0.917682	0.141213	999.847
LLLTGLLTGLLYALLTTLILI	LLLYGLLTGLLYALLTTLILI	0.530186	0.0297319	0.538845	0.30482	999.684
LLLYGLLTGLLYALLTTLILI	LLLYGLLTGLLYALLVTLILI	0.853364	3.44206	1.12845	0.0952708	999.512
LLLYGLLTGLLYALLVTLILI	LLLYALLTGLLYALLVTLILI	3.93091	4.42652	0.584123	0.276169	999.328
LLLYALLTGLLYALLVTLILI	LLLYALLTGLLTALLVTLILI	4.52969	2.91555	0.379341	0.443059	999.134
LLLYALLTGLLTALLVTLILI	LLLYALLYGLLTALLVTLILI	2.91555	5.42984	0.443059	0.379341	998.928
LLLYALLYGLLTALLVTLILI	LLLYALLTGLLTALLVTLILI	5.42984	2.91555	0.379341	0.443059	998.708
LLLYALLTGLLTALLVTLILI	LLLYGLLTGLLTALLVTLILI	2.74866	2.23484	0.276169	0.584123	998.476
LLLYGLLTGLLTALLVTLILI	LLLYALLTGLLTALLVTLILI	2.23484	2.74866	0.584123	0.276169	998.229
LLLYALLTGLLTALLVTLILI	LLLYALLTGLLYALLVTLILI	2.91555	4.52969	0.443059	0.379341	997.967
LLLYALLTGLLYALLVTLILI	LLLYALLTGLLYALLVILILI	5.06229	7.62355	0.911943	0.142768	997.689
LLLYALLTGLLYALLVILILI	LLLTALLTGLLYALLVILILI	7.98582	7.95073	0.505042	0.328724	997.394
LLLTALLTGLLYALLVILILI	LLLTALLTGLLYALLTILILI	7.71728	5.15436	0.0952708	1.12845	997.081
LLLTALLTGLLYALLTILILI	LLLTALLTGLLYALLTTLILI	4.10158	1.92489	0.0756774	1.2552	996.749
LLLTALLTGLLYALLTTLILI	LLLTALLTGLLTALLTTLILI	0.810909	-0.0306784	0.141213	0.917682	996.397
LLLTALLTGLLTALLTTLILI	LLLTGLLTGLLTALLTTLILI	-0.672192	-1.05975	0.276169	0.584123	996.023
LLLTGLLTGLLTALLTTLILI	LLLTGLLTGLLTSLLTTLILI	-1.39971	1.03586	0.244161	0.642213	995.626
LLLTGLLTGLLTSLLTTLILI	LLLTGLLTGLLTALLTTLILI	1.03586	1.20653	0.642213	0.244161	995.205
LLLTGLLTGLLTALLTTLILI	LLLTGLLTGLLTALLYTLILI	1.88005	1.20426	0.917682	0.141213	994.758
LLLTGLLTGLLTALLYTLILI	LLLTALLTGLLTALLYTLILI	1.64717	2.0347	0.584123	0.276169	994.285
LLLTALLTGLLTALLYTLILI	LLLTALLTGLLTALLTTLILI	1.89975	2.57553	0.141213	0.917682	993.782
LLLTALLTGLLTALLTTLILI	LLLTALLTGLLTSLLTTLILI	2.07437	1.49343	0.416521	0.404229	993.249
LLLTALLTGLLTSLLTTLILI	LLLTALLTGLLYSLLTTLILI	2.00688	3.01377	0.917682	0.141213	992.683
LLLTALLTGLLYSLLTTLILI	LLLTALLTGLLYSLLTWLILI	3.45989	2.77184	0.58734	0.274265	992.084
LLLTALLTGLLYSLLTWLILI	LLLTALLTGLLYALLTWLILI	2.90181	3.59026	0.404229	0.416521	991.448
LLLTALLTGLLYALLTWLILI	LLLYALLTGLLYALLTWLILI	3.6168	3.41197	0.443059	0.379341	990.773
LLLYALLTGLLYALLTWLILI	LLLYGLLTGLLYALLTWLILI	3.30879	2.81321	0.276169	0.584123	990.058
LLLYGLLTGLLYALLTWLILI	LLLYGLLTGLLYSLLTWLILI	2.47325	2.19526	0.244161	0.642213	989.3
LLLYGLLTGLLYSLLTWLILI	LLLYGLLTGLLYSLLTTLILI	1.8963	2.41392	0.343253	0.48602	988.496
LLLYGLLTGLLYSLLTTLILI	LLLYGLLTGLLYSLLTWLILI	2.41392	1.89617	0.48602	0.343253	987.644
LLLYGLLTGLLYSLLTWLILI	LLLYGLLTGLLYSLLTTLILI	1.89617	2.41392	0.343253	0.48602	986.74
LLLYGLLTGLLYSLLTTLILI	LLLYALLTGLLYSLLTTLILI	2.80024	2.88555	0.872342	0.154044	985.783
LLLYALLTGLLYSLLTTLILI	LLLYALLTGLLYALLTTLILI	3.13573	3.45484	0.404229	0.416521	984.769
LLLYALLTGLLYALLTTLILI	LLLYALLTGLLYALLYTLILI	3.36705	4.63843	0.328724	0.505042	983.694
LLLYALLTGLLYALLYTLILI	LLLYALLTGLLTALLYTLILI	4.63843	1.94322	0.505042	0.328724	982.555
LLLYALLTGLLTALLYTLILI	LLLYALLTGLLTSLLYTLILI	2.03101	1.01707	0.416521	0.404229	981.348
LLLYALLTGLLTSLLYTLILI	LLLYALLTGLLTSLLYWLILI	1.09886	1.24809	0.48602	0.343253	980.071
LLLYALLTGLLTSLLYWLILI	LLLYGLLTGLLTSLLYWLILI	1.05888	0.95536	0.154044	0.872342	978.717
LLLYGLLTGLLTSLLYWLILI	LLLYALLTGLLTSLLYWLILI	0.95536	1.05888	0.872342	0.154044	977.285
LLLYALLTGLLTSLLYWLILI	LLLGALLTGLLTSLLYWLILI	1.5004	1.10314	0.595564	0.269472	975.768
LLLGALLTGLLTSLLYWLILI	LLLGALLTGLLTALLYWLILI	1.23789	3.15986	0.404229	0.416521	974.162
LLLGALLTGLLTALLYWLILI	LLLGALLTGLLTALLYTLILI	3.08659	2.31297	0.343253	0.48602	972.463
LLLGALLTGLLTALLYTLILI	LLLYALLTGLLTALLYTLILI	2.09642	2.21006	0.269472	0.595564	970.666
LLLYALLTGLLTALLYTLILI	LLLGALLTGLLTALLYTLILI	2.21006	2.09642	0.595564	0.269472	968.764
LLLGALLTGLLTALLYTLILI	LLLGALLTGLLTALLYWLILI	2.31297	2.69703	0.48602	0.343253	966.754
LLLGALLTGLLTALLYWLILI	LLLTALLTGLLTALLYWLILI	2.60073	2.92213	0.246959	0.636769	964.627
LLLTALLTGLLTALLYWLILI	LLLTALLTGLLTSLLYWLILI	2.70188	1.45304	0.416521	0.404229	962.38
LLLTALLTGLLTSLLYWLILI	LLLTALLTGLLTSLLTWLILI	1.22063	1.52595	0.171816	0.816184	960.005
LLLTALLTGLLTSLLTWLILI	LLLTALLTGLLTSLLTTLILI	0.938412	1.76303	0.22865	0.673827	957.496
LLLTALLTGLLTSLLTTLILI	LLLTGLLTGLLTSLLTTLILI	1.24324	1.26598	0.154044	0.872342	954.846
LLLTGLLTGLLTSLLTTLILI	LLLTGLLTGLLTSLLTWLILI	1.06747	0.242856	0.673827	0.22865	952.048
LLLTGLLTGLLTSLLTWLILI	LLLYGLLTGLLTSLLTWLILI	0.83039	-0.0842183	0.816184	0.171816	949.095
LLLYGLLTGLLTSLLTWLILI	LLLYGLLTGLLTSLLTTLILI	0.0182302	0.710743	0.274265	0.58734	945.979
LLLYGLLTGLLTSLLTTLILI	LLLYALLTGLLTSLLTTLILI	0.995745	1.09926	0.872342	0.154044	942.693
LLLYALLTGLLTSLLTTLILI	LLLGALLTGLLTSLLTTLILI	1.31493	1.61158	0.369715	0.453966	939.229
LLLGALLTGLLTSLLTTLILI	LLLYALLTGLLTSLLTTLILI	1.61158	1.31493	0.453966	0.369715	935.578
LLLYALLTGLLTSLLTTLILI	LLLYALLTGLLTALLTTLILI	1.34945	1.93033	0.404229	0.416521	931.732
LLLYALLTGLLTALLTTLILI	LLLGALLTGLLTALLTTLILI	1.88352	2.18023	0.369715	0.453966	927.683
LLLGALLTGLLTALLTTLILI	LLLGALLTGLLTALLTWLILI	2.3136	1.99319	0.58734	0.274265	923.422
LLLGALLTGLLTALLTWLILI	LLLGALLTGLLTALLTTLILI	1.99319	2.3136	0.274265	0.58734	918.939
LLLGALLTGLLTALLTTLILI	LLLGGLLTGLLTALLTTLILI	1.92388	1.8298	0.197612	0.745602	914.227
LLLGGLLTGLLTALLTTLILI	LLLYGLLTGLLTALLTTLILI	1.67862	0.962195	0.594419	0.270132	909.276
LLLYGLLTGLLTALLTTLILI	LLLYGLLTGLLTALLYTLILI	1.23091	1.09757	0.538845	0.30482	904.077
LLLYGLLTGLLTALLYTLILI	LLLYGLLTGLLTSLLYTLILI	1.03691	0.433236	0.244161	0.642213	898.621
LLLYGLLTGLLTSLLYTLILI	LLLYGLLTGLLTSLLYWLILI	0.277043	0.426271	0.48602	0.343253	892.899
LLLYGLLTGLLTSLLYWLILI	LLLYGLLTGLLTSLLYTLILI	0.426271	0.277043	0.343253	0.48602	886.903
LLLYGLLTGLLTSLLYTLILI	LLLGGLLTGLLTSLLYTLILI	0.245956	0.551974	0.454934	0.368877	880.623
LLLGGLLTGLLTSLLYTLILI	LLLGGLLTGLLTSLLTTLILI	0.354913	1.33166	0.171816	0.816184	874.051
LLLGGLLTGLLTSLLTTLILI	LLLGGLLTGLLTALLTTLILI	1.15769	1.32836	0.642213	0.244161	867.179
LLLGGLLTGLLTALLTTLILI	LLLGALLTGLLTALLTTLILI	1.8298	1.92388	0.745602	0.197612	859.999
LLLGALLTGLLTALLTTLILI	LLLGALLTGLLTSLLTTLILI	2.14278	1.56184	0.416521	0.404229	852.504
LLLGALLTGLLTSLLTTLILI	LLLGALLTGLLTSLLYTLILI	1.9738	0.997051	0.816184	0.171816	844.686
LLLGALLTGLLTSLLYTLILI	LLLYALLTGLLTSLLYTLILI	1.09471	1.2084	0.269472	0.595564	836.541
LLLYALLTGLLTSLLYTLILI	LLLYALLTGLLTALLYTLILI	1.01707	2.03101	0.404229	0.416521	828.061
LLLYALLTGLLTALLYTLILI	LLLYALLTGLLTALLTTLILI	1.91931	2.05265	0.30482	0.538845	819.243
LLLYALLTGLLTALLTTLILI	LLLGALLTGLLTALLTTLILI	1.88352	2.18023	0.369715	0.453966	810.083
LLLGALLTGLLTALLTTLILI	LLLGALLTGLLTSLLTTLILI	2.14278	1.56184	0.416521	0.404229	800.577
LLLGALLTGLLTSLLTTLILI	LLLGALLYGLLTSLLTTLILI	1.9738	3.9952	0.816184	0.171816	790.724
LLLGALLYGLLTSLLTTLILI	LLLGGLLYGLLTSLLTTLILI	3.9304	4.17908	0.107014	1.06535	780.523
LLLGGLLYGLLTSLLTTLILI	LLLGALLYGLLTSLLTTLILI	4.17908	3.9304	1.06535	0.107014	769.974
LLLGALLYGLLTSLLTTLILI	LLLGALLYGLLTSLLYTLILI	4.26644	3.86523	0.443059	0.379341	759.081
LLLGALLYGLLTSLLYTLILI	LLLGGLLYGLLTSLLYTLILI	3.5929	3.84158	0.107014	1.06535	747.845
LLLGGLLYGLLTSLLYTLILI	LLLGALLYGLLTSLLYTLILI	3.84158	3.5929	1.06535	0.107014	736.272
LLLGALLYGLLTSLLYTLILI	LLLYALLYGLLTSLLYTLILI	3.67841	3.95067	0.192521	0.758648	724.369
LLLYALLYGLLTSLLYTLILI	LLLYALLYGLLTALLYTLILI	3.59626	4.59931	0.404229	0.416521	712.142
LLLYALLYGLLTALLYTLILI	LLLYALLYGLLTALLTTLILI	4.68783	4.41559	0.505042	0.328724	699.602
LLLYALLYGLLTALLTTLILI	LLLYALLYGLLTALLYTLILI	4.41559	4.68783	0.328724	0.505042	686.76
LLLYALLYGLLTALLYTLILI	LLLGALLYGLLTALLYTLILI	4.94143	4.69544	0.758648	0.192521	673.628
LLLGALLYGLLTALLYTLILI	LLLGGLLYGLLTALLYTLILI	4.70053	4.53894	0.197612	0.745602	660.222
LLLGGLLYGLLTALLYTLILI	LLLYGLLYGLLTALLYTLILI	4.06281	3.88473	0.269472	0.595564	646.557
LLLYGLLYGLLTALLYTLILI	LLLYGLLYGLLTSLLYTLILI	3.53332	2.94055	0.244161	0.642213	632.651
LLLYGLLYGLLTSLLYTLILI	LLLYGLLYGLLTALLYTLILI	2.94055	3.53332	0.642213	0.244161	618.524
LLLYGLLYGLLTALLYTLILI	LLLYGLLYGLLTALLYWLILI	3.65287	4.27583	0.363705	0.460972	604.196
LLLYGLLYGLLTALLYWLILI	LLLYGLLYGLLTALLYTLILI	4.27583	3.65287	0.460972	0.363705	589.688
LLLYGLLYGLLTALLYTLILI	LLLYGLLYGLLTALLTTLILI	3.79421	3.52197	0.505042	0.328724	575.025
LLLYGLLYGLLTALLTTLILI	LLLYGLLYGLLTALLTWLILI	3.67927	3.5286	0.48602	0.343253	560.23
LLLYGLLYGLLTALLTWLILI	LLLYGLLYGLLTSLLTWLILI	3.42951	2.89884	0.244161	0.642213	545.329
LLLYGLLYGLLTSLLTWLILI	LLLYGLLTGLLTSLLTWLILI	2.63596	0.187154	0.379341	0.443059	530.348
LLLYGLLTGLLTSLLTWLILI	LLLYGLLTGLLTALLTWLILI	0.386308	0.928886	0.642213	0.244161	515.312
LLLYGLLTGLLTALLTWLILI	LLLYGLLTGLLYALLTWLILI	1.12778	2.60843	0.443059	0.379341	500.25
LLLYGLLTGLLYALLTWLILI	LLLYGLLTGLLYSLLTWLILI	2.47325	2.19513	0.244161	0.642213	485.188
LLLYGLLTGLLYSLLTWLILI	LLLYGLLTGLLYSLLYWLILI	1.79096	3.53888	0.238039	0.654392	470.152
LLLYGLLTGLLYSLLYWLILI	LLLYGLLTGLLYSLLYTLILI	3.34546	2.9536	0.460972	0.363705	455.171
LLLYGLLTGLLYSLLYTLILI	LLLYALLTGLLYSLLYTLILI	3.46224	3.54755	0.872342	0.154044	440.27
LLLYALLTGLLYSLLYTLILI	LLLYALLTGLLTSLLYTLILI	3.89854	0.941563	0.505042	0.328724	425.475
LLLYALLTGLLTSLLYTLILI	LLLYGLLTGLLTSLLYTLILI	0.766883	0.663365	0.154044	0.872342	410.812
LLLYGLLTGLLTSLLYTLILI	LLLYALLTGLLTSLLYTLILI	0.663365	0.766883	0.872342	0.154044	396.304
LLLYALLTGLLTSLLYTLILI	LLLGALLTGLLTSLLYTLILI	1.2084	1.09471	0.595564	0.269472	381.976
LLLGALLTGLLTSLLYTLILI	LLLGALLTGLLTSLLYWLILI	1.31126	1.17697	0.48602	0.343253	367.849
LLLGALLTGLLTSLLYWLILI	LLLGALLTGLLTSLLYTLILI	1.17697	1.31126	0.343253	0.48602	353.943
LLLGALLTGLLTSLLYTLILI	LLLGALLTGLLTSLLYWLILI	1.31126	1.46048	0.48602	0.343253	340.278
LLLGALLTGLLTSLLYWLILI	LLLGALLTGLLTALLYWLILI	1.52146	2.7703	0.404229	0.416521	326.872
LLLGALLTGLLTALLYWLILI	LLLGALLTGLLTALLYTLILI	2.69703	2.31297	0.343253	0.48602	313.74
LLLGALLTGLLTALLYTLILI	LLLGALLTGLLTSLLYTLILI	2.24347	1.22946	0.416521	0.404229	300.898
LLLGALLTGLLTSLLYTLILI	LLLGGLLTGLLTSLLYTLILI	0.932248	1.24844	0.107014	1.06535	288.358
LLLGGLLTGLLTSLLYTLILI	LLLYGLLTGLLTSLLYTLILI	0.551974	0.245956	0.368877	0.454934	276.131
LLLYGLLTGLLTSLLYTLILI	LLLYGLLTGLLTSLLTTLILI	0.0958429	0.662248	0.30482	0.538845	252.655
LLLYGLLTGLLTSLLTTLILI	LLLYGLLTGLLTSLLTWLILI	0.710743	0.0182302	0.58734	0.274265	241.419
LLLYGLLTGLLTSLLTWLILI	LLLYALLTGLLTSLLTWLILI	0.616308	0.719826	0.872342	0.154044	219.977
LLLYALLTGLLTSLLTWLILI	LLLGALLTGLLTSLLTWLILI	0.935497	1.23214	0.369715	0.453966	209.776
LLLGALLTGLLTSLLTWLILI	LLLGGLLTGLLTSLLTWLILI	0.885191	1.20139	0.107014	1.06535	190.417
LLLGGLLTGLLTSLLTWLILI	LLLGGLLTGLLTSLLYWLILI	0.829649	0.694641	0.693609	0.219549	172.439
LLLGGLLTGLLTSLLYWLILI	LLLGALLTGLLTSLLYWLILI	1.54044	1.22424	1.06535	0.107014	163.959
LLLGALLTGLLTSLLYWLILI	LLLYALLTGLLTSLLYWLILI	1.3867	1.5004	0.269472	0.595564	155.814
LLLYALLTGLLTSLLYWLILI	LLLYALLTGLLTSLLTWLILI	1.28418	1.00897	0.379341	0.443059	147.996
LLLYALLTGLLTSLLTWLILI	LLLYGLLTGLLTSLLTWLILI	0.719956	0.616308	0.154044	0.872342	140.501
LLLYGLLTGLLTSLLTWLILI	LLLYALLTGLLTSLLTWLILI	0.616308	0.719956	0.872342	0.154044	133.321
LLLYALLTGLLTSLLTWLILI	LLLYGLLTGLLTSLLTWLILI	0.719956	0.616308	0.154044	0.872342	126.449
LLLYGLLTGLLTSLLTWLILI	LLLYALLTGLLTSLLTWLILI	0.616308	0.719826	0.872342	0.154044	119.877
LLLYALLTGLLTSLLTWLILI	LLLYGLLTGLLTSLLTWLILI	0.719826	0.616437	0.154044	0.872342	113.597
LLLYGLLTGLLTSLLTWLILI	LLLYALLTGLLTSLLTWLILI	0.616437	0.719826	0.872342	0.154044	107.601
LLLYALLTGLLTSLLTWLILI	LLLYALLTGLLTSLLYWLILI	1.00884	1.00061	0.443059	0.379341	101.879
LLLYALLTGLLTSLLYWLILI	LLLTALLTGLLTSLLYWLILI	1.00061	1.20831	0.379341	0.443059	96.4228
LLLTALLTGLLTSLLYWLILI	LLLGALLTGLLTSLLYWLILI	1.40202	1.08068	0.636769	0.246959	91.2238
LLLGALLTGLLTSLLYWLILI	LLLYALLTGLLTSLLYWLILI	1.10319	1.21683	0.269472	0.595564	86.2728
LLLYALLTGLLTSLLYWLILI	LLLYALLTGLLTSLLYTLILI	0.964522	1.09886	0.343253	0.48602	81.5606
LLLYALLTGLLTSLLYTLILI	LLLYALLTGLLTSLLYWLILI	1.09886	0.964522	0.48602	0.343253	77.0783
LLLYALLTGLLTSLLYWLILI	LLLYALLTGLLTSLLTWLILI	1.00061	1.00897	0.379341	0.443059	72.8169
LLLYALLTGLLTSLLTWLILI	LLLYALLTGLLTSLLYWLILI	1.00897	1.00061	0.443059	0.379341	68.7677
LLLYALLTGLLTSLLYWLILI	LLLYGLLTGLLTSLLYWLILI	0.775314	0.95536	0.154044	0.872342	64.9219
LLLYGLLTGLLTSLLYWLILI	LLLYGLLTGLLTSLLYTLILI	0.426271	0.277043	0.343253	0.48602	61.271
LLLYGLLTGLLTSLLYTLILI	LLLYGLLTGLLTSLLTTLILI	0.0958429	0.662248	0.30482	0.538845	57.8066
LLLYGLLTGLLTSLLTTLILI	LLLYGLLTGLLTSLLYTLILI	0.662248	0.0958429	0.538845	0.30482	54.5206
LLLYGLLTGLLTSLLYTLILI	LLLYALLTGLLTSLLYTLILI	0.663365	0.766883	0.872342	0.154044	51.4049
LLLYALLTGLLTSLLYTLILI	LLLGALLTGLLTSLLYTLILI	1.2084	1.09471	0.595564	0.269472	48.4519
LLLGALLTGLLTSLLYTLILI	LLLGALLTGLLTSLLYWLILI	1.31126	1.17692	0.48602	0.343253	40.495
LLLGALLTGLLTSLLYWLILI	LLLGALLTGLLTSLLYTLILI	1.17692	1.31126	0.343253	0.48602	35.8726
LLLGALLTGLLTSLLYTLILI	LLLGALLTGLLTSLLYWLILI	1.31126	1.17697	0.48602	0.343253	23.2154
LLLGALLTGLLTSLLYWLILI	LLLYALLTGLLTSLLYWLILI	1.10319	1.21683	0.269472	0.595564	16.8064
LLLYALLTGLLTSLLYWLILI	LLLGALLTGLLTSLLYWLILI	1.21683	1.10314	0.595564	0.269472	15.7315
Time: 167s
