***STARTING GEOMETRY:***
xShift: 8.2
crossingAngle: 31
axialRotation: 50
zShift: 4.2

Number of MCCycles: 100
PrevSequence	CurrSequence	PrevEnergy	CurrEnergy	PrevEntropy	CurrEntropy	CurrentTemp
LLLGYLLALLGTLTTLLLILI	LLLGYLLALLGTLTALLLILI	121901	49343.8	0.856576	0.158812	999.684
LLLGYLLALLGTLTALLLILI	LLLVYLLALLGTLTALLLILI	49344.4	22808.8	0.81544	0.172067	999.328
LLLVYLLALLGTLTALLLILI	LLLVYLLALLGTLTYLLLILI	22808.8	22808.6	0.174433	0.80848	998.928
LLLVYLLALLGTLTYLLLILI	LLLVYLLALLGTLTALLLILI	22808.6	22808	0.80848	0.174433	998.476
LLLVYLLALLGTLTALLLILI	LLLFYLLALLGTLTALLLILI	22808.2	22800.3	0.340616	0.489394	997.967
LLLFYLLALLGTLTALLLILI	LLLFGLLALLGTLTALLLILI	22800.2	22803.2	0.369715	0.453966	997.394
LLLFGLLALLGTLTALLLILI	LLLYGLLALLGTLTALLLILI	22802.9	22802.8	0.240035	0.650378	996.749
LLLYGLLALLGTLTALLLILI	LLLYALLALLGTLTALLLILI	22802.6	22803	0.445276	0.377357	996.023
LLLYALLALLGTLTALLLILI	LLLYALLALLGTLTSLLLILI	22803.2	22802.1	0.549849	0.297523	995.205
LLLYALLALLGTLTSLLLILI	LLLYALLALLGTLTTLLLILI	22801.9	22797.5	0.155943	0.865998	994.285
LLLYALLALLGTLTTLLLILI	LLLYALLALLGTLWTLLLILI	22797.1	22800.5	0.48602	0.343253	993.249
LLLYALLALLGTLWTLLLILI	LLLYALLALLGTLLTLLLILI	22800.9	22799.6	0.743646	0.198389	992.084
LLLYALLALLGTLLTLLLILI	LLLYALLALLGTLTTLLLILI	22799.5	22797.5	0.161118	0.849143	989.3
LLLYALLALLGTLTTLLLILI	LLLYALLALLGFLTTLLLILI	22797.7	22797.5	1.0043	0.119894	987.644
LLLYALLALLGFLTTLLLILI	LLLYTLLALLGFLTTLLLILI	22797.6	22796	0.158812	0.856576	985.783
LLLYTLLALLGFLTTLLLILI	LLLYTLLALLGFLITLLLILI	22796.2	22796.9	1.10811	0.098896	983.694
LLLYTLLALLGFLITLLLILI	LLLWTLLALLGFLITLLLILI	22797.1	22794	0.267575	0.598868	981.348
LLLWTLLALLGFLITLLLILI	LLLWVLLALLGFLITLLLILI	22794.3	22797.1	0.930859	0.137712	975.768
LLLWVLLALLGFLITLLLILI	LLLWTLLALLGFLITLLLILI	22797.1	22794.2	0.137712	0.930859	972.463
LLLWTLLALLGFLITLLLILI	LLLSTLLALLGFLITLLLILI	22794.1	22794	0.759486	0.192199	964.627
LLLSTLLALLGFLITLLLILI	LLLSSLLALLGFLITLLLILI	22794.2	22806.2	0.440933	0.381257	960.005
LLLSSLLALLGFLITLLLILI	LLLSSLLALLGFLVTLLLILI	22806.3	22805.3	0.42245	0.398479	954.846
LLLSSLLALLGFLVTLLLILI	LLLSSLLALLGTLVTLLLILI	22805	22804.3	0.171816	0.816184	949.095
LLLSSLLALLGTLVTLLLILI	LLLSSLLALLGTLITLLLILI	22803.8	22804.2	0.398479	0.42245	942.693
LLLSSLLALLGTLITLLLILI	LLLSSLLALLGTLWTLLLILI	22803.9	22805.3	0.123228	0.989671	935.578
LLLSSLLALLGTLWTLLLILI	LLLWSLLALLGTLWTLLLILI	22804.5	22805.3	0.192199	0.759486	918.939
LLLWSLLALLGTLWTLLLILI	LLLWSLLALLGTLVTLLLILI	22805.9	22803.6	1.36313	0.0623734	909.276
LLLWSLLALLGTLVTLLLILI	LLLWSLLALLGTLVVLLLILI	22804.2	22807.2	0.632162	0.249358	898.621
LLLWSLLALLGTLVVLLLILI	LLLWSLLALLGTLFVLLLILI	22807.5	22809.2	0.555456	0.293891	886.903
LLLWSLLALLGTLFVLLLILI	LLLWSLLGLLGTLFVLLLILI	22809.1	22810.8	0.154044	0.872342	874.051
LLLWSLLGLLGTLFVLLLILI	LLLWVLLGLLGTLFVLLLILI	22810.3	22802.1	0.36834	0.455556	844.686
LLLWVLLGLLGTLFVLLLILI	LLLWGLLGLLGTLFVLLLILI	22801.8	22802.6	0.219858	0.692922	828.061
LLLWGLLGLLGTLFVLLLILI	LLLWGLLGLLGTLFTLLLILI	22802	22799.2	0.137712	0.930859	810.083
LLLWGLLGLLGTLFTLLLILI	LLLWFLLGLLGTLFTLLLILI	22798.9	22799.5	0.594419	0.270132	747.845
LLLWFLLGLLGTLFTLLLILI	LLLWTLLGLLGTLFTLLLILI	22799.5	22795	0.219549	0.693609	724.369
LLLWTLLGLLGTLFTLLLILI	LLLWTLLGLLGTLWTLLLILI	22794.4	22794.7	0.0790506	1.23103	673.628
LLLWTLLGLLGTLWTLLLILI	LLLWTLLGLLGYLWTLLLILI	22794.1	22795	0.693609	0.219549	646.557
LLLWTLLGLLGYLWTLLLILI	LLLWTLLGLLGYLYTLLLILI	22795.4	22794.6	0.598868	0.267575	589.688
LLLWTLLGLLGYLYTLLLILI	LLLWTLLGLLGLLYTLLLILI	22795.2	22795.9	0.801241	0.176934	560.23
LLLWTLLGLLGLLYTLLLILI	LLLWTLLGLLGFLYTLLLILI	22796.3	22793.2	0.516639	0.320259	530.348
LLLWTLLGLLGFLYTLLLILI	LLLWTLLGLLGFLTTLLLILI	22793.1	22793.2	0.219549	0.693609	410.812
LLLWTLLGLLGFLTTLLLILI	LLLWTLLGLLGFLYTLLLILI	22793.2	22793.6	0.693609	0.219549	381.976
LLLWTLLGLLGFLYTLLLILI	LLLWTLLGLLGFLITLLLILI	22794.2	22794.7	0.736435	0.201285	326.872
LLLWTLLGLLGFLITLLLILI	LLLSTLLGLLGFLITLLLILI	22795.3	22795.1	0.759486	0.192199	252.655
LLLSTLLGLLGFLITLLLILI	LLLSTLLGLLGTLITLLLILI	22795	22794.6	0.119894	1.0043	209.776
LLLSTLLGLLGTLITLLLILI	LLLSTLLGLLGTLVTLLLILI	22794	22792.9	0.42245	0.398479	190.417
Time: 73s
