***STARTING GEOMETRY:***
xShift: 6.46618
crossingAngle: -50.6392
axialRotation: 6.73243
zShift: 4.46392

Number of MCCycles: 100
PrevSequence	CurrSequence	PrevEnergy	CurrEnergy	PrevEntropy	CurrEntropy	CurrentTemp
LLLYLLGTLLGTLLTTLLILI	LLLYLLGVLLGTLLTTLLILI	-32.0012	-31.5895	1.12845	0.0952708	999.684
LLLYLLGVLLGTLLTTLLILI	LLLYLLGVLLGFLLTTLLILI	-30.8686	-30.8991	0.816184	0.171816	999.328
LLLYLLGVLLGFLLTTLLILI	LLLYLLGVLLGFLLTFLLILI	-30.6606	-27.4003	0.410343	0.410343	998.928
LLLYLLGVLLGFLLTFLLILI	LLLFLLGVLLGFLLTFLLILI	-27.4003	-25.7744	0.410343	0.410343	998.476
LLLFLLGVLLGFLLTFLLILI	LLLFLLGTLLGFLLTFLLILI	-26.047	-27.5683	0.137712	0.930859	997.967
LLLFLLGTLLGFLLTFLLILI	LLLYLLGTLLGFLLTFLLILI	-28.0888	-29.5406	0.410343	0.410343	997.394
LLLYLLGTLLGFLLTFLLILI	LLLYLLGTLLGFLLTTLLILI	-29.5406	-33.6338	0.410343	0.410343	996.023
LLLYLLGTLLGFLLTTLLILI	LLLYLLGTLLGYLLTTLLILI	-33.9121	-33.8636	0.132101	0.952787	995.205
LLLYLLGTLLGYLLTTLLILI	LLLFLLGTLLGYLLTTLLILI	-33.8636	-33.2329	0.952787	0.132101	994.285
LLLFLLGTLLGYLLTTLLILI	LLLFLLGTLLGFLLTTLLILI	-32.9546	-32.1822	0.410343	0.410343	993.249
LLLFLLGTLLGFLLTTLLILI	LLLYLLGTLLGFLLTTLLILI	-32.1822	-33.6338	0.410343	0.410343	990.773
LLLYLLGTLLGFLLTTLLILI	LLLYLLGTLLGFLLSTLLILI	-33.3533	-30.7703	0.690823	0.220804	989.3
LLLYLLGTLLGFLLSTLLILI	LLLYLLGTLLGFLLTTLLILI	-30.7703	-29.9717	0.220804	0.690823	987.644
LLLYLLGTLLGFLLTTLLILI	LLLYLLGTLLGYLLTTLLILI	-30.5304	-30.3543	0.132101	0.952787	985.783
LLLYLLGTLLGYLLTTLLILI	LLLYLLGTLLGYLLSTLLILI	-30.6162	-31.5382	0.690823	0.220804	983.694
LLLYLLGTLLGYLLSTLLILI	LLLFLLGTLLGYLLSTLLILI	-30.8062	-30.1755	0.952787	0.132101	981.348
LLLFLLGTLLGYLLSTLLILI	LLLYLLGTLLGYLLSTLLILI	-30.1755	-30.8062	0.132101	0.952787	978.717
LLLYLLGTLLGYLLSTLLILI	LLLYLLGTLLGFLLSTLLILI	-30.8062	-30.859	0.952787	0.132101	975.768
LLLYLLGTLLGFLLSTLLILI	LLLYLLGTLLGFLLTTLLILI	-30.7703	-29.9754	0.220804	0.690823	972.463
LLLYLLGTLLGFLLTTLLILI	LLLYLLGTLLGYLLTTLLILI	-30.5341	-30.3543	0.132101	0.952787	968.764
LLLYLLGTLLGYLLTTLLILI	LLLYLLGTLLGFLLTTLLILI	-30.3543	-30.5341	0.952787	0.132101	964.627
LLLYLLGTLLGFLLTTLLILI	LLLYLLGTLLGFLLSTLLILI	-29.9754	-30.7703	0.690823	0.220804	960.005
LLLYLLGTLLGFLLSTLLILI	LLLYLLGTLLGFLLTTLLILI	-30.7703	-29.9754	0.220804	0.690823	954.846
LLLYLLGTLLGFLLTTLLILI	LLLYLLGTLLGYLLTTLLILI	-30.5341	-30.3543	0.132101	0.952787	949.095
LLLYLLGTLLGYLLTTLLILI	LLLFLLGTLLGYLLTTLLILI	-30.3543	-29.7235	0.952787	0.132101	942.693
LLLFLLGTLLGYLLTTLLILI	LLLYLLGTLLGYLLTTLLILI	-29.7235	-30.3543	0.132101	0.952787	935.578
LLLYLLGTLLGYLLTTLLILI	LLLFLLGTLLGYLLTTLLILI	-30.3543	-29.7235	0.952787	0.132101	927.683
LLLFLLGTLLGYLLTTLLILI	LLLYLLGTLLGYLLTTLLILI	-29.7235	-30.3543	0.132101	0.952787	918.939
LLLYLLGTLLGYLLTTLLILI	LLLYLLGVLLGYLLTTLLILI	-30.3762	-27.6741	0.930859	0.137712	909.276
LLLYLLGVLLGYLLTTLLILI	LLLYLLGVLLGTLLTTLLILI	-27.3067	-27.72	0.505042	0.328724	898.621
LLLYLLGVLLGTLLTTLLILI	LLLYLLGTLLGTLLTTLLILI	-27.9535	-28.9622	0.0952708	1.12845	886.903
LLLYLLGTLLGTLLTTLLILI	LLLYLLGTLLGTLLSTLLILI	-29.2247	-30.4376	0.865998	0.155943	874.051
LLLYLLGTLLGTLLSTLLILI	LLLYLLGTLLGTLLATLLILI	-29.9513	-29.7693	0.642213	0.244161	844.686
LLLYLLGTLLGTLLATLLILI	LLLYLLGTLLGYLLATLLILI	-29.6847	-30.3787	0.328724	0.505042	810.083
LLLYLLGTLLGYLLATLLILI	LLLYLLGTLLGFLLATLLILI	-29.9309	-29.9689	0.952787	0.132101	790.724
LLLYLLGTLLGFLLATLLILI	LLLYLLGTLLGYLLATLLILI	-29.9689	-29.9309	0.132101	0.952787	769.974
LLLYLLGTLLGYLLATLLILI	LLLYLLGTLLGFLLATLLILI	-29.9309	-29.9689	0.952787	0.132101	747.845
LLLYLLGTLLGFLLATLLILI	LLLYLLGILLGFLLATLLILI	-29.4845	-26.8718	0.616541	0.257708	724.369
LLLYLLGILLGFLLATLLILI	LLLYLLGILLGFLLSTLLILI	-26.8854	-27.5856	0.244161	0.642213	699.602
LLLYLLGILLGFLLSTLLILI	LLLYLLGILLGTLLSTLLILI	-27.9229	-27.8172	0.30482	0.538845	673.628
LLLYLLGILLGTLLSTLLILI	LLLFLLGILLGTLLSTLLILI	-27.7056	-27.1903	0.650378	0.240035	646.557
LLLFLLGILLGTLLSTLLILI	LLLYLLGILLGTLLSTLLILI	-27.1903	-27.7056	0.240035	0.650378	618.524
LLLYLLGILLGTLLSTLLILI	LLLFLLGILLGTLLSTLLILI	-27.7056	-27.1903	0.650378	0.240035	589.688
LLLFLLGILLGTLLSTLLILI	LLLFLLGTLLGTLLSTLLILI	-27.2876	-28.2359	0.142768	0.911943	560.23
LLLFLLGTLLGTLLSTLLILI	LLLFLLGILLGTLLSTLLILI	-28.2359	-27.2876	0.911943	0.142768	530.348
LLLFLLGILLGTLLSTLLILI	LLLFLLGILLGTLLATLLILI	-26.7882	-26.6014	0.642213	0.244161	500.25
LLLFLLGILLGTLLATLLILI	LLLFLLGILLGTLLSTLLILI	-26.6014	-26.7882	0.244161	0.642213	470.152
LLLFLLGILLGTLLSTLLILI	LLLFLLGILLGTLLATLLILI	-26.7882	-26.6014	0.642213	0.244161	440.27
LLLFLLGILLGTLLATLLILI	LLLYLLGILLGTLLATLLILI	-26.6056	-27.1209	0.240035	0.650378	410.812
LLLYLLGILLGTLLATLLILI	LLLYLLGILLGFLLATLLILI	-27.2324	-26.8247	0.538845	0.30482	381.976
LLLYLLGILLGFLLATLLILI	LLLYLLGILLGTLLATLLILI	-26.8247	-27.2324	0.30482	0.538845	353.943
LLLYLLGILLGTLLATLLILI	LLLYLLGTLLGTLLATLLILI	-27.6285	-29.1015	0.142768	0.911943	300.898
LLLYLLGTLLGTLLATLLILI	LLLYLLGTLLGYLLATLLILI	-29.6847	-30.3787	0.328724	0.505042	276.131
LLLYLLGTLLGYLLATLLILI	LLLFLLGTLLGYLLATLLILI	-29.9309	-29.3002	0.952787	0.132101	252.655
LLLFLLGTLLGYLLATLLILI	LLLFLLGTLLGYLLSTLLILI	-29.1881	-29.6654	0.244161	0.642213	230.526
LLLFLLGTLLGYLLSTLLILI	LLLYLLGTLLGYLLSTLLILI	-30.1755	-30.8062	0.132101	0.952787	209.776
LLLYLLGTLLGYLLSTLLILI	LLLYLLGTLLGYLLATLLILI	-31.1168	-30.6396	0.642213	0.244161	190.417
LLLYLLGTLLGYLLATLLILI	LLLYLLGTLLGFLLATLLILI	-29.9309	-29.9689	0.952787	0.132101	172.439
LLLYLLGTLLGFLLATLLILI	LLLYLLGTLLGFLLSTLLILI	-29.8569	-30.3489	0.244161	0.642213	155.814
LLLYLLGTLLGFLLSTLLILI	LLLYLLGTLLGYLLSTLLILI	-30.859	-30.8062	0.132101	0.952787	126.449
LLLYLLGTLLGYLLSTLLILI	LLLYLLGTLLGFLLSTLLILI	-30.8062	-30.859	0.952787	0.132101	113.597
LLLYLLGTLLGFLLSTLLILI	LLLYLLGTLLGYLLSTLLILI	-30.859	-30.8062	0.132101	0.952787	101.879
LLLYLLGTLLGYLLSTLLILI	LLLYLLGTLLGFLLSTLLILI	-30.8062	-30.8401	0.952787	0.132101	91.2238
LLLYLLGTLLGFLLSTLLILI	LLLYLLGTLLGYLLSTLLILI	-30.8401	-30.8062	0.132101	0.952787	81.5606
LLLYLLGTLLGYLLSTLLILI	LLLYLLGTLLGYLLATLLILI	-31.1168	-30.6396	0.642213	0.244161	72.8169
LLLYLLGTLLGYLLATLLILI	LLLYLLGTLLGFLLATLLILI	-29.9309	-29.9689	0.952787	0.132101	64.9219
LLLYLLGTLLGFLLATLLILI	LLLYLLGTLLGFLLSTLLILI	-29.8569	-30.3489	0.244161	0.642213	57.8066
LLLYLLGTLLGFLLSTLLILI	LLLYLLGTLLGYLLSTLLILI	-30.859	-30.8062	0.132101	0.952787	35.8726
LLLYLLGTLLGYLLSTLLILI	LLLYLLGTLLGFLLSTLLILI	-30.8062	-30.859	0.952787	0.132101	24.7321
LLLYLLGTLLGFLLSTLLILI	LLLYLLGTLLGWLLSTLLILI	-30.8423	-31.1762	0.148778	0.890414	7.25111
Time: 151s
