***STARTING GEOMETRY:***
xShift: 8.60435
crossingAngle: 20.8501
axialRotation: 48.7895
zShift: 3.37601

Number of MCCycles: 100
PrevSequence	CurrSequence	PrevEnergy	CurrEnergy	PrevEntropy	CurrEntropy	CurrentTemp
LLLWTLLGLLGTLTSLLLILI	LLLWTLLGLLGYLTSLLLILI	89.9669	89.2955	0.693609	0.219549	999.684
LLLWTLLGLLGYLTSLLLILI	LLLWTLLGLLGYLVSLLLILI	90.0068	92.2836	0.930859	0.137712	999.328
LLLWTLLGLLGYLVSLLLILI	LLLWTLLGLLGFLVSLLLILI	92.7962	92.7595	0.650378	0.240035	998.928
LLLWTLLGLLGFLVSLLLILI	LLLWVLLGLLGFLVSLLLILI	92.9162	94.5516	0.396733	0.424273	998.476
LLLWVLLGLLGFLVSLLLILI	LLLWTLLGLLGFLVSLLLILI	94.5516	92.9162	0.424273	0.396733	997.967
LLLWTLLGLLGFLVSLLLILI	LLLWTLLGLLGFLVALLLILI	93.1616	93.756	0.642213	0.244161	997.394
LLLWTLLGLLGFLVALLLILI	LLLWTLLGLLGYLVALLLILI	93.7518	93.9845	0.240035	0.650378	996.749
LLLWTLLGLLGYLVALLLILI	LLLWTLLGLLGFLVALLLILI	93.9845	93.7518	0.650378	0.240035	996.023
LLLWTLLGLLGFLVALLLILI	LLLWTLLSLLGFLVALLLILI	94.1037	98.0063	0.591862	0.271616	995.205
LLLWTLLSLLGFLVALLLILI	LLLWTLLSLLYFLVALLLILI	98.0042	95.7232	0.269472	0.595564	994.285
LLLWTLLSLLYFLVALLLILI	LLLWTLLSLLYFLTALLLILI	95.2654	92.3419	0.137712	0.930859	993.249
LLLWTLLSLLYFLTALLLILI	LLLWTLLSLLYFLTSLLLILI	91.5456	91.6451	0.13458	0.942975	992.084
LLLWTLLSLLYFLTSLLLILI	LLLWTLLSLLYTLTSLLLILI	90.8221	90.9845	0.119894	1.0043	990.773
LLLWTLLSLLYTLTSLLLILI	LLLWTLLGLLYTLTSLLLILI	90.6921	85.4585	0.71194	0.2115	989.3
LLLWTLLGLLYTLTSLLLILI	LLLWTLLGLLFTLTSLLLILI	85.8974	86.7656	0.650378	0.240035	987.644
LLLWTLLGLLFTLTSLLLILI	LLLWTLLGLLFTLTALLLILI	87.1678	87.1578	0.642213	0.244161	985.783
LLLWTLLGLLFTLTALLLILI	LLLYTLLGLLFTLTALLLILI	87.5125	90.1762	0.598868	0.267575	983.694
LLLYTLLGLLFTLTALLLILI	LLLYTLLGLLFTLVALLLILI	91.037	93.4909	1.12845	0.0952708	981.348
LLLYTLLGLLFTLVALLLILI	LLLYTLLGLLYTLVALLLILI	93.5277	93.6266	0.132101	0.952787	978.717
LLLYTLLGLLYTLVALLLILI	LLLYTLLGLLYTLVSLLLILI	92.918	93.061	0.244161	0.642213	975.768
LLLYTLLGLLYTLVSLLLILI	LLLYTLLGLLFTLVSLLLILI	93.3716	93.2242	0.952787	0.132101	972.463
LLLYTLLGLLFTLVSLLLILI	LLLYTLLGLLFTLTSLLLILI	93.1874	90.649	0.0952708	1.12845	968.764
LLLYTLLGLLFTLTSLLLILI	LLLYTLLGLLFTLTALLLILI	90.1628	90.1528	0.642213	0.244161	964.627
LLLYTLLGLLFTLTALLLILI	LLLWTLLGLLFTLTALLLILI	90.1762	87.5125	0.267575	0.598868	960.005
LLLWTLLGLLFTLTALLLILI	LLLWTLLGLLFFLTALLLILI	87.6073	90.1814	0.693609	0.219549	954.846
LLLWTLLGLLFFLTALLLILI	LLLWTLLGLLYFLTALLLILI	90.3722	86.5883	0.410343	0.410343	949.095
LLLWTLLGLLYFLTALLLILI	LLLWVLLGLLYFLTALLLILI	87.1088	88.0733	0.930859	0.137712	942.693
LLLWVLLGLLYFLTALLLILI	LLLWVLLGLLFFLTALLLILI	88.3459	91.6922	0.410343	0.410343	935.578
LLLWVLLGLLFFLTALLLILI	LLLWVLLGLLFTLTALLLILI	91.5867	88.9803	0.30482	0.538845	927.683
LLLWVLLGLLFTLTALLLILI	LLLYVLLGLLFTLTALLLILI	89.0403	90.1538	0.598868	0.267575	918.939
LLLYVLLGLLFTLTALLLILI	LLLYVLLGLLFTLYALLLILI	90.2149	93.614	0.328724	0.505042	909.276
LLLYVLLGLLFTLYALLLILI	LLLYTLLGLLFTLYALLLILI	93.2467	94.062	0.137712	0.930859	898.621
LLLYTLLGLLFTLYALLLILI	LLLYTLLGLLFFLYALLLILI	93.67	96.3002	0.538845	0.30482	886.903
LLLYTLLGLLFFLYALLLILI	LLLYTLLGLLFTLYALLLILI	96.3002	93.67	0.30482	0.538845	874.051
LLLYTLLGLLFTLYALLLILI	LLLYTLLGLLFTLTALLLILI	93.5105	90.3516	0.379341	0.443059	859.999
LLLYTLLGLLFTLTALLLILI	LLLYTLLGLLFFLTALLLILI	90.6022	92.8854	0.693609	0.219549	844.686
LLLYTLLGLLFFLTALLLILI	LLLYTLLGLLFFLTSLLLILI	92.91	92.2478	0.244161	0.642213	828.061
LLLYTLLGLLFFLTSLLLILI	LLLYVLLGLLFFLTSLLLILI	92.5364	93.0099	0.930859	0.137712	810.083
LLLYVLLGLLFFLTSLLLILI	LLLWVLLGLLFFLTSLLLILI	93.1398	90.8204	0.267575	0.598868	790.724
LLLWVLLGLLFFLTSLLLILI	LLLWVLLGLLFFLTALLLILI	90.8638	91.526	0.642213	0.244161	769.974
LLLWVLLGLLFFLTALLLILI	LLLWVLLGLLYFLTALLLILI	91.6922	88.3459	0.410343	0.410343	747.845
LLLWVLLGLLYFLTALLLILI	LLLWVLLGLLYTLTALLLILI	88.1074	88.1487	0.171816	0.816184	724.369
LLLWVLLGLLYTLTALLLILI	LLLWVLLGLLYFLTALLLILI	88.1487	88.1074	0.816184	0.171816	699.602
LLLWVLLGLLYFLTALLLILI	LLLWVLLGLLYTLTALLLILI	88.1074	88.1487	0.171816	0.816184	673.628
LLLWVLLGLLYTLTALLLILI	LLLWTLLGLLYTLTALLLILI	87.4278	86.715	0.0952708	1.12845	646.557
LLLWTLLGLLYTLTALLLILI	LLLWVLLGLLYTLTALLLILI	86.715	87.4278	1.12845	0.0952708	618.524
LLLWVLLGLLYTLTALLLILI	LLLWVLLGLLYFLTALLLILI	88.1487	88.1074	0.816184	0.171816	589.688
LLLWVLLGLLYFLTALLLILI	LLLWVLLGLLYTLTALLLILI	88.1074	88.1487	0.171816	0.816184	560.23
LLLWVLLGLLYTLTALLLILI	LLLWVLLGLLYTLTSLLLILI	87.5767	87.6352	0.244161	0.642213	530.348
LLLWVLLGLLYTLTSLLLILI	LLLWVLLGLLYTLTALLLILI	87.6352	87.5767	0.642213	0.244161	500.25
LLLWVLLGLLYTLTALLLILI	LLLWVLLGLLYFLTALLLILI	88.1487	88.1074	0.816184	0.171816	470.152
LLLWVLLGLLYFLTALLLILI	LLLWVLLGLLYTLTALLLILI	88.1074	88.1487	0.171816	0.816184	440.27
LLLWVLLGLLYTLTALLLILI	LLLWTLLGLLYTLTALLLILI	87.4278	86.715	0.0952708	1.12845	381.976
LLLWTLLGLLYTLTALLLILI	LLLWTLLGLLYFLTALLLILI	86.5909	86.2979	1.0043	0.119894	353.943
LLLWTLLGLLYFLTALLLILI	LLLWTLLGLLYFLTSLLLILI	86.4221	86.1095	0.244161	0.642213	326.872
LLLWTLLGLLYFLTSLLLILI	LLLWTLLGLLYTLTSLLLILI	85.5872	86.2513	0.119894	1.0043	276.131
LLLWTLLGLLYTLTSLLLILI	LLLWTLLGLLYTLTALLLILI	85.8892	85.8307	0.642213	0.244161	252.655
LLLWTLLGLLYTLTALLLILI	LLLWTLLGLLYTLTSLLLILI	85.8307	85.8892	0.244161	0.642213	230.526
LLLWTLLGLLYTLTSLLLILI	LLLWTLLGLLYFLTSLLLILI	86.2513	85.5872	1.0043	0.119894	209.776
LLLWTLLGLLYFLTSLLLILI	LLLWTLLGLLYFLTALLLILI	86.1095	86.4221	0.642213	0.244161	155.814
LLLWTLLGLLYFLTALLLILI	LLLWTLLGLLYFLTSLLLILI	86.4221	86.1095	0.244161	0.642213	113.597
LLLWTLLGLLYFLTSLLLILI	LLLWTLLGLLYFLTALLLILI	86.1095	86.4221	0.642213	0.244161	51.4049
LLLWTLLGLLYFLTALLLILI	LLLWTLLGLLYFLTSLLLILI	86.4221	86.1095	0.244161	0.642213	45.6541
Time: 109s
