***STARTING GEOMETRY:***
xShift: 8.54576
crossingAngle: -45.8445
axialRotation: 34.2836
zShift: 2.97244

Number of MCCycles: 100
PrevSequence	CurrSequence	PrevEnergy	CurrEnergy	PrevEntropy	CurrEntropy	CurrentTemp
LLLYLLTTLLGTLLTTLLILI	LLLWLLTTLLGTLLTTLLILI	-29.5809	-29.7608	0.267575	0.598868	999.684
LLLWLLTTLLGTLLTTLLILI	LLLWLLTTLLATLLTTLLILI	-29.7756	-29.447	0.584123	0.276169	999.328
LLLWLLTTLLATLLTTLLILI	LLLYLLTTLLATLLTTLLILI	-29.1243	-31.0524	0.598868	0.267575	998.928
LLLYLLTTLLATLLTTLLILI	LLLYLLTTLLSTLLTTLLILI	-31.0759	-29.2089	0.244161	0.642213	997.967
LLLYLLTTLLSTLLTTLLILI	LLLYLLTTLLSTLLVTLLILI	-28.4565	-22.0271	1.39457	0.0589809	997.394
LLLYLLTTLLSTLLVTLLILI	LLLYLLTTLLATLLVTLLILI	-21.4439	-23.292	0.642213	0.244161	996.749
LLLYLLTTLLATLLVTLLILI	LLLWLLTTLLATLLVTLLILI	-23.2686	-21.3545	0.267575	0.598868	996.023
LLLWLLTTLLATLLVTLLILI	LLLWLLTTLLATLLTTLLILI	-21.8944	-26.7264	0.0589809	1.39457	995.205
LLLWLLTTLLATLLTTLLILI	LLLWLLTTLLSTLLTTLLILI	-27.8768	-27.5492	0.244161	0.642213	994.285
LLLWLLTTLLSTLLTTLLILI	LLLWLLTTLLGTLLTTLLILI	-27.7343	-26.6409	0.457104	0.367007	993.249
LLLWLLTTLLGTLLTTLLILI	LLLWLLTTLLATLLTTLLILI	-26.4238	-29.4203	0.584123	0.276169	992.084
LLLWLLTTLLATLLTTLLILI	LLLWLLTTLLATLLYTLLILI	-28.7788	-28.9226	0.917682	0.141213	990.773
LLLWLLTTLLATLLYTLLILI	LLLWLLTTLLATLLTTLLILI	-28.9226	-28.8055	0.141213	0.917682	989.3
LLLWLLTTLLATLLTTLLILI	LLLWLLTTLLAILLTTLLILI	-28.7051	-25.0806	1.01811	0.116837	987.644
LLLWLLTTLLAILLTTLLILI	LLLYLLTTLLAILLTTLLILI	-24.5986	-26.5572	0.598868	0.267575	985.783
LLLYLLTTLLAILLTTLLILI	LLLYLLTTLLGILLTTLLILI	-26.5486	-23.125	0.276169	0.584123	981.348
LLLYLLTTLLGILLTTLLILI	LLLYLLTTLLGYLLTTLLILI	-23.5078	-27.5835	0.201285	0.736435	978.717
LLLYLLTTLLGYLLTTLLILI	LLLYLLTTLLGTLLTTLLILI	-28.0648	-28.0319	0.255144	0.62127	975.768
LLLYLLTTLLGTLLTTLLILI	LLLYLLTTLLGYLLTTLLILI	-28.0319	-28.0785	0.62127	0.255144	972.463
LLLYLLTTLLGYLLTTLLILI	LLLYLLTTLLGYLLTVLLILI	-27.0573	-24.4421	1.27634	0.0728516	968.764
LLLYLLTTLLGYLLTVLLILI	LLLWLLTTLLGYLLTVLLILI	-24.0638	-22.5429	0.451187	0.372136	964.627
LLLWLLTTLLGYLLTVLLILI	LLLYLLTTLLGYLLTVLLILI	-22.5429	-24.0638	0.372136	0.451187	960.005
LLLYLLTTLLGYLLTVLLILI	LLLYLLYTLLGYLLTVLLILI	-24.1862	-21.4634	0.328724	0.505042	954.846
LLLYLLYTLLGYLLTVLLILI	LLLWLLYTLLGYLLTVLLILI	-21.3773	-19.5444	0.591129	0.272043	949.095
LLLWLLYTLLGYLLTVLLILI	LLLYLLYTLLGYLLTVLLILI	-19.5444	-21.3503	0.272043	0.591129	942.693
LLLYLLYTLLGYLLTVLLILI	LLLYLLYTLLGYLLTTLLILI	-21.8461	-24.4583	0.0952708	1.12845	935.578
LLLYLLYTLLGYLLTTLLILI	LLLYLLTTLLGYLLTTLLILI	-25.1734	-27.9126	0.413356	0.407346	927.683
LLLYLLTTLLGYLLTTLLILI	LLLYLLTTLLGTLLTTLLILI	-28.0648	-27.9916	0.255144	0.62127	918.939
LLLYLLTTLLGTLLTTLLILI	LLLYLLTTLLGYLLTTLLILI	-27.9916	-28.1052	0.62127	0.255144	909.276
LLLYLLTTLLGYLLTTLLILI	LLLWLLTTLLGYLLTTLLILI	-27.9092	-26.3212	0.451187	0.372136	898.621
LLLWLLTTLLGYLLTTLLILI	LLLWLLTTLLGTLLTTLLILI	-26.5521	-26.0902	0.141213	0.917682	886.903
LLLWLLTTLLGTLLTTLLILI	LLLWLLTTLLGTLLYTLLILI	-26.0902	-26.5988	0.917682	0.141213	874.051
LLLWLLTTLLGTLLYTLLILI	LLLWLLTTLLGTLLTTLLILI	-26.5988	-26.0902	0.141213	0.917682	859.999
LLLWLLTTLLGTLLTTLLILI	LLLWLLTTLLGYLLTTLLILI	-26.0902	-24.9904	0.917682	0.141213	844.686
LLLWLLTTLLGYLLTTLLILI	LLLWLLTTLLGYLLTVLLILI	-23.8553	-22.8152	1.27634	0.0728516	828.061
LLLWLLTTLLGYLLTVLLILI	LLLWLLTLLLGYLLTVLLILI	-22.0389	-16.9396	0.849143	0.161118	810.083
LLLWLLTLLLGYLLTVLLILI	LLLWLLTTLLGYLLTVLLILI	-16.9396	-22.0389	0.161118	0.849143	790.724
LLLWLLTTLLGYLLTVLLILI	LLLWLLTTLLGYLLTTLLILI	-22.8152	-23.8286	0.0728516	1.27634	769.974
LLLWLLTTLLGYLLTTLLILI	LLLWLLTTLLGTLLTTLLILI	-24.9637	-26.0902	0.141213	0.917682	747.845
LLLWLLTTLLGTLLTTLLILI	LLLWLLTTLLGTLLTYLLILI	-26.0902	-24.1797	0.917682	0.141213	724.369
LLLWLLTTLLGTLLTYLLILI	LLLWLLTTLLGTLLTVLLILI	-23.5673	-23.0943	0.753596	0.194474	699.602
LLLWLLTTLLGTLLTVLLILI	LLLWLLTTLLATLLTVLLILI	-22.7046	-24.0707	0.584123	0.276169	673.628
LLLWLLTTLLATLLTVLLILI	LLLYLLTTLLATLLTVLLILI	-23.748	-27.3051	0.598868	0.267575	646.557
LLLYLLTTLLATLLTVLLILI	LLLYLLTTLLATLLTTLLILI	-27.5137	-29.9115	0.0589809	1.39457	618.524
LLLYLLTTLLATLLTTLLILI	LLLWLLTTLLATLLTTLLILI	-31.0385	-29.1243	0.267575	0.598868	589.688
LLLWLLTTLLATLLTTLLILI	LLLYLLTTLLATLLTTLLILI	-29.1243	-31.0524	0.598868	0.267575	560.23
LLLYLLTTLLATLLTTLLILI	LLLYLLTTLLATLLTYLLILI	-30.6987	-28.397	0.62127	0.255144	530.348
LLLYLLTTLLATLLTYLLILI	LLLWLLTTLLATLLTYLLILI	-28.201	-26.6285	0.451187	0.372136	500.25
LLLWLLTTLLATLLTYLLILI	LLLYLLTTLLATLLTYLLILI	-26.6285	-28.201	0.372136	0.451187	470.152
LLLYLLTTLLATLLTYLLILI	LLLYLLTTLLATLLTTLLILI	-28.397	-30.6848	0.255144	0.62127	440.27
LLLYLLTTLLATLLTTLLILI	LLLYLLTTLLATLLYTLLILI	-30.6848	-30.4322	0.62127	0.255144	381.976
LLLYLLTTLLATLLYTLLILI	LLLYLLTTLLATLLTTLLILI	-30.4322	-30.7254	0.255144	0.62127	353.943
Time: 79s
