***STARTING GEOMETRY:***
xShift: 8.26938
crossingAngle: -40.3047
axialRotation: 51.0769
zShift: 5.24152

Number of MCCycles: 100
PrevSequence	CurrSequence	PrevEnergy	CurrEnergy	PrevEntropy	CurrEntropy	CurrentTemp
LLLALLTGLLTTLLTTLLILI	LLLALLTGLLYTLLTTLLILI	-20.5106	-24.179	0.917682	0.141213	999.684
LLLALLTGLLYTLLTTLLILI	LLLALLTGLLTTLLTTLLILI	-24.179	-23.2749	0.141213	0.917682	999.328
LLLALLTGLLTTLLTTLLILI	LLLALLTGLLTTLLTYLLILI	-23.2749	-24.6421	0.917682	0.141213	998.928
LLLALLTGLLTTLLTYLLILI	LLLALLTGLLYTLLTYLLILI	-24.2445	-24.8808	0.538845	0.30482	998.476
LLLALLTGLLYTLLTYLLILI	LLLALLLGLLYTLLTYLLILI	-24.1454	-21.0943	1.04019	0.112128	997.967
LLLALLLGLLYTLLTYLLILI	LLLGLLLGLLYTLLTYLLILI	-21.0524	-17.5374	0.154044	0.872342	997.394
LLLGLLLGLLYTLLTYLLILI	LLLGLLTGLLYTLLTYLLILI	-18.2976	-21.9423	0.112128	1.04019	996.749
LLLGLLTGLLYTLLTYLLILI	LLLGLLYGLLYTLLTYLLILI	-22.6538	-19.2887	0.328724	0.505042	996.023
LLLGLLYGLLYTLLTYLLILI	LLLGLLYGLLYTLLTTLLILI	-19.2887	-18.8183	0.505042	0.328724	995.205
LLLGLLYGLLYTLLTTLLILI	LLLGLLYGLLTTLLTTLLILI	-18.8422	-19.4662	0.30482	0.538845	994.285
LLLGLLYGLLTTLLTTLLILI	LLLALLYGLLTTLLTTLLILI	-19.1327	-18.3188	0.872342	0.154044	993.249
LLLALLYGLLTTLLTTLLILI	LLLALLYGLLTTLLTYLLILI	-17.934	-18.7581	0.538845	0.30482	992.084
LLLALLYGLLTTLLTYLLILI	LLLGLLYGLLTTLLTYLLILI	-18.9089	-19.0879	0.154044	0.872342	990.773
LLLGLLYGLLTTLLTYLLILI	LLLGLLYGLLYTLLTYLLILI	-19.6316	-19.2887	0.328724	0.505042	989.3
LLLGLLYGLLYTLLTYLLILI	LLLGLLYGLLYTLLTTLLILI	-19.2887	-17.6416	0.505042	0.328724	987.644
LLLGLLYGLLYTLLTTLLILI	LLLGLLYGLLTTLLTTLLILI	-17.6655	-19.4662	0.30482	0.538845	985.783
LLLGLLYGLLTTLLTTLLILI	LLLALLYGLLTTLLTTLLILI	-19.1327	-18.3188	0.872342	0.154044	983.694
LLLALLYGLLTTLLTTLLILI	LLLALLYGLLTTLLTYLLILI	-17.934	-18.7581	0.538845	0.30482	981.348
LLLALLYGLLTTLLTYLLILI	LLLALLTGLLTTLLTYLLILI	-18.7581	-21.7419	0.30482	0.538845	978.717
LLLALLTGLLTTLLTYLLILI	LLLALLTGLLTTLLTFLLILI	-21.6304	-21.0178	0.650378	0.240035	975.768
LLLALLTGLLTTLLTFLLILI	LLLALLTGLLTTLLTYLLILI	-21.0178	-21.6304	0.240035	0.650378	972.463
LLLALLTGLLTTLLTYLLILI	LLLALLTGLLYTLLTYLLILI	-21.7419	-22.1344	0.538845	0.30482	968.764
LLLALLTGLLYTLLTYLLILI	LLLALLTGLLTTLLTYLLILI	-22.1344	-21.7419	0.30482	0.538845	964.627
LLLALLTGLLTTLLTYLLILI	LLLGLLTGLLTTLLTYLLILI	-22.1267	-23.2857	0.154044	0.872342	960.005
LLLGLLTGLLTTLLTYLLILI	LLLGLLTGLLYTLLTYLLILI	-23.6192	-23.9607	0.538845	0.30482	954.846
LLLGLLTGLLYTLLTYLLILI	LLLGLLTGLLTTLLTYLLILI	-23.9607	-23.6192	0.30482	0.538845	949.095
LLLGLLTGLLTTLLTYLLILI	LLLGLLTGLLTTLLTFLLILI	-23.5077	-22.8952	0.650378	0.240035	942.693
LLLGLLTGLLTTLLTFLLILI	LLLGLLTGLLTTLLTYLLILI	-22.8952	-23.5077	0.240035	0.650378	935.578
LLLGLLTGLLTTLLTYLLILI	LLLGLLTGLLTTLLTFLLILI	-23.5077	-22.8952	0.650378	0.240035	927.683
LLLGLLTGLLTTLLTFLLILI	LLLGLLTGLLTTLLTYLLILI	-22.8952	-23.5077	0.240035	0.650378	918.939
LLLGLLTGLLTTLLTYLLILI	LLLGLLTALLTTLLTYLLILI	-23.2857	-21.1513	0.872342	0.154044	909.276
LLLGLLTALLTTLLTYLLILI	LLLGLLTALLTTLLTFLLILI	-20.6549	-20.0407	0.650378	0.240035	898.621
LLLGLLTALLTTLLTFLLILI	LLLGLLTGLLTTLLTFLLILI	-20.1267	-22.2628	0.154044	0.872342	886.903
LLLGLLTGLLTTLLTFLLILI	LLLGLLTGLLTVLLTFLLILI	-21.8588	-16.3448	1.27634	0.0728516	874.051
LLLGLLTGLLTVLLTFLLILI	LLLGLLTGLLYVLLTFLLILI	-15.7241	-16.0099	0.693609	0.219549	859.999
LLLGLLTGLLYVLLTFLLILI	LLLGLLTGLLTVLLTFLLILI	-16.0099	-15.7241	0.219549	0.693609	844.686
LLLGLLTGLLTVLLTFLLILI	LLLGLLTGLLTTLLTFLLILI	-16.3448	-21.8588	0.0728516	1.27634	828.061
LLLGLLTGLLTTLLTFLLILI	LLLGLLTGLLTTLLTYLLILI	-22.8952	-23.5077	0.240035	0.650378	810.083
LLLGLLTGLLTTLLTYLLILI	LLLGLLTGLLFTLLTYLLILI	-23.0112	-23.0549	1.14683	0.0921195	790.724
LLLGLLTGLLFTLLTYLLILI	LLLGLLTGLLFTLLTTLLILI	-22.9752	-21.7432	0.171816	0.816184	747.845
LLLGLLTGLLFTLLTTLLILI	LLLALLTGLLFTLLTTLLILI	-21.687	-20.6017	0.872342	0.154044	724.369
LLLALLTGLLFTLLTTLLILI	LLLALLTGLLYTLLTTLLILI	-20.5157	-21.2014	0.240035	0.650378	699.602
LLLALLTGLLYTLLTTLLILI	LLLGLLTGLLYTLLTTLLILI	-21.6977	-22.8057	0.154044	0.872342	673.628
LLLGLLTGLLYTLLTTLLILI	LLLALLTGLLYTLLTTLLILI	-22.8057	-21.6973	0.872342	0.154044	646.557
LLLALLTGLLYTLLTTLLILI	LLLGLLTGLLYTLLTTLLILI	-21.6973	-22.8057	0.154044	0.872342	618.524
LLLGLLTGLLYTLLTTLLILI	LLLGLLTGLLYVLLTTLLILI	-22.4017	-19.7042	1.27634	0.0728516	589.688
LLLGLLTGLLYVLLTTLLILI	LLLGLLTGLLYTLLTTLLILI	-19.7042	-22.4017	0.0728516	1.27634	560.23
LLLGLLTGLLYTLLTTLLILI	LLLALLTGLLYTLLTTLLILI	-22.8057	-21.6973	0.872342	0.154044	500.25
LLLALLTGLLYTLLTTLLILI	LLLALLTGLLTTLLTTLLILI	-21.7101	-20.7724	0.141213	0.917682	470.152
LLLALLTGLLTTLLTTLLILI	LLLALLTGLLYTLLTTLLILI	-20.7724	-21.7105	0.917682	0.141213	440.27
LLLALLTGLLYTLLTTLLILI	LLLALLTGLLYTLLTYLLILI	-21.3129	-22.134	0.538845	0.30482	410.812
LLLALLTGLLYTLLTYLLILI	LLLGLLTGLLYTLLTYLLILI	-22.2848	-23.3923	0.154044	0.872342	381.976
LLLGLLTGLLYTLLTYLLILI	LLLGLLTGLLTTLLTYLLILI	-23.9599	-23.6192	0.30482	0.538845	353.943
LLLGLLTGLLTTLLTYLLILI	LLLGLLTGLLTTLLTFLLILI	-23.5077	-22.8952	0.650378	0.240035	326.872
LLLGLLTGLLTTLLTFLLILI	LLLALLTGLLTTLLTFLLILI	-22.2628	-21.1038	0.872342	0.154044	300.898
LLLALLTGLLTTLLTFLLILI	LLLALLTGLLFTLLTFLLILI	-20.4417	-20.1526	0.816184	0.171816	276.131
LLLALLTGLLFTLLTFLLILI	LLLALLTGLLTTLLTFLLILI	-20.1526	-20.4417	0.171816	0.816184	252.655
LLLALLTGLLTTLLTFLLILI	LLLGLLTGLLTTLLTFLLILI	-21.1038	-22.2628	0.154044	0.872342	230.526
LLLGLLTGLLTTLLTFLLILI	LLLGLLTGLLTTLLTYLLILI	-22.8952	-23.5077	0.240035	0.650378	190.417
LLLGLLTGLLTTLLTYLLILI	LLLGLLTGLLYTLLTYLLILI	-23.6192	-25.252	0.538845	0.30482	172.439
Time: 88s
