***STARTING GEOMETRY:***
xShift: 8.80088
crossingAngle: -40.5253
axialRotation: 52.4709
zShift: 5.24145

Number of MCCycles: 100
PrevSequence	CurrSequence	PrevEnergy	CurrEnergy	PrevEntropy	CurrEntropy	CurrentTemp
LLLALLTALLTTLLTTLLILI	LLLALLVALLTTLLTTLLILI	-18.4133	-18.6024	1.39457	0.0589809	999.684
LLLALLVALLTTLLTTLLILI	LLLALLVALLYTLLTTLLILI	-17.8452	-13.8577	0.816184	0.171816	999.328
LLLALLVALLYTLLTTLLILI	LLLALLTALLYTLLTTLLILI	-13.9566	-16.5261	0.0728516	1.27634	998.928
LLLALLTALLYTLLTTLLILI	LLLALLTALLYVLLTTLLILI	-16.5261	-14.9166	1.27634	0.0728516	998.476
LLLALLTALLYVLLTTLLILI	LLLALLTALLTVLLTTLLILI	-14.8177	-19.0063	0.171816	0.816184	997.967
LLLALLTALLTVLLTTLLILI	LLLGLLTALLTVLLTTLLILI	-19.3587	-18.4983	0.463748	0.36136	997.394
LLLGLLTALLTVLLTTLLILI	LLLALLTALLTVLLTTLLILI	-18.4983	-19.3587	0.36136	0.463748	996.749
LLLALLTALLTVLLTTLLILI	LLLGLLTALLTVLLTTLLILI	-19.3587	-18.4983	0.463748	0.36136	996.023
LLLGLLTALLTVLLTTLLILI	LLLGLLTSLLTVLLTTLLILI	-18.6155	-17.4053	0.244161	0.642213	995.205
LLLGLLTSLLTVLLTTLLILI	LLLGLLTSLLTTLLTTLLILI	-17.9886	-19.2938	0.0589809	1.39457	994.285
LLLGLLTSLLTTLLTTLLILI	LLLGLLTALLTTLLTTLLILI	-20.0462	-21.292	0.642213	0.244161	992.084
LLLGLLTALLTTLLTTLLILI	LLLGLLTSLLTTLLTTLLILI	-21.292	-20.0462	0.244161	0.642213	990.773
LLLGLLTSLLTTLLTTLLILI	LLLGLLTSLLTVLLTTLLILI	-19.2938	-17.9886	1.39457	0.0589809	989.3
LLLGLLTSLLTVLLTTLLILI	LLLGLLTSLLYVLLTTLLILI	-17.2314	-13.3613	0.816184	0.171816	987.644
LLLGLLTSLLYVLLTTLLILI	LLLGLLTGLLYVLLTTLLILI	-13.2615	-15.6803	0.271616	0.591862	985.783
LLLGLLTGLLYVLLTTLLILI	LLLGLLTGLLYVLLTYLLILI	-15.8291	-13.6361	0.443059	0.379341	983.694
LLLGLLTGLLYVLLTYLLILI	LLLGLLTGLLYVLLTTLLILI	-13.6361	-15.8291	0.379341	0.443059	981.348
LLLGLLTGLLYVLLTTLLILI	LLLALLTGLLYVLLTTLLILI	-15.3999	-17.1126	0.872342	0.154044	978.717
LLLALLTGLLYVLLTTLLILI	LLLALLTGLLYTLLTTLLILI	-17.1938	-18.7818	0.0728516	1.27634	975.768
LLLALLTGLLYTLLTTLLILI	LLLALLTGLLYTLLVTLLILI	-18.7818	-15.615	1.27634	0.0728516	968.764
LLLALLTGLLYTLLVTLLILI	LLLALLTGLLYTLLVYLLILI	-15.2448	-12.2478	0.443059	0.379341	964.627
LLLALLTGLLYTLLVYLLILI	LLLALLTGLLYTLLVTLLILI	-12.2478	-15.2448	0.379341	0.443059	960.005
LLLALLTGLLYTLLVTLLILI	LLLALLTALLYTLLVTLLILI	-15.3265	-13.2556	0.36136	0.463748	954.846
LLLALLTALLYTLLVTLLILI	LLLALLTALLYVLLVTLLILI	-12.9192	-10.7533	0.800152	0.177314	949.095
LLLALLTALLYVLLVTLLILI	LLLALLTGLLYVLLVTLLILI	-10.4668	-12.84	0.463748	0.36136	942.693
LLLALLTGLLYVLLVTLLILI	LLLALLTGLLYTLLVTLLILI	-13.0241	-15.1686	0.177314	0.800152	935.578
LLLALLTGLLYTLLVTLLILI	LLLALLTGLLYTLLTTLLILI	-15.8959	-18.7818	0.0728516	1.27634	927.683
LLLALLTGLLYTLLTTLLILI	LLLGLLTGLLYTLLTTLLILI	-19.9041	-18.0366	0.154044	0.872342	918.939
LLLGLLTGLLYTLLTTLLILI	LLLGLLTGLLYVLLTTLLILI	-17.6326	-15.8898	1.27634	0.0728516	909.276
LLLGLLTGLLYVLLTTLLILI	LLLGLLTGLLYVLLVTLLILI	-15.1625	-12.0296	0.800152	0.177314	898.621
LLLGLLTGLLYVLLVTLLILI	LLLGLLTGLLYVLLTTLLILI	-12.0296	-15.4721	0.177314	0.800152	886.903
LLLGLLTGLLYVLLTTLLILI	LLLGLLTGLLYTLLTTLLILI	-16.1994	-17.6326	0.0728516	1.27634	874.051
LLLGLLTGLLYTLLTTLLILI	LLLGLLTGLLYTLLTYLLILI	-18.3701	-18.6909	0.538845	0.30482	859.999
LLLGLLTGLLYTLLTYLLILI	LLLGLLTGLLYTLLTTLLILI	-18.6909	-18.3701	0.30482	0.538845	844.686
LLLGLLTGLLYTLLTTLLILI	LLLGLLLGLLYTLLTTLLILI	-17.7245	-13.895	1.18439	0.0860236	828.061
LLLGLLLGLLYTLLTTLLILI	LLLGLLTGLLYTLLTTLLILI	-13.895	-17.8794	0.0860236	1.18439	810.083
LLLGLLTGLLYTLLTTLLILI	LLLGLLTGLLYTLLTYLLILI	-18.5249	-18.6909	0.538845	0.30482	790.724
LLLGLLTGLLYTLLTYLLILI	LLLALLTGLLYTLLTYLLILI	-18.1234	-19.836	0.872342	0.154044	769.974
LLLALLTGLLYTLLTYLLILI	LLLALLTGLLTTLLTYLLILI	-19.6852	-19.1121	0.30482	0.538845	747.845
LLLALLTGLLTTLLTYLLILI	LLLALLTALLTTLLTYLLILI	-19.2896	-21.9677	0.36136	0.463748	724.369
LLLALLTALLTTLLTYLLILI	LLLALLTALLTTLLTTLLILI	-22.2903	-21.5811	0.141213	0.917682	699.602
LLLALLTALLTTLLTTLLILI	LLLGLLTALLTTLLTTLLILI	-22.0351	-21.1748	0.463748	0.36136	673.628
LLLGLLTALLTTLLTTLLILI	LLLGLLTALLTTLLTYLLILI	-20.6185	-21.3276	0.917682	0.141213	646.557
LLLGLLTALLTTLLTYLLILI	LLLGLLTALLTTLLTTLLILI	-21.3276	-20.6185	0.141213	0.917682	618.524
LLLGLLTALLTTLLTTLLILI	LLLGLLTALLTVLLTTLLILI	-20.1416	-18.8007	1.39457	0.0589809	589.688
LLLGLLTALLTVLLTTLLILI	LLLGLLTALLTTLLTTLLILI	-18.8007	-20.1416	0.0589809	1.39457	560.23
LLLGLLTALLTTLLTTLLILI	LLLALLTALLTTLLTTLLILI	-21.1748	-22.0351	0.36136	0.463748	530.348
LLLALLTALLTTLLTTLLILI	LLLGLLTALLTTLLTTLLILI	-22.0351	-21.1748	0.463748	0.36136	500.25
LLLGLLTALLTTLLTTLLILI	LLLGLLTALLTTLLTYLLILI	-20.6185	-21.3276	0.917682	0.141213	470.152
LLLGLLTALLTTLLTYLLILI	LLLALLTALLTTLLTYLLILI	-21.1075	-21.9677	0.36136	0.463748	410.812
LLLALLTALLTTLLTYLLILI	LLLALLTSLLTTLLTYLLILI	-22.015	-21.1722	0.416521	0.404229	381.976
LLLALLTSLLTTLLTYLLILI	LLLALLTSLLTTLLTTLLILI	-21.4353	-20.7219	0.141213	0.917682	353.943
LLLALLTSLLTTLLTTLLILI	LLLALLTSLLTTLLTYLLILI	-20.7219	-21.4353	0.917682	0.141213	326.872
LLLALLTSLLTTLLTYLLILI	LLLALLTALLTTLLTYLLILI	-21.1722	-22.015	0.404229	0.416521	276.131
LLLALLTALLTTLLTYLLILI	LLLALLTALLTTLLTTLLILI	-22.2903	-21.5811	0.141213	0.917682	252.655
LLLALLTALLTTLLTTLLILI	LLLGLLTALLTTLLTTLLILI	-22.0351	-21.1748	0.463748	0.36136	230.526
LLLGLLTALLTTLLTTLLILI	LLLALLTALLTTLLTTLLILI	-21.1748	-22.0351	0.36136	0.463748	209.776
LLLALLTALLTTLLTTLLILI	LLLALLTSLLTTLLTTLLILI	-22.0823	-21.2354	0.416521	0.404229	190.417
LLLALLTSLLTTLLTTLLILI	LLLALLTALLTTLLTTLLILI	-21.2354	-22.0823	0.404229	0.416521	172.439
LLLALLTALLTTLLTTLLILI	LLLALLTALLTTLLTYLLILI	-21.5811	-22.2903	0.917682	0.141213	155.814
Time: 109s
