***STARTING GEOMETRY:***
xShift: 7.40613
crossingAngle: -40.3152
axialRotation: -5.62533
zShift: 5.97699

Number of MCCycles: 200
PrevSequence	CurrSequence	PrevEnergy	CurrEnergy	PrevEntropy	CurrEntropy	CurrentTemp
LLLYTLLTGLLVGLLTSLILI	LLLGTLLTGLLVGLLTSLILI	-4.83443	-4.73356	0.270132	0.594419	999.847
LLLGTLLTGLLVGLLTSLILI	LLLGTLLTGLLTGLLTSLILI	-5.25513	-4.69814	0.0728516	1.27634	999.512
LLLGTLLTGLLTGLLTSLILI	LLLGTLLTGLLVGLLTSLILI	-4.69814	-5.25513	1.27634	0.0728516	999.328
LLLGTLLTGLLVGLLTSLILI	LLLGTLLTGLLTGLLTSLILI	-5.25513	-5.86439	0.0728516	1.27634	999.134
LLLGTLLTGLLTGLLTSLILI	LLLYTLLTGLLTGLLTSLILI	-6.54631	-6.36485	0.594419	0.270132	998.928
LLLYTLLTGLLTGLLTSLILI	LLLYTLLTGLLVGLLTSLILI	-5.35864	-5.91476	1.27634	0.0728516	998.708
LLLYTLLTGLLVGLLTSLILI	LLLYTLLTGLLTGLLTSLILI	-5.91476	-5.35864	0.0728516	1.27634	998.476
LLLYTLLTGLLTGLLTSLILI	LLLGTLLTGLLTGLLTSLILI	-6.36485	-6.54631	0.270132	0.594419	997.967
LLLGTLLTGLLTGLLTSLILI	LLLGTLLTGLLTGLLTALILI	-6.73038	-5.74727	0.410343	0.410343	997.689
LLLGTLLTGLLTGLLTALILI	LLLYTLLTGLLTGLLTALILI	-5.5632	-6.54812	0.594419	0.270132	997.394
LLLYTLLTGLLTGLLTALILI	LLLGTLLTGLLTGLLTALILI	-6.54812	-4.39717	0.270132	0.594419	997.081
LLLGTLLTGLLTGLLTALILI	LLLYTLLTGLLTGLLTALILI	-4.39717	-5.38196	0.594419	0.270132	996.749
LLLYTLLTGLLTGLLTALILI	LLLGTLLTGLLTGLLTALILI	-5.38196	-5.5632	0.270132	0.594419	996.397
LLLGTLLTGLLTGLLTALILI	LLLGTLLTGLLTGLLTSLILI	-5.74727	-6.73038	0.410343	0.410343	996.023
LLLGTLLTGLLTGLLTSLILI	LLLGTLLTGLLVGLLTSLILI	-5.86439	-5.25513	1.27634	0.0728516	995.626
LLLGTLLTGLLVGLLTSLILI	LLLGTLLTGLLVGLLVSLILI	-4.52783	-1.54277	0.800152	0.177314	995.205
LLLGTLLTGLLVGLLVSLILI	LLLGTLLTGLLVGLLVALILI	-1.30974	-0.399465	0.410343	0.410343	994.758
LLLGTLLTGLLVGLLVALILI	LLLYTLLTGLLVGLLVALILI	-0.215389	-1.19931	0.594419	0.270132	994.285
LLLYTLLTGLLVGLLVALILI	LLLYTLLTGLLVGLLTALILI	-1.29213	-4.20421	0.177314	0.800152	993.782
LLLYTLLTGLLVGLLTALILI	LLLYGLLTGLLVGLLTALILI	-4.5144	-1.02014	0.489954	0.34018	993.249
LLLYGLLTGLLVGLLTALILI	LLLYGLLTGLLVGLLTSLILI	-0.949972	-1.93323	0.410343	0.410343	992.683
LLLYGLLTGLLVGLLTSLILI	LLLYGLLTGLLFGLLTSLILI	-2.00296	-2.92811	0.340616	0.489394	992.084
LLLYGLLTGLLFGLLTSLILI	LLLYGLLTGLLFGLLTALILI	-3.00716	-2.02463	0.410343	0.410343	991.448
LLLYGLLTGLLFGLLTALILI	LLLGGLLTGLLFGLLTALILI	-2.22171	-0.858857	0.213262	0.707856	990.773
LLLGGLLTGLLFGLLTALILI	LLLGGLLTGLLFGLLTSLILI	-1.15637	-2.13889	0.410343	0.410343	990.058
LLLGGLLTGLLFGLLTSLILI	LLLGTLLTGLLFGLLTSLILI	-2.12854	-4.52953	0.420699	0.400165	989.3
LLLGTLLTGLLFGLLTSLILI	LLLYTLLTGLLFGLLTSLILI	-4.33527	-5.44079	0.594419	0.270132	988.496
LLLYTLLTGLLFGLLTSLILI	LLLYTLLTGLLFGLLFSLILI	-5.01731	-2.0146	0.693609	0.219549	986.74
LLLYTLLTGLLFGLLFSLILI	LLLYTLLTGLLFGLLFALILI	-1.82381	-1.24269	0.410343	0.410343	985.783
LLLYTLLTGLLFGLLFALILI	LLLGTLLTGLLFGLLFALILI	-1.3829	-0.400909	0.270132	0.594419	984.769
LLLGTLLTGLLFGLLFALILI	LLLYTLLTGLLFGLLFALILI	-0.400909	-1.25253	0.594419	0.270132	983.694
LLLYTLLTGLLFGLLFALILI	LLLYTLLTGLLFGLLTALILI	-1.30311	-3.91331	0.219549	0.693609	982.555
LLLYTLLTGLLFGLLTALILI	LLLYTLLTGLLVGLLTALILI	-4.11753	-4.66374	0.489394	0.340616	981.348
LLLYTLLTGLLVGLLTALILI	LLLYTLLTGLLTGLLTALILI	-4.93151	-4.37558	0.0728516	1.27634	980.071
LLLYTLLTGLLTGLLTALILI	LLLYTLLTGLLTGLLTSLILI	-5.24158	-6.22481	0.410343	0.410343	978.717
LLLYTLLTGLLTGLLTSLILI	LLLYTLLTGLLTGLLTYLILI	-6.22481	-5.36503	0.410343	0.410343	977.285
LLLYTLLTGLLTGLLTYLILI	LLLYTLLTGLLVGLLTYLILI	-4.49903	-3.95675	1.27634	0.0728516	975.768
LLLYTLLTGLLVGLLTYLILI	LLLYTLLTGLLTGLLTYLILI	-3.95675	-3.40424	0.0728516	1.27634	974.162
LLLYTLLTGLLTGLLTYLILI	LLLYTLLTGLLTGLLTSLILI	-4.27023	-6.22481	0.410343	0.410343	972.463
LLLYTLLTGLLTGLLTSLILI	LLLYTLLTGLLVGLLTSLILI	-5.35881	-5.91476	1.27634	0.0728516	970.666
LLLYTLLTGLLVGLLTSLILI	LLLYTLLTGLLVGLLTALILI	-5.57727	-4.59402	0.410343	0.410343	968.764
LLLYTLLTGLLVGLLTALILI	LLLYTLLTGLLTGLLTALILI	-4.93151	-5.54191	0.0728516	1.27634	966.754
LLLYTLLTGLLTGLLTALILI	LLLYTLLTGLLVGLLTALILI	-5.54191	-4.93151	1.27634	0.0728516	964.627
LLLYTLLTGLLVGLLTALILI	LLLYTLLTGLLTGLLTALILI	-4.93151	-5.54191	0.0728516	1.27634	962.38
LLLYTLLTGLLTGLLTALILI	LLLYTLLTGLLVGLLTALILI	-5.54191	-4.93151	1.27634	0.0728516	957.496
LLLYTLLTGLLVGLLTALILI	LLLYTLLTGLLVGLLTSLILI	-4.59402	-5.57727	0.410343	0.410343	954.846
LLLYTLLTGLLVGLLTSLILI	LLLYTLLTGLLTGLLTSLILI	-5.91476	-6.52502	0.0728516	1.27634	952.048
LLLYTLLTGLLTGLLTSLILI	LLLYTLLTGLLTGLLTGLILI	-7.39102	-5.90024	0.410343	0.410343	949.095
LLLYTLLTGLLTGLLTGLILI	LLLYTLLTGLLVGLLTGLILI	-5.03424	-4.42374	1.27634	0.0728516	945.979
LLLYTLLTGLLVGLLTGLILI	LLLYTLLTGLLTGLLTGLILI	-4.42374	-5.03424	0.0728516	1.27634	942.693
LLLYTLLTGLLTGLLTGLILI	LLLYTLLTGLLVGLLTGLILI	-5.03424	-4.42374	1.27634	0.0728516	939.229
LLLYTLLTGLLVGLLTGLILI	LLLYTLLTGLLTGLLTGLILI	-4.42374	-5.03424	0.0728516	1.27634	935.578
LLLYTLLTGLLTGLLTGLILI	LLLGTLLTGLLTGLLTGLILI	-6.04045	-5.05553	0.270132	0.594419	931.732
LLLGTLLTGLLTGLLTGLILI	LLLYTLLTGLLTGLLTGLILI	-5.05553	-4.87461	0.594419	0.270132	927.683
LLLYTLLTGLLTGLLTGLILI	LLLYTLLYGLLTGLLTGLILI	-4.6059	-2.59224	0.538845	0.30482	923.422
LLLYTLLYGLLTGLLTGLILI	LLLYTLLTGLLTGLLTGLILI	-2.59224	-4.6059	0.30482	0.538845	918.939
LLLYTLLTGLLTGLLTGLILI	LLLYTLLTGLLTGLLFGLILI	-3.99791	-2.03567	1.14683	0.0921195	914.227
LLLYTLLTGLLTGLLFGLILI	LLLYALLTGLLTGLLFGLILI	-0.934964	3.31811	1.19282	0.0847157	909.276
LLLYALLTGLLTGLLFGLILI	LLLGALLTGLLTGLLFGLILI	3.50353	5.99025	0.270132	0.594419	904.077
LLLGALLTGLLTGLLFGLILI	LLLGALLTGLLFGLLFGLILI	5.93467	5.2587	0.538845	0.30482	898.621
LLLGALLTGLLFGLLFGLILI	LLLGALLTGLLFGLLTGLILI	5.2587	2.35695	0.30482	0.538845	892.899
LLLGALLTGLLFGLLTGLILI	LLLGTLLTGLLFGLLTGLILI	1.90282	-2.37127	0.0847157	1.19282	886.903
LLLGTLLTGLLFGLLTGLILI	LLLGTLLTGLLFGLLTSLILI	-3.15375	-4.64009	0.410343	0.410343	880.623
LLLGTLLTGLLFGLLTSLILI	LLLGTLLTGLLFGLLTALILI	-4.64009	-3.65757	0.410343	0.410343	874.051
LLLGTLLTGLLFGLLTALILI	LLLGGLLTGLLFGLLTALILI	-3.66774	-1.14601	0.400165	0.420699	867.179
LLLGGLLTGLLFGLLTALILI	LLLYGLLTGLLFGLLTALILI	-0.858857	-2.22171	0.707856	0.213262	859.999
LLLYGLLTGLLFGLLTALILI	LLLYGLLYGLLFGLLTALILI	-2.10625	-0.15059	0.328724	0.505042	852.504
LLLYGLLYGLLFGLLTALILI	LLLYGLLYGLLFGLLTSLILI	-0.245289	-1.22775	0.410343	0.410343	844.686
LLLYGLLYGLLFGLLTSLILI	LLLGGLLYGLLFGLLTSLILI	-1.26838	-0.100178	0.369715	0.453966	836.541
LLLGGLLYGLLFGLLTSLILI	LLLGGLLTGLLFGLLTSLILI	-0.249324	-2.01039	0.30482	0.538845	828.061
LLLGGLLTGLLFGLLTSLILI	LLLGGLLTGLLYGLLTSLILI	-2.3092	-2.07388	0.240035	0.650378	819.243
LLLGGLLTGLLYGLLTSLILI	LLLGGLLTGLLTGLLTSLILI	-2.50471	-2.61402	0.219549	0.693609	810.083
LLLGGLLTGLLTGLLTSLILI	LLLGGLLTGLLTGLLTGLILI	-2.89728	-1.40651	0.410343	0.410343	800.577
LLLGGLLTGLLTGLLTGLILI	LLLYGLLTGLLTGLLTGLILI	-1.10899	-1.28377	0.707856	0.213262	790.724
LLLYGLLTGLLTGLLTGLILI	LLLYGLLTGLLFGLLTGLILI	-0.492737	-1.81127	1.0043	0.119894	780.523
LLLYGLLTGLLFGLLTGLILI	LLLYTLLTGLLFGLLTGLILI	-1.59098	-3.73463	0.34018	0.489954	769.974
LLLYTLLTGLLFGLLTGLILI	LLLYTLLTGLLFGLLTSLILI	-3.81424	-5.30058	0.410343	0.410343	759.081
LLLYTLLTGLLFGLLTSLILI	LLLYTLLTGLLVGLLTSLILI	-5.22153	-5.647	0.489394	0.340616	747.845
LLLYTLLTGLLVGLLTSLILI	LLLYTLLTGLLVGLLTALILI	-5.57727	-4.59402	0.410343	0.410343	736.272
LLLYTLLTGLLVGLLTALILI	LLLYTLLTGLLVGLLTSLILI	-4.59402	-5.57727	0.410343	0.410343	724.369
LLLYTLLTGLLVGLLTSLILI	LLLYTLLTGLLFGLLTSLILI	-5.647	-5.22153	0.340616	0.489394	699.602
LLLYTLLTGLLFGLLTSLILI	LLLYGLLTGLLFGLLTSLILI	-5.22097	-3.07732	0.489954	0.34018	686.76
LLLYGLLTGLLFGLLTSLILI	LLLGGLLTGLLFGLLTSLILI	-3.20424	-1.84138	0.213262	0.707856	673.628
LLLGGLLTGLLFGLLTSLILI	LLLGGLLTGLLYGLLTSLILI	-2.3092	-2.07388	0.240035	0.650378	660.222
LLLGGLLTGLLYGLLTSLILI	LLLYGLLTGLLYGLLTSLILI	-2.27029	-3.22831	0.453966	0.369715	646.557
LLLYGLLTGLLYGLLTSLILI	LLLYGLLTGLLTGLLTSLILI	-3.21869	-3.71212	0.379341	0.443059	632.651
LLLYGLLTGLLTGLLTSLILI	LLLYTLLTGLLTGLLTSLILI	-3.88351	-6.04322	0.271676	0.591758	618.524
LLLYTLLTGLLTGLLTSLILI	LLLTTLLTGLLTGLLTSLILI	-6.49377	-6.06711	0.141213	0.917682	604.196
LLLTTLLTGLLTGLLTSLILI	LLLTTLLTGLLVGLLTSLILI	-5.59022	-5.11247	1.39457	0.0589809	589.688
LLLTTLLTGLLVGLLTSLILI	LLLTTLLTGLLFGLLTSLILI	-4.83084	-4.41166	0.340616	0.489394	575.025
LLLTTLLTGLLFGLLTSLILI	LLLTTLLTGLLVGLLTSLILI	-4.41166	-4.83084	0.489394	0.340616	545.329
LLLTTLLTGLLVGLLTSLILI	LLLTTLLTGLLTGLLTSLILI	-5.11247	-5.59022	0.0589809	1.39457	530.348
LLLTTLLTGLLTGLLTSLILI	LLLTTLLTGLLVGLLTSLILI	-5.59022	-5.11247	1.39457	0.0589809	515.312
LLLTTLLTGLLVGLLTSLILI	LLLTTLLTGLLTGLLTSLILI	-5.11247	-4.4238	0.0589809	1.39457	500.25
LLLTTLLTGLLTGLLTSLILI	LLLTTLLTGLLVGLLTSLILI	-4.4238	-5.11247	1.39457	0.0589809	485.188
LLLTTLLTGLLVGLLTSLILI	LLLTTLLTGLLVGLLTALILI	-4.76111	-3.77785	0.410343	0.410343	470.152
LLLTTLLTGLLVGLLTALILI	LLLTTLLTGLLTGLLTALILI	-4.12922	-3.44075	0.0589809	1.39457	455.171
LLLTTLLTGLLTGLLTALILI	LLLTTLLTGLLTGLLVALILI	-3.44075	-2.47439	1.39457	0.0589809	440.27
LLLTTLLTGLLTGLLVALILI	LLLYTLLTGLLTGLLVALILI	-1.71719	-2.01666	0.816184	0.171816	425.475
LLLYTLLTGLLTGLLVALILI	LLLYTLLTGLLTGLLVSLILI	-1.77813	-3.84973	0.410343	0.410343	410.812
LLLYTLLTGLLTGLLVSLILI	LLLYTLLTGLLTGLLTSLILI	-4.18722	-5.35864	0.0728516	1.27634	396.304
LLLYTLLTGLLTGLLTSLILI	LLLGTLLTGLLTGLLTSLILI	-6.36485	-6.54631	0.270132	0.594419	381.976
LLLGTLLTGLLTGLLTSLILI	LLLYTLLTGLLTGLLTSLILI	-6.54631	-7.53123	0.594419	0.270132	353.943
LLLYTLLTGLLTGLLTSLILI	LLLYTLLTGLLVGLLTSLILI	-6.52502	-5.91476	1.27634	0.0728516	252.655
LLLYTLLTGLLVGLLTSLILI	LLLGTLLTGLLVGLLTSLILI	-5.71748	-4.73356	0.270132	0.594419	230.526
LLLGTLLTGLLVGLLTSLILI	LLLGTLLTGLLVGLLTALILI	-4.91764	-3.93438	0.410343	0.410343	219.977
LLLGTLLTGLLVGLLTALILI	LLLGTLLTGLLVGLLTSLILI	-3.93438	-4.91764	0.410343	0.410343	190.417
LLLGTLLTGLLVGLLTSLILI	LLLYTLLTGLLVGLLTSLILI	-4.73356	-5.71748	0.594419	0.270132	181.257
LLLYTLLTGLLVGLLTSLILI	LLLYTLLTGLLTGLLTSLILI	-5.91476	-5.35864	0.0728516	1.27634	147.996
LLLYTLLTGLLTGLLTSLILI	LLLYTLLTGLLVGLLTSLILI	-5.35864	-5.91476	1.27634	0.0728516	126.449
LLLYTLLTGLLVGLLTSLILI	LLLYTLLTGLLTGLLTSLILI	-5.91476	-6.52502	0.0728516	1.27634	119.877
Time: 150s
