MCAccept 0 xShift: 8.09 crossingAngle: -39.2311 axialRotation: -32.75 zShift: 5.58 energy: -1.22568
MCAccept 1 xShift: 8.08045 crossingAngle: -39.2311 axialRotation: -32.75 zShift: 5.58 energy: -1.22568
MCAccept 2 xShift: 8.08045 crossingAngle: -39.2311 axialRotation: -32.75 zShift: 5.58395 energy: -1.23206
MCAccept 3 xShift: 8.06637 crossingAngle: -39.2311 axialRotation: -32.75 zShift: 5.58395 energy: -1.23206
MCAccept 4 xShift: 8.06637 crossingAngle: -39.2311 axialRotation: -32.75 zShift: 5.56638 energy: -1.20373
MCAccept 5 xShift: 8.06637 crossingAngle: -39.2311 axialRotation: -32.7893 zShift: 5.56638 energy: -1.20373
MCAccept 6 xShift: 8.07232 crossingAngle: -39.2311 axialRotation: -32.7893 zShift: 5.56638 energy: -1.20373
MCAccept 7 xShift: 8.07232 crossingAngle: -39.2311 axialRotation: -32.8548 zShift: 5.56638 energy: -1.20373
MCAccept 8 xShift: 8.09875 crossingAngle: -39.2311 axialRotation: -32.8548 zShift: 5.56638 energy: -1.14134
MCAccept 9 xShift: 8.09875 crossingAngle: -39.2311 axialRotation: -32.8561 zShift: 5.56638 energy: -1.20373
MCAccept 10 xShift: 8.09875 crossingAngle: -39.2311 axialRotation: -32.8561 zShift: 5.57181 energy: -1.21247
MCAccept 11 xShift: 8.09544 crossingAngle: -39.2311 axialRotation: -32.8561 zShift: 5.57181 energy: -1.21247
MCAccept 12 xShift: 8.09544 crossingAngle: -39.2311 axialRotation: -32.9129 zShift: 5.57181 energy: -1.21247
MCAccept 13 xShift: 8.09544 crossingAngle: -39.2311 axialRotation: -32.9129 zShift: 5.55987 energy: -1.19327
MCAccept 14 xShift: 8.09544 crossingAngle: -39.2311 axialRotation: -32.9504 zShift: 5.55987 energy: -1.19327
MCAccept 15 xShift: 8.09544 crossingAngle: -39.2311 axialRotation: -32.98 zShift: 5.55987 energy: -1.19327
MCAccept 16 xShift: 8.09544 crossingAngle: -39.2311 axialRotation: -32.98 zShift: 5.56489 energy: -1.20134
MCAccept 17 xShift: 8.09544 crossingAngle: -39.1402 axialRotation: -32.98 zShift: 5.56489 energy: -1.20134
MCAccept 18 xShift: 8.09544 crossingAngle: -39.1402 axialRotation: -32.9238 zShift: 5.56489 energy: -1.20134
MCAccept 19 xShift: 8.09544 crossingAngle: -39.186 axialRotation: -32.9238 zShift: 5.56489 energy: -1.20134
MCAccept 20 xShift: 8.11383 crossingAngle: -39.186 axialRotation: -32.9238 zShift: 5.56489 energy: -1.20134
MCAccept 21 xShift: 8.10888 crossingAngle: -39.186 axialRotation: -32.9238 zShift: 5.56489 energy: -1.20134
MCAccept 22 xShift: 8.10888 crossingAngle: -39.1232 axialRotation: -32.9238 zShift: 5.56489 energy: -1.20134
MCAccept 23 xShift: 8.12032 crossingAngle: -39.1232 axialRotation: -32.9238 zShift: 5.56489 energy: -1.20134
MCAccept 24 xShift: 8.12306 crossingAngle: -39.1232 axialRotation: -32.9238 zShift: 5.56489 energy: -1.20134
MCAccept 25 xShift: 8.11629 crossingAngle: -39.1232 axialRotation: -32.9238 zShift: 5.56489 energy: -1.20134
MCAccept 26 xShift: 8.11629 crossingAngle: -39.1368 axialRotation: -32.9238 zShift: 5.56489 energy: -1.20134
MCAccept 27 xShift: 8.11629 crossingAngle: -39.073 axialRotation: -32.9238 zShift: 5.56489 energy: -1.20134
MCAccept 28 xShift: 8.11629 crossingAngle: -39.073 axialRotation: -32.9217 zShift: 5.56489 energy: -1.20134
MCAccept 29 xShift: 8.11629 crossingAngle: -39.073 axialRotation: -32.9217 zShift: 5.57863 energy: -1.22347
MCAccept 30 xShift: 8.11371 crossingAngle: -39.073 axialRotation: -32.9217 zShift: 5.57863 energy: -1.22347
MCAccept 31 xShift: 8.11164 crossingAngle: -39.073 axialRotation: -32.9217 zShift: 5.57863 energy: -1.22347
MCAccept 32 xShift: 8.11164 crossingAngle: -39.0054 axialRotation: -32.9217 zShift: 5.57863 energy: -1.22347
MCAccept 33 xShift: 8.11164 crossingAngle: -38.9657 axialRotation: -32.9217 zShift: 5.57863 energy: -1.22347
MCAccept 34 xShift: 8.11164 crossingAngle: -38.9657 axialRotation: -32.7638 zShift: 5.57863 energy: -1.22347
MCAccept 35 xShift: 8.11164 crossingAngle: -38.8409 axialRotation: -32.7638 zShift: 5.57863 energy: -1.22347
MCAccept 36 xShift: 8.11164 crossingAngle: -39.0113 axialRotation: -32.7638 zShift: 5.57863 energy: -1.22347
MCAccept 37 xShift: 8.11188 crossingAngle: -39.0113 axialRotation: -32.7638 zShift: 5.57863 energy: -1.22347
MCAccept 38 xShift: 8.11188 crossingAngle: -39.0113 axialRotation: -32.8531 zShift: 5.57863 energy: -1.22347
MCAccept 39 xShift: 8.11188 crossingAngle: -39.0353 axialRotation: -32.8531 zShift: 5.57863 energy: -1.22347
MCAccept 40 xShift: 8.10349 crossingAngle: -39.0353 axialRotation: -32.8531 zShift: 5.57863 energy: -1.22347
MCAccept 41 xShift: 8.09171 crossingAngle: -39.0353 axialRotation: -32.8531 zShift: 5.57863 energy: -1.16046
MCAccept 42 xShift: 8.09171 crossingAngle: -39.0353 axialRotation: -32.8531 zShift: 5.54596 energy: -1.17098
MCAccept 43 xShift: 8.08307 crossingAngle: -39.0353 axialRotation: -32.8531 zShift: 5.54596 energy: -1.10959
MCAccept 44 xShift: 8.07316 crossingAngle: -39.0353 axialRotation: -32.8531 zShift: 5.54596 energy: -1.17098
MCAccept 45 xShift: 8.0699 crossingAngle: -39.0353 axialRotation: -32.8531 zShift: 5.54596 energy: -1.17098
MCAccept 46 xShift: 8.0699 crossingAngle: -39.0353 axialRotation: -32.943 zShift: 5.54596 energy: -1.17098
MCAccept 47 xShift: 8.0699 crossingAngle: -39.1511 axialRotation: -32.943 zShift: 5.54596 energy: -1.17098
MCAccept 48 xShift: 8.0699 crossingAngle: -39.1511 axialRotation: -32.943 zShift: 5.55049 energy: -1.17823
MCAccept 49 xShift: 8.0699 crossingAngle: -39.1511 axialRotation: -32.943 zShift: 5.54948 energy: -1.17661
MCAccept 50 xShift: 8.0699 crossingAngle: -39.1511 axialRotation: -32.943 zShift: 5.54335 energy: -1.16681
MCAccept 51 xShift: 8.0699 crossingAngle: -39.0978 axialRotation: -32.943 zShift: 5.54335 energy: -1.16681
MCAccept 52 xShift: 8.0699 crossingAngle: -39.0978 axialRotation: -32.8477 zShift: 5.54335 energy: -1.16681
MCAccept 53 xShift: 8.0699 crossingAngle: -39.0978 axialRotation: -32.8477 zShift: 5.53881 energy: -1.15955
Energy #0: -1.15955
***GEOMETRY SHIFT***
xShift;        Before: 8.09; After: 8.0699
crossingAngle; Before: -39.47; After: -39.0978
axialRotation; Before: -32.75; After: -32.8477
zShift;        Before: 5.58; After: 5.53881
Energy;        Before: 164.711; After: -1.15955

Reached 51 cycles without improvement of 0.001. Accepted 54/54
Monte Carlo repack complete. Time: 10.5333min

