***STARTING GEOMETRY:***
xShift: 9.15571
crossingAngle: 32.4712
axialRotation: 100.821
zShift: 4.36458

Number of MCCycles: 100
PrevSequence	CurrSequence	PrevEnergy	CurrEnergy	PrevEntropy	CurrEntropy	CurrentTemp
LLLWTLLLLLTTLTTLLLILI	LLLWTLLTLLTTLTTLLLILI	-29.2964	-29.6309	0.0860236	1.18439	999.684
LLLWTLLTLLTTLTTLLLILI	LLLWTLLLLLTTLTTLLLILI	-29.6309	-29.1761	1.18439	0.0860236	999.328
LLLWTLLLLLTTLTTLLLILI	LLLWTLLLLLTWLTTLLLILI	-28.8341	-27.4563	0.428016	0.393183	998.928
LLLWTLLLLLTWLTTLLLILI	LLLWALLLLLTWLTTLLLILI	-26.5064	-26.3706	1.34306	0.064646	998.476
LLLWALLLLLTWLTTLLLILI	LLLYALLLLLTWLTTLLLILI	-25.5448	-25.3356	0.890414	0.148778	997.967
LLLYALLLLLTWLTTLLLILI	LLLYALLLLLTFLTTLLLILI	-24.594	-24.799	0.890414	0.148778	997.394
LLLYALLLLLTFLTTLLLILI	LLLYALLLLLTFLVTLLLILI	-23.8193	-21.0153	1.12845	0.0952708	996.749
LLLYALLLLLTFLVTLLLILI	LLLWALLLLLTFLVTLLLILI	-20.843	-22.2684	0.267575	0.598868	996.023
LLLWALLLLLTFLVTLLLILI	LLLWALLLLLTFLVSLLLILI	-22.1764	-16.2117	0.690823	0.220804	995.205
LLLWALLLLLTFLVSLLLILI	LLLWALLLLLTFLVTLLLILI	-16.2117	-22.1028	0.220804	0.690823	994.285
LLLWALLLLLTFLVTLLLILI	LLLWALLYLLTFLVTLLLILI	-22.4806	-21.4643	0.312976	0.526939	993.249
LLLWALLYLLTFLVTLLLILI	LLLYALLYLLTFLVTLLLILI	-21.6191	-23.3516	0.372136	0.451187	992.084
LLLYALLYLLTFLVTLLLILI	LLLLALLYLLTFLVTLLLILI	-23.0016	-22.534	0.801241	0.176934	990.773
LLLLALLYLLTFLVTLLLILI	LLLLALLYLLTWLVTLLLILI	-22.5622	-22.3692	0.148778	0.890414	989.3
LLLLALLYLLTWLVTLLLILI	LLLLGLLYLLTWLVTLLLILI	-22.9835	-20.0985	0.276169	0.584123	987.644
LLLLGLLYLLTWLVTLLLILI	LLLLGLLYLLTWLTTLLLILI	-20.5873	-24.2992	0.0952708	1.12845	985.783
LLLLGLLYLLTWLTTLLLILI	LLLLALLYLLTWLTTLLLILI	-24.8435	-25.4617	0.584123	0.276169	983.694
LLLLALLYLLTWLTTLLLILI	LLLYALLYLLTWLTTLLLILI	-25.5609	-27.1652	0.176934	0.801241	981.348
LLLYALLYLLTWLTTLLLILI	LLLYALLYLLTFLTTLLLILI	-27.076	-27.2865	0.890414	0.148778	978.717
LLLYALLYLLTFLTTLLLILI	LLLYALLYLLTWLTTLLLILI	-27.2865	-27.076	0.148778	0.890414	975.768
LLLYALLYLLTWLTTLLLILI	LLLLALLYLLTWLTTLLLILI	-27.1652	-26.7201	0.801241	0.176934	972.463
LLLLALLYLLTWLTTLLLILI	LLLLALLYLLTFLTTLLLILI	-26.0066	-25.2258	0.890414	0.148778	968.764
LLLLALLYLLTFLTTLLLILI	LLLLALLYLLTWLTTLLLILI	-25.2258	-24.3505	0.148778	0.890414	964.627
LLLLALLYLLTWLTTLLLILI	LLLLALLYLLYWLTTLLLILI	-24.7978	-23.539	0.443059	0.379341	960.005
LLLLALLYLLYWLTTLLLILI	LLLYALLYLLYWLTTLLLILI	-23.7948	-24.7648	0.123624	0.987966	954.846
LLLYALLYLLYWLTTLLLILI	LLLYALLFLLYWLTTLLLILI	-24.6008	-24.7444	1.15198	0.0912572	949.095
LLLYALLFLLYWLTTLLLILI	LLLYALLFLLYWLVTLLLILI	-23.9048	-20.8671	0.930859	0.137712	942.693
LLLYALLFLLYWLVTLLLILI	LLLYGLLFLLYWLVTLLLILI	-20.7287	-19.1836	0.276169	0.584123	935.578
LLLYGLLFLLYWLVTLLLILI	LLLYGLLFLLYLLVTLLLILI	-19.024	-18.9068	0.743646	0.198389	927.683
LLLYGLLFLLYLLVTLLLILI	LLLYGLLWLLYLLVTLLLILI	-18.9564	-21.0066	0.148778	0.890414	918.939
LLLYGLLWLLYLLVTLLLILI	LLLYGLLWLLYWLVTLLLILI	-21.7896	-21.2951	0.107467	1.06307	909.276
LLLYGLLWLLYWLVTLLLILI	LLLYGLLWLLTWLVTLLLILI	-21.8531	-24.7548	0.505042	0.328724	898.621
LLLYGLLWLLTWLVTLLLILI	LLLYGLLWLLTWLTTLLLILI	-24.9882	-27.5944	0.0952708	1.12845	886.903
LLLYGLLWLLTWLTTLLLILI	LLLFGLLWLLTWLTTLLLILI	-28.0725	-27.147	0.650378	0.240035	874.051
LLLFGLLWLLTWLTTLLLILI	LLLYGLLWLLTWLTTLLLILI	-27.147	-28.0725	0.240035	0.650378	859.999
LLLYGLLWLLTWLTTLLLILI	LLLYGLLWLLTFLTTLLLILI	-27.4918	-28.2676	1.23103	0.0790506	844.686
LLLYGLLWLLTFLTTLLLILI	LLLYGLLWLLTWLTTLLLILI	-28.2676	-27.4918	0.0790506	1.23103	828.061
LLLYGLLWLLTWLTTLLLILI	LLLYGLLFLLTWLTTLLLILI	-27.4918	-25.537	1.23103	0.0790506	810.083
LLLYGLLFLLTWLTTLLLILI	LLLYGLLWLLTWLTTLLLILI	-25.537	-27.4918	0.0790506	1.23103	790.724
LLLYGLLWLLTWLTTLLLILI	LLLFGLLWLLTWLTTLLLILI	-28.0725	-27.147	0.650378	0.240035	769.974
LLLFGLLWLLTWLTTLLLILI	LLLFGLLYLLTWLTTLLLILI	-26.4966	-25.2008	0.890414	0.148778	747.845
LLLFGLLYLLTWLTTLLLILI	LLLFGLLWLLTWLTTLLLILI	-25.2008	-26.4966	0.148778	0.890414	724.369
LLLFGLLWLLTWLTTLLLILI	LLLYGLLWLLTWLTTLLLILI	-27.147	-28.0725	0.240035	0.650378	699.602
LLLYGLLWLLTWLTTLLLILI	LLLYGLLWLLTWLVTLLLILI	-27.5944	-24.9882	1.12845	0.0952708	673.628
LLLYGLLWLLTWLVTLLLILI	LLLYGLLWLLYWLVTLLLILI	-24.7548	-21.8531	0.328724	0.505042	646.557
LLLYGLLWLLYWLVTLLLILI	LLLYGLLWLLTWLVTLLLILI	-21.8531	-24.7548	0.505042	0.328724	618.524
LLLYGLLWLLTWLVTLLLILI	LLLFGLLWLLTWLVTLLLILI	-24.4331	-23.5076	0.650378	0.240035	560.23
LLLFGLLWLLTWLVTLLLILI	LLLYGLLWLLTWLVTLLLILI	-23.5076	-24.4331	0.240035	0.650378	530.348
LLLYGLLWLLTWLVTLLLILI	LLLYGLLWLLTWLTTLLLILI	-24.9882	-27.5944	0.0952708	1.12845	500.25
LLLYGLLWLLTWLTTLLLILI	LLLYGLLWLLTFLTTLLLILI	-27.4918	-28.2676	1.23103	0.0790506	440.27
LLLYGLLWLLTFLTTLLLILI	LLLYGLLWLLTFLVTLLLILI	-27.2182	-24.6169	1.12845	0.0952708	381.976
LLLYGLLWLLTFLVTLLLILI	LLLYGLLWLLTFLTTLLLILI	-24.6169	-27.2182	0.0952708	1.12845	353.943
LLLYGLLWLLTFLTTLLLILI	LLLYGLLWLLTWLTTLLLILI	-28.2676	-27.4918	0.0790506	1.23103	126.449
LLLYGLLWLLTWLTTLLLILI	LLLYGLLWLLTFLTTLLLILI	-27.4918	-28.2676	1.23103	0.0790506	91.2238
Time: 280s
