***STARTING GEOMETRY:***
xShift: 8.5281
crossingAngle: -34.0937
axialRotation: 34.4772
zShift: 2.91849

Number of MCCycles: 100
PrevSequence	CurrSequence	PrevEnergy	CurrEnergy	PrevEntropy	CurrEntropy	CurrentTemp
LLLALLTALLTYLLATLLILI	LLLALLTALLAYLLATLLILI	0.0536355	-5.03748	0.571328	0.283907	999.684
LLLALLTALLAYLLATLLILI	LLLALLTALLAYLLGTLLILI	-4.60082	-3.62058	0.720566	0.207834	999.328
LLLALLTALLAYLLGTLLILI	LLLALLTALLAYLLATLLILI	-3.62058	-4.60082	0.207834	0.720566	998.928
LLLALLTALLAYLLATLLILI	LLLGLLTALLAYLLATLLILI	-4.60082	-3.86533	0.720566	0.207834	998.476
LLLGLLTALLAYLLATLLILI	LLLALLTALLAYLLATLLILI	-3.86533	-4.60082	0.207834	0.720566	997.967
LLLALLTALLAYLLATLLILI	LLLALLVALLAYLLATLLILI	-4.39053	-1.60236	0.930859	0.137712	997.394
LLLALLVALLAYLLATLLILI	LLLALLVSLLAYLLATLLILI	-1.08147	-2.17074	0.658601	0.235967	996.749
LLLALLVSLLAYLLATLLILI	LLLALLVALLAYLLATLLILI	-2.17074	-1.08147	0.235967	0.658601	996.023
LLLALLVALLAYLLATLLILI	LLLALLVALLTYLLATLLILI	-1.35295	-0.435546	0.387124	0.43451	995.205
LLLALLVALLTYLLATLLILI	LLLALLVALLTFLLATLLILI	-0.219677	0.137164	0.650378	0.240035	994.285
LLLALLVALLTFLLATLLILI	LLLALLTALLTFLLATLLILI	-0.0076009	-2.48139	0.0952708	1.12845	993.249
LLLALLTALLTFLLATLLILI	LLLALLTALLTFLLAVLLILI	-2.48139	0.288225	1.12845	0.0952708	992.084
LLLALLTALLTFLLAVLLILI	LLLALLTTLLTFLLAVLLILI	0.417612	-7.46734	0.224658	0.682386	990.773
LLLALLTTLLTFLLAVLLILI	LLLALLTTLLTFLLATLLILI	-8.07687	-10.6766	0.0728516	1.27634	989.3
LLLALLTTLLTFLLATLLILI	LLLALLTTLLTYLLATLLILI	-11.7129	-12.336	0.240035	0.650378	987.644
LLLALLTTLLTYLLATLLILI	LLLGLLTTLLTYLLATLLILI	-12.5226	-11.3459	0.463748	0.36136	985.783
LLLGLLTTLLTYLLATLLILI	LLLGLLTTLLTFLLATLLILI	-11.0569	-10.4336	0.650378	0.240035	983.694
LLLGLLTTLLTFLLATLLILI	LLLGLLYTLLTFLLATLLILI	-9.85742	-6.19688	0.816184	0.171816	981.348
LLLGLLYTLLTFLLATLLILI	LLLGLLYTLLTYLLATLLILI	-6.23659	-6.93833	0.132101	0.952787	978.717
LLLGLLYTLLTYLLATLLILI	LLLGLLYTLLTYLLGTLLILI	-7.73707	-5.33131	0.154044	0.872342	975.768
LLLGLLYTLLTYLLGTLLILI	LLLGLLYTLLTYLLATLLILI	-5.33131	-7.71519	0.872342	0.154044	972.463
LLLGLLYTLLTYLLATLLILI	LLLGLLYTLLAYLLATLLILI	-7.01266	-10.251	0.856576	0.158812	968.764
LLLGLLYTLLAYLLATLLILI	LLLGLLYTLLAYLLAFLLILI	-9.59362	-6.74158	0.816184	0.171816	964.627
LLLGLLYTLLAYLLAFLLILI	LLLGLLTTLLAYLLAFLLILI	-6.40836	-9.81895	0.505042	0.328724	960.005
LLLGLLTTLLAYLLAFLLILI	LLLGLLTTLLAYLLATLLILI	-10.0278	-13.1701	0.119894	1.0043	954.846
LLLGLLTTLLAYLLATLLILI	LLLGLLYTLLAYLLATLLILI	-13.7314	-10.0086	0.443059	0.379341	942.693
LLLGLLYTLLAYLLATLLILI	LLLGLLTTLLAYLLATLLILI	-10.0086	-13.7314	0.379341	0.443059	935.578
LLLGLLTTLLAYLLATLLILI	LLLALLTTLLAYLLATLLILI	-13.9109	-14.8479	0.263552	0.605976	927.683
LLLALLTTLLAYLLATLLILI	LLLALLTTLLAYLLAVLLILI	-14.3254	-11.7944	1.12845	0.0952708	918.939
LLLALLTTLLAYLLAVLLILI	LLLALLTTLLGYLLAVLLILI	-11.2837	-8.91139	0.605976	0.263552	909.276
LLLALLTTLLGYLLAVLLILI	LLLALLTTLLGYLLATLLILI	-9.07967	-11.6085	0.0952708	1.12845	898.621
LLLALLTTLLGYLLATLLILI	LLLALLTTLLAYLLATLLILI	-12.4734	-14.8479	0.263552	0.605976	874.051
LLLALLTTLLAYLLATLLILI	LLLALLTTLLAYLLGTLLILI	-14.8479	-13.6985	0.605976	0.263552	859.999
LLLALLTTLLAYLLGTLLILI	LLLALLTTLLAYLLATLLILI	-13.6985	-14.8479	0.263552	0.605976	844.686
LLLALLTTLLAYLLATLLILI	LLLALLTTLLAYLLGTLLILI	-14.8479	-13.6985	0.605976	0.263552	828.061
LLLALLTTLLAYLLGTLLILI	LLLALLTTLLAYLLATLLILI	-13.6985	-14.8479	0.263552	0.605976	810.083
LLLALLTTLLAYLLATLLILI	LLLALLTTLLAYLLGTLLILI	-14.8479	-13.6985	0.605976	0.263552	790.724
LLLALLTTLLAYLLGTLLILI	LLLALLTTLLAYLLATLLILI	-13.6985	-14.8479	0.263552	0.605976	769.974
LLLALLTTLLAYLLATLLILI	LLLGLLTTLLAYLLATLLILI	-14.8479	-13.9109	0.605976	0.263552	724.369
LLLGLLTTLLAYLLATLLILI	LLLGLLTTLLGYLLATLLILI	-13.8982	-10.8745	0.276169	0.584123	699.602
LLLGLLTTLLGYLLATLLILI	LLLALLTTLLGYLLATLLILI	-10.8745	-12.4607	0.584123	0.276169	673.628
LLLALLTTLLGYLLATLLILI	LLLALLTTLLGYLLAVLLILI	-11.6085	-9.07967	1.12845	0.0952708	646.557
LLLALLTTLLGYLLAVLLILI	LLLALLTTLLGYLLATLLILI	-9.07967	-11.6085	0.0952708	1.12845	618.524
LLLALLTTLLGYLLATLLILI	LLLGLLTTLLGYLLATLLILI	-12.4607	-10.8745	0.276169	0.584123	589.688
LLLGLLTTLLGYLLATLLILI	LLLGLLTTLLAYLLATLLILI	-10.8745	-13.8982	0.584123	0.276169	560.23
LLLGLLTTLLAYLLATLLILI	LLLALLTTLLAYLLATLLILI	-13.9109	-14.8479	0.263552	0.605976	530.348
LLLALLTTLLAYLLATLLILI	LLLALLTTLLAYLLGTLLILI	-14.8479	-13.6985	0.605976	0.263552	500.25
LLLALLTTLLAYLLGTLLILI	LLLALLTTLLAYLLATLLILI	-13.6985	-14.8479	0.263552	0.605976	470.152
LLLALLTTLLAYLLATLLILI	LLLALLTTLLAYLLGTLLILI	-14.8479	-13.6985	0.605976	0.263552	440.27
LLLALLTTLLAYLLGTLLILI	LLLALLTTLLAYLLATLLILI	-13.6985	-14.8479	0.263552	0.605976	410.812
LLLALLTTLLAYLLATLLILI	LLLGLLTTLLAYLLATLLILI	-14.8479	-13.9109	0.605976	0.263552	300.898
LLLGLLTTLLAYLLATLLILI	LLLALLTTLLAYLLATLLILI	-13.9109	-14.8479	0.263552	0.605976	252.655
LLLALLTTLLAYLLATLLILI	LLLALLTTLLAYLLGTLLILI	-14.8479	-13.6985	0.605976	0.263552	230.526
LLLALLTTLLAYLLGTLLILI	LLLALLTTLLAYLLATLLILI	-13.6985	-14.8479	0.263552	0.605976	209.776
Time: 83s
