***STARTING GEOMETRY:***
xShift: 8.55611
crossingAngle: -41.1333
axialRotation: 51.2111
zShift: 4.24297

Number of MCCycles: 100
PrevSequence	CurrSequence	PrevEnergy	CurrEnergy	PrevEntropy	CurrEntropy	CurrentTemp
LLLALLTGLLTTLLTYLLILI	LLLALLTGLLTTLLTTLLILI	-21.101	-22.2826	0.141213	0.917682	999.684
LLLALLTGLLTTLLTTLLILI	LLLALLTGLLTTLLTYLLILI	-22.2826	-23.8156	0.917682	0.141213	999.328
LLLALLTGLLTTLLTYLLILI	LLLALLTGLLTTLLTTLLILI	-23.8156	-22.2826	0.141213	0.917682	998.928
LLLALLTGLLTTLLTTLLILI	LLLGLLTGLLTTLLTTLLILI	-23.0463	-20.7609	0.154044	0.872342	998.476
LLLGLLTGLLTTLLTTLLILI	LLLGLLTGLLYTLLTTLLILI	-20.7155	-21.6726	0.917682	0.141213	997.967
LLLGLLTGLLYTLLTTLLILI	LLLGLLTGLLYTLLTYLLILI	-21.275	-22.267	0.538845	0.30482	997.394
LLLGLLTGLLYTLLTYLLILI	LLLGLLTSLLYTLLTYLLILI	-21.9799	-20.0822	0.591862	0.271616	996.749
LLLGLLTSLLYTLLTYLLILI	LLLGLLTGLLYTLLTYLLILI	-20.0822	-21.9799	0.271616	0.591862	996.023
LLLGLLTGLLYTLLTYLLILI	LLLGLLTGLLYTLLTTLLILI	-22.267	-21.275	0.30482	0.538845	995.205
LLLGLLTGLLYTLLTTLLILI	LLLGLLTGLLYTLLTYLLILI	-21.275	-22.267	0.538845	0.30482	994.285
LLLGLLTGLLYTLLTYLLILI	LLLGLLWGLLYTLLTYLLILI	-22.0858	-18.7795	0.48602	0.343253	993.249
LLLGLLWGLLYTLLTYLLILI	LLLGLLTGLLYTLLTYLLILI	-18.7795	-22.0858	0.343253	0.48602	992.084
LLLGLLTGLLYTLLTYLLILI	LLLALLTGLLYTLLTYLLILI	-21.6994	-24.0121	0.872342	0.154044	990.773
LLLALLTGLLYTLLTYLLILI	LLLALLTGLLTTLLTYLLILI	-23.8613	-23.4179	0.30482	0.538845	989.3
LLLALLTGLLTTLLTYLLILI	LLLALLTGLLTTLLTTLLILI	-23.8156	-22.2826	0.141213	0.917682	987.644
LLLALLTGLLTTLLTTLLILI	LLLALLTGLLTTLLVTLLILI	-21.8057	-19.4867	1.39457	0.0589809	985.783
LLLALLTGLLTTLLVTLLILI	LLLALLTALLTTLLVTLLILI	-19.1844	-22.3638	0.36136	0.463748	983.694
LLLALLTALLTTLLVTLLILI	LLLALLTALLTTLLTTLLILI	-22.7686	-25.0902	0.0589809	1.39457	981.348
LLLALLTALLTTLLTTLLILI	LLLALLTALLTTLLTYLLILI	-25.5671	-27.1029	0.917682	0.141213	978.717
LLLALLTALLTTLLTYLLILI	LLLALLTSLLTTLLTYLLILI	-26.8276	-26.3503	0.416521	0.404229	972.463
LLLALLTSLLTTLLTYLLILI	LLLALLTALLTTLLTYLLILI	-26.3503	-26.8276	0.404229	0.416521	968.764
LLLALLTALLTTLLTYLLILI	LLLALLYALLTTLLTYLLILI	-26.7052	-25.3196	0.538845	0.30482	960.005
LLLALLYALLTTLLTYLLILI	LLLALLTALLTTLLTYLLILI	-25.3196	-26.7052	0.30482	0.538845	954.846
LLLALLTALLTTLLTYLLILI	LLLALLTSLLTTLLTYLLILI	-26.8276	-26.3503	0.416521	0.404229	949.095
LLLALLTSLLTTLLTYLLILI	LLLALLTSLLTTLLTTLLILI	-26.6133	-25.0733	0.141213	0.917682	942.693
LLLALLTSLLTTLLTTLLILI	LLLALLTSLLTTLLVTLLILI	-24.5964	-22.2727	1.39457	0.0589809	935.578
LLLALLTSLLTTLLVTLLILI	LLLALLTALLTTLLVTLLILI	-21.9275	-22.4111	0.404229	0.416521	927.683
LLLALLTALLTTLLVTLLILI	LLLALLTALLTTLLTTLLILI	-22.7686	-25.0902	0.0589809	1.39457	918.939
LLLALLTALLTTLLTTLLILI	LLLALLTALLTVLLTTLLILI	-25.0902	-20.1477	1.39457	0.0589809	909.276
LLLALLTALLTVLLTTLLILI	LLLALLTALLTTLLTTLLILI	-20.1477	-25.0902	0.0589809	1.39457	898.621
LLLALLTALLTTLLTTLLILI	LLLALLYALLTTLLTTLLILI	-25.5671	-24.7241	0.917682	0.141213	886.903
LLLALLYALLTTLLTTLLILI	LLLALLYALLTTLLTYLLILI	-24.3265	-25.3196	0.538845	0.30482	874.051
LLLALLYALLTTLLTYLLILI	LLLALLYSLLTTLLTYLLILI	-25.2079	-24.3865	0.416521	0.404229	859.999
LLLALLYSLLTTLLTYLLILI	LLLALLTSLLTTLLTYLLILI	-24.4859	-26.2156	0.30482	0.538845	844.686
LLLALLTSLLTTLLTYLLILI	LLLALLTALLTTLLTYLLILI	-26.3503	-26.8276	0.404229	0.416521	810.083
LLLALLTALLTTLLTYLLILI	LLLALLTSLLTTLLTYLLILI	-26.8276	-26.3075	0.416521	0.404229	769.974
LLLALLTSLLTTLLTYLLILI	LLLALLYSLLTTLLTYLLILI	-26.1729	-24.4859	0.538845	0.30482	747.845
LLLALLYSLLTTLLTYLLILI	LLLALLYALLTTLLTYLLILI	-24.3865	-25.2079	0.404229	0.416521	724.369
LLLALLYALLTTLLTYLLILI	LLLALLYALLTTLLTTLLILI	-25.3196	-24.3265	0.30482	0.538845	699.602
LLLALLYALLTTLLTTLLILI	LLLALLYALLTTLLTYLLILI	-24.3265	-25.3196	0.538845	0.30482	673.628
LLLALLYALLTTLLTYLLILI	LLLALLYSLLTTLLTYLLILI	-25.2079	-24.3865	0.416521	0.404229	646.557
LLLALLYSLLTTLLTYLLILI	LLLALLTSLLTTLLTYLLILI	-24.4859	-26.2156	0.30482	0.538845	618.524
LLLALLTSLLTTLLTYLLILI	LLLALLTALLTTLLTYLLILI	-26.3503	-26.8276	0.404229	0.416521	589.688
LLLALLTALLTTLLTYLLILI	LLLALLTSLLTTLLTYLLILI	-26.8276	-26.3503	0.416521	0.404229	560.23
LLLALLTSLLTTLLTYLLILI	LLLALLTSLLTTLLTTLLILI	-26.6133	-25.0733	0.141213	0.917682	530.348
LLLALLTSLLTTLLTTLLILI	LLLALLTSLLTTLLVTLLILI	-24.5964	-22.2727	1.39457	0.0589809	500.25
LLLALLTSLLTTLLVTLLILI	LLLALLTSLLTTLLTTLLILI	-22.2727	-24.5964	0.0589809	1.39457	470.152
LLLALLTSLLTTLLTTLLILI	LLLALLTALLTTLLTTLLILI	-25.5867	-26.0473	0.404229	0.416521	440.27
LLLALLTALLTTLLTTLLILI	LLLGLLTALLTTLLTTLLILI	-26.0001	-24.6247	0.463748	0.36136	381.976
LLLGLLTALLTTLLTTLLILI	LLLGLLYALLTTLLTTLLILI	-24.0684	-23.348	0.917682	0.141213	353.943
LLLGLLYALLTTLLTTLLILI	LLLGLLTALLTTLLTTLLILI	-23.348	-24.0684	0.141213	0.917682	326.872
LLLGLLTALLTTLLTTLLILI	LLLGLLTALLTTLLTYLLILI	-24.0684	-25.6042	0.917682	0.141213	300.898
LLLGLLTALLTTLLTYLLILI	LLLGLLTALLTTLLTTLLILI	-25.6042	-24.0684	0.141213	0.917682	252.655
LLLGLLTALLTTLLTTLLILI	LLLALLTALLTTLLTTLLILI	-24.6247	-26.0211	0.36136	0.463748	230.526
LLLALLTALLTTLLTTLLILI	LLLALLTALLTTLLTYLLILI	-25.5671	-27.1029	0.917682	0.141213	209.776
LLLALLTALLTTLLTYLLILI	LLLALLTSLLTTLLTYLLILI	-26.8276	-26.3503	0.416521	0.404229	126.449
LLLALLTSLLTTLLTYLLILI	LLLALLTALLTTLLTYLLILI	-26.3503	-26.8276	0.404229	0.416521	113.597
LLLALLTALLTTLLTYLLILI	LLLALLTSLLTTLLTYLLILI	-26.8276	-26.3503	0.416521	0.404229	101.879
LLLALLTSLLTTLLTYLLILI	LLLALLTALLTTLLTYLLILI	-26.3503	-26.8276	0.404229	0.416521	91.2238
LLLALLTALLTTLLTYLLILI	LLLALLTSLLTTLLTYLLILI	-26.8276	-26.3503	0.416521	0.404229	45.6541
LLLALLTSLLTTLLTYLLILI	LLLALLTALLTTLLTYLLILI	-26.3503	-26.8276	0.404229	0.416521	40.495
Time: 71s
