***STARTING GEOMETRY:***
xShift: 8.27
crossingAngle: -35.87
axialRotation: -1.47
zShift: 1.3

Number of MCCycles: 200
PrevSequence	CurrSequence	PrevEnergy	CurrEnergy	PrevEntropy	CurrEntropy	CurrentTemp
LLLGYLLTTLLTGLLTTLILI	LLLGYLLVTLLTGLLTTLILI	-4.0314	-2.0669	1.39457	0.0589809	999.847
LLLGYLLVTLLTGLLTTLILI	LLLGYLLVGLLTGLLTTLILI	-1.53412	-0.835243	0.591758	0.271676	999.684
LLLGYLLVGLLTGLLTTLILI	LLLYYLLVGLLTGLLTTLILI	-0.738042	-0.71466	0.368877	0.454934	999.512
LLLYYLLVGLLTGLLTTLILI	LLLYYLLTGLLTGLLTTLILI	-1.09674	-3.26257	0.0728516	1.27634	999.328
LLLYYLLTGLLTGLLTTLILI	LLLYTLLTGLLTGLLTTLILI	-4.28377	-1.20281	0.255144	0.62127	999.134
LLLYTLLTGLLTGLLTTLILI	LLLYYLLTGLLTGLLTTLILI	-1.20281	-4.93652	0.62127	0.255144	998.928
LLLYYLLTGLLTGLLTTLILI	LLLYYLLTGLLYGLLTTLILI	-4.78432	-2.08267	0.407346	0.413356	998.708
LLLYYLLTGLLYGLLTTLILI	LLLYYLLTGLLYGLLTGLILI	-2.00607	-0.156792	0.489954	0.34018	998.476
LLLYYLLTGLLYGLLTGLILI	LLLGYLLTGLLYGLLTGLILI	-0.00362709	0.0927628	0.493345	0.337561	998.229
LLLGYLLTGLLYGLLTGLILI	LLLYYLLTGLLYGLLTGLILI	0.0927628	-0.00362709	0.337561	0.493345	997.967
LLLYYLLTGLLYGLLTGLILI	LLLYYLLTGLLTGLLTGLILI	0.00807033	-2.20637	0.505042	0.328724	997.689
LLLYYLLTGLLTGLLTGLILI	LLLGYLLTGLLTGLLTGLILI	-2.16538	-1.83312	0.369715	0.453966	997.081
LLLGYLLTGLLTGLLTGLILI	LLLGYLLTGLLTGLLTALILI	-1.07643	0.287085	1.21066	0.0820187	996.749
LLLGYLLTGLLTGLLTALILI	LLLGYLLTGLLTGLLYALILI	0.648125	2.99697	0.443059	0.379341	996.397
LLLGYLLTGLLTGLLYALILI	LLLGYLLTGLLTGLLYGLILI	2.69965	0.869959	0.0820187	1.21066	996.023
LLLGYLLTGLLTGLLYGLILI	LLLGYLLTGLLTGLLTGLILI	0.0386409	-1.84403	0.379341	0.443059	995.626
LLLGYLLTGLLTGLLTGLILI	LLLGYLLVGLLTGLLTGLILI	-1.15864	1.64492	1.12845	0.0952708	995.205
LLLGYLLVGLLTGLLTGLILI	LLLGYLLTGLLTGLLTGLILI	1.64492	-1.15864	0.0952708	1.12845	994.758
LLLGYLLTGLLTGLLTGLILI	LLLYYLLTGLLTGLLTGLILI	-1.83312	-2.16538	0.453966	0.369715	994.285
LLLYYLLTGLLTGLLTGLILI	LLLYYLLTGLLYGLLTGLILI	-2.20637	0.00807033	0.328724	0.505042	993.782
LLLYYLLTGLLYGLLTGLILI	LLLGYLLTGLLYGLLTGLILI	-0.00362709	0.0927628	0.493345	0.337561	993.249
LLLGYLLTGLLYGLLTGLILI	LLLYYLLTGLLYGLLTGLILI	0.0927628	-0.00362709	0.337561	0.493345	992.683
LLLYYLLTGLLYGLLTGLILI	LLLYYLLTGLLYGLLTALILI	0.568375	2.10241	1.06535	0.107014	992.084
LLLYYLLTGLLYGLLTALILI	LLLYYLLTGLLYGLLTGLILI	2.10241	0.568375	0.107014	1.06535	991.448
LLLYYLLTGLLYGLLTGLILI	LLLYYLLTGLLYGLLYGLILI	-0.31008	2.05907	0.186892	0.773553	990.773
LLLYYLLTGLLYGLLYGLILI	LLLYYLLTGLLYGLLTGLILI	2.05907	-0.31008	0.773553	0.186892	990.058
LLLYYLLTGLLYGLLTGLILI	LLLGYLLTGLLYGLLTGLILI	-0.00362709	0.0927628	0.493345	0.337561	989.3
LLLGYLLTGLLYGLLTGLILI	LLLYYLLTGLLYGLLTGLILI	0.0927628	-0.00362709	0.337561	0.493345	988.496
LLLYYLLTGLLYGLLTGLILI	LLLGYLLTGLLYGLLTGLILI	-0.00362709	0.0927628	0.493345	0.337561	987.644
LLLGYLLTGLLYGLLTGLILI	LLLYYLLTGLLYGLLTGLILI	0.0927628	-0.00362709	0.337561	0.493345	986.74
LLLYYLLTGLLYGLLTGLILI	LLLYWLLTGLLYGLLTGLILI	0.0941572	3.11725	0.591129	0.272043	985.783
LLLYWLLTGLLYGLLTGLILI	LLLYWLLTGLLYGLLTSLILI	3.59964	5.31081	0.754431	0.19415	984.769
LLLYWLLTGLLYGLLTSLILI	LLLYWLLTGLLTGLLTSLILI	5.496	4.53692	0.379341	0.443059	983.694
LLLYWLLTGLLTGLLTSLILI	LLLYYLLTGLLTGLLTSLILI	4.466	0.696926	0.372136	0.451187	982.555
LLLYYLLTGLLTGLLTSLILI	LLLYYLLTGLLTGLLFSLILI	1.25004	3.41031	1.0043	0.119894	981.348
LLLYYLLTGLLTGLLFSLILI	LLLYYLLTGLLTGLLFGLILI	3.48456	1.63748	0.19415	0.754431	980.071
LLLYYLLTGLLTGLLFGLILI	LLLGYLLTGLLTGLLFGLILI	1.25276	1.58573	0.369715	0.453966	978.717
LLLGYLLTGLLTGLLFGLILI	LLLGYLLTGLLTGLLTGLILI	1.25166	-1.28279	0.119894	1.0043	977.285
LLLGYLLTGLLTGLLTGLILI	LLLYYLLTGLLTGLLTGLILI	-1.83312	-2.16538	0.453966	0.369715	975.768
LLLYYLLTGLLTGLLTGLILI	LLLGYLLTGLLTGLLTGLILI	-2.16538	-1.83312	0.369715	0.453966	974.162
LLLGYLLTGLLTGLLTGLILI	LLLYYLLTGLLTGLLTGLILI	-1.83312	-2.16538	0.453966	0.369715	972.463
LLLYYLLTGLLTGLLTGLILI	LLLYYLLYGLLTGLLTGLILI	-2.20637	1.58155	0.328724	0.505042	970.666
LLLYYLLYGLLTGLLTGLILI	LLLYYLLYGLLVGLLTGLILI	2.00736	4.80709	0.930859	0.137712	966.754
LLLYYLLYGLLVGLLTGLILI	LLLGYLLYGLLVGLLTGLILI	5.16272	5.43625	0.493345	0.337561	962.38
LLLGYLLYGLLVGLLTGLILI	LLLYYLLYGLLVGLLTGLILI	5.43625	5.16272	0.337561	0.493345	960.005
LLLYYLLYGLLVGLLTGLILI	LLLYYLLYGLLTGLLTGLILI	4.80709	2.00736	0.137712	0.930859	957.496
LLLYYLLYGLLTGLLTGLILI	LLLYYLLTGLLTGLLTGLILI	1.58155	-2.20637	0.505042	0.328724	954.846
LLLYYLLTGLLTGLLTGLILI	LLLYYLLTGLLYGLLTGLILI	-2.20637	0.00807033	0.328724	0.505042	952.048
LLLYYLLTGLLYGLLTGLILI	LLLGYLLTGLLYGLLTGLILI	-0.00362709	0.0927628	0.493345	0.337561	949.095
LLLGYLLTGLLYGLLTGLILI	LLLYYLLTGLLYGLLTGLILI	0.0927628	-0.00362709	0.337561	0.493345	945.979
LLLYYLLTGLLYGLLTGLILI	LLLYYLLTGLLYGLLTSLILI	0.257459	1.86902	0.754431	0.19415	942.693
LLLYYLLTGLLYGLLTSLILI	LLLYWLLTGLLYGLLTSLILI	2.26599	5.65264	0.591129	0.272043	939.229
LLLYWLLTGLLYGLLTSLILI	LLLYWLLTGLLYGLLTGLILI	5.57475	4.56987	0.19415	0.754431	935.578
LLLYWLLTGLLYGLLTGLILI	LLLYYLLTGLLYGLLTGLILI	4.08749	0.0941572	0.272043	0.591129	931.732
LLLYYLLTGLLYGLLTGLILI	LLLGYLLTGLLYGLLTGLILI	-0.00362709	0.0927628	0.493345	0.337561	927.683
LLLGYLLTGLLYGLLTGLILI	LLLGYLLTGLLYGLLTSLILI	0.637042	2.1779	0.88184	0.151251	923.422
LLLGYLLTGLLYGLLTSLILI	LLLGYLLTGLLYGLLTGLILI	2.1779	0.637042	0.151251	0.88184	918.939
LLLGYLLTGLLYGLLTGLILI	LLLGYLLTGLLYGLLTSLILI	0.637042	2.07829	0.88184	0.151251	914.227
LLLGYLLTGLLYGLLTSLILI	LLLGYLLTGLLYGLLTGLILI	2.07829	0.637042	0.151251	0.88184	909.276
LLLGYLLTGLLYGLLTGLILI	LLLYYLLTGLLYGLLTGLILI	0.0927628	-0.00362709	0.337561	0.493345	904.077
LLLYYLLTGLLYGLLTGLILI	LLLGYLLTGLLYGLLTGLILI	-0.00362709	0.0927628	0.493345	0.337561	898.621
LLLGYLLTGLLYGLLTGLILI	LLLYYLLTGLLYGLLTGLILI	0.0927628	-0.00362709	0.337561	0.493345	892.899
LLLYYLLTGLLYGLLTGLILI	LLLYYLLTGLLTGLLTGLILI	0.00807033	-2.20637	0.505042	0.328724	886.903
LLLYYLLTGLLTGLLTGLILI	LLLGYLLTGLLTGLLTGLILI	-2.16538	-1.83312	0.369715	0.453966	874.051
LLLGYLLTGLLTGLLTGLILI	LLLYYLLTGLLTGLLTGLILI	-1.83312	-2.16538	0.453966	0.369715	867.179
LLLYYLLTGLLTGLLTGLILI	LLLYYLLTGLLTGLLTSLILI	-1.78066	-0.536314	0.754431	0.19415	859.999
LLLYYLLTGLLTGLLTSLILI	LLLYYLLTGLLTGLLTGLILI	-0.536314	-1.78066	0.19415	0.754431	852.504
LLLYYLLTGLLTGLLTGLILI	LLLGYLLTGLLTGLLTGLILI	-2.16538	-1.83312	0.369715	0.453966	844.686
LLLGYLLTGLLTGLLTGLILI	LLLGYLLTGLLTGLLTSLILI	-1.40525	-0.331211	0.88184	0.151251	828.061
LLLGYLLTGLLTGLLTSLILI	LLLGTLLTGLLTGLLTSLILI	-0.310645	3.80015	0.171816	0.816184	819.243
LLLGTLLTGLLTGLLTSLILI	LLLGTLLTGLLYGLLTSLILI	3.80015	5.53012	0.816184	0.171816	810.083
LLLGTLLTGLLYGLLTSLILI	LLLGTLLTGLLYGLLTGLILI	5.50955	4.0683	0.151251	0.88184	800.577
LLLGTLLTGLLYGLLTGLILI	LLLGYLLTGLLYGLLTGLILI	3.62952	0.134543	0.443059	0.379341	790.724
LLLGYLLTGLLYGLLTGLILI	LLLGYLLTGLLTGLLTGLILI	0.134543	-1.84403	0.379341	0.443059	780.523
LLLGYLLTGLLTGLLTGLILI	LLLGTLLTGLLTGLLTGLILI	-2.11527	1.99552	0.171816	0.816184	769.974
LLLGTLLTGLLTGLLTGLILI	LLLGYLLTGLLTGLLTGLILI	1.99552	-2.11527	0.816184	0.171816	759.081
LLLGYLLTGLLTGLLTGLILI	LLLGTLLTGLLTGLLTGLILI	-2.11527	1.99552	0.171816	0.816184	747.845
LLLGTLLTGLLTGLLTGLILI	LLLGYLLTGLLTGLLTGLILI	1.99552	-2.11527	0.816184	0.171816	736.272
LLLGYLLTGLLTGLLTGLILI	LLLYYLLTGLLTGLLTGLILI	-1.83312	-2.16538	0.453966	0.369715	712.142
LLLYYLLTGLLTGLLTGLILI	LLLYYLLYGLLTGLLTGLILI	-2.20637	1.58155	0.328724	0.505042	699.602
LLLYYLLYGLLTGLLTGLILI	LLLGYLLYGLLTGLLTGLILI	1.56985	1.8443	0.493345	0.337561	686.76
LLLGYLLYGLLTGLLTGLILI	LLLGYLLYGLLTGLLTSLILI	2.38858	3.46295	0.88184	0.151251	673.628
LLLGYLLYGLLTGLLTSLILI	LLLGYLLYGLLTGLLTGLILI	3.46295	2.38858	0.151251	0.88184	660.222
LLLGYLLYGLLTGLLTGLILI	LLLGYLLYGLLTGLLYGLILI	1.74478	2.45695	0.238039	0.654392	646.557
LLLGYLLYGLLTGLLYGLILI	LLLYYLLYGLLTGLLYGLILI	2.07203	2.22912	0.269472	0.595564	632.651
LLLYYLLYGLLTGLLYGLILI	LLLYYLLYGLLTGLLTGLILI	2.40711	1.2634	0.773553	0.186892	618.524
LLLYYLLYGLLTGLLTGLILI	LLLYYLLYGLLTGLLTSLILI	1.83093	3.07562	0.754431	0.19415	604.196
LLLYYLLYGLLTGLLTSLILI	LLLGYLLYGLLTGLLTSLILI	3.47703	3.58117	0.595564	0.269472	589.688
LLLGYLLYGLLTGLLTSLILI	LLLYYLLYGLLTGLLTSLILI	3.58117	3.8319	0.269472	0.595564	575.025
LLLYYLLYGLLTGLLTSLILI	LLLYYLLTGLLTGLLTSLILI	3.74138	0.925751	0.505042	0.328724	560.23
LLLYYLLTGLLTGLLTSLILI	LLLTYLLTGLLTGLLTSLILI	0.901847	0.602821	0.30482	0.538845	530.348
LLLTYLLTGLLTGLLTSLILI	LLLYYLLTGLLTGLLTSLILI	0.602821	-0.425644	0.538845	0.30482	515.312
LLLYYLLTGLLTGLLTSLILI	LLLYYLLTGLLTGLLTGLILI	-0.536314	-1.78066	0.19415	0.754431	500.25
LLLYYLLTGLLTGLLTGLILI	LLLYYLLTGLLTGLLTSLILI	-1.78066	-0.18144	0.754431	0.19415	470.152
LLLYYLLTGLLTGLLTSLILI	LLLYYLLTGLLTGLLTGLILI	-0.18144	-1.78066	0.19415	0.754431	440.27
LLLYYLLTGLLTGLLTGLILI	LLLGYLLTGLLTGLLTGLILI	-2.16538	-1.83312	0.369715	0.453966	381.976
LLLGYLLTGLLTGLLTGLILI	LLLGYLLTGLLTGLLTSLILI	-1.40525	-0.331211	0.88184	0.151251	367.849
LLLGYLLTGLLTGLLTSLILI	LLLGYLLTGLLTGLLTGLILI	-0.331211	-1.40525	0.151251	0.88184	353.943
LLLGYLLTGLLTGLLTGLILI	LLLYYLLTGLLTGLLTGLILI	-1.83312	-2.16538	0.453966	0.369715	313.74
LLLYYLLTGLLTGLLTGLILI	LLLGYLLTGLLTGLLTGLILI	-2.16538	-1.83312	0.369715	0.453966	300.898
LLLGYLLTGLLTGLLTGLILI	LLLGYLLTGLLTGLLYGLILI	-1.84403	-1.45713	0.443059	0.379341	288.358
LLLGYLLTGLLTGLLYGLILI	LLLTYLLTGLLTGLLYGLILI	-1.41577	-1.23128	0.420699	0.400165	264.228
LLLTYLLTGLLTGLLYGLILI	LLLGYLLTGLLTGLLYGLILI	-1.23128	-1.41577	0.400165	0.420699	252.655
LLLGYLLTGLLTGLLYGLILI	LLLGYLLTGLLTGLLTGLILI	-1.45713	-1.84403	0.379341	0.443059	241.419
LLLGYLLTGLLTGLLTGLILI	LLLYYLLTGLLTGLLTGLILI	-1.83312	-2.16538	0.453966	0.369715	230.526
LLLYYLLTGLLTGLLTGLILI	LLLGYLLTGLLTGLLTGLILI	-2.16538	-1.83312	0.369715	0.453966	219.977
LLLGYLLTGLLTGLLTGLILI	LLLYYLLTGLLTGLLTGLILI	-1.83312	-2.16538	0.453966	0.369715	209.776
LLLYYLLTGLLTGLLTGLILI	LLLGYLLTGLLTGLLTGLILI	-2.16538	-1.83312	0.369715	0.453966	190.417
LLLGYLLTGLLTGLLTGLILI	LLLYYLLTGLLTGLLTGLILI	-1.83312	-2.16538	0.453966	0.369715	172.439
LLLYYLLTGLLTGLLTGLILI	LLLGYLLTGLLTGLLTGLILI	-2.16538	-1.83312	0.369715	0.453966	147.996
LLLGYLLTGLLTGLLTGLILI	LLLYYLLTGLLTGLLTGLILI	-1.83312	-2.16538	0.453966	0.369715	133.321
LLLYYLLTGLLTGLLTGLILI	LLLGYLLTGLLTGLLTGLILI	-2.16538	-1.83312	0.369715	0.453966	119.877
LLLGYLLTGLLTGLLTGLILI	LLLYYLLTGLLTGLLTGLILI	-1.83312	-2.16538	0.453966	0.369715	113.597
Time: 653s
