***STARTING GEOMETRY:***
xShift: 6.7985
crossingAngle: -36.7124
axialRotation: 6.15087
zShift: 4.35807

Number of MCCycles: 100
PrevSequence	CurrSequence	PrevEnergy	CurrEnergy	PrevEntropy	CurrEntropy	CurrentTemp
LLLLLLGTLLGTLLGTLLILI	LLLLLLGTLLGWLLGTLLILI	-22.2446	-25.534	0.48602	0.343253	999.684
LLLLLLGTLLGWLLGTLLILI	LLLLLLGTLLGTLLGTLLILI	-25.534	-25.3811	0.343253	0.48602	999.328
LLLLLLGTLLGTLLGTLLILI	LLLLLLGTLLGWLLGTLLILI	-25.3811	-23.5801	0.48602	0.343253	998.928
LLLLLLGTLLGWLLGTLLILI	LLLLLLGTLLGTLLGTLLILI	-23.5801	-25.3811	0.343253	0.48602	998.476
LLLLLLGTLLGTLLGTLLILI	LLLLLLGTLLGWLLGTLLILI	-25.3811	-25.534	0.48602	0.343253	997.967
LLLLLLGTLLGWLLGTLLILI	LLLYLLGTLLGWLLGTLLILI	-25.5643	-29.2586	0.312976	0.526939	997.394
LLLYLLGTLLGWLLGTLLILI	LLLFLLGTLLGWLLGTLLILI	-29.1352	-29.321	0.650378	0.240035	996.749
LLLFLLGTLLGWLLGTLLILI	LLLFLLGTLLGTLLGTLLILI	-29.2178	-28.8854	0.343253	0.48602	996.023
LLLFLLGTLLGTLLGTLLILI	LLLFLLGTLLGWLLGTLLILI	-28.8854	-29.2178	0.48602	0.343253	995.205
LLLFLLGTLLGWLLGTLLILI	LLLFLLGTLLGTLLGTLLILI	-29.2178	-28.8854	0.343253	0.48602	994.285
LLLFLLGTLLGTLLGTLLILI	LLLFLLGTLLGTLLGYLLILI	-28.6778	-25.743	0.693609	0.219549	993.249
LLLFLLGTLLGTLLGYLLILI	LLLYLLGTLLGTLLGYLLILI	-25.8305	-24.9481	0.132101	0.952787	992.084
LLLYLLGTLLGTLLGYLLILI	LLLYLLGTLLGWLLGYLLILI	-25.5372	-24.9351	0.363705	0.460972	990.773
LLLYLLGTLLGWLLGYLLILI	LLLYLLGTLLGWLLGTLLILI	-24.891	-26.8788	0.505042	0.328724	989.3
LLLYLLGTLLGWLLGTLLILI	LLLYLLGTLLGWLLGVLLILI	-26.2767	-25.6092	0.930859	0.137712	987.644
LLLYLLGTLLGWLLGVLLILI	LLLYLLGTLLGWLLGTLLILI	-25.6092	-28.581	0.137712	0.930859	985.783
LLLYLLGTLLGWLLGTLLILI	LLLYLLGTLLGTLLGTLLILI	-29.1686	-28.8384	0.343253	0.48602	983.694
LLLYLLGTLLGTLLGTLLILI	LLLFLLGTLLGTLLGTLLILI	-28.674	-29.1314	0.650378	0.240035	978.717
LLLFLLGTLLGTLLGTLLILI	LLLFLLGTLLGWLLGTLLILI	-28.8854	-29.2178	0.48602	0.343253	975.768
LLLFLLGTLLGWLLGTLLILI	LLLFLLGTLLGTLLGTLLILI	-29.2178	-28.8854	0.343253	0.48602	972.463
LLLFLLGTLLGTLLGTLLILI	LLLYLLGTLLGTLLGTLLILI	-29.1314	-28.9412	0.240035	0.650378	968.764
LLLYLLGTLLGTLLGTLLILI	LLLFLLGTLLGTLLGTLLILI	-28.9412	-29.1314	0.650378	0.240035	964.627
LLLFLLGTLLGTLLGTLLILI	LLLFLLGVLLGTLLGTLLILI	-28.243	-26.4677	1.12845	0.0952708	954.846
LLLFLLGVLLGTLLGTLLILI	LLLFLLGVLLGVLLGTLLILI	-25.9308	-22.5567	0.632162	0.249358	949.095
LLLFLLGVLLGVLLGTLLILI	LLLFLLGTLLGVLLGTLLILI	-22.5567	-24.966	0.249358	0.632162	942.693
LLLFLLGTLLGVLLGTLLILI	LLLFLLGTLLGWLLGTLLILI	-25.4793	-28.5518	0.118797	1.00921	927.683
LLLFLLGTLLGWLLGTLLILI	LLLYLLGTLLGWLLGTLLILI	-29.321	-29.1352	0.240035	0.650378	918.939
LLLYLLGTLLGWLLGTLLILI	LLLYLLGTLLGWLLGYLLILI	-29.4568	-25.1931	0.328724	0.505042	909.276
LLLYLLGTLLGWLLGYLLILI	LLLYLLGVLLGWLLGYLLILI	-25.066	-20.0404	0.632162	0.249358	898.621
LLLYLLGVLLGWLLGYLLILI	LLLYLLGVLLGTLLGYLLILI	-19.5728	-23.1144	0.716965	0.209355	886.903
LLLYLLGVLLGTLLGYLLILI	LLLYLLGVLLGTLLGTLLILI	-22.8187	-26.5101	0.505042	0.328724	874.051
LLLYLLGVLLGTLLGTLLILI	LLLFLLGVLLGTLLGTLLILI	-26.1884	-26.323	0.650378	0.240035	859.999
LLLFLLGVLLGTLLGTLLILI	LLLYLLGVLLGTLLGTLLILI	-26.323	-25.7916	0.240035	0.650378	844.686
LLLYLLGVLLGTLLGTLLILI	LLLFLLGVLLGTLLGTLLILI	-25.7916	-26.323	0.650378	0.240035	828.061
LLLFLLGVLLGTLLGTLLILI	LLLFLLGTLLGTLLGTLLILI	-26.4677	-28.243	0.0952708	1.12845	810.083
LLLFLLGTLLGTLLGTLLILI	LLLFLLGVLLGTLLGTLLILI	-28.243	-26.4677	1.12845	0.0952708	790.724
LLLFLLGVLLGTLLGTLLILI	LLLYLLGVLLGTLLGTLLILI	-26.323	-25.7916	0.240035	0.650378	769.974
LLLYLLGVLLGTLLGTLLILI	LLLFLLGVLLGTLLGTLLILI	-25.7916	-26.323	0.650378	0.240035	747.845
LLLFLLGVLLGTLLGTLLILI	LLLYLLGVLLGTLLGTLLILI	-26.323	-25.8158	0.240035	0.650378	724.369
LLLYLLGVLLGTLLGTLLILI	LLLYLLGTLLGTLLGTLLILI	-26.3709	-27.8753	0.0952708	1.12845	673.628
LLLYLLGTLLGTLLGTLLILI	LLLYLLGTLLGWLLGTLLILI	-28.5177	-29.4423	0.48602	0.343253	646.557
LLLYLLGTLLGWLLGTLLILI	LLLFLLGTLLGWLLGTLLILI	-29.1352	-29.321	0.650378	0.240035	618.524
LLLFLLGTLLGWLLGTLLILI	LLLFLLGTLLGTLLGTLLILI	-29.2178	-28.8854	0.343253	0.48602	560.23
LLLFLLGTLLGTLLGTLLILI	LLLYLLGTLLGTLLGTLLILI	-29.1314	-28.9412	0.240035	0.650378	530.348
LLLYLLGTLLGTLLGTLLILI	LLLFLLGTLLGTLLGTLLILI	-28.9412	-29.1314	0.650378	0.240035	500.25
LLLFLLGTLLGTLLGTLLILI	LLLFLLGTLLGWLLGTLLILI	-28.8854	-29.2178	0.48602	0.343253	470.152
LLLFLLGTLLGWLLGTLLILI	LLLFLLGTLLGTLLGTLLILI	-29.2178	-28.8854	0.343253	0.48602	381.976
LLLFLLGTLLGTLLGTLLILI	LLLYLLGTLLGTLLGTLLILI	-29.1314	-28.3534	0.240035	0.650378	353.943
LLLYLLGTLLGTLLGTLLILI	LLLFLLGTLLGTLLGTLLILI	-28.3534	-29.1314	0.650378	0.240035	326.872
LLLFLLGTLLGTLLGTLLILI	LLLFLLGTLLGWLLGTLLILI	-28.8854	-29.2178	0.48602	0.343253	252.655
LLLFLLGTLLGWLLGTLLILI	LLLFLLGTLLGTLLGTLLILI	-29.2178	-28.8854	0.343253	0.48602	230.526
LLLFLLGTLLGTLLGTLLILI	LLLFLLGTLLGWLLGTLLILI	-28.8854	-29.2178	0.48602	0.343253	209.776
LLLFLLGTLLGWLLGTLLILI	LLLFLLGTLLGTLLGTLLILI	-29.2178	-28.8854	0.343253	0.48602	172.439
LLLFLLGTLLGTLLGTLLILI	LLLFLLGTLLGWLLGTLLILI	-28.8854	-29.2178	0.48602	0.343253	155.814
LLLFLLGTLLGWLLGTLLILI	LLLFLLGTLLGTLLGTLLILI	-29.2178	-28.8854	0.343253	0.48602	101.879
LLLFLLGTLLGTLLGTLLILI	LLLFLLGTLLGWLLGTLLILI	-28.8854	-29.2178	0.48602	0.343253	91.2238
LLLFLLGTLLGWLLGTLLILI	LLLYLLGTLLGWLLGTLLILI	-29.321	-29.1352	0.240035	0.650378	45.6541
LLLYLLGTLLGWLLGTLLILI	LLLFLLGTLLGWLLGTLLILI	-29.1352	-29.321	0.650378	0.240035	28.0365
Time: 85s
