***STARTING GEOMETRY:***
xShift: 7.37
crossingAngle: -37.05
axialRotation: -50.62
zShift: 4.17

Number of MCCycles: 200
PrevSequence	CurrSequence	PrevEnergy	CurrEnergy	PrevEntropy	CurrEntropy	CurrentTemp
LLLTALLTGLLFGLLVTLILI	LLLTALLTGLLFGLLVFLILI	9429.59	1414.76	0.693609	0.219549	999.847
LLLTALLTGLLFGLLVFLILI	LLLTALLTGLLFGLLTFLILI	1414.63	1415.83	0.0952708	1.12845	999.684
LLLTALLTGLLFGLLTFLILI	LLLTALLTGLLFGLLTYLILI	1415.12	1413.85	0.410343	0.410343	999.512
LLLTALLTGLLFGLLTYLILI	LLLTALLTGLLYGLLTYLILI	1413.57	1414.54	0.132101	0.952787	999.328
LLLTALLTGLLYGLLTYLILI	LLLTSLLTGLLYGLLTYLILI	1413.83	1413.91	0.244161	0.642213	999.134
LLLTSLLTGLLYGLLTYLILI	LLLTSLLTGLLFGLLTYLILI	1414.22	1413.18	0.952787	0.132101	998.928
LLLTSLLTGLLFGLLTYLILI	LLLTSLLTGLLYGLLTYLILI	1413.18	1414.55	0.132101	0.952787	998.708
LLLTSLLTGLLYGLLTYLILI	LLLTSLLVGLLYGLLTYLILI	1414.73	1415.58	1.12845	0.0952708	998.476
LLLTSLLVGLLYGLLTYLILI	LLLTSLLTGLLYGLLTYLILI	1415.58	1414.46	0.0952708	1.12845	998.229
LLLTSLLTGLLYGLLTYLILI	LLLTSLLVGLLYGLLTYLILI	1414.46	1415.53	1.12845	0.0952708	997.967
LLLTSLLVGLLYGLLTYLILI	LLLTSLLVGLLYGLLTTLILI	1415.81	1416.53	0.379341	0.443059	997.689
LLLTSLLVGLLYGLLTTLILI	LLLTALLVGLLYGLLTTLILI	1416.73	1417.17	0.642213	0.244161	997.394
LLLTALLVGLLYGLLTTLILI	LLLTALLVGLLFGLLTTLILI	1417.57	1417.39	0.650378	0.240035	997.081
LLLTALLVGLLFGLLTTLILI	LLLTALLVGLLYGLLTTLILI	1417.39	1417.76	0.240035	0.650378	996.749
LLLTALLVGLLYGLLTTLILI	LLLTALLTGLLYGLLTTLILI	1417.18	1416.23	0.0728516	1.27634	996.397
LLLTALLTGLLYGLLTTLILI	LLLTALLTGLLYGLLTYLILI	1415.49	1413.8	0.538845	0.30482	996.023
LLLTALLTGLLYGLLTYLILI	LLLTALLTGLLYGLLSYLILI	1414.36	1415.14	0.865998	0.155943	995.626
LLLTALLTGLLYGLLSYLILI	LLLGALLTGLLYGLLSYLILI	1415.35	1415.94	0.366931	0.457192	995.205
LLLGALLTGLLYGLLSYLILI	LLLGALLTGLLYGLLTYLILI	1415.7	1414.62	0.220804	0.690823	994.758
LLLGALLTGLLYGLLTYLILI	LLLGALLTGLLYGLLTFLILI	1414.88	1414.86	0.952787	0.132101	994.285
LLLGALLTGLLYGLLTFLILI	LLLGALLTGLLFGLLTFLILI	1415.14	1418.58	0.410343	0.410343	993.782
LLLGALLTGLLFGLLTFLILI	LLLGALLTGLLFALLTFLILI	1418.91	1417.94	0.745602	0.197612	993.249
LLLGALLTGLLFALLTFLILI	LLLTALLTGLLFALLTFLILI	1417.99	1418.09	0.246959	0.636769	992.683
LLLTALLTGLLFALLTFLILI	LLLTSLLTGLLFALLTFLILI	1417.87	1417.41	0.416521	0.404229	992.084
LLLTSLLTGLLFALLTFLILI	LLLTSLLTGLLFALLAFLILI	1417.86	1416.9	0.856576	0.158812	991.448
LLLTSLLTGLLFALLAFLILI	LLLTALLTGLLFALLAFLILI	1417.03	1417.42	0.297523	0.549849	990.773
LLLTALLTGLLFALLAFLILI	LLLTALLVGLLFALLAFLILI	1417.8	1420.1	0.930859	0.137712	990.058
LLLTALLVGLLFALLAFLILI	LLLTALLVGLLFALLTFLILI	1420.27	1419.91	0.311447	0.52914	989.3
LLLTALLVGLLFALLTFLILI	LLLTALLVGLLYALLTFLILI	1419.79	1419.79	0.410343	0.410343	988.496
LLLTALLVGLLYALLTFLILI	LLLTALLVGLLYALLTYLILI	1419.51	1420.24	0.132101	0.952787	987.644
LLLTALLVGLLYALLTYLILI	LLLTALLTGLLYALLTYLILI	1419.38	1417.71	0.0952708	1.12845	986.74
LLLTALLTGLLYALLTYLILI	LLLGALLTGLLYALLTYLILI	1417.22	1417.54	0.636769	0.246959	985.783
LLLGALLTGLLYALLTYLILI	LLLGALLTGLLYALLSYLILI	1417.98	1414	0.690823	0.220804	984.769
LLLGALLTGLLYALLSYLILI	LLLGSLLTGLLYALLSYLILI	1414.02	1414.17	0.244161	0.642213	983.694
LLLGSLLTGLLYALLSYLILI	LLLGSLLTGLLYALLAYLILI	1414.17	1414.25	0.642213	0.244161	982.555
LLLGSLLTGLLYALLAYLILI	LLLTSLLTGLLYALLAYLILI	1414.34	1413.71	0.34018	0.489954	981.348
LLLTSLLTGLLYALLAYLILI	LLLTSLLTGLLFALLAYLILI	1414.17	1413.04	0.952787	0.132101	980.071
LLLTSLLTGLLFALLAYLILI	LLLTSLLTGLLFALLSYLILI	1413.16	1412.9	0.244161	0.642213	978.717
LLLTSLLTGLLFALLSYLILI	LLLTALLTGLLFALLSYLILI	1412.9	1413	0.642213	0.244161	977.285
LLLTALLTGLLFALLSYLILI	LLLTALLVGLLFALLSYLILI	1413.69	1415.62	0.930859	0.137712	975.768
LLLTALLVGLLFALLSYLILI	LLLTALLVGLLFGLLSYLILI	1415.76	1417.99	0.276169	0.584123	974.162
LLLTALLVGLLFGLLSYLILI	LLLTALLTGLLFGLLSYLILI	1417.54	1415.41	0.137712	0.930859	972.463
LLLTALLTGLLFGLLSYLILI	LLLGALLTGLLFGLLSYLILI	1414.85	1415.44	0.366931	0.457192	970.666
LLLGALLTGLLFGLLSYLILI	LLLTALLTGLLFGLLSYLILI	1415.44	1414.85	0.457192	0.366931	968.764
LLLTALLTGLLFGLLSYLILI	LLLYALLTGLLFGLLSYLILI	1414.81	1415.52	0.328724	0.505042	966.754
LLLYALLTGLLFGLLSYLILI	LLLYALLTGLLFALLSYLILI	1415.6	1413.76	0.584123	0.276169	964.627
LLLYALLTGLLFALLSYLILI	LLLYALLTGLLFALLAYLILI	1413.78	1414.43	0.297523	0.549849	962.38
LLLYALLTGLLFALLAYLILI	LLLYALLTGLLFALLAFLILI	1414.53	1417.83	0.650378	0.240035	960.005
LLLYALLTGLLFALLAFLILI	LLLYSLLTGLLFALLAFLILI	1418.14	1417.87	0.549849	0.297523	957.496
LLLYSLLTGLLFALLAFLILI	LLLYSLLTGLLYALLAFLILI	1417.81	1418.73	0.240035	0.650378	954.846
LLLYSLLTGLLYALLAFLILI	LLLTSLLTGLLYALLAFLILI	1418.58	1417.36	0.505042	0.328724	952.048
LLLTSLLTGLLYALLAFLILI	LLLTSLLTGLLYALLAYLILI	1417.16	1414.24	0.132101	0.952787	949.095
LLLTSLLTGLLYALLAYLILI	LLLTSLLVGLLYALLAYLILI	1414.21	1415.61	0.930859	0.137712	945.979
LLLTSLLVGLLYALLAYLILI	LLLTSLLVGLLYALLSYLILI	1415.72	1415.85	0.244161	0.642213	942.693
LLLTSLLVGLLYALLSYLILI	LLLTSLLVGLLYALLAYLILI	1415.85	1415.72	0.642213	0.244161	939.229
LLLTSLLVGLLYALLAYLILI	LLLGSLLVGLLYALLAYLILI	1415.77	1416.67	0.29428	0.55485	935.578
LLLGSLLVGLLYALLAYLILI	LLLTSLLVGLLYALLAYLILI	1416.67	1415.92	0.55485	0.29428	931.732
LLLTSLLVGLLYALLAYLILI	LLLTSLLVGLLYSLLAYLILI	1415.87	1416.15	0.244161	0.642213	927.683
LLLTSLLVGLLYSLLAYLILI	LLLTSLLVGLLYALLAYLILI	1416.15	1415.72	0.642213	0.244161	923.422
LLLTSLLVGLLYALLAYLILI	LLLTALLVGLLYALLAYLILI	1415.77	1417.01	0.297523	0.549849	918.939
LLLTALLVGLLYALLAYLILI	LLLTALLTGLLYALLAYLILI	1416.6	1414.69	0.137712	0.930859	914.227
LLLTALLTGLLYALLAYLILI	LLLTALLTGLLYSLLAYLILI	1414.31	1414.15	0.549849	0.297523	909.276
LLLTALLTGLLYSLLAYLILI	LLLTALLTGLLYSLLAFLILI	1414.81	1417.34	0.952787	0.132101	904.077
LLLTALLTGLLYSLLAFLILI	LLLTALLTGLLFSLLAFLILI	1417.62	1417.21	0.410343	0.410343	898.621
LLLTALLTGLLFSLLAFLILI	LLLTALLTGLLFALLAFLILI	1417.09	1417.42	0.297523	0.549849	892.899
LLLTALLTGLLFALLAFLILI	LLLTSLLTGLLFALLAFLILI	1417.42	1416.86	0.549849	0.297523	886.903
LLLTSLLTGLLFALLAFLILI	LLLTSLLTGLLFSLLAFLILI	1416.81	1416.96	0.244161	0.642213	880.623
LLLTSLLTGLLFSLLAFLILI	LLLTSLLTGLLFSLLGFLILI	1416.47	1417.78	0.154044	0.872342	874.051
LLLTSLLTGLLFSLLGFLILI	LLLTSLLTGLLFSLLGYLILI	1417.32	1414.7	0.410343	0.410343	867.179
LLLTSLLTGLLFSLLGYLILI	LLLTSLLTGLLYSLLGYLILI	1414.42	1415.7	0.132101	0.952787	859.999
LLLTSLLTGLLYSLLGYLILI	LLLTSLLTGLLYALLGYLILI	1415.69	1415.45	0.942975	0.13458	852.504
LLLTSLLTGLLYALLGYLILI	LLLGSLLTGLLYALLGYLILI	1415.69	1416.15	0.366931	0.457192	844.686
LLLGSLLTGLLYALLGYLILI	LLLGSLLVGLLYALLGYLILI	1416.32	1418.19	0.632162	0.249358	836.541
LLLGSLLVGLLYALLGYLILI	LLLGSLLVGLLFALLGYLILI	1418.89	1417.51	0.952787	0.132101	828.061
LLLGSLLVGLLFALLGYLILI	LLLGSLLTGLLFALLGYLILI	1417.63	1415.99	0.249358	0.632162	819.243
LLLGSLLTGLLFALLGYLILI	LLLGALLTGLLFALLGYLILI	1415.76	1415.77	0.404229	0.416521	810.083
LLLGALLTGLLFALLGYLILI	LLLGALLTGLLFALLSYLILI	1416.1	1413.45	0.754431	0.19415	800.577
LLLGALLTGLLFALLSYLILI	LLLGALLTGLLFALLAYLILI	1413.56	1414.21	0.297523	0.549849	790.724
LLLGALLTGLLFALLAYLILI	LLLGALLTGLLFALLSYLILI	1414.21	1413.56	0.549849	0.297523	780.523
LLLGALLTGLLFALLSYLILI	LLLGALLTGLLYALLSYLILI	1413.39	1415.4	0.132101	0.952787	769.974
LLLGALLTGLLYALLSYLILI	LLLGSLLTGLLYALLSYLILI	1414.69	1414.22	0.244161	0.642213	759.081
LLLGSLLTGLLYALLSYLILI	LLLGSLLTGLLFALLSYLILI	1414.53	1413.15	0.952787	0.132101	747.845
LLLGSLLTGLLFALLSYLILI	LLLGSLLTGLLFGLLSYLILI	1413.13	1415.67	0.107014	1.06535	736.272
LLLGSLLTGLLFGLLSYLILI	LLLGALLTGLLFGLLSYLILI	1415.55	1415.79	0.942975	0.13458	724.369
LLLGALLTGLLFGLLSYLILI	LLLGALLTGLLFALLSYLILI	1416.4	1413.27	0.745602	0.197612	712.142
LLLGALLTGLLFALLSYLILI	LLLGALLTGLLFGLLSYLILI	1413.27	1415.54	0.197612	0.745602	699.602
LLLGALLTGLLFGLLSYLILI	LLLGALLTGLLFGLLTYLILI	1415.02	1414.75	0.220804	0.690823	686.76
LLLGALLTGLLFGLLTYLILI	LLLGALLTGLLFGLLSYLILI	1414.75	1415.02	0.690823	0.220804	673.628
LLLGALLTGLLFGLLSYLILI	LLLTALLTGLLFGLLSYLILI	1415.25	1414.85	0.457192	0.366931	660.222
LLLTALLTGLLFGLLSYLILI	LLLTSLLTGLLFGLLSYLILI	1414.62	1414.93	0.13458	0.942975	646.557
LLLTSLLTGLLFGLLSYLILI	LLLTSLLTGLLFALLSYLILI	1414.86	1413.34	0.872342	0.154044	632.651
LLLTSLLTGLLFALLSYLILI	LLLTSLLTGLLFGLLSYLILI	1413.34	1415.53	0.154044	0.872342	618.524
LLLTSLLTGLLFGLLSYLILI	LLLTALLTGLLFGLLSYLILI	1415.6	1414.43	0.942975	0.13458	589.688
LLLTALLTGLLFGLLSYLILI	LLLTALLTGLLFALLSYLILI	1414.88	1412.84	0.584123	0.276169	575.025
LLLTALLTGLLFALLSYLILI	LLLTALLTGLLFALLAYLILI	1412.87	1413.71	0.297523	0.549849	560.23
LLLTALLTGLLFALLAYLILI	LLLTALLTGLLFSLLAYLILI	1413.71	1413.55	0.549849	0.297523	545.329
LLLTALLTGLLFSLLAYLILI	LLLTSLLTGLLFSLLAYLILI	1413.49	1413.59	0.244161	0.642213	530.348
LLLTSLLTGLLFSLLAYLILI	LLLTSLLTGLLYSLLAYLILI	1413.08	1414.49	0.132101	0.952787	515.312
LLLTSLLTGLLYSLLAYLILI	LLLTSLLTGLLFSLLAYLILI	1414.49	1413.08	0.952787	0.132101	500.25
LLLTSLLTGLLFSLLAYLILI	LLLGSLLTGLLFSLLAYLILI	1413.44	1413.91	0.489954	0.34018	485.188
LLLGSLLTGLLFSLLAYLILI	LLLGALLTGLLFSLLAYLILI	1414.21	1413.99	0.642213	0.244161	470.152
LLLGALLTGLLFSLLAYLILI	LLLGALLTGLLFALLAYLILI	1414.04	1414.21	0.297523	0.549849	455.171
LLLGALLTGLLFALLAYLILI	LLLTALLTGLLFALLAYLILI	1414	1413.65	0.34018	0.489954	440.27
LLLTALLTGLLFALLAYLILI	LLLTSLLTGLLFALLAYLILI	1413.71	1413.15	0.549849	0.297523	425.475
LLLTSLLTGLLFALLAYLILI	LLLTSLLTGLLFSLLAYLILI	1413.09	1413.59	0.244161	0.642213	396.304
LLLTSLLTGLLFSLLAYLILI	LLLTALLTGLLFSLLAYLILI	1413.59	1413.49	0.642213	0.244161	381.976
LLLTALLTGLLFSLLAYLILI	LLLTSLLTGLLFSLLAYLILI	1413.49	1413.59	0.244161	0.642213	367.849
LLLTSLLTGLLFSLLAYLILI	LLLGSLLTGLLFSLLAYLILI	1413.44	1413.85	0.489954	0.34018	340.278
LLLGSLLTGLLFSLLAYLILI	LLLGSLLTGLLFALLAYLILI	1414.16	1413.88	0.642213	0.244161	326.872
LLLGSLLTGLLFALLAYLILI	LLLTSLLTGLLFALLAYLILI	1413.97	1413.4	0.34018	0.489954	313.74
LLLTSLLTGLLFALLAYLILI	LLLTSLLTGLLFALLSYLILI	1413.16	1412.9	0.244161	0.642213	288.358
LLLTSLLTGLLFALLSYLILI	LLLTALLTGLLFALLSYLILI	1412.9	1413	0.642213	0.244161	264.228
LLLTALLTGLLFALLSYLILI	LLLTSLLTGLLFALLSYLILI	1413	1413.16	0.244161	0.642213	252.655
LLLTSLLTGLLFALLSYLILI	LLLTSLLTGLLFALLAYLILI	1413.16	1413.09	0.642213	0.244161	230.526
LLLTSLLTGLLFALLAYLILI	LLLTSLLTGLLFALLSYLILI	1413.09	1412.97	0.244161	0.642213	219.977
LLLTSLLTGLLFALLSYLILI	LLLGSLLTGLLFALLSYLILI	1412.82	1413.17	0.489954	0.34018	209.776
LLLGSLLTGLLFALLSYLILI	LLLGSLLTGLLFALLAYLILI	1413.47	1413.72	0.642213	0.244161	199.923
LLLGSLLTGLLFALLAYLILI	LLLTSLLTGLLFALLAYLILI	1413.81	1413.4	0.34018	0.489954	190.417
LLLTSLLTGLLFALLAYLILI	LLLTALLTGLLFALLAYLILI	1413.21	1413.71	0.297523	0.549849	181.257
LLLTALLTGLLFALLAYLILI	LLLGALLTGLLFALLAYLILI	1413.65	1414.21	0.489954	0.34018	172.439
LLLGALLTGLLFALLAYLILI	LLLGALLTGLLFSLLAYLILI	1414.42	1414.04	0.549849	0.297523	163.959
LLLGALLTGLLFSLLAYLILI	LLLGALLTGLLFALLAYLILI	1414.04	1414.21	0.297523	0.549849	155.814
LLLGALLTGLLFALLAYLILI	LLLTALLTGLLFALLAYLILI	1414	1413.65	0.34018	0.489954	147.996
LLLTALLTGLLFALLAYLILI	LLLTSLLTGLLFALLAYLILI	1413.71	1413.43	0.549849	0.297523	140.501
LLLTSLLTGLLFALLAYLILI	LLLTSLLTGLLFSLLAYLILI	1413.37	1413.59	0.244161	0.642213	133.321
LLLTSLLTGLLFSLLAYLILI	LLLTSLLTGLLFALLAYLILI	1413.59	1413.09	0.642213	0.244161	126.449
LLLTSLLTGLLFALLAYLILI	LLLTSLLTGLLFALLSYLILI	1413.09	1413.09	0.244161	0.642213	119.877
LLLTSLLTGLLFALLSYLILI	LLLTALLTGLLFALLSYLILI	1413.09	1412.81	0.642213	0.244161	113.597
LLLTALLTGLLFALLSYLILI	LLLGALLTGLLFALLSYLILI	1413.06	1413.6	0.489954	0.34018	101.879
LLLGALLTGLLFALLSYLILI	LLLGSLLTGLLFALLSYLILI	1413.5	1413.53	0.244161	0.642213	91.2238
LLLGSLLTGLLFALLSYLILI	LLLGALLTGLLFALLSYLILI	1413.53	1413.31	0.642213	0.244161	86.2728
LLLGALLTGLLFALLSYLILI	LLLGALLTGLLFALLAYLILI	1413.37	1414.21	0.297523	0.549849	81.5606
LLLGALLTGLLFALLAYLILI	LLLGALLTGLLFALLSYLILI	1414.21	1414.04	0.549849	0.297523	77.0783
LLLGALLTGLLFALLSYLILI	LLLGSLLTGLLFALLSYLILI	1413.98	1413.47	0.244161	0.642213	72.8169
LLLGSLLTGLLFALLSYLILI	LLLGALLTGLLFALLSYLILI	1413.47	1413.5	0.642213	0.244161	68.7677
LLLGALLTGLLFALLSYLILI	LLLGSLLTGLLFALLSYLILI	1413.5	1413.66	0.244161	0.642213	61.271
LLLGSLLTGLLFALLSYLILI	LLLGALLTGLLFALLSYLILI	1413.66	1413.5	0.642213	0.244161	57.8066
LLLGALLTGLLFALLSYLILI	LLLGSLLTGLLFALLSYLILI	1413.5	1413.47	0.244161	0.642213	45.6541
LLLGSLLTGLLFALLSYLILI	LLLGALLTGLLFALLSYLILI	1413.47	1413.5	0.642213	0.244161	40.495
LLLGALLTGLLFALLSYLILI	LLLGSLLTGLLFALLSYLILI	1413.5	1413.47	0.244161	0.642213	38.12
LLLGSLLTGLLFALLSYLILI	LLLGALLTGLLFALLSYLILI	1413.47	1413.31	0.642213	0.244161	35.8726
LLLGALLTGLLFALLSYLILI	LLLTALLTGLLFALLSYLILI	1413.41	1413.25	0.34018	0.489954	31.7355
LLLTALLTGLLFALLSYLILI	LLLTSLLTGLLFALLSYLILI	1413	1412.9	0.244161	0.642213	23.2154
LLLTSLLTGLLFALLSYLILI	LLLTALLTGLLFALLSYLILI	1412.9	1412.81	0.642213	0.244161	21.7826
Time: 219s
