MCAccept 0 xShift: 7.17988 crossingAngle: -40.31 axialRotation: -62.65 zShift: 0.97 energy: 39110
MCAccept 1 xShift: 7.17988 crossingAngle: -40.3534 axialRotation: -62.65 zShift: 0.97 energy: 37647.6
MCAccept 2 xShift: 7.18998 crossingAngle: -40.3534 axialRotation: -62.65 zShift: 0.97 energy: 37647.7
MCReject   xShift: 7.18998 crossingAngle: -40.3015 axialRotation: -62.65 zShift: 0.97 energy: 39110
MCReject   xShift: 7.18998 crossingAngle: -40.2441 axialRotation: -62.65 zShift: 0.97 energy: 39110.4
MCReject   xShift: 7.18998 crossingAngle: -40.4137 axialRotation: -62.65 zShift: 0.97 energy: 39110.4
MCReject   xShift: 7.18998 crossingAngle: -40.3534 axialRotation: -62.6547 zShift: 0.97 energy: 39110
MCAccept 3 xShift: 7.18998 crossingAngle: -40.3298 axialRotation: -62.65 zShift: 0.97 energy: 37648
MCReject   xShift: 7.19155 crossingAngle: -40.3298 axialRotation: -62.65 zShift: 0.97 energy: 39110
MCAccept 4 xShift: 7.18998 crossingAngle: -40.3298 axialRotation: -62.8185 zShift: 0.97 energy: 37647.7
MCReject   xShift: 7.18998 crossingAngle: -40.3298 axialRotation: -62.8185 zShift: 0.974202 energy: 38293
MCReject   xShift: 7.19544 crossingAngle: -40.3298 axialRotation: -62.8185 zShift: 0.97 energy: 39110.4
MCReject   xShift: 7.18998 crossingAngle: -40.2795 axialRotation: -62.8185 zShift: 0.97 energy: 39110
MCReject   xShift: 7.20527 crossingAngle: -40.3298 axialRotation: -62.8185 zShift: 0.97 energy: 37648
MCReject   xShift: 7.1856 crossingAngle: -40.3298 axialRotation: -62.8185 zShift: 0.97 energy: 39110
MCReject   xShift: 7.18842 crossingAngle: -40.3298 axialRotation: -62.8185 zShift: 0.97 energy: 37648.1
MCAccept 5 xShift: 7.18998 crossingAngle: -40.2382 axialRotation: -62.8185 zShift: 0.97 energy: 37647.7
MCAccept 6 xShift: 7.18998 crossingAngle: -40.2382 axialRotation: -62.8711 zShift: 0.97 energy: 37647.6
MCAccept 7 xShift: 7.17404 crossingAngle: -40.2382 axialRotation: -62.8711 zShift: 0.97 energy: 37647.7
MCAccept 8 xShift: 7.17404 crossingAngle: -39.9225 axialRotation: -62.8711 zShift: 0.97 energy: 37647.6
MCAccept 9 xShift: 7.17404 crossingAngle: -39.9201 axialRotation: -62.8711 zShift: 0.97 energy: 37648
MCReject   xShift: 7.18053 crossingAngle: -39.9201 axialRotation: -62.8711 zShift: 0.97 energy: 37649.4
MCReject   xShift: 7.17404 crossingAngle: -39.9201 axialRotation: -62.8711 zShift: 0.96862 energy: 39037.7
MCReject   xShift: 7.17404 crossingAngle: -39.9201 axialRotation: -62.8458 zShift: 0.97 energy: 39110
MCAccept 10 xShift: 7.17404 crossingAngle: -39.7324 axialRotation: -62.8711 zShift: 0.97 energy: 37648
MCReject   xShift: 7.17404 crossingAngle: -39.7324 axialRotation: -62.8711 zShift: 0.98197 energy: 39534.8
MCReject   xShift: 7.17404 crossingAngle: -39.5577 axialRotation: -62.8711 zShift: 0.97 energy: 39110.4
MCReject   xShift: 7.16915 crossingAngle: -39.7324 axialRotation: -62.8711 zShift: 0.97 energy: 39110.1
MCAccept 11 xShift: 7.17404 crossingAngle: -39.7482 axialRotation: -62.8711 zShift: 0.97 energy: 37648
MCReject   xShift: 7.17404 crossingAngle: -39.7482 axialRotation: -62.8711 zShift: 0.978267 energy: 39564.3
MCReject   xShift: 7.17404 crossingAngle: -39.7482 axialRotation: -62.8711 zShift: 0.96242 energy: 38724.9
MCAccept 12 xShift: 7.17404 crossingAngle: -39.5861 axialRotation: -62.8711 zShift: 0.97 energy: 6786.56
MCReject   xShift: 7.17404 crossingAngle: -39.4194 axialRotation: -62.8711 zShift: 0.97 energy: 37647.6
MCReject   xShift: 7.17404 crossingAngle: -39.5226 axialRotation: -62.8711 zShift: 0.97 energy: 37648
MCAccept 13 xShift: 7.17404 crossingAngle: -39.4865 axialRotation: -62.8711 zShift: 0.97 energy: 6786.56
MCReject   xShift: 7.17404 crossingAngle: -39.4865 axialRotation: -63.0847 zShift: 0.97 energy: 39110
MCReject   xShift: 7.17404 crossingAngle: -39.4865 axialRotation: -62.9777 zShift: 0.97 energy: 37647.7
MCReject   xShift: 7.17404 crossingAngle: -39.5137 axialRotation: -62.8711 zShift: 0.97 energy: 37647.6
MCReject   xShift: 7.17404 crossingAngle: -39.4511 axialRotation: -62.8711 zShift: 0.97 energy: 37647.7
MCReject   xShift: 7.17404 crossingAngle: -39.4865 axialRotation: -62.8711 zShift: 0.980257 energy: 39679
MCReject   xShift: 7.17404 crossingAngle: -39.4865 axialRotation: -62.8612 zShift: 0.97 energy: 39110
MCReject   xShift: 7.17404 crossingAngle: -39.5444 axialRotation: -62.8711 zShift: 0.97 energy: 39110.1
MCReject   xShift: 7.17404 crossingAngle: -39.3942 axialRotation: -62.8711 zShift: 0.97 energy: 39110.1
MCReject   xShift: 7.16218 crossingAngle: -39.4865 axialRotation: -62.8711 zShift: 0.97 energy: 39110
MCAccept 14 xShift: 7.17404 crossingAngle: -39.4865 axialRotation: -62.9476 zShift: 0.97 energy: 6786.62
MCReject   xShift: 7.17404 crossingAngle: -39.4865 axialRotation: -63.0449 zShift: 0.97 energy: 37647.6
MCReject   xShift: 7.16118 crossingAngle: -39.4865 axialRotation: -62.9476 zShift: 0.97 energy: 39110
MCReject   xShift: 7.17404 crossingAngle: -39.5429 axialRotation: -62.9476 zShift: 0.97 energy: 39110
MCReject   xShift: 7.16255 crossingAngle: -39.4865 axialRotation: -62.9476 zShift: 0.97 energy: 37649.8
MCReject   xShift: 7.17404 crossingAngle: -39.4865 axialRotation: -62.8476 zShift: 0.97 energy: 37647.7
MCReject   xShift: 7.16655 crossingAngle: -39.4865 axialRotation: -62.9476 zShift: 0.97 energy: 39110
MCReject   xShift: 7.17404 crossingAngle: -39.4865 axialRotation: -63.0997 zShift: 0.97 energy: 39110.1
MCReject   xShift: 7.17071 crossingAngle: -39.4865 axialRotation: -62.9476 zShift: 0.97 energy: 39110.1
MCReject   xShift: 7.17404 crossingAngle: -39.4865 axialRotation: -62.9476 zShift: 0.981592 energy: 39757.6
MCReject   xShift: 7.17404 crossingAngle: -39.4865 axialRotation: -63.1359 zShift: 0.97 energy: 37647.6
MCReject   xShift: 7.17404 crossingAngle: -39.4865 axialRotation: -62.9288 zShift: 0.97 energy: 39110
MCReject   xShift: 7.17404 crossingAngle: -39.475 axialRotation: -62.9476 zShift: 0.97 energy: 37647.7
MCReject   xShift: 7.17889 crossingAngle: -39.4865 axialRotation: -62.9476 zShift: 0.97 energy: 37647.7
MCReject   xShift: 7.17404 crossingAngle: -39.4865 axialRotation: -62.9476 zShift: 0.96946 energy: 37566
MCReject   xShift: 7.17404 crossingAngle: -39.4865 axialRotation: -62.8287 zShift: 0.97 energy: 39110
MCReject   xShift: 7.17673 crossingAngle: -39.4865 axialRotation: -62.9476 zShift: 0.97 energy: 39110
MCReject   xShift: 7.17404 crossingAngle: -39.4865 axialRotation: -63.1043 zShift: 0.97 energy: 39110
MCReject   xShift: 7.17404 crossingAngle: -39.4865 axialRotation: -62.9914 zShift: 0.97 energy: 39110.5
MCReject   xShift: 7.17404 crossingAngle: -39.3275 axialRotation: -62.9476 zShift: 0.97 energy: 37648
MCReject   xShift: 7.17644 crossingAngle: -39.4865 axialRotation: -62.9476 zShift: 0.97 energy: 39110.1
MCReject   xShift: 7.17404 crossingAngle: -39.4865 axialRotation: -63.0032 zShift: 0.97 energy: 37648.1
MCAccept 15 xShift: 7.17404 crossingAngle: -39.4339 axialRotation: -62.9476 zShift: 0.97 energy: 6786.62
MCReject   xShift: 7.17404 crossingAngle: -39.4339 axialRotation: -62.9476 zShift: 0.970829 energy: 39153.9
MCReject   xShift: 7.17404 crossingAngle: -39.4339 axialRotation: -62.8587 zShift: 0.97 energy: 39110.4
MCReject   xShift: 7.17404 crossingAngle: -39.4339 axialRotation: -62.9727 zShift: 0.97 energy: 39110.1
MCReject   xShift: 7.17404 crossingAngle: -39.2986 axialRotation: -62.9476 zShift: 0.97 energy: 39110.1
MCReject   xShift: 7.17789 crossingAngle: -39.4339 axialRotation: -62.9476 zShift: 0.97 energy: 37647.7
MCReject   xShift: 7.17404 crossingAngle: -39.4339 axialRotation: -62.9476 zShift: 0.963713 energy: 38788.5
MCReject   xShift: 7.17404 crossingAngle: -39.4339 axialRotation: -62.883 zShift: 0.97 energy: 37647.7
MCAccept 16 xShift: 7.1746 crossingAngle: -39.4339 axialRotation: -62.9476 zShift: 0.97 energy: 6786.56
MCReject   xShift: 7.1746 crossingAngle: -39.4855 axialRotation: -62.9476 zShift: 0.97 energy: 39110.4
MCReject   xShift: 7.1595 crossingAngle: -39.4339 axialRotation: -62.9476 zShift: 0.97 energy: 39110.1
MCReject   xShift: 7.1527 crossingAngle: -39.4339 axialRotation: -62.9476 zShift: 0.97 energy: 39110
MCReject   xShift: 7.1746 crossingAngle: -39.5409 axialRotation: -62.9476 zShift: 0.97 energy: 37647.7
MCReject   xShift: 7.1746 crossingAngle: -39.4339 axialRotation: -62.9904 zShift: 0.97 energy: 37647.6
MCReject   xShift: 7.16264 crossingAngle: -39.4339 axialRotation: -62.9476 zShift: 0.97 energy: 39110
MCReject   xShift: 7.17537 crossingAngle: -39.4339 axialRotation: -62.9476 zShift: 0.97 energy: 37648.1
MCReject   xShift: 7.17068 crossingAngle: -39.4339 axialRotation: -62.9476 zShift: 0.97 energy: 37648
MCReject   xShift: 7.18047 crossingAngle: -39.4339 axialRotation: -62.9476 zShift: 0.97 energy: 37647.7
MCReject   xShift: 7.17512 crossingAngle: -39.4339 axialRotation: -62.9476 zShift: 0.97 energy: 39110.4
MCReject   xShift: 7.1746 crossingAngle: -39.4339 axialRotation: -62.9599 zShift: 0.97 energy: 39110.4
MCReject   xShift: 7.17559 crossingAngle: -39.4339 axialRotation: -62.9476 zShift: 0.97 energy: 37647.7
MCReject   xShift: 7.1746 crossingAngle: -39.4339 axialRotation: -62.9476 zShift: 0.965115 energy: 38858.3
MCReject   xShift: 7.18245 crossingAngle: -39.4339 axialRotation: -62.9476 zShift: 0.97 energy: 37647.7
MCReject   xShift: 7.1746 crossingAngle: -39.4339 axialRotation: -62.9476 zShift: 0.981277 energy: 39422.8
MCReject   xShift: 7.1746 crossingAngle: -39.4007 axialRotation: -62.9476 zShift: 0.97 energy: 39110.1
MCReject   xShift: 7.18628 crossingAngle: -39.4339 axialRotation: -62.9476 zShift: 0.97 energy: 39110.1
MCReject   xShift: 7.1746 crossingAngle: -39.6037 axialRotation: -62.9476 zShift: 0.97 energy: 39110.1
MCReject   xShift: 7.1746 crossingAngle: -39.4339 axialRotation: -62.9134 zShift: 0.97 energy: 39110.1
MCReject   xShift: 7.1746 crossingAngle: -39.4746 axialRotation: -62.9476 zShift: 0.97 energy: 37648
MCReject   xShift: 7.18559 crossingAngle: -39.4339 axialRotation: -62.9476 zShift: 0.97 energy: 37648
MCReject   xShift: 7.1765 crossingAngle: -39.4339 axialRotation: -62.9476 zShift: 0.97 energy: 39110
MCReject   xShift: 7.1746 crossingAngle: -39.4339 axialRotation: -62.9548 zShift: 0.97 energy: 37648
MCReject   xShift: 7.19895 crossingAngle: -39.4339 axialRotation: -62.9476 zShift: 0.97 energy: 39110
MCReject   xShift: 7.1746 crossingAngle: -39.4339 axialRotation: -62.9476 zShift: 0.98603 energy: 40024.1
MCReject   xShift: 7.1746 crossingAngle: -39.4339 axialRotation: -62.9557 zShift: 0.97 energy: 39110
MCReject   xShift: 7.19001 crossingAngle: -39.4339 axialRotation: -62.9476 zShift: 0.97 energy: 37648.1
MCReject   xShift: 7.1746 crossingAngle: -39.4339 axialRotation: -62.8295 zShift: 0.97 energy: 37648
MCReject   xShift: 7.1746 crossingAngle: -39.4339 axialRotation: -63.1606 zShift: 0.97 energy: 39110
MCReject   xShift: 7.1746 crossingAngle: -39.406 axialRotation: -62.9476 zShift: 0.97 energy: 39110.4
MCReject   xShift: 7.16832 crossingAngle: -39.4339 axialRotation: -62.9476 zShift: 0.97 energy: 37647.7
MCReject   xShift: 7.1746 crossingAngle: -39.4339 axialRotation: -62.8582 zShift: 0.97 energy: 37648
MCReject   xShift: 7.1746 crossingAngle: -39.4339 axialRotation: -62.9476 zShift: 0.97518 energy: 38445.8
MCReject   xShift: 7.1746 crossingAngle: -39.2301 axialRotation: -62.9476 zShift: 0.97 energy: 39110
MCReject   xShift: 7.1746 crossingAngle: -39.3458 axialRotation: -62.9476 zShift: 0.97 energy: 39110.4
MCAccept 17 xShift: 7.17968 crossingAngle: -39.4339 axialRotation: -62.9476 zShift: 0.97 energy: 6786.56
MCReject   xShift: 7.17968 crossingAngle: -39.3025 axialRotation: -62.9476 zShift: 0.97 energy: 39110
MCReject   xShift: 7.17968 crossingAngle: -39.4339 axialRotation: -62.9476 zShift: 0.946716 energy: 35965.4
MCReject   xShift: 7.17129 crossingAngle: -39.4339 axialRotation: -62.9476 zShift: 0.97 energy: 39110.1
MCReject   xShift: 7.17968 crossingAngle: -39.4339 axialRotation: -62.9476 zShift: 0.959898 energy: 38603.1
MCReject   xShift: 7.17968 crossingAngle: -39.3797 axialRotation: -62.9476 zShift: 0.97 energy: 39110.4
MCReject   xShift: 7.16609 crossingAngle: -39.4339 axialRotation: -62.9476 zShift: 0.97 energy: 37647.6
MCReject   xShift: 7.17408 crossingAngle: -39.4339 axialRotation: -62.9476 zShift: 0.97 energy: 37648
MCAccept 18 xShift: 7.17968 crossingAngle: -39.4339 axialRotation: -62.9476 zShift: 0.966348 energy: 6769.71
MCReject   xShift: 7.17968 crossingAngle: -39.4339 axialRotation: -62.9476 zShift: 0.949738 energy: 36571
MCReject   xShift: 7.17011 crossingAngle: -39.4339 axialRotation: -62.9476 zShift: 0.966348 energy: 38920.8
MCReject   xShift: 7.17968 crossingAngle: -39.4657 axialRotation: -62.9476 zShift: 0.966348 energy: 37101
MCReject   xShift: 7.17968 crossingAngle: -39.4339 axialRotation: -62.9476 zShift: 0.95907 energy: 36050.6
MCAccept 19 xShift: 7.17968 crossingAngle: -39.3458 axialRotation: -62.9476 zShift: 0.966348 energy: 6769.65
MCReject   xShift: 7.17968 crossingAngle: -39.3458 axialRotation: -62.9476 zShift: 0.975462 energy: 39406.1
MCAccept 20 xShift: 7.17968 crossingAngle: -39.2313 axialRotation: -62.9476 zShift: 0.966348 energy: 6769.65
MCReject   xShift: 7.17968 crossingAngle: -39.2313 axialRotation: -63.056 zShift: 0.966348 energy: 38920.7
MCReject   xShift: 7.17968 crossingAngle: -39.2313 axialRotation: -62.9476 zShift: 0.952844 energy: 37207.1
MCReject   xShift: 7.17968 crossingAngle: -39.2313 axialRotation: -62.9476 zShift: 0.972626 energy: 38048.8
MCReject   xShift: 7.17968 crossingAngle: -39.2313 axialRotation: -63.0307 zShift: 0.966348 energy: 37101.5
MCReject   xShift: 7.17562 crossingAngle: -39.2313 axialRotation: -62.9476 zShift: 0.966348 energy: 37103.3
MCReject   xShift: 7.18572 crossingAngle: -39.2313 axialRotation: -62.9476 zShift: 0.966348 energy: 38920.8
MCReject   xShift: 7.15678 crossingAngle: -39.2313 axialRotation: -62.9476 zShift: 0.966348 energy: 37101.1
MCReject   xShift: 7.18258 crossingAngle: -39.2313 axialRotation: -62.9476 zShift: 0.966348 energy: 38920.7
MCReject   xShift: 7.19567 crossingAngle: -39.2313 axialRotation: -62.9476 zShift: 0.966348 energy: 37101.1
MCReject   xShift: 7.17923 crossingAngle: -39.2313 axialRotation: -62.9476 zShift: 0.966348 energy: 37101.5
MCReject   xShift: 7.15827 crossingAngle: -39.2313 axialRotation: -62.9476 zShift: 0.966348 energy: 38920.8
MCReject   xShift: 7.17968 crossingAngle: -39.0367 axialRotation: -62.9476 zShift: 0.966348 energy: 37103.3
MCReject   xShift: 7.17968 crossingAngle: -39.2313 axialRotation: -62.9476 zShift: 0.990372 energy: 6885.8
MCReject   xShift: 7.17968 crossingAngle: -39.2313 axialRotation: -62.9476 zShift: 0.976021 energy: 38578.4
MCReject   xShift: 7.17968 crossingAngle: -39.2313 axialRotation: -62.9476 zShift: 0.984325 energy: 39920.3
MCReject   xShift: 7.17968 crossingAngle: -39.3542 axialRotation: -62.9476 zShift: 0.966348 energy: 38920.8
MCReject   xShift: 7.1976 crossingAngle: -39.2313 axialRotation: -62.9476 zShift: 0.966348 energy: 38920.8
MCReject   xShift: 7.18765 crossingAngle: -39.2313 axialRotation: -62.9476 zShift: 0.966348 energy: 38920.8
MCReject   xShift: 7.17968 crossingAngle: -39.3251 axialRotation: -62.9476 zShift: 0.966348 energy: 38920.8
MCReject   xShift: 7.17968 crossingAngle: -39.2313 axialRotation: -63.0745 zShift: 0.966348 energy: 38920.7
MCReject   xShift: 7.17968 crossingAngle: -39.1712 axialRotation: -62.9476 zShift: 0.966348 energy: 37101.5
MCReject   xShift: 7.17968 crossingAngle: -39.2607 axialRotation: -62.9476 zShift: 0.966348 energy: 38920.8
MCReject   xShift: 7.17968 crossingAngle: -39.2313 axialRotation: -62.8481 zShift: 0.966348 energy: 37101.5
MCReject   xShift: 7.17968 crossingAngle: -39.2313 axialRotation: -62.9274 zShift: 0.966348 energy: 37101.5
MCReject   xShift: 7.17968 crossingAngle: -39.2409 axialRotation: -62.9476 zShift: 0.966348 energy: 37101.1
MCReject   xShift: 7.17968 crossingAngle: -39.2313 axialRotation: -62.9476 zShift: 0.956987 energy: 38077.6
MCReject   xShift: 7.16961 crossingAngle: -39.2313 axialRotation: -62.9476 zShift: 0.966348 energy: 38920.7
MCReject   xShift: 7.17968 crossingAngle: -39.2102 axialRotation: -62.9476 zShift: 0.966348 energy: 38920.7
MCReject   xShift: 7.1779 crossingAngle: -39.2313 axialRotation: -62.9476 zShift: 0.966348 energy: 38920.8
MCReject   xShift: 7.17968 crossingAngle: -39.2313 axialRotation: -62.9439 zShift: 0.966348 energy: 38920.7
MCReject   xShift: 7.17968 crossingAngle: -39.2313 axialRotation: -62.9433 zShift: 0.966348 energy: 38920.8
MCReject   xShift: 7.17968 crossingAngle: -39.3792 axialRotation: -62.9476 zShift: 0.966348 energy: 38920.7
MCAccept 21 xShift: 7.18164 crossingAngle: -39.2313 axialRotation: -62.9476 zShift: 0.966348 energy: 6769.71
MCReject   xShift: 7.18164 crossingAngle: -39.2313 axialRotation: -62.8932 zShift: 0.966348 energy: 38920.8
MCAccept 22 xShift: 7.18164 crossingAngle: -39.1252 axialRotation: -62.9476 zShift: 0.966348 energy: 6769.71
MCReject   xShift: 7.18164 crossingAngle: -39.0159 axialRotation: -62.9476 zShift: 0.966348 energy: 37101.5
MCReject   xShift: 7.18164 crossingAngle: -39.1252 axialRotation: -62.9476 zShift: 0.951151 energy: 34961.5
MCAccept 23 xShift: 7.18164 crossingAngle: -39.1252 axialRotation: -62.7557 zShift: 0.966348 energy: 6769.71
MCReject   xShift: 7.18164 crossingAngle: -39.0177 axialRotation: -62.7557 zShift: 0.966348 energy: 38920.7
MCReject   xShift: 7.18164 crossingAngle: -39.1252 axialRotation: -62.7557 zShift: 0.953192 energy: 35237.1
MCReject   xShift: 7.17842 crossingAngle: -39.1252 axialRotation: -62.7557 zShift: 0.966348 energy: 38920.7
MCReject   xShift: 7.18164 crossingAngle: -39.1157 axialRotation: -62.7557 zShift: 0.966348 energy: 38920.7
MCReject   xShift: 7.17574 crossingAngle: -39.1252 axialRotation: -62.7557 zShift: 0.966348 energy: 38920.7
MCReject   xShift: 7.16015 crossingAngle: -39.1252 axialRotation: -62.7557 zShift: 0.966348 energy: 37101
MCReject   xShift: 7.17503 crossingAngle: -39.1252 axialRotation: -62.7557 zShift: 0.966348 energy: 38920.7
MCReject   xShift: 7.18164 crossingAngle: -39.1252 axialRotation: -62.8976 zShift: 0.966348 energy: 37101.5
MCReject   xShift: 7.18164 crossingAngle: -39.1252 axialRotation: -62.7999 zShift: 0.966348 energy: 38920.8
MCReject   xShift: 7.18164 crossingAngle: -39.1252 axialRotation: -62.7144 zShift: 0.966348 energy: 37101.1
MCReject   xShift: 7.17921 crossingAngle: -39.1252 axialRotation: -62.7557 zShift: 0.966348 energy: 38920.7
MCReject   xShift: 7.18083 crossingAngle: -39.1252 axialRotation: -62.7557 zShift: 0.966348 energy: 37101.5
MCReject   xShift: 7.18164 crossingAngle: -39.1156 axialRotation: -62.7557 zShift: 0.966348 energy: 37101.1
MCReject   xShift: 7.18164 crossingAngle: -39.1252 axialRotation: -62.675 zShift: 0.966348 energy: 38921.2
MCReject   xShift: 7.18164 crossingAngle: -39.043 axialRotation: -62.7557 zShift: 0.966348 energy: 37101.5
MCReject   xShift: 7.17927 crossingAngle: -39.1252 axialRotation: -62.7557 zShift: 0.966348 energy: 38920.7
MCReject   xShift: 7.18164 crossingAngle: -39.1252 axialRotation: -62.7557 zShift: 0.97307 energy: 39274.5
MCReject   xShift: 7.18164 crossingAngle: -39.1252 axialRotation: -62.7438 zShift: 0.966348 energy: 38920.7
MCReject   xShift: 7.18164 crossingAngle: -39.1252 axialRotation: -62.801 zShift: 0.966348 energy: 38921.2
MCReject   xShift: 7.18164 crossingAngle: -39.1252 axialRotation: -62.7557 zShift: 0.962856 energy: 38746.6
MCReject   xShift: 7.1934 crossingAngle: -39.1252 axialRotation: -62.7557 zShift: 0.966348 energy: 37101.5
MCReject   xShift: 7.18164 crossingAngle: -39.1252 axialRotation: -62.7736 zShift: 0.966348 energy: 37101
MCReject   xShift: 7.18164 crossingAngle: -38.935 axialRotation: -62.7557 zShift: 0.966348 energy: 38920.7
MCReject   xShift: 7.18164 crossingAngle: -39.1252 axialRotation: -62.837 zShift: 0.966348 energy: 37101
MCReject   xShift: 7.1891 crossingAngle: -39.1252 axialRotation: -62.7557 zShift: 0.966348 energy: 38920.7
MCReject   xShift: 7.18164 crossingAngle: -39.1252 axialRotation: -62.7557 zShift: 0.958909 energy: 38490.4
MCReject   xShift: 7.18164 crossingAngle: -39.2181 axialRotation: -62.7557 zShift: 0.966348 energy: 38921.1
MCReject   xShift: 7.18164 crossingAngle: -39.054 axialRotation: -62.7557 zShift: 0.966348 energy: 37101
MCReject   xShift: 7.18164 crossingAngle: -39.1252 axialRotation: -62.7557 zShift: 0.955429 energy: 37747.7
MCReject   xShift: 7.18164 crossingAngle: -39.0671 axialRotation: -62.7557 zShift: 0.966348 energy: 37103.3
MCReject   xShift: 7.18319 crossingAngle: -39.1252 axialRotation: -62.7557 zShift: 0.966348 energy: 37103.3
MCReject   xShift: 7.18164 crossingAngle: -39.1806 axialRotation: -62.7557 zShift: 0.966348 energy: 38920.7
MCAccept 24 xShift: 7.18164 crossingAngle: -39.1252 axialRotation: -62.7557 zShift: 0.953007 energy: 6709.94
MCReject   xShift: 7.18164 crossingAngle: -39.1928 axialRotation: -62.7557 zShift: 0.953007 energy: 37240.9
MCReject   xShift: 7.18164 crossingAngle: -39.1252 axialRotation: -62.7186 zShift: 0.953007 energy: 37241
MCReject   xShift: 7.18164 crossingAngle: -39.3562 axialRotation: -62.7557 zShift: 0.953007 energy: 35211.6
MCReject   xShift: 7.18164 crossingAngle: -39.353 axialRotation: -62.7557 zShift: 0.953007 energy: 37241
MCReject   xShift: 7.18164 crossingAngle: -39.2328 axialRotation: -62.7557 zShift: 0.953007 energy: 37240.9
MCReject   xShift: 7.18164 crossingAngle: -38.9686 axialRotation: -62.7557 zShift: 0.953007 energy: 35211.7
MCReject   xShift: 7.18164 crossingAngle: -39.1252 axialRotation: -62.7557 zShift: 0.946557 energy: 34354.6
MCReject   xShift: 7.18164 crossingAngle: -39.1371 axialRotation: -62.7557 zShift: 0.953007 energy: 37241.3
MCAccept 25 xShift: 7.18164 crossingAngle: -39.1731 axialRotation: -62.7557 zShift: 0.953007 energy: 6709.94
MCReject   xShift: 7.18164 crossingAngle: -39.1731 axialRotation: -62.7557 zShift: 0.962148 energy: 38711.9
MCReject   xShift: 7.18164 crossingAngle: -38.9714 axialRotation: -62.7557 zShift: 0.953007 energy: 35213.8
MCReject   xShift: 7.18164 crossingAngle: -39.249 axialRotation: -62.7557 zShift: 0.953007 energy: 35212.1
MCReject   xShift: 7.18304 crossingAngle: -39.1731 axialRotation: -62.7557 zShift: 0.953007 energy: 37241.3
MCReject   xShift: 7.18164 crossingAngle: -39.1731 axialRotation: -62.8297 zShift: 0.953007 energy: 35212
MCReject   xShift: 7.18439 crossingAngle: -39.1731 axialRotation: -62.7557 zShift: 0.953007 energy: 35212
MCReject   xShift: 7.18164 crossingAngle: -39.1731 axialRotation: -62.7557 zShift: 0.95825 energy: 35935.2
MCReject   xShift: 7.18164 crossingAngle: -39.1731 axialRotation: -62.6463 zShift: 0.953007 energy: 35211.7
MCAccept 26 xShift: 7.18164 crossingAngle: -39.1731 axialRotation: -62.774 zShift: 0.953007 energy: 6709.94
MCReject   xShift: 7.18164 crossingAngle: -39.1953 axialRotation: -62.774 zShift: 0.953007 energy: 35212
MCReject   xShift: 7.18164 crossingAngle: -39.1731 axialRotation: -62.7911 zShift: 0.953007 energy: 37241
MCReject   xShift: 7.18164 crossingAngle: -39.1731 axialRotation: -62.774 zShift: 0.947404 energy: 36102.6
MCAccept 27 xShift: 7.18164 crossingAngle: -39.0954 axialRotation: -62.774 zShift: 0.953007 energy: 6710
MCReject   xShift: 7.19477 crossingAngle: -39.0954 axialRotation: -62.774 zShift: 0.953007 energy: 37241.3
MCReject   xShift: 7.18164 crossingAngle: -39.0954 axialRotation: -62.7896 zShift: 0.953007 energy: 37241.3
MCReject   xShift: 7.16271 crossingAngle: -39.0954 axialRotation: -62.774 zShift: 0.953007 energy: 35211.7
MCReject   xShift: 7.18164 crossingAngle: -39.0954 axialRotation: -62.774 zShift: 0.951683 energy: 36967.8
MCReject   xShift: 7.18164 crossingAngle: -39.0954 axialRotation: -62.774 zShift: 0.938715 energy: 34422.9
MCReject   xShift: 7.18164 crossingAngle: -39.0927 axialRotation: -62.774 zShift: 0.953007 energy: 37241.3
MCReject   xShift: 7.18164 crossingAngle: -39.0954 axialRotation: -62.774 zShift: 0.95579 energy: 35592.4
MCReject   xShift: 7.19221 crossingAngle: -39.0954 axialRotation: -62.774 zShift: 0.953007 energy: 37240.9
MCReject   xShift: 7.18164 crossingAngle: -39.253 axialRotation: -62.774 zShift: 0.953007 energy: 35213.4
MCReject   xShift: 7.18164 crossingAngle: -39.028 axialRotation: -62.774 zShift: 0.953007 energy: 37241
MCReject   xShift: 7.18164 crossingAngle: -39.1128 axialRotation: -62.774 zShift: 0.953007 energy: 37241.3
MCReject   xShift: 7.17668 crossingAngle: -39.0954 axialRotation: -62.774 zShift: 0.953007 energy: 35211.7
MCReject   xShift: 7.18164 crossingAngle: -39.0954 axialRotation: -62.7696 zShift: 0.953007 energy: 35211.7
MCReject   xShift: 7.1636 crossingAngle: -39.0954 axialRotation: -62.774 zShift: 0.953007 energy: 37240.9
MCReject   xShift: 7.18164 crossingAngle: -39.0954 axialRotation: -62.621 zShift: 0.953007 energy: 35211.7
MCReject   xShift: 7.18164 crossingAngle: -39.0954 axialRotation: -62.8773 zShift: 0.953007 energy: 37240.9
MCReject   xShift: 7.18164 crossingAngle: -39.0954 axialRotation: -62.7038 zShift: 0.953007 energy: 35212
MCReject   xShift: 7.20009 crossingAngle: -39.0954 axialRotation: -62.774 zShift: 0.953007 energy: 37241
MCReject   xShift: 7.18164 crossingAngle: -39.0954 axialRotation: -62.7933 zShift: 0.953007 energy: 37240.9
MCReject   xShift: 7.18164 crossingAngle: -38.9366 axialRotation: -62.774 zShift: 0.953007 energy: 37241
MCReject   xShift: 7.18164 crossingAngle: -38.9184 axialRotation: -62.774 zShift: 0.953007 energy: 37240.9
MCReject   xShift: 7.18164 crossingAngle: -39.0954 axialRotation: -62.7563 zShift: 0.953007 energy: 35211.7
MCReject   xShift: 7.18164 crossingAngle: -39.1491 axialRotation: -62.774 zShift: 0.953007 energy: 37240.9
MCReject   xShift: 7.18164 crossingAngle: -39.2132 axialRotation: -62.774 zShift: 0.953007 energy: 37240.9
MCReject   xShift: 7.18164 crossingAngle: -39.0954 axialRotation: -62.7316 zShift: 0.953007 energy: 37241
MCReject   xShift: 7.18164 crossingAngle: -39.0954 axialRotation: -62.774 zShift: 0.93305 energy: 33381.8
MCReject   xShift: 7.18164 crossingAngle: -39.1428 axialRotation: -62.774 zShift: 0.953007 energy: 37240.9
MCReject   xShift: 7.18164 crossingAngle: -39.0954 axialRotation: -62.774 zShift: 0.945394 energy: 34203.8
MCReject   xShift: 7.18164 crossingAngle: -39.0954 axialRotation: -62.775 zShift: 0.953007 energy: 37241
MCReject   xShift: 7.18164 crossingAngle: -39.0954 axialRotation: -62.4664 zShift: 0.953007 energy: 35211.7
MCReject   xShift: 7.18164 crossingAngle: -39.0954 axialRotation: -62.774 zShift: 0.948909 energy: 36403.6
MCReject   xShift: 7.18677 crossingAngle: -39.0954 axialRotation: -62.774 zShift: 0.953007 energy: 37241.4
MCAccept 28 xShift: 7.18164 crossingAngle: -39.0954 axialRotation: -62.6557 zShift: 0.953007 energy: 6710
MCReject   xShift: 7.17035 crossingAngle: -39.0954 axialRotation: -62.6557 zShift: 0.953007 energy: 35212.1
MCReject   xShift: 7.18164 crossingAngle: -39.0954 axialRotation: -62.6557 zShift: 0.943772 energy: 35387.9
MCReject   xShift: 7.18164 crossingAngle: -39.0341 axialRotation: -62.6557 zShift: 0.953007 energy: 37241.4
MCReject   xShift: 7.19658 crossingAngle: -39.0954 axialRotation: -62.6557 zShift: 0.953007 energy: 37240.9
MCReject   xShift: 7.18164 crossingAngle: -39.1004 axialRotation: -62.6557 zShift: 0.953007 energy: 35213.8
MCReject   xShift: 7.18164 crossingAngle: -39.0954 axialRotation: -62.6557 zShift: 0.941675 energy: 33729.6
MCReject   xShift: 7.18164 crossingAngle: -38.9784 axialRotation: -62.6557 zShift: 0.953007 energy: 37240.9
MCReject   xShift: 7.18164 crossingAngle: -39.0954 axialRotation: -62.6557 zShift: 0.962773 energy: 38742
MCReject   xShift: 7.18164 crossingAngle: -39.0954 axialRotation: -62.6557 zShift: 0.947607 energy: 36143.1
MCReject   xShift: 7.18164 crossingAngle: -39.2306 axialRotation: -62.6557 zShift: 0.953007 energy: 37241.3
MCReject   xShift: 7.18279 crossingAngle: -39.0954 axialRotation: -62.6557 zShift: 0.953007 energy: 37241
MCReject   xShift: 7.17051 crossingAngle: -39.0954 axialRotation: -62.6557 zShift: 0.953007 energy: 37241
MCReject   xShift: 7.18164 crossingAngle: -39.2016 axialRotation: -62.6557 zShift: 0.953007 energy: 37241
MCReject   xShift: 7.18113 crossingAngle: -39.0954 axialRotation: -62.6557 zShift: 0.953007 energy: 35212.1
MCReject   xShift: 7.18164 crossingAngle: -39.0954 axialRotation: -62.6557 zShift: 0.969128 energy: 39064.6
MCReject   xShift: 7.18164 crossingAngle: -39.0954 axialRotation: -62.6524 zShift: 0.953007 energy: 35212
MCReject   xShift: 7.18164 crossingAngle: -39.2618 axialRotation: -62.6557 zShift: 0.953007 energy: 37240.9
MCAccept 29 xShift: 7.18164 crossingAngle: -39.0954 axialRotation: -62.6557 zShift: 0.94807 energy: 6688.69
MCReject   xShift: 7.18164 crossingAngle: -39.1989 axialRotation: -62.6557 zShift: 0.94807 energy: 34552.6
MCReject   xShift: 7.1866 crossingAngle: -39.0954 axialRotation: -62.6557 zShift: 0.94807 energy: 36235.7
MCReject   xShift: 7.18164 crossingAngle: -39.0954 axialRotation: -62.6373 zShift: 0.94807 energy: 34553
MCReject   xShift: 7.18164 crossingAngle: -39.2129 axialRotation: -62.6557 zShift: 0.94807 energy: 36235.3
MCReject   xShift: 7.18164 crossingAngle: -39.0954 axialRotation: -62.6557 zShift: 0.958683 energy: 35995.6
MCReject   xShift: 7.19882 crossingAngle: -39.0954 axialRotation: -62.6557 zShift: 0.94807 energy: 36235.3
MCReject   xShift: 7.18164 crossingAngle: -39.0954 axialRotation: -62.745 zShift: 0.94807 energy: 36235.3
MCReject   xShift: 7.18164 crossingAngle: -39.0954 axialRotation: -62.8188 zShift: 0.94807 energy: 34552.6
MCAccept 30 xShift: 7.18164 crossingAngle: -39.0954 axialRotation: -62.8256 zShift: 0.94807 energy: 6688.69
MCReject   xShift: 7.15842 crossingAngle: -39.0954 axialRotation: -62.8256 zShift: 0.94807 energy: 34552.6
MCReject   xShift: 7.17496 crossingAngle: -39.0954 axialRotation: -62.8256 zShift: 0.94807 energy: 36235.3
MCReject   xShift: 7.18164 crossingAngle: -39.0954 axialRotation: -62.8256 zShift: 0.946162 energy: 35855.9
MCReject   xShift: 7.18164 crossingAngle: -39.0954 axialRotation: -62.8256 zShift: 0.941288 energy: 33680.8
MCReject   xShift: 7.18164 crossingAngle: -39.0505 axialRotation: -62.8256 zShift: 0.94807 energy: 34553
MCReject   xShift: 7.18164 crossingAngle: -39.0954 axialRotation: -62.7372 zShift: 0.94807 energy: 36235.3
MCReject   xShift: 7.1995 crossingAngle: -39.0954 axialRotation: -62.8256 zShift: 0.94807 energy: 34552.6
MCReject   xShift: 7.18864 crossingAngle: -39.0954 axialRotation: -62.8256 zShift: 0.94807 energy: 36235.3
MCReject   xShift: 7.17723 crossingAngle: -39.0954 axialRotation: -62.8256 zShift: 0.94807 energy: 34552.6
MCAccept 31 xShift: 7.18164 crossingAngle: -39.0946 axialRotation: -62.8256 zShift: 0.94807 energy: 6688.63
MCReject   xShift: 7.18164 crossingAngle: -39.0946 axialRotation: -62.9937 zShift: 0.94807 energy: 36235.3
MCReject   xShift: 7.18164 crossingAngle: -39.2453 axialRotation: -62.8256 zShift: 0.94807 energy: 34553
MCReject   xShift: 7.16417 crossingAngle: -39.0946 axialRotation: -62.8256 zShift: 0.94807 energy: 36235.3
MCReject   xShift: 7.18164 crossingAngle: -39.0946 axialRotation: -62.7535 zShift: 0.94807 energy: 36235.7
MCReject   xShift: 7.20742 crossingAngle: -39.0946 axialRotation: -62.8256 zShift: 0.94807 energy: 34552.6
MCReject   xShift: 7.18164 crossingAngle: -39.0946 axialRotation: -62.8256 zShift: 0.94268 energy: 35176.6
MCReject   xShift: 7.18164 crossingAngle: -39.0946 axialRotation: -62.8511 zShift: 0.94807 energy: 34552.6
MCReject   xShift: 7.18164 crossingAngle: -39.0946 axialRotation: -63.0818 zShift: 0.94807 energy: 36235.7
MCReject   xShift: 7.18164 crossingAngle: -39.0946 axialRotation: -62.9273 zShift: 0.94807 energy: 36235.3
MCReject   xShift: 7.18331 crossingAngle: -39.0946 axialRotation: -62.8256 zShift: 0.94807 energy: 34553.1
MCReject   xShift: 7.18164 crossingAngle: -39.1692 axialRotation: -62.8256 zShift: 0.94807 energy: 34553
MCReject   xShift: 7.18164 crossingAngle: -39.3078 axialRotation: -62.8256 zShift: 0.94807 energy: 36235.3
MCReject   xShift: 7.19574 crossingAngle: -39.0946 axialRotation: -62.8256 zShift: 0.94807 energy: 6688.69
MCReject   xShift: 7.17571 crossingAngle: -39.0946 axialRotation: -62.8256 zShift: 0.94807 energy: 34552.6
MCReject   xShift: 7.18164 crossingAngle: -39.0946 axialRotation: -62.8256 zShift: 0.928985 energy: 32659.7
MCReject   xShift: 7.18046 crossingAngle: -39.0946 axialRotation: -62.8256 zShift: 0.94807 energy: 36235.3
MCReject   xShift: 7.19185 crossingAngle: -39.0946 axialRotation: -62.8256 zShift: 0.94807 energy: 36235.3
MCReject   xShift: 7.18164 crossingAngle: -39.0523 axialRotation: -62.8256 zShift: 0.94807 energy: 34552.6
MCReject   xShift: 7.18164 crossingAngle: -39.0946 axialRotation: -62.5612 zShift: 0.94807 energy: 36235.7
MCReject   xShift: 7.18164 crossingAngle: -39.0946 axialRotation: -62.8256 zShift: 0.947963 energy: 36213.9
MCReject   xShift: 7.18164 crossingAngle: -39.0946 axialRotation: -62.9281 zShift: 0.94807 energy: 34552.6
MCReject   xShift: 7.18164 crossingAngle: -39.0946 axialRotation: -62.8256 zShift: 0.92194 energy: 31386.9
MCReject   xShift: 7.18164 crossingAngle: -39.0946 axialRotation: -62.8256 zShift: 0.931059 energy: 33025.5
MCReject   xShift: 7.18164 crossingAngle: -39.1198 axialRotation: -62.8256 zShift: 0.94807 energy: 36235.3
MCReject   xShift: 7.19155 crossingAngle: -39.0946 axialRotation: -62.8256 zShift: 0.94807 energy: 36235.3
MCReject   xShift: 7.18164 crossingAngle: -39.0946 axialRotation: -62.7043 zShift: 0.94807 energy: 34552.6
MCReject   xShift: 7.18057 crossingAngle: -39.0946 axialRotation: -62.8256 zShift: 0.94807 energy: 36235.3
MCReject   xShift: 7.18164 crossingAngle: -39.0946 axialRotation: -62.7017 zShift: 0.94807 energy: 34552.6
MCReject   xShift: 7.18164 crossingAngle: -39.2925 axialRotation: -62.8256 zShift: 0.94807 energy: 34552.6
MCReject   xShift: 7.18164 crossingAngle: -39.0311 axialRotation: -62.8256 zShift: 0.94807 energy: 34553
MCReject   xShift: 7.17432 crossingAngle: -39.0946 axialRotation: -62.8256 zShift: 0.94807 energy: 36235.3
MCReject   xShift: 7.18164 crossingAngle: -39.0303 axialRotation: -62.8256 zShift: 0.94807 energy: 34553.1
MCReject   xShift: 7.18164 crossingAngle: -39.097 axialRotation: -62.8256 zShift: 0.94807 energy: 36235.3
MCReject   xShift: 7.18164 crossingAngle: -39.0946 axialRotation: -62.8256 zShift: 0.938355 energy: 34355.5
MCReject   xShift: 7.18164 crossingAngle: -39.1197 axialRotation: -62.8256 zShift: 0.94807 energy: 34553
MCReject   xShift: 7.18164 crossingAngle: -39.0946 axialRotation: -62.9294 zShift: 0.94807 energy: 36235.3
MCReject   xShift: 7.18164 crossingAngle: -39.0946 axialRotation: -62.8256 zShift: 0.9623 energy: 36510.4
MCReject   xShift: 7.18164 crossingAngle: -39.0946 axialRotation: -62.6667 zShift: 0.94807 energy: 36235.3
MCReject   xShift: 7.18164 crossingAngle: -38.9389 axialRotation: -62.8256 zShift: 0.94807 energy: 36235.3
MCReject   xShift: 7.18164 crossingAngle: -39.0946 axialRotation: -62.8256 zShift: 0.974951 energy: 39377.8
MCReject   xShift: 7.18164 crossingAngle: -39.0946 axialRotation: -62.788 zShift: 0.94807 energy: 36235.3
MCReject   xShift: 7.18164 crossingAngle: -39.0946 axialRotation: -62.8497 zShift: 0.94807 energy: 34552.6
MCReject   xShift: 7.18164 crossingAngle: -39.0946 axialRotation: -62.9812 zShift: 0.94807 energy: 36235.7
MCReject   xShift: 7.18164 crossingAngle: -39.0946 axialRotation: -62.8256 zShift: 0.959259 energy: 6737.52
MCReject   xShift: 7.19759 crossingAngle: -39.0946 axialRotation: -62.8256 zShift: 0.94807 energy: 36235.3
MCReject   xShift: 7.17625 crossingAngle: -39.0946 axialRotation: -62.8256 zShift: 0.94807 energy: 36235.3
MCReject   xShift: 7.18164 crossingAngle: -39.0946 axialRotation: -62.8256 zShift: 0.937368 energy: 34171.5
MCReject   xShift: 7.18164 crossingAngle: -39.0146 axialRotation: -62.8256 zShift: 0.94807 energy: 36235.3
MCReject   xShift: 7.15853 crossingAngle: -39.0946 axialRotation: -62.8256 zShift: 0.94807 energy: 36235.3
MCReject   xShift: 7.18164 crossingAngle: -38.874 axialRotation: -62.8256 zShift: 0.94807 energy: 36235.7
MCReject   xShift: 7.18164 crossingAngle: -39.0946 axialRotation: -62.781 zShift: 0.94807 energy: 34553.1
MCReject   xShift: 7.18164 crossingAngle: -39.0946 axialRotation: -62.832 zShift: 0.94807 energy: 34552.6
MCReject   xShift: 7.19538 crossingAngle: -39.0946 axialRotation: -62.8256 zShift: 0.94807 energy: 36235.3
MCReject   xShift: 7.18164 crossingAngle: -39.0946 axialRotation: -62.915 zShift: 0.94807 energy: 34552.6
MCReject   xShift: 7.18164 crossingAngle: -39.0946 axialRotation: -62.8256 zShift: 0.95584 energy: 35599.3
MCReject   xShift: 7.1683 crossingAngle: -39.0946 axialRotation: -62.8256 zShift: 0.94807 energy: 6688.69
MCReject   xShift: 7.1876 crossingAngle: -39.0946 axialRotation: -62.8256 zShift: 0.94807 energy: 34552.6
MCReject   xShift: 7.18164 crossingAngle: -39.0946 axialRotation: -62.7934 zShift: 0.94807 energy: 36235.3
MCReject   xShift: 7.18164 crossingAngle: -39.0946 axialRotation: -62.8256 zShift: 0.944674 energy: 35563.4
MCReject   xShift: 7.18164 crossingAngle: -39.0982 axialRotation: -62.8256 zShift: 0.94807 energy: 34553.1
MCReject   xShift: 7.18088 crossingAngle: -39.0946 axialRotation: -62.8256 zShift: 0.94807 energy: 36235.3
MCReject   xShift: 7.18164 crossingAngle: -39.2701 axialRotation: -62.8256 zShift: 0.94807 energy: 36235.3
MCReject   xShift: 7.18737 crossingAngle: -39.0946 axialRotation: -62.8256 zShift: 0.94807 energy: 36235.7
MCReject   xShift: 7.18164 crossingAngle: -39.1378 axialRotation: -62.8256 zShift: 0.94807 energy: 36235.3
MCReject   xShift: 7.18164 crossingAngle: -39.0946 axialRotation: -62.8256 zShift: 0.954416 energy: 35403.6
MCReject   xShift: 7.18923 crossingAngle: -39.0946 axialRotation: -62.8256 zShift: 0.94807 energy: 34554.3
MCReject   xShift: 7.18164 crossingAngle: -39.0347 axialRotation: -62.8256 zShift: 0.94807 energy: 34553
MCReject   xShift: 7.18164 crossingAngle: -39.0946 axialRotation: -62.7637 zShift: 0.94807 energy: 36235.7
MCReject   xShift: 7.18164 crossingAngle: -39.0946 axialRotation: -62.8256 zShift: 0.9616 energy: 36409.8
MCReject   xShift: 7.18164 crossingAngle: -39.0946 axialRotation: -62.8256 zShift: 0.929894 energy: 32819.2
MCReject   xShift: 7.18342 crossingAngle: -39.0946 axialRotation: -62.8256 zShift: 0.94807 energy: 36235.3
MCReject   xShift: 7.18164 crossingAngle: -39.1196 axialRotation: -62.8256 zShift: 0.94807 energy: 36235.3
MCReject   xShift: 7.18164 crossingAngle: -39.0946 axialRotation: -62.8256 zShift: 0.948917 energy: 36405.4
MCReject   xShift: 7.18164 crossingAngle: -39.0946 axialRotation: -62.9236 zShift: 0.94807 energy: 34554.8
MCReject   xShift: 7.17933 crossingAngle: -39.0946 axialRotation: -62.8256 zShift: 0.94807 energy: 36235.3
MCReject   xShift: 7.18164 crossingAngle: -39.0946 axialRotation: -62.8037 zShift: 0.94807 energy: 34552.6
MCReject   xShift: 7.19088 crossingAngle: -39.0946 axialRotation: -62.8256 zShift: 0.94807 energy: 36235.3
MCReject   xShift: 7.17396 crossingAngle: -39.0946 axialRotation: -62.8256 zShift: 0.94807 energy: 36235.3
MCReject   xShift: 7.18164 crossingAngle: -39.0946 axialRotation: -62.9601 zShift: 0.94807 energy: 6688.69
MCReject   xShift: 7.18164 crossingAngle: -39.0946 axialRotation: -62.8256 zShift: 0.943836 energy: 35400.2
MCReject   xShift: 7.18164 crossingAngle: -39.0946 axialRotation: -62.8256 zShift: 0.966471 energy: 38926.9
MCReject   xShift: 7.18164 crossingAngle: -39.1809 axialRotation: -62.8256 zShift: 0.94807 energy: 36235.3
MCReject   xShift: 7.18858 crossingAngle: -39.0946 axialRotation: -62.8256 zShift: 0.94807 energy: 36235.3
MCReject   xShift: 7.18164 crossingAngle: -39.0946 axialRotation: -62.7448 zShift: 0.94807 energy: 34553
MCReject   xShift: 7.17106 crossingAngle: -39.0946 axialRotation: -62.8256 zShift: 0.94807 energy: 36235.3
MCReject   xShift: 7.18164 crossingAngle: -39.0946 axialRotation: -62.8256 zShift: 0.941288 energy: 33680.3
MCReject   xShift: 7.18164 crossingAngle: -39.0946 axialRotation: -62.9269 zShift: 0.94807 energy: 36235.7
MCReject   xShift: 7.18164 crossingAngle: -38.7772 axialRotation: -62.8256 zShift: 0.94807 energy: 34553.1
MCReject   xShift: 7.18599 crossingAngle: -39.0946 axialRotation: -62.8256 zShift: 0.94807 energy: 34554.3
MCReject   xShift: 7.20258 crossingAngle: -39.0946 axialRotation: -62.8256 zShift: 0.94807 energy: 36235.3
MCReject   xShift: 7.18164 crossingAngle: -39.182 axialRotation: -62.8256 zShift: 0.94807 energy: 36235.3
MCReject   xShift: 7.18164 crossingAngle: -39.1364 axialRotation: -62.8256 zShift: 0.94807 energy: 36235.3
MCReject   xShift: 7.18164 crossingAngle: -39.0946 axialRotation: -62.8256 zShift: 0.951526 energy: 36935.7
MCReject   xShift: 7.18164 crossingAngle: -39.0467 axialRotation: -62.8256 zShift: 0.94807 energy: 36235.3
MCReject   xShift: 7.19358 crossingAngle: -39.0946 axialRotation: -62.8256 zShift: 0.94807 energy: 6688.69
MCAccept 32 xShift: 7.18164 crossingAngle: -39.0946 axialRotation: -62.7236 zShift: 0.94807 energy: 6688.63
MCReject   xShift: 7.18164 crossingAngle: -39.1271 axialRotation: -62.7236 zShift: 0.94807 energy: 34552.6
MCReject   xShift: 7.18164 crossingAngle: -39.0946 axialRotation: -62.7201 zShift: 0.94807 energy: 36235.3
MCReject   xShift: 7.18069 crossingAngle: -39.0946 axialRotation: -62.7236 zShift: 0.94807 energy: 34553
MCReject   xShift: 7.18711 crossingAngle: -39.0946 axialRotation: -62.7236 zShift: 0.94807 energy: 34553
MCReject   xShift: 7.16694 crossingAngle: -39.0946 axialRotation: -62.7236 zShift: 0.94807 energy: 36235.3
MCReject   xShift: 7.18164 crossingAngle: -39.0946 axialRotation: -62.7242 zShift: 0.94807 energy: 34553.1
MCReject   xShift: 7.17291 crossingAngle: -39.0946 axialRotation: -62.7236 zShift: 0.94807 energy: 36235.3
MCReject   xShift: 7.18164 crossingAngle: -39.0946 axialRotation: -62.7236 zShift: 0.93143 energy: 32477.5
MCReject   xShift: 7.18164 crossingAngle: -39.0946 axialRotation: -62.5134 zShift: 0.94807 energy: 34552.6
MCReject   xShift: 7.18164 crossingAngle: -39.0946 axialRotation: -62.8194 zShift: 0.94807 energy: 36235.7
MCReject   xShift: 7.19932 crossingAngle: -39.0946 axialRotation: -62.7236 zShift: 0.94807 energy: 36235.3
MCReject   xShift: 7.18164 crossingAngle: -39.0324 axialRotation: -62.7236 zShift: 0.94807 energy: 34553.1
MCReject   xShift: 7.18164 crossingAngle: -39.0946 axialRotation: -62.717 zShift: 0.94807 energy: 36235.3
MCReject   xShift: 7.18164 crossingAngle: -39.0946 axialRotation: -62.7236 zShift: 0.926467 energy: 32222.4
MCReject   xShift: 7.181 crossingAngle: -39.0946 axialRotation: -62.7236 zShift: 0.94807 energy: 36235.3
MCReject   xShift: 7.18164 crossingAngle: -38.9102 axialRotation: -62.7236 zShift: 0.94807 energy: 36235.3
MCReject   xShift: 7.18164 crossingAngle: -39.0946 axialRotation: -62.7172 zShift: 0.94807 energy: 34552.6
MCReject   xShift: 7.17547 crossingAngle: -39.0946 axialRotation: -62.7236 zShift: 0.94807 energy: 36235.3
MCReject   xShift: 7.18164 crossingAngle: -39.0946 axialRotation: -62.5917 zShift: 0.94807 energy: 36235.3
MCReject   xShift: 7.18164 crossingAngle: -39.0946 axialRotation: -62.8856 zShift: 0.94807 energy: 34552.6
MCAccept 33 xShift: 7.18164 crossingAngle: -39.0946 axialRotation: -62.6728 zShift: 0.94807 energy: 6688.63
MCReject   xShift: 7.18164 crossingAngle: -39.0946 axialRotation: -62.7067 zShift: 0.94807 energy: 6688.69
MCReject   xShift: 7.18164 crossingAngle: -39.1031 axialRotation: -62.6728 zShift: 0.94807 energy: 36235.7
MCReject   xShift: 7.18164 crossingAngle: -39.0946 axialRotation: -62.7391 zShift: 0.94807 energy: 6688.69
MCReject   xShift: 7.18164 crossingAngle: -39.1146 axialRotation: -62.6728 zShift: 0.94807 energy: 34553
MCReject   xShift: 7.18164 crossingAngle: -39.0946 axialRotation: -62.6311 zShift: 0.94807 energy: 36235.7
MCReject   xShift: 7.18164 crossingAngle: -39.2241 axialRotation: -62.6728 zShift: 0.94807 energy: 36235.3
MCReject   xShift: 7.18164 crossingAngle: -39.0946 axialRotation: -62.6728 zShift: 0.940745 energy: 33612.1
MCReject   xShift: 7.18164 crossingAngle: -39.0849 axialRotation: -62.6728 zShift: 0.94807 energy: 36235.7
MCReject   xShift: 7.18164 crossingAngle: -39.0946 axialRotation: -62.6649 zShift: 0.94807 energy: 36235.7
MCReject   xShift: 7.18164 crossingAngle: -39.0946 axialRotation: -62.6341 zShift: 0.94807 energy: 36235.3
MCReject   xShift: 7.18164 crossingAngle: -39.2024 axialRotation: -62.6728 zShift: 0.94807 energy: 34553.1
MCReject   xShift: 7.18164 crossingAngle: -39.0946 axialRotation: -62.6728 zShift: 0.957156 energy: 35781.8
MCReject   xShift: 7.18164 crossingAngle: -38.8934 axialRotation: -62.6728 zShift: 0.94807 energy: 34552.6
MCReject   xShift: 7.18164 crossingAngle: -39.0946 axialRotation: -62.6728 zShift: 0.939791 energy: 33493.1
MCReject   xShift: 7.18164 crossingAngle: -39.1675 axialRotation: -62.6728 zShift: 0.94807 energy: 34553.1
MCReject   xShift: 7.18164 crossingAngle: -39.1471 axialRotation: -62.6728 zShift: 0.94807 energy: 34552.6
MCReject   xShift: 7.18164 crossingAngle: -39.0946 axialRotation: -62.6728 zShift: 0.944663 energy: 35561.3
MCReject   xShift: 7.18164 crossingAngle: -39.0946 axialRotation: -62.6728 zShift: 0.975117 energy: 38435.9
MCReject   xShift: 7.18164 crossingAngle: -39.0946 axialRotation: -62.6728 zShift: 0.956471 energy: 35686.6
MCReject   xShift: 7.18164 crossingAngle: -39.0946 axialRotation: -62.4898 zShift: 0.94807 energy: 36235.3
MCReject   xShift: 7.19249 crossingAngle: -39.0946 axialRotation: -62.6728 zShift: 0.94807 energy: 34553.1
MCReject   xShift: 7.18164 crossingAngle: -39.347 axialRotation: -62.6728 zShift: 0.94807 energy: 36235.7
MCReject   xShift: 7.18164 crossingAngle: -39.0946 axialRotation: -62.7601 zShift: 0.94807 energy: 34552.6
MCReject   xShift: 7.18164 crossingAngle: -39.0946 axialRotation: -62.6728 zShift: 0.943991 energy: 35430.4
MCAccept 34 xShift: 7.19515 crossingAngle: -39.0946 axialRotation: -62.6728 zShift: 0.94807 energy: 6688.63
MCReject   xShift: 7.19515 crossingAngle: -39.0946 axialRotation: -62.6059 zShift: 0.94807 energy: 36235.3
MCReject   xShift: 7.19816 crossingAngle: -39.0946 axialRotation: -62.6728 zShift: 0.94807 energy: 36235.3
MCReject   xShift: 7.17838 crossingAngle: -39.0946 axialRotation: -62.6728 zShift: 0.94807 energy: 34552.6
MCReject   xShift: 7.19515 crossingAngle: -39.0946 axialRotation: -62.6728 zShift: 0.943013 energy: 35240.7
MCReject   xShift: 7.19515 crossingAngle: -39.0946 axialRotation: -62.5557 zShift: 0.94807 energy: 34552.6
MCReject   xShift: 7.2121 crossingAngle: -39.0946 axialRotation: -62.6728 zShift: 0.94807 energy: 36235.3
MCReject   xShift: 7.19515 crossingAngle: -38.9909 axialRotation: -62.6728 zShift: 0.94807 energy: 34552.6
MCReject   xShift: 7.19791 crossingAngle: -39.0946 axialRotation: -62.6728 zShift: 0.94807 energy: 36235.3
MCReject   xShift: 7.19515 crossingAngle: -39.0946 axialRotation: -62.8135 zShift: 0.94807 energy: 36235.7
MCReject   xShift: 7.18333 crossingAngle: -39.0946 axialRotation: -62.6728 zShift: 0.94807 energy: 36235.3
MCReject   xShift: 7.19515 crossingAngle: -39.0946 axialRotation: -62.6728 zShift: 0.952328 energy: 6707.04
MCReject   xShift: 7.19241 crossingAngle: -39.0946 axialRotation: -62.6728 zShift: 0.94807 energy: 34554.3
MCReject   xShift: 7.19978 crossingAngle: -39.0946 axialRotation: -62.6728 zShift: 0.94807 energy: 34553.1
MCReject   xShift: 7.19515 crossingAngle: -39.0946 axialRotation: -62.643 zShift: 0.94807 energy: 34553
MCReject   xShift: 7.19515 crossingAngle: -39.0946 axialRotation: -62.6728 zShift: 0.957369 energy: 38159.2
MCReject   xShift: 7.19515 crossingAngle: -39.1525 axialRotation: -62.6728 zShift: 0.94807 energy: 36235.3
MCReject   xShift: 7.19515 crossingAngle: -38.9676 axialRotation: -62.6728 zShift: 0.94807 energy: 36235.3
MCReject   xShift: 7.19515 crossingAngle: -39.2108 axialRotation: -62.6728 zShift: 0.94807 energy: 34552.6
MCReject   xShift: 7.19515 crossingAngle: -39.0837 axialRotation: -62.6728 zShift: 0.94807 energy: 34552.6
MCReject   xShift: 7.19063 crossingAngle: -39.0946 axialRotation: -62.6728 zShift: 0.94807 energy: 36235.3
MCAccept 35 xShift: 7.19515 crossingAngle: -39.0946 axialRotation: -62.7796 zShift: 0.94807 energy: 6688.63
MCReject   xShift: 7.19515 crossingAngle: -39.2591 axialRotation: -62.7796 zShift: 0.94807 energy: 36235.3
MCReject   xShift: 7.19515 crossingAngle: -38.9922 axialRotation: -62.7796 zShift: 0.94807 energy: 36235.3
MCReject   xShift: 7.19515 crossingAngle: -39.0946 axialRotation: -62.9095 zShift: 0.94807 energy: 34552.6
MCReject   xShift: 7.19981 crossingAngle: -39.0946 axialRotation: -62.7796 zShift: 0.94807 energy: 34552.6
MCReject   xShift: 7.21619 crossingAngle: -39.0946 axialRotation: -62.7796 zShift: 0.94807 energy: 34552.6
MCReject   xShift: 7.19515 crossingAngle: -39.1571 axialRotation: -62.7796 zShift: 0.94807 energy: 36235.3
MCReject   xShift: 7.19515 crossingAngle: -39.2248 axialRotation: -62.7796 zShift: 0.94807 energy: 34552.6
MCReject   xShift: 7.19515 crossingAngle: -39.2086 axialRotation: -62.7796 zShift: 0.94807 energy: 6688.69
MCReject   xShift: 7.19515 crossingAngle: -39.0946 axialRotation: -62.7796 zShift: 0.949823 energy: 36588.3
MCReject   xShift: 7.18514 crossingAngle: -39.0946 axialRotation: -62.7796 zShift: 0.94807 energy: 34552.6
MCReject   xShift: 7.19515 crossingAngle: -39.0946 axialRotation: -62.841 zShift: 0.94807 energy: 36235.3
MCReject   xShift: 7.19108 crossingAngle: -39.0946 axialRotation: -62.7796 zShift: 0.94807 energy: 34553
MCReject   xShift: 7.19312 crossingAngle: -39.0946 axialRotation: -62.7796 zShift: 0.94807 energy: 34553
MCReject   xShift: 7.19515 crossingAngle: -39.0946 axialRotation: -62.6486 zShift: 0.94807 energy: 34554.3
MCReject   xShift: 7.19515 crossingAngle: -39.0946 axialRotation: -62.7796 zShift: 0.96317 energy: 36636.6
MCReject   xShift: 7.19515 crossingAngle: -39.0946 axialRotation: -62.7796 zShift: 0.954535 energy: 35419.8
MCReject   xShift: 7.19515 crossingAngle: -39.0946 axialRotation: -62.7796 zShift: 0.959424 energy: 38581.1
MCReject   xShift: 7.19515 crossingAngle: -39.0766 axialRotation: -62.7796 zShift: 0.94807 energy: 34552.6
MCAccept 36 xShift: 7.18206 crossingAngle: -39.0946 axialRotation: -62.7796 zShift: 0.94807 energy: 6688.63
MCReject   xShift: 7.18206 crossingAngle: -39.0526 axialRotation: -62.7796 zShift: 0.94807 energy: 36235.7
MCReject   xShift: 7.18206 crossingAngle: -39.0862 axialRotation: -62.7796 zShift: 0.94807 energy: 36235.3
MCReject   xShift: 7.18206 crossingAngle: -39.0946 axialRotation: -63.0125 zShift: 0.94807 energy: 34553
MCReject   xShift: 7.18206 crossingAngle: -38.9312 axialRotation: -62.7796 zShift: 0.94807 energy: 6688.69
MCReject   xShift: 7.1809 crossingAngle: -39.0946 axialRotation: -62.7796 zShift: 0.94807 energy: 34554.8
MCReject   xShift: 7.17043 crossingAngle: -39.0946 axialRotation: -62.7796 zShift: 0.94807 energy: 36235.3
MCReject   xShift: 7.18206 crossingAngle: -39.0946 axialRotation: -62.7796 zShift: 0.924454 energy: 31878.3
MCReject   xShift: 7.18206 crossingAngle: -39.0946 axialRotation: -62.7709 zShift: 0.94807 energy: 34552.6
MCReject   xShift: 7.18206 crossingAngle: -39.0946 axialRotation: -62.7518 zShift: 0.94807 energy: 36235.3
MCReject   xShift: 7.17778 crossingAngle: -39.0946 axialRotation: -62.7796 zShift: 0.94807 energy: 36235.3
MCReject   xShift: 7.18206 crossingAngle: -39.0946 axialRotation: -62.7796 zShift: 0.944446 energy: 35519
MCReject   xShift: 7.18206 crossingAngle: -39.1631 axialRotation: -62.7796 zShift: 0.94807 energy: 34552.6
Energy #0: 6688.63
***GEOMETRY SHIFT***
xShift;        Before: 7.18; After: 7.18206
crossingAngle; Before: -40.31; After: -39.0946
axialRotation; Before: -62.65; After: -62.7796
zShift;        Before: 0.97; After: 0.94807
Energy;        Before: 1.93016e+10; After: 6688.63

Completed all cycles. Accepted 37/483
Monte Carlo repack complete. Time: 135.617min

Final energy is 6688.63 after repack, indicating clashes. Choose a different geometry
