***STARTING GEOMETRY:***
xShift: 7.18
crossingAngle: -40.31
axialRotation: -62.65
zShift: 0.97

Number of MCCycles: 200
PrevSequence	CurrSequence	PrevEnergy	CurrEnergy	PrevEntropy	CurrEntropy	CurrentTemp
LLLTFLLTLLLGTLLGYLILI	LLLTFLLTLLLGTLLGFLILI	89834.2	6795.41	0.410343	0.410343	999.847
LLLTFLLTLLLGTLLGFLILI	LLLTFLLTILLGTLLGFLILI	6795.45	6798.1	0.452308	0.371157	999.684
LLLTFLLTILLGTLLGFLILI	LLLTFLLGILLGTLLGFLILI	6798.22	6798.41	0.489954	0.34018	999.328
LLLTFLLGILLGTLLGFLILI	LLLTFLLGILLGWLLGFLILI	6798.44	6801.17	0.363705	0.460972	998.708
LLLTFLLGILLGWLLGFLILI	LLLTFLLGILLGLLLGFLILI	6801.63	6800.1	0.924643	0.139351	998.476
LLLTFLLGILLGLLLGFLILI	LLLYFLLGILLGLLLGFLILI	6800.29	6800.73	0.328724	0.505042	997.689
LLLYFLLGILLGLLLGFLILI	LLLYWLLGILLGLLLGFLILI	6800.5	6799.58	0.267575	0.598868	997.394
LLLYWLLGILLGLLLGFLILI	LLLGWLLGILLGLLLGFLILI	6799.19	6800.13	0.213262	0.707856	997.081
LLLGWLLGILLGLLLGFLILI	LLLGYLLGILLGLLLGFLILI	6800.03	6796.98	0.598868	0.267575	996.749
LLLGYLLGILLGLLLGFLILI	LLLGYLLAILLGLLLGFLILI	6797.93	6794.98	1.21066	0.0820187	996.397
LLLGYLLAILLGLLLGFLILI	LLLTYLLAILLGLLLGFLILI	6795.61	6794.26	0.712055	0.21145	996.023
LLLTYLLAILLGLLLGFLILI	LLLGYLLAILLGLLLGFLILI	6794.26	6795.61	0.21145	0.712055	995.626
LLLGYLLAILLGLLLGFLILI	LLLGYLLFILLGLLLGFLILI	6795.07	6795.12	0.174433	0.80848	992.084
LLLGYLLFILLGLLLGFLILI	LLLGWLLFILLGLLLGFLILI	6794.58	6801.02	0.267575	0.598868	990.058
LLLGWLLFILLGLLLGFLILI	LLLGWLLTILLGLLLGFLILI	6800.92	6798.38	0.505042	0.328724	986.74
LLLGWLLTILLGLLLGFLILI	LLLGWLLTLLLGLLLGFLILI	6798.32	6799.93	0.27127	0.592457	985.783
LLLGWLLTLLLGLLLGFLILI	LLLGWLLTFLLGLLLGFLILI	6799.65	6795.51	0.312976	0.526939	983.694
LLLGWLLTFLLGLLLGFLILI	LLLGWLLTFLLGLLLGYLILI	6795.39	6794.48	0.410343	0.410343	982.555
LLLGWLLTFLLGLLLGYLILI	LLLGALLTFLLGLLLGYLILI	6795.15	6795.8	1.0712	0.105861	966.754
LLLGALLTFLLGLLLGYLILI	LLLGALLTILLGLLLGYLILI	6796.17	6798.38	0.47603	0.351222	964.627
LLLGALLTILLGLLLGYLILI	LLLGALLWILLGLLLGYLILI	6798.24	6796.71	0.209355	0.716965	949.095
LLLGALLWILLGLLLGYLILI	LLLGALLWTLLGLLLGYLILI	6796.26	6792.58	0.257708	0.616541	942.693
LLLGALLWTLLGLLLGYLILI	LLLGALLWTLLGLLLGWLILI	6792.11	6797.05	0.148778	0.890414	927.683
LLLGALLWTLLGLLLGWLILI	LLLGALLWTLLGWLLGWLILI	6796.21	6796.55	0.0501843	1.48585	914.227
LLLGALLWTLLGWLLGWLILI	LLLGALLWTLLGWLLGTLILI	6795.96	6792.83	0.895094	0.147448	880.623
LLLGALLWTLLGWLLGTLILI	LLLTALLWTLLGWLLGTLILI	6793.02	6793.42	0.34018	0.489954	859.999
LLLTALLWTLLGWLLGTLILI	LLLAALLWTLLGWLLGTLILI	6793.79	6794.05	0.856576	0.158812	852.504
LLLAALLWTLLGWLLGTLILI	LLLGALLWTLLGWLLGTLILI	6794.09	6791.16	0.197612	0.745602	836.541
LLLGALLWTLLGWLLGTLILI	LLLGALLWTLLGTLLGTLILI	6790.98	6790.98	0.559121	0.291546	800.577
LLLGALLWTLLGTLLGTLILI	LLLYALLWTLLGTLLGTLILI	6791.29	6791.5	0.594419	0.270132	747.845
LLLYALLWTLLGTLLGTLILI	LLLYALLWFLLGTLLGTLILI	6792.24	6793.78	1.0043	0.119894	673.628
LLLYALLWFLLGTLLGTLILI	LLLGALLWFLLGTLLGTLILI	6793.93	6794.07	0.270132	0.594419	660.222
LLLGALLWFLLGTLLGTLILI	LLLGALLWVLLGTLLGTLILI	6793.97	6793.53	0.489394	0.340616	604.196
LLLGALLWVLLGTLLGTLILI	LLLGALLWVLLGLLLGTLILI	6794.04	6795.6	0.849143	0.161118	575.025
LLLGALLWVLLGLLLGTLILI	LLLTALLWVLLGLLLGTLILI	6795.89	6796.06	0.457192	0.366931	545.329
LLLTALLWVLLGLLLGTLILI	LLLTALLWTLLGLLLGTLILI	6795.79	6794.62	0.0952708	1.12845	500.25
LLLTALLWTLLGLLLGTLILI	LLLYALLWTLLGLLLGTLILI	6794.19	6796.48	0.693609	0.219549	485.188
LLLYALLWTLLGLLLGTLILI	LLLGALLWTLLGLLLGTLILI	6796.53	6793.83	0.270132	0.594419	470.152
LLLGALLWTLLGLLLGTLILI	LLLGALLYTLLGLLLGTLILI	6793.84	6790.37	0.598868	0.267575	440.27
LLLGALLYTLLGLLLGTLILI	LLLGALLYTLLGLLLGYLILI	6790.44	6789.34	0.328724	0.505042	381.976
LLLGALLYTLLGLLLGYLILI	LLLGALLYTLLGTLLGYLILI	6788.99	6787.47	0.161118	0.849143	353.943
LLLGALLYTLLGTLLGYLILI	LLLGALLYTLLGTLLGFLILI	6787.58	6787.52	0.952787	0.132101	147.996
LLLGALLYTLLGTLLGFLILI	LLLGALLYTLLGTLLGYLILI	6787.52	6787.5	0.132101	0.952787	140.501
LLLGALLYTLLGTLLGYLILI	LLLYALLYTLLGTLLGYLILI	6786.82	6786.98	0.269472	0.595564	96.4228
LLLYALLYTLLGTLLGYLILI	LLLYALLYTLLGTLLGFLILI	6787.54	6787.18	1.15198	0.0912572	48.4519
Time: 653s
