***STARTING GEOMETRY:***
xShift: 7.16288
crossingAngle: -43.4417
axialRotation: 74.1466
zShift: 3.67608

Number of MCCycles: 100
PrevSequence	CurrSequence	PrevEnergy	CurrEnergy	PrevEntropy	CurrEntropy	CurrentTemp
LLLGLLTGLLTGLLTTLLILI	LLLGLLTGLLTGLLITLLILI	31.6333	31.7783	1.2552	0.0756774	999.684
LLLGLLTGLLTGLLITLLILI	LLLGLLTGLLTGLLIILLILI	32.4851	33.9951	0.782479	0.183612	998.928
LLLGLLTGLLTGLLIILLILI	LLLGLLTGLLTGLLTILLILI	33.9951	32.7424	0.183612	0.782479	998.476
LLLGLLTGLLTGLLTILLILI	LLLGLLTGLLTGLLTTLLILI	32.0356	28.9675	0.0756774	1.2552	997.967
LLLGLLTGLLTGLLTTLLILI	LLLGLLTGLLTGLLTVLLILI	28.9886	30.4998	1.27634	0.0728516	996.749
LLLGLLTGLLTGLLTVLLILI	LLLGLLVGLLTGLLTVLLILI	31.2271	34.0898	0.800152	0.177314	996.023
LLLGLLVGLLTGLLTVLLILI	LLLGLLVGLLTGLLTTLLILI	34.0898	31.998	0.177314	0.800152	995.205
LLLGLLVGLLTGLLTTLLILI	LLLGLLTGLLTGLLTTLLILI	31.2707	28.9886	0.0728516	1.27634	994.285
LLLGLLTGLLTGLLTTLLILI	LLLGLLVGLLTGLLTTLLILI	28.9886	31.2707	1.27634	0.0728516	993.249
LLLGLLVGLLTGLLTTLLILI	LLLGLLVGLLTGLLTVLLILI	31.998	34.0898	0.800152	0.177314	992.084
LLLGLLVGLLTGLLTVLLILI	LLLGLLVGLLTGLLTTLLILI	34.0898	31.998	0.177314	0.800152	990.773
LLLGLLVGLLTGLLTTLLILI	LLLGLLVGLLTGLLITLLILI	32.3059	35.2861	1.10811	0.098896	989.3
LLLGLLVGLLTGLLITLLILI	LLLGLLVGLLTGLLTTLLILI	35.2861	32.3059	0.098896	1.10811	987.644
LLLGLLVGLLTGLLTTLLILI	LLLGLLVGLLIGLLTTLLILI	32.3059	35.5053	1.10811	0.098896	985.783
LLLGLLVGLLIGLLTTLLILI	LLLGLLVGLLIGLLTVLLILI	36.0386	38.3714	0.632162	0.249358	983.694
LLLGLLVGLLIGLLTVLLILI	LLLGLLTGLLIGLLTVLLILI	38.3714	35.2801	0.249358	0.632162	981.348
LLLGLLTGLLIGLLTVLLILI	LLLGLLTGLLIGLLTTLLILI	34.7432	33.0607	0.0952708	1.12845	975.768
LLLGLLTGLLIGLLTTLLILI	LLLGLLTGLLTGLLTTLLILI	32.008	28.9675	0.0756774	1.2552	972.463
LLLGLLTGLLTGLLTTLLILI	LLLGLLTGLLTGLLTVLLILI	28.9886	30.4998	1.27634	0.0728516	968.764
LLLGLLTGLLTGLLTVLLILI	LLLGLLTGLLTGLLTTLLILI	30.4998	28.9886	0.0728516	1.27634	964.627
LLLGLLTGLLTGLLTTLLILI	LLLGLLTGLLTGLLTVLLILI	28.9886	30.4998	1.27634	0.0728516	960.005
LLLGLLTGLLTGLLTVLLILI	LLLGLLTGLLTGLLTTLLILI	30.4998	28.9886	0.0728516	1.27634	954.846
LLLGLLTGLLTGLLTTLLILI	LLLGLLTGLLTGLLITLLILI	28.9675	31.7783	1.2552	0.0756774	949.095
LLLGLLTGLLTGLLITLLILI	LLLGLLTGLLIGLLITLLILI	32.4851	36.0545	0.782479	0.183612	935.578
LLLGLLTGLLIGLLITLLILI	LLLGLLTGLLIGLLTTLLILI	36.0545	32.7148	0.183612	0.782479	927.683
LLLGLLTGLLIGLLTTLLILI	LLLGLLTGLLTGLLTTLLILI	32.008	28.9675	0.0756774	1.2552	918.939
LLLGLLTGLLTGLLTTLLILI	LLLGLLTGLLTGLLTVLLILI	28.9886	30.4998	1.27634	0.0728516	898.621
LLLGLLTGLLTGLLTVLLILI	LLLGLLTGLLTGLLTTLLILI	30.4998	28.9886	0.0728516	1.27634	886.903
LLLGLLTGLLTGLLTTLLILI	LLLGLLTGLLTGLLTVLLILI	28.9886	30.4998	1.27634	0.0728516	844.686
LLLGLLTGLLTGLLTVLLILI	LLLGLLTGLLTGLLIVLLILI	31.535	34.5266	1.10811	0.098896	828.061
LLLGLLTGLLTGLLIVLLILI	LLLGLLTGLLTGLLITLLILI	34.523	32.831	0.0952708	1.12845	810.083
LLLGLLTGLLTGLLITLLILI	LLLGLLTGLLTGLLTTLLILI	31.7783	28.9675	0.0756774	1.2552	790.724
LLLGLLTGLLTGLLTTLLILI	LLLGLLVGLLTGLLTTLLILI	28.9886	31.2707	1.27634	0.0728516	747.845
LLLGLLVGLLTGLLTTLLILI	LLLGLLTGLLTGLLTTLLILI	31.2707	28.9886	0.0728516	1.27634	724.369
LLLGLLTGLLTGLLTTLLILI	LLLGLLVGLLTGLLTTLLILI	28.9886	31.2707	1.27634	0.0728516	699.602
LLLGLLVGLLTGLLTTLLILI	LLLGLLTGLLTGLLTTLLILI	31.2707	28.9886	0.0728516	1.27634	618.524
LLLGLLTGLLTGLLTTLLILI	LLLGLLTGLLTGLLTVLLILI	28.9886	30.4998	1.27634	0.0728516	560.23
LLLGLLTGLLTGLLTVLLILI	LLLGLLTGLLTGLLTTLLILI	30.4998	28.9886	0.0728516	1.27634	530.348
LLLGLLTGLLTGLLTTLLILI	LLLGLLTGLLTGLLTVLLILI	28.9886	30.4998	1.27634	0.0728516	440.27
LLLGLLTGLLTGLLTVLLILI	LLLGLLTGLLTGLLTTLLILI	30.4998	28.9886	0.0728516	1.27634	381.976
Time: 144s
