***STARTING GEOMETRY:***
xShift: 7.07471
crossingAngle: -44.2418
axialRotation: 75.4127
zShift: 3.61436

Number of MCCycles: 100
PrevSequence	CurrSequence	PrevEnergy	CurrEnergy	PrevEntropy	CurrEntropy	CurrentTemp
LLLGLLTGLLTGLLTTLLILI	LLLGLLTGLLTGLLITLLILI	29.6829	29.7613	1.2552	0.0756774	999.684
LLLGLLTGLLTGLLITLLILI	LLLGLLTGLLTGLLTTLLILI	29.7613	26.9837	0.0756774	1.2552	999.328
LLLGLLTGLLTGLLTTLLILI	LLLGLLTGLLTGLLTVLLILI	27.0049	28.4923	1.27634	0.0728516	998.928
LLLGLLTGLLTGLLTVLLILI	LLLGLLVGLLTGLLTVLLILI	29.2196	32.0716	0.800152	0.177314	997.967
LLLGLLVGLLTGLLTVLLILI	LLLGLLVGLLTGLLTTLLILI	32.0716	30.0035	0.177314	0.800152	996.023
LLLGLLVGLLTGLLTTLLILI	LLLGLLVGLLIGLLTTLLILI	30.3114	33.4588	1.10811	0.098896	995.205
LLLGLLVGLLIGLLTTLLILI	LLLGLLVGLLTGLLTTLLILI	33.4588	30.3114	0.098896	1.10811	994.285
LLLGLLVGLLTGLLTTLLILI	LLLGLLVGLLTGLLITLLILI	30.3114	33.2584	1.10811	0.098896	993.249
LLLGLLVGLLTGLLITLLILI	LLLGLLVGLLTGLLIILLILI	33.7761	35.8388	0.616541	0.257708	992.084
LLLGLLVGLLTGLLIILLILI	LLLGLLTGLLTGLLIILLILI	35.7188	33.0379	0.137712	0.930859	990.773
LLLGLLTGLLTGLLIILLILI	LLLGLLTGLLTGLLLILLILI	32.7045	31.2877	0.597532	0.26834	989.3
LLLGLLTGLLTGLLLILLILI	LLLGLLTGLLTGLLTILLILI	31.1315	31.5041	0.112128	1.04019	987.644
LLLGLLTGLLTGLLTILLILI	LLLGLLTGLLTGLLTTLLILI	30.5396	26.9837	0.0756774	1.2552	985.783
LLLGLLTGLLTGLLTTLLILI	LLLGLLTGLLIGLLTTLLILI	26.9837	29.9722	1.2552	0.0756774	983.694
LLLGLLTGLLIGLLTTLLILI	LLLGLLTGLLIGLLTVLLILI	31.025	32.6838	1.12845	0.0952708	981.348
LLLGLLTGLLIGLLTVLLILI	LLLGLLTGLLTGLLTVLLILI	32.6874	29.5276	0.098896	1.10811	978.717
LLLGLLTGLLTGLLTVLLILI	LLLGLLTGLLIGLLTVLLILI	29.5276	32.6874	1.10811	0.098896	972.463
LLLGLLTGLLIGLLTVLLILI	LLLGLLTGLLIGLLTTLLILI	32.6838	31.025	0.0952708	1.12845	968.764
LLLGLLTGLLIGLLTTLLILI	LLLGLLTGLLTGLLTTLLILI	29.9722	26.9837	0.0756774	1.2552	964.627
LLLGLLTGLLTGLLTTLLILI	LLLGLLTGLLTGLLTVLLILI	27.0049	28.4923	1.27634	0.0728516	954.846
LLLGLLTGLLTGLLTVLLILI	LLLGLLTGLLTGLLTTLLILI	28.4923	27.0049	0.0728516	1.27634	949.095
LLLGLLTGLLTGLLTTLLILI	LLLGLLVGLLTGLLTTLLILI	27.0049	29.2762	1.27634	0.0728516	927.683
LLLGLLVGLLTGLLTTLLILI	LLLGLLVGLLTGLLTVLLILI	30.0035	32.0716	0.800152	0.177314	898.621
LLLGLLVGLLTGLLTVLLILI	LLLGLLTGLLTGLLTVLLILI	32.0716	29.2196	0.177314	0.800152	874.051
LLLGLLTGLLTGLLTVLLILI	LLLGLLTGLLTGLLTTLLILI	28.4923	27.0049	0.0728516	1.27634	844.686
LLLGLLTGLLTGLLTTLLILI	LLLGLLTGLLTGLLTVLLILI	27.0049	28.4923	1.27634	0.0728516	810.083
LLLGLLTGLLTGLLTVLLILI	LLLGLLTGLLTGLLTTLLILI	28.4923	27.0049	0.0728516	1.27634	790.724
LLLGLLTGLLTGLLTTLLILI	LLLGLLTGLLYGLLTTLLILI	26.5447	29.6526	0.816184	0.171816	747.845
LLLGLLTGLLYGLLTTLLILI	LLLGLLTGLLTGLLTTLLILI	29.6526	26.5447	0.171816	0.816184	673.628
LLLGLLTGLLTGLLTTLLILI	LLLGLLTGLLTGLLTVLLILI	27.0049	28.4923	1.27634	0.0728516	560.23
LLLGLLTGLLTGLLTVLLILI	LLLGLLTGLLTGLLTTLLILI	28.4923	27.0049	0.0728516	1.27634	530.348
LLLGLLTGLLTGLLTTLLILI	LLLGLLTGLLIGLLTTLLILI	26.9837	29.9722	1.2552	0.0756774	326.872
LLLGLLTGLLIGLLTTLLILI	LLLGLLTGLLTGLLTTLLILI	29.9722	26.9837	0.0756774	1.2552	276.131
LLLGLLTGLLTGLLTTLLILI	LLLGLLTGLLTGLLTVLLILI	27.0049	28.4923	1.27634	0.0728516	172.439
LLLGLLTGLLTGLLTVLLILI	LLLGLLTGLLTGLLTTLLILI	28.4923	27.0049	0.0728516	1.27634	155.814
Time: 74s
