***STARTING GEOMETRY:***
xShift: 7.04
crossingAngle: -38.41
axialRotation: -9.66
zShift: 1.9

Number of MCCycles: 200
PrevSequence	CurrSequence	PrevEnergy	CurrEnergy	PrevEntropy	CurrEntropy	CurrentTemp
LLLYGLLTGLLTGLLTGLILI	LLLYYLLTGLLTGLLTGLILI	68.1398	70.8885	0.453966	0.369715	999.684
LLLYYLLTGLLTGLLTGLILI	LLLYYLLTGLLTGLLTALILI	71.5841	73.708	1.06535	0.107014	999.512
LLLYYLLTGLLTGLLTALILI	LLLYGLLTGLLTGLLTALILI	74.0559	71.023	0.454934	0.368877	999.328
LLLYGLLTGLLTGLLTALILI	LLLGGLLTGLLTGLLTALILI	70.8673	71.929	0.213262	0.707856	998.928
LLLGGLLTGLLTGLLTALILI	LLLGGLLTGLLTGLLIALILI	72.3293	73.9062	1.10811	0.098896	998.476
LLLGGLLTGLLTGLLIALILI	LLLGGLLTGLLTGLLIGLILI	73.8738	71.6018	0.0664989	1.32724	998.229
LLLGGLLTGLLTGLLIGLILI	LLLGGLLTGLLTGLLTGLILI	70.3734	69.2179	0.098896	1.10811	997.967
LLLGGLLTGLLTGLLTGLILI	LLLGGLLYGLLTGLLTGLILI	68.8034	71.549	0.693609	0.219549	997.689
LLLGGLLYGLLTGLLTGLILI	LLLGGLLTGLLTGLLTGLILI	71.549	68.8034	0.219549	0.693609	997.394
LLLGGLLTGLLTGLLTGLILI	LLLGGLLTGLLTGLLTSLILI	69.0964	70.2159	0.986625	0.123935	997.081
LLLGGLLTGLLTGLLTSLILI	LLLGGLLTGLLTGLLLSLILI	70.9411	73.7865	0.849143	0.161118	996.749
LLLGGLLTGLLTGLLLSLILI	LLLGGLLTGLLTGLLLGLILI	73.7493	72.3064	0.123935	0.986625	996.397
LLLGGLLTGLLTGLLLGLILI	LLLGGLLTGLLTGLLTGLILI	71.4809	68.9589	0.161118	0.849143	996.023
LLLGGLLTGLLTGLLTGLILI	LLLGYLLTGLLTGLLTGLILI	68.9128	70.9443	0.803013	0.176318	995.626
LLLGYLLTGLLTGLLTGLILI	LLLGYLLYGLLTGLLTGLILI	71.2111	74.4865	0.443059	0.379341	995.205
LLLGYLLYGLLTGLLTGLILI	LLLGYLLTGLLTGLLTGLILI	74.4865	71.2111	0.379341	0.443059	994.758
LLLGYLLTGLLTGLLTGLILI	LLLYYLLTGLLTGLLTGLILI	71.222	70.8885	0.453966	0.369715	994.285
LLLYYLLTGLLTGLLTGLILI	LLLGYLLTGLLTGLLTGLILI	70.8885	71.222	0.369715	0.453966	993.782
LLLGYLLTGLLTGLLTGLILI	LLLYYLLTGLLTGLLTGLILI	71.222	70.8885	0.453966	0.369715	993.249
LLLYYLLTGLLTGLLTGLILI	LLLYGLLTGLLTGLLTGLILI	70.8885	67.9942	0.369715	0.453966	992.683
LLLYGLLTGLLTGLLTGLILI	LLLYGLLTGLLTGLLIGLILI	68.6484	69.8039	1.10811	0.098896	992.084
LLLYGLLTGLLTGLLIGLILI	LLLYGLLTGLLTGLLTGLILI	69.8039	68.6484	0.098896	1.10811	991.448
LLLYGLLTGLLTGLLTGLILI	LLLGGLLTGLLTGLLTGLILI	67.7166	68.9128	0.176318	0.803013	990.773
LLLGGLLTGLLTGLLTGLILI	LLLYGLLTGLLTGLLTGLILI	68.9128	67.7166	0.803013	0.176318	990.058
LLLYGLLTGLLTGLLTGLILI	LLLGGLLTGLLTGLLTGLILI	67.7166	68.9128	0.176318	0.803013	989.3
LLLGGLLTGLLTGLLTGLILI	LLLYGLLTGLLTGLLTGLILI	68.9128	67.7166	0.803013	0.176318	988.496
LLLYGLLTGLLTGLLTGLILI	LLLYGLLTGLLTGLLTSLILI	68.4221	69.7053	0.88184	0.151251	987.644
LLLYGLLTGLLTGLLTSLILI	LLLYGLLTGLLTGLLTGLILI	69.7053	68.4221	0.151251	0.88184	985.783
LLLYGLLTGLLTGLLTGLILI	LLLYGLLTGLLTGLLIGLILI	68.6484	69.8039	1.10811	0.098896	984.769
LLLYGLLTGLLTGLLIGLILI	LLLGGLLTGLLTGLLIGLILI	69.8813	71.0776	0.176318	0.803013	983.694
LLLGGLLTGLLTGLLIGLILI	LLLYGLLTGLLTGLLIGLILI	71.0776	69.908	0.803013	0.176318	982.555
LLLYGLLTGLLTGLLIGLILI	LLLYGLLYGLLTGLLIGLILI	70.0604	73.241	0.328724	0.505042	981.348
LLLYGLLYGLLTGLLIGLILI	LLLYGLLYGLLTGLLTGLILI	72.8787	71.4812	0.142768	0.911943	980.071
LLLYGLLYGLLTGLLTGLILI	LLLYGLLYGLLTGLLIGLILI	71.4812	72.8787	0.911943	0.142768	978.717
LLLYGLLYGLLTGLLIGLILI	LLLYGLLYGLLTGLLTGLILI	72.8787	71.4812	0.142768	0.911943	977.285
LLLYGLLYGLLTGLLTGLILI	LLLGGLLYGLLTGLLTGLILI	70.8813	71.8578	0.311996	0.528348	974.162
LLLGGLLYGLLTGLLTGLILI	LLLYGLLYGLLTGLLTGLILI	71.8578	70.8813	0.528348	0.311996	972.463
LLLYGLLYGLLTGLLTGLILI	LLLYGLLYGLLTGLLTSLILI	71.4511	72.703	0.88184	0.151251	966.754
LLLYGLLYGLLTGLLTSLILI	LLLYGLLYGLLTGLLTGLILI	72.703	71.4511	0.151251	0.88184	964.627
LLLYGLLYGLLTGLLTGLILI	LLLYGLLYGLLTGLLTALILI	71.7799	73.7337	1.21066	0.0820187	962.38
LLLYGLLYGLLTGLLTALILI	LLLYALLYGLLTGLLTALILI	74.3973	78.0813	0.745602	0.197612	960.005
LLLYALLYGLLTGLLTALILI	LLLYALLYGLLTGLLTGLILI	78.0813	75.5469	0.197612	0.745602	957.496
LLLYALLYGLLTGLLTGLILI	LLLYGLLYGLLTGLLTGLILI	74.8833	71.7799	0.0820187	1.21066	954.846
LLLYGLLYGLLTGLLTGLILI	LLLYGLLYGLLTGLLIGLILI	71.4812	72.8787	0.911943	0.142768	952.048
LLLYGLLYGLLTGLLIGLILI	LLLYGLLYGLLTGLLTGLILI	72.8787	71.4812	0.142768	0.911943	949.095
LLLYGLLYGLLTGLLTGLILI	LLLYGLLTGLLTGLLTGLILI	70.9486	68.015	0.379341	0.443059	945.979
LLLYGLLTGLLTGLLTGLILI	LLLYGLLTGLLYGLLTGLILI	68.015	71.912	0.443059	0.379341	935.578
LLLYGLLTGLLYGLLTGLILI	LLLYALLTGLLYGLLTGLILI	72.7433	75.7288	1.21066	0.0820187	931.732
LLLYALLTGLLYGLLTGLILI	LLLYALLTGLLTGLLTGLILI	76.0261	72.1377	0.379341	0.443059	927.683
LLLYALLTGLLTGLLTGLILI	LLLYGLLTGLLTGLLTGLILI	71.7767	68.7509	0.0820187	1.21066	923.422
LLLYGLLTGLLTGLLTGLILI	LLLYGLLTGLLTGLLIGLILI	68.6484	69.8039	1.10811	0.098896	918.939
LLLYGLLTGLLTGLLIGLILI	LLLYGLLTGLLTGLLISLILI	70.5868	72.2852	0.88184	0.151251	914.227
LLLYGLLTGLLTGLLISLILI	LLLYGLLTGLLTGLLIGLILI	72.2852	70.5868	0.151251	0.88184	909.276
LLLYGLLTGLLTGLLIGLILI	LLLGGLLTGLLTGLLIGLILI	69.8813	71.0776	0.176318	0.803013	904.077
LLLGGLLTGLLTGLLIGLILI	LLLGGLLTGLLTGLLISLILI	71.2612	72.8249	0.986625	0.123935	892.899
LLLGGLLTGLLTGLLISLILI	LLLGYLLTGLLTGLLISLILI	73.4089	75.5483	0.707856	0.213262	886.903
LLLGYLLTGLLTGLLISLILI	LLLGYLLTGLLTGLLTSLILI	75.4339	73.8583	0.098896	1.10811	874.051
LLLGYLLTGLLTGLLTSLILI	LLLGALLTGLLTGLLTSLILI	73.5586	74.2501	0.80848	0.174433	867.179
LLLGALLTGLLTGLLTSLILI	LLLGYLLTGLLTGLLTSLILI	74.2501	73.5586	0.174433	0.80848	859.999
LLLGYLLTGLLTGLLTSLILI	LLLYYLLTGLLTGLLTSLILI	73.119	72.9559	0.368877	0.454934	852.504
LLLYYLLTGLLTGLLTSLILI	LLLGYLLTGLLTGLLTSLILI	72.9559	73.119	0.454934	0.368877	844.686
LLLGYLLTGLLTGLLTSLILI	LLLGGLLTGLLTGLLTSLILI	72.9634	70.7998	0.213262	0.707856	836.541
LLLGGLLTGLLTGLLTSLILI	LLLWGLLTGLLTGLLTSLILI	70.5895	72.5451	0.497607	0.334305	828.061
LLLWGLLTGLLTGLLTSLILI	LLLGGLLTGLLTGLLTSLILI	72.5451	70.6187	0.334305	0.497607	810.083
LLLGGLLTGLLTGLLTSLILI	LLLGGLLTGLLTGLLTGLILI	70.2451	69.0964	0.123935	0.986625	800.577
LLLGGLLTGLLTGLLTGLILI	LLLYGLLTGLLTGLLTGLILI	68.9128	67.7166	0.803013	0.176318	790.724
LLLYGLLTGLLTGLLTGLILI	LLLYGLLTGLLTGLLIGLILI	68.6484	69.8039	1.10811	0.098896	780.523
LLLYGLLTGLLTGLLIGLILI	LLLYGLLTGLLTGLLTGLILI	69.8039	68.6839	0.098896	1.10811	769.974
LLLYGLLTGLLTGLLTGLILI	LLLGGLLTGLLTGLLTGLILI	67.7521	68.9128	0.176318	0.803013	747.845
LLLGGLLTGLLTGLLTGLILI	LLLGGLLYGLLTGLLTGLILI	68.8034	71.549	0.693609	0.219549	736.272
LLLGGLLYGLLTGLLTGLILI	LLLGGLLTGLLTGLLTGLILI	71.549	68.8034	0.219549	0.693609	724.369
LLLGGLLTGLLTGLLTGLILI	LLLYGLLTGLLTGLLTGLILI	68.9128	67.7166	0.803013	0.176318	712.142
LLLYGLLTGLLTGLLTGLILI	LLLYGLLTGLLTGLLTALILI	68.7509	70.7361	1.21066	0.0820187	673.628
LLLYGLLTGLLTGLLTALILI	LLLYGLLTGLLTGLLTGLILI	70.7361	68.7509	0.0820187	1.21066	646.557
LLLYGLLTGLLTGLLTGLILI	LLLYGLLTGLLTGLLIGLILI	68.6484	69.8039	1.10811	0.098896	632.651
LLLYGLLTGLLTGLLIGLILI	LLLYGLLTGLLTGLLISLILI	70.5868	72.2585	0.88184	0.151251	589.688
LLLYGLLTGLLTGLLISLILI	LLLYGLLTGLLTGLLIGLILI	72.2585	70.5868	0.151251	0.88184	575.025
LLLYGLLTGLLTGLLIGLILI	LLLYYLLTGLLTGLLIGLILI	70.159	73.0533	0.453966	0.369715	545.329
LLLYYLLTGLLTGLLIGLILI	LLLYGLLTGLLTGLLIGLILI	73.0533	70.159	0.369715	0.453966	530.348
LLLYGLLTGLLTGLLIGLILI	LLLYGLLTGLLTGLLTGLILI	69.8039	68.68	0.098896	1.10811	515.312
LLLYGLLTGLLTGLLTGLILI	LLLYGLLYGLLTGLLTGLILI	68.015	70.9486	0.443059	0.379341	500.25
LLLYGLLYGLLTGLLTGLILI	LLLYGLLTGLLTGLLTGLILI	70.9486	67.9833	0.379341	0.443059	485.188
LLLYGLLTGLLTGLLTGLILI	LLLGGLLTGLLTGLLTGLILI	67.7166	68.9128	0.176318	0.803013	455.171
LLLGGLLTGLLTGLLTGLILI	LLLYGLLTGLLTGLLTGLILI	68.9128	67.7166	0.803013	0.176318	440.27
LLLYGLLTGLLTGLLTGLILI	LLLYGLLYGLLTGLLTGLILI	67.9833	70.9486	0.443059	0.379341	425.475
LLLYGLLYGLLTGLLTGLILI	LLLYGLLYGLLTGLLTALILI	71.7799	73.7337	1.21066	0.0820187	410.812
LLLYGLLYGLLTGLLTALILI	LLLYGLLTGLLTGLLTALILI	74.0311	71.0655	0.379341	0.443059	396.304
LLLYGLLTGLLTGLLTALILI	LLLGGLLTGLLTGLLTALILI	70.8357	71.8998	0.213262	0.707856	367.849
LLLGGLLTGLLTGLLTALILI	LLLGGLLTGLLTGLLTGLILI	71.2585	69.437	0.0664989	1.32724	353.943
LLLGGLLTGLLTGLLTGLILI	LLLYGLLTGLLTGLLTGLILI	68.9128	67.7166	0.803013	0.176318	340.278
LLLYGLLTGLLTGLLTGLILI	LLLYGLLYGLLTGLLTGLILI	67.9833	70.9486	0.443059	0.379341	313.74
LLLYGLLYGLLTGLLTGLILI	LLLYGLLTGLLTGLLTGLILI	70.9486	67.9833	0.379341	0.443059	288.358
LLLYGLLTGLLTGLLTGLILI	LLLYGLLTGLLTGLLIGLILI	68.6484	69.8039	1.10811	0.098896	181.257
LLLYGLLTGLLTGLLIGLILI	LLLYGLLTGLLTGLLTGLILI	69.8039	68.6484	0.098896	1.10811	126.449
Time: 370s
