***STARTING GEOMETRY:***
xShift: 8.54576
crossingAngle: -34.7649
axialRotation: 51.0769
zShift: 5.24152

Number of MCCycles: 100
PrevSequence	CurrSequence	PrevEnergy	CurrEnergy	PrevEntropy	CurrEntropy	CurrentTemp
LLLYLLTALLTGLLTTLLILI	LLLYLLVALLTGLLTTLLILI	-10.5985	-15.5397	1.27634	0.0728516	999.684
LLLYLLVALLTGLLTTLLILI	LLLYLLVALLTGLLFTLLILI	-14.6083	-14.1989	1.0043	0.119894	999.328
LLLYLLVALLTGLLFTLLILI	LLLGLLVALLTGLLFTLLILI	-13.949	-8.14729	0.369715	0.453966	998.928
LLLGLLVALLTGLLFTLLILI	LLLGLLVALLTTLLFTLLILI	-8.3543	-15.9041	0.246959	0.636769	998.476
LLLGLLVALLTTLLFTLLILI	LLLGLLTALLTTLLFTLLILI	-16.468	-18.7184	0.0728516	1.27634	997.967
LLLGLLTALLTTLLFTLLILI	LLLGLLTALLTTLLTTLLILI	-19.9199	-23.1789	0.0748068	1.26162	997.394
LLLGLLTALLTTLLTTLLILI	LLLGLLTGLLTTLLTTLLILI	-24.2865	-21.3218	0.154044	0.872342	996.749
LLLGLLTGLLTTLLTTLLILI	LLLGLLTGLLYTLLTTLLILI	-21.2764	-22.4453	0.917682	0.141213	996.023
LLLGLLTGLLYTLLTTLLILI	LLLGLLTGLLYTLLVTLLILI	-21.3101	-19.2851	1.27634	0.0728516	995.205
LLLGLLTGLLYTLLVTLLILI	LLLGLLTGLLTTLLVTLLILI	-19.1861	-17.8047	0.171816	0.816184	994.285
LLLGLLTGLLTTLLVTLLILI	LLLGLLVGLLTTLLVTLLILI	-17.69	-15.0044	0.930859	0.137712	993.249
LLLGLLVGLLTTLLVTLLILI	LLLGLLVGLLYTLLVTLLILI	-14.4485	-11.6067	0.693609	0.219549	992.084
LLLGLLVGLLYTLLVTLLILI	LLLGLLVGLLYVLLVTLLILI	-11.3403	-8.18216	0.48602	0.343253	990.773
LLLGLLVGLLYVLLVTLLILI	LLLGLLVALLYVLLVTLLILI	-7.65307	-9.46426	0.872342	0.154044	989.3
LLLGLLVALLYVLLVTLLILI	LLLGLLVALLYVLLTTLLILI	-9.27505	-10.1279	0.343253	0.48602	987.644
LLLGLLVALLYVLLTTLLILI	LLLGLLTALLYVLLTTLLILI	-10.4366	-11.6434	0.177314	0.800152	985.783
LLLGLLTALLYVLLTTLLILI	LLLGLLTALLTVLLTTLLILI	-12.2717	-17.807	0.171816	0.816184	983.694
LLLGLLTALLTVLLTTLLILI	LLLGLLTALLTTLLTTLLILI	-18.5642	-23.0459	0.0589809	1.39457	981.348
LLLGLLTALLTTLLTTLLILI	LLLGLLVALLTTLLTTLLILI	-23.0459	-20.8962	1.39457	0.0589809	978.717
LLLGLLVALLTTLLTTLLILI	LLLGLLVALLTTLLTYLLILI	-20.139	-20.6461	0.816184	0.171816	975.768
LLLGLLVALLTTLLTYLLILI	LLLGLLVALLTTLLTTLLILI	-20.6461	-20.139	0.171816	0.816184	972.463
LLLGLLVALLTTLLTTLLILI	LLLGLLVALLYTLLTTLLILI	-20.139	-16.4693	0.816184	0.171816	968.764
LLLGLLVALLYTLLTTLLILI	LLLGLLVALLYTLLTYLLILI	-16.1981	-16.1198	0.443059	0.379341	964.627
LLLGLLVALLYTLLTYLLILI	LLLGLLTALLYTLLTYLLILI	-16.4038	-17.785	0.0952708	1.12845	960.005
LLLGLLTALLYTLLTYLLILI	LLLGLLTALLTTLLTYLLILI	-18.6087	-23.7317	0.30482	0.538845	954.846
LLLGLLTALLTTLLTYLLILI	LLLGLLTALLTTLLTTLLILI	-24.1294	-23.5228	0.141213	0.917682	949.095
LLLGLLTALLTTLLTTLLILI	LLLGLLTALLTVLLTTLLILI	-23.0459	-17.8796	1.39457	0.0589809	942.693
LLLGLLTALLTVLLTTLLILI	LLLGLLTGLLTVLLTTLLILI	-17.7846	-15.5637	0.154044	0.872342	935.578
LLLGLLTGLLTVLLTTLLILI	LLLGLLTGLLTVLLVTLLILI	-15.5052	-15.2417	0.930859	0.137712	927.683
LLLGLLTGLLTVLLVTLLILI	LLLGLLVGLLTVLLVTLLILI	-14.7473	-11.6505	0.632162	0.249358	918.939
LLLGLLVGLLTVLLVTLLILI	LLLGLLVGLLTVLLTTLLILI	-11.6505	-11.6074	0.249358	0.632162	909.276
LLLGLLVGLLTVLLTTLLILI	LLLGLLVGLLTVLLVTLLILI	-11.6074	-11.6505	0.632162	0.249358	898.621
LLLGLLVGLLTVLLVTLLILI	LLLGLLTGLLTVLLVTLLILI	-11.6505	-14.7167	0.249358	0.632162	886.903
LLLGLLTGLLTVLLVTLLILI	LLLGLLTGLLYVLLVTLLILI	-14.6552	-15.4403	0.693609	0.219549	874.051
LLLGLLTGLLYVLLVTLLILI	LLLGLLTGLLYVLLTTLLILI	-15.4825	-14.8462	0.177314	0.800152	859.999
LLLGLLTGLLYVLLTTLLILI	LLLGLLTGLLTVLLTTLLILI	-15.4746	-14.9539	0.171816	0.816184	844.686
LLLGLLTGLLTVLLTTLLILI	LLLGLLTGLLTVLLVTLLILI	-14.8392	-15.2417	0.930859	0.137712	828.061
LLLGLLTGLLTVLLVTLLILI	LLLGLLTGLLYVLLVTLLILI	-14.6858	-15.4403	0.693609	0.219549	810.083
LLLGLLTGLLYVLLVTLLILI	LLLGLLTGLLTVLLVTLLILI	-15.4403	-14.6858	0.219549	0.693609	790.724
LLLGLLTGLLTVLLVTLLILI	LLLGLLTALLTVLLVTLLILI	-14.5071	-17.4444	0.872342	0.154044	769.974
LLLGLLTALLTVLLVTLLILI	LLLGLLTGLLTVLLVTLLILI	-17.4444	-14.5071	0.154044	0.872342	747.845
LLLGLLTGLLTVLLVTLLILI	LLLGLLTGLLTVLLTTLLILI	-15.2417	-15.5052	0.137712	0.930859	724.369
LLLGLLTGLLTVLLTTLLILI	LLLGLLTGLLTVLLYTLLILI	-15.6199	-15.6907	0.816184	0.171816	699.602
LLLGLLTGLLTVLLYTLLILI	LLLGLLTGLLTVLLTTLLILI	-15.6907	-15.6199	0.171816	0.816184	673.628
LLLGLLTGLLTVLLTTLLILI	LLLGLLTGLLTTLLTTLLILI	-16.3771	-20.7684	0.0589809	1.39457	646.557
LLLGLLTGLLTTLLTTLLILI	LLLGLLTALLTTLLTTLLILI	-21.2907	-24.2865	0.872342	0.154044	618.524
LLLGLLTALLTTLLTTLLILI	LLLGLLTALLTTLLTYLLILI	-23.5228	-24.1623	0.917682	0.141213	560.23
LLLGLLTALLTTLLTYLLILI	LLLGLLTALLTTLLTTLLILI	-24.1623	-23.5228	0.141213	0.917682	500.25
LLLGLLTALLTTLLTTLLILI	LLLGLLTALLTTLLTYLLILI	-23.5228	-24.1623	0.917682	0.141213	470.152
LLLGLLTALLTTLLTYLLILI	LLLGLLTALLYTLLTYLLILI	-23.7647	-18.6087	0.538845	0.30482	440.27
LLLGLLTALLYTLLTYLLILI	LLLGLLTGLLYTLLTYLLILI	-18.7594	-21.1566	0.154044	0.872342	410.812
LLLGLLTGLLYTLLTYLLILI	LLLGLLTGLLYTLLTTLLILI	-21.7241	-22.0787	0.30482	0.538845	381.976
LLLGLLTGLLYTLLTTLLILI	LLLGLLTGLLTTLLTTLLILI	-22.4764	-21.2764	0.141213	0.917682	326.872
LLLGLLTGLLTTLLTTLLILI	LLLGLLTALLTTLLTTLLILI	-21.3218	-24.2865	0.872342	0.154044	300.898
LLLGLLTALLTTLLTTLLILI	LLLGLLTALLTTLLTYLLILI	-23.5228	-24.1623	0.917682	0.141213	276.131
LLLGLLTALLTTLLTYLLILI	LLLGLLTALLTTLLTTLLILI	-24.1623	-23.4917	0.141213	0.917682	252.655
LLLGLLTALLTTLLTTLLILI	LLLGLLTALLTTLLTYLLILI	-23.4917	-24.1623	0.917682	0.141213	230.526
Time: 93s
