***STARTING GEOMETRY:***
xShift: 7.26997
crossingAngle: -40.9615
axialRotation: -29.209
zShift: 2.69416

Number of MCCycles: 200
PrevSequence	CurrSequence	PrevEnergy	CurrEnergy	PrevEntropy	CurrEntropy	CurrentTemp
LLLYGLLTGLLIGLLTTLILI	LLLYGLLTGLLVGLLTTLILI	-3.0384	-2.80485	0.42245	0.398479	999.847
LLLYGLLTGLLVGLLTTLILI	LLLYGLLTGLLIGLLTTLILI	-2.80485	-3.35067	0.398479	0.42245	999.684
LLLYGLLTGLLIGLLTTLILI	LLLTGLLTGLLIGLLTTLILI	-3.60131	-2.88826	0.171816	0.816184	999.328
LLLTGLLTGLLIGLLTTLILI	LLLTGLLTGLLVGLLTTLILI	-3.282	-2.70452	0.42245	0.398479	999.134
LLLTGLLTGLLVGLLTTLILI	LLLYGLLTGLLVGLLTTLILI	-2.28681	-3.04318	0.816184	0.171816	998.928
LLLYGLLTGLLVGLLTTLILI	LLLYGLLYGLLVGLLTTLILI	-2.77194	-0.784456	0.443059	0.379341	998.708
LLLYGLLYGLLVGLLTTLILI	LLLYGLLTGLLVGLLTTLILI	-0.784456	-2.75671	0.379341	0.443059	998.476
LLLYGLLTGLLVGLLTTLILI	LLLYGLLTGLLIGLLTTLILI	-2.80129	-3.3764	0.398479	0.42245	998.229
LLLYGLLTGLLIGLLTTLILI	LLLYGLLTGLLIGLLTGLILI	-3.39868	3.1498	0.400165	0.420699	997.967
LLLYGLLTGLLIGLLTGLILI	LLLYGLLTGLLVGLLTGLILI	3.15155	3.7152	0.42245	0.398479	997.689
LLLYGLLTGLLVGLLTGLILI	LLLYGLLTGLLVGLLTTLILI	3.73742	-2.81484	0.420699	0.400165	997.394
LLLYGLLTGLLVGLLTTLILI	LLLTGLLTGLLVGLLTTLILI	-3.04318	-2.30205	0.171816	0.816184	997.081
LLLTGLLTGLLVGLLTTLILI	LLLTGLLTGLLIGLLTTLILI	-2.71975	-3.282	0.398479	0.42245	996.749
LLLTGLLTGLLIGLLTTLILI	LLLTGLLTGLLVGLLTTLILI	-3.282	-2.71975	0.42245	0.398479	996.397
LLLTGLLTGLLVGLLTTLILI	LLLYGLLTGLLVGLLTTLILI	-2.30205	-3.04318	0.816184	0.171816	996.023
LLLYGLLTGLLVGLLTTLILI	LLLYGLLTGLLIGLLTTLILI	-2.81652	-3.3764	0.398479	0.42245	995.205
LLLYGLLTGLLIGLLTTLILI	LLLTGLLTGLLIGLLTTLILI	-3.62703	-2.88826	0.171816	0.816184	994.758
LLLTGLLTGLLIGLLTTLILI	LLLTGLLTGLLIGLLTGLILI	-3.2145	3.16368	0.489954	0.34018	994.285
LLLTGLLTGLLIGLLTGLILI	LLLTGLLTGLLIGLLTTLILI	3.16368	-3.2145	0.34018	0.489954	993.782
LLLTGLLTGLLIGLLTTLILI	LLLTGLLTGLLYGLLTTLILI	-3.50316	-2.96004	0.201285	0.736435	993.249
LLLTGLLTGLLYGLLTTLILI	LLLGGLLTGLLYGLLTTLILI	-3.20652	-3.23782	0.489954	0.34018	992.084
LLLGGLLTGLLYGLLTTLILI	LLLYGLLTGLLYGLLTTLILI	-3.12404	-2.88692	0.453966	0.369715	991.448
LLLYGLLTGLLYGLLTTLILI	LLLYGLLTGLLIGLLTTLILI	-2.20198	-3.68969	1.05465	0.109156	990.773
LLLYGLLTGLLIGLLTTLILI	LLLYGLLYGLLIGLLTTLILI	-3.35579	-1.21822	0.443059	0.379341	990.058
LLLYGLLYGLLIGLLTTLILI	LLLYGLLYGLLIGLLFTLILI	-0.781379	0.510688	0.816184	0.171816	989.3
LLLYGLLYGLLIGLLFTLILI	LLLGGLLYGLLIGLLFTLILI	0.708587	1.14297	0.369715	0.453966	988.496
LLLGGLLYGLLIGLLFTLILI	LLLGGLLYGLLIGLLTTLILI	0.860816	-0.424027	0.171816	0.816184	987.644
LLLGGLLYGLLIGLLTTLILI	LLLYGLLYGLLIGLLTTLILI	-0.786246	-1.22785	0.453966	0.369715	986.74
LLLYGLLYGLLIGLLTTLILI	LLLYGLLTGLLIGLLTTLILI	-1.21822	-3.35579	0.379341	0.443059	985.783
LLLYGLLTGLLIGLLTTLILI	LLLYGLLTGLLIGLLFTLILI	-2.79455	-1.7724	1.0043	0.119894	984.769
LLLYGLLTGLLIGLLFTLILI	LLLTGLLTGLLIGLLFTLILI	-1.67274	-1.10585	0.219549	0.693609	983.694
LLLTGLLTGLLIGLLFTLILI	LLLTGLLTGLLIGLLTTLILI	-1.70734	-2.55762	0.0921195	1.14683	980.071
LLLTGLLTGLLIGLLTTLILI	LLLTGLLTGLLIGLLFTLILI	-2.55762	-1.69212	1.14683	0.0921195	978.717
LLLTGLLTGLLIGLLFTLILI	LLLTGLLTGLLIGLLTTLILI	-1.69212	-2.55762	0.0921195	1.14683	977.285
LLLTGLLTGLLIGLLTTLILI	LLLTGLLTGLLYGLLTTLILI	-3.50316	-2.94481	0.201285	0.736435	975.768
LLLTGLLTGLLYGLLTTLILI	LLLTGLLTGLLYGLLFTLILI	-2.53441	0.753324	1.14683	0.0921195	974.162
LLLTGLLTGLLYGLLFTLILI	LLLTGLLTGLLYGLLTTLILI	0.753324	-2.00904	0.0921195	1.14683	972.463
LLLTGLLTGLLYGLLTTLILI	LLLTGLLVGLLYGLLTTLILI	-1.87953	1.54819	1.27634	0.0728516	970.666
LLLTGLLVGLLYGLLTTLILI	LLLTGLLVGLLIGLLTTLILI	2.21178	0.301178	0.736435	0.201285	968.764
LLLTGLLVGLLIGLLTTLILI	LLLYGLLVGLLIGLLTTLILI	0.793502	0.295862	0.693609	0.219549	966.754
LLLYGLLVGLLIGLLTTLILI	LLLYGLLTGLLIGLLTTLILI	0.171584	-2.6704	0.0952708	1.12845	964.627
LLLYGLLTGLLIGLLTTLILI	LLLTGLLTGLLIGLLTTLILI	-3.62703	-2.88826	0.171816	0.816184	962.38
LLLTGLLTGLLIGLLTTLILI	LLLTGLLTGLLVGLLTTLILI	-3.282	-2.71975	0.42245	0.398479	960.005
LLLTGLLTGLLVGLLTTLILI	LLLYGLLTGLLVGLLTTLILI	-2.30205	-3.02795	0.816184	0.171816	957.496
LLLYGLLTGLLVGLLTTLILI	LLLYGLLTGLLIGLLTTLILI	-2.80129	-3.36116	0.398479	0.42245	954.846
LLLYGLLTGLLIGLLTTLILI	LLLYGLLTGLLVGLLTTLILI	-3.36116	-2.81652	0.42245	0.398479	952.048
LLLYGLLTGLLVGLLTTLILI	LLLYGLLTGLLIGLLTTLILI	-2.81652	-3.3764	0.398479	0.42245	949.095
LLLYGLLTGLLIGLLTTLILI	LLLYGLLYGLLIGLLTTLILI	-3.35579	-1.21822	0.443059	0.379341	939.229
LLLYGLLYGLLIGLLTTLILI	LLLYGLLYGLLVGLLTTLILI	-1.17511	-0.760139	0.42245	0.398479	935.578
LLLYGLLYGLLVGLLTTLILI	LLLYSLLYGLLVGLLTTLILI	-0.404187	2.8379	0.754431	0.19415	931.732
LLLYSLLYGLLVGLLTTLILI	LLLYSLLYGLLIGLLTTLILI	3.04223	2.60749	0.398479	0.42245	927.683
LLLYSLLYGLLIGLLTTLILI	LLLYSLLTGLLIGLLTTLILI	2.56438	1.03218	0.379341	0.443059	923.422
LLLYSLLTGLLIGLLTTLILI	LLLYSLLYGLLIGLLTTLILI	1.03218	2.52874	0.443059	0.379341	918.939
LLLYSLLYGLLIGLLTTLILI	LLLYSLLYGLLVGLLTTLILI	2.57185	3.00907	0.42245	0.398479	914.227
LLLYSLLYGLLVGLLTTLILI	LLLYALLYGLLVGLLTTLILI	3.2528	3.17978	0.642213	0.244161	909.276
LLLYALLYGLLVGLLTTLILI	LLLYSLLYGLLVGLLTTLILI	3.17978	3.29334	0.244161	0.642213	904.077
LLLYSLLYGLLVGLLTTLILI	LLLYALLYGLLVGLLTTLILI	3.29334	3.21676	0.642213	0.244161	898.621
LLLYALLYGLLVGLLTTLILI	LLLYSLLYGLLVGLLTTLILI	3.21676	3.2703	0.244161	0.642213	892.899
LLLYSLLYGLLVGLLTTLILI	LLLYSLLYGLLVGLLFTLILI	3.44427	5.31507	0.816184	0.171816	886.903
LLLYSLLYGLLVGLLFTLILI	LLLGSLLYGLLVGLLFTLILI	5.59819	5.63869	0.454934	0.368877	880.623
LLLGSLLYGLLVGLLFTLILI	LLLGSLLYGLLIGLLFTLILI	5.66829	4.70859	0.398479	0.42245	874.051
LLLGSLLYGLLIGLLFTLILI	LLLGSLLYGLLVGLLFTLILI	4.70859	5.68352	0.42245	0.398479	867.179
LLLGSLLYGLLVGLLFTLILI	LLLGSLLTGLLVGLLFTLILI	5.58986	4.2866	0.30482	0.538845	859.999
LLLGSLLTGLLVGLLFTLILI	LLLYSLLTGLLVGLLFTLILI	4.34218	4.02176	0.594419	0.270132	852.504
LLLYSLLTGLLVGLLFTLILI	LLLYALLTGLLVGLLFTLILI	4.39384	3.77886	0.642213	0.244161	844.686
LLLYALLTGLLVGLLFTLILI	LLLGALLTGLLVGLLFTLILI	3.80483	4.35824	0.270132	0.594419	836.541
LLLGALLTGLLVGLLFTLILI	LLLGALLTGLLVGLLTTLILI	3.88371	2.16493	0.119894	1.0043	828.061
LLLGALLTGLLVGLLTTLILI	LLLYALLTGLLVGLLTTLILI	1.75505	1.24028	0.594419	0.270132	819.243
LLLYALLTGLLVGLLTTLILI	LLLGALLTGLLVGLLTTLILI	1.24028	1.77029	0.270132	0.594419	810.083
LLLGALLTGLLVGLLTTLILI	LLLGALLYGLLVGLLTTLILI	1.86948	3.48246	0.693609	0.219549	800.577
LLLGALLYGLLVGLLTTLILI	LLLGALLTGLLVGLLTTLILI	3.48246	1.87476	0.219549	0.693609	790.724
LLLGALLTGLLVGLLTTLILI	LLLGALLTGLLIGLLTTLILI	1.57963	1.01286	0.398479	0.42245	780.523
LLLGALLTGLLIGLLTTLILI	LLLGALLTGLLIGLLFTLILI	1.59471	2.63805	1.0043	0.119894	769.974
LLLGALLTGLLIGLLFTLILI	LLLGALLTGLLIGLLTTLILI	2.63805	1.57948	0.119894	1.0043	759.081
LLLGALLTGLLIGLLTTLILI	LLLGALLTGLLIGLLFTLILI	1.57948	2.60298	1.0043	0.119894	747.845
LLLGALLTGLLIGLLFTLILI	LLLGSLLTGLLIGLLFTLILI	2.72725	3.16144	0.244161	0.642213	736.272
LLLGSLLTGLLIGLLFTLILI	LLLGALLTGLLIGLLFTLILI	3.16144	2.77754	0.642213	0.244161	724.369
LLLGALLTGLLIGLLFTLILI	LLLYALLTGLLIGLLFTLILI	3.1278	2.56775	0.594419	0.270132	712.142
LLLYALLTGLLIGLLFTLILI	LLLYALLTGLLIGLLTTLILI	2.41751	1.40587	0.119894	1.0043	699.602
LLLYALLTGLLIGLLTTLILI	LLLYALLYGLLIGLLTTLILI	0.844632	2.89455	0.443059	0.379341	686.76
LLLYALLYGLLIGLLTTLILI	LLLYSLLYGLLIGLLTTLILI	2.75937	2.78814	0.244161	0.642213	673.628
LLLYSLLYGLLIGLLTTLILI	LLLGSLLYGLLIGLLTTLILI	2.60086	2.68923	0.454934	0.368877	660.222
LLLGSLLYGLLIGLLTTLILI	LLLGSLLTGLLIGLLTTLILI	2.5399	1.25837	0.219549	0.693609	646.557
LLLGSLLTGLLIGLLTTLILI	LLLYSLLTGLLIGLLTTLILI	1.15918	0.830137	0.594419	0.270132	632.651
LLLYSLLTGLLIGLLTTLILI	LLLGSLLTGLLIGLLTTLILI	0.830137	1.24381	0.270132	0.594419	618.524
LLLGSLLTGLLIGLLTTLILI	LLLYSLLTGLLIGLLTTLILI	1.24381	0.866146	0.594419	0.270132	604.196
LLLYSLLTGLLIGLLTTLILI	LLLYSLLYGLLIGLLTTLILI	1.03907	2.54688	0.443059	0.379341	589.688
LLLYSLLYGLLIGLLTTLILI	LLLYSLLYGLLIGLLFTLILI	2.98373	4.26289	0.816184	0.171816	575.025
LLLYSLLYGLLIGLLFTLILI	LLLYSLLYGLLVGLLFTLILI	4.51352	5.67321	0.42245	0.398479	560.23
LLLYSLLYGLLVGLLFTLILI	LLLYSLLYGLLIGLLFTLILI	5.67321	4.48354	0.398479	0.42245	545.329
LLLYSLLYGLLIGLLFTLILI	LLLYSLLTGLLIGLLFTLILI	4.56614	2.82005	0.505042	0.328724	530.348
LLLYSLLTGLLIGLLFTLILI	LLLYSLLYGLLIGLLFTLILI	2.82005	4.58775	0.328724	0.505042	515.312
LLLYSLLYGLLIGLLFTLILI	LLLYSLLTGLLIGLLFTLILI	4.58775	2.83825	0.505042	0.328724	500.25
LLLYSLLTGLLIGLLFTLILI	LLLYALLTGLLIGLLFTLILI	3.15174	2.557	0.642213	0.244161	485.188
LLLYALLTGLLIGLLFTLILI	LLLYGLLTGLLIGLLFTLILI	2.41986	2.97308	0.107014	1.06535	470.152
LLLYGLLTGLLIGLLFTLILI	LLLYALLTGLLIGLLFTLILI	2.97308	2.4227	1.06535	0.107014	455.171
LLLYALLTGLLIGLLFTLILI	LLLYALLTGLLVGLLFTLILI	2.73814	3.93318	0.42245	0.398479	440.27
LLLYALLTGLLVGLLFTLILI	LLLYALLTGLLVGLLTTLILI	3.65459	1.97165	0.119894	1.0043	425.475
LLLYALLTGLLVGLLTTLILI	LLLYALLTGLLVGLLFTLILI	1.97165	3.66981	1.0043	0.119894	410.812
LLLYALLTGLLVGLLFTLILI	LLLGALLTGLLVGLLFTLILI	3.82005	4.3231	0.270132	0.594419	396.304
LLLGALLTGLLVGLLFTLILI	LLLYALLTGLLVGLLFTLILI	4.3231	3.82005	0.594419	0.270132	381.976
LLLYALLTGLLVGLLFTLILI	LLLYALLTGLLIGLLFTLILI	3.9484	2.73814	0.398479	0.42245	367.849
LLLYALLTGLLIGLLFTLILI	LLLYALLTGLLIGLLTTLILI	2.43558	1.39064	0.119894	1.0043	340.278
LLLYALLTGLLIGLLTTLILI	LLLYALLTGLLVGLLTTLILI	0.808788	1.39776	0.42245	0.398479	313.74
LLLYALLTGLLVGLLTTLILI	LLLYGLLTGLLVGLLTTLILI	1.10629	1.7151	0.107014	1.06535	300.898
LLLYGLLTGLLVGLLTTLILI	LLLYALLTGLLVGLLTTLILI	1.7151	1.07716	1.06535	0.107014	288.358
LLLYALLTGLLVGLLTTLILI	LLLGALLTGLLVGLLTTLILI	1.24028	1.75505	0.270132	0.594419	276.131
LLLGALLTGLLVGLLTTLILI	LLLGALLTGLLIGLLTTLILI	1.55911	0.997629	0.398479	0.42245	264.228
LLLGALLTGLLIGLLTTLILI	LLLGALLTGLLYGLLTTLILI	0.776464	1.33312	0.201285	0.736435	241.419
LLLGALLTGLLYGLLTTLILI	LLLGALLTGLLIGLLTTLILI	1.33312	0.776464	0.736435	0.201285	230.526
LLLGALLTGLLIGLLTTLILI	LLLYALLTGLLIGLLTTLILI	1.1696	0.713557	0.594419	0.270132	219.977
LLLYALLTGLLIGLLTTLILI	LLLYALLTGLLIGLLFTLILI	1.44772	2.42036	1.0043	0.119894	209.776
LLLYALLTGLLIGLLFTLILI	LLLYALLTGLLIGLLTTLILI	2.42036	1.39064	0.119894	1.0043	199.923
LLLYALLTGLLIGLLTTLILI	LLLYALLTGLLIGLLFTLILI	1.39064	2.43558	1.0043	0.119894	172.439
LLLYALLTGLLIGLLFTLILI	LLLYALLTGLLIGLLTTLILI	2.43558	1.39064	0.119894	1.0043	163.959
LLLYALLTGLLIGLLTTLILI	LLLYALLTGLLVGLLTTLILI	0.808788	1.36583	0.42245	0.398479	119.877
LLLYALLTGLLVGLLTTLILI	LLLGALLTGLLVGLLTTLILI	1.23749	1.75505	0.270132	0.594419	107.601
LLLGALLTGLLVGLLTTLILI	LLLYALLTGLLVGLLTTLILI	1.75505	1.23749	0.594419	0.270132	101.879
LLLYALLTGLLVGLLTTLILI	LLLYALLTGLLIGLLTTLILI	1.36583	0.808788	0.398479	0.42245	96.4228
LLLYALLTGLLIGLLTTLILI	LLLGALLTGLLIGLLTTLILI	0.656471	1.20474	0.270132	0.594419	91.2238
LLLGALLTGLLIGLLTTLILI	LLLGSLLTGLLIGLLTTLILI	0.854481	1.22942	0.244161	0.642213	86.2728
LLLGSLLTGLLIGLLTTLILI	LLLYSLLTGLLIGLLTTLILI	1.18163	0.863563	0.594419	0.270132	81.5606
LLLYSLLTGLLIGLLTTLILI	LLLGSLLTGLLIGLLTTLILI	0.863563	1.14395	0.270132	0.594419	77.0783
LLLGSLLTGLLIGLLTTLILI	LLLYSLLTGLLIGLLTTLILI	1.14395	0.845372	0.594419	0.270132	72.8169
LLLYSLLTGLLIGLLTTLILI	LLLYALLTGLLIGLLTTLILI	1.21745	0.627707	0.642213	0.244161	68.7677
Time: 244s
