MCAccept 0 xShift: 8.0804 crossingAngle: -42.94 axialRotation: -3.96 zShift: 3.85 energy: -6.1975
MCAccept 1 xShift: 8.10614 crossingAngle: -42.94 axialRotation: -3.96 zShift: 3.85 energy: -6.1975
MCAccept 2 xShift: 8.09211 crossingAngle: -42.94 axialRotation: -3.96 zShift: 3.85 energy: -6.1975
MCAccept 3 xShift: 8.09211 crossingAngle: -42.94 axialRotation: -3.96 zShift: 3.85255 energy: -6.2056
MCAccept 4 xShift: 8.09211 crossingAngle: -42.94 axialRotation: -3.96 zShift: 3.84494 energy: -6.18143
MCAccept 5 xShift: 8.09211 crossingAngle: -43.013 axialRotation: -3.96 zShift: 3.84494 energy: -6.18143
MCAccept 6 xShift: 8.09211 crossingAngle: -43.013 axialRotation: -3.96 zShift: 3.84153 energy: -6.17056
MCAccept 7 xShift: 8.09039 crossingAngle: -43.013 axialRotation: -3.96 zShift: 3.84153 energy: -6.17056
MCAccept 8 xShift: 8.09039 crossingAngle: -43.013 axialRotation: -3.85968 zShift: 3.84153 energy: -6.17056
MCAccept 9 xShift: 8.09039 crossingAngle: -43.013 axialRotation: -3.8849 zShift: 3.84153 energy: -6.17056
MCAccept 10 xShift: 8.09039 crossingAngle: -43.0726 axialRotation: -3.8849 zShift: 3.84153 energy: -6.17056
MCAccept 11 xShift: 8.09039 crossingAngle: -43.116 axialRotation: -3.8849 zShift: 3.84153 energy: -6.17056
MCAccept 12 xShift: 8.0884 crossingAngle: -43.116 axialRotation: -3.8849 zShift: 3.84153 energy: -6.17056
MCAccept 13 xShift: 8.07697 crossingAngle: -43.116 axialRotation: -3.8849 zShift: 3.84153 energy: -6.17056
MCAccept 14 xShift: 8.07157 crossingAngle: -43.116 axialRotation: -3.8849 zShift: 3.84153 energy: -6.17056
MCAccept 15 xShift: 8.07157 crossingAngle: -43.116 axialRotation: -3.81698 zShift: 3.84153 energy: -6.17056
MCAccept 16 xShift: 8.07157 crossingAngle: -43.116 axialRotation: -3.83137 zShift: 3.84153 energy: -6.17056
MCAccept 17 xShift: 8.0654 crossingAngle: -43.116 axialRotation: -3.83137 zShift: 3.84153 energy: -6.17056
MCAccept 18 xShift: 8.0654 crossingAngle: -43.116 axialRotation: -3.60162 zShift: 3.84153 energy: -6.17056
MCAccept 19 xShift: 8.06084 crossingAngle: -43.116 axialRotation: -3.60162 zShift: 3.84153 energy: -6.17056
MCAccept 20 xShift: 8.06084 crossingAngle: -43.116 axialRotation: -3.60162 zShift: 3.85104 energy: -6.20082
MCAccept 21 xShift: 8.08702 crossingAngle: -43.116 axialRotation: -3.60162 zShift: 3.85104 energy: -6.20082
MCAccept 22 xShift: 8.08702 crossingAngle: -43.1856 axialRotation: -3.60162 zShift: 3.85104 energy: -6.20082
MCAccept 23 xShift: 8.08703 crossingAngle: -43.1856 axialRotation: -3.60162 zShift: 3.85104 energy: -6.20082
MCAccept 24 xShift: 8.08703 crossingAngle: -43.1856 axialRotation: -3.76083 zShift: 3.85104 energy: -6.20082
MCAccept 25 xShift: 8.08703 crossingAngle: -43.1527 axialRotation: -3.76083 zShift: 3.85104 energy: -6.20082
MCAccept 26 xShift: 8.08703 crossingAngle: -43.1527 axialRotation: -3.76083 zShift: 3.84033 energy: -6.16676
MCAccept 27 xShift: 8.08703 crossingAngle: -43.1527 axialRotation: -3.76083 zShift: 3.84119 energy: -6.1695
MCAccept 28 xShift: 8.08703 crossingAngle: -43.1527 axialRotation: -3.91114 zShift: 3.84119 energy: -6.1695
MCAccept 29 xShift: 8.08703 crossingAngle: -43.1548 axialRotation: -3.91114 zShift: 3.84119 energy: -6.1695
MCAccept 30 xShift: 8.08703 crossingAngle: -43.1548 axialRotation: -3.66987 zShift: 3.84119 energy: -6.1695
MCAccept 31 xShift: 8.08703 crossingAngle: -43.1399 axialRotation: -3.66987 zShift: 3.84119 energy: -6.1695
MCAccept 32 xShift: 8.08703 crossingAngle: -43.1399 axialRotation: -3.58595 zShift: 3.84119 energy: -6.1695
MCAccept 33 xShift: 8.08703 crossingAngle: -43.0604 axialRotation: -3.58595 zShift: 3.84119 energy: -6.1695
MCAccept 34 xShift: 8.08703 crossingAngle: -43.1001 axialRotation: -3.58595 zShift: 3.84119 energy: -6.1695
MCAccept 35 xShift: 8.08703 crossingAngle: -43.1001 axialRotation: -3.58595 zShift: 3.83705 energy: -6.15629
MCAccept 36 xShift: 8.08703 crossingAngle: -43.1001 axialRotation: -3.6031 zShift: 3.83705 energy: -6.15629
MCAccept 37 xShift: 8.10107 crossingAngle: -43.1001 axialRotation: -3.6031 zShift: 3.83705 energy: -6.15629
MCAccept 38 xShift: 8.10107 crossingAngle: -43.1001 axialRotation: -3.58079 zShift: 3.83705 energy: -6.15629
MCAccept 39 xShift: 8.10107 crossingAngle: -43.1001 axialRotation: -3.70278 zShift: 3.83705 energy: -6.15629
MCAccept 40 xShift: 8.10893 crossingAngle: -43.1001 axialRotation: -3.70278 zShift: 3.83705 energy: -6.15629
MCAccept 41 xShift: 8.10893 crossingAngle: -43.0268 axialRotation: -3.70278 zShift: 3.83705 energy: -6.15629
MCAccept 42 xShift: 8.10893 crossingAngle: -43.0268 axialRotation: -3.72362 zShift: 3.83705 energy: -6.15629
MCAccept 43 xShift: 8.10893 crossingAngle: -43.0268 axialRotation: -3.72362 zShift: 3.82412 energy: -6.11512
MCAccept 44 xShift: 8.10893 crossingAngle: -43.0268 axialRotation: -3.72362 zShift: 3.82397 energy: -6.11464
MCAccept 45 xShift: 8.10893 crossingAngle: -42.9928 axialRotation: -3.72362 zShift: 3.82397 energy: -6.11464
MCReject   xShift: 8.10893 crossingAngle: -42.9928 axialRotation: -3.72362 zShift: 3.81212 energy: -6.07689
MCAccept 46 xShift: 8.10893 crossingAngle: -42.9928 axialRotation: -3.72362 zShift: 3.83654 energy: -6.15467
MCAccept 47 xShift: 8.10893 crossingAngle: -42.9928 axialRotation: -3.72362 zShift: 3.8399 energy: -6.16539
MCAccept 48 xShift: 8.11061 crossingAngle: -42.9928 axialRotation: -3.72362 zShift: 3.8399 energy: -6.16539
MCAccept 49 xShift: 8.11061 crossingAngle: -42.9928 axialRotation: -3.8399 zShift: 3.8399 energy: -6.16539
MCAccept 50 xShift: 8.11061 crossingAngle: -42.9928 axialRotation: -3.97191 zShift: 3.8399 energy: -6.16539
MCAccept 51 xShift: 8.10614 crossingAngle: -42.9928 axialRotation: -3.97191 zShift: 3.8399 energy: -6.16539
MCAccept 52 xShift: 8.10614 crossingAngle: -42.9263 axialRotation: -3.97191 zShift: 3.8399 energy: -6.16539
MCAccept 53 xShift: 8.10614 crossingAngle: -43.0159 axialRotation: -3.97191 zShift: 3.8399 energy: -6.16539
MCAccept 54 xShift: 8.10614 crossingAngle: -43.0159 axialRotation: -3.97191 zShift: 3.84396 energy: -6.17829
Energy #0: -6.17829
***GEOMETRY SHIFT***
xShift;        Before: 8.08; After: 8.10614
crossingAngle; Before: -42.94; After: -43.0159
axialRotation; Before: -3.96; After: -3.97191
zShift;        Before: 3.85; After: 3.84396
Energy;        Before: 1.3532e+14; After: -6.17829

Reached 51 cycles without improvement of 0.001. Accepted 55/56
Monte Carlo repack complete. Time: 18.1167min

