***STARTING GEOMETRY:***
xShift: 8.10614
crossingAngle: -43.0159
axialRotation: -3.97191
zShift: 3.84396

Number of MCCycles: 200
PrevSequence	CurrSequence	PrevEnergy	CurrEnergy	PrevEntropy	CurrEntropy	CurrentTemp
LLLYYLLTGLLTGLLTTLILI	LLLGYLLTGLLTGLLTTLILI	-2.49034	-2.43873	0.454934	0.368877	999.847
LLLGYLLTGLLTGLLTTLILI	LLLGYLLTGLLTGLLTWLILI	-2.22027	-2.52312	0.58734	0.274265	999.684
LLLGYLLTGLLTGLLTWLILI	LLLTYLLTGLLTGLLTWLILI	-2.52571	-1.8892	0.271676	0.591758	999.328
LLLTYLLTGLLTGLLTWLILI	LLLTYLLTGLLTGLLTTLILI	-2.25231	-1.81736	0.22865	0.673827	999.134
LLLTYLLTGLLTGLLTTLILI	LLLYYLLTGLLTGLLTTLILI	-1.86991	-3.11679	0.62127	0.255144	998.928
LLLYYLLTGLLTGLLTTLILI	LLLYYLLTGLLTGLLVTLILI	-2.0956	0.252438	1.27634	0.0728516	998.708
LLLYYLLTGLLTGLLVTLILI	LLLYYLLTGLLYGLLVTLILI	0.508311	2.97177	0.328724	0.505042	998.476
LLLYYLLTGLLYGLLVTLILI	LLLGYLLTGLLYGLLVTLILI	3.06229	3.29636	0.595564	0.269472	998.229
LLLGYLLTGLLYGLLVTLILI	LLLGYLLTGLLYGLLTTLILI	3.12216	0.545914	0.0952708	1.12845	997.967
LLLGYLLTGLLYGLLTTLILI	LLLGYLLTGLLYGLLVTLILI	0.545914	3.12216	1.12845	0.0952708	997.689
LLLGYLLTGLLYGLLVTLILI	LLLGTLLTGLLYGLLVTLILI	3.40623	7.61389	0.379341	0.443059	997.394
LLLGTLLTGLLYGLLVTLILI	LLLYTLLTGLLYGLLVTLILI	7.53971	6.9551	0.368877	0.454934	997.081
LLLYTLLTGLLYGLLVTLILI	LLLYTLLTGLLTGLLVTLILI	6.80498	4.64617	0.30482	0.538845	996.749
LLLYTLLTGLLTGLLVTLILI	LLLYTLLTGLLTGLLTTLILI	4.16631	1.95089	0.0589809	1.39457	996.397
LLLYTLLTGLLTGLLTTLILI	LLLYYLLTGLLTGLLTTLILI	1.17759	-3.11679	0.62127	0.255144	996.023
LLLYYLLTGLLTGLLTTLILI	LLLYYLLTGLLTGLLTWLILI	-2.7846	-3.08745	0.58734	0.274265	995.626
LLLYYLLTGLLTGLLTWLILI	LLLYYLLTGLLYGLLTWLILI	-3.03299	-0.630913	0.328724	0.505042	995.205
LLLYYLLTGLLYGLLTWLILI	LLLYYLLTGLLYGLLVWLILI	-0.205097	2.53631	0.930859	0.137712	994.758
LLLYYLLTGLLYGLLVWLILI	LLLYYLLTGLLYGLLIWLILI	2.79708	3.42609	0.398479	0.42245	994.285
LLLYYLLTGLLYGLLIWLILI	LLLYYLLTGLLTGLLIWLILI	3.65803	0.82645	0.654392	0.238039	993.782
LLLYYLLTGLLTGLLIWLILI	LLLYYLLTGLLTGLLTWLILI	0.687307	-2.25361	0.098896	1.10811	992.683
LLLYYLLTGLLTGLLTWLILI	LLLYYLLTGLLYGLLTWLILI	-3.03299	-0.630913	0.328724	0.505042	992.084
LLLYYLLTGLLYGLLTWLILI	LLLYYLLTGLLYGLLTTLILI	-0.792703	-0.656679	0.343253	0.48602	991.448
LLLYYLLTGLLYGLLTTLILI	LLLYYLLTGLLYGLLTSLILI	-0.276702	0.00166223	0.865998	0.155943	990.773
LLLYYLLTGLLYGLLTSLILI	LLLYYLLTGLLYGLLTTLILI	0.00166223	-0.276702	0.155943	0.865998	990.058
LLLYYLLTGLLYGLLTTLILI	LLLYYLLTGLLYGLLTWLILI	-0.656679	-0.792703	0.48602	0.343253	989.3
LLLYYLLTGLLYGLLTWLILI	LLLYYLLTGLLTGLLTWLILI	-0.630913	-3.03299	0.505042	0.328724	988.496
LLLYYLLTGLLTGLLTWLILI	LLLGYLLTGLLTGLLTWLILI	-2.90678	-2.42851	0.454934	0.368877	987.644
LLLGYLLTGLLTGLLTWLILI	LLLGYLLTGLLTGLLVWLILI	-1.66893	0.774023	1.12845	0.0952708	986.74
LLLGYLLTGLLTGLLVWLILI	LLLGYLLTGLLTGLLTWLILI	0.774023	-1.66893	0.0952708	1.12845	985.783
LLLGYLLTGLLTGLLTWLILI	LLLGYLLTGLLTGLLVWLILI	-1.66893	0.774023	1.12845	0.0952708	984.769
LLLGYLLTGLLTGLLVWLILI	LLLGYLLTGLLTGLLVTLILI	1.022	1.22994	0.343253	0.48602	983.694
LLLGYLLTGLLTGLLVTLILI	LLLGYLLVGLLTGLLVTLILI	1.54407	4.86477	0.800152	0.177314	981.348
LLLGYLLVGLLTGLLVTLILI	LLLGYLLVGLLTGLLTTLILI	4.86477	1.93624	0.177314	0.800152	980.071
LLLGYLLVGLLTGLLTTLILI	LLLGTLLVGLLTGLLTTLILI	1.3079	6.00708	0.171816	0.816184	978.717
LLLGTLLVGLLTGLLTTLILI	LLLGYLLVGLLTGLLTTLILI	6.00708	1.3079	0.816184	0.171816	977.285
LLLGYLLVGLLTGLLTTLILI	LLLYYLLVGLLTGLLTTLILI	1.50496	1.21281	0.368877	0.454934	975.768
LLLYYLLVGLLTGLLTTLILI	LLLYYLLTGLLTGLLTTLILI	0.830729	-2.0956	0.0728516	1.27634	974.162
LLLYYLLTGLLTGLLTTLILI	LLLYYLLTGLLTGLLVTLILI	-2.0956	0.251923	1.27634	0.0728516	972.463
LLLYYLLTGLLTGLLVTLILI	LLLYYLLTGLLYGLLVTLILI	0.507795	2.97177	0.328724	0.505042	970.666
LLLYYLLTGLLYGLLVTLILI	LLLYYLLTGLLYGLLVWLILI	2.83043	2.85957	0.363705	0.460972	968.764
LLLYYLLTGLLYGLLVWLILI	LLLYYLLTGLLTGLLVWLILI	3.05299	0.35246	0.654392	0.238039	966.754
LLLYYLLTGLLTGLLVWLILI	LLLYYLLTGLLTGLLTWLILI	0.209692	-2.23326	0.0952708	1.12845	964.627
LLLYYLLTGLLTGLLTWLILI	LLLGYLLTGLLTGLLTWLILI	-2.90678	-2.42851	0.454934	0.368877	962.38
LLLGYLLTGLLTGLLTWLILI	LLLGYLLVGLLTGLLTWLILI	-1.66893	1.24174	1.12845	0.0952708	957.496
LLLGYLLVGLLTGLLTWLILI	LLLGYLLYGLLTGLLTWLILI	1.25166	2.24138	0.105187	1.07465	954.846
LLLGYLLYGLLTGLLTWLILI	LLLGYLLTGLLTGLLTWLILI	1.54607	-2.35432	0.379341	0.443059	952.048
LLLGYLLTGLLTGLLTWLILI	LLLYYLLTGLLTGLLTWLILI	-2.42851	-2.90678	0.368877	0.454934	949.095
LLLYYLLTGLLTGLLTWLILI	LLLGYLLTGLLTGLLTWLILI	-2.90678	-2.42851	0.454934	0.368877	945.979
LLLGYLLTGLLTGLLTWLILI	LLLFYLLTGLLTGLLTWLILI	-1.91241	1.0866	0.884972	0.150342	942.693
LLLFYLLTGLLTGLLTWLILI	LLLYYLLTGLLTGLLTWLILI	1.06836	-2.40893	0.132101	0.952787	939.229
LLLYYLLTGLLTGLLTWLILI	LLLGYLLTGLLTGLLTWLILI	-2.90678	-2.42851	0.454934	0.368877	935.578
LLLGYLLTGLLTGLLTWLILI	LLLGYLLTGLLTGLLTTLILI	-2.52312	-2.22027	0.274265	0.58734	931.732
LLLGYLLTGLLTGLLTTLILI	LLLGYLLTGLLTGLLTWLILI	-2.22027	-2.52312	0.58734	0.274265	927.683
LLLGYLLTGLLTGLLTWLILI	LLLGYLLTGLLTGLLVWLILI	-1.66893	0.774023	1.12845	0.0952708	923.422
LLLGYLLTGLLTGLLVWLILI	LLLGYLLTGLLYGLLVWLILI	1.00748	3.46381	0.328724	0.505042	914.227
LLLGYLLTGLLYGLLVWLILI	LLLYYLLTGLLYGLLVWLILI	3.22823	2.99417	0.269472	0.595564	909.276
LLLYYLLTGLLYGLLVWLILI	LLLGYLLTGLLYGLLVWLILI	2.99417	3.22823	0.595564	0.269472	904.077
LLLGYLLTGLLYGLLVWLILI	LLLYYLLTGLLYGLLVWLILI	3.22823	2.99417	0.269472	0.595564	898.621
LLLYYLLTGLLYGLLVWLILI	LLLGYLLTGLLYGLLVWLILI	2.99417	3.22823	0.595564	0.269472	892.899
LLLGYLLTGLLYGLLVWLILI	LLLGYLLTGLLYGLLVTLILI	3.41974	3.3906	0.460972	0.363705	886.903
LLLGYLLTGLLYGLLVTLILI	LLLGYLLTGLLYGLLTTLILI	3.12216	0.545914	0.0952708	1.12845	880.623
LLLGYLLTGLLYGLLTTLILI	LLLGYLLYGLLYGLLTTLILI	-0.253814	4.85698	0.328724	0.505042	874.051
LLLGYLLYGLLYGLLTTLILI	LLLGYLLTGLLYGLLTTLILI	4.85698	-0.253814	0.505042	0.328724	867.179
LLLGYLLTGLLYGLLTTLILI	LLLYYLLTGLLYGLLTTLILI	-0.313067	-0.54662	0.269472	0.595564	859.999
LLLYYLLTGLLYGLLTTLILI	LLLGYLLTGLLYGLLTTLILI	-0.54662	-0.313067	0.595564	0.269472	852.504
LLLGYLLTGLLYGLLTTLILI	LLLYYLLTGLLYGLLTTLILI	-0.313067	-0.547136	0.269472	0.595564	844.686
LLLYYLLTGLLYGLLTTLILI	LLLYYLLTGLLYGLLTWLILI	-0.656679	-0.792703	0.48602	0.343253	836.541
LLLYYLLTGLLYGLLTWLILI	LLLYYLLTGLLTGLLTWLILI	-0.630913	-3.03299	0.505042	0.328724	828.061
LLLYYLLTGLLTGLLTWLILI	LLLYYLLTGLLTGLLTTLILI	-3.08745	-2.7846	0.274265	0.58734	819.243
LLLYYLLTGLLTGLLTTLILI	LLLYYLLTGLLTGLLTWLILI	-2.7846	-3.08745	0.58734	0.274265	800.577
LLLYYLLTGLLTGLLTWLILI	LLLYYLLTGLLTGLLTTLILI	-3.08745	-2.7846	0.274265	0.58734	790.724
LLLYYLLTGLLTGLLTTLILI	LLLYYLLTGLLTGLLTWLILI	-2.7846	-3.08745	0.58734	0.274265	780.523
LLLYYLLTGLLTGLLTWLILI	LLLYYLLTGLLTGLLTTLILI	-3.08745	-2.7846	0.274265	0.58734	769.974
LLLYYLLTGLLTGLLTTLILI	LLLGYLLTGLLTGLLTTLILI	-2.917	-2.43873	0.454934	0.368877	747.845
LLLGYLLTGLLTGLLTTLILI	LLLYYLLTGLLTGLLTTLILI	-2.43873	-2.917	0.368877	0.454934	736.272
LLLYYLLTGLLTGLLTTLILI	LLLGYLLTGLLTGLLTTLILI	-2.917	-2.43821	0.454934	0.368877	724.369
LLLGYLLTGLLTGLLTTLILI	LLLGYLLTGLLYGLLTTLILI	-2.26824	-0.277718	0.538845	0.30482	712.142
LLLGYLLTGLLYGLLTTLILI	LLLGYLLTGLLTGLLTTLILI	-0.277718	-2.26876	0.30482	0.538845	699.602
LLLGYLLTGLLTGLLTTLILI	LLLYYLLTGLLTGLLTTLILI	-2.43873	-2.917	0.368877	0.454934	686.76
LLLYYLLTGLLTGLLTTLILI	LLLGYLLTGLLTGLLTTLILI	-2.917	-2.43873	0.454934	0.368877	673.628
LLLGYLLTGLLTGLLTTLILI	LLLGYLLTGLLYGLLTTLILI	-2.26876	-0.277718	0.538845	0.30482	660.222
LLLGYLLTGLLYGLLTTLILI	LLLGYLLTGLLTGLLTTLILI	-0.277718	-2.26876	0.30482	0.538845	646.557
LLLGYLLTGLLTGLLTTLILI	LLLGYLLVGLLTGLLTTLILI	-1.53126	1.20894	1.27634	0.0728516	632.651
LLLGYLLVGLLTGLLTTLILI	LLLYYLLVGLLTGLLTTLILI	1.50496	1.21333	0.368877	0.454934	618.524
LLLYYLLVGLLTGLLTTLILI	LLLYYLLVGLLTGLLTWLILI	1.24441	1.11152	0.48602	0.343253	604.196
LLLYYLLVGLLTGLLTWLILI	LLLYYLLTGLLTGLLTWLILI	0.863535	-2.23326	0.0952708	1.12845	589.688
LLLYYLLTGLLTGLLTWLILI	LLLYYLLTGLLTGLLTTLILI	-3.08745	-2.7846	0.274265	0.58734	575.025
LLLYYLLTGLLTGLLTTLILI	LLLYYLLTGLLTGLLTSLILI	-2.37094	-2.26643	1.001	0.120637	560.23
LLLYYLLTGLLTGLLTSLILI	LLLYYLLTGLLTGLLTWLILI	-2.19487	-2.60223	0.192199	0.759486	545.329
LLLYYLLTGLLTGLLTWLILI	LLLYYLLTGLLTGLLTTLILI	-3.08745	-2.7846	0.274265	0.58734	530.348
LLLYYLLTGLLTGLLTTLILI	LLLYYLLTGLLTGLLTWLILI	-2.7846	-3.08745	0.58734	0.274265	515.312
LLLYYLLTGLLTGLLTWLILI	LLLGYLLTGLLTGLLTWLILI	-2.90678	-2.42851	0.454934	0.368877	500.25
LLLGYLLTGLLTGLLTWLILI	LLLYYLLTGLLTGLLTWLILI	-2.42851	-2.90678	0.368877	0.454934	485.188
LLLYYLLTGLLTGLLTWLILI	LLLTYLLTGLLTGLLTWLILI	-3.05689	-1.94212	0.30482	0.538845	470.152
LLLTYLLTGLLTGLLTWLILI	LLLTYLLTGLLTGLLTTLILI	-2.25231	-1.81736	0.22865	0.673827	455.171
LLLTYLLTGLLTGLLTTLILI	LLLYYLLTGLLTGLLTTLILI	-1.86991	-3.11679	0.62127	0.255144	425.475
LLLYYLLTGLLTGLLTTLILI	LLLYYLLTGLLTGLLTSLILI	-2.37094	-2.26643	1.001	0.120637	410.812
LLLYYLLTGLLTGLLTSLILI	LLLYYLLTGLLTGLLTWLILI	-2.19487	-2.60223	0.192199	0.759486	396.304
LLLYYLLTGLLTGLLTWLILI	LLLGYLLTGLLTGLLTWLILI	-2.90678	-2.42851	0.454934	0.368877	367.849
LLLGYLLTGLLTGLLTWLILI	LLLYYLLTGLLTGLLTWLILI	-2.42851	-2.90678	0.368877	0.454934	353.943
LLLYYLLTGLLTGLLTWLILI	LLLGYLLTGLLTGLLTWLILI	-2.90678	-2.42851	0.454934	0.368877	313.74
LLLGYLLTGLLTGLLTWLILI	LLLYYLLTGLLTGLLTWLILI	-2.42851	-2.90678	0.368877	0.454934	300.898
LLLYYLLTGLLTGLLTWLILI	LLLYYLLTGLLTGLLTTLILI	-3.08745	-2.7846	0.274265	0.58734	276.131
LLLYYLLTGLLTGLLTTLILI	LLLYYLLTGLLTGLLTWLILI	-2.7846	-3.08745	0.58734	0.274265	252.655
LLLYYLLTGLLTGLLTWLILI	LLLYYLLTGLLTGLLTTLILI	-3.08745	-2.7846	0.274265	0.58734	241.419
LLLYYLLTGLLTGLLTTLILI	LLLYYLLTGLLTGLLTWLILI	-2.7846	-3.08745	0.58734	0.274265	230.526
LLLYYLLTGLLTGLLTWLILI	LLLYYLLTGLLTGLLTTLILI	-3.08745	-2.7846	0.274265	0.58734	199.923
LLLYYLLTGLLTGLLTTLILI	LLLGYLLTGLLTGLLTTLILI	-2.917	-2.43873	0.454934	0.368877	190.417
LLLGYLLTGLLTGLLTTLILI	LLLGYLLTGLLTGLLTSLILI	-1.80661	-1.7021	1.001	0.120637	181.257
LLLGYLLTGLLTGLLTSLILI	LLLYYLLTGLLTGLLTSLILI	-1.45386	-1.93214	0.368877	0.454934	172.439
LLLYYLLTGLLTGLLTSLILI	LLLYYLLTGLLTGLLTWLILI	-2.19487	-2.60223	0.192199	0.759486	163.959
LLLYYLLTGLLTGLLTWLILI	LLLGYLLTGLLTGLLTWLILI	-2.90678	-2.42851	0.454934	0.368877	113.597
LLLGYLLTGLLTGLLTWLILI	LLLTYLLTGLLTGLLTWLILI	-2.52571	-1.8892	0.271676	0.591758	107.601
LLLTYLLTGLLTGLLTWLILI	LLLYYLLTGLLTGLLTWLILI	-1.94212	-3.05689	0.538845	0.30482	91.2238
LLLYYLLTGLLTGLLTWLILI	LLLYYLLTGLLTGLLTTLILI	-3.08745	-2.7846	0.274265	0.58734	81.5606
LLLYYLLTGLLTGLLTTLILI	LLLYYLLTGLLTGLLTWLILI	-2.7846	-3.08745	0.58734	0.274265	77.0783
LLLYYLLTGLLTGLLTWLILI	LLLYYLLTGLLTGLLTTLILI	-3.08745	-2.7846	0.274265	0.58734	72.8169
LLLYYLLTGLLTGLLTTLILI	LLLYYLLTGLLTGLLTWLILI	-2.7846	-3.08745	0.58734	0.274265	68.7677
LLLYYLLTGLLTGLLTWLILI	LLLYYLLTGLLTGLLTTLILI	-3.08745	-2.7846	0.274265	0.58734	64.9219
LLLYYLLTGLLTGLLTTLILI	LLLYYLLTGLLTGLLTSLILI	-2.37094	-2.26643	1.001	0.120637	54.5206
LLLYYLLTGLLTGLLTSLILI	LLLYYLLTGLLTGLLTWLILI	-2.19487	-2.60223	0.192199	0.759486	48.4519
Time: 648s
