***STARTING GEOMETRY:***
xShift: 8.08
crossingAngle: -42.94
axialRotation: -3.96
zShift: 3.85

Number of MCCycles: 200
PrevSequence	CurrSequence	PrevEnergy	CurrEnergy	PrevEntropy	CurrEntropy	CurrentTemp
LLLYYLLTGLLTGLLTTLILI	LLLYYLLTGLLTGLLTWLILI	-2.39446	-3.10736	0.58734	0.274265	999.847
LLLYYLLTGLLTGLLTWLILI	LLLYYLLTGLLTGLLTTLILI	-3.10736	-2.82097	0.274265	0.58734	999.684
LLLYYLLTGLLTGLLTTLILI	LLLYYLLTGLLTGLLTSLILI	-2.40731	-2.2956	1.001	0.120637	999.512
LLLYYLLTGLLTGLLTSLILI	LLLYYLLTGLLTGLLVSLILI	-1.28779	1.18871	1.12845	0.0952708	999.328
LLLYYLLTGLLTGLLVSLILI	LLLYYLLTGLLTGLLTSLILI	1.18871	-1.28779	0.0952708	1.12845	998.708
LLLYYLLTGLLTGLLTSLILI	LLLYYLLTGLLYGLLTSLILI	-2.08751	0.330729	0.328724	0.505042	998.476
LLLYYLLTGLLYGLLTSLILI	LLLYYLLTGLLYGLLTTLILI	-0.0183702	-0.303935	0.155943	0.865998	998.229
LLLYYLLTGLLYGLLTTLILI	LLLGYLLTGLLYGLLTTLILI	-0.574369	-0.331586	0.595564	0.269472	997.967
LLLGYLLTGLLYGLLTTLILI	LLLGYLLTGLLTGLLTTLILI	-0.296237	-2.29692	0.30482	0.538845	997.689
LLLGYLLTGLLTGLLTTLILI	LLLYYLLTGLLTGLLTTLILI	-2.46689	-2.95337	0.368877	0.454934	997.394
LLLYYLLTGLLTGLLTTLILI	LLLYYLLTGLLTGLLTWLILI	-2.82097	-3.10736	0.58734	0.274265	997.081
LLLYYLLTGLLTGLLTWLILI	LLLGYLLTGLLTGLLTWLILI	-2.92669	-2.44021	0.454934	0.368877	996.397
LLLGYLLTGLLTGLLTWLILI	LLLGYLLTGLLTGLLTTLILI	-2.53482	-2.24843	0.274265	0.58734	996.023
LLLGYLLTGLLTGLLTTLILI	LLLGYLLTGLLTGLLVTLILI	-1.55943	0.788014	1.27634	0.0728516	995.626
LLLGYLLTGLLTGLLVTLILI	LLLGYLLTGLLTGLLVWLILI	1.20118	1.0104	0.48602	0.343253	995.205
LLLGYLLTGLLTGLLVWLILI	LLLGYLLTGLLTGLLTWLILI	0.762419	-1.68063	0.0952708	1.12845	994.758
LLLGYLLTGLLTGLLTWLILI	LLLGYLLYGLLTGLLTWLILI	-2.36603	1.53844	0.443059	0.379341	994.285
LLLGYLLYGLLTGLLTWLILI	LLLGYLLTGLLTGLLTWLILI	1.53844	-2.36603	0.379341	0.443059	993.782
LLLGYLLTGLLTGLLTWLILI	LLLYYLLTGLLTGLLTWLILI	-2.44021	-2.92669	0.368877	0.454934	993.249
LLLYYLLTGLLTGLLTWLILI	LLLYYLLTGLLFGLLTWLILI	-2.37733	-0.00489788	1.0043	0.119894	992.683
LLLYYLLTGLLFGLLTWLILI	LLLYYLLTGLLFGLLTTLILI	0.21846	0.335635	0.343253	0.48602	992.084
LLLYYLLTGLLFGLLTTLILI	LLLGYLLTGLLFGLLTTLILI	0.304549	0.790637	0.454934	0.368877	991.448
LLLGYLLTGLLFGLLTTLILI	LLLYYLLTGLLFGLLTTLILI	0.790637	0.304549	0.368877	0.454934	990.773
LLLYYLLTGLLFGLLTTLILI	LLLYYLLTGLLFGLLTWLILI	0.335635	0.21846	0.48602	0.343253	990.058
LLLYYLLTGLLFGLLTWLILI	LLLYYLLTGLLFGLLIWLILI	0.787151	3.68522	0.911943	0.142768	989.3
LLLYYLLTGLLFGLLIWLILI	LLLYYLLTGLLFGLLTWLILI	3.68522	0.787151	0.142768	0.911943	988.496
LLLYYLLTGLLFGLLTWLILI	LLLGYLLTGLLFGLLTWLILI	0.330142	0.81623	0.454934	0.368877	987.644
LLLGYLLTGLLFGLLTWLILI	LLLGYLLTGLLTGLLTWLILI	0.567247	-1.80479	0.119894	1.0043	986.74
LLLGYLLTGLLTGLLTWLILI	LLLYYLLTGLLTGLLTWLILI	-2.44021	-2.92669	0.368877	0.454934	985.783
LLLYYLLTGLLTGLLTWLILI	LLLYYLLTGLLTGLLTTLILI	-3.10736	-2.82097	0.274265	0.58734	984.769
LLLYYLLTGLLTGLLTTLILI	LLLYTLLTGLLTGLLTTLILI	-3.15316	1.13629	0.255144	0.62127	983.694
LLLYTLLTGLLTGLLTTLILI	LLLYTLLTGLLTGLLTSLILI	1.62588	1.60549	1.11086	0.0983968	982.555
LLLYTLLTGLLTGLLTSLILI	LLLGTLLTGLLTGLLTSLILI	1.77722	2.77673	0.270132	0.594419	981.348
LLLGTLLTGLLTGLLTSLILI	LLLGYLLTGLLTGLLTSLILI	2.99849	-1.67188	0.816184	0.171816	980.071
LLLGYLLTGLLTGLLTSLILI	LLLGYLLTGLLTGLLVSLILI	-0.715248	1.76124	1.12845	0.0952708	978.717
LLLGYLLTGLLTGLLVSLILI	LLLGYLLTGLLTGLLVWLILI	1.85817	1.42663	0.192199	0.759486	977.285
LLLGYLLTGLLTGLLVWLILI	LLLYYLLTGLLTGLLVWLILI	1.03603	0.549545	0.368877	0.454934	975.768
LLLYYLLTGLLTGLLVWLILI	LLLYYLLTGLLTGLLTWLILI	0.189882	-2.25317	0.0952708	1.12845	974.162
LLLYYLLTGLLTGLLTWLILI	LLLYYLLTGLLTGLLVWLILI	-2.25317	0.189882	1.12845	0.0952708	972.463
LLLYYLLTGLLTGLLVWLILI	LLLGYLLTGLLTGLLVWLILI	0.549545	1.03603	0.454934	0.368877	970.666
LLLGYLLTGLLTGLLVWLILI	LLLTYLLTGLLTGLLVWLILI	1.00733	1.47481	0.34018	0.489954	968.764
LLLTYLLTGLLTGLLVWLILI	LLLYYLLTGLLTGLLVWLILI	1.42791	0.473952	0.443059	0.379341	966.754
LLLYYLLTGLLTGLLVWLILI	LLLYYLLTGLLYGLLVWLILI	0.33265	3.04232	0.238039	0.654392	962.38
LLLYYLLTGLLYGLLVWLILI	LLLYYLLTGLLYGLLTWLILI	2.52564	-0.21587	0.137712	0.930859	957.496
LLLYYLLTGLLYGLLTWLILI	LLLYTLLTGLLYGLLTWLILI	-0.641686	3.20742	0.505042	0.328724	954.846
LLLYTLLTGLLYGLLTWLILI	LLLYYLLTGLLYGLLTWLILI	3.20742	-0.641686	0.328724	0.505042	952.048
LLLYYLLTGLLYGLLTWLILI	LLLYYLLTGLLYGLLTTLILI	-0.803476	-0.683912	0.343253	0.48602	949.095
LLLYYLLTGLLYGLLTTLILI	LLLYYLLTGLLYGLLTSLILI	-0.303935	-0.0183702	0.865998	0.155943	945.979
LLLYYLLTGLLYGLLTSLILI	LLLYYLLTGLLYGLLTTLILI	-0.0183702	-0.303935	0.155943	0.865998	942.693
LLLYYLLTGLLYGLLTTLILI	LLLGYLLTGLLYGLLTTLILI	-0.574369	-0.332103	0.595564	0.269472	939.229
LLLGYLLTGLLYGLLTTLILI	LLLGYLLTGLLYGLLTWLILI	-0.115554	-0.235118	0.48602	0.343253	935.578
LLLGYLLTGLLYGLLTWLILI	LLLGYLLTGLLYGLLTTLILI	-0.235118	-0.115554	0.343253	0.48602	931.732
LLLGYLLTGLLYGLLTTLILI	LLLGTLLTGLLYGLLTTLILI	-0.296755	4.07438	0.30482	0.538845	927.683
LLLGTLLTGLLYGLLTTLILI	LLLGTLLTGLLYGLLTWLILI	4.12288	3.83301	0.58734	0.274265	923.422
LLLGTLLTGLLYGLLTWLILI	LLLGYLLTGLLYGLLTWLILI	4.0018	-0.199029	0.443059	0.379341	918.939
LLLGYLLTGLLYGLLTWLILI	LLLYYLLTGLLYGLLTWLILI	-0.308899	-0.551165	0.269472	0.595564	914.227
LLLYYLLTGLLYGLLTWLILI	LLLYYLLTGLLVGLLTWLILI	0.13493	0.237524	1.28166	0.0721588	909.276
LLLYYLLTGLLVGLLTWLILI	LLLTYLLTGLLVGLLTWLILI	0.544707	1.4982	0.379341	0.443059	904.077
LLLTYLLTGLLVGLLTWLILI	LLLTYLLTGLLVGLLTTLILI	1.32941	1.61452	0.274265	0.58734	898.621
LLLTYLLTGLLVGLLTTLILI	LLLTYLLTGLLVGLLTSLILI	2.02818	2.1394	1.001	0.120637	892.899
LLLTYLLTGLLVGLLTSLILI	LLLTYLLTGLLVGLLTWLILI	2.21096	1.81463	0.192199	0.759486	886.903
LLLTYLLTGLLVGLLTWLILI	LLLTYLLTGLLTGLLTWLILI	1.12799	-1.21504	0.0728516	1.27634	880.623
LLLTYLLTGLLTGLLTWLILI	LLLGYLLTGLLTGLLTWLILI	-1.89963	-2.53741	0.591758	0.271676	874.051
LLLGYLLTGLLTGLLTWLILI	LLLGTLLTGLLTGLLTWLILI	-2.63727	2.0331	0.171816	0.816184	867.179
LLLGTLLTGLLTGLLTWLILI	LLLGTLLYGLLTGLLTWLILI	2.0331	5.16088	0.816184	0.171816	859.999
LLLGTLLYGLLTGLLTWLILI	LLLGTLLVGLLTGLLTWLILI	5.74266	5.38042	0.753596	0.194474	852.504
LLLGTLLVGLLTGLLTWLILI	LLLGTLLVGLLTGLLTTLILI	5.46021	5.74644	0.274265	0.58734	844.686
LLLGTLLVGLLTGLLTTLILI	LLLGYLLVGLLTGLLTTLILI	5.97529	1.27986	0.816184	0.171816	836.541
LLLGYLLVGLLTGLLTTLILI	LLLYYLLVGLLTGLLTTLILI	1.47692	1.17659	0.368877	0.454934	828.061
LLLYYLLVGLLTGLLTTLILI	LLLGYLLVGLLTGLLTTLILI	1.17659	1.47692	0.454934	0.368877	819.243
LLLGYLLVGLLTGLLTTLILI	LLLYYLLVGLLTGLLTTLILI	1.47692	1.17659	0.368877	0.454934	810.083
LLLYYLLVGLLTGLLTTLILI	LLLYYLLVGLLTGLLTSLILI	1.58765	1.86967	0.865998	0.155943	800.577
LLLYYLLVGLLTGLLTSLILI	LLLYYLLVGLLTGLLTWLILI	1.90593	1.50799	0.192199	0.759486	790.724
LLLYYLLVGLLTGLLTWLILI	LLLGYLLVGLLTGLLTWLILI	1.20343	1.50376	0.454934	0.368877	780.523
LLLGYLLVGLLTGLLTWLILI	LLLGYLLVGLLTGLLTTLILI	1.47814	1.59406	0.343253	0.48602	769.974
LLLGYLLVGLLTGLLTTLILI	LLLGYLLVGLLTGLLTWLILI	1.59406	1.47814	0.48602	0.343253	759.081
LLLGYLLVGLLTGLLTWLILI	LLLGYLLTGLLTGLLTWLILI	1.23016	-1.68063	0.0952708	1.12845	747.845
LLLGYLLTGLLTGLLTWLILI	LLLGYLLTGLLTGLLTTLILI	-2.53482	-2.24843	0.274265	0.58734	712.142
LLLGYLLTGLLTGLLTTLILI	LLLYYLLTGLLTGLLTTLILI	-2.46689	-2.95285	0.368877	0.454934	699.602
LLLYYLLTGLLTGLLTTLILI	LLLGYLLTGLLTGLLTTLILI	-2.95285	-2.46689	0.454934	0.368877	686.76
LLLGYLLTGLLTGLLTTLILI	LLLYYLLTGLLTGLLTTLILI	-2.46689	-2.95337	0.368877	0.454934	660.222
LLLYYLLTGLLTGLLTTLILI	LLLGYLLTGLLTGLLTTLILI	-2.95337	-2.46689	0.454934	0.368877	632.651
LLLGYLLTGLLTGLLTTLILI	LLLGYLLTGLLTGLLTWLILI	-2.24843	-2.53482	0.58734	0.274265	618.524
LLLGYLLTGLLTGLLTWLILI	LLLGYLLTGLLYGLLTWLILI	-2.36603	-0.199029	0.443059	0.379341	604.196
LLLGYLLTGLLYGLLTWLILI	LLLGYLLTGLLYGLLVWLILI	0.352488	3.094	0.930859	0.137712	589.688
LLLGYLLTGLLYGLLVWLILI	LLLYYLLTGLLYGLLVWLILI	3.22576	2.9835	0.269472	0.595564	575.025
LLLYYLLTGLLYGLLVWLILI	LLLYYLLTGLLTGLLVWLILI	3.04232	0.33265	0.654392	0.238039	560.23
LLLYYLLTGLLTGLLVWLILI	LLLYYLLTGLLTGLLVTLILI	0.437863	0.629163	0.343253	0.48602	545.329
LLLYYLLTGLLTGLLVTLILI	LLLGYLLTGLLTGLLVTLILI	0.598076	1.08404	0.454934	0.368877	530.348
LLLGYLLTGLLTGLLVTLILI	LLLGYLLTGLLTGLLTTLILI	0.788014	-1.55943	0.0728516	1.27634	515.312
LLLGYLLTGLLTGLLTTLILI	LLLGYLLTGLLTGLLTSLILI	-1.83477	-1.72306	1.001	0.120637	500.25
LLLGYLLTGLLTGLLTSLILI	LLLYYLLTGLLTGLLTSLILI	-1.47482	-1.9613	0.368877	0.454934	485.188
LLLYYLLTGLLTGLLTSLILI	LLLYYLLTGLLYGLLTSLILI	-2.08751	0.330729	0.328724	0.505042	470.152
LLLYYLLTGLLYGLLTSLILI	LLLYYLLTGLLTGLLTSLILI	0.330729	-2.08751	0.505042	0.328724	455.171
LLLYYLLTGLLTGLLTSLILI	LLLGYLLTGLLTGLLTSLILI	-1.9613	-1.47482	0.454934	0.368877	440.27
LLLGYLLTGLLTGLLTSLILI	LLLGYLLTGLLTGLLTWLILI	-1.6515	-2.0496	0.192199	0.759486	425.475
LLLGYLLTGLLTGLLTWLILI	LLLTYLLTGLLTGLLTWLILI	-2.53741	-1.89963	0.271676	0.591758	410.812
LLLTYLLTGLLTGLLTWLILI	LLLYYLLTGLLTGLLTWLILI	-1.95254	-3.0768	0.538845	0.30482	396.304
LLLYYLLTGLLTGLLTWLILI	LLLYYLLTGLLTGLLTTLILI	-3.10736	-2.82045	0.274265	0.58734	353.943
LLLYYLLTGLLTGLLTTLILI	LLLYYLLTGLLTGLLTWLILI	-2.82045	-3.10736	0.58734	0.274265	326.872
LLLYYLLTGLLTGLLTWLILI	LLLYYLLTGLLTGLLTTLILI	-3.10736	-2.82097	0.274265	0.58734	288.358
LLLYYLLTGLLTGLLTTLILI	LLLYYLLTGLLTGLLTSLILI	-2.40731	-2.2956	1.001	0.120637	276.131
LLLYYLLTGLLTGLLTSLILI	LLLYYLLTGLLTGLLTWLILI	-2.22404	-2.62214	0.192199	0.759486	252.655
LLLYYLLTGLLTGLLTWLILI	LLLYYLLTGLLTGLLTTLILI	-3.10736	-2.82097	0.274265	0.58734	241.419
LLLYYLLTGLLTGLLTTLILI	LLLYYLLTGLLTGLLTWLILI	-2.82097	-3.10736	0.58734	0.274265	230.526
LLLYYLLTGLLTGLLTWLILI	LLLYYLLTGLLTGLLTTLILI	-3.10736	-2.82097	0.274265	0.58734	219.977
LLLYYLLTGLLTGLLTTLILI	LLLYYLLTGLLTGLLTWLILI	-2.82097	-3.10736	0.58734	0.274265	199.923
LLLYYLLTGLLTGLLTWLILI	LLLYYLLTGLLTGLLTTLILI	-3.10736	-2.82097	0.274265	0.58734	190.417
LLLYYLLTGLLTGLLTTLILI	LLLYYLLTGLLTGLLTSLILI	-2.40731	-2.2956	1.001	0.120637	181.257
LLLYYLLTGLLTGLLTSLILI	LLLGYLLTGLLTGLLTSLILI	-1.9613	-1.47482	0.454934	0.368877	172.439
LLLGYLLTGLLTGLLTSLILI	LLLGYLLTGLLTGLLTTLILI	-1.72306	-1.83477	0.120637	1.001	163.959
LLLGYLLTGLLTGLLTTLILI	LLLYYLLTGLLTGLLTTLILI	-2.46689	-2.95337	0.368877	0.454934	155.814
LLLYYLLTGLLTGLLTTLILI	LLLYYLLTGLLTGLLTWLILI	-2.82097	-3.10736	0.58734	0.274265	147.996
LLLYYLLTGLLTGLLTWLILI	LLLGYLLTGLLTGLLTWLILI	-2.92669	-2.44021	0.454934	0.368877	133.321
LLLGYLLTGLLTGLLTWLILI	LLLYYLLTGLLTGLLTWLILI	-2.44021	-2.92669	0.368877	0.454934	119.877
LLLYYLLTGLLTGLLTWLILI	LLLGYLLTGLLTGLLTWLILI	-2.92669	-2.44021	0.454934	0.368877	101.879
LLLGYLLTGLLTGLLTWLILI	LLLYYLLTGLLTGLLTWLILI	-2.44021	-2.92669	0.368877	0.454934	91.2238
LLLYYLLTGLLTGLLTWLILI	LLLYYLLTGLLTGLLTTLILI	-3.10736	-2.82097	0.274265	0.58734	68.7677
LLLYYLLTGLLTGLLTTLILI	LLLYYLLTGLLTGLLTWLILI	-2.82097	-3.10736	0.58734	0.274265	64.9219
Time: 367s
