***STARTING GEOMETRY:***
xShift: 8.82214
crossingAngle: -40.3047
axialRotation: 34.2836
zShift: 2.97244

Number of MCCycles: 100
PrevSequence	CurrSequence	PrevEnergy	CurrEnergy	PrevEntropy	CurrEntropy	CurrentTemp
LLLWLLGTLLTTLLTTLLILI	LLLWLLTTLLTTLLTTLLILI	-18.2661	-23.1757	0.0720446	1.28254	999.684
LLLWLLTTLLTTLLTTLLILI	LLLILLTTLLTTLLTTLLILI	-23.777	-24.298	0.681272	0.225173	999.328
LLLILLTTLLTTLLTTLLILI	LLLILLTTLLTYLLTTLLILI	-23.5189	-24.2314	1.0043	0.119894	998.928
LLLILLTTLLTYLLTTLLILI	LLLILLTTLLTTLLTTLLILI	-24.2314	-23.7466	0.119894	1.0043	998.476
LLLILLTTLLTTLLTTLLILI	LLLILLTTLLATLLTTLLILI	-23.1886	-21.7553	1.56232	0.0438719	997.967
LLLILLTTLLATLLTTLLILI	LLLWLLTTLLATLLTTLLILI	-21.574	-20.9236	0.225173	0.681272	997.394
LLLWLLTTLLATLLTTLLILI	LLLWLLTTLLTTLLTTLLILI	-21.561	-22.5152	0.0438719	1.56232	996.749
LLLWLLTTLLTTLLTTLLILI	LLLILLTTLLTTLLTTLLILI	-23.3963	-24.2979	0.681272	0.225173	996.023
LLLILLTTLLTTLLTTLLILI	LLLILLTTLLTYLLTTLLILI	-23.5187	-24.2314	1.0043	0.119894	995.205
LLLILLTTLLTYLLTTLLILI	LLLILLTTLLTYLLSTLLILI	-23.2404	-18.1898	1.11086	0.0983968	994.285
LLLILLTTLLTYLLSTLLILI	LLLILLSTLLTYLLSTLLILI	-17.5974	-13.1697	0.690823	0.220804	993.249
LLLILLSTLLTYLLSTLLILI	LLLILLSTLLTYLLTTLLILI	-13.1697	-18.763	0.220804	0.690823	992.084
LLLILLSTLLTYLLTTLLILI	LLLLLLSTLLTYLLTTLLILI	-18.9973	-19.0299	0.456598	0.367442	990.773
LLLLLLSTLLTYLLTTLLILI	LLLLLLSTLLTTLLTTLLILI	-19.2561	-18.9001	0.141213	0.917682	989.3
LLLLLLSTLLTTLLTTLLILI	LLLLLLSTLLATLLTTLLILI	-18.355	-16.6771	1.46278	0.0522692	987.644
LLLLLLSTLLATLLTTLLILI	LLLLLLSTLLTTLLTTLLILI	-16.6771	-18.1819	0.0522692	1.46278	985.783
LLLLLLSTLLTTLLTTLLILI	LLLLLLSTLLTYLLTTLLILI	-18.727	-19.334	0.917682	0.141213	983.694
LLLLLLSTLLTYLLTTLLILI	LLLLLLATLLTYLLTTLLILI	-18.833	-18.3823	0.642213	0.244161	981.348
LLLLLLATLLTYLLTTLLILI	LLLLLLATLLTTLLTTLLILI	-18.4852	-17.9382	0.141213	0.917682	978.717
LLLLLLATLLTTLLTTLLILI	LLLLLLSTLLTTLLTTLLILI	-18.6117	-18.9505	0.244161	0.642213	975.768
LLLLLLSTLLTTLLTTLLILI	LLLLLLSTLLTYLLTTLLILI	-18.675	-19.334	0.917682	0.141213	972.463
LLLLLLSTLLTYLLTTLLILI	LLLLLLATLLTYLLTTLLILI	-18.833	-18.4592	0.642213	0.244161	968.764
LLLLLLATLLTYLLTTLLILI	LLLILLATLLTYLLTTLLILI	-18.3359	-17.4086	0.367442	0.456598	964.627
LLLILLATLLTYLLTTLLILI	LLLILLATLLGYLLTTLLILI	-16.7897	-14.2163	1.07549	0.105025	960.005
LLLILLATLLGYLLTTLLILI	LLLILLATLLTYLLTTLLILI	-14.2163	-16.7897	0.105025	1.07549	954.846
LLLILLATLLTYLLTTLLILI	LLLILLATLLTTLLTTLLILI	-17.724	-17.1029	0.141213	0.917682	949.095
LLLILLATLLTTLLTTLLILI	LLLILLATLLTTLLTYLLILI	-17.1029	-14.8441	0.917682	0.141213	942.693
LLLILLATLLTTLLTYLLILI	LLLVLLATLLTTLLTYLLILI	-14.3188	-14.3314	0.666466	0.232152	935.578
LLLVLLATLLTTLLTYLLILI	LLLVLLTTLLTTLLTYLLILI	-14.5113	-17.8188	0.0522692	1.46278	927.683
LLLVLLTTLLTTLLTYLLILI	LLLVLLSTLLTTLLTYLLILI	-18.1708	-15.6132	1.11086	0.0983968	918.939
LLLVLLSTLLTTLLTYLLILI	LLLVLLTTLLTTLLTYLLILI	-15.6132	-18.1708	0.0983968	1.11086	909.276
LLLVLLTTLLTTLLTYLLILI	LLLVLLTTLLTTLLTTLLILI	-19.1617	-21.3124	0.119894	1.0043	898.621
LLLVLLTTLLTTLLTTLLILI	LLLVLLTTLLATLLTTLLILI	-20.7544	-19.5484	1.56232	0.0438719	886.903
LLLVLLTTLLATLLTTLLILI	LLLVLLTTLLTTLLTTLLILI	-19.5484	-20.7545	0.0438719	1.56232	874.051
LLLVLLTTLLTTLLTTLLILI	LLLVLLTTLLTTLLTYLLILI	-21.3125	-19.1617	1.0043	0.119894	859.999
LLLVLLTTLLTTLLTYLLILI	LLLVLLTTLLTTLLTTLLILI	-19.1617	-21.3124	0.119894	1.0043	844.686
LLLVLLTTLLTTLLTTLLILI	LLLVLLSTLLTTLLTTLLILI	-21.1132	-18.6621	1.20349	0.0830916	810.083
LLLVLLSTLLTTLLTTLLILI	LLLILLSTLLTTLLTTLLILI	-18.5131	-19.1914	0.232152	0.666466	790.724
LLLILLSTLLTTLLTTLLILI	LLLLLLSTLLTTLLTTLLILI	-19.4012	-19.2791	0.456598	0.367442	769.974
LLLLLLSTLLTTLLTTLLILI	LLLILLSTLLTTLLTTLLILI	-19.2791	-19.4012	0.367442	0.456598	747.845
LLLILLSTLLTTLLTTLLILI	LLLILLSTLLTYLLTTLLILI	-18.9401	-19.3127	0.917682	0.141213	724.369
LLLILLSTLLTYLLTTLLILI	LLLLLLSTLLTYLLTTLLILI	-18.9973	-19.1071	0.456598	0.367442	699.602
LLLLLLSTLLTYLLTTLLILI	LLLLLLATLLTYLLTTLLILI	-18.8323	-18.4592	0.642213	0.244161	673.628
LLLLLLATLLTYLLTTLLILI	LLLLLLSTLLTYLLTTLLILI	-18.4592	-18.7562	0.244161	0.642213	646.557
LLLLLLSTLLTYLLTTLLILI	LLLLLLATLLTYLLTTLLILI	-18.7562	-18.4528	0.642213	0.244161	618.524
LLLLLLATLLTYLLTTLLILI	LLLLLLATLLTTLLTTLLILI	-18.5558	-17.8784	0.141213	0.917682	589.688
LLLLLLATLLTTLLTTLLILI	LLLLLLSTLLTTLLTTLLILI	-18.552	-19.0035	0.244161	0.642213	560.23
LLLLLLSTLLTTLLTTLLILI	LLLLLLATLLTTLLTTLLILI	-19.0035	-18.6051	0.642213	0.244161	530.348
LLLLLLATLLTTLLTTLLILI	LLLLLLATLLTYLLTTLLILI	-17.9316	-18.5622	0.917682	0.141213	500.25
LLLLLLATLLTYLLTTLLILI	LLLLLLATLLTTLLTTLLILI	-18.5622	-17.9382	0.141213	0.917682	470.152
LLLLLLATLLTTLLTTLLILI	LLLILLATLLTTLLTTLLILI	-18.4884	-17.7993	0.367442	0.456598	440.27
LLLILLATLLTTLLTTLLILI	LLLILLATLLTYLLTTLLILI	-17.3382	-17.724	0.917682	0.141213	410.812
LLLILLATLLTYLLTTLLILI	LLLILLATLLTTLLTTLLILI	-17.724	-17.3382	0.141213	0.917682	381.976
LLLILLATLLTTLLTTLLILI	LLLLLLATLLTTLLTTLLILI	-17.7993	-18.719	0.456598	0.367442	353.943
LLLLLLATLLTTLLTTLLILI	LLLLLLSTLLTTLLTTLLILI	-18.8422	-19.2293	0.244161	0.642213	326.872
LLLLLLSTLLTTLLTTLLILI	LLLLLLSTLLTYLLTTLLILI	-18.9538	-19.3333	0.917682	0.141213	300.898
LLLLLLSTLLTYLLTTLLILI	LLLILLSTLLTYLLTTLLILI	-19.1071	-18.9973	0.367442	0.456598	276.131
LLLILLSTLLTYLLTTLLILI	LLLILLSTLLTTLLTTLLILI	-19.3127	-18.9401	0.141213	0.917682	252.655
LLLILLSTLLTTLLTTLLILI	LLLILLSTLLTYLLTTLLILI	-18.9401	-19.3127	0.917682	0.141213	230.526
LLLILLSTLLTYLLTTLLILI	LLLILLTTLLTYLLTTLLILI	-19.3555	-23.2404	0.0983968	1.11086	209.776
LLLILLTTLLTYLLTTLLILI	LLLILLTTLLTFLLTTLLILI	-23.7009	-23.3527	0.650378	0.240035	91.2238
LLLILLTTLLTFLLTTLLILI	LLLILLTTLLTYLLTTLLILI	-23.3527	-23.7009	0.240035	0.650378	72.8169
Time: 254s
