***STARTING GEOMETRY:***
xShift: 7.03
crossingAngle: -42.48
axialRotation: -92.61
zShift: 5.37

Number of MCCycles: 200
PrevSequence	CurrSequence	PrevEnergy	CurrEnergy	PrevEntropy	CurrEntropy	CurrentTemp
LLLTVLLGTLLGTLLSTLILI	LLLTVLLGTLLGTLLSWLILI	-5.76469	-7.9706	0.58734	0.274265	999.847
LLLTVLLGTLLGTLLSWLILI	LLLTVLLGTLLGTLLGWLILI	-8.05072	-6.91492	0.19415	0.754431	999.684
LLLTVLLGTLLGTLLGWLILI	LLLTVLLGTLLGTLLGTLILI	-7.39509	-7.71092	0.274265	0.58734	999.512
LLLTVLLGTLLGTLLGTLILI	LLLYVLLGTLLGTLLGTLILI	-7.48207	-7.44049	0.816184	0.171816	999.328
LLLYVLLGTLLGTLLGTLILI	LLLYYLLGTLLGTLLGTLILI	-7.50712	-9.79621	0.105187	1.07465	999.134
LLLYYLLGTLLGTLLGTLILI	LLLYWLLGTLLGTLLGTLILI	-10.4197	-9.54218	0.451187	0.372136	998.928
LLLYWLLGTLLGTLLGTLILI	LLLYYLLGTLLGTLLGTLILI	-9.54218	-12.405	0.372136	0.451187	998.708
LLLYYLLGTLLGTLLGTLILI	LLLYVLLGTLLGTLLGTLILI	-11.7815	-8.16418	1.07465	0.105187	998.476
LLLYVLLGTLLGTLLGTLILI	LLLYVLLGLLLGTLLGTLILI	-7.22918	-5.96785	1.04019	0.112128	998.229
LLLYVLLGLLLGTLLGTLILI	LLLYVLLGTLLGTLLGTLILI	-5.96785	-7.22071	0.112128	1.04019	997.967
LLLYVLLGTLLGTLLGTLILI	LLLYYLLGTLLGTLLGTLILI	-8.15571	-8.97347	0.105187	1.07465	997.689
LLLYYLLGTLLGTLLGTLILI	LLLYYLLGTLLGTLLGWLILI	-9.5621	-8.80439	0.48602	0.343253	997.394
LLLYYLLGTLLGTLLGWLILI	LLLTYLLGTLLGTLLGWLILI	-8.7683	-8.74734	0.379341	0.443059	997.081
LLLTYLLGTLLGTLLGWLILI	LLLTYLLGTLLGTLLGTLILI	-8.91614	-10.3024	0.274265	0.58734	996.749
LLLTYLLGTLLGTLLGTLILI	LLLTYLLGTLLGYLLGTLILI	-10.3509	-9.57883	0.538845	0.30482	996.397
LLLTYLLGTLLGYLLGTLILI	LLLTYLLGTLLGTLLGTLILI	-9.57883	-10.404	0.30482	0.538845	996.023
LLLTYLLGTLLGTLLGTLILI	LLLTFLLGTLLGTLLGTLILI	-10.2925	-9.29002	0.650378	0.240035	995.626
LLLTFLLGTLLGTLLGTLILI	LLLTYLLGTLLGTLLGTLILI	-9.29002	-10.2686	0.240035	0.650378	995.205
LLLTYLLGTLLGTLLGTLILI	LLLTYLLGVLLGTLLGTLILI	-9.64263	-8.22851	1.27634	0.0728516	994.758
LLLTYLLGVLLGTLLGTLILI	LLLTYLLGTLLGTLLGTLILI	-8.22851	-9.09895	0.0728516	1.27634	994.285
LLLTYLLGTLLGTLLGTLILI	LLLTYLLGTLLGYLLGTLILI	-9.83645	-9.45112	0.538845	0.30482	993.782
LLLTYLLGTLLGYLLGTLILI	LLLTYLLGTLLGTLLGTLILI	-9.45112	-10.3688	0.30482	0.538845	993.249
LLLTYLLGTLLGTLLGTLILI	LLLTWLLGTLLGTLLGTLILI	-10.6401	-10.8365	0.267575	0.598868	992.683
LLLTWLLGTLLGTLLGTLILI	LLLTWLLGTLLGTLLGYLILI	-10.6192	-9.53256	0.816184	0.171816	992.084
LLLTWLLGTLLGTLLGYLILI	LLLTFLLGTLLGTLLGYLILI	-8.81396	-9.0642	0.890414	0.148778	991.448
LLLTFLLGTLLGTLLGYLILI	LLLTWLLGTLLGTLLGYLILI	-9.0642	-9.41079	0.148778	0.890414	990.058
LLLTWLLGTLLGTLLGYLILI	LLLTWLLGTLLGYLLGYLILI	-9.85814	-7.27738	0.443059	0.379341	989.3
LLLTWLLGTLLGYLLGYLILI	LLLTWLLGTLLGYLLGTLILI	-7.27738	-9.43862	0.379341	0.443059	988.496
LLLTWLLGTLLGYLLGTLILI	LLLYWLLGTLLGYLLGTLILI	-9.43862	-8.47941	0.443059	0.379341	987.644
LLLYWLLGTLLGYLLGTLILI	LLLTWLLGTLLGYLLGTLILI	-8.47941	-9.43862	0.379341	0.443059	986.74
LLLTWLLGTLLGYLLGTLILI	LLLTWLLGTLLGFLLGTLILI	-9.2313	-9.58173	0.650378	0.240035	985.783
LLLTWLLGTLLGFLLGTLILI	LLLTWLLGTLLGFLLGWLILI	-9.53021	-7.24982	0.291546	0.559121	984.769
LLLTWLLGTLLGFLLGWLILI	LLLTYLLGTLLGFLLGWLILI	-6.91853	-6.41957	0.890414	0.148778	983.694
LLLTYLLGTLLGFLLGWLILI	LLLTYLLGLLLGFLLGWLILI	-5.7192	-3.60885	0.849143	0.161118	982.555
LLLTYLLGLLLGFLLGWLILI	LLLTYLLGLLLGFLLGTLILI	-3.30899	-5.36679	0.460972	0.363705	981.348
LLLTYLLGLLLGFLLGTLILI	LLLTYLLGLLLGFLLATLILI	-4.66515	-0.692579	1.06535	0.107014	980.071
LLLTYLLGLLLGFLLATLILI	LLLTYLLGLLLGFLLGTLILI	-0.692579	-4.63903	0.107014	1.06535	978.717
LLLTYLLGLLLGFLLGTLILI	LLLTYLLGLLLGTLLGTLILI	-5.58448	-6.01648	0.119894	1.0043	977.285
LLLTYLLGLLLGTLLGTLILI	LLLTYLLGLLLGYLLGTLILI	-6.57772	-5.35524	0.443059	0.379341	975.768
LLLTYLLGLLLGYLLGTLILI	LLLYYLLGLLLGYLLGTLILI	-5.49654	-8.60993	0.238039	0.654392	974.162
LLLYYLLGLLLGYLLGTLILI	LLLYVLLGLLLGYLLGTLILI	-7.98266	-4.80429	1.28166	0.0721588	972.463
LLLYVLLGLLLGYLLGTLILI	LLLYVLLGTLLGYLLGTLILI	-4.71533	-6.1203	0.161118	0.849143	970.666
LLLYVLLGTLLGYLLGTLILI	LLLYVLLGTLLGTLLGTLILI	-6.5901	-7.82631	0.379341	0.443059	968.764
LLLYVLLGTLLGTLLGTLILI	LLLYVLLGTLLGTLLGYLILI	-7.82631	-7.25248	0.443059	0.379341	966.754
LLLYVLLGTLLGTLLGYLILI	LLLYVLLGTLLGTLLGTLILI	-7.25248	-7.8024	0.379341	0.443059	964.627
LLLYVLLGTLLGTLLGTLILI	LLLTVLLGTLLGTLLGTLILI	-8.07364	-7.83065	0.171816	0.816184	962.38
LLLTVLLGTLLGTLLGTLILI	LLLTVLLGTLLGYLLGTLILI	-7.83065	-7.24981	0.816184	0.171816	960.005
LLLTVLLGTLLGYLLGTLILI	LLLTWLLGTLLGYLLGTLILI	-7.30283	-9.37211	0.118797	1.00921	957.496
LLLTWLLGTLLGYLLGTLILI	LLLTWLLGTLLGTLLGTLILI	-10.2095	-10.1207	0.171816	0.816184	954.846
LLLTWLLGTLLGTLLGTLILI	LLLTWLLGTLLGTLLGYLILI	-10.1207	-8.99229	0.816184	0.171816	952.048
LLLTWLLGTLLGTLLGYLILI	LLLTWLLGVLLGTLLGYLILI	-8.03565	-3.83157	1.12845	0.0952708	949.095
LLLTWLLGVLLGTLLGYLILI	LLLTWLLGVLLGTLLAYLILI	-2.86149	-3.46783	1.06535	0.107014	945.979
LLLTWLLGVLLGTLLAYLILI	LLLTWLLGVLLGTLLGYLILI	-3.46783	1.86816	0.107014	1.06535	942.693
LLLTWLLGVLLGTLLGYLILI	LLLYWLLGVLLGTLLGYLILI	1.13154	-4.21995	0.328724	0.505042	939.229
LLLYWLLGVLLGTLLGYLILI	LLLYWLLGTLLGTLLGYLILI	-4.58728	-2.43633	0.137712	0.930859	935.578
LLLYWLLGTLLGTLLGYLILI	LLLYYLLGTLLGTLLGYLILI	-3.09515	-11.0575	0.272043	0.591129	931.732
LLLYYLLGTLLGTLLGYLILI	LLLTYLLGTLLGTLLGYLILI	-11.1436	-9.95375	0.505042	0.328724	923.422
LLLTYLLGTLLGTLLGYLILI	LLLTYLLGTLLGFLLGYLILI	-9.27818	-7.031	1.0043	0.119894	918.939
LLLTYLLGTLLGFLLGYLILI	LLLTYLLGTLLGFLLGTLILI	-6.77155	-8.80626	0.379341	0.443059	914.227
LLLTYLLGTLLGFLLGTLILI	LLLYYLLGTLLGFLLGTLILI	-8.80626	-10.7897	0.443059	0.379341	909.276
LLLYYLLGTLLGFLLGTLILI	LLLYVLLGTLLGFLLGTLILI	-10.0944	-6.44849	1.07465	0.105187	904.077
LLLYVLLGTLLGFLLGTLILI	LLLYVLLGTLLGTLLGTLILI	-6.43378	-7.24116	0.119894	1.0043	898.621
LLLYVLLGTLLGTLLGTLILI	LLLYVLLGTLLGFLLGTLILI	-7.24116	-6.93571	1.0043	0.119894	892.899
LLLYVLLGTLLGFLLGTLILI	LLLYVLLGTLLGFLLGFLILI	-6.51676	-3.93336	0.538845	0.30482	886.903
LLLYVLLGTLLGFLLGFLILI	LLLYVLLGLLLGFLLGFLILI	-3.67286	-2.02299	0.565318	0.287636	880.623
LLLYVLLGLLLGFLLGFLILI	LLLYVLLGLLLGFLLGTLILI	-1.80559	-1.99547	0.505042	0.328724	874.051
LLLYVLLGLLLGFLLGTLILI	LLLYVLLGLLLGTLLGTLILI	-2.15238	-5.23988	0.171816	0.816184	867.179
LLLYVLLGLLLGTLLGTLILI	LLLYVLLGTLLGTLLGTLILI	-5.94394	-7.19679	0.112128	1.04019	859.999
LLLYVLLGTLLGTLLGTLILI	LLLTVLLGTLLGTLLGTLILI	-8.06517	-7.83065	0.171816	0.816184	852.504
LLLTVLLGTLLGTLLGTLILI	LLLTVLLGTLLGTLLGYLILI	-7.83065	-7.30791	0.816184	0.171816	844.686
LLLTVLLGTLLGTLLGYLILI	LLLTVLLGTLLGTLLGTLILI	-7.30791	-7.37998	0.171816	0.816184	836.541
LLLTVLLGTLLGTLLGTLILI	LLLTVLLGTLLGTLLGYLILI	-7.37998	-6.76695	0.816184	0.171816	828.061
LLLTVLLGTLLGTLLGYLILI	LLLTWLLGTLLGTLLGYLILI	-6.81997	-8.69516	0.118797	1.00921	819.243
LLLTWLLGTLLGTLLGYLILI	LLLTFLLGTLLGTLLGYLILI	-8.81396	-9.0642	0.890414	0.148778	810.083
LLLTFLLGTLLGTLLGYLILI	LLLTWLLGTLLGTLLGYLILI	-9.0642	-8.81396	0.148778	0.890414	800.577
LLLTWLLGTLLGTLLGYLILI	LLLTWLLGVLLGTLLGYLILI	-8.57592	-7.35485	1.12845	0.0952708	790.724
LLLTWLLGVLLGTLLGYLILI	LLLTWLLGVLLGTLLGWLILI	-7.30134	-7.21466	0.148778	0.890414	780.523
LLLTWLLGVLLGTLLGWLILI	LLLTYLLGVLLGTLLGWLILI	-7.21466	-7.08151	0.890414	0.148778	769.974
LLLTYLLGVLLGTLLGWLILI	LLLTYLLGVLLGTLLGTLILI	-6.88704	-7.8494	0.343253	0.48602	759.081
LLLTYLLGVLLGTLLGTLILI	LLLTYLLGTLLGTLLGTLILI	-8.26257	-9.11483	0.0728516	1.27634	747.845
LLLTYLLGTLLGTLLGTLILI	LLLTYLLGTLLGYLLGTLILI	-9.85232	-9.57883	0.538845	0.30482	736.272
LLLTYLLGTLLGYLLGTLILI	LLLTYLLGTLLGTLLGTLILI	-9.57883	-10.404	0.30482	0.538845	724.369
LLLTYLLGTLLGTLLGTLILI	LLLTYLLGTLLGTLLGWLILI	-10.3555	-10.0645	0.58734	0.274265	712.142
LLLTYLLGTLLGTLLGWLILI	LLLTYLLGTLLGTLLGTLILI	-10.0645	-9.82774	0.274265	0.58734	699.602
LLLTYLLGTLLGTLLGTLILI	LLLTYLLGTLLGFLLGTLILI	-9.26825	-9.22614	1.14683	0.0921195	686.76
LLLTYLLGTLLGFLLGTLILI	LLLTFLLGTLLGFLLGTLILI	-8.90792	-7.47606	0.410343	0.410343	673.628
LLLTFLLGTLLGFLLGTLILI	LLLYFLLGTLLGFLLGTLILI	-7.19279	-6.43838	0.693609	0.219549	660.222
LLLYFLLGTLLGFLLGTLILI	LLLYYLLGTLLGFLLGTLILI	-6.41789	-7.68624	0.240035	0.650378	646.557
LLLYYLLGTLLGFLLGTLILI	LLLYYLLGTLLGFLLATLILI	-7.27128	-6.54889	1.06535	0.107014	632.651
LLLYYLLGTLLGFLLATLILI	LLLYYLLGTLLGFLLAYLILI	-6.41787	-4.40819	0.238039	0.654392	618.524
LLLYYLLGTLLGFLLAYLILI	LLLYYLLGTLLGTLLAYLILI	-4.89076	-6.26313	0.171816	0.816184	604.196
LLLYYLLGTLLGTLLAYLILI	LLLYYLLGTLLGTLLAFLILI	-5.92733	-5.80198	1.15198	0.0912572	575.025
LLLYYLLGTLLGTLLAFLILI	LLLYYLLGVLLGTLLAFLILI	-4.96238	-3.17718	0.930859	0.137712	560.23
LLLYYLLGVLLGTLLAFLILI	LLLYYLLGTLLGTLLAFLILI	-3.17718	-2.55357	0.137712	0.930859	545.329
LLLYYLLGTLLGTLLAFLILI	LLLYYLLGLLLGTLLAFLILI	-2.63528	-2.85422	0.849143	0.161118	530.348
LLLYYLLGLLLGTLLAFLILI	LLLYYLLGLLLGTLLAWLILI	-2.86656	-3.42534	0.148778	0.890414	515.312
LLLYYLLGLLLGTLLAWLILI	LLLYYLLGLLLGTLLAYLILI	-4.04371	-3.61189	0.272043	0.591129	500.25
LLLYYLLGLLLGTLLAYLILI	LLLYYLLGVLLGTLLAYLILI	-3.73778	-4.14498	0.465234	0.360112	485.188
LLLYYLLGVLLGTLLAYLILI	LLLYYLLGVLLGTLLATLILI	-3.85071	-5.47556	0.654392	0.238039	470.152
LLLYYLLGVLLGTLLATLILI	LLLYYLLGTLLGTLLATLILI	-5.61833	-7.15402	0.0952708	1.12845	455.171
LLLYYLLGTLLGTLLATLILI	LLLYYLLGTLLGTLLGTLILI	-8.17546	-9.33627	0.107014	1.06535	440.27
LLLYYLLGTLLGTLLGTLILI	LLLYYLLGILLGTLLGTLILI	-9.29351	-9.03411	1.10811	0.098896	425.475
LLLYYLLGILLGTLLGTLILI	LLLYYLLGILLGTLLGWLILI	-8.7693	-7.45726	0.363705	0.460972	410.812
LLLYYLLGILLGTLLGWLILI	LLLYYLLGILLGTLLGTLILI	-7.45726	-8.7693	0.460972	0.363705	326.872
LLLYYLLGILLGTLLGTLILI	LLLYYLLGLLLGTLLGTLILI	-8.76184	-10.0162	0.371157	0.452308	300.898
LLLYYLLGLLLGTLLGTLILI	LLLYYLLGLLLGFLLGTLILI	-9.65228	-8.13392	0.816184	0.171816	288.358
LLLYYLLGLLLGFLLGTLILI	LLLYYLLGTLLGFLLGTLILI	-8.14462	-10.3438	0.161118	0.849143	276.131
LLLYYLLGTLLGFLLGTLILI	LLLYYLLGTLLGTLLGTLILI	-11.0731	-11.8758	0.119894	1.0043	230.526
LLLYYLLGTLLGTLLGTLILI	LLLYYLLGTLLGTLLGWLILI	-12.3941	-11.9302	0.48602	0.343253	147.996
LLLYYLLGTLLGTLLGWLILI	LLLYYLLGTLLGTLLGTLILI	-11.9302	-12.3941	0.343253	0.48602	113.597
Time: 212s
