MCAccept 0 xShift: 7.44 crossingAngle: -35.3987 axialRotation: -31.28 zShift: 4.92 energy: -0.346063
MCAccept 1 xShift: 7.44 crossingAngle: -35.3987 axialRotation: -31.2779 zShift: 4.92 energy: -0.346063
MCAccept 2 xShift: 7.44 crossingAngle: -35.3987 axialRotation: -31.2779 zShift: 4.93374 energy: -0.382617
MCAccept 3 xShift: 7.43743 crossingAngle: -35.3987 axialRotation: -31.2779 zShift: 4.93374 energy: -0.295366
MCAccept 4 xShift: 7.43535 crossingAngle: -35.3987 axialRotation: -31.2779 zShift: 4.93374 energy: -0.382617
MCAccept 5 xShift: 7.43535 crossingAngle: -35.3311 axialRotation: -31.2779 zShift: 4.93374 energy: -0.382617
MCAccept 6 xShift: 7.43535 crossingAngle: -35.2915 axialRotation: -31.2779 zShift: 4.93374 energy: -0.382617
MCAccept 7 xShift: 7.43535 crossingAngle: -35.2915 axialRotation: -31.12 zShift: 4.93374 energy: -0.382617
MCAccept 8 xShift: 7.43535 crossingAngle: -35.1666 axialRotation: -31.12 zShift: 4.93374 energy: -0.382617
MCAccept 9 xShift: 7.43535 crossingAngle: -35.337 axialRotation: -31.12 zShift: 4.93374 energy: -0.382617
MCAccept 10 xShift: 7.43559 crossingAngle: -35.337 axialRotation: -31.12 zShift: 4.93374 energy: -0.295366
MCAccept 11 xShift: 7.43559 crossingAngle: -35.337 axialRotation: -31.2092 zShift: 4.93374 energy: -0.295366
MCAccept 12 xShift: 7.43559 crossingAngle: -35.361 axialRotation: -31.2092 zShift: 4.93374 energy: -0.382617
MCAccept 13 xShift: 7.4272 crossingAngle: -35.361 axialRotation: -31.2092 zShift: 4.93374 energy: -0.382617
MCAccept 14 xShift: 7.41542 crossingAngle: -35.361 axialRotation: -31.2092 zShift: 4.93374 energy: -0.382617
MCAccept 15 xShift: 7.41542 crossingAngle: -35.361 axialRotation: -31.2092 zShift: 4.90107 energy: -0.29247
MCAccept 16 xShift: 7.40678 crossingAngle: -35.361 axialRotation: -31.2092 zShift: 4.90107 energy: -0.29247
MCAccept 17 xShift: 7.39687 crossingAngle: -35.361 axialRotation: -31.2092 zShift: 4.90107 energy: -0.220718
MCAccept 18 xShift: 7.39362 crossingAngle: -35.361 axialRotation: -31.2092 zShift: 4.90107 energy: -0.29247
MCAccept 19 xShift: 7.39362 crossingAngle: -35.361 axialRotation: -31.2992 zShift: 4.90107 energy: -0.29247
MCAccept 20 xShift: 7.39362 crossingAngle: -35.4768 axialRotation: -31.2992 zShift: 4.90107 energy: -0.29247
MCAccept 21 xShift: 7.39362 crossingAngle: -35.4768 axialRotation: -31.2992 zShift: 4.9056 energy: -0.305653
MCAccept 22 xShift: 7.39362 crossingAngle: -35.4768 axialRotation: -31.2992 zShift: 4.90458 energy: -0.302719
MCAccept 23 xShift: 7.39362 crossingAngle: -35.4768 axialRotation: -31.2992 zShift: 4.89846 energy: -0.214272
MCAccept 24 xShift: 7.39362 crossingAngle: -35.4235 axialRotation: -31.2992 zShift: 4.89846 energy: -0.214272
MCAccept 25 xShift: 7.39362 crossingAngle: -35.4235 axialRotation: -31.2039 zShift: 4.89846 energy: -0.214272
MCAccept 26 xShift: 7.39362 crossingAngle: -35.4235 axialRotation: -31.2039 zShift: 4.89391 energy: -0.202832
MCAccept 27 xShift: 7.39362 crossingAngle: -35.2489 axialRotation: -31.2039 zShift: 4.89391 energy: -0.271225
MCAccept 28 xShift: 7.39362 crossingAngle: -35.2489 axialRotation: -31.2039 zShift: 4.90235 energy: -0.223883
MCAccept 29 xShift: 7.39362 crossingAngle: -35.2489 axialRotation: -31.0343 zShift: 4.90235 energy: -0.296242
MCAccept 30 xShift: 7.39362 crossingAngle: -35.2489 axialRotation: -31.0343 zShift: 4.90227 energy: -0.295982
MCAccept 31 xShift: 7.39362 crossingAngle: -35.2489 axialRotation: -31.0343 zShift: 4.90493 energy: -0.303713
MCAccept 32 xShift: 7.39362 crossingAngle: -35.2489 axialRotation: -31.0343 zShift: 4.90621 energy: -0.307414
MCAccept 33 xShift: 7.40689 crossingAngle: -35.2489 axialRotation: -31.0343 zShift: 4.90621 energy: -0.307414
MCAccept 34 xShift: 7.40689 crossingAngle: -35.2489 axialRotation: -31.0343 zShift: 4.88483 energy: -0.243402
MCAccept 35 xShift: 7.40748 crossingAngle: -35.2489 axialRotation: -31.0343 zShift: 4.88483 energy: -0.243402
MCAccept 36 xShift: 7.40748 crossingAngle: -35.2489 axialRotation: -30.9263 zShift: 4.88483 energy: -0.243402
MCAccept 37 xShift: 7.40748 crossingAngle: -35.1577 axialRotation: -30.9263 zShift: 4.88483 energy: -0.243402
MCAccept 38 xShift: 7.40748 crossingAngle: -35.1577 axialRotation: -30.9263 zShift: 4.90788 energy: -0.312202
MCAccept 39 xShift: 7.40748 crossingAngle: -35.1577 axialRotation: -30.9263 zShift: 4.91464 energy: -0.253104
MCAccept 40 xShift: 7.40748 crossingAngle: -35.1577 axialRotation: -30.9263 zShift: 4.92284 energy: -0.353788
MCAccept 41 xShift: 7.40748 crossingAngle: -35.1577 axialRotation: -30.9263 zShift: 4.93511 energy: -0.386162
MCAccept 42 xShift: 7.40748 crossingAngle: -35.1577 axialRotation: -31.0259 zShift: 4.93511 energy: -0.298255
MCAccept 43 xShift: 7.39518 crossingAngle: -35.1577 axialRotation: -31.0259 zShift: 4.93511 energy: -0.386162
MCAccept 44 xShift: 7.39518 crossingAngle: -35.1577 axialRotation: -30.7041 zShift: 4.93511 energy: -0.386162
MCAccept 45 xShift: 7.39518 crossingAngle: -35.1414 axialRotation: -30.7041 zShift: 4.93511 energy: -0.298255
MCAccept 46 xShift: 7.39518 crossingAngle: -34.9833 axialRotation: -30.7041 zShift: 4.93511 energy: -0.386162
MCAccept 47 xShift: 7.39518 crossingAngle: -34.9833 axialRotation: -30.7041 zShift: 4.92809 energy: -0.367813
MCAccept 48 xShift: 7.39518 crossingAngle: -34.9867 axialRotation: -30.7041 zShift: 4.92809 energy: -0.28326
MCAccept 49 xShift: 7.39518 crossingAngle: -34.819 axialRotation: -30.7041 zShift: 4.92809 energy: -0.367813
MCAccept 50 xShift: 7.40404 crossingAngle: -34.819 axialRotation: -30.7041 zShift: 4.92809 energy: -0.367813
MCAccept 51 xShift: 7.40404 crossingAngle: -34.819 axialRotation: -30.5109 zShift: 4.92809 energy: -0.367813
MCAccept 52 xShift: 7.40404 crossingAngle: -34.8064 axialRotation: -30.5109 zShift: 4.92809 energy: -0.367813
MCAccept 53 xShift: 7.40404 crossingAngle: -34.8064 axialRotation: -30.4688 zShift: 4.92809 energy: -0.28326
MCAccept 54 xShift: 7.40404 crossingAngle: -34.8064 axialRotation: -30.4688 zShift: 4.93389 energy: -0.383017
MCAccept 55 xShift: 7.40404 crossingAngle: -34.8064 axialRotation: -30.5526 zShift: 4.93389 energy: -0.383017
MCAccept 56 xShift: 7.40404 crossingAngle: -34.8064 axialRotation: -30.5526 zShift: 4.94828 energy: -0.419268
MCReject   xShift: 7.42152 crossingAngle: -34.8064 axialRotation: -30.5526 zShift: 4.94828 energy: -0.32504
MCAccept 57 xShift: 7.40404 crossingAngle: -34.7202 axialRotation: -30.5526 zShift: 4.94828 energy: -0.419268
MCReject   xShift: 7.40404 crossingAngle: -34.7202 axialRotation: -30.467 zShift: 4.94828 energy: -0.32504
MCAccept 58 xShift: 7.40404 crossingAngle: -34.979 axialRotation: -30.5526 zShift: 4.94828 energy: -0.419268
MCAccept 59 xShift: 7.40404 crossingAngle: -35.0961 axialRotation: -30.5526 zShift: 4.94828 energy: -0.419268
MCReject   xShift: 7.40404 crossingAngle: -35.0961 axialRotation: -30.5991 zShift: 4.94828 energy: -0.32504
MCAccept 60 xShift: 7.40995 crossingAngle: -35.0961 axialRotation: -30.5526 zShift: 4.94828 energy: -0.419268
MCAccept 61 xShift: 7.40995 crossingAngle: -35.0961 axialRotation: -30.4857 zShift: 4.94828 energy: -0.419268
MCAccept 62 xShift: 7.40995 crossingAngle: -35.0961 axialRotation: -30.5013 zShift: 4.94828 energy: -0.419268
MCReject   xShift: 7.40995 crossingAngle: -35.1457 axialRotation: -30.5013 zShift: 4.94828 energy: -0.32504
MCReject   xShift: 7.40995 crossingAngle: -35.0044 axialRotation: -30.5013 zShift: 4.94828 energy: -0.32504
MCAccept 63 xShift: 7.40995 crossingAngle: -35.178 axialRotation: -30.5013 zShift: 4.94828 energy: -0.419268
MCReject   xShift: 7.40995 crossingAngle: -35.2906 axialRotation: -30.5013 zShift: 4.94828 energy: -0.32504
MCAccept 64 xShift: 7.40578 crossingAngle: -35.178 axialRotation: -30.5013 zShift: 4.94828 energy: -0.419268
MCAccept 65 xShift: 7.40578 crossingAngle: -35.178 axialRotation: -30.5013 zShift: 4.94502 energy: -0.41121
MCReject   xShift: 7.40578 crossingAngle: -35.178 axialRotation: -30.5013 zShift: 4.93783 energy: -0.393132
MCAccept 66 xShift: 7.40025 crossingAngle: -35.178 axialRotation: -30.5013 zShift: 4.94502 energy: -0.41121
MCAccept 67 xShift: 7.40025 crossingAngle: -35.178 axialRotation: -30.3604 zShift: 4.94502 energy: -0.41121
MCAccept 68 xShift: 7.40025 crossingAngle: -35.178 axialRotation: -30.3604 zShift: 4.94649 energy: -0.321489
MCAccept 69 xShift: 7.40025 crossingAngle: -35.178 axialRotation: -30.3604 zShift: 4.9317 energy: -0.377311
MCAccept 70 xShift: 7.40025 crossingAngle: -35.178 axialRotation: -30.3855 zShift: 4.9317 energy: -0.377311
MCAccept 71 xShift: 7.40934 crossingAngle: -35.178 axialRotation: -30.3855 zShift: 4.9317 energy: -0.377311
MCReject   xShift: 7.40934 crossingAngle: -35.178 axialRotation: -30.5447 zShift: 4.9317 energy: -0.291034
MCReject   xShift: 7.40934 crossingAngle: -35.178 axialRotation: -30.3855 zShift: 4.92646 energy: -0.363489
MCAccept 72 xShift: 7.41237 crossingAngle: -35.178 axialRotation: -30.3855 zShift: 4.9317 energy: -0.377311
MCAccept 73 xShift: 7.41237 crossingAngle: -35.178 axialRotation: -30.3072 zShift: 4.9317 energy: -0.377311
MCAccept 74 xShift: 7.41237 crossingAngle: -35.2401 axialRotation: -30.3072 zShift: 4.9317 energy: -0.377311
MCAccept 75 xShift: 7.41237 crossingAngle: -35.1957 axialRotation: -30.3072 zShift: 4.9317 energy: -0.377311
MCAccept 76 xShift: 7.41988 crossingAngle: -35.1957 axialRotation: -30.3072 zShift: 4.9317 energy: -0.377311
MCAccept 77 xShift: 7.41988 crossingAngle: -35.3252 axialRotation: -30.3072 zShift: 4.9317 energy: -0.377311
MCReject   xShift: 7.41988 crossingAngle: -35.3252 axialRotation: -30.3072 zShift: 4.92202 energy: -0.269893
MCReject   xShift: 7.43327 crossingAngle: -35.3252 axialRotation: -30.3072 zShift: 4.9317 energy: -0.291034
MCAccept 78 xShift: 7.43191 crossingAngle: -35.3252 axialRotation: -30.3072 zShift: 4.9317 energy: -0.377311
MCAccept 79 xShift: 7.43191 crossingAngle: -35.3252 axialRotation: -30.3072 zShift: 4.93006 energy: -0.373004
MCAccept 80 xShift: 7.43191 crossingAngle: -35.3252 axialRotation: -30.3072 zShift: 4.9355 energy: -0.387168
MCAccept 81 xShift: 7.43191 crossingAngle: -35.3954 axialRotation: -30.3072 zShift: 4.9355 energy: -0.387168
MCAccept 82 xShift: 7.43191 crossingAngle: -35.3069 axialRotation: -30.3072 zShift: 4.9355 energy: -0.387168
MCReject   xShift: 7.43191 crossingAngle: -35.3069 axialRotation: -30.3304 zShift: 4.9355 energy: -0.299075
MCAccept 83 xShift: 7.43191 crossingAngle: -35.3069 axialRotation: -30.2196 zShift: 4.9355 energy: -0.387168
MCAccept 84 xShift: 7.4378 crossingAngle: -35.3069 axialRotation: -30.2196 zShift: 4.9355 energy: -0.387168
MCReject   xShift: 7.4224 crossingAngle: -35.3069 axialRotation: -30.2196 zShift: 4.9355 energy: -0.299075
MCAccept 85 xShift: 7.44703 crossingAngle: -35.3069 axialRotation: -30.2196 zShift: 4.9355 energy: -0.387168
MCAccept 86 xShift: 7.44703 crossingAngle: -35.3069 axialRotation: -30.2196 zShift: 4.94577 energy: -0.413083
MCAccept 87 xShift: 7.44703 crossingAngle: -35.3069 axialRotation: -30.2196 zShift: 4.94607 energy: -0.413811
MCReject   xShift: 7.44703 crossingAngle: -35.3069 axialRotation: -30.2196 zShift: 4.94194 energy: -0.403528
MCReject   xShift: 7.44703 crossingAngle: -35.3069 axialRotation: -30.2196 zShift: 4.93144 energy: -0.376633
MCReject   xShift: 7.44703 crossingAngle: -35.3069 axialRotation: -30.2196 zShift: 4.94091 energy: -0.400956
MCReject   xShift: 7.44703 crossingAngle: -35.3069 axialRotation: -30.2196 zShift: 4.93986 energy: -0.398296
MCAccept 88 xShift: 7.44703 crossingAngle: -35.3069 axialRotation: -30.2699 zShift: 4.94607 energy: -0.413811
MCReject   xShift: 7.44703 crossingAngle: -35.3069 axialRotation: -30.162 zShift: 4.94607 energy: -0.320651
MCAccept 89 xShift: 7.44703 crossingAngle: -35.3069 axialRotation: -30.2699 zShift: 4.94785 energy: -0.418203
MCAccept 90 xShift: 7.44703 crossingAngle: -35.3069 axialRotation: -30.1131 zShift: 4.94785 energy: -0.418203
MCAccept 91 xShift: 7.44703 crossingAngle: -35.3069 axialRotation: -30.1131 zShift: 4.95294 energy: -0.430566
MCAccept 92 xShift: 7.44703 crossingAngle: -35.3069 axialRotation: -30.1287 zShift: 4.95294 energy: -0.430566
MCReject   xShift: 7.44703 crossingAngle: -35.3069 axialRotation: -30.1065 zShift: 4.95294 energy: -0.334096
MCAccept 93 xShift: 7.44703 crossingAngle: -35.42 axialRotation: -30.1287 zShift: 4.95294 energy: -0.430566
MCReject   xShift: 7.44703 crossingAngle: -35.2893 axialRotation: -30.1287 zShift: 4.95294 energy: -0.334096
MCAccept 94 xShift: 7.44703 crossingAngle: -35.3451 axialRotation: -30.1287 zShift: 4.95294 energy: -0.430566
MCAccept 95 xShift: 7.44703 crossingAngle: -35.3451 axialRotation: -30.0786 zShift: 4.95294 energy: -0.430566
MCAccept 96 xShift: 7.44703 crossingAngle: -35.3451 axialRotation: -29.9268 zShift: 4.95294 energy: -0.430566
MCAccept 97 xShift: 7.44703 crossingAngle: -35.5392 axialRotation: -29.9268 zShift: 4.95294 energy: -0.430566
MCReject   xShift: 7.4481 crossingAngle: -35.5392 axialRotation: -29.9268 zShift: 4.95294 energy: -0.334096
MCAccept 98 xShift: 7.44703 crossingAngle: -35.568 axialRotation: -29.9268 zShift: 4.95294 energy: -0.430566
MCAccept 99 xShift: 7.44703 crossingAngle: -35.4575 axialRotation: -29.9268 zShift: 4.95294 energy: -0.430566
Energy #0: -0.430566
***GEOMETRY SHIFT***
xShift;        Before: 7.44; After: 7.44703
crossingAngle; Before: -35.59; After: -35.4575
axialRotation; Before: -31.28; After: -29.9268
zShift;        Before: 4.92; After: 4.95294
Energy;        Before: 641.995; After: -0.430566

Completed all cycles. Accepted 100/121
Monte Carlo repack complete. Time: 23.9333min

