***STARTING GEOMETRY:***
xShift: 7.44703
crossingAngle: -35.4575
axialRotation: -29.9268
zShift: 4.95294

Number of MCCycles: 200
PrevSequence	CurrSequence	PrevEnergy	CurrEnergy	PrevEntropy	CurrEntropy	CurrentTemp
LLLTGLLTGLLTGLLTTLILI	LLLYGLLTGLLTGLLTTLILI	1.31346	0.082402	0.917682	0.141213	999.847
LLLYGLLTGLLTGLLTTLILI	LLLYGLLTGLLTALLTTLILI	1.00654	2.29679	1.06535	0.107014	999.684
LLLYGLLTGLLTALLTTLILI	LLLYGLLYGLLTALLTTLILI	2.72862	4.01165	0.538845	0.30482	999.512
LLLYGLLYGLLTALLTTLILI	LLLGGLLYGLLTALLTTLILI	4.16176	4.16503	0.454934	0.368877	999.328
LLLGGLLYGLLTALLTTLILI	LLLGGLLYGLLTGLLTTLILI	3.87817	2.76006	0.0820187	1.21066	998.928
LLLGGLLYGLLTGLLTTLILI	LLLGGLLYGLLTGLLFTLILI	2.5537	2.02755	1.0043	0.119894	998.708
LLLGGLLYGLLTGLLFTLILI	LLLGGLLYGLLTGLLTTLILI	2.02755	2.5537	0.119894	1.0043	998.476
LLLGGLLYGLLTGLLTTLILI	LLLGGLLTGLLTGLLTTLILI	1.72121	0.944202	0.171816	0.816184	998.229
LLLGGLLTGLLTGLLTTLILI	LLLGGLLYGLLTGLLTTLILI	0.944202	1.72121	0.816184	0.171816	997.967
LLLGGLLYGLLTGLLTTLILI	LLLGGLLYGLLTGLLFTLILI	2.5537	2.02755	1.0043	0.119894	997.689
LLLGGLLYGLLTGLLFTLILI	LLLGGLLYGLLFGLLFTLILI	2.4465	4.67569	0.538845	0.30482	997.394
LLLGGLLYGLLFGLLFTLILI	LLLGGLLYGLLTGLLFTLILI	4.67569	2.4465	0.30482	0.538845	997.081
LLLGGLLYGLLTGLLFTLILI	LLLGGLLYGLLTGLLYTLILI	2.03975	2.27314	0.132101	0.952787	996.749
LLLGGLLYGLLTGLLYTLILI	LLLGGLLTGLLTGLLYTLILI	1.6997	0.714169	0.379341	0.443059	996.397
LLLGGLLTGLLTGLLYTLILI	LLLGGLLTGLLTGLLFTLILI	0.921489	0.752751	0.650378	0.240035	996.023
LLLGGLLTGLLTGLLFTLILI	LLLGGLLTGLLTGLLYTLILI	0.752751	0.921498	0.240035	0.650378	995.626
LLLGGLLTGLLTGLLYTLILI	LLLGGLLTGLLTGLLFTLILI	0.921498	0.752751	0.650378	0.240035	995.205
LLLGGLLTGLLTGLLFTLILI	LLLGGLLYGLLTGLLFTLILI	1.20632	2.1272	0.693609	0.219549	994.758
LLLGGLLYGLLTGLLFTLILI	LLLGGLLYGLLTGLLTTLILI	2.02755	2.5537	0.119894	1.0043	994.285
LLLGGLLYGLLTGLLTTLILI	LLLGGLLTGLLTGLLTTLILI	1.72121	0.944202	0.171816	0.816184	993.782
LLLGGLLTGLLTGLLTTLILI	LLLGGLLTGLLTGLLFTLILI	1.27485	0.604835	1.14683	0.0921195	993.249
LLLGGLLTGLLTGLLFTLILI	LLLGGLLYGLLTGLLFTLILI	1.20632	2.1272	0.693609	0.219549	992.683
LLLGGLLYGLLTGLLFTLILI	LLLGGLLYGLLTGLLTTLILI	2.02755	2.5537	0.119894	1.0043	992.084
LLLGGLLYGLLTGLLTTLILI	LLLGGLLTGLLTGLLTTLILI	1.72121	0.944202	0.171816	0.816184	991.448
LLLGGLLTGLLTGLLTTLILI	LLLGGLLYGLLTGLLTTLILI	0.944202	1.72121	0.816184	0.171816	990.773
LLLGGLLYGLLTGLLTTLILI	LLLYGLLYGLLTGLLTTLILI	2.00336	1.82746	0.453966	0.369715	990.058
LLLYGLLYGLLTGLLTTLILI	LLLYGLLYGLLTALLTTLILI	2.52309	3.66874	1.06535	0.107014	989.3
LLLYGLLYGLLTALLTTLILI	LLLYGLLYGLLTGLLTTLILI	3.66874	2.52507	0.107014	1.06535	988.496
LLLYGLLYGLLTGLLTTLILI	LLLYGLLTGLLTGLLTTLILI	1.76454	0.480035	0.30482	0.538845	987.644
LLLYGLLTGLLTGLLTTLILI	LLLTGLLTGLLTGLLTTLILI	0.082402	0.758909	0.141213	0.917682	986.74
LLLTGLLTGLLTGLLTTLILI	LLLYGLLTGLLTGLLTTLILI	0.758909	0.082402	0.917682	0.141213	985.783
LLLYGLLTGLLTGLLTTLILI	LLLYGLLTGLLTGLLFTLILI	1.08802	0.515263	1.14683	0.0921195	984.769
LLLYGLLTGLLTGLLFTLILI	LLLYGLLTGLLTGLLTTLILI	0.515263	1.08802	0.0921195	1.14683	983.694
LLLYGLLTGLLTGLLTTLILI	LLLYGLLTGLLFGLLTTLILI	1.08802	2.49874	1.14683	0.0921195	982.555
LLLYGLLTGLLFGLLTTLILI	LLLYGLLTGLLFALLTTLILI	3.47196	5.02808	1.06535	0.107014	981.348
LLLYGLLTGLLFALLTTLILI	LLLYGLLTGLLFGLLTTLILI	5.02808	3.47196	0.107014	1.06535	980.071
LLLYGLLTGLLFGLLTTLILI	LLLYGLLTGLLFGLLFTLILI	3.10023	2.53637	0.693609	0.219549	978.717
LLLYGLLTGLLFGLLFTLILI	LLLYGLLTGLLTGLLFTLILI	2.53637	1.0195	0.219549	0.693609	975.768
LLLYGLLTGLLTGLLFTLILI	LLLYGLLTGLLTGLLTTLILI	0.418007	1.18528	0.0921195	1.14683	974.162
LLLYGLLTGLLTGLLTTLILI	LLLYGLLYGLLTGLLTTLILI	0.577291	1.61746	0.538845	0.30482	972.463
LLLYGLLYGLLTGLLTTLILI	LLLYGLLYGLLFGLLTTLILI	2.31694	4.51478	1.0043	0.119894	970.666
LLLYGLLYGLLFGLLTTLILI	LLLYGLLTGLLFGLLTTLILI	4.77423	2.94541	0.379341	0.443059	968.764
LLLYGLLTGLLFGLLTTLILI	LLLYGLLYGLLFGLLTTLILI	2.94541	4.7722	0.443059	0.379341	966.754
LLLYGLLYGLLFGLLTTLILI	LLLYGLLYGLLFALLTTLILI	5.4582	7.01482	1.06535	0.107014	964.627
LLLYGLLYGLLFALLTTLILI	LLLYGLLYGLLFGLLTTLILI	7.01482	5.31299	0.107014	1.06535	962.38
LLLYGLLYGLLFGLLTTLILI	LLLYGLLTGLLFGLLTTLILI	4.62699	2.84968	0.379341	0.443059	960.005
LLLYGLLTGLLFGLLTTLILI	LLLYGLLTGLLFGLLFTLILI	3.10023	2.53637	0.693609	0.219549	957.496
LLLYGLLTGLLFGLLFTLILI	LLLYGLLTGLLFGLLTTLILI	2.53637	3.10023	0.219549	0.693609	954.846
LLLYGLLTGLLFGLLTTLILI	LLLYGLLTGLLFGLLFTLILI	3.10023	2.6321	0.693609	0.219549	952.048
LLLYGLLTGLLFGLLFTLILI	LLLTGLLTGLLFGLLFTLILI	2.6321	2.90155	0.219549	0.693609	949.095
LLLTGLLTGLLFGLLFTLILI	LLLTGLLTGLLFGLLTTLILI	2.37976	3.11392	0.171816	0.816184	945.979
LLLTGLLTGLLFGLLTTLILI	LLLTGLLTGLLFGLLFTLILI	3.11392	2.37976	0.816184	0.171816	942.693
LLLTGLLTGLLFGLLFTLILI	LLLYGLLTGLLFGLLFTLILI	2.90155	2.53637	0.693609	0.219549	939.229
LLLYGLLTGLLFGLLFTLILI	LLLTGLLTGLLFGLLFTLILI	2.53637	2.90155	0.219549	0.693609	935.578
LLLTGLLTGLLFGLLFTLILI	LLLTGLLTGLLFGLLTTLILI	2.37976	3.11392	0.171816	0.816184	931.732
LLLTGLLTGLLFGLLTTLILI	LLLTGLLTGLLTGLLTTLILI	2.37254	1.10285	0.0748068	1.26162	927.683
LLLTGLLTGLLTGLLTTLILI	LLLYGLLTGLLTGLLTTLILI	0.758909	0.082402	0.917682	0.141213	923.422
LLLYGLLTGLLTGLLTTLILI	LLLTGLLTGLLTGLLTTLILI	0.082402	0.758909	0.141213	0.917682	918.939
LLLTGLLTGLLTGLLTTLILI	LLLTGLLTGLLTGLLFTLILI	1.10285	0.300732	1.26162	0.0748068	914.227
LLLTGLLTGLLTGLLFTLILI	LLLYGLLTGLLTGLLFTLILI	1.04211	0.497704	0.816184	0.171816	909.276
LLLYGLLTGLLTGLLFTLILI	LLLTGLLTGLLTGLLFTLILI	0.497704	1.04211	0.171816	0.816184	904.077
LLLTGLLTGLLTGLLFTLILI	LLLYGLLTGLLTGLLFTLILI	1.04211	0.59496	0.816184	0.171816	898.621
LLLYGLLTGLLTGLLFTLILI	LLLYGLLTGLLTGLLTTLILI	0.515263	1.08802	0.0921195	1.14683	892.899
LLLYGLLTGLLTGLLTTLILI	LLLTGLLTGLLTGLLTTLILI	0.082402	0.758909	0.141213	0.917682	886.903
LLLTGLLTGLLTGLLTTLILI	LLLTGLLVGLLTGLLTTLILI	1.2358	3.35933	1.39457	0.0589809	880.623
LLLTGLLVGLLTGLLTTLILI	LLLTGLLVGLLTALLTTLILI	4.36569	5.65365	1.06535	0.107014	874.051
LLLTGLLVGLLTALLTTLILI	LLLTGLLTGLLTALLTTLILI	5.60562	3.48411	0.0589809	1.39457	867.179
LLLTGLLTGLLTALLTTLILI	LLLYGLLTGLLTALLTTLILI	3.00722	2.33099	0.917682	0.141213	859.999
LLLYGLLTGLLTALLTTLILI	LLLGGLLTGLLTALLTTLILI	2.45991	2.97075	0.270132	0.594419	852.504
LLLGGLLTGLLTALLTTLILI	LLLYGLLTGLLTALLTTLILI	2.97075	2.55716	0.594419	0.270132	836.541
LLLYGLLTGLLTALLTTLILI	LLLGGLLTGLLTALLTTLILI	2.55716	2.97075	0.270132	0.594419	828.061
LLLGGLLTGLLTALLTTLILI	LLLYGLLTGLLTALLTTLILI	2.97075	2.55716	0.594419	0.270132	819.243
LLLYGLLTGLLTALLTTLILI	LLLYGLLTGLLYALLTTLILI	2.82588	4.59757	0.538845	0.30482	810.083
LLLYGLLTGLLYALLTTLILI	LLLTGLLTGLLYALLTTLILI	4.59757	3.00665	0.30482	0.538845	800.577
LLLTGLLTGLLYALLTTLILI	LLLTGLLTGLLYGLLTTLILI	2.57482	5.48876	0.107014	1.06535	790.724
LLLTGLLTGLLYGLLTTLILI	LLLTGLLTGLLTGLLTTLILI	4.56463	0.758909	0.141213	0.917682	780.523
LLLTGLLTGLLTGLLTTLILI	LLLTGLLTGLLTGLLFTLILI	1.10285	0.300732	1.26162	0.0748068	769.974
LLLTGLLTGLLTGLLFTLILI	LLLTGLLTGLLYGLLFTLILI	1.04211	0.923171	0.816184	0.171816	759.081
LLLTGLLTGLLYGLLFTLILI	LLLTGLLTGLLTGLLFTLILI	0.923171	1.04211	0.171816	0.816184	747.845
LLLTGLLTGLLTGLLFTLILI	LLLTGLLTGLLTGLLTTLILI	0.300732	1.10285	0.0748068	1.26162	724.369
LLLTGLLTGLLTGLLTTLILI	LLLYGLLTGLLTGLLTTLILI	0.758909	0.082402	0.917682	0.141213	712.142
LLLYGLLTGLLTGLLTTLILI	LLLYGLLYGLLTGLLTTLILI	0.480035	1.61746	0.538845	0.30482	699.602
LLLYGLLYGLLTGLLTTLILI	LLLYGLLTGLLTGLLTTLILI	1.61746	0.480035	0.30482	0.538845	686.76
LLLYGLLTGLLTGLLTTLILI	LLLYGLLTGLLFGLLTTLILI	1.08802	2.49874	1.14683	0.0921195	673.628
LLLYGLLTGLLFGLLTTLILI	LLLYGLLYGLLFGLLTTLILI	2.84968	4.62699	0.443059	0.379341	660.222
LLLYGLLYGLLFGLLTTLILI	LLLGGLLYGLLFGLLTTLILI	4.61736	4.94107	0.369715	0.453966	646.557
LLLGGLLYGLLFGLLTTLILI	LLLGGLLYGLLFGLLFTLILI	5.02595	4.67569	0.538845	0.30482	632.651
LLLGGLLYGLLFGLLFTLILI	LLLGGLLYGLLFGLLTTLILI	4.67569	5.02595	0.30482	0.538845	604.196
LLLGGLLYGLLFGLLTTLILI	LLLGGLLYGLLTGLLTTLILI	4.607	2.5537	0.119894	1.0043	589.688
LLLGGLLYGLLTGLLTTLILI	LLLYGLLYGLLTGLLTTLILI	2.00336	1.82746	0.453966	0.369715	575.025
LLLYGLLYGLLTGLLTTLILI	LLLYGLLTGLLTGLLTTLILI	1.76257	0.577291	0.30482	0.538845	560.23
LLLYGLLTGLLTGLLTTLILI	LLLYGLLTGLLFGLLTTLILI	1.18528	2.49874	1.14683	0.0921195	545.329
LLLYGLLTGLLFGLLTTLILI	LLLTGLLTGLLFGLLTTLILI	2.57843	3.11392	0.171816	0.816184	530.348
LLLTGLLTGLLFGLLTTLILI	LLLTGLLTGLLTGLLTTLILI	2.37254	1.10285	0.0748068	1.26162	515.312
LLLTGLLTGLLTGLLTTLILI	LLLTGLLTGLLTGLLFTLILI	1.10285	0.300732	1.26162	0.0748068	500.25
LLLTGLLTGLLTGLLFTLILI	LLLTGLLTGLLTGLLYTLILI	0.46596	0.349854	0.240035	0.650378	485.188
LLLTGLLTGLLTGLLYTLILI	LLLTGLLTGLLTGLLFTLILI	0.349854	0.46596	0.650378	0.240035	470.152
LLLTGLLTGLLTGLLFTLILI	LLLYGLLTGLLTGLLFTLILI	1.04211	0.497704	0.816184	0.171816	455.171
LLLYGLLTGLLTGLLFTLILI	LLLTGLLTGLLTGLLFTLILI	0.497704	1.04211	0.171816	0.816184	440.27
LLLTGLLTGLLTGLLFTLILI	LLLYGLLTGLLTGLLFTLILI	1.04211	0.497704	0.816184	0.171816	410.812
LLLYGLLTGLLTGLLFTLILI	LLLTGLLTGLLTGLLFTLILI	0.497704	1.04211	0.171816	0.816184	396.304
LLLTGLLTGLLTGLLFTLILI	LLLYGLLTGLLTGLLFTLILI	1.04211	0.497704	0.816184	0.171816	381.976
LLLYGLLTGLLTGLLFTLILI	LLLYGLLTGLLTGLLTTLILI	0.418007	1.18528	0.0921195	1.14683	367.849
LLLYGLLTGLLTGLLTTLILI	LLLYGLLTGLLTGLLFTLILI	1.18528	0.418007	1.14683	0.0921195	353.943
LLLYGLLTGLLTGLLFTLILI	LLLTGLLTGLLTGLLFTLILI	0.497704	1.04211	0.171816	0.816184	340.278
LLLTGLLTGLLTGLLFTLILI	LLLYGLLTGLLTGLLFTLILI	1.04211	0.497704	0.816184	0.171816	326.872
LLLYGLLTGLLTGLLFTLILI	LLLYGLLTGLLTGLLYTLILI	0.457988	0.974076	0.132101	0.952787	313.74
LLLYGLLTGLLTGLLYTLILI	LLLYGLLTGLLTGLLFTLILI	0.974076	0.457988	0.952787	0.132101	288.358
LLLYGLLTGLLTGLLFTLILI	LLLTGLLTGLLTGLLFTLILI	0.497704	1.04211	0.171816	0.816184	276.131
LLLTGLLTGLLTGLLFTLILI	LLLYGLLTGLLTGLLFTLILI	1.04211	0.59496	0.816184	0.171816	264.228
LLLYGLLTGLLTGLLFTLILI	LLLTGLLTGLLTGLLFTLILI	0.59496	1.04211	0.171816	0.816184	252.655
LLLTGLLTGLLTGLLFTLILI	LLLYGLLTGLLTGLLFTLILI	1.04211	0.497704	0.816184	0.171816	241.419
LLLYGLLTGLLTGLLFTLILI	LLLYGLLYGLLTGLLFTLILI	0.768946	2.07667	0.443059	0.379341	209.776
LLLYGLLYGLLTGLLFTLILI	LLLYGLLTGLLTGLLFTLILI	2.07667	0.768946	0.379341	0.443059	199.923
LLLYGLLTGLLTGLLFTLILI	LLLYGLLTGLLTGLLTTLILI	0.418007	1.08802	0.0921195	1.14683	181.257
LLLYGLLTGLLTGLLTTLILI	LLLYGLLYGLLTGLLTTLILI	0.480035	1.61746	0.538845	0.30482	163.959
LLLYGLLYGLLTGLLTTLILI	LLLYGLLTGLLTGLLTTLILI	1.61746	0.480035	0.30482	0.538845	155.814
LLLYGLLTGLLTGLLTTLILI	LLLYGLLTGLLTGLLFTLILI	1.08802	0.418007	1.14683	0.0921195	133.321
LLLYGLLTGLLTGLLFTLILI	LLLTGLLTGLLTGLLFTLILI	0.497704	1.04211	0.171816	0.816184	126.449
LLLTGLLTGLLTGLLFTLILI	LLLTGLLTGLLTGLLYTLILI	0.46596	0.652159	0.240035	0.650378	119.877
LLLTGLLTGLLTGLLYTLILI	LLLTGLLTGLLTGLLFTLILI	0.652159	0.46596	0.650378	0.240035	107.601
LLLTGLLTGLLTGLLFTLILI	LLLYGLLTGLLTGLLFTLILI	1.04211	0.59496	0.816184	0.171816	96.4228
Time: 213s
