***STARTING GEOMETRY:***
xShift: 8.15512
crossingAngle: 26.8567
axialRotation: 100.179
zShift: 2.17111

Number of MCCycles: 100
PrevSequence	CurrSequence	PrevEnergy	CurrEnergy	PrevEntropy	CurrEntropy	CurrentTemp
LLLYALLYLLTSLTFLLLILI	LLLYALLYLLTSLTYLLLILI	-24.7921	-22.9955	0.0912572	1.15198	999.684
LLLYALLYLLTSLTYLLLILI	LLLYALLYLLTSLTFLLLILI	-22.9955	-25.2409	1.15198	0.0912572	999.328
LLLYALLYLLTSLTFLLLILI	LLLYALLYLLTALTFLLLILI	-24.9279	-24.7946	0.404229	0.416521	998.928
LLLYALLYLLTALTFLLLILI	LLLLALLYLLTALTFLLLILI	-24.5313	-23.1754	0.679837	0.225838	998.476
LLLLALLYLLTALTFLLLILI	LLLLGLLYLLTALTFLLLILI	-22.9375	-22.3496	0.463748	0.36136	997.967
LLLLGLLYLLTALTFLLLILI	LLLYGLLYLLTALTFLLLILI	-22.4851	-23.89	0.225838	0.679837	996.749
LLLYGLLYLLTALTFLLLILI	LLLLGLLYLLTALTFLLLILI	-23.89	-22.4851	0.679837	0.225838	996.023
LLLLGLLYLLTALTFLLLILI	LLLLGLLYLLTALTYLLLILI	-22.5789	-20.3514	0.132101	0.952787	995.205
LLLLGLLYLLTALTYLLLILI	LLLYGLLYLLTALTYLLLILI	-21.1445	-22.694	0.159692	0.853726	994.285
LLLYGLLYLLTALTYLLLILI	LLLYGLLYLLTALTFLLLILI	-22.3957	-24.4786	1.15198	0.0912572	993.249
LLLYGLLYLLTALTFLLLILI	LLLYGLLYLLTSLTFLLLILI	-24.3257	-24.0489	0.244161	0.642213	992.084
LLLYGLLYLLTSLTFLLLILI	LLLYGLLWLLTSLTFLLLILI	-24.2399	-23.3592	0.451187	0.372136	990.773
LLLYGLLWLLTSLTFLLLILI	LLLYGLLWLLTALTFLLLILI	-23.0891	-22.9725	0.642213	0.244161	989.3
LLLYGLLWLLTALTFLLLILI	LLLYGLLWLLTALVFLLLILI	-22.2858	-19.3231	0.930859	0.137712	987.644
LLLYGLLWLLTALVFLLLILI	LLLYGLLWLLTSLVFLLLILI	-19.2167	-17.0967	0.244161	0.642213	985.783
LLLYGLLWLLTSLVFLLLILI	LLLYGLLWLLTSLVALLLILI	-17.2062	-14.9992	0.532699	0.308996	983.694
LLLYGLLWLLTSLVALLLILI	LLLYGLLWLLTSLTALLLILI	-15.1705	-17.8989	0.137712	0.930859	981.348
LLLYGLLWLLTSLTALLLILI	LLLYGLLWLLTSLTFLLLILI	-18.5208	-20.9588	0.308996	0.532699	978.717
LLLYGLLWLLTSLTFLLLILI	LLLYGLLWLLTALTFLLLILI	-20.8493	-22.354	0.642213	0.244161	975.768
LLLYGLLWLLTALTFLLLILI	LLLFGLLWLLTALTFLLLILI	-22.1878	-20.9156	0.410343	0.410343	972.463
LLLFGLLWLLTALTFLLLILI	LLLYGLLWLLTALTFLLLILI	-20.9156	-22.8063	0.410343	0.410343	968.764
LLLYGLLWLLTALTFLLLILI	LLLYGLLWLLTSLTFLLLILI	-22.9725	-20.2744	0.244161	0.642213	964.627
LLLYGLLWLLTSLTFLLLILI	LLLYGLLWLLTSLTYLLLILI	-20.7845	-22.1607	0.132101	0.952787	960.005
LLLYGLLWLLTSLTYLLLILI	LLLYGLLYLLTSLTYLLLILI	-22.8414	-23.2887	0.272043	0.591129	954.846
LLLYGLLYLLTSLTYLLLILI	LLLYGLLYLLTSLTFLLLILI	-22.7278	-22.3421	1.15198	0.0912572	949.095
LLLYGLLYLLTSLTFLLLILI	LLLYGLLFLLTSLTFLLLILI	-21.7829	-22.3401	0.650378	0.240035	942.693
LLLYGLLFLLTSLTFLLLILI	LLLYGLLYLLTSLTFLLLILI	-22.3401	-21.2105	0.240035	0.650378	935.578
LLLYGLLYLLTSLTFLLLILI	LLLYGLLYLLTALTFLLLILI	-21.2187	-24.3257	0.642213	0.244161	927.683
LLLYGLLYLLTALTFLLLILI	LLLYGLLYLLTGLTFLLLILI	-24.4158	-21.9878	0.154044	0.872342	918.939
LLLYGLLYLLTGLTFLLLILI	LLLYGLLYLLTGLTYLLLILI	-22.7689	-21.0109	0.0912572	1.15198	909.276
LLLYGLLYLLTGLTYLLLILI	LLLYGLLYLLTGLTFLLLILI	-21.0109	-21.9322	1.15198	0.0912572	898.621
LLLYGLLYLLTGLTFLLLILI	LLLYGLLYLLYGLTFLLLILI	-21.7855	-18.8808	0.238039	0.654392	886.903
LLLYGLLYLLYGLTFLLLILI	LLLYGLLYLLYALTFLLLILI	-18.6628	-20.7978	0.872342	0.154044	874.051
LLLYGLLYLLYALTFLLLILI	LLLYGLLYLLTALTFLLLILI	-20.2974	-23.7126	0.654392	0.238039	859.999
LLLYGLLYLLTALTFLLLILI	LLLFGLLYLLTALTFLLLILI	-23.3003	-22.5196	0.650378	0.240035	828.061
LLLFGLLYLLTALTFLLLILI	LLLFGLLWLLTALTFLLLILI	-22.4921	-20.7271	0.267575	0.598868	810.083
LLLFGLLWLLTALTFLLLILI	LLLYGLLWLLTALTFLLLILI	-20.9156	-22.8063	0.410343	0.410343	790.724
LLLYGLLWLLTALTFLLLILI	LLLYGLLWLLFALTFLLLILI	-22.6778	-18.3177	0.538845	0.30482	769.974
LLLYGLLWLLFALTFLLLILI	LLLYGLLYLLFALTFLLLILI	-18.2504	-18.4857	0.372136	0.451187	747.845
LLLYGLLYLLFALTFLLLILI	LLLYGLLYLLTALTFLLLILI	-18.632	-23.4118	0.30482	0.538845	724.369
LLLYGLLYLLTALTFLLLILI	LLLFGLLYLLTALTFLLLILI	-23.3003	-22.5196	0.650378	0.240035	699.602
LLLFGLLYLLTALTFLLLILI	LLLFGLLWLLTALTFLLLILI	-22.4921	-20.7271	0.267575	0.598868	673.628
LLLFGLLWLLTALTFLLLILI	LLLYGLLWLLTALTFLLLILI	-20.9156	-22.1878	0.410343	0.410343	646.557
LLLYGLLWLLTALTFLLLILI	LLLYGLLYLLTALTFLLLILI	-22.226	-24.1186	0.372136	0.451187	589.688
LLLYGLLYLLTALTFLLLILI	LLLYGLLWLLTALTFLLLILI	-24.1186	-22.8446	0.451187	0.372136	530.348
LLLYGLLWLLTALTFLLLILI	LLLYGLLYLLTALTFLLLILI	-22.8446	-24.1186	0.372136	0.451187	440.27
LLLYGLLYLLTALTFLLLILI	LLLYGLLYLLTSLTFLLLILI	-24.3257	-24.0489	0.244161	0.642213	353.943
LLLYGLLYLLTSLTFLLLILI	LLLYGLLYLLTALTFLLLILI	-24.0489	-24.3257	0.642213	0.244161	300.898
LLLYGLLYLLTALTFLLLILI	LLLYGLLYLLTSLTFLLLILI	-24.3257	-24.0489	0.244161	0.642213	155.814
LLLYGLLYLLTSLTFLLLILI	LLLYGLLYLLTALTFLLLILI	-24.0489	-24.3257	0.642213	0.244161	140.501
LLLYGLLYLLTALTFLLLILI	LLLYGLLYLLTSLTFLLLILI	-24.3257	-24.0489	0.244161	0.642213	126.449
LLLYGLLYLLTSLTFLLLILI	LLLYGLLYLLTALTFLLLILI	-24.0489	-24.3257	0.642213	0.244161	91.2238
Time: 284s
