***STARTING GEOMETRY:***
xShift: 8.17697
crossingAngle: 25.9812
axialRotation: 76.5722
zShift: 4.18786

Number of MCCycles: 100
PrevSequence	CurrSequence	PrevEnergy	CurrEnergy	PrevEntropy	CurrEntropy	CurrentTemp
LLLYYLLGLLYYLTSLLLILI	LLLYYLLGLLYWLTSLLLILI	17.7713	16.9665	0.704234	0.21484	999.684
LLLYYLLGLLYWLTSLLLILI	LLLYYLLGLLWWLTSLLLILI	17.1181	17.3301	0.366471	0.457728	999.328
LLLYYLLGLLWWLTSLLLILI	LLLWYLLGLLWWLTSLLLILI	17.0635	17.5614	0.191082	0.76241	998.928
LLLWYLLGLLWWLTSLLLILI	LLLWYLLGLLYWLTSLLLILI	17.5614	17.3268	0.76241	0.191082	998.476
LLLWYLLGLLYWLTSLLLILI	LLLWFLLGLLYWLTSLLLILI	18.0885	18.7493	0.952787	0.132101	997.967
LLLWFLLGLLYWLTSLLLILI	LLLWFLLGLLYYLTSLLLILI	19.2161	18.9754	0.598868	0.267575	997.394
LLLWFLLGLLYYLTSLLLILI	LLLWFLLGLLYYLVSLLLILI	19.34	22.5921	0.632162	0.249358	996.749
LLLWFLLGLLYYLVSLLLILI	LLLWYLLGLLYYLVSLLLILI	22.434	22.4649	0.0912572	1.15198	996.023
LLLWYLLGLLYYLVSLLLILI	LLLWYLLGLLYFLVSLLLILI	22.4649	21.2839	1.15198	0.0912572	995.205
LLLWYLLGLLYFLVSLLLILI	LLLWFLLGLLYFLVSLLLILI	21.8431	22.8885	0.650378	0.240035	994.285
LLLWFLLGLLYFLVSLLLILI	LLLWYLLGLLYFLVSLLLILI	22.8885	21.8431	0.240035	0.650378	993.249
LLLWYLLGLLYFLVSLLLILI	LLLWYLLGLLYWLVSLLLILI	21.2717	21.983	0.0790506	1.23103	992.084
LLLWYLLGLLYWLVSLLLILI	LLLWYLLGLLYWLTSLLLILI	21.0013	17.6348	0.249358	0.632162	990.773
LLLWYLLGLLYWLTSLLLILI	LLLWYLLGLLYWLTGLLLILI	17.2742	18.5211	0.271616	0.591862	989.3
LLLWYLLGLLYWLTGLLLILI	LLLWYLLGLLYFLTGLLLILI	19.1603	18.8233	1.23103	0.0790506	987.644
LLLWYLLGLLYFLTGLLLILI	LLLYYLLGLLYFLTGLLLILI	19.0163	18.9644	0.272043	0.591129	985.783
LLLYYLLGLLYFLTGLLLILI	LLLYYLLGLLWFLTGLLLILI	18.9644	18.0921	0.591129	0.272043	983.694
LLLYYLLGLLWFLTGLLLILI	LLLYYLLGLLWFLVGLLLILI	18.4522	21.6511	0.632162	0.249358	978.717
LLLYYLLGLLWFLVGLLLILI	LLLYYLLGLLWFLTGLLLILI	21.6511	18.4522	0.249358	0.632162	975.768
LLLYYLLGLLWFLTGLLLILI	LLLYWLLGLLWFLTGLLLILI	18.0876	18.633	0.267575	0.598868	972.463
LLLYWLLGLLWFLTGLLLILI	LLLYWLLGLLYFLTGLLLILI	18.633	18.6262	0.598868	0.267575	968.764
LLLYWLLGLLYFLTGLLLILI	LLLYWLLGLLYWLTGLLLILI	18.4377	19.0782	0.0790506	1.23103	964.627
LLLYWLLGLLYWLTGLLLILI	LLLYWLLGLLWWLTGLLLILI	18.0383	18.7905	0.191082	0.76241	960.005
LLLYWLLGLLWWLTGLLLILI	LLLYWLLGLLYWLTGLLLILI	18.7905	18.0394	0.76241	0.191082	954.846
LLLYWLLGLLYWLTGLLLILI	LLLYWLLGLLYYLTGLLLILI	18.3061	18.3739	0.457728	0.366471	942.693
LLLYWLLGLLYYLTGLLLILI	LLLYWLLGLLWYLTGLLLILI	18.3739	17.5808	0.366471	0.457728	935.578
LLLYWLLGLLWYLTGLLLILI	LLLYWLLGLLYYLTGLLLILI	17.5808	18.375	0.457728	0.366471	927.683
LLLYWLLGLLYYLTGLLLILI	LLLWWLLGLLYYLTGLLLILI	18.375	20.2292	0.366471	0.457728	918.939
LLLWWLLGLLYYLTGLLLILI	LLLWWLLGLLYWLTGLLLILI	19.9626	20.1213	0.191082	0.76241	909.276
LLLWWLLGLLYWLTGLLLILI	LLLWWLLGLLWWLTGLLLILI	19.4379	20.2425	0.0790506	1.23103	898.621
LLLWWLLGLLWWLTGLLLILI	LLLWWLLGLLWYLTGLLLILI	20.2425	18.7293	1.23103	0.0790506	886.903
LLLWWLLGLLWYLTGLLLILI	LLLYWLLGLLWYLTGLLLILI	19.4126	17.5889	0.76241	0.191082	874.051
LLLYWLLGLLWYLTGLLLILI	LLLYWLLGLLWFLTGLLLILI	18.3506	17.9638	0.952787	0.132101	859.999
LLLYWLLGLLWFLTGLLLILI	LLLYWLLGLLYFLTGLLLILI	18.4305	18.6251	0.598868	0.267575	844.686
LLLYWLLGLLYFLTGLLLILI	LLLYWLLGLLYYLTGLLLILI	18.4488	19.0221	0.0912572	1.15198	828.061
LLLYWLLGLLYYLTGLLLILI	LLLWWLLGLLYYLTGLLLILI	18.2366	20.093	0.366471	0.457728	810.083
LLLWWLLGLLYYLTGLLLILI	LLLWWLLGLLYWLTGLLLILI	19.8264	19.9842	0.191082	0.76241	790.724
LLLWWLLGLLYWLTGLLLILI	LLLWWLLGLLWWLTGLLLILI	19.3008	20.3784	0.0790506	1.23103	769.974
LLLWWLLGLLWWLTGLLLILI	LLLYWLLGLLWWLTGLLLILI	20.3784	18.2443	1.23103	0.0790506	747.845
LLLYWLLGLLWWLTGLLLILI	LLLYWLLGLLWWLVGLLLILI	18.7974	21.9816	0.632162	0.249358	724.369
LLLYWLLGLLWWLVGLLLILI	LLLYWLLGLLWWLTGLLLILI	21.9816	20.0625	0.249358	0.632162	699.602
LLLYWLLGLLWWLTGLLLILI	LLLYWLLGLLYWLTGLLLILI	20.1927	17.9012	0.76241	0.191082	673.628
LLLYWLLGLLYWLTGLLLILI	LLLYWLLGLLYYLTGLLLILI	18.1678	18.3739	0.457728	0.366471	646.557
LLLYWLLGLLYYLTGLLLILI	LLLYWLLGLLYWLTGLLLILI	18.3739	18.3049	0.366471	0.457728	618.524
LLLYWLLGLLYWLTGLLLILI	LLLWWLLGLLYWLTGLLLILI	18.0383	20.1213	0.191082	0.76241	589.688
LLLWWLLGLLYWLTGLLLILI	LLLYWLLGLLYWLTGLLLILI	20.1213	18.0383	0.76241	0.191082	560.23
LLLYWLLGLLYWLTGLLLILI	LLLYWLLGLLWWLTGLLLILI	18.0383	18.7905	0.191082	0.76241	530.348
LLLYWLLGLLWWLTGLLLILI	LLLYWLLGLLWYLTGLLLILI	18.7905	17.5889	0.76241	0.191082	500.25
LLLYWLLGLLWYLTGLLLILI	LLLWWLLGLLWYLTGLLLILI	17.5889	19.4841	0.191082	0.76241	470.152
LLLWWLLGLLWYLTGLLLILI	LLLWYLLGLLWYLTGLLLILI	19.4841	17.5557	0.76241	0.191082	440.27
LLLWYLLGLLWYLTGLLLILI	LLLWYLLGLLWFLTGLLLILI	18.3174	18.0799	0.952787	0.132101	410.812
LLLWYLLGLLWFLTGLLLILI	LLLYYLLGLLWFLTGLLLILI	18.5467	17.9515	0.598868	0.267575	381.976
LLLYYLLGLLWFLTGLLLILI	LLLWYLLGLLWFLTGLLLILI	17.9515	18.4832	0.267575	0.598868	326.872
LLLWYLLGLLWFLTGLLLILI	LLLYYLLGLLWFLTGLLLILI	18.4832	18.0865	0.598868	0.267575	300.898
LLLYYLLGLLWFLTGLLLILI	LLLYYLLGLLYFLTGLLLILI	18.0909	18.9644	0.272043	0.591129	276.131
LLLYYLLGLLYFLTGLLLILI	LLLYWLLGLLYFLTGLLLILI	18.9644	18.4946	0.591129	0.272043	252.655
LLLYWLLGLLYFLTGLLLILI	LLLYYLLGLLYFLTGLLLILI	18.4946	18.9656	0.272043	0.591129	230.526
LLLYYLLGLLYFLTGLLLILI	LLLYYLLGLLWFLTGLLLILI	18.9656	18.095	0.591129	0.272043	209.776
LLLYYLLGLLWFLTGLLLILI	LLLWYLLGLLWFLTGLLLILI	18.0906	18.4768	0.267575	0.598868	190.417
LLLWYLLGLLWFLTGLLLILI	LLLYYLLGLLWFLTGLLLILI	18.4768	18.2215	0.598868	0.267575	172.439
LLLYYLLGLLWFLTGLLLILI	LLLWYLLGLLWFLTGLLLILI	18.2215	18.343	0.267575	0.598868	155.814
LLLWYLLGLLWFLTGLLLILI	LLLYYLLGLLWFLTGLLLILI	18.343	18.2251	0.598868	0.267575	140.501
LLLYYLLGLLWFLTGLLLILI	LLLYYLLGLLWYLTGLLLILI	18.0487	18.5943	0.0912572	1.15198	126.449
LLLYYLLGLLWYLTGLLLILI	LLLYWLLGLLWYLTGLLLILI	17.8088	17.723	0.366471	0.457728	113.597
LLLYWLLGLLWYLTGLLLILI	LLLYWLLGLLWFLTGLLLILI	18.218	18.0995	0.952787	0.132101	101.879
LLLYWLLGLLWFLTGLLLILI	LLLYWLLGLLYFLTGLLLILI	18.5663	18.4902	0.598868	0.267575	91.2238
LLLYWLLGLLYFLTGLLLILI	LLLYWLLGLLWFLTGLLLILI	18.4902	18.4973	0.267575	0.598868	64.9219
LLLYWLLGLLWFLTGLLLILI	LLLYYLLGLLWFLTGLLLILI	18.4973	18.0906	0.598868	0.267575	57.8066
Time: 191s
