***STARTING GEOMETRY:***
xShift: 6.429
crossingAngle: -36.3145
axialRotation: 6.67895
zShift: 4.3254

Number of MCCycles: 100
PrevSequence	CurrSequence	PrevEnergy	CurrEnergy	PrevEntropy	CurrEntropy	CurrentTemp
LLLFLLGTLLGTLLSTLLILI	LLLYLLGTLLGTLLSTLLILI	-17.1907	-16.8388	0.240035	0.650378	999.684
LLLYLLGTLLGTLLSTLLILI	LLLYLLGTLLGTLLSYLLILI	-17.0461	-14.4076	0.443059	0.379341	999.328
LLLYLLGTLLGTLLSYLLILI	LLLYLLGTLLGTLLSVLLILI	-13.7123	-13.6639	1.07465	0.105187	998.928
LLLYLLGTLLGTLLSVLLILI	LLLYLLGTLLGTLLGVLLILI	-13.575	-12.7758	0.19415	0.754431	998.476
LLLYLLGTLLGTLLGVLLILI	LLLYLLGTLLGWLLGVLLILI	-13.1665	-10.282	0.363705	0.460972	997.967
LLLYLLGTLLGWLLGVLLILI	LLLYLLGTLLGWLLGTLLILI	-10.6052	-14.3946	0.137712	0.930859	996.749
LLLYLLGTLLGWLLGTLLILI	LLLFLLGTLLGWLLGTLLILI	-14.6751	-12.4166	0.650378	0.240035	996.023
LLLFLLGTLLGWLLGTLLILI	LLLYLLGTLLGWLLGTLLILI	-12.4166	-12.1327	0.240035	0.650378	995.205
LLLYLLGTLLGWLLGTLLILI	LLLYLLGTLLGWLLGVLLILI	-11.8523	-11.157	0.930859	0.137712	994.285
LLLYLLGTLLGWLLGVLLILI	LLLFLLGTLLGWLLGVLLILI	-10.6443	-10.4193	0.650378	0.240035	993.249
LLLFLLGTLLGWLLGVLLILI	LLLFLLGTLLGWLLGTLLILI	-10.5216	-13.0681	0.137712	0.930859	992.084
LLLFLLGTLLGWLLGTLLILI	LLLYLLGTLLGWLLGTLLILI	-13.7589	-13.5422	0.240035	0.650378	990.773
LLLYLLGTLLGWLLGTLLILI	LLLYLLGTLLGTLLGTLLILI	-13.8493	-16.2389	0.343253	0.48602	989.3
LLLYLLGTLLGTLLGTLLILI	LLLFLLGTLLGTLLGTLLILI	-16.0745	-16.4266	0.650378	0.240035	987.644
LLLFLLGTLLGTLLGTLLILI	LLLYLLGTLLGTLLGTLLILI	-16.4266	-16.0452	0.240035	0.650378	985.783
LLLYLLGTLLGTLLGTLLILI	LLLFLLGTLLGTLLGTLLILI	-16.0452	-16.4266	0.650378	0.240035	983.694
LLLFLLGTLLGTLLGTLLILI	LLLYLLGTLLGTLLGTLLILI	-16.4266	-16.0745	0.240035	0.650378	981.348
LLLYLLGTLLGTLLGTLLILI	LLLYLLGTLLGTLLGYLLILI	-16.2819	-13.0748	0.443059	0.379341	978.717
LLLYLLGTLLGTLLGYLLILI	LLLYLLGTLLGWLLGYLLILI	-13.0904	-10.912	0.363705	0.460972	975.768
LLLYLLGTLLGWLLGYLLILI	LLLYLLGTLLGWLLGTLLILI	-10.8679	-14.9967	0.505042	0.328724	972.463
LLLYLLGTLLGWLLGTLLILI	LLLYLLGTLLGTLLGTLLILI	-14.9822	-16.2096	0.343253	0.48602	968.764
LLLYLLGTLLGTLLGTLLILI	LLLYLLGTLLGTLLGVLLILI	-15.5671	-12.3693	1.12845	0.0952708	964.627
LLLYLLGTLLGTLLGVLLILI	LLLYLLGVLLGTLLGVLLILI	-11.8324	-10.4139	0.632162	0.249358	960.005
LLLYLLGVLLGTLLGVLLILI	LLLYLLGVLLGTLLGTLLILI	-10.4139	-13.2352	0.249358	0.632162	954.846
LLLYLLGVLLGTLLGTLLILI	LLLYLLGTLLGTLLGTLLILI	-13.7721	-16.1149	0.0952708	1.12845	949.095
LLLYLLGTLLGTLLGTLLILI	LLLFLLGTLLGTLLGTLLILI	-16.5929	-16.4266	0.650378	0.240035	942.693
LLLFLLGTLLGTLLGTLLILI	LLLFLLGVLLGTLLGTLLILI	-15.5382	-13.5235	1.12845	0.0952708	927.683
LLLFLLGVLLGTLLGTLLILI	LLLFLLGTLLGTLLGTLLILI	-13.5235	-15.5382	0.0952708	1.12845	918.939
LLLFLLGTLLGTLLGTLLILI	LLLFLLGVLLGTLLGTLLILI	-15.5382	-13.5235	1.12845	0.0952708	909.276
LLLFLLGVLLGTLLGTLLILI	LLLFLLGTLLGTLLGTLLILI	-13.5235	-15.5382	0.0952708	1.12845	898.621
LLLFLLGTLLGTLLGTLLILI	LLLFLLGTLLGVLLGTLLILI	-15.5382	-12.9498	1.12845	0.0952708	886.903
LLLFLLGTLLGVLLGTLLILI	LLLFLLGTLLGTLLGTLLILI	-12.9498	-15.5382	0.0952708	1.12845	874.051
LLLFLLGTLLGTLLGTLLILI	LLLYLLGTLLGTLLGTLLILI	-16.4266	-16.0745	0.240035	0.650378	859.999
LLLYLLGTLLGTLLGTLLILI	LLLYLLGVLLGTLLGTLLILI	-15.5965	-14.2872	1.12845	0.0952708	828.061
LLLYLLGVLLGTLLGTLLILI	LLLFLLGVLLGTLLGTLLILI	-13.7321	-13.3787	0.650378	0.240035	810.083
LLLFLLGVLLGTLLGTLLILI	LLLYLLGVLLGTLLGTLLILI	-13.3787	-13.1912	0.240035	0.650378	790.724
LLLYLLGVLLGTLLGTLLILI	LLLYLLGTLLGTLLGTLLILI	-13.7463	-16.1149	0.0952708	1.12845	769.974
LLLYLLGTLLGTLLGTLLILI	LLLYLLGVLLGTLLGTLLILI	-16.1149	-13.7721	1.12845	0.0952708	747.845
LLLYLLGVLLGTLLGTLLILI	LLLFLLGVLLGTLLGTLLILI	-13.217	-13.3787	0.650378	0.240035	724.369
LLLFLLGVLLGTLLGTLLILI	LLLYLLGVLLGTLLGTLLILI	-13.3787	-13.7322	0.240035	0.650378	673.628
LLLYLLGVLLGTLLGTLLILI	LLLFLLGVLLGTLLGTLLILI	-13.7322	-13.3787	0.650378	0.240035	618.524
LLLFLLGVLLGTLLGTLLILI	LLLYLLGVLLGTLLGTLLILI	-13.3787	-12.6772	0.240035	0.650378	589.688
LLLYLLGVLLGTLLGTLLILI	LLLFLLGVLLGTLLGTLLILI	-12.6772	-13.3787	0.650378	0.240035	560.23
LLLFLLGVLLGTLLGTLLILI	LLLFLLGTLLGTLLGTLLILI	-13.5235	-15.5382	0.0952708	1.12845	530.348
LLLFLLGTLLGTLLGTLLILI	LLLYLLGTLLGTLLGTLLILI	-16.4266	-16.0745	0.240035	0.650378	500.25
LLLYLLGTLLGTLLGTLLILI	LLLFLLGTLLGTLLGTLLILI	-16.0745	-16.4266	0.650378	0.240035	470.152
LLLFLLGTLLGTLLGTLLILI	LLLYLLGTLLGTLLGTLLILI	-16.4266	-15.527	0.240035	0.650378	440.27
LLLYLLGTLLGTLLGTLLILI	LLLYLLGVLLGTLLGTLLILI	-15.049	-14.2893	1.12845	0.0952708	410.812
LLLYLLGVLLGTLLGTLLILI	LLLYLLGTLLGTLLGTLLILI	-14.2893	-16.1149	0.0952708	1.12845	381.976
LLLYLLGTLLGTLLGTLLILI	LLLFLLGTLLGTLLGTLLILI	-16.5929	-16.4266	0.650378	0.240035	353.943
LLLFLLGTLLGTLLGTLLILI	LLLYLLGTLLGTLLGTLLILI	-16.4266	-16.0745	0.240035	0.650378	209.776
LLLYLLGTLLGTLLGTLLILI	LLLFLLGTLLGTLLGTLLILI	-16.0745	-16.4266	0.650378	0.240035	155.814
LLLFLLGTLLGTLLGTLLILI	LLLYLLGTLLGTLLGTLLILI	-16.4266	-16.0745	0.240035	0.650378	126.449
LLLYLLGTLLGTLLGTLLILI	LLLFLLGTLLGTLLGTLLILI	-16.0745	-16.4266	0.650378	0.240035	101.879
LLLFLLGTLLGTLLGTLLILI	LLLYLLGTLLGTLLGTLLILI	-16.4266	-16.5929	0.240035	0.650378	81.5606
LLLYLLGTLLGTLLGTLLILI	LLLFLLGTLLGTLLGTLLILI	-16.5929	-16.4266	0.650378	0.240035	51.4049
LLLFLLGTLLGTLLGTLLILI	LLLYLLGTLLGTLLGTLLILI	-16.4266	-16.5929	0.240035	0.650378	45.6541
Time: 73s
