MCAccept 0 xShift: 6.48589 crossingAngle: -42.36 axialRotation: -72.18 zShift: 3.38 energy: 1.82796
MCAccept 1 xShift: 6.48589 crossingAngle: -42.36 axialRotation: -72.027 zShift: 3.38 energy: 0.735462
MCReject   xShift: 6.48589 crossingAngle: -42.36 axialRotation: -72.1303 zShift: 3.38 energy: 2.07813
MCReject   xShift: 6.48589 crossingAngle: -42.36 axialRotation: -71.9568 zShift: 3.38 energy: 1.44431
MCReject   xShift: 6.50434 crossingAngle: -42.36 axialRotation: -72.027 zShift: 3.38 energy: 1.62811
MCReject   xShift: 6.48589 crossingAngle: -42.36 axialRotation: -72.0463 zShift: 3.38 energy: 1.95883
MCReject   xShift: 6.48589 crossingAngle: -42.2011 axialRotation: -72.027 zShift: 3.38 energy: 1.44431
MCReject   xShift: 6.48589 crossingAngle: -42.183 axialRotation: -72.027 zShift: 3.38 energy: 1.82109
MCReject   xShift: 6.48589 crossingAngle: -42.36 axialRotation: -72.0093 zShift: 3.38 energy: 2.07813
MCReject   xShift: 6.48589 crossingAngle: -42.4137 axialRotation: -72.027 zShift: 3.38 energy: 2.842
MCReject   xShift: 6.48589 crossingAngle: -42.4778 axialRotation: -72.027 zShift: 3.38 energy: 1.44969
MCAccept 2 xShift: 6.48589 crossingAngle: -42.36 axialRotation: -71.9846 zShift: 3.38 energy: -0.658619
MCReject   xShift: 6.48589 crossingAngle: -42.36 axialRotation: -71.9846 zShift: 3.36004 energy: 3.09371
MCReject   xShift: 6.48589 crossingAngle: -42.4074 axialRotation: -71.9846 zShift: 3.38 energy: 1.96254
MCReject   xShift: 6.48589 crossingAngle: -42.36 axialRotation: -71.9846 zShift: 3.37239 energy: 2.02029
MCReject   xShift: 6.48589 crossingAngle: -42.36 axialRotation: -71.9856 zShift: 3.38 energy: 1.62811
MCReject   xShift: 6.48589 crossingAngle: -42.36 axialRotation: -71.6771 zShift: 3.38 energy: 0.566515
MCReject   xShift: 6.48589 crossingAngle: -42.36 axialRotation: -71.9846 zShift: 3.3759 energy: 2.21716
MCReject   xShift: 6.49101 crossingAngle: -42.36 axialRotation: -71.9846 zShift: 3.38 energy: 1.43337
MCAccept 3 xShift: 6.48589 crossingAngle: -42.36 axialRotation: -71.8663 zShift: 3.38 energy: -0.712184
MCReject   xShift: 6.4746 crossingAngle: -42.36 axialRotation: -71.8663 zShift: 3.38 energy: 2.1354
MCReject   xShift: 6.48589 crossingAngle: -42.36 axialRotation: -71.8663 zShift: 3.37077 energy: 1.2777
MCReject   xShift: 6.48589 crossingAngle: -42.2987 axialRotation: -71.8663 zShift: 3.38 energy: 2.07813
MCReject   xShift: 6.50083 crossingAngle: -42.36 axialRotation: -71.8663 zShift: 3.38 energy: 1.69839
MCReject   xShift: 6.48589 crossingAngle: -42.365 axialRotation: -71.8663 zShift: 3.38 energy: 0.562598
MCReject   xShift: 6.48589 crossingAngle: -42.36 axialRotation: -71.8663 zShift: 3.36867 energy: 2.85771
MCReject   xShift: 6.48589 crossingAngle: -42.243 axialRotation: -71.8663 zShift: 3.38 energy: 0.566515
MCReject   xShift: 6.48589 crossingAngle: -42.36 axialRotation: -71.8663 zShift: 3.38977 energy: -0.0521941
MCReject   xShift: 6.48589 crossingAngle: -42.36 axialRotation: -71.8663 zShift: 3.3746 energy: 0.897331
MCAccept 4 xShift: 6.48589 crossingAngle: -42.4952 axialRotation: -71.8663 zShift: 3.38 energy: -0.659592
MCReject   xShift: 6.48704 crossingAngle: -42.4952 axialRotation: -71.8663 zShift: 3.38 energy: 1.73283
MCReject   xShift: 6.47476 crossingAngle: -42.4952 axialRotation: -71.8663 zShift: 3.38 energy: 0.249703
MCReject   xShift: 6.48589 crossingAngle: -42.6014 axialRotation: -71.8663 zShift: 3.38 energy: 2.07813
MCReject   xShift: 6.48538 crossingAngle: -42.4952 axialRotation: -71.8663 zShift: 3.38 energy: 0.739379
MCReject   xShift: 6.48589 crossingAngle: -42.4952 axialRotation: -71.8663 zShift: 3.39612 energy: 1.1417
MCReject   xShift: 6.48589 crossingAngle: -42.4952 axialRotation: -71.8631 zShift: 3.38 energy: 1.76762
MCReject   xShift: 6.48589 crossingAngle: -42.6615 axialRotation: -71.8663 zShift: 3.38 energy: 1.95883
MCAccept 5 xShift: 6.48589 crossingAngle: -42.4952 axialRotation: -71.8663 zShift: 3.37506 energy: -0.524253
MCReject   xShift: 6.48589 crossingAngle: -42.5986 axialRotation: -71.8663 zShift: 3.37506 energy: 2.39741
MCReject   xShift: 6.49084 crossingAngle: -42.4952 axialRotation: -71.8663 zShift: 3.37506 energy: 2.04071
MCReject   xShift: 6.48589 crossingAngle: -42.4952 axialRotation: -71.8479 zShift: 3.37506 energy: 0.554598
MCReject   xShift: 6.48589 crossingAngle: -42.6127 axialRotation: -71.8663 zShift: 3.37506 energy: 0.871787
MCReject   xShift: 6.48589 crossingAngle: -42.4952 axialRotation: -71.8663 zShift: 3.38568 energy: 0.387774
MCReject   xShift: 6.50306 crossingAngle: -42.4952 axialRotation: -71.8663 zShift: 3.37506 energy: 2.26959
MCReject   xShift: 6.48589 crossingAngle: -42.4952 axialRotation: -71.9556 zShift: 3.37506 energy: 1.04642
MCReject   xShift: 6.48589 crossingAngle: -42.4952 axialRotation: -72.0294 zShift: 3.37506 energy: 0.86977
MCReject   xShift: 6.48589 crossingAngle: -42.4952 axialRotation: -72.0362 zShift: 3.37506 energy: 0.86977
MCReject   xShift: 6.46267 crossingAngle: -42.4952 axialRotation: -71.8663 zShift: 3.37506 energy: 2.39373
MCReject   xShift: 6.4792 crossingAngle: -42.4952 axialRotation: -71.8663 zShift: 3.37506 energy: 2.26959
MCReject   xShift: 6.48589 crossingAngle: -42.4952 axialRotation: -71.8663 zShift: 3.37316 energy: 0.85803
MCReject   xShift: 6.48589 crossingAngle: -42.4952 axialRotation: -71.8663 zShift: 3.36828 energy: 2.17161
MCReject   xShift: 6.48589 crossingAngle: -42.4503 axialRotation: -71.8663 zShift: 3.37506 energy: 2.4477
MCReject   xShift: 6.48589 crossingAngle: -42.4952 axialRotation: -71.7779 zShift: 3.37506 energy: 2.4477
MCReject   xShift: 6.50374 crossingAngle: -42.4952 axialRotation: -71.8663 zShift: 3.37506 energy: 2.4469
MCReject   xShift: 6.49289 crossingAngle: -42.4952 axialRotation: -71.8663 zShift: 3.37506 energy: 2.12876
MCReject   xShift: 6.48148 crossingAngle: -42.4952 axialRotation: -71.8663 zShift: 3.37506 energy: 3.43483
MCReject   xShift: 6.48589 crossingAngle: -42.4944 axialRotation: -71.8663 zShift: 3.37506 energy: 1.95063
MCReject   xShift: 6.48589 crossingAngle: -42.4952 axialRotation: -72.0344 zShift: 3.37506 energy: 2.06989
MCReject   xShift: 6.48589 crossingAngle: -42.6458 axialRotation: -71.8663 zShift: 3.37506 energy: 2.4477
MCReject   xShift: 6.46841 crossingAngle: -42.4952 axialRotation: -71.8663 zShift: 3.37506 energy: 1.04788
MCReject   xShift: 6.48589 crossingAngle: -42.4952 axialRotation: -71.7941 zShift: 3.37506 energy: -0.396432
MCReject   xShift: 6.51167 crossingAngle: -42.4952 axialRotation: -71.8663 zShift: 3.37506 energy: 2.39515
MCReject   xShift: 6.48589 crossingAngle: -42.4952 axialRotation: -71.8663 zShift: 3.36967 energy: 2.27412
MCReject   xShift: 6.48589 crossingAngle: -42.4952 axialRotation: -71.8917 zShift: 3.37506 energy: 3.25527
MCReject   xShift: 6.48589 crossingAngle: -42.4952 axialRotation: -72.1225 zShift: 3.37506 energy: 2.13242
MCReject   xShift: 6.48589 crossingAngle: -42.4952 axialRotation: -71.9679 zShift: 3.37506 energy: 1.05176
MCReject   xShift: 6.48756 crossingAngle: -42.4952 axialRotation: -71.8663 zShift: 3.37506 energy: 2.05572
MCReject   xShift: 6.48589 crossingAngle: -42.5698 axialRotation: -71.8663 zShift: 3.37506 energy: 2.39373
MCReject   xShift: 6.48589 crossingAngle: -42.7084 axialRotation: -71.8663 zShift: 3.37506 energy: 1.85546
MCReject   xShift: 6.49999 crossingAngle: -42.4952 axialRotation: -71.8663 zShift: 3.37506 energy: 0.86977
MCReject   xShift: 6.47995 crossingAngle: -42.4952 axialRotation: -71.8663 zShift: 3.37506 energy: 2.26959
MCReject   xShift: 6.48589 crossingAngle: -42.4952 axialRotation: -71.8663 zShift: 3.35598 energy: 3.35917
MCReject   xShift: 6.48471 crossingAngle: -42.4952 axialRotation: -71.8663 zShift: 3.37506 energy: 2.39741
MCReject   xShift: 6.4961 crossingAngle: -42.4952 axialRotation: -71.8663 zShift: 3.37506 energy: 2.45057
MCReject   xShift: 6.48589 crossingAngle: -42.4529 axialRotation: -71.8663 zShift: 3.37506 energy: 2.26591
MCReject   xShift: 6.48589 crossingAngle: -42.4952 axialRotation: -71.6019 zShift: 3.37506 energy: 2.44402
MCReject   xShift: 6.48589 crossingAngle: -42.4952 axialRotation: -71.8663 zShift: 3.37496 energy: 2.45084
MCReject   xShift: 6.48589 crossingAngle: -42.4952 axialRotation: -71.9687 zShift: 3.37506 energy: 3.14303
MCReject   xShift: 6.48589 crossingAngle: -42.4952 axialRotation: -71.8663 zShift: 3.34893 energy: 3.96587
MCReject   xShift: 6.48589 crossingAngle: -42.4952 axialRotation: -71.8663 zShift: 3.35805 energy: 2.15988
MCReject   xShift: 6.48589 crossingAngle: -42.5204 axialRotation: -71.8663 zShift: 3.37506 energy: 2.20976
MCReject   xShift: 6.4958 crossingAngle: -42.4952 axialRotation: -71.8663 zShift: 3.37506 energy: 2.13443
MCReject   xShift: 6.48589 crossingAngle: -42.4952 axialRotation: -71.745 zShift: 3.37506 energy: 2.05572
MCReject   xShift: 6.48482 crossingAngle: -42.4952 axialRotation: -71.8663 zShift: 3.37506 energy: 2.26591
MCReject   xShift: 6.48589 crossingAngle: -42.4952 axialRotation: -71.7424 zShift: 3.37506 energy: 2.39373
MCReject   xShift: 6.48589 crossingAngle: -42.6931 axialRotation: -71.8663 zShift: 3.37506 energy: 1.85546
MCReject   xShift: 6.48589 crossingAngle: -42.4317 axialRotation: -71.8663 zShift: 3.37506 energy: 1.05176
MCReject   xShift: 6.47856 crossingAngle: -42.4952 axialRotation: -71.8663 zShift: 3.37506 energy: 2.92789
MCReject   xShift: 6.48589 crossingAngle: -42.4309 axialRotation: -71.8663 zShift: 3.37506 energy: 2.26959
MCReject   xShift: 6.48589 crossingAngle: -42.4976 axialRotation: -71.8663 zShift: 3.37506 energy: 0.663166
MCReject   xShift: 6.48589 crossingAngle: -42.4952 axialRotation: -71.8663 zShift: 3.36535 energy: 3.07377
MCReject   xShift: 6.48589 crossingAngle: -42.5203 axialRotation: -71.8663 zShift: 3.37506 energy: 1.75077
MCReject   xShift: 6.48589 crossingAngle: -42.4952 axialRotation: -71.9701 zShift: 3.37506 energy: 1.74543
MCReject   xShift: 6.48589 crossingAngle: -42.4952 axialRotation: -71.8663 zShift: 3.38929 energy: 0.89467
MCReject   xShift: 6.48589 crossingAngle: -42.4952 axialRotation: -71.7074 zShift: 3.37506 energy: 1.85748
MCReject   xShift: 6.48589 crossingAngle: -42.3394 axialRotation: -71.8663 zShift: 3.37506 energy: 0.873654
MCReject   xShift: 6.48589 crossingAngle: -42.4952 axialRotation: -71.8663 zShift: 3.40194 energy: 0.642647
MCReject   xShift: 6.48589 crossingAngle: -42.4952 axialRotation: -71.8287 zShift: 3.37506 energy: 0.86977
MCReject   xShift: 6.48589 crossingAngle: -42.4952 axialRotation: -71.8904 zShift: 3.37506 energy: 2.26959
MCReject   xShift: 6.48589 crossingAngle: -42.4952 axialRotation: -72.0218 zShift: 3.37506 energy: 2.4469
MCReject   xShift: 6.48589 crossingAngle: -42.4952 axialRotation: -71.8663 zShift: 3.38625 energy: 1.6879
MCReject   xShift: 6.50184 crossingAngle: -42.4952 axialRotation: -71.8663 zShift: 3.37506 energy: 0.86977
MCReject   xShift: 6.4805 crossingAngle: -42.4952 axialRotation: -71.8663 zShift: 3.37506 energy: 2.44402
MCReject   xShift: 6.48589 crossingAngle: -42.4952 axialRotation: -71.8663 zShift: 3.36436 energy: 2.7279
MCReject   xShift: 6.48589 crossingAngle: -42.4152 axialRotation: -71.8663 zShift: 3.37506 energy: 1.05076
MCReject   xShift: 6.46278 crossingAngle: -42.4952 axialRotation: -71.8663 zShift: 3.37506 energy: 0.93278
MCReject   xShift: 6.48589 crossingAngle: -42.2745 axialRotation: -71.8663 zShift: 3.37506 energy: 2.33437
MCReject   xShift: 6.48589 crossingAngle: -42.4952 axialRotation: -71.8217 zShift: 3.37506 energy: 2.13078
MCReject   xShift: 6.48589 crossingAngle: -42.4952 axialRotation: -71.8727 zShift: 3.37506 energy: 1.05464
MCReject   xShift: 6.49963 crossingAngle: -42.4952 axialRotation: -71.8663 zShift: 3.37506 energy: 2.4477
MCReject   xShift: 6.48589 crossingAngle: -42.4952 axialRotation: -71.9557 zShift: 3.37506 energy: 2.39373
MCReject   xShift: 6.48589 crossingAngle: -42.4952 axialRotation: -71.8663 zShift: 3.38283 energy: 1.89882
MCReject   xShift: 6.47255 crossingAngle: -42.4952 axialRotation: -71.8663 zShift: 3.37506 energy: 0.999609
MCReject   xShift: 6.49185 crossingAngle: -42.4952 axialRotation: -71.8663 zShift: 3.37506 energy: -0.343267
MCReject   xShift: 6.48589 crossingAngle: -42.4952 axialRotation: -71.8341 zShift: 3.37506 energy: 2.44402
MCReject   xShift: 6.48589 crossingAngle: -42.4952 axialRotation: -71.8663 zShift: 3.37167 energy: 1.08738
MCReject   xShift: 6.48589 crossingAngle: -42.4988 axialRotation: -71.8663 zShift: 3.37506 energy: 2.26591
MCReject   xShift: 6.48512 crossingAngle: -42.4952 axialRotation: -71.8663 zShift: 3.37506 energy: 2.44402
MCReject   xShift: 6.48589 crossingAngle: -42.6707 axialRotation: -71.8663 zShift: 3.37506 energy: 2.01192
MCReject   xShift: 6.49162 crossingAngle: -42.4952 axialRotation: -71.8663 zShift: 3.37506 energy: 1.75077
MCReject   xShift: 6.48589 crossingAngle: -42.5384 axialRotation: -71.8663 zShift: 3.37506 energy: 2.26959
MCReject   xShift: 6.48589 crossingAngle: -42.4952 axialRotation: -71.8663 zShift: 3.38141 energy: 1.36457
MCReject   xShift: 6.49347 crossingAngle: -42.4952 axialRotation: -71.8663 zShift: 3.37506 energy: 2.12876
MCReject   xShift: 6.48589 crossingAngle: -42.4353 axialRotation: -71.8663 zShift: 3.37506 energy: 0.7384
MCReject   xShift: 6.48589 crossingAngle: -42.4952 axialRotation: -71.8044 zShift: 3.37506 energy: 2.39373
MCReject   xShift: 6.48589 crossingAngle: -42.4952 axialRotation: -71.8663 zShift: 3.38859 energy: 0.0397923
MCReject   xShift: 6.48589 crossingAngle: -42.4952 axialRotation: -71.8663 zShift: 3.35689 energy: 3.59458
MCReject   xShift: 6.48767 crossingAngle: -42.4952 axialRotation: -71.8663 zShift: 3.37506 energy: 2.00657
MCReject   xShift: 6.48589 crossingAngle: -42.5202 axialRotation: -71.8663 zShift: 3.37506 energy: 2.2443
MCReject   xShift: 6.48589 crossingAngle: -42.4952 axialRotation: -71.8663 zShift: 3.37591 energy: 2.39382
MCReject   xShift: 6.48589 crossingAngle: -42.4952 axialRotation: -71.9643 zShift: 3.37506 energy: 1.95063
MCReject   xShift: 6.48357 crossingAngle: -42.4952 axialRotation: -71.8663 zShift: 3.37506 energy: 2.04071
MCReject   xShift: 6.48589 crossingAngle: -42.4952 axialRotation: -71.8444 zShift: 3.37506 energy: 2.45057
MCReject   xShift: 6.49512 crossingAngle: -42.4952 axialRotation: -71.8663 zShift: 3.37506 energy: 1.04788
MCReject   xShift: 6.47821 crossingAngle: -42.4952 axialRotation: -71.8663 zShift: 3.37506 energy: 1.72803
MCReject   xShift: 6.48589 crossingAngle: -42.4952 axialRotation: -72.0008 zShift: 3.37506 energy: 0.997592
MCReject   xShift: 6.48589 crossingAngle: -42.4952 axialRotation: -71.8663 zShift: 3.37083 energy: 2.20087
MCReject   xShift: 6.48589 crossingAngle: -42.4952 axialRotation: -71.8663 zShift: 3.39346 energy: 0.656734
MCReject   xShift: 6.48589 crossingAngle: -42.5815 axialRotation: -71.8663 zShift: 3.37506 energy: 0.86977
MCReject   xShift: 6.49283 crossingAngle: -42.4952 axialRotation: -71.8663 zShift: 3.37506 energy: 0.868307
MCReject   xShift: 6.48589 crossingAngle: -42.4952 axialRotation: -71.7855 zShift: 3.37506 energy: 2.26591
MCReject   xShift: 6.47531 crossingAngle: -42.4952 axialRotation: -71.8663 zShift: 3.37506 energy: 1.75077
MCReject   xShift: 6.48589 crossingAngle: -42.4952 axialRotation: -71.8663 zShift: 3.36828 energy: 1.43985
MCReject   xShift: 6.48589 crossingAngle: -42.4952 axialRotation: -71.9676 zShift: 3.37506 energy: 2.44402
MCReject   xShift: 6.48589 crossingAngle: -42.1778 axialRotation: -71.8663 zShift: 3.37506 energy: 0.999609
MCReject   xShift: 6.49024 crossingAngle: -42.4952 axialRotation: -71.8663 zShift: 3.37506 energy: 0.554598
MCReject   xShift: 6.50683 crossingAngle: -42.4952 axialRotation: -71.8663 zShift: 3.37506 energy: 3.25527
MCReject   xShift: 6.48589 crossingAngle: -42.5826 axialRotation: -71.8663 zShift: 3.37506 energy: 2.4469
MCReject   xShift: 6.48589 crossingAngle: -42.537 axialRotation: -71.8663 zShift: 3.37506 energy: 1.04642
MCReject   xShift: 6.48589 crossingAngle: -42.4952 axialRotation: -71.8663 zShift: 3.37852 energy: 1.82412
MCReject   xShift: 6.48589 crossingAngle: -42.4472 axialRotation: -71.8663 zShift: 3.37506 energy: 2.26959
MCReject   xShift: 6.49783 crossingAngle: -42.4952 axialRotation: -71.8663 zShift: 3.37506 energy: 3.25527
MCReject   xShift: 6.48589 crossingAngle: -42.4952 axialRotation: -71.7643 zShift: 3.37506 energy: 2.45057
MCReject   xShift: 6.48589 crossingAngle: -42.5276 axialRotation: -71.8663 zShift: 3.37506 energy: 1.93458
MCReject   xShift: 6.48589 crossingAngle: -42.4952 axialRotation: -71.8627 zShift: 3.37506 energy: 1.05176
MCReject   xShift: 6.48493 crossingAngle: -42.4952 axialRotation: -71.8663 zShift: 3.37506 energy: 2.44402
MCReject   xShift: 6.49136 crossingAngle: -42.4952 axialRotation: -71.8663 zShift: 3.37506 energy: 0.873654
MCReject   xShift: 6.47119 crossingAngle: -42.4952 axialRotation: -71.8663 zShift: 3.37506 energy: 1.04642
MCReject   xShift: 6.48589 crossingAngle: -42.4952 axialRotation: -71.8669 zShift: 3.37506 energy: 2.26959
MCReject   xShift: 6.47716 crossingAngle: -42.4952 axialRotation: -71.8663 zShift: 3.37506 energy: 1.74543
MCReject   xShift: 6.48589 crossingAngle: -42.4952 axialRotation: -71.8663 zShift: 3.35842 energy: 3.07735
MCReject   xShift: 6.48589 crossingAngle: -42.4952 axialRotation: -71.6561 zShift: 3.37506 energy: 2.26591
MCReject   xShift: 6.48589 crossingAngle: -42.4952 axialRotation: -71.962 zShift: 3.37506 energy: 3.1467
MCReject   xShift: 6.50357 crossingAngle: -42.4952 axialRotation: -71.8663 zShift: 3.37506 energy: 2.26591
MCReject   xShift: 6.48589 crossingAngle: -42.433 axialRotation: -71.8663 zShift: 3.37506 energy: 2.26959
MCReject   xShift: 6.48589 crossingAngle: -42.4952 axialRotation: -71.8597 zShift: 3.37506 energy: 1.74543
MCReject   xShift: 6.48589 crossingAngle: -42.4952 axialRotation: -71.8663 zShift: 3.35346 energy: 3.61163
MCReject   xShift: 6.48525 crossingAngle: -42.4952 axialRotation: -71.8663 zShift: 3.37506 energy: 1.74543
MCReject   xShift: 6.48589 crossingAngle: -42.3108 axialRotation: -71.8663 zShift: 3.37506 energy: 2.39741
MCReject   xShift: 6.48589 crossingAngle: -42.4952 axialRotation: -71.8599 zShift: 3.37506 energy: 2.19156
MCReject   xShift: 6.47972 crossingAngle: -42.4952 axialRotation: -71.8663 zShift: 3.37506 energy: 1.05277
MCReject   xShift: 6.48589 crossingAngle: -42.4952 axialRotation: -71.7344 zShift: 3.37506 energy: 2.39373
MCReject   xShift: 6.48589 crossingAngle: -42.4952 axialRotation: -72.0283 zShift: 3.37506 energy: 1.72803
MCReject   xShift: 6.48589 crossingAngle: -42.4952 axialRotation: -71.8155 zShift: 3.37506 energy: 2.26591
MCReject   xShift: 6.48589 crossingAngle: -42.4952 axialRotation: -71.9002 zShift: 3.37506 energy: 1.74543
MCReject   xShift: 6.48589 crossingAngle: -42.5036 axialRotation: -71.8663 zShift: 3.37506 energy: 2.26959
MCReject   xShift: 6.48589 crossingAngle: -42.4952 axialRotation: -71.9326 zShift: 3.37506 energy: -0.400122
MCReject   xShift: 6.48589 crossingAngle: -42.5152 axialRotation: -71.8663 zShift: 3.37506 energy: 2.44402
MCReject   xShift: 6.48589 crossingAngle: -42.4952 axialRotation: -71.8246 zShift: 3.37506 energy: 2.4469
MCReject   xShift: 6.48589 crossingAngle: -42.6247 axialRotation: -71.8663 zShift: 3.37506 energy: 3.1467
MCReject   xShift: 6.48589 crossingAngle: -42.4952 axialRotation: -71.8663 zShift: 3.36774 energy: 2.39732
MCReject   xShift: 6.48589 crossingAngle: -42.4855 axialRotation: -71.8663 zShift: 3.37506 energy: 2.4469
MCReject   xShift: 6.48589 crossingAngle: -42.4952 axialRotation: -71.8584 zShift: 3.37506 energy: 2.4477
MCReject   xShift: 6.48589 crossingAngle: -42.4952 axialRotation: -71.8276 zShift: 3.37506 energy: 2.26959
MCReject   xShift: 6.48589 crossingAngle: -42.603 axialRotation: -71.8663 zShift: 3.37506 energy: 1.04788
MCReject   xShift: 6.48589 crossingAngle: -42.4952 axialRotation: -71.8663 zShift: 3.38415 energy: 0.474573
MCReject   xShift: 6.48589 crossingAngle: -42.294 axialRotation: -71.8663 zShift: 3.37506 energy: 2.45057
MCReject   xShift: 6.48589 crossingAngle: -42.4952 axialRotation: -71.8663 zShift: 3.36678 energy: 2.93575
MCReject   xShift: 6.48589 crossingAngle: -42.5681 axialRotation: -71.8663 zShift: 3.37506 energy: 2.26591
MCReject   xShift: 6.48589 crossingAngle: -42.5477 axialRotation: -71.8663 zShift: 3.37506 energy: 1.05464
MCReject   xShift: 6.48589 crossingAngle: -42.4952 axialRotation: -71.8663 zShift: 3.37166 energy: 2.06553
MCReject   xShift: 6.48589 crossingAngle: -42.4952 axialRotation: -71.8663 zShift: 3.40211 energy: 0.41652
MCReject   xShift: 6.48589 crossingAngle: -42.4952 axialRotation: -71.8663 zShift: 3.38346 energy: 1.23566
MCReject   xShift: 6.48589 crossingAngle: -42.4952 axialRotation: -71.6833 zShift: 3.37506 energy: 0.996129
MCReject   xShift: 6.49673 crossingAngle: -42.4952 axialRotation: -71.8663 zShift: 3.37506 energy: 3.2516
MCReject   xShift: 6.48589 crossingAngle: -42.7475 axialRotation: -71.8663 zShift: 3.37506 energy: 2.26591
MCReject   xShift: 6.48589 crossingAngle: -42.4952 axialRotation: -71.9536 zShift: 3.37506 energy: 2.32902
MCReject   xShift: 6.48589 crossingAngle: -42.4952 axialRotation: -71.8663 zShift: 3.37098 energy: -0.267249
MCReject   xShift: 6.4994 crossingAngle: -42.4952 axialRotation: -71.8663 zShift: 3.37506 energy: 1.74543
MCReject   xShift: 6.48589 crossingAngle: -42.4952 axialRotation: -71.7994 zShift: 3.37506 energy: 0.871787
MCReject   xShift: 6.4889 crossingAngle: -42.4952 axialRotation: -71.8663 zShift: 3.37506 energy: 1.75077
MCReject   xShift: 6.46911 crossingAngle: -42.4952 axialRotation: -71.8663 zShift: 3.37506 energy: 2.26959
MCReject   xShift: 6.48589 crossingAngle: -42.4952 axialRotation: -71.8663 zShift: 3.37001 energy: 1.18731
MCReject   xShift: 6.48589 crossingAngle: -42.4952 axialRotation: -71.7492 zShift: 3.37506 energy: 2.44402
MCReject   xShift: 6.50283 crossingAngle: -42.4952 axialRotation: -71.8663 zShift: 3.37506 energy: 0.997247
MCReject   xShift: 6.48589 crossingAngle: -42.3915 axialRotation: -71.8663 zShift: 3.37506 energy: 1.04788
MCReject   xShift: 6.48864 crossingAngle: -42.4952 axialRotation: -71.8663 zShift: 3.37506 energy: 1.74543
MCReject   xShift: 6.48589 crossingAngle: -42.4952 axialRotation: -72.007 zShift: 3.37506 energy: 1.05277
MCReject   xShift: 6.47406 crossingAngle: -42.4952 axialRotation: -71.8663 zShift: 3.37506 energy: 2.39741
MCAccept 6 xShift: 6.48589 crossingAngle: -42.4952 axialRotation: -71.8663 zShift: 3.37932 energy: -0.793171
MCReject   xShift: 6.48314 crossingAngle: -42.4952 axialRotation: -71.8663 zShift: 3.37932 energy: 2.00084
MCReject   xShift: 6.49052 crossingAngle: -42.4952 axialRotation: -71.8663 zShift: 3.37932 energy: 2.1772
MCReject   xShift: 6.48589 crossingAngle: -42.4952 axialRotation: -71.8365 zShift: 3.37932 energy: 2.17443
MCReject   xShift: 6.48589 crossingAngle: -42.4952 axialRotation: -71.8663 zShift: 3.38862 energy: 1.40924
MCReject   xShift: 6.48589 crossingAngle: -42.5531 axialRotation: -71.8663 zShift: 3.37932 energy: 1.49086
MCReject   xShift: 6.48589 crossingAngle: -42.3682 axialRotation: -71.8663 zShift: 3.37932 energy: 0.77821
MCReject   xShift: 6.48589 crossingAngle: -42.6114 axialRotation: -71.8663 zShift: 3.37932 energy: 1.49086
MCReject   xShift: 6.48589 crossingAngle: -42.4843 axialRotation: -71.8663 zShift: 3.37932 energy: 2.1772
MCReject   xShift: 6.48136 crossingAngle: -42.4952 axialRotation: -71.8663 zShift: 3.37932 energy: 0.60462
MCReject   xShift: 6.48589 crossingAngle: -42.4952 axialRotation: -71.9731 zShift: 3.37932 energy: 0.399889
MCReject   xShift: 6.48589 crossingAngle: -42.6597 axialRotation: -71.8663 zShift: 3.37932 energy: 3.06603
MCReject   xShift: 6.48589 crossingAngle: -42.3928 axialRotation: -71.8663 zShift: 3.37932 energy: 2.12502
MCAccept 7 xShift: 6.48589 crossingAngle: -42.4952 axialRotation: -71.9961 zShift: 3.37932 energy: -0.789453
MCReject   xShift: 6.49054 crossingAngle: -42.4952 axialRotation: -71.9961 zShift: 3.37932 energy: 0.399889
MCReject   xShift: 6.50692 crossingAngle: -42.4952 axialRotation: -71.9961 zShift: 3.37932 energy: 0.782123
MCReject   xShift: 6.48589 crossingAngle: -42.5576 axialRotation: -71.9961 zShift: 3.37932 energy: 2.00084
MCReject   xShift: 6.48589 crossingAngle: -42.6254 axialRotation: -71.9961 zShift: 3.37932 energy: 2.00084
MCReject   xShift: 6.48589 crossingAngle: -42.6091 axialRotation: -71.9961 zShift: 3.37932 energy: 1.598
MCReject   xShift: 6.48589 crossingAngle: -42.4952 axialRotation: -71.9961 zShift: 3.38107 energy: 0.67198
MCAccept 8 xShift: 6.47587 crossingAngle: -42.4952 axialRotation: -71.9961 zShift: 3.37932 energy: -0.61958
MCReject   xShift: 6.47587 crossingAngle: -42.4952 axialRotation: -72.0575 zShift: 3.37932 energy: 2.1772
MCReject   xShift: 6.4718 crossingAngle: -42.4952 axialRotation: -71.9961 zShift: 3.37932 energy: 1.48549
MCReject   xShift: 6.47384 crossingAngle: -42.4952 axialRotation: -71.9961 zShift: 3.37932 energy: 2.17443
MCReject   xShift: 6.47587 crossingAngle: -42.4952 axialRotation: -71.8652 zShift: 3.37932 energy: 0.780255
MCReject   xShift: 6.47587 crossingAngle: -42.4952 axialRotation: -71.9961 zShift: 3.39442 energy: 1.17866
MCReject   xShift: 6.47587 crossingAngle: -42.4952 axialRotation: -71.9961 zShift: 3.38579 energy: 0.0779893
MCReject   xShift: 6.47587 crossingAngle: -42.4952 axialRotation: -71.9961 zShift: 3.39067 energy: -0.0836738
MCReject   xShift: 6.47587 crossingAngle: -42.4772 axialRotation: -71.9961 zShift: 3.37932 energy: 2.88316
MCReject   xShift: 6.46278 crossingAngle: -42.4952 axialRotation: -71.9961 zShift: 3.37932 energy: 2.66823
MCReject   xShift: 6.47587 crossingAngle: -42.4532 axialRotation: -71.9961 zShift: 3.37932 energy: 0.730604
MCReject   xShift: 6.47587 crossingAngle: -42.4868 axialRotation: -71.9961 zShift: 3.37932 energy: 2.00084
MCReject   xShift: 6.47587 crossingAngle: -42.4952 axialRotation: -72.229 zShift: 3.37932 energy: 1.86318
MCReject   xShift: 6.47587 crossingAngle: -42.3318 axialRotation: -71.9961 zShift: 3.37932 energy: 0.727144
MCReject   xShift: 6.47471 crossingAngle: -42.4952 axialRotation: -71.9961 zShift: 3.37932 energy: 2.17443
MCReject   xShift: 6.46424 crossingAngle: -42.4952 axialRotation: -71.9961 zShift: 3.37932 energy: 0.606664
MCReject   xShift: 6.47587 crossingAngle: -42.4952 axialRotation: -71.9961 zShift: 3.3557 energy: 3.51097
MCReject   xShift: 6.47587 crossingAngle: -42.4952 axialRotation: -71.9874 zShift: 3.37932 energy: 0.77821
MCReject   xShift: 6.47587 crossingAngle: -42.4952 axialRotation: -71.9683 zShift: 3.37932 energy: 2.88687
MCReject   xShift: 6.4716 crossingAngle: -42.4952 axialRotation: -71.9961 zShift: 3.37932 energy: 2.12132
MCAccept 9 xShift: 6.47587 crossingAngle: -42.4952 axialRotation: -71.9961 zShift: 3.3757 energy: -0.563918
MCReject   xShift: 6.47587 crossingAngle: -42.5637 axialRotation: -71.9961 zShift: 3.3757 energy: 0.95887
MCReject   xShift: 6.46826 crossingAngle: -42.4952 axialRotation: -71.9961 zShift: 3.3757 energy: 2.2893
MCReject   xShift: 6.47956 crossingAngle: -42.4952 axialRotation: -71.9961 zShift: 3.3757 energy: 1.01144
MCReject   xShift: 6.47587 crossingAngle: -42.4952 axialRotation: -71.9961 zShift: 3.37888 energy: 1.89731
MCReject   xShift: 6.47587 crossingAngle: -42.3869 axialRotation: -71.9961 zShift: 3.3757 energy: 2.22995
MCReject   xShift: 6.47587 crossingAngle: -42.3967 axialRotation: -71.9961 zShift: 3.3757 energy: 0.960737
MCReject   xShift: 6.47587 crossingAngle: -42.4227 axialRotation: -71.9961 zShift: 3.3757 energy: 2.02224
MCReject   xShift: 6.47587 crossingAngle: -42.4952 axialRotation: -71.9961 zShift: 3.37265 energy: 2.60494
MCReject   xShift: 6.47557 crossingAngle: -42.4952 axialRotation: -71.9961 zShift: 3.3757 energy: 2.35668
MCReject   xShift: 6.47587 crossingAngle: -42.4803 axialRotation: -71.9961 zShift: 3.3757 energy: 1.71188
MCReject   xShift: 6.47587 crossingAngle: -42.4952 axialRotation: -72.1357 zShift: 3.3757 energy: 0.695119
MCReject   xShift: 6.47587 crossingAngle: -42.5639 axialRotation: -71.9961 zShift: 3.3757 energy: 1.90972
MCReject   xShift: 6.44872 crossingAngle: -42.4952 axialRotation: -71.9961 zShift: 3.3757 energy: 0.834001
MCReject   xShift: 6.47587 crossingAngle: -42.4952 axialRotation: -71.8679 zShift: 3.3757 energy: 1.9992
MCReject   xShift: 6.47532 crossingAngle: -42.4952 axialRotation: -71.9961 zShift: 3.3757 energy: 2.40657
MCReject   xShift: 6.47587 crossingAngle: -42.6485 axialRotation: -71.9961 zShift: 3.3757 energy: 1.01244
MCAccept 10 xShift: 6.47587 crossingAngle: -42.4596 axialRotation: -71.9961 zShift: 3.3757 energy: -0.386477
MCReject   xShift: 6.47587 crossingAngle: -42.4596 axialRotation: -71.9961 zShift: 3.36988 energy: 2.77995
MCReject   xShift: 6.47587 crossingAngle: -42.6022 axialRotation: -71.9961 zShift: 3.3757 energy: 2.01689
MCReject   xShift: 6.47587 crossingAngle: -42.5867 axialRotation: -71.9961 zShift: 3.3757 energy: 1.70653
MCReject   xShift: 6.47587 crossingAngle: -42.5971 axialRotation: -71.9961 zShift: 3.3757 energy: 2.40739
MCReject   xShift: 6.47587 crossingAngle: -42.4596 axialRotation: -71.9581 zShift: 3.3757 energy: 2.40371
MCReject   xShift: 6.47587 crossingAngle: -42.4596 axialRotation: -71.9961 zShift: 3.38267 energy: 1.97102
MCReject   xShift: 6.47587 crossingAngle: -42.4665 axialRotation: -71.9961 zShift: 3.3757 energy: 2.22627
MCReject   xShift: 6.47587 crossingAngle: -42.3796 axialRotation: -71.9961 zShift: 3.3757 energy: 2.41025
MCReject   xShift: 6.48353 crossingAngle: -42.4596 axialRotation: -71.9961 zShift: 3.3757 energy: 2.22995
MCReject   xShift: 6.46155 crossingAngle: -42.4596 axialRotation: -71.9961 zShift: 3.3757 energy: 2.35047
MCReject   xShift: 6.47587 crossingAngle: -42.5585 axialRotation: -71.9961 zShift: 3.3757 energy: 1.81865
MCReject   xShift: 6.47587 crossingAngle: -42.2717 axialRotation: -71.9961 zShift: 3.3757 energy: 1.70653
MCReject   xShift: 6.47587 crossingAngle: -42.4596 axialRotation: -71.9748 zShift: 3.3757 energy: 0.832134
MCReject   xShift: 6.47587 crossingAngle: -42.4596 axialRotation: -71.9961 zShift: 3.37687 energy: 0.885709
MCAccept 11 xShift: 6.47241 crossingAngle: -42.4596 axialRotation: -71.9961 zShift: 3.3757 energy: -0.437182
MCReject   xShift: 6.46676 crossingAngle: -42.4596 axialRotation: -71.9961 zShift: 3.3757 energy: 2.22627
MCReject   xShift: 6.47241 crossingAngle: -42.4596 axialRotation: -71.9961 zShift: 3.36351 energy: 3.19106
MCReject   xShift: 6.47241 crossingAngle: -42.4596 axialRotation: -71.9961 zShift: 3.35632 energy: 2.27706
MCReject   xShift: 6.47241 crossingAngle: -42.4596 axialRotation: -71.9959 zShift: 3.3757 energy: 3.21278
MCReject   xShift: 6.47241 crossingAngle: -42.4596 axialRotation: -71.9961 zShift: 3.37755 energy: 2.11051
MCReject   xShift: 6.47241 crossingAngle: -42.4596 axialRotation: -71.8857 zShift: 3.3757 energy: 2.19946
MCReject   xShift: 6.46864 crossingAngle: -42.4596 axialRotation: -71.9961 zShift: 3.3757 energy: 2.41025
MCReject   xShift: 6.47241 crossingAngle: -42.4596 axialRotation: -71.9961 zShift: 3.37797 energy: 0.865436
MCReject   xShift: 6.47241 crossingAngle: -42.4596 axialRotation: -72.0237 zShift: 3.3757 energy: 1.81865
MCReject   xShift: 6.47241 crossingAngle: -42.4435 axialRotation: -71.9961 zShift: 3.3757 energy: 2.35668
MCReject   xShift: 6.47241 crossingAngle: -42.4596 axialRotation: -71.9961 zShift: 3.37198 energy: 2.14115
MCReject   xShift: 6.47241 crossingAngle: -42.4596 axialRotation: -71.9961 zShift: 3.38287 energy: 1.85005
MCReject   xShift: 6.47241 crossingAngle: -42.4596 axialRotation: -71.9961 zShift: 3.37919 energy: 2.18883
MCReject   xShift: 6.47241 crossingAngle: -42.4596 axialRotation: -71.8035 zShift: 3.3757 energy: 2.353
MCReject   xShift: 6.46904 crossingAngle: -42.4596 axialRotation: -71.9961 zShift: 3.3757 energy: 2.353
MCReject   xShift: 6.47241 crossingAngle: -42.4596 axialRotation: -71.6853 zShift: 3.3757 energy: 2.353
MCReject   xShift: 6.47241 crossingAngle: -42.573 axialRotation: -71.9961 zShift: 3.3757 energy: 2.41025
MCReject   xShift: 6.47241 crossingAngle: -42.6846 axialRotation: -71.9961 zShift: 3.3757 energy: 2.41025
MCReject   xShift: 6.47241 crossingAngle: -42.4596 axialRotation: -71.761 zShift: 3.3757 energy: 2.20481
MCReject   xShift: 6.49288 crossingAngle: -42.4596 axialRotation: -71.9961 zShift: 3.3757 energy: 0.834001
MCReject   xShift: 6.47241 crossingAngle: -42.5036 axialRotation: -71.9961 zShift: 3.3757 energy: 0.955385
MCReject   xShift: 6.47241 crossingAngle: -42.4091 axialRotation: -71.9961 zShift: 3.3757 energy: 1.90972
MCReject   xShift: 6.47241 crossingAngle: -42.4098 axialRotation: -71.9961 zShift: 3.3757 energy: 3.21278
MCReject   xShift: 6.47241 crossingAngle: -42.2371 axialRotation: -71.9961 zShift: 3.3757 energy: 2.353
MCReject   xShift: 6.47241 crossingAngle: -42.4596 axialRotation: -71.9361 zShift: 3.3757 energy: 2.40371
MCReject   xShift: 6.47241 crossingAngle: -42.4596 axialRotation: -71.9961 zShift: 3.38251 energy: 1.91909
MCReject   xShift: 6.47241 crossingAngle: -42.3934 axialRotation: -71.9961 zShift: 3.3757 energy: 0.896734
MCReject   xShift: 6.4606 crossingAngle: -42.4596 axialRotation: -71.9961 zShift: 3.3757 energy: 3.54636
MCReject   xShift: 6.47241 crossingAngle: -42.4596 axialRotation: -71.9961 zShift: 3.37809 energy: 3.06658
MCReject   xShift: 6.47241 crossingAngle: -42.4356 axialRotation: -71.9961 zShift: 3.3757 energy: 1.81663
MCReject   xShift: 6.47241 crossingAngle: -42.4596 axialRotation: -71.9961 zShift: 3.37419 energy: 2.45006
MCReject   xShift: 6.47241 crossingAngle: -42.3597 axialRotation: -71.9961 zShift: 3.3757 energy: 2.22627
MCReject   xShift: 6.47241 crossingAngle: -42.3879 axialRotation: -71.9961 zShift: 3.3757 energy: 1.00957
MCReject   xShift: 6.47241 crossingAngle: -42.4596 axialRotation: -71.7001 zShift: 3.3757 energy: 2.09284
MCReject   xShift: 6.47241 crossingAngle: -42.4596 axialRotation: -72.0902 zShift: 3.3757 energy: 2.22627
MCReject   xShift: 6.47241 crossingAngle: -42.4596 axialRotation: -71.9961 zShift: 3.37954 energy: 1.99098
MCReject   xShift: 6.47927 crossingAngle: -42.4596 axialRotation: -71.9961 zShift: 3.3757 energy: 2.40657
MCReject   xShift: 6.47241 crossingAngle: -42.4306 axialRotation: -71.9961 zShift: 3.3757 energy: 2.22995
MCReject   xShift: 6.47241 crossingAngle: -42.4596 axialRotation: -71.9961 zShift: 3.35234 energy: 3.8992
MCReject   xShift: 6.47241 crossingAngle: -42.4596 axialRotation: -72.0503 zShift: 3.3757 energy: 1.00609
MCReject   xShift: 6.47241 crossingAngle: -42.4596 axialRotation: -71.9961 zShift: 3.38077 energy: 1.65582
MCReject   xShift: 6.47132 crossingAngle: -42.4596 axialRotation: -71.9961 zShift: 3.3757 energy: 3.10414
MCReject   xShift: 6.47241 crossingAngle: -42.5415 axialRotation: -71.9961 zShift: 3.3757 energy: 2.22627
MCAccept 12 xShift: 6.47241 crossingAngle: -42.4596 axialRotation: -71.9961 zShift: 3.37979 energy: -0.818604
MCReject   xShift: 6.4594 crossingAngle: -42.4596 axialRotation: -71.9961 zShift: 3.37979 energy: 1.97541
MCReject   xShift: 6.47241 crossingAngle: -42.4646 axialRotation: -71.9961 zShift: 3.37979 energy: 2.09136
MCReject   xShift: 6.47241 crossingAngle: -42.4596 axialRotation: -71.9961 zShift: 3.38185 energy: 2.83954
MCReject   xShift: 6.47051 crossingAngle: -42.4596 axialRotation: -71.9961 zShift: 3.37979 energy: 0.749852
MCReject   xShift: 6.47241 crossingAngle: -42.4596 axialRotation: -72.0003 zShift: 3.37979 energy: 1.46231
MCReject   xShift: 6.47241 crossingAngle: -42.4596 axialRotation: -71.9961 zShift: 3.38634 energy: 3.45623
MCReject   xShift: 6.47241 crossingAngle: -42.4596 axialRotation: -72.0154 zShift: 3.37979 energy: 1.97541
MCReject   xShift: 6.47241 crossingAngle: -42.4596 axialRotation: -71.8352 zShift: 3.37979 energy: 2.14849
MCReject   xShift: 6.47241 crossingAngle: -42.5788 axialRotation: -71.9961 zShift: 3.37979 energy: 1.84081
MCReject   xShift: 6.47241 crossingAngle: -42.4596 axialRotation: -71.9961 zShift: 3.37392 energy: 0.939987
MCReject   xShift: 6.47241 crossingAngle: -42.4596 axialRotation: -71.9961 zShift: 3.37983 energy: 2.14237
MCReject   xShift: 6.47241 crossingAngle: -42.4596 axialRotation: -71.7335 zShift: 3.37979 energy: 1.9717
MCReject   xShift: 6.47241 crossingAngle: -42.4596 axialRotation: -71.9961 zShift: 3.37446 energy: 1.76445
MCReject   xShift: 6.466 crossingAngle: -42.4596 axialRotation: -71.9961 zShift: 3.37979 energy: 1.97541
MCReject   xShift: 6.46393 crossingAngle: -42.4596 axialRotation: -71.9961 zShift: 3.37979 energy: 1.46231
MCReject   xShift: 6.47241 crossingAngle: -42.4596 axialRotation: -71.9961 zShift: 3.39336 energy: 0.92624
MCReject   xShift: 6.47241 crossingAngle: -42.5726 axialRotation: -71.9961 zShift: 3.37979 energy: 2.09136
MCReject   xShift: 6.47241 crossingAngle: -42.4596 axialRotation: -71.9961 zShift: 3.37892 energy: 2.02952
MCReject   xShift: 6.47241 crossingAngle: -42.3233 axialRotation: -71.9961 zShift: 3.37979 energy: 0.693672
MCReject   xShift: 6.46672 crossingAngle: -42.4596 axialRotation: -71.9961 zShift: 3.37979 energy: 2.09136
MCReject   xShift: 6.47241 crossingAngle: -42.4596 axialRotation: -72.1912 zShift: 3.37979 energy: 2.14754
MCReject   xShift: 6.47026 crossingAngle: -42.4596 axialRotation: -71.9961 zShift: 3.37979 energy: -0.645518
MCReject   xShift: 6.45161 crossingAngle: -42.4596 axialRotation: -71.9961 zShift: 3.37979 energy: 0.549578
MCReject   xShift: 6.47241 crossingAngle: -42.2231 axialRotation: -71.9961 zShift: 3.37979 energy: 1.66011
MCReject   xShift: 6.47241 crossingAngle: -42.4088 axialRotation: -71.9961 zShift: 3.37979 energy: 0.579389
MCReject   xShift: 6.47887 crossingAngle: -42.4596 axialRotation: -71.9961 zShift: 3.37979 energy: 2.85461
MCReject   xShift: 6.47241 crossingAngle: -42.4596 axialRotation: -71.9961 zShift: 3.363 energy: 2.90141
MCReject   xShift: 6.47241 crossingAngle: -42.4596 axialRotation: -71.9961 zShift: 3.37449 energy: 0.909786
MCReject   xShift: 6.47241 crossingAngle: -42.4596 axialRotation: -72.0141 zShift: 3.37979 energy: 0.701709
MCReject   xShift: 6.47241 crossingAngle: -42.4596 axialRotation: -71.7937 zShift: 3.37979 energy: 1.74565
MCReject   xShift: 6.49046 crossingAngle: -42.4596 axialRotation: -71.9961 zShift: 3.37979 energy: 1.74565
MCReject   xShift: 6.47241 crossingAngle: -42.4596 axialRotation: -72.0709 zShift: 3.37979 energy: 2.85461
MCReject   xShift: 6.47241 crossingAngle: -42.6659 axialRotation: -71.9961 zShift: 3.37979 energy: 1.97541
MCReject   xShift: 6.47241 crossingAngle: -42.4596 axialRotation: -71.9828 zShift: 3.37979 energy: 1.46231
MCReject   xShift: 6.47814 crossingAngle: -42.4596 axialRotation: -71.9961 zShift: 3.37979 energy: 1.66216
MCReject   xShift: 6.47241 crossingAngle: -42.4134 axialRotation: -71.9961 zShift: 3.37979 energy: 1.9717
MCReject   xShift: 6.47241 crossingAngle: -42.4954 axialRotation: -71.9961 zShift: 3.37979 energy: 0.69905
MCReject   xShift: 6.47241 crossingAngle: -42.4596 axialRotation: -71.8206 zShift: 3.37979 energy: 1.46231
MCReject   xShift: 6.47241 crossingAngle: -42.4596 axialRotation: -71.9961 zShift: 3.37945 energy: 1.48296
MCReject   xShift: 6.47241 crossingAngle: -42.4596 axialRotation: -71.9961 zShift: 3.39676 energy: 1.10327
MCReject   xShift: 6.47241 crossingAngle: -42.4596 axialRotation: -71.9961 zShift: 3.38708 energy: 1.63228
MCReject   xShift: 6.45439 crossingAngle: -42.4596 axialRotation: -71.9961 zShift: 3.37979 energy: 1.56744
MCReject   xShift: 6.47241 crossingAngle: -42.4596 axialRotation: -71.8958 zShift: 3.37979 energy: 2.14849
MCReject   xShift: 6.47241 crossingAngle: -42.4596 axialRotation: -71.9961 zShift: 3.3787 energy: 0.328573
MCReject   xShift: 6.49309 crossingAngle: -42.4596 axialRotation: -71.9961 zShift: 3.37979 energy: 2.09136
MCReject   xShift: 6.47241 crossingAngle: -42.4596 axialRotation: -72.0935 zShift: 3.37979 energy: 1.64095
MCReject   xShift: 6.47241 crossingAngle: -42.4596 axialRotation: -71.9961 zShift: 3.36407 energy: 1.7619
MCReject   xShift: 6.47241 crossingAngle: -42.4596 axialRotation: -71.9961 zShift: 3.36963 energy: 2.79563
MCReject   xShift: 6.47241 crossingAngle: -42.316 axialRotation: -71.9961 zShift: 3.37979 energy: 1.44571
MCReject   xShift: 6.49297 crossingAngle: -42.4596 axialRotation: -71.9961 zShift: 3.37979 energy: 0.693672
MCReject   xShift: 6.47241 crossingAngle: -42.4596 axialRotation: -71.9961 zShift: 3.39772 energy: 0.669864
MCReject   xShift: 6.47241 crossingAngle: -42.4596 axialRotation: -72.164 zShift: 3.37979 energy: 2.64177
MCReject   xShift: 6.47241 crossingAngle: -42.4596 axialRotation: -72.0112 zShift: 3.37979 energy: 1.63557
MCReject   xShift: 6.47241 crossingAngle: -42.5088 axialRotation: -71.9961 zShift: 3.37979 energy: 0.262321
MCReject   xShift: 6.47241 crossingAngle: -42.4596 axialRotation: -71.8516 zShift: 3.37979 energy: 0.695134
MCReject   xShift: 6.48973 crossingAngle: -42.4596 axialRotation: -71.9961 zShift: 3.37979 energy: 1.97541
MCReject   xShift: 6.47241 crossingAngle: -42.4596 axialRotation: -71.9961 zShift: 3.39294 energy: -0.123103
MCReject   xShift: 6.47241 crossingAngle: -42.4118 axialRotation: -71.9961 zShift: 3.37979 energy: 1.74565
MCReject   xShift: 6.47241 crossingAngle: -42.4596 axialRotation: -71.9961 zShift: 3.39151 energy: 1.96016
MCReject   xShift: 6.47241 crossingAngle: -42.4596 axialRotation: -71.9961 zShift: 3.38503 energy: 1.82409
MCReject   xShift: 6.47241 crossingAngle: -42.5439 axialRotation: -71.9961 zShift: 3.37979 energy: 0.69905
MCReject   xShift: 6.47241 crossingAngle: -42.3873 axialRotation: -71.9961 zShift: 3.37979 energy: 2.09136
MCReject   xShift: 6.47241 crossingAngle: -42.4596 axialRotation: -71.9961 zShift: 3.37518 energy: 2.43675
MCReject   xShift: 6.48848 crossingAngle: -42.4596 axialRotation: -71.9961 zShift: 3.37979 energy: 0.693672
MCReject   xShift: 6.4888 crossingAngle: -42.4596 axialRotation: -71.9961 zShift: 3.37979 energy: 0.579389
MCReject   xShift: 6.47241 crossingAngle: -42.4596 axialRotation: -71.84 zShift: 3.37979 energy: 2.14479
MCReject   xShift: 6.47241 crossingAngle: -42.4596 axialRotation: -71.9961 zShift: 3.37072 energy: 3.6036
MCReject   xShift: 6.47241 crossingAngle: -42.3207 axialRotation: -71.9961 zShift: 3.37979 energy: 1.74565
MCReject   xShift: 6.47241 crossingAngle: -42.4596 axialRotation: -71.9961 zShift: 3.38354 energy: 1.23675
MCReject   xShift: 6.47677 crossingAngle: -42.4596 axialRotation: -71.9961 zShift: 3.37979 energy: 1.97541
MCReject   xShift: 6.48232 crossingAngle: -42.4596 axialRotation: -71.9961 zShift: 3.37979 energy: 1.45693
MCReject   xShift: 6.48797 crossingAngle: -42.4596 axialRotation: -71.9961 zShift: 3.37979 energy: 0.74856
MCReject   xShift: 6.47241 crossingAngle: -42.4596 axialRotation: -72.1053 zShift: 3.37979 energy: 0.751314
MCReject   xShift: 6.47241 crossingAngle: -42.4596 axialRotation: -71.9961 zShift: 3.37912 energy: 0.621146
MCReject   xShift: 6.47241 crossingAngle: -42.4596 axialRotation: -72.2248 zShift: 3.37979 energy: 2.09507
MCReject   xShift: 6.49686 crossingAngle: -42.4596 axialRotation: -71.9961 zShift: 3.37979 energy: 2.09136
MCReject   xShift: 6.47241 crossingAngle: -42.4596 axialRotation: -71.9961 zShift: 3.36318 energy: 3.21558
MCReject   xShift: 6.46759 crossingAngle: -42.4596 axialRotation: -71.9961 zShift: 3.37979 energy: 2.09507
MCReject   xShift: 6.46175 crossingAngle: -42.4596 axialRotation: -71.9961 zShift: 3.37979 energy: 1.66011
MCReject   xShift: 6.47701 crossingAngle: -42.4596 axialRotation: -71.9961 zShift: 3.37979 energy: 1.64095
MCReject   xShift: 6.47241 crossingAngle: -42.4596 axialRotation: -71.9961 zShift: 3.37046 energy: 1.34801
MCReject   xShift: 6.47241 crossingAngle: -42.4671 axialRotation: -71.9961 zShift: 3.37979 energy: 2.14849
MCReject   xShift: 6.47241 crossingAngle: -42.4596 axialRotation: -71.9015 zShift: 3.37979 energy: 1.7477
MCReject   xShift: 6.47241 crossingAngle: -42.5558 axialRotation: -71.9961 zShift: 3.37979 energy: 3.23021
MCReject   xShift: 6.48229 crossingAngle: -42.4596 axialRotation: -71.9961 zShift: 3.37979 energy: 1.9717
MCReject   xShift: 6.47241 crossingAngle: -42.4596 axialRotation: -71.9961 zShift: 3.39029 energy: 2.5055
MCReject   xShift: 6.46616 crossingAngle: -42.4596 axialRotation: -71.9961 zShift: 3.37979 energy: 0.37137
MCReject   xShift: 6.47241 crossingAngle: -42.4109 axialRotation: -71.9961 zShift: 3.37979 energy: 1.66011
MCReject   xShift: 6.47241 crossingAngle: -42.823 axialRotation: -71.9961 zShift: 3.37979 energy: 1.7677
MCReject   xShift: 6.47241 crossingAngle: -42.4596 axialRotation: -71.8478 zShift: 3.37979 energy: 2.85832
MCReject   xShift: 6.47241 crossingAngle: -42.4596 axialRotation: -71.9961 zShift: 3.3778 energy: 2.21841
MCReject   xShift: 6.47241 crossingAngle: -42.5016 axialRotation: -71.9961 zShift: 3.37979 energy: 3.14187
MCReject   xShift: 6.47241 crossingAngle: -42.4596 axialRotation: -71.9961 zShift: 3.37957 energy: 1.7615
MCReject   xShift: 6.46046 crossingAngle: -42.4596 axialRotation: -71.9961 zShift: 3.37979 energy: 2.14479
MCReject   xShift: 6.47887 crossingAngle: -42.4596 axialRotation: -71.9961 zShift: 3.37979 energy: 1.46231
MCReject   xShift: 6.47241 crossingAngle: -42.6189 axialRotation: -71.9961 zShift: 3.37979 energy: 1.7477
MCReject   xShift: 6.47241 crossingAngle: -42.2706 axialRotation: -71.9961 zShift: 3.37979 energy: 1.77308
MCReject   xShift: 6.47441 crossingAngle: -42.4596 axialRotation: -71.9961 zShift: 3.37979 energy: 1.74565
MCReject   xShift: 6.47241 crossingAngle: -42.4596 axialRotation: -71.9961 zShift: 3.37821 energy: 0.671921
MCReject   xShift: 6.47241 crossingAngle: -42.3224 axialRotation: -71.9961 zShift: 3.37979 energy: 1.7677
MCReject   xShift: 6.46669 crossingAngle: -42.4596 axialRotation: -71.9961 zShift: 3.37979 energy: 2.09136
MCReject   xShift: 6.47241 crossingAngle: -42.4596 axialRotation: -71.9961 zShift: 3.38491 energy: 1.7716
MCReject   xShift: 6.47241 crossingAngle: -42.4596 axialRotation: -71.9961 zShift: 3.4011 energy: -0.550898
MCReject   xShift: 6.47241 crossingAngle: -42.4596 axialRotation: -72.0168 zShift: 3.37979 energy: 1.56949
MCReject   xShift: 6.47241 crossingAngle: -42.4297 axialRotation: -71.9961 zShift: 3.37979 energy: 2.14479
MCReject   xShift: 6.47241 crossingAngle: -42.4596 axialRotation: -71.98 zShift: 3.37979 energy: 1.9717
MCReject   xShift: 6.47241 crossingAngle: -42.4596 axialRotation: -71.9961 zShift: 3.36223 energy: 0.481845
MCReject   xShift: 6.47241 crossingAngle: -42.4111 axialRotation: -71.9961 zShift: 3.37979 energy: 1.83876
MCReject   xShift: 6.47106 crossingAngle: -42.4596 axialRotation: -71.9961 zShift: 3.37979 energy: 1.46231
MCReject   xShift: 6.47241 crossingAngle: -42.3089 axialRotation: -71.9961 zShift: 3.37979 energy: 2.14849
MCReject   xShift: 6.47241 crossingAngle: -42.4596 axialRotation: -71.9725 zShift: 3.37979 energy: 0.750608
MCReject   xShift: 6.45658 crossingAngle: -42.4596 axialRotation: -71.9961 zShift: 3.37979 energy: 2.09136
MCReject   xShift: 6.47241 crossingAngle: -42.4596 axialRotation: -71.9961 zShift: 3.36491 energy: 0.116954
MCReject   xShift: 6.47241 crossingAngle: -42.4596 axialRotation: -71.7924 zShift: 3.37979 energy: 0.751314
MCReject   xShift: 6.47241 crossingAngle: -42.4596 axialRotation: -71.9446 zShift: 3.37979 energy: 1.71131
MCReject   xShift: 6.47241 crossingAngle: -42.4596 axialRotation: -72.1264 zShift: 3.37979 energy: 0.549578
MCReject   xShift: 6.47241 crossingAngle: -42.4596 axialRotation: -72.0247 zShift: 3.37979 energy: 0.641634
MCReject   xShift: 6.47668 crossingAngle: -42.4596 axialRotation: -71.9961 zShift: 3.37979 energy: 0.693672
MCReject   xShift: 6.48923 crossingAngle: -42.4596 axialRotation: -71.9961 zShift: 3.37979 energy: 2.09136
MCReject   xShift: 6.47241 crossingAngle: -42.4596 axialRotation: -72.2194 zShift: 3.37979 energy: 1.9717
MCReject   xShift: 6.47241 crossingAngle: -42.4596 axialRotation: -71.9587 zShift: 3.37979 energy: 0.695134
MCReject   xShift: 6.47445 crossingAngle: -42.4596 axialRotation: -71.9961 zShift: 3.37979 energy: 0.69905
MCReject   xShift: 6.47471 crossingAngle: -42.4596 axialRotation: -71.9961 zShift: 3.37979 energy: 1.9717
MCReject   xShift: 6.47241 crossingAngle: -42.4596 axialRotation: -71.9961 zShift: 3.37429 energy: 0.920469
MCReject   xShift: 6.47287 crossingAngle: -42.4596 axialRotation: -71.9961 zShift: 3.37979 energy: 0.749852
MCReject   xShift: 6.47698 crossingAngle: -42.4596 axialRotation: -71.9961 zShift: 3.37979 energy: 2.09136
MCAccept 13 xShift: 6.47241 crossingAngle: -42.4596 axialRotation: -71.9961 zShift: 3.38678 energy: -1.25081
MCReject   xShift: 6.47241 crossingAngle: -42.4596 axialRotation: -71.9961 zShift: 3.39975 energy: -0.538115
MCReject   xShift: 6.47241 crossingAngle: -42.4596 axialRotation: -71.9961 zShift: 3.3716 energy: 3.13343
MCReject   xShift: 6.47241 crossingAngle: -42.4596 axialRotation: -71.8036 zShift: 3.38678 energy: 1.7153
MCReject   xShift: 6.47241 crossingAngle: -42.4596 axialRotation: -72.0439 zShift: 3.38678 energy: 1.54347
MCReject   xShift: 6.47241 crossingAngle: -42.4596 axialRotation: -72.0758 zShift: 3.38678 energy: 1.40512
MCReject   xShift: 6.47241 crossingAngle: -42.4315 axialRotation: -71.9961 zShift: 3.38678 energy: 1.32149
MCReject   xShift: 6.46175 crossingAngle: -42.4596 axialRotation: -71.9961 zShift: 3.38678 energy: 1.40512
MCReject   xShift: 6.47241 crossingAngle: -42.2801 axialRotation: -71.9961 zShift: 3.38678 energy: 1.65082
MCReject   xShift: 6.47567 crossingAngle: -42.4596 axialRotation: -71.9961 zShift: 3.38678 energy: 0.316584
MCReject   xShift: 6.49612 crossingAngle: -42.4596 axialRotation: -71.9961 zShift: 3.38678 energy: 1.70898
MCReject   xShift: 6.47241 crossingAngle: -42.4596 axialRotation: -72.0541 zShift: 3.38678 energy: 1.54347
MCReject   xShift: 6.47241 crossingAngle: -42.4596 axialRotation: -71.9106 zShift: 3.38678 energy: 0.145651
MCReject   xShift: 6.47476 crossingAngle: -42.4596 axialRotation: -71.9961 zShift: 3.38678 energy: 1.24073
MCReject   xShift: 6.47241 crossingAngle: -42.4596 axialRotation: -71.9954 zShift: 3.38678 energy: 1.65082
MCReject   xShift: 6.45818 crossingAngle: -42.4596 axialRotation: -71.9961 zShift: 3.38678 energy: 0.151075
MCReject   xShift: 6.47241 crossingAngle: -42.3862 axialRotation: -71.9961 zShift: 3.38678 energy: 0.151075
MCReject   xShift: 6.4677 crossingAngle: -42.4596 axialRotation: -71.9961 zShift: 3.38678 energy: 0.316584
MCAccept 14 xShift: 6.48674 crossingAngle: -42.4596 axialRotation: -71.9961 zShift: 3.38678 energy: -1.25081
MCReject   xShift: 6.48674 crossingAngle: -42.4596 axialRotation: -72.2053 zShift: 3.38678 energy: 1.54722
MCReject   xShift: 6.48674 crossingAngle: -42.4596 axialRotation: -71.9961 zShift: 3.39308 energy: -0.0743779
MCReject   xShift: 6.48674 crossingAngle: -42.4596 axialRotation: -71.8609 zShift: 3.38678 energy: 1.65457
MCReject   xShift: 6.48674 crossingAngle: -42.4596 axialRotation: -71.8773 zShift: 3.38678 energy: 1.54347
MCReject   xShift: 6.48674 crossingAngle: -42.4596 axialRotation: -72.1151 zShift: 3.38678 energy: 1.65082
MCReject   xShift: 6.48674 crossingAngle: -42.4596 axialRotation: -71.9961 zShift: 3.38069 energy: -0.877977
MCReject   xShift: 6.48674 crossingAngle: -42.2925 axialRotation: -71.9961 zShift: 3.38678 energy: 0.317284
MCReject   xShift: 6.48674 crossingAngle: -42.6138 axialRotation: -71.9961 zShift: 3.38678 energy: 1.71273
MCReject   xShift: 6.48647 crossingAngle: -42.4596 axialRotation: -71.9961 zShift: 3.38678 energy: 1.65082
MCReject   xShift: 6.48674 crossingAngle: -42.5556 axialRotation: -71.9961 zShift: 3.38678 energy: 0.145651
MCReject   xShift: 6.48674 crossingAngle: -42.4596 axialRotation: -71.9324 zShift: 3.38678 energy: 1.67372
MCReject   xShift: 6.4657 crossingAngle: -42.4596 axialRotation: -71.9961 zShift: 3.38678 energy: 1.14878
MCReject   xShift: 6.48674 crossingAngle: -42.4596 axialRotation: -71.9961 zShift: 3.37238 energy: 2.43793
MCReject   xShift: 6.48674 crossingAngle: -42.4596 axialRotation: -71.9961 zShift: 3.39277 energy: 2.44486
MCReject   xShift: 6.4992 crossingAngle: -42.4596 axialRotation: -71.9961 zShift: 3.38678 energy: 0.258427
MCReject   xShift: 6.48674 crossingAngle: -42.4596 axialRotation: -71.9961 zShift: 3.38837 energy: 1.55189
MCReject   xShift: 6.48674 crossingAngle: -42.4803 axialRotation: -71.9961 zShift: 3.38678 energy: 1.65082
MCReject   xShift: 6.48674 crossingAngle: -42.4596 axialRotation: -71.9961 zShift: 3.39901 energy: -0.582475
MCReject   xShift: 6.48674 crossingAngle: -42.5834 axialRotation: -71.9961 zShift: 3.38678 energy: 1.34855
MCReject   xShift: 6.48674 crossingAngle: -42.4596 axialRotation: -72.1704 zShift: 3.38678 energy: 0.254465
MCReject   xShift: 6.48674 crossingAngle: -42.4596 axialRotation: -71.9961 zShift: 3.40681 energy: -1.03688
MCReject   xShift: 6.48064 crossingAngle: -42.4596 axialRotation: -71.9961 zShift: 3.38678 energy: 1.28173
MCReject   xShift: 6.48674 crossingAngle: -42.4596 axialRotation: -71.9961 zShift: 3.39094 energy: 1.45406
MCReject   xShift: 6.48674 crossingAngle: -42.688 axialRotation: -71.9961 zShift: 3.38678 energy: 0.0907571
MCReject   xShift: 6.48674 crossingAngle: -42.4596 axialRotation: -72.181 zShift: 3.38678 energy: 1.65082
MCReject   xShift: 6.48674 crossingAngle: -42.4596 axialRotation: -71.9961 zShift: 3.36385 energy: 1.25497
MCReject   xShift: 6.48961 crossingAngle: -42.4596 axialRotation: -71.9961 zShift: 3.38678 energy: 0.312622
MCReject   xShift: 6.48343 crossingAngle: -42.4596 axialRotation: -71.9961 zShift: 3.38678 energy: 0.253003
MCReject   xShift: 6.48674 crossingAngle: -42.6796 axialRotation: -71.9961 zShift: 3.38678 energy: 1.51965
MCReject   xShift: 6.50077 crossingAngle: -42.4596 axialRotation: -71.9961 zShift: 3.38678 energy: 1.28173
MCReject   xShift: 6.48674 crossingAngle: -42.4596 axialRotation: -71.9961 zShift: 3.3721 energy: 0.734071
MCReject   xShift: 6.48489 crossingAngle: -42.4596 axialRotation: -71.9961 zShift: 3.38678 energy: 1.65457
MCReject   xShift: 6.48674 crossingAngle: -42.4596 axialRotation: -71.9961 zShift: 3.38406 energy: 1.20509
MCReject   xShift: 6.48674 crossingAngle: -42.4596 axialRotation: -72.0262 zShift: 3.38678 energy: 1.3194
MCReject   xShift: 6.48674 crossingAngle: -42.4694 axialRotation: -71.9961 zShift: 3.38678 energy: 0.151075
MCReject   xShift: 6.48674 crossingAngle: -42.4596 axialRotation: -72.0836 zShift: 3.38678 energy: 0.256557
MCReject   xShift: 6.47734 crossingAngle: -42.4596 axialRotation: -71.9961 zShift: 3.38678 energy: 1.14878
MCReject   xShift: 6.48674 crossingAngle: -42.4596 axialRotation: -71.9961 zShift: 3.39706 energy: 1.01754
MCReject   xShift: 6.48674 crossingAngle: -42.4596 axialRotation: -71.8948 zShift: 3.38678 energy: 1.48491
MCReject   xShift: 6.48674 crossingAngle: -42.4596 axialRotation: -71.9961 zShift: 3.38554 energy: 0.39237
MCReject   xShift: 6.48618 crossingAngle: -42.4596 axialRotation: -71.9961 zShift: 3.38678 energy: 1.70898
MCReject   xShift: 6.48674 crossingAngle: -42.395 axialRotation: -71.9961 zShift: 3.38678 energy: 1.7153
MCReject   xShift: 6.48674 crossingAngle: -42.5819 axialRotation: -71.9961 zShift: 3.38678 energy: 1.34312
MCReject   xShift: 6.48674 crossingAngle: -42.5948 axialRotation: -71.9961 zShift: 3.38678 energy: 1.04298
MCReject   xShift: 6.48834 crossingAngle: -42.4596 axialRotation: -71.9961 zShift: 3.38678 energy: 0.149205
MCReject   xShift: 6.48674 crossingAngle: -42.4596 axialRotation: -71.9961 zShift: 3.36482 energy: 2.38954
MCReject   xShift: 6.48674 crossingAngle: -42.4596 axialRotation: -72.053 zShift: 3.38678 energy: 1.34312
MCReject   xShift: 6.48674 crossingAngle: -42.4596 axialRotation: -71.9961 zShift: 3.37907 energy: 0.743365
MCReject   xShift: 6.48674 crossingAngle: -42.4596 axialRotation: -71.9122 zShift: 3.38678 energy: 0.258427
MCReject   xShift: 6.48674 crossingAngle: -42.4596 axialRotation: -71.7911 zShift: 3.38678 energy: 1.54722
MCReject   xShift: 6.48674 crossingAngle: -42.3928 axialRotation: -71.9961 zShift: 3.38678 energy: 0.315192
MCReject   xShift: 6.49531 crossingAngle: -42.4596 axialRotation: -71.9961 zShift: 3.38678 energy: 0.147113
MCReject   xShift: 6.48674 crossingAngle: -42.4596 axialRotation: -71.9961 zShift: 3.38913 energy: 1.27019
MCReject   xShift: 6.48674 crossingAngle: -42.5035 axialRotation: -71.9961 zShift: 3.38678 energy: 1.71273
MCReject   xShift: 6.49181 crossingAngle: -42.4596 axialRotation: -71.9961 zShift: 3.38678 energy: 1.54722
MCReject   xShift: 6.49085 crossingAngle: -42.4596 axialRotation: -71.9961 zShift: 3.38678 energy: 0.147113
MCReject   xShift: 6.48934 crossingAngle: -42.4596 axialRotation: -71.9961 zShift: 3.38678 energy: 1.54722
MCReject   xShift: 6.464 crossingAngle: -42.4596 axialRotation: -71.9961 zShift: 3.38678 energy: 1.71155
MCReject   xShift: 6.48674 crossingAngle: -42.4596 axialRotation: -71.9961 zShift: 3.37518 energy: 0.864548
MCReject   xShift: 6.48674 crossingAngle: -42.4596 axialRotation: -71.887 zShift: 3.38678 energy: -1.08154
MCReject   xShift: 6.48674 crossingAngle: -42.4585 axialRotation: -71.9961 zShift: 3.38678 energy: 1.70898
MCReject   xShift: 6.48674 crossingAngle: -42.4596 axialRotation: -71.9961 zShift: 3.38258 energy: 1.28864
MCReject   xShift: 6.47878 crossingAngle: -42.4596 axialRotation: -71.9961 zShift: 3.38678 energy: 1.71273
MCReject   xShift: 6.48686 crossingAngle: -42.4596 axialRotation: -71.9961 zShift: 3.38678 energy: 1.71273
MCReject   xShift: 6.51105 crossingAngle: -42.4596 axialRotation: -71.9961 zShift: 3.38678 energy: 1.40722
MCReject   xShift: 6.4829 crossingAngle: -42.4596 axialRotation: -71.9961 zShift: 3.38678 energy: 0.314714
MCReject   xShift: 6.48674 crossingAngle: -42.3208 axialRotation: -71.9961 zShift: 3.38678 energy: 1.54722
MCReject   xShift: 6.48674 crossingAngle: -42.4596 axialRotation: -71.9961 zShift: 3.37239 energy: 1.91588
MCReject   xShift: 6.48674 crossingAngle: -42.4596 axialRotation: -72.1199 zShift: 3.38678 energy: -1.08273
MCReject   xShift: 6.48674 crossingAngle: -42.4596 axialRotation: -72.047 zShift: 3.38678 energy: 1.7153
MCReject   xShift: 6.48425 crossingAngle: -42.4596 axialRotation: -71.9961 zShift: 3.38678 energy: 1.65457
MCReject   xShift: 6.48674 crossingAngle: -42.3052 axialRotation: -71.9961 zShift: 3.38678 energy: 1.65082
MCReject   xShift: 6.48674 crossingAngle: -42.4596 axialRotation: -71.9961 zShift: 3.38142 energy: 1.73865
MCReject   xShift: 6.48674 crossingAngle: -42.4596 axialRotation: -71.9029 zShift: 3.38678 energy: 1.14878
MCReject   xShift: 6.48674 crossingAngle: -42.4596 axialRotation: -71.9961 zShift: 3.39206 energy: 0.891609
MCReject   xShift: 6.48674 crossingAngle: -42.4639 axialRotation: -71.9961 zShift: 3.38678 energy: 1.32149
MCReject   xShift: 6.48674 crossingAngle: -42.4104 axialRotation: -71.9961 zShift: 3.38678 energy: 1.70898
MCReject   xShift: 6.48674 crossingAngle: -42.4596 axialRotation: -71.9961 zShift: 3.38403 energy: 1.88615
Energy #0: -1.08291
***GEOMETRY SHIFT***
xShift;        Before: 6.54; After: 6.48674
crossingAngle; Before: -42.36; After: -42.4596
axialRotation; Before: -72.18; After: -71.9961
zShift;        Before: 3.38; After: 3.38678
Energy;        Before: 5.01117e+06; After: -1.25081

Completed all cycles. Accepted 15/549
Monte Carlo repack complete. Time: 189.083min

