***STARTING GEOMETRY:***
xShift: 6.55486
crossingAngle: -42.6342
axialRotation: -71.7134
zShift: 3.44742

Number of MCCycles: 200
PrevSequence	CurrSequence	PrevEnergy	CurrEnergy	PrevEntropy	CurrEntropy	CurrentTemp
LLLTWLLSTLLGTLLGYLILI	LLLTWLLSTLLGTLLGWLILI	1.08531	-0.455507	0.148778	0.890414	999.847
LLLTWLLSTLLGTLLGWLILI	LLLTFLLSTLLGTLLGWLILI	-0.114892	-1.29288	1.23103	0.0790506	999.684
LLLTFLLSTLLGTLLGWLILI	LLLTFLLSTLLGTLLGYLILI	-0.77306	-1.03176	0.598868	0.267575	999.512
LLLTFLLSTLLGTLLGYLILI	LLLTYLLSTLLGTLLGYLILI	-1.16723	-2.58668	0.132101	0.952787	999.134
LLLTYLLSTLLGTLLGYLILI	LLLTYLLSTLLGTLLGWLILI	-3.08828	-3.82907	0.451187	0.372136	998.928
LLLTYLLSTLLGTLLGWLILI	LLLTYLLSTLLGTLLGFLILI	-3.31079	-2.84045	0.890414	0.148778	998.708
LLLTYLLSTLLGTLLGFLILI	LLLTYLLSTLLGTLLGWLILI	-2.84045	-3.31484	0.148778	0.890414	998.476
LLLTYLLSTLLGTLLGWLILI	LLLYYLLSTLLGTLLGWLILI	-3.7622	-4.8976	0.443059	0.379341	998.229
LLLYYLLSTLLGTLLGWLILI	LLLYYLLSTLLGLLLGWLILI	-4.4278	-2.22339	0.849143	0.161118	997.967
LLLYYLLSTLLGLLLGWLILI	LLLYYLLSTLLGTLLGWLILI	-2.22339	-4.4278	0.161118	0.849143	997.689
LLLYYLLSTLLGTLLGWLILI	LLLYYLLSVLLGTLLGWLILI	-4.34608	-1.73113	0.930859	0.137712	997.394
LLLYYLLSVLLGTLLGWLILI	LLLYYLLSVLLGLLLGWLILI	-1.30353	0.936974	0.565318	0.287636	997.081
LLLYYLLSVLLGLLLGWLILI	LLLYYLLSVLLGTLLGWLILI	0.936974	-1.39398	0.287636	0.565318	996.749
LLLYYLLSVLLGTLLGWLILI	LLLYYLLSTLLGTLLGWLILI	-1.82159	-4.00118	0.137712	0.930859	996.397
LLLYYLLSTLLGTLLGWLILI	LLLYYLLSTLLGTLLGYLILI	-4.65999	-4.37697	0.272043	0.591129	996.023
LLLYYLLSTLLGTLLGYLILI	LLLYYLLSTLLGTLLGWLILI	-4.37697	-5.0081	0.591129	0.272043	995.626
LLLYYLLSTLLGTLLGWLILI	LLLWYLLSTLLGTLLGWLILI	-5.01257	-3.35047	0.267575	0.598868	995.205
LLLWYLLSTLLGTLLGWLILI	LLLWYLLSTLLGTLLGYLILI	-3.35047	-3.51582	0.598868	0.267575	994.758
LLLWYLLSTLLGTLLGYLILI	LLLWYLLSTLLGTLLGWLILI	-3.51582	-3.25452	0.267575	0.598868	994.285
LLLWYLLSTLLGTLLGWLILI	LLLYYLLSTLLGTLLGWLILI	-3.25452	-4.90327	0.598868	0.267575	993.782
LLLYYLLSTLLGTLLGWLILI	LLLYYLLSTLLGTLLGYLILI	-4.8988	-4.61904	0.272043	0.591129	993.249
LLLYYLLSTLLGTLLGYLILI	LLLYYLLSTLLGTLLGWLILI	-4.61904	-5.0049	0.591129	0.272043	992.683
LLLYYLLSTLLGTLLGWLILI	LLLYYLLGTLLGTLLGWLILI	-5.08279	-2.27824	0.19415	0.754431	992.084
LLLYYLLGTLLGTLLGWLILI	LLLYYLLGTLLGTLLGYLILI	-2.76063	-2.47761	0.272043	0.591129	991.448
LLLYYLLGTLLGTLLGYLILI	LLLWYLLGTLLGTLLGYLILI	-2.47761	-1.2117	0.591129	0.272043	990.773
LLLWYLLGTLLGTLLGYLILI	LLLYYLLGTLLGTLLGYLILI	-1.2117	-2.47761	0.272043	0.591129	990.058
LLLYYLLGTLLGTLLGYLILI	LLLWYLLGTLLGTLLGYLILI	-2.47761	-1.11933	0.591129	0.272043	989.3
LLLWYLLGTLLGTLLGYLILI	LLLYYLLGTLLGTLLGYLILI	-1.11933	-1.24333	0.272043	0.591129	988.496
LLLYYLLGTLLGTLLGYLILI	LLLWYLLGTLLGTLLGYLILI	-1.24333	-1.11528	0.591129	0.272043	987.644
LLLWYLLGTLLGTLLGYLILI	LLLWYLLGVLLGTLLGYLILI	-0.456467	0.995799	0.930859	0.137712	986.74
LLLWYLLGVLLGTLLGYLILI	LLLWYLLGVLLGTLLGTLILI	1.36313	1.69982	0.505042	0.328724	985.783
LLLWYLLGVLLGTLLGTLILI	LLLWYLLGVLLGTLLGWLILI	1.58045	1.45922	0.209355	0.716965	984.769
LLLWYLLGVLLGTLLGWLILI	LLLWYLLGVLLGTLLGYLILI	1.34113	1.25872	0.598868	0.267575	983.694
LLLWYLLGVLLGTLLGYLILI	LLLYYLLGVLLGTLLGYLILI	1.26319	-0.0332549	0.272043	0.591129	982.555
LLLYYLLGVLLGTLLGYLILI	LLLWYLLGVLLGTLLGYLILI	-0.0332549	1.21907	0.591129	0.272043	981.348
LLLWYLLGVLLGTLLGYLILI	LLLWYLLGVLLGLLLGYLILI	1.51234	3.40817	0.565318	0.287636	980.071
LLLWYLLGVLLGLLLGYLILI	LLLWYLLGVLLGLLLGTLILI	3.89409	3.71613	0.773553	0.186892	978.717
LLLWYLLGVLLGLLLGTLILI	LLLWYLLGVLLGTLLGTLILI	3.69036	2.16404	0.161118	0.849143	977.285
LLLWYLLGVLLGTLLGTLILI	LLLYYLLGVLLGTLLGTLILI	1.68703	0.206334	0.372136	0.451187	975.768
LLLYYLLGVLLGTLLGTLILI	LLLYYLLGVLLGTLLGYLILI	-0.00681427	0.0110107	0.238039	0.654392	974.162
LLLYYLLGVLLGTLLGYLILI	LLLWYLLGVLLGTLLGYLILI	-0.0522523	1.13013	0.591129	0.272043	972.463
LLLWYLLGVLLGTLLGYLILI	LLLWYLLGVLLGTLLGVLILI	1.61168	5.91596	0.753596	0.194474	970.666
LLLWYLLGVLLGTLLGVLILI	LLLWYLLGVLLGTLLGYLILI	5.91596	1.61573	0.194474	0.753596	968.764
LLLWYLLGVLLGTLLGYLILI	LLLYYLLGVLLGTLLGYLILI	1.13418	1.25288	0.272043	0.591129	966.754
LLLYYLLGVLLGTLLGYLILI	LLLYYLLGTLLGTLLGYLILI	0.799461	-2.03165	0.137712	0.930859	964.627
LLLYYLLGTLLGTLLGYLILI	LLLWYLLGTLLGTLLGYLILI	-2.37138	-1.05629	0.591129	0.272043	960.005
LLLWYLLGTLLGTLLGYLILI	LLLWYLLGTLLGTLLGWLILI	-1.06076	-0.954071	0.267575	0.598868	957.496
LLLWYLLGTLLGTLLGWLILI	LLLWYLLGTLLGTLLGYLILI	-0.954071	-1.21617	0.598868	0.267575	952.048
LLLWYLLGTLLGTLLGYLILI	LLLWYLLGTLLGTLLGWLILI	-1.21617	-1.00505	0.267575	0.598868	949.095
LLLWYLLGTLLGTLLGWLILI	LLLWYLLGTLLGTLLGFLILI	-0.372888	-0.168472	1.23103	0.0790506	942.693
LLLWYLLGTLLGTLLGFLILI	LLLYYLLGTLLGTLLGFLILI	0.124614	-0.231456	0.372136	0.451187	939.229
LLLYYLLGTLLGTLLGFLILI	LLLYYLLGTLLGLLLGFLILI	0.1665	0.73491	0.849143	0.161118	931.732
LLLYYLLGTLLGLLLGFLILI	LLLYYLLGTLLGTLLGFLILI	0.73491	0.1665	0.161118	0.849143	927.683
LLLYYLLGTLLGTLLGFLILI	LLLGYLLGTLLGTLLGFLILI	-0.312928	3.03753	0.369715	0.453966	918.939
LLLGYLLGTLLGTLLGFLILI	LLLGYLLGVLLGTLLGFLILI	3.51442	5.37688	0.930859	0.137712	914.227
LLLGYLLGVLLGTLLGFLILI	LLLGYLLGVLLGLLLGFLILI	5.80448	4.96739	0.565318	0.287636	909.276
LLLGYLLGVLLGLLLGFLILI	LLLGYLLGTLLGLLLGFLILI	4.92911	3.59981	0.249358	0.632162	904.077
LLLGYLLGTLLGLLLGFLILI	LLLYYLLGTLLGLLLGFLILI	3.42162	2.04401	0.453966	0.369715	898.621
LLLYYLLGTLLGLLLGFLILI	LLLYYLLGTLLGTLLGFLILI	1.83541	0.261894	0.161118	0.849143	892.899
LLLYYLLGTLLGTLLGFLILI	LLLTYLLGTLLGTLLGFLILI	-0.207907	1.05332	0.379341	0.443059	886.903
LLLTYLLGTLLGTLLGFLILI	LLLTWLLGTLLGTLLGFLILI	0.877834	2.55703	0.267575	0.598868	874.051
LLLTWLLGTLLGTLLGFLILI	LLLTYLLGTLLGTLLGFLILI	2.55703	0.87383	0.598868	0.267575	867.179
LLLTYLLGTLLGTLLGFLILI	LLLTYLLGTLLGTLLGTLILI	0.698374	0.651584	0.0921195	1.14683	859.999
LLLTYLLGTLLGTLLGTLILI	LLLTYLLGILLGTLLGTLILI	0.759949	3.33213	1.2552	0.0756774	852.504
LLLTYLLGILLGTLLGTLILI	LLLTFLLGILLGTLLGTLILI	3.90683	5.93807	0.650378	0.240035	844.686
LLLTFLLGILLGTLLGTLILI	LLLTYLLGILLGTLLGTLILI	5.93807	3.9027	0.240035	0.650378	836.541
LLLTYLLGILLGTLLGTLILI	LLLYYLLGILLGTLLGTLILI	3.69538	2.3762	0.443059	0.379341	828.061
LLLYYLLGILLGTLLGTLILI	LLLYYLLGTLLGTLLGTLILI	2.09575	-0.219367	0.098896	1.10811	819.243
LLLYYLLGTLLGTLLGTLILI	LLLYYLLGTLLGLLLGTLILI	-0.287286	0.0652747	1.04019	0.112128	810.083
LLLYYLLGTLLGLLLGTLILI	LLLYYLLGTLLGLLLGYLILI	0.191185	0.0854134	0.238039	0.654392	800.577
LLLYYLLGTLLGLLLGYLILI	LLLYYLLGTLLGLLLGTLILI	0.0854134	0.201999	0.654392	0.238039	790.724
LLLYYLLGTLLGLLLGTLILI	LLLWYLLGTLLGLLLGTLILI	0.415148	1.85037	0.451187	0.372136	780.523
LLLWYLLGTLLGLLLGTLILI	LLLYYLLGTLLGLLLGTLILI	1.85037	0.419271	0.372136	0.451187	769.974
LLLYYLLGTLLGLLLGTLILI	LLLYYLLGVLLGLLLGTLILI	0.898943	2.23059	0.930859	0.137712	759.081
LLLYYLLGVLLGLLLGTLILI	LLLYYLLGVLLGLLLGYLILI	2.22378	2.63955	0.130904	0.9576	747.845
LLLYYLLGVLLGLLLGYLILI	LLLYYLLGVLLGTLLGYLILI	1.96959	1.32099	0.287636	0.565318	736.272
LLLYYLLGVLLGTLLGYLILI	LLLYYLLGTLLGTLLGYLILI	0.893389	-0.795279	0.137712	0.930859	724.369
LLLYYLLGTLLGTLLGYLILI	LLLTYLLGTLLGTLLGYLILI	-1.2211	-0.817794	0.505042	0.328724	712.142
LLLTYLLGTLLGTLLGYLILI	LLLYYLLGTLLGTLLGYLILI	-0.817794	-2.54471	0.328724	0.505042	699.602
LLLYYLLGTLLGTLLGYLILI	LLLYYLLGTLLGLLLGYLILI	-2.2006	0.854968	0.849143	0.161118	660.222
LLLYYLLGTLLGLLLGYLILI	LLLWYLLGTLLGLLLGYLILI	1.28498	1.38078	0.591129	0.272043	646.557
LLLWYLLGTLLGLLLGYLILI	LLLWYLLGTLLGLLLGTLILI	1.61378	1.81108	0.505042	0.328724	632.651
LLLWYLLGTLLGLLLGTLILI	LLLYYLLGTLLGLLLGTLILI	1.85449	0.40021	0.372136	0.451187	618.524
LLLYYLLGTLLGLLLGTLILI	LLLYYLLGTLLGTLLGTLILI	0.0611509	-1.6433	0.112128	1.04019	604.196
LLLYYLLGTLLGTLLGTLILI	LLLYYLLGTLLGTLLGWLILI	-2.19747	-2.79468	0.48602	0.343253	589.688
LLLYYLLGTLLGTLLGWLILI	LLLYYLLGTLLGTLLGYLILI	-2.86589	-2.47761	0.272043	0.591129	560.23
LLLYYLLGTLLGTLLGYLILI	LLLYYLLGTLLGTLLGWLILI	-2.47761	-2.86184	0.591129	0.272043	530.348
LLLYYLLGTLLGTLLGWLILI	LLLYYLLGTLLGTLLGYLILI	-2.86184	-2.37234	0.272043	0.591129	515.312
LLLYYLLGTLLGTLLGYLILI	LLLYYLLGTLLGTLLGTLILI	-2.45843	-2.35476	0.505042	0.328724	500.25
LLLYYLLGTLLGTLLGTLILI	LLLYYLLGTLLGTLLGWLILI	-2.19747	-2.79468	0.48602	0.343253	485.188
LLLYYLLGTLLGTLLGWLILI	LLLYYLLGTLLGTLLGYLILI	-2.86589	-2.37138	0.272043	0.591129	470.152
LLLYYLLGTLLGTLLGYLILI	LLLYYLLGTLLGTLLGWLILI	-2.37138	-2.86589	0.591129	0.272043	455.171
LLLYYLLGTLLGTLLGWLILI	LLLYYLLGTLLGTLLGYLILI	-2.86589	-2.45862	0.272043	0.591129	425.475
LLLYYLLGTLLGTLLGYLILI	LLLYYLLGTLLGTLLGWLILI	-2.45862	-2.8469	0.591129	0.272043	410.812
LLLYYLLGTLLGTLLGWLILI	LLLYYLLGTLLGLLLGWLILI	-2.2698	-0.07715	0.849143	0.161118	326.872
LLLYYLLGTLLGLLLGWLILI	LLLYYLLGTLLGTLLGWLILI	-0.07715	-2.18353	0.161118	0.849143	300.898
LLLYYLLGTLLGTLLGWLILI	LLLYYLLGTLLGTLLGYLILI	-2.76063	-2.36829	0.272043	0.591129	241.419
LLLYYLLGTLLGTLLGYLILI	LLLYYLLGTLLGTLLGWLILI	-2.36829	-2.76063	0.591129	0.272043	230.526
LLLYYLLGTLLGTLLGWLILI	LLLYYLLGTLLGTLLGYLILI	-2.76063	-2.47761	0.272043	0.591129	209.776
LLLYYLLGTLLGTLLGYLILI	LLLYYLLGTLLGTLLGTLILI	-2.56369	-2.35064	0.505042	0.328724	181.257
LLLYYLLGTLLGTLLGTLILI	LLLYYLLGTLLGTLLGYLILI	-2.35064	-2.54471	0.328724	0.505042	172.439
LLLYYLLGTLLGTLLGYLILI	LLLYYLLGTLLGTLLGWLILI	-2.45862	-2.86589	0.591129	0.272043	147.996
LLLYYLLGTLLGTLLGWLILI	LLLYYLLGTLLGTLLGYLILI	-2.86589	-2.36733	0.272043	0.591129	35.8726
LLLYYLLGTLLGTLLGYLILI	LLLYYLLGTLLGTLLGWLILI	-2.36733	-2.75561	0.591129	0.272043	31.7355
Time: 660s
