***STARTING GEOMETRY:***
xShift: 6.54
crossingAngle: -42.36
axialRotation: -72.18
zShift: 3.38

Number of MCCycles: 200
PrevSequence	CurrSequence	PrevEnergy	CurrEnergy	PrevEntropy	CurrEntropy	CurrentTemp
LLLTWLLSTLLGTLLGYLILI	LLLTWLLSTLLGTLLGWLILI	4.61799	3.09931	0.148778	0.890414	999.847
LLLTWLLSTLLGTLLGWLILI	LLLTWLLSTLLGTLLGYLILI	3.09931	2.35191	0.890414	0.148778	999.684
LLLTWLLSTLLGTLLGYLILI	LLLTYLLSTLLGTLLGYLILI	2.57527	-0.0344893	0.372136	0.451187	999.512
LLLTYLLSTLLGTLLGYLILI	LLLTWLLSTLLGTLLGYLILI	-0.0344893	2.57527	0.451187	0.372136	999.134
LLLTWLLSTLLGTLLGYLILI	LLLTYLLSTLLGTLLGYLILI	2.57527	-0.0308752	0.372136	0.451187	998.928
LLLTYLLSTLLGTLLGYLILI	LLLTYLLSVLLGTLLGYLILI	0.64639	2.57417	1.12845	0.0952708	998.708
LLLTYLLSVLLGTLLGYLILI	LLLTYLLSTLLGTLLGYLILI	2.57417	0.642776	0.0952708	1.12845	998.476
LLLTYLLSTLLGTLLGYLILI	LLLYYLLSTLLGTLLGYLILI	-0.156952	-0.500938	0.328724	0.505042	998.229
LLLYYLLSTLLGTLLGYLILI	LLLYYLLSTLLGTLLGTLILI	-0.500938	-0.280714	0.505042	0.328724	997.967
LLLYYLLSTLLGTLLGTLILI	LLLYYLLGTLLGTLLGTLILI	-0.415288	2.00061	0.19415	0.754431	997.394
LLLYYLLGTLLGTLLGTLILI	LLLYYLLGTLLGLLLGTLILI	2.28636	3.90561	1.04019	0.112128	997.081
LLLYYLLGTLLGLLLGTLILI	LLLWYLLGTLLGLLLGTLILI	4.24467	5.51233	0.451187	0.372136	996.749
LLLWYLLGTLLGLLLGTLILI	LLLWYLLGTLLGTLLGTLILI	5.25232	3.96038	0.112128	1.04019	996.397
LLLWYLLGTLLGTLLGTLILI	LLLWYLLGTLLGTLLGYLILI	3.36325	2.74929	0.443059	0.379341	996.023
LLLWYLLGTLLGTLLGYLILI	LLLWYLLGTLLGTLLGWLILI	2.63752	2.853	0.267575	0.598868	995.626
LLLWYLLGTLLGTLLGWLILI	LLLWYLLGTLLGLLLGWLILI	3.10327	5.32565	0.849143	0.161118	995.205
LLLWYLLGTLLGLLLGWLILI	LLLWYLLGTLLGLLLGYLILI	5.7634	5.04939	0.598868	0.267575	994.758
LLLWYLLGTLLGLLLGYLILI	LLLYYLLGTLLGLLLGYLILI	5.05386	3.8485	0.272043	0.591129	994.285
LLLYYLLGTLLGLLLGYLILI	LLLYYLLGTLLGTLLGYLILI	3.41849	2.77354	0.161118	0.849143	993.782
LLLYYLLGTLLGTLLGYLILI	LLLWYLLGTLLGTLLGYLILI	2.51553	2.31523	0.591129	0.272043	993.249
LLLWYLLGTLLGTLLGYLILI	LLLWYLLGTLLGTLLGWLILI	2.31077	2.72004	0.267575	0.598868	992.683
LLLWYLLGTLLGTLLGWLILI	LLLYYLLGTLLGTLLGWLILI	2.72004	1.16616	0.598868	0.267575	992.084
LLLYYLLGTLLGTLLGWLILI	LLLYYLLGTLLGTLLGTLILI	1.24184	1.84889	0.343253	0.48602	991.448
LLLYYLLGTLLGTLLGTLILI	LLLYYLLGVLLGTLLGTLILI	2.49132	3.97486	1.12845	0.0952708	990.773
LLLYYLLGVLLGTLLGTLILI	LLLYYLLGVLLGTLLGWLILI	4.24329	3.86736	0.363705	0.460972	990.058
LLLYYLLGVLLGTLLGWLILI	LLLTYLLGVLLGTLLGWLILI	3.91143	4.54583	0.505042	0.328724	988.496
LLLTYLLGVLLGTLLGWLILI	LLLYYLLGVLLGTLLGWLILI	4.54583	3.43357	0.328724	0.505042	987.644
LLLYYLLGVLLGTLLGWLILI	LLLYYLLGTLLGTLLGWLILI	3.06624	2.8161	0.137712	0.930859	986.74
LLLYYLLGTLLGTLLGWLILI	LLLTYLLGTLLGTLLGWLILI	2.26458	2.65553	0.379341	0.443059	985.783
LLLTYLLGTLLGTLLGWLILI	LLLYYLLGTLLGTLLGWLILI	2.65553	1.27431	0.443059	0.379341	983.694
LLLYYLLGTLLGTLLGWLILI	LLLTYLLGTLLGTLLGWLILI	1.27431	2.61803	0.379341	0.443059	982.555
LLLTYLLGTLLGTLLGWLILI	LLLTYLLGVLLGTLLGWLILI	3.30342	4.31599	1.12845	0.0952708	981.348
LLLTYLLGVLLGTLLGWLILI	LLLYYLLGVLLGTLLGWLILI	4.54945	3.6115	0.328724	0.505042	977.285
LLLYYLLGVLLGTLLGWLILI	LLLYFLLGVLLGTLLGWLILI	4.05924	7.82189	0.952787	0.132101	975.768
LLLYFLLGVLLGTLLGWLILI	LLLYYLLGVLLGTLLGWLILI	7.82189	5.23857	0.132101	0.952787	974.162
LLLYYLLGVLLGTLLGWLILI	LLLYYLLGTLLGTLLGWLILI	4.42349	1.70913	0.137712	0.930859	972.463
LLLYYLLGTLLGTLLGWLILI	LLLYYLLGTLLGLLLGWLILI	1.62742	3.75944	0.849143	0.161118	970.666
LLLYYLLGTLLGLLLGWLILI	LLLYYLLGTLLGTLLGWLILI	3.75944	1.63104	0.161118	0.849143	968.764
LLLYYLLGTLLGTLLGWLILI	LLLYYLLGTLLGTLLGYLILI	1.05394	1.43695	0.272043	0.591129	966.754
LLLYYLLGTLLGTLLGYLILI	LLLYYLLGTLLGTLLGWLILI	1.43695	1.05394	0.591129	0.272043	964.627
LLLYYLLGTLLGTLLGWLILI	LLLYYLLGTLLGTLLGYLILI	1.05394	1.44056	0.272043	0.591129	962.38
LLLYYLLGTLLGTLLGYLILI	LLLYYLLGTLLGTLLGWLILI	1.44056	1.17063	0.591129	0.272043	960.005
LLLYYLLGTLLGTLLGWLILI	LLLYYLLGTLLGTLLGYLILI	1.17063	2.51553	0.272043	0.591129	957.496
LLLYYLLGTLLGTLLGYLILI	LLLYYLLGTLLGLLLGYLILI	2.77354	3.41849	0.849143	0.161118	954.846
LLLYYLLGTLLGLLLGYLILI	LLLYFLLGTLLGLLLGYLILI	4.40935	7.90109	1.15198	0.0912572	952.048
LLLYFLLGTLLGLLLGYLILI	LLLYFLLGTLLGLLLGWLILI	8.26102	8.52362	0.451187	0.372136	949.095
LLLYFLLGTLLGLLLGWLILI	LLLTFLLGTLLGLLLGWLILI	8.45631	8.66768	0.30482	0.538845	945.979
LLLTFLLGTLLGLLLGWLILI	LLLTWLLGTLLGLLLGWLILI	8.20789	8.98565	0.0790506	1.23103	942.693
LLLTWLLGTLLGLLLGWLILI	LLLTWLLGVLLGLLLGWLILI	8.68548	10.4085	0.930859	0.137712	939.229
LLLTWLLGVLLGLLLGWLILI	LLLTYLLGVLLGLLLGWLILI	11.1612	7.04348	0.890414	0.148778	935.578
LLLTYLLGVLLGLLLGWLILI	LLLTYLLGVLLGLLLGTLILI	7.35568	7.43776	0.460972	0.363705	931.732
LLLTYLLGVLLGLLLGTLILI	LLLTYLLGTLLGLLLGTLILI	7.16933	6.48973	0.0952708	1.12845	927.683
LLLTYLLGTLLGLLLGTLILI	LLLTYLLGTLLGLLLGYLILI	5.80433	5.20861	0.443059	0.379341	923.422
LLLTYLLGTLLGLLLGYLILI	LLLTYLLGTLLGLLLGWLILI	5.28045	5.53466	0.451187	0.372136	918.939
LLLTYLLGTLLGLLLGWLILI	LLLTYLLGVLLGLLLGWLILI	6.09338	7.0782	0.930859	0.137712	914.227
LLLTYLLGVLLGLLLGWLILI	LLLTYLLGVLLGLLLGYLILI	7.31262	7.14499	0.372136	0.451187	909.276
LLLTYLLGVLLGLLLGYLILI	LLLYYLLGVLLGLLLGYLILI	6.82471	6.0938	0.130904	0.9576	904.077
LLLYYLLGVLLGLLLGYLILI	LLLYYLLGVLLGTLLGYLILI	5.42384	3.73914	0.287636	0.565318	898.621
LLLYYLLGVLLGTLLGYLILI	LLLYYLLGVLLGLLLGYLILI	3.73914	5.59539	0.565318	0.287636	892.899
LLLYYLLGVLLGLLLGYLILI	LLLYWLLGVLLGLLLGYLILI	5.89888	9.50044	0.591129	0.272043	886.903
LLLYWLLGVLLGLLLGYLILI	LLLYWLLGTLLGLLLGYLILI	9.47776	9.01215	0.249358	0.632162	880.623
LLLYWLLGTLLGLLLGYLILI	LLLYWLLGTLLGTLLGYLILI	8.5411	6.80233	0.161118	0.849143	874.051
LLLYWLLGTLLGTLLGYLILI	LLLYWLLGTLLGTLLGWLILI	6.22076	5.87275	0.267575	0.598868	867.179
LLLYWLLGTLLGTLLGWLILI	LLLYWLLGTLLGTLLGYLILI	5.87275	5.54558	0.598868	0.267575	859.999
LLLYWLLGTLLGTLLGYLILI	LLLTWLLGTLLGTLLGYLILI	5.65734	5.35974	0.379341	0.443059	852.504
LLLTWLLGTLLGTLLGYLILI	LLLYWLLGTLLGTLLGYLILI	5.35974	5.98164	0.443059	0.379341	844.686
LLLYWLLGTLLGTLLGYLILI	LLLYWLLGVLLGTLLGYLILI	6.53316	7.15092	0.930859	0.137712	836.541
LLLYWLLGVLLGTLLGYLILI	LLLYYLLGVLLGTLLGYLILI	7.28525	4.26694	0.272043	0.591129	828.061
LLLYYLLGVLLGTLLGYLILI	LLLYYLLGTLLGTLLGYLILI	3.81353	1.94823	0.137712	0.930859	819.243
LLLYYLLGTLLGTLLGYLILI	LLLYYLLGTLLGTLLGWLILI	1.6085	1.16701	0.591129	0.272043	810.083
LLLYYLLGTLLGTLLGWLILI	LLLYYLLGTLLGTLLGYLILI	1.16701	1.61487	0.272043	0.591129	800.577
LLLYYLLGTLLGTLLGYLILI	LLLYYLLGVLLGTLLGYLILI	1.9546	3.31154	0.930859	0.137712	790.724
LLLYYLLGVLLGTLLGYLILI	LLLYYLLGVLLGTLLGWLILI	3.76495	3.20057	0.591129	0.272043	780.523
LLLYYLLGVLLGTLLGWLILI	LLLYYLLGVLLGTLLGYLILI	3.20057	3.70371	0.272043	0.591129	769.974
LLLYYLLGVLLGTLLGYLILI	LLLYYLLGTLLGTLLGYLILI	3.2503	1.77668	0.137712	0.930859	759.081
LLLYYLLGTLLGTLLGYLILI	LLLYYLLGTLLGTLLGWLILI	1.43695	1.05394	0.591129	0.272043	747.845
LLLYYLLGTLLGTLLGWLILI	LLLYFLLGTLLGTLLGWLILI	1.73468	5.4608	0.952787	0.132101	736.272
LLLYFLLGTLLGTLLGWLILI	LLLYFLLGVLLGTLLGWLILI	6.25956	7.8275	0.930859	0.137712	724.369
LLLYFLLGVLLGTLLGWLILI	LLLYFLLGTLLGTLLGWLILI	7.8275	6.25956	0.137712	0.930859	712.142
LLLYFLLGTLLGTLLGWLILI	LLLYYLLGTLLGTLLGWLILI	5.4608	1.90262	0.132101	0.952787	699.602
LLLYYLLGTLLGTLLGWLILI	LLLWYLLGTLLGTLLGWLILI	1.21741	2.72366	0.267575	0.598868	686.76
LLLWYLLGTLLGTLLGWLILI	LLLYYLLGTLLGTLLGWLILI	2.72366	2.15281	0.598868	0.267575	673.628
LLLYYLLGTLLGTLLGWLILI	LLLTYLLGTLLGTLLGWLILI	2.26458	2.52245	0.379341	0.443059	660.222
LLLTYLLGTLLGTLLGWLILI	LLLTYLLGVLLGTLLGWLILI	3.20785	4.31599	1.12845	0.0952708	632.651
LLLTYLLGVLLGTLLGWLILI	LLLYYLLGVLLGTLLGWLILI	4.54945	3.43719	0.328724	0.505042	618.524
LLLYYLLGVLLGTLLGWLILI	LLLYYLLGVLLGLLLGWLILI	3.49746	5.76434	0.565318	0.287636	604.196
LLLYYLLGVLLGLLLGWLILI	LLLYYLLGVLLGTLLGWLILI	5.76434	4.6776	0.287636	0.565318	589.688
LLLYYLLGVLLGTLLGWLILI	LLLYYLLGVLLGTLLGTLILI	4.57326	3.94066	0.460972	0.363705	575.025
LLLYYLLGVLLGTLLGTLILI	LLLYYLLGVLLGTLLGWLILI	3.94066	3.39312	0.363705	0.460972	560.23
LLLYYLLGVLLGTLLGWLILI	LLLYYLLGTLLGTLLGWLILI	3.06986	1.88069	0.137712	0.930859	530.348
LLLYYLLGTLLGTLLGWLILI	LLLYYLLGTLLGLLLGWLILI	1.79897	3.7631	0.849143	0.161118	515.312
LLLYYLLGTLLGLLLGWLILI	LLLYYLLGTLLGLLLGTLILI	4.06296	4.15718	0.460972	0.363705	500.25
LLLYYLLGTLLGLLLGTLILI	LLLYYLLGVLLGLLLGTLILI	4.72434	5.95644	0.930859	0.137712	485.188
LLLYYLLGVLLGLLLGTLILI	LLLYYLLGTLLGLLLGTLILI	5.95644	4.72802	0.137712	0.930859	470.152
LLLYYLLGTLLGLLLGTLILI	LLLYYLLGVLLGLLLGTLILI	4.72802	5.78488	0.930859	0.137712	455.171
LLLYYLLGVLLGLLLGTLILI	LLLYYLLGVLLGTLLGTLILI	5.80829	4.7605	0.161118	0.849143	425.475
LLLYYLLGVLLGTLLGTLILI	LLLYYLLGTLLGTLLGTLILI	4.00663	3.57889	0.0952708	1.12845	410.812
LLLYYLLGTLLGTLLGTLILI	LLLWYLLGTLLGTLLGTLILI	2.90162	3.18075	0.451187	0.372136	396.304
LLLWYLLGTLLGTLLGTLILI	LLLWYLLGTLLGTLLGWLILI	3.10016	2.66414	0.291546	0.559121	381.976
LLLWYLLGTLLGTLLGWLILI	LLLYYLLGTLLGTLLGWLILI	2.70389	1.04585	0.598868	0.267575	367.849
LLLYYLLGTLLGTLLGWLILI	LLLYYLLGTLLGTLLGTLILI	1.12153	1.84889	0.343253	0.48602	340.278
LLLYYLLGTLLGTLLGTLILI	LLLYYLLGTLLGTLLGWLILI	1.84889	1.24184	0.48602	0.343253	300.898
LLLYYLLGTLLGTLLGWLILI	LLLYYLLGTLLGTLLGYLILI	1.17063	1.55364	0.272043	0.591129	264.228
LLLYYLLGTLLGTLLGYLILI	LLLYYLLGTLLGTLLGTLILI	1.46755	1.69159	0.505042	0.328724	252.655
LLLYYLLGTLLGTLLGTLILI	LLLWYLLGTLLGTLLGTLILI	1.81406	3.13861	0.451187	0.372136	230.526
LLLWYLLGTLLGTLLGTLILI	LLLWYLLGTLLGTLLGYLILI	3.20953	2.78774	0.443059	0.379341	219.977
LLLWYLLGTLLGTLLGYLILI	LLLYYLLGTLLGTLLGYLILI	2.68045	1.61487	0.272043	0.591129	209.776
LLLYYLLGTLLGTLLGYLILI	LLLYYLLGTLLGTLLGWLILI	1.61487	1.05032	0.591129	0.272043	199.923
LLLYYLLGTLLGTLLGWLILI	LLLYYLLGTLLGTLLGFLILI	1.66869	2.23947	0.890414	0.148778	126.449
LLLYYLLGTLLGTLLGFLILI	LLLYYLLGTLLGTLLGWLILI	2.23947	1.67231	0.148778	0.890414	119.877
Time: 422s
