***STARTING GEOMETRY:***
xShift: 7.16288
crossingAngle: -36.7124
axialRotation: 74.1466
zShift: 4.35807

Number of MCCycles: 100
PrevSequence	CurrSequence	PrevEnergy	CurrEnergy	PrevEntropy	CurrEntropy	CurrentTemp
LLLGLLTGLLTGLLTTLLILI	LLLGLLTGLLVGLLTTLLILI	93.2516	94.159	1.27634	0.0728516	999.684
LLLGLLTGLLVGLLTTLLILI	LLLGLLTGLLTGLLTTLLILI	94.159	90.9174	0.0728516	1.27634	999.328
LLLGLLTGLLTGLLTTLLILI	LLLGLLTGLLTGLLFTLLILI	90.7879	91.9186	1.14683	0.0921195	998.928
LLLGLLTGLLTGLLFTLLILI	LLLGLLTGLLTGLLTTLLILI	91.9186	90.7879	0.0921195	1.14683	998.476
LLLGLLTGLLTGLLTTLLILI	LLLGLLTGLLTGLLFTLLILI	90.7879	91.9186	1.14683	0.0921195	997.967
LLLGLLTGLLTGLLFTLLILI	LLLGLLTGLLTGLLTTLLILI	91.9186	90.7879	0.0921195	1.14683	997.394
LLLGLLTGLLTGLLTTLLILI	LLLGLLTGLLTGLLTVLLILI	90.9174	92.8652	1.27634	0.0728516	996.749
LLLGLLTGLLTGLLTVLLILI	LLLGLLTGLLTGLLFVLLILI	93.7966	95.1664	1.0043	0.119894	996.023
LLLGLLTGLLTGLLFVLLILI	LLLGLLTGLLTGLLTVLLILI	95.1664	93.7966	0.119894	1.0043	995.205
LLLGLLTGLLTGLLTVLLILI	LLLGLLVGLLTGLLTVLLILI	93.5925	96.6924	0.800152	0.177314	994.285
LLLGLLVGLLTGLLTVLLILI	LLLGLLVGLLTGLLTTLLILI	96.6924	94.164	0.177314	0.800152	993.249
LLLGLLVGLLTGLLTTLLILI	LLLGLLTGLLTGLLTTLLILI	93.4367	90.9174	0.0728516	1.27634	992.084
LLLGLLTGLLTGLLTTLLILI	LLLGLLTGLLTGLLTVLLILI	90.9174	92.8652	1.27634	0.0728516	989.3
LLLGLLTGLLTGLLTVLLILI	LLLGLLTGLLTGLLTTLLILI	92.8652	90.9174	0.0728516	1.27634	987.644
LLLGLLTGLLTGLLTTLLILI	LLLGLLTGLLTGLLFTLLILI	90.7879	91.9186	1.14683	0.0921195	985.783
LLLGLLTGLLTGLLFTLLILI	LLLGLLTGLLTGLLTTLLILI	91.9186	90.7879	0.0921195	1.14683	981.348
LLLGLLTGLLTGLLTTLLILI	LLLGLLTGLLTGLLTVLLILI	90.9174	92.8652	1.27634	0.0728516	978.717
LLLGLLTGLLTGLLTVLLILI	LLLGLLTGLLTGLLTTLLILI	92.8652	90.9174	0.0728516	1.27634	975.768
LLLGLLTGLLTGLLTTLLILI	LLLGLLTGLLTGLLFTLLILI	90.7879	91.9186	1.14683	0.0921195	972.463
LLLGLLTGLLTGLLFTLLILI	LLLGLLTGLLLGLLFTLLILI	92.8666	96.6144	1.04019	0.112128	968.764
LLLGLLTGLLLGLLFTLLILI	LLLGLLTGLLLGLLTTLLILI	96.6222	95.6492	0.119894	1.0043	964.627
LLLGLLTGLLLGLLTTLLILI	LLLGLLTGLLTGLLTTLLILI	94.731	90.8255	0.0860236	1.18439	960.005
LLLGLLTGLLTGLLTTLLILI	LLLGLLTGLLTGLLTVLLILI	90.9174	92.8652	1.27634	0.0728516	949.095
LLLGLLTGLLTGLLTVLLILI	LLLGLLTGLLTGLLFVLLILI	93.7966	95.1664	1.0043	0.119894	942.693
LLLGLLTGLLTGLLFVLLILI	LLLGLLVGLLTGLLFVLLILI	95.6787	99.0111	0.632162	0.249358	935.578
LLLGLLVGLLTGLLFVLLILI	LLLGLLVGLLTGLLFTLLILI	99.0111	96.1738	0.249358	0.632162	927.683
LLLGLLVGLLTGLLFTLLILI	LLLGLLTGLLTGLLFTLLILI	95.6369	92.9549	0.0952708	1.12845	918.939
LLLGLLTGLLTGLLFTLLILI	LLLGLLTGLLTGLLTTLLILI	91.9186	90.7879	0.0921195	1.14683	909.276
LLLGLLTGLLTGLLTTLLILI	LLLGLLTGLLTGLLFTLLILI	90.7879	91.9186	1.14683	0.0921195	898.621
LLLGLLTGLLTGLLFTLLILI	LLLGLLTGLLTGLLTTLLILI	91.9186	90.7879	0.0921195	1.14683	874.051
LLLGLLTGLLTGLLTTLLILI	LLLGLLTGLLTGLLTVLLILI	90.9174	92.8652	1.27634	0.0728516	859.999
LLLGLLTGLLTGLLTVLLILI	LLLGLLTGLLTGLLFVLLILI	93.7966	95.1664	1.0043	0.119894	828.061
LLLGLLTGLLTGLLFVLLILI	LLLGLLTGLLTGLLFTLLILI	95.1418	92.9549	0.0952708	1.12845	810.083
LLLGLLTGLLTGLLFTLLILI	LLLGLLVGLLTGLLFTLLILI	92.9549	95.6369	1.12845	0.0952708	790.724
LLLGLLVGLLTGLLFTLLILI	LLLGLLVGLLTGLLFILLILI	96.4536	98.372	0.911943	0.142768	769.974
LLLGLLVGLLTGLLFILLILI	LLLGLLTGLLTGLLFILLILI	98.3669	95.4449	0.137712	0.930859	747.845
LLLGLLTGLLTGLLFILLILI	LLLGLLTGLLTGLLFTLLILI	94.6129	92.9345	0.098896	1.10811	699.602
LLLGLLTGLLTGLLFTLLILI	LLLGLLTGLLTGLLFILLILI	92.9345	94.6129	1.10811	0.098896	673.628
LLLGLLTGLLTGLLFILLILI	LLLGLLTGLLTGLLFTLLILI	94.6129	92.9345	0.098896	1.10811	646.557
LLLGLLTGLLTGLLFTLLILI	LLLGLLTGLLTGLLFILLILI	92.9345	94.6129	1.10811	0.098896	618.524
LLLGLLTGLLTGLLFILLILI	LLLGLLTGLLTGLLFTLLILI	94.6129	92.9345	0.098896	1.10811	589.688
LLLGLLTGLLTGLLFTLLILI	LLLGLLTGLLTGLLTTLLILI	91.9186	90.7879	0.0921195	1.14683	560.23
LLLGLLTGLLTGLLTTLLILI	LLLGLLTGLLVGLLTTLLILI	90.9174	94.159	1.27634	0.0728516	470.152
LLLGLLTGLLVGLLTTLLILI	LLLGLLTGLLTGLLTTLLILI	94.159	90.9174	0.0728516	1.27634	381.976
LLLGLLTGLLTGLLTTLLILI	LLLGLLTGLLTGLLFTLLILI	90.7879	91.9186	1.14683	0.0921195	209.776
LLLGLLTGLLTGLLFTLLILI	LLLGLLTGLLTGLLTTLLILI	91.9186	90.7879	0.0921195	1.14683	140.501
Time: 88s
