***STARTING GEOMETRY:***
xShift: 7.19168
crossingAngle: -37.0182
axialRotation: 74.1342
zShift: 4.20521

Number of MCCycles: 100
PrevSequence	CurrSequence	PrevEnergy	CurrEnergy	PrevEntropy	CurrEntropy	CurrentTemp
LLLGLLTGLLTGLLTTLLILI	LLLGLLVGLLTGLLTTLLILI	77.3815	77.4658	1.27634	0.0728516	999.684
LLLGLLVGLLTGLLTTLLILI	LLLGLLTGLLTGLLTTLLILI	77.4658	74.9864	0.0728516	1.27634	999.328
LLLGLLTGLLTGLLTTLLILI	LLLGLLTGLLVGLLTTLLILI	74.9864	78.258	1.27634	0.0728516	998.928
LLLGLLTGLLVGLLTTLLILI	LLLGLLTGLLVGLLVTLLILI	78.9853	82.4023	0.800152	0.177314	997.967
LLLGLLTGLLVGLLVTLLILI	LLLGLLTGLLVGLLTTLLILI	82.4023	78.9853	0.177314	0.800152	997.394
LLLGLLTGLLVGLLTTLLILI	LLLGLLVGLLVGLLTTLLILI	78.9853	82.1167	0.800152	0.177314	996.749
LLLGLLVGLLVGLLTTLLILI	LLLGLLTGLLVGLLTTLLILI	82.1167	78.9853	0.177314	0.800152	996.023
LLLGLLTGLLVGLLTTLLILI	LLLGLLTGLLTGLLTTLLILI	78.258	74.9864	0.0728516	1.27634	995.205
LLLGLLTGLLTGLLTTLLILI	LLLGLLTGLLTGLLFTLLILI	74.8569	75.8171	1.14683	0.0921195	992.084
LLLGLLTGLLTGLLFTLLILI	LLLGLLTGLLTGLLTTLLILI	75.8171	74.8569	0.0921195	1.14683	990.773
LLLGLLTGLLTGLLTTLLILI	LLLGLLTGLLTGLLFTLLILI	74.8569	75.8171	1.14683	0.0921195	989.3
LLLGLLTGLLTGLLFTLLILI	LLLGLLTGLLTGLLTTLLILI	75.8171	74.8569	0.0921195	1.14683	987.644
LLLGLLTGLLTGLLTTLLILI	LLLGLLVGLLTGLLTTLLILI	74.9864	77.4658	1.27634	0.0728516	985.783
LLLGLLVGLLTGLLTTLLILI	LLLGLLVGLLIGLLTTLLILI	78.5011	81.9514	1.10811	0.098896	983.694
LLLGLLVGLLIGLLTTLLILI	LLLGLLVGLLTGLLTTLLILI	81.9514	78.5011	0.098896	1.10811	981.348
LLLGLLVGLLTGLLTTLLILI	LLLGLLTGLLTGLLTTLLILI	77.4658	74.9864	0.0728516	1.27634	978.717
LLLGLLTGLLTGLLTTLLILI	LLLGLLTGLLTGLLTVLLILI	74.9864	77.2345	1.27634	0.0728516	975.768
LLLGLLTGLLTGLLTVLLILI	LLLGLLTGLLTGLLTTLLILI	77.2345	74.9864	0.0728516	1.27634	972.463
LLLGLLTGLLTGLLTTLLILI	LLLGLLTGLLVGLLTTLLILI	74.9864	78.258	1.27634	0.0728516	968.764
LLLGLLTGLLVGLLTTLLILI	LLLGLLYGLLVGLLTTLLILI	78.8788	81.9699	0.693609	0.219549	964.627
LLLGLLYGLLVGLLTTLLILI	LLLGLLTGLLVGLLTTLLILI	81.9699	78.8788	0.219549	0.693609	960.005
LLLGLLTGLLVGLLTTLLILI	LLLGLLTGLLTGLLTTLLILI	78.258	74.9864	0.0728516	1.27634	954.846
LLLGLLTGLLTGLLTTLLILI	LLLGLLTGLLTGLLTVLLILI	74.9864	77.2345	1.27634	0.0728516	949.095
LLLGLLTGLLTGLLTVLLILI	LLLGLLTGLLTGLLTTLLILI	77.2345	74.9864	0.0728516	1.27634	942.693
LLLGLLTGLLTGLLTTLLILI	LLLGLLTGLLTGLLFTLLILI	74.8569	75.8171	1.14683	0.0921195	935.578
LLLGLLTGLLTGLLFTLLILI	LLLGLLTGLLLGLLFTLLILI	76.7652	80.514	1.04019	0.112128	927.683
LLLGLLTGLLLGLLFTLLILI	LLLGLLTGLLLGLLFVLLILI	81.3328	84.0716	0.930859	0.137712	918.939
LLLGLLTGLLLGLLFVLLILI	LLLGLLTGLLTGLLFVLLILI	84.095	80.108	0.161118	0.849143	909.276
LLLGLLTGLLTGLLFVLLILI	LLLGLLTGLLTGLLTVLLILI	79.3787	78.1659	0.119894	1.0043	898.621
LLLGLLTGLLTGLLTVLLILI	LLLGLLTGLLTGLLFVLLILI	78.1659	79.3787	1.0043	0.119894	874.051
LLLGLLTGLLTGLLFVLLILI	LLLGLLTGLLTGLLFTLLILI	79.3541	76.8534	0.0952708	1.12845	859.999
LLLGLLTGLLTGLLFTLLILI	LLLGLLVGLLTGLLFTLLILI	76.8534	79.4956	1.12845	0.0952708	844.686
LLLGLLVGLLTGLLFTLLILI	LLLGLLVGLLTGLLTTLLILI	79.5202	78.3973	0.119894	1.0043	828.061
LLLGLLVGLLTGLLTTLLILI	LLLGLLTGLLTGLLTTLLILI	77.4658	74.9864	0.0728516	1.27634	810.083
LLLGLLTGLLTGLLTTLLILI	LLLGLLTGLLVGLLTTLLILI	74.9864	78.258	1.27634	0.0728516	790.724
LLLGLLTGLLVGLLTTLLILI	LLLGLLTGLLTGLLTTLLILI	78.258	74.9864	0.0728516	1.27634	769.974
LLLGLLTGLLTGLLTTLLILI	LLLGLLVGLLTGLLTTLLILI	74.9864	77.4658	1.27634	0.0728516	724.369
LLLGLLVGLLTGLLTTLLILI	LLLGLLTGLLTGLLTTLLILI	77.4658	74.9864	0.0728516	1.27634	699.602
LLLGLLTGLLTGLLTTLLILI	LLLGLLTGLLTGLLTVLLILI	74.9864	77.2345	1.27634	0.0728516	673.628
LLLGLLTGLLTGLLTVLLILI	LLLGLLTGLLTGLLTTLLILI	77.2345	74.9864	0.0728516	1.27634	618.524
LLLGLLTGLLTGLLTTLLILI	LLLGLLTGLLTGLLFTLLILI	74.8569	75.8171	1.14683	0.0921195	560.23
LLLGLLTGLLTGLLFTLLILI	LLLGLLTGLLTGLLTTLLILI	75.8171	74.8569	0.0921195	1.14683	500.25
LLLGLLTGLLTGLLTTLLILI	LLLGLLTGLLTGLLFTLLILI	74.8569	75.8171	1.14683	0.0921195	470.152
LLLGLLTGLLTGLLFTLLILI	LLLGLLTGLLTGLLTTLLILI	75.8171	74.8569	0.0921195	1.14683	381.976
LLLGLLTGLLTGLLTTLLILI	LLLGLLTGLLTGLLFTLLILI	74.8569	75.8171	1.14683	0.0921195	353.943
LLLGLLTGLLTGLLFTLLILI	LLLGLLTGLLTGLLTTLLILI	75.8171	74.8569	0.0921195	1.14683	326.872
LLLGLLTGLLTGLLTTLLILI	LLLGLLTGLLTGLLFTLLILI	74.8569	75.8171	1.14683	0.0921195	276.131
LLLGLLTGLLTGLLFTLLILI	LLLGLLTGLLTGLLTTLLILI	75.8171	74.8569	0.0921195	1.14683	230.526
Time: 87s
