***STARTING GEOMETRY:***
xShift: 8.84602
crossingAngle: -39.8698
axialRotation: 33.705
zShift: 5.3891

Number of MCCycles: 100
PrevSequence	CurrSequence	PrevEnergy	CurrEnergy	PrevEntropy	CurrEntropy	CurrentTemp
LLLTLLGTLLSTLLTTLLILI	LLLTLLATLLSTLLTTLLILI	-18.9436	-23.8977	0.584123	0.276169	999.684
LLLTLLATLLSTLLTTLLILI	LLLTLLATLLSTLLVTLLILI	-22.7793	-20.6509	1.39457	0.0589809	999.328
LLLTLLATLLSTLLVTLLILI	LLLTLLATLLSTLLVYLLILI	-19.8937	-17.8267	0.816184	0.171816	998.928
LLLTLLATLLSTLLVYLLILI	LLLTLLATLLFTLLVYLLILI	-17.4946	-18.2222	0.503913	0.329564	998.476
LLLTLLATLLFTLLVYLLILI	LLLTLLATLLFGLLVYLLILI	-17.6154	-13.3351	0.936418	0.136265	997.967
LLLTLLATLLFGLLVYLLILI	LLLTLLATLLFTLLVYLLILI	-13.3351	-17.6354	0.136265	0.936418	997.394
LLLTLLATLLFTLLVYLLILI	LLLTLLATLLFTLLVTLLILI	-18.4	-20.5464	0.171816	0.816184	996.749
LLLTLLATLLFTLLVTLLILI	LLLTLLATLLSTLLVTLLILI	-21.033	-20.206	0.329564	0.503913	996.023
LLLTLLATLLSTLLVTLLILI	LLLTLLATLLFTLLVTLLILI	-20.206	-21.033	0.503913	0.329564	995.205
LLLTLLATLLFTLLVTLLILI	LLLTLLATLLSTLLVTLLILI	-21.033	-20.206	0.329564	0.503913	994.285
LLLTLLATLLSTLLVTLLILI	LLLTLLATLLSVLLVTLLILI	-19.779	-17.3696	0.930859	0.137712	993.249
LLLTLLATLLSVLLVTLLILI	LLLTLLGTLLSVLLVTLLILI	-17.2311	-16.405	0.276169	0.584123	992.084
LLLTLLGTLLSVLLVTLLILI	LLLTLLGTLLSTLLVTLLILI	-16.8514	-19.2568	0.137712	0.930859	990.773
LLLTLLGTLLSTLLVTLLILI	LLLTLLGTLLSVLLVTLLILI	-19.2568	-16.8721	0.930859	0.137712	989.3
LLLTLLGTLLSVLLVTLLILI	LLLTLLGTLLSVLLTTLLILI	-16.8721	-19.6004	0.137712	0.930859	987.644
LLLTLLGTLLSVLLTTLLILI	LLLTLLATLLSVLLTTLLILI	-19.9471	-20.7524	0.584123	0.276169	985.783
LLLTLLATLLSVLLTTLLILI	LLLTLLATLLSVLLVTLLILI	-20.0977	-17.3696	0.930859	0.137712	983.694
LLLTLLATLLSVLLVTLLILI	LLLTLLATLLFVLLVTLLILI	-17.0034	-17.722	0.503913	0.329564	981.348
LLLTLLATLLFVLLVTLLILI	LLLTLLATLLFTLLVTLLILI	-17.9138	-20.4317	0.137712	0.930859	978.717
LLLTLLATLLFTLLVTLLILI	LLLTLLATLLFTLLVYLLILI	-20.5464	-18.4	0.816184	0.171816	975.768
LLLTLLATLLFTLLVYLLILI	LLLTLLATLLFTLLTYLLILI	-18.499	-21.1362	0.0728516	1.27634	972.463
LLLTLLATLLFTLLTYLLILI	LLLTLLATLLFTLLVYLLILI	-21.1362	-18.499	1.27634	0.0728516	968.764
LLLTLLATLLFTLLVYLLILI	LLLTLLATLLFTLLTYLLILI	-18.499	-21.1362	0.0728516	1.27634	964.627
LLLTLLATLLFTLLTYLLILI	LLLTLLATLLFTLLTTLLILI	-22.2713	-24.285	0.141213	0.917682	960.005
LLLTLLATLLFTLLTTLLILI	LLLTLLGTLLFTLLTTLLILI	-24.9266	-24.3761	0.276169	0.584123	954.846
LLLTLLGTLLFTLLTTLLILI	LLLLLLGTLLFTLLTTLLILI	-23.8679	-22.7726	1.09226	0.101824	949.095
LLLLLLGTLLFTLLTTLLILI	LLLLLLGTLLTTLLTTLLILI	-22.7996	-21.1478	0.0748068	1.26162	942.693
LLLLLLGTLLTTLLTTLLILI	LLLLLLGTLLFTLLTTLLILI	-21.1478	-22.7996	1.26162	0.0748068	935.578
LLLLLLGTLLFTLLTTLLILI	LLLLLLGTLLTTLLTTLLILI	-22.7996	-21.1478	0.0748068	1.26162	927.683
LLLLLLGTLLTTLLTTLLILI	LLLLLLGTLLFTLLTTLLILI	-21.1478	-22.7996	1.26162	0.0748068	918.939
LLLLLLGTLLFTLLTTLLILI	LLLLLLGTLLFTLLVTLLILI	-21.5981	-18.9613	1.27634	0.0728516	909.276
LLLLLLGTLLFTLLVTLLILI	LLLLLLGTLLFTLLVYLLILI	-18.3405	-16.0231	0.693609	0.219549	898.621
LLLLLLGTLLFTLLVYLLILI	LLLLLLGTLLFTLLVTLLILI	-16.0231	-18.3405	0.219549	0.693609	886.903
LLLLLLGTLLFTLLVTLLILI	LLLLLLGTLLTTLLVTLLILI	-18.942	-17.6315	0.0921195	1.14683	874.051
LLLLLLGTLLTTLLVTLLILI	LLLLLLGTLLFTLLVTLLILI	-17.6315	-18.942	1.14683	0.0921195	859.999
LLLLLLGTLLFTLLVTLLILI	LLLLLLGTLLFTLLTTLLILI	-18.9613	-21.5981	0.0728516	1.27634	844.686
LLLLLLGTLLFTLLTTLLILI	LLLTLLGTLLFTLLTTLLILI	-22.7726	-23.8472	0.101824	1.09226	828.061
LLLTLLGTLLFTLLTTLLILI	LLLTLLFTLLFTLLTTLLILI	-24.67	-25.1004	0.269472	0.595564	810.083
LLLTLLFTLLFTLLTTLLILI	LLLTLLATLLFTLLTTLLILI	-24.8875	-25.0283	0.80848	0.174433	790.724
LLLTLLATLLFTLLTTLLILI	LLLTLLATLLFTLLVTLLILI	-23.8082	-21.3036	1.39457	0.0589809	769.974
LLLTLLATLLFTLLVTLLILI	LLLTLLATLLFTLLTTLLILI	-21.3036	-23.8082	0.0589809	1.39457	747.845
LLLTLLATLLFTLLTTLLILI	LLLTLLATLLFTLLTYLLILI	-24.285	-22.2513	0.917682	0.141213	724.369
LLLTLLATLLFTLLTYLLILI	LLLTLLATLLFTLLTTLLILI	-22.2513	-24.265	0.141213	0.917682	699.602
LLLTLLATLLFTLLTTLLILI	LLLTLLGTLLFTLLTTLLILI	-24.9065	-24.3553	0.276169	0.584123	673.628
LLLTLLGTLLFTLLTTLLILI	LLLTLLGTLLFTLLTYLLILI	-24.0218	-22.0291	0.917682	0.141213	646.557
LLLTLLGTLLFTLLTYLLILI	LLLTLLGTLLFTLLTTLLILI	-22.0291	-24.0425	0.141213	0.917682	618.524
LLLTLLGTLLFTLLTTLLILI	LLLTLLGTLLFTLLVTLLILI	-23.5656	-21.0609	1.39457	0.0589809	589.688
LLLTLLGTLLFTLLVTLLILI	LLLTLLFTLLFTLLVTLLILI	-20.8504	-21.2777	0.269472	0.595564	560.23
LLLTLLFTLLFTLLVTLLILI	LLLTLLATLLFTLLVTLLILI	-21.0648	-21.1882	0.80848	0.174433	530.348
LLLTLLATLLFTLLVTLLILI	LLLTLLATLLFTLLTTLLILI	-21.3036	-23.8082	0.0589809	1.39457	500.25
LLLTLLATLLFTLLTTLLILI	LLLTLLATLLFTLLVTLLILI	-23.8082	-21.3036	1.39457	0.0589809	470.152
LLLTLLATLLFTLLVTLLILI	LLLTLLATLLSTLLVTLLILI	-21.033	-20.206	0.329564	0.503913	440.27
LLLTLLATLLSTLLVTLLILI	LLLTLLATLLSTLLTTLLILI	-20.6509	-22.7793	0.0589809	1.39457	410.812
LLLTLLATLLSTLLTTLLILI	LLLTLLATLLFTLLTTLLILI	-23.67	-24.8732	0.503913	0.329564	381.976
LLLTLLATLLFTLLTTLLILI	LLLTLLFTLLFTLLTTLLILI	-25.0283	-24.9067	0.174433	0.80848	353.943
LLLTLLFTLLFTLLTTLLILI	LLLTLLATLLFTLLTTLLILI	-24.9067	-25.0283	0.80848	0.174433	326.872
LLLTLLATLLFTLLTTLLILI	LLLTLLFTLLFTLLTTLLILI	-25.0283	-24.8875	0.174433	0.80848	300.898
LLLTLLFTLLFTLLTTLLILI	LLLTLLATLLFTLLTTLLILI	-24.8875	-25.0283	0.80848	0.174433	276.131
LLLTLLATLLFTLLTTLLILI	LLLTLLFTLLFTLLTTLLILI	-25.0283	-24.8875	0.174433	0.80848	209.776
LLLTLLFTLLFTLLTTLLILI	LLLTLLATLLFTLLTTLLILI	-24.8875	-25.0083	0.80848	0.174433	91.2238
LLLTLLATLLFTLLTTLLILI	LLLTLLFTLLFTLLTTLLILI	-25.0083	-24.9067	0.174433	0.80848	64.9219
LLLTLLFTLLFTLLTTLLILI	LLLTLLATLLFTLLTTLLILI	-24.9067	-25.0283	0.80848	0.174433	57.8066
Time: 108s
