MCAccept 0 xShift: 8.04 crossingAngle: -38.4475 axialRotation: -5.24 zShift: 2.13 energy: -2.96554
MCReject   xShift: 8.04 crossingAngle: -38.4393 axialRotation: -5.24 zShift: 2.13 energy: 9.55801
MCReject   xShift: 8.04 crossingAngle: -38.4475 axialRotation: -5.24346 zShift: 2.13 energy: 5.80425
MCReject   xShift: 8.0423 crossingAngle: -38.4475 axialRotation: -5.24 zShift: 2.13 energy: -0.303024
MCReject   xShift: 8.04 crossingAngle: -38.4475 axialRotation: -5.24 zShift: 2.13812 energy: -0.421145
MCAccept 1 xShift: 8.04 crossingAngle: -38.4475 axialRotation: -5.05676 zShift: 2.13 energy: -2.96438
MCReject   xShift: 8.04 crossingAngle: -38.4475 axialRotation: -4.89737 zShift: 2.13 energy: 5.74406
MCAccept 2 xShift: 8.04 crossingAngle: -38.5955 axialRotation: -5.05676 zShift: 2.13 energy: -2.96438
MCReject   xShift: 8.04 crossingAngle: -38.5955 axialRotation: -5.07973 zShift: 2.13 energy: -0.367776
MCReject   xShift: 8.04 crossingAngle: -38.5955 axialRotation: -5.12917 zShift: 2.13 energy: -0.629292
MCReject   xShift: 8.04 crossingAngle: -38.5955 axialRotation: -5.05676 zShift: 2.13516 energy: -0.254995
MCReject   xShift: 8.04 crossingAngle: -38.6646 axialRotation: -5.05676 zShift: 2.13 energy: -2.51265
MCAccept 3 xShift: 8.04 crossingAngle: -38.5955 axialRotation: -5.2201 zShift: 2.13 energy: -2.96438
MCReject   xShift: 8.04 crossingAngle: -38.5955 axialRotation: -5.2201 zShift: 2.1066 energy: 5.84564
MCReject   xShift: 8.04 crossingAngle: -38.5955 axialRotation: -5.2201 zShift: 2.12806 energy: -0.0797257
MCReject   xShift: 8.04 crossingAngle: -38.6448 axialRotation: -5.2201 zShift: 2.13 energy: -0.0430553
MCReject   xShift: 8.04 crossingAngle: -38.5955 axialRotation: -5.25027 zShift: 2.13 energy: 0.222194
MCReject   xShift: 8.02865 crossingAngle: -38.5955 axialRotation: -5.2201 zShift: 2.13 energy: -2.51265
MCReject   xShift: 8.04 crossingAngle: -38.5955 axialRotation: -5.35709 zShift: 2.13 energy: 7.31455
MCReject   xShift: 8.04 crossingAngle: -38.5955 axialRotation: -5.2201 zShift: 2.13335 energy: 6.36825
MCReject   xShift: 8.03093 crossingAngle: -38.5955 axialRotation: -5.2201 zShift: 2.13 energy: -2.43917
MCReject   xShift: 8.03196 crossingAngle: -38.5955 axialRotation: -5.2201 zShift: 2.13 energy: 5.74406
MCAccept 4 xShift: 8.04 crossingAngle: -38.5749 axialRotation: -5.2201 zShift: 2.13 energy: -2.96554
MCAccept 5 xShift: 8.03996 crossingAngle: -38.5749 axialRotation: -5.2201 zShift: 2.13 energy: -2.96554
MCReject   xShift: 8.03996 crossingAngle: -38.6183 axialRotation: -5.2201 zShift: 2.13 energy: -0.720923
MCAccept 6 xShift: 8.05006 crossingAngle: -38.5749 axialRotation: -5.2201 zShift: 2.13 energy: -2.96438
MCAccept 7 xShift: 8.05006 crossingAngle: -38.5229 axialRotation: -5.2201 zShift: 2.13 energy: -2.96438
MCReject   xShift: 8.05006 crossingAngle: -38.4136 axialRotation: -5.2201 zShift: 2.13 energy: -0.634104
MCReject   xShift: 8.05006 crossingAngle: -38.5832 axialRotation: -5.2201 zShift: 2.13 energy: -0.634104
MCReject   xShift: 8.05006 crossingAngle: -38.5229 axialRotation: -5.22477 zShift: 2.13 energy: -0.551631
MCReject   xShift: 8.05006 crossingAngle: -38.4993 axialRotation: -5.2201 zShift: 2.13 energy: 5.80425
MCReject   xShift: 8.05163 crossingAngle: -38.5229 axialRotation: -5.2201 zShift: 2.13 energy: 5.80425
MCAccept 8 xShift: 8.05006 crossingAngle: -38.5229 axialRotation: -5.3886 zShift: 2.13 energy: -2.96554
MCReject   xShift: 8.05006 crossingAngle: -38.5229 axialRotation: -5.3886 zShift: 2.1342 energy: 7.29437
MCReject   xShift: 8.05552 crossingAngle: -38.5229 axialRotation: -5.3886 zShift: 2.13 energy: -2.43917
MCReject   xShift: 8.05006 crossingAngle: -38.4726 axialRotation: -5.3886 zShift: 2.13 energy: 1.70215
MCReject   xShift: 8.06534 crossingAngle: -38.5229 axialRotation: -5.3886 zShift: 2.13 energy: 7.31455
MCReject   xShift: 8.04568 crossingAngle: -38.5229 axialRotation: -5.3886 zShift: 2.13 energy: 5.74406
MCReject   xShift: 8.0485 crossingAngle: -38.5229 axialRotation: -5.3886 zShift: 2.13 energy: -2.43917
MCReject   xShift: 8.05006 crossingAngle: -38.4313 axialRotation: -5.3886 zShift: 2.13 energy: -0.181217
MCReject   xShift: 8.05006 crossingAngle: -38.5229 axialRotation: -5.44124 zShift: 2.13 energy: -0.303024
MCReject   xShift: 8.03411 crossingAngle: -38.5229 axialRotation: -5.3886 zShift: 2.13 energy: 7.31455
MCAccept 9 xShift: 8.05006 crossingAngle: -38.2073 axialRotation: -5.3886 zShift: 2.13 energy: -2.96438
MCReject   xShift: 8.05006 crossingAngle: -38.2048 axialRotation: -5.3886 zShift: 2.13 energy: -0.72208
MCReject   xShift: 8.05656 crossingAngle: -38.2073 axialRotation: -5.3886 zShift: 2.13 energy: -0.0430553
MCAccept 10 xShift: 8.05006 crossingAngle: -38.2073 axialRotation: -5.3886 zShift: 2.12862 energy: -2.95358
MCReject   xShift: 8.05006 crossingAngle: -38.2073 axialRotation: -5.36327 zShift: 2.12862 energy: 7.33483
MCReject   xShift: 8.05006 crossingAngle: -38.0196 axialRotation: -5.3886 zShift: 2.12862 energy: -2.49073
MCAccept 11 xShift: 8.05006 crossingAngle: -38.2073 axialRotation: -5.3886 zShift: 2.14059 energy: -3.0473
MCAccept 12 xShift: 8.05006 crossingAngle: -38.0326 axialRotation: -5.3886 zShift: 2.14059 energy: -3.0473
MCAccept 13 xShift: 8.04517 crossingAngle: -38.0326 axialRotation: -5.3886 zShift: 2.14059 energy: -3.04613
MCReject   xShift: 8.04517 crossingAngle: -38.0484 axialRotation: -5.3886 zShift: 2.14059 energy: 1.98383
MCReject   xShift: 8.04517 crossingAngle: -38.0326 axialRotation: -5.3886 zShift: 2.14886 energy: 5.77962
MCReject   xShift: 8.04517 crossingAngle: -38.0326 axialRotation: -5.3886 zShift: 2.13301 energy: 5.73959
MCReject   xShift: 8.04517 crossingAngle: -37.8705 axialRotation: -5.3886 zShift: 2.14059 energy: -2.67853
MCReject   xShift: 8.04517 crossingAngle: -37.8658 axialRotation: -5.3886 zShift: 2.14059 energy: -0.419848
MCAccept 14 xShift: 8.04517 crossingAngle: -37.9691 axialRotation: -5.3886 zShift: 2.14059 energy: -3.04613
MCReject   xShift: 8.04517 crossingAngle: -37.8694 axialRotation: -5.3886 zShift: 2.14059 energy: -2.67853
MCReject   xShift: 8.04517 crossingAngle: -37.9691 axialRotation: -5.60214 zShift: 2.14059 energy: 1.74769
MCReject   xShift: 8.04517 crossingAngle: -37.9691 axialRotation: -5.49519 zShift: 2.14059 energy: -0.360521
MCReject   xShift: 8.04517 crossingAngle: -37.9964 axialRotation: -5.3886 zShift: 2.14059 energy: -0.788617
MCReject   xShift: 8.04517 crossingAngle: -37.9337 axialRotation: -5.3886 zShift: 2.14059 energy: 6.47434
MCReject   xShift: 8.04517 crossingAngle: -37.9691 axialRotation: -5.3886 zShift: 2.15085 energy: 1.19068
MCReject   xShift: 8.04517 crossingAngle: -37.9691 axialRotation: -5.37867 zShift: 2.14059 energy: -2.67853
MCReject   xShift: 8.04517 crossingAngle: -38.027 axialRotation: -5.3886 zShift: 2.14059 energy: 6.41273
MCReject   xShift: 8.04517 crossingAngle: -37.8768 axialRotation: -5.3886 zShift: 2.14059 energy: 7.27923
MCAccept 15 xShift: 8.03331 crossingAngle: -37.9691 axialRotation: -5.3886 zShift: 2.14059 energy: -3.04613
MCReject   xShift: 8.03331 crossingAngle: -37.9691 axialRotation: -5.46504 zShift: 2.14059 energy: -0.862927
MCReject   xShift: 8.03331 crossingAngle: -37.9691 axialRotation: -5.4859 zShift: 2.14059 energy: 6.41273
MCAccept 16 xShift: 8.02046 crossingAngle: -37.9691 axialRotation: -5.3886 zShift: 2.14059 energy: -3.04613
MCReject   xShift: 8.02046 crossingAngle: -38.0255 axialRotation: -5.3886 zShift: 2.14059 energy: 5.72921
MCReject   xShift: 8.00898 crossingAngle: -37.9691 axialRotation: -5.3886 zShift: 2.14059 energy: 7.27923
MCAccept 17 xShift: 8.02046 crossingAngle: -37.9691 axialRotation: -5.28865 zShift: 2.14059 energy: -3.0473
MCReject   xShift: 8.01298 crossingAngle: -37.9691 axialRotation: -5.28865 zShift: 2.14059 energy: -0.785059
MCReject   xShift: 8.02046 crossingAngle: -37.9691 axialRotation: -5.44079 zShift: 2.14059 energy: -2.67853
MCReject   xShift: 8.01713 crossingAngle: -37.9691 axialRotation: -5.28865 zShift: 2.14059 energy: 7.27923
MCReject   xShift: 8.02046 crossingAngle: -37.9691 axialRotation: -5.28865 zShift: 2.15218 energy: -0.768213
MCReject   xShift: 8.02046 crossingAngle: -37.9691 axialRotation: -5.47701 zShift: 2.14059 energy: -0.785059
MCReject   xShift: 8.02046 crossingAngle: -37.9691 axialRotation: -5.26986 zShift: 2.14059 energy: -0.698999
MCReject   xShift: 8.02046 crossingAngle: -37.9576 axialRotation: -5.28865 zShift: 2.14059 energy: 5.72921
MCReject   xShift: 8.02531 crossingAngle: -37.9691 axialRotation: -5.28865 zShift: 2.14059 energy: 5.78946
MCAccept 18 xShift: 8.02046 crossingAngle: -37.9691 axialRotation: -5.28865 zShift: 2.14005 energy: -3.04318
MCAccept 19 xShift: 8.02046 crossingAngle: -37.9691 axialRotation: -5.16978 zShift: 2.14005 energy: -3.04318
MCAccept 20 xShift: 8.02316 crossingAngle: -37.9691 axialRotation: -5.16978 zShift: 2.14005 energy: -3.04202
MCAccept 21 xShift: 8.02316 crossingAngle: -37.9691 axialRotation: -5.32644 zShift: 2.14005 energy: -3.04202
MCAccept 22 xShift: 8.02316 crossingAngle: -37.9691 axialRotation: -5.3703 zShift: 2.14005 energy: -3.04202
MCReject   xShift: 8.02316 crossingAngle: -37.8102 axialRotation: -5.3703 zShift: 2.14005 energy: -0.338626
MCReject   xShift: 8.02556 crossingAngle: -37.9691 axialRotation: -5.3703 zShift: 2.14005 energy: 7.26799
MCReject   xShift: 8.02316 crossingAngle: -37.9691 axialRotation: -5.42587 zShift: 2.14005 energy: 5.72991
MCReject   xShift: 8.02316 crossingAngle: -37.9166 axialRotation: -5.3703 zShift: 2.14005 energy: 5.79016
MCReject   xShift: 8.02316 crossingAngle: -37.9691 axialRotation: -5.3703 zShift: 2.14088 energy: -2.683
MCReject   xShift: 8.02316 crossingAngle: -37.9691 axialRotation: -5.28138 zShift: 2.14005 energy: 6.40936
MCAccept 23 xShift: 8.02316 crossingAngle: -37.9691 axialRotation: -5.39544 zShift: 2.14005 energy: -3.04202
MCReject   xShift: 8.02316 crossingAngle: -37.8338 axialRotation: -5.39544 zShift: 2.14005 energy: 5.79016
MCAccept 24 xShift: 8.02701 crossingAngle: -37.9691 axialRotation: -5.39544 zShift: 2.14005 energy: -3.04202
MCReject   xShift: 8.02701 crossingAngle: -37.9691 axialRotation: -5.39544 zShift: 2.13376 energy: -2.99368
MCAccept 25 xShift: 8.02701 crossingAngle: -37.9691 axialRotation: -5.33086 zShift: 2.14005 energy: -3.04202
MCReject   xShift: 8.02757 crossingAngle: -37.9691 axialRotation: -5.33086 zShift: 2.14005 energy: 5.79016
MCReject   xShift: 8.02701 crossingAngle: -38.0207 axialRotation: -5.33086 zShift: 2.14005 energy: -0.412288
MCReject   xShift: 8.01191 crossingAngle: -37.9691 axialRotation: -5.33086 zShift: 2.14005 energy: 5.79016
MCReject   xShift: 8.0051 crossingAngle: -37.9691 axialRotation: -5.33086 zShift: 2.14005 energy: 7.26799
MCReject   xShift: 8.02701 crossingAngle: -38.0761 axialRotation: -5.33086 zShift: 2.14005 energy: 1.91057
MCReject   xShift: 8.02701 crossingAngle: -37.9691 axialRotation: -5.3737 zShift: 2.14005 energy: -0.368015
MCReject   xShift: 8.01504 crossingAngle: -37.9691 axialRotation: -5.33086 zShift: 2.14005 energy: -2.67018
MCReject   xShift: 8.02777 crossingAngle: -37.9691 axialRotation: -5.33086 zShift: 2.14005 energy: 5.79016
MCReject   xShift: 8.02308 crossingAngle: -37.9691 axialRotation: -5.33086 zShift: 2.14005 energy: -2.67018
MCReject   xShift: 8.03287 crossingAngle: -37.9691 axialRotation: -5.33086 zShift: 2.14005 energy: 5.72991
MCReject   xShift: 8.02752 crossingAngle: -37.9691 axialRotation: -5.33086 zShift: 2.14005 energy: -0.851169
MCReject   xShift: 8.02701 crossingAngle: -37.9691 axialRotation: -5.3432 zShift: 2.14005 energy: 6.47097
MCReject   xShift: 8.02799 crossingAngle: -37.9691 axialRotation: -5.33086 zShift: 2.14005 energy: 5.79016
MCAccept 26 xShift: 8.02701 crossingAngle: -37.9691 axialRotation: -5.33086 zShift: 2.13516 energy: -3.00451
MCReject   xShift: 8.03486 crossingAngle: -37.9691 axialRotation: -5.33086 zShift: 2.13516 energy: -2.52052
MCReject   xShift: 8.02701 crossingAngle: -37.9691 axialRotation: -5.33086 zShift: 2.14644 energy: 5.72206
MCReject   xShift: 8.02701 crossingAngle: -37.9358 axialRotation: -5.33086 zShift: 2.13516 energy: 7.28989
MCReject   xShift: 8.03869 crossingAngle: -37.9691 axialRotation: -5.33086 zShift: 2.13516 energy: 8.07553
MCReject   xShift: 8.02701 crossingAngle: -38.1389 axialRotation: -5.33086 zShift: 2.13516 energy: -2.59409
MCAccept 27 xShift: 8.02701 crossingAngle: -37.9691 axialRotation: -5.29663 zShift: 2.13516 energy: -3.00567
MCReject   xShift: 8.02701 crossingAngle: -38.0097 axialRotation: -5.29663 zShift: 2.13516 energy: -2.59409
MCReject   xShift: 8.03799 crossingAngle: -37.9691 axialRotation: -5.29663 zShift: 2.13516 energy: 7.28989
MCReject   xShift: 8.0289 crossingAngle: -37.9691 axialRotation: -5.29663 zShift: 2.13516 energy: 7.28989
MCAccept 28 xShift: 8.02701 crossingAngle: -37.9691 axialRotation: -5.30383 zShift: 2.13516 energy: -3.00567
MCAccept 29 xShift: 8.05135 crossingAngle: -37.9691 axialRotation: -5.30383 zShift: 2.13516 energy: -3.00451
MCReject   xShift: 8.05135 crossingAngle: -37.9691 axialRotation: -5.30383 zShift: 2.15119 energy: 5.7771
MCAccept 30 xShift: 8.05135 crossingAngle: -37.9691 axialRotation: -5.31195 zShift: 2.13516 energy: -3.00451
MCReject   xShift: 8.06676 crossingAngle: -37.9691 axialRotation: -5.31195 zShift: 2.13516 energy: 5.73651
MCAccept 31 xShift: 8.05135 crossingAngle: -37.9691 axialRotation: -5.19389 zShift: 2.13516 energy: -3.00567
MCReject   xShift: 8.05135 crossingAngle: -37.9691 axialRotation: -5.40688 zShift: 2.13516 energy: -0.666658
MCReject   xShift: 8.05135 crossingAngle: -37.9412 axialRotation: -5.19389 zShift: 2.13516 energy: -2.59409
MCAccept 32 xShift: 8.04507 crossingAngle: -37.9691 axialRotation: -5.19389 zShift: 2.13516 energy: -3.00567
MCAccept 33 xShift: 8.04507 crossingAngle: -37.9691 axialRotation: -5.10455 zShift: 2.13516 energy: -3.00451
MCAccept 34 xShift: 8.04507 crossingAngle: -37.9691 axialRotation: -5.10455 zShift: 2.14035 energy: -3.04543
MCAccept 35 xShift: 8.04507 crossingAngle: -37.7653 axialRotation: -5.10455 zShift: 2.14035 energy: -3.04543
MCReject   xShift: 8.04507 crossingAngle: -37.6772 axialRotation: -5.10455 zShift: 2.14035 energy: 0.00921195
MCReject   xShift: 8.05014 crossingAngle: -37.7653 axialRotation: -5.10455 zShift: 2.14035 energy: -2.67474
MCReject   xShift: 8.04507 crossingAngle: -37.6339 axialRotation: -5.10455 zShift: 2.14035 energy: -0.787109
MCReject   xShift: 8.04507 crossingAngle: -37.7653 axialRotation: -5.10455 zShift: 2.11706 energy: 7.39654
MCReject   xShift: 8.03668 crossingAngle: -37.7653 axialRotation: -5.10455 zShift: 2.14035 energy: 5.72953
MCReject   xShift: 8.04507 crossingAngle: -37.7653 axialRotation: -5.10455 zShift: 2.13024 energy: -2.96744
MCReject   xShift: 8.04507 crossingAngle: -37.711 axialRotation: -5.10455 zShift: 2.14035 energy: 5.72953
MCReject   xShift: 8.03148 crossingAngle: -37.7653 axialRotation: -5.10455 zShift: 2.14035 energy: -2.60108
MCReject   xShift: 8.03947 crossingAngle: -37.7653 axialRotation: -5.10455 zShift: 2.14035 energy: -0.435144
MCReject   xShift: 8.04507 crossingAngle: -37.7653 axialRotation: -5.10455 zShift: 2.13669 energy: -2.61799
MCReject   xShift: 8.04507 crossingAngle: -37.7653 axialRotation: -5.10455 zShift: 2.12374 energy: -0.681455
MCReject   xShift: 8.0355 crossingAngle: -37.7653 axialRotation: -5.10455 zShift: 2.14035 energy: -0.353278
MCReject   xShift: 8.04507 crossingAngle: -37.797 axialRotation: -5.10455 zShift: 2.14035 energy: 5.72953
MCAccept 36 xShift: 8.04507 crossingAngle: -37.7653 axialRotation: -5.10455 zShift: 2.13307 energy: -2.98828
MCReject   xShift: 8.04507 crossingAngle: -37.6771 axialRotation: -5.10455 zShift: 2.13307 energy: -2.48761
MCAccept 37 xShift: 8.04507 crossingAngle: -37.7653 axialRotation: -5.10455 zShift: 2.14218 energy: -3.0594
MCReject   xShift: 8.04507 crossingAngle: -37.6509 axialRotation: -5.10455 zShift: 2.14218 energy: 5.72719
MCAccept 38 xShift: 8.04507 crossingAngle: -37.7653 axialRotation: -5.21292 zShift: 2.14218 energy: -3.0594
MCReject   xShift: 8.04507 crossingAngle: -37.7653 axialRotation: -5.21292 zShift: 2.12868 energy: -2.95403
MCReject   xShift: 8.04507 crossingAngle: -37.7653 axialRotation: -5.21292 zShift: 2.14846 energy: 5.71976
MCAccept 39 xShift: 8.04507 crossingAngle: -37.7653 axialRotation: -5.29603 zShift: 2.14218 energy: -3.0594
MCReject   xShift: 8.04101 crossingAngle: -37.7653 axialRotation: -5.29603 zShift: 2.14218 energy: -0.708691
MCReject   xShift: 8.05112 crossingAngle: -37.7653 axialRotation: -5.29603 zShift: 2.14218 energy: -0.897496
MCReject   xShift: 8.02217 crossingAngle: -37.7653 axialRotation: -5.29603 zShift: 2.14218 energy: -0.708691
MCAccept 40 xShift: 8.04797 crossingAngle: -37.7653 axialRotation: -5.29603 zShift: 2.14218 energy: -3.05824
MCReject   xShift: 8.06396 crossingAngle: -37.7653 axialRotation: -5.29603 zShift: 2.14218 energy: 5.72719
MCReject   xShift: 8.04752 crossingAngle: -37.7653 axialRotation: -5.29603 zShift: 2.14218 energy: -0.410275
MCAccept 41 xShift: 8.02656 crossingAngle: -37.7653 axialRotation: -5.29603 zShift: 2.14218 energy: -3.0594
MCReject   xShift: 8.02656 crossingAngle: -37.5707 axialRotation: -5.29603 zShift: 2.14218 energy: -0.380075
MCReject   xShift: 8.02656 crossingAngle: -37.7653 axialRotation: -5.29603 zShift: 2.16621 energy: 1.20397
MCAccept 42 xShift: 8.02656 crossingAngle: -37.7653 axialRotation: -5.29603 zShift: 2.15186 energy: -3.132
MCReject   xShift: 8.02656 crossingAngle: -37.7653 axialRotation: -5.29603 zShift: 2.16983 energy: 5.76127
MCReject   xShift: 8.02656 crossingAngle: -37.8882 axialRotation: -5.29603 zShift: 2.15186 energy: -1.10469
MCReject   xShift: 8.04448 crossingAngle: -37.7653 axialRotation: -5.29603 zShift: 2.15186 energy: 5.7161
MCAccept 43 xShift: 8.03453 crossingAngle: -37.7653 axialRotation: -5.29603 zShift: 2.15186 energy: -3.132
MCAccept 44 xShift: 8.03453 crossingAngle: -37.8591 axialRotation: -5.29603 zShift: 2.15186 energy: -3.132
MCAccept 45 xShift: 8.03453 crossingAngle: -37.8591 axialRotation: -5.42291 zShift: 2.15186 energy: -3.13083
MCAccept 46 xShift: 8.03453 crossingAngle: -37.799 axialRotation: -5.42291 zShift: 2.15186 energy: -3.13083
MCReject   xShift: 8.03453 crossingAngle: -37.8284 axialRotation: -5.42291 zShift: 2.15186 energy: 5.77641
MCReject   xShift: 8.03453 crossingAngle: -37.799 axialRotation: -5.32339 zShift: 2.15186 energy: 7.2345
MCReject   xShift: 8.03453 crossingAngle: -37.799 axialRotation: -5.40272 zShift: 2.15186 energy: 5.7161
MCAccept 47 xShift: 8.03453 crossingAngle: -37.8086 axialRotation: -5.42291 zShift: 2.15186 energy: -3.132
MCReject   xShift: 8.03453 crossingAngle: -37.8086 axialRotation: -5.42291 zShift: 2.14249 energy: -2.70789
MCReject   xShift: 8.02446 crossingAngle: -37.8086 axialRotation: -5.42291 zShift: 2.15186 energy: 1.17087
MCReject   xShift: 8.03453 crossingAngle: -37.7876 axialRotation: -5.42291 zShift: 2.15186 energy: -0.856441
MCReject   xShift: 8.03275 crossingAngle: -37.8086 axialRotation: -5.42291 zShift: 2.15186 energy: -0.76748
MCAccept 48 xShift: 8.03453 crossingAngle: -37.8086 axialRotation: -5.41921 zShift: 2.15186 energy: -3.132
MCReject   xShift: 8.03453 crossingAngle: -37.8086 axialRotation: -5.41493 zShift: 2.15186 energy: 6.48511
MCReject   xShift: 8.03453 crossingAngle: -37.9565 axialRotation: -5.41921 zShift: 2.15186 energy: -1.10469
MCReject   xShift: 8.03649 crossingAngle: -37.8086 axialRotation: -5.41921 zShift: 2.15186 energy: -0.485756
MCReject   xShift: 8.03453 crossingAngle: -37.8086 axialRotation: -5.36478 zShift: 2.15186 energy: 5.7161
MCReject   xShift: 8.03453 crossingAngle: -37.7025 axialRotation: -5.41921 zShift: 2.15186 energy: 5.7161
MCReject   xShift: 8.03453 crossingAngle: -37.6993 axialRotation: -5.41921 zShift: 2.15186 energy: -2.77641
MCReject   xShift: 8.03453 crossingAngle: -37.8086 axialRotation: -5.41921 zShift: 2.13666 energy: -3.01719
MCReject   xShift: 8.03453 crossingAngle: -37.8086 axialRotation: -5.22727 zShift: 2.15186 energy: 5.7161
MCAccept 49 xShift: 8.03453 crossingAngle: -37.7011 axialRotation: -5.41921 zShift: 2.15186 energy: -3.13083
MCReject   xShift: 8.03453 crossingAngle: -37.7011 axialRotation: -5.41921 zShift: 2.1387 energy: 5.73168
MCReject   xShift: 8.03131 crossingAngle: -37.7011 axialRotation: -5.41921 zShift: 2.15186 energy: -0.485756
MCReject   xShift: 8.03453 crossingAngle: -37.6916 axialRotation: -5.41921 zShift: 2.15186 energy: 5.77641
MCReject   xShift: 8.02864 crossingAngle: -37.7011 axialRotation: -5.41921 zShift: 2.15186 energy: 5.77641
MCReject   xShift: 8.01304 crossingAngle: -37.7011 axialRotation: -5.41921 zShift: 2.15186 energy: 5.7161
MCReject   xShift: 8.02792 crossingAngle: -37.7011 axialRotation: -5.41921 zShift: 2.15186 energy: 5.77641
MCReject   xShift: 8.03453 crossingAngle: -37.7011 axialRotation: -5.56117 zShift: 2.15186 energy: 5.7161
MCReject   xShift: 8.03453 crossingAngle: -37.7011 axialRotation: -5.4635 zShift: 2.15186 energy: 5.7161
MCReject   xShift: 8.03453 crossingAngle: -37.7011 axialRotation: -5.37799 zShift: 2.15186 energy: 5.7161
MCAccept 50 xShift: 8.0321 crossingAngle: -37.7011 axialRotation: -5.41921 zShift: 2.15186 energy: -3.13083
MCReject   xShift: 8.03129 crossingAngle: -37.7011 axialRotation: -5.41921 zShift: 2.15186 energy: -0.766307
MCAccept 51 xShift: 8.0321 crossingAngle: -37.6916 axialRotation: -5.41921 zShift: 2.15186 energy: -3.13083
MCReject   xShift: 8.0321 crossingAngle: -37.6916 axialRotation: -5.33851 zShift: 2.15186 energy: 5.7161
MCReject   xShift: 8.0321 crossingAngle: -37.6094 axialRotation: -5.41921 zShift: 2.15186 energy: -2.77641
MCReject   xShift: 8.02973 crossingAngle: -37.6916 axialRotation: -5.41921 zShift: 2.15186 energy: 5.7161
MCReject   xShift: 8.0321 crossingAngle: -37.6916 axialRotation: -5.41921 zShift: 2.15858 energy: 5.70958
MCReject   xShift: 8.0321 crossingAngle: -37.6916 axialRotation: -5.40732 zShift: 2.15186 energy: -2.77641
MCReject   xShift: 8.0321 crossingAngle: -37.6916 axialRotation: -5.46455 zShift: 2.15186 energy: -0.855268
MCReject   xShift: 8.0321 crossingAngle: -37.6916 axialRotation: -5.41921 zShift: 2.14836 energy: 1.32856
MCReject   xShift: 8.04387 crossingAngle: -37.6916 axialRotation: -5.41921 zShift: 2.15186 energy: 5.7161
MCReject   xShift: 8.0321 crossingAngle: -37.6916 axialRotation: -5.43717 zShift: 2.15186 energy: -0.68903
MCAccept 52 xShift: 8.0321 crossingAngle: -37.5014 axialRotation: -5.41921 zShift: 2.15186 energy: -3.13083
MCReject   xShift: 8.0321 crossingAngle: -37.5014 axialRotation: -5.50058 zShift: 2.15186 energy: -0.76748
MCReject   xShift: 8.03957 crossingAngle: -37.5014 axialRotation: -5.41921 zShift: 2.15186 energy: 5.77641
MCReject   xShift: 8.0321 crossingAngle: -37.5014 axialRotation: -5.41921 zShift: 2.14442 energy: -0.47316
MCReject   xShift: 8.0321 crossingAngle: -37.5942 axialRotation: -5.41921 zShift: 2.15186 energy: 5.77641
MCReject   xShift: 8.0321 crossingAngle: -37.4302 axialRotation: -5.41921 zShift: 2.15186 energy: 5.77641
MCReject   xShift: 8.0321 crossingAngle: -37.5014 axialRotation: -5.41921 zShift: 2.14094 energy: 5.72877
MCReject   xShift: 8.0321 crossingAngle: -37.4433 axialRotation: -5.41921 zShift: 2.15186 energy: -2.77641
MCReject   xShift: 8.03366 crossingAngle: -37.5014 axialRotation: -5.41921 zShift: 2.15186 energy: -0.855268
MCReject   xShift: 8.0321 crossingAngle: -37.5568 axialRotation: -5.41921 zShift: 2.15186 energy: 5.77641
MCReject   xShift: 8.0321 crossingAngle: -37.5014 axialRotation: -5.41921 zShift: 2.13851 energy: -2.57272
MCReject   xShift: 8.0321 crossingAngle: -37.569 axialRotation: -5.41921 zShift: 2.15186 energy: 5.77641
MCReject   xShift: 8.0321 crossingAngle: -37.5014 axialRotation: -5.38215 zShift: 2.15186 energy: -1.10469
MCReject   xShift: 8.0321 crossingAngle: -37.7323 axialRotation: -5.41921 zShift: 2.15186 energy: -0.43875
MCReject   xShift: 8.0321 crossingAngle: -37.7291 axialRotation: -5.41921 zShift: 2.15186 energy: -0.485756
MCReject   xShift: 8.0321 crossingAngle: -37.609 axialRotation: -5.41921 zShift: 2.15186 energy: 5.7161
MCReject   xShift: 8.0321 crossingAngle: -37.3448 axialRotation: -5.41921 zShift: 2.15186 energy: 5.7161
MCReject   xShift: 8.0321 crossingAngle: -37.5014 axialRotation: -5.41921 zShift: 2.1454 energy: 5.72327
MCReject   xShift: 8.0321 crossingAngle: -37.5133 axialRotation: -5.41921 zShift: 2.15186 energy: -0.855268
MCReject   xShift: 8.0321 crossingAngle: -37.5493 axialRotation: -5.41921 zShift: 2.15186 energy: -0.766307
MCReject   xShift: 8.0321 crossingAngle: -37.5014 axialRotation: -5.41921 zShift: 2.161 energy: 7.18972
MCAccept 53 xShift: 8.0321 crossingAngle: -37.2997 axialRotation: -5.41921 zShift: 2.15186 energy: -3.13083
MCAccept 54 xShift: 8.0321 crossingAngle: -37.3755 axialRotation: -5.41921 zShift: 2.15186 energy: -3.13083
MCReject   xShift: 8.0335 crossingAngle: -37.3755 axialRotation: -5.41921 zShift: 2.15186 energy: -2.77641
MCReject   xShift: 8.0321 crossingAngle: -37.3755 axialRotation: -5.49324 zShift: 2.15186 energy: 5.77641
MCReject   xShift: 8.03485 crossingAngle: -37.3755 axialRotation: -5.41921 zShift: 2.15186 energy: -0.76748
MCReject   xShift: 8.0321 crossingAngle: -37.3755 axialRotation: -5.41921 zShift: 2.1571 energy: 7.21617
MCReject   xShift: 8.0321 crossingAngle: -37.3755 axialRotation: -5.30981 zShift: 2.15186 energy: 5.7161
MCReject   xShift: 8.0321 crossingAngle: -37.3755 axialRotation: -5.43751 zShift: 2.15186 energy: -0.855268
MCReject   xShift: 8.0321 crossingAngle: -37.3976 axialRotation: -5.41921 zShift: 2.15186 energy: 5.7161
MCReject   xShift: 8.0321 crossingAngle: -37.3755 axialRotation: -5.43632 zShift: 2.15186 energy: -2.77641
MCReject   xShift: 8.0321 crossingAngle: -37.3755 axialRotation: -5.41921 zShift: 2.14625 energy: 5.72228
MCReject   xShift: 8.0321 crossingAngle: -37.2978 axialRotation: -5.41921 zShift: 2.15186 energy: 7.22079
MCReject   xShift: 8.04524 crossingAngle: -37.3755 axialRotation: -5.41921 zShift: 2.15186 energy: 6.48511
MCReject   xShift: 8.0321 crossingAngle: -37.3755 axialRotation: -5.43484 zShift: 2.15186 energy: 7.22079
MCReject   xShift: 8.01317 crossingAngle: -37.3755 axialRotation: -5.41921 zShift: 2.15186 energy: 6.48511
MCReject   xShift: 8.0321 crossingAngle: -37.3755 axialRotation: -5.41921 zShift: 2.15053 energy: -0.06635
MCReject   xShift: 8.0321 crossingAngle: -37.3755 axialRotation: -5.41921 zShift: 2.13756 energy: -0.796782
MCReject   xShift: 8.0321 crossingAngle: -37.3727 axialRotation: -5.41921 zShift: 2.15186 energy: -1.10469
MCReject   xShift: 8.0321 crossingAngle: -37.3755 axialRotation: -5.41921 zShift: 2.15464 energy: -2.89197
MCReject   xShift: 8.04267 crossingAngle: -37.3755 axialRotation: -5.41921 zShift: 2.15186 energy: -0.43875
MCAccept 55 xShift: 8.0321 crossingAngle: -37.5331 axialRotation: -5.41921 zShift: 2.15186 energy: -3.132
MCReject   xShift: 8.0321 crossingAngle: -37.4656 axialRotation: -5.41921 zShift: 2.15186 energy: 5.7161
MCReject   xShift: 8.0321 crossingAngle: -37.5504 axialRotation: -5.41921 zShift: 2.15186 energy: 5.7161
MCReject   xShift: 8.02714 crossingAngle: -37.5331 axialRotation: -5.41921 zShift: 2.15186 energy: -1.10469
MCReject   xShift: 8.0321 crossingAngle: -37.5331 axialRotation: -5.41482 zShift: 2.15186 energy: 5.7161
MCReject   xShift: 8.01406 crossingAngle: -37.5331 axialRotation: -5.41921 zShift: 2.15186 energy: 8.05197
MCReject   xShift: 8.0321 crossingAngle: -37.5331 axialRotation: -5.26627 zShift: 2.15186 energy: -0.766307
MCAccept 56 xShift: 8.0321 crossingAngle: -37.5331 axialRotation: -5.52252 zShift: 2.15186 energy: -3.132
MCReject   xShift: 8.0321 crossingAngle: -37.5331 axialRotation: -5.45234 zShift: 2.15186 energy: 5.7161
MCAccept 57 xShift: 8.05055 crossingAngle: -37.5331 axialRotation: -5.52252 zShift: 2.15186 energy: -3.13083
MCAccept 58 xShift: 8.05055 crossingAngle: -37.5331 axialRotation: -5.54189 zShift: 2.15186 energy: -3.13083
MCReject   xShift: 8.05055 crossingAngle: -37.3742 axialRotation: -5.54189 zShift: 2.15186 energy: 6.48511
MCAccept 59 xShift: 8.05055 crossingAngle: -37.356 axialRotation: -5.54189 zShift: 2.15186 energy: -3.132
MCReject   xShift: 8.05055 crossingAngle: -37.356 axialRotation: -5.52419 zShift: 2.15186 energy: -2.85028
MCAccept 60 xShift: 8.05055 crossingAngle: -37.4097 axialRotation: -5.54189 zShift: 2.15186 energy: -3.13083
MCReject   xShift: 8.05055 crossingAngle: -37.5275 axialRotation: -5.54189 zShift: 2.15186 energy: -2.77641
MCReject   xShift: 8.05055 crossingAngle: -37.4097 axialRotation: -5.4995 zShift: 2.15186 energy: -2.85028
MCReject   xShift: 8.05055 crossingAngle: -37.4097 axialRotation: -5.54189 zShift: 2.1319 energy: 7.31877
MCAccept 61 xShift: 8.05055 crossingAngle: -37.4571 axialRotation: -5.54189 zShift: 2.15186 energy: -3.13083
MCReject   xShift: 8.05055 crossingAngle: -37.4571 axialRotation: -5.54189 zShift: 2.14424 energy: -0.722316
MCReject   xShift: 8.05055 crossingAngle: -37.4571 axialRotation: -5.54294 zShift: 2.15186 energy: -0.68903
MCReject   xShift: 8.05055 crossingAngle: -37.4571 axialRotation: -5.23438 zShift: 2.15186 energy: 5.77641
MCReject   xShift: 8.05055 crossingAngle: -37.4571 axialRotation: -5.54189 zShift: 2.14776 energy: -3.10028
MCReject   xShift: 8.05568 crossingAngle: -37.4571 axialRotation: -5.54189 zShift: 2.15186 energy: 7.22079
MCAccept 62 xShift: 8.05055 crossingAngle: -37.4571 axialRotation: -5.42362 zShift: 2.15186 energy: -3.132
MCReject   xShift: 8.03927 crossingAngle: -37.4571 axialRotation: -5.42362 zShift: 2.15186 energy: -0.855268
MCReject   xShift: 8.05055 crossingAngle: -37.4571 axialRotation: -5.42362 zShift: 2.14262 energy: -2.70984
MCReject   xShift: 8.05055 crossingAngle: -37.3958 axialRotation: -5.42362 zShift: 2.15186 energy: -0.504643
MCAccept 63 xShift: 8.06549 crossingAngle: -37.4571 axialRotation: -5.42362 zShift: 2.15186 energy: -3.13083
MCReject   xShift: 8.06549 crossingAngle: -37.4621 axialRotation: -5.42362 zShift: 2.15186 energy: -0.68903
MCReject   xShift: 8.06549 crossingAngle: -37.4571 axialRotation: -5.42362 zShift: 2.14052 energy: -2.60383
MCReject   xShift: 8.06549 crossingAngle: -37.3401 axialRotation: -5.42362 zShift: 2.15186 energy: -2.77641
MCAccept 64 xShift: 8.06549 crossingAngle: -37.4571 axialRotation: -5.42362 zShift: 2.16162 energy: -3.20238
MCReject   xShift: 8.06549 crossingAngle: -37.4571 axialRotation: -5.42362 zShift: 2.15622 energy: 6.5759
MCAccept 65 xShift: 8.06549 crossingAngle: -37.5923 axialRotation: -5.42362 zShift: 2.16162 energy: -3.20238
MCAccept 66 xShift: 8.06665 crossingAngle: -37.5923 axialRotation: -5.42362 zShift: 2.16162 energy: -3.20356
MCReject   xShift: 8.05552 crossingAngle: -37.5923 axialRotation: -5.42362 zShift: 2.16162 energy: 5.76732
MCReject   xShift: 8.06665 crossingAngle: -37.6985 axialRotation: -5.42362 zShift: 2.16162 energy: -2.92129
MCReject   xShift: 8.06614 crossingAngle: -37.5923 axialRotation: -5.42362 zShift: 2.16162 energy: -1.23048
MCReject   xShift: 8.06665 crossingAngle: -37.5923 axialRotation: -5.42362 zShift: 2.17774 energy: -0.910629
MCReject   xShift: 8.06665 crossingAngle: -37.5923 axialRotation: -5.42038 zShift: 2.16162 energy: -0.969136
MCReject   xShift: 8.06665 crossingAngle: -37.7587 axialRotation: -5.42362 zShift: 2.16162 energy: -0.911593
MCReject   xShift: 8.06665 crossingAngle: -37.5923 axialRotation: -5.42362 zShift: 2.15668 energy: -3.16642
MCAccept 67 xShift: 8.06665 crossingAngle: -37.6957 axialRotation: -5.42362 zShift: 2.16162 energy: -3.20238
MCReject   xShift: 8.07161 crossingAngle: -37.6957 axialRotation: -5.42362 zShift: 2.16162 energy: -2.99532
MCReject   xShift: 8.06665 crossingAngle: -37.6957 axialRotation: -5.40522 zShift: 2.16162 energy: 7.69051
MCReject   xShift: 8.06665 crossingAngle: -37.8132 axialRotation: -5.42362 zShift: 2.16162 energy: 5.70696
MCReject   xShift: 8.06665 crossingAngle: -37.6957 axialRotation: -5.42362 zShift: 2.17223 energy: 5.75978
MCAccept 68 xShift: 8.08382 crossingAngle: -37.6957 axialRotation: -5.42362 zShift: 2.16162 energy: -3.20356
MCReject   xShift: 8.08382 crossingAngle: -37.6957 axialRotation: -5.5129 zShift: 2.16162 energy: 6.6106
MCReject   xShift: 8.08382 crossingAngle: -37.6957 axialRotation: -5.58673 zShift: 2.16162 energy: 5.70696
MCReject   xShift: 8.08382 crossingAngle: -37.6957 axialRotation: -5.59356 zShift: 2.16162 energy: -1.30876
MCReject   xShift: 8.06061 crossingAngle: -37.6957 axialRotation: -5.42362 zShift: 2.16162 energy: 5.76732
MCReject   xShift: 8.07714 crossingAngle: -37.6957 axialRotation: -5.42362 zShift: 2.16162 energy: 5.70696
MCReject   xShift: 8.08382 crossingAngle: -37.6957 axialRotation: -5.42362 zShift: 2.15971 energy: 5.76894
MCReject   xShift: 8.08382 crossingAngle: -37.6957 axialRotation: -5.42362 zShift: 2.15484 energy: -2.89496
MCReject   xShift: 8.08382 crossingAngle: -37.6508 axialRotation: -5.42362 zShift: 2.16162 energy: 5.76732
MCReject   xShift: 8.08382 crossingAngle: -37.6957 axialRotation: -5.3352 zShift: 2.16162 energy: -2.92129
MCReject   xShift: 8.10168 crossingAngle: -37.6957 axialRotation: -5.42362 zShift: 2.16162 energy: -0.911593
MCReject   xShift: 8.09083 crossingAngle: -37.6957 axialRotation: -5.42362 zShift: 2.16162 energy: -0.969136
MCReject   xShift: 8.07942 crossingAngle: -37.6957 axialRotation: -5.42362 zShift: 2.16162 energy: 1.39789
MCAccept 69 xShift: 8.08382 crossingAngle: -37.6949 axialRotation: -5.42362 zShift: 2.16162 energy: -3.20238
MCReject   xShift: 8.08382 crossingAngle: -37.6949 axialRotation: -5.59172 zShift: 2.16162 energy: 6.6106
MCReject   xShift: 8.08382 crossingAngle: -37.8455 axialRotation: -5.42362 zShift: 2.16162 energy: -0.541107
MCReject   xShift: 8.06635 crossingAngle: -37.6949 axialRotation: -5.42362 zShift: 2.16162 energy: 5.70696
MCReject   xShift: 8.08382 crossingAngle: -37.6949 axialRotation: -5.35146 zShift: 2.16162 energy: 5.70696
MCReject   xShift: 8.10961 crossingAngle: -37.6949 axialRotation: -5.42362 zShift: 2.16162 energy: 5.76732
MCReject   xShift: 8.08382 crossingAngle: -37.6949 axialRotation: -5.42362 zShift: 2.15623 energy: 7.75291
MCReject   xShift: 8.08382 crossingAngle: -37.6949 axialRotation: -5.44906 zShift: 2.16162 energy: -0.966328
MCReject   xShift: 8.08382 crossingAngle: -37.6949 axialRotation: -5.67979 zShift: 2.16162 energy: -1.23048
MCReject   xShift: 8.08382 crossingAngle: -37.6949 axialRotation: -5.52525 zShift: 2.16162 energy: -2.92129
MCReject   xShift: 8.0855 crossingAngle: -37.6949 axialRotation: -5.42362 zShift: 2.16162 energy: -2.92129
MCAccept 70 xShift: 8.08382 crossingAngle: -37.7695 axialRotation: -5.42362 zShift: 2.16162 energy: -3.20356
MCReject   xShift: 8.08382 crossingAngle: -37.9828 axialRotation: -5.42362 zShift: 2.16162 energy: -1.30876
MCReject   xShift: 8.09793 crossingAngle: -37.7695 axialRotation: -5.42362 zShift: 2.16162 energy: 1.32165
MCReject   xShift: 8.07789 crossingAngle: -37.7695 axialRotation: -5.42362 zShift: 2.16162 energy: -0.823373
MCReject   xShift: 8.08382 crossingAngle: -37.7695 axialRotation: -5.42362 zShift: 2.14254 energy: 7.25738
MCReject   xShift: 8.08265 crossingAngle: -37.7695 axialRotation: -5.42362 zShift: 2.16162 energy: 5.70696
MCReject   xShift: 8.09403 crossingAngle: -37.7695 axialRotation: -5.42362 zShift: 2.16162 energy: 6.6106
MCReject   xShift: 8.08382 crossingAngle: -37.7272 axialRotation: -5.42362 zShift: 2.16162 energy: -1.30876
MCReject   xShift: 8.08382 crossingAngle: -37.7695 axialRotation: -5.15925 zShift: 2.16162 energy: 5.70696
MCReject   xShift: 8.08382 crossingAngle: -37.7695 axialRotation: -5.42362 zShift: 2.16151 energy: -0.912168
MCReject   xShift: 8.08382 crossingAngle: -37.7695 axialRotation: -5.52605 zShift: 2.16162 energy: -3.20238
MCReject   xShift: 8.08382 crossingAngle: -37.7695 axialRotation: -5.42362 zShift: 2.13549 energy: 5.73605
MCReject   xShift: 8.08382 crossingAngle: -37.7695 axialRotation: -5.42362 zShift: 2.14461 energy: -3.07779
MCReject   xShift: 8.08382 crossingAngle: -37.7947 axialRotation: -5.42362 zShift: 2.16162 energy: -1.30876
MCReject   xShift: 8.09374 crossingAngle: -37.7695 axialRotation: -5.42362 zShift: 2.16162 energy: -3.20238
MCAccept 71 xShift: 8.08382 crossingAngle: -37.7695 axialRotation: -5.30227 zShift: 2.16162 energy: -3.20356
MCReject   xShift: 8.08276 crossingAngle: -37.7695 axialRotation: -5.30227 zShift: 2.16162 energy: 1.32445
MCReject   xShift: 8.08382 crossingAngle: -37.7695 axialRotation: -5.17836 zShift: 2.16162 energy: 5.76732
MCReject   xShift: 8.08382 crossingAngle: -37.9674 axialRotation: -5.30227 zShift: 2.16162 energy: -2.99532
MCReject   xShift: 8.08382 crossingAngle: -37.706 axialRotation: -5.30227 zShift: 2.16162 energy: -2.92129
MCReject   xShift: 8.0765 crossingAngle: -37.7695 axialRotation: -5.30227 zShift: 2.16162 energy: 5.70696
MCReject   xShift: 8.08382 crossingAngle: -37.7052 axialRotation: -5.30227 zShift: 2.16162 energy: -0.823373
MCReject   xShift: 8.08382 crossingAngle: -37.772 axialRotation: -5.30227 zShift: 2.16162 energy: 5.76732
MCReject   xShift: 8.08382 crossingAngle: -37.7695 axialRotation: -5.30227 zShift: 2.15191 energy: -2.77717
MCReject   xShift: 8.08382 crossingAngle: -37.7946 axialRotation: -5.30227 zShift: 2.16162 energy: -1.23048
MCReject   xShift: 8.08382 crossingAngle: -37.7695 axialRotation: -5.40609 zShift: 2.16162 energy: -1.23048
MCAccept 72 xShift: 8.08382 crossingAngle: -37.7695 axialRotation: -5.30227 zShift: 2.17585 energy: -3.30474
MCReject   xShift: 8.08382 crossingAngle: -37.7695 axialRotation: -5.14331 zShift: 2.17585 energy: -0.88645
MCReject   xShift: 8.08382 crossingAngle: -37.6138 axialRotation: -5.30227 zShift: 2.17585 energy: -0.88645
MCReject   xShift: 8.08382 crossingAngle: -37.7695 axialRotation: -5.30227 zShift: 2.20273 energy: -2.03469
MCAccept 73 xShift: 8.08382 crossingAngle: -37.7695 axialRotation: -5.26461 zShift: 2.17585 energy: -3.30474
Energy #0: -3.30474
***GEOMETRY SHIFT***
xShift;        Before: 8.04; After: 8.08382
crossingAngle; Before: -38.91; After: -37.7695
axialRotation; Before: -5.24; After: -5.26461
zShift;        Before: 2.13; After: 2.17585
Energy;        Before: 2.126e+07; After: -3.30474

Completed all cycles. Accepted 74/353
Monte Carlo repack complete. Time: 170.267min

