***STARTING GEOMETRY:***
xShift: 8.08382
crossingAngle: -37.7695
axialRotation: -5.26461
zShift: 2.17585

Number of MCCycles: 200
PrevSequence	CurrSequence	PrevEnergy	CurrEnergy	PrevEntropy	CurrEntropy	CurrentTemp
LLLGYLLTGLLTGLLTTLILI	LLLGYLLTGLLYGLLTTLILI	-6.17185	-5.47321	0.538845	0.30482	999.847
LLLGYLLTGLLYGLLTTLILI	LLLGYLLTGLLYGLLTSLILI	-4.91203	-2.9173	0.865998	0.155943	999.684
LLLGYLLTGLLYGLLTSLILI	LLLYYLLTGLLYGLLTSLILI	-2.80377	-2.95852	0.269472	0.595564	999.512
LLLYYLLTGLLYGLLTSLILI	LLLGYLLTGLLYGLLTSLILI	-2.95852	-2.80377	0.595564	0.269472	999.328
LLLGYLLTGLLYGLLTSLILI	LLLGYLLTGLLYGLLTTLILI	-2.9173	-5.5034	0.155943	0.865998	999.134
LLLGYLLTGLLYGLLTTLILI	LLLGYLLTGLLTGLLTTLILI	-6.06458	-7.11666	0.30482	0.538845	998.708
LLLGYLLTGLLTGLLTTLILI	LLLGYLLTGLLYGLLTTLILI	-7.11666	-4.13733	0.538845	0.30482	998.476
LLLGYLLTGLLYGLLTTLILI	LLLGYLLTGLLTGLLTTLILI	-4.13733	-5.18941	0.30482	0.538845	998.229
LLLGYLLTGLLTGLLTTLILI	LLLGTLLTGLLTGLLTTLILI	-5.58704	-0.985439	0.141213	0.917682	997.967
LLLGTLLTGLLTGLLTTLILI	LLLGTLLYGLLTGLLTTLILI	-0.985439	1.71613	0.917682	0.141213	997.689
LLLGTLLYGLLTGLLTTLILI	LLLYTLLYGLLTGLLTTLILI	1.94379	1.21174	0.368877	0.454934	997.394
LLLYTLLYGLLTGLLTTLILI	LLLYTLLTGLLTGLLTTLILI	1.01195	-0.147479	0.255144	0.62127	997.081
LLLYTLLTGLLTGLLTTLILI	LLLYYLLTGLLTGLLTTLILI	-0.147479	-7.87797	0.62127	0.255144	996.749
LLLYYLLTGLLTGLLTTLILI	LLLGYLLTGLLTGLLTTLILI	-7.67818	-7.11797	0.454934	0.368877	996.023
LLLGYLLTGLLTGLLTTLILI	LLLGYLLTGLLTGLLTSLILI	-6.48585	-4.24197	1.001	0.120637	995.626
LLLGYLLTGLLTGLLTSLILI	LLLYYLLTGLLTGLLTSLILI	-3.99373	-4.38409	0.368877	0.454934	994.758
LLLYYLLTGLLTGLLTSLILI	LLLGYLLTGLLTGLLTSLILI	-4.38409	-3.99373	0.454934	0.368877	994.285
LLLGYLLTGLLTGLLTSLILI	LLLGYLLTGLLTGLLTALILI	-3.72039	-2.98864	0.642213	0.244161	993.782
LLLGYLLTGLLTGLLTALILI	LLLGYLLTGLLTGLLTTLILI	-3.16815	-4.61535	0.064646	1.34306	993.249
LLLGYLLTGLLTGLLTTLILI	LLLGYLLTGLLYGLLTTLILI	-5.41956	-5.89592	0.538845	0.30482	992.683
LLLGYLLTGLLYGLLTTLILI	LLLGYLLTGLLTGLLTTLILI	-5.89592	-7.11666	0.30482	0.538845	992.084
LLLGYLLTGLLTGLLTTLILI	LLLGYLLTGLLYGLLTTLILI	-7.11666	-4.28893	0.538845	0.30482	990.058
LLLGYLLTGLLYGLLTTLILI	LLLGYLLTGLLYGLLTSLILI	-3.72775	-2.9173	0.865998	0.155943	989.3
LLLGYLLTGLLYGLLTSLILI	LLLYYLLTGLLYGLLTSLILI	-2.80377	-2.95852	0.269472	0.595564	988.496
LLLYYLLTGLLYGLLTSLILI	LLLYYLLTGLLYGLLTTLILI	-3.39814	-5.98424	0.155943	0.865998	987.644
LLLYYLLTGLLYGLLTTLILI	LLLGYLLTGLLYGLLTTLILI	-6.25468	-5.93127	0.595564	0.269472	986.74
LLLGYLLTGLLYGLLTTLILI	LLLGYLLTGLLYGLLTSLILI	-5.33474	-2.9173	0.865998	0.155943	985.783
LLLGYLLTGLLYGLLTSLILI	LLLYYLLTGLLYGLLTSLILI	-2.80377	-2.95852	0.269472	0.595564	984.769
LLLYYLLTGLLYGLLTSLILI	LLLYYLLTGLLYGLLTTLILI	-3.39814	-4.05982	0.155943	0.865998	983.694
LLLYYLLTGLLYGLLTTLILI	LLLGYLLTGLLYGLLTTLILI	-4.33025	-4.1755	0.595564	0.269472	982.555
LLLGYLLTGLLYGLLTTLILI	LLLGYLLTGLLTGLLTTLILI	-4.14015	-7.02227	0.30482	0.538845	981.348
LLLGYLLTGLLTGLLTTLILI	LLLGYLLIGLLTGLLTTLILI	-6.30592	-1.69145	1.2552	0.0756774	980.071
LLLGYLLIGLLTGLLTTLILI	LLLTYLLIGLLTGLLTTLILI	-1.49545	-0.846574	0.271676	0.591758	977.285
LLLTYLLIGLLTGLLTTLILI	LLLTYLLIGLLTGLLTSLILI	-0.437332	1.97521	1.001	0.120637	975.768
LLLTYLLIGLLTGLLTSLILI	LLLTYLLTGLLTGLLTSLILI	1.93025	-2.93494	0.0756774	1.2552	974.162
LLLTYLLTGLLTGLLTSLILI	LLLTYLLVGLLTGLLTSLILI	-2.9138	-0.0795862	1.27634	0.0728516	972.463
LLLTYLLVGLLTGLLTSLILI	LLLTYLLVGLLTGLLTTLILI	-0.0318005	-0.517094	0.120637	1.001	970.666
LLLTYLLVGLLTGLLTTLILI	LLLTYLLVGLLTGLLTSLILI	-0.517094	-0.0318005	1.001	0.120637	968.764
LLLTYLLVGLLTGLLTSLILI	LLLTYLLVGLLTGLLTTLILI	-0.0318005	-2.44554	0.120637	1.001	966.754
LLLTYLLVGLLTGLLTTLILI	LLLGYLLVGLLTGLLTTLILI	-2.85478	-3.31816	0.591758	0.271676	964.627
LLLGYLLVGLLTGLLTTLILI	LLLGYLLVGLLIGLLTTLILI	-2.48173	0.848137	1.10811	0.098896	962.38
LLLGYLLVGLLIGLLTTLILI	LLLGYLLTGLLIGLLTTLILI	0.844512	-1.91998	0.0952708	1.12845	957.496
LLLGYLLTGLLIGLLTTLILI	LLLYYLLTGLLIGLLTTLILI	-2.67956	-1.46429	0.368877	0.454934	954.846
LLLYYLLTGLLIGLLTTLILI	LLLYYLLTGLLTGLLTTLILI	-1.84355	-4.9523	0.0756774	1.2552	952.048
LLLYYLLTGLLTGLLTTLILI	LLLYYLLTGLLTGLLTSLILI	-5.2065	-4.71839	1.001	0.120637	949.095
LLLYYLLTGLLTGLLTSLILI	LLLYYLLTGLLTGLLTTLILI	-4.71839	-7.13093	0.120637	1.001	945.979
LLLYYLLTGLLTGLLTTLILI	LLLYYLLVGLLTGLLTTLILI	-6.85558	-3.88184	1.27634	0.0728516	942.693
LLLYYLLVGLLTGLLTTLILI	LLLYYLLTGLLTGLLTTLILI	-3.88184	-4.93116	0.0728516	1.27634	935.578
LLLYYLLTGLLTGLLTTLILI	LLLFYLLTGLLTGLLTTLILI	-5.25471	-3.55641	0.952787	0.132101	931.732
LLLFYLLTGLLTGLLTTLILI	LLLTYLLTGLLTGLLTTLILI	-3.6137	-6.22142	0.0748068	1.26162	927.683
LLLTYLLTGLLTGLLTTLILI	LLLTTLLTGLLTGLLTTLILI	-7.36315	0.972008	0.119894	1.0043	923.422
LLLTTLLTGLLTGLLTTLILI	LLLTTLLVGLLTGLLTTLILI	1.46078	2.15282	1.49307	0.0495498	918.939
LLLTTLLVGLLTGLLTTLILI	LLLGTLLVGLLTGLLTTLILI	2.78187	1.97932	0.678597	0.226415	914.227
LLLGTLLVGLLTGLLTTLILI	LLLGYLLVGLLTGLLTTLILI	2.56909	0.809806	0.816184	0.171816	904.077
LLLGYLLVGLLTGLLTTLILI	LLLYYLLVGLLTGLLTTLILI	1.00687	-3.59414	0.368877	0.454934	898.621
LLLYYLLVGLLTGLLTTLILI	LLLGYLLVGLLTGLLTTLILI	-3.59414	-3.39081	0.454934	0.368877	892.899
LLLGYLLVGLLTGLLTTLILI	LLLGYLLTGLLTGLLTTLILI	-3.68683	-4.45474	0.0728516	1.27634	886.903
LLLGYLLTGLLTGLLTTLILI	LLLGYLLVGLLTGLLTTLILI	-4.45474	-3.59126	1.27634	0.0728516	880.623
LLLGYLLVGLLTGLLTTLILI	LLLGYLLVGLLTGLLTSLILI	-2.79811	-0.30964	0.865998	0.155943	874.051
LLLGYLLVGLLTGLLTSLILI	LLLYYLLVGLLTGLLTSLILI	-0.0967059	-0.301232	0.368877	0.454934	867.179
LLLYYLLVGLLTGLLTSLILI	LLLYYLLVGLLTGLLTTLILI	-0.600222	-1.48598	0.155943	0.865998	859.999
LLLYYLLVGLLTGLLTTLILI	LLLGYLLVGLLTGLLTTLILI	-1.89704	-1.46519	0.454934	0.368877	852.504
LLLGYLLVGLLTGLLTTLILI	LLLYYLLVGLLTGLLTTLILI	-1.46519	-3.59533	0.368877	0.454934	844.686
LLLYYLLVGLLTGLLTTLILI	LLLYYLLTGLLTGLLTTLILI	-3.97742	-4.93116	0.0728516	1.27634	836.541
LLLYYLLTGLLTGLLTTLILI	LLLYYLLTGLLTGLLVTLILI	-4.93116	-2.26	1.27634	0.0728516	828.061
LLLYYLLTGLLTGLLVTLILI	LLLYYLLTGLLTGLLTTLILI	-2.26	-5.15848	0.0728516	1.27634	819.243
LLLYYLLTGLLTGLLTTLILI	LLLYYLLTGLLIGLLTTLILI	-5.17963	-3.37238	1.2552	0.0756774	810.083
LLLYYLLTGLLIGLLTTLILI	LLLYYLLTGLLIGLLTALILI	-2.25524	0.889665	1.19282	0.0847157	800.577
LLLYYLLTGLLIGLLTALILI	LLLYYLLTGLLIGLLTTLILI	0.889665	-0.726401	0.0847157	1.19282	790.724
LLLYYLLTGLLIGLLTTLILI	LLLYYLLTGLLIGLLLTLILI	-1.07008	0.853699	0.849143	0.161118	780.523
LLLYYLLTGLLIGLLLTLILI	LLLYYLLTGLLIGLLTTLILI	0.853699	1.55993	0.161118	0.849143	769.974
LLLYYLLTGLLIGLLTTLILI	LLLTYLLTGLLIGLLTTLILI	1.0156	-0.655743	0.30482	0.538845	759.081
LLLTYLLTGLLIGLLTTLILI	LLLAYLLTGLLIGLLTTLILI	0.148472	-0.747743	1.34306	0.064646	747.845
LLLAYLLTGLLIGLLTTLILI	LLLAYLLTGLLTGLLTTLILI	-0.736712	-4.07003	0.0756774	1.2552	736.272
LLLAYLLTGLLTGLLTTLILI	LLLYYLLTGLLTGLLTTLILI	-5.2316	-6.99392	0.0936181	1.13801	724.369
LLLYYLLTGLLTGLLTTLILI	LLLYYLLTGLLTGLLTSLILI	-7.13093	-4.71839	1.001	0.120637	712.142
LLLYYLLTGLLTGLLTSLILI	LLLYYLLTGLLTGLLTTLILI	-4.71839	-5.20367	0.120637	1.001	699.602
LLLYYLLTGLLTGLLTTLILI	LLLGYLLTGLLTGLLTTLILI	-5.74974	-5.58953	0.454934	0.368877	686.76
LLLGYLLTGLLTGLLTTLILI	LLLGYLLTGLLYGLLTTLILI	-5.41956	-4.13733	0.538845	0.30482	673.628
LLLGYLLTGLLYGLLTTLILI	LLLTYLLTGLLYGLLTTLILI	-4.17047	-5.61338	0.271676	0.591758	660.222
LLLTYLLTGLLYGLLTTLILI	LLLYYLLTGLLYGLLTTLILI	-5.79779	-6.43689	0.407346	0.413356	646.557
LLLYYLLTGLLYGLLTTLILI	LLLYYLLTGLLTGLLTTLILI	-6.43689	-6.02748	0.413356	0.407346	632.651
LLLYYLLTGLLTGLLTTLILI	LLLYYLLTGLLTGLLTSLILI	-5.43382	-4.71839	1.001	0.120637	618.524
LLLYYLLTGLLTGLLTSLILI	LLLYYLLTGLLTGLLTTLILI	-4.71839	-6.96226	0.120637	1.001	604.196
LLLYYLLTGLLTGLLTTLILI	LLLYYLLTGLLTGLLTSLILI	-6.96226	-4.71839	1.001	0.120637	589.688
LLLYYLLTGLLTGLLTSLILI	LLLYYLLTGLLTGLLVSLILI	-3.71057	-1.21886	1.12845	0.0952708	575.025
LLLYYLLTGLLTGLLVSLILI	LLLYYLLTGLLYGLLVSLILI	-1.07609	0.68251	0.238039	0.654392	560.23
LLLYYLLTGLLYGLLVSLILI	LLLYYLLTGLLYGLLVTLILI	0.248922	-0.0774445	0.220804	0.690823	545.329
LLLYYLLTGLLYGLLVTLILI	LLLYYLLTGLLFGLLVTLILI	0.383711	-0.36641	1.15198	0.0912572	530.348
LLLYYLLTGLLFGLLVTLILI	LLLGYLLTGLLFGLLVTLILI	-0.00273382	0.297394	0.454934	0.368877	515.312
LLLGYLLTGLLFGLLVTLILI	LLLGYLLTGLLTGLLVTLILI	0.0484112	-0.773593	0.119894	1.0043	485.188
LLLGYLLTGLLTGLLVTLILI	LLLGYLLTGLLYGLLVTLILI	-1.33483	-1.81096	0.443059	0.379341	470.152
LLLGYLLTGLLYGLLVTLILI	LLLGYLLTGLLTGLLVTLILI	-1.81096	-1.1906	0.379341	0.443059	455.171
LLLGYLLTGLLTGLLVTLILI	LLLYYLLTGLLTGLLVTLILI	-1.26479	-1.65233	0.368877	0.454934	440.27
LLLYYLLTGLLTGLLVTLILI	LLLGYLLTGLLTGLLVTLILI	-1.65233	-1.48756	0.454934	0.368877	425.475
LLLGYLLTGLLTGLLVTLILI	LLLGYLLTGLLTGLLVSLILI	-0.99044	-0.681766	0.865998	0.155943	410.812
LLLGYLLTGLLTGLLVSLILI	LLLGYLLTGLLTGLLVTLILI	-0.681766	-0.764843	0.155943	0.865998	396.304
LLLGYLLTGLLTGLLVTLILI	LLLGYLLTGLLYGLLVTLILI	-1.18778	-1.81215	0.443059	0.379341	381.976
LLLGYLLTGLLYGLLVTLILI	LLLGYLLTGLLTGLLVTLILI	-1.81215	-3.09185	0.379341	0.443059	367.849
LLLGYLLTGLLTGLLVTLILI	LLLGYLLTGLLTGLLTTLILI	-3.46205	-4.45474	0.0728516	1.27634	340.278
LLLGYLLTGLLTGLLTTLILI	LLLYYLLTGLLTGLLTTLILI	-5.3622	-5.17783	0.368877	0.454934	300.898
LLLYYLLTGLLTGLLTTLILI	LLLYYLLTGLLTGLLVTLILI	-4.35643	-3.93847	1.27634	0.0728516	288.358
LLLYYLLTGLLTGLLVTLILI	LLLYYLLTGLLTGLLTTLILI	-3.93847	-4.93116	0.0728516	1.27634	264.228
LLLYYLLTGLLTGLLTTLILI	LLLGYLLTGLLTGLLTTLILI	-5.75256	-5.51098	0.454934	0.368877	252.655
LLLGYLLTGLLTGLLTTLILI	LLLYYLLTGLLTGLLTTLILI	-5.51098	-5.97989	0.368877	0.454934	219.977
LLLYYLLTGLLTGLLTTLILI	LLLYYLLTGLLYGLLTTLILI	-6.02748	-6.26823	0.407346	0.413356	209.776
LLLYYLLTGLLYGLLTTLILI	LLLYYLLTGLLTGLLTTLILI	-6.26823	-7.55592	0.413356	0.407346	199.923
LLLYYLLTGLLTGLLTTLILI	LLLGYLLTGLLTGLLTTLILI	-7.50833	-7.28663	0.454934	0.368877	107.601
LLLGYLLTGLLTGLLTTLILI	LLLYYLLTGLLTGLLTTLILI	-7.28663	-7.5826	0.368877	0.454934	33.7464
Time: 719s
