***STARTING GEOMETRY:***
xShift: 6.43411
crossingAngle: -43.4417
axialRotation: 40.1487
zShift: 3.67608

Number of MCCycles: 100
PrevSequence	CurrSequence	PrevEnergy	CurrEnergy	PrevEntropy	CurrEntropy	CurrentTemp
LLLGLLFALLGALLSYLLILI	LLLGLLFALLGALLSTLLILI	3447.59	3447.64	0.505042	0.328724	999.684
LLLGLLFALLGALLSTLLILI	LLLGLLGALLGALLSTLLILI	3447.46	3449.69	0.150342	0.884972	999.328
LLLGLLGALLGALLSTLLILI	LLLGLLGALLGALLSYLLILI	3449.13	3450.57	0.328724	0.505042	998.928
LLLGLLGALLGALLSYLLILI	LLLTLLGALLGALLSYLLILI	3450.78	3442.86	0.712055	0.21145	998.476
LLLTLLGALLGALLSYLLILI	LLLTLLGALLGALLWYLLILI	3442.84	3442.9	0.192199	0.759486	997.967
LLLTLLGALLGALLWYLLILI	LLLTLLGALLGSLLWYLLILI	3442.56	3442.71	0.416521	0.404229	997.394
LLLTLLGALLGSLLWYLLILI	LLLTLLGALLGSLLWFLLILI	3442.95	3443.92	0.650378	0.240035	996.749
LLLTLLGALLGSLLWFLLILI	LLLTLLGALLGALLWFLLILI	3444.09	3444.15	0.404229	0.416521	995.205
LLLTLLGALLGALLWFLLILI	LLLTLLGALLGALLSFLLILI	3444.49	3444.76	0.759486	0.192199	994.285
LLLTLLGALLGALLSFLLILI	LLLTLLGALLGALLWFLLILI	3444.76	3444.49	0.192199	0.759486	993.249
LLLTLLGALLGALLWFLLILI	LLLTLLGALLGALLSFLLILI	3444.49	3444.7	0.759486	0.192199	992.084
LLLTLLGALLGALLSFLLILI	LLLTLLGALLGALLSTLLILI	3444.68	3442.42	0.171816	0.816184	990.773
LLLTLLGALLGALLSTLLILI	LLLTLLGALLGALLSYLLILI	3442.15	3443.69	0.538845	0.30482	989.3
LLLTLLGALLGALLSYLLILI	LLLTLLGALLGALLSTLLILI	3443.69	3442.11	0.30482	0.538845	987.644
LLLTLLGALLGALLSTLLILI	LLLTLLGALLGSLLSTLLILI	3441.81	3442.78	0.244161	0.642213	985.783
LLLTLLGALLGSLLSTLLILI	LLLTLLGALLGALLSTLLILI	3442.78	3441.82	0.642213	0.244161	983.694
LLLTLLGALLGALLSTLLILI	LLLTLLGALLGSLLSTLLILI	3441.82	3442.77	0.244161	0.642213	981.348
LLLTLLGALLGSLLSTLLILI	LLLTLLGALLGSLLATLLILI	3442.77	3444.13	0.642213	0.244161	978.717
LLLTLLGALLGSLLATLLILI	LLLTLLGALLGSLLSTLLILI	3444.13	3442.81	0.244161	0.642213	975.768
LLLTLLGALLGSLLSTLLILI	LLLILLGALLGSLLSTLLILI	3442.79	3445.34	0.616541	0.257708	972.463
LLLILLGALLGSLLSTLLILI	LLLILLGALLGSLLATLLILI	3445.73	3447.04	0.642213	0.244161	968.764
LLLILLGALLGSLLATLLILI	LLLTLLGALLGSLLATLLILI	3447.06	3444.54	0.257708	0.616541	964.627
LLLTLLGALLGSLLATLLILI	LLLTLLGALLGALLATLLILI	3444.22	3444.44	0.297523	0.549849	960.005
LLLTLLGALLGALLATLLILI	LLLTLLGALLGALLAYLLILI	3444.43	3445.56	0.538845	0.30482	954.846
LLLTLLGALLGALLAYLLILI	LLLTLLGALLGSLLAYLLILI	3445.81	3445.83	0.549849	0.297523	949.095
LLLTLLGALLGSLLAYLLILI	LLLTLLGALLGSLLATLLILI	3445.84	3444.42	0.30482	0.538845	942.693
LLLTLLGALLGSLLATLLILI	LLLTLLGALLGALLATLLILI	3444.18	3444.4	0.297523	0.549849	935.578
LLLTLLGALLGALLATLLILI	LLLTLLGALLGSLLATLLILI	3444.4	3444.18	0.549849	0.297523	927.683
LLLTLLGALLGSLLATLLILI	LLLTLLGALLGSLLAYLLILI	3444.42	3445.84	0.538845	0.30482	918.939
LLLTLLGALLGSLLAYLLILI	LLLTLLGALLGSLLATLLILI	3445.84	3444.42	0.30482	0.538845	909.276
LLLTLLGALLGSLLATLLILI	LLLTLLGALLGSLLSTLLILI	3444.13	3442.77	0.244161	0.642213	886.903
LLLTLLGALLGSLLSTLLILI	LLLTLLGALLGALLSTLLILI	3442.77	3441.81	0.642213	0.244161	874.051
LLLTLLGALLGALLSTLLILI	LLLILLGALLGALLSTLLILI	3442.18	3444.74	0.616541	0.257708	828.061
LLLILLGALLGALLSTLLILI	LLLILLGALLGSLLSTLLILI	3444.72	3445.69	0.244161	0.642213	810.083
LLLILLGALLGSLLSTLLILI	LLLILLGALLGSLLATLLILI	3445.69	3447.04	0.642213	0.244161	790.724
LLLILLGALLGSLLATLLILI	LLLILLGALLGSLLAYLLILI	3447.13	3448.96	0.328724	0.505042	769.974
LLLILLGALLGSLLAYLLILI	LLLILLGALLGSLLATLLILI	3448.96	3447.13	0.505042	0.328724	747.845
LLLILLGALLGSLLATLLILI	LLLILLGALLGSLLSTLLILI	3447.04	3445.73	0.244161	0.642213	724.369
LLLILLGALLGSLLSTLLILI	LLLILLGALLGSLLATLLILI	3445.73	3447.04	0.642213	0.244161	699.602
LLLILLGALLGSLLATLLILI	LLLILLGALLGALLATLLILI	3447.1	3447.35	0.297523	0.549849	673.628
LLLILLGALLGALLATLLILI	LLLTLLGALLGALLATLLILI	3447.06	3444.47	0.257708	0.616541	646.557
LLLTLLGALLGALLATLLILI	LLLTLLGALLGSLLATLLILI	3444.4	3444.18	0.549849	0.297523	618.524
LLLTLLGALLGSLLATLLILI	LLLTLLGALLGSLLSTLLILI	3444.13	3442.77	0.244161	0.642213	589.688
LLLTLLGALLGSLLSTLLILI	LLLTLLGALLGSLLATLLILI	3442.77	3444.13	0.642213	0.244161	560.23
LLLTLLGALLGSLLATLLILI	LLLTLLGALLGALLATLLILI	3444.18	3444.4	0.297523	0.549849	530.348
LLLTLLGALLGALLATLLILI	LLLTLLGALLGALLSTLLILI	3444.4	3441.91	0.549849	0.297523	500.25
LLLTLLGALLGALLSTLLILI	LLLTLLGALLGSLLSTLLILI	3441.85	3442.78	0.244161	0.642213	470.152
LLLTLLGALLGSLLSTLLILI	LLLTLLGALLGALLSTLLILI	3442.78	3441.81	0.642213	0.244161	440.27
LLLTLLGALLGALLSTLLILI	LLLTLLGALLGSLLSTLLILI	3441.81	3442.77	0.244161	0.642213	410.812
LLLTLLGALLGSLLSTLLILI	LLLTLLGALLGALLSTLLILI	3442.77	3441.81	0.642213	0.244161	353.943
LLLTLLGALLGALLSTLLILI	LLLTLLGALLGALLATLLILI	3441.86	3444.4	0.297523	0.549849	300.898
LLLTLLGALLGALLATLLILI	LLLTLLGALLGALLSTLLILI	3444.4	3441.86	0.549849	0.297523	276.131
Time: 132s
