***STARTING GEOMETRY:***
xShift: 8.67597
crossingAngle: 31
axialRotation: 50
zShift: 4.2

Number of MCCycles: 100
PrevSequence	CurrSequence	PrevEnergy	CurrEnergy	PrevEntropy	CurrEntropy	CurrentTemp
LLLYVLLGLLATLTTLLLILI	LLLYVLLGLLATLVTLLLILI	241894	4349.22	0.800152	0.177314	999.684
LLLYVLLGLLATLVTLLLILI	LLLWVLLGLLATLVTLLLILI	4349.31	4348.78	0.267575	0.598868	999.328
LLLWVLLGLLATLVTLLLILI	LLLWVLLGLLYTLVTLLLILI	4348.35	4343.68	0.174433	0.80848	998.928
LLLWVLLGLLYTLVTLLLILI	LLLWVLLSLLYTLVTLLLILI	4343.24	4347	0.367007	0.457104	998.476
LLLWVLLSLLYTLVTLLLILI	LLLWVLLSLLYTLTTLLLILI	4346.72	4345.14	0.177314	0.800152	997.967
LLLWVLLSLLYTLTTLLLILI	LLLWVLLSLLYLLTTLLLILI	4345.18	4343.54	0.849143	0.161118	997.394
LLLWVLLSLLYLLTTLLLILI	LLLWVLLSLLYLLTVLLLILI	4344.02	4346.41	0.632162	0.249358	996.749
LLLWVLLSLLYLLTVLLLILI	LLLWVLLSLLYTLTVLLLILI	4346.39	4346.57	0.227751	0.67574	996.023
LLLWVLLSLLYTLTVLLLILI	LLLWVLLSLLYLLTVLLLILI	4346.57	4346.39	0.67574	0.227751	995.205
LLLWVLLSLLYLLTVLLLILI	LLLWVLLSLLYYLTVLLLILI	4346.34	4348.53	0.176934	0.801241	994.285
LLLWVLLSLLYYLTVLLLILI	LLLWVLLSLLAYLTVLLLILI	4348.87	4352.92	1.13801	0.0936181	993.249
LLLWVLLSLLAYLTVLLLILI	LLLWVLLSLLAFLTVLLLILI	4353.48	4352.36	0.650378	0.240035	992.084
LLLWVLLSLLAFLTVLLLILI	LLLWVLLSLLAYLTVLLLILI	4352.36	4353.48	0.240035	0.650378	990.773
LLLWVLLSLLAYLTVLLLILI	LLLWVLLSLLAFLTVLLLILI	4353.48	4352.36	0.650378	0.240035	989.3
LLLWVLLSLLAFLTVLLLILI	LLLWVLLSLLAFLTTLLLILI	4352.37	4350	0.249358	0.632162	987.644
LLLWVLLSLLAFLTTLLLILI	LLLWVLLSLLAYLTTLLLILI	4349.61	4350.71	0.240035	0.650378	985.783
LLLWVLLSLLAYLTTLLLILI	LLLWVLLSLLAFLTTLLLILI	4350.71	4349.61	0.650378	0.240035	983.694
LLLWVLLSLLAFLTTLLLILI	LLLWVLLSLLYFLTTLLLILI	4349.54	4344.62	0.174433	0.80848	981.348
LLLWVLLSLLYFLTTLLLILI	LLLYVLLSLLYFLTTLLLILI	4344.18	4346.59	0.372136	0.451187	978.717
LLLYVLLSLLYFLTTLLLILI	LLLWVLLSLLYFLTTLLLILI	4346.59	4344.18	0.451187	0.372136	975.768
LLLWVLLSLLYFLTTLLLILI	LLLWTLLSLLYFLTTLLLILI	4343.91	4346.96	0.0952708	1.12845	972.463
LLLWTLLSLLYFLTTLLLILI	LLLWTLLSLLYLLTTLLLILI	4346.15	4345.9	0.320259	0.516639	968.764
LLLWTLLSLLYLLTTLLLILI	LLLWTLLSLLYTLTTLLLILI	4345.51	4345.96	0.124761	0.983093	964.627
LLLWTLLSLLYTLTTLLLILI	LLLSTLLSLLYTLTTLLLILI	4345.47	4348.58	0.494001	0.337057	954.846
LLLSTLLSLLYTLTTLLLILI	LLLSTLLGLLYTLTTLLLILI	4348.96	4345.08	0.71194	0.2115	949.095
LLLSTLLGLLYTLTTLLLILI	LLLSTLLGLLYLLTTLLLILI	4345.85	4345.13	0.983093	0.124761	942.693
LLLSTLLGLLYLLTTLLLILI	LLLSTLLGLLYLLVTLLLILI	4346.13	4348.63	1.12845	0.0952708	935.578
LLLSTLLGLLYLLVTLLLILI	LLLWTLLGLLYLLVTLLLILI	4348.73	4346.07	0.192199	0.759486	927.683
LLLWTLLGLLYLLVTLLLILI	LLLWTLLGLLYLLITLLLILI	4345.7	4346.72	0.398479	0.42245	918.939
LLLWTLLGLLYLLITLLLILI	LLLWTLLGLLYLLTTLLLILI	4346.39	4342.89	0.098896	1.10811	909.276
LLLWTLLGLLYLLTTLLLILI	LLLWTLLGLLYFLTTLLLILI	4342.3	4341.9	0.516639	0.320259	898.621
LLLWTLLGLLYFLTTLLLILI	LLLWVLLGLLYFLTTLLLILI	4342.7	4340.01	1.12845	0.0952708	874.051
LLLWVLLGLLYFLTTLLLILI	LLLWVLLGLLFFLTTLLLILI	4340.33	4344.06	0.410343	0.410343	859.999
LLLWVLLGLLFFLTTLLLILI	LLLWVLLGLLFYLTTLLLILI	4344.06	4343.7	0.410343	0.410343	844.686
LLLWVLLGLLFYLTTLLLILI	LLLYVLLGLLFYLTTLLLILI	4343.66	4344.32	0.372136	0.451187	828.061
LLLYVLLGLLFYLTTLLLILI	LLLWVLLGLLFYLTTLLLILI	4344.32	4343.66	0.451187	0.372136	810.083
LLLWVLLGLLFYLTTLLLILI	LLLYVLLGLLFYLTTLLLILI	4343.66	4344.32	0.372136	0.451187	790.724
LLLYVLLGLLFYLTTLLLILI	LLLYVLLGLLYYLTTLLLILI	4343.96	4342.6	0.0912572	1.15198	769.974
LLLYVLLGLLYYLTTLLLILI	LLLYFLLGLLYYLTTLLLILI	4341.79	4343	0.340616	0.489394	747.845
LLLYFLLGLLYYLTTLLLILI	LLLYFLLGLLYLLTTLLLILI	4343.5	4342.83	0.987966	0.123624	724.369
LLLYFLLGLLYLLTTLLLILI	LLLYFLLGLLYTLTTLLLILI	4342.87	4343.05	0.161118	0.849143	699.602
LLLYFLLGLLYTLTTLLLILI	LLLYFLLGLLYLLTTLLLILI	4343.05	4342.98	0.849143	0.161118	673.628
LLLYFLLGLLYLLTTLLLILI	LLLYFLLGLLYTLTTLLLILI	4342.98	4342.61	0.161118	0.849143	646.557
LLLYFLLGLLYTLTTLLLILI	LLLYVLLGLLYTLTTLLLILI	4342.25	4341.14	0.489394	0.340616	618.524
LLLYVLLGLLYTLTTLLLILI	LLLWVLLGLLYTLTTLLLILI	4341.25	4340.38	0.451187	0.372136	589.688
LLLWVLLGLLYTLTTLLLILI	LLLWVLLGLLYTLTVLLLILI	4340.81	4342.97	0.800152	0.177314	560.23
LLLWVLLGLLYTLTVLLLILI	LLLYVLLGLLYTLTVLLLILI	4343.17	4344	0.372136	0.451187	530.348
LLLYVLLGLLYTLTVLLLILI	LLLWVLLGLLYTLTVLLLILI	4344	4342.81	0.451187	0.372136	500.25
LLLWVLLGLLYTLTVLLLILI	LLLWVLLGLLYFLTVLLLILI	4343.26	4342.86	0.816184	0.171816	470.152
LLLWVLLGLLYFLTVLLLILI	LLLWVLLGLLYFLTTLLLILI	4342.94	4340.55	0.249358	0.632162	381.976
LLLWVLLGLLYFLTTLLLILI	LLLWVLLGLLYLLTTLLLILI	4340.23	4340.63	0.320259	0.516639	276.131
LLLWVLLGLLYLLTTLLLILI	LLLWVLLGLLYFLTTLLLILI	4340.63	4340.23	0.516639	0.320259	252.655
LLLWVLLGLLYFLTTLLLILI	LLLWVLLGLLYTLTTLLLILI	4340.03	4340.7	0.119894	1.0043	230.526
LLLWVLLGLLYTLTTLLLILI	LLLWVLLGLLYFLTTLLLILI	4340.7	4340.03	1.0043	0.119894	209.776
LLLWVLLGLLYFLTTLLLILI	LLLWVLLGLLYLLTTLLLILI	4340.23	4340.63	0.320259	0.516639	155.814
LLLWVLLGLLYLLTTLLLILI	LLLWVLLGLLYFLTTLLLILI	4340.63	4340.23	0.516639	0.320259	126.449
Time: 98s
