***STARTING GEOMETRY:***
xShift: 6.43411
crossingAngle: -36.7124
axialRotation: 6.15087
zShift: 5.04005

Number of MCCycles: 100
PrevSequence	CurrSequence	PrevEnergy	CurrEnergy	PrevEntropy	CurrEntropy	CurrentTemp
LLLLLLGTLLGTLLGTLLILI	LLLLLLGVLLGTLLGTLLILI	20.1504	19.1218	1.12845	0.0952708	999.684
LLLLLLGVLLGTLLGTLLILI	LLLFLLGVLLGTLLGTLLILI	19.5432	14.3694	0.516639	0.320259	998.928
LLLFLLGVLLGTLLGTLLILI	LLLFLLGTLLGTLLGTLLILI	14.1444	11.1685	0.0952708	1.12845	998.476
LLLFLLGTLLGTLLGTLLILI	LLLYLLGTLLGTLLGTLLILI	10.2801	10.9901	0.240035	0.650378	997.967
LLLYLLGTLLGTLLGTLLILI	LLLFLLGTLLGTLLGTLLILI	10.9901	10.2801	0.650378	0.240035	996.023
LLLFLLGTLLGTLLGTLLILI	LLLFLLGTLLGWLLGTLLILI	10.526	9.27642	0.48602	0.343253	995.205
LLLFLLGTLLGWLLGTLLILI	LLLYLLGTLLGWLLGTLLILI	9.1732	9.92638	0.240035	0.650378	993.249
LLLYLLGTLLGWLLGTLLILI	LLLFLLGTLLGWLLGTLLILI	9.92638	9.1732	0.650378	0.240035	992.084
LLLFLLGTLLGWLLGTLLILI	LLLYLLGTLLGWLLGTLLILI	9.1732	10.0354	0.240035	0.650378	990.773
LLLYLLGTLLGWLLGTLLILI	LLLYLLGVLLGWLLGTLLILI	10.3159	16.6286	0.930859	0.137712	989.3
LLLYLLGVLLGWLLGTLLILI	LLLYLLGVLLGTLLGTLLILI	16.9519	14.3699	0.460972	0.363705	987.644
LLLYLLGVLLGTLLGTLLILI	LLLFLLGVLLGTLLGTLLILI	14.6566	14.2892	0.650378	0.240035	985.783
LLLFLLGVLLGTLLGTLLILI	LLLYLLGVLLGTLLGTLLILI	14.2892	14.6923	0.240035	0.650378	983.694
LLLYLLGVLLGTLLGTLLILI	LLLYLLGTLLGTLLGTLLILI	14.1372	11.4682	0.0952708	1.12845	981.348
LLLYLLGTLLGTLLGTLLILI	LLLYLLGTLLGWLLGTLLILI	10.8258	9.80152	0.48602	0.343253	978.717
LLLYLLGTLLGWLLGTLLILI	LLLYLLGTLLGTLLGTLLILI	9.80152	10.903	0.343253	0.48602	972.463
LLLYLLGTLLGTLLGTLLILI	LLLYLLGTLLGWLLGTLLILI	10.903	9.80152	0.48602	0.343253	964.627
LLLYLLGTLLGWLLGTLLILI	LLLFLLGTLLGWLLGTLLILI	10.1086	9.1732	0.650378	0.240035	960.005
LLLFLLGTLLGWLLGTLLILI	LLLYLLGTLLGWLLGTLLILI	9.1732	10.0354	0.240035	0.650378	954.846
LLLYLLGTLLGWLLGTLLILI	LLLYLLGTLLGTLLGTLLILI	9.72826	10.903	0.343253	0.48602	949.095
LLLYLLGTLLGTLLGTLLILI	LLLYLLGVLLGTLLGTLLILI	11.5454	14.1053	1.12845	0.0952708	935.578
LLLYLLGVLLGTLLGTLLILI	LLLYLLGVLLGWLLGTLLILI	14.3738	17.2772	0.363705	0.460972	927.683
LLLYLLGVLLGWLLGTLLILI	LLLYLLGTLLGWLLGTLLILI	16.954	12.3487	0.137712	0.930859	918.939
LLLYLLGTLLGWLLGTLLILI	LLLYLLGTLLGTLLGTLLILI	11.7611	10.8258	0.343253	0.48602	909.276
LLLYLLGTLLGTLLGTLLILI	LLLFLLGTLLGTLLGTLLILI	10.9901	10.2801	0.650378	0.240035	886.903
LLLFLLGTLLGTLLGTLLILI	LLLFLLGTLLGWLLGTLLILI	10.526	9.27642	0.48602	0.343253	874.051
LLLFLLGTLLGWLLGTLLILI	LLLFLLGTLLGTLLGTLLILI	9.27642	10.526	0.343253	0.48602	859.999
LLLFLLGTLLGTLLGTLLILI	LLLFLLGTLLGWLLGTLLILI	10.526	9.27642	0.48602	0.343253	844.686
LLLFLLGTLLGWLLGTLLILI	LLLYLLGTLLGWLLGTLLILI	9.1732	9.92638	0.240035	0.650378	828.061
LLLYLLGTLLGWLLGTLLILI	LLLFLLGTLLGWLLGTLLILI	9.92638	11.1531	0.650378	0.240035	810.083
LLLFLLGTLLGWLLGTLLILI	LLLFLLGTLLGTLLGTLLILI	11.2563	10.526	0.343253	0.48602	790.724
LLLFLLGTLLGTLLGTLLILI	LLLFLLGTLLGWLLGTLLILI	10.526	9.27642	0.48602	0.343253	747.845
LLLFLLGTLLGWLLGTLLILI	LLLFLLGTLLGTLLGTLLILI	9.27642	10.526	0.343253	0.48602	618.524
LLLFLLGTLLGTLLGTLLILI	LLLFLLGTLLGWLLGTLLILI	10.526	9.27642	0.48602	0.343253	530.348
LLLFLLGTLLGWLLGTLLILI	LLLYLLGTLLGWLLGTLLILI	9.1732	10.1086	0.240035	0.650378	500.25
LLLYLLGTLLGWLLGTLLILI	LLLFLLGTLLGWLLGTLLILI	10.1086	9.1732	0.650378	0.240035	440.27
LLLFLLGTLLGWLLGTLLILI	LLLFLLGTLLGTLLGTLLILI	9.27642	10.526	0.343253	0.48602	190.417
LLLFLLGTLLGTLLGTLLILI	LLLFLLGTLLGWLLGTLLILI	10.526	9.27642	0.48602	0.343253	172.439
LLLFLLGTLLGWLLGTLLILI	LLLFLLGTLLGTLLGTLLILI	9.27642	10.526	0.343253	0.48602	81.5606
LLLFLLGTLLGTLLGTLLILI	LLLFLLGTLLGWLLGTLLILI	10.526	9.27642	0.48602	0.343253	72.8169
Time: 86s
