MCAccept 0 xShift: 8.18 crossingAngle: -42.7128 axialRotation: -74.88 zShift: 5.22 energy: -15.0514
MCAccept 1 xShift: 8.18 crossingAngle: -42.6414 axialRotation: -74.88 zShift: 5.22 energy: -15.0514
MCAccept 2 xShift: 8.18412 crossingAngle: -42.6414 axialRotation: -74.88 zShift: 5.22 energy: -15.1314
MCReject   xShift: 8.18412 crossingAngle: -42.6571 axialRotation: -74.88 zShift: 5.22 energy: -15.0514
MCAccept 3 xShift: 8.18412 crossingAngle: -42.6414 axialRotation: -74.8386 zShift: 5.22 energy: -15.1314
MCAccept 4 xShift: 8.19545 crossingAngle: -42.6414 axialRotation: -74.8386 zShift: 5.22 energy: -15.0514
MCAccept 5 xShift: 8.19545 crossingAngle: -42.6414 axialRotation: -74.8379 zShift: 5.22 energy: -15.083
MCAccept 6 xShift: 8.19545 crossingAngle: -42.6414 axialRotation: -74.7367 zShift: 5.22 energy: -15.1314
MCAccept 7 xShift: 8.19545 crossingAngle: -42.6414 axialRotation: -74.7367 zShift: 5.24013 energy: -15.3136
MCAccept 8 xShift: 8.19545 crossingAngle: -42.6414 axialRotation: -74.7367 zShift: 5.26533 energy: -15.5232
MCAccept 9 xShift: 8.19545 crossingAngle: -42.6414 axialRotation: -74.854 zShift: 5.26533 energy: -15.5232
MCAccept 10 xShift: 8.19545 crossingAngle: -42.6414 axialRotation: -74.854 zShift: 5.28237 energy: -15.6041
MCAccept 11 xShift: 8.19545 crossingAngle: -42.6414 axialRotation: -74.9722 zShift: 5.28237 energy: -15.6041
MCAccept 12 xShift: 8.19545 crossingAngle: -42.6 axialRotation: -74.9722 zShift: 5.28237 energy: -15.6534
MCAccept 13 xShift: 8.19545 crossingAngle: -42.6 axialRotation: -74.818 zShift: 5.28237 energy: -15.6534
MCAccept 14 xShift: 8.19545 crossingAngle: -42.6 axialRotation: -74.7311 zShift: 5.28237 energy: -15.6534
MCAccept 15 xShift: 8.19545 crossingAngle: -42.6 axialRotation: -74.7311 zShift: 5.29232 energy: -15.7251
MCAccept 16 xShift: 8.17718 crossingAngle: -42.6 axialRotation: -74.7311 zShift: 5.29232 energy: -15.7251
MCAccept 17 xShift: 8.17718 crossingAngle: -42.4258 axialRotation: -74.7311 zShift: 5.29232 energy: -15.6757
MCAccept 18 xShift: 8.17718 crossingAngle: -42.4258 axialRotation: -74.7311 zShift: 5.32008 energy: -15.909
MCAccept 19 xShift: 8.17718 crossingAngle: -42.4134 axialRotation: -74.7311 zShift: 5.32008 energy: -15.909
MCReject   xShift: 8.17718 crossingAngle: -42.4134 axialRotation: -74.7866 zShift: 5.32008 energy: -15.8235
MCAccept 20 xShift: 8.17718 crossingAngle: -42.4134 axialRotation: -74.8529 zShift: 5.32008 energy: -15.8235
MCAccept 21 xShift: 8.17718 crossingAngle: -42.3972 axialRotation: -74.8529 zShift: 5.32008 energy: -15.909
MCReject   xShift: 8.17718 crossingAngle: -42.4145 axialRotation: -74.8529 zShift: 5.32008 energy: -15.8591
MCReject   xShift: 8.17718 crossingAngle: -42.4052 axialRotation: -74.8529 zShift: 5.32008 energy: -15.8235
MCAccept 22 xShift: 8.17718 crossingAngle: -42.3972 axialRotation: -74.8529 zShift: 5.28738 energy: -15.6063
MCAccept 23 xShift: 8.17718 crossingAngle: -42.3972 axialRotation: -74.8529 zShift: 5.27448 energy: -15.5943
MCReject   xShift: 8.17718 crossingAngle: -42.3972 axialRotation: -74.8529 zShift: 5.27087 energy: -15.5174
MCReject   xShift: 8.16694 crossingAngle: -42.3972 axialRotation: -74.8529 zShift: 5.27448 energy: -15.5114
MCAccept 24 xShift: 8.17718 crossingAngle: -42.3972 axialRotation: -74.8674 zShift: 5.27448 energy: -15.5943
MCReject   xShift: 8.17718 crossingAngle: -42.4027 axialRotation: -74.8674 zShift: 5.27448 energy: -15.5451
MCAccept 25 xShift: 8.17718 crossingAngle: -42.3972 axialRotation: -75.105 zShift: 5.27448 energy: -15.5451
MCAccept 26 xShift: 8.17944 crossingAngle: -42.3972 axialRotation: -75.105 zShift: 5.27448 energy: -15.5943
MCReject   xShift: 8.16334 crossingAngle: -42.3972 axialRotation: -75.105 zShift: 5.27448 energy: -15.5451
MCAccept 27 xShift: 8.17944 crossingAngle: -42.3485 axialRotation: -75.105 zShift: 5.27448 energy: -15.5451
MCAccept 28 xShift: 8.17944 crossingAngle: -42.3768 axialRotation: -75.105 zShift: 5.27448 energy: -15.5943
MCAccept 29 xShift: 8.17944 crossingAngle: -42.4589 axialRotation: -75.105 zShift: 5.27448 energy: -15.5943
MCAccept 30 xShift: 8.17944 crossingAngle: -42.4589 axialRotation: -74.9732 zShift: 5.27448 energy: -15.5451
MCReject   xShift: 8.17944 crossingAngle: -42.4589 axialRotation: -74.8662 zShift: 5.27448 energy: -15.4622
MCAccept 31 xShift: 8.17944 crossingAngle: -42.4719 axialRotation: -74.9732 zShift: 5.27448 energy: -15.5451
MCAccept 32 xShift: 8.17944 crossingAngle: -42.4719 axialRotation: -74.7686 zShift: 5.27448 energy: -15.5114
MCAccept 33 xShift: 8.17944 crossingAngle: -42.4719 axialRotation: -74.7686 zShift: 5.2732 energy: -15.5845
MCAccept 34 xShift: 8.1737 crossingAngle: -42.4719 axialRotation: -74.7686 zShift: 5.2732 energy: -15.5353
MCAccept 35 xShift: 8.1737 crossingAngle: -42.4719 axialRotation: -74.6239 zShift: 5.2732 energy: -15.5845
MCAccept 36 xShift: 8.1737 crossingAngle: -42.4719 axialRotation: -74.6955 zShift: 5.2732 energy: -15.5016
MCAccept 37 xShift: 8.1737 crossingAngle: -42.4719 axialRotation: -74.6955 zShift: 5.26232 energy: -15.4993
MCAccept 38 xShift: 8.17514 crossingAngle: -42.4719 axialRotation: -74.6955 zShift: 5.26232 energy: -15.4502
MCAccept 39 xShift: 8.17514 crossingAngle: -42.3718 axialRotation: -74.6955 zShift: 5.26232 energy: -15.4993
MCAccept 40 xShift: 8.17514 crossingAngle: -42.3718 axialRotation: -74.5222 zShift: 5.26232 energy: -15.4993
MCAccept 41 xShift: 8.18666 crossingAngle: -42.3718 axialRotation: -74.5222 zShift: 5.26232 energy: -15.417
MCAccept 42 xShift: 8.18666 crossingAngle: -42.3718 axialRotation: -74.5222 zShift: 5.26166 energy: -15.4939
MCAccept 43 xShift: 8.18666 crossingAngle: -42.3718 axialRotation: -74.4306 zShift: 5.26166 energy: -15.4449
MCAccept 44 xShift: 8.18666 crossingAngle: -42.3718 axialRotation: -74.4306 zShift: 5.26665 energy: -15.4846
MCAccept 45 xShift: 8.18666 crossingAngle: -42.3718 axialRotation: -74.4306 zShift: 5.2635 energy: -15.4596
MCAccept 46 xShift: 8.18666 crossingAngle: -42.3718 axialRotation: -74.4306 zShift: 5.26654 energy: -15.5328
MCAccept 47 xShift: 8.21041 crossingAngle: -42.3718 axialRotation: -74.4306 zShift: 5.26654 energy: -15.5328
MCAccept 48 xShift: 8.21041 crossingAngle: -42.3718 axialRotation: -74.4306 zShift: 5.28074 energy: -15.6414
MCAccept 49 xShift: 8.20259 crossingAngle: -42.3718 axialRotation: -74.4306 zShift: 5.28074 energy: -15.5581
MCAccept 50 xShift: 8.20259 crossingAngle: -42.3718 axialRotation: -74.4306 zShift: 5.28278 energy: -15.6564
MCAccept 51 xShift: 8.20259 crossingAngle: -42.2992 axialRotation: -74.4306 zShift: 5.28278 energy: -15.6564
MCAccept 52 xShift: 8.21581 crossingAngle: -42.2992 axialRotation: -74.4306 zShift: 5.28278 energy: -15.6564
MCAccept 53 xShift: 8.21581 crossingAngle: -42.2992 axialRotation: -74.4306 zShift: 5.29749 energy: -15.7612
MCAccept 54 xShift: 8.22767 crossingAngle: -42.2992 axialRotation: -74.4306 zShift: 5.29749 energy: -15.7612
MCAccept 55 xShift: 8.22814 crossingAngle: -42.2992 axialRotation: -74.4306 zShift: 5.29749 energy: -15.7612
MCAccept 56 xShift: 8.22814 crossingAngle: -42.2992 axialRotation: -74.4783 zShift: 5.29749 energy: -15.7612
MCAccept 57 xShift: 8.22814 crossingAngle: -42.3498 axialRotation: -74.4783 zShift: 5.29749 energy: -15.7612
MCReject   xShift: 8.22454 crossingAngle: -42.3498 axialRotation: -74.4783 zShift: 5.29749 energy: -15.677
MCAccept 58 xShift: 8.22814 crossingAngle: -42.3498 axialRotation: -74.2316 zShift: 5.29749 energy: -15.677
MCAccept 59 xShift: 8.22814 crossingAngle: -42.252 axialRotation: -74.2316 zShift: 5.29749 energy: -15.7117
MCAccept 60 xShift: 8.22814 crossingAngle: -42.2226 axialRotation: -74.2316 zShift: 5.29749 energy: -15.7117
MCAccept 61 xShift: 8.22814 crossingAngle: -42.2226 axialRotation: -74.2316 zShift: 5.30547 energy: -15.8153
MCReject   xShift: 8.22814 crossingAngle: -42.2226 axialRotation: -74.2316 zShift: 5.29183 energy: -15.6723
MCAccept 62 xShift: 8.22814 crossingAngle: -42.2226 axialRotation: -74.3081 zShift: 5.30547 energy: -15.8153
MCAccept 63 xShift: 8.22814 crossingAngle: -42.2226 axialRotation: -74.2285 zShift: 5.30547 energy: -15.8153
MCAccept 64 xShift: 8.22814 crossingAngle: -42.2226 axialRotation: -74.2285 zShift: 5.30827 energy: -15.8337
MCReject   xShift: 8.22768 crossingAngle: -42.2226 axialRotation: -74.2285 zShift: 5.30827 energy: -15.784
MCAccept 65 xShift: 8.22814 crossingAngle: -42.2164 axialRotation: -74.2285 zShift: 5.30827 energy: -15.784
MCAccept 66 xShift: 8.22814 crossingAngle: -42.2164 axialRotation: -74.2287 zShift: 5.30827 energy: -15.8337
MCAccept 67 xShift: 8.22814 crossingAngle: -42.119 axialRotation: -74.2287 zShift: 5.30827 energy: -15.8337
MCReject   xShift: 8.22814 crossingAngle: -42.119 axialRotation: -74.3804 zShift: 5.30827 energy: -15.784
MCAccept 68 xShift: 8.22814 crossingAngle: -42.119 axialRotation: -74.3299 zShift: 5.30827 energy: -15.8337
MCReject   xShift: 8.22872 crossingAngle: -42.119 axialRotation: -74.3299 zShift: 5.30827 energy: -15.784
MCAccept 69 xShift: 8.22814 crossingAngle: -42.2936 axialRotation: -74.3299 zShift: 5.30827 energy: -15.8337
Energy #0: -15.8337
***GEOMETRY SHIFT***
xShift;        Before: 8.18; After: 8.22814
crossingAngle; Before: -42.34; After: -42.2936
axialRotation; Before: -74.88; After: -74.3299
zShift;        Before: 5.22; After: 5.30827
Energy;        Before: 2.14746e+11; After: -15.8337

Reached 51 cycles without improvement of 0.001. Accepted 70/84
Monte Carlo repack complete. Time: 46.15min

