***STARTING GEOMETRY:***
xShift: 8.18
crossingAngle: -42.34
axialRotation: -74.88
zShift: 5.22

Number of MCCycles: 200
PrevSequence	CurrSequence	PrevEnergy	CurrEnergy	PrevEntropy	CurrEntropy	CurrentTemp
LLLTGLLTTLLAYLLTTLILI	LLLTGLLTTLLAYLLTYLILI	-6.00431	-8.62106	0.62127	0.255144	999.847
LLLTGLLTTLLAYLLTYLILI	LLLTGLLTTLLAYLLSYLILI	-7.8752	-6.38857	1.001	0.120637	999.684
LLLTGLLTTLLAYLLSYLILI	LLLTGLLTTLLAYLLSTLILI	-6.20438	-8.18776	0.30482	0.538845	999.512
LLLTGLLTTLLAYLLSTLILI	LLLYGLLTTLLAYLLSTLILI	-8.18776	-8.39056	0.538845	0.30482	999.328
LLLYGLLTTLLAYLLSTLILI	LLLYGLLTTLLAYLLATLILI	-8.29115	-6.23018	0.404229	0.416521	999.134
LLLYGLLTTLLAYLLATLILI	LLLYYLLTTLLAYLLATLILI	-6.54264	-8.32327	0.104052	1.08052	998.928
LLLYYLLTTLLAYLLATLILI	LLLYYLLTTLLAYLLAYLILI	-9.14174	-6.13205	0.262045	0.608671	998.708
LLLYYLLTTLLAYLLAYLILI	LLLYGLLTTLLAYLLAYLILI	-5.51424	-5.41268	1.22648	0.0797032	998.476
LLLYGLLTTLLAYLLAYLILI	LLLYGLLTTLLAYLLATLILI	-4.98735	-7.66711	0.505042	0.328724	998.229
LLLYGLLTTLLAYLLATLILI	LLLYGLLTTLLAYLLSTLILI	-7.57932	-8.98275	0.416521	0.404229	997.967
LLLYGLLTTLLAYLLSTLILI	LLLYGLLTTLLAYLLSFLILI	-8.38268	-7.28941	1.0043	0.119894	997.689
LLLYGLLTTLLAYLLSFLILI	LLLYGLLTTLLAYLLSTLILI	-7.28941	-8.38268	0.119894	1.0043	997.394
LLLYGLLTTLLAYLLSTLILI	LLLYGLLTTLLAFLLSTLILI	-8.4342	-5.96718	0.952787	0.132101	997.081
LLLYGLLTTLLAFLLSTLILI	LLLYGLLTTLLAYLLSTLILI	-5.96718	-8.38583	0.132101	0.952787	996.749
LLLYGLLTTLLAYLLSTLILI	LLLYYLLTTLLAYLLSTLILI	-9.23456	-9.65872	0.104052	1.08052	996.397
LLLYYLLTTLLAYLLSTLILI	LLLYYLLTTLLAYLLATLILI	-10.335	-8.39039	0.404229	0.416521	996.023
LLLYYLLTTLLAYLLATLILI	LLLYYLLTTLLAYLLAFLILI	-7.80261	-6.30868	1.0043	0.119894	995.626
LLLYYLLTTLLAYLLAFLILI	LLLYYLLATLLAYLLAFLILI	-5.89943	-1.92023	0.52914	0.311447	995.205
LLLYYLLATLLAYLLAFLILI	LLLYYLLTTLLAYLLAFLILI	-1.92023	-5.86161	0.311447	0.52914	994.758
LLLYYLLTTLLAYLLAFLILI	LLLYYLLTTLLAYLLATLILI	-6.27086	-7.98186	0.119894	1.0043	994.285
LLLYYLLTTLLAYLLATLILI	LLLYGLLTTLLAYLLATLILI	-7.90563	-7.64848	1.08052	0.104052	993.782
LLLYGLLTTLLAYLLATLILI	LLLYGLLTTLLAYLLSTLILI	-7.33601	-8.93439	0.416521	0.404229	993.249
LLLYGLLTTLLAYLLSTLILI	LLLYGLLTTLLAYLLATLILI	-8.93439	-8.07645	0.404229	0.416521	992.683
LLLYGLLTTLLAYLLATLILI	LLLYYLLTTLLAYLLATLILI	-8.38892	-7.96132	0.104052	1.08052	992.084
LLLYYLLTTLLAYLLATLILI	LLLYYLLATLLAYLLATLILI	-8.35946	-4.81118	0.682386	0.224658	991.448
LLLYYLLATLLAYLLATLILI	LLLYYLLATLLAFLLATLILI	-3.88386	-0.362108	1.15198	0.0912572	990.773
LLLYYLLATLLAFLLATLILI	LLLYYLLTTLLAFLLATLILI	-0.228707	-4.87472	0.224658	0.682386	990.058
LLLYYLLTTLLAFLLATLILI	LLLYYLLTTLLAFLLSTLILI	-5.14058	-6.17823	0.416521	0.404229	989.3
LLLYYLLTTLLAFLLSTLILI	LLLYYLLTTLLAFLLSYLILI	-6.25374	-5.41698	0.328724	0.505042	988.496
LLLYYLLTTLLAFLLSYLILI	LLLYYLLTTLLGFLLSYLILI	-5.64585	-1.48478	0.276169	0.584123	987.644
LLLYYLLTTLLGFLLSYLILI	LLLYYLLTTLLGFLLSTLILI	-1.56386	-3.66135	0.505042	0.328724	986.74
LLLYYLLTTLLGFLLSTLILI	LLLYYLLTTLLAFLLSTLILI	-3.40595	-7.12302	0.584123	0.276169	985.783
LLLYYLLTTLLAFLLSTLILI	LLLGYLLTTLLAFLLSTLILI	-6.51281	-10.7293	0.886373	0.149938	984.769
LLLGYLLTTLLAFLLSTLILI	LLLGYLLTTLLAFLLSFLILI	-10.1856	-9.17472	0.693609	0.219549	983.694
LLLGYLLTTLLAFLLSFLILI	LLLGYLLTTLLAFLLSTLILI	-9.17472	-10.2339	0.219549	0.693609	982.555
LLLGYLLTTLLAFLLSTLILI	LLLGYLLTTLLAFLLATLILI	-10.5233	-9.27317	0.404229	0.416521	981.348
LLLGYLLTTLLAFLLATLILI	LLLGYLLTTLLAFLLSTLILI	-9.27317	-10.4914	0.416521	0.404229	980.071
LLLGYLLTTLLAFLLSTLILI	LLLGYLLTTLLGFLLSTLILI	-10.7415	-6.98706	0.154044	0.872342	978.717
LLLGYLLTTLLGFLLSTLILI	LLLGYLLTTLLGYLLSTLILI	-7.7273	-9.90812	0.132101	0.952787	977.285
LLLGYLLTTLLGYLLSTLILI	LLLGYLLTTLLAYLLSTLILI	-9.98857	-14.017	0.872342	0.154044	974.162
LLLGYLLTTLLAYLLSTLILI	LLLGYLLTTLLAYLLSFLILI	-13.1667	-11.6247	1.0043	0.119894	972.463
LLLGYLLTTLLAYLLSFLILI	LLLGYLLTTLLAYLLAFLILI	-11.3404	-9.79865	0.404229	0.416521	970.666
LLLGYLLTTLLAYLLAFLILI	LLLGYLLTTLLAYLLATLILI	-10.0953	-11.824	0.119894	1.0043	968.764
LLLGYLLTTLLAYLLATLILI	LLLGYLLTTLLAFLLATLILI	-11.8755	-9.55759	0.952787	0.132101	966.754
LLLGYLLTTLLAFLLATLILI	LLLGYLLTTLLAFLLSTLILI	-9.27317	-10.475	0.416521	0.404229	964.627
LLLGYLLTTLLAFLLSTLILI	LLLYYLLTTLLAFLLSTLILI	-10.7293	-5.69609	0.149938	0.886373	962.38
LLLYYLLTTLLAFLLSTLILI	LLLYYLLTSLLAFLLSTLILI	-6.00349	-2.64867	0.578967	0.279255	960.005
LLLYYLLTSLLAFLLSTLILI	LLLYYLLVSLLAFLLSTLILI	-1.99707	1.17239	0.930859	0.137712	957.496
LLLYYLLVSLLAFLLSTLILI	LLLYGLLVSLLAFLLSTLILI	1.92105	1.84791	0.886373	0.149938	954.846
LLLYGLLVSLLAFLLSTLILI	LLLYGLLYSLLAFLLSTLILI	1.80316	-0.863532	0.105187	1.07465	952.048
LLLYGLLYSLLAFLLSTLILI	LLLYGLLYSLLAFLLATLILI	-1.29597	-0.45782	0.642213	0.244161	949.095
LLLYGLLYSLLAFLLATLILI	LLLYGLLYSLLGFLLATLILI	-0.425813	2.48203	0.276169	0.584123	945.979
LLLYGLLYSLLGFLLATLILI	LLLYGLLYSLLGYLLATLILI	1.98916	0.415728	0.0912572	1.15198	942.693
LLLYGLLYSLLGYLLATLILI	LLLGGLLYSLLGYLLATLILI	-0.140687	0.456602	0.595564	0.269472	939.229
LLLGGLLYSLLGYLLATLILI	LLLGGLLYTLLGYLLATLILI	0.407934	-8.30198	0.220804	0.690823	935.578
LLLGGLLYTLLGYLLATLILI	LLLGGLLYTLLGYLLSTLILI	-8.74864	-9.51045	0.244161	0.642213	931.732
LLLGGLLYTLLGYLLSTLILI	LLLGGLLYTLLGFLLSTLILI	-9.19988	-6.96172	0.952787	0.132101	927.683
LLLGGLLYTLLGFLLSTLILI	LLLGGLLYTLLGYLLSTLILI	-6.96172	-9.33129	0.132101	0.952787	923.422
LLLGGLLYTLLGYLLSTLILI	LLLGGLLYTLLGFLLSTLILI	-9.33129	-6.96172	0.952787	0.132101	918.939
LLLGGLLYTLLGFLLSTLILI	LLLGGLLYTLLGFLLSFLILI	-6.55498	-5.24242	0.538845	0.30482	914.227
LLLGGLLYTLLGFLLSFLILI	LLLGGLLYTLLGFLLSTLILI	-5.24242	-6.55498	0.30482	0.538845	909.276
LLLGGLLYTLLGFLLSTLILI	LLLGGLLYTLLGYLLSTLILI	-6.96172	-9.33129	0.132101	0.952787	904.077
LLLGGLLYTLLGYLLSTLILI	LLLGGLLFTLLGYLLSTLILI	-9.33129	-9.10457	0.952787	0.132101	898.621
LLLGGLLFTLLGYLLSTLILI	LLLGGLLFTLLGYLLSYLILI	-8.90795	-6.58779	0.328724	0.505042	892.899
LLLGGLLFTLLGYLLSYLILI	LLLGGLLFTLLGYLLSTLILI	-6.58779	-8.90795	0.505042	0.328724	886.903
LLLGGLLFTLLGYLLSTLILI	LLLYGLLFTLLGYLLSTLILI	-8.8678	-9.74703	0.368877	0.454934	880.623
LLLYGLLFTLLGYLLSTLILI	LLLYGLLFTLLGYLLSFLILI	-9.66312	-7.45727	0.538845	0.30482	874.051
LLLYGLLFTLLGYLLSFLILI	LLLYGLLFTLLGYLLSTLILI	-7.45727	-9.66312	0.30482	0.538845	867.179
LLLYGLLFTLLGYLLSTLILI	LLLYGLLYTLLGYLLSTLILI	-10.1107	-10.1099	0.0912572	1.15198	859.999
LLLYGLLYTLLGYLLSTLILI	LLLYGLLFTLLGYLLSTLILI	-10.1099	-10.1107	1.15198	0.0912572	852.504
LLLYGLLFTLLGYLLSTLILI	LLLGGLLFTLLGYLLSTLILI	-9.74703	-8.91616	0.454934	0.368877	844.686
LLLGGLLFTLLGYLLSTLILI	LLLGGLLFLLLGYLLSTLILI	-8.6093	-6.1906	0.67574	0.227751	836.541
LLLGGLLFLLLGYLLSTLILI	LLLGGLLFTLLGYLLSTLILI	-6.1906	-8.6093	0.227751	0.67574	819.243
LLLGGLLFTLLGYLLSTLILI	LLLGGLLFTLLGYLLSYLILI	-8.95631	-6.58779	0.328724	0.505042	810.083
LLLGGLLFTLLGYLLSYLILI	LLLGGLLFTLLGFLLSYLILI	-6.44245	-4.22382	0.650378	0.240035	800.577
LLLGGLLFTLLGFLLSYLILI	LLLGGLLFTLLGFLLSTLILI	-4.15903	-5.4736	0.30482	0.538845	790.724
LLLGGLLFTLLGFLLSTLILI	LLLGGLLFTLLAFLLSTLILI	-4.9471	-8.64329	1.06535	0.107014	780.523
LLLGGLLFTLLAFLLSTLILI	LLLYGLLFTLLAFLLSTLILI	-8.29634	-9.34363	0.453966	0.369715	769.974
LLLYGLLFTLLAFLLSTLILI	LLLYGLLFTLLAYLLSTLILI	-9.47331	-12.5775	0.240035	0.650378	759.081
LLLYGLLFTLLAYLLSTLILI	LLLGGLLFTLLAYLLSTLILI	-12.6323	-11.9602	0.595564	0.269472	747.845
LLLGGLLFTLLAYLLSTLILI	LLLYGLLFTLLAYLLSTLILI	-11.9602	-12.6807	0.269472	0.595564	724.369
LLLYGLLFTLLAYLLSTLILI	LLLYGLLYTLLAYLLSTLILI	-13.185	-13.3308	0.0912572	1.15198	712.142
LLLYGLLYTLLAYLLSTLILI	LLLGGLLYTLLAYLLSTLILI	-13.7241	-13.317	0.758648	0.192521	699.602
LLLGGLLYTLLAYLLSTLILI	LLLGGLLFTLLAYLLSTLILI	-12.5567	-12.1811	0.952787	0.132101	673.628
LLLGGLLFTLLAYLLSTLILI	LLLGGLLYTLLAYLLSTLILI	-12.1811	-12.5567	0.132101	0.952787	660.222
LLLGGLLYTLLAYLLSTLILI	LLLGGLLFTLLAYLLSTLILI	-12.5567	-12.0976	0.952787	0.132101	646.557
LLLGGLLFTLLAYLLSTLILI	LLLGGLLYTLLAYLLSTLILI	-12.0976	-12.6051	0.132101	0.952787	632.651
LLLGGLLYTLLAYLLSTLILI	LLLYGLLYTLLAYLLSTLILI	-13.3653	-13.6757	0.192521	0.758648	618.524
LLLYGLLYTLLAYLLSTLILI	LLLYGLLFTLLAYLLSTLILI	-13.2824	-13.1366	1.15198	0.0912572	604.196
LLLYGLLFTLLAYLLSTLILI	LLLYGLLYTLLAYLLSTLILI	-13.1366	-13.2508	0.0912572	1.15198	589.688
LLLYGLLYTLLAYLLSTLILI	LLLYGLLFTLLAYLLSTLILI	-13.2508	-13.1366	1.15198	0.0912572	575.025
LLLYGLLFTLLAYLLSTLILI	LLLYGLLYTLLAYLLSTLILI	-13.1366	-13.3308	0.0912572	1.15198	560.23
LLLYGLLYTLLAYLLSTLILI	LLLGGLLYTLLAYLLSTLILI	-13.7241	-13.3653	0.758648	0.192521	530.348
LLLGGLLYTLLAYLLSTLILI	LLLYGLLYTLLAYLLSTLILI	-13.3653	-13.7241	0.192521	0.758648	515.312
LLLYGLLYTLLAYLLSTLILI	LLLYGLLFTLLAYLLSTLILI	-13.3308	-13.185	1.15198	0.0912572	500.25
LLLYGLLFTLLAYLLSTLILI	LLLGGLLFTLLAYLLSTLILI	-12.6807	-12.0921	0.595564	0.269472	485.188
LLLGGLLFTLLAYLLSTLILI	LLLYGLLFTLLAYLLSTLILI	-12.0921	-12.6807	0.269472	0.595564	470.152
LLLYGLLFTLLAYLLSTLILI	LLLYGLLFTLLAYLLATLILI	-12.872	-11.5236	0.404229	0.416521	455.171
LLLYGLLFTLLAYLLATLILI	LLLYGLLFTLLAYLLSTLILI	-11.5236	-12.872	0.416521	0.404229	440.27
LLLYGLLFTLLAYLLSTLILI	LLLYGLLYTLLAYLLSTLILI	-13.185	-13.2824	0.0912572	1.15198	410.812
LLLYGLLYTLLAYLLSTLILI	LLLYGLLFTLLAYLLSTLILI	-13.2824	-13.185	1.15198	0.0912572	396.304
LLLYGLLFTLLAYLLSTLILI	LLLYGLLYTLLAYLLSTLILI	-13.185	-13.3308	0.0912572	1.15198	381.976
LLLYGLLYTLLAYLLSTLILI	LLLYGLLFTLLAYLLSTLILI	-13.3308	-13.1366	1.15198	0.0912572	367.849
LLLYGLLFTLLAYLLSTLILI	LLLYGLLYTLLAYLLSTLILI	-13.1366	-13.3308	0.0912572	1.15198	353.943
LLLYGLLYTLLAYLLSTLILI	LLLGGLLYTLLAYLLSTLILI	-13.7241	-13.2339	0.758648	0.192521	340.278
LLLGGLLYTLLAYLLSTLILI	LLLYGLLYTLLAYLLSTLILI	-13.2339	-13.7241	0.192521	0.758648	326.872
LLLYGLLYTLLAYLLSTLILI	LLLYGLLFTLLAYLLSTLILI	-13.3308	-13.1084	1.15198	0.0912572	313.74
LLLYGLLFTLLAYLLSTLILI	LLLYGLLYTLLAYLLSTLILI	-13.1084	-13.3308	0.0912572	1.15198	300.898
LLLYGLLYTLLAYLLSTLILI	LLLGGLLYTLLAYLLSTLILI	-13.7241	-13.3653	0.758648	0.192521	288.358
LLLGGLLYTLLAYLLSTLILI	LLLYGLLYTLLAYLLSTLILI	-13.3653	-13.7241	0.192521	0.758648	276.131
LLLYGLLYTLLAYLLSTLILI	LLLYGLLFTLLAYLLSTLILI	-13.3308	-13.185	1.15198	0.0912572	264.228
LLLYGLLFTLLAYLLSTLILI	LLLYGLLYTLLAYLLSTLILI	-13.185	-13.3308	0.0912572	1.15198	252.655
LLLYGLLYTLLAYLLSTLILI	LLLYGLLFTLLAYLLSTLILI	-13.3308	-13.185	1.15198	0.0912572	190.417
LLLYGLLFTLLAYLLSTLILI	LLLYGLLYTLLAYLLSTLILI	-13.185	-13.3308	0.0912572	1.15198	163.959
LLLYGLLYTLLAYLLSTLILI	LLLGGLLYTLLAYLLSTLILI	-13.7241	-13.3653	0.758648	0.192521	147.996
LLLGGLLYTLLAYLLSTLILI	LLLGGLLFTLLAYLLSTLILI	-12.6051	-12.2295	0.952787	0.132101	140.501
LLLGGLLFTLLAYLLSTLILI	LLLGGLLYTLLAYLLSTLILI	-12.2295	-12.6051	0.132101	0.952787	133.321
LLLGGLLYTLLAYLLSTLILI	LLLGGLLFTLLAYLLSTLILI	-12.6051	-12.2295	0.952787	0.132101	126.449
LLLGGLLFTLLAYLLSTLILI	LLLGGLLYTLLAYLLSTLILI	-12.2295	-12.5567	0.132101	0.952787	119.877
LLLGGLLYTLLAYLLSTLILI	LLLYGLLYTLLAYLLSTLILI	-13.317	-13.7241	0.192521	0.758648	107.601
LLLYGLLYTLLAYLLSTLILI	LLLYGLLFTLLAYLLSTLILI	-13.3308	-13.185	1.15198	0.0912572	91.2238
LLLYGLLFTLLAYLLSTLILI	LLLYGLLYTLLAYLLSTLILI	-13.185	-13.2824	0.0912572	1.15198	81.5606
LLLYGLLYTLLAYLLSTLILI	LLLYGLLFTLLAYLLSTLILI	-13.2824	-13.185	1.15198	0.0912572	68.7677
LLLYGLLFTLLAYLLSTLILI	LLLYGLLYTLLAYLLSTLILI	-13.185	-13.2508	0.0912572	1.15198	64.9219
LLLYGLLYTLLAYLLSTLILI	LLLYGLLFTLLAYLLSTLILI	-13.2508	-13.185	1.15198	0.0912572	23.2154
LLLYGLLFTLLAYLLSTLILI	LLLYGLLYTLLAYLLSTLILI	-13.185	-13.3308	0.0912572	1.15198	21.7826
Time: 524s
