***STARTING GEOMETRY:***
xShift: 8.70083
crossingAngle: 20.5173
axialRotation: 75.7144
zShift: 1.93272

Number of MCCycles: 100
PrevSequence	CurrSequence	PrevEnergy	CurrEnergy	PrevEntropy	CurrEntropy	CurrentTemp
LLLYVLLGLLWWLTGLLLILI	LLLYVLLGLLTWLTGLLLILI	41.8466	40.0398	0.716965	0.209355	999.684
LLLYVLLGLLTWLTGLLLILI	LLLYVLLGLLTWLVGLLLILI	40.4626	43.7258	0.632162	0.249358	999.328
LLLYVLLGLLTWLVGLLLILI	LLLYVLLGLLTYLVGLLLILI	43.8486	46.7766	0.372136	0.451187	998.928
LLLYVLLGLLTYLVGLLLILI	LLLYVLLGLLTYLTGLLLILI	46.5748	43.448	0.249358	0.632162	998.476
LLLYVLLGLLTYLTGLLLILI	LLLYVLLGLLTWLTGLLLILI	43.267	40.2026	0.451187	0.372136	997.967
LLLYVLLGLLTWLTGLLLILI	LLLYVLLGLLTFLTGLLLILI	40.7209	42.4223	0.890414	0.148778	997.394
LLLYVLLGLLTFLTGLLLILI	LLLYVLLGLLTWLTGLLLILI	42.4223	42.3734	0.148778	0.890414	996.749
LLLYVLLGLLTWLTGLLLILI	LLLYWLLGLLTWLTGLLLILI	41.5454	41.0513	0.0623734	1.36313	996.023
LLLYWLLGLLTWLTGLLLILI	LLLYWLLGLLTFLTGLLLILI	40.9192	42.0766	1.23103	0.0790506	995.205
LLLYWLLGLLTFLTGLLLILI	LLLYWLLGLLTWLTGLLLILI	42.0766	40.9192	0.0790506	1.23103	994.285
LLLYWLLGLLTWLTGLLLILI	LLLYVLLGLLTWLTGLLLILI	41.0513	39.8928	1.36313	0.0623734	993.249
LLLYVLLGLLTWLTGLLLILI	LLLYVLLGLLYWLTGLLLILI	40.1592	41.397	0.328724	0.505042	990.773
LLLYVLLGLLYWLTGLLLILI	LLLYVLLGLLTWLTGLLLILI	41.397	40.1592	0.505042	0.328724	989.3
LLLYVLLGLLTWLTGLLLILI	LLLYVLLGLLTWLVGLLLILI	40.4626	43.7258	0.632162	0.249358	987.644
LLLYVLLGLLTWLVGLLLILI	LLLYWLLGLLTWLVGLLLILI	43.5953	44.3436	0.118797	1.00921	985.783
LLLYWLLGLLTWLVGLLLILI	LLLYWLLGLLTWLTGLLLILI	43.4721	40.619	0.137712	0.930859	983.694
LLLYWLLGLLTWLTGLLLILI	LLLYWLLGLLWWLTGLLLILI	39.8356	39.2015	0.147448	0.895094	981.348
LLLYWLLGLLWWLTGLLLILI	LLLYWLLGLLTWLTGLLLILI	39.2015	39.8356	0.895094	0.147448	975.768
LLLYWLLGLLTWLTGLLLILI	LLLYVLLGLLTWLTGLLLILI	41.0513	39.8928	1.36313	0.0623734	972.463
LLLYVLLGLLTWLTGLLLILI	LLLFVLLGLLTWLTGLLLILI	40.4808	42.9394	0.650378	0.240035	968.764
LLLFVLLGLLTWLTGLLLILI	LLLYVLLGLLTWLTGLLLILI	42.9394	40.4808	0.240035	0.650378	964.627
LLLYVLLGLLTWLTGLLLILI	LLLYVLLGLLTWLVGLLLILI	40.4626	43.7258	0.632162	0.249358	960.005
LLLYVLLGLLTWLVGLLLILI	LLLYWLLGLLTWLVGLLLILI	43.5953	44.3436	0.118797	1.00921	954.846
LLLYWLLGLLTWLVGLLLILI	LLLLWLLGLLTWLVGLLLILI	43.8613	45.9716	0.526939	0.312976	949.095
LLLLWLLGLLTWLVGLLLILI	LLLYWLLGLLTWLVGLLLILI	45.9716	43.8613	0.312976	0.526939	942.693
LLLYWLLGLLTWLVGLLLILI	LLLYWLLGLLTWLTGLLLILI	43.4721	40.619	0.137712	0.930859	935.578
LLLYWLLGLLTWLTGLLLILI	LLLYWLLGLLWWLTGLLLILI	39.8356	40.0078	0.147448	0.895094	927.683
LLLYWLLGLLWWLTGLLLILI	LLLYWLLGLLYWLTGLLLILI	39.8751	39.7987	0.76241	0.191082	918.939
LLLYWLLGLLYWLTGLLLILI	LLLYWLLGLLTWLTGLLLILI	40.1126	40.0169	0.505042	0.328724	909.276
LLLYWLLGLLTWLTGLLLILI	LLLFWLLGLLTWLTGLLLILI	40.3385	42.3719	0.650378	0.240035	898.621
LLLFWLLGLLTWLTGLLLILI	LLLFVLLGLLTWLTGLLLILI	43.495	42.7617	1.36313	0.0623734	886.903
LLLFVLLGLLTWLTGLLLILI	LLLYVLLGLLTWLTGLLLILI	42.9394	40.4808	0.240035	0.650378	874.051
LLLYVLLGLLTWLTGLLLILI	LLLYVLLGLLWWLTGLLLILI	40.0398	41.2311	0.209355	0.716965	859.999
LLLYVLLGLLWWLTGLLLILI	LLLYVLLGLLTWLTGLLLILI	41.2311	40.0398	0.716965	0.209355	844.686
LLLYVLLGLLTWLTGLLLILI	LLLYVLLGLLTFLTGLLLILI	40.7209	42.4223	0.890414	0.148778	810.083
LLLYVLLGLLTFLTGLLLILI	LLLYWLLGLLTFLTGLLLILI	42.3923	43.0068	0.118797	1.00921	790.724
LLLYWLLGLLTFLTGLLLILI	LLLYWLLGLLTWLTGLLLILI	42.0766	40.9192	0.0790506	1.23103	769.974
LLLYWLLGLLTWLTGLLLILI	LLLYVLLGLLTWLTGLLLILI	41.0513	39.8928	1.36313	0.0623734	747.845
LLLYVLLGLLTWLTGLLLILI	LLLYVLLGLLTFLTGLLLILI	40.7209	42.4223	0.890414	0.148778	724.369
LLLYVLLGLLTFLTGLLLILI	LLLYWLLGLLTFLTGLLLILI	42.3923	43.0068	0.118797	1.00921	699.602
LLLYWLLGLLTFLTGLLLILI	LLLLWLLGLLTFLTGLLLILI	42.5245	44.6521	0.526939	0.312976	673.628
LLLLWLLGLLTFLTGLLLILI	LLLYWLLGLLTFLTGLLLILI	44.6521	42.5245	0.312976	0.526939	646.557
LLLYWLLGLLTFLTGLLLILI	LLLYVLLGLLTFLTGLLLILI	43.0068	42.3923	1.00921	0.118797	618.524
LLLYVLLGLLTFLTGLLLILI	LLLYVLLGLLTWLTGLLLILI	42.4223	42.3734	0.148778	0.890414	589.688
LLLYVLLGLLTWLTGLLLILI	LLLFVLLGLLTWLTGLLLILI	42.1334	42.9394	0.650378	0.240035	560.23
LLLFVLLGLLTWLTGLLLILI	LLLYVLLGLLTWLTGLLLILI	42.9394	40.4808	0.240035	0.650378	530.348
LLLYVLLGLLTWLTGLLLILI	LLLYVLLGLLYWLTGLLLILI	40.1592	41.397	0.328724	0.505042	500.25
LLLYVLLGLLYWLTGLLLILI	LLLYWLLGLLYWLTGLLLILI	40.9543	40.9707	0.0623734	1.36313	440.27
LLLYWLLGLLYWLTGLLLILI	LLLYVLLGLLYWLTGLLLILI	40.9707	40.9543	1.36313	0.0623734	381.976
LLLYVLLGLLYWLTGLLLILI	LLLYVLLGLLTWLTGLLLILI	41.397	40.1592	0.505042	0.328724	353.943
LLLYVLLGLLTWLTGLLLILI	LLLYVLLGLLWWLTGLLLILI	40.0398	40.4488	0.209355	0.716965	326.872
LLLYVLLGLLWWLTGLLLILI	LLLYVLLGLLTWLTGLLLILI	40.4488	40.0398	0.716965	0.209355	276.131
LLLYVLLGLLTWLTGLLLILI	LLLYVLLGLLWWLTGLLLILI	40.0398	40.4488	0.209355	0.716965	230.526
LLLYVLLGLLWWLTGLLLILI	LLLYVLLGLLTWLTGLLLILI	40.4488	40.0398	0.716965	0.209355	190.417
LLLYVLLGLLTWLTGLLLILI	LLLYVLLGLLWWLTGLLLILI	40.0398	40.4488	0.209355	0.716965	113.597
LLLYVLLGLLWWLTGLLLILI	LLLYVLLGLLTWLTGLLLILI	40.4488	40.0398	0.716965	0.209355	101.879
Time: 93s
