MCAccept 0 xShift: 8.34 crossingAngle: -39.28 axialRotation: -75.3064 zShift: 1.74 energy: -7.86166
MCReject   xShift: 8.33667 crossingAngle: -39.28 axialRotation: -75.3064 zShift: 1.74 energy: -7.50259
MCAccept 1 xShift: 8.34 crossingAngle: -39.28 axialRotation: -75.3064 zShift: 1.7516 energy: -9.54918
MCReject   xShift: 8.34 crossingAngle: -39.28 axialRotation: -75.4948 zShift: 1.7516 energy: -7.80252
MCAccept 2 xShift: 8.34 crossingAngle: -39.28 axialRotation: -75.2876 zShift: 1.7516 energy: -10.7163
MCReject   xShift: 8.34 crossingAngle: -39.2685 axialRotation: -75.2876 zShift: 1.7516 energy: -10.4925
MCReject   xShift: 8.34486 crossingAngle: -39.28 axialRotation: -75.2876 zShift: 1.7516 energy: -7.83914
MCReject   xShift: 8.34 crossingAngle: -39.28 axialRotation: -75.2876 zShift: 1.75106 energy: -9.53774
MCReject   xShift: 8.34 crossingAngle: -39.28 axialRotation: -75.1688 zShift: 1.7516 energy: -9.53887
MCReject   xShift: 8.3427 crossingAngle: -39.28 axialRotation: -75.2876 zShift: 1.7516 energy: -9.65003
MCReject   xShift: 8.34 crossingAngle: -39.28 axialRotation: -75.4443 zShift: 1.7516 energy: -7.77086
MCReject   xShift: 8.34 crossingAngle: -39.28 axialRotation: -75.3315 zShift: 1.7516 energy: -7.46184
MCReject   xShift: 8.34 crossingAngle: -39.1211 axialRotation: -75.2876 zShift: 1.7516 energy: -9.54918
MCReject   xShift: 8.3424 crossingAngle: -39.28 axialRotation: -75.2876 zShift: 1.7516 energy: -7.36172
MCReject   xShift: 8.34 crossingAngle: -39.28 axialRotation: -75.3432 zShift: 1.7516 energy: -7.83914
MCReject   xShift: 8.34 crossingAngle: -39.2275 axialRotation: -75.2876 zShift: 1.7516 energy: -7.56266
MCReject   xShift: 8.34 crossingAngle: -39.28 axialRotation: -75.2876 zShift: 1.75243 energy: -9.64148
MCReject   xShift: 8.34 crossingAngle: -39.28 axialRotation: -75.1987 zShift: 1.7516 energy: -7.63961
MCAccept 3 xShift: 8.34 crossingAngle: -39.28 axialRotation: -75.3128 zShift: 1.7516 energy: -10.8172
MCReject   xShift: 8.34 crossingAngle: -39.1447 axialRotation: -75.3128 zShift: 1.7516 energy: -7.90337
MCReject   xShift: 8.34385 crossingAngle: -39.28 axialRotation: -75.3128 zShift: 1.7516 energy: -7.90337
MCReject   xShift: 8.34 crossingAngle: -39.28 axialRotation: -75.3128 zShift: 1.74531 energy: -7.42972
MCReject   xShift: 8.34 crossingAngle: -39.28 axialRotation: -75.2482 zShift: 1.7516 energy: -10.4925
MCAccept 4 xShift: 8.34057 crossingAngle: -39.28 axialRotation: -75.3128 zShift: 1.7516 energy: -10.4925
MCReject   xShift: 8.34057 crossingAngle: -39.3316 axialRotation: -75.3128 zShift: 1.7516 energy: -7.80252
MCReject   xShift: 8.32547 crossingAngle: -39.28 axialRotation: -75.3128 zShift: 1.7516 energy: -7.87171
MCReject   xShift: 8.31866 crossingAngle: -39.28 axialRotation: -75.3128 zShift: 1.7516 energy: -7.56266
MCReject   xShift: 8.34057 crossingAngle: -39.387 axialRotation: -75.3128 zShift: 1.7516 energy: -7.77086
MCAccept 5 xShift: 8.34057 crossingAngle: -39.28 axialRotation: -75.3556 zShift: 1.7516 energy: -10.8172
MCAccept 6 xShift: 8.3286 crossingAngle: -39.28 axialRotation: -75.3556 zShift: 1.7516 energy: -10.7163
MCReject   xShift: 8.32937 crossingAngle: -39.28 axialRotation: -75.3556 zShift: 1.7516 energy: -7.90337
MCAccept 7 xShift: 8.32468 crossingAngle: -39.28 axialRotation: -75.3556 zShift: 1.7516 energy: -10.8172
MCReject   xShift: 8.33054 crossingAngle: -39.28 axialRotation: -75.3556 zShift: 1.7516 energy: -10.5934
MCReject   xShift: 8.32519 crossingAngle: -39.28 axialRotation: -75.3556 zShift: 1.7516 energy: -9.63972
MCReject   xShift: 8.32468 crossingAngle: -39.28 axialRotation: -75.368 zShift: 1.7516 energy: -7.87171
MCReject   xShift: 8.32566 crossingAngle: -39.28 axialRotation: -75.3556 zShift: 1.7516 energy: -7.56266
MCReject   xShift: 8.32468 crossingAngle: -39.28 axialRotation: -75.3556 zShift: 1.74671 energy: -9.63932
MCAccept 8 xShift: 8.33253 crossingAngle: -39.28 axialRotation: -75.3556 zShift: 1.7516 energy: -10.8172
MCReject   xShift: 8.33253 crossingAngle: -39.28 axialRotation: -75.3556 zShift: 1.76288 energy: -9.66296
MCReject   xShift: 8.33253 crossingAngle: -39.2467 axialRotation: -75.3556 zShift: 1.7516 energy: -7.83914
MCReject   xShift: 8.34421 crossingAngle: -39.28 axialRotation: -75.3556 zShift: 1.7516 energy: -7.90337
MCReject   xShift: 8.33253 crossingAngle: -39.4498 axialRotation: -75.3556 zShift: 1.7516 energy: -7.26085
MCReject   xShift: 8.33253 crossingAngle: -39.28 axialRotation: -75.3214 zShift: 1.7516 energy: -9.53887
MCReject   xShift: 8.33253 crossingAngle: -39.3206 axialRotation: -75.3556 zShift: 1.7516 energy: -10.5934
MCAccept 9 xShift: 8.34351 crossingAngle: -39.28 axialRotation: -75.3556 zShift: 1.7516 energy: -10.7163
MCAccept 10 xShift: 8.34541 crossingAngle: -39.28 axialRotation: -75.3556 zShift: 1.7516 energy: -10.7163
MCReject   xShift: 8.34541 crossingAngle: -39.28 axialRotation: -75.3628 zShift: 1.7516 energy: -9.65003
MCReject   xShift: 8.36976 crossingAngle: -39.28 axialRotation: -75.3556 zShift: 1.7516 energy: -6.66883
MCReject   xShift: 8.34541 crossingAngle: -39.28 axialRotation: -75.3556 zShift: 1.76763 energy: -7.95814
MCAccept 11 xShift: 8.34541 crossingAngle: -39.28 axialRotation: -75.3637 zShift: 1.7516 energy: -10.8172
MCAccept 12 xShift: 8.36082 crossingAngle: -39.28 axialRotation: -75.3637 zShift: 1.7516 energy: -10.8172
MCReject   xShift: 8.36082 crossingAngle: -39.28 axialRotation: -75.2457 zShift: 1.7516 energy: -7.46184
MCReject   xShift: 8.36082 crossingAngle: -39.28 axialRotation: -75.5767 zShift: 1.7516 energy: -9.65003
MCReject   xShift: 8.36082 crossingAngle: -39.2521 axialRotation: -75.3637 zShift: 1.7516 energy: -7.80252
MCReject   xShift: 8.35453 crossingAngle: -39.28 axialRotation: -75.3637 zShift: 1.7516 energy: -7.63961
MCReject   xShift: 8.36082 crossingAngle: -39.28 axialRotation: -75.2744 zShift: 1.7516 energy: -7.56266
MCReject   xShift: 8.36082 crossingAngle: -39.28 axialRotation: -75.3637 zShift: 1.75678 energy: -7.85866
MCReject   xShift: 8.36082 crossingAngle: -39.0762 axialRotation: -75.3637 zShift: 1.7516 energy: -7.77086
MCAccept 13 xShift: 8.36082 crossingAngle: -39.1919 axialRotation: -75.3637 zShift: 1.7516 energy: -10.8172
MCAccept 14 xShift: 8.36589 crossingAngle: -39.1919 axialRotation: -75.3637 zShift: 1.7516 energy: -10.8172
MCReject   xShift: 8.36589 crossingAngle: -39.0604 axialRotation: -75.3637 zShift: 1.7516 energy: -7.90337
MCReject   xShift: 8.36589 crossingAngle: -39.1919 axialRotation: -75.3637 zShift: 1.72831 energy: -6.42267
MCReject   xShift: 8.35751 crossingAngle: -39.1919 axialRotation: -75.3637 zShift: 1.7516 energy: -7.56266
MCAccept 15 xShift: 8.36589 crossingAngle: -39.1919 axialRotation: -75.3637 zShift: 1.7415 energy: -10.6783
MCReject   xShift: 8.36589 crossingAngle: -39.1376 axialRotation: -75.3637 zShift: 1.7415 energy: -6.6308
MCAccept 16 xShift: 8.3523 crossingAngle: -39.1919 axialRotation: -75.3637 zShift: 1.7415 energy: -10.6783
MCReject   xShift: 8.3467 crossingAngle: -39.1919 axialRotation: -75.3637 zShift: 1.7415 energy: -9.77096
MCReject   xShift: 8.3523 crossingAngle: -39.1919 axialRotation: -75.3637 zShift: 1.73784 energy: -7.58831
MCReject   xShift: 8.3523 crossingAngle: -39.1919 axialRotation: -75.3637 zShift: 1.72489 energy: -7.63879
MCReject   xShift: 8.34274 crossingAngle: -39.1919 axialRotation: -75.3637 zShift: 1.7415 energy: -9.62752
MCAccept 17 xShift: 8.3523 crossingAngle: -39.2236 axialRotation: -75.3637 zShift: 1.7415 energy: -10.7786
MCAccept 18 xShift: 8.3523 crossingAngle: -39.2236 axialRotation: -75.3637 zShift: 1.73422 energy: -10.6505
MCAccept 19 xShift: 8.3523 crossingAngle: -39.1354 axialRotation: -75.3637 zShift: 1.73422 energy: -10.4277
MCAccept 20 xShift: 8.3523 crossingAngle: -39.1354 axialRotation: -75.3637 zShift: 1.74333 energy: -10.7857
MCAccept 21 xShift: 8.3523 crossingAngle: -39.021 axialRotation: -75.3637 zShift: 1.74333 energy: -10.462
MCReject   xShift: 8.3523 crossingAngle: -39.021 axialRotation: -75.4721 zShift: 1.74333 energy: -9.53136
MCReject   xShift: 8.3523 crossingAngle: -39.021 axialRotation: -75.3637 zShift: 1.72983 energy: -7.75576
MCReject   xShift: 8.3523 crossingAngle: -39.021 axialRotation: -75.3637 zShift: 1.74961 energy: -7.89634
MCAccept 22 xShift: 8.3523 crossingAngle: -39.021 axialRotation: -75.4468 zShift: 1.74333 energy: -10.5623
MCReject   xShift: 8.34825 crossingAngle: -39.021 axialRotation: -75.4468 zShift: 1.74333 energy: -9.63172
MCAccept 23 xShift: 8.35835 crossingAngle: -39.021 axialRotation: -75.4468 zShift: 1.74333 energy: -10.5623
MCReject   xShift: 8.33545 crossingAngle: -39.021 axialRotation: -75.4468 zShift: 1.74333 energy: -10.462
MCReject   xShift: 8.36125 crossingAngle: -39.021 axialRotation: -75.4468 zShift: 1.74333 energy: -10.462
MCAccept 24 xShift: 8.37434 crossingAngle: -39.021 axialRotation: -75.4468 zShift: 1.74333 energy: -10.6853
MCAccept 25 xShift: 8.3739 crossingAngle: -39.021 axialRotation: -75.4468 zShift: 1.74333 energy: -10.6853
MCAccept 26 xShift: 8.35249 crossingAngle: -39.021 axialRotation: -75.4468 zShift: 1.74333 energy: -10.7857
MCReject   xShift: 8.35249 crossingAngle: -38.8264 axialRotation: -75.4468 zShift: 1.74333 energy: -7.31965
MCReject   xShift: 8.35249 crossingAngle: -39.021 axialRotation: -75.4468 zShift: 1.76736 energy: -9.6717
MCReject   xShift: 8.35249 crossingAngle: -39.021 axialRotation: -75.4468 zShift: 1.75301 energy: -7.87665
MCReject   xShift: 8.35249 crossingAngle: -39.021 axialRotation: -75.4468 zShift: 1.76131 energy: -7.61254
MCAccept 27 xShift: 8.35249 crossingAngle: -39.1439 axialRotation: -75.4468 zShift: 1.74333 energy: -10.6853
MCReject   xShift: 8.37041 crossingAngle: -39.1439 axialRotation: -75.4468 zShift: 1.74333 energy: -7.31965
MCReject   xShift: 8.36046 crossingAngle: -39.1439 axialRotation: -75.4468 zShift: 1.74333 energy: -10.462
MCReject   xShift: 8.35249 crossingAngle: -39.2378 axialRotation: -75.4468 zShift: 1.74333 energy: -10.462
MCReject   xShift: 8.35249 crossingAngle: -39.1439 axialRotation: -75.5737 zShift: 1.74333 energy: -7.10609
MCReject   xShift: 8.35249 crossingAngle: -39.0838 axialRotation: -75.4468 zShift: 1.74333 energy: -10.5623
MCReject   xShift: 8.35249 crossingAngle: -39.1733 axialRotation: -75.4468 zShift: 1.74333 energy: -7.84218
MCAccept 28 xShift: 8.35249 crossingAngle: -39.1439 axialRotation: -75.3473 zShift: 1.74333 energy: -10.462
MCAccept 29 xShift: 8.35249 crossingAngle: -39.1439 axialRotation: -75.3271 zShift: 1.74333 energy: -10.7857
MCAccept 30 xShift: 8.35249 crossingAngle: -39.1536 axialRotation: -75.3271 zShift: 1.74333 energy: -10.6853
MCAccept 31 xShift: 8.35249 crossingAngle: -39.1536 axialRotation: -75.3271 zShift: 1.73397 energy: -10.7493
MCReject   xShift: 8.34243 crossingAngle: -39.1536 axialRotation: -75.3271 zShift: 1.73397 energy: -9.60988
MCReject   xShift: 8.35249 crossingAngle: -39.1325 axialRotation: -75.3271 zShift: 1.73397 energy: -10.5265
MCAccept 32 xShift: 8.35071 crossingAngle: -39.1536 axialRotation: -75.3271 zShift: 1.73397 energy: -10.5265
MCAccept 33 xShift: 8.35071 crossingAngle: -39.1536 axialRotation: -75.3234 zShift: 1.73397 energy: -10.6495
MCReject   xShift: 8.35071 crossingAngle: -39.1536 axialRotation: -75.3191 zShift: 1.73397 energy: -9.74779
MCReject   xShift: 8.35071 crossingAngle: -39.3015 axialRotation: -75.3234 zShift: 1.73397 energy: -7.47116
MCReject   xShift: 8.35267 crossingAngle: -39.1536 axialRotation: -75.3234 zShift: 1.73397 energy: -9.51009
MCAccept 34 xShift: 8.35071 crossingAngle: -39.1536 axialRotation: -75.269 zShift: 1.73397 energy: -10.6495
MCAccept 35 xShift: 8.35071 crossingAngle: -39.0474 axialRotation: -75.269 zShift: 1.73397 energy: -10.4267
MCReject   xShift: 8.35071 crossingAngle: -38.9381 axialRotation: -75.269 zShift: 1.73397 energy: -7.37139
MCReject   xShift: 8.35071 crossingAngle: -39.0474 axialRotation: -75.269 zShift: 1.71878 energy: -7.39129
MCReject   xShift: 8.35071 crossingAngle: -39.0474 axialRotation: -75.0771 zShift: 1.73397 energy: -7.70791
MCReject   xShift: 8.35071 crossingAngle: -38.9399 axialRotation: -75.269 zShift: 1.73397 energy: -7.70791
MCAccept 36 xShift: 8.35071 crossingAngle: -39.0474 axialRotation: -75.269 zShift: 1.72082 energy: -10.4751
MCAccept 37 xShift: 8.3475 crossingAngle: -39.0474 axialRotation: -75.269 zShift: 1.72082 energy: -10.5981
MCAccept 38 xShift: 8.3475 crossingAngle: -39.0379 axialRotation: -75.269 zShift: 1.72082 energy: -10.6971
MCReject   xShift: 8.3416 crossingAngle: -39.0379 axialRotation: -75.269 zShift: 1.72082 energy: -7.78902
MCAccept 39 xShift: 8.32601 crossingAngle: -39.0379 axialRotation: -75.269 zShift: 1.72082 energy: -10.6971
MCReject   xShift: 8.3194 crossingAngle: -39.0379 axialRotation: -75.269 zShift: 1.72082 energy: -7.4231
MCReject   xShift: 8.32601 crossingAngle: -39.0379 axialRotation: -75.4109 zShift: 1.72082 energy: -10.3761
MCReject   xShift: 8.32601 crossingAngle: -39.0379 axialRotation: -75.3133 zShift: 1.72082 energy: -7.6231
MCReject   xShift: 8.32601 crossingAngle: -39.0379 axialRotation: -75.2278 zShift: 1.72082 energy: -7.40206
MCReject   xShift: 8.32358 crossingAngle: -39.0379 axialRotation: -75.269 zShift: 1.72082 energy: -7.2037
MCReject   xShift: 8.3252 crossingAngle: -39.0379 axialRotation: -75.269 zShift: 1.72082 energy: -9.56763
MCReject   xShift: 8.32601 crossingAngle: -39.0284 axialRotation: -75.269 zShift: 1.72082 energy: -9.57728
MCReject   xShift: 8.32601 crossingAngle: -39.0379 axialRotation: -75.1883 zShift: 1.72082 energy: -9.57728
MCAccept 40 xShift: 8.32601 crossingAngle: -38.9557 axialRotation: -75.269 zShift: 1.72082 energy: -10.5981
MCReject   xShift: 8.32364 crossingAngle: -38.9557 axialRotation: -75.269 zShift: 1.72082 energy: -7.7206
MCReject   xShift: 8.32601 crossingAngle: -38.9557 axialRotation: -75.269 zShift: 1.72754 energy: -7.81498
MCAccept 41 xShift: 8.32601 crossingAngle: -38.9557 axialRotation: -75.2571 zShift: 1.72082 energy: -10.5981
MCAccept 42 xShift: 8.32601 crossingAngle: -38.9557 axialRotation: -75.3024 zShift: 1.72082 energy: -10.6971
MCReject   xShift: 8.32601 crossingAngle: -38.9557 axialRotation: -75.3024 zShift: 1.71732 energy: -7.51019
MCReject   xShift: 8.33777 crossingAngle: -38.9557 axialRotation: -75.3024 zShift: 1.72082 energy: -9.57728
MCReject   xShift: 8.32601 crossingAngle: -38.9557 axialRotation: -75.3204 zShift: 1.72082 energy: -7.4231
MCReject   xShift: 8.32601 crossingAngle: -38.7655 axialRotation: -75.3024 zShift: 1.72082 energy: -7.40206
MCReject   xShift: 8.32601 crossingAngle: -38.9557 axialRotation: -75.3838 zShift: 1.72082 energy: -7.10467
MCReject   xShift: 8.33347 crossingAngle: -38.9557 axialRotation: -75.3024 zShift: 1.72082 energy: -9.47827
MCReject   xShift: 8.32601 crossingAngle: -38.9557 axialRotation: -75.3024 zShift: 1.71338 energy: -10.5685
MCAccept 43 xShift: 8.32601 crossingAngle: -39.0486 axialRotation: -75.3024 zShift: 1.72082 energy: -10.6971
MCReject   xShift: 8.32601 crossingAngle: -38.9775 axialRotation: -75.3024 zShift: 1.72082 energy: -7.10467
MCReject   xShift: 8.32601 crossingAngle: -39.0486 axialRotation: -75.3024 zShift: 1.7099 energy: -10.3331
MCReject   xShift: 8.32601 crossingAngle: -38.9905 axialRotation: -75.3024 zShift: 1.72082 energy: -9.56763
MCAccept 44 xShift: 8.32757 crossingAngle: -39.0486 axialRotation: -75.3024 zShift: 1.72082 energy: -10.6971
MCReject   xShift: 8.32757 crossingAngle: -39.104 axialRotation: -75.3024 zShift: 1.72082 energy: -10.3761
MCReject   xShift: 8.32757 crossingAngle: -39.0486 axialRotation: -75.3024 zShift: 1.70747 energy: -6.39746
MCReject   xShift: 8.32757 crossingAngle: -39.1163 axialRotation: -75.3024 zShift: 1.72082 energy: -9.47827
MCReject   xShift: 8.32757 crossingAngle: -39.0486 axialRotation: -75.2654 zShift: 1.72082 energy: -10.4751
MCReject   xShift: 8.32757 crossingAngle: -39.2796 axialRotation: -75.3024 zShift: 1.72082 energy: -9.46862
MCReject   xShift: 8.32757 crossingAngle: -39.2764 axialRotation: -75.3024 zShift: 1.72082 energy: -7.52361
MCReject   xShift: 8.32757 crossingAngle: -39.1562 axialRotation: -75.3024 zShift: 1.72082 energy: -9.56763
MCReject   xShift: 8.32757 crossingAngle: -38.892 axialRotation: -75.3024 zShift: 1.72082 energy: -7.40206
MCReject   xShift: 8.32757 crossingAngle: -39.0486 axialRotation: -75.3024 zShift: 1.71437 energy: -9.56051
MCReject   xShift: 8.32757 crossingAngle: -39.0605 axialRotation: -75.3024 zShift: 1.72082 energy: -10.4751
MCReject   xShift: 8.32757 crossingAngle: -39.0965 axialRotation: -75.3024 zShift: 1.72082 energy: -9.57728
MCReject   xShift: 8.32757 crossingAngle: -39.0486 axialRotation: -75.3024 zShift: 1.72996 energy: -7.45014
MCReject   xShift: 8.32757 crossingAngle: -38.8469 axialRotation: -75.3024 zShift: 1.72082 energy: -7.7206
MCReject   xShift: 8.32757 crossingAngle: -39.1244 axialRotation: -75.3024 zShift: 1.72082 energy: -9.8471
MCReject   xShift: 8.32896 crossingAngle: -39.0486 axialRotation: -75.3024 zShift: 1.72082 energy: -7.2037
MCReject   xShift: 8.32757 crossingAngle: -39.0486 axialRotation: -75.3765 zShift: 1.72082 energy: -9.46862
MCReject   xShift: 8.33032 crossingAngle: -39.0486 axialRotation: -75.3024 zShift: 1.72082 energy: -9.47827
MCReject   xShift: 8.32757 crossingAngle: -39.0486 axialRotation: -75.3024 zShift: 1.72606 energy: -7.64329
MCReject   xShift: 8.32757 crossingAngle: -39.0486 axialRotation: -75.193 zShift: 1.72082 energy: -7.30308
MCReject   xShift: 8.32757 crossingAngle: -39.0486 axialRotation: -75.3207 zShift: 1.72082 energy: -7.78902
MCReject   xShift: 8.32757 crossingAngle: -39.0708 axialRotation: -75.3024 zShift: 1.72082 energy: -9.56763
MCReject   xShift: 8.32757 crossingAngle: -39.0486 axialRotation: -75.3196 zShift: 1.72082 energy: -10.3761
MCReject   xShift: 8.32757 crossingAngle: -39.0486 axialRotation: -75.3024 zShift: 1.71521 energy: -9.46406
MCReject   xShift: 8.32757 crossingAngle: -38.9709 axialRotation: -75.3024 zShift: 1.72082 energy: -10.5981
MCReject   xShift: 8.3407 crossingAngle: -39.0486 axialRotation: -75.3024 zShift: 1.72082 energy: -9.56763
MCReject   xShift: 8.32757 crossingAngle: -39.0486 axialRotation: -75.3181 zShift: 1.72082 energy: -9.57728
MCReject   xShift: 8.30864 crossingAngle: -39.0486 axialRotation: -75.3024 zShift: 1.72082 energy: -9.56763
MCReject   xShift: 8.32757 crossingAngle: -39.0486 axialRotation: -75.3024 zShift: 1.71949 energy: -6.54462
MCReject   xShift: 8.32757 crossingAngle: -39.0486 axialRotation: -75.3024 zShift: 1.70652 energy: -9.43193
MCReject   xShift: 8.32757 crossingAngle: -39.0459 axialRotation: -75.3024 zShift: 1.72082 energy: -9.56763
Energy #0: -10.6971
***GEOMETRY SHIFT***
xShift;        Before: 8.34; After: 8.32757
crossingAngle; Before: -39.28; After: -39.0486
axialRotation; Before: -74.85; After: -75.3024
zShift;        Before: 1.74; After: 1.72082
Energy;        Before: 5.53278e+09; After: -10.6971

Reached 51 cycles without improvement of 0.001. Accepted 45/174
Monte Carlo repack complete. Time: 47.1min

