MCAccept 0 xShift: 7.54629 crossingAngle: -42.6042 axialRotation: -90.1058 zShift: 5.40488 energy: -29.5563
MCAccept 1 xShift: 7.53609 crossingAngle: -42.6042 axialRotation: -90.1058 zShift: 5.40488 energy: -29.5563
MCReject   xShift: 7.53609 crossingAngle: -42.6042 axialRotation: -90.1179 zShift: 5.40488 energy: -29.5419
MCAccept 2 xShift: 7.53609 crossingAngle: -42.6753 axialRotation: -90.1058 zShift: 5.40488 energy: -29.5419
MCReject   xShift: 7.53609 crossingAngle: -42.6753 axialRotation: -90.0498 zShift: 5.40488 energy: -25.9968
MCReject   xShift: 7.53609 crossingAngle: -42.6753 axialRotation: -90.1058 zShift: 5.41644 energy: -23.8986
MCAccept 3 xShift: 7.53635 crossingAngle: -42.6753 axialRotation: -90.1058 zShift: 5.40488 energy: -29.5419
MCAccept 4 xShift: 7.53635 crossingAngle: -42.6702 axialRotation: -90.1058 zShift: 5.40488 energy: -29.5563
MCAccept 5 xShift: 7.53635 crossingAngle: -42.6702 axialRotation: -90.2724 zShift: 5.40488 energy: -29.5419
MCAccept 6 xShift: 7.53635 crossingAngle: -42.7088 axialRotation: -90.2724 zShift: 5.40488 energy: -29.5419
MCReject   xShift: 7.53635 crossingAngle: -42.5275 axialRotation: -90.2724 zShift: 5.40488 energy: -20.0588
MCAccept 7 xShift: 7.53635 crossingAngle: -42.7088 axialRotation: -90.2724 zShift: 5.39952 energy: -29.4782
MCReject   xShift: 7.53635 crossingAngle: -42.7088 axialRotation: -90.3482 zShift: 5.39952 energy: -23.7972
MCAccept 8 xShift: 7.52491 crossingAngle: -42.7088 axialRotation: -90.2724 zShift: 5.39952 energy: -29.4782
MCReject   xShift: 7.52491 crossingAngle: -42.4766 axialRotation: -90.2724 zShift: 5.39952 energy: -23.6636
MCReject   xShift: 7.52247 crossingAngle: -42.7088 axialRotation: -90.2724 zShift: 5.39952 energy: -25.6482
MCReject   xShift: 7.52491 crossingAngle: -42.7088 axialRotation: -90.2724 zShift: 5.39369 energy: -25.8588
MCReject   xShift: 7.52491 crossingAngle: -42.7088 axialRotation: -90.3449 zShift: 5.39952 energy: -25.6482
MCAccept 9 xShift: 7.53419 crossingAngle: -42.7088 axialRotation: -90.2724 zShift: 5.39952 energy: -29.7334
MCReject   xShift: 7.53419 crossingAngle: -42.7088 axialRotation: -90.2399 zShift: 5.39952 energy: -25.5742
MCReject   xShift: 7.53419 crossingAngle: -42.8751 axialRotation: -90.2724 zShift: 5.39952 energy: -25.5598
MCReject   xShift: 7.53419 crossingAngle: -42.7088 axialRotation: -90.074 zShift: 5.39952 energy: -23.6492
MCReject   xShift: 7.53419 crossingAngle: -42.7088 axialRotation: -90.1748 zShift: 5.39952 energy: -23.6492
MCReject   xShift: 7.53419 crossingAngle: -42.7088 axialRotation: -90.2783 zShift: 5.39952 energy: -23.7972
MCAccept 10 xShift: 7.53071 crossingAngle: -42.7088 axialRotation: -90.2724 zShift: 5.39952 energy: -29.4782
MCAccept 11 xShift: 7.53071 crossingAngle: -42.7088 axialRotation: -90.1747 zShift: 5.39952 energy: -29.4782
MCReject   xShift: 7.53071 crossingAngle: -42.794 axialRotation: -90.1747 zShift: 5.39952 energy: -23.542
MCReject   xShift: 7.53071 crossingAngle: -42.8277 axialRotation: -90.1747 zShift: 5.39952 energy: -23.6492
MCReject   xShift: 7.53071 crossingAngle: -42.7088 axialRotation: -90.2312 zShift: 5.39952 energy: -23.6636
MCReject   xShift: 7.52471 crossingAngle: -42.7088 axialRotation: -90.1747 zShift: 5.39952 energy: -23.9187
MCAccept 12 xShift: 7.53316 crossingAngle: -42.7088 axialRotation: -90.1747 zShift: 5.39952 energy: -29.4782
MCAccept 13 xShift: 7.55906 crossingAngle: -42.7088 axialRotation: -90.1747 zShift: 5.39952 energy: -29.7334
MCAccept 14 xShift: 7.55906 crossingAngle: -42.7088 axialRotation: -90.0121 zShift: 5.39952 energy: -29.4639
MCReject   xShift: 7.55906 crossingAngle: -42.7088 axialRotation: -89.9999 zShift: 5.39952 energy: -23.542
MCAccept 15 xShift: 7.55917 crossingAngle: -42.7088 axialRotation: -90.0121 zShift: 5.39952 energy: -29.7334
MCReject   xShift: 7.55917 crossingAngle: -42.6582 axialRotation: -90.0121 zShift: 5.39952 energy: -23.6636
MCReject   xShift: 7.55917 crossingAngle: -42.7088 axialRotation: -90.0121 zShift: 5.39647 energy: -17.727
MCReject   xShift: 7.55917 crossingAngle: -42.6578 axialRotation: -90.0121 zShift: 5.39952 energy: -25.6338
MCReject   xShift: 7.55917 crossingAngle: -42.7375 axialRotation: -90.0121 zShift: 5.39952 energy: -25.6338
MCAccept 16 xShift: 7.55917 crossingAngle: -42.7722 axialRotation: -90.0121 zShift: 5.39952 energy: -29.4782
MCReject   xShift: 7.55917 crossingAngle: -42.7722 axialRotation: -90.0121 zShift: 5.41872 energy: -24.0126
MCAccept 17 xShift: 7.545 crossingAngle: -42.7722 axialRotation: -90.0121 zShift: 5.39952 energy: -29.7334
MCReject   xShift: 7.545 crossingAngle: -42.7722 axialRotation: -90.0121 zShift: 5.40319 energy: -25.7118
MCReject   xShift: 7.545 crossingAngle: -42.7722 axialRotation: -90.0547 zShift: 5.39952 energy: -29.4782
MCReject   xShift: 7.56051 crossingAngle: -42.7722 axialRotation: -90.0121 zShift: 5.39952 energy: -29.4782
MCReject   xShift: 7.53887 crossingAngle: -42.7722 axialRotation: -90.0121 zShift: 5.39952 energy: -23.6636
MCReject   xShift: 7.545 crossingAngle: -42.7722 axialRotation: -90.0121 zShift: 5.38744 energy: -26.0076
MCReject   xShift: 7.54371 crossingAngle: -42.7722 axialRotation: -90.0121 zShift: 5.39952 energy: -29.4782
MCReject   xShift: 7.54166 crossingAngle: -42.7722 axialRotation: -90.0121 zShift: 5.39952 energy: -25.9033
MCReject   xShift: 7.545 crossingAngle: -42.7722 axialRotation: -90.0121 zShift: 5.39672 energy: -29.4369
MCReject   xShift: 7.545 crossingAngle: -42.7722 axialRotation: -89.883 zShift: 5.39952 energy: -25.9033
MCReject   xShift: 7.545 crossingAngle: -42.7722 axialRotation: -90.0121 zShift: 5.39199 energy: -23.4188
MCReject   xShift: 7.545 crossingAngle: -42.7803 axialRotation: -90.0121 zShift: 5.39952 energy: -25.8488
MCReject   xShift: 7.545 crossingAngle: -42.7722 axialRotation: -90.2172 zShift: 5.39952 energy: -29.4782
MCAccept 18 xShift: 7.52695 crossingAngle: -42.7722 axialRotation: -90.0121 zShift: 5.39952 energy: -29.4639
MCReject   xShift: 7.54665 crossingAngle: -42.7722 axialRotation: -90.0121 zShift: 5.39952 energy: -23.7972
MCAccept 19 xShift: 7.52695 crossingAngle: -42.7722 axialRotation: -90.1191 zShift: 5.39952 energy: -29.4639
MCAccept 20 xShift: 7.52557 crossingAngle: -42.7722 axialRotation: -90.1191 zShift: 5.39952 energy: -29.7334
MCReject   xShift: 7.52557 crossingAngle: -42.7722 axialRotation: -90.0941 zShift: 5.39952 energy: -26.104
MCReject   xShift: 7.52557 crossingAngle: -42.7722 axialRotation: -90.0792 zShift: 5.39952 energy: -25.0194
MCReject   xShift: 7.52557 crossingAngle: -42.7722 axialRotation: -90.1191 zShift: 5.38186 energy: -29.2103
MCReject   xShift: 7.50923 crossingAngle: -42.7722 axialRotation: -90.1191 zShift: 5.39952 energy: -29.4639
MCAccept 21 xShift: 7.52557 crossingAngle: -42.5466 axialRotation: -90.1191 zShift: 5.39952 energy: -29.4782
MCReject   xShift: 7.52557 crossingAngle: -42.5466 axialRotation: -90.1191 zShift: 5.4035 energy: -25.6286
MCReject   xShift: 7.52557 crossingAngle: -42.5466 axialRotation: -90.2998 zShift: 5.39952 energy: -23.542
MCReject   xShift: 7.52557 crossingAngle: -42.5466 axialRotation: -90.2203 zShift: 5.39952 energy: -26.1732
MCReject   xShift: 7.52557 crossingAngle: -42.5466 axialRotation: -90.1191 zShift: 5.38354 energy: -25.2866
MCAccept 22 xShift: 7.52557 crossingAngle: -42.5466 axialRotation: -90.2432 zShift: 5.39952 energy: -29.4639
MCReject   xShift: 7.52557 crossingAngle: -42.485 axialRotation: -90.2432 zShift: 5.39952 energy: -23.6492
MCAccept 23 xShift: 7.52557 crossingAngle: -42.6867 axialRotation: -90.2432 zShift: 5.39952 energy: -29.4782
MCReject   xShift: 7.52557 crossingAngle: -42.6867 axialRotation: -90.2432 zShift: 5.40895 energy: -23.66
MCAccept 24 xShift: 7.50407 crossingAngle: -42.6867 axialRotation: -90.2432 zShift: 5.39952 energy: -29.4639
MCAccept 25 xShift: 7.50802 crossingAngle: -42.6867 axialRotation: -90.2432 zShift: 5.39952 energy: -29.7334
MCReject   xShift: 7.50802 crossingAngle: -42.6867 axialRotation: -90.4902 zShift: 5.39952 energy: -23.9187
MCReject   xShift: 7.52271 crossingAngle: -42.6867 axialRotation: -90.2432 zShift: 5.39952 energy: -29.4782
MCReject   xShift: 7.4994 crossingAngle: -42.6867 axialRotation: -90.2432 zShift: 5.39952 energy: -29.4782
MCAccept 26 xShift: 7.50802 crossingAngle: -42.6867 axialRotation: -90.2432 zShift: 5.3927 energy: -29.6312
MCReject   xShift: 7.50802 crossingAngle: -42.7912 axialRotation: -90.2432 zShift: 5.3927 energy: -26.0508
MCReject   xShift: 7.50802 crossingAngle: -42.7475 axialRotation: -90.2432 zShift: 5.3927 energy: -29.3768
MCReject   xShift: 7.50994 crossingAngle: -42.6867 axialRotation: -90.2432 zShift: 5.3927 energy: -29.3624
MCReject   xShift: 7.50973 crossingAngle: -42.6867 axialRotation: -90.2432 zShift: 5.3927 energy: -23.8191
MCReject   xShift: 7.50802 crossingAngle: -42.6867 axialRotation: -90.3015 zShift: 5.3927 energy: -25.5129
MCReject   xShift: 7.50802 crossingAngle: -42.6867 axialRotation: -90.0957 zShift: 5.3927 energy: -23.4291
MCReject   xShift: 7.49664 crossingAngle: -42.6867 axialRotation: -90.2432 zShift: 5.3927 energy: -29.3768
MCReject   xShift: 7.51087 crossingAngle: -42.6867 axialRotation: -90.2432 zShift: 5.3927 energy: -23.5503
MCReject   xShift: 7.50802 crossingAngle: -42.6867 axialRotation: -90.2432 zShift: 5.37387 energy: -29.0692
MCReject   xShift: 7.50802 crossingAngle: -42.8154 axialRotation: -90.2432 zShift: 5.3927 energy: -29.3768
MCReject   xShift: 7.50802 crossingAngle: -42.7927 axialRotation: -90.2432 zShift: 5.3927 energy: -29.3768
MCReject   xShift: 7.50802 crossingAngle: -42.6867 axialRotation: -90.2432 zShift: 5.38552 energy: -25.382
MCAccept 27 xShift: 7.50805 crossingAngle: -42.6867 axialRotation: -90.2432 zShift: 5.3927 energy: -29.3768
MCAccept 28 xShift: 7.50805 crossingAngle: -42.7093 axialRotation: -90.2432 zShift: 5.3927 energy: -29.3768
MCAccept 29 xShift: 7.51956 crossingAngle: -42.7093 axialRotation: -90.2432 zShift: 5.3927 energy: -29.6312
MCAccept 30 xShift: 7.51956 crossingAngle: -42.7093 axialRotation: -90.1665 zShift: 5.3927 energy: -29.3624
MCAccept 31 xShift: 7.51956 crossingAngle: -42.7093 axialRotation: -90.0939 zShift: 5.3927 energy: -29.6312
MCReject   xShift: 7.52525 crossingAngle: -42.7093 axialRotation: -90.0939 zShift: 5.3927 energy: -25.7817
MCReject   xShift: 7.51956 crossingAngle: -42.5893 axialRotation: -90.0939 zShift: 5.3927 energy: -29.3624
MCReject   xShift: 7.51499 crossingAngle: -42.7093 axialRotation: -90.0939 zShift: 5.3927 energy: -25.7964
MCReject   xShift: 7.51956 crossingAngle: -42.7093 axialRotation: -90.0939 zShift: 5.40742 energy: -23.6533
MCReject   xShift: 7.51956 crossingAngle: -42.7093 axialRotation: -90.0939 zShift: 5.38368 energy: -29.2388
MCAccept 32 xShift: 7.51956 crossingAngle: -42.7093 axialRotation: -90.0939 zShift: 5.3838 energy: -29.2406
MCAccept 33 xShift: 7.51956 crossingAngle: -42.7093 axialRotation: -90.1385 zShift: 5.3838 energy: -29.2263
MCReject   xShift: 7.51956 crossingAngle: -42.6626 axialRotation: -90.1385 zShift: 5.3838 energy: -23.3114
MCAccept 34 xShift: 7.50461 crossingAngle: -42.7093 axialRotation: -90.1385 zShift: 5.3838 energy: -29.2263
MCReject   xShift: 7.50461 crossingAngle: -42.7093 axialRotation: -90.0641 zShift: 5.3838 energy: -25.545
MCAccept 35 xShift: 7.50461 crossingAngle: -42.7093 axialRotation: -90.1385 zShift: 5.38936 energy: -29.5803
MCReject   xShift: 7.50461 crossingAngle: -42.7093 axialRotation: -90.0541 zShift: 5.38936 energy: -29.3119
MCReject   xShift: 7.51926 crossingAngle: -42.7093 axialRotation: -90.1385 zShift: 5.38936 energy: -25.3935
MCReject   xShift: 7.50461 crossingAngle: -42.7093 axialRotation: -90.1385 zShift: 5.41103 energy: -23.6495
MCReject   xShift: 7.50461 crossingAngle: -42.7093 axialRotation: -90.1582 zShift: 5.38936 energy: -23.5154
MCReject   xShift: 7.50461 crossingAngle: -42.7093 axialRotation: -90.1385 zShift: 5.36465 energy: -28.9325
MCReject   xShift: 7.50885 crossingAngle: -42.7093 axialRotation: -90.1385 zShift: 5.38936 energy: -29.3119
MCReject   xShift: 7.50461 crossingAngle: -42.7093 axialRotation: -90.1385 zShift: 5.38484 energy: -29.2568
MCReject   xShift: 7.50461 crossingAngle: -42.7093 axialRotation: -90.0531 zShift: 5.38936 energy: -29.3119
MCReject   xShift: 7.50461 crossingAngle: -42.7159 axialRotation: -90.1385 zShift: 5.38936 energy: -29.3119
MCReject   xShift: 7.50471 crossingAngle: -42.7093 axialRotation: -90.1385 zShift: 5.38936 energy: -23.7694
MCReject   xShift: 7.50461 crossingAngle: -42.6204 axialRotation: -90.1385 zShift: 5.38936 energy: -25.4525
MCReject   xShift: 7.50461 crossingAngle: -42.7093 axialRotation: -90.1385 zShift: 5.38682 energy: -29.2873
MCReject   xShift: 7.50461 crossingAngle: -42.7093 axialRotation: -90.1385 zShift: 5.39207 energy: -29.353
MCReject   xShift: 7.50461 crossingAngle: -42.7386 axialRotation: -90.1385 zShift: 5.38936 energy: -23.3801
MCReject   xShift: 7.50461 crossingAngle: -42.7905 axialRotation: -90.1385 zShift: 5.38936 energy: -25.4669
MCReject   xShift: 7.50461 crossingAngle: -42.7093 axialRotation: -90.3344 zShift: 5.38936 energy: -23.5154
MCReject   xShift: 7.50461 crossingAngle: -42.8523 axialRotation: -90.1385 zShift: 5.38936 energy: -25.6475
MCReject   xShift: 7.51733 crossingAngle: -42.7093 axialRotation: -90.1385 zShift: 5.38936 energy: -29.3262
MCReject   xShift: 7.50461 crossingAngle: -42.7093 axialRotation: -90.1385 zShift: 5.40337 energy: -23.7039
MCAccept 36 xShift: 7.50461 crossingAngle: -42.7093 axialRotation: -90.0969 zShift: 5.38936 energy: -29.5803
MCReject   xShift: 7.50461 crossingAngle: -42.7458 axialRotation: -90.0969 zShift: 5.38936 energy: -29.3119
MCReject   xShift: 7.50461 crossingAngle: -42.7093 axialRotation: -90.0969 zShift: 5.39395 energy: -29.3812
MCReject   xShift: 7.50461 crossingAngle: -42.7093 axialRotation: -90.1144 zShift: 5.38936 energy: -29.3262
MCReject   xShift: 7.50115 crossingAngle: -42.7093 axialRotation: -90.0969 zShift: 5.38936 energy: -29.3262
MCReject   xShift: 7.50461 crossingAngle: -42.7093 axialRotation: -90.0969 zShift: 5.38841 energy: -29.3117
MCAccept 37 xShift: 7.50834 crossingAngle: -42.7093 axialRotation: -90.0969 zShift: 5.38936 energy: -29.3119
MCReject   xShift: 7.50834 crossingAngle: -42.7093 axialRotation: -90.1296 zShift: 5.38936 energy: -25.721
MCReject   xShift: 7.50834 crossingAngle: -42.7093 axialRotation: -90.0969 zShift: 5.38575 energy: -23.7151
MCReject   xShift: 7.50834 crossingAngle: -42.7093 axialRotation: -90.0673 zShift: 5.38936 energy: -25.3935
MCReject   xShift: 7.50834 crossingAngle: -42.7093 axialRotation: -90.0969 zShift: 5.39428 energy: -26.0634
MCAccept 38 xShift: 7.51588 crossingAngle: -42.7093 axialRotation: -90.0969 zShift: 5.38936 energy: -29.3262
MCReject   xShift: 7.51588 crossingAngle: -42.673 axialRotation: -90.0969 zShift: 5.38936 energy: -23.5154
MCReject   xShift: 7.51588 crossingAngle: -42.6245 axialRotation: -90.0969 zShift: 5.38936 energy: -23.501
MCReject   xShift: 7.51588 crossingAngle: -42.7093 axialRotation: -90.1521 zShift: 5.38936 energy: -23.501
MCAccept 39 xShift: 7.50962 crossingAngle: -42.7093 axialRotation: -90.0969 zShift: 5.38936 energy: -29.3262
MCAccept 40 xShift: 7.50962 crossingAngle: -42.7093 axialRotation: -90.0969 zShift: 5.39812 energy: -29.7126
MCReject   xShift: 7.50962 crossingAngle: -42.7093 axialRotation: -90.0969 zShift: 5.39592 energy: -29.4106
MCReject   xShift: 7.50962 crossingAngle: -42.7093 axialRotation: -90.2525 zShift: 5.39812 energy: -29.4432
MCReject   xShift: 7.50962 crossingAngle: -42.8725 axialRotation: -90.0969 zShift: 5.39812 energy: -23.5075
MCReject   xShift: 7.50962 crossingAngle: -42.7795 axialRotation: -90.0969 zShift: 5.39812 energy: -25.6092
MCReject   xShift: 7.50962 crossingAngle: -42.7012 axialRotation: -90.0969 zShift: 5.39812 energy: -25.8239
MCReject   xShift: 7.51579 crossingAngle: -42.7093 axialRotation: -90.0969 zShift: 5.39812 energy: -25.5352
MCReject   xShift: 7.50962 crossingAngle: -42.848 axialRotation: -90.0969 zShift: 5.39812 energy: -29.4432
MCReject   xShift: 7.50962 crossingAngle: -42.7093 axialRotation: -90.0969 zShift: 5.38778 energy: -19.9484
MCReject   xShift: 7.50962 crossingAngle: -42.7093 axialRotation: -90.0158 zShift: 5.39812 energy: -29.4576
MCReject   xShift: 7.48995 crossingAngle: -42.7093 axialRotation: -90.0969 zShift: 5.39812 energy: -29.4432
MCReject   xShift: 7.50962 crossingAngle: -42.7093 axialRotation: -90.0481 zShift: 5.39812 energy: -23.6434
MCReject   xShift: 7.50962 crossingAngle: -42.7093 axialRotation: -90.0969 zShift: 5.40511 energy: -25.9264
MCAccept 41 xShift: 7.50962 crossingAngle: -42.79 axialRotation: -90.0969 zShift: 5.39812 energy: -29.7126
MCReject   xShift: 7.50962 crossingAngle: -42.79 axialRotation: -90.0969 zShift: 5.38967 energy: -25.4581
MCReject   xShift: 7.50962 crossingAngle: -42.79 axialRotation: -90.0969 zShift: 5.39687 energy: -25.5133
MCReject   xShift: 7.51472 crossingAngle: -42.79 axialRotation: -90.0969 zShift: 5.39812 energy: -23.6434
MCAccept 42 xShift: 7.50962 crossingAngle: -42.79 axialRotation: -90.1535 zShift: 5.39812 energy: -29.7126
MCReject   xShift: 7.50962 crossingAngle: -42.79 axialRotation: -90.1308 zShift: 5.39812 energy: -29.4576
MCReject   xShift: 7.50366 crossingAngle: -42.79 axialRotation: -90.1535 zShift: 5.39812 energy: -29.4576
MCReject   xShift: 7.50962 crossingAngle: -42.79 axialRotation: -90.1303 zShift: 5.39812 energy: -25.8239
MCAccept 43 xShift: 7.50962 crossingAngle: -42.79 axialRotation: -90.1535 zShift: 5.40505 energy: -29.5587
MCAccept 44 xShift: 7.50962 crossingAngle: -42.79 axialRotation: -90.1535 zShift: 5.41788 energy: -29.7246
MCReject   xShift: 7.52271 crossingAngle: -42.79 axialRotation: -90.1535 zShift: 5.41788 energy: -25.8684
MCAccept 45 xShift: 7.50962 crossingAngle: -42.79 axialRotation: -90.1535 zShift: 5.42507 energy: -30.0949
MCReject   xShift: 7.50962 crossingAngle: -42.79 axialRotation: -90.1535 zShift: 5.43821 energy: -24.1653
MCReject   xShift: 7.50962 crossingAngle: -42.8029 axialRotation: -90.1535 zShift: 5.42507 energy: -23.8254
MCReject   xShift: 7.50962 crossingAngle: -42.7729 axialRotation: -90.1535 zShift: 5.42507 energy: -29.8364
MCReject   xShift: 7.50962 crossingAngle: -42.79 axialRotation: -90.1535 zShift: 5.41912 energy: -24.0699
MCReject   xShift: 7.50962 crossingAngle: -42.79 axialRotation: -90.1437 zShift: 5.42507 energy: -23.8254
MCReject   xShift: 7.49279 crossingAngle: -42.79 axialRotation: -90.1535 zShift: 5.42507 energy: -23.9983
MCReject   xShift: 7.50962 crossingAngle: -42.79 axialRotation: -90.1535 zShift: 5.43572 energy: -23.9782
MCAccept 46 xShift: 7.50962 crossingAngle: -42.7312 axialRotation: -90.1535 zShift: 5.42507 energy: -30.0949
MCReject   xShift: 7.50962 crossingAngle: -42.7312 axialRotation: -90.1535 zShift: 5.43506 energy: -24.4007
MCReject   xShift: 7.50962 crossingAngle: -42.7312 axialRotation: -90.1535 zShift: 5.41786 energy: -29.9963
MCReject   xShift: 7.50962 crossingAngle: -42.8639 axialRotation: -90.1535 zShift: 5.42507 energy: -29.8364
MCReject   xShift: 7.50962 crossingAngle: -42.7312 axialRotation: -90.3382 zShift: 5.42507 energy: -23.9983
MCReject   xShift: 7.52096 crossingAngle: -42.7312 axialRotation: -90.1535 zShift: 5.42507 energy: -26.0729
MCReject   xShift: 7.50962 crossingAngle: -42.6138 axialRotation: -90.1535 zShift: 5.42507 energy: -24.2714
MCReject   xShift: 7.50962 crossingAngle: -42.7312 axialRotation: -90.1535 zShift: 5.41741 energy: -24.0469
MCReject   xShift: 7.50962 crossingAngle: -42.7312 axialRotation: -90.0625 zShift: 5.42507 energy: -29.8218
MCReject   xShift: 7.50085 crossingAngle: -42.7312 axialRotation: -90.1535 zShift: 5.42507 energy: -23.84
MCReject   xShift: 7.50962 crossingAngle: -42.7312 axialRotation: -90.1102 zShift: 5.42507 energy: -20.173
MCReject   xShift: 7.51301 crossingAngle: -42.7312 axialRotation: -90.1535 zShift: 5.42507 energy: -29.8364
MCReject   xShift: 7.50962 crossingAngle: -42.7312 axialRotation: -90.1535 zShift: 5.42255 energy: -23.9799
MCReject   xShift: 7.50962 crossingAngle: -42.7312 axialRotation: -90.1535 zShift: 5.40721 energy: -23.9063
MCReject   xShift: 7.50962 crossingAngle: -42.7312 axialRotation: -90.1535 zShift: 5.42359 energy: -26.035
MCReject   xShift: 7.51284 crossingAngle: -42.7312 axialRotation: -90.1535 zShift: 5.42507 energy: -29.8364
MCReject   xShift: 7.50962 crossingAngle: -42.4919 axialRotation: -90.1535 zShift: 5.42507 energy: -24.2714
MCReject   xShift: 7.50962 crossingAngle: -42.7312 axialRotation: -89.9986 zShift: 5.42507 energy: -23.876
MCReject   xShift: 7.50962 crossingAngle: -42.6656 axialRotation: -90.1535 zShift: 5.42507 energy: -29.8364
MCAccept 47 xShift: 7.50962 crossingAngle: -42.7312 axialRotation: -90.2339 zShift: 5.42507 energy: -30.0949
MCReject   xShift: 7.50962 crossingAngle: -42.7372 axialRotation: -90.2339 zShift: 5.42507 energy: -23.9983
MCReject   xShift: 7.50962 crossingAngle: -42.7322 axialRotation: -90.2339 zShift: 5.42507 energy: -24.0129
MCReject   xShift: 7.50962 crossingAngle: -42.5699 axialRotation: -90.2339 zShift: 5.42507 energy: -24.0129
MCReject   xShift: 7.5049 crossingAngle: -42.7312 axialRotation: -90.2339 zShift: 5.42507 energy: -29.8364
MCReject   xShift: 7.51055 crossingAngle: -42.7312 axialRotation: -90.2339 zShift: 5.42507 energy: -24.2714
MCReject   xShift: 7.50962 crossingAngle: -42.5318 axialRotation: -90.2339 zShift: 5.42507 energy: -25.9975
MCReject   xShift: 7.50962 crossingAngle: -42.7312 axialRotation: -90.3081 zShift: 5.42507 energy: -26.0171
MCReject   xShift: 7.50962 crossingAngle: -42.7312 axialRotation: -90.1709 zShift: 5.42507 energy: -29.8218
MCReject   xShift: 7.50962 crossingAngle: -42.7312 axialRotation: -90.2339 zShift: 5.41613 energy: -29.715
MCReject   xShift: 7.50962 crossingAngle: -42.7312 axialRotation: -90.3969 zShift: 5.42507 energy: -24.0129
MCReject   xShift: 7.51759 crossingAngle: -42.7312 axialRotation: -90.2339 zShift: 5.42507 energy: -24.0129
MCReject   xShift: 7.50962 crossingAngle: -42.7189 axialRotation: -90.2339 zShift: 5.42507 energy: -23.8905
MCReject   xShift: 7.50962 crossingAngle: -42.6402 axialRotation: -90.2339 zShift: 5.42507 energy: -29.8218
MCReject   xShift: 7.50962 crossingAngle: -42.7312 axialRotation: -90.1145 zShift: 5.42507 energy: -20.3333
MCReject   xShift: 7.50962 crossingAngle: -42.6436 axialRotation: -90.2339 zShift: 5.42507 energy: -23.8905
MCReject   xShift: 7.50962 crossingAngle: -42.7312 axialRotation: -90.3056 zShift: 5.42507 energy: -24.0129
MCReject   xShift: 7.50962 crossingAngle: -42.7312 axialRotation: -90.2339 zShift: 5.41618 energy: -23.895
MCReject   xShift: 7.50962 crossingAngle: -42.7312 axialRotation: -90.2339 zShift: 5.42761 energy: -29.8555
MCReject   xShift: 7.50962 crossingAngle: -42.7312 axialRotation: -90.2339 zShift: 5.40618 energy: -25.6888
MCReject   xShift: 7.50962 crossingAngle: -42.7761 axialRotation: -90.2339 zShift: 5.42507 energy: -29.8364
MCReject   xShift: 7.50962 crossingAngle: -42.6286 axialRotation: -90.2339 zShift: 5.42507 energy: -24.2714
MCReject   xShift: 7.50962 crossingAngle: -42.7312 axialRotation: -90.2339 zShift: 5.41388 energy: -23.7418
MCReject   xShift: 7.50962 crossingAngle: -42.5294 axialRotation: -90.2339 zShift: 5.42507 energy: -24.0129
MCAccept 48 xShift: 7.50962 crossingAngle: -42.7312 axialRotation: -90.2339 zShift: 5.4455 energy: -30.0837
MCReject   xShift: 7.52549 crossingAngle: -42.7312 axialRotation: -90.2339 zShift: 5.4455 energy: -26.3816
MCAccept 49 xShift: 7.50962 crossingAngle: -42.7312 axialRotation: -90.2339 zShift: 5.44283 energy: -30.0507
MCReject   xShift: 7.52281 crossingAngle: -42.7312 axialRotation: -90.2339 zShift: 5.44283 energy: -24.2366
MCReject   xShift: 7.50292 crossingAngle: -42.7312 axialRotation: -90.2339 zShift: 5.44283 energy: -25.7489
MCAccept 50 xShift: 7.5116 crossingAngle: -42.7312 axialRotation: -90.2339 zShift: 5.44283 energy: -30.0653
MCReject   xShift: 7.5116 crossingAngle: -42.7312 axialRotation: -90.356 zShift: 5.44283 energy: -26.3281
MCReject   xShift: 7.5116 crossingAngle: -42.7312 axialRotation: -90.2339 zShift: 5.43348 energy: -29.9468
MCAccept 51 xShift: 7.5116 crossingAngle: -42.7312 axialRotation: -90.2339 zShift: 5.44152 energy: -30.049
MCAccept 52 xShift: 7.5116 crossingAngle: -42.7312 axialRotation: -90.2339 zShift: 5.44248 energy: -30.0609
MCReject   xShift: 7.5116 crossingAngle: -42.7312 axialRotation: -90.2339 zShift: 5.4458 energy: -24.3657
MCReject   xShift: 7.52285 crossingAngle: -42.7312 axialRotation: -90.2339 zShift: 5.44248 energy: -26.323
MCAccept 53 xShift: 7.50389 crossingAngle: -42.7312 axialRotation: -90.2339 zShift: 5.44248 energy: -30.0463
MCAccept 54 xShift: 7.49074 crossingAngle: -42.7312 axialRotation: -90.2339 zShift: 5.44248 energy: -30.0463
MCAccept 55 xShift: 7.49074 crossingAngle: -42.7312 axialRotation: -90.1809 zShift: 5.44248 energy: -30.3222
MCAccept 56 xShift: 7.49074 crossingAngle: -42.7312 axialRotation: -90.1809 zShift: 5.46979 energy: -30.3819
MCAccept 57 xShift: 7.49074 crossingAngle: -42.7312 axialRotation: -90.248 zShift: 5.46979 energy: -30.6481
MCReject   xShift: 7.49074 crossingAngle: -42.7312 axialRotation: -90.248 zShift: 5.46559 energy: -30.335
MCReject   xShift: 7.48532 crossingAngle: -42.7312 axialRotation: -90.248 zShift: 5.46979 energy: -30.3671
MCReject   xShift: 7.48872 crossingAngle: -42.7312 axialRotation: -90.248 zShift: 5.46979 energy: -30.3671
MCAccept 58 xShift: 7.4843 crossingAngle: -42.7312 axialRotation: -90.248 zShift: 5.46979 energy: -30.6481
MCReject   xShift: 7.46862 crossingAngle: -42.7312 axialRotation: -90.248 zShift: 5.46979 energy: -30.3819
MCReject   xShift: 7.4843 crossingAngle: -42.6069 axialRotation: -90.248 zShift: 5.46979 energy: -30.3819
MCReject   xShift: 7.4843 crossingAngle: -42.7425 axialRotation: -90.248 zShift: 5.46979 energy: -30.3819
MCReject   xShift: 7.47999 crossingAngle: -42.7312 axialRotation: -90.248 zShift: 5.46979 energy: -30.3671
MCAccept 59 xShift: 7.49528 crossingAngle: -42.7312 axialRotation: -90.248 zShift: 5.46979 energy: -30.6481
MCReject   xShift: 7.49528 crossingAngle: -42.7312 axialRotation: -90.2524 zShift: 5.46979 energy: -30.3671
MCReject   xShift: 7.49528 crossingAngle: -42.7312 axialRotation: -90.248 zShift: 5.4708 energy: -30.393
MCReject   xShift: 7.49528 crossingAngle: -42.7312 axialRotation: -90.248 zShift: 5.46419 energy: -30.3192
MCAccept 60 xShift: 7.4901 crossingAngle: -42.7312 axialRotation: -90.248 zShift: 5.46979 energy: -30.6481
MCReject   xShift: 7.4901 crossingAngle: -42.682 axialRotation: -90.248 zShift: 5.46979 energy: -30.3819
MCAccept 61 xShift: 7.4901 crossingAngle: -42.631 axialRotation: -90.248 zShift: 5.46979 energy: -30.6481
MCReject   xShift: 7.4901 crossingAngle: -42.7337 axialRotation: -90.248 zShift: 5.46979 energy: -30.3819
MCReject   xShift: 7.4901 crossingAngle: -42.631 axialRotation: -90.248 zShift: 5.46098 energy: -30.547
MCAccept 62 xShift: 7.4901 crossingAngle: -42.631 axialRotation: -90.248 zShift: 5.46995 energy: -30.6499
MCReject   xShift: 7.4901 crossingAngle: -42.5788 axialRotation: -90.248 zShift: 5.46995 energy: -30.3836
MCAccept 63 xShift: 7.49868 crossingAngle: -42.631 axialRotation: -90.248 zShift: 5.46995 energy: -30.6499
MCAccept 64 xShift: 7.50322 crossingAngle: -42.631 axialRotation: -90.248 zShift: 5.46995 energy: -30.6499
MCReject   xShift: 7.50322 crossingAngle: -42.631 axialRotation: -90.083 zShift: 5.46995 energy: -30.3836
MCAccept 65 xShift: 7.50322 crossingAngle: -42.631 axialRotation: -90.367 zShift: 5.46995 energy: -30.6499
MCReject   xShift: 7.51681 crossingAngle: -42.631 axialRotation: -90.367 zShift: 5.46995 energy: -30.3836
MCReject   xShift: 7.50322 crossingAngle: -42.6025 axialRotation: -90.367 zShift: 5.46995 energy: -30.3836
MCReject   xShift: 7.50322 crossingAngle: -42.631 axialRotation: -90.367 zShift: 5.47382 energy: -30.4112
MCReject   xShift: 7.50322 crossingAngle: -42.7328 axialRotation: -90.367 zShift: 5.46995 energy: -30.3836
MCReject   xShift: 7.50322 crossingAngle: -42.631 axialRotation: -90.1957 zShift: 5.46995 energy: -30.3836
MCReject   xShift: 7.50322 crossingAngle: -42.631 axialRotation: -90.367 zShift: 5.47452 energy: -30.4335
MCAccept 66 xShift: 7.50732 crossingAngle: -42.631 axialRotation: -90.367 zShift: 5.46995 energy: -30.6499
MCReject   xShift: 7.5075 crossingAngle: -42.631 axialRotation: -90.367 zShift: 5.46995 energy: -30.3836
MCAccept 67 xShift: 7.50732 crossingAngle: -42.631 axialRotation: -90.367 zShift: 5.47423 energy: -30.6975
MCReject   xShift: 7.52317 crossingAngle: -42.631 axialRotation: -90.367 zShift: 5.47423 energy: -30.4156
MCAccept 68 xShift: 7.50732 crossingAngle: -42.631 axialRotation: -90.5112 zShift: 5.47423 energy: -30.6975
MCReject   xShift: 7.50732 crossingAngle: -42.631 axialRotation: -90.5112 zShift: 5.47004 energy: -30.651
MCReject   xShift: 7.50732 crossingAngle: -42.631 axialRotation: -90.6064 zShift: 5.47423 energy: -30.4304
MCAccept 69 xShift: 7.50732 crossingAngle: -42.5524 axialRotation: -90.5112 zShift: 5.47423 energy: -30.6975
MCReject   xShift: 7.50732 crossingAngle: -42.5524 axialRotation: -90.5763 zShift: 5.47423 energy: -30.4156
MCReject   xShift: 7.50732 crossingAngle: -42.5524 axialRotation: -90.5747 zShift: 5.47423 energy: -30.4156
MCReject   xShift: 7.50732 crossingAngle: -42.5524 axialRotation: -90.5112 zShift: 5.4596 energy: -30.5309
MCReject   xShift: 7.50732 crossingAngle: -42.6372 axialRotation: -90.5112 zShift: 5.47423 energy: -30.4304
MCReject   xShift: 7.50732 crossingAngle: -42.5524 axialRotation: -90.3908 zShift: 5.47423 energy: -30.4304
MCReject   xShift: 7.51834 crossingAngle: -42.5524 axialRotation: -90.5112 zShift: 5.47423 energy: -30.4156
MCAccept 70 xShift: 7.50732 crossingAngle: -42.5524 axialRotation: -90.5112 zShift: 5.48005 energy: -30.7609
MCReject   xShift: 7.50732 crossingAngle: -42.5373 axialRotation: -90.5112 zShift: 5.48005 energy: -30.4925
MCReject   xShift: 7.50732 crossingAngle: -42.5524 axialRotation: -90.5112 zShift: 5.49602 energy: -30.6541
MCAccept 71 xShift: 7.50732 crossingAngle: -42.5524 axialRotation: -90.5112 zShift: 5.49074 energy: -30.8728
MCReject   xShift: 7.50732 crossingAngle: -42.5524 axialRotation: -90.5112 zShift: 5.49459 energy: -30.6401
MCAccept 72 xShift: 7.50732 crossingAngle: -42.5524 axialRotation: -90.2841 zShift: 5.49074 energy: -30.8728
MCReject   xShift: 7.50732 crossingAngle: -42.6649 axialRotation: -90.2841 zShift: 5.49074 energy: -30.6021
MCAccept 73 xShift: 7.50732 crossingAngle: -42.5524 axialRotation: -90.4939 zShift: 5.49074 energy: -30.8728
MCAccept 74 xShift: 7.50732 crossingAngle: -42.5524 axialRotation: -90.5244 zShift: 5.49074 energy: -30.8728
MCReject   xShift: 7.52479 crossingAngle: -42.5524 axialRotation: -90.5244 zShift: 5.49074 energy: -30.6021
MCAccept 75 xShift: 7.50732 crossingAngle: -42.5524 axialRotation: -90.6234 zShift: 5.49074 energy: -30.8728
MCReject   xShift: 7.50732 crossingAngle: -42.5524 axialRotation: -90.6829 zShift: 5.49074 energy: -30.5872
MCAccept 76 xShift: 7.52159 crossingAngle: -42.5524 axialRotation: -90.6234 zShift: 5.49074 energy: -30.8728
MCReject   xShift: 7.50619 crossingAngle: -42.5524 axialRotation: -90.6234 zShift: 5.49074 energy: -30.6021
MCReject   xShift: 7.50976 crossingAngle: -42.5524 axialRotation: -90.6234 zShift: 5.49074 energy: -30.6021
MCAccept 77 xShift: 7.52159 crossingAngle: -42.5974 axialRotation: -90.6234 zShift: 5.49074 energy: -30.8728
MCReject   xShift: 7.52159 crossingAngle: -42.5974 axialRotation: -90.7971 zShift: 5.49074 energy: -30.6021
MCAccept 78 xShift: 7.52159 crossingAngle: -42.5974 axialRotation: -90.5475 zShift: 5.49074 energy: -30.8728
MCAccept 79 xShift: 7.52159 crossingAngle: -42.5974 axialRotation: -90.5475 zShift: 5.49998 energy: -30.9649
MCReject   xShift: 7.52159 crossingAngle: -42.708 axialRotation: -90.5475 zShift: 5.49998 energy: -30.6921
MCAccept 80 xShift: 7.51369 crossingAngle: -42.5974 axialRotation: -90.5475 zShift: 5.49998 energy: -30.9649
MCAccept 81 xShift: 7.51814 crossingAngle: -42.5974 axialRotation: -90.5475 zShift: 5.49998 energy: -30.9649
Energy #1: -30.9649
***GEOMETRY SHIFT***
xShift;        Before: 7.54629; After: 7.51814
crossingAngle; Before: -42.6042; After: -42.5974
axialRotation; Before: -89.7952; After: -90.5475
zShift;        Before: 5.40488; After: 5.49998
Energy;        Before: 34037; After: -30.9649

Completed all cycles. Accepted 82/297
Monte Carlo repack complete. Time: 74.9333min

