***STARTING GEOMETRY:***
xShift: 7.16288
crossingAngle: -43.4417
axialRotation: 74.1466
zShift: 4.35807

Number of MCCycles: 100
PrevSequence	CurrSequence	PrevEnergy	CurrEnergy	PrevEntropy	CurrEntropy	CurrentTemp
LLLGLLTGLLTGLLTTLLILI	LLLGLLTGLLTGLLVTLLILI	81.9434	82.2253	1.27634	0.0728516	999.684
LLLGLLTGLLTGLLVTLLILI	LLLGLLTGLLTGLLTTLLILI	82.2253	79.4391	0.0728516	1.27634	999.328
LLLGLLTGLLTGLLTTLLILI	LLLGLLTGLLVGLLTTLLILI	79.4391	82.6059	1.27634	0.0728516	998.928
LLLGLLTGLLVGLLTTLLILI	LLLGLLTGLLTGLLTTLLILI	82.6059	79.4391	0.0728516	1.27634	998.476
LLLGLLTGLLTGLLTTLLILI	LLLGLLYGLLTGLLTTLLILI	78.9789	81.7495	0.816184	0.171816	997.967
LLLGLLYGLLTGLLTTLLILI	LLLGLLYGLLTGLLVTLLILI	82.7061	85.6632	1.12845	0.0952708	997.394
LLLGLLYGLLTGLLVTLLILI	LLLGLLYGLLTGLLTTLLILI	85.6632	82.7061	0.0952708	1.12845	996.749
LLLGLLYGLLTGLLTTLLILI	LLLGLLTGLLTGLLTTLLILI	81.7495	78.9789	0.171816	0.816184	995.205
LLLGLLTGLLTGLLTTLLILI	LLLGLLTGLLTGLLTYLLILI	78.9789	79.7938	0.816184	0.171816	994.285
LLLGLLTGLLTGLLTYLLILI	LLLGLLYGLLTGLLTYLLILI	80.0651	83.4165	0.443059	0.379341	993.249
LLLGLLYGLLTGLLTYLLILI	LLLGLLTGLLTGLLTYLLILI	83.4165	80.0651	0.379341	0.443059	992.084
LLLGLLTGLLTGLLTYLLILI	LLLGLLTGLLTGLLTTLLILI	79.7938	78.9789	0.171816	0.816184	990.773
LLLGLLTGLLTGLLTTLLILI	LLLGLLTGLLTGLLVTLLILI	79.4391	82.2253	1.27634	0.0728516	989.3
LLLGLLTGLLTGLLVTLLILI	LLLGLLTGLLTGLLVILLILI	83.2605	83.4295	1.10811	0.098896	987.644
LLLGLLTGLLTGLLVILLILI	LLLGLLTGLLTGLLTILLILI	83.4259	81.2237	0.0952708	1.12845	985.783
LLLGLLTGLLTGLLTILLILI	LLLGLLTGLLTGLLTTLLILI	80.1709	79.4179	0.0756774	1.2552	983.694
LLLGLLTGLLTGLLTTLLILI	LLLGLLTGLLTGLLTYLLILI	78.9789	79.7938	0.816184	0.171816	975.768
LLLGLLTGLLTGLLTYLLILI	LLLGLLTGLLVGLLTYLLILI	80.7505	84.0936	1.12845	0.0952708	972.463
LLLGLLTGLLVGLLTYLLILI	LLLGLLTGLLVGLLTTLLILI	84.2179	83.2267	0.219549	0.693609	968.764
LLLGLLTGLLVGLLTTLLILI	LLLGLLTGLLTGLLTTLLILI	82.6059	79.4391	0.0728516	1.27634	964.627
LLLGLLTGLLTGLLTTLLILI	LLLGLLYGLLTGLLTTLLILI	78.9789	81.7495	0.816184	0.171816	960.005
LLLGLLYGLLTGLLTTLLILI	LLLGLLTGLLTGLLTTLLILI	81.7495	78.9789	0.171816	0.816184	954.846
LLLGLLTGLLTGLLTTLLILI	LLLGLLTGLLTGLLTYLLILI	78.9789	79.7938	0.816184	0.171816	949.095
LLLGLLTGLLTGLLTYLLILI	LLLGLLTGLLTGLLTTLLILI	79.7938	78.9789	0.171816	0.816184	942.693
LLLGLLTGLLTGLLTTLLILI	LLLGLLTGLLTGLLVTLLILI	79.4391	82.2253	1.27634	0.0728516	935.578
LLLGLLTGLLTGLLVTLLILI	LLLGLLTGLLTGLLVILLILI	83.2605	83.4295	1.10811	0.098896	927.683
LLLGLLTGLLTGLLVILLILI	LLLGLLTGLLTGLLTILLILI	83.4259	81.2237	0.0952708	1.12845	918.939
LLLGLLTGLLTGLLTILLILI	LLLGLLTGLLTGLLVILLILI	81.2237	83.4259	1.12845	0.0952708	909.276
LLLGLLTGLLTGLLVILLILI	LLLGLLTGLLTGLLVTLLILI	83.4295	83.2605	0.098896	1.10811	898.621
LLLGLLTGLLTGLLVTLLILI	LLLGLLTGLLTGLLVILLILI	83.2605	83.4295	1.10811	0.098896	886.903
LLLGLLTGLLTGLLVILLILI	LLLGLLTGLLTGLLVTLLILI	83.4295	83.2605	0.098896	1.10811	874.051
LLLGLLTGLLTGLLVTLLILI	LLLGLLTGLLTGLLTTLLILI	82.2253	79.4391	0.0728516	1.27634	859.999
LLLGLLTGLLTGLLTTLLILI	LLLGLLTGLLTGLLVTLLILI	79.4391	82.2253	1.27634	0.0728516	844.686
LLLGLLTGLLTGLLVTLLILI	LLLGLLVGLLTGLLVTLLILI	82.9526	86.1276	0.800152	0.177314	828.061
LLLGLLVGLLTGLLVTLLILI	LLLGLLVGLLTGLLTTLLILI	86.1276	82.7603	0.177314	0.800152	810.083
LLLGLLVGLLTGLLTTLLILI	LLLGLLTGLLTGLLTTLLILI	82.033	79.4391	0.0728516	1.27634	790.724
LLLGLLTGLLTGLLTTLLILI	LLLGLLTGLLTGLLTYLLILI	78.9789	79.7938	0.816184	0.171816	769.974
LLLGLLTGLLTGLLTYLLILI	LLLGLLTGLLTGLLTTLLILI	79.7938	78.9789	0.171816	0.816184	747.845
LLLGLLTGLLTGLLTTLLILI	LLLGLLTGLLVGLLTTLLILI	79.4391	82.6059	1.27634	0.0728516	724.369
LLLGLLTGLLVGLLTTLLILI	LLLGLLTGLLTGLLTTLLILI	82.6059	79.4391	0.0728516	1.27634	699.602
LLLGLLTGLLTGLLTTLLILI	LLLGLLTGLLTGLLTYLLILI	78.9789	79.7938	0.816184	0.171816	673.628
LLLGLLTGLLTGLLTYLLILI	LLLGLLTGLLTGLLGYLLILI	80.0222	82.6155	0.400165	0.420699	646.557
LLLGLLTGLLTGLLGYLLILI	LLLGLLTGLLTGLLTYLLILI	82.6155	80.0222	0.420699	0.400165	618.524
LLLGLLTGLLTGLLTYLLILI	LLLGLLYGLLTGLLTYLLILI	80.0651	83.4165	0.443059	0.379341	589.688
LLLGLLYGLLTGLLTYLLILI	LLLGLLYGLLTGLLTTLLILI	83.4165	82.0207	0.379341	0.443059	530.348
LLLGLLYGLLTGLLTTLLILI	LLLGLLYGLLTGLLTILLILI	82.6857	83.6093	1.10811	0.098896	440.27
LLLGLLYGLLTGLLTILLILI	LLLGLLTGLLTGLLTILLILI	83.7299	80.7889	0.219549	0.693609	410.812
LLLGLLTGLLTGLLTILLILI	LLLGLLTGLLTGLLTTLLILI	80.1709	79.4179	0.0756774	1.2552	381.976
LLLGLLTGLLTGLLTTLLILI	LLLGLLTGLLTGLLTYLLILI	78.9789	79.7938	0.816184	0.171816	353.943
LLLGLLTGLLTGLLTYLLILI	LLLGLLTGLLTGLLTTLLILI	79.7938	78.9789	0.171816	0.816184	276.131
Time: 163s
