***STARTING GEOMETRY:***
xShift: 6.43411
crossingAngle: -43.4417
axialRotation: 40.1487
zShift: 5.04005

Number of MCCycles: 100
PrevSequence	CurrSequence	PrevEnergy	CurrEnergy	PrevEntropy	CurrEntropy	CurrentTemp
LLLGLLFSLLGSLLGYLLILI	LLLGLLFSLLGTLLGYLLILI	52721.8	52718.7	0.61127	0.260603	999.684
LLLGLLFSLLGTLLGYLLILI	LLLGLLFALLGTLLGYLLILI	52719.1	52674.9	0.642213	0.244161	999.328
LLLGLLFALLGTLLGYLLILI	LLLGLLWALLGTLLGYLLILI	52674.8	52674.9	0.148778	0.890414	998.928
LLLGLLWALLGTLLGYLLILI	LLLGLLWALLGSLLGYLLILI	52674.5	52676.9	0.440933	0.381257	998.476
LLLGLLWALLGSLLGYLLILI	LLLGLLWALLGTLLGYLLILI	52676.9	52675	0.381257	0.440933	997.967
LLLGLLWALLGTLLGYLLILI	LLLGLLWALLGTLLGTLLILI	52674.9	52672.7	0.30482	0.538845	997.394
LLLGLLWALLGTLLGTLLILI	LLLGLLWALLGTLLGYLLILI	52672.7	52674.3	0.538845	0.30482	996.749
LLLGLLWALLGTLLGYLLILI	LLLGLLFALLGTLLGYLLILI	52674.9	52674.8	0.890414	0.148778	996.023
LLLGLLFALLGTLLGYLLILI	LLLGLLFALLGSLLGYLLILI	52675.1	52675.6	0.440933	0.381257	995.205
LLLGLLFALLGSLLGYLLILI	LLLGLLFALLGSLLFYLLILI	52675.8	52677.4	0.594419	0.270132	994.285
LLLGLLFALLGSLLFYLLILI	LLLGLLFALLGALLFYLLILI	52677.5	52678.6	0.404229	0.416521	993.249
LLLGLLFALLGALLFYLLILI	LLLGLLFALLGALLLYLLILI	52678.7	52678.5	0.526939	0.312976	992.084
LLLGLLFALLGALLLYLLILI	LLLGLLWALLGALLLYLLILI	52678.3	52680.3	0.148778	0.890414	990.773
LLLGLLWALLGALLLYLLILI	LLLGLLWALLGSLLLYLLILI	52679.9	52679.6	0.416521	0.404229	989.3
LLLGLLWALLGSLLLYLLILI	LLLGLLFALLGSLLLYLLILI	52680.1	52678.1	0.890414	0.148778	987.644
LLLGLLFALLGSLLLYLLILI	LLLGLLWALLGSLLLYLLILI	52678.1	52680.1	0.148778	0.890414	985.783
LLLGLLWALLGSLLLYLLILI	LLLGLLWALLGSLLLLLLILI	52679.6	52679.5	0.432574	0.388917	983.694
LLLGLLWALLGSLLLLLLILI	LLLGLLWALLGSLLLYLLILI	52679.5	52679.6	0.388917	0.432574	981.348
LLLGLLWALLGSLLLYLLILI	LLLGLLFALLGSLLLYLLILI	52680.1	52678.1	0.890414	0.148778	978.717
LLLGLLFALLGSLLLYLLILI	LLLGLLFALLGALLLYLLILI	52678.3	52678.6	0.404229	0.416521	975.768
LLLGLLFALLGALLLYLLILI	LLLGLLFALLGALLGYLLILI	52678.4	52676.9	0.200393	0.738643	972.463
LLLGLLFALLGALLGYLLILI	LLLGLLFALLGALLFYLLILI	52676.8	52677.9	0.594419	0.270132	968.764
LLLGLLFALLGALLFYLLILI	LLLGLLFALLGALLFTLLILI	52678.1	52675.3	0.505042	0.328724	964.627
LLLGLLFALLGALLFTLLILI	LLLGLLFALLGALLTTLLILI	52675.2	52675.3	0.30482	0.538845	960.005
LLLGLLFALLGALLTTLLILI	LLLGLLWALLGALLTTLLILI	52674.9	52676.9	0.148778	0.890414	954.846
LLLGLLWALLGALLTTLLILI	LLLGLLWALLGGLLTTLLILI	52676.2	52672.9	0.197612	0.745602	949.095
LLLGLLWALLGGLLTTLLILI	LLLGLLWALLGGLLTYLLILI	52672.7	52675.5	0.538845	0.30482	942.693
LLLGLLWALLGGLLTYLLILI	LLLGLLWALLGGLLTTLLILI	52675.5	52672.7	0.30482	0.538845	935.578
LLLGLLWALLGGLLTTLLILI	LLLGLLWALLGSLLTTLLILI	52672.9	52674.8	0.754431	0.19415	927.683
LLLGLLWALLGSLLTTLLILI	LLLGLLWALLGGLLTTLLILI	52674.8	52672.9	0.19415	0.754431	918.939
LLLGLLWALLGGLLTTLLILI	LLLGLLFALLGGLLTTLLILI	52673	52671	0.890414	0.148778	909.276
LLLGLLFALLGGLLTTLLILI	LLLGLLWALLGGLLTTLLILI	52671	52673	0.148778	0.890414	898.621
LLLGLLWALLGGLLTTLLILI	LLLGLLWALLGGLLTYLLILI	52672.7	52675.5	0.538845	0.30482	886.903
LLLGLLWALLGGLLTYLLILI	LLLGLLWALLGGLLTTLLILI	52675.5	52672.7	0.30482	0.538845	874.051
LLLGLLWALLGGLLTTLLILI	LLLGLLFALLGGLLTTLLILI	52673	52671	0.890414	0.148778	859.999
LLLGLLFALLGGLLTTLLILI	LLLGLLWALLGGLLTTLLILI	52671	52673.3	0.148778	0.890414	844.686
LLLGLLWALLGGLLTTLLILI	LLLGLLWALLGGLLTYLLILI	52672.9	52675.5	0.538845	0.30482	828.061
LLLGLLWALLGGLLTYLLILI	LLLGLLFALLGGLLTYLLILI	52676.1	52674	0.890414	0.148778	810.083
LLLGLLFALLGGLLTYLLILI	LLLGLLFALLGGLLTTLLILI	52674.2	52671.4	0.30482	0.538845	769.974
LLLGLLFALLGGLLTTLLILI	LLLGLLWALLGGLLTTLLILI	52671	52673	0.148778	0.890414	747.845
LLLGLLWALLGGLLTTLLILI	LLLGLLFALLGGLLTTLLILI	52673	52671	0.890414	0.148778	724.369
LLLGLLFALLGGLLTTLLILI	LLLGLLFALLGGLLYTLLILI	52671.4	52674.3	0.538845	0.30482	673.628
LLLGLLFALLGGLLYTLLILI	LLLGLLFALLGGLLTTLLILI	52674.3	52671.4	0.30482	0.538845	646.557
LLLGLLFALLGGLLTTLLILI	LLLGLLFALLGSLLTTLLILI	52671.6	52672	0.754431	0.19415	589.688
LLLGLLFALLGSLLTTLLILI	LLLGLLFALLGGLLTTLLILI	52672	52671.6	0.19415	0.754431	560.23
LLLGLLFALLGGLLTTLLILI	LLLGLLFALLGGLLTYLLILI	52671.4	52674.2	0.538845	0.30482	530.348
LLLGLLFALLGGLLTYLLILI	LLLGLLFALLGGLLTTLLILI	52674.2	52671.4	0.30482	0.538845	500.25
LLLGLLFALLGGLLTTLLILI	LLLGLLFALLGSLLTTLLILI	52671.6	52674.1	0.754431	0.19415	353.943
LLLGLLFALLGSLLTTLLILI	LLLGLLYALLGSLLTTLLILI	52674.2	52674.5	0.240035	0.650378	326.872
LLLGLLYALLGSLLTTLLILI	LLLGLLYALLGGLLTTLLILI	52674.1	52673.6	0.19415	0.754431	300.898
LLLGLLYALLGGLLTTLLILI	LLLGLLFALLGGLLTTLLILI	52673.5	52671.1	0.650378	0.240035	276.131
LLLGLLFALLGGLLTTLLILI	LLLGLLFALLGSLLTTLLILI	52671.6	52672	0.754431	0.19415	190.417
LLLGLLFALLGSLLTTLLILI	LLLGLLFALLGGLLTTLLILI	52672	52671.6	0.19415	0.754431	172.439
Time: 75s
