MCAccept 0 xShift: 7.46 crossingAngle: -37.46 axialRotation: -66.6172 zShift: 5.13 energy: 153.249
MCAccept 1 xShift: 7.46 crossingAngle: -37.46 axialRotation: -66.6172 zShift: 5.13516 energy: 74.1107
MCReject   xShift: 7.46 crossingAngle: -37.5291 axialRotation: -66.6172 zShift: 5.13516 energy: 153.823
MCAccept 2 xShift: 7.46 crossingAngle: -37.46 axialRotation: -66.7806 zShift: 5.13516 energy: 74.1107
MCReject   xShift: 7.46 crossingAngle: -37.46 axialRotation: -66.7806 zShift: 5.11176 energy: 151.38
MCReject   xShift: 7.46 crossingAngle: -37.46 axialRotation: -66.7806 zShift: 5.13322 energy: 153.605
MCReject   xShift: 7.46 crossingAngle: -37.5092 axialRotation: -66.7806 zShift: 5.13516 energy: 153.823
MCReject   xShift: 7.46 crossingAngle: -37.46 axialRotation: -66.8108 zShift: 5.13516 energy: 153.823
MCReject   xShift: 7.44865 crossingAngle: -37.46 axialRotation: -66.7806 zShift: 5.13516 energy: 153.823
MCReject   xShift: 7.46 crossingAngle: -37.46 axialRotation: -66.9176 zShift: 5.13516 energy: 153.823
MCReject   xShift: 7.46 crossingAngle: -37.46 axialRotation: -66.7806 zShift: 5.13851 energy: 75.0977
MCReject   xShift: 7.45093 crossingAngle: -37.46 axialRotation: -66.7806 zShift: 5.13516 energy: 153.823
MCReject   xShift: 7.45196 crossingAngle: -37.46 axialRotation: -66.7806 zShift: 5.13516 energy: 153.823
MCReject   xShift: 7.46 crossingAngle: -37.4393 axialRotation: -66.7806 zShift: 5.13516 energy: 153.858
MCReject   xShift: 7.45996 crossingAngle: -37.46 axialRotation: -66.7806 zShift: 5.13516 energy: 153.823
MCReject   xShift: 7.46 crossingAngle: -37.5034 axialRotation: -66.7806 zShift: 5.13516 energy: 153.823
MCReject   xShift: 7.4701 crossingAngle: -37.46 axialRotation: -66.7806 zShift: 5.13516 energy: 153.823
MCReject   xShift: 7.46 crossingAngle: -37.4081 axialRotation: -66.7806 zShift: 5.13516 energy: 153.823
MCReject   xShift: 7.46 crossingAngle: -37.3507 axialRotation: -66.7806 zShift: 5.13516 energy: 153.823
MCReject   xShift: 7.46 crossingAngle: -37.5202 axialRotation: -66.7806 zShift: 5.13516 energy: 153.823
MCReject   xShift: 7.46 crossingAngle: -37.46 axialRotation: -66.7852 zShift: 5.13516 energy: 153.823
MCReject   xShift: 7.46 crossingAngle: -37.4364 axialRotation: -66.7806 zShift: 5.13516 energy: 153.823
MCReject   xShift: 7.46157 crossingAngle: -37.46 axialRotation: -66.7806 zShift: 5.13516 energy: 153.823
MCReject   xShift: 7.46 crossingAngle: -37.46 axialRotation: -66.9491 zShift: 5.13516 energy: 153.858
MCReject   xShift: 7.46 crossingAngle: -37.46 axialRotation: -66.7806 zShift: 5.13936 energy: 154.306
MCReject   xShift: 7.46546 crossingAngle: -37.46 axialRotation: -66.7806 zShift: 5.13516 energy: 153.823
MCReject   xShift: 7.46 crossingAngle: -37.4097 axialRotation: -66.7806 zShift: 5.13516 energy: 153.823
MCReject   xShift: 7.47528 crossingAngle: -37.46 axialRotation: -66.7806 zShift: 5.13516 energy: 153.858
MCAccept 3 xShift: 7.45562 crossingAngle: -37.46 axialRotation: -66.7806 zShift: 5.13516 energy: 74.1107
MCReject   xShift: 7.45406 crossingAngle: -37.46 axialRotation: -66.7806 zShift: 5.13516 energy: 153.823
MCReject   xShift: 7.45562 crossingAngle: -37.3684 axialRotation: -66.7806 zShift: 5.13516 energy: 153.823
MCReject   xShift: 7.45562 crossingAngle: -37.46 axialRotation: -66.8332 zShift: 5.13516 energy: 153.823
MCAccept 4 xShift: 7.43967 crossingAngle: -37.46 axialRotation: -66.7806 zShift: 5.13516 energy: 74.1107
MCReject   xShift: 7.43967 crossingAngle: -37.1443 axialRotation: -66.7806 zShift: 5.13516 energy: 153.823
MCReject   xShift: 7.43967 crossingAngle: -37.4576 axialRotation: -66.7806 zShift: 5.13516 energy: 153.823
MCReject   xShift: 7.44617 crossingAngle: -37.46 axialRotation: -66.7806 zShift: 5.13516 energy: 153.823
MCReject   xShift: 7.43967 crossingAngle: -37.46 axialRotation: -66.7806 zShift: 5.13378 energy: 153.668
MCReject   xShift: 7.43967 crossingAngle: -37.46 axialRotation: -66.7552 zShift: 5.13516 energy: 153.823
MCReject   xShift: 7.43967 crossingAngle: -37.2723 axialRotation: -66.7806 zShift: 5.13516 energy: 153.823
MCReject   xShift: 7.43967 crossingAngle: -37.46 axialRotation: -66.7806 zShift: 5.14713 energy: 155.236
MCReject   xShift: 7.43967 crossingAngle: -37.2853 axialRotation: -66.7806 zShift: 5.13516 energy: 153.823
MCReject   xShift: 7.43478 crossingAngle: -37.46 axialRotation: -66.7806 zShift: 5.13516 energy: 153.823
MCReject   xShift: 7.43967 crossingAngle: -37.4758 axialRotation: -66.7806 zShift: 5.13516 energy: 153.858
MCReject   xShift: 7.43967 crossingAngle: -37.46 axialRotation: -66.7806 zShift: 5.14343 energy: 154.787
MCReject   xShift: 7.43967 crossingAngle: -37.46 axialRotation: -66.7806 zShift: 5.12758 energy: 152.987
MCReject   xShift: 7.43967 crossingAngle: -37.2979 axialRotation: -66.7806 zShift: 5.13516 energy: 153.823
MCReject   xShift: 7.43967 crossingAngle: -37.2933 axialRotation: -66.7806 zShift: 5.13516 energy: 153.823
MCReject   xShift: 7.43967 crossingAngle: -37.3965 axialRotation: -66.7806 zShift: 5.13516 energy: 153.823
MCReject   xShift: 7.43967 crossingAngle: -37.3603 axialRotation: -66.7806 zShift: 5.13516 energy: 153.823
MCReject   xShift: 7.43967 crossingAngle: -37.46 axialRotation: -66.9941 zShift: 5.13516 energy: 153.858
MCReject   xShift: 7.43967 crossingAngle: -37.46 axialRotation: -66.8872 zShift: 5.13516 energy: 153.823
MCReject   xShift: 7.43967 crossingAngle: -37.4873 axialRotation: -66.7806 zShift: 5.13516 energy: 153.823
MCReject   xShift: 7.43967 crossingAngle: -37.4246 axialRotation: -66.7806 zShift: 5.13516 energy: 153.858
MCReject   xShift: 7.43967 crossingAngle: -37.46 axialRotation: -66.7806 zShift: 5.14542 energy: 155.06
MCAccept 5 xShift: 7.43967 crossingAngle: -37.46 axialRotation: -66.7706 zShift: 5.13516 energy: 74.1107
MCReject   xShift: 7.43967 crossingAngle: -37.5179 axialRotation: -66.7706 zShift: 5.13516 energy: 153.823
MCReject   xShift: 7.43967 crossingAngle: -37.3677 axialRotation: -66.7706 zShift: 5.13516 energy: 153.823
MCReject   xShift: 7.42782 crossingAngle: -37.46 axialRotation: -66.7706 zShift: 5.13516 energy: 153.858
MCReject   xShift: 7.43967 crossingAngle: -37.46 axialRotation: -66.8471 zShift: 5.13516 energy: 153.823
MCReject   xShift: 7.43967 crossingAngle: -37.46 axialRotation: -66.8679 zShift: 5.13516 energy: 153.823
MCReject   xShift: 7.42682 crossingAngle: -37.46 axialRotation: -66.7706 zShift: 5.13516 energy: 153.823
MCReject   xShift: 7.43967 crossingAngle: -37.5164 axialRotation: -66.7706 zShift: 5.13516 energy: 153.858
MCReject   xShift: 7.42819 crossingAngle: -37.46 axialRotation: -66.7706 zShift: 5.13516 energy: 153.823
MCAccept 6 xShift: 7.43967 crossingAngle: -37.46 axialRotation: -66.6707 zShift: 5.13516 energy: 74.1107
MCReject   xShift: 7.43219 crossingAngle: -37.46 axialRotation: -66.6707 zShift: 5.13516 energy: 153.823
MCReject   xShift: 7.43967 crossingAngle: -37.46 axialRotation: -66.8228 zShift: 5.13516 energy: 153.823
MCReject   xShift: 7.43635 crossingAngle: -37.46 axialRotation: -66.6707 zShift: 5.13516 energy: 153.823
MCReject   xShift: 7.43967 crossingAngle: -37.46 axialRotation: -66.6707 zShift: 5.14675 energy: 155.19
MCReject   xShift: 7.43967 crossingAngle: -37.46 axialRotation: -66.8591 zShift: 5.13516 energy: 153.823
MCReject   xShift: 7.43967 crossingAngle: -37.46 axialRotation: -66.6519 zShift: 5.13516 energy: 153.823
MCReject   xShift: 7.43967 crossingAngle: -37.4485 axialRotation: -66.6707 zShift: 5.13516 energy: 153.823
MCReject   xShift: 7.44453 crossingAngle: -37.46 axialRotation: -66.6707 zShift: 5.13516 energy: 153.858
MCReject   xShift: 7.43967 crossingAngle: -37.46 axialRotation: -66.6707 zShift: 5.13462 energy: 153.797
MCReject   xShift: 7.43967 crossingAngle: -37.46 axialRotation: -66.5518 zShift: 5.13516 energy: 153.823
MCReject   xShift: 7.44237 crossingAngle: -37.46 axialRotation: -66.6707 zShift: 5.13516 energy: 153.858
MCReject   xShift: 7.43967 crossingAngle: -37.46 axialRotation: -66.8274 zShift: 5.13516 energy: 153.823
MCReject   xShift: 7.43967 crossingAngle: -37.46 axialRotation: -66.7146 zShift: 5.13516 energy: 153.858
MCReject   xShift: 7.43967 crossingAngle: -37.3011 axialRotation: -66.6707 zShift: 5.13516 energy: 153.823
MCReject   xShift: 7.44207 crossingAngle: -37.46 axialRotation: -66.6707 zShift: 5.13516 energy: 153.823
MCReject   xShift: 7.43967 crossingAngle: -37.46 axialRotation: -66.7263 zShift: 5.13516 energy: 153.823
MCReject   xShift: 7.43967 crossingAngle: -37.4075 axialRotation: -66.6707 zShift: 5.13516 energy: 153.823
MCReject   xShift: 7.43967 crossingAngle: -37.46 axialRotation: -66.6707 zShift: 5.13599 energy: 153.952
MCReject   xShift: 7.43967 crossingAngle: -37.46 axialRotation: -66.5818 zShift: 5.13516 energy: 153.823
MCAccept 7 xShift: 7.43967 crossingAngle: -37.46 axialRotation: -66.6958 zShift: 5.13516 energy: 74.1107
MCReject   xShift: 7.43967 crossingAngle: -37.3247 axialRotation: -66.6958 zShift: 5.13516 energy: 153.823
MCReject   xShift: 7.44352 crossingAngle: -37.46 axialRotation: -66.6958 zShift: 5.13516 energy: 153.823
MCReject   xShift: 7.43967 crossingAngle: -37.46 axialRotation: -66.6958 zShift: 5.12888 energy: 153.127
MCReject   xShift: 7.43967 crossingAngle: -37.46 axialRotation: -66.6313 zShift: 5.13516 energy: 153.823
MCReject   xShift: 7.44024 crossingAngle: -37.46 axialRotation: -66.6958 zShift: 5.13516 energy: 153.858
MCReject   xShift: 7.43967 crossingAngle: -37.5116 axialRotation: -66.6958 zShift: 5.13516 energy: 153.858
MCReject   xShift: 7.42457 crossingAngle: -37.46 axialRotation: -66.6958 zShift: 5.13516 energy: 153.823
MCReject   xShift: 7.41777 crossingAngle: -37.46 axialRotation: -66.6958 zShift: 5.13516 energy: 153.823
MCReject   xShift: 7.43967 crossingAngle: -37.567 axialRotation: -66.6958 zShift: 5.13516 energy: 153.823
MCReject   xShift: 7.43967 crossingAngle: -37.46 axialRotation: -66.7387 zShift: 5.13516 energy: 153.823
MCReject   xShift: 7.42771 crossingAngle: -37.46 axialRotation: -66.6958 zShift: 5.13516 energy: 153.858
MCReject   xShift: 7.44044 crossingAngle: -37.46 axialRotation: -66.6958 zShift: 5.13516 energy: 153.823
MCReject   xShift: 7.43575 crossingAngle: -37.46 axialRotation: -66.6958 zShift: 5.13516 energy: 153.823
MCReject   xShift: 7.44553 crossingAngle: -37.46 axialRotation: -66.6958 zShift: 5.13516 energy: 153.823
MCReject   xShift: 7.44018 crossingAngle: -37.46 axialRotation: -66.6958 zShift: 5.13516 energy: 153.858
MCReject   xShift: 7.43967 crossingAngle: -37.46 axialRotation: -66.7082 zShift: 5.13516 energy: 153.858
MCReject   xShift: 7.44066 crossingAngle: -37.46 axialRotation: -66.6958 zShift: 5.13516 energy: 153.823
MCReject   xShift: 7.43967 crossingAngle: -37.46 axialRotation: -66.6958 zShift: 5.13028 energy: 153.279
MCReject   xShift: 7.44752 crossingAngle: -37.46 axialRotation: -66.6958 zShift: 5.13516 energy: 153.823
MCReject   xShift: 7.43967 crossingAngle: -37.46 axialRotation: -66.6958 zShift: 5.14644 energy: 155.151
MCReject   xShift: 7.43967 crossingAngle: -37.4267 axialRotation: -66.6958 zShift: 5.13516 energy: 153.823
MCReject   xShift: 7.45135 crossingAngle: -37.46 axialRotation: -66.6958 zShift: 5.13516 energy: 153.823
MCReject   xShift: 7.43967 crossingAngle: -37.6298 axialRotation: -66.6958 zShift: 5.13516 energy: 153.823
MCReject   xShift: 7.43967 crossingAngle: -37.46 axialRotation: -66.6616 zShift: 5.13516 energy: 153.823
MCReject   xShift: 7.43967 crossingAngle: -37.5006 axialRotation: -66.6958 zShift: 5.13516 energy: 153.823
MCReject   xShift: 7.45066 crossingAngle: -37.46 axialRotation: -66.6958 zShift: 5.13516 energy: 153.858
MCReject   xShift: 7.44157 crossingAngle: -37.46 axialRotation: -66.6958 zShift: 5.13516 energy: 153.823
MCReject   xShift: 7.43967 crossingAngle: -37.46 axialRotation: -66.703 zShift: 5.13516 energy: 153.823
MCReject   xShift: 7.46402 crossingAngle: -37.46 axialRotation: -66.6958 zShift: 5.13516 energy: 153.823
MCReject   xShift: 7.43967 crossingAngle: -37.46 axialRotation: -66.6958 zShift: 5.15119 energy: 155.742
MCReject   xShift: 7.43967 crossingAngle: -37.46 axialRotation: -66.704 zShift: 5.13516 energy: 153.823
MCReject   xShift: 7.45508 crossingAngle: -37.46 axialRotation: -66.6958 zShift: 5.13516 energy: 153.823
MCReject   xShift: 7.43967 crossingAngle: -37.46 axialRotation: -66.5778 zShift: 5.13516 energy: 153.823
MCReject   xShift: 7.43967 crossingAngle: -37.46 axialRotation: -66.9088 zShift: 5.13516 energy: 153.858
MCReject   xShift: 7.43967 crossingAngle: -37.4321 axialRotation: -66.6958 zShift: 5.13516 energy: 153.823
MCReject   xShift: 7.43339 crossingAngle: -37.46 axialRotation: -66.6958 zShift: 5.13516 energy: 153.823
MCReject   xShift: 7.43967 crossingAngle: -37.46 axialRotation: -66.6065 zShift: 5.13516 energy: 153.858
MCReject   xShift: 7.43967 crossingAngle: -37.46 axialRotation: -66.6958 zShift: 5.14034 energy: 154.421
MCReject   xShift: 7.43967 crossingAngle: -37.2562 axialRotation: -66.6958 zShift: 5.13516 energy: 153.823
MCAccept 8 xShift: 7.43967 crossingAngle: -37.3719 axialRotation: -66.6958 zShift: 5.13516 energy: 74.1107
MCAccept 9 xShift: 7.44474 crossingAngle: -37.3719 axialRotation: -66.6958 zShift: 5.13516 energy: 74.1107
MCReject   xShift: 7.44474 crossingAngle: -37.2404 axialRotation: -66.6958 zShift: 5.13516 energy: 153.823
MCReject   xShift: 7.44474 crossingAngle: -37.3719 axialRotation: -66.6958 zShift: 5.11188 energy: 151.392
MCReject   xShift: 7.43636 crossingAngle: -37.3719 axialRotation: -66.6958 zShift: 5.13516 energy: 153.823
MCReject   xShift: 7.44474 crossingAngle: -37.3719 axialRotation: -66.6958 zShift: 5.12506 energy: 152.719
MCReject   xShift: 7.44474 crossingAngle: -37.3176 axialRotation: -66.6958 zShift: 5.13516 energy: 153.823
MCReject   xShift: 7.43116 crossingAngle: -37.3719 axialRotation: -66.6958 zShift: 5.13516 energy: 153.823
MCReject   xShift: 7.43914 crossingAngle: -37.3719 axialRotation: -66.6958 zShift: 5.13516 energy: 153.823
MCReject   xShift: 7.44474 crossingAngle: -37.3719 axialRotation: -66.6958 zShift: 5.13151 energy: 153.415
MCReject   xShift: 7.44474 crossingAngle: -37.3719 axialRotation: -66.6958 zShift: 5.11855 energy: 152.048
MCReject   xShift: 7.43518 crossingAngle: -37.3719 axialRotation: -66.6958 zShift: 5.13516 energy: 153.858
MCReject   xShift: 7.44474 crossingAngle: -37.4036 axialRotation: -66.6958 zShift: 5.13516 energy: 153.823
MCReject   xShift: 7.44474 crossingAngle: -37.3719 axialRotation: -66.6958 zShift: 5.12788 energy: 153.02
MCReject   xShift: 7.44474 crossingAngle: -37.2837 axialRotation: -66.6958 zShift: 5.13516 energy: 153.823
MCReject   xShift: 7.44474 crossingAngle: -37.3719 axialRotation: -66.6958 zShift: 5.14428 energy: 154.889
MCReject   xShift: 7.44474 crossingAngle: -37.2574 axialRotation: -66.6958 zShift: 5.13516 energy: 153.858
MCReject   xShift: 7.44474 crossingAngle: -37.3719 axialRotation: -66.8042 zShift: 5.13516 energy: 153.823
MCReject   xShift: 7.44474 crossingAngle: -37.3719 axialRotation: -66.6958 zShift: 5.12166 energy: 152.364
MCReject   xShift: 7.44474 crossingAngle: -37.3719 axialRotation: -66.6958 zShift: 5.14144 energy: 154.584
MCReject   xShift: 7.44474 crossingAngle: -37.3719 axialRotation: -66.7789 zShift: 5.13516 energy: 153.858
MCReject   xShift: 7.44069 crossingAngle: -37.3719 axialRotation: -66.6958 zShift: 5.13516 energy: 153.823
MCReject   xShift: 7.45079 crossingAngle: -37.3719 axialRotation: -66.6958 zShift: 5.13516 energy: 153.858
MCReject   xShift: 7.42185 crossingAngle: -37.3719 axialRotation: -66.6958 zShift: 5.13516 energy: 153.823
MCReject   xShift: 7.44765 crossingAngle: -37.3719 axialRotation: -66.6958 zShift: 5.13516 energy: 153.823
MCReject   xShift: 7.46074 crossingAngle: -37.3719 axialRotation: -66.6958 zShift: 5.13516 energy: 153.858
MCReject   xShift: 7.4443 crossingAngle: -37.3719 axialRotation: -66.6958 zShift: 5.13516 energy: 153.858
MCReject   xShift: 7.42334 crossingAngle: -37.3719 axialRotation: -66.6958 zShift: 5.13516 energy: 153.823
MCReject   xShift: 7.44474 crossingAngle: -37.1773 axialRotation: -66.6958 zShift: 5.13516 energy: 153.823
MCReject   xShift: 7.44474 crossingAngle: -37.3719 axialRotation: -66.6958 zShift: 5.15919 energy: 156.779
MCReject   xShift: 7.44474 crossingAngle: -37.3719 axialRotation: -66.6958 zShift: 5.14484 energy: 77.0036
MCReject   xShift: 7.44474 crossingAngle: -37.3719 axialRotation: -66.6958 zShift: 5.15314 energy: 156.022
MCReject   xShift: 7.44474 crossingAngle: -37.4948 axialRotation: -66.6958 zShift: 5.13516 energy: 153.858
MCAccept 10 xShift: 7.46267 crossingAngle: -37.3719 axialRotation: -66.6958 zShift: 5.13516 energy: 74.1107
MCReject   xShift: 7.47064 crossingAngle: -37.3719 axialRotation: -66.6958 zShift: 5.13516 energy: 153.823
MCReject   xShift: 7.46267 crossingAngle: -37.4657 axialRotation: -66.6958 zShift: 5.13516 energy: 153.823
MCReject   xShift: 7.46267 crossingAngle: -37.3719 axialRotation: -66.8227 zShift: 5.13516 energy: 153.823
MCAccept 11 xShift: 7.46267 crossingAngle: -37.3118 axialRotation: -66.6958 zShift: 5.13516 energy: 74.1107
MCReject   xShift: 7.46267 crossingAngle: -37.3411 axialRotation: -66.6958 zShift: 5.13516 energy: 153.823
MCReject   xShift: 7.46267 crossingAngle: -37.3118 axialRotation: -66.5963 zShift: 5.13516 energy: 153.823
MCReject   xShift: 7.46267 crossingAngle: -37.3118 axialRotation: -66.6756 zShift: 5.13516 energy: 153.858
MCReject   xShift: 7.46267 crossingAngle: -37.3214 axialRotation: -66.6958 zShift: 5.13516 energy: 153.858
MCReject   xShift: 7.46267 crossingAngle: -37.3118 axialRotation: -66.6958 zShift: 5.1258 energy: 152.797
MCReject   xShift: 7.4526 crossingAngle: -37.3118 axialRotation: -66.6958 zShift: 5.13516 energy: 153.823
MCReject   xShift: 7.46267 crossingAngle: -37.2907 axialRotation: -66.6958 zShift: 5.13516 energy: 153.823
MCReject   xShift: 7.46088 crossingAngle: -37.3118 axialRotation: -66.6958 zShift: 5.13516 energy: 153.858
MCReject   xShift: 7.46267 crossingAngle: -37.3118 axialRotation: -66.6921 zShift: 5.13516 energy: 153.823
MCReject   xShift: 7.46267 crossingAngle: -37.3118 axialRotation: -66.6916 zShift: 5.13516 energy: 153.858
MCReject   xShift: 7.46267 crossingAngle: -37.4597 axialRotation: -66.6958 zShift: 5.13516 energy: 153.858
MCAccept 12 xShift: 7.46463 crossingAngle: -37.3118 axialRotation: -66.6958 zShift: 5.13516 energy: 74.1107
MCReject   xShift: 7.46463 crossingAngle: -37.3118 axialRotation: -66.6414 zShift: 5.13516 energy: 153.823
MCReject   xShift: 7.46463 crossingAngle: -37.2056 axialRotation: -66.6958 zShift: 5.13516 energy: 153.858
MCReject   xShift: 7.46463 crossingAngle: -37.2024 axialRotation: -66.6958 zShift: 5.13516 energy: 153.823
MCReject   xShift: 7.46463 crossingAngle: -37.3118 axialRotation: -66.6958 zShift: 5.11997 energy: 152.228
MCReject   xShift: 7.46463 crossingAngle: -37.3118 axialRotation: -66.5039 zShift: 5.13516 energy: 153.823
MCReject   xShift: 7.46463 crossingAngle: -37.2042 axialRotation: -66.6958 zShift: 5.13516 energy: 153.858
MCReject   xShift: 7.46463 crossingAngle: -37.3118 axialRotation: -66.6958 zShift: 5.12201 energy: 152.437
MCAccept 13 xShift: 7.46141 crossingAngle: -37.3118 axialRotation: -66.6958 zShift: 5.13516 energy: 74.1107
MCReject   xShift: 7.46141 crossingAngle: -37.3023 axialRotation: -66.6958 zShift: 5.13516 energy: 153.823
MCReject   xShift: 7.45552 crossingAngle: -37.3118 axialRotation: -66.6958 zShift: 5.13516 energy: 153.823
MCReject   xShift: 7.43992 crossingAngle: -37.3118 axialRotation: -66.6958 zShift: 5.13516 energy: 153.823
MCReject   xShift: 7.4548 crossingAngle: -37.3118 axialRotation: -66.6958 zShift: 5.13516 energy: 153.823
MCReject   xShift: 7.46141 crossingAngle: -37.3118 axialRotation: -66.8378 zShift: 5.13516 energy: 153.823
MCReject   xShift: 7.46141 crossingAngle: -37.3118 axialRotation: -66.7401 zShift: 5.13516 energy: 153.823
MCReject   xShift: 7.46141 crossingAngle: -37.3118 axialRotation: -66.6546 zShift: 5.13516 energy: 153.858
MCReject   xShift: 7.45898 crossingAngle: -37.3118 axialRotation: -66.6958 zShift: 5.13516 energy: 153.823
MCReject   xShift: 7.4606 crossingAngle: -37.3118 axialRotation: -66.6958 zShift: 5.13516 energy: 153.823
MCReject   xShift: 7.46141 crossingAngle: -37.3022 axialRotation: -66.6958 zShift: 5.13516 energy: 153.858
MCReject   xShift: 7.46141 crossingAngle: -37.3118 axialRotation: -66.6151 zShift: 5.13516 energy: 153.858
MCReject   xShift: 7.46141 crossingAngle: -37.2296 axialRotation: -66.6958 zShift: 5.13516 energy: 153.823
MCReject   xShift: 7.45904 crossingAngle: -37.3118 axialRotation: -66.6958 zShift: 5.13516 energy: 153.823
MCReject   xShift: 7.46141 crossingAngle: -37.3118 axialRotation: -66.6958 zShift: 5.14189 energy: 154.603
MCReject   xShift: 7.46141 crossingAngle: -37.3118 axialRotation: -66.684 zShift: 5.13516 energy: 153.823
MCReject   xShift: 7.46141 crossingAngle: -37.3118 axialRotation: -66.7412 zShift: 5.13516 energy: 153.823
MCReject   xShift: 7.46141 crossingAngle: -37.3118 axialRotation: -66.6958 zShift: 5.13167 energy: 153.433
MCReject   xShift: 7.47318 crossingAngle: -37.3118 axialRotation: -66.6958 zShift: 5.13516 energy: 153.823
MCReject   xShift: 7.46141 crossingAngle: -37.3118 axialRotation: -66.7138 zShift: 5.13516 energy: 153.823
MCReject   xShift: 7.46141 crossingAngle: -37.1216 axialRotation: -66.6958 zShift: 5.13516 energy: 153.823
MCReject   xShift: 7.46141 crossingAngle: -37.3118 axialRotation: -66.7772 zShift: 5.13516 energy: 153.823
MCReject   xShift: 7.46888 crossingAngle: -37.3118 axialRotation: -66.6958 zShift: 5.13516 energy: 153.823
MCReject   xShift: 7.46141 crossingAngle: -37.3118 axialRotation: -66.6958 zShift: 5.12772 energy: 153.039
MCReject   xShift: 7.46141 crossingAngle: -37.4046 axialRotation: -66.6958 zShift: 5.13516 energy: 153.823
MCReject   xShift: 7.46141 crossingAngle: -37.2406 axialRotation: -66.6958 zShift: 5.13516 energy: 153.858
MCReject   xShift: 7.46141 crossingAngle: -37.3118 axialRotation: -66.6958 zShift: 5.12424 energy: 152.633
MCReject   xShift: 7.46141 crossingAngle: -37.2537 axialRotation: -66.6958 zShift: 5.13516 energy: 153.823
MCReject   xShift: 7.46297 crossingAngle: -37.3118 axialRotation: -66.6958 zShift: 5.13516 energy: 153.823
MCReject   xShift: 7.46141 crossingAngle: -37.3672 axialRotation: -66.6958 zShift: 5.13516 energy: 153.823
MCReject   xShift: 7.46141 crossingAngle: -37.3118 axialRotation: -66.6958 zShift: 5.12182 energy: 152.381
MCReject   xShift: 7.46141 crossingAngle: -37.3794 axialRotation: -66.6958 zShift: 5.13516 energy: 153.823
MCReject   xShift: 7.46141 crossingAngle: -37.3118 axialRotation: -66.6588 zShift: 5.13516 energy: 153.823
MCReject   xShift: 7.46141 crossingAngle: -37.5427 axialRotation: -66.6958 zShift: 5.13516 energy: 153.823
MCReject   xShift: 7.46141 crossingAngle: -37.5395 axialRotation: -66.6958 zShift: 5.13516 energy: 153.823
MCReject   xShift: 7.46141 crossingAngle: -37.4193 axialRotation: -66.6958 zShift: 5.13516 energy: 153.823
MCReject   xShift: 7.46141 crossingAngle: -37.1552 axialRotation: -66.6958 zShift: 5.13516 energy: 153.858
MCReject   xShift: 7.46141 crossingAngle: -37.3118 axialRotation: -66.6958 zShift: 5.12871 energy: 153.109
MCReject   xShift: 7.46141 crossingAngle: -37.3237 axialRotation: -66.6958 zShift: 5.13516 energy: 153.858
MCReject   xShift: 7.46141 crossingAngle: -37.3597 axialRotation: -66.6958 zShift: 5.13516 energy: 153.823
MCReject   xShift: 7.46141 crossingAngle: -37.3118 axialRotation: -66.6958 zShift: 5.1443 energy: 154.892
MCReject   xShift: 7.46141 crossingAngle: -37.11 axialRotation: -66.6958 zShift: 5.13516 energy: 153.823
MCReject   xShift: 7.46141 crossingAngle: -37.3876 axialRotation: -66.6958 zShift: 5.13516 energy: 153.823
MCReject   xShift: 7.46281 crossingAngle: -37.3118 axialRotation: -66.6958 zShift: 5.13516 energy: 153.858
MCReject   xShift: 7.46141 crossingAngle: -37.3118 axialRotation: -66.7699 zShift: 5.13516 energy: 153.823
MCAccept 14 xShift: 7.46417 crossingAngle: -37.3118 axialRotation: -66.6958 zShift: 5.13516 energy: 74.1107
MCReject   xShift: 7.46417 crossingAngle: -37.3118 axialRotation: -66.6958 zShift: 5.14041 energy: 154.428
MCReject   xShift: 7.46417 crossingAngle: -37.3118 axialRotation: -66.5864 zShift: 5.13516 energy: 153.823
MCReject   xShift: 7.46417 crossingAngle: -37.3118 axialRotation: -66.7141 zShift: 5.13516 energy: 153.823
MCReject   xShift: 7.46417 crossingAngle: -37.3339 axialRotation: -66.6958 zShift: 5.13516 energy: 153.823
MCReject   xShift: 7.46417 crossingAngle: -37.3118 axialRotation: -66.7129 zShift: 5.13516 energy: 153.823
MCReject   xShift: 7.46417 crossingAngle: -37.3118 axialRotation: -66.6958 zShift: 5.12956 energy: 153.201
MCReject   xShift: 7.46417 crossingAngle: -37.2341 axialRotation: -66.6958 zShift: 5.13516 energy: 153.823
MCReject   xShift: 7.4773 crossingAngle: -37.3118 axialRotation: -66.6958 zShift: 5.13516 energy: 153.823
MCAccept 15 xShift: 7.46417 crossingAngle: -37.3118 axialRotation: -66.7115 zShift: 5.13516 energy: 74.1107
MCReject   xShift: 7.44524 crossingAngle: -37.3118 axialRotation: -66.7115 zShift: 5.13516 energy: 153.823
MCReject   xShift: 7.46417 crossingAngle: -37.3118 axialRotation: -66.7115 zShift: 5.13384 energy: 153.674
MCReject   xShift: 7.46417 crossingAngle: -37.3118 axialRotation: -66.7115 zShift: 5.12087 energy: 152.283
MCReject   xShift: 7.46417 crossingAngle: -37.309 axialRotation: -66.7115 zShift: 5.13516 energy: 153.823
MCReject   xShift: 7.46417 crossingAngle: -37.3118 axialRotation: -66.7115 zShift: 5.13794 energy: 154.141
MCReject   xShift: 7.47474 crossingAngle: -37.3118 axialRotation: -66.7115 zShift: 5.13516 energy: 153.823
MCReject   xShift: 7.46417 crossingAngle: -37.4694 axialRotation: -66.7115 zShift: 5.13516 energy: 153.823
MCReject   xShift: 7.46417 crossingAngle: -37.2443 axialRotation: -66.7115 zShift: 5.13516 energy: 153.858
MCReject   xShift: 7.46417 crossingAngle: -37.3291 axialRotation: -66.7115 zShift: 5.13516 energy: 153.823
MCReject   xShift: 7.45921 crossingAngle: -37.3118 axialRotation: -66.7115 zShift: 5.13516 energy: 153.858
MCReject   xShift: 7.46417 crossingAngle: -37.3118 axialRotation: -66.7071 zShift: 5.13516 energy: 153.858
MCReject   xShift: 7.44613 crossingAngle: -37.3118 axialRotation: -66.7115 zShift: 5.13516 energy: 153.823
MCReject   xShift: 7.46417 crossingAngle: -37.3118 axialRotation: -66.5585 zShift: 5.13516 energy: 153.823
MCReject   xShift: 7.46417 crossingAngle: -37.3118 axialRotation: -66.8148 zShift: 5.13516 energy: 153.823
MCReject   xShift: 7.46417 crossingAngle: -37.3118 axialRotation: -66.6413 zShift: 5.13516 energy: 153.823
MCReject   xShift: 7.48262 crossingAngle: -37.3118 axialRotation: -66.7115 zShift: 5.13516 energy: 153.823
MCReject   xShift: 7.46417 crossingAngle: -37.3118 axialRotation: -66.7308 zShift: 5.13516 energy: 153.858
MCReject   xShift: 7.46417 crossingAngle: -37.1529 axialRotation: -66.7115 zShift: 5.13516 energy: 153.823
MCReject   xShift: 7.46417 crossingAngle: -37.1347 axialRotation: -66.7115 zShift: 5.13516 energy: 153.823
MCReject   xShift: 7.46417 crossingAngle: -37.3118 axialRotation: -66.6938 zShift: 5.13516 energy: 153.823
MCReject   xShift: 7.46417 crossingAngle: -37.3654 axialRotation: -66.7115 zShift: 5.13516 energy: 153.823
MCAccept 16 xShift: 7.46417 crossingAngle: -37.4295 axialRotation: -66.7115 zShift: 5.13516 energy: 74.1107
MCReject   xShift: 7.46417 crossingAngle: -37.4295 axialRotation: -66.6691 zShift: 5.13516 energy: 153.823
MCReject   xShift: 7.46417 crossingAngle: -37.4295 axialRotation: -66.7115 zShift: 5.11521 energy: 151.715
MCReject   xShift: 7.46417 crossingAngle: -37.4769 axialRotation: -66.7115 zShift: 5.13516 energy: 153.858
MCReject   xShift: 7.46417 crossingAngle: -37.4295 axialRotation: -66.7115 zShift: 5.12755 energy: 152.984
MCReject   xShift: 7.46417 crossingAngle: -37.4295 axialRotation: -66.7125 zShift: 5.13516 energy: 153.858
MCReject   xShift: 7.46417 crossingAngle: -37.4295 axialRotation: -66.404 zShift: 5.13516 energy: 153.858
Energy #0: 74.1107
***GEOMETRY SHIFT***
xShift;        Before: 7.46; After: 7.46417
crossingAngle; Before: -37.46; After: -37.4295
axialRotation; Before: -66.4; After: -66.7115
zShift;        Before: 5.13; After: 5.13516
Energy;        Before: 567669; After: 74.1107

Reached 51 cycles without improvement of 0.001. Accepted 17/263
Monte Carlo repack complete. Time: 57.2167min

