MCAccept 0 xShift: 8.26 crossingAngle: -39.04 axialRotation: -27.43 zShift: 4.96869 energy: -0.102599
MCAccept 1 xShift: 8.26 crossingAngle: -39.04 axialRotation: -27.3488 zShift: 4.96869 energy: -0.102599
MCAccept 2 xShift: 8.26 crossingAngle: -39.04 axialRotation: -27.2391 zShift: 4.96869 energy: -0.102599
MCAccept 3 xShift: 8.26 crossingAngle: -39.04 axialRotation: -27.2391 zShift: 4.96908 energy: -0.103327
MCAccept 4 xShift: 8.26 crossingAngle: -39.0024 axialRotation: -27.2391 zShift: 4.96908 energy: -0.103327
MCAccept 5 xShift: 8.27159 crossingAngle: -39.0024 axialRotation: -27.2391 zShift: 4.96908 energy: -0.103327
MCAccept 6 xShift: 8.27159 crossingAngle: -38.783 axialRotation: -27.2391 zShift: 4.96908 energy: -0.103327
MCAccept 7 xShift: 8.27159 crossingAngle: -38.783 axialRotation: -27.2391 zShift: 4.95571 energy: -0.0779524
MCAccept 8 xShift: 8.27159 crossingAngle: -38.6357 axialRotation: -27.2391 zShift: 4.95571 energy: -0.0779524
MCAccept 9 xShift: 8.25524 crossingAngle: -38.6357 axialRotation: -27.2391 zShift: 4.95571 energy: -0.0779524
MCAccept 10 xShift: 8.25524 crossingAngle: -38.6357 axialRotation: -27.1931 zShift: 4.95571 energy: -0.0779524
MCAccept 11 xShift: 8.26427 crossingAngle: -38.6357 axialRotation: -27.1931 zShift: 4.95571 energy: -0.0779524
MCAccept 12 xShift: 8.26427 crossingAngle: -38.6357 axialRotation: -27.1373 zShift: 4.95571 energy: -0.0779524
MCAccept 13 xShift: 8.26427 crossingAngle: -38.6357 axialRotation: -26.9587 zShift: 4.95571 energy: -0.0779524
MCAccept 14 xShift: 8.26427 crossingAngle: -38.8273 axialRotation: -26.9587 zShift: 4.95571 energy: -0.0779524
MCAccept 15 xShift: 8.27268 crossingAngle: -38.8273 axialRotation: -26.9587 zShift: 4.95571 energy: -0.0779524
MCAccept 16 xShift: 8.27268 crossingAngle: -38.8273 axialRotation: -26.6738 zShift: 4.95571 energy: -0.0779524
MCAccept 17 xShift: 8.27268 crossingAngle: -38.8273 axialRotation: -26.6738 zShift: 4.96008 energy: -0.0862471
MCAccept 18 xShift: 8.27268 crossingAngle: -38.8273 axialRotation: -26.6738 zShift: 4.95481 energy: -0.0762419
MCAccept 19 xShift: 8.27268 crossingAngle: -38.8273 axialRotation: -26.7656 zShift: 4.95481 energy: -0.0762419
MCAccept 20 xShift: 8.27113 crossingAngle: -38.8273 axialRotation: -26.7656 zShift: 4.95481 energy: -0.0762419
MCAccept 21 xShift: 8.27113 crossingAngle: -38.833 axialRotation: -26.7656 zShift: 4.95481 energy: -0.0762419
MCAccept 22 xShift: 8.27113 crossingAngle: -38.833 axialRotation: -26.7656 zShift: 4.95594 energy: -0.0783828
MCAccept 23 xShift: 8.27113 crossingAngle: -38.833 axialRotation: -27.1138 zShift: 4.95594 energy: -0.0783828
MCAccept 24 xShift: 8.27113 crossingAngle: -38.833 axialRotation: -27.1138 zShift: 4.945 energy: -0.0575864
MCAccept 25 xShift: 8.27113 crossingAngle: -38.833 axialRotation: -27.1138 zShift: 4.94983 energy: -0.0667722
MCAccept 26 xShift: 8.27113 crossingAngle: -38.833 axialRotation: -27.1138 zShift: 4.94244 energy: -0.0527128
MCAccept 27 xShift: 8.26728 crossingAngle: -38.833 axialRotation: -27.1138 zShift: 4.94244 energy: -0.0527128
MCAccept 28 xShift: 8.26321 crossingAngle: -38.833 axialRotation: -27.1138 zShift: 4.94244 energy: -0.0527128
MCAccept 29 xShift: 8.26321 crossingAngle: -38.833 axialRotation: -27.1138 zShift: 4.93003 energy: -0.0290584
MCAccept 30 xShift: 8.26321 crossingAngle: -38.7685 axialRotation: -27.1138 zShift: 4.93003 energy: -0.0290584
MCAccept 31 xShift: 8.26321 crossingAngle: -38.7685 axialRotation: -27.1138 zShift: 4.92143 energy: -0.0126442
MCAccept 32 xShift: 8.26385 crossingAngle: -38.7685 axialRotation: -27.1138 zShift: 4.92143 energy: -0.0126442
MCAccept 33 xShift: 8.26385 crossingAngle: -38.7685 axialRotation: -27.1138 zShift: 4.92526 energy: -0.0199561
MCAccept 34 xShift: 8.26385 crossingAngle: -38.7685 axialRotation: -27.1138 zShift: 4.91979 energy: -0.00950127
MCAccept 35 xShift: 8.26996 crossingAngle: -38.7685 axialRotation: -27.1138 zShift: 4.91979 energy: -0.00950127
MCAccept 36 xShift: 8.27792 crossingAngle: -38.7685 axialRotation: -27.1138 zShift: 4.91979 energy: -0.00950127
MCAccept 37 xShift: 8.27792 crossingAngle: -38.7685 axialRotation: -27.1429 zShift: 4.91979 energy: -0.00950127
MCAccept 38 xShift: 8.27792 crossingAngle: -38.7685 axialRotation: -26.9709 zShift: 4.91979 energy: -0.00950127
MCAccept 39 xShift: 8.27792 crossingAngle: -38.7685 axialRotation: -26.914 zShift: 4.91979 energy: -0.00950127
MCAccept 40 xShift: 8.27792 crossingAngle: -38.8552 axialRotation: -26.914 zShift: 4.91979 energy: -0.00950127
MCAccept 41 xShift: 8.27792 crossingAngle: -38.8552 axialRotation: -26.914 zShift: 4.93946 energy: -0.0470292
MCAccept 42 xShift: 8.27792 crossingAngle: -38.9915 axialRotation: -26.914 zShift: 4.93946 energy: -0.0470292
MCAccept 43 xShift: 8.27792 crossingAngle: -38.9915 axialRotation: -26.914 zShift: 4.937 energy: -0.0423585
MCAccept 44 xShift: 8.27792 crossingAngle: -38.9915 axialRotation: -26.8728 zShift: 4.937 energy: -0.0423585
MCAccept 45 xShift: 8.27792 crossingAngle: -38.9915 axialRotation: -26.8728 zShift: 4.94725 energy: -0.0618692
MCAccept 46 xShift: 8.29487 crossingAngle: -38.9915 axialRotation: -26.8728 zShift: 4.94725 energy: -0.0618692
MCAccept 47 xShift: 8.29487 crossingAngle: -38.9915 axialRotation: -26.7912 zShift: 4.94725 energy: -0.0618692
MCAccept 48 xShift: 8.29487 crossingAngle: -38.9915 axialRotation: -26.8031 zShift: 4.94725 energy: -0.0618692
MCAccept 49 xShift: 8.29529 crossingAngle: -38.9915 axialRotation: -26.8031 zShift: 4.94725 energy: -0.0618692
MCAccept 50 xShift: 8.29082 crossingAngle: -38.9915 axialRotation: -26.8031 zShift: 4.94725 energy: -0.0618692
MCAccept 51 xShift: 8.2811 crossingAngle: -38.9915 axialRotation: -26.8031 zShift: 4.94725 energy: -0.0618692
Energy #0: -0.0618692
***GEOMETRY SHIFT***
xShift;        Before: 8.26; After: 8.2811
crossingAngle; Before: -39.04; After: -38.9915
axialRotation; Before: -27.43; After: -26.8031
zShift;        Before: 4.97; After: 4.94725
Energy;        Before: 149.62; After: -0.0618692

Reached 51 cycles without improvement of 0.001. Accepted 52/52
Monte Carlo repack complete. Time: 9.73333min

