***STARTING GEOMETRY:***
xShift: 8.26
crossingAngle: -39.04
axialRotation: -27.43
zShift: 4.97

Number of MCCycles: 200
PrevSequence	CurrSequence	PrevEnergy	CurrEnergy	PrevEntropy	CurrEntropy	CurrentTemp
LLLTGLLTGLLTALLTTLILI	LLLTGLLVGLLTALLTTLILI	-3.08709	-1.05082	1.39457	0.0589809	999.847
LLLTGLLVGLLTALLTTLILI	LLLYGLLVGLLTALLTTLILI	-0.293619	-1.23371	0.816184	0.171816	999.684
LLLYGLLVGLLTALLTTLILI	LLLYGLLVGLLTALLITLILI	-0.297423	2.1981	1.10811	0.098896	999.512
LLLYGLLVGLLTALLITLILI	LLLYGLLTGLLTALLITLILI	2.19448	-0.443076	0.0952708	1.12845	999.328
LLLYGLLTGLLTALLITLILI	LLLYGLLTGLLFALLITLILI	-0.56723	1.52306	1.0043	0.119894	999.134
LLLYGLLTGLLFALLITLILI	LLLYGLLTGLLFALLIVLILI	2.33402	5.29716	0.930859	0.137712	998.928
LLLYGLLTGLLFALLIVLILI	LLLYGLLTGLLTALLIVLILI	5.33127	3.00386	0.171816	0.816184	998.708
LLLYGLLTGLLTALLIVLILI	LLLYGLLTGLLTSLLIVLILI	2.43183	3.65925	0.244161	0.642213	998.476
LLLYGLLTGLLTSLLIVLILI	LLLYGLLTGLLTSLLTVLILI	3.11594	0.684847	0.098896	1.10811	998.229
LLLYGLLTGLLTSLLTVLILI	LLLYGLLTGLLYSLLTVLILI	0.0197986	0.691889	0.443059	0.379341	997.967
LLLYGLLTGLLYSLLTVLILI	LLLYGLLTGLLYSLLTTLILI	0.407819	-2.27093	0.0952708	1.12845	997.689
LLLYGLLTGLLYSLLTTLILI	LLLGGLLTGLLYSLLTTLILI	-2.94445	-2.56658	0.454934	0.368877	997.394
LLLGGLLTGLLYSLLTTLILI	LLLGGLLTGLLTSLLTTLILI	-2.76364	-2.85385	0.171816	0.816184	997.081
LLLGGLLTGLLTSLLTTLILI	LLLYGLLTGLLTSLLTTLILI	-3.07562	-3.86298	0.594419	0.270132	996.749
LLLYGLLTGLLTSLLTTLILI	LLLYGLLTGLLTALLTTLILI	-3.4909	-4.83302	0.642213	0.244161	996.397
LLLYGLLTGLLTALLTTLILI	LLLYGLLYGLLTALLTTLILI	-4.53834	-2.29996	0.538845	0.30482	995.626
LLLYGLLYGLLTALLTTLILI	LLLYGLLTGLLTALLTTLILI	-2.29996	-4.53834	0.30482	0.538845	995.205
LLLYGLLTGLLTALLTTLILI	LLLYGLLYGLLTALLTTLILI	-4.53834	-2.29996	0.538845	0.30482	994.758
LLLYGLLYGLLTALLTTLILI	LLLYGLLTGLLTALLTTLILI	-2.29996	-4.53834	0.30482	0.538845	994.285
LLLYGLLTGLLTALLTTLILI	LLLYGLLTGLLTALLTILILI	-3.82199	-2.22164	1.2552	0.0756774	993.782
LLLYGLLTGLLTALLTILILI	LLLYGLLTGLLTSLLTILILI	-2.05316	-0.773324	0.244161	0.642213	993.249
LLLYGLLTGLLTSLLTILILI	LLLYGLLTGLLTSLLYILILI	-0.972478	2.55917	0.443059	0.379341	992.683
LLLYGLLTGLLTSLLYILILI	LLLYGLLTGLLTSLLYTLILI	2.27872	0.563601	0.098896	1.10811	992.084
LLLYGLLTGLLTSLLYTLILI	LLLYGLLTGLLTSLLTTLILI	-0.239686	-3.59427	0.30482	0.538845	991.448
LLLYGLLTGLLTSLLTTLILI	LLLYGLLYGLLTSLLTTLILI	-3.59427	-1.34382	0.538845	0.30482	990.773
LLLYGLLYGLLTSLLTTLILI	LLLYGLLYGLLTALLTTLILI	-1.00642	-2.36062	0.642213	0.244161	990.058
LLLYGLLYGLLTALLTTLILI	LLLGGLLYGLLTALLTTLILI	-2.14984	-1.64154	0.454934	0.368877	989.3
LLLGGLLYGLLTALLTTLILI	LLLYGLLYGLLTALLTTLILI	-1.64154	-2.14984	0.368877	0.454934	988.496
LLLYGLLYGLLTALLTTLILI	LLLGGLLYGLLTALLTTLILI	-2.14984	-1.64154	0.454934	0.368877	987.644
LLLGGLLYGLLTALLTTLILI	LLLGGLLYGLLTSLLTTLILI	-1.76625	-0.412108	0.244161	0.642213	986.74
LLLGGLLYGLLTSLLTTLILI	LLLGGLLYGLLTALLTTLILI	-0.412108	-1.76625	0.642213	0.244161	985.783
LLLGGLLYGLLTALLTTLILI	LLLGGLLYGLLTALLTILILI	-0.902307	0.868542	1.10811	0.098896	984.769
LLLGGLLYGLLTALLTILILI	LLLGGLLYGLLTALLTTLILI	0.868542	-0.902307	0.098896	1.10811	983.694
LLLGGLLYGLLTALLTTLILI	LLLYGLLYGLLTALLTTLILI	-1.64154	-2.14984	0.368877	0.454934	982.555
LLLYGLLYGLLTALLTTLILI	LLLYGLLYGLLTALLTILILI	-1.49667	0.273367	1.10811	0.098896	981.348
LLLYGLLYGLLTALLTILILI	LLLYGLLTGLLTALLTILILI	0.553812	-1.85426	0.379341	0.443059	980.071
LLLYGLLTGLLTALLTILILI	LLLYGLLTGLLTALLYILILI	-1.85426	1.88334	0.443059	0.379341	978.717
LLLYGLLTGLLTALLYILILI	LLLYGLLYGLLTALLYILILI	1.74203	4.62581	0.238039	0.654392	977.285
LLLYGLLYGLLTALLYILILI	LLLYGLLYGLLTALLTILILI	4.62581	0.41251	0.654392	0.238039	975.768
LLLYGLLYGLLTALLTILILI	LLLGGLLYGLLTALLTILILI	0.629405	1.13852	0.454934	0.368877	974.162
LLLGGLLYGLLTALLTILILI	LLLGGLLYGLLYALLTILILI	1.09837	2.72373	0.328724	0.505042	972.463
LLLGGLLYGLLYALLTILILI	LLLGGLLYGLLYALLTTLILI	2.36146	0.344399	0.142768	0.911943	970.666
LLLGGLLYGLLYALLTTLILI	LLLYGLLYGLLYALLTTLILI	-0.298073	-0.564071	0.269472	0.595564	968.764
LLLYGLLYGLLYALLTTLILI	LLLYGLLTGLLYALLTTLILI	-0.654592	-4.28075	0.505042	0.328724	966.754
LLLYGLLTGLLYALLTTLILI	LLLYGLLTGLLYSLLTTLILI	-4.36532	-2.75717	0.244161	0.642213	964.627
LLLYGLLTGLLYSLLTTLILI	LLLYGLLTGLLYALLTTLILI	-2.75717	-4.36532	0.642213	0.244161	962.38
LLLYGLLTGLLYALLTTLILI	LLLYGLLTGLLYALLTVLILI	-3.48102	-0.767123	1.12845	0.0952708	960.005
LLLYGLLTGLLYALLTVLILI	LLLYGLLTGLLTALLTVLILI	-0.483053	-0.889114	0.379341	0.443059	957.496
LLLYGLLTGLLTALLTVLILI	LLLYGLLTGLLTSLLTVLILI	-1.08801	0.218953	0.244161	0.642213	954.846
LLLYGLLTGLLTSLLTVLILI	LLLYGLLTGLLTALLTVLILI	0.218953	-1.08801	0.642213	0.244161	952.048
LLLYGLLTGLLTALLTVLILI	LLLYGLLTGLLTALLIVLILI	-0.224066	2.28657	1.10811	0.098896	949.095
LLLYGLLTGLLTALLIVLILI	LLLYGLLTGLLTALLITLILI	2.28294	-0.443076	0.0952708	1.12845	945.979
LLLYGLLTGLLTALLITLILI	LLLYGLLTGLLTSLLITLILI	-1.32737	-0.0647927	0.244161	0.642213	942.693
LLLYGLLTGLLTSLLITLILI	LLLYGLLTGLLTSLLTTLILI	-0.631328	-2.87792	0.0756774	1.2552	939.229
LLLYGLLTGLLTSLLTTLILI	LLLGGLLTGLLTSLLTTLILI	-3.86298	-3.07562	0.270132	0.594419	935.578
LLLGGLLTGLLTSLLTTLILI	LLLGGLLYGLLTSLLTTLILI	-2.85385	-0.882505	0.816184	0.171816	931.732
LLLGGLLYGLLTSLLTTLILI	LLLGGLLYGLLYSLLTTLILI	-0.611263	1.03392	0.443059	0.379341	923.422
LLLGGLLYGLLYSLLTTLILI	LLLGGLLYGLLYALLTTLILI	1.29679	-0.323384	0.642213	0.244161	918.939
LLLGGLLYGLLYALLTTLILI	LLLYGLLYGLLYALLTTLILI	-0.298073	-0.564071	0.269472	0.595564	914.227
LLLYGLLYGLLYALLTTLILI	LLLGGLLYGLLYALLTTLILI	-0.564071	-0.298073	0.595564	0.269472	909.276
LLLGGLLYGLLYALLTTLILI	LLLYGLLYGLLYALLTTLILI	-0.298073	-0.564071	0.269472	0.595564	904.077
LLLYGLLYGLLYALLTTLILI	LLLYGLLYGLLTALLTTLILI	-0.654592	-2.27605	0.505042	0.328724	898.621
LLLYGLLYGLLTALLTTLILI	LLLYGLLTGLLTALLTTLILI	-2.29996	-4.53834	0.30482	0.538845	892.899
LLLYGLLTGLLTALLTTLILI	LLLYGLLTGLLYALLTTLILI	-4.53834	-2.63518	0.538845	0.30482	886.903
LLLYGLLTGLLYALLTTLILI	LLLGGLLTGLLYALLTTLILI	-2.48507	-3.77661	0.454934	0.368877	880.623
LLLGGLLTGLLYALLTTLILI	LLLGGLLTGLLYALLVTLILI	-3.01704	-0.329402	1.12845	0.0952708	874.051
LLLGGLLTGLLYALLVTLILI	LLLGGLLTGLLYALLTTLILI	-0.329402	-3.01704	0.0952708	1.12845	867.179
LLLGGLLTGLLYALLTTLILI	LLLGGLLTGLLTALLTTLILI	-3.97367	-3.79786	0.171816	0.816184	859.999
LLLGGLLTGLLTALLTTLILI	LLLGGLLYGLLTALLTTLILI	-3.79786	-1.8386	0.816184	0.171816	852.504
LLLGGLLYGLLTALLTTLILI	LLLGGLLYGLLYALLTTLILI	-1.56736	-0.188203	0.443059	0.379341	844.686
LLLGGLLYGLLYALLTTLILI	LLLYGLLYGLLYALLTTLILI	-0.298073	-0.564071	0.269472	0.595564	836.541
LLLYGLLYGLLYALLTTLILI	LLLYGLLYGLLYSLLTTLILI	-0.915474	0.70476	0.244161	0.642213	828.061
LLLYGLLYGLLYSLLTTLILI	LLLYGLLYGLLYALLTTLILI	0.70476	-0.915474	0.642213	0.244161	819.243
LLLYGLLYGLLYALLTTLILI	LLLYGLLYGLLYALLTILILI	-0.247691	1.8425	0.911943	0.142768	810.083
LLLYGLLYGLLYALLTILILI	LLLYGLLYGLLYALLTTLILI	1.8425	-0.247691	0.142768	0.911943	800.577
LLLYGLLYGLLYALLTTLILI	LLLYGLLYGLLTALLTTLILI	-0.654592	-2.27605	0.505042	0.328724	790.724
LLLYGLLYGLLTALLTTLILI	LLLGGLLYGLLTALLTTLILI	-2.14984	-1.64154	0.454934	0.368877	780.523
LLLGGLLYGLLTALLTTLILI	LLLGGLLYGLLTSLLTTLILI	-1.76625	-0.412108	0.244161	0.642213	769.974
LLLGGLLYGLLTSLLTTLILI	LLLYGLLYGLLTSLLTTLILI	-0.685444	-1.1937	0.368877	0.454934	747.845
LLLYGLLYGLLTSLLTTLILI	LLLYGLLYGLLTALLTTLILI	-1.00642	-2.36062	0.642213	0.244161	736.272
LLLYGLLYGLLTALLTTLILI	LLLGGLLYGLLTALLTTLILI	-2.14984	-1.64154	0.454934	0.368877	724.369
LLLGGLLYGLLTALLTTLILI	LLLGGLLYGLLYALLTTLILI	-1.56736	-0.188203	0.443059	0.379341	712.142
LLLGGLLYGLLYALLTTLILI	LLLGGLLTGLLYALLTTLILI	-0.188203	-3.70243	0.379341	0.443059	699.602
LLLGGLLTGLLYALLTTLILI	LLLGGLLTGLLYSLLTTLILI	-3.90133	-2.29324	0.244161	0.642213	686.76
LLLGGLLTGLLYSLLTTLILI	LLLYGLLTGLLYSLLTTLILI	-2.56658	-2.94445	0.368877	0.454934	673.628
LLLYGLLTGLLYSLLTTLILI	LLLYGLLTGLLYALLTTLILI	-2.75717	-4.36532	0.642213	0.244161	660.222
LLLYGLLTGLLYALLTTLILI	LLLYGLLTGLLYSLLTTLILI	-4.36532	-2.75717	0.244161	0.642213	632.651
LLLYGLLTGLLYSLLTTLILI	LLLYGLLTGLLTSLLTTLILI	-3.09456	-3.59427	0.30482	0.538845	618.524
LLLYGLLTGLLTSLLTTLILI	LLLGGLLTGLLTSLLTTLILI	-3.86298	-3.07562	0.270132	0.594419	604.196
LLLGGLLTGLLTSLLTTLILI	LLLGGLLTGLLTALLTTLILI	-3.02782	-4.36988	0.642213	0.244161	589.688
LLLGGLLTGLLTALLTTLILI	LLLYGLLTGLLTALLTTLILI	-4.01962	-4.80705	0.594419	0.270132	575.025
LLLYGLLTGLLTALLTTLILI	LLLYGLLTGLLTSLLTTLILI	-4.83302	-3.4909	0.244161	0.642213	560.23
LLLYGLLTGLLTSLLTTLILI	LLLGGLLTGLLTSLLTTLILI	-3.86298	-3.07562	0.270132	0.594419	545.329
LLLGGLLTGLLTSLLTTLILI	LLLGGLLTGLLTALLTTLILI	-3.02782	-4.36988	0.642213	0.244161	530.348
LLLGGLLTGLLTALLTTLILI	LLLYGLLTGLLTALLTTLILI	-4.01962	-4.80705	0.594419	0.270132	515.312
LLLYGLLTGLLTALLTTLILI	LLLYGLLTGLLTSLLTTLILI	-4.83302	-3.4909	0.244161	0.642213	500.25
LLLYGLLTGLLTSLLTTLILI	LLLYGLLYGLLTSLLTTLILI	-3.59427	-1.34382	0.538845	0.30482	485.188
LLLYGLLYGLLTSLLTTLILI	LLLYGLLYGLLTALLTTLILI	-1.00642	-2.36062	0.642213	0.244161	470.152
LLLYGLLYGLLTALLTTLILI	LLLYGLLTGLLTALLTTLILI	-2.29996	-4.53834	0.30482	0.538845	440.27
LLLYGLLTGLLTALLTTLILI	LLLGGLLTGLLTALLTTLILI	-4.80705	-4.01962	0.270132	0.594419	425.475
LLLGGLLTGLLTALLTTLILI	LLLGGLLTGLLYALLTTLILI	-3.79786	-3.97367	0.816184	0.171816	410.812
LLLGGLLTGLLYALLTTLILI	LLLYGLLTGLLYALLTTLILI	-3.77661	-4.15454	0.368877	0.454934	396.304
LLLYGLLTGLLYALLTTLILI	LLLYGLLTGLLTALLTTLILI	-4.30466	-4.53834	0.30482	0.538845	381.976
LLLYGLLTGLLTALLTTLILI	LLLYGLLTGLLTALLITLILI	-3.82199	-1.49585	1.2552	0.0756774	367.849
LLLYGLLTGLLTALLITLILI	LLLYGLLTGLLTALLTTLILI	-1.49585	-3.82199	0.0756774	1.2552	353.943
LLLYGLLTGLLTALLTTLILI	LLLYGLLTGLLYALLTTLILI	-4.53834	-4.30466	0.538845	0.30482	326.872
LLLYGLLTGLLYALLTTLILI	LLLYGLLTGLLTALLTTLILI	-4.30466	-4.53834	0.30482	0.538845	300.898
LLLYGLLTGLLTALLTTLILI	LLLGGLLTGLLTALLTTLILI	-4.80705	-4.01962	0.270132	0.594419	288.358
LLLGGLLTGLLTALLTTLILI	LLLGGLLTGLLYALLTTLILI	-3.79786	-3.97367	0.816184	0.171816	276.131
LLLGGLLTGLLYALLTTLILI	LLLGGLLTGLLTALLTTLILI	-3.97367	-3.79786	0.171816	0.816184	264.228
LLLGGLLTGLLTALLTTLILI	LLLYGLLTGLLTALLTTLILI	-4.01962	-4.80705	0.594419	0.270132	252.655
LLLYGLLTGLLTALLTTLILI	LLLYGLLTGLLYALLTTLILI	-4.53834	-4.30466	0.538845	0.30482	241.419
LLLYGLLTGLLYALLTTLILI	LLLYGLLTGLLTALLTTLILI	-4.30466	-4.53834	0.30482	0.538845	230.526
LLLYGLLTGLLTALLTTLILI	LLLGGLLTGLLTALLTTLILI	-4.80705	-4.01962	0.270132	0.594419	163.959
LLLGGLLTGLLTALLTTLILI	LLLGGLLTGLLYALLTTLILI	-3.79786	-3.97367	0.816184	0.171816	155.814
LLLGGLLTGLLYALLTTLILI	LLLYGLLTGLLYALLTTLILI	-3.77661	-4.15454	0.368877	0.454934	147.996
LLLYGLLTGLLYALLTTLILI	LLLTGLLTGLLYALLTTLILI	-4.30466	-3.72326	0.30482	0.538845	133.321
LLLTGLLTGLLYALLTTLILI	LLLYGLLTGLLYALLTTLILI	-3.72326	-4.30466	0.538845	0.30482	126.449
LLLYGLLTGLLYALLTTLILI	LLLGGLLTGLLYALLTTLILI	-4.15454	-3.77661	0.454934	0.368877	113.597
LLLGGLLTGLLYALLTTLILI	LLLGGLLTGLLTALLTTLILI	-3.97367	-3.79786	0.171816	0.816184	107.601
LLLGGLLTGLLTALLTTLILI	LLLYGLLTGLLTALLTTLILI	-4.01962	-4.80705	0.594419	0.270132	101.879
LLLYGLLTGLLTALLTTLILI	LLLYGLLTGLLYALLTTLILI	-4.53834	-4.30466	0.538845	0.30482	43.0041
LLLYGLLTGLLYALLTTLILI	LLLYGLLTGLLTALLTTLILI	-4.30466	-4.53834	0.30482	0.538845	40.495
Time: 371s
