***STARTING GEOMETRY:***
xShift: 8.64037
crossingAngle: 25.4726
axialRotation: 75.2299
zShift: 2.22786

Number of MCCycles: 100
PrevSequence	CurrSequence	PrevEnergy	CurrEnergy	PrevEntropy	CurrEntropy	CurrentTemp
LLLYVLLGLLYWLTGLLLILI	LLLYVLLGLLYWLVGLLLILI	-12.3036	-9.10249	0.396733	0.424273	999.684
LLLYVLLGLLYWLVGLLLILI	LLLYVLLGLLYWLTGLLLILI	-9.10249	-12.652	0.424273	0.396733	999.328
LLLYVLLGLLYWLTGLLLILI	LLLYVLLGLLYTLTGLLLILI	-12.5878	-12.3779	0.460972	0.363705	998.928
LLLYVLLGLLYTLTGLLLILI	LLLYVLLGLLYWLTGLLLILI	-12.3779	-12.4231	0.363705	0.460972	998.476
LLLYVLLGLLYWLTGLLLILI	LLLYVLLGLLYTLTGLLLILI	-12.4231	-12.3779	0.460972	0.363705	997.967
LLLYVLLGLLYTLTGLLLILI	LLLWVLLGLLYTLTGLLLILI	-12.2904	-11.1176	0.451187	0.372136	997.394
LLLWVLLGLLYTLTGLLLILI	LLLWVLLGLLYWLTGLLLILI	-11.2803	-11.1301	0.209355	0.716965	996.749
LLLWVLLGLLYWLTGLLLILI	LLLYVLLGLLYWLTGLLLILI	-11.2482	-12.6165	0.598868	0.267575	996.023
LLLYVLLGLLYWLTGLLLILI	LLLYILLGLLYWLTGLLLILI	-12.652	-10.8431	0.232152	0.666466	994.285
LLLYILLGLLYWLTGLLLILI	LLLVILLGLLYWLTGLLLILI	-10.4349	-9.60055	1.07465	0.105187	993.249
LLLVILLGLLYWLTGLLLILI	LLLYILLGLLYWLTGLLLILI	-9.60055	-10.4349	0.105187	1.07465	992.084
LLLYILLGLLYWLTGLLLILI	LLLYVLLGLLYWLTGLLLILI	-10.8431	-12.1897	0.666466	0.232152	990.773
LLLYVLLGLLYWLTGLLLILI	LLLVVLLGLLYWLTGLLLILI	-11.6683	-10.9736	0.753596	0.194474	989.3
LLLVVLLGLLYWLTGLLLILI	LLLVVLLGLLYTLTGLLLILI	-10.7071	-10.5002	0.460972	0.363705	987.644
LLLVVLLGLLYTLTGLLLILI	LLLVVLLGLLFTLTGLLLILI	-10.2135	-8.97954	0.650378	0.240035	985.783
LLLVVLLGLLFTLTGLLLILI	LLLYVLLGLLFTLTGLLLILI	-8.87896	-9.9836	0.340616	0.489394	983.694
LLLYVLLGLLFTLTGLLLILI	LLLYVLLGLLFWLTGLLLILI	-10.1093	-9.89845	0.363705	0.460972	981.348
LLLYVLLGLLFWLTGLLLILI	LLLVVLLGLLFWLTGLLLILI	-9.87003	-8.86133	0.489394	0.340616	978.717
LLLVVLLGLLFWLTGLLLILI	LLLVILLGLLFWLTGLLLILI	-8.80347	-7.24011	0.398479	0.42245	975.768
LLLVILLGLLFWLTGLLLILI	LLLVILLGLLFTLTGLLLILI	-7.20158	-7.41021	0.460972	0.363705	972.463
LLLVILLGLLFTLTGLLLILI	LLLVILLGLLFTLYGLLLILI	-7.23507	-4.28117	0.538845	0.30482	968.764
LLLVILLGLLFTLYGLLLILI	LLLYILLGLLFTLYGLLLILI	-4.48081	-5.31332	0.105187	1.07465	964.627
LLLYILLGLLFTLYGLLLILI	LLLYFLLGLLFTLYGLLLILI	-6.03675	-5.76143	0.351222	0.47603	960.005
LLLYFLLGLLFTLYGLLLILI	LLLYVLLGLLFTLYGLLLILI	-5.48386	-7.09019	0.753596	0.194474	954.846
LLLYVLLGLLFTLYGLLLILI	LLLYILLGLLFTLYGLLLILI	-7.05252	-5.7215	0.232152	0.666466	949.095
LLLYILLGLLFTLYGLLLILI	LLLVILLGLLFTLYGLLLILI	-5.31332	-4.48081	1.07465	0.105187	942.693
LLLVILLGLLFTLYGLLLILI	LLLVILLGLLFTLTGLLLILI	-4.28117	-7.23507	0.30482	0.538845	935.578
LLLVILLGLLFTLTGLLLILI	LLLVILLGLLYTLTGLLLILI	-7.53388	-8.76773	0.240035	0.650378	927.683
LLLVILLGLLYTLTGLLLILI	LLLYILLGLLYTLTGLLLILI	-9.31292	-10.1649	0.105187	1.07465	918.939
LLLYILLGLLYTLTGLLLILI	LLLVILLGLLYTLTGLLLILI	-10.1649	-9.31292	1.07465	0.105187	909.276
LLLVILLGLLYTLTGLLLILI	LLLVVLLGLLYTLTGLLLILI	-8.99565	-10.4654	0.42245	0.398479	898.621
LLLVVLLGLLYTLTGLLLILI	LLLYVLLGLLYTLTGLLLILI	-10.6694	-11.3825	0.194474	0.753596	886.903
LLLYVLLGLLYTLTGLLLILI	LLLYVLLGLLYWLTGLLLILI	-11.7723	-11.9609	0.363705	0.460972	874.051
LLLYVLLGLLYWLTGLLLILI	LLLVVLLGLLYWLTGLLLILI	-11.6683	-10.9736	0.753596	0.194474	844.686
LLLVVLLGLLYWLTGLLLILI	LLLYVLLGLLYWLTGLLLILI	-10.9736	-11.6683	0.194474	0.753596	828.061
LLLYVLLGLLYWLTGLLLILI	LLLYVLLGLLWWLTGLLLILI	-12.1543	-11.4975	0.267575	0.598868	810.083
LLLYVLLGLLWWLTGLLLILI	LLLVVLLGLLWWLTGLLLILI	-11.6069	-10.715	0.489394	0.340616	790.724
LLLVVLLGLLWWLTGLLLILI	LLLVVLLGLLWFLTGLLLILI	-9.82461	-10.9963	1.23103	0.0790506	769.974
LLLVVLLGLLWFLTGLLLILI	LLLYVLLGLLWFLTGLLLILI	-10.7348	-10.87	0.340616	0.489394	747.845
LLLYVLLGLLWFLTGLLLILI	LLLYVLLGLLWYLTGLLLILI	-11.2273	-11.4286	0.132101	0.952787	724.369
LLLYVLLGLLWYLTGLLLILI	LLLYFLLGLLWYLTGLLLILI	-12.0407	-11.2902	0.340616	0.489394	699.602
LLLYFLLGLLWYLTGLLLILI	LLLYFLLGLLWFLTGLLLILI	-11.1292	-11.1498	0.650378	0.240035	673.628
LLLYFLLGLLWFLTGLLLILI	LLLYFLLGLLWYLTGLLLILI	-11.1498	-10.2901	0.240035	0.650378	646.557
LLLYFLLGLLWYLTGLLLILI	LLLYFLLGLLWFLTGLLLILI	-10.2901	-11.2602	0.650378	0.240035	618.524
LLLYFLLGLLWFLTGLLLILI	LLLYFLLGLLWYLTGLLLILI	-11.2602	-11.1292	0.240035	0.650378	589.688
LLLYFLLGLLWYLTGLLLILI	LLLYVLLGLLWYLTGLLLILI	-11.2902	-12.0407	0.489394	0.340616	560.23
LLLYVLLGLLWYLTGLLLILI	LLLYVLLGLLWFLTGLLLILI	-11.4286	-11.8916	0.952787	0.132101	530.348
LLLYVLLGLLWFLTGLLLILI	LLLYVLLGLLWFLVGLLLILI	-11.6269	-8.27047	0.396733	0.424273	470.152
LLLYVLLGLLWFLVGLLLILI	LLLVVLLGLLWFLVGLLLILI	-8.32828	-7.18412	0.366471	0.457728	440.27
LLLVVLLGLLWFLVGLLLILI	LLLVVLLGLLWFLTGLLLILI	-7.08273	-10.7838	0.559121	0.291546	410.812
LLLVVLLGLLWFLTGLLLILI	LLLVVLLGLLTFLTGLLLILI	-10.6144	-9.40675	0.460972	0.363705	381.976
LLLVVLLGLLTFLTGLLLILI	LLLVVLLGLLTYLTGLLLILI	-9.53042	-8.8812	0.240035	0.650378	326.872
LLLVVLLGLLTYLTGLLLILI	LLLYVLLGLLTYLTGLLLILI	-9.3371	-10.0834	0.194474	0.753596	300.898
LLLYVLLGLLTYLTGLLLILI	LLLYVLLGLLTFLTGLLLILI	-9.88423	-10.9387	0.952787	0.132101	276.131
LLLYVLLGLLTFLTGLLLILI	LLLYVLLGLLWFLTGLLLILI	-10.7071	-11.6673	0.363705	0.460972	252.655
LLLYVLLGLLWFLTGLLLILI	LLLYFLLGLLWFLTGLLLILI	-11.9338	-10.6357	0.194474	0.753596	230.526
LLLYFLLGLLWFLTGLLLILI	LLLYFLLGLLWYLTGLLLILI	-11.1493	-11.1292	0.240035	0.650378	209.776
LLLYFLLGLLWYLTGLLLILI	LLLYFLLGLLWFLTGLLLILI	-11.1292	-11.2602	0.650378	0.240035	190.417
LLLYFLLGLLWFLTGLLLILI	LLLYVLLGLLWFLTGLLLILI	-10.7466	-11.8292	0.753596	0.194474	172.439
LLLYVLLGLLWFLTGLLLILI	LLLYVLLGLLWYLTGLLLILI	-11.8916	-11.4286	0.132101	0.952787	45.6541
LLLYVLLGLLWYLTGLLLILI	LLLYVLLGLLWFLTGLLLILI	-11.4286	-11.8916	0.952787	0.132101	35.8726
Time: 122s
