MCAccept 0 xShift: 6.96416 crossingAngle: -41.3331 axialRotation: -82.5034 zShift: 3.30647 energy: -12.1739
MCAccept 1 xShift: 6.9595 crossingAngle: -41.3331 axialRotation: -82.5034 zShift: 3.30647 energy: -12.1714
MCAccept 2 xShift: 6.9595 crossingAngle: -41.3579 axialRotation: -82.5034 zShift: 3.30647 energy: -12.2996
MCReject   xShift: 6.9595 crossingAngle: -41.3579 axialRotation: -82.5034 zShift: 3.30321 energy: -12.1809
MCReject   xShift: 6.9595 crossingAngle: -41.3579 axialRotation: -82.5591 zShift: 3.30647 energy: -12.1739
MCAccept 3 xShift: 6.9595 crossingAngle: -41.3579 axialRotation: -82.5034 zShift: 3.31505 energy: -12.4614
MCAccept 4 xShift: 6.9595 crossingAngle: -41.3579 axialRotation: -82.5034 zShift: 3.32919 energy: -12.3854
MCAccept 5 xShift: 6.9595 crossingAngle: -41.3579 axialRotation: -82.5034 zShift: 3.32208 energy: -12.7233
MCAccept 6 xShift: 6.95457 crossingAngle: -41.3579 axialRotation: -82.5034 zShift: 3.32208 energy: -12.7233
MCReject   xShift: 6.95457 crossingAngle: -41.2131 axialRotation: -82.5034 zShift: 3.32208 energy: -12.562
MCAccept 7 xShift: 6.95457 crossingAngle: -41.473 axialRotation: -82.5034 zShift: 3.32208 energy: -12.8498
MCAccept 8 xShift: 6.95457 crossingAngle: -41.473 axialRotation: -82.5423 zShift: 3.32208 energy: -12.8498
MCAccept 9 xShift: 6.95457 crossingAngle: -41.473 axialRotation: -82.5423 zShift: 3.32503 energy: -12.9511
MCReject   xShift: 6.95457 crossingAngle: -41.473 axialRotation: -82.7958 zShift: 3.32503 energy: -11.6993
MCReject   xShift: 6.95457 crossingAngle: -41.473 axialRotation: -82.6147 zShift: 3.32503 energy: -12.6621
MCReject   xShift: 6.95457 crossingAngle: -41.473 axialRotation: -82.5423 zShift: 3.31928 energy: -12.7532
MCReject   xShift: 6.95457 crossingAngle: -41.473 axialRotation: -82.4223 zShift: 3.32503 energy: -12.6621
MCAccept 10 xShift: 6.95457 crossingAngle: -41.473 axialRotation: -82.5423 zShift: 3.33393 energy: -13.2505
MCReject   xShift: 6.95457 crossingAngle: -41.2854 axialRotation: -82.5423 zShift: 3.33393 energy: -13.1233
MCReject   xShift: 6.95457 crossingAngle: -41.4969 axialRotation: -82.5423 zShift: 3.33393 energy: -13.0715
MCReject   xShift: 6.95262 crossingAngle: -41.473 axialRotation: -82.5423 zShift: 3.33393 energy: -13.05
MCReject   xShift: 6.95457 crossingAngle: -41.3911 axialRotation: -82.5423 zShift: 3.33393 energy: -12.9228
MCAccept 11 xShift: 6.95457 crossingAngle: -41.473 axialRotation: -82.3808 zShift: 3.33393 energy: -13.0715
MCAccept 12 xShift: 6.95457 crossingAngle: -41.473 axialRotation: -82.3808 zShift: 3.33816 energy: -13.2625
MCReject   xShift: 6.95457 crossingAngle: -41.4438 axialRotation: -82.3808 zShift: 3.33816 energy: -13.0756
MCAccept 13 xShift: 6.93549 crossingAngle: -41.473 axialRotation: -82.3808 zShift: 3.33816 energy: -13.3899
MCAccept 14 xShift: 6.93549 crossingAngle: -41.6068 axialRotation: -82.3808 zShift: 3.33816 energy: -13.203
MCReject   xShift: 6.93549 crossingAngle: -41.6068 axialRotation: -82.3808 zShift: 3.33942 energy: -13.0772
MCReject   xShift: 6.93549 crossingAngle: -41.5151 axialRotation: -82.3808 zShift: 3.33816 energy: -9.80035
MCReject   xShift: 6.93549 crossingAngle: -41.6068 axialRotation: -82.3808 zShift: 3.32749 energy: -12.9076
MCReject   xShift: 6.93549 crossingAngle: -41.624 axialRotation: -82.3808 zShift: 3.33816 energy: -12.6617
MCAccept 15 xShift: 6.93549 crossingAngle: -41.6068 axialRotation: -82.3464 zShift: 3.33816 energy: -13.0411
MCAccept 16 xShift: 6.9546 crossingAngle: -41.6068 axialRotation: -82.3464 zShift: 3.33816 energy: -13.3899
MCAccept 17 xShift: 6.95173 crossingAngle: -41.6068 axialRotation: -82.3464 zShift: 3.33816 energy: -13.3899
MCAccept 18 xShift: 6.95173 crossingAngle: -41.4299 axialRotation: -82.3464 zShift: 3.33816 energy: -13.181
MCAccept 19 xShift: 6.95173 crossingAngle: -41.4299 axialRotation: -82.4043 zShift: 3.33816 energy: -13.0536
MCAccept 20 xShift: 6.95173 crossingAngle: -41.4299 axialRotation: -82.4043 zShift: 3.32005 energy: -12.7797
MCReject   xShift: 6.95173 crossingAngle: -41.4299 axialRotation: -82.4856 zShift: 3.32005 energy: -12.6065
MCReject   xShift: 6.95173 crossingAngle: -41.4567 axialRotation: -82.4043 zShift: 3.32005 energy: -11.9686
MCReject   xShift: 6.95173 crossingAngle: -41.4299 axialRotation: -82.15 zShift: 3.32005 energy: -12.6533
MCReject   xShift: 6.95173 crossingAngle: -41.4299 axialRotation: -82.4043 zShift: 3.3108 energy: -12.4549
MCReject   xShift: 6.95173 crossingAngle: -41.4299 axialRotation: -82.2681 zShift: 3.32005 energy: -12.6266
MCAccept 21 xShift: 6.95173 crossingAngle: -41.4161 axialRotation: -82.4043 zShift: 3.32005 energy: -12.7797
MCReject   xShift: 6.95173 crossingAngle: -41.4224 axialRotation: -82.4043 zShift: 3.32005 energy: -12.6533
MCAccept 22 xShift: 6.95173 crossingAngle: -41.4161 axialRotation: -82.4117 zShift: 3.32005 energy: -12.6065
MCAccept 23 xShift: 6.95173 crossingAngle: -41.4462 axialRotation: -82.4117 zShift: 3.32005 energy: -12.5002
MCReject   xShift: 6.95173 crossingAngle: -41.4462 axialRotation: -82.4117 zShift: 3.30246 energy: -12.0282
MCAccept 24 xShift: 6.95173 crossingAngle: -41.4462 axialRotation: -82.4827 zShift: 3.32005 energy: -12.6065
MCAccept 25 xShift: 6.95173 crossingAngle: -41.4462 axialRotation: -82.4827 zShift: 3.31954 energy: -12.6356
MCAccept 26 xShift: 6.95173 crossingAngle: -41.4462 axialRotation: -82.3862 zShift: 3.31954 energy: -12.6098
MCAccept 27 xShift: 6.95173 crossingAngle: -41.3535 axialRotation: -82.3862 zShift: 3.31954 energy: -12.7619
MCReject   xShift: 6.94761 crossingAngle: -41.3535 axialRotation: -82.3862 zShift: 3.31954 energy: -9.13388
MCAccept 28 xShift: 6.94779 crossingAngle: -41.3535 axialRotation: -82.3862 zShift: 3.31954 energy: -12.7619
MCReject   xShift: 6.94779 crossingAngle: -41.3535 axialRotation: -82.3862 zShift: 3.32095 energy: -12.636
MCReject   xShift: 6.94779 crossingAngle: -41.3535 axialRotation: -82.3169 zShift: 3.31954 energy: -12.6098
MCReject   xShift: 6.92481 crossingAngle: -41.3535 axialRotation: -82.3862 zShift: 3.31954 energy: -12.6098
MCAccept 29 xShift: 6.94779 crossingAngle: -41.3535 axialRotation: -82.3862 zShift: 3.34303 energy: -13.548
MCReject   xShift: 6.94779 crossingAngle: -41.3535 axialRotation: -82.4652 zShift: 3.34303 energy: -13.0527
MCReject   xShift: 6.94779 crossingAngle: -41.4193 axialRotation: -82.3862 zShift: 3.34303 energy: -13.2017
MCReject   xShift: 6.94779 crossingAngle: -41.4473 axialRotation: -82.3862 zShift: 3.34303 energy: -9.92309
MCReject   xShift: 6.94008 crossingAngle: -41.3535 axialRotation: -82.3862 zShift: 3.34303 energy: -13.4203
MCReject   xShift: 6.95694 crossingAngle: -41.3535 axialRotation: -82.3862 zShift: 3.34303 energy: -13.1804
MCAccept 30 xShift: 6.94779 crossingAngle: -41.3535 axialRotation: -82.3862 zShift: 3.35538 energy: -13.7189
MCReject   xShift: 6.95723 crossingAngle: -41.3535 axialRotation: -82.3862 zShift: 3.35538 energy: -12.8342
MCAccept 31 xShift: 6.93161 crossingAngle: -41.3535 axialRotation: -82.3862 zShift: 3.35538 energy: -13.9388
MCReject   xShift: 6.93161 crossingAngle: -41.3144 axialRotation: -82.3862 zShift: 3.35538 energy: -13.7189
MCReject   xShift: 6.93161 crossingAngle: -41.3535 axialRotation: -82.399 zShift: 3.35538 energy: -13.5231
MCAccept 32 xShift: 6.93161 crossingAngle: -41.3535 axialRotation: -82.3599 zShift: 3.35538 energy: -13.9388
MCReject   xShift: 6.93161 crossingAngle: -41.3535 axialRotation: -82.4403 zShift: 3.35538 energy: -13.5905
MCReject   xShift: 6.93161 crossingAngle: -41.3535 axialRotation: -82.3599 zShift: 3.34702 energy: -13.5481
MCReject   xShift: 6.93161 crossingAngle: -41.3535 axialRotation: -82.3599 zShift: 3.33783 energy: -13.1928
MCReject   xShift: 6.93156 crossingAngle: -41.3535 axialRotation: -82.3599 zShift: 3.35538 energy: -10.3843
MCAccept 33 xShift: 6.93161 crossingAngle: -41.3535 axialRotation: -82.2549 zShift: 3.35538 energy: -13.9388
MCReject   xShift: 6.93161 crossingAngle: -41.3535 axialRotation: -82.1333 zShift: 3.35538 energy: -13.5905
MCAccept 34 xShift: 6.93161 crossingAngle: -41.3535 axialRotation: -82.436 zShift: 3.35538 energy: -13.7189
MCReject   xShift: 6.93161 crossingAngle: -41.3535 axialRotation: -82.436 zShift: 3.34345 energy: -13.1924
MCAccept 35 xShift: 6.93161 crossingAngle: -41.3535 axialRotation: -82.4099 zShift: 3.35538 energy: -13.3947
MCReject   xShift: 6.93161 crossingAngle: -41.3535 axialRotation: -82.4099 zShift: 3.35843 energy: -12.5719
MCAccept 36 xShift: 6.93161 crossingAngle: -41.3811 axialRotation: -82.4099 zShift: 3.35538 energy: -13.5668
MCAccept 37 xShift: 6.93161 crossingAngle: -41.3599 axialRotation: -82.4099 zShift: 3.35538 energy: -13.8105
MCReject   xShift: 6.93161 crossingAngle: -41.3599 axialRotation: -82.4099 zShift: 3.33887 energy: -13.413
MCAccept 38 xShift: 6.92451 crossingAngle: -41.3599 axialRotation: -82.4099 zShift: 3.35538 energy: -13.7189
MCReject   xShift: 6.92451 crossingAngle: -41.3599 axialRotation: -82.3745 zShift: 3.35538 energy: -12.2068
MCAccept 39 xShift: 6.92451 crossingAngle: -41.3599 axialRotation: -82.4 zShift: 3.35538 energy: -13.6952
MCAccept 40 xShift: 6.92451 crossingAngle: -41.3599 axialRotation: -82.4 zShift: 3.35164 energy: -13.8221
MCReject   xShift: 6.93175 crossingAngle: -41.3599 axialRotation: -82.4 zShift: 3.35164 energy: -13.6094
MCReject   xShift: 6.92451 crossingAngle: -41.3599 axialRotation: -82.4534 zShift: 3.35164 energy: -13.6094
MCAccept 41 xShift: 6.92451 crossingAngle: -41.3206 axialRotation: -82.4 zShift: 3.35164 energy: -13.8221
MCReject   xShift: 6.92451 crossingAngle: -41.3206 axialRotation: -82.3897 zShift: 3.35164 energy: -13.4579
MCReject   xShift: 6.92451 crossingAngle: -41.3206 axialRotation: -82.181 zShift: 3.35164 energy: -13.5861
MCAccept 42 xShift: 6.92451 crossingAngle: -41.3206 axialRotation: -82.4 zShift: 3.35963 energy: -13.9413
MCAccept 43 xShift: 6.92451 crossingAngle: -41.3206 axialRotation: -82.4 zShift: 3.37179 energy: -13.9544
MCAccept 44 xShift: 6.92451 crossingAngle: -41.2162 axialRotation: -82.4 zShift: 3.37179 energy: -14.054
MCReject   xShift: 6.92451 crossingAngle: -41.2162 axialRotation: -82.4433 zShift: 3.37179 energy: -13.9544
MCReject   xShift: 6.92451 crossingAngle: -41.2321 axialRotation: -82.4 zShift: 3.37179 energy: -13.8251
MCAccept 45 xShift: 6.92451 crossingAngle: -41.2162 axialRotation: -82.4 zShift: 3.36249 energy: -13.9233
MCAccept 46 xShift: 6.91921 crossingAngle: -41.2162 axialRotation: -82.4 zShift: 3.36249 energy: -13.9233
MCReject   xShift: 6.91921 crossingAngle: -41.3634 axialRotation: -82.4 zShift: 3.36249 energy: -13.7702
MCAccept 47 xShift: 6.91921 crossingAngle: -41.2162 axialRotation: -82.4 zShift: 3.38038 energy: -14.5555
MCReject   xShift: 6.91921 crossingAngle: -41.2162 axialRotation: -82.4 zShift: 3.38446 energy: -14.2688
MCReject   xShift: 6.91921 crossingAngle: -41.2162 axialRotation: -82.3474 zShift: 3.38038 energy: -14.4158
MCReject   xShift: 6.91042 crossingAngle: -41.2162 axialRotation: -82.4 zShift: 3.38038 energy: -14.0396
MCReject   xShift: 6.91921 crossingAngle: -41.2162 axialRotation: -82.4 zShift: 3.36948 energy: -14.3671
MCReject   xShift: 6.91921 crossingAngle: -41.3751 axialRotation: -82.4 zShift: 3.38038 energy: -14.0396
MCReject   xShift: 6.91921 crossingAngle: -41.084 axialRotation: -82.4 zShift: 3.38038 energy: -13.7218
MCReject   xShift: 6.91772 crossingAngle: -41.2162 axialRotation: -82.4 zShift: 3.38038 energy: -14.4158
MCReject   xShift: 6.91921 crossingAngle: -41.2162 axialRotation: -82.4053 zShift: 3.38038 energy: -14.0396
MCReject   xShift: 6.91921 crossingAngle: -41.2111 axialRotation: -82.4 zShift: 3.38038 energy: -13.1464
MCReject   xShift: 6.91921 crossingAngle: -41.2162 axialRotation: -82.4 zShift: 3.37104 energy: -10.6422
MCReject   xShift: 6.93206 crossingAngle: -41.2162 axialRotation: -82.4 zShift: 3.38038 energy: -13.3285
MCAccept 48 xShift: 6.91921 crossingAngle: -41.231 axialRotation: -82.4 zShift: 3.38038 energy: -14.6853
MCReject   xShift: 6.91921 crossingAngle: -41.231 axialRotation: -82.538 zShift: 3.38038 energy: -13.8516
MCReject   xShift: 6.91921 crossingAngle: -41.231 axialRotation: -82.4 zShift: 3.36553 energy: -14.2491
MCReject   xShift: 6.91921 crossingAngle: -41.2126 axialRotation: -82.4 zShift: 3.38038 energy: -14.4158
MCReject   xShift: 6.91921 crossingAngle: -41.231 axialRotation: -82.2414 zShift: 3.38038 energy: -14.3896
MCReject   xShift: 6.91921 crossingAngle: -41.0202 axialRotation: -82.4 zShift: 3.38038 energy: -14.1693
MCAccept 49 xShift: 6.93135 crossingAngle: -41.231 axialRotation: -82.4 zShift: 3.38038 energy: -14.6853
MCAccept 50 xShift: 6.93135 crossingAngle: -41.3074 axialRotation: -82.4 zShift: 3.38038 energy: -14.6853
MCReject   xShift: 6.93135 crossingAngle: -41.3969 axialRotation: -82.4 zShift: 3.38038 energy: -14.5555
MCReject   xShift: 6.9391 crossingAngle: -41.3074 axialRotation: -82.4 zShift: 3.38038 energy: -14.2599
MCAccept 51 xShift: 6.93135 crossingAngle: -41.3074 axialRotation: -82.4297 zShift: 3.38038 energy: -14.6853
MCReject   xShift: 6.93135 crossingAngle: -41.3074 axialRotation: -82.3235 zShift: 3.38038 energy: -14.2599
MCReject   xShift: 6.93135 crossingAngle: -41.1864 axialRotation: -82.4297 zShift: 3.38038 energy: -14.1693
MCReject   xShift: 6.93135 crossingAngle: -41.3074 axialRotation: -82.3595 zShift: 3.38038 energy: -14.2861
MCReject   xShift: 6.93572 crossingAngle: -41.3074 axialRotation: -82.4297 zShift: 3.38038 energy: -14.1693
MCReject   xShift: 6.93135 crossingAngle: -41.3074 axialRotation: -82.4636 zShift: 3.38038 energy: -14.1693
MCReject   xShift: 6.93135 crossingAngle: -41.3074 axialRotation: -82.418 zShift: 3.38038 energy: -13.7218
MCReject   xShift: 6.93135 crossingAngle: -41.3074 axialRotation: -82.4297 zShift: 3.37422 energy: -13.8865
MCAccept 52 xShift: 6.93135 crossingAngle: -41.3074 axialRotation: -82.3701 zShift: 3.38038 energy: -14.6853
MCReject   xShift: 6.93135 crossingAngle: -41.3794 axialRotation: -82.3701 zShift: 3.38038 energy: -13.2761
MCReject   xShift: 6.93971 crossingAngle: -41.3074 axialRotation: -82.3701 zShift: 3.38038 energy: -14.3896
MCReject   xShift: 6.93135 crossingAngle: -41.3074 axialRotation: -82.3192 zShift: 3.38038 energy: -14.4158
MCAccept 53 xShift: 6.93135 crossingAngle: -41.3074 axialRotation: -82.1342 zShift: 3.38038 energy: -14.6853
MCAccept 54 xShift: 6.93135 crossingAngle: -41.3074 axialRotation: -82.1342 zShift: 3.3886 energy: -14.9182
MCAccept 55 xShift: 6.93135 crossingAngle: -41.5194 axialRotation: -82.1342 zShift: 3.3886 energy: -14.9182
MCReject   xShift: 6.93135 crossingAngle: -41.5194 axialRotation: -82.1342 zShift: 3.38117 energy: -14.2808
MCAccept 56 xShift: 6.93135 crossingAngle: -41.5194 axialRotation: -82.0795 zShift: 3.3886 energy: -14.9182
MCReject   xShift: 6.93135 crossingAngle: -41.5194 axialRotation: -82.0795 zShift: 3.37013 energy: -14.0082
MCReject   xShift: 6.93135 crossingAngle: -41.5128 axialRotation: -82.0795 zShift: 3.3886 energy: -14.5019
MCReject   xShift: 6.93135 crossingAngle: -41.5194 axialRotation: -82.0795 zShift: 3.38994 energy: -14.6666
MCReject   xShift: 6.93135 crossingAngle: -41.5649 axialRotation: -82.0795 zShift: 3.3886 energy: -14.2382
MCReject   xShift: 6.95294 crossingAngle: -41.5194 axialRotation: -82.0795 zShift: 3.3886 energy: -14.605
MCReject   xShift: 6.95592 crossingAngle: -41.5194 axialRotation: -82.0795 zShift: 3.3886 energy: -14.788
MCReject   xShift: 6.93135 crossingAngle: -41.5702 axialRotation: -82.0795 zShift: 3.3886 energy: -14.605
MCReject   xShift: 6.93932 crossingAngle: -41.5194 axialRotation: -82.0795 zShift: 3.3886 energy: -14.788
MCReject   xShift: 6.93135 crossingAngle: -41.5194 axialRotation: -82.0795 zShift: 3.39564 energy: -14.6814
MCAccept 57 xShift: 6.93135 crossingAngle: -41.5194 axialRotation: -82.0067 zShift: 3.3886 energy: -14.9182
MCReject   xShift: 6.93135 crossingAngle: -41.5635 axialRotation: -82.0067 zShift: 3.3886 energy: -14.6321
MCAccept 58 xShift: 6.93135 crossingAngle: -41.6122 axialRotation: -82.0067 zShift: 3.3886 energy: -14.788
MCReject   xShift: 6.93135 crossingAngle: -41.6122 axialRotation: -82.0067 zShift: 3.37427 energy: -14.2511
MCReject   xShift: 6.93135 crossingAngle: -41.6122 axialRotation: -82.0067 zShift: 3.39578 energy: -14.6851
MCAccept 59 xShift: 6.93135 crossingAngle: -41.6122 axialRotation: -82.084 zShift: 3.3886 energy: -14.9182
MCReject   xShift: 6.9427 crossingAngle: -41.6122 axialRotation: -82.084 zShift: 3.3886 energy: -14.2382
MCReject   xShift: 6.93135 crossingAngle: -41.6122 axialRotation: -81.9364 zShift: 3.3886 energy: -14.605
MCReject   xShift: 6.93135 crossingAngle: -41.6122 axialRotation: -82.084 zShift: 3.37368 energy: -14.1056
MCReject   xShift: 6.93135 crossingAngle: -41.6122 axialRotation: -81.9812 zShift: 3.3886 energy: -11.2996
MCReject   xShift: 6.93135 crossingAngle: -41.6122 axialRotation: -82.084 zShift: 3.39382 energy: -14.6356
MCAccept 60 xShift: 6.93135 crossingAngle: -41.6122 axialRotation: -81.9807 zShift: 3.3886 energy: -14.9182
MCReject   xShift: 6.93135 crossingAngle: -41.6122 axialRotation: -81.9807 zShift: 3.38494 energy: -14.5099
MCReject   xShift: 6.93135 crossingAngle: -41.5553 axialRotation: -81.9807 zShift: 3.3886 energy: -14.788
MCReject   xShift: 6.93135 crossingAngle: -41.6122 axialRotation: -81.9807 zShift: 3.38748 energy: -14.7566
MCAccept 61 xShift: 6.93135 crossingAngle: -41.6122 axialRotation: -81.9846 zShift: 3.3886 energy: -14.9182
MCReject   xShift: 6.93135 crossingAngle: -41.6122 axialRotation: -81.9846 zShift: 3.39787 energy: -14.8403
MCAccept 62 xShift: 6.93135 crossingAngle: -41.6122 axialRotation: -82.0432 zShift: 3.3886 energy: -14.9182
MCReject   xShift: 6.93135 crossingAngle: -41.5394 axialRotation: -82.0432 zShift: 3.3886 energy: -14.788
MCReject   xShift: 6.93135 crossingAngle: -41.5576 axialRotation: -82.0432 zShift: 3.3886 energy: -13.7229
MCReject   xShift: 6.93135 crossingAngle: -41.663 axialRotation: -82.0432 zShift: 3.3886 energy: -14.3684
MCAccept 63 xShift: 6.94417 crossingAngle: -41.6122 axialRotation: -82.0432 zShift: 3.3886 energy: -14.9182
MCReject   xShift: 6.92494 crossingAngle: -41.6122 axialRotation: -82.0432 zShift: 3.3886 energy: -14.6321
MCAccept 64 xShift: 6.94417 crossingAngle: -41.6122 axialRotation: -82.0371 zShift: 3.3886 energy: -14.9182
MCAccept 65 xShift: 6.94417 crossingAngle: -41.6284 axialRotation: -82.0371 zShift: 3.3886 energy: -14.9182
MCReject   xShift: 6.94417 crossingAngle: -41.7249 axialRotation: -82.0371 zShift: 3.3886 energy: -13.3544
MCReject   xShift: 6.94417 crossingAngle: -41.6284 axialRotation: -81.9755 zShift: 3.3886 energy: -14.2382
MCReject   xShift: 6.94417 crossingAngle: -41.506 axialRotation: -82.0371 zShift: 3.3886 energy: -14.605
MCReject   xShift: 6.94417 crossingAngle: -41.775 axialRotation: -82.0371 zShift: 3.3886 energy: -14.788
MCReject   xShift: 6.94417 crossingAngle: -41.6284 axialRotation: -82.0371 zShift: 3.38312 energy: -13.6043
MCReject   xShift: 6.94417 crossingAngle: -41.5978 axialRotation: -82.0371 zShift: 3.3886 energy: -13.184
MCAccept 66 xShift: 6.94417 crossingAngle: -41.5303 axialRotation: -82.0371 zShift: 3.3886 energy: -14.9182
MCReject   xShift: 6.94515 crossingAngle: -41.5303 axialRotation: -82.0371 zShift: 3.3886 energy: -13.5927
MCReject   xShift: 6.94417 crossingAngle: -41.5303 axialRotation: -82.0371 zShift: 3.40447 energy: -13.8781
MCAccept 67 xShift: 6.94417 crossingAngle: -41.5303 axialRotation: -82.0371 zShift: 3.39964 energy: -15.0906
MCReject   xShift: 6.94417 crossingAngle: -41.5303 axialRotation: -82.0371 zShift: 3.40569 energy: -15.0326
MCAccept 68 xShift: 6.95124 crossingAngle: -41.5303 axialRotation: -82.0371 zShift: 3.39964 energy: -15.0906
MCAccept 69 xShift: 6.95124 crossingAngle: -41.5348 axialRotation: -82.0371 zShift: 3.39964 energy: -15.0906
MCReject   xShift: 6.95124 crossingAngle: -41.5186 axialRotation: -82.0371 zShift: 3.39964 energy: -14.8843
MCReject   xShift: 6.95124 crossingAngle: -41.542 axialRotation: -82.0371 zShift: 3.39964 energy: -14.8843
MCReject   xShift: 6.95124 crossingAngle: -41.5348 axialRotation: -82.0383 zShift: 3.39964 energy: -13.9852
MCReject   xShift: 6.96133 crossingAngle: -41.5348 axialRotation: -82.0371 zShift: 3.39964 energy: -14.7535
MCReject   xShift: 6.95124 crossingAngle: -41.5348 axialRotation: -82.0371 zShift: 3.40355 energy: -14.9805
MCReject   xShift: 6.95124 crossingAngle: -41.5348 axialRotation: -82.0371 zShift: 3.40197 energy: -13.945
MCReject   xShift: 6.95124 crossingAngle: -41.3996 axialRotation: -82.0371 zShift: 3.39964 energy: -13.1945
MCReject   xShift: 6.95124 crossingAngle: -41.5348 axialRotation: -81.8834 zShift: 3.39964 energy: -14.0515
MCAccept 70 xShift: 6.95124 crossingAngle: -41.5348 axialRotation: -82.3018 zShift: 3.39964 energy: -15.2214
MCReject   xShift: 6.95124 crossingAngle: -41.5348 axialRotation: -82.3018 zShift: 3.39653 energy: -14.704
MCReject   xShift: 6.95124 crossingAngle: -41.5172 axialRotation: -82.3018 zShift: 3.39964 energy: -13.7612
MCReject   xShift: 6.95073 crossingAngle: -41.5348 axialRotation: -82.3018 zShift: 3.39964 energy: -13.4528
MCReject   xShift: 6.95124 crossingAngle: -41.5348 axialRotation: -82.4417 zShift: 3.39964 energy: -13.6304
MCReject   xShift: 6.95124 crossingAngle: -41.5348 axialRotation: -82.3018 zShift: 3.38772 energy: -14.582
MCReject   xShift: 6.95124 crossingAngle: -41.5348 axialRotation: -82.3018 zShift: 3.38947 energy: -14.9424
MCReject   xShift: 6.95061 crossingAngle: -41.5348 axialRotation: -82.3018 zShift: 3.39964 energy: -13.8718
MCReject   xShift: 6.94932 crossingAngle: -41.5348 axialRotation: -82.3018 zShift: 3.39964 energy: -14.9125
MCReject   xShift: 6.97005 crossingAngle: -41.5348 axialRotation: -82.3018 zShift: 3.39964 energy: -11.5154
MCAccept 71 xShift: 6.95124 crossingAngle: -41.5348 axialRotation: -82.3018 zShift: 3.404 energy: -15.3381
MCReject   xShift: 6.95124 crossingAngle: -41.5901 axialRotation: -82.3018 zShift: 3.404 energy: -15.2071
MCReject   xShift: 6.95124 crossingAngle: -41.5348 axialRotation: -82.1053 zShift: 3.404 energy: -14.0989
MCAccept 72 xShift: 6.95124 crossingAngle: -41.5348 axialRotation: -82.3018 zShift: 3.41133 energy: -15.5311
MCReject   xShift: 6.95124 crossingAngle: -41.5348 axialRotation: -82.2412 zShift: 3.41133 energy: -14.7538
MCReject   xShift: 6.95631 crossingAngle: -41.5348 axialRotation: -82.3018 zShift: 3.41133 energy: -14.1823
MCReject   xShift: 6.95124 crossingAngle: -41.6672 axialRotation: -82.3018 zShift: 3.41133 energy: -15.3996
MCAccept 73 xShift: 6.95124 crossingAngle: -41.6847 axialRotation: -82.3018 zShift: 3.41133 energy: -15.5311
MCReject   xShift: 6.95124 crossingAngle: -41.6847 axialRotation: -82.158 zShift: 3.41133 energy: -15.1681
MCAccept 74 xShift: 6.95124 crossingAngle: -41.5874 axialRotation: -82.3018 zShift: 3.41133 energy: -15.5311
MCReject   xShift: 6.93467 crossingAngle: -41.5874 axialRotation: -82.3018 zShift: 3.41133 energy: -14.1257
MCAccept 75 xShift: 6.95124 crossingAngle: -41.5874 axialRotation: -82.3018 zShift: 3.42028 energy: -15.7602
MCAccept 76 xShift: 6.9598 crossingAngle: -41.5874 axialRotation: -82.3018 zShift: 3.42028 energy: -15.7602
MCReject   xShift: 6.9598 crossingAngle: -41.6973 axialRotation: -82.3018 zShift: 3.42028 energy: -15.6282
MCReject   xShift: 6.9598 crossingAngle: -41.5874 axialRotation: -82.3018 zShift: 3.40777 energy: -13.8257
MCReject   xShift: 6.9598 crossingAngle: -41.6409 axialRotation: -82.3018 zShift: 3.42028 energy: -15.4075
MCReject   xShift: 6.9598 crossingAngle: -41.5874 axialRotation: -82.3901 zShift: 3.42028 energy: -15.2755
MCReject   xShift: 6.9598 crossingAngle: -41.5874 axialRotation: -82.2947 zShift: 3.42028 energy: -14.9436
MCAccept 77 xShift: 6.9598 crossingAngle: -41.4409 axialRotation: -82.3018 zShift: 3.42028 energy: -15.7602
MCReject   xShift: 6.9598 crossingAngle: -41.4409 axialRotation: -82.3018 zShift: 3.41527 energy: -15.6327
MCReject   xShift: 6.9598 crossingAngle: -41.4409 axialRotation: -82.3018 zShift: 3.42077 energy: -11.7054
MCAccept 78 xShift: 6.9598 crossingAngle: -41.4242 axialRotation: -82.3018 zShift: 3.42028 energy: -15.7602
MCAccept 79 xShift: 6.9598 crossingAngle: -41.4242 axialRotation: -82.2489 zShift: 3.42028 energy: -15.7602
MCAccept 80 xShift: 6.9598 crossingAngle: -41.4242 axialRotation: -82.4936 zShift: 3.42028 energy: -15.7602
MCAccept 81 xShift: 6.9598 crossingAngle: -41.4242 axialRotation: -82.4936 zShift: 3.42363 energy: -15.8443
MCReject   xShift: 6.9598 crossingAngle: -41.4242 axialRotation: -82.407 zShift: 3.42363 energy: -12.2914
MCReject   xShift: 6.9598 crossingAngle: -41.4242 axialRotation: -82.4597 zShift: 3.42363 energy: -12.6316
MCReject   xShift: 6.94174 crossingAngle: -41.4242 axialRotation: -82.4936 zShift: 3.42363 energy: -15.3522
MCReject   xShift: 6.9598 crossingAngle: -41.3678 axialRotation: -82.4936 zShift: 3.42363 energy: -15.4844
MCReject   xShift: 6.9598 crossingAngle: -41.4242 axialRotation: -82.4936 zShift: 3.4289 energy: -14.799
MCReject   xShift: 6.95983 crossingAngle: -41.4242 axialRotation: -82.4936 zShift: 3.42363 energy: -15.4537
MCReject   xShift: 6.9598 crossingAngle: -41.4242 axialRotation: -82.4936 zShift: 3.42968 energy: -15.602
MCAccept 82 xShift: 6.9598 crossingAngle: -41.4242 axialRotation: -82.4936 zShift: 3.4306 energy: -16.0164
MCReject   xShift: 6.9598 crossingAngle: -41.4364 axialRotation: -82.4936 zShift: 3.4306 energy: -14.3985
MCReject   xShift: 6.95512 crossingAngle: -41.4242 axialRotation: -82.4936 zShift: 3.4306 energy: -12.7102
MCReject   xShift: 6.97961 crossingAngle: -41.4242 axialRotation: -82.4936 zShift: 3.4306 energy: -14.3382
MCReject   xShift: 6.9598 crossingAngle: -41.3779 axialRotation: -82.4936 zShift: 3.4306 energy: -15.8838
MCReject   xShift: 6.9598 crossingAngle: -41.4242 axialRotation: -82.5261 zShift: 3.4306 energy: -14.3431
MCReject   xShift: 6.9598 crossingAngle: -41.2927 axialRotation: -82.4936 zShift: 3.4306 energy: -15.8838
MCReject   xShift: 6.9598 crossingAngle: -41.4213 axialRotation: -82.4936 zShift: 3.4306 energy: -15.6097
MCReject   xShift: 6.95694 crossingAngle: -41.4242 axialRotation: -82.4936 zShift: 3.4306 energy: -15.8838
MCReject   xShift: 6.96581 crossingAngle: -41.4242 axialRotation: -82.4936 zShift: 3.4306 energy: -15.6097
MCReject   xShift: 6.96933 crossingAngle: -41.4242 axialRotation: -82.4936 zShift: 3.4306 energy: -15.2862
MCReject   xShift: 6.9598 crossingAngle: -41.3378 axialRotation: -82.4936 zShift: 3.4306 energy: -15.1537
MCReject   xShift: 6.9598 crossingAngle: -41.4242 axialRotation: -82.3131 zShift: 3.4306 energy: -15.8838
MCReject   xShift: 6.9598 crossingAngle: -41.4242 axialRotation: -82.4936 zShift: 3.41539 energy: -14.8409
MCReject   xShift: 6.9598 crossingAngle: -41.4242 axialRotation: -82.4936 zShift: 3.42714 energy: -15.4316
MCReject   xShift: 6.9598 crossingAngle: -41.4242 axialRotation: -82.6607 zShift: 3.4306 energy: -15.4772
MCReject   xShift: 6.9598 crossingAngle: -41.4242 axialRotation: -82.4936 zShift: 3.42862 energy: -15.4334
MCReject   xShift: 6.9598 crossingAngle: -41.4242 axialRotation: -82.4936 zShift: 3.43457 energy: -15.3648
MCReject   xShift: 6.9598 crossingAngle: -41.4242 axialRotation: -82.4936 zShift: 3.41563 energy: -15.6421
MCReject   xShift: 6.9598 crossingAngle: -41.4242 axialRotation: -82.454 zShift: 3.4306 energy: -12.4466
MCReject   xShift: 6.9598 crossingAngle: -41.4242 axialRotation: -82.4936 zShift: 3.41893 energy: -15.2444
MCReject   xShift: 6.9598 crossingAngle: -41.2882 axialRotation: -82.4936 zShift: 3.4306 energy: -15.8838
MCReject   xShift: 6.9598 crossingAngle: -41.4242 axialRotation: -82.4936 zShift: 3.42351 energy: -11.9264
MCReject   xShift: 6.9598 crossingAngle: -41.4696 axialRotation: -82.4936 zShift: 3.4306 energy: -14.6714
MCReject   xShift: 6.9598 crossingAngle: -41.3589 axialRotation: -82.4936 zShift: 3.4306 energy: -14.6494
MCReject   xShift: 6.9598 crossingAngle: -41.4242 axialRotation: -82.4936 zShift: 3.43084 energy: -15.4826
MCReject   xShift: 6.97667 crossingAngle: -41.4242 axialRotation: -82.4936 zShift: 3.4306 energy: -15.8838
MCReject   xShift: 6.9598 crossingAngle: -41.4242 axialRotation: -82.4936 zShift: 3.42922 energy: -14.4455
MCReject   xShift: 6.94238 crossingAngle: -41.4242 axialRotation: -82.4936 zShift: 3.4306 energy: -15.8838
MCReject   xShift: 6.96162 crossingAngle: -41.4242 axialRotation: -82.4936 zShift: 3.4306 energy: -15.4772
MCReject   xShift: 6.9598 crossingAngle: -41.4242 axialRotation: -82.3482 zShift: 3.4306 energy: -15.6411
MCReject   xShift: 6.97094 crossingAngle: -41.4242 axialRotation: -82.4936 zShift: 3.4306 energy: -15.6097
MCReject   xShift: 6.9598 crossingAngle: -41.4242 axialRotation: -82.3526 zShift: 3.4306 energy: -15.6097
MCReject   xShift: 6.98015 crossingAngle: -41.4242 axialRotation: -82.4936 zShift: 3.4306 energy: -15.6411
MCReject   xShift: 6.9598 crossingAngle: -41.4242 axialRotation: -82.3711 zShift: 3.4306 energy: -15.6411
MCReject   xShift: 6.9598 crossingAngle: -41.4242 axialRotation: -82.4936 zShift: 3.42289 energy: -15.1298
MCAccept 83 xShift: 6.9598 crossingAngle: -41.4975 axialRotation: -82.4936 zShift: 3.4306 energy: -16.0164
MCReject   xShift: 6.9598 crossingAngle: -41.4504 axialRotation: -82.4936 zShift: 3.4306 energy: -15.4772
MCReject   xShift: 6.96348 crossingAngle: -41.4975 axialRotation: -82.4936 zShift: 3.4306 energy: -13.8115
MCReject   xShift: 6.96043 crossingAngle: -41.4975 axialRotation: -82.4936 zShift: 3.4306 energy: -14.1524
MCReject   xShift: 6.98422 crossingAngle: -41.4975 axialRotation: -82.4936 zShift: 3.4306 energy: -15.6097
MCAccept 84 xShift: 6.9598 crossingAngle: -41.4975 axialRotation: -82.5314 zShift: 3.4306 energy: -16.0164
MCReject   xShift: 6.9598 crossingAngle: -41.6392 axialRotation: -82.5314 zShift: 3.4306 energy: -14.4188
MCReject   xShift: 6.9598 crossingAngle: -41.4975 axialRotation: -82.5724 zShift: 3.4306 energy: -15.4772
MCAccept 85 xShift: 6.96829 crossingAngle: -41.4975 axialRotation: -82.5314 zShift: 3.4306 energy: -16.0164
MCAccept 86 xShift: 6.96829 crossingAngle: -41.4975 axialRotation: -82.5314 zShift: 3.4399 energy: -16.2398
MCReject   xShift: 6.9694 crossingAngle: -41.4975 axialRotation: -82.5314 zShift: 3.4399 energy: -15.6785
MCAccept 87 xShift: 6.96829 crossingAngle: -41.4975 axialRotation: -82.6971 zShift: 3.4399 energy: -16.2398
Energy #1: -16.2398
***GEOMETRY SHIFT***
xShift;        Before: 6.96416; After: 6.96829
crossingAngle; Before: -41.3331; After: -41.4975
axialRotation; Before: -82.2419; After: -82.6971
zShift;        Before: 3.30647; After: 3.4399
Energy;        Before: 3.11987e+08; After: -16.2398

Completed all cycles. Accepted 88/282
Monte Carlo repack complete. Time: 102.35min

