***STARTING GEOMETRY:***
xShift: 6.96829
crossingAngle: -41.4975
axialRotation: -82.6971
zShift: 3.4399

Number of MCCycles: 200
PrevSequence	CurrSequence	PrevEnergy	CurrEnergy	PrevEntropy	CurrEntropy	CurrentTemp
LLLYVLLGTLLGTLLGTLILI	LLLWVLLGTLLGTLLGTLILI	-2.04538	-4.61369	0.267575	0.598868	999.847
LLLWVLLGTLLGTLLGTLILI	LLLYVLLGTLLGTLLGTLILI	-4.61369	-6.05802	0.598868	0.267575	999.684
LLLYVLLGTLLGTLLGTLILI	LLLYVLLGTLLGTLLGWLILI	-5.83957	-5.2032	0.48602	0.343253	999.512
LLLYVLLGTLLGTLLGWLILI	LLLTVLLGTLLGTLLGWLILI	-5.32691	-3.87042	0.219549	0.693609	999.328
LLLTVLLGTLLGTLLGWLILI	LLLYVLLGTLLGTLLGWLILI	-3.87042	-5.32691	0.693609	0.219549	999.134
LLLYVLLGTLLGTLLGWLILI	LLLYVLLGTLLGTLLGTLILI	-5.2032	-5.83957	0.343253	0.48602	998.928
LLLYVLLGTLLGTLLGTLILI	LLLYVLLGTLLGFLLGTLILI	-5.3213	-2.83561	1.0043	0.119894	998.708
LLLYVLLGTLLGFLLGTLILI	LLLYYLLGTLLGFLLGTLILI	-2.85032	-5.90335	0.105187	1.07465	998.476
LLLYYLLGTLLGFLLGTLILI	LLLYYLLGTLLGFLLGYLILI	-6.73996	-5.83437	0.238039	0.654392	998.229
LLLYYLLGTLLGFLLGYLILI	LLLYYLLGTLLGTLLGYLILI	-6.31694	-8.67097	0.171816	0.816184	997.967
LLLYYLLGTLLGTLLGYLILI	LLLYYLLGFLLGTLLGYLILI	-8.67097	-8.7619	0.816184	0.171816	997.689
LLLYYLLGFLLGTLLGYLILI	LLLSYLLGFLLGTLLGYLILI	-7.92781	-6.80381	1.00591	0.119534	997.394
LLLSYLLGFLLGTLLGYLILI	LLLYYLLGFLLGTLLGYLILI	-6.80381	-7.79492	0.119534	1.00591	997.081
LLLYYLLGFLLGTLLGYLILI	LLLYYLLGFLLGTLLGTLILI	-8.14643	-8.86138	0.654392	0.238039	996.749
LLLYYLLGFLLGTLLGTLILI	LLLSYLLGFLLGTLLGTLILI	-8.28176	-7.37227	0.817658	0.171321	996.397
LLLSYLLGFLLGTLLGTLILI	LLLSYLLGFLLGFLLGTLILI	-7.00475	-4.22204	0.538845	0.30482	996.023
LLLSYLLGFLLGFLLGTLILI	LLLSYLLGTLLGFLLGTLILI	-4.22204	-4.2364	0.30482	0.538845	995.626
LLLSYLLGTLLGFLLGTLILI	LLLSYLLGFLLGFLLGTLILI	-4.2364	-4.22204	0.538845	0.30482	995.205
LLLSYLLGFLLGFLLGTLILI	LLLYYLLGFLLGFLLGTLILI	-4.35554	-6.27011	0.171321	0.817658	994.758
LLLYYLLGFLLGFLLGTLILI	LLLSYLLGFLLGFLLGTLILI	-6.27011	-4.35554	0.817658	0.171321	994.285
LLLSYLLGFLLGFLLGTLILI	LLLYYLLGFLLGFLLGTLILI	-4.35554	-5.85252	0.171321	0.817658	993.782
LLLYYLLGFLLGFLLGTLILI	LLLYYLLGTLLGFLLGTLILI	-6.36536	-6.30619	0.30482	0.538845	993.249
LLLYYLLGTLLGFLLGTLILI	LLLYYLLGTLLGFLLGWLILI	-6.48133	-5.80118	0.363705	0.460972	992.683
LLLYYLLGTLLGFLLGWLILI	LLLSYLLGTLLGFLLGWLILI	-5.44449	-3.35431	0.817658	0.171321	992.084
LLLSYLLGTLLGFLLGWLILI	LLLSYLLGFLLGFLLGWLILI	-3.19691	-3.41841	0.328724	0.505042	991.448
LLLSYLLGFLLGFLLGWLILI	LLLSYLLGFLLGFLLGYLILI	-3.55132	-3.52029	0.372136	0.451187	990.773
LLLSYLLGFLLGFLLGYLILI	LLLYYLLGFLLGFLLGYLILI	-3.85194	-4.65413	0.119534	1.00591	990.058
LLLYYLLGFLLGFLLGYLILI	LLLSYLLGFLLGFLLGYLILI	-4.65413	-3.85194	1.00591	0.119534	989.3
LLLSYLLGFLLGFLLGYLILI	LLLSYLLGTLLGFLLGYLILI	-3.46644	-2.99508	0.505042	0.328724	988.496
LLLSYLLGTLLGFLLGYLILI	LLLSYLLGTLLGFLLGTLILI	-2.81876	-4.44652	0.505042	0.328724	987.644
LLLSYLLGTLLGFLLGTLILI	LLLYYLLGTLLGFLLGTLILI	-4.60392	-6.16715	0.171321	0.817658	986.74
LLLYYLLGTLLGFLLGTLILI	LLLYYLLGFLLGFLLGTLILI	-6.44597	-5.9107	0.538845	0.30482	985.783
LLLYYLLGFLLGFLLGTLILI	LLLYYLLGFLLGTLLGTLILI	-5.9107	-8.69356	0.30482	0.538845	984.769
LLLYYLLGFLLGTLLGTLILI	LLLYYLLGTLLGTLLGTLILI	-9.11251	-9.40284	0.119894	1.0043	983.694
LLLYYLLGTLLGTLLGTLILI	LLLYYLLGWLLGTLLGTLILI	-9.92112	-8.68798	0.48602	0.343253	982.555
LLLYYLLGWLLGTLLGTLILI	LLLYYLLGWLLGTLLGYLILI	-8.79319	-7.60941	0.238039	0.654392	981.348
LLLYYLLGWLLGTLLGYLILI	LLLYYLLGWLLGTLLGTLILI	-7.60941	-9.32641	0.654392	0.238039	980.071
LLLYYLLGWLLGTLLGTLILI	LLLSYLLGWLLGTLLGTLILI	-8.74679	-5.97006	0.817658	0.171321	977.285
LLLSYLLGWLLGTLLGTLILI	LLLYYLLGWLLGTLLGTLILI	-5.97006	-7.36622	0.171321	0.817658	975.768
LLLYYLLGWLLGTLLGTLILI	LLLYYLLGTLLGTLLGTLILI	-7.84063	-9.91737	0.343253	0.48602	974.162
LLLYYLLGTLLGTLLGTLILI	LLLYYLLGFLLGTLLGTLILI	-9.39909	-9.98454	1.0043	0.119894	972.463
LLLYYLLGFLLGTLLGTLILI	LLLYFLLGFLLGTLLGTLILI	-9.45406	-6.00478	0.650378	0.240035	970.666
LLLYFLLGFLLGTLLGTLILI	LLLYYLLGFLLGTLLGTLILI	-6.00478	-8.82415	0.240035	0.650378	968.764
LLLYYLLGFLLGTLLGTLILI	LLLYYLLGTLLGTLLGTLILI	-9.35463	-9.21294	0.119894	1.0043	966.754
LLLYYLLGTLLGTLLGTLILI	LLLYWLLGTLLGTLLGTLILI	-9.76605	-9.13721	0.451187	0.372136	964.627
LLLYWLLGTLLGTLLGTLILI	LLLWWLLGTLLGTLLGTLILI	-9.36057	-7.68056	0.148778	0.890414	962.38
LLLWWLLGTLLGTLLGTLILI	LLLWYLLGTLLGTLLGTLILI	-7.68056	-6.59503	0.890414	0.148778	957.496
LLLWYLLGTLLGTLLGTLILI	LLLWYLLGTLLGTLLGYLILI	-6.30075	-7.93048	0.443059	0.379341	954.846
LLLWYLLGTLLGTLLGYLILI	LLLWFLLGTLLGTLLGYLILI	-7.35703	-6.76863	0.952787	0.132101	952.048
LLLWFLLGTLLGTLLGYLILI	LLLWFLLGVLLGTLLGYLILI	-5.96987	-5.35121	0.930859	0.137712	949.095
LLLWFLLGVLLGTLLGYLILI	LLLWFLLGTLLGTLLGYLILI	-5.35121	-7.11288	0.137712	0.930859	945.979
LLLWFLLGTLLGTLLGYLILI	LLLWWLLGTLLGTLLGYLILI	-7.96469	-6.43863	0.0790506	1.23103	942.693
LLLWWLLGTLLGTLLGYLILI	LLLWWLLGTLLGTLLGTLILI	-7.45011	-7.22125	0.219549	0.693609	939.229
LLLWWLLGTLLGTLLGTLILI	LLLYWLLGTLLGTLLGTLILI	-7.02444	-9.48859	0.890414	0.148778	935.578
LLLYWLLGTLLGTLLGTLILI	LLLYWLLGTLLGFLLGTLILI	-8.63307	-6.30242	1.0043	0.119894	927.683
LLLYWLLGTLLGFLLGTLILI	LLLWWLLGTLLGFLLGTLILI	-6.27354	-4.37107	0.148778	0.890414	923.422
LLLWWLLGTLLGFLLGTLILI	LLLWFLLGTLLGFLLGTLILI	-4.37107	-4.19153	0.890414	0.148778	918.939
LLLWFLLGTLLGFLLGTLILI	LLLTFLLGTLLGFLLGTLILI	-3.99705	-3.79439	0.343253	0.48602	914.227
LLLTFLLGTLLGFLLGTLILI	LLLWFLLGTLLGFLLGTLILI	-3.79439	-5.86257	0.48602	0.343253	909.276
LLLWFLLGTLLGFLLGTLILI	LLLWYLLGTLLGFLLGTLILI	-5.79548	-5.3437	0.410343	0.410343	898.621
LLLWYLLGTLLGFLLGTLILI	LLLWYLLGTLLGTLLGTLILI	-5.63415	-6.63575	0.119894	1.0043	892.899
LLLWYLLGTLLGTLLGTLILI	LLLWFLLGTLLGTLLGTLILI	-6.98967	-6.3898	0.650378	0.240035	886.903
LLLWFLLGTLLGTLLGTLILI	LLLWFLLGVLLGTLLGTLILI	-5.50138	-6.05628	1.12845	0.0952708	880.623
LLLWFLLGVLLGTLLGTLILI	LLLWFLLGTLLGTLLGTLILI	-6.05628	-8.30847	0.0952708	1.12845	874.051
LLLWFLLGTLLGTLLGTLILI	LLLYFLLGTLLGTLLGTLILI	-8.83805	-8.10668	0.598868	0.267575	867.179
LLLYFLLGTLLGTLLGTLILI	LLLYYLLGTLLGTLLGTLILI	-8.24216	-9.39744	0.132101	0.952787	859.999
LLLYYLLGTLLGTLLGTLILI	LLLYYLLGFLLGTLLGTLILI	-9.34593	-9.35463	1.0043	0.119894	852.504
LLLYYLLGFLLGTLLGTLILI	LLLYYLLGTLLGTLLGTLILI	-9.35463	-9.34593	0.119894	1.0043	844.686
LLLYYLLGTLLGTLLGTLILI	LLLYYLLGTLLGTLLGYLILI	-10.0215	-9.12536	0.328724	0.505042	836.541
LLLYYLLGTLLGTLLGYLILI	LLLYYLLGTLLGTLLGTLILI	-9.12536	-9.88852	0.505042	0.328724	828.061
LLLYYLLGTLLGTLLGTLILI	LLLYYLLGTLLGFLLGTLILI	-9.21294	-6.8581	1.0043	0.119894	819.243
LLLYYLLGTLLGFLLGTLILI	LLLSYLLGTLLGFLLGTLILI	-6.16034	-4.60392	0.817658	0.171321	810.083
LLLSYLLGTLLGFLLGTLILI	LLLSYLLGFLLGFLLGTLILI	-4.2364	-3.09138	0.538845	0.30482	800.577
LLLSYLLGFLLGFLLGTLILI	LLLSYLLGFLLGFLLGYLILI	-3.20931	-3.19792	0.186892	0.773553	790.724
LLLSYLLGFLLGFLLGYLILI	LLLYYLLGFLLGFLLGYLILI	-3.85194	-5.52638	0.119534	1.00591	780.523
LLLYYLLGFLLGFLLGYLILI	LLLYYLLGFLLGFLLGTLILI	-5.57468	-6.08461	0.9576	0.130904	769.974
LLLYYLLGFLLGFLLGTLILI	LLLYYLLGFLLGTLLGTLILI	-5.9107	-9.4326	0.30482	0.538845	759.081
LLLYYLLGFLLGTLLGTLILI	LLLYFLLGFLLGTLLGTLILI	-9.32107	-6.00478	0.650378	0.240035	747.845
LLLYFLLGFLLGTLLGTLILI	LLLYFLLGTLLGTLLGTLILI	-6.02526	-7.2443	0.219549	0.693609	736.272
LLLYFLLGTLLGTLLGTLILI	LLLYYLLGTLLGTLLGTLILI	-7.80581	-9.56192	0.132101	0.952787	724.369
LLLYYLLGTLLGTLLGTLILI	LLLYYLLGFLLGTLLGTLILI	-9.5104	-9.11251	1.0043	0.119894	712.142
LLLYYLLGFLLGTLLGTLILI	LLLSYLLGFLLGTLLGTLILI	-8.41475	-7.50527	0.817658	0.171321	699.602
LLLSYLLGFLLGTLLGTLILI	LLLSYLLGTLLGTLLGTLILI	-7.55669	-7.11064	0.119894	1.0043	686.76
LLLSYLLGTLLGTLLGTLILI	LLLSYLLGFLLGTLLGTLILI	-7.11064	-7.55669	1.0043	0.119894	673.628
LLLSYLLGFLLGTLLGTLILI	LLLSYLLGTLLGTLLGTLILI	-7.55669	-7.24363	0.119894	1.0043	660.222
LLLSYLLGTLLGTLLGTLILI	LLLSYLLGTLLGTLLGWLILI	-7.76191	-7.12465	0.48602	0.343253	646.557
LLLSYLLGTLLGTLLGWLILI	LLLSYLLGTLLGTLLGTLILI	-7.12465	-7.62892	0.343253	0.48602	632.651
LLLSYLLGTLLGTLLGTLILI	LLLSYLLGTLLGVLLGTLILI	-6.98648	-4.62398	1.12845	0.0952708	604.196
LLLSYLLGTLLGVLLGTLILI	LLLYYLLGTLLGVLLGTLILI	-4.54793	-5.87632	0.171321	0.817658	589.688
LLLYYLLGTLLGVLLGTLILI	LLLYYLLGTLLGTLLGTLILI	-6.59871	-9.08879	0.0952708	1.12845	545.329
LLLYYLLGTLLGTLLGTLILI	LLLYWLLGTLLGTLLGTLILI	-9.76605	-9.45133	0.451187	0.372136	530.348
LLLYWLLGTLLGTLLGTLILI	LLLYYLLGTLLGTLLGTLILI	-9.45133	-9.93052	0.372136	0.451187	500.25
LLLYYLLGTLLGTLLGTLILI	LLLYYLLGFLLGTLLGTLILI	-9.37741	-9.56706	1.0043	0.119894	485.188
LLLYYLLGFLLGTLLGTLILI	LLLYYLLGTLLGTLLGTLILI	-9.56706	-9.39909	0.119894	1.0043	440.27
LLLYYLLGTLLGTLLGTLILI	LLLYYLLGTLLGTLLGWLILI	-9.91737	-9.09504	0.48602	0.343253	425.475
LLLYYLLGTLLGTLLGWLILI	LLLYYLLGTLLGTLLGTLILI	-9.09504	-9.86421	0.343253	0.48602	396.304
LLLYYLLGTLLGTLLGTLILI	LLLYYLLGFLLGTLLGTLILI	-9.34593	-9.85155	1.0043	0.119894	353.943
LLLYYLLGFLLGTLLGTLILI	LLLYYLLGFLLGTLLGYLILI	-9.73341	-8.27932	0.238039	0.654392	300.898
LLLYYLLGFLLGTLLGYLILI	LLLYYLLGFLLGTLLGWLILI	-8.34259	-8.15896	0.591129	0.272043	288.358
LLLYYLLGFLLGTLLGWLILI	LLLYYLLGTLLGTLLGWLILI	-8.25919	-8.81144	0.171816	0.816184	276.131
LLLYYLLGTLLGTLLGWLILI	LLLYYLLGFLLGTLLGWLILI	-8.81144	-8.99857	0.816184	0.171816	264.228
LLLYYLLGFLLGTLLGWLILI	LLLYYLLGFLLGTLLGTLILI	-8.70941	-9.24381	0.460972	0.363705	252.655
LLLYYLLGFLLGTLLGTLILI	LLLYYLLGTLLGTLLGTLILI	-9.48762	-9.40284	0.119894	1.0043	199.923
LLLYYLLGTLLGTLLGTLILI	LLLYYLLGFLLGTLLGTLILI	-9.40284	-9.98454	1.0043	0.119894	172.439
LLLYYLLGFLLGTLLGTLILI	LLLYYLLGTLLGTLLGTLILI	-9.98454	-9.21294	0.119894	1.0043	140.501
LLLYYLLGTLLGTLLGTLILI	LLLYYLLGFLLGTLLGTLILI	-9.21294	-9.35463	1.0043	0.119894	133.321
LLLYYLLGFLLGTLLGTLILI	LLLYYLLGTLLGTLLGTLILI	-9.35463	-9.26992	0.119894	1.0043	113.597
LLLYYLLGTLLGTLLGTLILI	LLLYYLLGFLLGTLLGTLILI	-9.26992	-9.11251	1.0043	0.119894	107.601
LLLYYLLGFLLGTLLGTLILI	LLLYYLLGTLLGTLLGTLILI	-9.11251	-9.26992	0.119894	1.0043	101.879
LLLYYLLGTLLGTLLGTLILI	LLLYYLLGFLLGTLLGTLILI	-9.26992	-9.35463	1.0043	0.119894	96.4228
LLLYYLLGFLLGTLLGTLILI	LLLYYLLGTLLGTLLGTLILI	-9.35463	-9.5104	0.119894	1.0043	86.2728
LLLYYLLGTLLGTLLGTLILI	LLLYYLLGFLLGTLLGTLILI	-9.5104	-9.35463	1.0043	0.119894	81.5606
LLLYYLLGFLLGTLLGTLILI	LLLYYLLGTLLGTLLGTLILI	-9.35463	-9.34593	0.119894	1.0043	72.8169
LLLYYLLGTLLGTLLGTLILI	LLLYYLLGFLLGTLLGTLILI	-9.34593	-9.48762	1.0043	0.119894	64.9219
LLLYYLLGFLLGTLLGTLILI	LLLYYLLGTLLGTLLGTLILI	-9.48762	-9.21294	0.119894	1.0043	51.4049
LLLYYLLGTLLGTLLGTLILI	LLLYYLLGFLLGTLLGTLILI	-9.21294	-9.56706	1.0043	0.119894	43.0041
Time: 655s
