***STARTING GEOMETRY:***
xShift: 7.36
crossingAngle: -41.04
axialRotation: -93.46
zShift: 0.57

Number of MCCycles: 200
PrevSequence	CurrSequence	PrevEnergy	CurrEnergy	PrevEntropy	CurrEntropy	CurrentTemp
LLLTYLLTTLLGTLLGTLILI	LLLYYLLTTLLGTLLGTLILI	9.37588	9.425	0.62127	0.255144	999.847
LLLYYLLTTLLGTLLGTLILI	LLLYFLLTTLLGTLLGTLILI	10.1226	9.59418	0.952787	0.132101	999.684
LLLYFLLTTLLGTLLGTLILI	LLLYYLLTTLLGTLLGTLILI	9.59418	7.81587	0.132101	0.952787	999.512
LLLYYLLTTLLGTLLGTLILI	LLLYYLLTVLLGTLLGTLILI	8.13943	9.36852	1.27634	0.0728516	999.328
LLLYYLLTVLLGTLLGTLILI	LLLYYLLTVLLGTLLGFLILI	10.3	11.9648	1.0043	0.119894	999.134
LLLYYLLTVLLGTLLGFLILI	LLLYFLLTVLLGTLLGFLILI	12.4953	15.9282	0.650378	0.240035	998.928
LLLYFLLTVLLGTLLGFLILI	LLLYFLLTTLLGTLLGFLILI	15.7834	13.0359	0.0952708	1.12845	998.708
LLLYFLLTTLLGTLLGFLILI	LLLYYLLTTLLGTLLGFLILI	12.1475	11.9613	0.240035	0.650378	998.476
LLLYYLLTTLLGTLLGFLILI	LLLYYLLTTLLGTLLGTLILI	11.403	10.0123	0.0921195	1.14683	998.229
LLLYYLLTTLLGTLLGTLILI	LLLTYLLTTLLGTLLGTLILI	9.12064	10.6266	0.255144	0.62127	997.967
LLLTYLLTTLLGTLLGTLILI	LLLTYLLTTLLGYLLGTLILI	10.6266	11.3188	0.62127	0.255144	997.689
LLLTYLLTTLLGYLLGTLILI	LLLTYLLTTLLGTLLGTLILI	11.3188	10.5262	0.255144	0.62127	997.394
LLLTYLLTTLLGTLLGTLILI	LLLTVLLTTLLGTLLGTLILI	10.6585	10.6892	0.753596	0.194474	997.081
LLLTVLLTTLLGTLLGTLILI	LLLTVLLTTLLGYLLGTLILI	11.4124	11.8331	0.917682	0.141213	996.749
LLLTVLLTTLLGYLLGTLILI	LLLTFLLTTLLGYLLGTLILI	12.0326	12.3085	0.340616	0.489394	996.397
LLLTFLLTTLLGYLLGTLILI	LLLTFLLTTLLGTLLGTLILI	11.9604	11.6019	0.141213	0.917682	996.023
LLLTFLLTTLLGTLLGTLILI	LLLTFLLTTLLGTLLGYLILI	11.6019	12.1237	0.917682	0.141213	995.626
LLLTFLLTTLLGTLLGYLILI	LLLTFLLGTLLGTLLGYLILI	12.5743	15.6397	0.591758	0.271676	995.205
LLLTFLLGTLLGTLLGYLILI	LLLTYLLGTLLGTLLGYLILI	15.5001	14.1252	0.132101	0.952787	994.758
LLLTYLLGTLLGTLLGYLILI	LLLTYLLGTLLGTLLGTLILI	13.4772	13.7153	0.30482	0.538845	994.285
LLLTYLLGTLLGTLLGTLILI	LLLTVLLGTLLGTLLGTLILI	13.93	13.981	0.753596	0.194474	993.782
LLLTVLLGTLLGTLLGTLILI	LLLTVLLGTLLGYLLGTLILI	14.6027	15.1606	0.816184	0.171816	993.249
LLLTVLLGTLLGYLLGTLILI	LLLTVLLGTLLGYLLATLILI	16.0541	21.1502	1.06535	0.107014	992.683
LLLTVLLGTLLGYLLATLILI	LLLTYLLGTLLGYLLATLILI	21.1484	21.5118	0.105187	1.07465	992.084
LLLTYLLGTLLGYLLATLILI	LLLTYLLGTLLGTLLATLILI	20.7419	19.6764	0.30482	0.538845	991.448
LLLTYLLGTLLGTLLATLILI	LLLTVLLGTLLGTLLATLILI	19.8911	19.9421	0.753596	0.194474	990.773
LLLTVLLGTLLGTLLATLILI	LLLTVLLGTLLGTLLGTLILI	19.8546	14.8518	0.107014	1.06535	990.058
LLLTVLLGTLLGTLLGTLILI	LLLTVLLGTLLGTLLGYLILI	14.6027	15.2566	0.816184	0.171816	989.3
LLLTVLLGTLLGTLLGYLILI	LLLTVLLGTLLGTLLGTLILI	15.2566	14.6027	0.171816	0.816184	988.496
LLLTVLLGTLLGTLLGTLILI	LLLYVLLGTLLGTLLGTLILI	14.6027	13.8616	0.816184	0.171816	987.644
LLLYVLLGTLLGTLLGTLILI	LLLYVLLGTLLGYLLGTLILI	14.1328	15.2716	0.443059	0.379341	986.74
LLLYVLLGTLLGYLLGTLILI	LLLYVLLGTLLGTLLGTLILI	15.2716	14.1328	0.379341	0.443059	985.783
LLLYVLLGTLLGTLLGTLILI	LLLYVLLGTLLGTLLGYLILI	14.1328	15.3674	0.443059	0.379341	984.769
LLLYVLLGTLLGTLLGYLILI	LLLYYLLGTLLGTLLGYLILI	15.0602	11.8958	0.0721588	1.28166	983.694
LLLYYLLGTLLGTLLGYLILI	LLLYYLLGTLLGLLLGYLILI	11.4633	12.7514	0.849143	0.161118	980.071
LLLYYLLGTLLGLLLGYLILI	LLLYYLLGTLLGTLLGYLILI	12.7514	10.9072	0.161118	0.849143	978.717
LLLYYLLGTLLGTLLGYLILI	LLLYYLLGTLLGTLLGTLILI	10.5631	8.96078	0.505042	0.328724	977.285
LLLYYLLGTLLGTLLGTLILI	LLLYYLLGTLLGTLLGFLILI	9.63635	12.527	1.0043	0.119894	974.162
LLLYYLLGTLLGTLLGFLILI	LLLYFLLGTLLGTLLGFLILI	13.0575	15.7843	0.650378	0.240035	972.463
LLLYFLLGTLLGTLLGFLILI	LLLTFLLGTLLGTLLGFLILI	15.7638	17.2087	0.219549	0.693609	970.666
LLLTFLLGTLLGTLLGFLILI	LLLTFLLGTLLGYLLGFLILI	17.2087	18.1935	0.693609	0.219549	968.764
LLLTFLLGTLLGYLLGFLILI	LLLTFLLGTLLGYLLGTLILI	18.1935	15.9034	0.219549	0.693609	966.754
LLLTFLLGTLLGYLLGTLILI	LLLYFLLGTLLGYLLGTLILI	15.6528	15.1794	0.443059	0.379341	964.627
LLLYFLLGTLLGYLLGTLILI	LLLYYLLGTLLGYLLGTLILI	14.8913	14.1836	0.0912572	1.15198	962.38
LLLYYLLGTLLGYLLGTLILI	LLLYYLLGTLLGTLLGTLILI	13.5367	12.1536	0.505042	0.328724	960.005
LLLYYLLGTLLGTLLGTLILI	LLLYFLLGTLLGTLLGTLILI	12.7776	13.231	0.952787	0.132101	957.496
LLLYFLLGTLLGTLLGTLILI	LLLYFLLGTLLGYLLGTLILI	13.542	14.6185	0.443059	0.379341	954.846
LLLYFLLGTLLGYLLGTLILI	LLLYFLLGTLLGTLLGTLILI	14.6185	13.542	0.379341	0.443059	952.048
LLLYFLLGTLLGTLLGTLILI	LLLYYLLGTLLGTLLGTLILI	13.231	12.7776	0.132101	0.952787	949.095
LLLYYLLGTLLGTLLGTLILI	LLLYYLLGTLLGTLLGYLILI	12.1536	10.4354	0.328724	0.505042	945.979
LLLYYLLGTLLGTLLGYLILI	LLLYYLLGTLLGTLLGTLILI	10.4354	13.5495	0.505042	0.328724	942.693
LLLYYLLGTLLGTLLGTLILI	LLLYYLLGTLLGTLLGWLILI	13.7068	13.4498	0.48602	0.343253	939.229
LLLYYLLGTLLGTLLGWLILI	LLLYYLLGTLLGYLLGWLILI	13.3446	13.0652	0.238039	0.654392	935.578
LLLYYLLGTLLGYLLGWLILI	LLLYYLLGTLLGYLLGTLILI	12.8718	13.3953	0.460972	0.363705	931.732
LLLYYLLGTLLGYLLGTLILI	LLLYYLLGTLLGTLLGTLILI	13.5367	12.1536	0.505042	0.328724	927.683
LLLYYLLGTLLGTLLGTLILI	LLLYYLLGTLLGILLGTLILI	12.6073	14.058	0.782479	0.183612	918.939
LLLYYLLGTLLGILLGTLILI	LLLYYLLGTLLGTLLGTLILI	14.058	13.073	0.183612	0.782479	909.276
LLLYYLLGTLLGTLLGTLILI	LLLYFLLGTLLGTLLGTLILI	13.2433	13.231	0.952787	0.132101	904.077
LLLYFLLGTLLGTLLGTLILI	LLLYYLLGTLLGTLLGTLILI	13.231	13.2433	0.132101	0.952787	898.621
LLLYYLLGTLLGTLLGTLILI	LLLTYLLGTLLGTLLGTLILI	12.5954	12.413	0.30482	0.538845	892.899
LLLTYLLGTLLGTLLGTLILI	LLLYYLLGTLLGTLLGTLILI	12.413	13.5022	0.538845	0.30482	880.623
LLLYYLLGTLLGTLLGTLILI	LLLYYLLGTLLGTLLGYLILI	13.5261	13.6282	0.328724	0.505042	874.051
LLLYYLLGTLLGTLLGYLILI	LLLYYLLGTLLGTLLGTLILI	13.6282	12.1536	0.505042	0.328724	867.179
LLLYYLLGTLLGTLLGTLILI	LLLYWLLGTLLGTLLGTLILI	12.276	13.5052	0.451187	0.372136	859.999
LLLYWLLGTLLGTLLGTLILI	LLLTWLLGTLLGTLLGTLILI	13.3049	14.7283	0.171816	0.816184	852.504
LLLTWLLGTLLGTLLGTLILI	LLLTWLLGTLLGTLLGYLILI	14.7283	15.3822	0.816184	0.171816	844.686
LLLTWLLGTLLGTLLGYLILI	LLLTWLLGFLLGTLLGYLILI	16.2147	18.3197	1.0043	0.119894	836.541
LLLTWLLGFLLGTLLGYLILI	LLLTWLLGTLLGTLLGYLILI	18.3197	16.2147	0.119894	1.0043	828.061
LLLTWLLGTLLGTLLGYLILI	LLLTWLLGTLLGTLLGTLILI	15.3822	14.7283	0.171816	0.816184	819.243
LLLTWLLGTLLGTLLGTLILI	LLLTWLLGTLLGTLLGYLILI	14.7283	15.3822	0.816184	0.171816	810.083
LLLTWLLGTLLGTLLGYLILI	LLLTYLLGTLLGTLLGYLILI	15.5825	14.9011	0.372136	0.451187	800.577
LLLTYLLGTLLGTLLGYLILI	LLLTYLLGTLLGYLLGYLILI	14.7786	15.8752	0.328724	0.505042	790.724
LLLTYLLGTLLGYLLGYLILI	LLLYYLLGTLLGYLLGYLILI	15.557	16.0947	0.186892	0.773553	780.523
LLLYYLLGTLLGYLLGYLILI	LLLYYLLGTLLGYLLGTLILI	16.0947	13.2185	0.773553	0.186892	769.974
LLLYYLLGTLLGYLLGTLILI	LLLYYLLGLLLGYLLGTLILI	13.8808	15.7132	0.849143	0.161118	759.081
LLLYYLLGLLLGYLLGTLILI	LLLYYLLGTLLGYLLGTLILI	15.7132	15.2534	0.161118	0.849143	747.845
LLLYYLLGTLLGYLLGTLILI	LLLYWLLGTLLGYLLGTLILI	14.9954	14.4218	0.591129	0.272043	736.272
LLLYWLLGTLLGYLLGTLILI	LLLYWLLGTLLGTLLGTLILI	14.5291	13.5761	0.379341	0.443059	724.369
LLLYWLLGTLLGTLLGTLILI	LLLYWLLGTLLGYLLGTLILI	13.5761	15.116	0.443059	0.379341	712.142
LLLYWLLGTLLGYLLGTLILI	LLLYYLLGTLLGYLLGTLILI	15.0087	13.6228	0.272043	0.591129	699.602
LLLYYLLGTLLGYLLGTLILI	LLLTYLLGTLLGYLLGTLILI	13.5367	13.4094	0.505042	0.328724	686.76
LLLTYLLGTLLGYLLGTLILI	LLLTVLLGTLLGYLLGTLILI	14.1553	15.094	1.07465	0.105187	673.628
LLLTVLLGTLLGYLLGTLILI	LLLYVLLGTLLGYLLGTLILI	15.4318	15.2716	0.443059	0.379341	660.222
LLLYVLLGTLLGYLLGTLILI	LLLYFLLGTLLGYLLGTLILI	15.2329	14.7285	0.340616	0.489394	646.557
LLLYFLLGTLLGYLLGTLILI	LLLYFLLGTLLGTLLGTLILI	14.6185	13.542	0.379341	0.443059	632.651
LLLYFLLGTLLGTLLGTLILI	LLLYFLLGTLLGYLLGTLILI	13.542	14.6185	0.443059	0.379341	618.524
LLLYFLLGTLLGYLLGTLILI	LLLTFLLGTLLGYLLGTLILI	14.6185	15.6528	0.379341	0.443059	604.196
LLLTFLLGTLLGYLLGTLILI	LLLTYLLGTLLGYLLGTLILI	15.3419	14.0334	0.132101	0.952787	589.688
LLLTYLLGTLLGYLLGTLILI	LLLTYLLGTLLGTLLGTLILI	13.3855	13.6904	0.30482	0.538845	575.025
LLLTYLLGTLLGTLLGTLILI	LLLYYLLGTLLGTLLGTLILI	13.6904	13.5022	0.538845	0.30482	560.23
LLLYYLLGTLLGTLLGTLILI	LLLYYLLGTLLGYLLGTLILI	13.5261	13.5367	0.328724	0.505042	545.329
LLLYYLLGTLLGYLLGTLILI	LLLTYLLGTLLGYLLGTLILI	13.5367	13.4094	0.505042	0.328724	530.348
LLLTYLLGTLLGYLLGTLILI	LLLTYLLGTLLGTLLGTLILI	13.3855	12.413	0.30482	0.538845	515.312
LLLTYLLGTLLGTLLGTLILI	LLLYYLLGTLLGTLLGTLILI	12.413	12.1297	0.538845	0.30482	500.25
LLLYYLLGTLLGTLLGTLILI	LLLYYLLGTLLGVLLGTLILI	12.9533	12.7794	1.12845	0.0952708	485.188
LLLYYLLGTLLGVLLGTLILI	LLLTYLLGTLLGVLLGTLILI	13.0635	16.2383	0.379341	0.443059	470.152
LLLTYLLGTLLGVLLGTLILI	LLLTYLLGTLLGFLLGTLILI	16.1359	15.2535	0.340616	0.489394	455.171
LLLTYLLGTLLGFLLGTLILI	LLLTYLLGTLLGYLLGTLILI	14.8962	14.0334	0.132101	0.952787	440.27
LLLTYLLGTLLGYLLGTLILI	LLLTYLLGTLLGTLLGTLILI	13.3855	12.413	0.30482	0.538845	425.475
LLLTYLLGTLLGTLLGTLILI	LLLYYLLGTLLGTLLGTLILI	12.413	12.1297	0.538845	0.30482	410.812
LLLYYLLGTLLGTLLGTLILI	LLLYFLLGTLLGTLLGTLILI	12.7776	13.231	0.952787	0.132101	396.304
LLLYFLLGTLLGTLLGTLILI	LLLYYLLGTLLGTLLGTLILI	13.231	13.2433	0.132101	0.952787	381.976
LLLYYLLGTLLGTLLGTLILI	LLLYFLLGTLLGTLLGTLILI	13.2433	13.231	0.952787	0.132101	367.849
LLLYFLLGTLLGTLLGTLILI	LLLYYLLGTLLGTLLGTLILI	13.231	12.7776	0.132101	0.952787	353.943
LLLYYLLGTLLGTLLGTLILI	LLLTYLLGTLLGTLLGTLILI	12.1297	12.413	0.30482	0.538845	340.278
LLLTYLLGTLLGTLLGTLILI	LLLYYLLGTLLGTLLGTLILI	12.413	12.1297	0.538845	0.30482	313.74
LLLYYLLGTLLGTLLGTLILI	LLLTYLLGTLLGTLLGTLILI	12.1297	12.413	0.30482	0.538845	300.898
LLLTYLLGTLLGTLLGTLILI	LLLYYLLGTLLGTLLGTLILI	12.413	12.1297	0.538845	0.30482	288.358
LLLYYLLGTLLGTLLGTLILI	LLLYYLLGTLLGYLLGTLILI	12.1536	11.1647	0.328724	0.505042	276.131
LLLYYLLGTLLGYLLGTLILI	LLLYYLLGTLLGYLLGFLILI	11.4759	12.9342	0.816184	0.171816	264.228
LLLYYLLGTLLGYLLGFLILI	LLLYYLLGTLLGTLLGFLILI	13.4168	11.3154	0.654392	0.238039	219.977
LLLYYLLGTLLGTLLGFLILI	LLLYYLLGTLLGTLLGILILI	11.362	11.377	0.284626	0.570162	190.417
LLLYYLLGTLLGTLLGILILI	LLLYYLLGTLLGTLLGTLILI	10.9904	9.54233	0.183612	0.782479	172.439
LLLYYLLGTLLGTLLGTLILI	LLLYYLLGYLLGTLLGTLILI	9.08857	8.7909	0.328724	0.505042	13.7596
Time: 539s
