***STARTING GEOMETRY:***
xShift: 7.34374
crossingAngle: -41.04
axialRotation: -93.2785
zShift: 0.58191

Number of MCCycles: 200
PrevSequence	CurrSequence	PrevEnergy	CurrEnergy	PrevEntropy	CurrEntropy	CurrentTemp
LLLTYLLTTLLGTLLGTLILI	LLLTYLLTTLLGTLLGYLILI	9.51817	10.4507	0.62127	0.255144	999.847
LLLTYLLTTLLGTLLGYLILI	LLLTYLLTTLLGFLLGYLILI	11.3424	13.5358	1.14683	0.0921195	999.684
LLLTYLLTTLLGFLLGYLILI	LLLTYLLTTLLGFLLGTLILI	13.7485	13.4447	0.30482	0.538845	999.512
LLLTYLLTTLLGFLLGTLILI	LLLTYLLTTLLGFLLGFLILI	13.7221	15.2237	0.816184	0.171816	999.328
LLLTYLLTTLLGFLLGFLILI	LLLTYLLTTLLGFLLGTLILI	15.2237	13.8434	0.171816	0.816184	999.134
LLLTYLLTTLLGFLLGTLILI	LLLTYLLTTLLGTLLGTLILI	13.1021	11.318	0.0748068	1.26162	998.928
LLLTYLLTTLLGTLLGTLILI	LLLYYLLTTLLGTLLGTLILI	10.6776	9.24656	0.62127	0.255144	998.708
LLLYYLLTTLLGTLLGTLILI	LLLYFLLTTLLGTLLGTLILI	9.9442	9.7053	0.952787	0.132101	998.476
LLLYFLLTTLLGTLLGTLILI	LLLYFLLTTLLGYLLGTLILI	10.112	11.4825	0.538845	0.30482	998.229
LLLYFLLTTLLGYLLGTLILI	LLLYFLLTTLLGYLLATLILI	12.05	17.4023	0.872342	0.154044	997.967
LLLYFLLTTLLGYLLATLILI	LLLYFLLTTLLGYLLGTLILI	17.4023	11.5796	0.154044	0.872342	997.689
LLLYFLLTTLLGYLLGTLILI	LLLYFLLTTLLGYLLGYLILI	11.036	13.5022	0.328724	0.505042	997.394
LLLYFLLTTLLGYLLGYLILI	LLLTFLLTTLLGYLLGYLILI	13.5022	14.5615	0.505042	0.328724	997.081
LLLTFLLTTLLGYLLGYLILI	LLLTFLLTTLLGTLLGYLILI	14.5376	12.6466	0.30482	0.538845	996.749
LLLTFLLTTLLGTLLGYLILI	LLLTVLLTTLLGTLLGYLILI	12.5971	12.2615	0.489394	0.340616	996.397
LLLTVLLTTLLGTLLGYLILI	LLLTVLLTVLLGTLLGYLILI	12.8517	15.6804	0.930859	0.137712	996.023
LLLTVLLTVLLGTLLGYLILI	LLLTVLLTVLLGTLLGTLILI	15.7145	15.0699	0.171816	0.816184	995.626
LLLTVLLTVLLGTLLGTLILI	LLLTVLLTVLLGVLLGTLILI	15.003	18.4437	0.749274	0.196163	995.205
LLLTVLLTVLLGVLLGTLILI	LLLTYLLTVLLGVLLGTLILI	18.7053	18.0059	0.457728	0.366471	994.758
LLLTYLLTVLLGVLLGTLILI	LLLTYLLTVLLGTLLGTLILI	17.7772	13.4394	0.137712	0.930859	994.285
LLLTYLLTVLLGTLLGTLILI	LLLTYLLTVLLGTLLGWLILI	13.0959	14.4976	0.58734	0.274265	993.782
LLLTYLLTVLLGTLLGWLILI	LLLTYLLTVLLGTLLGTLILI	14.4976	14.3444	0.274265	0.58734	993.249
LLLTYLLTVLLGTLLGTLILI	LLLTVLLTVLLGTLLGTLILI	14.2464	14.5943	0.489394	0.340616	992.683
LLLTVLLTVLLGTLLGTLILI	LLLTFLLTVLLGTLLGTLILI	14.8092	14.881	0.555456	0.293891	992.084
LLLTFLLTVLLGTLLGTLILI	LLLTFLLGVLLGTLLGTLILI	15.1789	18.1122	0.591758	0.271676	991.448
LLLTFLLGVLLGTLLGTLILI	LLLTYLLGVLLGTLLGTLILI	18.0806	17.4465	0.240035	0.650378	990.773
LLLTYLLGVLLGTLLGTLILI	LLLTYLLGTLLGTLLGTLILI	16.869	14.5164	0.0728516	1.27634	990.058
LLLTYLLGTLLGTLLGTLILI	LLLTYLLGYLLGTLLGTLILI	13.7789	15.9277	0.538845	0.30482	989.3
LLLTYLLGYLLGTLLGTLILI	LLLYYLLGYLLGTLLGTLILI	15.9516	17.3446	0.328724	0.505042	988.496
LLLYYLLGYLLGTLLGTLILI	LLLTYLLGYLLGTLLGTLILI	17.3446	17.0885	0.505042	0.328724	987.644
LLLTYLLGYLLGTLLGTLILI	LLLTYLLGTLLGTLLGTLILI	17.0646	15.0521	0.30482	0.538845	986.74
LLLTYLLGTLLGTLLGTLILI	LLLTYLLGTLLGTLLGYLILI	15.0521	14.8435	0.538845	0.30482	985.783
LLLTYLLGTLLGTLLGYLILI	LLLTYLLGTLLGYLLGYLILI	14.8674	17.2401	0.328724	0.505042	984.769
LLLTYLLGTLLGYLLGYLILI	LLLTVLLGTLLGYLLGYLILI	18.0167	17.4013	1.28166	0.0721588	983.694
LLLTVLLGTLLGYLLGYLILI	LLLYVLLGTLLGYLLGYLILI	17.5672	17.8649	0.238039	0.654392	982.555
LLLYVLLGTLLGYLLGYLILI	LLLYVLLGTLLGTLLGYLILI	17.8649	15.2559	0.654392	0.238039	981.348
LLLYVLLGTLLGTLLGYLILI	LLLTVLLGTLLGTLLGYLILI	15.3972	15.5798	0.379341	0.443059	980.071
LLLTVLLGTLLGTLLGYLILI	LLLTYLLGTLLGTLLGYLILI	15.2419	14.3138	0.105187	1.07465	978.717
LLLTYLLGTLLGTLLGYLILI	LLLTYLLGTLLGTLLAYLILI	14.3045	19.2673	1.06535	0.107014	977.285
LLLTYLLGTLLGTLLAYLILI	LLLTYLLGTLLGTLLATLILI	19.4651	19.6699	0.30482	0.538845	975.768
LLLTYLLGTLLGTLLATLILI	LLLTVLLGTLLGTLLATLILI	19.8847	20.0098	0.753596	0.194474	974.162
LLLTVLLGTLLGTLLATLILI	LLLTYLLGTLLGTLLATLILI	20.0098	19.9708	0.194474	0.753596	972.463
LLLTYLLGTLLGTLLATLILI	LLLTYLLGTLLGYLLATLILI	19.7561	20.8206	0.538845	0.30482	970.666
LLLTYLLGTLLGYLLATLILI	LLLTYLLGTLLGTLLATLILI	20.8206	19.7311	0.30482	0.538845	968.764
LLLTYLLGTLLGTLLATLILI	LLLTYLLGTLLGTLLGTLILI	19.2993	13.0059	0.107014	1.06535	966.754
LLLTYLLGTLLGTLLGTLILI	LLLYYLLGTLLGTLLGTLILI	12.4794	10.4844	0.538845	0.30482	962.38
LLLYYLLGTLLGTLLGTLILI	LLLYFLLGTLLGTLLGTLILI	11.1323	13.2666	0.952787	0.132101	960.005
LLLYFLLGTLLGTLLGTLILI	LLLYYLLGTLLGTLLGTLILI	13.2666	12.822	0.132101	0.952787	957.496
LLLYYLLGTLLGTLLGTLILI	LLLTYLLGTLLGTLLGTLILI	12.1741	12.4794	0.30482	0.538845	954.846
LLLTYLLGTLLGTLLGTLILI	LLLTYLLGTLLGYLLGTLILI	12.4794	14.725	0.538845	0.30482	952.048
LLLTYLLGTLLGYLLGTLILI	LLLWYLLGTLLGYLLGTLILI	14.9062	15.3128	0.48602	0.343253	949.095
LLLWYLLGTLLGYLLGTLILI	LLLWYLLGTLLGTLLGTLILI	15.3488	15.2757	0.379341	0.443059	945.979
LLLWYLLGTLLGTLLGTLILI	LLLWYLLGTLLGTLLGYLILI	15.2757	17.108	0.443059	0.379341	942.693
LLLWYLLGTLLGTLLGYLILI	LLLWVLLGTLLGTLLGYLILI	17.8033	16.5499	1.07465	0.105187	939.229
LLLWVLLGTLLGTLLGYLILI	LLLWVLLGTLLGTLLGTLILI	16.6643	15.8397	0.219549	0.693609	931.732
LLLWVLLGTLLGTLLGTLILI	LLLWYLLGTLLGTLLGTLILI	15.3406	14.5177	0.194474	0.753596	927.683
LLLWYLLGTLLGTLLGTLILI	LLLWVLLGTLLGTLLGTLILI	14.5177	15.3406	0.753596	0.194474	923.422
LLLWVLLGTLLGTLLGTLILI	LLLWVLLGVLLGTLLGTLILI	15.9462	18.9004	0.800152	0.177314	918.939
LLLWVLLGVLLGTLLGTLILI	LLLWVLLGTLLGTLLGTLILI	18.9004	15.9462	0.177314	0.800152	914.227
LLLWVLLGTLLGTLLGTLILI	LLLWYLLGTLLGTLLGTLILI	15.3406	15.2846	0.194474	0.753596	909.276
LLLWYLLGTLLGTLLGTLILI	LLLWYLLGTLLGYLLGTLILI	14.9741	16.9049	0.443059	0.379341	904.077
LLLWYLLGTLLGYLLGTLILI	LLLYYLLGTLLGYLLGTLILI	16.7976	14.0953	0.272043	0.591129	898.621
LLLYYLLGTLLGYLLGTLILI	LLLYFLLGTLLGYLLGTLILI	14.6561	14.3649	1.15198	0.0912572	892.899
LLLYFLLGTLLGYLLGTLILI	LLLYFLLGTLLGTLLGTLILI	14.6529	13.5775	0.379341	0.443059	880.623
LLLYFLLGTLLGTLLGTLILI	LLLYYLLGTLLGTLLGTLILI	13.2666	13.294	0.132101	0.952787	874.051
LLLYYLLGTLLGTLLGTLILI	LLLYYLLGTLLGTLLGYLILI	12.67	14.7272	0.328724	0.505042	867.179
LLLYYLLGTLLGTLLGYLILI	LLLYYLLGTLLGYLLGYLILI	14.409	16.1384	0.186892	0.773553	859.999
LLLYYLLGTLLGYLLGYLILI	LLLYYLLGTLLGTLLGYLILI	16.1384	13.3548	0.773553	0.186892	852.504
LLLYYLLGTLLGTLLGYLILI	LLLYYLLGTLLGTLLGTLILI	13.6729	9.18141	0.505042	0.328724	844.686
LLLYYLLGTLLGTLLGTLILI	LLLYYLLGTLLGTLLGVLILI	9.98114	13.5439	1.12845	0.0952708	836.541
LLLYYLLGTLLGTLLGVLILI	LLLYFLLGTLLGTLLGVLILI	14.4014	18.0009	0.952787	0.132101	828.061
LLLYFLLGTLLGTLLGVLILI	LLLYFLLGTLLGTLLGTLILI	17.964	14.2629	0.0952708	1.12845	819.243
LLLYFLLGTLLGTLLGTLILI	LLLYYLLGTLLGTLLGTLILI	13.2666	13.8763	0.132101	0.952787	810.083
LLLYYLLGTLLGTLLGTLILI	LLLYWLLGTLLGTLLGTLILI	13.3747	13.5405	0.451187	0.372136	800.577
LLLYWLLGTLLGTLLGTLILI	LLLYWLLGTLLGTLLGYLILI	13.6114	14.8463	0.443059	0.379341	780.523
LLLYWLLGTLLGTLLGYLILI	LLLYWLLGTLLGTLLAYLILI	15.5324	20.4951	1.06535	0.107014	769.974
LLLYWLLGTLLGTLLAYLILI	LLLTWLLGTLLGTLLAYLILI	20.7674	21.6253	0.379341	0.443059	759.081
LLLTWLLGTLLGTLLAYLILI	LLLTWLLGTLLGTLLGYLILI	21.2892	16.3265	0.107014	1.06535	747.845
LLLTWLLGTLLGTLLGYLILI	LLLYWLLGTLLGTLLGYLILI	15.7042	14.8463	0.443059	0.379341	736.272
LLLYWLLGTLLGTLLGYLILI	LLLYWLLGTLLGTLLGTLILI	14.8463	13.6114	0.379341	0.443059	724.369
LLLYWLLGTLLGTLLGTLILI	LLLYWLLGTLLGTLLGYLILI	13.6114	14.8463	0.443059	0.379341	712.142
LLLYWLLGTLLGTLLGYLILI	LLLYWLLGTLLGTLLGTLILI	14.8463	13.6114	0.379341	0.443059	699.602
LLLYWLLGTLLGTLLGTLILI	LLLYFLLGTLLGTLLGTLILI	14.0588	13.2832	0.890414	0.148778	686.76
LLLYFLLGTLLGTLLGTLILI	LLLYFLLGTLLGYLLGTLILI	13.5775	14.6529	0.443059	0.379341	673.628
LLLYFLLGTLLGYLLGTLILI	LLLYFLLGTLLGTLLGTLILI	14.6529	14.1411	0.379341	0.443059	660.222
LLLYFLLGTLLGTLLGTLILI	LLLYYLLGTLLGTLLGTLILI	13.8301	13.8763	0.132101	0.952787	646.557
LLLYYLLGTLLGTLLGTLILI	LLLYFLLGTLLGTLLGTLILI	13.8763	13.2666	0.952787	0.132101	632.651
LLLYFLLGTLLGTLLGTLILI	LLLTFLLGTLLGTLLGTLILI	13.3063	14.9351	0.171816	0.816184	618.524
LLLTFLLGTLLGTLLGTLILI	LLLYFLLGTLLGTLLGTLILI	14.9351	13.3063	0.816184	0.171816	604.196
LLLYFLLGTLLGTLLGTLILI	LLLYFLLGTLLGTLLGYLILI	13.5775	14.8124	0.443059	0.379341	589.688
LLLYFLLGTLLGTLLGYLILI	LLLYFLLGVLLGTLLGYLILI	15.364	18.2873	0.930859	0.137712	575.025
LLLYFLLGVLLGTLLGYLILI	LLLYFLLGTLLGTLLGYLILI	18.2873	15.364	0.137712	0.930859	560.23
LLLYFLLGTLLGTLLGYLILI	LLLYYLLGTLLGTLLGYLILI	14.5244	14.7919	0.0912572	1.15198	545.329
LLLYYLLGTLLGTLLGYLILI	LLLTYLLGTLLGTLLGYLILI	14.1449	13.5679	0.505042	0.328724	530.348
LLLTYLLGTLLGTLLGYLILI	LLLTYLLGTLLGTLLGTLILI	13.544	12.4794	0.30482	0.538845	500.25
LLLTYLLGTLLGTLLGTLILI	LLLYYLLGTLLGTLLGTLILI	12.4794	12.1741	0.538845	0.30482	470.152
LLLYYLLGTLLGTLLGTLILI	LLLYYLLGVLLGTLLGTLILI	12.9977	13.7071	1.12845	0.0952708	455.171
LLLYYLLGVLLGTLLGTLILI	LLLYYLLGTLLGTLLGTLILI	13.7071	12.9977	0.0952708	1.12845	425.475
LLLYYLLGTLLGTLLGTLILI	LLLYFLLGTLLGTLLGTLILI	12.822	13.2666	0.952787	0.132101	396.304
LLLYFLLGTLLGTLLGTLILI	LLLYYLLGTLLGTLLGTLILI	13.2666	12.822	0.132101	0.952787	381.976
LLLYYLLGTLLGTLLGTLILI	LLLYFLLGTLLGTLLGTLILI	12.822	13.2666	0.952787	0.132101	340.278
LLLYFLLGTLLGTLLGTLILI	LLLYYLLGTLLGTLLGTLILI	13.2666	13.8763	0.132101	0.952787	326.872
LLLYYLLGTLLGTLLGTLILI	LLLYYLLGTLLGYLLGTLILI	13.2522	11.776	0.328724	0.505042	313.74
LLLYYLLGTLLGYLLGTLILI	LLLYYLLGTLLGTLLGTLILI	11.776	13.5911	0.505042	0.328724	288.358
LLLYYLLGTLLGTLLGTLILI	LLLTYLLGTLLGTLLGTLILI	13.5672	13.7539	0.30482	0.538845	276.131
LLLTYLLGTLLGTLLGTLILI	LLLTVLLGTLLGTLLGTLILI	13.9686	14.0326	0.753596	0.194474	264.228
LLLTVLLGTLLGTLLGTLILI	LLLTYLLGTLLGTLLGTLILI	14.0326	13.9936	0.194474	0.753596	252.655
LLLTYLLGTLLGTLLGTLILI	LLLTYLLGTLLGTLLGYLILI	13.7789	13.544	0.538845	0.30482	241.419
LLLTYLLGTLLGTLLGYLILI	LLLTYLLGTLLGFLLGYLILI	14.2435	16.6103	1.0043	0.119894	230.526
LLLTYLLGTLLGFLLGYLILI	LLLTYLLGTLLGTLLGYLILI	16.6103	14.2435	0.119894	1.0043	219.977
LLLTYLLGTLLGTLLGYLILI	LLLYYLLGTLLGTLLGYLILI	13.5679	7.87319	0.328724	0.505042	199.923
LLLYYLLGTLLGTLLGYLILI	LLLYYLLGTLLGTLLGFLILI	8.52013	8.56949	1.15198	0.0912572	147.996
Time: 231s
