***STARTING GEOMETRY:***
xShift: 8.2
crossingAngle: 26.19
axialRotation: 100
zShift: 3.22877

Number of MCCycles: 100
PrevSequence	CurrSequence	PrevEnergy	CurrEnergy	PrevEntropy	CurrEntropy	CurrentTemp
LLLYGLLYLLTSLTTLLLILI	LLLYGLLYLLTSLTFLLLILI	-34.0068	-30.1679	1.0043	0.119894	999.684
LLLYGLLYLLTSLTFLLLILI	LLLYGLLYLLTSLTYLLLILI	-30.1965	-30.1266	0.0912572	1.15198	999.328
LLLYGLLYLLTSLTYLLLILI	LLLYGLLYLLTSLTFLLLILI	-30.1266	-30.1638	1.15198	0.0912572	998.928
LLLYGLLYLLTSLTFLLLILI	LLLFGLLYLLTSLTFLLLILI	-29.6047	-28.1825	0.650378	0.240035	998.476
LLLFGLLYLLTSLTFLLLILI	LLLFGLLYLLTALTFLLLILI	-27.7803	-27.8297	0.642213	0.244161	997.967
LLLFGLLYLLTALTFLLLILI	LLLYGLLYLLTALTFLLLILI	-27.8338	-29.2563	0.240035	0.650378	997.394
LLLYGLLYLLTALTFLLLILI	LLLYGLLYLLTSLTFLLLILI	-29.6625	-29.6129	0.244161	0.642213	996.749
LLLYGLLYLLTSLTFLLLILI	LLLFGLLYLLTSLTFLLLILI	-29.6047	-28.1825	0.650378	0.240035	996.023
LLLFGLLYLLTSLTFLLLILI	LLLYGLLYLLTSLTFLLLILI	-28.1825	-29.1257	0.240035	0.650378	995.205
LLLYGLLYLLTSLTFLLLILI	LLLYGLLYLLTSLTYLLLILI	-29.6848	-30.1266	0.0912572	1.15198	994.285
LLLYGLLYLLTSLTYLLLILI	LLLYGLLYLLTSLTFLLLILI	-30.1266	-30.1638	1.15198	0.0912572	993.249
LLLYGLLYLLTSLTFLLLILI	LLLYGLLYLLTALTFLLLILI	-29.6129	-29.657	0.642213	0.244161	992.084
LLLYGLLYLLTALTFLLLILI	LLLYGLLFLLTALTFLLLILI	-29.2508	-27.1134	0.650378	0.240035	990.773
LLLYGLLFLLTALTFLLLILI	LLLYGLLFLLTSLTFLLLILI	-27.1093	-27.1106	0.244161	0.642213	989.3
LLLYGLLFLLTSLTFLLLILI	LLLYGLLFLLTALTFLLLILI	-27.1106	-27.1093	0.642213	0.244161	987.644
LLLYGLLFLLTALTFLLLILI	LLLYGLLFLLTSLTFLLLILI	-27.1093	-27.0746	0.244161	0.642213	985.783
LLLYGLLFLLTSLTFLLLILI	LLLYGLLYLLTSLTFLLLILI	-27.4768	-29.6374	0.240035	0.650378	983.694
LLLYGLLYLLTSLTFLLLILI	LLLYGLLYLLTSLVFLLLILI	-29.3569	-26.3796	0.930859	0.137712	981.348
LLLYGLLYLLTSLVFLLLILI	LLLYGLLYLLTSLTFLLLILI	-26.3796	-29.3602	0.137712	0.930859	978.717
LLLYGLLYLLTSLTFLLLILI	LLLYGLLYLLTALTFLLLILI	-29.6489	-29.6658	0.642213	0.244161	975.768
LLLYGLLYLLTALTFLLLILI	LLLYGLLYLLTALTYLLLILI	-29.8187	-29.8591	0.0912572	1.15198	972.463
LLLYGLLYLLTALTYLLLILI	LLLYGLLYLLYALTYLLLILI	-30.8241	-26.1736	0.186892	0.773553	968.764
LLLYGLLYLLYALTYLLLILI	LLLWGLLYLLYALTYLLLILI	-26.2429	-25.8433	0.704234	0.21484	964.627
LLLWGLLYLLYALTYLLLILI	LLLYGLLYLLYALTYLLLILI	-25.8433	-26.2429	0.21484	0.704234	960.005
LLLYGLLYLLYALTYLLLILI	LLLYGLLYLLTALTYLLLILI	-26.1736	-30.8241	0.773553	0.186892	954.846
LLLYGLLYLLTALTYLLLILI	LLLYGLLYLLTALTFLLLILI	-29.8591	-29.7954	1.15198	0.0912572	949.095
LLLYGLLYLLTALTFLLLILI	LLLYGLLYLLTSLTFLLLILI	-29.6425	-29.6489	0.244161	0.642213	935.578
LLLYGLLYLLTSLTFLLLILI	LLLYGLLYLLTALTFLLLILI	-29.6489	-29.6658	0.642213	0.244161	927.683
LLLYGLLYLLTALTFLLLILI	LLLYGLLYLLTALTYLLLILI	-29.8187	-29.8591	0.0912572	1.15198	918.939
LLLYGLLYLLTALTYLLLILI	LLLYGLLYLLTGLTYLLLILI	-30.857	-29.1611	0.154044	0.872342	909.276
LLLYGLLYLLTGLTYLLLILI	LLLYGLLYLLYGLTYLLLILI	-29.8465	-25.5678	0.186892	0.773553	898.621
LLLYGLLYLLYGLTYLLLILI	LLLYGLLYLLYGLTFLLLILI	-25.0406	-26.1551	1.30076	0.0697276	886.903
LLLYGLLYLLYGLTFLLLILI	LLLYGLLYLLTGLTFLLLILI	-25.5705	-29.2781	0.654392	0.238039	874.051
LLLYGLLYLLTGLTFLLLILI	LLLYGLLYLLTGLTYLLLILI	-29.4249	-29.6506	0.0912572	1.15198	859.999
LLLYGLLYLLTGLTYLLLILI	LLLYGLLYLLTSLTYLLLILI	-30.2107	-31.0069	0.591862	0.271616	844.686
LLLYGLLYLLTSLTYLLLILI	LLLYGLLYLLTALTYLLLILI	-30.6363	-30.7669	0.642213	0.244161	828.061
LLLYGLLYLLTALTYLLLILI	LLLYGLLYLLTALTFLLLILI	-29.8591	-29.8187	1.15198	0.0912572	810.083
LLLYGLLYLLTALTFLLLILI	LLLLGLLYLLTALTFLLLILI	-29.2302	-27.7898	0.679837	0.225838	790.724
LLLLGLLYLLTALTFLLLILI	LLLLGLLYLLTSLTFLLLILI	-27.7714	-27.6315	0.244161	0.642213	769.974
LLLLGLLYLLTSLTFLLLILI	LLLYGLLYLLTSLTFLLLILI	-28.0478	-29.6079	0.225838	0.679837	747.845
LLLYGLLYLLTSLTFLLLILI	LLLYGLLYLLTALTFLLLILI	-29.6456	-29.6658	0.642213	0.244161	724.369
LLLYGLLYLLTALTFLLLILI	LLLYGLLYLLTALVFLLLILI	-28.9791	-26.0015	0.930859	0.137712	699.602
LLLYGLLYLLTALVFLLLILI	LLLYGLLYLLTALTFLLLILI	-26.0015	-28.9791	0.137712	0.930859	673.628
LLLYGLLYLLTALTFLLLILI	LLLYGLLYLLTALTYLLLILI	-29.8187	-29.8591	0.0912572	1.15198	646.557
LLLYGLLYLLTALTYLLLILI	LLLFGLLYLLTALTYLLLILI	-29.8591	-29.0869	1.15198	0.0912572	618.524
LLLFGLLYLLTALTYLLLILI	LLLYGLLYLLTALTYLLLILI	-29.0869	-29.8591	0.0912572	1.15198	589.688
LLLYGLLYLLTALTYLLLILI	LLLYGLLYLLTSLTYLLLILI	-30.7669	-29.8685	0.244161	0.642213	560.23
LLLYGLLYLLTSLTYLLLILI	LLLYGLLYLLTSLTFLLLILI	-29.3587	-30.1965	1.15198	0.0912572	530.348
LLLYGLLYLLTSLTFLLLILI	LLLYGLLYLLTSLTYLLLILI	-30.1965	-30.1266	0.0912572	1.15198	500.25
LLLYGLLYLLTSLTYLLLILI	LLLYGLLYLLTSLTFLLLILI	-30.1266	-30.1638	1.15198	0.0912572	470.152
LLLYGLLYLLTSLTFLLLILI	LLLFGLLYLLTSLTFLLLILI	-29.6047	-28.2185	0.650378	0.240035	440.27
LLLFGLLYLLTSLTFLLLILI	LLLYGLLYLLTSLTFLLLILI	-28.2185	-29.6047	0.240035	0.650378	410.812
LLLYGLLYLLTSLTFLLLILI	LLLYGLLYLLTALTFLLLILI	-29.6129	-29.6658	0.642213	0.244161	381.976
LLLYGLLYLLTALTFLLLILI	LLLYGLLYLLTSLTFLLLILI	-29.6658	-29.6456	0.244161	0.642213	353.943
LLLYGLLYLLTSLTFLLLILI	LLLYGLLYLLTALTFLLLILI	-29.6456	-29.6625	0.642213	0.244161	326.872
LLLYGLLYLLTALTFLLLILI	LLLYGLLYLLTALTYLLLILI	-29.8154	-29.8591	0.0912572	1.15198	300.898
LLLYGLLYLLTALTYLLLILI	LLLYGLLYLLTALTFLLLILI	-29.8591	-29.8154	1.15198	0.0912572	276.131
LLLYGLLYLLTALTFLLLILI	LLLYGLLYLLTALTYLLLILI	-29.8154	-29.8591	0.0912572	1.15198	252.655
LLLYGLLYLLTALTYLLLILI	LLLYGLLFLLTALTYLLLILI	-29.8591	-28.355	1.15198	0.0912572	230.526
LLLYGLLFLLTALTYLLLILI	LLLYGLLFLLTSLTYLLLILI	-28.2021	-28.0898	0.244161	0.642213	209.776
LLLYGLLFLLTSLTYLLLILI	LLLYGLLFLLTALTYLLLILI	-28.0898	-28.2021	0.642213	0.244161	190.417
LLLYGLLFLLTALTYLLLILI	LLLYGLLFLLTGLTYLLLILI	-28.2922	-27.4651	0.154044	0.872342	172.439
LLLYGLLFLLTGLTYLLLILI	LLLYGLLFLLTSLTYLLLILI	-27.7456	-28.4604	0.591862	0.271616	140.501
LLLYGLLFLLTSLTYLLLILI	LLLYGLLFLLTALTYLLLILI	-28.0898	-28.2021	0.642213	0.244161	126.449
LLLYGLLFLLTALTYLLLILI	LLLYGLLYLLTALTYLLLILI	-28.355	-29.8591	0.0912572	1.15198	113.597
LLLYGLLYLLTALTYLLLILI	LLLYGLLYLLTSLTYLLLILI	-30.7669	-30.6363	0.244161	0.642213	101.879
LLLYGLLYLLTSLTYLLLILI	LLLYGLLYLLTSLTFLLLILI	-30.1266	-30.1998	1.15198	0.0912572	91.2238
LLLYGLLYLLTSLTFLLLILI	LLLYGLLYLLTALTFLLLILI	-29.6489	-29.6625	0.642213	0.244161	72.8169
LLLYGLLYLLTALTFLLLILI	LLLYGLLYLLTSLTFLLLILI	-29.6625	-29.6129	0.244161	0.642213	64.9219
LLLYGLLYLLTSLTFLLLILI	LLLYGLLYLLTALTFLLLILI	-29.6129	-29.6625	0.642213	0.244161	57.8066
LLLYGLLYLLTALTFLLLILI	LLLYGLLYLLTSLTFLLLILI	-29.6625	-29.6489	0.244161	0.642213	31.7355
LLLYGLLYLLTSLTFLLLILI	LLLYGLLYLLTALTFLLLILI	-29.6489	-29.6658	0.642213	0.244161	28.0365
LLLYGLLYLLTALTFLLLILI	LLLYGLLYLLTSLTFLLLILI	-29.6658	-29.6456	0.244161	0.642213	24.7321
LLLYGLLYLLTSLTFLLLILI	LLLYGLLYLLTALTFLLLILI	-29.6456	-29.6658	0.642213	0.244161	21.7826
LLLYGLLYLLTALTFLLLILI	LLLYGLLYLLTALTYLLLILI	-29.8187	-29.8591	0.0912572	1.15198	19.1517
LLLYGLLYLLTALTYLLLILI	LLLYGLLYLLTALTFLLLILI	-29.8591	-29.8187	1.15198	0.0912572	12.8564
LLLYGLLYLLTALTFLLLILI	LLLYGLLYLLTSLTFLLLILI	-29.6658	-29.6489	0.244161	0.642213	11.2003
LLLYGLLYLLTSLTFLLLILI	LLLYGLLYLLTALTFLLLILI	-29.6489	-29.657	0.642213	0.244161	9.72683
LLLYGLLYLLTALTFLLLILI	LLLYGLLYLLTALTYLLLILI	-29.8099	-29.8591	0.0912572	1.15198	4.47717
Time: 186s
