***STARTING GEOMETRY:***
xShift: 7.16288
crossingAngle: -50.171
axialRotation: 74.1466
zShift: 5.04005

Number of MCCycles: 100
PrevSequence	CurrSequence	PrevEnergy	CurrEnergy	PrevEntropy	CurrEntropy	CurrentTemp
LLLGLLTGLLTALLTTLLILI	LLLGLLTGLLTALLTFLLILI	152.166	149.93	1.14683	0.0921195	999.684
LLLGLLTGLLTALLTFLLILI	LLLGLLTGLLTGLLTFLLILI	149.945	151.392	0.107014	1.06535	999.328
LLLGLLTGLLTGLLTFLLILI	LLLGLLTGLLTGLLTTLLILI	150.419	150.2	0.0921195	1.14683	998.928
LLLGLLTGLLTGLLTTLLILI	LLLGLLTGLLTGLLVTLLILI	150.329	152.868	1.27634	0.0728516	998.476
LLLGLLTGLLTGLLVTLLILI	LLLGLLYGLLTGLLVTLLILI	153.489	156.22	0.693609	0.219549	997.967
LLLGLLYGLLTGLLVTLLILI	LLLGLLYGLLTGLLTTLLILI	156.096	154.398	0.0952708	1.12845	997.394
LLLGLLYGLLTGLLTTLLILI	LLLGLLTGLLTGLLTTLLILI	153.442	149.869	0.171816	0.816184	996.749
LLLGLLTGLLTGLLTTLLILI	LLLGLLTGLLTGLLTFLLILI	150.2	150.421	1.14683	0.0921195	996.023
LLLGLLTGLLTGLLTFLLILI	LLLGLLTGLLTGLLTTLLILI	150.421	150.2	0.0921195	1.14683	995.205
LLLGLLTGLLTGLLTTLLILI	LLLGLLTGLLTGLLTFLLILI	150.2	150.419	1.14683	0.0921195	993.249
LLLGLLTGLLTGLLTFLLILI	LLLGLLTGLLTGLLTTLLILI	150.419	150.2	0.0921195	1.14683	990.773
LLLGLLTGLLTGLLTTLLILI	LLLGLLTGLLTGLLTFLLILI	150.2	150.421	1.14683	0.0921195	989.3
LLLGLLTGLLTGLLTFLLILI	LLLGLLVGLLTGLLTFLLILI	151.457	154.711	1.12845	0.0952708	985.783
LLLGLLVGLLTGLLTFLLILI	LLLGLLVGLLTGLLTTLLILI	154.736	154.346	0.119894	1.0043	981.348
LLLGLLVGLLTGLLTTLLILI	LLLGLLVGLLVGLLTTLLILI	154.142	157.652	0.800152	0.177314	978.717
LLLGLLVGLLVGLLTTLLILI	LLLGLLVGLLVGLLVTLLILI	157.961	161.63	0.48602	0.343253	975.768
LLLGLLVGLLVGLLVTLLILI	LLLGLLTGLLVGLLVTLLILI	161.63	157.413	0.343253	0.48602	972.463
LLLGLLTGLLVGLLVTLLILI	LLLGLLTGLLVGLLTTLLILI	157.105	153.916	0.177314	0.800152	968.764
LLLGLLTGLLVGLLTTLLILI	LLLGLLYGLLVGLLTTLLILI	153.809	156.597	0.693609	0.219549	964.627
LLLGLLYGLLVGLLTTLLILI	LLLGLLYGLLTGLLTTLLILI	156.473	155.506	0.0952708	1.12845	960.005
LLLGLLYGLLTGLLTTLLILI	LLLGLLYGLLTGLLTFLLILI	155.382	154.664	1.0043	0.119894	954.846
LLLGLLYGLLTGLLTFLLILI	LLLGLLYGLLVGLLTFLLILI	155.475	157.782	0.930859	0.137712	949.095
LLLGLLYGLLVGLLTFLLILI	LLLGLLTGLLVGLLTFLLILI	157.95	154.922	0.30482	0.538845	942.693
LLLGLLTGLLVGLLTFLLILI	LLLGLLTGLLTGLLTFLLILI	154.478	151.561	0.0952708	1.12845	935.578
LLLGLLTGLLTGLLTFLLILI	LLLGLLTGLLTGLLTTLLILI	150.524	150.2	0.0921195	1.14683	927.683
LLLGLLTGLLTGLLTTLLILI	LLLGLLVGLLTGLLTTLLILI	150.329	153.415	1.27634	0.0728516	918.939
LLLGLLVGLLTGLLTTLLILI	LLLGLLTGLLTGLLTTLLILI	153.415	150.329	0.0728516	1.27634	909.276
LLLGLLTGLLTGLLTTLLILI	LLLGLLTGLLTGLLTFLLILI	150.2	150.419	1.14683	0.0921195	898.621
LLLGLLTGLLTGLLTFLLILI	LLLGLLTGLLTGLLTTLLILI	150.419	150.2	0.0921195	1.14683	886.903
LLLGLLTGLLTGLLTTLLILI	LLLGLLTGLLVGLLTTLLILI	150.329	153.189	1.27634	0.0728516	874.051
LLLGLLTGLLVGLLTTLLILI	LLLGLLTGLLVGLLTFLLILI	154.12	154.503	1.0043	0.119894	859.999
LLLGLLTGLLVGLLTFLLILI	LLLGLLTGLLTGLLTFLLILI	154.478	151.457	0.0952708	1.12845	844.686
LLLGLLTGLLTGLLTFLLILI	LLLGLLTGLLTGLLTTLLILI	150.421	150.2	0.0921195	1.14683	828.061
LLLGLLTGLLTGLLTTLLILI	LLLGLLTGLLTGLLTFLLILI	150.2	150.419	1.14683	0.0921195	790.724
LLLGLLTGLLTGLLTFLLILI	LLLGLLTGLLTGLLTTLLILI	150.419	150.2	0.0921195	1.14683	724.369
LLLGLLTGLLTGLLTTLLILI	LLLGLLTGLLTGLLTFLLILI	150.2	150.421	1.14683	0.0921195	673.628
LLLGLLTGLLTGLLTFLLILI	LLLGLLTGLLTGLLTTLLILI	150.421	150.2	0.0921195	1.14683	646.557
LLLGLLTGLLTGLLTTLLILI	LLLGLLTGLLTGLLTFLLILI	150.2	150.419	1.14683	0.0921195	618.524
LLLGLLTGLLTGLLTFLLILI	LLLGLLTGLLVGLLTFLLILI	151.455	154.478	1.12845	0.0952708	589.688
LLLGLLTGLLVGLLTFLLILI	LLLGLLTGLLVGLLTTLLILI	154.503	154.12	0.119894	1.0043	560.23
LLLGLLTGLLVGLLTTLLILI	LLLGLLTGLLTGLLTTLLILI	153.189	150.329	0.0728516	1.27634	530.348
LLLGLLTGLLTGLLTTLLILI	LLLGLLTGLLTGLLTFLLILI	150.2	150.419	1.14683	0.0921195	470.152
LLLGLLTGLLTGLLTFLLILI	LLLGLLTGLLTGLLTTLLILI	150.419	150.2	0.0921195	1.14683	440.27
LLLGLLTGLLTGLLTTLLILI	LLLGLLTGLLTGLLTFLLILI	150.2	150.421	1.14683	0.0921195	381.976
LLLGLLTGLLTGLLTFLLILI	LLLGLLTGLLTGLLTTLLILI	150.421	150.2	0.0921195	1.14683	276.131
LLLGLLTGLLTGLLTTLLILI	LLLGLLTGLLTGLLTFLLILI	150.2	150.421	1.14683	0.0921195	155.814
LLLGLLTGLLTGLLTFLLILI	LLLGLLTGLLTGLLTTLLILI	150.421	150.303	0.0921195	1.14683	101.879
LLLGLLTGLLTGLLTTLLILI	LLLGLLTGLLTGLLTFLLILI	150.303	150.419	1.14683	0.0921195	91.2238
LLLGLLTGLLTGLLTFLLILI	LLLGLLTGLLTGLLTTLLILI	150.419	150.2	0.0921195	1.14683	81.5606
LLLGLLTGLLTGLLTTLLILI	LLLGLLTGLLTGLLTFLLILI	150.2	150.421	1.14683	0.0921195	64.9219
LLLGLLTGLLTGLLTFLLILI	LLLGLLTGLLTGLLTTLLILI	150.421	150.2	0.0921195	1.14683	51.4049
Time: 192s
