MCAccept 0 xShift: 7.2 crossingAngle: -42.4392 axialRotation: -40.88 zShift: 3.06 energy: -8.65286
MCAccept 1 xShift: 7.2 crossingAngle: -42.4392 axialRotation: -40.88 zShift: 3.05117 energy: -8.73489
MCReject   xShift: 7.18651 crossingAngle: -42.4392 axialRotation: -40.88 zShift: 3.05117 energy: -6.30316
MCAccept 2 xShift: 7.20256 crossingAngle: -42.4392 axialRotation: -40.88 zShift: 3.05117 energy: -8.77236
MCAccept 3 xShift: 7.20737 crossingAngle: -42.4392 axialRotation: -40.88 zShift: 3.05117 energy: -8.77236
MCReject   xShift: 7.20424 crossingAngle: -42.4392 axialRotation: -40.88 zShift: 3.05117 energy: -8.55501
MCReject   xShift: 7.21295 crossingAngle: -42.4392 axialRotation: -40.88 zShift: 3.05117 energy: -6.30316
MCReject   xShift: 7.20737 crossingAngle: -42.4392 axialRotation: -40.88 zShift: 3.06783 energy: -8.50132
MCAccept 4 xShift: 7.20737 crossingAngle: -42.4392 axialRotation: -40.9089 zShift: 3.05117 energy: -8.77236
MCAccept 5 xShift: 7.20737 crossingAngle: -42.3565 axialRotation: -40.9089 zShift: 3.05117 energy: -8.80252
MCAccept 6 xShift: 7.20737 crossingAngle: -42.3565 axialRotation: -40.781 zShift: 3.05117 energy: -8.77236
MCReject   xShift: 7.20737 crossingAngle: -42.2112 axialRotation: -40.781 zShift: 3.05117 energy: -8.73489
MCAccept 7 xShift: 7.1936 crossingAngle: -42.3565 axialRotation: -40.781 zShift: 3.05117 energy: -8.80252
MCAccept 8 xShift: 7.1936 crossingAngle: -42.2719 axialRotation: -40.781 zShift: 3.05117 energy: -8.56079
MCAccept 9 xShift: 7.1838 crossingAngle: -42.2719 axialRotation: -40.781 zShift: 3.05117 energy: -8.73489
MCAccept 10 xShift: 7.1838 crossingAngle: -42.2719 axialRotation: -40.781 zShift: 3.06051 energy: -8.60798
MCReject   xShift: 7.1838 crossingAngle: -42.2719 axialRotation: -40.781 zShift: 3.07712 energy: -8.3949
MCAccept 11 xShift: 7.1838 crossingAngle: -42.2719 axialRotation: -40.7241 zShift: 3.06051 energy: -8.49649
MCAccept 12 xShift: 7.1838 crossingAngle: -42.2561 axialRotation: -40.7241 zShift: 3.06051 energy: -8.67579
MCAccept 13 xShift: 7.17298 crossingAngle: -42.2561 axialRotation: -40.7241 zShift: 3.06051 energy: -8.67579
MCAccept 14 xShift: 7.17298 crossingAngle: -42.2561 axialRotation: -40.5851 zShift: 3.06051 energy: -8.67579
MCAccept 15 xShift: 7.19071 crossingAngle: -42.2561 axialRotation: -40.5851 zShift: 3.06051 energy: -8.57785
MCAccept 16 xShift: 7.19206 crossingAngle: -42.2561 axialRotation: -40.5851 zShift: 3.06051 energy: -8.64566
MCReject   xShift: 7.19206 crossingAngle: -42.3155 axialRotation: -40.5851 zShift: 3.06051 energy: -6.14476
MCReject   xShift: 7.19206 crossingAngle: -42.2561 axialRotation: -40.6875 zShift: 3.06051 energy: -6.21239
MCAccept 17 xShift: 7.19206 crossingAngle: -42.2561 axialRotation: -40.5851 zShift: 3.06042 energy: -8.60925
MCAccept 18 xShift: 7.19206 crossingAngle: -42.2158 axialRotation: -40.5851 zShift: 3.06042 energy: -8.64692
MCAccept 19 xShift: 7.19206 crossingAngle: -42.2158 axialRotation: -40.5851 zShift: 3.05728 energy: -8.72078
MCAccept 20 xShift: 7.16098 crossingAngle: -42.2158 axialRotation: -40.5851 zShift: 3.05728 energy: -8.62289
MCAccept 21 xShift: 7.16098 crossingAngle: -42.2158 axialRotation: -40.5851 zShift: 3.0429 energy: -8.72551
MCReject   xShift: 7.16098 crossingAngle: -42.2158 axialRotation: -40.6652 zShift: 3.0429 energy: -8.60669
MCAccept 22 xShift: 7.16098 crossingAngle: -42.246 axialRotation: -40.5851 zShift: 3.0429 energy: -8.90597
MCAccept 23 xShift: 7.16098 crossingAngle: -42.246 axialRotation: -40.5851 zShift: 3.0462 energy: -8.86561
MCReject   xShift: 7.16098 crossingAngle: -42.246 axialRotation: -40.5851 zShift: 3.04629 energy: -8.61506
MCAccept 24 xShift: 7.16098 crossingAngle: -42.5073 axialRotation: -40.5851 zShift: 3.0462 energy: -8.83543
MCAccept 25 xShift: 7.16098 crossingAngle: -42.3867 axialRotation: -40.5851 zShift: 3.0462 energy: -8.86561
MCAccept 26 xShift: 7.16098 crossingAngle: -42.3867 axialRotation: -40.5851 zShift: 3.04003 energy: -8.93991
MCReject   xShift: 7.16098 crossingAngle: -42.3867 axialRotation: -40.5851 zShift: 3.04374 energy: -8.89575
MCAccept 27 xShift: 7.15875 crossingAngle: -42.3867 axialRotation: -40.5851 zShift: 3.04003 energy: -8.75746
MCAccept 28 xShift: 7.15875 crossingAngle: -42.4263 axialRotation: -40.5851 zShift: 3.04003 energy: -8.76504
MCAccept 29 xShift: 7.15875 crossingAngle: -42.4263 axialRotation: -40.5851 zShift: 3.052 energy: -8.72408
MCAccept 30 xShift: 7.15875 crossingAngle: -42.4263 axialRotation: -40.4724 zShift: 3.052 energy: -8.76157
MCAccept 31 xShift: 7.15875 crossingAngle: -42.4263 axialRotation: -40.4724 zShift: 3.05357 energy: -8.77093
MCReject   xShift: 7.15875 crossingAngle: -42.4263 axialRotation: -40.2531 zShift: 3.05357 energy: -8.5293
MCAccept 32 xShift: 7.15875 crossingAngle: -42.4263 axialRotation: -40.4724 zShift: 3.04999 energy: -8.78765
MCAccept 33 xShift: 7.15875 crossingAngle: -42.4263 axialRotation: -40.499 zShift: 3.04999 energy: -8.78765
MCReject   xShift: 7.15875 crossingAngle: -42.3093 axialRotation: -40.499 zShift: 3.04999 energy: -8.57603
MCAccept 34 xShift: 7.15875 crossingAngle: -42.4263 axialRotation: -40.5171 zShift: 3.04999 energy: -8.64365
MCAccept 35 xShift: 7.15875 crossingAngle: -42.4263 axialRotation: -40.5171 zShift: 3.03619 energy: -8.91635
MCAccept 36 xShift: 7.15875 crossingAngle: -42.4263 axialRotation: -40.4724 zShift: 3.03619 energy: -8.95349
MCReject   xShift: 7.15875 crossingAngle: -42.2661 axialRotation: -40.4724 zShift: 3.03619 energy: -6.47439
MCReject   xShift: 7.15875 crossingAngle: -42.4263 axialRotation: -40.4724 zShift: 3.04518 energy: -8.87822
MCAccept 37 xShift: 7.1751 crossingAngle: -42.4263 axialRotation: -40.4724 zShift: 3.03619 energy: -8.88614
MCAccept 38 xShift: 7.1751 crossingAngle: -42.4794 axialRotation: -40.4724 zShift: 3.03619 energy: -8.91635
MCReject   xShift: 7.1751 crossingAngle: -42.4128 axialRotation: -40.4724 zShift: 3.03619 energy: -6.47439
MCAccept 39 xShift: 7.1751 crossingAngle: -42.4517 axialRotation: -40.4724 zShift: 3.03619 energy: -8.95349
MCAccept 40 xShift: 7.1751 crossingAngle: -42.4517 axialRotation: -40.5173 zShift: 3.03619 energy: -8.9837
MCReject   xShift: 7.1751 crossingAngle: -42.4517 axialRotation: -40.5396 zShift: 3.03619 energy: -8.91635
MCAccept 41 xShift: 7.1751 crossingAngle: -42.2155 axialRotation: -40.5173 zShift: 3.03619 energy: -9.23529
MCReject   xShift: 7.18007 crossingAngle: -42.2155 axialRotation: -40.5173 zShift: 3.03619 energy: -8.9837
MCReject   xShift: 7.17192 crossingAngle: -42.2155 axialRotation: -40.5173 zShift: 3.03619 energy: -8.9837
MCReject   xShift: 7.1751 crossingAngle: -42.1998 axialRotation: -40.5173 zShift: 3.03619 energy: -8.80854
MCReject   xShift: 7.1751 crossingAngle: -42.2155 axialRotation: -40.5173 zShift: 3.04251 energy: -8.81289
MCReject   xShift: 7.1751 crossingAngle: -42.0853 axialRotation: -40.5173 zShift: 3.03619 energy: -8.91635
MCReject   xShift: 7.18685 crossingAngle: -42.2155 axialRotation: -40.5173 zShift: 3.03619 energy: -8.91635
MCReject   xShift: 7.1751 crossingAngle: -42.2155 axialRotation: -40.3048 zShift: 3.03619 energy: -6.47439
MCReject   xShift: 7.1751 crossingAngle: -42.2155 axialRotation: -40.5173 zShift: 3.04133 energy: -6.38181
MCReject   xShift: 7.1751 crossingAngle: -42.3193 axialRotation: -40.5173 zShift: 3.03619 energy: -8.80272
MCReject   xShift: 7.17419 crossingAngle: -42.2155 axialRotation: -40.5173 zShift: 3.03619 energy: -8.73537
MCAccept 42 xShift: 7.1751 crossingAngle: -42.2155 axialRotation: -40.5535 zShift: 3.03619 energy: -9.2655
MCReject   xShift: 7.19293 crossingAngle: -42.2155 axialRotation: -40.5535 zShift: 3.03619 energy: -8.95349
MCReject   xShift: 7.18706 crossingAngle: -42.2155 axialRotation: -40.5535 zShift: 3.03619 energy: -8.88614
MCReject   xShift: 7.1751 crossingAngle: -42.2155 axialRotation: -40.551 zShift: 3.03619 energy: -8.91635
MCReject   xShift: 7.1773 crossingAngle: -42.2155 axialRotation: -40.5535 zShift: 3.03619 energy: -8.88614
MCReject   xShift: 7.1751 crossingAngle: -42.3782 axialRotation: -40.5535 zShift: 3.03619 energy: -8.91635
MCReject   xShift: 7.1751 crossingAngle: -42.2155 axialRotation: -40.5996 zShift: 3.03619 energy: -6.5046
MCReject   xShift: 7.1751 crossingAngle: -42.2155 axialRotation: -40.5535 zShift: 3.037 energy: -8.97452
MCReject   xShift: 7.16951 crossingAngle: -42.2155 axialRotation: -40.5535 zShift: 3.03619 energy: -8.9837
MCReject   xShift: 7.17575 crossingAngle: -42.2155 axialRotation: -40.5535 zShift: 3.03619 energy: -8.91635
MCReject   xShift: 7.18037 crossingAngle: -42.2155 axialRotation: -40.5535 zShift: 3.03619 energy: -8.95349
MCReject   xShift: 7.1751 crossingAngle: -42.2155 axialRotation: -40.5535 zShift: 3.03576 energy: -8.95826
MCReject   xShift: 7.1751 crossingAngle: -42.2155 axialRotation: -40.4304 zShift: 3.03619 energy: -8.9837
MCReject   xShift: 7.1751 crossingAngle: -42.2155 axialRotation: -40.6996 zShift: 3.03619 energy: -8.80095
MCReject   xShift: 7.1751 crossingAngle: -42.2155 axialRotation: -40.5535 zShift: 3.03128 energy: -9.03694
MCReject   xShift: 7.1751 crossingAngle: -42.2155 axialRotation: -40.5535 zShift: 3.04164 energy: -8.74617
MCReject   xShift: 7.1751 crossingAngle: -42.2155 axialRotation: -40.683 zShift: 3.03619 energy: -8.9837
MCReject   xShift: 7.1751 crossingAngle: -42.2155 axialRotation: -40.5535 zShift: 3.03838 energy: -8.95896
MCReject   xShift: 7.1751 crossingAngle: -42.2155 axialRotation: -40.6227 zShift: 3.03619 energy: -8.9837
MCReject   xShift: 7.1751 crossingAngle: -42.2155 axialRotation: -40.4384 zShift: 3.03619 energy: -6.43747
MCReject   xShift: 7.1751 crossingAngle: -42.3636 axialRotation: -40.5535 zShift: 3.03619 energy: -6.5046
MCReject   xShift: 7.16444 crossingAngle: -42.2155 axialRotation: -40.5535 zShift: 3.03619 energy: -8.91635
MCReject   xShift: 7.1751 crossingAngle: -42.3263 axialRotation: -40.5535 zShift: 3.03619 energy: -8.95349
MCReject   xShift: 7.1751 crossingAngle: -42.2155 axialRotation: -40.5535 zShift: 3.04644 energy: -8.86265
MCReject   xShift: 7.1751 crossingAngle: -42.3812 axialRotation: -40.5535 zShift: 3.03619 energy: -8.9837
MCReject   xShift: 7.1751 crossingAngle: -42.2155 axialRotation: -40.4889 zShift: 3.03619 energy: -8.91635
MCReject   xShift: 7.1751 crossingAngle: -42.2155 axialRotation: -40.5535 zShift: 3.04995 energy: -8.81835
MCReject   xShift: 7.16572 crossingAngle: -42.2155 axialRotation: -40.5535 zShift: 3.03619 energy: -8.91635
MCReject   xShift: 7.1751 crossingAngle: -42.2155 axialRotation: -40.5677 zShift: 3.03619 energy: -8.88614
MCReject   xShift: 7.1751 crossingAngle: -42.2155 axialRotation: -40.4457 zShift: 3.03619 energy: -8.91635
MCReject   xShift: 7.1751 crossingAngle: -42.2193 axialRotation: -40.5535 zShift: 3.03619 energy: -8.91635
MCReject   xShift: 7.1751 crossingAngle: -42.2155 axialRotation: -40.5535 zShift: 3.03055 energy: -8.94722
MCReject   xShift: 7.1751 crossingAngle: -42.2155 axialRotation: -40.6012 zShift: 3.03619 energy: -8.91635
MCReject   xShift: 7.1751 crossingAngle: -42.2155 axialRotation: -40.5535 zShift: 3.05683 energy: -8.62908
MCReject   xShift: 7.1751 crossingAngle: -42.2155 axialRotation: -40.5035 zShift: 3.03619 energy: -8.9837
MCReject   xShift: 7.1751 crossingAngle: -42.2699 axialRotation: -40.5535 zShift: 3.03619 energy: -8.91635
MCReject   xShift: 7.17154 crossingAngle: -42.2155 axialRotation: -40.5535 zShift: 3.03619 energy: -8.9837
MCReject   xShift: 7.1751 crossingAngle: -42.2155 axialRotation: -40.5535 zShift: 3.03757 energy: -8.90072
MCReject   xShift: 7.18196 crossingAngle: -42.2155 axialRotation: -40.5535 zShift: 3.03619 energy: -8.95349
MCReject   xShift: 7.1751 crossingAngle: -42.2155 axialRotation: -40.5535 zShift: 3.03049 energy: -6.56223
MCReject   xShift: 7.19426 crossingAngle: -42.2155 axialRotation: -40.5535 zShift: 3.03619 energy: -8.95349
MCReject   xShift: 7.1751 crossingAngle: -42.2155 axialRotation: -40.5914 zShift: 3.03619 energy: -8.91635
MCReject   xShift: 7.1751 crossingAngle: -42.2155 axialRotation: -40.5535 zShift: 3.0406 energy: -8.90306
MCReject   xShift: 7.1751 crossingAngle: -42.2155 axialRotation: -40.5535 zShift: 3.0529 energy: -6.31171
MCReject   xShift: 7.1751 crossingAngle: -42.2155 axialRotation: -40.5535 zShift: 3.03504 energy: -6.4494
MCReject   xShift: 7.1751 crossingAngle: -42.2106 axialRotation: -40.5535 zShift: 3.03619 energy: -8.95349
MCReject   xShift: 7.1751 crossingAngle: -42.2155 axialRotation: -40.5535 zShift: 3.02722 energy: -9.0788
MCReject   xShift: 7.14585 crossingAngle: -42.2155 axialRotation: -40.5535 zShift: 3.03619 energy: -6.47439
MCReject   xShift: 7.1751 crossingAngle: -42.2155 axialRotation: -40.5535 zShift: 3.03151 energy: -9.00428
MCReject   xShift: 7.16927 crossingAngle: -42.2155 axialRotation: -40.5535 zShift: 3.03619 energy: -8.95349
MCReject   xShift: 7.1751 crossingAngle: -42.2565 axialRotation: -40.5535 zShift: 3.03619 energy: -8.88614
MCAccept 43 xShift: 7.17503 crossingAngle: -42.2155 axialRotation: -40.5535 zShift: 3.03619 energy: -8.88614
MCAccept 44 xShift: 7.17503 crossingAngle: -42.2084 axialRotation: -40.5535 zShift: 3.03619 energy: -8.91635
MCAccept 45 xShift: 7.17503 crossingAngle: -42.1412 axialRotation: -40.5535 zShift: 3.03619 energy: -8.9837
MCReject   xShift: 7.17503 crossingAngle: -42.1412 axialRotation: -40.5535 zShift: 3.03733 energy: -6.49253
MCReject   xShift: 7.17503 crossingAngle: -42.1379 axialRotation: -40.5535 zShift: 3.03619 energy: -8.88614
MCAccept 46 xShift: 7.17503 crossingAngle: -42.1412 axialRotation: -40.5302 zShift: 3.03619 energy: -8.9837
MCReject   xShift: 7.17503 crossingAngle: -42.1412 axialRotation: -40.5302 zShift: 3.0417 energy: -8.85282
MCAccept 47 xShift: 7.16838 crossingAngle: -42.1412 axialRotation: -40.5302 zShift: 3.03619 energy: -8.9837
MCAccept 48 xShift: 7.16838 crossingAngle: -42.1412 axialRotation: -40.3148 zShift: 3.03619 energy: -8.9837
MCAccept 49 xShift: 7.16838 crossingAngle: -42.1199 axialRotation: -40.3148 zShift: 3.03619 energy: -8.9837
MCReject   xShift: 7.16838 crossingAngle: -42.1199 axialRotation: -40.2071 zShift: 3.03619 energy: -8.88614
MCReject   xShift: 7.16838 crossingAngle: -42.1199 axialRotation: -40.4348 zShift: 3.03619 energy: -6.5046
MCAccept 50 xShift: 7.16693 crossingAngle: -42.1199 axialRotation: -40.3148 zShift: 3.03619 energy: -9.2655
MCReject   xShift: 7.16693 crossingAngle: -42.163 axialRotation: -40.3148 zShift: 3.03619 energy: -8.9837
MCReject   xShift: 7.19137 crossingAngle: -42.1199 axialRotation: -40.3148 zShift: 3.03619 energy: -8.73537
MCReject   xShift: 7.16693 crossingAngle: -42.1472 axialRotation: -40.3148 zShift: 3.03619 energy: -8.74119
MCReject   xShift: 7.16693 crossingAngle: -42.1199 axialRotation: -40.2575 zShift: 3.03619 energy: -6.5046
MCReject   xShift: 7.1823 crossingAngle: -42.1199 axialRotation: -40.3148 zShift: 3.03619 energy: -8.9837
MCReject   xShift: 7.17281 crossingAngle: -42.1199 axialRotation: -40.3148 zShift: 3.03619 energy: -6.5046
MCReject   xShift: 7.16693 crossingAngle: -42.1199 axialRotation: -40.1801 zShift: 3.03619 energy: -8.91635
MCReject   xShift: 7.17062 crossingAngle: -42.1199 axialRotation: -40.3148 zShift: 3.03619 energy: -8.91635
MCReject   xShift: 7.16693 crossingAngle: -42.1199 axialRotation: -40.2132 zShift: 3.03619 energy: -8.91635
MCReject   xShift: 7.16693 crossingAngle: -42.1199 axialRotation: -40.3148 zShift: 3.01684 energy: -9.17614
MCReject   xShift: 7.16693 crossingAngle: -41.9689 axialRotation: -40.3148 zShift: 3.03619 energy: -8.9837
MCReject   xShift: 7.16693 crossingAngle: -42.1199 axialRotation: -40.3148 zShift: 3.02898 energy: -9.03067
MCReject   xShift: 7.16693 crossingAngle: -42.1096 axialRotation: -40.3148 zShift: 3.03619 energy: -8.7336
MCReject   xShift: 7.16885 crossingAngle: -42.1199 axialRotation: -40.3148 zShift: 3.03619 energy: -8.9837
MCReject   xShift: 7.16693 crossingAngle: -42.0049 axialRotation: -40.3148 zShift: 3.03619 energy: -8.9837
MCReject   xShift: 7.1791 crossingAngle: -42.1199 axialRotation: -40.3148 zShift: 3.03619 energy: -8.91635
MCReject   xShift: 7.16693 crossingAngle: -42.0188 axialRotation: -40.3148 zShift: 3.03619 energy: -8.88614
MCReject   xShift: 7.16693 crossingAngle: -42.1199 axialRotation: -40.2321 zShift: 3.03619 energy: -6.47439
MCReject   xShift: 7.16693 crossingAngle: -42.1199 axialRotation: -40.4833 zShift: 3.03619 energy: -8.9837
MCReject   xShift: 7.16693 crossingAngle: -42.1199 axialRotation: -40.3657 zShift: 3.03619 energy: -8.9837
MCReject   xShift: 7.16693 crossingAngle: -42.1199 axialRotation: -40.4757 zShift: 3.03619 energy: -8.91635
MCReject   xShift: 7.16693 crossingAngle: -42.1199 axialRotation: -40.3148 zShift: 3.05202 energy: -8.69359
MCReject   xShift: 7.15122 crossingAngle: -42.1199 axialRotation: -40.3148 zShift: 3.03619 energy: -6.47439
MCReject   xShift: 7.15633 crossingAngle: -42.1199 axialRotation: -40.3148 zShift: 3.03619 energy: -6.40726
MCReject   xShift: 7.14755 crossingAngle: -42.1199 axialRotation: -40.3148 zShift: 3.03619 energy: -8.91635
MCReject   xShift: 7.16693 crossingAngle: -42.1199 axialRotation: -40.3148 zShift: 3.03791 energy: -8.96424
MCReject   xShift: 7.16693 crossingAngle: -42.1199 axialRotation: -40.3148 zShift: 3.03331 energy: -8.83229
MCReject   xShift: 7.1558 crossingAngle: -42.1199 axialRotation: -40.3148 zShift: 3.03619 energy: -6.5046
MCReject   xShift: 7.16693 crossingAngle: -42.2023 axialRotation: -40.3148 zShift: 3.03619 energy: -8.74119
MCReject   xShift: 7.16693 crossingAngle: -42.1199 axialRotation: -40.2961 zShift: 3.03619 energy: -8.75133
MCReject   xShift: 7.16693 crossingAngle: -41.9582 axialRotation: -40.3148 zShift: 3.03619 energy: -8.91635
MCReject   xShift: 7.16693 crossingAngle: -42.1199 axialRotation: -40.2438 zShift: 3.03619 energy: -8.88614
MCReject   xShift: 7.16693 crossingAngle: -42.2763 axialRotation: -40.3148 zShift: 3.03619 energy: -8.9837
MCReject   xShift: 7.16693 crossingAngle: -42.325 axialRotation: -40.3148 zShift: 3.03619 energy: -8.95349
MCReject   xShift: 7.16693 crossingAngle: -42.0023 axialRotation: -40.3148 zShift: 3.03619 energy: -8.95349
MCReject   xShift: 7.16693 crossingAngle: -42.1199 axialRotation: -40.3148 zShift: 3.03326 energy: -8.94855
MCReject   xShift: 7.16693 crossingAngle: -42.1199 axialRotation: -40.3148 zShift: 3.03462 energy: -8.97082
MCReject   xShift: 7.16693 crossingAngle: -42.1199 axialRotation: -40.3148 zShift: 3.06027 energy: -8.67913
MCReject   xShift: 7.16693 crossingAngle: -42.1199 axialRotation: -40.4786 zShift: 3.03619 energy: -8.9837
MCReject   xShift: 7.1701 crossingAngle: -42.1199 axialRotation: -40.3148 zShift: 3.03619 energy: -8.88614
MCReject   xShift: 7.16693 crossingAngle: -42.1199 axialRotation: -40.1723 zShift: 3.03619 energy: -8.88614
MCReject   xShift: 7.16693 crossingAngle: -42.1199 axialRotation: -40.3148 zShift: 3.04646 energy: -6.32291
MCReject   xShift: 7.14682 crossingAngle: -42.1199 axialRotation: -40.3148 zShift: 3.03619 energy: -8.9837
MCReject   xShift: 7.16693 crossingAngle: -41.9642 axialRotation: -40.3148 zShift: 3.03619 energy: -6.40726
MCReject   xShift: 7.16693 crossingAngle: -41.9446 axialRotation: -40.3148 zShift: 3.03619 energy: -6.5046
MCReject   xShift: 7.16786 crossingAngle: -42.1199 axialRotation: -40.3148 zShift: 3.03619 energy: -8.91635
MCReject   xShift: 7.16693 crossingAngle: -41.9829 axialRotation: -40.3148 zShift: 3.03619 energy: -8.91635
MCReject   xShift: 7.16693 crossingAngle: -42.1199 axialRotation: -40.3148 zShift: 3.04029 energy: -8.93688
MCReject   xShift: 7.17832 crossingAngle: -42.1199 axialRotation: -40.3148 zShift: 3.03619 energy: -8.73537
MCReject   xShift: 7.16693 crossingAngle: -41.992 axialRotation: -40.3148 zShift: 3.03619 energy: -8.91635
MCReject   xShift: 7.16693 crossingAngle: -42.1199 axialRotation: -40.3148 zShift: 3.02687 energy: -8.98492
MCReject   xShift: 7.16693 crossingAngle: -42.2188 axialRotation: -40.3148 zShift: 3.03619 energy: -8.91635
MCReject   xShift: 7.16763 crossingAngle: -42.1199 axialRotation: -40.3148 zShift: 3.03619 energy: -8.80095
MCReject   xShift: 7.16693 crossingAngle: -42.1199 axialRotation: -40.3148 zShift: 3.03596 energy: -8.98622
MCReject   xShift: 7.16693 crossingAngle: -42.0091 axialRotation: -40.3148 zShift: 3.03619 energy: -8.9837
MCReject   xShift: 7.16693 crossingAngle: -42.1124 axialRotation: -40.3148 zShift: 3.03619 energy: -8.9837
MCReject   xShift: 7.16693 crossingAngle: -42.2728 axialRotation: -40.3148 zShift: 3.03619 energy: -8.80854
MCReject   xShift: 7.15837 crossingAngle: -42.1199 axialRotation: -40.3148 zShift: 3.03619 energy: -8.73537
MCReject   xShift: 7.16693 crossingAngle: -42.1877 axialRotation: -40.3148 zShift: 3.03619 energy: -8.95349
MCReject   xShift: 7.16856 crossingAngle: -42.1199 axialRotation: -40.3148 zShift: 3.03619 energy: -8.9837
MCReject   xShift: 7.16693 crossingAngle: -42.1199 axialRotation: -40.3157 zShift: 3.03619 energy: -8.9837
MCReject   xShift: 7.16693 crossingAngle: -42.1334 axialRotation: -40.3148 zShift: 3.03619 energy: -8.95349
MCReject   xShift: 7.15351 crossingAngle: -42.1199 axialRotation: -40.3148 zShift: 3.03619 energy: -8.95349
MCReject   xShift: 7.16693 crossingAngle: -42.1199 axialRotation: -40.3148 zShift: 3.03368 energy: -9.01128
MCReject   xShift: 7.16609 crossingAngle: -42.1199 axialRotation: -40.3148 zShift: 3.03619 energy: -8.68398
MCReject   xShift: 7.16693 crossingAngle: -42.1199 axialRotation: -40.2302 zShift: 3.03619 energy: -8.9837
MCReject   xShift: 7.17834 crossingAngle: -42.1199 axialRotation: -40.3148 zShift: 3.03619 energy: -8.95349
MCReject   xShift: 7.16693 crossingAngle: -42.0941 axialRotation: -40.3148 zShift: 3.03619 energy: -8.88614
MCReject   xShift: 7.16693 crossingAngle: -42.1199 axialRotation: -40.3148 zShift: 3.02435 energy: -9.07679
MCReject   xShift: 7.19093 crossingAngle: -42.1199 axialRotation: -40.3148 zShift: 3.03619 energy: -6.47439
MCReject   xShift: 7.1624 crossingAngle: -42.1199 axialRotation: -40.3148 zShift: 3.03619 energy: -8.9837
MCReject   xShift: 7.16693 crossingAngle: -42.1199 axialRotation: -40.3889 zShift: 3.03619 energy: -8.95349
MCReject   xShift: 7.16693 crossingAngle: -42.1199 axialRotation: -40.2475 zShift: 3.03619 energy: -8.7336
MCReject   xShift: 7.15952 crossingAngle: -42.1199 axialRotation: -40.3148 zShift: 3.03619 energy: -8.88614
MCReject   xShift: 7.16693 crossingAngle: -42.1199 axialRotation: -40.3148 zShift: 3.03699 energy: -8.97473
MCReject   xShift: 7.16693 crossingAngle: -42.1199 axialRotation: -40.3148 zShift: 3.03016 energy: -8.95126
MCReject   xShift: 7.15045 crossingAngle: -42.1199 axialRotation: -40.3148 zShift: 3.03619 energy: -8.91635
MCReject   xShift: 7.16693 crossingAngle: -42.1199 axialRotation: -40.3148 zShift: 3.02942 energy: -8.98918
MCReject   xShift: 7.16693 crossingAngle: -42.2222 axialRotation: -40.3148 zShift: 3.03619 energy: -8.95349
MCReject   xShift: 7.16693 crossingAngle: -42.1199 axialRotation: -40.3148 zShift: 3.05143 energy: -8.73148
MCReject   xShift: 7.16693 crossingAngle: -42.1199 axialRotation: -40.3148 zShift: 3.03549 energy: -8.99145
MCReject   xShift: 7.16693 crossingAngle: -42.1199 axialRotation: -40.2456 zShift: 3.03619 energy: -8.95349
MCReject   xShift: 7.16693 crossingAngle: -42.1199 axialRotation: -40.3825 zShift: 3.03619 energy: -8.68398
MCReject   xShift: 7.17751 crossingAngle: -42.1199 axialRotation: -40.3148 zShift: 3.03619 energy: -6.47439
MCReject   xShift: 7.18163 crossingAngle: -42.1199 axialRotation: -40.3148 zShift: 3.03619 energy: -8.95349
MCReject   xShift: 7.16693 crossingAngle: -42.1199 axialRotation: -40.3148 zShift: 3.0234 energy: -9.08599
MCReject   xShift: 7.16795 crossingAngle: -42.1199 axialRotation: -40.3148 zShift: 3.03619 energy: -8.80272
MCReject   xShift: 7.16114 crossingAngle: -42.1199 axialRotation: -40.3148 zShift: 3.03619 energy: -6.47439
MCReject   xShift: 7.16693 crossingAngle: -42.1199 axialRotation: -40.3807 zShift: 3.03619 energy: -8.9837
MCReject   xShift: 7.16693 crossingAngle: -42.1199 axialRotation: -40.3148 zShift: 3.04721 energy: -6.3813
MCReject   xShift: 7.16693 crossingAngle: -42.0303 axialRotation: -40.3148 zShift: 3.03619 energy: -8.95349
MCReject   xShift: 7.15691 crossingAngle: -42.1199 axialRotation: -40.3148 zShift: 3.03619 energy: -8.9837
MCReject   xShift: 7.16693 crossingAngle: -41.9832 axialRotation: -40.3148 zShift: 3.03619 energy: -8.95349
MCReject   xShift: 7.16693 crossingAngle: -42.2079 axialRotation: -40.3148 zShift: 3.03619 energy: -8.91635
MCReject   xShift: 7.17114 crossingAngle: -42.1199 axialRotation: -40.3148 zShift: 3.03619 energy: -8.91635
MCReject   xShift: 7.15465 crossingAngle: -42.1199 axialRotation: -40.3148 zShift: 3.03619 energy: -8.95349
MCReject   xShift: 7.16693 crossingAngle: -42.1199 axialRotation: -40.3148 zShift: 3.03641 energy: -8.8836
MCReject   xShift: 7.16693 crossingAngle: -42.1199 axialRotation: -40.3148 zShift: 3.0426 energy: -8.90953
MCReject   xShift: 7.16693 crossingAngle: -42.2057 axialRotation: -40.3148 zShift: 3.03619 energy: -8.68398
MCReject   xShift: 7.1754 crossingAngle: -42.1199 axialRotation: -40.3148 zShift: 3.03619 energy: -8.74119
MCReject   xShift: 7.16693 crossingAngle: -42.1199 axialRotation: -40.2846 zShift: 3.03619 energy: -8.95349
MCReject   xShift: 7.15299 crossingAngle: -42.1199 axialRotation: -40.3148 zShift: 3.03619 energy: -8.9837
MCReject   xShift: 7.16693 crossingAngle: -42.1199 axialRotation: -40.3148 zShift: 3.02335 energy: -9.01932
MCReject   xShift: 7.15836 crossingAngle: -42.1199 axialRotation: -40.3148 zShift: 3.03619 energy: -8.91635
MCReject   xShift: 7.16693 crossingAngle: -42.1199 axialRotation: -40.234 zShift: 3.03619 energy: -8.9837
MCReject   xShift: 7.16693 crossingAngle: -42.1199 axialRotation: -40.3148 zShift: 3.01622 energy: -9.11456
MCReject   xShift: 7.16693 crossingAngle: -42.1199 axialRotation: -40.5074 zShift: 3.03619 energy: -8.95349
MCReject   xShift: 7.16693 crossingAngle: -42.1885 axialRotation: -40.3148 zShift: 3.03619 energy: -8.95349
MCReject   xShift: 7.16693 crossingAngle: -42.1199 axialRotation: -40.3148 zShift: 3.04226 energy: -8.8834
MCReject   xShift: 7.16693 crossingAngle: -42.1199 axialRotation: -40.3148 zShift: 3.04857 energy: -8.537
MCReject   xShift: 7.16693 crossingAngle: -42.2385 axialRotation: -40.3148 zShift: 3.03619 energy: -8.88614
MCReject   xShift: 7.16693 crossingAngle: -42.1841 axialRotation: -40.3148 zShift: 3.03619 energy: -6.5046
MCReject   xShift: 7.16693 crossingAngle: -42.1199 axialRotation: -40.3148 zShift: 3.05128 energy: -8.50225
MCReject   xShift: 7.18055 crossingAngle: -42.1199 axialRotation: -40.3148 zShift: 3.03619 energy: -8.9837
MCReject   xShift: 7.16693 crossingAngle: -42.1199 axialRotation: -40.2922 zShift: 3.03619 energy: -8.91635
MCReject   xShift: 7.16693 crossingAngle: -42.1199 axialRotation: -40.2478 zShift: 3.03619 energy: -8.9837
MCReject   xShift: 7.16693 crossingAngle: -42.2252 axialRotation: -40.3148 zShift: 3.03619 energy: -8.9837
MCReject   xShift: 7.16762 crossingAngle: -42.1199 axialRotation: -40.3148 zShift: 3.03619 energy: -8.9837
MCReject   xShift: 7.16693 crossingAngle: -42.1199 axialRotation: -40.38 zShift: 3.03619 energy: -8.9837
MCReject   xShift: 7.16693 crossingAngle: -42.1199 axialRotation: -40.1523 zShift: 3.03619 energy: -8.88614
MCReject   xShift: 7.16693 crossingAngle: -42.1811 axialRotation: -40.3148 zShift: 3.03619 energy: -8.9837
MCReject   xShift: 7.16693 crossingAngle: -42.1138 axialRotation: -40.3148 zShift: 3.03619 energy: -6.43747
MCReject   xShift: 7.16693 crossingAngle: -42.1199 axialRotation: -40.3739 zShift: 3.03619 energy: -8.95349
MCReject   xShift: 7.16693 crossingAngle: -42.1956 axialRotation: -40.3148 zShift: 3.03619 energy: -8.88614
MCReject   xShift: 7.17776 crossingAngle: -42.1199 axialRotation: -40.3148 zShift: 3.03619 energy: -8.88614
MCReject   xShift: 7.17029 crossingAngle: -42.1199 axialRotation: -40.3148 zShift: 3.03619 energy: -8.9837
MCReject   xShift: 7.16693 crossingAngle: -42.1199 axialRotation: -40.2105 zShift: 3.03619 energy: -8.9837
MCReject   xShift: 7.16693 crossingAngle: -42.1199 axialRotation: -40.4803 zShift: 3.03619 energy: -8.88614
MCReject   xShift: 7.16693 crossingAngle: -42.1199 axialRotation: -40.4155 zShift: 3.03619 energy: -8.88614
MCReject   xShift: 7.16693 crossingAngle: -42.2509 axialRotation: -40.3148 zShift: 3.03619 energy: -8.95349
MCReject   xShift: 7.15822 crossingAngle: -42.1199 axialRotation: -40.3148 zShift: 3.03619 energy: -8.91635
MCReject   xShift: 7.16693 crossingAngle: -42.1199 axialRotation: -40.182 zShift: 3.03619 energy: -6.5046
MCReject   xShift: 7.16693 crossingAngle: -42.1199 axialRotation: -40.3148 zShift: 3.04455 energy: -8.88598
MCReject   xShift: 7.16693 crossingAngle: -42.1199 axialRotation: -40.4006 zShift: 3.03619 energy: -8.95349
MCReject   xShift: 7.16693 crossingAngle: -42.1199 axialRotation: -40.2675 zShift: 3.03619 energy: -8.91635
MCReject   xShift: 7.16693 crossingAngle: -42.1199 axialRotation: -40.3148 zShift: 3.05015 energy: -9.12046
MCReject   xShift: 7.16693 crossingAngle: -42.1199 axialRotation: -40.4302 zShift: 3.03619 energy: -8.95349
MCReject   xShift: 7.16693 crossingAngle: -42.1199 axialRotation: -40.3148 zShift: 3.04737 energy: -8.82088
MCReject   xShift: 7.16693 crossingAngle: -42.238 axialRotation: -40.3148 zShift: 3.03619 energy: -8.91635
MCReject   xShift: 7.16693 crossingAngle: -42.064 axialRotation: -40.3148 zShift: 3.03619 energy: -8.91635
MCReject   xShift: 7.16693 crossingAngle: -42.1942 axialRotation: -40.3148 zShift: 3.03619 energy: -6.47439
MCReject   xShift: 7.16693 crossingAngle: -42.1199 axialRotation: -40.3148 zShift: 3.054 energy: -6.26771
MCReject   xShift: 7.16693 crossingAngle: -42.1199 axialRotation: -40.1679 zShift: 3.03619 energy: -8.91635
MCReject   xShift: 7.16693 crossingAngle: -42.1199 axialRotation: -40.3148 zShift: 3.04274 energy: -8.90783
MCReject   xShift: 7.16693 crossingAngle: -41.9515 axialRotation: -40.3148 zShift: 3.03619 energy: -8.95349
MCReject   xShift: 7.16693 crossingAngle: -42.1199 axialRotation: -40.3148 zShift: 3.04637 energy: -8.79607
MCReject   xShift: 7.16693 crossingAngle: -41.993 axialRotation: -40.3148 zShift: 3.03619 energy: -8.9837
MCReject   xShift: 7.16693 crossingAngle: -42.1199 axialRotation: -40.4277 zShift: 3.03619 energy: -6.5046
MCReject   xShift: 7.16693 crossingAngle: -42.1199 axialRotation: -40.3148 zShift: 3.0303 energy: -8.98007
MCReject   xShift: 7.16693 crossingAngle: -42.1199 axialRotation: -40.3371 zShift: 3.03619 energy: -8.75133
MCReject   xShift: 7.16693 crossingAngle: -42.1199 axialRotation: -40.3148 zShift: 3.01854 energy: -9.16111
MCReject   xShift: 7.16693 crossingAngle: -42.1199 axialRotation: -40.3148 zShift: 3.04119 energy: -6.4506
MCReject   xShift: 7.16693 crossingAngle: -42.1199 axialRotation: -40.3148 zShift: 3.0296 energy: -8.98736
MCReject   xShift: 7.16128 crossingAngle: -42.1199 axialRotation: -40.3148 zShift: 3.03619 energy: -8.7336
MCReject   xShift: 7.19135 crossingAngle: -42.1199 axialRotation: -40.3148 zShift: 3.03619 energy: -8.80095
MCReject   xShift: 7.16693 crossingAngle: -42.1199 axialRotation: -40.3148 zShift: 3.04195 energy: -8.61798
MCReject   xShift: 7.16693 crossingAngle: -42.1199 axialRotation: -40.2453 zShift: 3.03619 energy: -8.95349
MCReject   xShift: 7.16693 crossingAngle: -42.0515 axialRotation: -40.3148 zShift: 3.03619 energy: -8.91635
MCReject   xShift: 7.16693 crossingAngle: -42.2081 axialRotation: -40.3148 zShift: 3.03619 energy: -8.95349
MCReject   xShift: 7.16693 crossingAngle: -42.1199 axialRotation: -40.4092 zShift: 3.03619 energy: -8.91635
MCReject   xShift: 7.16693 crossingAngle: -42.0637 axialRotation: -40.3148 zShift: 3.03619 energy: -8.80854
MCReject   xShift: 7.16693 crossingAngle: -41.9597 axialRotation: -40.3148 zShift: 3.03619 energy: -8.9837
MCReject   xShift: 7.16693 crossingAngle: -42.2044 axialRotation: -40.3148 zShift: 3.03619 energy: -8.9837
MCReject   xShift: 7.16693 crossingAngle: -42.1199 axialRotation: -40.3148 zShift: 3.03566 energy: -8.95939
MCReject   xShift: 7.16693 crossingAngle: -42.0612 axialRotation: -40.3148 zShift: 3.03619 energy: -8.91635
MCReject   xShift: 7.16072 crossingAngle: -42.1199 axialRotation: -40.3148 zShift: 3.03619 energy: -8.91635
MCReject   xShift: 7.16693 crossingAngle: -42.2221 axialRotation: -40.3148 zShift: 3.03619 energy: -8.9837
MCReject   xShift: 7.16693 crossingAngle: -42.1199 axialRotation: -40.3148 zShift: 3.02882 energy: -8.96509
MCReject   xShift: 7.16693 crossingAngle: -42.1199 axialRotation: -40.3148 zShift: 3.05384 energy: -8.73718
MCReject   xShift: 7.16693 crossingAngle: -42.1199 axialRotation: -40.3812 zShift: 3.03619 energy: -8.95349
MCReject   xShift: 7.16693 crossingAngle: -42.1807 axialRotation: -40.3148 zShift: 3.03619 energy: -8.88614
MCReject   xShift: 7.16693 crossingAngle: -42.1199 axialRotation: -40.3148 zShift: 3.03588 energy: -8.98708
MCReject   xShift: 7.16693 crossingAngle: -42.0082 axialRotation: -40.3148 zShift: 3.03619 energy: -8.9837
MCReject   xShift: 7.16693 crossingAngle: -42.1199 axialRotation: -40.375 zShift: 3.03619 energy: -8.74119
MCReject   xShift: 7.16693 crossingAngle: -42.1199 axialRotation: -40.3148 zShift: 3.02494 energy: -9.03419
MCReject   xShift: 7.16693 crossingAngle: -42.1199 axialRotation: -40.3742 zShift: 3.03619 energy: -8.95349
MCReject   xShift: 7.16693 crossingAngle: -42.1199 axialRotation: -40.3148 zShift: 3.03931 energy: -8.94819
MCReject   xShift: 7.16693 crossingAngle: -42.1199 axialRotation: -40.3148 zShift: 3.04651 energy: -6.38958
MCReject   xShift: 7.16693 crossingAngle: -42.1199 axialRotation: -40.3148 zShift: 3.04412 energy: -8.86098
MCReject   xShift: 7.16693 crossingAngle: -42.223 axialRotation: -40.3148 zShift: 3.03619 energy: -8.95349
MCReject   xShift: 7.16693 crossingAngle: -42.1199 axialRotation: -40.1947 zShift: 3.03619 energy: -8.80272
MCReject   xShift: 7.16693 crossingAngle: -41.9426 axialRotation: -40.3148 zShift: 3.03619 energy: -8.91635
MCReject   xShift: 7.16693 crossingAngle: -42.1199 axialRotation: -40.3148 zShift: 3.033 energy: -8.98838
MCReject   xShift: 7.16693 crossingAngle: -42.1199 axialRotation: -40.5066 zShift: 3.03619 energy: -9.03313
MCReject   xShift: 7.16693 crossingAngle: -42.1199 axialRotation: -40.3148 zShift: 3.0323 energy: -9.02612
MCReject   xShift: 7.16693 crossingAngle: -42.1199 axialRotation: -40.3148 zShift: 3.01819 energy: -9.13394
MCReject   xShift: 7.16693 crossingAngle: -42.1199 axialRotation: -40.4261 zShift: 3.03619 energy: -8.9837
MCReject   xShift: 7.16693 crossingAngle: -42.1199 axialRotation: -40.3148 zShift: 3.03536 energy: -6.44611
MCReject   xShift: 7.16693 crossingAngle: -42.1199 axialRotation: -40.3148 zShift: 3.02981 energy: -8.80187
MCReject   xShift: 7.17148 crossingAngle: -42.1199 axialRotation: -40.3148 zShift: 3.03619 energy: -8.91635
MCReject   xShift: 7.16693 crossingAngle: -42.1199 axialRotation: -40.2787 zShift: 3.03619 energy: -8.74119
MCReject   xShift: 7.19498 crossingAngle: -42.1199 axialRotation: -40.3148 zShift: 3.03619 energy: -8.80854
MCReject   xShift: 7.16693 crossingAngle: -42.1199 axialRotation: -40.3148 zShift: 3.04101 energy: -8.98631
MCReject   xShift: 7.16395 crossingAngle: -42.1199 axialRotation: -40.3148 zShift: 3.03619 energy: -8.95349
MCReject   xShift: 7.15816 crossingAngle: -42.1199 axialRotation: -40.3148 zShift: 3.03619 energy: -8.95349
MCAccept 51 xShift: 7.16693 crossingAngle: -42.1199 axialRotation: -40.4653 zShift: 3.03619 energy: -9.2655
MCReject   xShift: 7.16693 crossingAngle: -42.1199 axialRotation: -40.4653 zShift: 3.02955 energy: -9.02486
MCReject   xShift: 7.16693 crossingAngle: -42.1939 axialRotation: -40.4653 zShift: 3.03619 energy: -8.88614
MCReject   xShift: 7.16669 crossingAngle: -42.1199 axialRotation: -40.4653 zShift: 3.03619 energy: -8.95349
MCReject   xShift: 7.16693 crossingAngle: -41.9792 axialRotation: -40.4653 zShift: 3.03619 energy: -8.91635
MCReject   xShift: 7.16693 crossingAngle: -42.1723 axialRotation: -40.4653 zShift: 3.03619 energy: -8.9837
MCReject   xShift: 7.15534 crossingAngle: -42.1199 axialRotation: -40.4653 zShift: 3.03619 energy: -8.9837
MCReject   xShift: 7.16693 crossingAngle: -42.1199 axialRotation: -40.7034 zShift: 3.03619 energy: -8.91635
MCReject   xShift: 7.16693 crossingAngle: -42.2131 axialRotation: -40.4653 zShift: 3.03619 energy: -8.91635
MCReject   xShift: 7.17129 crossingAngle: -42.1199 axialRotation: -40.4653 zShift: 3.03619 energy: -6.43747
MCReject   xShift: 7.16693 crossingAngle: -42.1199 axialRotation: -40.4653 zShift: 3.03655 energy: -8.8821
MCReject   xShift: 7.16693 crossingAngle: -42.1199 axialRotation: -40.6333 zShift: 3.03619 energy: -8.74119
MCReject   xShift: 7.16693 crossingAngle: -42.1199 axialRotation: -40.2616 zShift: 3.03619 energy: -8.9837
Energy #0: -9.2655
***GEOMETRY SHIFT***
xShift;        Before: 7.2; After: 7.16693
crossingAngle; Before: -42.21; After: -42.1199
axialRotation; Before: -40.88; After: -40.4653
zShift;        Before: 3.06; After: 3.03619
Energy;        Before: 1658.48; After: -9.2655

Reached 51 cycles without improvement of 0.001. Accepted 52/341
Monte Carlo repack complete. Time: 43.7167min

