***STARTING GEOMETRY:***
xShift: 7.2
crossingAngle: -42.21
axialRotation: -40.88
zShift: 3.06

Number of MCCycles: 200
PrevSequence	CurrSequence	PrevEnergy	CurrEnergy	PrevEntropy	CurrEntropy	CurrentTemp
LLLTGLLTGLLFSLLGTLILI	LLLTGLLTGLLFSLLGWLILI	10.1364	9.96704	0.48602	0.343253	999.847
LLLTGLLTGLLFSLLGWLILI	LLLTGLLTGLLFSLLGTLILI	9.96704	10.1899	0.343253	0.48602	999.684
LLLTGLLTGLLFSLLGTLILI	LLLTGLLTGLLFSLLGWLILI	10.1899	10.3573	0.48602	0.343253	999.512
LLLTGLLTGLLFSLLGWLILI	LLLTTLLTGLLFSLLGWLILI	10.3543	3.41475	0.34018	0.489954	999.328
LLLTTLLTGLLFSLLGWLILI	LLLTTLLVGLLFSLLGWLILI	4.05325	4.27706	1.12845	0.0952708	999.134
LLLTTLLVGLLFSLLGWLILI	LLLTTLLTGLLFSLLGWLILI	4.27706	5.91435	0.0952708	1.12845	998.928
LLLTTLLTGLLFSLLGWLILI	LLLTTLLTGLLFSLLGTLILI	5.06016	5.06306	0.274265	0.58734	998.708
LLLTTLLTGLLFSLLGTLILI	LLLTALLTGLLFSLLGTLILI	5.81878	9.81231	1.34306	0.064646	998.476
LLLTALLTGLLFSLLGTLILI	LLLTALLTGLLFSLLGWLILI	10.2337	10.3334	0.48602	0.343253	998.229
LLLTALLTGLLFSLLGWLILI	LLLTALLTGLLYSLLGWLILI	10.2302	13.0137	0.240035	0.650378	997.967
LLLTALLTGLLYSLLGWLILI	LLLTALLTGLLYSLLGTLILI	12.7066	12.7248	0.343253	0.48602	997.689
LLLTALLTGLLYSLLGTLILI	LLLYALLTGLLYSLLGTLILI	12.6818	12.7308	0.443059	0.379341	997.394
LLLYALLTGLLYSLLGTLILI	LLLYALLTGLLYSLLGWLILI	12.7151	13.0762	0.363705	0.460972	997.081
LLLYALLTGLLYSLLGWLILI	LLLYTLLTGLLYSLLGWLILI	12.7381	8.01623	0.122923	0.990994	996.749
LLLYTLLTGLLYSLLGWLILI	LLLYTLLTGLLYALLGWLILI	7.66745	8.02779	0.642213	0.244161	996.397
LLLYTLLTGLLYALLGWLILI	LLLYTLLTGLLYSLLGWLILI	8.02779	7.00618	0.244161	0.642213	996.023
LLLYTLLTGLLYSLLGWLILI	LLLYTLLVGLLYSLLGWLILI	7.29483	8.36882	0.930859	0.137712	995.626
LLLYTLLVGLLYSLLGWLILI	LLLYTLLTGLLYSLLGWLILI	8.36882	7.84709	0.137712	0.930859	995.205
LLLYTLLTGLLYSLLGWLILI	LLLYTLLTGLLFSLLGWLILI	7.86902	4.86834	0.952787	0.132101	994.758
LLLYTLLTGLLFSLLGWLILI	LLLYTLLVGLLFSLLGWLILI	5.66709	5.61626	0.930859	0.137712	994.285
LLLYTLLVGLLFSLLGWLILI	LLLYTLLTGLLFSLLGWLILI	5.61626	5.69656	0.137712	0.930859	993.782
LLLYTLLTGLLFSLLGWLILI	LLLYTLLTGLLFSLLGTLILI	5.10895	4.91718	0.343253	0.48602	993.249
LLLYTLLTGLLFSLLGTLILI	LLLYTLLTGLLFALLGTLILI	5.07337	5.60059	0.642213	0.244161	992.683
LLLYTLLTGLLFALLGTLILI	LLLGTLLTGLLFALLGTLILI	5.62656	6.13084	0.270132	0.594419	992.084
LLLGTLLTGLLFALLGTLILI	LLLGTLLTGLLFSLLGTLILI	5.78058	5.24821	0.244161	0.642213	991.448
LLLGTLLTGLLFSLLGTLILI	LLLGTLLTGLLFSLLGWLILI	5.09201	3.60554	0.48602	0.343253	990.773
LLLGTLLTGLLFSLLGWLILI	LLLGTLLTGLLFSLLGTLILI	3.60554	5.09201	0.343253	0.48602	990.058
LLLGTLLTGLLFSLLGTLILI	LLLGTLLTGLLFALLGTLILI	5.24821	5.84826	0.642213	0.244161	989.3
LLLGTLLTGLLFALLGTLILI	LLLGTLLTGLLFALLSTLILI	6.35853	8.3253	0.754431	0.19415	988.496
LLLGTLLTGLLFALLSTLILI	LLLGTLLVGLLFALLSTLILI	9.25961	8.74728	1.12845	0.0952708	987.644
LLLGTLLVGLLFALLSTLILI	LLLYTLLVGLLFALLSTLILI	9.10598	8.99461	0.453966	0.369715	986.74
LLLYTLLVGLLFALLSTLILI	LLLYTLLVGLLFGLLSTLILI	8.77894	4.91353	0.154044	0.872342	985.783
LLLYTLLVGLLFGLLSTLILI	LLLYTLLVGLLFGLLTTLILI	4.19713	-1.56338	0.155943	0.865998	984.769
LLLYTLLVGLLFGLLTTLILI	LLLYTLLVGLLFGLLTILILI	-1.32127	1.20981	1.10811	0.098896	983.694
LLLYTLLVGLLFGLLTILILI	LLLYTLLVGLLFGLLTTLILI	1.20981	-1.35165	0.098896	1.10811	982.555
LLLYTLLVGLLFGLLTTLILI	LLLYTLLVGLLTGLLTTLILI	-2.36764	1.11762	0.0921195	1.14683	981.348
LLLYTLLVGLLTGLLTTLILI	LLLGTLLVGLLTGLLTTLILI	0.240926	-1.8691	0.270132	0.594419	980.071
LLLGTLLVGLLTGLLTTLILI	LLLYTLLVGLLTGLLTTLILI	-1.8691	-2.15553	0.594419	0.270132	978.717
LLLYTLLVGLLTGLLTTLILI	LLLYTLLVGLLTGLLTILILI	-1.17047	3.12379	1.2552	0.0756774	977.285
LLLYTLLVGLLTGLLTILILI	LLLYTLLVGLLTGLLTTLILI	3.12379	-1.17047	0.0756774	1.2552	975.768
LLLYTLLVGLLTGLLTTLILI	LLLYTLLFGLLTGLLTTLILI	-2.08505	-5.24195	0.340616	0.489394	974.162
LLLYTLLFGLLTGLLTTLILI	LLLGTLLFGLLTGLLTTLILI	-5.46121	-6.00765	0.270132	0.594419	972.463
LLLGTLLFGLLTGLLTTLILI	LLLGTLLYGLLTGLLTTLILI	-6.36204	-5.78055	0.240035	0.650378	970.666
LLLGTLLYGLLTGLLTTLILI	LLLTTLLYGLLTGLLTTLILI	-6.20452	-5.39697	0.226415	0.678597	968.764
LLLTTLLYGLLTGLLTTLILI	LLLGTLLYGLLTGLLTTLILI	-5.39697	-5.98637	0.678597	0.226415	966.754
LLLGTLLYGLLTGLLTTLILI	LLLGTLLFGLLTGLLTTLILI	-5.56241	-6.39217	0.650378	0.240035	964.627
LLLGTLLFGLLTGLLTTLILI	LLLYTLLFGLLTGLLTTLILI	-6.03779	-5.43208	0.594419	0.270132	962.38
LLLYTLLFGLLTGLLTTLILI	LLLGTLLFGLLTGLLTTLILI	-5.43208	-6.03779	0.270132	0.594419	957.496
LLLGTLLFGLLTGLLTTLILI	LLLGTLLYGLLTGLLTTLILI	-6.39217	-5.81092	0.240035	0.650378	954.846
LLLGTLLYGLLTGLLTTLILI	LLLGTLLFGLLTGLLTTLILI	-5.81092	-6.14507	0.650378	0.240035	952.048
LLLGTLLFGLLTGLLTTLILI	LLLGTLLFGLLTGLLSTLILI	-5.3841	0.214539	1.001	0.120637	949.095
LLLGTLLFGLLTGLLSTLILI	LLLYTLLFGLLTGLLSTLILI	0.688321	1.19711	0.594419	0.270132	945.979
LLLYTLLFGLLTGLLSTLILI	LLLGTLLFGLLTGLLSTLILI	1.19711	0.650675	0.270132	0.594419	942.693
LLLGTLLFGLLTGLLSTLILI	LLLGTLLYGLLTGLLSTLILI	0.296292	0.917134	0.240035	0.650378	939.229
LLLGTLLYGLLTGLLSTLILI	LLLGTLLYGLLTGLLTTLILI	0.387393	-5.25023	0.120637	1.001	935.578
LLLGTLLYGLLTGLLTTLILI	LLLTTLLYGLLTGLLTTLILI	-6.02481	-5.26093	0.226415	0.678597	931.732
LLLTTLLYGLLTGLLTTLILI	LLLGTLLYGLLTGLLTTLILI	-5.26093	-6.16709	0.678597	0.226415	923.422
LLLGTLLYGLLTGLLTTLILI	LLLGTLLFGLLTGLLTTLILI	-5.74313	-6.39217	0.650378	0.240035	918.939
LLLGTLLFGLLTGLLTTLILI	LLLGTLLFGLLYGLLTTLILI	-5.81602	-3.80334	0.816184	0.171816	914.227
LLLGTLLFGLLYGLLTTLILI	LLLGTLLFGLLTGLLTTLILI	-3.80334	-6.06746	0.171816	0.816184	904.077
LLLGTLLFGLLTGLLTTLILI	LLLYTLLFGLLTGLLTTLILI	-6.28922	-5.74278	0.594419	0.270132	892.899
LLLYTLLFGLLTGLLTTLILI	LLLGTLLFGLLTGLLTTLILI	-5.74278	-6.03779	0.270132	0.594419	880.623
LLLGTLLFGLLTGLLTTLILI	LLLYTLLFGLLTGLLTTLILI	-6.03779	-5.46121	0.594419	0.270132	874.051
LLLYTLLFGLLTGLLTTLILI	LLLGTLLFGLLTGLLTTLILI	-5.46121	-6.03779	0.270132	0.594419	859.999
LLLGTLLFGLLTGLLTTLILI	LLLGTLLYGLLTGLLTTLILI	-6.39217	-5.57905	0.240035	0.650378	852.504
LLLGTLLYGLLTGLLTTLILI	LLLGTLLYGLLTGLLTILILI	-4.97423	-2.56851	1.2552	0.0756774	844.686
LLLGTLLYGLLTGLLTILILI	LLLGTLLYGLLTGLLTTLILI	-2.56851	-5.18568	0.0756774	1.2552	836.541
LLLGTLLYGLLTGLLTTLILI	LLLTTLLYGLLTGLLTTLILI	-6.21446	-5.39697	0.226415	0.678597	828.061
LLLTTLLYGLLTGLLTTLILI	LLLTTLLFGLLTGLLTTLILI	-5.42519	-5.67779	0.650378	0.240035	810.083
LLLTTLLFGLLTGLLTTLILI	LLLTTLLYGLLTGLLTTLILI	-5.67779	-5.3975	0.240035	0.650378	800.577
LLLTTLLYGLLTGLLTTLILI	LLLGTLLYGLLTGLLTTLILI	-5.36928	-6.23004	0.678597	0.226415	790.724
LLLGTLLYGLLTGLLTTLILI	LLLGTLLFGLLTGLLTTLILI	-5.80608	-6.32438	0.650378	0.240035	780.523
LLLGTLLFGLLTGLLTTLILI	LLLGTLLYGLLTGLLTTLILI	-6.32438	-5.59119	0.240035	0.650378	769.974
LLLGTLLYGLLTGLLTTLILI	LLLGTLLFGLLTGLLTTLILI	-5.59119	-6.39217	0.650378	0.240035	759.081
LLLGTLLFGLLTGLLTTLILI	LLLYTLLFGLLTGLLTTLILI	-6.03779	-5.45589	0.594419	0.270132	747.845
LLLYTLLFGLLTGLLTTLILI	LLLGTLLFGLLTGLLTTLILI	-5.45589	-5.96999	0.270132	0.594419	736.272
LLLGTLLFGLLTGLLTTLILI	LLLYTLLFGLLTGLLTTLILI	-5.96999	-5.71192	0.594419	0.270132	724.369
LLLYTLLFGLLTGLLTTLILI	LLLYTLLYGLLTGLLTTLILI	-5.84995	-4.22805	0.132101	0.952787	712.142
LLLYTLLYGLLTGLLTTLILI	LLLGTLLYGLLTGLLTTLILI	-4.7259	-5.75788	0.454934	0.368877	686.76
LLLGTLLYGLLTGLLTTLILI	LLLGTLLFGLLTGLLTTLILI	-5.47638	-6.36204	0.650378	0.240035	673.628
LLLGTLLFGLLTGLLTTLILI	LLLYTLLFGLLTGLLTTLILI	-6.00765	-5.36429	0.594419	0.270132	660.222
LLLYTLLFGLLTGLLTTLILI	LLLGTLLFGLLTGLLTTLILI	-5.36429	-5.96999	0.270132	0.594419	632.651
LLLGTLLFGLLTGLLTTLILI	LLLYTLLFGLLTGLLTTLILI	-5.96999	-5.43208	0.594419	0.270132	589.688
LLLYTLLFGLLTGLLTTLILI	LLLGTLLFGLLTGLLTTLILI	-5.43208	-6.28922	0.270132	0.594419	575.025
LLLGTLLFGLLTGLLTTLILI	LLLGTLLYGLLTGLLTTLILI	-6.6436	-5.62867	0.240035	0.650378	560.23
LLLGTLLYGLLTGLLTTLILI	LLLTTLLYGLLTGLLTTLILI	-6.05264	-5.33729	0.226415	0.678597	545.329
LLLTTLLYGLLTGLLTTLILI	LLLGTLLYGLLTGLLTTLILI	-5.33729	-6.13672	0.678597	0.226415	530.348
LLLGTLLYGLLTGLLTTLILI	LLLGTLLFGLLTGLLTTLILI	-5.71276	-6.39217	0.650378	0.240035	515.312
LLLGTLLFGLLTGLLTTLILI	LLLYTLLFGLLTGLLTTLILI	-6.03779	-5.46121	0.594419	0.270132	500.25
LLLYTLLFGLLTGLLTTLILI	LLLGTLLFGLLTGLLTTLILI	-5.46121	-6.03779	0.270132	0.594419	410.812
LLLGTLLFGLLTGLLTTLILI	LLLGTLLYGLLTGLLTTLILI	-6.39217	-5.73798	0.240035	0.650378	396.304
LLLGTLLYGLLTGLLTTLILI	LLLGTLLFGLLTGLLTTLILI	-5.73798	-6.36204	0.650378	0.240035	381.976
LLLGTLLFGLLTGLLTTLILI	LLLGTLLYGLLTGLLTTLILI	-6.36204	-5.71276	0.240035	0.650378	367.849
LLLGTLLYGLLTGLLTTLILI	LLLGTLLFGLLTGLLTTLILI	-5.71276	-6.32438	0.650378	0.240035	326.872
LLLGTLLFGLLTGLLTTLILI	LLLYTLLFGLLTGLLTTLILI	-5.96999	-5.36429	0.594419	0.270132	300.898
LLLYTLLFGLLTGLLTTLILI	LLLYTLLYGLLTGLLTTLILI	-5.50232	-4.32801	0.132101	0.952787	288.358
LLLYTLLYGLLTGLLTTLILI	LLLYTLLFGLLTGLLTTLILI	-4.32801	-5.59925	0.952787	0.132101	276.131
LLLYTLLFGLLTGLLTTLILI	LLLGTLLFGLLTGLLTTLILI	-5.46121	-5.93986	0.270132	0.594419	252.655
LLLGTLLFGLLTGLLTTLILI	LLLYTLLFGLLTGLLTTLILI	-5.93986	-5.3881	0.594419	0.270132	230.526
LLLYTLLFGLLTGLLTTLILI	LLLGTLLFGLLTGLLTTLILI	-5.3881	-6.28922	0.270132	0.594419	219.977
LLLGTLLFGLLTGLLTTLILI	LLLGTLLYGLLTGLLTTLILI	-6.6436	-5.82081	0.240035	0.650378	209.776
LLLGTLLYGLLTGLLTTLILI	LLLGTLLFGLLTGLLTTLILI	-5.82081	-6.14326	0.650378	0.240035	190.417
LLLGTLLFGLLTGLLTTLILI	LLLGTLLYGLLTGLLTTLILI	-6.14326	-5.73798	0.240035	0.650378	163.959
LLLGTLLYGLLTGLLTTLILI	LLLGTLLFGLLTGLLTTLILI	-5.73798	-6.15083	0.650378	0.240035	155.814
LLLGTLLFGLLTGLLTTLILI	LLLYTLLFGLLTGLLTTLILI	-5.79644	-5.46121	0.594419	0.270132	140.501
LLLYTLLFGLLTGLLTTLILI	LLLGTLLFGLLTGLLTTLILI	-5.46121	-6.00765	0.270132	0.594419	133.321
Time: 223s
