***STARTING GEOMETRY:***
xShift: 8.81483
crossingAngle: -34.7753
axialRotation: 17.3847
zShift: 4.15491

Number of MCCycles: 100
PrevSequence	CurrSequence	PrevEnergy	CurrEnergy	PrevEntropy	CurrEntropy	CurrentTemp
LLLLLLAYLLSTLLSTLLILI	LLLLLLAYLLSTLLATLLILI	-12.0666	-15.3404	0.642213	0.244161	999.684
LLLLLLAYLLSTLLATLLILI	LLLLLLAYLLGTLLATLLILI	-15.1275	-11.0928	0.457104	0.367007	999.328
LLLLLLAYLLGTLLATLLILI	LLLLLLGYLLGTLLATLLILI	-11.1836	-10.5378	0.276169	0.584123	998.928
LLLLLLGYLLGTLLATLLILI	LLLLLLAYLLGTLLATLLILI	-10.5378	-11.1836	0.584123	0.276169	998.476
LLLLLLAYLLGTLLATLLILI	LLLLLLAYLLGYLLATLLILI	-11.1311	-8.72398	0.328724	0.505042	997.967
LLLLLLAYLLGYLLATLLILI	LLLLLLAYLLGYLLSTLLILI	-8.8125	-9.85558	0.416521	0.404229	997.394
LLLLLLAYLLGYLLSTLLILI	LLLLLLAYLLGTLLSTLLILI	-9.75476	-11.7648	0.505042	0.328724	996.749
LLLLLLAYLLGTLLSTLLILI	LLLLLLAYLLGTLLATLLILI	-11.6893	-11.0433	0.404229	0.416521	996.023
LLLLLLAYLLGTLLATLLILI	LLLLLLAYLLGTLLSTLLILI	-11.0433	-11.6893	0.416521	0.404229	995.205
LLLLLLAYLLGTLLSTLLILI	LLLLLLAYLLGTLLATLLILI	-11.6893	-11.0433	0.404229	0.416521	994.285
LLLLLLAYLLGTLLATLLILI	LLLVLLAYLLGTLLATLLILI	-10.8521	-13.295	0.607728	0.262571	993.249
LLLVLLAYLLGTLLATLLILI	LLLLLLAYLLGTLLATLLILI	-13.295	-10.8521	0.262571	0.607728	992.084
LLLLLLAYLLGTLLATLLILI	LLLVLLAYLLGTLLATLLILI	-10.8521	-13.295	0.607728	0.262571	990.773
LLLVLLAYLLGTLLATLLILI	LLLVLLAYLLGTLLSTLLILI	-13.1411	-13.7884	0.416521	0.404229	989.3
LLLVLLAYLLGTLLSTLLILI	LLLVLLAYLLGTLLSVLLILI	-13.5605	-10.1879	0.632162	0.249358	987.644
LLLVLLAYLLGTLLSVLLILI	LLLVLLAYLLGTLLSTLLILI	-10.1879	-13.5605	0.249358	0.632162	985.783
LLLVLLAYLLGTLLSTLLILI	LLLVLLAYLLGYLLSTLLILI	-13.8639	-12.3177	0.328724	0.505042	983.694
LLLVLLAYLLGYLLSTLLILI	LLLVLLAYLLGTLLSTLLILI	-12.3177	-13.8639	0.505042	0.328724	981.348
LLLVLLAYLLGTLLSTLLILI	LLLVLLGYLLGTLLSTLLILI	-14.0386	-9.89527	0.154044	0.872342	972.463
LLLVLLGYLLGTLLSTLLILI	LLLVLLGYLLGTLLATLLILI	-10.1254	-9.88836	0.642213	0.244161	968.764
LLLVLLGYLLGTLLATLLILI	LLLVLLGYLLGTLLSTLLILI	-9.88836	-10.1254	0.244161	0.642213	964.627
LLLVLLGYLLGTLLSTLLILI	LLLVLLAYLLGTLLSTLLILI	-9.89527	-14.0386	0.872342	0.154044	960.005
LLLVLLAYLLGTLLSTLLILI	LLLLLLAYLLGTLLSTLLILI	-13.9301	-11.4858	0.262571	0.607728	954.846
LLLLLLAYLLGTLLSTLLILI	LLLVLLAYLLGTLLSTLLILI	-11.4858	-13.9301	0.607728	0.262571	949.095
LLLVLLAYLLGTLLSTLLILI	LLLVLLAYLLGTLLATLLILI	-13.7884	-13.1411	0.404229	0.416521	942.693
LLLVLLAYLLGTLLATLLILI	LLLVLLAYLLGTLLAVLLILI	-12.9254	-9.56981	0.632162	0.249358	935.578
LLLVLLAYLLGTLLAVLLILI	LLLLLLAYLLGTLLAVLLILI	-9.37534	-7.34275	0.443833	0.378647	927.683
LLLLLLAYLLGTLLAVLLILI	LLLLLLAYLLGTLLATLLILI	-7.58368	-10.5289	0.137712	0.930859	918.939
LLLLLLAYLLGTLLATLLILI	LLLVLLAYLLGTLLATLLILI	-10.8521	-13.295	0.607728	0.262571	909.276
LLLVLLAYLLGTLLATLLILI	LLLVLLAYLLGTLLAVLLILI	-12.9254	-9.56981	0.632162	0.249358	898.621
LLLVLLAYLLGTLLAVLLILI	LLLVLLAYLLGTLLATLLILI	-9.56981	-12.9254	0.249358	0.632162	886.903
LLLVLLAYLLGTLLATLLILI	LLLVLLAYLLGTLLSTLLILI	-13.1411	-13.7884	0.416521	0.404229	874.051
LLLVLLAYLLGTLLSTLLILI	LLLVLLAYLLGTLLATLLILI	-13.7884	-13.1411	0.404229	0.416521	859.999
LLLVLLAYLLGTLLATLLILI	LLLVLLAYLLGYLLATLLILI	-13.2289	-11.2856	0.328724	0.505042	844.686
LLLVLLAYLLGYLLATLLILI	LLLVLLAYLLGTLLATLLILI	-11.2856	-13.2289	0.505042	0.328724	828.061
LLLVLLAYLLGTLLATLLILI	LLLVLLAYLLGTLLSTLLILI	-13.1411	-13.7884	0.416521	0.404229	810.083
LLLVLLAYLLGTLLSTLLILI	LLLVLLAYLLGTLLATLLILI	-13.7884	-13.1411	0.404229	0.416521	790.724
LLLVLLAYLLGTLLATLLILI	LLLVLLAYLLGTLLSTLLILI	-13.1411	-13.7884	0.416521	0.404229	769.974
LLLVLLAYLLGTLLSTLLILI	LLLLLLAYLLGTLLSTLLILI	-13.9301	-11.4858	0.262571	0.607728	747.845
LLLLLLAYLLGTLLSTLLILI	LLLVLLAYLLGTLLSTLLILI	-11.4858	-13.9301	0.607728	0.262571	724.369
LLLVLLAYLLGTLLSTLLILI	LLLVLLAYLLGYLLSTLLILI	-13.8639	-12.3177	0.328724	0.505042	699.602
LLLVLLAYLLGYLLSTLLILI	LLLVLLAYLLGTLLSTLLILI	-12.3177	-13.8639	0.505042	0.328724	673.628
LLLVLLAYLLGTLLSTLLILI	LLLVLLAYLLGTLLATLLILI	-13.7884	-13.1411	0.404229	0.416521	646.557
LLLVLLAYLLGTLLATLLILI	LLLVLLAYLLGYLLATLLILI	-13.2289	-11.2856	0.328724	0.505042	618.524
LLLVLLAYLLGYLLATLLILI	LLLVLLAYLLGYLLSTLLILI	-11.3741	-12.4185	0.416521	0.404229	589.688
LLLVLLAYLLGYLLSTLLILI	LLLVLLAYLLGTLLSTLLILI	-12.3177	-13.8639	0.505042	0.328724	530.348
LLLVLLAYLLGTLLSTLLILI	LLLVLLAYLLGTLLATLLILI	-13.7884	-13.1411	0.404229	0.416521	500.25
LLLVLLAYLLGTLLATLLILI	LLLVLLAYLLGTLLSTLLILI	-13.1411	-13.7884	0.416521	0.404229	440.27
LLLVLLAYLLGTLLSTLLILI	LLLVLLAYLLGTLLATLLILI	-13.7884	-13.1411	0.404229	0.416521	381.976
LLLVLLAYLLGTLLATLLILI	LLLVLLAYLLGTLLSTLLILI	-13.1411	-13.7884	0.416521	0.404229	326.872
LLLVLLAYLLGTLLSTLLILI	LLLVLLAYLLGTLLATLLILI	-13.7884	-13.1411	0.404229	0.416521	190.417
LLLVLLAYLLGTLLATLLILI	LLLVLLAYLLGTLLSTLLILI	-13.1411	-13.7884	0.416521	0.404229	126.449
LLLVLLAYLLGTLLSTLLILI	LLLVLLAYLLGTLLATLLILI	-13.7884	-13.1411	0.404229	0.416521	81.5606
LLLVLLAYLLGTLLATLLILI	LLLVLLAYLLGTLLSTLLILI	-13.1411	-13.7884	0.416521	0.404229	72.8169
Time: 143s
