***STARTING GEOMETRY:***
xShift: 8.82214
crossingAngle: -45.8445
axialRotation: 34.2836
zShift: 4.10698

Number of MCCycles: 100
PrevSequence	CurrSequence	PrevEnergy	CurrEnergy	PrevEntropy	CurrEntropy	CurrentTemp
LLLLLLTTLLSTLLTTLLILI	LLLLLLTSLLSTLLTTLLILI	-20.5085	-15.7683	0.784867	0.182746	999.684
LLLLLLTSLLSTLLTTLLILI	LLLLLLTSLLATLLTTLLILI	-15.008	-14.2259	0.942975	0.13458	999.328
LLLLLLTSLLATLLTTLLILI	LLLLLLTSLLSTLLTTLLILI	-14.2259	-15.004	0.13458	0.942975	998.928
LLLLLLTSLLSTLLTTLLILI	LLLLLLTTLLSTLLTTLLILI	-15.7643	-24.1687	0.182746	0.784867	998.476
LLLLLLTTLLSTLLTTLLILI	LLLLLLTTLLATLLTTLLILI	-24.3114	-23.103	0.642213	0.244161	997.967
LLLLLLTTLLATLLTTLLILI	LLLLLLTTLLAVLLTTLLILI	-21.9526	-19.7081	1.39457	0.0589809	997.394
LLLLLLTTLLAVLLTTLLILI	LLLLLLTTLLATLLTTLLILI	-19.7081	-22.1642	0.0589809	1.39457	996.749
LLLLLLTTLLATLLTTLLILI	LLLLLLTTLLATLLTYLLILI	-22.6411	-20.5749	0.917682	0.141213	995.205
LLLLLLTTLLATLLTYLLILI	LLLLLLTTLLSTLLTYLLILI	-20.472	-21.4694	0.244161	0.642213	994.285
LLLLLLTTLLSTLLTYLLILI	LLLLLLTTLLSTLLTTLLILI	-21.9704	-24.0359	0.141213	0.917682	993.249
LLLLLLTTLLSTLLTTLLILI	LLLLLLTTLLSTLLVTLLILI	-23.559	-21.629	1.39457	0.0589809	992.084
LLLLLLTTLLSTLLVTLLILI	LLLLLLTTLLSTLLTTLLILI	-21.629	-23.7707	0.0589809	1.39457	990.773
LLLLLLTTLLSTLLTTLLILI	LLLWLLTTLLSTLLTTLLILI	-24.9668	-21.2705	0.198389	0.743646	989.3
LLLWLLTTLLSTLLTTLLILI	LLLWLLTTLLSVLLTTLLILI	-20.6196	-18.3528	1.39457	0.0589809	987.644
LLLWLLTTLLSVLLTTLLILI	LLLWLLTTLLSTLLTTLLILI	-18.3528	-21.372	0.0589809	1.39457	985.783
LLLWLLTTLLSTLLTTLLILI	LLLWLLTTLLSTLLTYLLILI	-21.8489	-19.7839	0.917682	0.141213	983.694
LLLWLLTTLLSTLLTYLLILI	LLLLLLTTLLSTLLTYLLILI	-19.1815	-19.2942	0.743646	0.198389	981.348
LLLLLLTTLLSTLLTYLLILI	LLLWLLTTLLSTLLTYLLILI	-19.2942	-19.439	0.198389	0.743646	978.717
LLLWLLTTLLSTLLTYLLILI	LLLWLLTTLLSTLLTTLLILI	-20.0414	-21.8489	0.141213	0.917682	975.768
LLLWLLTTLLSTLLTTLLILI	LLLLLLTTLLSTLLTTLLILI	-22.023	-22.1362	0.743646	0.198389	972.463
LLLLLLTTLLSTLLTTLLILI	LLLLLLTTLLSTLLVTLLILI	-20.94	-18.2321	1.39457	0.0589809	968.764
LLLLLLTTLLSTLLVTLLILI	LLLLLLTTLLSTLLVYLLILI	-17.4749	-15.8426	0.816184	0.171816	964.627
LLLLLLTTLLSTLLVYLLILI	LLLLLLTTLLSTLLVTLLILI	-15.8426	-18.0411	0.171816	0.816184	960.005
LLLLLLTTLLSTLLVTLLILI	LLLLLLTTLLSTLLTTLLILI	-18.7983	-20.94	0.0589809	1.39457	954.846
LLLLLLTTLLSTLLTTLLILI	LLLLLLTTLLSTLLVTLLILI	-20.94	-18.7983	1.39457	0.0589809	949.095
LLLLLLTTLLSTLLVTLLILI	LLLWLLTTLLSTLLVTLLILI	-18.6589	-17.7932	0.198389	0.743646	942.693
LLLWLLTTLLSTLLVTLLILI	LLLWLLTTLLSTLLTTLLILI	-18.4778	-20.6196	0.0589809	1.39457	935.578
LLLWLLTTLLSTLLTTLLILI	LLLWLLTTLLSVLLTTLLILI	-20.6196	-19.1052	1.39457	0.0589809	927.683
LLLWLLTTLLSVLLTTLLILI	LLLWLLTTLLSVLLTVLLILI	-18.2334	-14.4979	0.930859	0.137712	918.939
LLLWLLTTLLSVLLTVLLILI	LLLWLLTTLLSTLLTVLLILI	-14.4979	-17.3772	0.137712	0.930859	909.276
LLLWLLTTLLSTLLTVLLILI	LLLWLLTTLLSTLLTTLLILI	-18.2491	-20.6196	0.0589809	1.39457	898.621
LLLWLLTTLLSTLLTTLLILI	LLLWLLTTLLATLLTTLLILI	-21.3719	-20.1419	0.642213	0.244161	886.903
LLLWLLTTLLATLLTTLLILI	LLLLLLTTLLATLLTTLLILI	-19.6424	-20.528	0.743646	0.198389	874.051
LLLLLLTTLLATLLTTLLILI	LLLLLLTTLLSTLLTTLLILI	-20.4822	-21.6924	0.244161	0.642213	859.999
LLLLLLTTLLSTLLTTLLILI	LLLWLLTTLLSTLLTTLLILI	-22.1362	-21.2705	0.198389	0.743646	844.686
LLLWLLTTLLSTLLTTLLILI	LLLLLLTTLLSTLLTTLLILI	-21.2705	-22.1362	0.743646	0.198389	828.061
LLLLLLTTLLSTLLTTLLILI	LLLLLLTTLLSTLLVTLLILI	-20.94	-18.7983	1.39457	0.0589809	810.083
LLLLLLTTLLSTLLVTLLILI	LLLLLLTTLLATLLVTLLILI	-18.2151	-16.9667	0.642213	0.244161	769.974
LLLLLLTTLLATLLVTLLILI	LLLLLLTTLLATLLVYLLILI	-16.3946	-14.1954	0.816184	0.171816	747.845
LLLLLLTTLLATLLVYLLILI	LLLLLLTTLLSTLLVYLLILI	-14.1231	-15.3722	0.244161	0.642213	724.369
LLLLLLTTLLSTLLVYLLILI	LLLLLLTTLLSTLLTYLLILI	-15.9415	-18.2163	0.0728516	1.27634	699.602
LLLLLLTTLLSTLLTYLLILI	LLLLLLTTLLSTLLTTLLILI	-19.3514	-21.4169	0.141213	0.917682	673.628
LLLLLLTTLLSTLLTTLLILI	LLLWLLTTLLSTLLTTLLILI	-22.1362	-22.023	0.198389	0.743646	646.557
LLLWLLTTLLSTLLTTLLILI	LLLLLLTTLLSTLLTTLLILI	-22.023	-22.1362	0.743646	0.198389	618.524
LLLLLLTTLLSTLLTTLLILI	LLLLLLTTLLSTLLTYLLILI	-21.4169	-19.3514	0.917682	0.141213	589.688
LLLLLLTTLLSTLLTYLLILI	LLLLLLTTLLSVLLTYLLILI	-18.2163	-12.4559	1.27634	0.0728516	530.348
LLLLLLTTLLSVLLTYLLILI	LLLLLLTTLLSVLLTTLLILI	-12.3569	-17.9233	0.171816	0.816184	500.25
LLLLLLTTLLSVLLTTLLILI	LLLLLLTTLLSTLLTTLLILI	-18.6805	-20.94	0.0589809	1.39457	470.152
LLLLLLTTLLSTLLTTLLILI	LLLWLLTTLLSTLLTTLLILI	-22.1362	-22.023	0.198389	0.743646	440.27
LLLWLLTTLLSTLLTTLLILI	LLLWLLTTLLATLLTTLLILI	-22.1244	-21.1604	0.642213	0.244161	410.812
LLLWLLTTLLATLLTTLLILI	LLLWLLTTLLSTLLTTLLILI	-21.1604	-22.3819	0.244161	0.642213	381.976
LLLWLLTTLLSTLLTTLLILI	LLLWLLTTLLATLLTTLLILI	-22.3819	-20.1419	0.642213	0.244161	326.872
LLLWLLTTLLATLLTTLLILI	LLLLLLTTLLATLLTTLLILI	-19.6424	-19.96	0.743646	0.198389	300.898
LLLLLLTTLLATLLTTLLILI	LLLWLLTTLLATLLTTLLILI	-19.96	-20.3954	0.198389	0.743646	276.131
LLLWLLTTLLATLLTTLLILI	LLLWLLTTLLSTLLTTLLILI	-20.8949	-21.3719	0.244161	0.642213	252.655
LLLWLLTTLLSTLLTTLLILI	LLLLLLTTLLSTLLTTLLILI	-21.2705	-22.1362	0.743646	0.198389	230.526
LLLLLLTTLLSTLLTTLLILI	LLLWLLTTLLSTLLTTLLILI	-22.1362	-22.023	0.198389	0.743646	172.439
LLLWLLTTLLSTLLTTLLILI	LLLLLLTTLLSTLLTTLLILI	-22.023	-22.1362	0.743646	0.198389	155.814
LLLLLLTTLLSTLLTTLLILI	LLLWLLTTLLSTLLTTLLILI	-22.1362	-22.2804	0.198389	0.743646	126.449
LLLWLLTTLLSTLLTTLLILI	LLLLLLTTLLSTLLTTLLILI	-22.2804	-22.1362	0.743646	0.198389	101.879
LLLLLLTTLLSTLLTTLLILI	LLLWLLTTLLSTLLTTLLILI	-22.1362	-22.2804	0.198389	0.743646	40.495
Time: 101s
