***STARTING GEOMETRY:***
xShift: 8.15
crossingAngle: -41.37
axialRotation: -35.94
zShift: 5.65

Number of MCCycles: 200
PrevSequence	CurrSequence	PrevEnergy	CurrEnergy	PrevEntropy	CurrEntropy	CurrentTemp
LLLTGLLTGLLTTLLVTLILI	LLLTGLLYGLLTTLLVTLILI	-12.2413	-11.838	0.917682	0.141213	999.847
LLLTGLLYGLLTTLLVTLILI	LLLYGLLYGLLTTLLVTLILI	-11.4404	-13.2751	0.538845	0.30482	999.684
LLLYGLLYGLLTTLLVTLILI	LLLYGLLYGLLTTLLFTLILI	-13.2393	-10.7848	0.340616	0.489394	999.512
LLLYGLLYGLLTTLLFTLILI	LLLYGLLYGLLFTLLFTLILI	-10.5805	-8.47799	0.693609	0.219549	999.328
LLLYGLLYGLLFTLLFTLILI	LLLYGLLTGLLFTLLFTLILI	-8.3182	-10.4237	0.379341	0.443059	999.134
LLLYGLLTGLLFTLLFTLILI	LLLYGLLTGLLTTLLFTLILI	-10.6949	-12.4353	0.171816	0.816184	998.928
LLLYGLLTGLLTTLLFTLILI	LLLYGLLYGLLTTLLFTLILI	-12.7126	-10.9693	0.538845	0.30482	998.708
LLLYGLLYGLLTTLLFTLILI	LLLYGLLTGLLTTLLFTLILI	-10.9693	-12.7126	0.30482	0.538845	998.476
LLLYGLLTGLLTTLLFTLILI	LLLYGLLTGLLTTLLFWLILI	-12.6641	-11.0633	0.58734	0.274265	998.229
LLLYGLLTGLLTTLLFWLILI	LLLYGLLTGLLTTLLFTLILI	-11.0633	-12.6641	0.274265	0.58734	997.967
LLLYGLLTGLLTTLLFTLILI	LLLYGLLTGLLTTLLVTLILI	-12.762	-15.2216	0.489394	0.340616	997.689
LLLYGLLTGLLTTLLVTLILI	LLLYGLLTGLLYTLLVTLILI	-15.0234	-13.4658	0.538845	0.30482	997.394
LLLYGLLTGLLYTLLVTLILI	LLLYGLLTGLLYTLLVVLILI	-12.9705	-9.7207	0.800152	0.177314	997.081
LLLYGLLTGLLYTLLVVLILI	LLLTGLLTGLLYTLLVVLILI	-9.51867	-9.40066	0.379341	0.443059	996.749
LLLTGLLTGLLYTLLVVLILI	LLLTGLLTGLLYTLLVTLILI	-9.706	-13.0337	0.137712	0.930859	996.397
LLLTGLLTGLLYTLLVTLILI	LLLTGLLTGLLTTLLVTLILI	-13.8233	-14.415	0.141213	0.917682	996.023
LLLTGLLTGLLTTLLVTLILI	LLLYGLLTGLLTTLLVTLILI	-14.415	-15.421	0.917682	0.141213	995.626
LLLYGLLTGLLTTLLVTLILI	LLLYGLLTGLLFTLLVTLILI	-14.4154	-12.7671	1.14683	0.0921195	994.758
LLLYGLLTGLLFTLLVTLILI	LLLYGLLYGLLFTLLVTLILI	-12.4162	-9.92584	0.443059	0.379341	994.285
LLLYGLLYGLLFTLLVTLILI	LLLYGLLTGLLFTLLVTLILI	-9.92584	-12.4162	0.379341	0.443059	993.782
LLLYGLLTGLLFTLLVTLILI	LLLYGLLTGLLFTLLFTLILI	-12.6648	-10.1124	0.194474	0.753596	993.249
LLLYGLLTGLLFTLLFTLILI	LLLYGLLTGLLTTLLFTLILI	-10.6942	-12.3713	0.171816	0.816184	992.683
LLLYGLLTGLLTTLLFTLILI	LLLYGLLTGLLTTLLVTLILI	-12.6981	-15.1577	0.489394	0.340616	992.084
LLLYGLLTGLLTTLLVTLILI	LLLYGLLYGLLTTLLVTLILI	-14.9594	-13.2751	0.538845	0.30482	991.448
LLLYGLLYGLLTTLLVTLILI	LLLYGLLTGLLTTLLVTLILI	-13.2751	-15.0234	0.30482	0.538845	990.773
LLLYGLLTGLLTTLLVTLILI	LLLGGLLTGLLTTLLVTLILI	-15.2921	-14.6611	0.270132	0.594419	990.058
LLLGGLLTGLLTTLLVTLILI	LLLGGLLTGLLYTLLVTLILI	-14.4393	-13.6787	0.816184	0.171816	989.3
LLLGGLLTGLLYTLLVTLILI	LLLYGLLTGLLYTLLVTLILI	-13.4816	-13.7422	0.368877	0.454934	988.496
LLLYGLLTGLLYTLLVTLILI	LLLTGLLTGLLYTLLVTLILI	-13.8923	-15.5939	0.30482	0.538845	987.644
LLLTGLLTGLLYTLLVTLILI	LLLTGLLTGLLYTLLVVLILI	-15.2019	-11.8014	0.930859	0.137712	986.74
LLLTGLLTGLLYTLLVVLILI	LLLTGLLTGLLYTLLVTLILI	-11.8014	-13.0337	0.137712	0.930859	985.783
LLLTGLLTGLLYTLLVTLILI	LLLYGLLTGLLYTLLVTLILI	-13.4257	-15.9557	0.538845	0.30482	984.769
LLLYGLLTGLLYTLLVTLILI	LLLGGLLTGLLYTLLVTLILI	-15.8056	-15.6515	0.454934	0.368877	983.694
LLLGGLLTGLLYTLLVTLILI	LLLGGLLTGLLTTLLVTLILI	-15.8486	-14.4393	0.171816	0.816184	982.555
LLLGGLLTGLLTTLLVTLILI	LLLGGLLTGLLTTLLVVLILI	-14.3247	-10.9263	0.930859	0.137712	980.071
LLLGGLLTGLLTTLLVVLILI	LLLGGLLYGLLTTLLVVLILI	-10.3704	-8.77575	0.693609	0.219549	978.717
LLLGGLLYGLLTTLLVVLILI	LLLGGLLYGLLTTLLFVLILI	-8.43984	-6.36379	0.555456	0.293891	977.285
LLLGGLLYGLLTTLLFVLILI	LLLGGLLYGLLTTLLFTLILI	-6.56241	-9.67479	0.0952708	1.12845	975.768
LLLGGLLYGLLTTLLFTLILI	LLLYGLLYGLLTTLLFTLILI	-10.4344	-10.8192	0.368877	0.454934	974.162
LLLYGLLYGLLTTLLFTLILI	LLLYGLLYGLLTTLLVTLILI	-10.7848	-13.2393	0.489394	0.340616	972.463
LLLYGLLYGLLTTLLVTLILI	LLLYGLLYGLLTTLLFTLILI	-13.2393	-10.7848	0.340616	0.489394	970.666
LLLYGLLYGLLTTLLFTLILI	LLLGGLLYGLLTTLLFTLILI	-10.8192	-10.0262	0.454934	0.368877	968.764
LLLGGLLYGLLTTLLFTLILI	LLLYGLLYGLLTTLLFTLILI	-10.0262	-10.8192	0.368877	0.454934	966.754
LLLYGLLYGLLTTLLFTLILI	LLLYGLLTGLLTTLLFTLILI	-10.9693	-12.7126	0.30482	0.538845	964.627
LLLYGLLTGLLTTLLFTLILI	LLLGGLLTGLLTTLLFTLILI	-12.9813	-12.2892	0.270132	0.594419	962.38
LLLGGLLTGLLTTLLFTLILI	LLLGGLLTGLLTTLLFYLILI	-12.0674	-9.57892	0.816184	0.171816	960.005
LLLGGLLTGLLTTLLFYLILI	LLLGGLLYGLLTTLLFYLILI	-9.30768	-7.65087	0.443059	0.379341	957.496
LLLGGLLYGLLTTLLFYLILI	LLLGGLLYGLLTTLLGYLILI	-7.91403	-10.7427	0.116183	1.02112	954.846
LLLGGLLYGLLTTLLGYLILI	LLLGGLLYGLLVTLLGYLILI	-10.833	-7.33221	0.930859	0.137712	952.048
LLLGGLLYGLLVTLLGYLILI	LLLWGLLYGLLVTLLGYLILI	-6.97232	-6.60367	0.497607	0.334305	945.979
LLLWGLLYGLLVTLLGYLILI	LLLYGLLYGLLVTLLGYLILI	-6.66594	-7.30505	0.272043	0.591129	942.693
LLLYGLLYGLLVTLLGYLILI	LLLYGLLYGLLTTLLGYLILI	-7.75847	-11.1023	0.137712	0.930859	939.229
LLLYGLLYGLLTTLLGYLILI	LLLYGLLTGLLTTLLGYLILI	-11.5281	-12.9279	0.505042	0.328724	935.578
LLLYGLLTGLLTTLLGYLILI	LLLYGLLTGLLYTLLGYLILI	-12.9279	-12.6638	0.328724	0.505042	931.732
LLLYGLLTGLLYTLLGYLILI	LLLTGLLTGLLYTLLGYLILI	-12.6638	-12.7154	0.505042	0.328724	927.683
LLLTGLLTGLLYTLLGYLILI	LLLTGLLTGLLYTLLYYLILI	-12.7747	-9.64014	0.269472	0.595564	923.422
LLLTGLLTGLLYTLLYYLILI	LLLTGLLTGLLYTLLYTLILI	-9.82235	-10.4652	0.413356	0.407346	918.939
LLLTGLLTGLLYTLLYTLILI	LLLTGLLTGLLTTLLYTLILI	-10.6174	-12.8349	0.255144	0.62127	914.227
LLLTGLLTGLLTTLLYTLILI	LLLTGLLTGLLTTLLVTLILI	-12.7025	-15.2423	0.753596	0.194474	909.276
LLLTGLLTGLLTTLLVTLILI	LLLTGLLTGLLYTLLVTLILI	-14.5191	-13.8308	0.917682	0.141213	904.077
LLLTGLLTGLLYTLLVTLILI	LLLTGLLTGLLTTLLVTLILI	-13.8308	-14.415	0.141213	0.917682	898.621
LLLTGLLTGLLTTLLVTLILI	LLLYGLLTGLLTTLLVTLILI	-14.415	-15.421	0.917682	0.141213	886.903
LLLYGLLTGLLTTLLVTLILI	LLLGGLLTGLLTTLLVTLILI	-15.2921	-14.6611	0.270132	0.594419	880.623
LLLGGLLTGLLTTLLVTLILI	LLLGGLLTGLLYTLLVTLILI	-14.4393	-13.6546	0.816184	0.171816	874.051
LLLGGLLTGLLYTLLVTLILI	LLLGGLLTGLLTTLLVTLILI	-13.6546	-14.3782	0.171816	0.816184	859.999
LLLGGLLTGLLTTLLVTLILI	LLLGGLLTGLLTTLLVVLILI	-14.2635	-10.9263	0.930859	0.137712	852.504
LLLGGLLTGLLTTLLVVLILI	LLLGGLLYGLLTTLLVVLILI	-10.3704	-8.70232	0.693609	0.219549	844.686
LLLGGLLYGLLTTLLVVLILI	LLLGGLLYGLLTTLLVTLILI	-8.74455	-12.3472	0.177314	0.800152	836.541
LLLGGLLYGLLTTLLVTLILI	LLLYGLLYGLLTTLLVTLILI	-12.7785	-13.125	0.368877	0.454934	828.061
LLLYGLLYGLLTTLLVTLILI	LLLYGLLTGLLTTLLVTLILI	-13.2751	-15.0234	0.30482	0.538845	819.243
LLLYGLLTGLLTTLLVTLILI	LLLYGLLTGLLYTLLVTLILI	-15.0234	-13.827	0.538845	0.30482	810.083
LLLYGLLTGLLYTLLVTLILI	LLLYGLLTGLLTTLLVTLILI	-13.827	-15.0234	0.30482	0.538845	790.724
LLLYGLLTGLLTTLLVTLILI	LLLYGLLYGLLTTLLVTLILI	-15.0234	-13.2751	0.538845	0.30482	769.974
LLLYGLLYGLLTTLLVTLILI	LLLYGLLTGLLTTLLVTLILI	-13.2751	-15.0234	0.30482	0.538845	759.081
LLLYGLLTGLLTTLLVTLILI	LLLYGLLYGLLTTLLVTLILI	-15.0234	-13.2751	0.538845	0.30482	747.845
LLLYGLLYGLLTTLLVTLILI	LLLGGLLYGLLTTLLVTLILI	-13.125	-12.8181	0.454934	0.368877	736.272
LLLGGLLYGLLTTLLVTLILI	LLLGGLLTGLLTTLLVTLILI	-13.0152	-14.4393	0.171816	0.816184	712.142
LLLGGLLTGLLTTLLVTLILI	LLLYGLLTGLLTTLLVTLILI	-14.6611	-15.2921	0.594419	0.270132	699.602
LLLYGLLTGLLTTLLVTLILI	LLLYGLLTGLLYTLLVTLILI	-15.0234	-15.9557	0.538845	0.30482	686.76
LLLYGLLTGLLYTLLVTLILI	LLLYGLLTGLLTTLLVTLILI	-15.9557	-15.0234	0.30482	0.538845	673.628
LLLYGLLTGLLTTLLVTLILI	LLLYGLLTGLLTTLLFTLILI	-15.2216	-12.762	0.340616	0.489394	660.222
LLLYGLLTGLLTTLLFTLILI	LLLYGLLTGLLTTLLVTLILI	-12.762	-15.2216	0.489394	0.340616	646.557
LLLYGLLTGLLTTLLVTLILI	LLLGGLLTGLLTTLLVTLILI	-15.2921	-14.6246	0.270132	0.594419	618.524
LLLGGLLTGLLTTLLVTLILI	LLLYGLLTGLLTTLLVTLILI	-14.6246	-15.2921	0.594419	0.270132	604.196
LLLYGLLTGLLTTLLVTLILI	LLLGGLLTGLLTTLLVTLILI	-15.2921	-14.6611	0.270132	0.594419	589.688
LLLGGLLTGLLTTLLVTLILI	LLLGGLLTGLLYTLLVTLILI	-14.4393	-15.8848	0.816184	0.171816	575.025
LLLGGLLTGLLYTLLVTLILI	LLLYGLLTGLLYTLLVTLILI	-15.6877	-13.7372	0.368877	0.454934	410.812
LLLYGLLTGLLYTLLVTLILI	LLLYGLLTGLLTTLLVTLILI	-13.8873	-15.0234	0.30482	0.538845	396.304
LLLYGLLTGLLTTLLVTLILI	LLLGGLLTGLLTTLLVTLILI	-15.2921	-14.6	0.270132	0.594419	381.976
LLLGGLLTGLLTTLLVTLILI	LLLYGLLTGLLTTLLVTLILI	-14.6	-15.2921	0.594419	0.270132	367.849
LLLYGLLTGLLTTLLVTLILI	LLLGGLLTGLLTTLLVTLILI	-15.2921	-14.6611	0.270132	0.594419	353.943
LLLGGLLTGLLTTLLVTLILI	LLLGGLLYGLLTTLLVTLILI	-14.4393	-12.9756	0.816184	0.171816	340.278
LLLGGLLYGLLTTLLVTLILI	LLLGGLLTGLLTTLLVTLILI	-12.9756	-14.3782	0.171816	0.816184	326.872
LLLGGLLTGLLTTLLVTLILI	LLLGGLLYGLLTTLLVTLILI	-14.3782	-12.9417	0.816184	0.171816	313.74
LLLGGLLYGLLTTLLVTLILI	LLLGGLLTGLLTTLLVTLILI	-12.9417	-14.4393	0.171816	0.816184	300.898
LLLGGLLTGLLTTLLVTLILI	LLLGGLLTGLLYTLLVTLILI	-14.4393	-13.359	0.816184	0.171816	276.131
LLLGGLLTGLLYTLLVTLILI	LLLGGLLTGLLTTLLVTLILI	-13.359	-14.4028	0.171816	0.816184	264.228
LLLGGLLTGLLTTLLVTLILI	LLLGGLLTGLLYTLLVTLILI	-14.4028	-15.8222	0.816184	0.171816	252.655
LLLGGLLTGLLYTLLVTLILI	LLLTGLLTGLLYTLLVTLILI	-15.7224	-15.6089	0.271676	0.591758	241.419
LLLTGLLTGLLYTLLVTLILI	LLLYGLLTGLLYTLLVTLILI	-15.6618	-15.9911	0.538845	0.30482	209.776
LLLYGLLTGLLYTLLVTLILI	LLLGGLLTGLLYTLLVTLILI	-15.841	-15.6252	0.454934	0.368877	199.923
LLLGGLLTGLLYTLLVTLILI	LLLYGLLTGLLYTLLVTLILI	-15.6252	-15.9087	0.368877	0.454934	172.439
LLLYGLLTGLLYTLLVTLILI	LLLGGLLTGLLYTLLVTLILI	-15.9087	-15.6252	0.454934	0.368877	147.996
LLLGGLLTGLLYTLLVTLILI	LLLYGLLTGLLYTLLVTLILI	-15.6252	-15.8056	0.368877	0.454934	119.877
Time: 309s
