***STARTING GEOMETRY:***
xShift: 8.63962
crossingAngle: -34.9164
axialRotation: 18.0145
zShift: 4.25509

Number of MCCycles: 100
PrevSequence	CurrSequence	PrevEnergy	CurrEnergy	PrevEntropy	CurrEntropy	CurrentTemp
LLLALLVFLLTTLLATLLILI	LLLGLLVFLLTTLLATLLILI	-12.8501	-17.0532	0.463748	0.36136	999.684
LLLGLLVFLLTTLLATLLILI	LLLGLLTFLLTTLLATLLILI	-17.3417	-16.6568	0.0728516	1.27634	999.328
LLLGLLTFLLTTLLATLLILI	LLLGLLTFLLTTLLAYLLILI	-17.117	-14.1936	0.816184	0.171816	998.928
LLLGLLTFLLTTLLAYLLILI	LLLGLLTWLLTTLLAYLLILI	-14.2166	-13.019	0.148778	0.890414	998.476
LLLGLLTWLLTTLLAYLLILI	LLLGLLYWLLTTLLAYLLILI	-13.4664	-13.7913	0.443059	0.379341	997.967
LLLGLLYWLLTTLLAYLLILI	LLLGLLYWLLTTLLATLLILI	-13.7913	-17.2066	0.379341	0.443059	997.394
LLLGLLYWLLTTLLATLLILI	LLLGLLVWLLTTLLATLLILI	-16.896	-16.8458	0.753596	0.194474	996.749
LLLGLLVWLLTTLLATLLILI	LLLGLLVFLLTTLLATLLILI	-16.1499	-17.2658	0.890414	0.148778	996.023
LLLGLLVFLLTTLLATLLILI	LLLGLLVFLLTTLLSTLLILI	-17.1704	-15.9017	0.244161	0.642213	995.205
LLLGLLVFLLTTLLSTLLILI	LLLALLVFLLTTLLSTLLILI	-15.9598	-15.7462	0.584123	0.276169	994.285
LLLALLVFLLTTLLSTLLILI	LLLALLVWLLTTLLSTLLILI	-15.8736	-14.464	0.148778	0.890414	993.249
LLLALLVWLLTTLLSTLLILI	LLLALLVWLLTTLLATLLILI	-14.9502	-15.8108	0.404229	0.416521	992.084
LLLALLVWLLTTLLATLLILI	LLLALLTWLLTTLLATLLILI	-16.1544	-15.2838	0.0728516	1.27634	990.773
LLLALLTWLLTTLLATLLILI	LLLALLTWLLTVLLATLLILI	-15.2838	-12.2654	1.27634	0.0728516	989.3
LLLALLTWLLTVLLATLLILI	LLLALLTWLLTTLLATLLILI	-12.2654	-15.3412	0.0728516	1.27634	987.644
LLLALLTWLLTTLLATLLILI	LLLALLTFLLTTLLATLLILI	-15.7271	-17.8221	0.890414	0.148778	985.783
LLLALLTFLLTTLLATLLILI	LLLGLLTFLLTTLLATLLILI	-17.5071	-17.5373	0.463748	0.36136	983.694
LLLGLLTFLLTTLLATLLILI	LLLGLLFFLLTTLLATLLILI	-17.0825	-18.2163	0.816184	0.171816	981.348
LLLGLLFFLLTTLLATLLILI	LLLGLLFTLLTTLLATLLILI	-18.2163	-18.9559	0.171816	0.816184	978.717
LLLGLLFTLLTTLLATLLILI	LLLGLLFFLLTTLLATLLILI	-18.9559	-18.2163	0.816184	0.171816	975.768
LLLGLLFFLLTTLLATLLILI	LLLGLLFFLLGTLLATLLILI	-17.7513	-10.7357	0.636769	0.246959	972.463
LLLGLLFFLLGTLLATLLILI	LLLGLLFTLLGTLLATLLILI	-10.7631	-12.8639	0.219549	0.693609	968.764
LLLGLLFTLLGTLLATLLILI	LLLGLLFTLLGTLLSTLLILI	-13.3133	-12.0397	0.244161	0.642213	964.627
LLLGLLFTLLGTLLSTLLILI	LLLGLLFFLLGTLLSTLLILI	-11.9883	-9.88639	0.693609	0.219549	960.005
LLLGLLFFLLGTLLSTLLILI	LLLGLLFTLLGTLLSTLLILI	-9.88639	-11.9883	0.219549	0.693609	954.846
LLLGLLFTLLGTLLSTLLILI	LLLGLLFTLLGTLLATLLILI	-12.0397	-13.3133	0.642213	0.244161	949.095
LLLGLLFTLLGTLLATLLILI	LLLGLLFFLLGTLLATLLILI	-12.8639	-12.1748	0.693609	0.219549	942.693
LLLGLLFFLLGTLLATLLILI	LLLGLLFFLLGYLLATLLILI	-11.8555	-8.84187	0.538845	0.30482	935.578
LLLGLLFFLLGYLLATLLILI	LLLGLLFFLLGTLLATLLILI	-8.84187	-10.4323	0.30482	0.538845	927.683
LLLGLLFFLLGTLLATLLILI	LLLGLLFTLLGTLLATLLILI	-10.7516	-11.904	0.219549	0.693609	918.939
LLLGLLFTLLGTLLATLLILI	LLLGLLFTLLGTLLAVLLILI	-11.4692	-9.72529	1.12845	0.0952708	909.276
LLLGLLFTLLGTLLAVLLILI	LLLGLLYTLLGTLLAVLLILI	-9.58052	-10.203	0.240035	0.650378	898.621
LLLGLLYTLLGTLLAVLLILI	LLLGLLYTLLGTLLSVLLILI	-10.6092	-9.31861	0.244161	0.642213	886.903
LLLGLLYTLLGTLLSVLLILI	LLLGLLYTLLGTLLAVLLILI	-9.31861	-9.20282	0.642213	0.244161	874.051
LLLGLLYTLLGTLLAVLLILI	LLLGLLYTLLGTLLATLLILI	-9.35171	-13.462	0.0952708	1.12845	859.999
LLLGLLYTLLGTLLATLLILI	LLLGLLFTLLGTLLATLLILI	-13.94	-13.3174	0.650378	0.240035	844.686
LLLGLLFTLLGTLLATLLILI	LLLGLLFWLLGTLLATLLILI	-13.0715	-10.3079	0.48602	0.343253	828.061
LLLGLLFWLLGTLLATLLILI	LLLGLLFWLLGTLLSTLLILI	-10.407	-9.14727	0.244161	0.642213	810.083
LLLGLLFWLLGTLLSTLLILI	LLLGLLFTLLGTLLSTLLILI	-9.44623	-12.1959	0.343253	0.48602	790.724
LLLGLLFTLLGTLLSTLLILI	LLLGLLFTLLGTLLATLLILI	-12.0397	-12.3535	0.642213	0.244161	769.974
LLLGLLFTLLGTLLATLLILI	LLLGLLFFLLGTLLATLLILI	-11.904	-12.1748	0.693609	0.219549	747.845
LLLGLLFFLLGTLLATLLILI	LLLGLLYFLLGTLLATLLILI	-11.984	-11.6075	0.410343	0.410343	699.602
LLLGLLYFLLGTLLATLLILI	LLLGLLYTLLGTLLATLLILI	-11.8979	-12.1798	0.119894	1.0043	673.628
LLLGLLYTLLGTLLATLLILI	LLLGLLYTLLGTLLSTLLILI	-12.9399	-11.6659	0.244161	0.642213	646.557
LLLGLLYTLLGTLLSTLLILI	LLLGLLWTLLGTLLSTLLILI	-12.0405	-12.2058	0.267575	0.598868	618.524
LLLGLLWTLLGTLLSTLLILI	LLLGLLYTLLGTLLSTLLILI	-12.2058	-13.4469	0.598868	0.267575	589.688
LLLGLLYTLLGTLLSTLLILI	LLLGLLFTLLGTLLSTLLILI	-13.0641	-12.4418	0.650378	0.240035	560.23
LLLGLLFTLLGTLLSTLLILI	LLLGLLFFLLGTLLSTLLILI	-11.9883	-9.89786	0.693609	0.219549	530.348
LLLGLLFFLLGTLLSTLLILI	LLLGLLFTLLGTLLSTLLILI	-9.89786	-11.9883	0.219549	0.693609	500.25
LLLGLLFTLLGTLLSTLLILI	LLLGLLFYLLGTLLSTLLILI	-11.9883	-12.3361	0.693609	0.219549	470.152
LLLGLLFYLLGTLLSTLLILI	LLLGLLFYLLGTLLATLLILI	-11.9134	-11.5937	0.642213	0.244161	440.27
LLLGLLFYLLGTLLATLLILI	LLLGLLFTLLGTLLATLLILI	-11.6183	-12.8639	0.219549	0.693609	410.812
LLLGLLFTLLGTLLATLLILI	LLLGLLFTLLGTLLSTLLILI	-13.3133	-12.0397	0.244161	0.642213	381.976
LLLGLLFTLLGTLLSTLLILI	LLLGLLFTLLGYLLSTLLILI	-11.9883	-10.6732	0.693609	0.219549	353.943
LLLGLLFTLLGYLLSTLLILI	LLLGLLFTLLGTLLSTLLILI	-10.6732	-11.9883	0.219549	0.693609	326.872
LLLGLLFTLLGTLLSTLLILI	LLLGLLYTLLGTLLSTLLILI	-12.4418	-13.0641	0.240035	0.650378	300.898
LLLGLLYTLLGTLLSTLLILI	LLLGLLYTLLGTLLATLLILI	-13.0723	-14.3462	0.642213	0.244161	276.131
LLLGLLYTLLGTLLATLLILI	LLLGLLFTLLGTLLATLLILI	-13.94	-13.3174	0.650378	0.240035	155.814
LLLGLLFTLLGTLLATLLILI	LLLGLLYTLLGTLLATLLILI	-13.3174	-13.94	0.240035	0.650378	140.501
LLLGLLYTLLGTLLATLLILI	LLLGLLYTLLGTLLSTLLILI	-14.3462	-13.0723	0.244161	0.642213	126.449
LLLGLLYTLLGTLLSTLLILI	LLLGLLYTLLGTLLATLLILI	-13.0723	-14.3462	0.642213	0.244161	101.879
Time: 117s
