***STARTING GEOMETRY:***
xShift: 8.26808
crossingAngle: -44.9702
axialRotation: 17.2683
zShift: 4.25679

Number of MCCycles: 100
PrevSequence	CurrSequence	PrevEnergy	CurrEnergy	PrevEntropy	CurrEntropy	CurrentTemp
LLLYLLATLLGTLLVTLLILI	LLLYLLATLLGTLLTTLLILI	-21.2278	-24.26	0.0728516	1.27634	999.684
LLLYLLATLLGTLLTTLLILI	LLLYLLATLLGTLLWTLLILI	-24.949	-22.4371	0.58734	0.274265	999.328
LLLYLLATLLGTLLWTLLILI	LLLYLLATLLGFLLWTLLILI	-21.7071	-21.52	1.0043	0.119894	998.928
LLLYLLATLLGFLLWTLLILI	LLLVLLATLLGFLLWTLLILI	-20.8863	-19.1548	0.753596	0.194474	998.476
LLLVLLATLLGFLLWTLLILI	LLLVLLATLLGTLLWTLLILI	-19.2294	-22.0602	0.119894	1.0043	997.967
LLLVLLATLLGTLLWTLLILI	LLLVLLATLLGFLLWTLLILI	-22.0602	-19.5617	1.0043	0.119894	997.394
LLLVLLATLLGFLLWTLLILI	LLLVLLATLLGFLLTTLLILI	-19.3384	-21.2089	0.343253	0.48602	996.749
LLLVLLATLLGFLLTTLLILI	LLLVLLATLLGFLLWTLLILI	-21.2089	-19.3384	0.48602	0.343253	996.023
LLLVLLATLLGFLLWTLLILI	LLLVLLATLLGFLLTTLLILI	-19.3384	-21.2089	0.343253	0.48602	995.205
LLLVLLATLLGFLLTTLLILI	LLLFLLATLLGFLLTTLLILI	-21.5004	-24.0848	0.194474	0.753596	994.285
LLLFLLATLLGFLLTTLLILI	LLLFLLATLLGYLLTTLLILI	-24.428	-25.6717	0.410343	0.410343	992.084
LLLFLLATLLGYLLTTLLILI	LLLFLLATLLGFLLTTLLILI	-25.6717	-24.428	0.410343	0.410343	990.773
LLLFLLATLLGFLLTTLLILI	LLLFLLATLLGFLLTYLLILI	-24.1448	-21.0131	0.693609	0.219549	989.3
LLLFLLATLLGFLLTYLLILI	LLLFLLATLLGYLLTYLLILI	-20.9926	-21.2872	0.240035	0.650378	987.644
LLLFLLATLLGYLLTYLLILI	LLLFLLATLLGTLLTYLLILI	-21.5583	-21.3907	0.379341	0.443059	985.783
LLLFLLATLLGTLLTYLLILI	LLLVLLATLLGTLLTYLLILI	-21.3443	-19.5005	0.489394	0.340616	983.694
LLLVLLATLLGTLLTYLLILI	LLLVLLATLLGYLLTYLLILI	-19.398	-19.112	0.443059	0.379341	981.348
LLLVLLATLLGYLLTYLLILI	LLLFLLATLLGYLLTYLLILI	-19.1508	-21.4813	0.340616	0.489394	978.717
LLLFLLATLLGYLLTYLLILI	LLLFLLATLLGTLLTYLLILI	-21.5913	-21.3907	0.379341	0.443059	975.768
LLLFLLATLLGTLLTYLLILI	LLLFLLATLLGYLLTYLLILI	-21.3907	-21.5583	0.443059	0.379341	972.463
LLLFLLATLLGYLLTYLLILI	LLLFLLATLLGYLLTTLLILI	-21.5583	-25.7201	0.379341	0.443059	968.764
LLLFLLATLLGYLLTTLLILI	LLLFLLATLLGYLLWTLLILI	-25.6771	-22.3654	0.48602	0.343253	964.627
LLLFLLATLLGYLLWTLLILI	LLLFLLATLLGYLLTTLLILI	-22.3654	-25.7139	0.343253	0.48602	960.005
LLLFLLATLLGYLLTTLLILI	LLLFLLGTLLGYLLTTLLILI	-26.0459	-23.357	0.154044	0.872342	954.846
LLLFLLGTLLGYLLTTLLILI	LLLFLLATLLGYLLTTLLILI	-23.357	-26.0091	0.872342	0.154044	949.095
LLLFLLATLLGYLLTTLLILI	LLLFLLGTLLGYLLTTLLILI	-26.0091	-23.357	0.154044	0.872342	942.693
LLLFLLGTLLGYLLTTLLILI	LLLWLLGTLLGYLLTTLLILI	-24.0805	-26.6422	0.148778	0.890414	935.578
LLLWLLGTLLGYLLTTLLILI	LLLWLLGTLLGYLLWTLLILI	-27.2411	-23.7744	0.291546	0.559121	927.683
LLLWLLGTLLGYLLWTLLILI	LLLWLLGTLLGYLLTTLLILI	-23.7744	-27.4102	0.559121	0.291546	918.939
LLLWLLGTLLGYLLTTLLILI	LLLYLLGTLLGYLLTTLLILI	-27.3296	-29.5411	0.372136	0.451187	909.276
LLLYLLGTLLGYLLTTLLILI	LLLYLLGTLLGTLLTTLLILI	-29.6874	-25.0466	0.30482	0.538845	874.051
LLLYLLGTLLGTLLTTLLILI	LLLWLLGTLLGTLLTTLLILI	-25.3179	-26.2124	0.267575	0.598868	859.999
LLLWLLGTLLGTLLTTLLILI	LLLYLLGTLLGTLLTTLLILI	-26.2124	-28.6562	0.598868	0.267575	828.061
LLLYLLGTLLGTLLTTLLILI	LLLYLLGTLLGFLLTTLLILI	-27.777	-25.2023	1.14683	0.0921195	810.083
LLLYLLGTLLGFLLTTLLILI	LLLYLLGVLLGFLLTTLLILI	-24.166	-20.312	1.12845	0.0952708	790.724
LLLYLLGVLLGFLLTTLLILI	LLLYLLGTLLGFLLTTLLILI	-20.312	-23.7667	0.0952708	1.12845	769.974
LLLYLLGTLLGFLLTTLLILI	LLLYLLATLLGFLLTTLLILI	-24.0228	-21.4819	0.872342	0.154044	747.845
LLLYLLATLLGFLLTTLLILI	LLLYLLAYLLGFLLTTLLILI	-21.1928	-17.1925	0.443059	0.379341	724.369
LLLYLLAYLLGFLLTTLLILI	LLLYLLAYLLGTLLTTLLILI	-17.452	-18.4556	0.119894	1.0043	699.602
LLLYLLAYLLGTLLTTLLILI	LLLWLLAYLLGTLLTTLLILI	-19.0087	-17.8996	0.451187	0.372136	673.628
LLLWLLAYLLGTLLTTLLILI	LLLWLLATLLGTLLTTLLILI	-18.0999	-21.5328	0.171816	0.816184	646.557
LLLWLLATLLGTLLTTLLILI	LLLWLLGTLLGTLLTTLLILI	-22.195	-25.9789	0.154044	0.872342	618.524
LLLWLLGTLLGTLLTTLLILI	LLLWLLGTLLGYLLTTLLILI	-26.0351	-27.4899	0.816184	0.171816	589.688
LLLWLLGTLLGYLLTTLLILI	LLLWLLGTLLGFLLTTLLILI	-27.0113	-26.0555	0.650378	0.240035	500.25
LLLWLLGTLLGFLLTTLLILI	LLLWLLGTLLGYLLTTLLILI	-26.0555	-27.0113	0.240035	0.650378	470.152
LLLWLLGTLLGYLLTTLLILI	LLLYLLGTLLGYLLTTLLILI	-27.2895	-29.5411	0.372136	0.451187	410.812
Time: 160s
