***STARTING GEOMETRY:***
xShift: 7.34
crossingAngle: -38.23
axialRotation: -17.43
zShift: 2.83

Number of MCCycles: 200
PrevSequence	CurrSequence	PrevEnergy	CurrEnergy	PrevEntropy	CurrEntropy	CurrentTemp
LLLYGLLTGLLTGLLTGLILI	LLLYGLLTGLLTGLLTTLILI	4.46079	-1.1353	0.34018	0.489954	999.847
LLLYGLLTGLLTGLLTTLILI	LLLYGLLTGLLTGLLLTLILI	-0.642158	0.317935	0.983093	0.124761	999.684
LLLYGLLTGLLTGLLLTLILI	LLLYGLLTGLLTGLLTTLILI	0.317935	-0.642158	0.124761	0.983093	999.512
LLLYGLLTGLLTGLLTTLILI	LLLYGLLTGLLYGLLTTLILI	-1.08641	-0.298966	0.538845	0.30482	999.328
LLLYGLLTGLLYGLLTTLILI	LLLYGLLTGLLTGLLTTLILI	-0.298966	-1.08641	0.30482	0.538845	999.134
LLLYGLLTGLLTGLLTTLILI	LLLYGLLTGLLTGLLYTLILI	-1.08641	-2.0069	0.538845	0.30482	998.708
LLLYGLLTGLLTGLLYTLILI	LLLYGLLTGLLTGLLTTLILI	-2.0069	-1.08641	0.30482	0.538845	997.967
LLLYGLLTGLLTGLLTTLILI	LLLGGLLTGLLTGLLTTLILI	-1.41199	-0.316737	0.213262	0.707856	997.689
LLLGGLLTGLLTGLLTTLILI	LLLGGLLTGLLTGLLLTLILI	-0.0415003	0.918593	0.983093	0.124761	997.394
LLLGGLLTGLLTGLLLTLILI	LLLGGLLTGLLTGLLTTLILI	0.918593	-0.0415003	0.124761	0.983093	997.081
LLLGGLLTGLLTGLLTTLILI	LLLYGLLTGLLTGLLTTLILI	-0.316737	-1.41199	0.707856	0.213262	996.749
LLLYGLLTGLLTGLLTTLILI	LLLYGLLTGLLYGLLTTLILI	-1.08641	-0.298966	0.538845	0.30482	996.397
LLLYGLLTGLLYGLLTTLILI	LLLYGLLYGLLYGLLTTLILI	-0.275062	4.75939	0.328724	0.505042	996.023
LLLYGLLYGLLYGLLTTLILI	LLLYGLLTGLLYGLLTTLILI	4.75939	-0.275062	0.505042	0.328724	995.626
LLLYGLLTGLLYGLLTTLILI	LLLGGLLTGLLYGLLTTLILI	-0.234071	0.456787	0.369715	0.453966	995.205
LLLGGLLTGLLYGLLTTLILI	LLLGGLLTGLLTGLLTTLILI	0.174637	-0.208409	0.171816	0.816184	994.758
LLLGGLLTGLLTGLLTTLILI	LLLGGLLTGLLYGLLTTLILI	-0.208409	0.174637	0.816184	0.171816	994.285
LLLGGLLTGLLYGLLTTLILI	LLLYGLLTGLLYGLLTTLILI	0.456787	-0.234071	0.453966	0.369715	993.782
LLLYGLLTGLLYGLLTTLILI	LLLYGLLTGLLYGLLTGLILI	-0.203621	5.42095	0.400165	0.420699	993.249
LLLYGLLTGLLYGLLTGLILI	LLLYGLLTGLLYGLLTTLILI	5.42095	-0.203621	0.420699	0.400165	992.683
LLLYGLLTGLLYGLLTTLILI	LLLYGLLTGLLYGLLLTLILI	0.245357	1.81555	0.849143	0.161118	992.084
LLLYGLLTGLLYGLLLTLILI	LLLYGLLTGLLYGLLTTLILI	1.81555	0.245357	0.161118	0.849143	991.448
LLLYGLLTGLLYGLLTTLILI	LLLGGLLTGLLYGLLTTLILI	-0.234071	0.456787	0.369715	0.453966	990.773
LLLGGLLTGLLYGLLTTLILI	LLLYGLLTGLLYGLLTTLILI	0.456787	-0.234071	0.453966	0.369715	990.058
LLLYGLLTGLLYGLLTTLILI	LLLGGLLTGLLYGLLTTLILI	-0.234071	0.456787	0.369715	0.453966	989.3
LLLGGLLTGLLYGLLTTLILI	LLLYGLLTGLLYGLLTTLILI	0.456787	-0.234071	0.453966	0.369715	988.496
LLLYGLLTGLLYGLLTTLILI	LLLYGLLTGLLTGLLTTLILI	-0.298966	-1.08641	0.30482	0.538845	986.74
LLLYGLLTGLLTGLLTTLILI	LLLYGLLTGLLYGLLTTLILI	-1.08641	-0.298966	0.538845	0.30482	984.769
LLLYGLLTGLLYGLLTTLILI	LLLYGLLTGLLTGLLTTLILI	-0.298966	-1.08641	0.30482	0.538845	983.694
LLLYGLLTGLLTGLLTTLILI	LLLGGLLTGLLTGLLTTLILI	-1.41199	-0.316737	0.213262	0.707856	982.555
LLLGGLLTGLLTGLLTTLILI	LLLGGLLYGLLTGLLTTLILI	-0.208409	1.93073	0.816184	0.171816	981.348
LLLGGLLYGLLTGLLTTLILI	LLLGGLLYGLLTGLLLTLILI	2.60806	3.73257	0.849143	0.161118	980.071
LLLGGLLYGLLTGLLLTLILI	LLLGGLLYGLLIGLLLTLILI	4.4834	7.2426	0.911943	0.142768	978.717
LLLGGLLYGLLIGLLLTLILI	LLLGGLLYGLLIGLLTTLILI	7.32758	6.37836	0.227751	0.67574	975.768
LLLGGLLYGLLIGLLTTLILI	LLLYGLLYGLLIGLLTTLILI	6.15659	5.32673	0.453966	0.369715	974.162
LLLYGLLYGLLIGLLTTLILI	LLLYGLLTGLLIGLLTTLILI	5.33636	2.56363	0.379341	0.443059	972.463
LLLYGLLTGLLIGLLTTLILI	LLLYGLLTGLLTGLLTTLILI	2.19625	-0.370055	0.0756774	1.2552	970.666
LLLYGLLTGLLTGLLTTLILI	LLLYGLLTGLLTGLLYTLILI	-1.08641	-2.0069	0.538845	0.30482	968.764
LLLYGLLTGLLTGLLYTLILI	LLLTGLLTGLLTGLLYTLILI	-2.0069	-1.4045	0.30482	0.538845	966.754
LLLTGLLTGLLTGLLYTLILI	LLLGGLLTGLLTGLLYTLILI	-1.45339	-3.23121	0.489954	0.34018	964.627
LLLGGLLTGLLTGLLYTLILI	LLLGGLLTGLLYGLLYTLILI	-3.12834	2.13045	0.443059	0.379341	954.846
LLLGGLLTGLLYGLLYTLILI	LLLGGLLTGLLYGLLTTLILI	2.13045	0.44588	0.379341	0.443059	952.048
LLLGGLLTGLLYGLLTTLILI	LLLYGLLTGLLYGLLTTLILI	0.456787	-0.234071	0.453966	0.369715	949.095
LLLYGLLTGLLYGLLTTLILI	LLLYGLLTGLLTGLLTTLILI	-0.298966	-1.08641	0.30482	0.538845	945.979
LLLYGLLTGLLTGLLTTLILI	LLLYGLLTGLLYGLLTTLILI	-1.08641	-0.298966	0.538845	0.30482	942.693
LLLYGLLTGLLYGLLTTLILI	LLLYGLLTGLLTGLLTTLILI	-0.298966	-1.08641	0.30482	0.538845	935.578
LLLYGLLTGLLTGLLTTLILI	LLLYGLLYGLLTGLLTTLILI	-1.08641	1.29272	0.538845	0.30482	931.732
LLLYGLLYGLLTGLLTTLILI	LLLYGLLTGLLTGLLTTLILI	1.29272	-1.08641	0.30482	0.538845	927.683
LLLYGLLTGLLTGLLTTLILI	LLLYGLLTGLLYGLLTTLILI	-1.08641	-0.298966	0.538845	0.30482	923.422
LLLYGLLTGLLYGLLTTLILI	LLLYGLLTGLLTGLLTTLILI	-0.298966	-1.08641	0.30482	0.538845	914.227
LLLYGLLTGLLTGLLTTLILI	LLLGGLLTGLLTGLLTTLILI	-1.41199	-0.316737	0.213262	0.707856	898.621
LLLGGLLTGLLTGLLTTLILI	LLLGGLLYGLLTGLLTTLILI	-0.208409	1.93073	0.816184	0.171816	892.899
LLLGGLLYGLLTGLLTTLILI	LLLYGLLYGLLTGLLTTLILI	2.21288	1.35761	0.453966	0.369715	880.623
LLLYGLLYGLLTGLLTTLILI	LLLYGLLTGLLTGLLTTLILI	1.29272	-1.08641	0.30482	0.538845	874.051
LLLYGLLTGLLTGLLTTLILI	LLLYGLLTGLLYGLLTTLILI	-1.08641	-0.298966	0.538845	0.30482	859.999
LLLYGLLTGLLYGLLTTLILI	LLLYGLLTGLLYGLLLTLILI	0.245357	1.81555	0.849143	0.161118	852.504
LLLYGLLTGLLYGLLLTLILI	LLLTGLLTGLLYGLLLTLILI	2.03377	2.66516	0.379341	0.443059	844.686
LLLTGLLTGLLYGLLLTLILI	LLLYGLLTGLLYGLLLTLILI	2.66516	2.03377	0.443059	0.379341	836.541
LLLYGLLTGLLYGLLLTLILI	LLLYGLLTGLLTGLLLTLILI	2.03377	0.636233	0.379341	0.443059	828.061
LLLYGLLTGLLTGLLLTLILI	LLLYGLLTGLLTGLLTTLILI	0.317935	-0.642158	0.124761	0.983093	819.243
LLLYGLLTGLLTGLLTTLILI	LLLGGLLTGLLTGLLTTLILI	-1.41199	-0.316737	0.213262	0.707856	800.577
LLLGGLLTGLLTGLLTTLILI	LLLGGLLYGLLTGLLTTLILI	-0.208409	1.93073	0.816184	0.171816	790.724
LLLGGLLYGLLTGLLTTLILI	LLLGGLLTGLLTGLLTTLILI	1.93073	-0.208409	0.171816	0.816184	780.523
LLLGGLLTGLLTGLLTTLILI	LLLYGLLTGLLTGLLTTLILI	-0.316737	-1.41199	0.707856	0.213262	769.974
LLLYGLLTGLLTGLLTTLILI	LLLYGLLYGLLTGLLTTLILI	-1.08641	1.29272	0.538845	0.30482	747.845
LLLYGLLYGLLTGLLTTLILI	LLLYGLLTGLLTGLLTTLILI	1.29272	-1.08641	0.30482	0.538845	724.369
LLLYGLLTGLLTGLLTTLILI	LLLYGLLTGLLTGLLLTLILI	-0.642158	0.317935	0.983093	0.124761	712.142
LLLYGLLTGLLTGLLLTLILI	LLLYGLLTGLLTGLLTTLILI	0.317935	-0.642158	0.124761	0.983093	699.602
LLLYGLLTGLLTGLLTTLILI	LLLYGLLTGLLTGLLYTLILI	-1.08641	-2.0069	0.538845	0.30482	673.628
LLLYGLLTGLLTGLLYTLILI	LLLGGLLTGLLTGLLYTLILI	-1.94201	-3.11743	0.369715	0.453966	632.651
LLLGGLLTGLLTGLLYTLILI	LLLTGLLTGLLTGLLYTLILI	-3.23121	0.177204	0.34018	0.489954	575.025
LLLTGLLTGLLTGLLYTLILI	LLLTGLLTGLLTGLLTTLILI	-0.171538	-0.136117	0.141213	0.917682	560.23
LLLTGLLTGLLTGLLTTLILI	LLLTGLLVGLLTGLLTTLILI	0.340772	2.5013	1.39457	0.0589809	545.329
LLLTGLLVGLLTGLLTTLILI	LLLTGLLTGLLTGLLTTLILI	2.5013	0.340772	0.0589809	1.39457	530.348
LLLTGLLTGLLTGLLTTLILI	LLLYGLLTGLLTGLLTTLILI	-0.136117	-1.48404	0.917682	0.141213	515.312
LLLYGLLTGLLTGLLTTLILI	LLLGGLLTGLLTGLLTTLILI	-1.41199	-0.316737	0.213262	0.707856	500.25
LLLGGLLTGLLTGLLTTLILI	LLLGGLLYGLLTGLLTTLILI	-0.208409	1.93073	0.816184	0.171816	485.188
LLLGGLLYGLLTGLLTTLILI	LLLGGLLTGLLTGLLTTLILI	1.93073	-0.208409	0.171816	0.816184	470.152
LLLGGLLTGLLTGLLTTLILI	LLLGGLLTGLLTGLLYTLILI	-0.208409	-1.76608	0.816184	0.171816	440.27
LLLGGLLTGLLTGLLYTLILI	LLLTGLLTGLLTGLLYTLILI	-1.59772	-3.08699	0.34018	0.489954	410.812
LLLTGLLTGLLTGLLYTLILI	LLLTGLLVGLLTGLLYTLILI	-2.3006	1.58414	1.27634	0.0728516	381.976
LLLTGLLVGLLTGLLYTLILI	LLLGGLLVGLLTGLLYTLILI	1.91146	0.173602	0.400165	0.420699	353.943
LLLGGLLVGLLTGLLYTLILI	LLLGGLLTGLLTGLLYTLILI	-0.151826	-0.809446	0.0952708	1.12845	340.278
LLLGGLLTGLLTGLLYTLILI	LLLTGLLTGLLTGLLYTLILI	-1.59772	-1.45339	0.34018	0.489954	209.776
LLLTGLLTGLLTGLLYTLILI	LLLYGLLTGLLTGLLYTLILI	-1.4045	-2.00697	0.538845	0.30482	163.959
LLLYGLLTGLLTGLLYTLILI	LLLGGLLTGLLTGLLYTLILI	-1.94208	-3.11743	0.369715	0.453966	40.495
LLLGGLLTGLLTGLLYTLILI	LLLYGLLTGLLTGLLYTLILI	-3.11743	-3.59898	0.453966	0.369715	12.8564
Time: 251s
