***STARTING GEOMETRY:***
xShift: 6.6884
crossingAngle: -43.009
axialRotation: 73.1873
zShift: 3.63507

Number of MCCycles: 100
PrevSequence	CurrSequence	PrevEnergy	CurrEnergy	PrevEntropy	CurrEntropy	CurrentTemp
LLLGLLTGLLTGLLTTLLILI	LLLGLLVGLLTGLLTTLLILI	478.348	471.835	1.27634	0.0728516	999.684
LLLGLLVGLLTGLLTTLLILI	LLLGLLVGLLTGLLITLLILI	472.87	475.717	1.10811	0.098896	998.928
LLLGLLVGLLTGLLITLLILI	LLLGLLVGLLTGLLTTLLILI	475.717	472.87	0.098896	1.10811	998.476
LLLGLLVGLLTGLLTTLLILI	LLLGLLVGLLTGLLITLLILI	472.87	475.717	1.10811	0.098896	997.967
LLLGLLVGLLTGLLITLLILI	LLLGLLTGLLTGLLITLLILI	475.713	472.857	0.0952708	1.12845	997.394
LLLGLLTGLLTGLLITLLILI	LLLGLLTGLLSGLLITLLILI	472.595	478.97	0.865998	0.155943	996.023
LLLGLLTGLLSGLLITLLILI	LLLGLLTGLLSGLLTTLLILI	478.913	476.24	0.098896	1.10811	995.205
LLLGLLTGLLSGLLTTLLILI	LLLGLLTGLLTGLLTTLLILI	475.252	468.877	0.120637	1.001	994.285
LLLGLLTGLLTGLLTTLLILI	LLLGLLTGLLTGLLITLLILI	469.132	471.808	1.2552	0.0756774	992.084
LLLGLLTGLLTGLLITLLILI	LLLGLLTGLLTGLLTTLLILI	471.808	469.132	0.0756774	1.2552	990.773
LLLGLLTGLLTGLLTTLLILI	LLLGLLVGLLTGLLTTLLILI	469.153	471.835	1.27634	0.0728516	987.644
LLLGLLVGLLTGLLTTLLILI	LLLGLLTGLLTGLLTTLLILI	471.835	469.149	0.0728516	1.27634	985.783
LLLGLLTGLLTGLLTTLLILI	LLLGLLTGLLTGLLITLLILI	469.128	471.805	1.2552	0.0756774	981.348
LLLGLLTGLLTGLLITLLILI	LLLGLLTGLLTGLLTTLLILI	471.805	469.128	0.0756774	1.2552	975.768
LLLGLLTGLLTGLLTTLLILI	LLLGLLTGLLTGLLITLLILI	469.128	471.805	1.2552	0.0756774	968.764
LLLGLLTGLLTGLLITLLILI	LLLGLLTGLLTGLLTTLLILI	471.805	469.128	0.0756774	1.2552	964.627
LLLGLLTGLLTGLLTTLLILI	LLLGLLVGLLTGLLTTLLILI	469.149	471.835	1.27634	0.0728516	960.005
LLLGLLVGLLTGLLTTLLILI	LLLGLLTGLLTGLLTTLLILI	471.835	469.149	0.0728516	1.27634	949.095
LLLGLLTGLLTGLLTTLLILI	LLLGLLTGLLTGLLITLLILI	469.128	471.805	1.2552	0.0756774	942.693
LLLGLLTGLLTGLLITLLILI	LLLGLLVGLLTGLLITLLILI	472.857	475.713	1.12845	0.0952708	935.578
LLLGLLVGLLTGLLITLLILI	LLLGLLTGLLTGLLITLLILI	475.713	472.857	0.0952708	1.12845	927.683
LLLGLLTGLLTGLLITLLILI	LLLGLLTGLLTGLLTTLLILI	471.805	469.132	0.0756774	1.2552	918.939
LLLGLLTGLLTGLLTTLLILI	LLLGLLTGLLTGLLITLLILI	469.132	471.805	1.2552	0.0756774	898.621
LLLGLLTGLLTGLLITLLILI	LLLGLLTGLLTGLLTTLLILI	471.805	469.128	0.0756774	1.2552	886.903
LLLGLLTGLLTGLLTTLLILI	LLLGLLTGLLTGLLITLLILI	469.128	471.808	1.2552	0.0756774	874.051
LLLGLLTGLLTGLLITLLILI	LLLGLLTGLLTGLLIILLILI	472.515	475.823	0.782479	0.183612	859.999
LLLGLLTGLLTGLLIILLILI	LLLGLLTGLLTGLLITLLILI	475.823	472.511	0.183612	0.782479	844.686
LLLGLLTGLLTGLLITLLILI	LLLGLLTGLLTGLLTTLLILI	471.805	469.128	0.0756774	1.2552	828.061
LLLGLLTGLLTGLLTTLLILI	LLLGLLTGLLTGLLITLLILI	469.128	471.805	1.2552	0.0756774	790.724
LLLGLLTGLLTGLLITLLILI	LLLGLLTGLLTGLLTTLLILI	471.805	469.128	0.0756774	1.2552	724.369
LLLGLLTGLLTGLLTTLLILI	LLLGLLTGLLTGLLITLLILI	469.128	471.805	1.2552	0.0756774	673.628
LLLGLLTGLLTGLLITLLILI	LLLGLLTGLLTGLLTTLLILI	471.805	469.132	0.0756774	1.2552	646.557
LLLGLLTGLLTGLLTTLLILI	LLLGLLYGLLTGLLTTLLILI	468.693	471.425	0.816184	0.171816	618.524
LLLGLLYGLLTGLLTTLLILI	LLLGLLTGLLTGLLTTLLILI	471.425	468.689	0.171816	0.816184	589.688
LLLGLLTGLLTGLLTTLLILI	LLLGLLTGLLTGLLITLLILI	469.128	471.805	1.2552	0.0756774	326.872
LLLGLLTGLLTGLLITLLILI	LLLGLLTGLLTGLLTTLLILI	471.805	469.132	0.0756774	1.2552	300.898
Time: 116s
