***STARTING GEOMETRY:***
xShift: 7.29549
crossingAngle: -39.2365
axialRotation: -16.186
zShift: 6.07036

Number of MCCycles: 200
PrevSequence	CurrSequence	PrevEnergy	CurrEnergy	PrevEntropy	CurrEntropy	CurrentTemp
LLLYALLTGLLTGLLTTLILI	LLLGALLTGLLTGLLTTLILI	17.02	17.7465	0.270132	0.594419	999.847
LLLGALLTGLLTGLLTTLILI	LLLGALLYGLLTGLLTTLILI	17.8457	19.3922	0.693609	0.219549	999.684
LLLGALLYGLLTGLLTTLILI	LLLGALLYGLLVGLLTTLILI	20.1035	23.8528	0.930859	0.137712	999.512
LLLGALLYGLLVGLLTTLILI	LLLGGLLYGLLVGLLTTLILI	23.7971	25.3756	0.0820187	1.21066	999.328
LLLGGLLYGLLVGLLTTLILI	LLLGGLLTGLLVGLLTTLILI	24.4697	22.4545	0.30482	0.538845	999.134
LLLGGLLTGLLVGLLTTLILI	LLLGGLLYGLLVGLLTTLILI	22.4545	24.4697	0.538845	0.30482	998.928
LLLGGLLYGLLVGLLTTLILI	LLLYGLLYGLLVGLLTTLILI	24.6189	23.4419	0.453966	0.369715	998.476
LLLYGLLYGLLVGLLTTLILI	LLLYGLLYGLLVGLLVTLILI	23.4689	27.1658	0.396733	0.424273	998.229
LLLYGLLYGLLVGLLVTLILI	LLLYGLLYGLLVGLLTTLILI	27.1658	23.4689	0.424273	0.396733	997.967
LLLYGLLYGLLVGLLTTLILI	LLLYGLLYGLLVGLLVTLILI	23.4689	27.1658	0.396733	0.424273	997.689
LLLYGLLYGLLVGLLVTLILI	LLLYGLLYGLLVGLLTTLILI	27.1658	23.4697	0.424273	0.396733	997.394
LLLYGLLYGLLVGLLTTLILI	LLLGGLLYGLLVGLLTTLILI	23.4427	24.6189	0.369715	0.453966	997.081
LLLGGLLYGLLVGLLTTLILI	LLLYGLLYGLLVGLLTTLILI	24.6189	23.4427	0.453966	0.369715	996.749
LLLYGLLYGLLVGLLTTLILI	LLLGGLLYGLLVGLLTTLILI	23.4427	24.6189	0.369715	0.453966	996.397
LLLGGLLYGLLVGLLTTLILI	LLLYGLLYGLLVGLLTTLILI	24.6189	23.4419	0.453966	0.369715	996.023
LLLYGLLYGLLVGLLTTLILI	LLLGGLLYGLLVGLLTTLILI	23.4419	24.6189	0.369715	0.453966	995.205
LLLGGLLYGLLVGLLTTLILI	LLLGGLLTGLLVGLLTTLILI	24.4697	22.4545	0.30482	0.538845	994.758
LLLGGLLTGLLVGLLTTLILI	LLLYGLLTGLLVGLLTTLILI	22.6235	21.2187	0.707856	0.213262	994.285
LLLYGLLTGLLVGLLTTLILI	LLLYGLLYGLLVGLLTTLILI	21.3342	23.5773	0.328724	0.505042	993.782
LLLYGLLYGLLVGLLTTLILI	LLLYGLLYGLLVGLLTWLILI	23.4826	26.8421	0.410343	0.410343	993.249
LLLYGLLYGLLVGLLTWLILI	LLLYGLLYGLLVGLLTTLILI	26.8421	23.4826	0.410343	0.410343	992.683
LLLYGLLYGLLVGLLTTLILI	LLLYGLLTGLLVGLLTTLILI	23.5773	21.3342	0.505042	0.328724	992.084
LLLYGLLTGLLVGLLTTLILI	LLLYGLLTGLLTGLLTTLILI	21.1008	17.5116	0.0952708	1.12845	991.448
LLLYGLLTGLLTGLLTTLILI	LLLYGLLTGLLVGLLTTLILI	17.5116	21.1008	1.12845	0.0952708	990.058
LLLYGLLTGLLVGLLTTLILI	LLLTGLLTGLLVGLLTTLILI	21.225	22.5924	0.219549	0.693609	989.3
LLLTGLLTGLLVGLLTTLILI	LLLYGLLTGLLVGLLTTLILI	22.5924	21.225	0.693609	0.219549	988.496
LLLYGLLTGLLVGLLTTLILI	LLLYGLLTGLLTGLLTTLILI	21.1008	17.5116	0.0952708	1.12845	987.644
LLLYGLLTGLLTGLLTTLILI	LLLYGLLTGLLTGLLTSLILI	16.7935	21.3549	0.410343	0.410343	985.783
LLLYGLLTGLLTGLLTSLILI	LLLYGLLTGLLTGLLVSLILI	22.073	24.5691	1.12845	0.0952708	984.769
LLLYGLLTGLLTGLLVSLILI	LLLTGLLTGLLTGLLVSLILI	24.6933	26.0608	0.219549	0.693609	983.694
LLLTGLLTGLLTGLLVSLILI	LLLTGLLTGLLTGLLTSLILI	25.4401	23.1143	0.0728516	1.27634	982.555
LLLTGLLTGLLTGLLTSLILI	LLLTGLLTGLLTGLLVSLILI	23.1143	25.4401	1.27634	0.0728516	981.348
LLLTGLLTGLLTGLLVSLILI	LLLYGLLTGLLTGLLVSLILI	26.0608	24.6933	0.693609	0.219549	980.071
LLLYGLLTGLLTGLLVSLILI	LLLYGLLTGLLTGLLVTLILI	24.8841	20.3937	0.410343	0.410343	978.717
LLLYGLLTGLLTGLLVTLILI	LLLYGLLTGLLTGLLTTLILI	20.0787	17.5116	0.0952708	1.12845	977.285
LLLYGLLTGLLTGLLTTLILI	LLLYGLLYGLLTGLLTTLILI	16.8262	18.8992	0.443059	0.379341	975.768
LLLYGLLYGLLTGLLTTLILI	LLLYGLLTGLLTGLLTTLILI	18.8992	16.8262	0.379341	0.443059	974.162
LLLYGLLTGLLTGLLTTLILI	LLLYGLLYGLLTGLLTTLILI	16.8262	18.8992	0.443059	0.379341	972.463
LLLYGLLYGLLTGLLTTLILI	LLLGGLLYGLLTGLLTTLILI	18.8896	20.0768	0.369715	0.453966	970.666
LLLGGLLYGLLTGLLTTLILI	LLLYGLLYGLLTGLLTTLILI	20.0768	18.8896	0.453966	0.369715	968.764
LLLYGLLYGLLTGLLTTLILI	LLLYGLLYGLLTGLLTWLILI	18.9302	22.2908	0.410343	0.410343	964.627
LLLYGLLYGLLTGLLTWLILI	LLLYGLLYGLLVGLLTWLILI	22.8113	26.5695	0.930859	0.137712	962.38
LLLYGLLYGLLVGLLTWLILI	LLLYGLLYGLLVGLLTTLILI	26.8421	23.4826	0.410343	0.410343	960.005
LLLYGLLYGLLVGLLTTLILI	LLLYGLLYGLLTGLLTTLILI	23.2099	19.4508	0.137712	0.930859	957.496
LLLYGLLYGLLTGLLTTLILI	LLLYGLLYGLLTGLLVTLILI	19.4508	22.2567	0.930859	0.137712	954.846
LLLYGLLYGLLTGLLVTLILI	LLLGGLLYGLLTGLLVTLILI	22.4887	23.6751	0.369715	0.453966	952.048
LLLGGLLYGLLTGLLVTLILI	LLLYGLLYGLLTGLLVTLILI	23.6751	22.4879	0.453966	0.369715	949.095
LLLYGLLYGLLTGLLVTLILI	LLLYGLLYGLLTGLLTTLILI	22.2559	19.4508	0.137712	0.930859	945.979
LLLYGLLYGLLTGLLTTLILI	LLLYGLLYGLLTGLLVTLILI	19.4508	22.2559	0.930859	0.137712	942.693
LLLYGLLYGLLTGLLVTLILI	LLLYGLLYGLLTGLLTTLILI	22.2559	19.4508	0.137712	0.930859	939.229
LLLYGLLYGLLTGLLTTLILI	LLLYGLLYGLLVGLLTTLILI	19.4508	23.2099	0.930859	0.137712	935.578
LLLYGLLYGLLVGLLTTLILI	LLLGGLLYGLLVGLLTTLILI	23.4419	24.6197	0.369715	0.453966	931.732
LLLGGLLYGLLVGLLTTLILI	LLLGGLLYGLLTGLLTTLILI	24.3034	20.5537	0.137712	0.930859	927.683
LLLGGLLYGLLTGLLTTLILI	LLLYGLLYGLLTGLLTTLILI	20.0768	18.8904	0.453966	0.369715	923.422
LLLYGLLYGLLTGLLTTLILI	LLLYGLLYGLLTGLLTWLILI	18.931	22.2908	0.410343	0.410343	918.939
LLLYGLLYGLLTGLLTWLILI	LLLYGLLYGLLTGLLTTLILI	22.2908	18.9302	0.410343	0.410343	914.227
LLLYGLLYGLLTGLLTTLILI	LLLGGLLYGLLTGLLTTLILI	18.8896	20.0768	0.369715	0.453966	904.077
LLLGGLLYGLLTGLLTTLILI	LLLGGLLTGLLTGLLTTLILI	19.8424	17.9887	0.219549	0.693609	898.621
LLLGGLLTGLLTGLLTTLILI	LLLGGLLTGLLTGLLVTLILI	18.4235	20.9897	1.12845	0.0952708	892.899
LLLGGLLTGLLTGLLVTLILI	LLLGGLLTGLLTGLLTTLILI	20.9897	18.4227	0.0952708	1.12845	886.903
LLLGGLLTGLLTGLLTTLILI	LLLGGLLYGLLTGLLTTLILI	17.9879	19.8424	0.693609	0.219549	880.623
LLLGGLLYGLLTGLLTTLILI	LLLYGLLYGLLTGLLTTLILI	20.0768	18.8896	0.453966	0.369715	874.051
LLLYGLLYGLLTGLLTTLILI	LLLYGLLTGLLTGLLTTLILI	18.8992	16.8262	0.379341	0.443059	867.179
LLLYGLLTGLLTGLLTTLILI	LLLGGLLTGLLTGLLTTLILI	16.5964	18.0021	0.213262	0.707856	859.999
LLLGGLLTGLLTGLLTTLILI	LLLGGLLYGLLTGLLTTLILI	17.9879	19.8424	0.693609	0.219549	852.504
LLLGGLLYGLLTGLLTTLILI	LLLGGLLTGLLTGLLTTLILI	19.8424	17.9879	0.219549	0.693609	844.686
LLLGGLLTGLLTGLLTTLILI	LLLGGLLTGLLTGLLTWLILI	17.7046	21.0725	0.410343	0.410343	836.541
LLLGGLLTGLLTGLLTWLILI	LLLYGLLTGLLTGLLTWLILI	21.37	19.9535	0.707856	0.213262	828.061
LLLYGLLTGLLTGLLTWLILI	LLLYGLLTGLLTGLLTTLILI	20.1506	16.7935	0.410343	0.410343	819.243
LLLYGLLTGLLTGLLTTLILI	LLLYGLLYGLLTGLLTTLILI	16.8262	18.8992	0.443059	0.379341	810.083
LLLYGLLYGLLTGLLTTLILI	LLLGGLLYGLLTGLLTTLILI	18.8896	20.0768	0.369715	0.453966	800.577
LLLGGLLYGLLTGLLTTLILI	LLLYGLLYGLLTGLLTTLILI	20.0768	18.8896	0.453966	0.369715	790.724
LLLYGLLYGLLTGLLTTLILI	LLLYGLLTGLLTGLLTTLILI	18.8992	16.8262	0.379341	0.443059	780.523
LLLYGLLTGLLTGLLTTLILI	LLLYGLLTGLLVGLLTTLILI	17.5116	21.1008	1.12845	0.0952708	769.974
LLLYGLLTGLLVGLLTTLILI	LLLYGLLTGLLVGLLVTLILI	21.6376	24.9245	0.632162	0.249358	759.081
LLLYGLLTGLLVGLLVTLILI	LLLYGLLTGLLTGLLVTLILI	24.9245	20.6156	0.249358	0.632162	747.845
LLLYGLLTGLLTGLLVTLILI	LLLYGLLTGLLTGLLTTLILI	20.0787	17.5124	0.0952708	1.12845	724.369
LLLYGLLTGLLTGLLTTLILI	LLLYGLLYGLLTGLLTTLILI	16.827	18.8992	0.443059	0.379341	712.142
LLLYGLLYGLLTGLLTTLILI	LLLYGLLTGLLTGLLTTLILI	18.8992	16.8262	0.379341	0.443059	699.602
LLLYGLLTGLLTGLLTTLILI	LLLGGLLTGLLTGLLTTLILI	16.5964	18.0138	0.213262	0.707856	686.76
LLLGGLLTGLLTGLLTTLILI	LLLYGLLTGLLTGLLTTLILI	18.0138	16.5964	0.707856	0.213262	660.222
LLLYGLLTGLLTGLLTTLILI	LLLGGLLTGLLTGLLTTLILI	16.5964	18.0021	0.213262	0.707856	632.651
LLLGGLLTGLLTGLLTTLILI	LLLYGLLTGLLTGLLTTLILI	18.0021	16.5964	0.707856	0.213262	589.688
LLLYGLLTGLLTGLLTTLILI	LLLYGLLTGLLVGLLTTLILI	17.5116	21.1008	1.12845	0.0952708	560.23
LLLYGLLTGLLVGLLTTLILI	LLLYGLLTGLLTGLLTTLILI	21.1008	17.5116	0.0952708	1.12845	530.348
LLLYGLLTGLLTGLLTTLILI	LLLYGLLTGLLVGLLTTLILI	17.5116	21.1008	1.12845	0.0952708	500.25
LLLYGLLTGLLVGLLTTLILI	LLLTGLLTGLLVGLLTTLILI	21.225	22.5924	0.219549	0.693609	485.188
LLLTGLLTGLLVGLLTTLILI	LLLYGLLTGLLVGLLTTLILI	22.5924	21.2258	0.693609	0.219549	455.171
LLLYGLLTGLLVGLLTTLILI	LLLYGLLTGLLTGLLTTLILI	21.1016	17.5116	0.0952708	1.12845	440.27
LLLYGLLTGLLTGLLTTLILI	LLLGGLLTGLLTGLLTTLILI	16.5964	18.0029	0.213262	0.707856	410.812
LLLGGLLTGLLTGLLTTLILI	LLLYGLLTGLLTGLLTTLILI	18.0029	16.5964	0.707856	0.213262	396.304
LLLYGLLTGLLTGLLTTLILI	LLLYGLLTGLLTGLLVTLILI	17.5116	20.0787	1.12845	0.0952708	381.976
LLLYGLLTGLLTGLLVTLILI	LLLTGLLTGLLTGLLVTLILI	20.2029	21.5704	0.219549	0.693609	367.849
LLLTGLLTGLLTGLLVTLILI	LLLTGLLTGLLTGLLTTLILI	20.9497	18.5529	0.0728516	1.27634	353.943
LLLTGLLTGLLTGLLTTLILI	LLLYGLLTGLLTGLLTTLILI	18.0928	16.555	0.816184	0.171816	340.278
Time: 160s
