***STARTING GEOMETRY:***
xShift: 7.21
crossingAngle: -39.59
axialRotation: -17.15
zShift: 5.99

Number of MCCycles: 200
PrevSequence	CurrSequence	PrevEnergy	CurrEnergy	PrevEntropy	CurrEntropy	CurrentTemp
LLLYALLTGLLTGLLTTLILI	LLLYALLYGLLTGLLTTLILI	21.8914	23.5192	0.443059	0.379341	999.847
LLLYALLYGLLTGLLTTLILI	LLLYGLLYGLLTGLLTTLILI	23.2469	24.4441	0.107014	1.06535	999.512
LLLYGLLYGLLTGLLTTLILI	LLLYGLLTGLLTGLLTTLILI	23.7581	21.6637	0.379341	0.443059	999.328
LLLYGLLTGLLTGLLTTLILI	LLLYGLLYGLLTGLLTTLILI	21.6637	23.7581	0.443059	0.379341	999.134
LLLYGLLYGLLTGLLTTLILI	LLLYGLLTGLLTGLLTTLILI	23.7581	21.6637	0.379341	0.443059	998.928
LLLYGLLTGLLTGLLTTLILI	LLLYGLLTGLLTGLLTWLILI	21.631	25.0078	0.410343	0.410343	998.476
LLLYGLLTGLLTGLLTWLILI	LLLYGLLTGLLTGLLTTLILI	25.0078	21.631	0.410343	0.410343	998.229
LLLYGLLTGLLTGLLTTLILI	LLLYGLLYGLLTGLLTTLILI	21.6637	23.7581	0.443059	0.379341	997.394
LLLYGLLYGLLTGLLTTLILI	LLLYGLLTGLLTGLLTTLILI	23.7581	21.6637	0.379341	0.443059	997.081
LLLYGLLTGLLTGLLTTLILI	LLLYGLLTGLLTGLLVTLILI	22.3491	24.9195	1.12845	0.0952708	996.749
LLLYGLLTGLLTGLLVTLILI	LLLYGLLYGLLTGLLVTLILI	25.153	27.4854	0.328724	0.505042	996.397
LLLYGLLYGLLTGLLVTLILI	LLLYGLLTGLLTGLLVTLILI	27.4854	25.153	0.505042	0.328724	996.023
LLLYGLLTGLLTGLLVTLILI	LLLYGLLTGLLTGLLTTLILI	24.9195	22.3491	0.0952708	1.12845	995.626
LLLYGLLTGLLTGLLTTLILI	LLLYGLLTGLLTGLLTSLILI	21.631	26.1253	0.410343	0.410343	995.205
LLLYGLLTGLLTGLLTSLILI	LLLYGLLTGLLVGLLTSLILI	26.8434	30.5109	1.12845	0.0952708	994.758
LLLYGLLTGLLVGLLTSLILI	LLLYGLLTGLLVGLLTTLILI	30.826	26.331	0.410343	0.410343	994.285
LLLYGLLTGLLVGLLTTLILI	LLLYGLLTGLLTGLLTTLILI	26.0159	22.3491	0.0952708	1.12845	993.782
LLLYGLLTGLLTGLLTTLILI	LLLGGLLTGLLTGLLTTLILI	21.4339	22.7082	0.213262	0.707856	993.249
LLLGGLLTGLLTGLLTTLILI	LLLYGLLTGLLTGLLTTLILI	22.7082	21.4339	0.707856	0.213262	992.683
LLLYGLLTGLLTGLLTTLILI	LLLYGLLTGLLTGLLTWLILI	21.631	25.0078	0.410343	0.410343	992.084
LLLYGLLTGLLTGLLTWLILI	LLLYGLLTGLLTGLLTTLILI	25.0078	21.631	0.410343	0.410343	991.448
LLLYGLLTGLLTGLLTTLILI	LLLYGLLTGLLTGLLVTLILI	22.3491	24.9195	1.12845	0.0952708	990.773
LLLYGLLTGLLTGLLVTLILI	LLLYGLLTGLLTGLLTTLILI	24.9195	22.3491	0.0952708	1.12845	990.058
LLLYGLLTGLLTGLLTTLILI	LLLGGLLTGLLTGLLTTLILI	21.4339	22.7074	0.213262	0.707856	989.3
LLLGGLLTGLLTGLLTTLILI	LLLYGLLTGLLTGLLTTLILI	22.7074	21.4339	0.707856	0.213262	988.496
LLLYGLLTGLLTGLLTTLILI	LLLGGLLTGLLTGLLTTLILI	21.4339	22.7074	0.213262	0.707856	987.644
LLLGGLLTGLLTGLLTTLILI	LLLYGLLTGLLTGLLTTLILI	22.7074	21.4339	0.707856	0.213262	986.74
LLLYGLLTGLLTGLLTTLILI	LLLYGLLTGLLTGLLTWLILI	21.631	25.0078	0.410343	0.410343	985.783
LLLYGLLTGLLTGLLTWLILI	LLLYGLLYGLLTGLLTWLILI	25.0405	27.1383	0.443059	0.379341	984.769
LLLYGLLYGLLTGLLTWLILI	LLLYGLLYGLLTGLLVWLILI	27.6898	30.3714	0.930859	0.137712	983.694
LLLYGLLYGLLTGLLVWLILI	LLLYGLLYGLLTGLLVTLILI	30.644	27.3907	0.410343	0.410343	982.555
LLLYGLLYGLLTGLLVTLILI	LLLYGLLYGLLTGLLTTLILI	27.1181	24.3096	0.137712	0.930859	981.348
LLLYGLLYGLLTGLLTTLILI	LLLGGLLYGLLTGLLTTLILI	23.7484	24.7941	0.369715	0.453966	980.071
LLLGGLLYGLLTGLLTTLILI	LLLGGLLTGLLTGLLTTLILI	24.5597	22.6932	0.219549	0.693609	978.717
LLLGGLLTGLLTGLLTTLILI	LLLYGLLTGLLTGLLTTLILI	22.7074	21.4347	0.707856	0.213262	977.285
LLLYGLLTGLLTGLLTTLILI	LLLYGLLYGLLTGLLTTLILI	21.6645	23.7581	0.443059	0.379341	975.768
LLLYGLLYGLLTGLLTTLILI	LLLGGLLYGLLTGLLTTLILI	23.7484	24.7933	0.369715	0.453966	970.666
LLLGGLLYGLLTGLLTTLILI	LLLYGLLYGLLTGLLTTLILI	24.7933	23.7484	0.453966	0.369715	968.764
LLLYGLLYGLLTGLLTTLILI	LLLYGLLTGLLTGLLTTLILI	23.7581	21.6637	0.379341	0.443059	960.005
LLLYGLLTGLLTGLLTTLILI	LLLYGLLTGLLVGLLTTLILI	22.3491	26.0159	1.12845	0.0952708	952.048
LLLYGLLTGLLVGLLTTLILI	LLLYGLLTGLLTGLLTTLILI	26.0159	22.3491	0.0952708	1.12845	949.095
LLLYGLLTGLLTGLLTTLILI	LLLGGLLTGLLTGLLTTLILI	21.4339	22.717	0.213262	0.707856	939.229
LLLGGLLTGLLTGLLTTLILI	LLLGGLLYGLLTGLLTTLILI	22.7027	24.5589	0.693609	0.219549	931.732
LLLGGLLYGLLTGLLTTLILI	LLLGGLLTGLLTGLLTTLILI	24.5589	22.6932	0.219549	0.693609	927.683
LLLGGLLTGLLTGLLTTLILI	LLLGGLLYGLLTGLLTTLILI	22.6932	24.5589	0.693609	0.219549	918.939
LLLGGLLYGLLTGLLTTLILI	LLLGGLLTGLLTGLLTTLILI	24.5589	22.694	0.219549	0.693609	914.227
LLLGGLLTGLLTGLLTTLILI	LLLGGLLYGLLTGLLTTLILI	22.694	24.5589	0.693609	0.219549	909.276
LLLGGLLYGLLTGLLTTLILI	LLLYGLLYGLLTGLLTTLILI	24.7933	23.7484	0.453966	0.369715	904.077
LLLYGLLYGLLTGLLTTLILI	LLLGGLLYGLLTGLLTTLILI	23.7484	24.7933	0.369715	0.453966	892.899
LLLGGLLYGLLTGLLTTLILI	LLLYGLLYGLLTGLLTTLILI	24.7933	23.7484	0.453966	0.369715	886.903
LLLYGLLYGLLTGLLTTLILI	LLLGGLLYGLLTGLLTTLILI	23.7484	24.7933	0.369715	0.453966	880.623
LLLGGLLYGLLTGLLTTLILI	LLLYGLLYGLLTGLLTTLILI	24.7933	23.7484	0.453966	0.369715	874.051
LLLYGLLYGLLTGLLTTLILI	LLLYGLLYGLLTGLLVTLILI	24.3096	27.1181	0.930859	0.137712	867.179
LLLYGLLYGLLTGLLVTLILI	LLLYGLLYGLLTGLLTTLILI	27.1181	24.3096	0.137712	0.930859	859.999
LLLYGLLYGLLTGLLTTLILI	LLLYGLLTGLLTGLLTTLILI	23.7581	21.6637	0.379341	0.443059	844.686
LLLYGLLTGLLTGLLTTLILI	LLLGGLLTGLLTGLLTTLILI	21.4339	22.7074	0.213262	0.707856	828.061
LLLGGLLTGLLTGLLTTLILI	LLLYGLLTGLLTGLLTTLILI	22.7074	21.4339	0.707856	0.213262	819.243
LLLYGLLTGLLTGLLTTLILI	LLLYGLLYGLLTGLLTTLILI	21.6637	23.7581	0.443059	0.379341	810.083
LLLYGLLYGLLTGLLTTLILI	LLLYGLLTGLLTGLLTTLILI	23.7581	21.6645	0.379341	0.443059	790.724
LLLYGLLTGLLTGLLTTLILI	LLLYGLLTGLLTGLLVTLILI	22.3499	24.9195	1.12845	0.0952708	780.523
LLLYGLLTGLLTGLLVTLILI	LLLYGLLTGLLTGLLVWLILI	25.2346	28.4844	0.410343	0.410343	769.974
LLLYGLLTGLLTGLLVWLILI	LLLYGLLTGLLTGLLTWLILI	28.1693	28.3151	0.0952708	1.12845	759.081
LLLYGLLTGLLTGLLTWLILI	LLLYGLLTGLLTGLLVWLILI	28.3151	28.1693	1.12845	0.0952708	747.845
LLLYGLLTGLLTGLLVWLILI	LLLYGLLTGLLTGLLTWLILI	28.1693	28.3069	0.0952708	1.12845	736.272
LLLYGLLTGLLTGLLTWLILI	LLLYGLLTGLLTGLLTTLILI	27.5888	21.631	0.410343	0.410343	724.369
LLLYGLLTGLLTGLLTTLILI	LLLGGLLTGLLTGLLTTLILI	21.4339	22.7074	0.213262	0.707856	646.557
LLLGGLLTGLLTGLLTTLILI	LLLYGLLTGLLTGLLTTLILI	22.7074	21.4339	0.707856	0.213262	632.651
LLLYGLLTGLLTGLLTTLILI	LLLGGLLTGLLTGLLTTLILI	21.4339	22.7082	0.213262	0.707856	618.524
LLLGGLLTGLLTGLLTTLILI	LLLGGLLYGLLTGLLTTLILI	22.694	24.5589	0.693609	0.219549	604.196
LLLGGLLYGLLTGLLTTLILI	LLLGGLLTGLLTGLLTTLILI	24.5589	22.6932	0.219549	0.693609	589.688
LLLGGLLTGLLTGLLTTLILI	LLLGGLLYGLLTGLLTTLILI	22.6932	24.5597	0.693609	0.219549	575.025
LLLGGLLYGLLTGLLTTLILI	LLLYGLLYGLLTGLLTTLILI	24.7941	23.7484	0.453966	0.369715	560.23
LLLYGLLYGLLTGLLTTLILI	LLLGGLLYGLLTGLLTTLILI	23.7484	24.7933	0.369715	0.453966	545.329
LLLGGLLYGLLTGLLTTLILI	LLLGGLLTGLLTGLLTTLILI	24.5589	22.6932	0.219549	0.693609	530.348
LLLGGLLTGLLTGLLTTLILI	LLLYGLLTGLLTGLLTTLILI	22.7074	21.4339	0.707856	0.213262	515.312
LLLYGLLTGLLTGLLTTLILI	LLLGGLLTGLLTGLLTTLILI	21.4339	22.7082	0.213262	0.707856	500.25
LLLGGLLTGLLTGLLTTLILI	LLLYGLLTGLLTGLLTTLILI	22.7082	21.4339	0.707856	0.213262	485.188
LLLYGLLTGLLTGLLTTLILI	LLLGGLLTGLLTGLLTTLILI	21.4339	22.7074	0.213262	0.707856	455.171
LLLGGLLTGLLTGLLTTLILI	LLLYGLLTGLLTGLLTTLILI	22.7074	21.4339	0.707856	0.213262	425.475
LLLYGLLTGLLTGLLTTLILI	LLLYGLLTGLLTGLLVTLILI	22.3491	24.9195	1.12845	0.0952708	396.304
LLLYGLLTGLLTGLLVTLILI	LLLYGLLTGLLTGLLTTLILI	24.9195	22.3491	0.0952708	1.12845	381.976
LLLYGLLTGLLTGLLTTLILI	LLLGGLLTGLLTGLLTTLILI	21.4339	22.7074	0.213262	0.707856	300.898
LLLGGLLTGLLTGLLTTLILI	LLLYGLLTGLLTGLLTTLILI	22.7074	21.4339	0.707856	0.213262	288.358
Time: 167s
