***STARTING GEOMETRY:***
xShift: 7.06206
crossingAngle: -43.3289
axialRotation: 39.5647
zShift: 5.05137

Number of MCCycles: 100
PrevSequence	CurrSequence	PrevEnergy	CurrEnergy	PrevEntropy	CurrEntropy	CurrentTemp
LLLALLFSLLGTLLTTLLILI	LLLALLFSLLGTLLTYLLILI	36.6118	35.4302	0.693609	0.219549	999.684
LLLALLFSLLGTLLTYLLILI	LLLALLYSLLGTLLTYLLILI	35.3427	37.1336	0.132101	0.952787	999.328
LLLALLYSLLGTLLTYLLILI	LLLGLLYSLLGTLLTYLLILI	36.3348	38.4049	0.154044	0.872342	998.928
LLLGLLYSLLGTLLTYLLILI	LLLGLLYSLLGTLLTTLLILI	37.9119	38.5337	0.379341	0.443059	998.476
LLLGLLYSLLGTLLTTLLILI	LLLALLYSLLGTLLTTLLILI	38.963	36.893	0.872342	0.154044	997.967
LLLALLYSLLGTLLTTLLILI	LLLALLYSLLGTLLTYLLILI	37.182	36.5601	0.443059	0.379341	997.394
LLLALLYSLLGTLLTYLLILI	LLLALLYALLGTLLTYLLILI	36.585	34.0573	0.404229	0.416521	996.749
LLLALLYALLGTLLTYLLILI	LLLALLYSLLGTLLTYLLILI	34.0573	36.585	0.416521	0.404229	996.023
LLLALLYSLLGTLLTYLLILI	LLLALLFSLLGTLLTYLLILI	37.1336	35.3427	0.952787	0.132101	995.205
LLLALLFSLLGTLLTYLLILI	LLLALLFSLLGTLLTTLLILI	35.4302	36.4625	0.219549	0.693609	994.285
LLLALLFSLLGTLLTTLLILI	LLLALLFSLLGTLLFTLLILI	36.4625	36.192	0.693609	0.219549	993.249
LLLALLFSLLGTLLFTLLILI	LLLGLLFSLLGTLLFTLLILI	36.1265	38.2386	0.154044	0.872342	992.084
LLLGLLFSLLGTLLFTLLILI	LLLGLLFSLLGTLLTTLLILI	37.5858	37.8561	0.219549	0.693609	990.773
LLLGLLFSLLGTLLTTLLILI	LLLALLFSLLGTLLTTLLILI	38.0349	35.9229	0.872342	0.154044	989.3
LLLALLFSLLGTLLTTLLILI	LLLALLFSLLGTLLTYLLILI	36.4625	35.4302	0.693609	0.219549	987.644
LLLALLFSLLGTLLTYLLILI	LLLALLFALLGTLLTYLLILI	35.6149	33.0648	0.404229	0.416521	985.783
LLLALLFALLGTLLTYLLILI	LLLALLFALLGTLLTTLLILI	32.8678	34.5404	0.219549	0.693609	983.694
LLLALLFALLGTLLTTLLILI	LLLALLFALLGTLLVTLLILI	34.9753	33.9038	1.12845	0.0952708	981.348
LLLALLFALLGTLLVTLLILI	LLLALLFALLGTLLVFLLILI	34.3474	37.1655	0.538845	0.30482	978.717
LLLALLFALLGTLLVFLLILI	LLLGLLFALLGTLLVFLLILI	37.1369	38.8243	0.276169	0.584123	975.768
LLLGLLFALLGTLLVFLLILI	LLLGLLYALLGTLLVFLLILI	38.6506	39.0187	0.410343	0.410343	972.463
LLLGLLYALLGTLLVFLLILI	LLLGLLYALLGTLLTFLLILI	38.746	37.0416	0.137712	0.930859	968.764
LLLGLLYALLGTLLTFLLILI	LLLGLLYALLGTLLTYLLILI	36.2429	35.3493	0.132101	0.952787	964.627
LLLGLLYALLGTLLTYLLILI	LLLALLYALLGTLLTYLLILI	34.9806	33.9169	0.584123	0.276169	960.005
LLLALLYALLGTLLTYLLILI	LLLALLFALLGTLLTYLLILI	34.5935	32.7804	0.952787	0.132101	954.846
LLLALLFALLGTLLTYLLILI	LLLALLFALLGTLLTTLLILI	32.8678	33.8961	0.219549	0.693609	949.095
LLLALLFALLGTLLTTLLILI	LLLALLYALLGTLLTTLLILI	33.4425	34.8452	0.240035	0.650378	942.693
LLLALLYALLGTLLTTLLILI	LLLALLYALLGTLLFTLLILI	35.1992	34.5176	1.0043	0.119894	935.578
LLLALLYALLGTLLFTLLILI	LLLALLFALLGTLLFTLLILI	34.808	33.8225	0.410343	0.410343	927.683
LLLALLFALLGTLLFTLLILI	LLLALLFALLGTLLTTLLILI	33.6318	33.8961	0.219549	0.693609	909.276
LLLALLFALLGTLLTTLLILI	LLLALLFALLGTLLTYLLILI	33.8961	32.8678	0.693609	0.219549	898.621
LLLALLFALLGTLLTYLLILI	LLLALLFALLGTLLTTLLILI	32.8678	33.8961	0.219549	0.693609	886.903
LLLALLFALLGTLLTTLLILI	LLLALLFALLGTLLTYLLILI	33.8961	32.8678	0.693609	0.219549	859.999
LLLALLFALLGTLLTYLLILI	LLLALLFALLGTLLTTLLILI	32.8678	33.8961	0.219549	0.693609	844.686
LLLALLFALLGTLLTTLLILI	LLLALLFALLGTLLFTLLILI	33.8961	33.6318	0.693609	0.219549	828.061
LLLALLFALLGTLLFTLLILI	LLLALLYALLGTLLFTLLILI	33.8225	34.808	0.410343	0.410343	810.083
LLLALLYALLGTLLFTLLILI	LLLALLFALLGTLLFTLLILI	34.808	33.8225	0.410343	0.410343	790.724
LLLALLFALLGTLLFTLLILI	LLLALLFALLGTLLTTLLILI	33.6318	33.8961	0.219549	0.693609	769.974
LLLALLFALLGTLLTTLLILI	LLLALLFALLGTLLFTLLILI	33.8961	33.6318	0.693609	0.219549	747.845
LLLALLFALLGTLLFTLLILI	LLLALLFALLGTLLFVLLILI	34.3431	37.1081	0.930859	0.137712	724.369
LLLALLFALLGTLLFVLLILI	LLLALLFALLGTLLFTLLILI	37.1081	34.9876	0.137712	0.930859	699.602
LLLALLFALLGTLLFTLLILI	LLLALLFALLGTLLTTLLILI	34.2763	33.8961	0.219549	0.693609	673.628
LLLALLFALLGTLLTTLLILI	LLLALLFALLGTLLFTLLILI	33.8961	33.6318	0.693609	0.219549	646.557
LLLALLFALLGTLLFTLLILI	LLLALLYALLGTLLFTLLILI	33.8225	34.808	0.410343	0.410343	618.524
LLLALLYALLGTLLFTLLILI	LLLALLFALLGTLLFTLLILI	34.808	33.8225	0.410343	0.410343	589.688
LLLALLFALLGTLLFTLLILI	LLLALLYALLGTLLFTLLILI	33.8225	34.808	0.410343	0.410343	530.348
LLLALLYALLGTLLFTLLILI	LLLGLLYALLGTLLFTLLILI	34.6739	35.7378	0.276169	0.584123	500.25
LLLGLLYALLGTLLFTLLILI	LLLGLLYALLGTLLVTLLILI	35.643	35.8964	0.489394	0.340616	470.152
LLLGLLYALLGTLLVTLLILI	LLLALLYALLGTLLVTLLILI	36.14	35.0762	0.584123	0.276169	440.27
LLLALLYALLGTLLVTLLILI	LLLALLFALLGTLLVTLLILI	35.4504	34.0485	0.650378	0.240035	410.812
LLLALLFALLGTLLVTLLILI	LLLALLFALLGTLLFTLLILI	34.003	34.1658	0.194474	0.753596	252.655
LLLALLFALLGTLLFTLLILI	LLLALLFALLGTLLTTLLILI	33.6318	33.8961	0.219549	0.693609	209.776
LLLALLFALLGTLLTTLLILI	LLLALLFALLGTLLTYLLILI	33.8961	32.8678	0.693609	0.219549	190.417
Time: 101s
