***STARTING GEOMETRY:***
xShift: 7.34
crossingAngle: -39.1
axialRotation: -44.85
zShift: 5.08

Number of MCCycles: 200
PrevSequence	CurrSequence	PrevEnergy	CurrEnergy	PrevEntropy	CurrEntropy	CurrentTemp
LLLTGLLTGLLTSLLFTLILI	LLLTGLLTGLLFSLLFTLILI	19.1029	20.1419	0.816184	0.171816	999.847
LLLTGLLTGLLFSLLFTLILI	LLLYGLLTGLLFSLLFTLILI	20.6637	20.1727	0.693609	0.219549	999.684
LLLYGLLTGLLFSLLFTLILI	LLLYGLLTGLLFSLLYTLILI	20.1932	22.635	0.240035	0.650378	999.512
LLLYGLLTGLLFSLLYTLILI	LLLYALLTGLLFSLLYTLILI	22.857	24.4326	0.872342	0.154044	999.328
LLLYALLTGLLFSLLYTLILI	LLLYALLTGLLTSLLYTLILI	24.3985	24.1	0.119894	1.0043	999.134
LLLYALLTGLLTSLLYTLILI	LLLYALLVGLLTSLLYTLILI	24.2242	25.9863	1.12845	0.0952708	998.928
LLLYALLVGLLTSLLYTLILI	LLLYALLVGLLFSLLYTLILI	26.7072	27.9898	0.816184	0.171816	998.708
LLLYALLVGLLFSLLYTLILI	LLLYALLTGLLFSLLYTLILI	27.9557	25.2094	0.137712	0.930859	998.476
LLLYALLTGLLFSLLYTLILI	LLLYGLLTGLLFSLLYTLILI	24.4326	22.857	0.154044	0.872342	998.229
LLLYGLLTGLLFSLLYTLILI	LLLYALLTGLLFSLLYTLILI	22.857	24.4326	0.872342	0.154044	997.967
LLLYALLTGLLFSLLYTLILI	LLLYALLTGLLTSLLYTLILI	24.3985	24.0987	0.119894	1.0043	997.689
LLLYALLTGLLTSLLYTLILI	LLLYALLTGLLFSLLYTLILI	24.0987	24.3985	1.0043	0.119894	997.394
LLLYALLTGLLFSLLYTLILI	LLLYALLTGLLFGLLYTLILI	24.5502	24.522	0.271616	0.591862	997.081
LLLYALLTGLLFGLLYTLILI	LLLYALLTGLLIGLLYTLILI	24.4062	24.4584	0.47603	0.351222	996.749
LLLYALLTGLLIGLLYTLILI	LLLYALLTGLLIGLLYILILI	24.7237	28.427	0.616541	0.257708	996.397
LLLYALLTGLLIGLLYILILI	LLLGALLTGLLIGLLYILILI	28.6242	28.8227	0.454934	0.368877	996.023
LLLGALLTGLLIGLLYILILI	LLLGALLTGLLIGLLYTLILI	28.7115	25.0082	0.257708	0.616541	995.626
LLLGALLTGLLIGLLYTLILI	LLLGALLTGLLFGLLYTLILI	24.7429	24.6908	0.351222	0.47603	995.205
LLLGALLTGLLFGLLYTLILI	LLLGGLLTGLLFGLLYTLILI	24.2968	23.2666	0.0820187	1.21066	994.758
LLLGGLLTGLLFGLLYTLILI	LLLGGLLTGLLFSLLYTLILI	22.9378	22.5553	0.88184	0.151251	994.285
LLLGGLLTGLLFSLLYTLILI	LLLYGLLTGLLFSLLYTLILI	22.773	22.4396	0.368877	0.454934	993.782
LLLYGLLTGLLFSLLYTLILI	LLLYGLLTGLLFGLLYTLILI	22.1788	22.3907	0.19415	0.754431	993.249
LLLYGLLTGLLFGLLYTLILI	LLLYGLLTGLLFGLLTTLILI	22.0156	18.4744	0.379341	0.443059	992.683
LLLYGLLTGLLFGLLTTLILI	LLLYGLLYGLLFGLLTTLILI	18.4744	18.4047	0.443059	0.379341	992.084
LLLYGLLYGLLFGLLTTLILI	LLLYGLLTGLLFGLLTTLILI	18.4047	17.0542	0.379341	0.443059	991.448
LLLYGLLTGLLFGLLTTLILI	LLLGGLLTGLLFGLLTTLILI	16.8244	18.3366	0.213262	0.707856	990.773
LLLGGLLTGLLFGLLTTLILI	LLLGGLLTGLLFGLLTILILI	18.7368	21.3998	1.10811	0.098896	990.058
LLLGGLLTGLLFGLLTILILI	LLLGGLLTGLLFGLLFILILI	21.8397	25.2903	0.538845	0.30482	989.3
LLLGGLLTGLLFGLLFILILI	LLLGGLLTGLLFGLLFTLILI	25.1282	22.5375	0.142768	0.911943	988.496
LLLGGLLTGLLFGLLFTLILI	LLLGGLLTGLLFGLLTTLILI	21.8451	19.1439	0.219549	0.693609	987.644
LLLGGLLTGLLFGLLTTLILI	LLLGALLTGLLFGLLTTLILI	19.6609	19.8888	1.21066	0.0820187	986.74
LLLGALLTGLLFGLLTTLILI	LLLGALLFGLLFGLLTTLILI	20.5004	23.3347	0.693609	0.219549	985.783
LLLGALLFGLLFGLLTTLILI	LLLGALLTGLLFGLLTTLILI	23.3347	20.5004	0.219549	0.693609	984.769
LLLGALLTGLLFGLLTTLILI	LLLTALLTGLLFGLLTTLILI	20.0785	19.1957	0.271676	0.591758	983.694
LLLTALLTGLLFGLLTTLILI	LLLTALLTGLLYGLLTTLILI	18.844	20.0405	0.240035	0.650378	982.555
LLLTALLTGLLYGLLTTLILI	LLLYALLTGLLYGLLTTLILI	19.929	19.9016	0.538845	0.30482	981.348
LLLYALLTGLLYGLLTTLILI	LLLGALLTGLLYGLLTTLILI	20.0517	20.1471	0.454934	0.368877	980.071
LLLGALLTGLLYGLLTTLILI	LLLGALLTGLLYGLLTILILI	20.8864	23.6551	1.10811	0.098896	978.717
LLLGALLTGLLYGLLTILILI	LLLGGLLTGLLYGLLTILILI	23.6382	22.6857	0.0820187	1.21066	977.285
LLLGGLLTGLLYGLLTILILI	LLLGGLLTGLLFGLLTILILI	22.1254	21.5417	0.650378	0.240035	975.768
LLLGGLLTGLLFGLLTILILI	LLLGGLLTGLLFGLLTTLILI	21.4006	19.5584	0.098896	1.10811	974.162
LLLGGLLTGLLFGLLTTLILI	LLLTGLLTGLLFGLLTTLILI	18.7904	17.7251	0.34018	0.489954	972.463
LLLTGLLTGLLFGLLTTLILI	LLLGGLLTGLLFGLLTTLILI	17.7251	17.9681	0.489954	0.34018	970.666
LLLGGLLTGLLFGLLTTLILI	LLLTGLLTGLLFGLLTTLILI	17.9681	17.7259	0.34018	0.489954	968.764
LLLTGLLTGLLFGLLTTLILI	LLLYGLLTGLLFGLLTTLILI	18.0521	17.4957	0.816184	0.171816	966.754
LLLYGLLTGLLFGLLTTLILI	LLLYALLTGLLFGLLTTLILI	18.3892	20.4506	1.06535	0.107014	964.627
LLLYALLTGLLFGLLTTLILI	LLLYALLTGLLFGLLTILILI	21.4517	24.1217	1.10811	0.098896	962.38
LLLYALLTGLLFGLLTILILI	LLLYALLTGLLYGLLTILILI	24.1549	24.3243	0.132101	0.952787	960.005
LLLYALLTGLLYGLLTILILI	LLLYALLTGLLYGLLTTLILI	23.4704	20.7047	0.098896	1.10811	957.496
LLLYALLTGLLYGLLTTLILI	LLLYALLTGLLFGLLTTLILI	20.5494	20.4757	0.952787	0.132101	954.846
LLLYALLTGLLFGLLTTLILI	LLLTALLTGLLFGLLTTLILI	20.5154	21.0548	0.171816	0.816184	952.048
LLLTALLTGLLFGLLTTLILI	LLLTALLIGLLFGLLTTLILI	21.4938	23.8713	1.2552	0.0756774	949.095
LLLTALLIGLLFGLLTTLILI	LLLTGLLIGLLFGLLTTLILI	23.9026	23.6477	0.107014	1.06535	945.979
LLLTGLLIGLLFGLLTTLILI	LLLTGLLTGLLFGLLTTLILI	22.658	18.4903	0.0756774	1.2552	942.693
LLLTGLLTGLLFGLLTTLILI	LLLTGLLTGLLYGLLTTLILI	17.4752	18.0865	0.240035	0.650378	939.229
LLLTGLLTGLLYGLLTTLILI	LLLTGLLTGLLYSLLTTLILI	18.1905	23.3549	0.754431	0.19415	935.578
LLLTGLLTGLLYSLLTTLILI	LLLTGLLTGLLYGLLTTLILI	23.3549	18.1905	0.19415	0.754431	931.732
LLLTGLLTGLLYGLLTTLILI	LLLTALLTGLLYGLLTTLILI	18.5015	19.4973	1.06535	0.107014	927.683
LLLTALLTGLLYGLLTTLILI	LLLYALLTGLLYGLLTTLILI	19.9292	19.9014	0.538845	0.30482	923.422
LLLYALLTGLLYGLLTTLILI	LLLYALLTGLLYGLLTILILI	20.7047	23.4704	1.10811	0.098896	918.939
LLLYALLTGLLYGLLTILILI	LLLYALLTGLLYGLLTTLILI	23.4704	20.8346	0.098896	1.10811	914.227
LLLYALLTGLLYGLLTTLILI	LLLYALLTGLLFGLLTTLILI	20.6792	20.4757	0.952787	0.132101	909.276
LLLYALLTGLLFGLLTTLILI	LLLYGLLTGLLFGLLTTLILI	20.4506	19.0967	0.107014	1.06535	904.077
LLLYGLLTGLLFGLLTTLILI	LLLTGLLTGLLFGLLTTLILI	18.2031	18.0513	0.171816	0.816184	898.621
LLLTGLLTGLLFGLLTTLILI	LLLTGLLTGLLFGLLFTLILI	18.0513	21.3949	0.816184	0.171816	892.899
LLLTGLLTGLLFGLLFTLILI	LLLTGLLTGLLFSLLFTLILI	21.9775	20.1642	0.754431	0.19415	886.903
LLLTGLLTGLLFSLLFTLILI	LLLTGLLTGLLTSLLFTLILI	20.1419	19.1029	0.171816	0.816184	880.623
LLLTGLLTGLLTSLLFTLILI	LLLTALLTGLLTSLLFTLILI	19.1591	21.7617	0.872342	0.154044	874.051
LLLTALLTGLLTSLLFTLILI	LLLTALLTGLLTSLLTTLILI	21.6824	21.4127	0.0748068	1.26162	867.179
LLLTALLTGLLTSLLTTLILI	LLLTALLTGLLSSLLTTLILI	20.9359	20.6134	0.784867	0.182746	859.999
LLLTALLTGLLSSLLTTLILI	LLLYALLTGLLSSLLTTLILI	21.2469	20.7021	0.816184	0.171816	852.504
LLLYALLTGLLSSLLTTLILI	LLLYALLTGLLTSLLTTLILI	20.7511	20.9465	0.220804	0.690823	844.686
LLLYALLTGLLTSLLTTLILI	LLLYALLTGLLTGLLTTLILI	20.5272	20.578	0.271616	0.591862	836.541
LLLYALLTGLLTGLLTTLILI	LLLTALLTGLLTGLLTTLILI	20.1274	20.7985	0.141213	0.917682	828.061
LLLTALLTGLLTGLLTTLILI	LLLTGLLTGLLTGLLTTLILI	19.9878	18.7631	0.107014	1.06535	819.243
LLLTGLLTGLLTGLLTTLILI	LLLTGLLTGLLTSLLTTLILI	18.4522	18.1627	0.754431	0.19415	810.083
LLLTGLLTGLLTSLLTTLILI	LLLTGLLTGLLTSLLTFLILI	19.2301	16.4815	1.26162	0.0748068	800.577
LLLTGLLTGLLTSLLTFLILI	LLLTGLLTGLLTSLLTTLILI	16.4815	13.5703	0.0748068	1.26162	769.974
LLLTGLLTGLLTSLLTTLILI	LLLYGLLTGLLTSLLTTLILI	13.2263	12.4312	0.917682	0.141213	747.845
LLLYGLLTGLLTSLLTTLILI	LLLYGLLWGLLTSLLTTLILI	12.8773	13.8508	0.58734	0.274265	736.272
LLLYGLLWGLLTSLLTTLILI	LLLYGLLYGLLTSLLTTLILI	13.9487	13.1796	0.372136	0.451187	724.369
LLLYGLLYGLLTSLLTTLILI	LLLYGLLTGLLTSLLTTLILI	13.0332	12.8288	0.30482	0.538845	712.142
LLLYGLLTGLLTSLLTTLILI	LLLGGLLTGLLTSLLTTLILI	12.5601	13.307	0.270132	0.594419	699.602
LLLGGLLTGLLTSLLTTLILI	LLLGGLLWGLLTSLLTTLILI	13.2999	14.2739	0.58734	0.274265	686.76
LLLGGLLWGLLTSLLTTLILI	LLLGGLLTGLLTSLLTTLILI	14.2739	13.2999	0.274265	0.58734	660.222
LLLGGLLTGLLTSLLTTLILI	LLLGGLLVGLLTSLLTTLILI	13.9889	16.0655	1.27634	0.0728516	646.557
LLLGGLLVGLLTSLLTTLILI	LLLGGLLWGLLTSLLTTLILI	16.1115	15.0089	0.118797	1.00921	618.524
LLLGGLLWGLLTSLLTTLILI	LLLYGLLWGLLTSLLTTLILI	14.5941	13.8467	0.594419	0.270132	604.196
LLLYGLLWGLLTSLLTTLILI	LLLGGLLWGLLTSLLTTLILI	13.8467	14.5941	0.270132	0.594419	575.025
LLLGGLLWGLLTSLLTTLILI	LLLGGLLTGLLTSLLTTLILI	14.2739	13.2999	0.274265	0.58734	530.348
LLLGGLLTGLLTSLLTTLILI	LLLGGLLWGLLTSLLTTLILI	13.2999	14.2739	0.58734	0.274265	515.312
LLLGGLLWGLLTSLLTTLILI	LLLGGLLTGLLTSLLTTLILI	14.2739	13.2999	0.274265	0.58734	500.25
LLLGGLLTGLLTSLLTTLILI	LLLGGLLYGLLTSLLTTLILI	13.5288	13.295	0.816184	0.171816	485.188
LLLGGLLYGLLTSLLTTLILI	LLLYGLLYGLLTSLLTTLILI	13.492	13.1833	0.368877	0.454934	470.152
LLLYGLLYGLLTSLLTTLILI	LLLYGLLTGLLTSLLTTLILI	13.0332	12.8288	0.30482	0.538845	396.304
LLLYGLLTGLLTSLLTTLILI	LLLYGLLYGLLTSLLTTLILI	12.8288	13.0332	0.538845	0.30482	313.74
LLLYGLLYGLLTSLLTTLILI	LLLYGLLTGLLTSLLTTLILI	13.0332	12.8288	0.30482	0.538845	276.131
LLLYGLLTGLLTSLLTTLILI	LLLTGLLTGLLTSLLTTLILI	12.4312	13.2263	0.141213	0.917682	219.977
LLLTGLLTGLLTSLLTTLILI	LLLGGLLTGLLTSLLTTLILI	12.9872	12.939	0.678597	0.226415	209.776
LLLGGLLTGLLTSLLTTLILI	LLLTGLLTGLLTSLLTTLILI	12.939	12.9872	0.226415	0.678597	190.417
LLLTGLLTGLLTSLLTTLILI	LLLYGLLTGLLTSLLTTLILI	13.2263	12.4312	0.917682	0.141213	181.257
Time: 207s
