***STARTING GEOMETRY:***
xShift: 7.28465
crossingAngle: -40.0673
axialRotation: -46.0779
zShift: 5.03318

Number of MCCycles: 200
PrevSequence	CurrSequence	PrevEnergy	CurrEnergy	PrevEntropy	CurrEntropy	CurrentTemp
LLLTGLLTGLLTSLLFTLILI	LLLYGLLTGLLTSLLFTLILI	18.9667	18.3818	0.816184	0.171816	999.847
LLLYGLLTGLLTSLLFTLILI	LLLYGLLYGLLTSLLFTLILI	18.653	19.0138	0.443059	0.379341	999.684
LLLYGLLYGLLTSLLFTLILI	LLLGGLLYGLLTSLLFTLILI	19.0894	19.2955	0.454934	0.368877	999.512
LLLGGLLYGLLTSLLFTLILI	LLLYGLLYGLLTSLLFTLILI	19.2955	19.0894	0.368877	0.454934	999.328
LLLYGLLYGLLTSLLFTLILI	LLLYGLLYGLLTSLLTTLILI	18.7543	20.0759	0.119894	1.0043	999.134
LLLYGLLYGLLTSLLTTLILI	LLLYGLLYGLLSSLLTTLILI	19.6505	20.5257	0.578967	0.279255	998.928
LLLYGLLYGLLSSLLTTLILI	LLLYGLLYGLLTSLLTTLILI	20.5257	14.4688	0.279255	0.578967	998.708
LLLYGLLYGLLTSLLTTLILI	LLLYGLLVGLLTSLLTTLILI	14.9645	17.0725	1.07465	0.105187	998.476
LLLYGLLVGLLTSLLTTLILI	LLLYGLLYGLLTSLLTTLILI	17.0725	17.0844	0.105187	1.07465	998.229
LLLYGLLYGLLTSLLTTLILI	LLLYGLLTGLLTSLLTTLILI	16.3145	14.0084	0.30482	0.538845	997.967
LLLYGLLTGLLTSLLTTLILI	LLLYALLTGLLTSLLTTLILI	14.3419	15.5116	0.872342	0.154044	997.689
LLLYALLTGLLTSLLTTLILI	LLLTALLTGLLTSLLTTLILI	15.4987	16.0855	0.141213	0.917682	996.749
LLLTALLTGLLTSLLTTLILI	LLLAALLTGLLTSLLTTLILI	16.2682	19.3503	1.10047	0.100296	995.626
LLLAALLTGLLTSLLTTLILI	LLLAGLLTGLLTSLLTTLILI	19.5262	23.4699	0.276169	0.584123	994.758
LLLAGLLTGLLTSLLTTLILI	LLLAGLLWGLLTSLLTTLILI	23.4731	24.1475	0.58734	0.274265	994.285
LLLAGLLWGLLTSLLTTLILI	LLLAGLLWGLLSSLLTTLILI	24.4522	25.0835	0.578967	0.279255	993.782
LLLAGLLWGLLSSLLTTLILI	LLLAGLLWGLLTSLLTTLILI	25.0835	24.4522	0.279255	0.578967	993.249
LLLAGLLWGLLTSLLTTLILI	LLLYGLLWGLLTSLLTTLILI	24.0476	20.9817	0.174433	0.80848	992.683
LLLYGLLWGLLTSLLTTLILI	LLLYGLLTGLLTSLLTTLILI	20.4474	19.2378	0.274265	0.58734	992.084
LLLYGLLTGLLTSLLTTLILI	LLLYGLLTGLLTSLLTSLILI	19.3413	17.5574	0.690823	0.220804	991.448
LLLYGLLTGLLTSLLTSLILI	LLLTGLLTGLLTSLLTSLILI	17.5084	18.0868	0.171816	0.816184	990.058
LLLTGLLTGLLTSLLTSLILI	LLLTALLTGLLTSLLTSLILI	18.143	21.0981	0.872342	0.154044	989.3
LLLTALLTGLLTSLLTSLILI	LLLFALLTGLLTSLLTSLILI	22.0909	24.2113	1.14683	0.0921195	988.496
LLLFALLTGLLTSLLTSLILI	LLLFGLLTGLLTSLLTSLILI	24.2732	23.3264	0.154044	0.872342	987.644
LLLFGLLTGLLTSLLTSLILI	LLLFGLLTGLLTSLLTTLILI	22.6748	19.2778	0.220804	0.690823	986.74
LLLFGLLTGLLTSLLTTLILI	LLLFGLLTGLLTGLLTTLILI	18.7811	23.3314	0.19415	0.754431	985.783
LLLFGLLTGLLTGLLTTLILI	LLLFGLLTGLLYGLLTTLILI	23.3932	22.2568	0.816184	0.171816	984.769
LLLFGLLTGLLYGLLTTLILI	LLLYGLLTGLLYGLLTTLILI	22.2171	18.2661	0.132101	0.952787	983.694
LLLYGLLTGLLYGLLTTLILI	LLLYGLLYGLLYGLLTTLILI	17.6421	19.0495	0.328724	0.505042	982.555
LLLYGLLYGLLYGLLTTLILI	LLLYGLLTGLLYGLLTTLILI	19.0495	17.6421	0.505042	0.328724	981.348
LLLYGLLTGLLYGLLTTLILI	LLLTGLLTGLLYGLLTTLILI	17.6182	17.8	0.30482	0.538845	980.071
LLLTGLLTGLLYGLLTTLILI	LLLTGLLVGLLYGLLTTLILI	18.5375	20.9262	1.27634	0.0728516	978.717
LLLTGLLVGLLYGLLTTLILI	LLLYGLLVGLLYGLLTTLILI	21.2964	21.4063	0.443059	0.379341	977.285
LLLYGLLVGLLYGLLTTLILI	LLLYGLLVGLLIGLLTTLILI	22.0816	21.4339	1.05465	0.109156	975.768
LLLYGLLVGLLIGLLTTLILI	LLLTGLLVGLLIGLLTTLILI	21.5443	21.8634	0.219549	0.693609	974.162
LLLTGLLVGLLIGLLTTLILI	LLLTGLLVGLLYGLLTTLILI	21.3711	21.4399	0.201285	0.736435	972.463
LLLTGLLVGLLYGLLTTLILI	LLLTALLVGLLYGLLTTLILI	21.7688	22.8759	1.06535	0.107014	970.666
LLLTALLVGLLYGLLTTLILI	LLLTALLTGLLYGLLTTLILI	22.8418	20.1353	0.0728516	1.27634	968.764
LLLTALLTGLLYGLLTTLILI	LLLGALLTGLLYGLLTTLILI	19.4507	19.5045	0.591758	0.271676	966.754
LLLGALLTGLLYGLLTTLILI	LLLGGLLTGLLYGLLTTLILI	19.3149	18.5094	0.0820187	1.21066	964.627
LLLGGLLTGLLYGLLTTLILI	LLLTGLLTGLLYGLLTTLILI	17.6389	17.3868	0.34018	0.489954	962.38
LLLTGLLTGLLYGLLTTLILI	LLLYGLLTGLLYGLLTTLILI	17.4357	17.6182	0.538845	0.30482	960.005
LLLYGLLTGLLYGLLTTLILI	LLLYGLLTGLLFGLLTTLILI	18.2661	17.2989	0.952787	0.132101	957.496
LLLYGLLTGLLFGLLTTLILI	LLLTGLLTGLLFGLLTTLILI	17.3386	17.8163	0.171816	0.816184	954.846
LLLTGLLTGLLFGLLTTLILI	LLLTALLTGLLFGLLTTLILI	18.0655	19.6832	1.06535	0.107014	952.048
LLLTALLTGLLFGLLTTLILI	LLLTALLIGLLFGLLTTLILI	20.8314	23.2374	1.2552	0.0756774	949.095
LLLTALLIGLLFGLLTTLILI	LLLYALLIGLLFGLLTTLILI	23.8553	23.039	0.693609	0.219549	945.979
LLLYALLIGLLFGLLTTLILI	LLLYALLIGLLIGLLTTLILI	23.1041	24.7746	0.284626	0.570162	939.229
LLLYALLIGLLIGLLTTLILI	LLLYALLIGLLFGLLTTLILI	24.7746	24.4659	0.570162	0.284626	935.578
LLLYALLIGLLFGLLTTLILI	LLLYALLIGLLFALLTTLILI	24.7654	29.5937	0.584123	0.276169	931.732
LLLYALLIGLLFALLTTLILI	LLLYALLIGLLFALLFTLILI	29.8564	28.0903	0.538845	0.30482	927.683
LLLYALLIGLLFALLFTLILI	LLLYALLIGLLFSLLFTLILI	28.202	25.8584	0.416521	0.404229	923.422
LLLYALLIGLLFSLLFTLILI	LLLYALLTGLLFSLLFTLILI	25.597	22.7022	0.142768	0.911943	918.939
LLLYALLTGLLFSLLFTLILI	LLLYALLLGLLFSLLFTLILI	22.6394	25.3672	0.849143	0.161118	909.276
LLLYALLLGLLFSLLFTLILI	LLLYGLLLGLLFSLLFTLILI	25.3601	23.918	0.154044	0.872342	904.077
LLLYGLLLGLLFSLLFTLILI	LLLYGLLTGLLFSLLFTLILI	23.2068	20.762	0.161118	0.849143	898.621
LLLYGLLTGLLFSLLFTLILI	LLLYGLLTGLLTSLLFTLILI	20.1324	18.9036	0.219549	0.693609	892.899
LLLYGLLTGLLTSLLFTLILI	LLLYGLLTGLLFSLLFTLILI	18.9036	20.1324	0.693609	0.219549	886.903
LLLYGLLTGLLFSLLFTLILI	LLLYGLLTGLLFGLLFTLILI	20.1071	21.95	0.19415	0.754431	880.623
LLLYGLLTGLLFGLLFTLILI	LLLTGLLTGLLFGLLFTLILI	21.4151	21.8241	0.219549	0.693609	874.051
LLLTGLLTGLLFGLLFTLILI	LLLTGLLVGLLFGLLFTLILI	22.2589	24.3341	1.12845	0.0952708	867.179
LLLTGLLVGLLFGLLFTLILI	LLLTGLLTGLLFGLLFTLILI	24.3341	22.2589	0.0952708	1.12845	859.999
LLLTGLLTGLLFGLLFTLILI	LLLTGLLTGLLIGLLFTLILI	21.8669	21.1102	0.736435	0.201285	852.504
LLLTGLLTGLLIGLLFTLILI	LLLTALLTGLLIGLLFTLILI	21.9742	22.7801	1.06535	0.107014	844.686
LLLTALLTGLLIGLLFTLILI	LLLTALLTGLLFGLLFTLILI	22.8743	23.6204	0.201285	0.736435	836.541
LLLTALLTGLLFGLLFTLILI	LLLYALLTGLLFGLLFTLILI	23.5776	23.2925	0.693609	0.219549	828.061
LLLYALLTGLLFGLLFTLILI	LLLYALLTGLLFGLLFILILI	23.9849	26.5752	0.911943	0.142768	819.243
LLLYALLTGLLFGLLFILILI	LLLYALLTGLLFGLLFTLILI	26.5752	23.9849	0.142768	0.911943	810.083
LLLYALLTGLLFGLLFTLILI	LLLYGLLTGLLFGLLFTLILI	23.18	22.2609	0.107014	1.06535	800.577
LLLYGLLTGLLFGLLFTLILI	LLLYGLLTGLLFSLLFTLILI	21.95	20.1071	0.754431	0.19415	790.724
LLLYGLLTGLLFSLLFTLILI	LLLYALLTGLLFSLLFTLILI	20.7852	21.9443	0.872342	0.154044	780.523
LLLYALLTGLLFSLLFTLILI	LLLYALLTGLLTSLLFTLILI	22.0098	20.7953	0.219549	0.693609	769.974
LLLYALLTGLLTSLLFTLILI	LLLTALLTGLLTSLLFTLILI	20.2735	20.7315	0.171816	0.816184	759.081
LLLTALLTGLLTSLLFTLILI	LLLYALLTGLLTSLLFTLILI	20.7315	20.2735	0.816184	0.171816	747.845
LLLYALLTGLLTSLLFTLILI	LLLTALLTGLLTSLLFTLILI	20.2735	20.7315	0.171816	0.816184	736.272
LLLTALLTGLLTSLLFTLILI	LLLYALLTGLLTSLLFTLILI	20.7315	20.2735	0.816184	0.171816	724.369
LLLYALLTGLLTSLLFTLILI	LLLTALLTGLLTSLLFTLILI	20.2735	20.7315	0.171816	0.816184	712.142
LLLTALLTGLLTSLLFTLILI	LLLYALLTGLLTSLLFTLILI	20.7315	20.2735	0.816184	0.171816	699.602
LLLYALLTGLLTSLLFTLILI	LLLYGLLTGLLTSLLFTLILI	20.2557	19.0823	0.154044	0.872342	686.76
LLLYGLLTGLLTSLLFTLILI	LLLYGLLYGLLTSLLFTLILI	18.653	19.0138	0.443059	0.379341	673.628
LLLYGLLYGLLTSLLFTLILI	LLLYGLLTGLLTSLLFTLILI	19.0138	18.653	0.379341	0.443059	660.222
LLLYGLLTGLLTSLLFTLILI	LLLYALLTGLLTSLLFTLILI	19.0823	20.2557	0.872342	0.154044	646.557
LLLYALLTGLLTSLLFTLILI	LLLTALLTGLLTSLLFTLILI	20.2735	20.7315	0.171816	0.816184	632.651
LLLTALLTGLLTSLLFTLILI	LLLTALLTGLLTSLLTTLILI	19.9901	21.6127	0.0748068	1.26162	618.524
LLLTALLTGLLTSLLTTLILI	LLLTGLLTGLLTSLLTTLILI	20.5051	19.4588	0.154044	0.872342	604.196
LLLTGLLTGLLTSLLTTLILI	LLLTGLLLGLLTSLLTTLILI	19.8867	18.0692	1.30026	0.0697899	589.688
LLLTGLLLGLLTSLLTTLILI	LLLTGLLLGLLTSLLFTLILI	19.1463	22.7237	1.14683	0.0921195	545.329
LLLTGLLLGLLTSLLFTLILI	LLLTGLLLGLLFSLLFTLILI	23.3252	22.9855	0.693609	0.219549	515.312
LLLTGLLLGLLFSLLFTLILI	LLLGGLLLGLLFSLLFTLILI	23.1329	23.1628	0.366931	0.457192	500.25
LLLGGLLLGLLFSLLFTLILI	LLLGGLLLGLLTSLLFTLILI	23.0104	23.1103	0.30482	0.538845	485.188
LLLGGLLLGLLTSLLFTLILI	LLLGGLLTGLLTSLLFTLILI	22.6836	19.5798	0.112128	1.04019	470.152
LLLGGLLTGLLTSLLFTLILI	LLLGGLLYGLLTSLLFTLILI	19.2332	19.1462	0.693609	0.219549	455.171
LLLGGLLYGLLTSLLFTLILI	LLLYGLLYGLLTSLLFTLILI	19.2955	19.0894	0.368877	0.454934	440.27
LLLYGLLYGLLTSLLFTLILI	LLLYGLLTGLLTSLLFTLILI	19.0138	18.653	0.379341	0.443059	410.812
LLLYGLLTGLLTSLLFTLILI	LLLYGLLTGLLFSLLFTLILI	18.9036	20.1324	0.693609	0.219549	381.976
LLLYGLLTGLLFSLLFTLILI	LLLYGLLTGLLTSLLFTLILI	20.1324	18.9036	0.219549	0.693609	367.849
LLLYGLLTGLLTSLLFTLILI	LLLTGLLTGLLTSLLFTLILI	18.3818	18.9636	0.171816	0.816184	326.872
LLLTGLLTGLLTSLLFTLILI	LLLTGLLTGLLFSLLFTLILI	18.9636	20.0169	0.816184	0.171816	300.898
LLLTGLLTGLLFSLLFTLILI	LLLTGLLTGLLTSLLFTLILI	20.0169	18.9636	0.171816	0.816184	288.358
LLLTGLLTGLLTSLLFTLILI	LLLYGLLTGLLTSLLFTLILI	18.9636	18.3818	0.816184	0.171816	252.655
LLLYGLLTGLLTSLLFTLILI	LLLYALLTGLLTSLLFTLILI	19.0823	20.2557	0.872342	0.154044	219.977
LLLYALLTGLLTSLLFTLILI	LLLYALLTGLLTSLLTTLILI	20.1938	16.5044	0.0921195	1.14683	209.776
LLLYALLTGLLTSLLTTLILI	LLLYGLLTGLLTSLLTTLILI	15.5116	14.3419	0.154044	0.872342	155.814
LLLYGLLTGLLTSLLTTLILI	LLLTGLLTGLLTSLLTTLILI	13.6108	14.3213	0.141213	0.917682	147.996
LLLTGLLTGLLTSLLTTLILI	LLLGGLLTGLLTSLLTTLILI	14.0822	14.0233	0.678597	0.226415	24.7321
LLLGGLLTGLLTSLLTTLILI	LLLGGLLYGLLTSLLTTLILI	14.6131	14.3515	0.816184	0.171816	23.2154
Time: 187s
