***STARTING GEOMETRY:***
xShift: 6.48874
crossingAngle: -48.8181
axialRotation: 5.51942
zShift: 3.8174

Number of MCCycles: 100
PrevSequence	CurrSequence	PrevEnergy	CurrEnergy	PrevEntropy	CurrEntropy	CurrentTemp
LLLYLLGTLLGTLLATLLILI	LLLFLLGTLLGTLLATLLILI	-8.77226	-7.67785	0.650378	0.240035	999.684
LLLFLLGTLLGTLLATLLILI	LLLFLLGILLGTLLATLLILI	-7.00594	-5.84849	0.911943	0.142768	999.328
LLLFLLGILLGTLLATLLILI	LLLFLLGILLGWLLATLLILI	-5.7819	-4.66751	0.209355	0.716965	998.928
LLLFLLGILLGWLLATLLILI	LLLYLLGILLGWLLATLLILI	-5.14444	-5.76975	0.240035	0.650378	998.476
LLLYLLGILLGWLLATLLILI	LLLYLLGILLGWLLSTLLILI	-6.17597	-6.00031	0.244161	0.642213	997.967
LLLYLLGILLGWLLSTLLILI	LLLYLLGILLGTLLSTLLILI	-5.92556	-6.84003	0.716965	0.209355	997.394
LLLYLLGILLGTLLSTLLILI	LLLYLLGTLLGTLLSTLLILI	-6.90662	-8.54841	0.142768	0.911943	996.749
LLLYLLGTLLGTLLSTLLILI	LLLFLLGTLLGTLLSTLLILI	-8.80997	-7.69844	0.650378	0.240035	996.023
LLLFLLGTLLGTLLSTLLILI	LLLFLLGTLLGTLLATLLILI	-7.29626	-7.56877	0.642213	0.244161	995.205
LLLFLLGTLLGTLLATLLILI	LLLFLLGTLLGWLLATLLILI	-7.44923	-9.66707	0.363705	0.460972	994.285
LLLFLLGTLLGWLLATLLILI	LLLYLLGTLLGWLLATLLILI	-9.88801	-11.0024	0.240035	0.650378	993.249
LLLYLLGTLLGWLLATLLILI	LLLFLLGTLLGWLLATLLILI	-11.0024	-9.88801	0.650378	0.240035	992.084
LLLFLLGTLLGWLLATLLILI	LLLFLLGTLLGWLLSTLLILI	-9.88388	-9.93002	0.244161	0.642213	990.773
LLLFLLGTLLGWLLSTLLILI	LLLFLLGTLLGWLLATLLILI	-9.93002	-9.88388	0.642213	0.244161	989.3
LLLFLLGTLLGWLLATLLILI	LLLFLLGTLLGWLLSTLLILI	-9.88388	-9.93002	0.244161	0.642213	987.644
LLLFLLGTLLGWLLSTLLILI	LLLYLLGTLLGWLLSTLLILI	-10.3322	-11.4466	0.240035	0.650378	985.783
LLLYLLGTLLGWLLSTLLILI	LLLYLLGTLLGFLLSTLLILI	-11.2065	-9.38515	0.890414	0.148778	978.717
LLLYLLGTLLGFLLSTLLILI	LLLYLLGTLLGFLLSYLLILI	-9.12358	-5.62998	0.410343	0.410343	975.768
LLLYLLGTLLGFLLSYLLILI	LLLYLLGTLLGWLLSYLLILI	-5.89154	-7.0944	0.148778	0.890414	972.463
LLLYLLGTLLGWLLSYLLILI	LLLYLLGTLLGWLLAYLLILI	-7.3426	-7.24221	0.642213	0.244161	968.764
LLLYLLGTLLGWLLAYLLILI	LLLFLLGTLLGWLLAYLLILI	-6.83599	-5.72161	0.650378	0.240035	964.627
LLLFLLGTLLGWLLAYLLILI	LLLFLLGTLLGWLLATLLILI	-5.5513	-9.7177	0.410343	0.410343	960.005
LLLFLLGTLLGWLLATLLILI	LLLYLLGTLLGWLLATLLILI	-9.88801	-9.32516	0.240035	0.650378	954.846
LLLYLLGTLLGWLLATLLILI	LLLFLLGTLLGWLLATLLILI	-9.32516	-8.21273	0.650378	0.240035	949.095
LLLFLLGTLLGWLLATLLILI	LLLYLLGTLLGWLLATLLILI	-8.21273	-11.0024	0.240035	0.650378	942.693
LLLYLLGTLLGWLLATLLILI	LLLFLLGTLLGWLLATLLILI	-11.0024	-9.88801	0.650378	0.240035	935.578
LLLFLLGTLLGWLLATLLILI	LLLFLLGTLLGWLLSTLLILI	-9.88388	-9.93002	0.244161	0.642213	927.683
LLLFLLGTLLGWLLSTLLILI	LLLYLLGTLLGWLLSTLLILI	-10.3322	-11.4466	0.240035	0.650378	918.939
LLLYLLGTLLGWLLSTLLILI	LLLYLLGTLLGFLLSTLLILI	-11.2065	-9.38515	0.890414	0.148778	898.621
LLLYLLGTLLGFLLSTLLILI	LLLYLLGTLLGFLLATLLILI	-8.89171	-8.69486	0.642213	0.244161	886.903
LLLYLLGTLLGFLLATLLILI	LLLYLLGTLLGWLLATLLILI	-8.79024	-10.7624	0.148778	0.890414	874.051
LLLYLLGTLLGWLLATLLILI	LLLFLLGTLLGWLLATLLILI	-11.0024	-8.21269	0.650378	0.240035	844.686
LLLFLLGTLLGWLLATLLILI	LLLYLLGTLLGWLLATLLILI	-8.21269	-9.32516	0.240035	0.650378	828.061
LLLYLLGTLLGWLLATLLILI	LLLFLLGTLLGWLLATLLILI	-9.32516	-9.88801	0.650378	0.240035	810.083
LLLFLLGTLLGWLLATLLILI	LLLYLLGTLLGWLLATLLILI	-9.88801	-9.00969	0.240035	0.650378	790.724
LLLYLLGTLLGWLLATLLILI	LLLYLLGTLLGWLLSTLLILI	-9.41591	-9.81269	0.244161	0.642213	769.974
LLLYLLGTLLGWLLSTLLILI	LLLYLLGTLLGFLLSTLLILI	-9.56449	-9.38515	0.890414	0.148778	747.845
LLLYLLGTLLGFLLSTLLILI	LLLYLLGTLLGFLLATLLILI	-8.89171	-8.69486	0.642213	0.244161	724.369
LLLYLLGTLLGFLLATLLILI	LLLYLLGTLLGFLLSTLLILI	-8.69486	-8.89171	0.244161	0.642213	699.602
LLLYLLGTLLGFLLSTLLILI	LLLYLLGTLLGFLLATLLILI	-8.89171	-8.69486	0.642213	0.244161	673.628
LLLYLLGTLLGFLLATLLILI	LLLYLLGTLLGFLLSTLLILI	-8.69486	-8.89171	0.244161	0.642213	646.557
LLLYLLGTLLGFLLSTLLILI	LLLFLLGTLLGFLLSTLLILI	-9.12358	-7.59479	0.410343	0.410343	618.524
LLLFLLGTLLGFLLSTLLILI	LLLFLLGTLLGFLLATLLILI	-7.36292	-7.16607	0.642213	0.244161	589.688
LLLFLLGTLLGFLLATLLILI	LLLFLLGTLLGFLLSTLLILI	-7.16607	-7.36292	0.244161	0.642213	560.23
LLLFLLGTLLGFLLSTLLILI	LLLYLLGTLLGFLLSTLLILI	-7.59479	-9.12358	0.410343	0.410343	530.348
LLLYLLGTLLGFLLSTLLILI	LLLYLLGTLLGFLLATLLILI	-8.89171	-8.69486	0.642213	0.244161	500.25
LLLYLLGTLLGFLLATLLILI	LLLYLLGTLLGWLLATLLILI	-8.79024	-10.7624	0.148778	0.890414	470.152
LLLYLLGTLLGWLLATLLILI	LLLYLLGTLLGWLLSTLLILI	-11.4086	-11.4547	0.244161	0.642213	440.27
LLLYLLGTLLGWLLSTLLILI	LLLYLLGTLLGWLLATLLILI	-11.4547	-11.4086	0.642213	0.244161	353.943
LLLYLLGTLLGWLLATLLILI	LLLYLLGTLLGWLLSTLLILI	-11.4086	-11.4547	0.244161	0.642213	276.131
LLLYLLGTLLGWLLSTLLILI	LLLYLLGTLLGWLLATLLILI	-11.4547	-11.4086	0.642213	0.244161	252.655
LLLYLLGTLLGWLLATLLILI	LLLYLLGTLLGWLLSTLLILI	-11.4086	-11.4547	0.244161	0.642213	190.417
LLLYLLGTLLGWLLSTLLILI	LLLYLLGTLLGWLLATLLILI	-11.4547	-11.4086	0.642213	0.244161	172.439
LLLYLLGTLLGWLLATLLILI	LLLYLLGTLLGWLLSTLLILI	-11.4086	-11.4547	0.244161	0.642213	155.814
LLLYLLGTLLGWLLSTLLILI	LLLYLLGTLLGWLLATLLILI	-11.4547	-11.4086	0.642213	0.244161	140.501
LLLYLLGTLLGWLLATLLILI	LLLYLLGTLLGWLLSTLLILI	-11.4086	-11.4547	0.244161	0.642213	126.449
LLLYLLGTLLGWLLSTLLILI	LLLYLLGTLLGWLLATLLILI	-11.4547	-11.4086	0.642213	0.244161	101.879
LLLYLLGTLLGWLLATLLILI	LLLYLLGTLLGWLLSTLLILI	-11.4086	-11.4547	0.244161	0.642213	72.8169
LLLYLLGTLLGWLLSTLLILI	LLLYLLGTLLGWLLATLLILI	-11.4547	-11.4086	0.642213	0.244161	64.9219
LLLYLLGTLLGWLLATLLILI	LLLYLLGTLLGWLLSTLLILI	-11.4086	-11.4547	0.244161	0.642213	51.4049
LLLYLLGTLLGWLLSTLLILI	LLLYLLGTLLGWLLATLLILI	-11.4547	-11.4086	0.642213	0.244161	45.6541
LLLYLLGTLLGWLLATLLILI	LLLYLLGTLLGWLLSTLLILI	-11.4086	-11.4547	0.244161	0.642213	40.495
LLLYLLGTLLGWLLSTLLILI	LLLYLLGTLLGWLLATLLILI	-11.4547	-11.4086	0.642213	0.244161	35.8726
LLLYLLGTLLGWLLATLLILI	LLLYLLGTLLGWLLSTLLILI	-11.4086	-11.4547	0.244161	0.642213	21.7826
Time: 153s
