***STARTING GEOMETRY:***
xShift: 8.72959
crossingAngle: 31.9319
axialRotation: 99.3533
zShift: 3.28461

Number of MCCycles: 100
PrevSequence	CurrSequence	PrevEnergy	CurrEnergy	PrevEntropy	CurrEntropy	CurrentTemp
LLLYALLALLTSLTYLLLILI	LLLYALLALLTALTYLLLILI	-14.1394	-15.6116	0.297523	0.549849	999.684
LLLYALLALLTALTYLLLILI	LLLYALLALLTALVYLLLILI	-15.2306	-13.9924	0.930859	0.137712	999.328
LLLYALLALLTALVYLLLILI	LLLVALLALLTALVYLLLILI	-13.3765	-11.201	0.753596	0.194474	998.928
LLLVALLALLTALVYLLLILI	LLLVALLALLTALTYLLLILI	-11.1461	-14.3888	0.249358	0.632162	998.476
LLLVALLALLTALTYLLLILI	LLLVALLALLTALTFLLLILI	-14.3705	-14.957	0.650378	0.240035	997.967
LLLVALLALLTALTFLLLILI	LLLVALLYLLTALTFLLLILI	-14.7785	-19.8592	0.418565	0.402233	997.394
LLLVALLYLLTALTFLLLILI	LLLLALLYLLTALTFLLLILI	-20.0545	-24.0788	0.207026	0.722491	996.749
LLLLALLYLLTALTFLLLILI	LLLYALLYLLTALTFLLLILI	-24.5755	-23.5784	0.225838	0.679837	996.023
LLLYALLYLLTALTFLLLILI	LLLYALLYLLTALTYLLLILI	-24.167	-24.4442	0.0912572	1.15198	995.205
LLLYALLYLLTALTYLLLILI	LLLYALLYLLTALTFLLLILI	-24.4442	-24.167	1.15198	0.0912572	994.285
LLLYALLYLLTALTFLLLILI	LLLYGLLYLLTALTFLLLILI	-23.7945	-23.613	0.463748	0.36136	993.249
LLLYGLLYLLTALTFLLLILI	LLLYGLLYLLTSLTFLLLILI	-23.7302	-23.1057	0.244161	0.642213	992.084
LLLYGLLYLLTSLTFLLLILI	LLLYGLLWLLTSLTFLLLILI	-23.2967	-25.1114	0.451187	0.372136	990.773
LLLYGLLWLLTSLTFLLLILI	LLLYGLLWLLTALTFLLLILI	-24.8413	-25.5877	0.642213	0.244161	989.3
LLLYGLLWLLTALTFLLLILI	LLLYGLLYLLTALTFLLLILI	-25.4597	-22.5578	0.372136	0.451187	987.644
LLLYGLLYLLTALTFLLLILI	LLLYGLLYLLTSLTFLLLILI	-22.7648	-24.4305	0.244161	0.642213	985.783
LLLYGLLYLLTSLTFLLLILI	LLLYALLYLLTSLTFLLLILI	-24.4886	-22.1862	0.584123	0.276169	983.694
LLLYALLYLLTSLTFLLLILI	LLLYALLYLLTALTFLLLILI	-22.0581	-21.1094	0.404229	0.416521	981.348
LLLYALLYLLTALTFLLLILI	LLLYGLLYLLTALTFLLLILI	-21.0622	-23.5553	0.463748	0.36136	978.717
LLLYGLLYLLTALTFLLLILI	LLLYGLLYLLTSLTFLLLILI	-23.6725	-23.7161	0.244161	0.642213	975.768
LLLYGLLYLLTSLTFLLLILI	LLLYGLLYLLTALTFLLLILI	-23.7161	-23.6725	0.642213	0.244161	972.463
LLLYGLLYLLTALTFLLLILI	LLLYGLLWLLTALTFLLLILI	-23.4655	-25.252	0.451187	0.372136	968.764
LLLYGLLWLLTALTFLLLILI	LLLYGLLWLLTALTYLLLILI	-25.492	-23.7402	0.132101	0.952787	964.627
LLLYGLLWLLTALTYLLLILI	LLLYGLLWLLTALVYLLLILI	-23.7622	-21.9611	0.930859	0.137712	960.005
LLLYGLLWLLTALVYLLLILI	LLLYALLWLLTALVYLLLILI	-21.7375	-15.5654	0.36136	0.463748	954.846
LLLYALLWLLTALVYLLLILI	LLLYALLWLLTALTYLLLILI	-15.8915	-18.9807	0.137712	0.930859	949.095
LLLYALLWLLTALTYLLLILI	LLLYALLWLLTALTFLLLILI	-18.9588	-18.9928	0.952787	0.132101	942.693
LLLYALLWLLTALTFLLLILI	LLLYALLWLLTSLTFLLLILI	-18.7084	-21.3428	0.416521	0.404229	935.578
LLLYALLWLLTSLTFLLLILI	LLLYALLYLLTSLTFLLLILI	-21.3749	-23.8437	0.372136	0.451187	927.683
LLLYALLYLLTSLTFLLLILI	LLLYGLLYLLTSLTFLLLILI	-24.0187	-25.4394	0.276169	0.584123	918.939
LLLYGLLYLLTSLTFLLLILI	LLLYGLLWLLTSLTFLLLILI	-25.5723	-24.1174	0.451187	0.372136	898.621
LLLYGLLWLLTSLTFLLLILI	LLLYGLLYLLTSLTFLLLILI	-24.1174	-24.9156	0.372136	0.451187	886.903
LLLYGLLYLLTSLTFLLLILI	LLLYGLLWLLTSLTFLLLILI	-24.9156	-25.7729	0.451187	0.372136	874.051
LLLYGLLWLLTSLTFLLLILI	LLLYGLLWLLTSLTYLLLILI	-26.013	-25.9806	0.132101	0.952787	859.999
LLLYGLLWLLTSLTYLLLILI	LLLYGLLWLLTALTYLLLILI	-26.2912	-24.3008	0.642213	0.244161	844.686
LLLYGLLWLLTALTYLLLILI	LLLYGLLWLLVALTYLLLILI	-23.6141	-22.1124	0.930859	0.137712	828.061
LLLYGLLWLLVALTYLLLILI	LLLYGLLWLLTALTYLLLILI	-22.1124	-23.4116	0.137712	0.930859	810.083
LLLYGLLWLLTALTYLLLILI	LLLYGLLWLLTSLTYLLLILI	-24.0983	-24.6283	0.244161	0.642213	790.724
LLLYGLLWLLTSLTYLLLILI	LLLYGLLWLLTSLTFLLLILI	-24.3177	-26.0098	0.952787	0.132101	769.974
LLLYGLLWLLTSLTFLLLILI	LLLYGLLYLLTSLTFLLLILI	-25.7697	-25.5756	0.372136	0.451187	747.845
LLLYGLLYLLTSLTFLLLILI	LLLYGLLYLLTALTFLLLILI	-25.3845	-23.7334	0.642213	0.244161	724.369
LLLYGLLYLLTALTFLLLILI	LLLYGLLYLLTSLTFLLLILI	-23.7334	-24.3729	0.244161	0.642213	699.602
LLLYGLLYLLTSLTFLLLILI	LLLYGLLYLLTALTFLLLILI	-24.3729	-23.7302	0.642213	0.244161	673.628
LLLYGLLYLLTALTFLLLILI	LLLYGLLYLLTALTYLLLILI	-23.8831	-23.3605	0.0912572	1.15198	646.557
LLLYGLLYLLTALTYLLLILI	LLLYALLYLLTALTYLLLILI	-24.1511	-24.1129	0.36136	0.463748	618.524
LLLYALLYLLTALTYLLLILI	LLLFALLYLLTALTYLLLILI	-23.4247	-22.9681	1.15198	0.0912572	589.688
LLLFALLYLLTALTYLLLILI	LLLFGLLYLLTALTYLLLILI	-22.5956	-22.9875	0.463748	0.36136	560.23
LLLFGLLYLLTALTYLLLILI	LLLYGLLYLLTALTYLLLILI	-23.2576	-23.3605	0.0912572	1.15198	530.348
LLLYGLLYLLTALTYLLLILI	LLLFGLLYLLTALTYLLLILI	-23.3605	-24.8241	1.15198	0.0912572	500.25
LLLFGLLYLLTALTYLLLILI	LLLFGLLWLLTALTYLLLILI	-24.4642	-25.8139	0.451187	0.372136	410.812
LLLFGLLWLLTALTYLLLILI	LLLFGLLWLLTSLTYLLLILI	-25.9418	-26.4031	0.244161	0.642213	381.976
LLLFGLLWLLTSLTYLLLILI	LLLYGLLWLLTSLTYLLLILI	-26.9132	-26.5911	0.132101	0.952787	353.943
LLLYGLLWLLTSLTYLLLILI	LLLFGLLWLLTSLTYLLLILI	-26.5911	-26.9132	0.952787	0.132101	252.655
LLLFGLLWLLTSLTYLLLILI	LLLYGLLWLLTSLTYLLLILI	-26.9132	-27.6589	0.132101	0.952787	113.597
LLLYGLLWLLTSLTYLLLILI	LLLYGLLWLLTSLTFLLLILI	-27.6589	-27.6912	0.952787	0.132101	31.7355
Time: 267s
