***STARTING GEOMETRY:***
xShift: 9.16761
crossingAngle: 20.7242
axialRotation: 49.586
zShift: 2.33452

Number of MCCycles: 100
PrevSequence	CurrSequence	PrevEnergy	CurrEnergy	PrevEntropy	CurrEntropy	CurrentTemp
LLLVGLLGLLTFLTSLLLILI	LLLVGLLGLLTFLYSLLLILI	6.82399	9.0384	0.538845	0.30482	999.684
LLLVGLLGLLTFLYSLLLILI	LLLVGLLGLLTTLYSLLLILI	8.90539	7.20442	0.171816	0.816184	999.328
LLLVGLLGLLTTLYSLLLILI	LLLVGLLGLLTTLYALLLILI	7.03045	6.78581	0.642213	0.244161	998.928
LLLVGLLGLLTTLYALLLILI	LLLWGLLGLLTTLYALLLILI	6.66044	7.60437	0.118797	1.00921	998.476
LLLWGLLGLLTTLYALLLILI	LLLWVLLGLLTTLYALLLILI	7.4106	0.29052	0.81544	0.172067	997.967
LLLWVLLGLLTTLYALLLILI	LLLWILLGLLTTLYALLLILI	0.516932	1.72812	0.398479	0.42245	997.394
LLLWILLGLLTTLYALLLILI	LLLWILLGLLTTLYSLLLILI	1.54983	1.96185	0.244161	0.642213	996.749
LLLWILLGLLTTLYSLLLILI	LLLWILLGLLYTLYSLLLILI	1.64836	0.674652	0.328724	0.505042	996.023
LLLWILLGLLYTLYSLLLILI	LLLWILLGLLYTLTSLLLILI	0.674652	-3.25327	0.505042	0.328724	995.205
LLLWILLGLLYTLTSLLLILI	LLLWILLGLLYTLTALLLILI	-2.93978	-3.39253	0.642213	0.244161	994.285
LLLWILLGLLYTLTALLLILI	LLLWILLGLLYTLTSLLLILI	-3.39253	-2.87275	0.244161	0.642213	992.084
LLLWILLGLLYTLTSLLLILI	LLLWILLALLYTLTSLLLILI	-2.93084	-2.01865	0.584123	0.276169	990.773
LLLWILLALLYTLTSLLLILI	LLLWILLALLFTLTSLLLILI	-1.64444	2.31354	0.650378	0.240035	989.3
LLLWILLALLFTLTSLLLILI	LLLWVLLALLFTLTSLLLILI	2.49595	-0.295869	0.42245	0.398479	987.644
LLLWVLLALLFTLTSLLLILI	LLLWVLLGLLFTLTSLLLILI	-0.418179	0.551326	0.276169	0.584123	985.783
LLLWVLLGLLFTLTSLLLILI	LLLWVLLGLLFVLTSLLLILI	0.599365	3.39827	0.632162	0.249358	983.694
LLLWVLLGLLFVLTSLLLILI	LLLWILLGLLFVLTSLLLILI	3.78342	4.52965	0.634506	0.248134	981.348
LLLWILLGLLFVLTSLLLILI	LLLWVLLGLLFVLTSLLLILI	4.52965	3.78342	0.248134	0.634506	978.717
LLLWVLLGLLFVLTSLLLILI	LLLWVLLGLLYVLTSLLLILI	3.38895	1.31381	0.240035	0.650378	975.768
LLLWVLLGLLYVLTSLLLILI	LLLWVLLGLLYTLTSLLLILI	0.912793	-2.30149	0.249358	0.632162	972.463
LLLWVLLGLLYTLTSLLLILI	LLLWVLLALLYTLTSLLLILI	-2.34952	-3.35727	0.584123	0.276169	968.764
LLLWVLLALLYTLTSLLLILI	LLLWILLALLYTLTSLLLILI	-3.23495	-1.93818	0.398479	0.42245	964.627
LLLWILLALLYTLTSLLLILI	LLLWILLALLYTLVSLLLILI	-1.42978	1.51711	0.930859	0.137712	960.005
LLLWILLALLYTLVSLLLILI	LLLWVLLALLYTLVSLLLILI	1.62753	0.656508	0.248134	0.634506	954.846
LLLWVLLALLYTLVSLLLILI	LLLWVLLSLLYTLVSLLLILI	0.156581	0.70283	0.13458	0.942975	949.095
LLLWVLLSLLYTLVSLLLILI	LLLWVLLSLLYTLTSLLLILI	0.00921361	-3.19975	0.249358	0.632162	942.693
LLLWVLLSLLYTLTSLLLILI	LLLWVLLALLYTLTSLLLILI	-2.88894	-3.49885	0.942975	0.13458	935.578
LLLWVLLALLYTLTSLLLILI	LLLWVLLALLYTLTALLLILI	-3.2292	-3.27106	0.404229	0.416521	927.683
LLLWVLLALLYTLTALLLILI	LLLWILLALLYTLTALLLILI	-3.2891	-1.99233	0.398479	0.42245	918.939
LLLWILLALLYTLTALLLILI	LLLWILLALLYVLTALLLILI	-1.48392	2.4877	0.930859	0.137712	909.276
LLLWILLALLYVLTALLLILI	LLLWILLALLYVLTSLLLILI	2.76651	2.58763	0.416521	0.404229	898.621
LLLWILLALLYVLTSLLLILI	LLLWILLALLYTLTSLLLILI	2.32111	-0.47674	0.137712	0.930859	886.903
LLLWILLALLYTLTSLLLILI	LLLWVLLALLYTLTSLLLILI	-0.985149	-3.23495	0.42245	0.398479	874.051
LLLWVLLALLYTLTSLLLILI	LLLWVLLALLYTLVSLLLILI	-3.00127	0.27136	0.632162	0.249358	844.686
LLLWVLLALLYTLVSLLLILI	LLLWVLLALLYTLVALLLILI	0.426231	0.302195	0.404229	0.416521	828.061
LLLWVLLALLYTLVALLLILI	LLLWVLLALLYTLVSLLLILI	0.302195	0.426231	0.416521	0.404229	810.083
LLLWVLLALLYTLVSLLLILI	LLLWVLLALLYTLTSLLLILI	0.27136	-2.93537	0.249358	0.632162	790.724
LLLWVLLALLYTLTSLLLILI	LLLWVLLALLFTLTSLLLILI	-2.91715	1.93214	0.650378	0.240035	769.974
LLLWVLLALLFTLTSLLLILI	LLLWVLLGLLFTLTSLLLILI	1.96828	0.480034	0.276169	0.584123	747.845
LLLWVLLGLLFTLTSLLLILI	LLLWVLLGLLFVLTSLLLILI	0.528073	3.39827	0.632162	0.249358	724.369
LLLWVLLGLLFVLTSLLLILI	LLLWVLLGLLYVLTSLLLILI	3.38895	1.31381	0.240035	0.650378	699.602
LLLWVLLGLLYVLTSLLLILI	LLLWVLLALLYVLTSLLLILI	1.24756	0.332379	0.584123	0.276169	673.628
LLLWVLLALLYVLTSLLLILI	LLLWVLLALLYTLTSLLLILI	0.305569	-2.93537	0.249358	0.632162	646.557
LLLWVLLALLYTLTSLLLILI	LLLWVLLALLYTLTALLLILI	-3.1633	-3.27106	0.404229	0.416521	618.524
LLLWVLLALLYTLTALLLILI	LLLWVLLSLLYTLTALLLILI	-3.27106	-3.54622	0.416521	0.404229	589.688
LLLWVLLSLLYTLTALLLILI	LLLWILLSLLYTLTALLLILI	-3.55197	-2.03595	0.398479	0.42245	560.23
LLLWILLSLLYTLTALLLILI	LLLWILLSLLYTLTSLLLILI	-2.32382	-1.39712	0.13458	0.942975	530.348
LLLWILLSLLYTLTSLLLILI	LLLWVLLSLLYTLTSLLLILI	-1.91764	-3.49736	0.42245	0.398479	500.25
LLLWVLLSLLYTLTSLLLILI	LLLWVLLALLYTLTSLLLILI	-2.95287	-3.49885	0.942975	0.13458	470.152
LLLWVLLALLYTLTSLLLILI	LLLWVLLALLYTLTALLLILI	-3.2292	-3.27106	0.404229	0.416521	410.812
LLLWVLLALLYTLTALLLILI	LLLWVLLSLLYTLTALLLILI	-3.27106	-3.54622	0.416521	0.404229	353.943
LLLWVLLSLLYTLTALLLILI	LLLWVLLALLYTLTALLLILI	-3.54622	-3.27106	0.404229	0.416521	276.131
LLLWVLLALLYTLTALLLILI	LLLWVLLSLLYTLTALLLILI	-3.27106	-3.54622	0.416521	0.404229	230.526
LLLWVLLSLLYTLTALLLILI	LLLWVLLALLYTLTALLLILI	-3.54622	-3.27106	0.404229	0.416521	209.776
LLLWVLLALLYTLTALLLILI	LLLWVLLSLLYTLTALLLILI	-3.27106	-3.54622	0.416521	0.404229	190.417
LLLWVLLSLLYTLTALLLILI	LLLWVLLALLYTLTALLLILI	-3.54622	-3.27106	0.404229	0.416521	155.814
LLLWVLLALLYTLTALLLILI	LLLWVLLSLLYTLTALLLILI	-3.27106	-3.54622	0.416521	0.404229	140.501
LLLWVLLSLLYTLTALLLILI	LLLWVLLALLYTLTALLLILI	-3.54622	-3.27106	0.404229	0.416521	126.449
LLLWVLLALLYTLTALLLILI	LLLWVLLSLLYTLTALLLILI	-3.27106	-3.54622	0.416521	0.404229	113.597
LLLWVLLSLLYTLTALLLILI	LLLWVLLALLYTLTALLLILI	-3.54622	-3.27106	0.404229	0.416521	101.879
LLLWVLLALLYTLTALLLILI	LLLWVLLALLYTLTSLLLILI	-3.27106	-3.2292	0.416521	0.404229	91.2238
LLLWVLLALLYTLTSLLLILI	LLLWVLLALLYTLTALLLILI	-3.2292	-3.27106	0.404229	0.416521	81.5606
LLLWVLLALLYTLTALLLILI	LLLWVLLSLLYTLTALLLILI	-3.27106	-3.54622	0.416521	0.404229	72.8169
Time: 158s
