***STARTING GEOMETRY:***
xShift: 8.2
crossingAngle: 21
axialRotation: 75.6518
zShift: 3.22877

Number of MCCycles: 100
PrevSequence	CurrSequence	PrevEnergy	CurrEnergy	PrevEntropy	CurrEntropy	CurrentTemp
LLLYWLLGLLWWLTGLLLILI	LLLYFLLGLLWWLTGLLLILI	984.045	982.807	1.44587	0.0538553	999.684
LLLYFLLGLLWWLTGLLLILI	LLLYFLLGLLWWLVGLLLILI	983.385	986.589	0.632162	0.249358	999.328
LLLYFLLGLLWWLVGLLLILI	LLLYFLLGLLWWLTGLLLILI	986.589	983.385	0.249358	0.632162	998.928
LLLYFLLGLLWWLTGLLLILI	LLLYFLLGLLWWLVGLLLILI	983.385	986.589	0.632162	0.249358	998.476
LLLYFLLGLLWWLVGLLLILI	LLLYFLLGLLYWLVGLLLILI	986.939	987.592	0.598868	0.267575	997.967
LLLYFLLGLLYWLVGLLLILI	LLLYWLLGLLYWLVGLLLILI	987.404	987.842	0.0790506	1.23103	997.394
LLLYWLLGLLYWLVGLLLILI	LLLYFLLGLLYWLVGLLLILI	987.842	987.404	1.23103	0.0790506	996.749
LLLYFLLGLLYWLVGLLLILI	LLLYFLLGLLYWLTGLLLILI	987.574	984.375	0.249358	0.632162	996.023
LLLYFLLGLLYWLTGLLLILI	LLLYWLLGLLYWLTGLLLILI	983.822	984.26	0.0790506	1.23103	995.205
LLLYWLLGLLYWLTGLLLILI	LLLYWLLGLLWWLTGLLLILI	983.22	983.116	0.191082	0.76241	994.285
LLLYWLLGLLWWLTGLLLILI	LLLYWLLGLLWWLVGLLLILI	982.986	988.05	0.632162	0.249358	993.249
LLLYWLLGLLWWLVGLLLILI	LLLFWLLGLLWWLVGLLLILI	988.451	988.907	0.650378	0.240035	992.084
LLLFWLLGLLWWLVGLLLILI	LLLFWLLGLLWYLVGLLLILI	989.752	989.745	1.08489	0.103217	990.773
LLLFWLLGLLWYLVGLLLILI	LLLFWLLGLLYYLVGLLLILI	990.241	990.683	0.598868	0.267575	989.3
LLLFWLLGLLYYLVGLLLILI	LLLFWLLGLLYWLVGLLLILI	990.683	989.826	0.267575	0.598868	987.644
LLLFWLLGLLYWLVGLLLILI	LLLFWLLGLLYYLVGLLLILI	989.826	990.683	0.598868	0.267575	985.783
LLLFWLLGLLYYLVGLLLILI	LLLFWLLGLLYYLTGLLLILI	990.665	987.489	0.249358	0.632162	983.694
LLLFWLLGLLYYLTGLLLILI	LLLFYLLGLLYYLTGLLLILI	987.129	988.247	0.272043	0.591129	981.348
LLLFYLLGLLYYLTGLLLILI	LLLYYLLGLLYYLTGLLLILI	987.725	986.452	0.0697276	1.30076	978.717
LLLYYLLGLLYYLTGLLLILI	LLLYWLLGLLYYLTGLLLILI	985.855	984.442	0.704234	0.21484	975.768
LLLYWLLGLLYYLTGLLLILI	LLLYWLLGLLWYLTGLLLILI	984.594	983.796	0.366471	0.457728	972.463
LLLYWLLGLLWYLTGLLLILI	LLLYFLLGLLWYLTGLLLILI	984.569	983.852	1.23103	0.0790506	968.764
LLLYFLLGLLWYLTGLLLILI	LLLYFLLGLLYYLTGLLLILI	984.045	985.567	0.272043	0.591129	964.627
LLLYFLLGLLYYLTGLLLILI	LLLYWLLGLLYYLTGLLLILI	985.125	985.118	0.148778	0.890414	960.005
LLLYWLLGLLYYLTGLLLILI	LLLYWLLGLLWYLTGLLLILI	984.594	983.796	0.366471	0.457728	954.846
LLLYWLLGLLWYLTGLLLILI	LLLYFLLGLLWYLTGLLLILI	984.569	983.852	1.23103	0.0790506	949.095
LLLYFLLGLLWYLTGLLLILI	LLLYWLLGLLWYLTGLLLILI	983.852	984.569	0.0790506	1.23103	942.693
LLLYWLLGLLWYLTGLLLILI	LLLYWLLGLLWWLTGLLLILI	983.529	983.116	0.191082	0.76241	935.578
LLLYWLLGLLWWLTGLLLILI	LLLYWLLGLLWYLTGLLLILI	983.116	983.529	0.76241	0.191082	927.683
LLLYWLLGLLWYLTGLLLILI	LLLYFLLGLLWYLTGLLLILI	984.569	986.072	1.23103	0.0790506	918.939
LLLYFLLGLLWYLTGLLLILI	LLLYWLLGLLWYLTGLLLILI	986.072	984.569	0.0790506	1.23103	909.276
LLLYWLLGLLWYLTGLLLILI	LLLYWLLGLLWWLTGLLLILI	983.529	983.116	0.191082	0.76241	898.621
LLLYWLLGLLWWLTGLLLILI	LLLFWLLGLLWWLTGLLLILI	983.004	985.32	0.650378	0.240035	886.903
LLLFWLLGLLWWLTGLLLILI	LLLYWLLGLLWWLTGLLLILI	985.32	983.004	0.240035	0.650378	874.051
LLLYWLLGLLWWLTGLLLILI	LLLYYLLGLLWWLTGLLLILI	983.116	983.069	0.76241	0.191082	844.686
LLLYYLLGLLWWLTGLLLILI	LLLYYLLGLLWWLVGLLLILI	983.51	986.714	0.632162	0.249358	828.061
LLLYYLLGLLWWLVGLLLILI	LLLYFLLGLLWWLVGLLLILI	987.418	986.472	0.952787	0.132101	810.083
LLLYFLLGLLWWLVGLLLILI	LLLYWLLGLLWWLVGLLLILI	986.394	987.387	0.0538553	1.44587	790.724
LLLYWLLGLLWWLVGLLLILI	LLLYWLLGLLWWLTGLLLILI	986.191	982.986	0.249358	0.632162	769.974
LLLYWLLGLLWWLTGLLLILI	LLLYWLLGLLWYLTGLLLILI	983.116	983.529	0.76241	0.191082	747.845
LLLYWLLGLLWYLTGLLLILI	LLLYFLLGLLWYLTGLLLILI	984.569	983.852	1.23103	0.0790506	699.602
LLLYFLLGLLWYLTGLLLILI	LLLYWLLGLLWYLTGLLLILI	983.852	984.569	0.0790506	1.23103	673.628
LLLYWLLGLLWYLTGLLLILI	LLLYWLLGLLWWLTGLLLILI	983.529	983.116	0.191082	0.76241	646.557
LLLYWLLGLLWWLTGLLLILI	LLLYFLLGLLWWLTGLLLILI	983.8	982.807	1.44587	0.0538553	618.524
LLLYFLLGLLWWLTGLLLILI	LLLYWLLGLLWWLTGLLLILI	982.807	983.8	0.0538553	1.44587	589.688
LLLYWLLGLLWWLTGLLLILI	LLLWWLLGLLWWLTGLLLILI	982.433	984.404	0.0790506	1.23103	560.23
LLLWWLLGLLWWLTGLLLILI	LLLWWLLGLLWFLTGLLLILI	984.776	984.943	1.60317	0.0408438	530.348
LLLWWLLGLLWFLTGLLLILI	LLLWFLLGLLWFLTGLLLILI	985.987	986.739	1.08489	0.103217	500.25
LLLWFLLGLLWFLTGLLLILI	LLLWFLLGLLWWLTGLLLILI	986.739	986.043	0.103217	1.08489	470.152
LLLWFLLGLLWWLTGLLLILI	LLLWFLLGLLWYLTGLLLILI	986.043	986.373	1.08489	0.103217	440.27
LLLWFLLGLLWYLTGLLLILI	LLLWFLLGLLYYLTGLLLILI	986.869	987.773	0.598868	0.267575	410.812
LLLWFLLGLLYYLTGLLLILI	LLLYFLLGLLYYLTGLLLILI	987.778	985.567	0.272043	0.591129	381.976
LLLYFLLGLLYYLTGLLLILI	LLLYWLLGLLYYLTGLLLILI	985.125	985.118	0.148778	0.890414	353.943
LLLYWLLGLLYYLTGLLLILI	LLLYWLLGLLWYLTGLLLILI	984.594	983.796	0.366471	0.457728	326.872
LLLYWLLGLLWYLTGLLLILI	LLLYFLLGLLWYLTGLLLILI	984.569	983.852	1.23103	0.0790506	300.898
LLLYFLLGLLWYLTGLLLILI	LLLYFLLGLLWWLTGLLLILI	984.04	983.352	0.267575	0.598868	276.131
LLLYFLLGLLWWLTGLLLILI	LLLYFLLGLLWFLTGLLLILI	983.643	984.399	0.890414	0.148778	172.439
LLLYFLLGLLWFLTGLLLILI	LLLYFLLGLLWWLTGLLLILI	984.399	983.643	0.148778	0.890414	155.814
LLLYFLLGLLWWLTGLLLILI	LLLYFLLGLLWFLTGLLLILI	983.643	984.399	0.890414	0.148778	113.597
LLLYFLLGLLWFLTGLLLILI	LLLYFLLGLLWWLTGLLLILI	984.399	983.643	0.148778	0.890414	101.879
Time: 189s
