***STARTING GEOMETRY:***
xShift: 6.7985
crossingAngle: -50.171
axialRotation: 6.15087
zShift: 3.67608

Number of MCCycles: 100
PrevSequence	CurrSequence	PrevEnergy	CurrEnergy	PrevEntropy	CurrEntropy	CurrentTemp
LLLYLLGTLLGTLLSTLLILI	LLLYLLGTLLGTLLSYLLILI	-19.9848	-16.6854	0.443059	0.379341	999.684
LLLYLLGTLLGTLLSYLLILI	LLLFLLGTLLGTLLSYLLILI	-16.1119	-15.1538	0.952787	0.132101	999.328
LLLFLLGTLLGTLLSYLLILI	LLLFLLGTLLGTLLAYLLILI	-14.6437	-14.1883	0.642213	0.244161	998.928
LLLFLLGTLLGTLLAYLLILI	LLLFLLGTLLGYLLAYLLILI	-14.1037	-14.0005	0.328724	0.505042	998.476
LLLFLLGTLLGYLLAYLLILI	LLLYLLGTLLGYLLAYLLILI	-14.4143	-15.192	0.0912572	1.15198	997.967
LLLYLLGTLLGYLLAYLLILI	LLLYLLGTLLGYLLATLLILI	-15.6896	-20.6446	0.654392	0.238039	997.394
LLLYLLGTLLGYLLATLLILI	LLLYLLGTLLGYLLSTLLILI	-20.6385	-21.2925	0.244161	0.642213	996.749
LLLYLLGTLLGYLLSTLLILI	LLLWLLGTLLGYLLSTLLILI	-21.4835	-21.3144	0.451187	0.372136	996.023
LLLWLLGTLLGYLLSTLLILI	LLLWLLGTLLGYLLATLLILI	-21.0443	-20.3828	0.642213	0.244161	995.205
LLLWLLGTLLGYLLATLLILI	LLLWLLGTLLGYLLSTLLILI	-20.3828	-19.5484	0.244161	0.642213	994.285
LLLWLLGTLLGYLLSTLLILI	LLLWLLGTLLGFLLSTLLILI	-19.5403	-19.4443	0.650378	0.240035	993.249
LLLWLLGTLLGFLLSTLLILI	LLLYLLGTLLGFLLSTLLILI	-19.0855	-19.6735	0.598868	0.267575	992.084
LLLYLLGTLLGFLLSTLLILI	LLLYLLGTLLGWLLSTLLILI	-19.7923	-21.2372	0.148778	0.890414	990.773
LLLYLLGTLLGWLLSTLLILI	LLLYLLGILLGWLLSTLLILI	-21.2157	-17.295	0.911943	0.142768	989.3
LLLYLLGILLGWLLSTLLILI	LLLYLLGILLGWLLATLLILI	-16.7956	-15.8575	0.642213	0.244161	987.644
LLLYLLGILLGWLLATLLILI	LLLFLLGILLGWLLATLLILI	-15.4513	-14.5729	0.650378	0.240035	985.783
LLLFLLGILLGWLLATLLILI	LLLYLLGILLGWLLATLLILI	-14.5729	-15.446	0.240035	0.650378	983.694
LLLYLLGILLGWLLATLLILI	LLLFLLGILLGWLLATLLILI	-15.446	-14.5651	0.650378	0.240035	981.348
LLLFLLGILLGWLLATLLILI	LLLYLLGILLGWLLATLLILI	-14.5651	-15.446	0.240035	0.650378	978.717
LLLYLLGILLGWLLATLLILI	LLLFLLGILLGWLLATLLILI	-15.446	-14.5729	0.650378	0.240035	975.768
LLLFLLGILLGWLLATLLILI	LLLFLLGILLGTLLATLLILI	-14.352	-15.331	0.460972	0.363705	972.463
LLLFLLGILLGTLLATLLILI	LLLFLLGTLLGTLLATLLILI	-15.5958	-16.8288	0.098896	1.10811	968.764
LLLFLLGTLLGTLLATLLILI	LLLYLLGTLLGTLLATLLILI	-17.6968	-19.0652	0.240035	0.650378	964.627
LLLYLLGTLLGTLLATLLILI	LLLYLLGTLLGWLLATLLILI	-19.2295	-20.5396	0.48602	0.343253	960.005
LLLYLLGTLLGWLLATLLILI	LLLYLLGTLLGYLLATLLILI	-20.5107	-20.4315	0.372136	0.451187	954.846
LLLYLLGTLLGYLLATLLILI	LLLYLLGTLLGWLLATLLILI	-20.4315	-19.6383	0.451187	0.372136	949.095
LLLYLLGTLLGWLLATLLILI	LLLYLLGTLLGYLLATLLILI	-19.6383	-20.4315	0.372136	0.451187	942.693
LLLYLLGTLLGYLLATLLILI	LLLFLLGTLLGYLLATLLILI	-19.9299	-18.9684	0.952787	0.132101	935.578
LLLFLLGTLLGYLLATLLILI	LLLFLLGTLLGYLLSTLLILI	-18.8564	-19.5078	0.244161	0.642213	927.683
LLLFLLGTLLGYLLSTLLILI	LLLFLLGTLLGYLLSVLLILI	-19.2192	-16.2107	0.930859	0.137712	909.276
LLLFLLGTLLGYLLSVLLILI	LLLYLLGTLLGYLLSVLLILI	-16.2163	-17.1778	0.132101	0.952787	898.621
LLLYLLGTLLGYLLSVLLILI	LLLYLLGTLLGWLLSVLLILI	-17.6794	-17.6892	0.451187	0.372136	886.903
LLLYLLGTLLGWLLSVLLILI	LLLYLLGTLLGWLLSTLLILI	-17.9237	-20.5189	0.137712	0.930859	874.051
LLLYLLGTLLGWLLSTLLILI	LLLYLLGTLLGWLLATLLILI	-20.8075	-20.6333	0.642213	0.244161	859.999
LLLYLLGTLLGWLLATLLILI	LLLYLLGTLLGWLLSTLLILI	-20.6333	-21.4801	0.244161	0.642213	844.686
LLLYLLGTLLGWLLSTLLILI	LLLYLLGTLLGWLLATLLILI	-21.4801	-20.6333	0.642213	0.244161	828.061
LLLYLLGTLLGWLLATLLILI	LLLYLLGTLLGYLLATLLILI	-20.5054	-20.4262	0.372136	0.451187	810.083
LLLYLLGTLLGYLLATLLILI	LLLFLLGTLLGYLLATLLILI	-19.9245	-18.9684	0.952787	0.132101	769.974
LLLFLLGTLLGYLLATLLILI	LLLFLLGTLLGYLLSTLLILI	-18.8564	-19.5156	0.244161	0.642213	747.845
LLLFLLGTLLGYLLSTLLILI	LLLFLLGTLLGWLLSTLLILI	-19.8903	-19.0692	0.267575	0.598868	724.369
LLLFLLGTLLGWLLSTLLILI	LLLFLLGTLLGYLLSTLLILI	-19.0692	-19.8903	0.598868	0.267575	699.602
LLLFLLGTLLGYLLSTLLILI	LLLYLLGTLLGYLLSTLLILI	-20.0257	-20.9872	0.132101	0.952787	673.628
LLLYLLGTLLGYLLSTLLILI	LLLYLLGTLLGWLLSTLLILI	-21.4888	-21.7555	0.451187	0.372136	646.557
LLLYLLGTLLGWLLSTLLILI	LLLYLLGTLLGYLLSTLLILI	-21.7555	-21.4888	0.372136	0.451187	618.524
LLLYLLGTLLGYLLSTLLILI	LLLYLLGTLLGWLLSTLLILI	-21.4888	-21.7555	0.451187	0.372136	589.688
LLLYLLGTLLGWLLSTLLILI	LLLYLLGTLLGYLLSTLLILI	-21.7555	-21.4888	0.372136	0.451187	560.23
LLLYLLGTLLGYLLSTLLILI	LLLYLLGTLLGWLLSTLLILI	-21.4888	-21.7502	0.451187	0.372136	530.348
LLLYLLGTLLGWLLSTLLILI	LLLYLLGTLLGWLLSVLLILI	-21.1914	-17.9237	0.930859	0.137712	500.25
LLLYLLGTLLGWLLSVLLILI	LLLYLLGTLLGWLLAVLLILI	-17.4192	-16.5886	0.642213	0.244161	470.152
LLLYLLGTLLGWLLAVLLILI	LLLYLLGTLLGWLLSVLLILI	-16.5886	-17.4192	0.244161	0.642213	440.27
LLLYLLGTLLGWLLSVLLILI	LLLYLLGTLLGWLLAVLLILI	-17.4192	-16.5886	0.642213	0.244161	381.976
LLLYLLGTLLGWLLAVLLILI	LLLYLLGTLLGYLLAVLLILI	-16.4606	-16.6382	0.372136	0.451187	353.943
LLLYLLGTLLGYLLAVLLILI	LLLYLLGTLLGWLLAVLLILI	-16.6382	-16.4606	0.451187	0.372136	326.872
LLLYLLGTLLGWLLAVLLILI	LLLYLLGTLLGWLLATLLILI	-16.6951	-18.2356	0.137712	0.930859	300.898
LLLYLLGTLLGWLLATLLILI	LLLYLLGTLLGWLLSTLLILI	-18.9223	-19.7245	0.244161	0.642213	276.131
LLLYLLGTLLGWLLSTLLILI	LLLYLLGTLLGWLLATLLILI	-19.7245	-20.6387	0.642213	0.244161	252.655
LLLYLLGTLLGWLLATLLILI	LLLYLLGTLLGYLLATLLILI	-20.5107	-20.4315	0.372136	0.451187	230.526
LLLYLLGTLLGYLLATLLILI	LLLWLLGTLLGYLLATLLILI	-20.4315	-20.2612	0.451187	0.372136	209.776
LLLWLLGTLLGYLLATLLILI	LLLYLLGTLLGYLLATLLILI	-20.2612	-20.4315	0.372136	0.451187	190.417
LLLYLLGTLLGYLLATLLILI	LLLYLLGTLLGYLLSTLLILI	-20.6385	-21.2978	0.244161	0.642213	140.501
LLLYLLGTLLGYLLSTLLILI	LLLYLLGTLLGYLLATLLILI	-21.2978	-20.6385	0.642213	0.244161	126.449
LLLYLLGTLLGYLLATLLILI	LLLYLLGTLLGYLLSTLLILI	-20.6385	-21.2925	0.244161	0.642213	113.597
LLLYLLGTLLGYLLSTLLILI	LLLYLLGTLLGWLLSTLLILI	-21.4835	-21.7502	0.451187	0.372136	101.879
LLLYLLGTLLGWLLSTLLILI	LLLYLLGTLLGYLLSTLLILI	-21.7502	-21.4888	0.372136	0.451187	64.9219
LLLYLLGTLLGYLLSTLLILI	LLLYLLGTLLGWLLSTLLILI	-21.4888	-21.7502	0.451187	0.372136	51.4049
Time: 90s
