***STARTING GEOMETRY:***
xShift: 6.43411
crossingAngle: -36.7124
axialRotation: 74.1466
zShift: 3.67608

Number of MCCycles: 100
PrevSequence	CurrSequence	PrevEnergy	CurrEnergy	PrevEntropy	CurrEntropy	CurrentTemp
LLLGLLTGLLTGLLTTLLILI	LLLGLLTGLLTGLLFTLLILI	8843	8840.51	1.14683	0.0921195	999.684
LLLGLLTGLLTGLLFTLLILI	LLLGLLTGLLTGLLTTLLILI	8840.51	8838.76	0.0921195	1.14683	999.328
LLLGLLTGLLTGLLTTLLILI	LLLGLLTGLLTGLLTSLLILI	8838.61	8841.69	1.001	0.120637	998.476
LLLGLLTGLLTGLLTSLLILI	LLLGLLTGLLTGLLTTLLILI	8841.69	8838.65	0.120637	1.001	997.967
LLLGLLTGLLTGLLTTLLILI	LLLGLLTGLLTGLLFTLLILI	8838.8	8841.05	1.14683	0.0921195	996.023
LLLGLLTGLLTGLLFTLLILI	LLLGLLTGLLTGLLTTLLILI	8841.05	8838.76	0.0921195	1.14683	995.205
LLLGLLTGLLTGLLTTLLILI	LLLGLLTGLLTGLLTSLLILI	8838.61	8841.69	1.001	0.120637	989.3
LLLGLLTGLLTGLLTSLLILI	LLLGLLTGLLTGLLTTLLILI	8841.69	8838.61	0.120637	1.001	987.644
LLLGLLTGLLTGLLTTLLILI	LLLGLLTGLLTGLLLTLLILI	8838.8	8841.1	1.18439	0.0860236	978.717
LLLGLLTGLLTGLLLTLLILI	LLLGLLTGLLTGLLLSLLILI	8841.88	8846.13	0.865998	0.155943	975.768
LLLGLLTGLLTGLLLSLLILI	LLLGLLTGLLTGLLTSLLILI	8846.09	8842.61	0.112128	1.04019	968.764
LLLGLLTGLLTGLLTSLLILI	LLLGLLTGLLTGLLTTLLILI	8841.69	8838.61	0.120637	1.001	964.627
LLLGLLTGLLTGLLTTLLILI	LLLGLLTGLLTGLLFTLLILI	8838.76	8841.05	1.14683	0.0921195	960.005
LLLGLLTGLLTGLLFTLLILI	LLLGLLTGLLTGLLTTLLILI	8841.05	8838.76	0.0921195	1.14683	954.846
LLLGLLTGLLTGLLTTLLILI	LLLGLLTGLLTGLLFTLLILI	8838.76	8840.51	1.14683	0.0921195	949.095
LLLGLLTGLLTGLLFTLLILI	LLLGLLTGLLTGLLTTLLILI	8840.51	8838.8	0.0921195	1.14683	942.693
LLLGLLTGLLTGLLTTLLILI	LLLGLLYGLLTGLLTTLLILI	8838.47	8844.47	0.816184	0.171816	927.683
LLLGLLYGLLTGLLTTLLILI	LLLGLLYGLLTGLLFTLLILI	8845.31	8847.23	1.0043	0.119894	918.939
LLLGLLYGLLTGLLFTLLILI	LLLGLLYGLLTGLLFSLLILI	8847.8	8853.02	0.690823	0.220804	898.621
LLLGLLYGLLTGLLFSLLILI	LLLGLLTGLLTGLLFSLLILI	8853.11	8846.75	0.30482	0.538845	886.903
LLLGLLTGLLTGLLFSLLILI	LLLGLLTGLLTGLLFTLLILI	8846.37	8841.82	0.155943	0.865998	874.051
LLLGLLTGLLTGLLFTLLILI	LLLGLLTGLLTGLLTTLLILI	8841.05	8838.76	0.0921195	1.14683	859.999
LLLGLLTGLLTGLLTTLLILI	LLLGLLTGLLTGLLLTLLILI	8838.8	8841.1	1.18439	0.0860236	844.686
LLLGLLTGLLTGLLLTLLILI	LLLGLLTGLLSGLLLTLLILI	8841.88	8848.16	0.865998	0.155943	790.724
LLLGLLTGLLSGLLLTLLILI	LLLGLLTGLLTGLLLTLLILI	8848.16	8841.92	0.155943	0.865998	769.974
LLLGLLTGLLTGLLLTLLILI	LLLGLLTGLLTGLLTTLLILI	8841.14	8838.8	0.0860236	1.18439	724.369
LLLGLLTGLLTGLLTTLLILI	LLLGLLTGLLTGLLLTLLILI	8838.8	8841.1	1.18439	0.0860236	589.688
LLLGLLTGLLTGLLLTLLILI	LLLGLLTGLLTGLLTTLLILI	8841.1	8838.8	0.0860236	1.18439	500.25
Time: 61s
