***STARTING GEOMETRY:***
xShift: 8.68306
crossingAngle: 28.2657
axialRotation: 73.3702
zShift: 2.31633

Number of MCCycles: 100
PrevSequence	CurrSequence	PrevEnergy	CurrEnergy	PrevEntropy	CurrEntropy	CurrentTemp
LLLYVLLGLLYWLTGLLLILI	LLLWVLLGLLYWLTGLLLILI	-12.8105	-11.753	0.267575	0.598868	999.684
LLLWVLLGLLYWLTGLLLILI	LLLYVLLGLLYWLTGLLLILI	-11.753	-13.1543	0.598868	0.267575	999.328
LLLYVLLGLLYWLTGLLLILI	LLLYILLGLLYWLTGLLLILI	-13.1897	-11.3003	0.232152	0.666466	998.928
LLLYILLGLLYWLTGLLLILI	LLLYILLGLLYTLTGLLLILI	-11.5058	-11.3526	0.460972	0.363705	998.476
LLLYILLGLLYTLTGLLLILI	LLLYILLGLLYWLTGLLLILI	-11.3526	-11.4262	0.363705	0.460972	997.967
LLLYILLGLLYWLTGLLLILI	LLLYVLLGLLYWLTGLLLILI	-11.2207	-12.6435	0.666466	0.232152	997.394
LLLYVLLGLLYWLTGLLLILI	LLLYVLLGLLWWLTGLLLILI	-12.608	-11.9854	0.267575	0.598868	996.749
LLLYVLLGLLWWLTGLLLILI	LLLVVLLGLLWWLTGLLLILI	-12.0948	-11.235	0.489394	0.340616	996.023
LLLVVLLGLLWWLTGLLLILI	LLLVVLLGLLYWLTGLLLILI	-10.6852	-11.4109	0.890414	0.148778	995.205
LLLVVLLGLLYWLTGLLLILI	LLLVVLLGLLYTLTGLLLILI	-11.0987	-10.9911	0.460972	0.363705	994.285
LLLVVLLGLLYTLTGLLLILI	LLLVILLGLLYTLTGLLLILI	-10.9563	-9.5058	0.398479	0.42245	993.249
LLLVILLGLLYTLTGLLLILI	LLLVILLGLLFTLTGLLLILI	-9.27788	-8.06549	0.650378	0.240035	992.084
LLLVILLGLLFTLTGLLLILI	LLLVILLGLLYTLTGLLLILI	-8.06549	-9.27788	0.240035	0.650378	990.773
LLLVILLGLLYTLTGLLLILI	LLLVILLGLLFTLTGLLLILI	-9.27788	-8.04785	0.650378	0.240035	989.3
LLLVILLGLLFTLTGLLLILI	LLLVILLGLLYTLTGLLLILI	-8.04785	-9.27788	0.240035	0.650378	987.644
LLLVILLGLLYTLTGLLLILI	LLLVILLGLLYWLTGLLLILI	-9.56455	-9.65564	0.363705	0.460972	985.783
LLLVILLGLLYWLTGLLLILI	LLLYILLGLLYWLTGLLLILI	-10.0114	-10.8125	0.105187	1.07465	983.694
LLLYILLGLLYWLTGLLLILI	LLLVILLGLLYWLTGLLLILI	-10.8125	-10.0114	1.07465	0.105187	981.348
LLLVILLGLLYWLTGLLLILI	LLLYILLGLLYWLTGLLLILI	-10.0114	-10.8125	0.105187	1.07465	978.717
LLLYILLGLLYWLTGLLLILI	LLLYILLGLLYTLTGLLLILI	-11.4262	-11.3526	0.460972	0.363705	975.768
LLLYILLGLLYTLTGLLLILI	LLLYILLGLLFTLTGLLLILI	-10.7635	-9.92418	0.952787	0.132101	972.463
LLLYILLGLLFTLTGLLLILI	LLLYVLLGLLFTLTGLLLILI	-9.38981	-10.8149	0.666466	0.232152	968.764
LLLYVLLGLLFTLTGLLLILI	LLLYVLLGLLYTLTGLLLILI	-10.915	-11.7361	0.132101	0.952787	964.627
LLLYVLLGLLYTLTGLLLILI	LLLVVLLGLLYTLTGLLLILI	-11.9353	-11.1603	0.753596	0.194474	960.005
LLLVVLLGLLYTLTGLLLILI	LLLVVLLGLLFTLTGLLLILI	-10.7044	-9.47384	0.650378	0.240035	954.846
LLLVVLLGLLFTLTGLLLILI	LLLVVLLGLLYTLTGLLLILI	-9.47384	-10.7044	0.240035	0.650378	949.095
LLLVVLLGLLYTLTGLLLILI	LLLYVLLGLLYTLTGLLLILI	-11.1603	-11.9353	0.194474	0.753596	942.693
LLLYVLLGLLYTLTGLLLILI	LLLYFLLGLLYTLTGLLLILI	-12.3483	-11.0522	0.340616	0.489394	935.578
LLLYFLLGLLYTLTGLLLILI	LLLYVLLGLLYTLTGLLLILI	-11.0522	-12.3483	0.489394	0.340616	927.683
LLLYVLLGLLYTLTGLLLILI	LLLVVLLGLLYTLTGLLLILI	-11.9353	-11.1603	0.753596	0.194474	918.939
LLLVVLLGLLYTLTGLLLILI	LLLVILLGLLYTLTGLLLILI	-10.9563	-9.47152	0.398479	0.42245	909.276
LLLVILLGLLYTLTGLLLILI	LLLVILLGLLFTLTGLLLILI	-9.24359	-8.02983	0.650378	0.240035	898.621
LLLVILLGLLFTLTGLLLILI	LLLVILLGLLFWLTGLLLILI	-7.90616	-7.7053	0.363705	0.460972	886.903
LLLVILLGLLFWLTGLLLILI	LLLVVLLGLLFWLTGLLLILI	-7.74383	-9.24473	0.42245	0.398479	874.051
LLLVVLLGLLFWLTGLLLILI	LLLVVLLGLLYWLTGLLLILI	-9.40317	-10.9093	0.240035	0.650378	859.999
LLLVVLLGLLYWLTGLLLILI	LLLVVLLGLLYWLVGLLLILI	-11.2681	-7.45685	0.291546	0.559121	844.686
LLLVVLLGLLYWLVGLLLILI	LLLVVLLGLLYTLVGLLLILI	-7.29901	-7.65183	0.716965	0.209355	828.061
LLLVVLLGLLYTLVGLLLILI	LLLVVLLGLLYWLVGLLLILI	-7.65183	-7.29901	0.209355	0.716965	810.083
LLLVVLLGLLYWLVGLLLILI	LLLVVLLGLLYWLTGLLLILI	-7.45685	-11.2681	0.559121	0.291546	790.724
LLLVVLLGLLYWLTGLLLILI	LLLYVLLGLLYWLTGLLLILI	-11.3652	-12.122	0.194474	0.753596	769.974
LLLYVLLGLLYWLTGLLLILI	LLLVVLLGLLYWLTGLLLILI	-12.122	-11.3652	0.753596	0.194474	747.845
LLLVVLLGLLYWLTGLLLILI	LLLVILLGLLYWLTGLLLILI	-11.1612	-9.69416	0.398479	0.42245	724.369
LLLVILLGLLYWLTGLLLILI	LLLVILLGLLWWLTGLLLILI	-9.96784	-9.25531	0.148778	0.890414	673.628
LLLVILLGLLWWLTGLLLILI	LLLYILLGLLWWLTGLLLILI	-9.95125	-10.9531	0.194474	0.753596	646.557
LLLYILLGLLWWLTGLLLILI	LLLYILLGLLWYLTGLLLILI	-11.1078	-11.6852	0.598868	0.267575	618.524
LLLYILLGLLWYLTGLLLILI	LLLYILLGLLTYLTGLLLILI	-11.4918	-10.1226	0.460972	0.363705	589.688
LLLYILLGLLTYLTGLLLILI	LLLYILLGLLWYLTGLLLILI	-10.1226	-11.6007	0.363705	0.460972	560.23
LLLYILLGLLWYLTGLLLILI	LLLYILLGLLWFLTGLLLILI	-11.1089	-11.5837	0.952787	0.132101	530.348
LLLYILLGLLWFLTGLLLILI	LLLYVLLGLLWFLTGLLLILI	-11.0493	-12.3385	0.666466	0.232152	500.25
LLLYVLLGLLWFLTGLLLILI	LLLVVLLGLLWFLTGLLLILI	-12.0812	-11.1153	0.489394	0.340616	470.152
LLLVVLLGLLWFLTGLLLILI	LLLVVLLGLLWYLTGLLLILI	-11.2158	-11.1484	0.240035	0.650378	440.27
LLLVVLLGLLWYLTGLLLILI	LLLVVLLGLLWFLTGLLLILI	-11.1484	-11.3208	0.650378	0.240035	410.812
LLLVVLLGLLWFLTGLLLILI	LLLYVLLGLLWFLTGLLLILI	-11.2202	-12.1863	0.340616	0.489394	381.976
LLLYVLLGLLWFLTGLLLILI	LLLYILLGLLWFLTGLLLILI	-12.4435	-11.0493	0.232152	0.666466	353.943
LLLYILLGLLWFLTGLLLILI	LLLYVLLGLLWFLTGLLLILI	-11.0493	-12.4435	0.666466	0.232152	326.872
LLLYVLLGLLWFLTGLLLILI	LLLYVLLGLLWYLTGLLLILI	-12.5436	-12.0754	0.132101	0.952787	300.898
LLLYVLLGLLWYLTGLLLILI	LLLYVLLGLLWFLTGLLLILI	-12.0754	-12.4385	0.952787	0.132101	276.131
LLLYVLLGLLWFLTGLLLILI	LLLYVLLGLLWYLTGLLLILI	-12.4385	-12.0754	0.132101	0.952787	230.526
LLLYVLLGLLWYLTGLLLILI	LLLYVLLGLLWFLTGLLLILI	-12.0754	-12.5436	0.952787	0.132101	190.417
LLLYVLLGLLWFLTGLLLILI	LLLYVLLGLLTFLTGLLLILI	-12.2147	-11.2551	0.460972	0.363705	126.449
LLLYVLLGLLTFLTGLLLILI	LLLYVLLGLLWFLTGLLLILI	-11.2551	-12.2147	0.363705	0.460972	113.597
LLLYVLLGLLWFLTGLLLILI	LLLYVLLGLLWYLTGLLLILI	-12.5436	-12.0754	0.132101	0.952787	101.879
LLLYVLLGLLWYLTGLLLILI	LLLYVLLGLLWFLTGLLLILI	-12.0754	-12.4385	0.952787	0.132101	91.2238
LLLYVLLGLLWFLTGLLLILI	LLLYVLLGLLWYLTGLLLILI	-12.4385	-12.0754	0.132101	0.952787	81.5606
LLLYVLLGLLWYLTGLLLILI	LLLYVLLGLLWFLTGLLLILI	-12.0754	-12.4388	0.952787	0.132101	51.4049
Time: 150s
