***STARTING GEOMETRY:***
xShift: 8.67597
crossingAngle: 26.19
axialRotation: 75.6518
zShift: 2.2

Number of MCCycles: 100
PrevSequence	CurrSequence	PrevEnergy	CurrEnergy	PrevEntropy	CurrEntropy	CurrentTemp
LLLYVLLGLLYWLTGLLLILI	LLLYILLGLLYWLTGLLLILI	-12.3421	-10.7242	0.232152	0.666466	999.684
LLLYILLGLLYWLTGLLLILI	LLLYILLGLLYTLTGLLLILI	-10.9297	-10.7111	0.460972	0.363705	999.328
LLLYILLGLLYTLTGLLLILI	LLLYILLGLLYWLTGLLLILI	-10.7111	-10.9152	0.363705	0.460972	998.928
LLLYILLGLLYWLTGLLLILI	LLLVILLGLLYWLTGLLLILI	-10.3015	-9.4684	1.07465	0.105187	998.476
LLLVILLGLLYWLTGLLLILI	LLLVVLLGLLYWLTGLLLILI	-9.15114	-10.6315	0.42245	0.398479	997.967
LLLVVLLGLLYWLTGLLLILI	LLLYVLLGLLYWLTGLLLILI	-10.8355	-11.5154	0.194474	0.753596	997.394
LLLYVLLGLLYWLTGLLLILI	LLLYVLLGLLYTLTGLLLILI	-11.808	-11.588	0.460972	0.363705	996.749
LLLYVLLGLLYTLTGLLLILI	LLLYVLLGLLYWLTGLLLILI	-11.588	-11.808	0.363705	0.460972	996.023
LLLYVLLGLLYWLTGLLLILI	LLLYVLLGLLYTLTGLLLILI	-11.808	-11.588	0.460972	0.363705	995.205
LLLYVLLGLLYTLTGLLLILI	LLLYFLLGLLYTLTGLLLILI	-11.6111	-10.531	0.340616	0.489394	994.285
LLLYFLLGLLYTLTGLLLILI	LLLYFLLGLLYWLTGLLLILI	-10.6567	-10.579	0.363705	0.460972	993.249
LLLYFLLGLLYWLTGLLLILI	LLLYFLLGLLYTLTGLLLILI	-10.579	-10.6567	0.460972	0.363705	992.084
LLLYFLLGLLYTLTGLLLILI	LLLYFLLGLLYWLTGLLLILI	-10.6567	-10.579	0.363705	0.460972	990.773
LLLYFLLGLLYWLTGLLLILI	LLLYFLLGLLYTLTGLLLILI	-10.579	-10.6567	0.460972	0.363705	989.3
LLLYFLLGLLYTLTGLLLILI	LLLYFLLGLLFTLTGLLLILI	-10.3701	-9.05469	0.650378	0.240035	987.644
LLLYFLLGLLFTLTGLLLILI	LLLLFLLGLLFTLTGLLLILI	-8.86216	-7.23826	0.432574	0.388917	985.783
LLLLFLLGLLFTLTGLLLILI	LLLLFLLGLLYTLTGLLLILI	-7.21683	-8.91799	0.410343	0.410343	983.694
LLLLFLLGLLYTLTGLLLILI	LLLYFLLGLLYTLTGLLLILI	-9.1025	-10.3406	0.225838	0.679837	981.348
LLLYFLLGLLYTLTGLLLILI	LLLYVLLGLLYTLTGLLLILI	-10.531	-11.6111	0.489394	0.340616	978.717
LLLYVLLGLLYTLTGLLLILI	LLLYVLLGLLYWLTGLLLILI	-11.588	-11.808	0.363705	0.460972	975.768
LLLYVLLGLLYWLTGLLLILI	LLLYVLLGLLWWLTGLLLILI	-12.0014	-11.3046	0.267575	0.598868	972.463
LLLYVLLGLLWWLTGLLLILI	LLLYVLLGLLWYLTGLLLILI	-11.3046	-11.898	0.598868	0.267575	968.764
LLLYVLLGLLWYLTGLLLILI	LLLVVLLGLLWYLTGLLLILI	-11.412	-10.8189	0.753596	0.194474	964.627
LLLVVLLGLLWYLTGLLLILI	LLLVVLLGLLWFLTGLLLILI	-10.363	-10.6674	0.650378	0.240035	960.005
LLLVVLLGLLWFLTGLLLILI	LLLVVLLGLLTFLTGLLLILI	-10.4465	-9.23896	0.460972	0.363705	954.846
LLLVVLLGLLTFLTGLLLILI	LLLVVLLGLLTYLTGLLLILI	-9.36263	-8.68408	0.240035	0.650378	949.095
LLLVVLLGLLTYLTGLLLILI	LLLVVLLGLLWYLTGLLLILI	-8.97075	-10.4431	0.363705	0.460972	942.693
LLLVVLLGLLWYLTGLLLILI	LLLYVLLGLLWYLTGLLLILI	-10.7096	-11.412	0.194474	0.753596	935.578
LLLYVLLGLLWYLTGLLLILI	LLLYVLLGLLWFLTGLLLILI	-11.2128	-11.8135	0.952787	0.132101	927.683
LLLYVLLGLLWFLTGLLLILI	LLLYVLLGLLWYLTGLLLILI	-11.8135	-11.104	0.132101	0.952787	918.939
LLLYVLLGLLWYLTGLLLILI	LLLVVLLGLLWYLTGLLLILI	-11.3032	-10.9279	0.753596	0.194474	909.276
LLLVVLLGLLWYLTGLLLILI	LLLYVLLGLLWYLTGLLLILI	-10.9279	-11.412	0.194474	0.753596	898.621
LLLYVLLGLLWYLTGLLLILI	LLLYVLLGLLWFLTGLLLILI	-11.2128	-11.7089	0.952787	0.132101	886.903
LLLYVLLGLLWFLTGLLLILI	LLLYVLLGLLWYLTGLLLILI	-11.7089	-11.2128	0.132101	0.952787	874.051
LLLYVLLGLLWYLTGLLLILI	LLLYVLLGLLTYLTGLLLILI	-11.7046	-10.2613	0.460972	0.363705	859.999
LLLYVLLGLLTYLTGLLLILI	LLLYVLLGLLWYLTGLLLILI	-10.2613	-11.1075	0.363705	0.460972	844.686
LLLYVLLGLLWYLTGLLLILI	LLLVVLLGLLWYLTGLLLILI	-10.8149	-10.9279	0.753596	0.194474	828.061
LLLVVLLGLLWYLTGLLLILI	LLLYVLLGLLWYLTGLLLILI	-10.9279	-11.412	0.194474	0.753596	810.083
LLLYVLLGLLWYLTGLLLILI	LLLYVLLGLLTYLTGLLLILI	-11.7046	-10.2613	0.460972	0.363705	790.724
LLLYVLLGLLTYLTGLLLILI	LLLYVLLGLLTFLTGLLLILI	-9.67226	-10.7561	0.952787	0.132101	769.974
LLLYVLLGLLTFLTGLLLILI	LLLYILLGLLTFLTGLLLILI	-10.656	-9.33857	0.232152	0.666466	747.845
LLLYILLGLLTFLTGLLLILI	LLLYILLGLLWFLTGLLLILI	-9.64133	-10.6202	0.363705	0.460972	724.369
LLLYILLGLLWFLTGLLLILI	LLLYVLLGLLWFLTGLLLILI	-10.4147	-11.7134	0.666466	0.232152	699.602
LLLYVLLGLLWFLTGLLLILI	LLLYVLLGLLTFLTGLLLILI	-11.4846	-10.5245	0.460972	0.363705	673.628
LLLYVLLGLLTFLTGLLLILI	LLLYVLLGLLWFLTGLLLILI	-10.5245	-11.4846	0.363705	0.460972	646.557
LLLYVLLGLLWFLTGLLLILI	LLLYVLLGLLWYLTGLLLILI	-11.8135	-11.2128	0.132101	0.952787	618.524
LLLYVLLGLLWYLTGLLLILI	LLLVVLLGLLWYLTGLLLILI	-11.412	-10.9279	0.753596	0.194474	560.23
LLLVVLLGLLWYLTGLLLILI	LLLVVLLGLLWFLTGLLLILI	-10.472	-10.5627	0.650378	0.240035	530.348
LLLVVLLGLLWFLTGLLLILI	LLLYVLLGLLWFLTGLLLILI	-10.4621	-11.3516	0.340616	0.489394	500.25
LLLYVLLGLLWFLTGLLLILI	LLLYVLLGLLTFLTGLLLILI	-11.3801	-10.5245	0.460972	0.363705	470.152
LLLYVLLGLLTFLTGLLLILI	LLLYVLLGLLTFLVGLLLILI	-10.256	-7.26964	0.632162	0.249358	440.27
LLLYVLLGLLTFLVGLLLILI	LLLYVLLGLLTYLVGLLLILI	-7.3869	-6.0867	0.132101	0.952787	410.812
LLLYVLLGLLTYLVGLLLILI	LLLYFLLGLLTYLVGLLLILI	-6.48403	-5.87728	0.555456	0.293891	381.976
LLLYFLLGLLTYLVGLLLILI	LLLYFLLGLLWYLVGLLLILI	-5.96181	-7.46709	0.209355	0.716965	353.943
LLLYFLLGLLWYLVGLLLILI	LLLYFLLGLLWYLTGLLLILI	-7.93469	-10.87	0.249358	0.632162	326.872
LLLYFLLGLLWYLTGLLLILI	LLLYVLLGLLWYLTGLLLILI	-11.0127	-11.825	0.489394	0.340616	300.898
LLLYVLLGLLWYLTGLLLILI	LLLVVLLGLLWYLTGLLLILI	-11.412	-10.9279	0.753596	0.194474	230.526
LLLVVLLGLLWYLTGLLLILI	LLLVVLLGLLWFLTGLLLILI	-10.472	-10.6674	0.650378	0.240035	209.776
LLLVVLLGLLWFLTGLLLILI	LLLYVLLGLLWFLTGLLLILI	-10.5668	-11.2467	0.340616	0.489394	190.417
LLLYVLLGLLWFLTGLLLILI	LLLYFLLGLLWFLTGLLLILI	-11.5416	-10.506	0.194474	0.753596	172.439
LLLYFLLGLLWFLTGLLLILI	LLLYFLLGLLWYLTGLLLILI	-11.0195	-10.9663	0.240035	0.650378	155.814
LLLYFLLGLLWYLTGLLLILI	LLLYVLLGLLWYLTGLLLILI	-11.1273	-11.825	0.489394	0.340616	140.501
LLLYVLLGLLWYLTGLLLILI	LLLYVLLGLLWFLTGLLLILI	-11.2128	-11.8135	0.952787	0.132101	113.597
Time: 158s
