***STARTING GEOMETRY:***
xShift: 7.02513
crossingAngle: -45.2286
axialRotation: -39.066
zShift: 5.72329

Number of MCCycles: 200
PrevSequence	CurrSequence	PrevEnergy	CurrEnergy	PrevEntropy	CurrEntropy	CurrentTemp
LLLYGLLTGLLTGLLTTLILI	LLLYGLLTGLLTALLTTLILI	228.566	228.401	1.06535	0.107014	999.847
LLLYGLLTGLLTALLTTLILI	LLLYGLLTGLLTGLLTTLILI	228.401	223.843	0.107014	1.06535	999.684
LLLYGLLTGLLTGLLTTLILI	LLLYGLLYGLLTGLLTTLILI	223.316	223.622	0.538845	0.30482	999.512
LLLYGLLYGLLTGLLTTLILI	LLLYGLLYGLLTGLLYTLILI	223.646	222.608	0.328724	0.505042	999.328
LLLYGLLYGLLTGLLYTLILI	LLLYGLLTGLLTGLLYTLILI	222.608	222.046	0.505042	0.328724	999.134
LLLYGLLTGLLTGLLYTLILI	LLLYGLLTGLLTGLLYWLILI	222.203	225.733	0.48602	0.343253	998.928
LLLYGLLTGLLTGLLYWLILI	LLLYGLLTGLLTGLLFWLILI	226.342	227.35	0.952787	0.132101	998.708
LLLYGLLTGLLTGLLFWLILI	LLLYGLLTGLLTGLLFTLILI	227.562	224.878	0.343253	0.48602	998.476
LLLYGLLTGLLTGLLFTLILI	LLLYGLLYGLLTGLLFTLILI	224.835	225.165	0.443059	0.379341	998.229
LLLYGLLYGLLTGLLFTLILI	LLLYGLLYGLLTGLLTTLILI	224.905	224.322	0.119894	1.0043	997.967
LLLYGLLYGLLTGLLTTLILI	LLLYGLLTGLLTGLLTTLILI	223.622	223.316	0.30482	0.538845	997.689
LLLYGLLTGLLTGLLTTLILI	LLLTGLLTGLLTGLLTTLILI	222.919	223.715	0.141213	0.917682	997.394
LLLTGLLTGLLTGLLTTLILI	LLLTGLLTGLLTALLTTLILI	223.863	228.421	1.06535	0.107014	997.081
LLLTGLLTGLLTALLTTLILI	LLLTGLLTGLLTGLLTTLILI	228.421	223.863	0.107014	1.06535	996.749
LLLTGLLTGLLTGLLTTLILI	LLLYGLLTGLLTGLLTTLILI	223.715	222.919	0.917682	0.141213	996.397
LLLYGLLTGLLTGLLTTLILI	LLLYGLLTGLLTGLLFTLILI	223.924	224.485	1.14683	0.0921195	996.023
LLLYGLLTGLLTGLLFTLILI	LLLYGLLTGLLTGLLYTLILI	224.525	222.67	0.132101	0.952787	995.626
LLLYGLLTGLLTGLLYTLILI	LLLYGLLTGLLTGLLTTLILI	222.022	223.316	0.30482	0.538845	994.758
LLLYGLLTGLLTGLLTTLILI	LLLYGLLTGLLTGLLFTLILI	223.924	224.485	1.14683	0.0921195	994.285
LLLYGLLTGLLTGLLFTLILI	LLLYGLLYGLLTGLLFTLILI	224.835	225.165	0.443059	0.379341	993.782
LLLYGLLYGLLTGLLFTLILI	LLLYGLLYGLLTGLLFILILI	225.697	227.726	0.911943	0.142768	993.249
LLLYGLLYGLLTGLLFILILI	LLLYGLLYGLLTGLLTILILI	227.755	227.062	0.171816	0.816184	992.683
LLLYGLLYGLLTGLLTILILI	LLLYGLLYGLLIGLLTILILI	226.862	230.07	0.616541	0.257708	992.084
LLLYGLLYGLLIGLLTILILI	LLLYGLLYGLLTGLLTILILI	230.07	226.862	0.257708	0.616541	991.448
LLLYGLLYGLLTGLLTILILI	LLLYGLLYGLLTGLLTTLILI	226.344	224.425	0.098896	1.10811	990.773
LLLYGLLYGLLTGLLTTLILI	LLLYGLLTGLLTGLLTTLILI	223.622	223.316	0.30482	0.538845	990.058
LLLYGLLTGLLTGLLTTLILI	LLLTGLLTGLLTGLLTTLILI	222.919	223.715	0.141213	0.917682	989.3
LLLTGLLTGLLTGLLTTLILI	LLLTGLLTGLLIGLLTTLILI	224.171	226.225	1.37292	0.0612961	988.496
LLLTGLLTGLLIGLLTTLILI	LLLTGLLVGLLIGLLTTLILI	227.44	229.604	1.27634	0.0728516	986.74
LLLTGLLVGLLIGLLTTLILI	LLLTGLLVGLLTGLLTTLILI	229.607	227.424	0.0756774	1.2552	985.783
LLLTGLLVGLLTGLLTTLILI	LLLTGLLVGLLTGLLYTLILI	226.985	224.613	0.816184	0.171816	984.769
LLLTGLLVGLLTGLLYTLILI	LLLTGLLTGLLTGLLYTLILI	224.514	222.795	0.0728516	1.27634	983.694
LLLTGLLTGLLTGLLYTLILI	LLLTGLLTGLLTGLLYILILI	222.774	224.344	1.2552	0.0756774	982.555
LLLTGLLTGLLTGLLYILILI	LLLTGLLIGLLTGLLYILILI	225.05	229.019	0.782479	0.183612	980.071
LLLTGLLIGLLTGLLYILILI	LLLTGLLIGLLTGLLYTLILI	229.019	226.869	0.183612	0.782479	978.717
LLLTGLLIGLLTGLLYTLILI	LLLTGLLIGLLLGLLYTLILI	227.126	230.634	1.04019	0.112128	977.285
LLLTGLLIGLLLGLLYTLILI	LLLTGLLIGLLLGLLYILILI	231.138	233.126	0.616541	0.257708	975.768
LLLTGLLIGLLLGLLYILILI	LLLTGLLIGLLTGLLYILILI	233.03	233.517	0.161118	0.849143	974.162
LLLTGLLIGLLTGLLYILILI	LLLTGLLIGLLTGLLTILILI	232.887	231.037	0.219549	0.693609	972.463
LLLTGLLIGLLTGLLTILILI	LLLTGLLTGLLTGLLTILILI	230.486	226.638	0.142768	0.911943	970.666
LLLTGLLTGLLTGLLTILILI	LLLTGLLTGLLTGLLTTLILI	225.787	224.171	0.0612961	1.37292	968.764
LLLTGLLTGLLTGLLTTLILI	LLLTGLLVGLLTGLLTTLILI	224.192	226.227	1.39457	0.0589809	966.754
LLLTGLLVGLLTGLLTTLILI	LLLYGLLVGLLTGLLTTLILI	226.985	226.376	0.816184	0.171816	964.627
LLLYGLLVGLLTGLLTTLILI	LLLYGLLVGLLIGLLTTLILI	227.312	229.668	1.10811	0.098896	962.38
LLLYGLLVGLLIGLLTTLILI	LLLTGLLVGLLIGLLTTLILI	229.789	230.225	0.219549	0.693609	960.005
LLLTGLLVGLLIGLLTTLILI	LLLYGLLVGLLIGLLTTLILI	230.225	229.789	0.693609	0.219549	957.496
LLLYGLLVGLLIGLLTTLILI	LLLYGLLVGLLTGLLTTLILI	229.668	227.312	0.098896	1.10811	954.846
LLLYGLLVGLLTGLLTTLILI	LLLYGLLTGLLTGLLTTLILI	226.277	224.054	0.0728516	1.27634	952.048
LLLYGLLTGLLTGLLTTLILI	LLLYGLLYGLLTGLLTTLILI	223.316	223.622	0.538845	0.30482	949.095
LLLYGLLYGLLTGLLTTLILI	LLLYGLLYGLLTGLLYTLILI	223.646	222.608	0.328724	0.505042	945.979
LLLYGLLYGLLTGLLYTLILI	LLLYGLLTGLLTGLLYTLILI	222.608	221.635	0.505042	0.328724	942.693
LLLYGLLTGLLTGLLYTLILI	LLLTGLLTGLLTGLLYTLILI	221.611	222.058	0.30482	0.538845	931.732
LLLTGLLTGLLTGLLYTLILI	LLLTGLLYGLLTGLLYTLILI	222.058	224.883	0.538845	0.30482	927.683
LLLTGLLYGLLTGLLYTLILI	LLLYGLLYGLLTGLLYTLILI	224.907	222.608	0.328724	0.505042	918.939
LLLYGLLYGLLTGLLYTLILI	LLLYGLLFGLLTGLLYTLILI	223.255	227.534	1.15198	0.0912572	914.227
LLLYGLLFGLLTGLLYTLILI	LLLYGLLFGLLTGLLTTLILI	227.822	228.068	0.379341	0.443059	909.276
LLLYGLLFGLLTGLLTTLILI	LLLYGLLFGLLIGLLTTLILI	228.733	230.81	1.10811	0.098896	904.077
LLLYGLLFGLLIGLLTTLILI	LLLYGLLTGLLIGLLTTLILI	230.831	227.15	0.119894	1.0043	898.621
LLLYGLLTGLLIGLLTTLILI	LLLYGLLTGLLTGLLTTLILI	226.222	224.033	0.0756774	1.2552	892.899
LLLYGLLTGLLTGLLTTLILI	LLLTGLLTGLLTGLLTTLILI	222.919	223.715	0.141213	0.917682	886.903
LLLTGLLTGLLTGLLTTLILI	LLLTGLLTGLLTALLTTLILI	223.863	228.421	1.06535	0.107014	880.623
LLLTGLLTGLLTALLTTLILI	LLLTGLLVGLLTALLTTLILI	229.708	231.742	1.39457	0.0589809	874.051
LLLTGLLVGLLTALLTTLILI	LLLTGLLVGLLTGLLTTLILI	231.79	227.234	0.107014	1.06535	867.179
LLLTGLLVGLLTGLLTTLILI	LLLTGLLTGLLTGLLTTLILI	226.227	224.192	0.0589809	1.39457	859.999
LLLTGLLTGLLTGLLTTLILI	LLLTGLLTGLLTGLLTILILI	224.171	225.787	1.37292	0.0612961	852.504
LLLTGLLTGLLTGLLTILILI	LLLYGLLTGLLTGLLTILILI	226.542	225.877	0.816184	0.171816	844.686
LLLYGLLTGLLTGLLTILILI	LLLYGLLYGLLTGLLTILILI	226.149	226.625	0.443059	0.379341	836.541
LLLYGLLYGLLTGLLTILILI	LLLYGLLTGLLTGLLTILILI	226.625	226.149	0.379341	0.443059	828.061
LLLYGLLTGLLTGLLTILILI	LLLYGLLTGLLTGLLTTLILI	225.781	224.033	0.0756774	1.2552	819.243
LLLYGLLTGLLTGLLTTLILI	LLLYGLLTGLLTGLLFTLILI	223.924	224.485	1.14683	0.0921195	810.083
LLLYGLLTGLLTGLLFTLILI	LLLYGLLTGLLTGLLFILILI	225.501	227.289	1.10811	0.098896	800.577
LLLYGLLTGLLTGLLFILILI	LLLYGLLTGLLTGLLFTLILI	227.289	225.501	0.098896	1.10811	790.724
LLLYGLLTGLLTGLLFTLILI	LLLYGLLTGLLTGLLFILILI	225.501	227.289	1.10811	0.098896	780.523
LLLYGLLTGLLTGLLFILILI	LLLYGLLTGLLTGLLFTLILI	227.289	225.501	0.098896	1.10811	769.974
LLLYGLLTGLLTGLLFTLILI	LLLYGLLTGLLTGLLFILILI	225.501	227.289	1.10811	0.098896	759.081
LLLYGLLTGLLTGLLFILILI	LLLYGLLTGLLTGLLYILILI	227.323	225.419	0.132101	0.952787	747.845
LLLYGLLTGLLTGLLYILILI	LLLTGLLTGLLTGLLYILILI	224.846	224.286	0.379341	0.443059	736.272
LLLTGLLTGLLTGLLYILILI	LLLTGLLTGLLTGLLTILILI	224.015	226.542	0.171816	0.816184	724.369
LLLTGLLTGLLTGLLTILILI	LLLTGLLTGLLTGLLTTLILI	225.787	224.171	0.0612961	1.37292	712.142
LLLTGLLTGLLTGLLTTLILI	LLLYGLLTGLLTGLLTTLILI	223.715	222.919	0.917682	0.141213	699.602
LLLYGLLTGLLTGLLTTLILI	LLLYGLLTGLLTGLLTILILI	224.033	225.781	1.2552	0.0756774	686.76
LLLYGLLTGLLTGLLTILILI	LLLYGLLTGLLTGLLTTLILI	225.781	224.033	0.0756774	1.2552	673.628
LLLYGLLTGLLTGLLTTLILI	LLLYGLLTGLLTGLLFTLILI	223.924	224.485	1.14683	0.0921195	660.222
LLLYGLLTGLLTGLLFTLILI	LLLYGLLYGLLTGLLFTLILI	224.835	225.165	0.443059	0.379341	632.651
LLLYGLLYGLLTGLLFTLILI	LLLYGLLTGLLTGLLFTLILI	225.165	224.835	0.379341	0.443059	618.524
LLLYGLLTGLLTGLLFTLILI	LLLYGLLTGLLTGLLTTLILI	224.485	223.924	0.0921195	1.14683	604.196
LLLYGLLTGLLTGLLTTLILI	LLLTGLLTGLLTGLLTTLILI	222.919	223.715	0.141213	0.917682	589.688
LLLTGLLTGLLTGLLTTLILI	LLLTGLLTGLLTGLLFTLILI	224.059	224.269	1.26162	0.0748068	575.025
LLLTGLLTGLLTGLLFTLILI	LLLTGLLTGLLTGLLTTLILI	224.269	224.059	0.0748068	1.26162	560.23
LLLTGLLTGLLTGLLTTLILI	LLLTGLLTGLLIGLLTTLILI	224.171	226.225	1.37292	0.0612961	545.329
LLLTGLLTGLLIGLLTTLILI	LLLYGLLTGLLIGLLTTLILI	226.98	226.318	0.816184	0.171816	530.348
LLLYGLLTGLLIGLLTTLILI	LLLTGLLTGLLIGLLTTLILI	226.318	226.98	0.171816	0.816184	515.312
LLLTGLLTGLLIGLLTTLILI	LLLTGLLTGLLTGLLTTLILI	226.225	224.171	0.0612961	1.37292	500.25
LLLTGLLTGLLTGLLTTLILI	LLLYGLLTGLLTGLLTTLILI	223.715	222.919	0.917682	0.141213	485.188
LLLYGLLTGLLTGLLTTLILI	LLLYGLLYGLLTGLLTTLILI	223.316	223.622	0.538845	0.30482	470.152
LLLYGLLYGLLTGLLTTLILI	LLLYGLLTGLLTGLLTTLILI	223.622	223.316	0.30482	0.538845	455.171
LLLYGLLTGLLTGLLTTLILI	LLLTGLLTGLLTGLLTTLILI	222.919	223.715	0.141213	0.917682	440.27
LLLTGLLTGLLTGLLTTLILI	LLLTGLLTGLLTGLLTILILI	224.171	225.787	1.37292	0.0612961	425.475
LLLTGLLTGLLTGLLTILILI	LLLYGLLTGLLTGLLTILILI	226.542	225.877	0.816184	0.171816	410.812
LLLYGLLTGLLTGLLTILILI	LLLYGLLTGLLTGLLFILILI	226.71	227.31	1.0043	0.119894	396.304
LLLYGLLTGLLTGLLFILILI	LLLYGLLYGLLTGLLFILILI	227.519	228.089	0.328724	0.505042	381.976
LLLYGLLYGLLTGLLFILILI	LLLYGLLTGLLTGLLFILILI	228.089	227.519	0.505042	0.328724	367.849
LLLYGLLTGLLTGLLFILILI	LLLYGLLTGLLTGLLFTLILI	227.289	225.501	0.098896	1.10811	353.943
LLLYGLLTGLLTGLLFTLILI	LLLYGLLTGLLTGLLTTLILI	224.485	223.924	0.0921195	1.14683	340.278
LLLYGLLTGLLTGLLTTLILI	LLLYGLLYGLLTGLLTTLILI	223.316	223.622	0.538845	0.30482	326.872
LLLYGLLYGLLTGLLTTLILI	LLLYGLLTGLLTGLLTTLILI	223.622	223.316	0.30482	0.538845	313.74
LLLYGLLTGLLTGLLTTLILI	LLLYGLLYGLLTGLLTTLILI	223.316	223.622	0.538845	0.30482	300.898
LLLYGLLYGLLTGLLTTLILI	LLLGGLLYGLLTGLLTTLILI	223.687	224.164	0.369715	0.453966	276.131
LLLGGLLYGLLTGLLTTLILI	LLLYGLLYGLLTGLLTTLILI	224.164	223.687	0.453966	0.369715	264.228
LLLYGLLYGLLTGLLTTLILI	LLLYGLLYGLLTGLLFTLILI	224.322	224.905	1.0043	0.119894	252.655
LLLYGLLYGLLTGLLFTLILI	LLLYGLLYGLLTGLLTTLILI	224.905	224.322	0.119894	1.0043	241.419
LLLYGLLYGLLTGLLTTLILI	LLLYGLLYGLLTGLLYTLILI	223.646	222.608	0.328724	0.505042	230.526
LLLYGLLYGLLTGLLYTLILI	LLLYGLLTGLLTGLLYTLILI	222.608	222.046	0.505042	0.328724	190.417
LLLYGLLTGLLTGLLYTLILI	LLLGGLLTGLLTGLLYTLILI	222.087	222.219	0.369715	0.453966	181.257
LLLGGLLTGLLTGLLYTLILI	LLLTGLLTGLLTGLLYTLILI	222.106	222.009	0.34018	0.489954	172.439
LLLTGLLTGLLTGLLYTLILI	LLLYGLLTGLLTGLLYTLILI	222.058	222.022	0.538845	0.30482	119.877
LLLYGLLTGLLTGLLYTLILI	LLLTGLLTGLLTGLLYTLILI	222.022	221.649	0.30482	0.538845	113.597
LLLTGLLTGLLTGLLYTLILI	LLLGGLLTGLLTGLLYTLILI	221.6	222.106	0.489954	0.34018	91.2238
LLLGGLLTGLLTGLLYTLILI	LLLTGLLTGLLTGLLYTLILI	222.106	222.009	0.34018	0.489954	86.2728
LLLTGLLTGLLTGLLYTLILI	LLLGGLLTGLLTGLLYTLILI	222.009	221.697	0.489954	0.34018	68.7677
LLLGGLLTGLLTGLLYTLILI	LLLTGLLTGLLTGLLYTLILI	221.697	221.6	0.34018	0.489954	64.9219
LLLTGLLTGLLTGLLYTLILI	LLLYGLLTGLLTGLLYTLILI	221.649	221.611	0.538845	0.30482	40.495
LLLYGLLTGLLTGLLYTLILI	LLLTGLLTGLLTGLLYTLILI	221.611	221.649	0.30482	0.538845	38.12
LLLTGLLTGLLTGLLYTLILI	LLLYGLLTGLLTGLLYTLILI	221.649	221.611	0.538845	0.30482	24.7321
Time: 249s
