MCAccept 0 xShift: 8.38 crossingAngle: -40.75 axialRotation: -81.71 zShift: 1.2165 energy: -2.41469
MCAccept 1 xShift: 8.38 crossingAngle: -40.75 axialRotation: -81.71 zShift: 1.18043 energy: -2.2846
MCAccept 2 xShift: 8.38 crossingAngle: -40.8066 axialRotation: -81.71 zShift: 1.18043 energy: -2.2846
MCAccept 3 xShift: 8.37001 crossingAngle: -40.8066 axialRotation: -81.71 zShift: 1.18043 energy: -2.2846
MCAccept 4 xShift: 8.37001 crossingAngle: -40.8066 axialRotation: -81.6843 zShift: 1.18043 energy: -2.2846
MCAccept 5 xShift: 8.37001 crossingAngle: -40.8066 axialRotation: -81.6935 zShift: 1.18043 energy: -2.2846
MCAccept 6 xShift: 8.37001 crossingAngle: -40.8066 axialRotation: -81.6935 zShift: 1.17249 energy: -2.25379
MCAccept 7 xShift: 8.37001 crossingAngle: -40.8066 axialRotation: -81.7437 zShift: 1.17249 energy: -2.25379
MCAccept 8 xShift: 8.37001 crossingAngle: -40.7852 axialRotation: -81.7437 zShift: 1.17249 energy: -2.25379
MCAccept 9 xShift: 8.37001 crossingAngle: -40.7852 axialRotation: -81.8827 zShift: 1.17249 energy: -2.25379
MCAccept 10 xShift: 8.37001 crossingAngle: -40.7852 axialRotation: -81.7357 zShift: 1.17249 energy: -2.25379
MCAccept 11 xShift: 8.37001 crossingAngle: -40.7852 axialRotation: -81.7357 zShift: 1.1722 energy: -2.25264
MCAccept 12 xShift: 8.37001 crossingAngle: -40.7852 axialRotation: -81.7728 zShift: 1.1722 energy: -2.25264
MCAccept 13 xShift: 8.37001 crossingAngle: -40.7852 axialRotation: -81.6353 zShift: 1.1722 energy: -2.25264
MCAccept 14 xShift: 8.37418 crossingAngle: -40.7852 axialRotation: -81.6353 zShift: 1.1722 energy: -2.25264
MCAccept 15 xShift: 8.37418 crossingAngle: -40.7852 axialRotation: -81.5845 zShift: 1.1722 energy: -2.25264
MCAccept 16 xShift: 8.37733 crossingAngle: -40.7852 axialRotation: -81.5845 zShift: 1.1722 energy: -2.25264
MCAccept 17 xShift: 8.37733 crossingAngle: -40.7852 axialRotation: -81.5845 zShift: 1.18106 energy: -2.28701
MCAccept 18 xShift: 8.37733 crossingAngle: -40.7852 axialRotation: -81.7212 zShift: 1.18106 energy: -2.28701
MCAccept 19 xShift: 8.39689 crossingAngle: -40.7852 axialRotation: -81.7212 zShift: 1.18106 energy: -2.28701
MCAccept 20 xShift: 8.39689 crossingAngle: -41.0123 axialRotation: -81.7212 zShift: 1.18106 energy: -2.28701
MCAccept 21 xShift: 8.39689 crossingAngle: -41.0123 axialRotation: -81.7212 zShift: 1.18022 energy: -2.28382
MCAccept 22 xShift: 8.39689 crossingAngle: -40.9339 axialRotation: -81.7212 zShift: 1.18022 energy: -2.28382
MCAccept 23 xShift: 8.39689 crossingAngle: -40.8391 axialRotation: -81.7212 zShift: 1.18022 energy: -2.28382
MCAccept 24 xShift: 8.39689 crossingAngle: -40.8391 axialRotation: -81.5536 zShift: 1.18022 energy: -2.28382
MCAccept 25 xShift: 8.40429 crossingAngle: -40.8391 axialRotation: -81.5536 zShift: 1.18022 energy: -2.28382
MCAccept 26 xShift: 8.40429 crossingAngle: -40.8438 axialRotation: -81.5536 zShift: 1.18022 energy: -2.28382
MCAccept 27 xShift: 8.40429 crossingAngle: -40.8438 axialRotation: -81.4342 zShift: 1.18022 energy: -2.28382
MCAccept 28 xShift: 8.39045 crossingAngle: -40.8438 axialRotation: -81.4342 zShift: 1.18022 energy: -2.28382
MCAccept 29 xShift: 8.39045 crossingAngle: -40.9727 axialRotation: -81.4342 zShift: 1.18022 energy: -2.28382
MCAccept 30 xShift: 8.39045 crossingAngle: -40.7089 axialRotation: -81.4342 zShift: 1.18022 energy: -2.28382
MCAccept 31 xShift: 8.39045 crossingAngle: -40.7039 axialRotation: -81.4342 zShift: 1.18022 energy: -2.28382
MCAccept 32 xShift: 8.40761 crossingAngle: -40.7039 axialRotation: -81.4342 zShift: 1.18022 energy: -2.28382
MCAccept 33 xShift: 8.40761 crossingAngle: -40.7039 axialRotation: -81.5056 zShift: 1.18022 energy: -2.23865
MCAccept 34 xShift: 8.40761 crossingAngle: -40.7039 axialRotation: -81.5056 zShift: 1.18232 energy: -2.29183
MCAccept 35 xShift: 8.41856 crossingAngle: -40.7039 axialRotation: -81.5056 zShift: 1.18232 energy: -2.2466
MCAccept 36 xShift: 8.41856 crossingAngle: -40.5627 axialRotation: -81.5056 zShift: 1.18232 energy: -2.29183
MCAccept 37 xShift: 8.41856 crossingAngle: -40.3634 axialRotation: -81.5056 zShift: 1.18232 energy: -2.29183
MCAccept 38 xShift: 8.41856 crossingAngle: -40.3957 axialRotation: -81.5056 zShift: 1.18232 energy: -2.2466
MCAccept 39 xShift: 8.41856 crossingAngle: -40.3957 axialRotation: -81.5056 zShift: 1.18707 energy: -2.3098
MCAccept 40 xShift: 8.41856 crossingAngle: -40.3957 axialRotation: -81.3981 zShift: 1.18707 energy: -2.3098
MCAccept 41 xShift: 8.41856 crossingAngle: -40.4471 axialRotation: -81.3981 zShift: 1.18707 energy: -2.3098
MCAccept 42 xShift: 8.41856 crossingAngle: -40.4471 axialRotation: -81.3981 zShift: 1.18971 energy: -2.31964
MCAccept 43 xShift: 8.41856 crossingAngle: -40.2437 axialRotation: -81.3981 zShift: 1.18971 energy: -2.31964
MCAccept 44 xShift: 8.41856 crossingAngle: -40.152 axialRotation: -81.3981 zShift: 1.18971 energy: -2.31964
MCAccept 45 xShift: 8.42223 crossingAngle: -40.152 axialRotation: -81.3981 zShift: 1.18971 energy: -2.31964
MCAccept 46 xShift: 8.39915 crossingAngle: -40.152 axialRotation: -81.3981 zShift: 1.18971 energy: -2.31964
MCAccept 47 xShift: 8.39915 crossingAngle: -40.152 axialRotation: -81.3981 zShift: 1.18508 energy: -2.25701
MCAccept 48 xShift: 8.39915 crossingAngle: -40.152 axialRotation: -81.3981 zShift: 1.18671 energy: -2.30846
MCAccept 49 xShift: 8.39915 crossingAngle: -40.152 axialRotation: -81.3981 zShift: 1.20137 energy: -2.36213
MCAccept 50 xShift: 8.39915 crossingAngle: -40.152 axialRotation: -81.346 zShift: 1.20137 energy: -2.36213
MCAccept 51 xShift: 8.39915 crossingAngle: -40.152 axialRotation: -81.346 zShift: 1.20115 energy: -2.36135
Energy #0: -2.36135
***GEOMETRY SHIFT***
xShift;        Before: 8.38; After: 8.39915
crossingAngle; Before: -40.75; After: -40.152
axialRotation; Before: -81.71; After: -81.346
zShift;        Before: 1.23; After: 1.20115
Energy;        Before: 57328.7; After: -2.36135

Reached 51 cycles without improvement of 0.001. Accepted 52/52
Monte Carlo repack complete. Time: 13.3167min

