***STARTING GEOMETRY:***
xShift: 8.73881
crossingAngle: 20.8593
axialRotation: 49.637
zShift: 4.28846

Number of MCCycles: 100
PrevSequence	CurrSequence	PrevEnergy	CurrEnergy	PrevEntropy	CurrEntropy	CurrentTemp
LLLWALLGLLTTLTSLLLILI	LLLWALLGLLTTLTALLLILI	0.219761	0.71972	0.404229	0.416521	999.684
LLLWALLGLLTTLTALLLILI	LLLWALLGLLTTLVALLLILI	1.43165	3.45845	1.12845	0.0952708	999.328
LLLWALLGLLTTLVALLLILI	LLLWALLSLLTTLVALLLILI	3.73019	6.31886	0.367007	0.457104	998.928
LLLWALLSLLTTLVALLLILI	LLLWALLSLLTTLVSLLLILI	6.10592	6.01684	0.244161	0.642213	998.476
LLLWALLSLLTTLVSLLLILI	LLLWTLLSLLTTLVSLLLILI	5.45934	6.74616	0.0847157	1.19282	997.967
LLLWTLLSLLTTLVSLLLILI	LLLWTLLSLLTTLTSLLLILI	5.62619	3.58576	0.0728516	1.27634	997.394
LLLWTLLSLLTTLTSLLLILI	LLLWTLLGLLTTLTSLLLILI	3.02136	2.373	0.71194	0.2115	996.749
LLLWTLLGLLTTLTSLLLILI	LLLWTLLALLTTLTSLLLILI	2.74562	3.1664	0.584123	0.276169	996.023
LLLWTLLALLTTLTSLLLILI	LLLWTLLALLYTLTSLLLILI	3.70641	1.23408	0.816184	0.171816	995.205
LLLWTLLALLYTLTSLLLILI	LLLWTLLGLLYTLTSLLLILI	1.33843	-2.03693	0.276169	0.584123	994.285
LLLWTLLGLLYTLTSLLLILI	LLLYTLLGLLYTLTSLLLILI	-2.24891	-2.32893	0.372136	0.451187	993.249
LLLYTLLGLLYTLTSLLLILI	LLLYTLLGLLYFLTSLLLILI	-1.77582	-0.685996	1.0043	0.119894	992.084
LLLYTLLGLLYFLTSLLLILI	LLLYTLLGLLFFLTSLLLILI	-0.155512	2.44906	0.650378	0.240035	990.773
LLLYTLLGLLFFLTSLLLILI	LLLWTLLGLLFFLTSLLLILI	2.4766	0.601386	0.267575	0.598868	989.3
LLLWTLLGLLFFLTSLLLILI	LLLWTLLGLLYFLTSLLLILI	0.412861	-2.94814	0.410343	0.410343	987.644
LLLWTLLGLLYFLTSLLLILI	LLLWTLLGLLYTLTSLLLILI	-3.23859	-4.90921	0.119894	1.0043	985.783
LLLWTLLGLLYTLTSLLLILI	LLLWTLLGLLYFLTSLLLILI	-4.90921	-3.53898	1.0043	0.119894	983.694
LLLWTLLGLLYFLTSLLLILI	LLLWTLLGLLYTLTSLLLILI	-3.53898	-4.66259	0.119894	1.0043	981.348
LLLWTLLGLLYTLTSLLLILI	LLLWTLLGLLYTLTALLLILI	-5.02468	-5.41028	0.642213	0.244161	978.717
LLLWTLLGLLYTLTALLLILI	LLLWTLLGLLYTLTSLLLILI	-5.41028	-4.96247	0.244161	0.642213	975.768
LLLWTLLGLLYTLTSLLLILI	LLLWTLLGLLYFLTSLLLILI	-4.60038	-3.53898	1.0043	0.119894	972.463
LLLWTLLGLLYFLTSLLLILI	LLLWTLLGLLFFLTSLLLILI	-3.24853	0.501425	0.410343	0.410343	968.764
LLLWTLLGLLFFLTSLLLILI	LLLWTLLGLLFFLTALLLILI	0.733294	1.2734	0.642213	0.244161	964.627
LLLWTLLGLLFFLTALLLILI	LLLWTLLGLLFFLTSLLLILI	1.2734	0.512585	0.244161	0.642213	960.005
LLLWTLLGLLFFLTSLLLILI	LLLWALLGLLFFLTSLLLILI	0.861367	0.8495	0.990994	0.122923	954.846
LLLWALLGLLFFLTSLLLILI	LLLWTLLGLLFFLTSLLLILI	0.8495	0.993512	0.122923	0.990994	949.095
LLLWTLLGLLFFLTSLLLILI	LLLWTLLALLFFLTSLLLILI	0.586641	1.0877	0.584123	0.276169	942.693
LLLWTLLALLFFLTSLLLILI	LLLWTLLGLLFFLTSLLLILI	1.0877	0.586641	0.276169	0.584123	935.578
LLLWTLLGLLFFLTSLLLILI	LLLWTLLALLFFLTSLLLILI	0.586641	1.1084	0.584123	0.276169	927.683
LLLWTLLALLFFLTSLLLILI	LLLWTLLALLFFLTALLLILI	1.23646	2.25523	0.404229	0.416521	918.939
LLLWTLLALLFFLTALLLILI	LLLWTLLALLFFLTSLLLILI	2.25523	1.21576	0.416521	0.404229	909.276
LLLWTLLALLFFLTSLLLILI	LLLWALLALLFFLTSLLLILI	1.49392	1.85507	0.682386	0.224658	898.621
LLLWALLALLFFLTSLLLILI	LLLWALLALLYFLTSLLLILI	2.04075	1.19411	0.410343	0.410343	886.903
LLLWALLALLYFLTSLLLILI	LLLWALLALLYTLTSLLLILI	0.955581	-1.0813	0.171816	0.816184	874.051
LLLWALLALLYTLTSLLLILI	LLLWALLALLYFLTSLLLILI	-1.0813	0.953012	0.816184	0.171816	859.999
LLLWALLALLYFLTSLLLILI	LLLWTLLALLYFLTSLLLILI	1.00585	0.628198	0.224658	0.682386	844.686
LLLWTLLALLYFLTSLLLILI	LLLWALLALLYFLTSLLLILI	0.628198	1.00585	0.682386	0.224658	828.061
LLLWALLALLYFLTSLLLILI	LLLWALLALLYTLTSLLLILI	0.953012	-1.20228	0.171816	0.816184	810.083
LLLWALLALLYTLTSLLLILI	LLLWALLALLYTLTALLLILI	-1.72094	-1.44721	0.297523	0.549849	790.724
LLLWALLALLYTLTALLLILI	LLLWALLGLLYTLTALLLILI	-1.39108	-4.47815	0.605976	0.263552	769.974
LLLWALLGLLYTLTALLLILI	LLLWTLLGLLYTLTALLLILI	-4.58289	-4.79145	0.158812	0.856576	747.845
LLLWTLLGLLYTLTALLLILI	LLLWTLLGLLFTLTALLLILI	-4.99765	-4.39797	0.650378	0.240035	724.369
LLLWTLLGLLFTLTALLLILI	LLLWALLGLLFTLTALLLILI	-3.78143	-3.65664	0.856576	0.158812	699.602
LLLWALLGLLFTLTALLLILI	LLLWALLGLLYTLTALLLILI	-3.57542	-4.09133	0.240035	0.650378	646.557
LLLWALLGLLYTLTALLLILI	LLLWTLLGLLYTLTALLLILI	-4.58289	-4.79787	0.158812	0.856576	618.524
LLLWTLLGLLYTLTALLLILI	LLLWTLLGLLYTLVALLLILI	-4.52599	-2.03911	1.12845	0.0952708	589.688
LLLWTLLGLLYTLVALLLILI	LLLYTLLGLLYTLVALLLILI	-1.76224	1.20363	0.372136	0.451187	560.23
LLLYTLLGLLYTLVALLLILI	LLLWTLLGLLYTLVALLLILI	1.20363	-2.07107	0.451187	0.372136	530.348
LLLWTLLGLLYTLVALLLILI	LLLWTLLGLLYTLTALLLILI	-2.34793	-4.83482	0.0952708	1.12845	500.25
LLLWTLLGLLYTLTALLLILI	LLLWALLGLLYTLTALLLILI	-5.10669	-4.58289	0.856576	0.158812	470.152
LLLWALLGLLYTLTALLLILI	LLLWTLLGLLYTLTALLLILI	-4.58289	-4.79145	0.158812	0.856576	440.27
LLLWTLLGLLYTLTALLLILI	LLLWTLLGLLYTLTSLLLILI	-5.40387	-5.27125	0.244161	0.642213	410.812
LLLWTLLGLLYTLTSLLLILI	LLLWTLLGLLYTLTALLLILI	-5.27125	-5.41028	0.642213	0.244161	381.976
LLLWTLLGLLYTLTALLLILI	LLLWALLGLLYTLTALLLILI	-4.79787	-4.58289	0.856576	0.158812	353.943
LLLWALLGLLYTLTALLLILI	LLLWTLLGLLYTLTALLLILI	-4.58289	-4.79787	0.158812	0.856576	326.872
LLLWTLLGLLYTLTALLLILI	LLLWTLLGLLFTLTALLLILI	-5.00407	-4.39797	0.650378	0.240035	300.898
LLLWTLLGLLFTLTALLLILI	LLLWALLGLLFTLTALLLILI	-3.78143	-3.65664	0.856576	0.158812	276.131
LLLWALLGLLFTLTALLLILI	LLLWALLGLLFTLTSLLLILI	-3.39894	-3.76612	0.416521	0.404229	252.655
LLLWALLGLLFTLTSLLLILI	LLLWALLGLLFTLTALLLILI	-3.76612	-3.39894	0.404229	0.416521	230.526
LLLWALLGLLFTLTALLLILI	LLLWALLGLLYTLTALLLILI	-3.57542	-4.09133	0.240035	0.650378	209.776
LLLWALLGLLYTLTALLLILI	LLLWALLGLLYTLTSLLLILI	-4.32519	-4.34992	0.416521	0.404229	190.417
LLLWALLGLLYTLTSLLLILI	LLLWALLGLLYTLTALLLILI	-4.34992	-4.32519	0.404229	0.416521	172.439
LLLWALLGLLYTLTALLLILI	LLLWALLGLLYTLTSLLLILI	-4.32519	-4.28674	0.416521	0.404229	155.814
LLLWALLGLLYTLTSLLLILI	LLLWALLGLLYTLTALLLILI	-4.28674	-4.32519	0.404229	0.416521	140.501
LLLWALLGLLYTLTALLLILI	LLLWTLLGLLYTLTALLLILI	-4.58289	-5.10669	0.158812	0.856576	126.449
Time: 104s
