***STARTING GEOMETRY:***
xShift: 6.73425
crossingAngle: -39.5842
axialRotation: -35.0305
zShift: 3.68494

Number of MCCycles: 200
PrevSequence	CurrSequence	PrevEnergy	CurrEnergy	PrevEntropy	CurrEntropy	CurrentTemp
LLLTGLLTGLLTGLLTALILI	LLLYGLLTGLLTGLLTALILI	410.301	409.259	0.816184	0.171816	999.847
LLLYGLLTGLLTGLLTALILI	LLLYGLLTGLLIGLLTALILI	410.195	409.27	1.10811	0.098896	999.684
LLLYGLLTGLLIGLLTALILI	LLLYGLLTGLLIGLLFALILI	409.987	411.442	0.816184	0.171816	999.512
LLLYGLLTGLLIGLLFALILI	LLLTGLLTGLLIGLLFALILI	411.575	411.669	0.30482	0.538845	999.328
LLLTGLLTGLLIGLLFALILI	LLLTGLLTGLLIGLLFTLILI	411.215	402.791	0.0847157	1.19282	999.134
LLLTGLLTGLLIGLLFTLILI	LLLTGLLTGLLVGLLFTLILI	402.021	403.073	0.42245	0.398479	998.928
LLLTGLLTGLLVGLLFTLILI	LLLTGLLTGLLVGLLTTLILI	402.767	402.326	0.0921195	1.14683	998.708
LLLTGLLTGLLVGLLTTLILI	LLLTGLLTGLLVGLLFTLILI	402.326	402.767	1.14683	0.0921195	998.476
LLLTGLLTGLLVGLLFTLILI	LLLTGLLTGLLIGLLFTLILI	403.073	402.021	0.398479	0.42245	998.229
LLLTGLLTGLLIGLLFTLILI	LLLYGLLTGLLIGLLFTLILI	402.292	401.979	0.693609	0.219549	997.967
LLLYGLLTGLLIGLLFTLILI	LLLYGLLTGLLIGLLTTLILI	401.879	401.858	0.119894	1.0043	997.689
LLLYGLLTGLLIGLLTTLILI	LLLYGLLYGLLIGLLTTLILI	401.296	402.785	0.443059	0.379341	997.394
LLLYGLLYGLLIGLLTTLILI	LLLYALLYGLLIGLLTTLILI	403.471	405.79	1.06535	0.107014	997.081
LLLYALLYGLLIGLLTTLILI	LLLYALLYGLLVGLLTTLILI	406.106	406.383	0.42245	0.398479	996.749
LLLYALLYGLLVGLLTTLILI	LLLYALLYGLLVGLLFTLILI	406.8	407.677	0.816184	0.171816	996.397
LLLYALLYGLLVGLLFTLILI	LLLYGLLYGLLVGLLFTLILI	407.612	405.325	0.107014	1.06535	996.023
LLLYGLLYGLLVGLLFTLILI	LLLYGLLYGLLVGLLTTLILI	404.432	403.539	0.171816	0.816184	995.626
LLLYGLLYGLLVGLLTTLILI	LLLYGLLTGLLVGLLTTLILI	403.102	401.741	0.379341	0.443059	995.205
LLLYGLLTGLLVGLLTTLILI	LLLYGLLTGLLIGLLTTLILI	401.696	401.276	0.398479	0.42245	994.758
LLLYGLLTGLLIGLLTTLILI	LLLYALLTGLLIGLLTTLILI	401.919	402.357	1.06535	0.107014	994.285
LLLYALLTGLLIGLLTTLILI	LLLYALLTGLLIGLLFTLILI	403.254	403.276	1.0043	0.119894	993.782
LLLYALLTGLLIGLLFTLILI	LLLYALLTGLLIGLLTTLILI	403.276	403.254	0.119894	1.0043	993.249
LLLYALLTGLLIGLLTTLILI	LLLYALLTGLLVGLLTTLILI	402.672	403.115	0.42245	0.398479	992.683
LLLYALLTGLLVGLLTTLILI	LLLYGLLTGLLVGLLTTLILI	402.824	402.384	0.107014	1.06535	992.084
LLLYGLLTGLLVGLLTTLILI	LLLYGLLTGLLVGLLFTLILI	402.323	402.934	1.0043	0.119894	991.448
LLLYGLLTGLLVGLLFTLILI	LLLYGLLTGLLIGLLFTLILI	403.213	402.161	0.398479	0.42245	990.773
LLLYGLLTGLLIGLLFTLILI	LLLYGLLTGLLIGLLTTLILI	401.859	401.858	0.119894	1.0043	990.058
LLLYGLLTGLLIGLLTTLILI	LLLYGLLTGLLVGLLTTLILI	401.276	401.717	0.42245	0.398479	989.3
LLLYGLLTGLLVGLLTTLILI	LLLTGLLTGLLVGLLTTLILI	401.49	401.975	0.171816	0.816184	988.496
LLLTGLLTGLLVGLLTTLILI	LLLYGLLTGLLVGLLTTLILI	401.975	401.49	0.816184	0.171816	987.644
LLLYGLLTGLLVGLLTTLILI	LLLYGLLTGLLVGLLFTLILI	402.323	402.934	1.0043	0.119894	986.74
LLLYGLLTGLLVGLLFTLILI	LLLTGLLTGLLVGLLFTLILI	403.034	403.369	0.219549	0.693609	985.783
LLLTGLLTGLLVGLLFTLILI	LLLYGLLTGLLVGLLFTLILI	403.369	403.034	0.693609	0.219549	984.769
LLLYGLLTGLLVGLLFTLILI	LLLYGLLTGLLIGLLFTLILI	403.213	402.182	0.398479	0.42245	983.694
LLLYGLLTGLLIGLLFTLILI	LLLYGLLTGLLVGLLFTLILI	402.182	403.213	0.42245	0.398479	982.555
LLLYGLLTGLLVGLLFTLILI	LLLYGLLTGLLVGLLTTLILI	402.934	402.302	0.119894	1.0043	981.348
LLLYGLLTGLLVGLLTTLILI	LLLYGLLTGLLIGLLTTLILI	401.696	401.276	0.398479	0.42245	980.071
LLLYGLLTGLLIGLLTTLILI	LLLYGLLYGLLIGLLTTLILI	401.296	402.785	0.443059	0.379341	978.717
LLLYGLLYGLLIGLLTTLILI	LLLYGLLYGLLVGLLTTLILI	402.828	403.121	0.42245	0.398479	977.285
LLLYGLLYGLLVGLLTTLILI	LLLYGLLTGLLVGLLTTLILI	403.102	401.762	0.379341	0.443059	975.768
LLLYGLLTGLLVGLLTTLILI	LLLYGLLTGLLIGLLTTLILI	401.717	401.276	0.398479	0.42245	974.162
LLLYGLLTGLLIGLLTTLILI	LLLYGLLTGLLVGLLTTLILI	401.276	401.696	0.42245	0.398479	970.666
LLLYGLLTGLLVGLLTTLILI	LLLYALLTGLLVGLLTTLILI	402.363	402.803	1.06535	0.107014	968.764
LLLYALLTGLLVGLLTTLILI	LLLYALLTGLLVGLLFTLILI	403.7	404.333	1.0043	0.119894	966.754
LLLYALLTGLLVGLLFTLILI	LLLYALLTGLLVGLLTTLILI	404.333	403.721	0.119894	1.0043	964.627
LLLYALLTGLLVGLLTTLILI	LLLYGLLTGLLVGLLTTLILI	402.824	402.363	0.107014	1.06535	962.38
LLLYGLLTGLLVGLLTTLILI	LLLYGLLYGLLVGLLTTLILI	401.741	403.102	0.443059	0.379341	960.005
LLLYGLLYGLLVGLLTTLILI	LLLYGLLYGLLVGLLFTLILI	403.539	404.411	0.816184	0.171816	957.496
LLLYGLLYGLLVGLLFTLILI	LLLYGLLYGLLVGLLTTLILI	404.411	403.539	0.171816	0.816184	952.048
LLLYGLLYGLLVGLLTTLILI	LLLYGLLTGLLVGLLTTLILI	403.102	401.741	0.379341	0.443059	949.095
LLLYGLLTGLLVGLLTTLILI	LLLYGLLYGLLVGLLTTLILI	401.741	403.102	0.443059	0.379341	945.979
LLLYGLLYGLLVGLLTTLILI	LLLYGLLYGLLIGLLTTLILI	403.121	402.828	0.398479	0.42245	942.693
LLLYGLLYGLLIGLLTTLILI	LLLYGLLYGLLIGLLFTLILI	403.222	403.463	0.816184	0.171816	939.229
LLLYGLLYGLLIGLLFTLILI	LLLYGLLTGLLIGLLFTLILI	403.796	402.068	0.505042	0.328724	935.578
LLLYGLLTGLLIGLLFTLILI	LLLYGLLTGLLIGLLTTLILI	401.859	401.858	0.119894	1.0043	931.732
LLLYGLLTGLLIGLLTTLILI	LLLYGLLTGLLVGLLTTLILI	401.276	401.696	0.42245	0.398479	927.683
LLLYGLLTGLLVGLLTTLILI	LLLYGLLTGLLVGLLFTLILI	402.302	402.955	1.0043	0.119894	923.422
LLLYGLLTGLLVGLLFTLILI	LLLYGLLTGLLIGLLFTLILI	403.234	402.161	0.398479	0.42245	918.939
LLLYGLLTGLLIGLLFTLILI	LLLYGLLYGLLIGLLFTLILI	402.068	403.796	0.328724	0.505042	914.227
LLLYGLLYGLLIGLLFTLILI	LLLYALLYGLLIGLLFTLILI	404.357	406.68	1.06535	0.107014	909.276
LLLYALLYGLLIGLLFTLILI	LLLYALLYGLLIGLLTTLILI	406.745	406.499	0.171816	0.816184	904.077
LLLYALLYGLLIGLLTTLILI	LLLGALLYGLLIGLLTTLILI	406.138	406.107	0.454934	0.368877	898.621
LLLGALLYGLLIGLLTTLILI	LLLGALLTGLLIGLLTTLILI	405.958	402.895	0.219549	0.693609	892.899
LLLGALLTGLLIGLLTTLILI	LLLGGLLTGLLIGLLTTLILI	402.284	402.143	0.0820187	1.21066	886.903
LLLGGLLTGLLIGLLTTLILI	LLLGGLLTGLLVGLLTTLILI	401.355	401.777	0.42245	0.398479	880.623
LLLGGLLTGLLVGLLTTLILI	LLLGGLLTGLLIGLLTTLILI	401.777	401.355	0.398479	0.42245	874.051
LLLGGLLTGLLIGLLTTLILI	LLLGGLLTGLLIGLLFTLILI	401.936	401.937	1.0043	0.119894	867.179
LLLGGLLTGLLIGLLFTLILI	LLLYGLLTGLLIGLLFTLILI	402.525	401.952	0.707856	0.213262	859.999
LLLYGLLTGLLIGLLFTLILI	LLLYGLLTGLLIGLLTTLILI	401.859	401.858	0.119894	1.0043	852.504
LLLYGLLTGLLIGLLTTLILI	LLLTGLLTGLLIGLLTTLILI	401.025	401.529	0.171816	0.816184	844.686
LLLTGLLTGLLIGLLTTLILI	LLLTALLTGLLIGLLTTLILI	401.778	402.093	1.06535	0.107014	836.541
LLLTALLTGLLIGLLTTLILI	LLLTALLTGLLVGLLTTLILI	402.408	402.853	0.42245	0.398479	828.061
LLLTALLTGLLVGLLTTLILI	LLLTALLTGLLIGLLTTLILI	402.853	402.408	0.398479	0.42245	819.243
LLLTALLTGLLIGLLTTLILI	LLLTALLTGLLVGLLTTLILI	402.408	402.832	0.42245	0.398479	800.577
LLLTALLTGLLVGLLTTLILI	LLLTALLTGLLIGLLTTLILI	402.832	402.408	0.398479	0.42245	790.724
LLLTALLTGLLIGLLTTLILI	LLLTALLTGLLIGLLFTLILI	403.133	402.963	1.14683	0.0921195	780.523
LLLTALLTGLLIGLLFTLILI	LLLYALLTGLLIGLLFTLILI	403.565	403.355	0.693609	0.219549	769.974
LLLYALLTGLLIGLLFTLILI	LLLYALLTGLLVGLLFTLILI	403.558	404.632	0.42245	0.398479	759.081
LLLYALLTGLLVGLLFTLILI	LLLYALLTGLLVGLLTTLILI	404.353	403.7	0.119894	1.0043	747.845
LLLYALLTGLLVGLLTTLILI	LLLYGLLTGLLVGLLTTLILI	402.803	402.363	0.107014	1.06535	736.272
LLLYGLLTGLLVGLLTTLILI	LLLYGLLTGLLVGLLFTLILI	402.302	402.934	1.0043	0.119894	724.369
LLLYGLLTGLLVGLLFTLILI	LLLYGLLTGLLIGLLFTLILI	403.213	402.161	0.398479	0.42245	712.142
LLLYGLLTGLLIGLLFTLILI	LLLYGLLTGLLVGLLFTLILI	402.161	403.213	0.42245	0.398479	699.602
LLLYGLLTGLLVGLLFTLILI	LLLYGLLTGLLVGLLTTLILI	402.934	402.302	0.119894	1.0043	673.628
LLLYGLLTGLLVGLLTTLILI	LLLYGLLTGLLIGLLTTLILI	401.696	401.276	0.398479	0.42245	660.222
LLLYGLLTGLLIGLLTTLILI	LLLYALLTGLLIGLLTTLILI	401.919	402.357	1.06535	0.107014	646.557
LLLYALLTGLLIGLLTTLILI	LLLYGLLTGLLIGLLTTLILI	402.357	401.919	0.107014	1.06535	632.651
LLLYGLLTGLLIGLLTTLILI	LLLTGLLTGLLIGLLTTLILI	401.025	401.529	0.171816	0.816184	618.524
LLLTGLLTGLLIGLLTTLILI	LLLTGLLTGLLIGLLFTLILI	401.86	401.69	1.14683	0.0921195	604.196
LLLTGLLTGLLIGLLFTLILI	LLLYGLLTGLLIGLLFTLILI	402.292	401.958	0.693609	0.219549	589.688
LLLYGLLTGLLIGLLFTLILI	LLLYGLLTGLLVGLLFTLILI	402.161	403.213	0.42245	0.398479	575.025
LLLYGLLTGLLVGLLFTLILI	LLLYALLTGLLVGLLFTLILI	403.88	404.32	1.06535	0.107014	560.23
LLLYALLTGLLVGLLFTLILI	LLLYGLLTGLLVGLLFTLILI	404.32	403.88	0.107014	1.06535	545.329
LLLYGLLTGLLVGLLFTLILI	LLLYALLTGLLVGLLFTLILI	403.88	404.32	1.06535	0.107014	530.348
LLLYALLTGLLVGLLFTLILI	LLLYALLTGLLVGLLTTLILI	404.333	403.721	0.119894	1.0043	515.312
LLLYALLTGLLVGLLTTLILI	LLLYGLLTGLLVGLLTTLILI	402.824	402.384	0.107014	1.06535	500.25
LLLYGLLTGLLVGLLTTLILI	LLLTGLLTGLLVGLLTTLILI	401.49	401.995	0.171816	0.816184	485.188
LLLTGLLTGLLVGLLTTLILI	LLLYGLLTGLLVGLLTTLILI	401.995	401.49	0.816184	0.171816	470.152
LLLYGLLTGLLVGLLTTLILI	LLLTGLLTGLLVGLLTTLILI	401.49	401.975	0.171816	0.816184	455.171
LLLTGLLTGLLVGLLTTLILI	LLLTGLLTGLLIGLLTTLILI	401.557	401.135	0.398479	0.42245	440.27
LLLTGLLTGLLIGLLTTLILI	LLLTGLLTGLLIGLLFTLILI	401.86	401.69	1.14683	0.0921195	425.475
LLLTGLLTGLLIGLLFTLILI	LLLYGLLTGLLIGLLFTLILI	402.292	401.958	0.693609	0.219549	410.812
LLLYGLLTGLLIGLLFTLILI	LLLTGLLTGLLIGLLFTLILI	401.958	402.292	0.219549	0.693609	396.304
LLLTGLLTGLLIGLLFTLILI	LLLTGLLTGLLIGLLTTLILI	401.69	401.86	0.0921195	1.14683	381.976
LLLTGLLTGLLIGLLTTLILI	LLLYGLLTGLLIGLLTTLILI	401.529	401.046	0.816184	0.171816	367.849
LLLYGLLTGLLIGLLTTLILI	LLLYALLTGLLIGLLTTLILI	401.939	402.357	1.06535	0.107014	353.943
LLLYALLTGLLIGLLTTLILI	LLLYALLTGLLIGLLFTLILI	403.254	403.255	1.0043	0.119894	340.278
LLLYALLTGLLIGLLFTLILI	LLLYGLLTGLLIGLLFTLILI	403.242	402.804	0.107014	1.06535	326.872
LLLYGLLTGLLIGLLFTLILI	LLLYGLLTGLLVGLLFTLILI	402.161	403.234	0.42245	0.398479	313.74
LLLYGLLTGLLVGLLFTLILI	LLLYALLTGLLVGLLFTLILI	403.9	404.32	1.06535	0.107014	300.898
LLLYALLTGLLVGLLFTLILI	LLLYGLLTGLLVGLLFTLILI	404.32	403.88	0.107014	1.06535	288.358
LLLYGLLTGLLVGLLFTLILI	LLLYGLLYGLLVGLLFTLILI	403.143	404.744	0.328724	0.505042	264.228
LLLYGLLYGLLVGLLFTLILI	LLLYGLLYGLLVGLLTTLILI	404.411	403.539	0.171816	0.816184	252.655
LLLYGLLYGLLVGLLTTLILI	LLLYGLLTGLLVGLLTTLILI	403.102	401.741	0.379341	0.443059	241.419
LLLYGLLTGLLVGLLTTLILI	LLLYGLLTGLLIGLLTTLILI	401.696	401.276	0.398479	0.42245	230.526
LLLYGLLTGLLIGLLTTLILI	LLLYGLLTGLLIGLLFTLILI	401.858	401.859	1.0043	0.119894	219.977
LLLYGLLTGLLIGLLFTLILI	LLLTGLLTGLLIGLLFTLILI	401.958	402.313	0.219549	0.693609	199.923
LLLTGLLTGLLIGLLFTLILI	LLLYGLLTGLLIGLLFTLILI	402.313	401.958	0.693609	0.219549	190.417
LLLYGLLTGLLIGLLFTLILI	LLLYALLTGLLIGLLFTLILI	402.804	403.242	1.06535	0.107014	181.257
LLLYALLTGLLIGLLFTLILI	LLLTALLTGLLIGLLFTLILI	403.355	403.565	0.219549	0.693609	172.439
LLLTALLTGLLIGLLFTLILI	LLLTALLTGLLIGLLTTLILI	402.963	403.133	0.0921195	1.14683	163.959
LLLTALLTGLLIGLLTTLILI	LLLYALLTGLLIGLLTTLILI	402.802	402.422	0.816184	0.171816	155.814
LLLYALLTGLLIGLLTTLILI	LLLYALLTGLLIGLLFTLILI	403.254	403.255	1.0043	0.119894	147.996
LLLYALLTGLLIGLLFTLILI	LLLTALLTGLLIGLLFTLILI	403.355	403.565	0.219549	0.693609	140.501
LLLTALLTGLLIGLLFTLILI	LLLTGLLTGLLIGLLFTLILI	402.978	402.664	0.107014	1.06535	133.321
LLLTGLLTGLLIGLLFTLILI	LLLTALLTGLLIGLLFTLILI	402.664	402.978	1.06535	0.107014	126.449
LLLTALLTGLLIGLLFTLILI	LLLTGLLTGLLIGLLFTLILI	402.978	402.664	0.107014	1.06535	119.877
LLLTGLLTGLLIGLLFTLILI	LLLTALLTGLLIGLLFTLILI	402.664	402.999	1.06535	0.107014	113.597
LLLTALLTGLLIGLLFTLILI	LLLYALLTGLLIGLLFTLILI	403.586	403.355	0.693609	0.219549	101.879
LLLYALLTGLLIGLLFTLILI	LLLTALLTGLLIGLLFTLILI	403.355	403.565	0.219549	0.693609	96.4228
LLLTALLTGLLIGLLFTLILI	LLLYALLTGLLIGLLFTLILI	403.565	403.355	0.693609	0.219549	91.2238
LLLYALLTGLLIGLLFTLILI	LLLYGLLTGLLIGLLFTLILI	403.242	402.804	0.107014	1.06535	86.2728
LLLYGLLTGLLIGLLFTLILI	LLLYGLLTGLLIGLLTTLILI	401.859	401.858	0.119894	1.0043	81.5606
LLLYGLLTGLLIGLLTTLILI	LLLYGLLTGLLIGLLFTLILI	401.858	401.859	1.0043	0.119894	77.0783
LLLYGLLTGLLIGLLFTLILI	LLLYGLLTGLLIGLLTTLILI	401.859	401.878	0.119894	1.0043	68.7677
LLLYGLLTGLLIGLLTTLILI	LLLYGLLTGLLIGLLFTLILI	401.878	401.859	1.0043	0.119894	64.9219
LLLYGLLTGLLIGLLFTLILI	LLLYGLLTGLLIGLLTTLILI	401.859	401.878	0.119894	1.0043	57.8066
LLLYGLLTGLLIGLLTTLILI	LLLYGLLTGLLIGLLFTLILI	401.878	401.859	1.0043	0.119894	48.4519
LLLYGLLTGLLIGLLFTLILI	LLLYGLLTGLLIGLLTTLILI	401.859	401.858	0.119894	1.0043	43.0041
LLLYGLLTGLLIGLLTTLILI	LLLYGLLTGLLIGLLFTLILI	401.858	401.859	1.0043	0.119894	40.495
LLLYGLLTGLLIGLLFTLILI	LLLYGLLTGLLIGLLTTLILI	401.859	401.858	0.119894	1.0043	38.12
LLLYGLLTGLLIGLLTTLILI	LLLYGLLTGLLIGLLFTLILI	401.858	401.859	1.0043	0.119894	29.8341
LLLYGLLTGLLIGLLFTLILI	LLLYGLLTGLLIGLLTTLILI	401.859	401.858	0.119894	1.0043	28.0365
LLLYGLLTGLLIGLLTTLILI	LLLYGLLTGLLIGLLFTLILI	401.858	401.859	1.0043	0.119894	24.7321
LLLYGLLTGLLIGLLFTLILI	LLLYGLLTGLLIGLLTTLILI	401.859	401.858	0.119894	1.0043	23.2154
LLLYGLLTGLLIGLLTTLILI	LLLYGLLTGLLIGLLFTLILI	401.858	401.879	1.0043	0.119894	21.7826
LLLYGLLTGLLIGLLFTLILI	LLLYGLLTGLLIGLLTTLILI	401.879	401.858	0.119894	1.0043	17.9453
LLLYGLLTGLLIGLLTTLILI	LLLYGLLTGLLIGLLFTLILI	401.858	401.859	1.0043	0.119894	15.7315
LLLYGLLTGLLIGLLFTLILI	LLLYGLLTGLLIGLLTTLILI	401.859	401.858	0.119894	1.0043	14.717
LLLYGLLTGLLIGLLTTLILI	LLLYGLLTGLLIGLLFTLILI	401.858	401.859	1.0043	0.119894	12.8564
LLLYGLLTGLLIGLLFTLILI	LLLYGLLTGLLIGLLTTLILI	401.859	401.858	0.119894	1.0043	12.0042
LLLYGLLTGLLIGLLTTLILI	LLLYGLLTGLLIGLLFTLILI	401.858	401.859	1.0043	0.119894	11.2003
LLLYGLLTGLLIGLLFTLILI	LLLYGLLTGLLIGLLTTLILI	401.859	401.858	0.119894	1.0043	9.72683
LLLYGLLTGLLIGLLTTLILI	LLLYGLLTGLLIGLLFTLILI	401.858	401.859	1.0043	0.119894	9.05236
LLLYGLLTGLLIGLLFTLILI	LLLYGLLTGLLIGLLTTLILI	401.859	401.858	0.119894	1.0043	8.41632
LLLYGLLTGLLIGLLTTLILI	LLLYGLLTGLLIGLLFTLILI	401.858	401.859	1.0043	0.119894	6.71797
LLLYGLLTGLLIGLLFTLILI	LLLYGLLTGLLIGLLTTLILI	401.859	401.858	0.119894	1.0043	6.21537
LLLYGLLTGLLIGLLTTLILI	LLLYGLLTGLLIGLLFTLILI	401.858	401.859	1.0043	0.119894	5.74156
LLLYGLLTGLLIGLLFTLILI	LLLYGLLTGLLIGLLTTLILI	401.859	401.858	0.119894	1.0043	4.87396
LLLYGLLTGLLIGLLTTLILI	LLLYGLLTGLLIGLLFTLILI	401.858	401.859	1.0043	0.119894	4.47717
LLLYGLLTGLLIGLLFTLILI	LLLYGLLTGLLIGLLTTLILI	401.859	401.858	0.119894	1.0043	4.1032
LLLYGLLTGLLIGLLTTLILI	LLLYGLLTGLLIGLLFTLILI	401.858	401.859	1.0043	0.119894	3.4186
LLLYGLLTGLLIGLLFTLILI	LLLYGLLTGLLIGLLTTLILI	401.859	401.858	0.119894	1.0043	2.81063
LLLYGLLTGLLIGLLTTLILI	LLLYGLLTGLLIGLLFTLILI	401.858	401.859	1.0043	0.119894	2.27079
LLLYGLLTGLLIGLLFTLILI	LLLYGLLTGLLIGLLTTLILI	401.859	401.858	0.119894	1.0043	2.02402
LLLYGLLTGLLIGLLTTLILI	LLLYGLLTGLLIGLLFTLILI	401.858	401.859	1.0043	0.119894	1.57244
LLLYGLLTGLLIGLLFTLILI	LLLYGLLTGLLIGLLTTLILI	401.859	401.858	0.119894	1.0043	1.36604
LLLYGLLTGLLIGLLTTLILI	LLLYGLLTGLLIGLLFTLILI	401.858	401.859	1.0043	0.119894	1.17158
LLLYGLLTGLLIGLLFTLILI	LLLYGLLTGLLIGLLTTLILI	401.859	401.858	0.119894	1.0043	0.653178
Time: 279s
