***STARTING GEOMETRY:***
xShift: 8.2
crossingAngle: 26.19
axialRotation: 50
zShift: 2.2

Number of MCCycles: 100
PrevSequence	CurrSequence	PrevEnergy	CurrEnergy	PrevEntropy	CurrEntropy	CurrentTemp
LLLGYLLGLLATLTSLLLILI	LLLGYLLWLLATLTSLLLILI	119846	49595.2	0.299616	0.546658	999.684
LLLGYLLWLLATLTSLLLILI	LLLGTLLWLLATLTSLLLILI	49594.9	49598.1	0.219549	0.693609	999.328
LLLGTLLWLLATLTSLLLILI	LLLFTLLWLLATLTSLLLILI	49597.8	49595.7	0.453966	0.369715	998.928
LLLFTLLWLLATLTSLLLILI	LLLFTLLSLLATLTSLLLILI	49595.9	45092.4	0.494001	0.337057	998.476
LLLFTLLSLLATLTSLLLILI	LLLFWLLSLLATLTSLLLILI	45092.6	45091.9	0.48602	0.343253	997.394
LLLFWLLSLLATLTSLLLILI	LLLFVLLSLLATLTSLLLILI	45092.6	45092.3	1.00921	0.118797	996.749
LLLFVLLSLLATLTSLLLILI	LLLFLLLSLLATLTSLLLILI	45092.4	45095	0.262571	0.607728	996.023
LLLFLLLSLLATLTSLLLILI	LLLFFLLSLLATLTSLLLILI	45094.7	45092.7	0.312976	0.526939	994.285
LLLFFLLSLLATLTSLLLILI	LLLFYLLSLLATLTSLLLILI	45092.6	45092	0.410343	0.410343	992.084
LLLFYLLSLLATLTSLLLILI	LLLFYLLSLLAGLTSLLLILI	45092.3	45098.9	0.754313	0.194196	989.3
LLLFYLLSLLAGLTSLLLILI	LLLFYLLGLLAGLTSLLLILI	45099.2	44739.6	0.457104	0.367007	987.644
LLLFYLLGLLAGLTSLLLILI	LLLFTLLGLLAGLTSLLLILI	44739.5	44739.5	0.30482	0.538845	985.783
LLLFTLLGLLAGLTSLLLILI	LLLWTLLGLLAGLTSLLLILI	44739.1	44738	0.148778	0.890414	983.694
LLLWTLLGLLAGLTSLLLILI	LLLWTLLGLLWGLTSLLLILI	44737.2	44734.3	0.0552935	1.43098	978.717
LLLWTLLGLLWGLTSLLLILI	LLLWTLLGLLWALTSLLLILI	44733.8	44732.4	0.872342	0.154044	975.768
LLLWTLLGLLWALTSLLLILI	LLLWTLLGLLWSLTSLLLILI	44732.3	44732.3	0.13458	0.942975	972.463
LLLWTLLGLLWSLTSLLLILI	LLLYTLLGLLWSLTSLLLILI	44732.2	44733.3	0.890414	0.148778	964.627
LLLYTLLGLLWSLTSLLLILI	LLLFTLLGLLWSLTSLLLILI	44733.8	44733.5	0.650378	0.240035	960.005
LLLFTLLGLLWSLTSLLLILI	LLLWTLLGLLWSLTSLLLILI	44733.4	44732.6	0.0790506	1.23103	954.846
LLLWTLLGLLWSLTSLLLILI	LLLWTLLGLLFSLTSLLLILI	44732.6	44729.1	1.23103	0.0790506	949.095
LLLWTLLGLLFSLTSLLLILI	LLLWGLLGLLFSLTSLLLILI	44729.5	44733.5	0.489954	0.34018	942.693
LLLWGLLGLLFSLTSLLLILI	LLLVGLLGLLFSLTSLLLILI	44734.2	44733.5	1.00921	0.118797	918.939
LLLVGLLGLLFSLTSLLLILI	LLLYGLLGLLFSLTSLLLILI	44733.5	44734.2	0.194474	0.753596	909.276
LLLYGLLGLLFSLTSLLLILI	LLLLGLLGLLFSLTSLLLILI	44734	44733.8	0.526939	0.312976	898.621
LLLLGLLGLLFSLTSLLLILI	LLLVGLLGLLFSLTSLLLILI	44734.1	44733.6	0.607728	0.262571	886.903
LLLVGLLGLLFSLTSLLLILI	LLLVFLLGLLFSLTSLLLILI	44733.8	44735.6	0.453966	0.369715	844.686
LLLVFLLGLLFSLTSLLLILI	LLLVFLLGLLFWLTSLLLILI	44735.6	44733.7	0.337057	0.494001	828.061
LLLVFLLGLLFWLTSLLLILI	LLLVFLLGLLFALTSLLLILI	44734.3	44736.1	1.0712	0.105861	810.083
LLLVFLLGLLFALTSLLLILI	LLLAFLLGLLFALTSLLLILI	44736.2	44737	0.266078	0.601496	790.724
LLLAFLLGLLFALTSLLLILI	LLLAFLLGLLFGLTSLLLILI	44736.7	44737.4	0.276169	0.584123	769.974
LLLAFLLGLLFGLTSLLLILI	LLLAVLLGLLFGLTSLLLILI	44737.6	44736.9	0.753596	0.194474	747.845
LLLAVLLGLLFGLTSLLLILI	LLLAVLLGLLFWLTSLLLILI	44737	44733.9	0.299616	0.546658	724.369
LLLAVLLGLLFWLTSLLLILI	LLLFVLLGLLFWLTSLLLILI	44733.5	44729.8	0.174433	0.80848	673.628
LLLFVLLGLLFWLTSLLLILI	LLLWVLLGLLFWLTSLLLILI	44729.2	44728.2	0.148778	0.890414	646.557
LLLWVLLGLLFWLTSLLLILI	LLLWVLLGLLYWLTSLLLILI	44727.5	44727.6	0.240035	0.650378	618.524
LLLWVLLGLLYWLTSLLLILI	LLLWVLLGLLFWLTSLLLILI	44727.6	44729	0.650378	0.240035	530.348
LLLWVLLGLLFWLTSLLLILI	LLLWVLLGLLYWLTSLLLILI	44729	44729	0.240035	0.650378	440.27
LLLWVLLGLLYWLTSLLLILI	LLLWVLLGLLFWLTSLLLILI	44729	44729.2	0.650378	0.240035	410.812
LLLWVLLGLLFWLTSLLLILI	LLLWVLLGLLFSLTSLLLILI	44729.7	44729.9	0.759486	0.192199	381.976
LLLWVLLGLLFSLTSLLLILI	LLLWLLLGLLFSLTSLLLILI	44729.9	44731.9	0.262571	0.607728	353.943
LLLWLLLGLLFSLTSLLLILI	LLLWLLLGLLYSLTSLLLILI	44731.6	44730.8	0.240035	0.650378	276.131
LLLWLLLGLLYSLTSLLLILI	LLLWLLLGLLFSLTSLLLILI	44730.8	44731	0.650378	0.240035	252.655
LLLWLLLGLLFSLTSLLLILI	LLLWLLLGLLFALTSLLLILI	44731.7	44731.7	0.942975	0.13458	190.417
LLLWLLLGLLFALTSLLLILI	LLLWLLLGLLFFLTSLLLILI	44731.7	44728.6	0.174433	0.80848	172.439
LLLWLLLGLLFFLTSLLLILI	LLLWLLLGLLFYLTSLLLILI	44728.2	44728.6	0.410343	0.410343	113.597
LLLWLLLGLLFYLTSLLLILI	LLLWFLLGLLFYLTSLLLILI	44728.5	44727.2	0.312976	0.526939	81.5606
LLLWFLLGLLFYLTSLLLILI	LLLWTLLGLLFYLTSLLLILI	44726.9	44726.3	0.30482	0.538845	72.8169
LLLWTLLGLLFYLTSLLLILI	LLLWVLLGLLFYLTSLLLILI	44726.7	44726.6	0.930859	0.137712	45.6541
LLLWVLLGLLFYLTSLLLILI	LLLWVLLGLLYYLTSLLLILI	44726.6	44726.6	0.132101	0.952787	28.0365
LLLWVLLGLLYYLTSLLLILI	LLLWTLLGLLYYLTSLLLILI	44725.8	44725.6	0.137712	0.930859	21.7826
LLLWTLLGLLYYLTSLLLILI	LLLWTLLGLLYLLTSLLLILI	44725.4	44725.2	0.801241	0.176934	19.1517
LLLWTLLGLLYLLTSLLLILI	LLLWTLLGLLYFLTSLLLILI	44725.6	44725.4	0.516639	0.320259	1.57244
Time: 107s
