MCAccept 0 xShift: 8.62591 crossingAngle: -44.5187 axialRotation: -51.383 zShift: 1.5715 energy: 56.6705
MCAccept 1 xShift: 8.62591 crossingAngle: -44.5805 axialRotation: -51.383 zShift: 1.5715 energy: 56.6513
MCAccept 2 xShift: 8.62591 crossingAngle: -44.5805 axialRotation: -51.3283 zShift: 1.5715 energy: 56.6513
MCAccept 3 xShift: 8.62591 crossingAngle: -44.4678 axialRotation: -51.3283 zShift: 1.5715 energy: 56.6705
MCAccept 4 xShift: 8.64612 crossingAngle: -44.4678 axialRotation: -51.3283 zShift: 1.5715 energy: 56.6513
MCAccept 5 xShift: 8.64612 crossingAngle: -44.5348 axialRotation: -51.3283 zShift: 1.5715 energy: 56.6705
MCReject   xShift: 8.63115 crossingAngle: -44.5348 axialRotation: -51.3283 zShift: 1.5715 energy: 56.8291
MCReject   xShift: 8.62898 crossingAngle: -44.5348 axialRotation: -51.3283 zShift: 1.5715 energy: 56.8291
MCReject   xShift: 8.64612 crossingAngle: -44.5348 axialRotation: -51.3283 zShift: 1.56798 energy: 57.3893
MCReject   xShift: 8.64612 crossingAngle: -44.5554 axialRotation: -51.3283 zShift: 1.5715 energy: 56.8291
MCAccept 6 xShift: 8.64612 crossingAngle: -44.5348 axialRotation: -51.3498 zShift: 1.5715 energy: 56.6705
MCReject   xShift: 8.6446 crossingAngle: -44.5348 axialRotation: -51.3498 zShift: 1.5715 energy: 64.3849
MCAccept 7 xShift: 8.652 crossingAngle: -44.5348 axialRotation: -51.3498 zShift: 1.5715 energy: 56.6513
MCAccept 8 xShift: 8.652 crossingAngle: -44.5538 axialRotation: -51.3498 zShift: 1.5715 energy: 56.8477
MCAccept 9 xShift: 8.652 crossingAngle: -44.4719 axialRotation: -51.3498 zShift: 1.5715 energy: 56.6705
MCReject   xShift: 8.652 crossingAngle: -44.4719 axialRotation: -51.3498 zShift: 1.55922 energy: 59.2198
MCAccept 10 xShift: 8.652 crossingAngle: -44.6014 axialRotation: -51.3498 zShift: 1.5715 energy: 56.6513
MCReject   xShift: 8.652 crossingAngle: -44.488 axialRotation: -51.3498 zShift: 1.5715 energy: 64.2086
MCAccept 11 xShift: 8.64973 crossingAngle: -44.6014 axialRotation: -51.3498 zShift: 1.5715 energy: 56.6513
MCAccept 12 xShift: 8.63558 crossingAngle: -44.6014 axialRotation: -51.3498 zShift: 1.5715 energy: 56.6705
MCAccept 13 xShift: 8.63558 crossingAngle: -44.6014 axialRotation: -51.3498 zShift: 1.57837 energy: 55.4681
MCAccept 14 xShift: 8.63558 crossingAngle: -44.6014 axialRotation: -51.3498 zShift: 1.58051 energy: 54.8763
MCAccept 15 xShift: 8.63558 crossingAngle: -44.6014 axialRotation: -51.3846 zShift: 1.58051 energy: 54.8763
MCAccept 16 xShift: 8.64498 crossingAngle: -44.6014 axialRotation: -51.3846 zShift: 1.58051 energy: 54.8955
MCReject   xShift: 8.64498 crossingAngle: -44.6014 axialRotation: -51.4544 zShift: 1.58051 energy: 55.0546
MCReject   xShift: 8.64498 crossingAngle: -44.6014 axialRotation: -51.4386 zShift: 1.58051 energy: 209.126
MCReject   xShift: 8.64498 crossingAngle: -44.6014 axialRotation: -51.3846 zShift: 1.57589 energy: 55.7945
MCAccept 17 xShift: 8.64498 crossingAngle: -44.6014 axialRotation: -51.3846 zShift: 1.58115 energy: 54.754
MCReject   xShift: 8.6347 crossingAngle: -44.6014 axialRotation: -51.3846 zShift: 1.58115 energy: 64.4749
MCAccept 18 xShift: 8.64498 crossingAngle: -44.6014 axialRotation: -51.3464 zShift: 1.58115 energy: 54.754
MCReject   xShift: 8.64498 crossingAngle: -44.6014 axialRotation: -51.3464 zShift: 1.57977 energy: 55.0181
MCReject   xShift: 8.64498 crossingAngle: -44.6014 axialRotation: -51.3464 zShift: 1.57884 energy: 55.1991
MCAccept 19 xShift: 8.64498 crossingAngle: -44.6671 axialRotation: -51.3464 zShift: 1.58115 energy: 54.754
MCReject   xShift: 8.64498 crossingAngle: -44.6671 axialRotation: -51.3464 zShift: 1.57833 energy: 55.4954
MCReject   xShift: 8.64498 crossingAngle: -44.6671 axialRotation: -51.3464 zShift: 1.58398 energy: 206.311
MCReject   xShift: 8.64498 crossingAngle: -44.6671 axialRotation: -51.3357 zShift: 1.58115 energy: 54.9511
MCAccept 20 xShift: 8.64498 crossingAngle: -44.6671 axialRotation: -51.4749 zShift: 1.58115 energy: 54.7732
MCAccept 21 xShift: 8.64498 crossingAngle: -44.6671 axialRotation: -51.5283 zShift: 1.58115 energy: 54.7732
MCAccept 22 xShift: 8.64498 crossingAngle: -44.6671 axialRotation: -51.5722 zShift: 1.58115 energy: 54.9511
MCAccept 23 xShift: 8.64498 crossingAngle: -44.6671 axialRotation: -51.4759 zShift: 1.58115 energy: 54.754
MCAccept 24 xShift: 8.65532 crossingAngle: -44.6671 axialRotation: -51.4759 zShift: 1.58115 energy: 54.9511
MCAccept 25 xShift: 8.67149 crossingAngle: -44.6671 axialRotation: -51.4759 zShift: 1.58115 energy: 54.754
MCAccept 26 xShift: 8.67149 crossingAngle: -44.6671 axialRotation: -51.4759 zShift: 1.58608 energy: 53.8422
MCReject   xShift: 8.6897 crossingAngle: -44.6671 axialRotation: -51.4759 zShift: 1.58608 energy: 54.0017
MCAccept 27 xShift: 8.6823 crossingAngle: -44.6671 axialRotation: -51.4759 zShift: 1.58608 energy: 53.823
MCAccept 28 xShift: 8.6823 crossingAngle: -44.6671 axialRotation: -51.5844 zShift: 1.58608 energy: 53.823
MCAccept 29 xShift: 8.6823 crossingAngle: -44.8434 axialRotation: -51.5844 zShift: 1.58608 energy: 54.0017
MCAccept 30 xShift: 8.6823 crossingAngle: -44.8434 axialRotation: -51.4157 zShift: 1.58608 energy: 54.0017
MCAccept 31 xShift: 8.6823 crossingAngle: -44.8434 axialRotation: -51.5685 zShift: 1.58608 energy: 54.0017
MCAccept 32 xShift: 8.66435 crossingAngle: -44.8434 axialRotation: -51.5685 zShift: 1.58608 energy: 53.823
MCAccept 33 xShift: 8.66435 crossingAngle: -44.7507 axialRotation: -51.5685 zShift: 1.58608 energy: 53.823
MCReject   xShift: 8.66531 crossingAngle: -44.7507 axialRotation: -51.5685 zShift: 1.58608 energy: 54.0017
MCReject   xShift: 8.65473 crossingAngle: -44.7507 axialRotation: -51.5685 zShift: 1.58608 energy: 60.8892
MCAccept 34 xShift: 8.66435 crossingAngle: -44.7507 axialRotation: -51.6092 zShift: 1.58608 energy: 54.0017
MCAccept 35 xShift: 8.68023 crossingAngle: -44.7507 axialRotation: -51.6092 zShift: 1.58608 energy: 53.8422
MCReject   xShift: 8.68023 crossingAngle: -44.7507 axialRotation: -51.5195 zShift: 1.58608 energy: 61.4033
MCAccept 36 xShift: 8.68023 crossingAngle: -44.8364 axialRotation: -51.6092 zShift: 1.58608 energy: 53.823
MCReject   xShift: 8.68023 crossingAngle: -44.8364 axialRotation: -51.6092 zShift: 1.60241 energy: 58.15
MCReject   xShift: 8.68023 crossingAngle: -44.93 axialRotation: -51.6092 zShift: 1.58608 energy: 63.294
MCAccept 37 xShift: 8.6751 crossingAngle: -44.8364 axialRotation: -51.6092 zShift: 1.58608 energy: 53.823
MCReject   xShift: 8.67652 crossingAngle: -44.8364 axialRotation: -51.6092 zShift: 1.58608 energy: 61.0671
MCReject   xShift: 8.66561 crossingAngle: -44.8364 axialRotation: -51.6092 zShift: 1.58608 energy: 54.0017
MCAccept 38 xShift: 8.66872 crossingAngle: -44.8364 axialRotation: -51.6092 zShift: 1.58608 energy: 53.8422
MCReject   xShift: 8.67787 crossingAngle: -44.8364 axialRotation: -51.6092 zShift: 1.58608 energy: 61.0671
MCReject   xShift: 8.66872 crossingAngle: -44.8364 axialRotation: -51.8077 zShift: 1.58608 energy: 54.0204
MCAccept 39 xShift: 8.66872 crossingAngle: -44.8364 axialRotation: -51.6092 zShift: 1.59241 energy: 52.6835
MCAccept 40 xShift: 8.66872 crossingAngle: -44.8364 axialRotation: -51.6092 zShift: 1.60256 energy: 50.8894
MCAccept 41 xShift: 8.66872 crossingAngle: -44.8364 axialRotation: -51.5513 zShift: 1.60256 energy: 50.9088
MCReject   xShift: 8.66872 crossingAngle: -44.8364 axialRotation: -51.5513 zShift: 1.59742 energy: 61.2561
MCReject   xShift: 8.66872 crossingAngle: -44.8364 axialRotation: -51.8225 zShift: 1.60256 energy: 51.0691
MCAccept 42 xShift: 8.66872 crossingAngle: -44.8364 axialRotation: -51.5633 zShift: 1.60256 energy: 50.9088
MCAccept 43 xShift: 8.66872 crossingAngle: -44.8364 axialRotation: -51.5633 zShift: 1.60696 energy: 50.3301
MCReject   xShift: 8.66872 crossingAngle: -45.04 axialRotation: -51.5633 zShift: 1.60696 energy: 57.1782
MCAccept 44 xShift: 8.66872 crossingAngle: -44.8364 axialRotation: -51.461 zShift: 1.60696 energy: 50.3301
MCAccept 45 xShift: 8.66872 crossingAngle: -44.8364 axialRotation: -51.461 zShift: 1.6259 energy: 47.3525
MCReject   xShift: 8.66872 crossingAngle: -44.8364 axialRotation: -51.461 zShift: 1.61067 energy: 49.5427
MCAccept 46 xShift: 8.66872 crossingAngle: -44.8364 axialRotation: -51.5566 zShift: 1.6259 energy: 47.3525
MCAccept 47 xShift: 8.66872 crossingAngle: -44.8364 axialRotation: -51.5097 zShift: 1.6259 energy: 47.1714
MCReject   xShift: 8.66872 crossingAngle: -44.8364 axialRotation: -51.5097 zShift: 1.62397 energy: 47.4616
MCAccept 48 xShift: 8.66872 crossingAngle: -44.8364 axialRotation: -51.4891 zShift: 1.6259 energy: 47.1714
MCAccept 49 xShift: 8.66872 crossingAngle: -44.8364 axialRotation: -51.3022 zShift: 1.6259 energy: 47.1714
MCAccept 50 xShift: 8.66872 crossingAngle: -44.8168 axialRotation: -51.3022 zShift: 1.6259 energy: 47.1909
MCAccept 51 xShift: 8.68467 crossingAngle: -44.8168 axialRotation: -51.3022 zShift: 1.6259 energy: 47.3525
MCAccept 52 xShift: 8.68467 crossingAngle: -44.8168 axialRotation: -51.5547 zShift: 1.6259 energy: 47.1909
MCAccept 53 xShift: 8.68467 crossingAngle: -44.8689 axialRotation: -51.5547 zShift: 1.6259 energy: 47.3525
MCAccept 54 xShift: 8.68467 crossingAngle: -44.9019 axialRotation: -51.5547 zShift: 1.6259 energy: 47.1909
MCAccept 55 xShift: 8.68467 crossingAngle: -44.9019 axialRotation: -51.5547 zShift: 1.64409 energy: 44.5957
MCReject   xShift: 8.67314 crossingAngle: -44.9019 axialRotation: -51.5547 zShift: 1.64409 energy: 44.6153
MCAccept 56 xShift: 8.68467 crossingAngle: -44.8992 axialRotation: -51.5547 zShift: 1.64409 energy: 44.6153
MCAccept 57 xShift: 8.68284 crossingAngle: -44.8992 axialRotation: -51.5547 zShift: 1.64409 energy: 44.5957
MCAccept 58 xShift: 8.68284 crossingAngle: -44.8992 axialRotation: -51.5629 zShift: 1.64409 energy: 44.5957
MCReject   xShift: 8.68284 crossingAngle: -44.9585 axialRotation: -51.5629 zShift: 1.64409 energy: 44.7969
MCReject   xShift: 8.68284 crossingAngle: -44.8992 axialRotation: -51.5629 zShift: 1.64394 energy: 44.8164
MCAccept 59 xShift: 8.67924 crossingAngle: -44.8992 axialRotation: -51.5629 zShift: 1.64409 energy: 44.6153
MCReject   xShift: 8.67924 crossingAngle: -44.8992 axialRotation: -51.5629 zShift: 1.64347 energy: 44.8804
MCReject   xShift: 8.67924 crossingAngle: -45.0237 axialRotation: -51.5629 zShift: 1.64409 energy: 44.7779
MCAccept 60 xShift: 8.67357 crossingAngle: -44.8992 axialRotation: -51.5629 zShift: 1.64409 energy: 44.5957
MCAccept 61 xShift: 8.67357 crossingAngle: -44.8992 axialRotation: -51.5629 zShift: 1.65385 energy: 43.318
MCReject   xShift: 8.67357 crossingAngle: -45.0363 axialRotation: -51.5629 zShift: 1.65385 energy: 43.5199
MCReject   xShift: 8.68136 crossingAngle: -44.8992 axialRotation: -51.5629 zShift: 1.65385 energy: 43.5008
MCAccept 62 xShift: 8.67357 crossingAngle: -44.8602 axialRotation: -51.5629 zShift: 1.65385 energy: 43.318
MCReject   xShift: 8.67794 crossingAngle: -44.8602 axialRotation: -51.5629 zShift: 1.65385 energy: 43.5199
MCAccept 63 xShift: 8.67357 crossingAngle: -44.8602 axialRotation: -51.5629 zShift: 1.66542 energy: 41.9128
MCAccept 64 xShift: 8.66642 crossingAngle: -44.8602 axialRotation: -51.5629 zShift: 1.66542 energy: 41.8931
MCAccept 65 xShift: 8.67163 crossingAngle: -44.8602 axialRotation: -51.5629 zShift: 1.66542 energy: 41.8931
MCReject   xShift: 8.67163 crossingAngle: -44.9406 axialRotation: -51.5629 zShift: 1.66542 energy: 42.0766
MCReject   xShift: 8.67163 crossingAngle: -44.8755 axialRotation: -51.5629 zShift: 1.66542 energy: 42.0766
MCAccept 66 xShift: 8.67163 crossingAngle: -44.8602 axialRotation: -51.6066 zShift: 1.66542 energy: 41.8931
MCReject   xShift: 8.67163 crossingAngle: -44.8602 axialRotation: -51.6066 zShift: 1.65605 energy: 43.0594
MCReject   xShift: 8.67163 crossingAngle: -44.8602 axialRotation: -51.6066 zShift: 1.65744 energy: 42.8661
MCReject   xShift: 8.67163 crossingAngle: -44.8602 axialRotation: -51.6066 zShift: 1.65646 energy: 43.1905
MCReject   xShift: 8.68036 crossingAngle: -44.8602 axialRotation: -51.6066 zShift: 1.66542 energy: 42.0766
MCAccept 67 xShift: 8.68234 crossingAngle: -44.8602 axialRotation: -51.6066 zShift: 1.66542 energy: 41.8931
MCAccept 68 xShift: 8.69124 crossingAngle: -44.8602 axialRotation: -51.6066 zShift: 1.66542 energy: 41.8931
MCAccept 69 xShift: 8.70346 crossingAngle: -44.8602 axialRotation: -51.6066 zShift: 1.66542 energy: 41.8931
MCReject   xShift: 8.70346 crossingAngle: -44.9328 axialRotation: -51.6066 zShift: 1.66542 energy: 42.0957
MCAccept 70 xShift: 8.70346 crossingAngle: -44.9098 axialRotation: -51.6066 zShift: 1.66542 energy: 41.8931
MCReject   xShift: 8.70346 crossingAngle: -44.9098 axialRotation: -51.6066 zShift: 1.65848 energy: 42.7362
MCReject   xShift: 8.70346 crossingAngle: -44.9098 axialRotation: -51.6894 zShift: 1.66542 energy: 41.9128
MCReject   xShift: 8.70798 crossingAngle: -44.9098 axialRotation: -51.6066 zShift: 1.66542 energy: 42.0766
MCReject   xShift: 8.70346 crossingAngle: -44.9098 axialRotation: -51.6066 zShift: 1.66184 energy: 42.3244
MCAccept 71 xShift: 8.70346 crossingAngle: -44.9098 axialRotation: -51.6066 zShift: 1.67241 energy: 41.2609
MCAccept 72 xShift: 8.70312 crossingAngle: -44.9098 axialRotation: -51.6066 zShift: 1.67241 energy: 41.0968
MCAccept 73 xShift: 8.70312 crossingAngle: -44.9098 axialRotation: -51.4679 zShift: 1.67241 energy: 41.0968
MCReject   xShift: 8.68733 crossingAngle: -44.9098 axialRotation: -51.4679 zShift: 1.67241 energy: 41.2609
MCReject   xShift: 8.70312 crossingAngle: -44.9098 axialRotation: -51.5475 zShift: 1.67241 energy: 41.2801
MCAccept 74 xShift: 8.70715 crossingAngle: -44.9098 axialRotation: -51.4679 zShift: 1.67241 energy: 41.077
MCReject   xShift: 8.70715 crossingAngle: -44.9098 axialRotation: -51.4679 zShift: 1.67025 energy: 41.5097
MCAccept 75 xShift: 8.70715 crossingAngle: -44.8351 axialRotation: -51.4679 zShift: 1.67241 energy: 41.077
MCReject   xShift: 8.70715 crossingAngle: -44.8351 axialRotation: -51.4679 zShift: 1.66591 energy: 41.8549
MCAccept 76 xShift: 8.70715 crossingAngle: -44.8351 axialRotation: -51.4679 zShift: 1.67652 energy: 40.6121
MCAccept 77 xShift: 8.70715 crossingAngle: -44.8351 axialRotation: -51.2036 zShift: 1.67652 energy: 40.6319
MCAccept 78 xShift: 8.70715 crossingAngle: -44.8351 axialRotation: -51.2036 zShift: 1.6919 energy: 38.9679
MCAccept 79 xShift: 8.70715 crossingAngle: -44.8351 axialRotation: -51.0126 zShift: 1.6919 energy: 38.9679
MCReject   xShift: 8.70715 crossingAngle: -44.8351 axialRotation: -51.1807 zShift: 1.6919 energy: 39.153
MCReject   xShift: 8.70715 crossingAngle: -44.8351 axialRotation: -51.0314 zShift: 1.6919 energy: 39.153
MCReject   xShift: 8.70715 crossingAngle: -44.9027 axialRotation: -51.0126 zShift: 1.6919 energy: 39.153
MCAccept 80 xShift: 8.70715 crossingAngle: -44.8351 axialRotation: -51.0126 zShift: 1.69651 energy: 38.5037
MCReject   xShift: 8.70715 crossingAngle: -44.8253 axialRotation: -51.0126 zShift: 1.69651 energy: 38.689
MCAccept 81 xShift: 8.70715 crossingAngle: -44.8789 axialRotation: -51.0126 zShift: 1.69651 energy: 38.5037
MCReject   xShift: 8.70715 crossingAngle: -44.8814 axialRotation: -51.0126 zShift: 1.69651 energy: 38.5236
MCAccept 82 xShift: 8.70278 crossingAngle: -44.8789 axialRotation: -51.0126 zShift: 1.69651 energy: 38.5037
MCReject   xShift: 8.70278 crossingAngle: -44.8789 axialRotation: -51.0126 zShift: 1.69073 energy: 39.1081
MCReject   xShift: 8.71195 crossingAngle: -44.8789 axialRotation: -51.0126 zShift: 1.69651 energy: 38.5236
MCReject   xShift: 8.70278 crossingAngle: -44.8789 axialRotation: -50.9002 zShift: 1.69651 energy: 38.689
MCAccept 83 xShift: 8.70278 crossingAngle: -45.0135 axialRotation: -51.0126 zShift: 1.69651 energy: 38.5037
MCReject   xShift: 8.70278 crossingAngle: -44.963 axialRotation: -51.0126 zShift: 1.69651 energy: 38.689
MCAccept 84 xShift: 8.70278 crossingAngle: -45.0135 axialRotation: -51.0126 zShift: 1.69845 energy: 38.3114
MCReject   xShift: 8.70278 crossingAngle: -45.0135 axialRotation: -51.0126 zShift: 1.69153 energy: 39.0262
MCReject   xShift: 8.70278 crossingAngle: -45.21 axialRotation: -51.0126 zShift: 1.69845 energy: 38.4968
MCAccept 85 xShift: 8.70278 crossingAngle: -44.9963 axialRotation: -51.0126 zShift: 1.69845 energy: 38.3114
MCAccept 86 xShift: 8.71548 crossingAngle: -44.9963 axialRotation: -51.0126 zShift: 1.69845 energy: 38.3114
MCAccept 87 xShift: 8.71668 crossingAngle: -44.9963 axialRotation: -51.0126 zShift: 1.69845 energy: 38.3114
MCAccept 88 xShift: 8.71668 crossingAngle: -44.9963 axialRotation: -51.0126 zShift: 1.70243 energy: 38.1293
MCAccept 89 xShift: 8.71668 crossingAngle: -44.9963 axialRotation: -51.0126 zShift: 1.70406 energy: 37.9542
MCAccept 90 xShift: 8.71668 crossingAngle: -44.9963 axialRotation: -51.0684 zShift: 1.70406 energy: 37.7685
MCAccept 91 xShift: 8.7179 crossingAngle: -44.9963 axialRotation: -51.0684 zShift: 1.70406 energy: 37.7685
MCAccept 92 xShift: 8.7179 crossingAngle: -44.9963 axialRotation: -51.0684 zShift: 1.70535 energy: 37.6465
MCReject   xShift: 8.7179 crossingAngle: -45.0114 axialRotation: -51.0684 zShift: 1.70535 energy: 37.8517
MCAccept 93 xShift: 8.72734 crossingAngle: -44.9963 axialRotation: -51.0684 zShift: 1.70535 energy: 37.6465
MCReject   xShift: 8.72221 crossingAngle: -44.9963 axialRotation: -51.0684 zShift: 1.70535 energy: 37.8323
MCReject   xShift: 8.72734 crossingAngle: -44.9963 axialRotation: -51.0684 zShift: 1.69581 energy: 38.5734
MCReject   xShift: 8.72734 crossingAngle: -44.9963 axialRotation: -51.1134 zShift: 1.70535 energy: 37.6664
MCAccept 94 xShift: 8.73144 crossingAngle: -44.9963 axialRotation: -51.0684 zShift: 1.70535 energy: 37.6465
MCReject   xShift: 8.70616 crossingAngle: -44.9963 axialRotation: -51.0684 zShift: 1.70535 energy: 37.8323
MCReject   xShift: 8.73144 crossingAngle: -44.9963 axialRotation: -51.0179 zShift: 1.70535 energy: 37.6664
MCAccept 95 xShift: 8.73144 crossingAngle: -44.9963 axialRotation: -51.0684 zShift: 1.70711 energy: 37.4805
MCReject   xShift: 8.73144 crossingAngle: -44.9963 axialRotation: -51.0684 zShift: 1.69034 energy: 39.3136
MCReject   xShift: 8.73144 crossingAngle: -44.9963 axialRotation: -51.1121 zShift: 1.70711 energy: 37.6664
MCReject   xShift: 8.73144 crossingAngle: -45.0015 axialRotation: -51.0684 zShift: 1.70711 energy: 37.6664
MCAccept 96 xShift: 8.73144 crossingAngle: -44.9963 axialRotation: -50.8086 zShift: 1.70711 energy: 37.4805
MCAccept 97 xShift: 8.73144 crossingAngle: -44.9963 axialRotation: -50.6645 zShift: 1.70711 energy: 37.4805
MCReject   xShift: 8.73144 crossingAngle: -44.9963 axialRotation: -50.6946 zShift: 1.70711 energy: 37.5005
MCReject   xShift: 8.73144 crossingAngle: -44.9963 axialRotation: -50.6645 zShift: 1.68625 energy: 39.5557
MCReject   xShift: 8.73144 crossingAngle: -44.9963 axialRotation: -50.6645 zShift: 1.68961 energy: 39.2233
MCReject   xShift: 8.73144 crossingAngle: -44.9963 axialRotation: -50.7965 zShift: 1.70711 energy: 37.5005
MCReject   xShift: 8.73144 crossingAngle: -44.9963 axialRotation: -50.6645 zShift: 1.69959 energy: 38.1995
MCReject   xShift: 8.72426 crossingAngle: -44.9963 axialRotation: -50.6645 zShift: 1.70711 energy: 37.6664
MCReject   xShift: 8.72217 crossingAngle: -44.9963 axialRotation: -50.6645 zShift: 1.70711 energy: 37.5005
MCAccept 98 xShift: 8.73144 crossingAngle: -44.9667 axialRotation: -50.6645 zShift: 1.70711 energy: 37.4805
Energy #2: 37.4805
***GEOMETRY SHIFT***
xShift;        Before: 8.62591; After: 8.73144
crossingAngle; Before: -44.5187; After: -44.9667
axialRotation; Before: -51.383; After: -50.6645
zShift;        Before: 1.57989; After: 1.70711
Energy;        Before: 2.35047e+10; After: 37.4805

Completed all cycles. Accepted 99/180
Monte Carlo repack complete. Time: 60.7min

