***STARTING GEOMETRY:***
xShift: 8.69
crossingAngle: -44.52
axialRotation: -51.31
zShift: 1.26

Number of MCCycles: 200
PrevSequence	CurrSequence	PrevEnergy	CurrEnergy	PrevEntropy	CurrEntropy	CurrentTemp
LLLTTLLTTLLTALLTYLILI	LLLTTLLTTLLTALLTFLILI	424.157	157.335	0.650378	0.240035	999.847
LLLTTLLTTLLTALLTFLILI	LLLTTLLTTLLTALLTYLILI	157.335	156.913	0.240035	0.650378	999.684
LLLTTLLTTLLTALLTYLILI	LLLYTLLTTLLTALLTYLILI	156.957	156.795	0.693609	0.219549	999.512
LLLYTLLTTLLTALLTYLILI	LLLYTLLTTLLTALLTFLILI	157.528	157.367	0.952787	0.132101	999.328
LLLYTLLTTLLTALLTFLILI	LLLYYLLTTLLTALLTFLILI	157.856	158.572	0.62127	0.255144	999.134
LLLYYLLTTLLTALLTFLILI	LLLYYLLYTLLTALLTFLILI	158.724	158.464	0.407346	0.413356	998.928
LLLYYLLYTLLTALLTFLILI	LLLYYLLTTLLTALLTFLILI	158.464	158.767	0.413356	0.407346	998.708
LLLYYLLTTLLTALLTFLILI	LLLYTLLTTLLTALLTFLILI	158.615	159.71	0.255144	0.62127	998.476
LLLYTLLTTLLTALLTFLILI	LLLYYLLTTLLTALLTFLILI	159.71	158.615	0.62127	0.255144	998.229
LLLYYLLTTLLTALLTFLILI	LLLYYLLTTLLTALLTTLILI	158.434	159.37	0.0748068	1.26162	997.689
LLLYYLLTTLLTALLTTLILI	LLLTYLLTTLLTALLTTLILI	158.328	158.627	0.219549	0.693609	997.394
LLLTYLLTTLLTALLTTLILI	LLLTVLLTTLLTALLTTLILI	158.687	159.559	0.753596	0.194474	997.081
LLLTVLLTTLLTALLTTLILI	LLLYVLLTTLLTALLTTLILI	160.369	159.655	1.0043	0.119894	996.749
LLLYVLLTTLLTALLTTLILI	LLLYVLLTTLLTFLLTTLILI	159.844	158.112	0.308996	0.532699	996.397
LLLYVLLTTLLTFLLTTLILI	LLLYYLLTTLLTFLLTTLILI	157.685	157.38	0.105187	1.07465	996.023
LLLYYLLTTLLTFLLTTLILI	LLLYYLLVTLLTFLLTTLILI	157.7	160.193	1.39457	0.0589809	995.205
LLLYYLLVTLLTFLLTTLILI	LLLYYLLYTLLTFLLTTLILI	160.207	157.203	0.0721588	1.28166	994.758
LLLYYLLYTLLTFLLTTLILI	LLLYYLLYTLLTFLLATLILI	157.264	160.071	1.34306	0.064646	994.285
LLLYYLLYTLLTFLLATLILI	LLLYVLLYTLLTFLLATLILI	161.288	161.974	1.28166	0.0721588	993.782
LLLYVLLYTLLTFLLATLILI	LLLYVLLTTLLTFLLATLILI	162.207	162.278	0.30482	0.538845	993.249
LLLYVLLTTLLTFLLATLILI	LLLYVLLTTLLTYLLATLILI	161.872	161.349	0.132101	0.952787	992.683
LLLYVLLTTLLTYLLATLILI	LLLYTLLTTLLTYLLATLILI	160.455	161.092	0.0589809	1.39457	992.084
LLLYTLLTTLLTYLLATLILI	LLLGTLLTTLLTYLLATLILI	160.584	160.055	0.886373	0.149938	991.448
LLLGTLLTTLLTYLLATLILI	LLLGTLLTTLLAYLLATLILI	161.006	163.184	1.10047	0.100296	990.773
LLLGTLLTTLLAYLLATLILI	LLLGTLLTTLLAYLLAWLILI	163.671	163.474	0.58734	0.274265	990.058
LLLGTLLTTLLAYLLAWLILI	LLLGTLLTTLLGYLLAWLILI	163.476	164.335	0.276169	0.584123	989.3
LLLGTLLTTLLGYLLAWLILI	LLLYTLLTTLLGYLLAWLILI	164.02	164.13	0.269472	0.595564	988.496
LLLYTLLTTLLGYLLAWLILI	LLLYTLLTTLLGYLLTWLILI	163.599	161.735	0.064646	1.34306	987.644
LLLYTLLTTLLGYLLTWLILI	LLLYTLLTTLLGTLLTWLILI	160.648	161.13	0.255144	0.62127	986.74
LLLYTLLTTLLGTLLTWLILI	LLLYTLLTTLLGYLLTWLILI	161.13	160.648	0.62127	0.255144	985.783
LLLYTLLTTLLGYLLTWLILI	LLLYTLLTTLLGYLLTYLILI	160.664	160.048	0.272043	0.591129	984.769
LLLYTLLTTLLGYLLTYLILI	LLLTTLLTTLLGYLLTYLILI	159.808	159.818	0.350648	0.476739	983.694
LLLTTLLTTLLGYLLTYLILI	LLLTTLLTTLLAYLLTYLILI	159.925	160.139	0.584123	0.276169	982.555
LLLTTLLTTLLAYLLTYLILI	LLLTYLLTTLLAYLLTYLILI	160.34	159.431	0.476739	0.350648	981.348
LLLTYLLTTLLAYLLTYLILI	LLLTYLLTTLLAYLLTFLILI	160.232	159.517	1.15198	0.0912572	980.071
LLLTYLLTTLLAYLLTFLILI	LLLTYLLTTLLAYLLAFLILI	160.416	162.384	0.990994	0.122923	978.717
LLLTYLLTTLLAYLLAFLILI	LLLTYLLTTLLAYLLGFLILI	162.725	160.574	0.463748	0.36136	977.285
LLLTYLLTTLLAYLLGFLILI	LLLGYLLTTLLAYLLGFLILI	160.85	160.761	0.636769	0.246959	975.768
LLLGYLLTTLLAYLLGFLILI	LLLGYLLYTLLAYLLGFLILI	160.752	160.956	0.238039	0.654392	974.162
LLLGYLLYTLLAYLLGFLILI	LLLGYLLYTLLAYLLAFLILI	160.885	162.704	0.584123	0.276169	972.463
LLLGYLLYTLLAYLLAFLILI	LLLGYLLYTLLATLLAFLILI	163.082	162.972	0.654392	0.238039	970.666
LLLGYLLYTLLATLLAFLILI	LLLGYLLYTLLGTLLAFLILI	163.01	165.14	0.276169	0.584123	968.764
LLLGYLLYTLLGTLLAFLILI	LLLGYLLYTLLGTLLAYLILI	164.648	165.072	0.0912572	1.15198	966.754
LLLGYLLYTLLGTLLAYLILI	LLLGYLLYWLLGTLLAYLILI	164.283	167.346	0.363705	0.460972	964.627
LLLGYLLYWLLGTLLAYLILI	LLLGTLLYWLLGTLLAYLILI	167.539	168.131	0.654392	0.238039	962.38
LLLGTLLYWLLGTLLAYLILI	LLLGTLLTWLLGTLLAYLILI	168.272	167.804	0.379341	0.443059	960.005
LLLGTLLTWLLGTLLAYLILI	LLLGTLLTWLLGTLLTYLILI	167.426	162.356	0.064646	1.34306	957.496
LLLGTLLTWLLGTLLTYLILI	LLLGTLLTWLLGTLLTFLILI	161.664	162.45	0.650378	0.240035	954.846
LLLGTLLTWLLGTLLTFLILI	LLLGTLLTWLLGTLLTYLILI	162.45	161.664	0.240035	0.650378	952.048
LLLGTLLTWLLGTLLTYLILI	LLLYTLLTWLLGTLLTYLILI	161.283	161.409	0.269472	0.595564	949.095
LLLYTLLTWLLGTLLTYLILI	LLLYGLLTWLLGTLLTYLILI	161.567	160.91	0.754313	0.194196	945.979
LLLYGLLTWLLGTLLTYLILI	LLLYGLLTWLLGTLLTFLILI	161.669	162.053	0.952787	0.132101	942.693
LLLYGLLTWLLGTLLTFLILI	LLLYGLLTTLLGTLLTFLILI	162.195	161.317	0.274265	0.58734	939.229
LLLYGLLTTLLGTLLTFLILI	LLLYGLLTTLLATLLTFLILI	161.602	158.779	0.872342	0.154044	935.578
LLLYGLLTTLLATLLTFLILI	LLLGGLLTTLLATLLTFLILI	158.995	159.358	0.369715	0.453966	931.732
LLLGGLLTTLLATLLTFLILI	LLLGGLLTVLLATLLTFLILI	160.18	162.005	1.27634	0.0728516	927.683
LLLGGLLTVLLATLLTFLILI	LLLGGLLYVLLATLLTFLILI	162.626	164.234	0.693609	0.219549	923.422
LLLGGLLYVLLATLLTFLILI	LLLGVLLYVLLATLLTFLILI	164.553	162.223	0.53825	0.305221	918.939
LLLGVLLYVLLATLLTFLILI	LLLGVLLTVLLATLLTFLILI	162.137	162.264	0.219549	0.693609	914.227
LLLGVLLTVLLATLLTFLILI	LLLGVLLTTLLATLLTFLILI	161.708	159.423	0.137712	0.930859	909.276
LLLGVLLTTLLATLLTFLILI	LLLGVLLTTLLGTLLTFLILI	158.646	161.629	0.154044	0.872342	904.077
LLLGVLLTTLLGTLLTFLILI	LLLGYLLTTLLGTLLTFLILI	160.951	159.858	0.194474	0.753596	898.621
LLLGYLLTTLLGTLLTFLILI	LLLWYLLTTLLGTLLTFLILI	159.404	161.108	0.299616	0.546658	892.899
LLLWYLLTTLLGTLLTFLILI	LLLWYLLTTLLGWLLTFLILI	160.925	162.484	0.363705	0.460972	886.903
LLLWYLLTTLLGWLLTFLILI	LLLWYLLTTLLGYLLTFLILI	162.622	161.056	0.598868	0.267575	880.623
LLLWYLLTTLLGYLLTFLILI	LLLTYLLTTLLGYLLTFLILI	161.063	159.468	0.274265	0.58734	874.051
LLLTYLLTTLLGYLLTFLILI	LLLTTLLTTLLGYLLTFLILI	159.136	160.48	0.255144	0.62127	867.179
LLLTTLLTTLLGYLLTFLILI	LLLYTLLTTLLGYLLTFLILI	160.48	160.23	0.62127	0.255144	859.999
LLLYTLLTTLLGYLLTFLILI	LLLYTLLTTLLGYLLTYLILI	160.066	160.609	0.0912572	1.15198	852.504
LLLYTLLTTLLGYLLTYLILI	LLLYTLLTLLLGYLLTYLILI	160.44	162.064	0.983093	0.124761	844.686
LLLYTLLTLLLGYLLTYLILI	LLLYTLLTLLLGYLLTFLILI	163.091	162.553	1.15198	0.0912572	836.541
LLLYTLLTLLLGYLLTFLILI	LLLYTLLTLLLGTLLTFLILI	162.767	162.857	0.30482	0.538845	828.061
LLLYTLLTLLLGTLLTFLILI	LLLYTLLTLLLGYLLTFLILI	162.857	162.767	0.538845	0.30482	819.243
LLLYTLLTLLLGYLLTFLILI	LLLYTLLTTLLGYLLTFLILI	162.587	160.958	0.124761	0.983093	810.083
LLLYTLLTTLLGYLLTFLILI	LLLYTLLTTLLAYLLTFLILI	160.559	160.782	0.584123	0.276169	800.577
LLLYTLLTTLLAYLLTFLILI	LLLGTLLTTLLAYLLTFLILI	161.392	160.87	0.886373	0.149938	790.724
LLLGTLLTTLLAYLLTFLILI	LLLGTLLTTLLAYLLTYLILI	160.852	161.149	0.132101	0.952787	780.523
LLLGTLLTTLLAYLLTYLILI	LLLGTLLTTLLAYLLGYLILI	160.95	161.177	0.754313	0.194196	769.974
LLLGTLLTTLLAYLLGYLILI	LLLGTLLTTLLAYLLGTLILI	161.288	160.883	0.30482	0.538845	759.081
LLLGTLLTTLLAYLLGTLILI	LLLGYLLTTLLAYLLGTLILI	160.883	159.829	0.538845	0.30482	747.845
LLLGYLLTTLLAYLLGTLILI	LLLGTLLTTLLAYLLGTLILI	159.829	160.883	0.30482	0.538845	736.272
LLLGTLLTTLLAYLLGTLILI	LLLGTLLTTLLAYLLTTLILI	160.504	161.298	0.160122	0.85234	724.369
LLLGTLLTTLLAYLLTTLILI	LLLGTLLTTLLAYLLGTLILI	161.298	160.504	0.85234	0.160122	712.142
LLLGTLLTTLLAYLLGTLILI	LLLGVLLTTLLAYLLGTLILI	161.62	161.205	1.27634	0.0728516	699.602
LLLGVLLTTLLAYLLGTLILI	LLLGVLLTTLLAYLLTTLILI	161.327	161.839	0.194196	0.754313	686.76
LLLGVLLTTLLAYLLTTLILI	LLLGVLLTTLLAYLLGTLILI	161.839	161.178	0.754313	0.194196	673.628
LLLGVLLTTLLAYLLGTLILI	LLLGVLLYTLLAYLLGTLILI	161.426	161.582	0.443059	0.379341	660.222
LLLGVLLYTLLAYLLGTLILI	LLLYVLLYTLLAYLLGTLILI	161.395	161.832	0.192521	0.758648	646.557
LLLYVLLYTLLAYLLGTLILI	LLLYVLLTTLLAYLLGTLILI	161.579	161.154	0.505042	0.328724	632.651
LLLYVLLTTLLAYLLGTLILI	LLLYVLLTTLLAYLLGWLILI	161.311	161.911	0.48602	0.343253	618.524
LLLYVLLTTLLAYLLGWLILI	LLLYVLLTTLLAFLLGWLILI	162.521	163.777	0.952787	0.132101	604.196
LLLYVLLTTLLAFLLGWLILI	LLLYVLLTTLLAYLLGWLILI	163.777	162.669	0.132101	0.952787	589.688
LLLYVLLTTLLAYLLGWLILI	LLLYVLLTTLLAYLLGTLILI	162.06	161.311	0.343253	0.48602	575.025
LLLYVLLTTLLAYLLGTLILI	LLLTVLLTTLLAYLLGTLILI	161.13	161.199	0.30482	0.538845	560.23
LLLTVLLTTLLAYLLGTLILI	LLLTYLLTTLLAYLLGTLILI	160.765	160.269	0.105187	1.07465	545.329
LLLTYLLTTLLAYLLGTLILI	LLLTYLLTTLLAYLLGFLILI	160.341	160.305	1.14683	0.0921195	530.348
LLLTYLLTTLLAYLLGFLILI	LLLTTLLTTLLAYLLGFLILI	160.518	161.569	0.30482	0.538845	515.312
LLLTTLLTTLLAYLLGFLILI	LLLTTLLTTLLAYLLTFLILI	161.116	161.575	0.0854581	1.18802	500.25
LLLTTLLTTLLAYLLTFLILI	LLLTTLLTTLLAYLLGFLILI	161.575	161.116	1.18802	0.0854581	485.188
LLLTTLLTTLLAYLLGFLILI	LLLTVLLTTLLAYLLGFLILI	162.307	161.752	1.27634	0.0728516	470.152
LLLTVLLTTLLAYLLGFLILI	LLLTVLLTTLLAYLLGTLILI	161.771	161.807	0.0921195	1.14683	455.171
LLLTVLLTTLLAYLLGTLILI	LLLYVLLTTLLAYLLGTLILI	161.199	161.13	0.538845	0.30482	440.27
LLLYVLLTTLLAYLLGTLILI	LLLTVLLTTLLAYLLGTLILI	161.13	161.199	0.30482	0.538845	425.475
LLLTVLLTTLLAYLLGTLILI	LLLYVLLTTLLAYLLGTLILI	161.199	161.13	0.538845	0.30482	410.812
LLLYVLLTTLLAYLLGTLILI	LLLYVLLTTLLAYLLGWLILI	161.311	161.911	0.48602	0.343253	396.304
LLLYVLLTTLLAYLLGWLILI	LLLYVLLTTLLAYLLGTLILI	161.911	161.311	0.343253	0.48602	381.976
LLLYVLLTTLLAYLLGTLILI	LLLTVLLTTLLAYLLGTLILI	161.13	161.199	0.30482	0.538845	367.849
LLLTVLLTTLLAYLLGTLILI	LLLTVLLTTLLAYLLGYLILI	161.199	161.604	0.538845	0.30482	340.278
LLLTVLLTTLLAYLLGYLILI	LLLTYLLTTLLAYLLGYLILI	161.371	160.994	0.0721588	1.28166	326.872
LLLTYLLTTLLAYLLGYLILI	LLLGYLLTTLLAYLLGYLILI	160.35	160.381	0.636769	0.246959	313.74
LLLGYLLTTLLAYLLGYLILI	LLLGYLLTTLLAYLLGWLILI	160.725	160.51	0.591129	0.272043	300.898
LLLGYLLTTLLAYLLGWLILI	LLLGYLLTTLLAYLLGTLILI	160.581	160.16	0.343253	0.48602	276.131
LLLGYLLTTLLAYLLGTLILI	LLLGYLLYTLLAYLLGTLILI	160.002	159.862	0.328724	0.505042	264.228
LLLGYLLYTLLAYLLGTLILI	LLLGYLLTTLLAYLLGTLILI	159.862	159.973	0.505042	0.328724	252.655
LLLGYLLTTLLAYLLGTLILI	LLLTYLLTTLLAYLLGTLILI	159.838	159.828	0.194196	0.754313	241.419
LLLTYLLTTLLAYLLGTLILI	LLLGYLLTTLLAYLLGTLILI	159.828	159.868	0.754313	0.194196	230.526
LLLGYLLTTLLAYLLGTLILI	LLLGYLLYTLLAYLLGTLILI	160.002	160.012	0.328724	0.505042	219.977
LLLGYLLYTLLAYLLGTLILI	LLLGWLLYTLLAYLLGTLILI	160.098	160.941	0.591129	0.272043	209.776
LLLGWLLYTLLAYLLGTLILI	LLLGVLLYTLLAYLLGTLILI	161.678	161.321	1.00921	0.118797	199.923
LLLGVLLYTLLAYLLGTLILI	LLLGYLLYTLLAYLLGTLILI	161.275	160.788	0.0721588	1.28166	190.417
LLLGYLLYTLLAYLLGTLILI	LLLGYLLYTLLAYLLGWLILI	159.87	160.561	0.363705	0.460972	172.439
LLLGYLLYTLLAYLLGWLILI	LLLGYLLYTLLAYLLGTLILI	160.561	159.647	0.460972	0.363705	163.959
LLLGYLLYTLLAYLLGTLILI	LLLYYLLYTLLAYLLGTLILI	159.433	160.027	0.149938	0.886373	147.996
LLLYYLLYTLLAYLLGTLILI	LLLYYLLYTLLAYLLGFLILI	159.957	160.251	0.816184	0.171816	133.321
LLLYYLLYTLLAYLLGFLILI	LLLGYLLYTLLAYLLGFLILI	160.965	160.674	0.886373	0.149938	126.449
LLLGYLLYTLLAYLLGFLILI	LLLGYLLTTLLAYLLGFLILI	161.179	160.931	0.654392	0.238039	119.877
LLLGYLLTTLLAYLLGFLILI	LLLTYLLTTLLAYLLGFLILI	160.939	160.701	0.246959	0.636769	113.597
LLLTYLLTTLLAYLLGFLILI	LLLGYLLTTLLAYLLGFLILI	160.701	160.761	0.636769	0.246959	107.601
LLLGYLLTTLLAYLLGFLILI	LLLGYLLYTLLAYLLGFLILI	160.752	161.179	0.238039	0.654392	101.879
LLLGYLLYTLLAYLLGFLILI	LLLGYLLYTLLAYLLGTLILI	160.696	160.323	0.171816	0.816184	96.4228
LLLGYLLYTLLAYLLGTLILI	LLLGYLLTTLLAYLLGTLILI	160.012	159.853	0.505042	0.328724	91.2238
LLLGYLLTTLLAYLLGTLILI	LLLYYLLTTLLAYLLGTLILI	159.717	160.229	0.192521	0.758648	86.2728
LLLYYLLTTLLAYLLGTLILI	LLLYYLLTTLLAYLLGFLILI	160.474	160.46	1.0043	0.119894	77.0783
LLLYYLLTTLLAYLLGFLILI	LLLTYLLTTLLAYLLGFLILI	160.845	160.57	0.505042	0.328724	72.8169
LLLTYLLTTLLAYLLGFLILI	LLLTYLLTTLLAYLLGTLILI	160.334	160.192	0.0921195	1.14683	61.271
LLLTYLLTTLLAYLLGTLILI	LLLTYLLTTLLAYLLGFLILI	160.192	160.156	1.14683	0.0921195	43.0041
LLLTYLLTTLLAYLLGFLILI	LLLTYLLTTLLAYLLGTLILI	160.156	160.192	0.0921195	1.14683	28.0365
LLLTYLLTTLLAYLLGTLILI	LLLGYLLTTLLAYLLGTLILI	159.799	159.719	0.754313	0.194196	26.3376
LLLGYLLTTLLAYLLGTLILI	LLLGYLLYTLLAYLLGTLILI	159.853	159.788	0.328724	0.505042	23.2154
Time: 212s
