***STARTING GEOMETRY:***
xShift: 8.62591
crossingAngle: -44.5187
axialRotation: -51.383
zShift: 1.57989

Number of MCCycles: 200
PrevSequence	CurrSequence	PrevEnergy	CurrEnergy	PrevEntropy	CurrEntropy	CurrentTemp
LLLTTLLTTLLTALLTYLILI	LLLTGLLTTLLTALLTYLILI	780.902	52.0817	1.28254	0.0720446	999.847
LLLTGLLTTLLTALLTYLILI	LLLTGLLTTLLTSLLTYLILI	52.2538	50.7996	0.244161	0.642213	999.684
LLLTGLLTTLLTSLLTYLILI	LLLTGLLLTLLTSLLTYLILI	51.2497	55.8284	1.09226	0.101824	999.512
LLLTGLLLTLLTSLLTYLILI	LLLTGLLLTLLGSLLTYLILI	56.4809	63.3998	0.754313	0.194196	999.328
LLLTGLLLTLLGSLLTYLILI	LLLTYLLLTLLGSLLTYLILI	63.4751	61.4573	0.269472	0.595564	999.134
LLLTYLLLTLLGSLLTYLILI	LLLWYLLLTLLGSLLTYLILI	61.3477	64.2183	0.48602	0.343253	998.928
LLLWYLLLTLLGSLLTYLILI	LLLWYLLLTLLGSLLAYLILI	64.8661	69.9483	0.990994	0.122923	998.708
LLLWYLLLTLLGSLLAYLILI	LLLWYLLLTLLGSLLTYLILI	69.9483	68.8675	0.122923	0.990994	998.476
LLLWYLLLTLLGSLLTYLILI	LLLWYLLLVLLGSLLTYLILI	68.8073	65.6709	0.930859	0.137712	998.229
LLLWYLLLVLLGSLLTYLILI	LLLWYLLLVLLGTLLTYLILI	65.754	58.3085	0.220804	0.690823	997.967
LLLWYLLLVLLGTLLTYLILI	LLLWYLLLFLLGTLLTYLILI	57.9583	58.5756	0.340616	0.489394	997.689
LLLWYLLLFLLGTLLTYLILI	LLLWYLLLILLGTLLTYLILI	58.5623	58.6461	0.47603	0.351222	997.394
LLLWYLLLILLGTLLTYLILI	LLLWYLLGILLGTLLTYLILI	58.5747	58.1983	0.279818	0.578033	997.081
LLLWYLLGILLGTLLTYLILI	LLLWYLLGILLSTLLTYLILI	58.2122	58.7014	0.591862	0.271616	996.749
LLLWYLLGILLSTLLTYLILI	LLLWYLLGILLGTLLTYLILI	58.7014	57.1565	0.271616	0.591862	996.397
LLLWYLLGILLGTLLTYLILI	LLLWYLLLILLGTLLTYLILI	57.1427	58.7378	0.578033	0.279818	996.023
LLLWYLLLILLGTLLTYLILI	LLLTYLLLILLGTLLTYLILI	58.8013	57.6173	0.343253	0.48602	995.626
LLLTYLLLILLGTLLTYLILI	LLLTYLLLILLGWLLTYLILI	57.6173	59.2685	0.48602	0.343253	995.205
LLLTYLLLILLGWLLTYLILI	LLLTWLLLILLGWLLTYLILI	59.1928	60.2935	0.267575	0.598868	994.758
LLLTWLLLILLGWLLTYLILI	LLLTWLLLILLGTLLTYLILI	60.2537	58.2193	0.559121	0.291546	994.285
LLLTWLLLILLGTLLTYLILI	LLLTWLLLILLGTLLTFLILI	58.5781	58.4357	0.650378	0.240035	993.782
LLLTWLLLILLGTLLTFLILI	LLLTWLLTILLGTLLTFLILI	58.3204	55.6404	0.124761	0.983093	993.249
LLLTWLLTILLGTLLTFLILI	LLLTWLLTTLLGTLLTFLILI	54.7186	52.0269	0.0612961	1.37292	992.683
LLLTWLLTTLLGTLLTFLILI	LLLTWLLTTLLGYLLTFLILI	51.5717	51.8199	0.917682	0.141213	992.084
LLLTWLLTTLLGYLLTFLILI	LLLTWLLYTLLGYLLTFLILI	52.2175	54.7848	0.538845	0.30482	991.448
LLLTWLLYTLLGYLLTFLILI	LLLTWLLYTLLAYLLTFLILI	55.0641	65.1404	0.584123	0.276169	990.773
LLLTWLLYTLLAYLLTFLILI	LLLTWLLYTLLAYLLTTLILI	64.9563	61.5866	0.0921195	1.14683	990.058
LLLTWLLYTLLAYLLTTLILI	LLLTWLLYTLLATLLTTLILI	60.6949	51.2934	0.255144	0.62127	989.3
LLLTWLLYTLLATLLTTLILI	LLLTVLLYTLLATLLTTLILI	51.6814	49.9377	1.00921	0.118797	988.496
LLLTVLLYTLLATLLTTLILI	LLLYVLLYTLLATLLTTLILI	50.4401	46.5095	0.62127	0.255144	987.644
LLLYVLLYTLLATLLTTLILI	LLLYYLLYTLLATLLTTLILI	46.3265	46.7064	0.0721588	1.28166	986.74
LLLYYLLYTLLATLLTTLILI	LLLYYLLYTLLGTLLTTLILI	45.7009	48.2265	0.276169	0.584123	985.783
LLLYYLLYTLLGTLLTTLILI	LLLWYLLYTLLGTLLTTLILI	48.2335	49.2275	0.591129	0.272043	984.769
LLLWYLLYTLLGTLLTTLILI	LLLWWLLYTLLGTLLTTLILI	49.223	49.724	0.267575	0.598868	983.694
LLLWWLLYTLLGTLLTTLILI	LLLWWLLYTLLSTLLTTLILI	49.4921	50.2906	0.367007	0.457104	982.555
LLLWWLLYTLLSTLLTTLILI	LLLGWLLYTLLSTLLTTLILI	50.9915	49.4453	1.15799	0.0902614	981.348
LLLGWLLYTLLSTLLTTLILI	LLLYWLLYTLLSTLLTTLILI	49.505	49.3073	0.149938	0.886373	980.071
LLLYWLLYTLLSTLLTTLILI	LLLYVLLYTLLSTLLTTLILI	49.4301	49.083	1.00921	0.118797	978.717
LLLYVLLYTLLSTLLTTLILI	LLLYWLLYTLLSTLLTTLILI	49.083	49.4301	0.118797	1.00921	977.285
LLLYWLLYTLLSTLLTTLILI	LLLWWLLYTLLSTLLTTLILI	48.6885	50.6281	0.267575	0.598868	975.768
LLLWWLLYTLLSTLLTTLILI	LLLWWLLYTLLSTLLTWLILI	50.2946	52.297	0.265397	0.602699	974.162
LLLWWLLYTLLSTLLTWLILI	LLLGWLLYTLLSTLLTWLILI	53.0637	49.6994	1.36944	0.0616765	972.463
LLLGWLLYTLLSTLLTWLILI	LLLGWLLTTLLSTLLTWLILI	49.8096	54.1147	0.171816	0.816184	970.666
LLLGWLLTTLLSTLLTWLILI	LLLGWLLTTLLSTLLAWLILI	54.6416	59.6139	1.34306	0.064646	968.764
LLLGWLLTTLLSTLLAWLILI	LLLGYLLTTLLSTLLAWLILI	60.4397	55.6336	0.890414	0.148778	966.754
LLLGYLLTTLLSTLLAWLILI	LLLYYLLTTLLSTLLAWLILI	55.6348	55.6434	0.149938	0.886373	964.627
LLLYYLLTTLLSTLLAWLILI	LLLYYLLTTLLSTLLAFLILI	55.6475	55.8895	0.890414	0.148778	962.38
LLLYYLLTTLLSTLLAFLILI	LLLYVLLTTLLSTLLAFLILI	56.8154	56.2537	1.07465	0.105187	957.496
LLLYVLLTTLLSTLLAFLILI	LLLYVLLTTLLSTLLAYLILI	56.2806	56.3833	0.132101	0.952787	954.846
LLLYVLLTTLLSTLLAYLILI	LLLYVLLTTLLSYLLAYLILI	55.7592	57.7349	0.328724	0.505042	952.048
LLLYVLLTTLLSYLLAYLILI	LLLTVLLTTLLSYLLAYLILI	57.7349	57.747	0.505042	0.328724	949.095
LLLTVLLTTLLSYLLAYLILI	LLLTVLLTTLLAYLLAYLILI	57.8225	55.1292	0.404229	0.416521	945.979
LLLTVLLTTLLAYLLAYLILI	LLLTVLLTTLLGYLLAYLILI	55.1764	56.1868	0.463748	0.36136	942.693
LLLTVLLTTLLGYLLAYLILI	LLLYVLLTTLLGYLLAYLILI	56.1541	55.9385	0.328724	0.505042	939.229
LLLYVLLTTLLGYLLAYLILI	LLLYVLLTTLLAYLLAYLILI	55.7948	54.7868	0.36136	0.463748	935.578
LLLYVLLTTLLAYLLAYLILI	LLLYVLLYTLLAYLLAYLILI	54.5099	55.2239	0.186892	0.773553	931.732
LLLYVLLYTLLAYLLAYLILI	LLLYVLLYTLLAYLLGYLILI	54.9141	52.91	0.463748	0.36136	927.683
LLLYVLLYTLLAYLLGYLILI	LLLYVLLYTLLAYLLGTLILI	53.3222	52.1056	0.773553	0.186892	923.422
LLLYVLLYTLLAYLLGTLILI	LLLYYLLYTLLAYLLGTLILI	51.9736	52.5652	0.0549268	1.43473	918.939
LLLYYLLYTLLAYLLGTLILI	LLLYYLLTTLLAYLLGTLILI	51.7391	51.4424	0.608671	0.262045	914.227
LLLYYLLTTLLAYLLGTLILI	LLLTYLLTTLLAYLLGTLILI	51.5937	51.8411	0.413356	0.407346	909.276
LLLTYLLTTLLAYLLGTLILI	LLLTYLLTTLLAFLLGTLILI	52.3865	53.7666	0.952787	0.132101	904.077
LLLTYLLTTLLAFLLGTLILI	LLLTVLLTTLLAFLLGTLILI	54.3881	54.3761	0.753596	0.194474	898.621
LLLTVLLTTLLAFLLGTLILI	LLLYVLLTTLLAFLLGTLILI	54.9978	54.14	0.816184	0.171816	892.899
LLLYVLLTTLLAFLLGTLILI	LLLYYLLTTLLAFLLGTLILI	54.0733	54.2794	0.105187	1.07465	886.903
LLLYYLLTTLLAFLLGTLILI	LLLYYLLTTLLAFLLGWLILI	53.6908	53.7687	0.48602	0.343253	880.623
LLLYYLLTTLLAFLLGWLILI	LLLYYLLTTLLAFLLGYLILI	53.6975	53.7806	0.272043	0.591129	874.051
LLLYYLLTTLLAFLLGYLILI	LLLYVLLTTLLAFLLGYLILI	54.4711	53.6726	1.28166	0.0721588	867.179
LLLYVLLTTLLAFLLGYLILI	LLLTVLLTTLLAFLLGYLILI	53.9798	54.6094	0.379341	0.443059	859.999
LLLTVLLTTLLAFLLGYLILI	LLLYVLLTTLLAFLLGYLILI	54.6094	53.9798	0.443059	0.379341	852.504
LLLYVLLTTLLAFLLGYLILI	LLLTVLLTTLLAFLLGYLILI	53.9798	54.4332	0.379341	0.443059	844.686
LLLTVLLTTLLAFLLGYLILI	LLLTVLLTTLLAFLLGFLILI	54.4005	54.7872	0.410343	0.410343	836.541
LLLTVLLTTLLAFLLGFLILI	LLLTYLLTTLLAFLLGFLILI	54.5713	54.4071	0.194474	0.753596	828.061
LLLTYLLTTLLAFLLGFLILI	LLLTVLLTTLLAFLLGFLILI	54.4071	54.3952	0.753596	0.194474	819.243
LLLTVLLTTLLAFLLGFLILI	LLLTVLLTTLLAYLLGFLILI	54.6111	53.636	0.410343	0.410343	810.083
LLLTVLLTTLLAYLLGFLILI	LLLTVLLTTLLSYLLGFLILI	53.4699	56.4354	0.244161	0.642213	800.577
LLLTVLLTTLLSYLLGFLILI	LLLTVLLTTLLSYLLGTLILI	55.8853	56.7137	0.0921195	1.14683	790.724
LLLTVLLTTLLSYLLGTLILI	LLLTVLLTTLLSYLLATLILI	56.151	57.2563	0.584123	0.276169	780.523
LLLTVLLTTLLSYLLATLILI	LLLTVLLTTLLSTLLATLILI	57.1214	57.5449	0.141213	0.917682	769.974
LLLTVLLTTLLSTLLATLILI	LLLTVLLTTLLSTLLTTLILI	56.671	50.3149	0.0438719	1.56232	759.081
LLLTVLLTTLLSTLLTTLILI	LLLTVLLVTLLSTLLTTLILI	49.881	53.2418	1.12845	0.0952708	747.845
LLLTVLLVTLLSTLLTTLILI	LLLTVLLTTLLSTLLTTLILI	53.2418	49.8999	0.0952708	1.12845	736.272
LLLTVLLTTLLSTLLTTLILI	LLLTVLLTTLLSTLLTYLILI	49.7757	47.9962	1.0043	0.119894	724.369
LLLTVLLTTLLSTLLTYLILI	LLLYVLLTTLLSTLLTYLILI	48.4976	47.7412	0.62127	0.255144	712.142
LLLYVLLTTLLSTLLTYLILI	LLLYVLLTTLLSTLLTFLILI	48.4389	48.182	0.952787	0.132101	699.602
LLLYVLLTTLLSTLLTFLILI	LLLYVLLYTLLSTLLTFLILI	48.5888	49.3124	0.538845	0.30482	686.76
LLLYVLLYTLLSTLLTFLILI	LLLYVLLYTLLATLLTFLILI	49.6498	46.5576	0.642213	0.244161	673.628
LLLYVLLYTLLATLLTFLILI	LLLYWLLYTLLATLLTFLILI	46.4322	46.7453	0.118797	1.00921	660.222
LLLYWLLYTLLATLLTFLILI	LLLYVLLYTLLATLLTFLILI	46.7453	46.2353	1.00921	0.118797	646.557
LLLYVLLYTLLATLLTFLILI	LLLYVLLTTLLATLLTFLILI	46.4213	46.5203	0.30482	0.538845	632.651
LLLYVLLTTLLATLLTFLILI	LLLGVLLTTLLATLLTFLILI	46.577	46.9814	0.595564	0.269472	618.524
LLLGVLLTTLLATLLTFLILI	LLLGYLLTTLLATLLTFLILI	46.9064	47.0319	0.194474	0.753596	604.196
LLLGYLLTTLLATLLTFLILI	LLLTYLLTTLLATLLTFLILI	46.3638	46.8142	0.0854581	1.18802	589.688
LLLTYLLTTLLATLLTFLILI	LLLYYLLTTLLATLLTFLILI	46.2475	45.806	0.62127	0.255144	575.025
LLLYYLLTTLLATLLTFLILI	LLLYVLLTTLLATLLTFLILI	46.6255	46.0674	1.07465	0.105187	545.329
LLLYVLLTTLLATLLTFLILI	LLLYVLLYTLLATLLTFLILI	46.5011	46.4213	0.538845	0.30482	530.348
LLLYVLLYTLLATLLTFLILI	LLLGVLLYTLLATLLTFLILI	47.0029	47.1558	0.886373	0.149938	515.312
LLLGVLLYTLLATLLTFLILI	LLLGVLLTTLLATLLTFLILI	47.1777	47.5089	0.171816	0.816184	500.25
LLLGVLLTTLLATLLTFLILI	LLLGVLLTTLLATLLTWLILI	46.8415	48.2021	0.148778	0.890414	470.152
LLLGVLLTTLLATLLTWLILI	LLLGVLLTTLLATLLTYLILI	47.9105	46.5685	0.598868	0.267575	455.171
LLLGVLLTTLLATLLTYLILI	LLLGVLLTTLLATLLTFLILI	46.9513	47.111	0.650378	0.240035	440.27
LLLGVLLTTLLATLLTFLILI	LLLGVLLTTLLATLLTYLILI	47.111	46.9513	0.240035	0.650378	425.475
LLLGVLLTTLLATLLTYLILI	LLLYVLLTTLLATLLTYLILI	46.4509	46.2989	0.149938	0.886373	410.812
LLLYVLLTTLLATLLTYLILI	LLLGVLLTTLLATLLTYLILI	46.2989	46.4696	0.886373	0.149938	396.304
LLLGVLLTTLLATLLTYLILI	LLLGVLLYTLLATLLTYLILI	46.8585	46.919	0.538845	0.30482	381.976
LLLGVLLYTLLATLLTYLILI	LLLGVLLYTLLATLLTFLILI	47.567	47.138	0.952787	0.132101	353.943
LLLGVLLYTLLATLLTFLILI	LLLGVLLYTLLATLLTYLILI	47.138	47.5856	0.132101	0.952787	340.278
LLLGVLLYTLLATLLTYLILI	LLLYVLLYTLLATLLTYLILI	46.7369	46.6474	0.104052	1.08052	326.872
LLLYVLLYTLLATLLTYLILI	LLLGVLLYTLLATLLTYLILI	46.6474	46.5603	1.08052	0.104052	313.74
LLLGVLLYTLLATLLTYLILI	LLLGVLLTTLLATLLTYLILI	46.761	46.6818	0.30482	0.538845	300.898
LLLGVLLTTLLATLLTYLILI	LLLGVLLTTLLATLLTFLILI	46.7934	47.111	0.650378	0.240035	288.358
LLLGVLLTTLLATLLTFLILI	LLLGVLLYTLLATLLTFLILI	47.6872	47.3746	0.816184	0.171816	276.131
LLLGVLLYTLLATLLTFLILI	LLLGWLLYTLLATLLTFLILI	47.3216	47.307	0.118797	1.00921	264.228
LLLGWLLYTLLATLLTFLILI	LLLGVLLYTLLATLLTFLILI	47.307	47.3216	1.00921	0.118797	252.655
LLLGVLLYTLLATLLTFLILI	LLLGVLLYTLLATLLTYLILI	47.3349	47.409	0.132101	0.952787	241.419
LLLGVLLYTLLATLLTYLILI	LLLYVLLYTLLATLLTYLILI	46.5603	46.6282	0.104052	1.08052	230.526
LLLYVLLYTLLATLLTYLILI	LLLYVLLYTLLATLLTFLILI	46.6996	46.2269	1.15198	0.0912572	219.977
LLLYVLLYTLLATLLTFLILI	LLLYVLLYTLLATLLTYLILI	46.2269	46.6996	0.0912572	1.15198	209.776
LLLYVLLYTLLATLLTYLILI	LLLYVLLYTLLATLLTFLILI	46.6996	46.4047	1.15198	0.0912572	199.923
LLLYVLLYTLLATLLTFLILI	LLLYWLLYTLLATLLTFLILI	46.4322	46.5676	0.118797	1.00921	190.417
LLLYWLLYTLLATLLTFLILI	LLLGWLLYTLLATLLTFLILI	46.4448	46.626	0.886373	0.149938	181.257
LLLGWLLYTLLATLLTFLILI	LLLGWLLYTLLATLLTYLILI	46.6082	46.8589	0.132101	0.952787	163.959
LLLGWLLYTLLATLLTYLILI	LLLYWLLYTLLATLLTYLILI	46.0101	46.2467	0.104052	1.08052	155.814
LLLYWLLYTLLATLLTYLILI	LLLGWLLYTLLATLLTYLILI	46.2467	46.0101	1.08052	0.104052	147.996
LLLGWLLYTLLATLLTYLILI	LLLGWLLYTLLATLLTFLILI	46.8589	46.6082	0.952787	0.132101	140.501
LLLGWLLYTLLATLLTFLILI	LLLYWLLYTLLATLLTFLILI	46.626	46.6038	0.149938	0.886373	133.321
LLLYWLLYTLLATLLTFLILI	LLLYYLLYTLLATLLTFLILI	45.9895	45.9209	0.272043	0.591129	126.449
LLLYYLLYTLLATLLTFLILI	LLLYWLLYTLLATLLTFLILI	45.9209	45.8305	0.591129	0.272043	119.877
LLLYWLLYTLLATLLTFLILI	LLLYVLLYTLLATLLTFLILI	46.5676	46.2353	1.00921	0.118797	107.601
LLLYVLLYTLLATLLTFLILI	LLLGVLLYTLLATLLTFLILI	47.0029	47.1558	0.886373	0.149938	101.879
LLLGVLLYTLLATLLTFLILI	LLLGVLLYTLLATLLTYLILI	47.138	47.3898	0.132101	0.952787	96.4228
LLLGVLLYTLLATLLTYLILI	LLLYVLLYTLLATLLTYLILI	46.5411	46.6474	0.104052	1.08052	91.2238
LLLYVLLYTLLATLLTYLILI	LLLYVLLYTLLATLLTFLILI	46.7188	46.386	1.15198	0.0912572	86.2728
LLLYVLLYTLLATLLTFLILI	LLLYWLLYTLLATLLTFLILI	46.4136	46.5484	0.118797	1.00921	77.0783
LLLYWLLYTLLATLLTFLILI	LLLGWLLYTLLATLLTFLILI	46.4256	46.4669	0.886373	0.149938	68.7677
LLLGWLLYTLLATLLTFLILI	LLLGVLLYTLLATLLTFLILI	47.3262	47.3216	1.00921	0.118797	64.9219
LLLGVLLYTLLATLLTFLILI	LLLGYLLYTLLATLLTFLILI	47.308	47.0936	0.105187	1.07465	61.271
LLLGYLLYTLLATLLTFLILI	LLLGVLLYTLLATLLTFLILI	47.0936	47.1111	1.07465	0.105187	54.5206
LLLGVLLYTLLATLLTFLILI	LLLYVLLYTLLATLLTFLILI	47.1558	47.1998	0.149938	0.886373	45.6541
LLLYVLLYTLLATLLTFLILI	LLLYVLLTTLLATLLTFLILI	46.6182	46.5011	0.30482	0.538845	43.0041
LLLYVLLTTLLATLLTFLILI	LLLYVLLYTLLATLLTFLILI	46.5011	46.4213	0.538845	0.30482	23.2154
Time: 493s
